2021-07-04 23:21:07 36      mode=TestTradeBot;CopyDDDDData=true;DumpQuotes=false;SubscribeQuotes=false;Strategies=BuyTheDipPremarket;Token=token.txt;ConfigPath=usd.json;OutputFolder=.\new\;CandlesPath=C:\tinkoff\TestData\RawQuotes\5m\uncompressed\quotes_2021-03-17;
2021-07-04 23:21:07 36      Trade bot created
2021-07-04 23:21:07 38      Fake connection created
2021-07-04 23:21:07 51      Loaded 142 liquid instruments
2021-07-04 23:21:08 15      List of disabled tickers: 
2021-07-04 23:21:08 17      A_BBG000C2V3D6_2021-03-17
2021-07-04 23:21:08 25      AA_BBG00B3T3HD3_2021-03-17
2021-07-04 23:21:08 32      AAL_BBG005P7Q881_2021-03-17
2021-07-04 23:21:08 46      AAN_BBG00WCNDCZ6_2021-03-17
2021-07-04 23:21:08 48      AAON_BBG000C2LZP3_2021-03-17
2021-07-04 23:21:08 49      AAP_BBG000F7RCJ1_2021-03-17
2021-07-04 23:21:08 51      AAPL_BBG000B9XRY4_2021-03-17
2021-07-04 23:21:09 02      ABBV_BBG0025Y4RY4_2021-03-17
2021-07-04 23:21:09 16      ABC_BBG000MDCQC2_2021-03-17
2021-07-04 23:21:09 17      ABG_BBG000BKDWB5_2021-03-17
2021-07-04 23:21:09 18      ABMD_BBG000C101X4_2021-03-17
2021-07-04 23:21:09 19      ABNB_BBG001Y2XS07_2021-03-17
2021-07-04 23:21:09 23      ABT_BBG000B9ZXB4_2021-03-17
2021-07-04 23:21:09 27      ACAD_BBG000BHG9K0_2021-03-17
2021-07-04 23:21:09 31      ACH_BBG000CMRVH1_2021-03-17
2021-07-04 23:21:09 33      ACM_BBG000F61RJ8_2021-03-17
2021-07-04 23:21:09 35      ACMR_BBG00HPSG933_2021-03-17
2021-07-04 23:21:09 36      ACN_BBG000D9D830_2021-03-17
2021-07-04 23:21:09 38      ADBE_BBG000BB5006_2021-03-17
2021-07-04 23:21:09 43      ADM_BBG000BB6WG8_2021-03-17
2021-07-04 23:21:09 45      ADP_BBG000JG0547_2021-03-17
2021-07-04 23:21:09 47      ADPT_BBG001J2PFF5_2021-03-17
2021-07-04 23:21:09 49      ADS_BBG000BFNR17_2021-03-17
2021-07-04 23:21:09 50      ADSK_BBG000BM7HL0_2021-03-17
2021-07-04 23:21:09 53      ADUS_BBG000NJGX84_2021-03-17
2021-07-04 23:21:09 54      AEE_BBG000B9X8C0_2021-03-17
2021-07-04 23:21:09 57      AEIS_BBG000FKMP26_2021-03-17
2021-07-04 23:21:09 58      AEO_BBG000BGXZB5_2021-03-17
2021-07-04 23:21:09 60      AERI_BBG001KJ7WJ5_2021-03-17
2021-07-04 23:21:09 61      AES_BBG000C23KJ3_2021-03-17
2021-07-04 23:21:09 65      AFG_BBG000DPKKK0_2021-03-17
2021-07-04 23:21:09 66      AFL_BBG000BBBNC6_2021-03-17
2021-07-04 23:21:09 69      AGCO_BBG000DCCZW2_2021-03-17
2021-07-04 23:21:09 70      AGIO_BBG000QY4ZD0_2021-03-17
2021-07-04 23:21:09 72      AIG_BBG000BBDZG3_2021-03-17
2021-07-04 23:21:09 74      AIR_BBG000BBGQF1_2021-03-17
2021-07-04 23:21:09 75      AIRC_BBG00XK3WVD0_2021-03-17
2021-07-04 23:21:09 76      AIT_BBG000BBHHP9_2021-03-17
2021-07-04 23:21:09 77      AIV_BBG000DD3510_2021-03-17
2021-07-04 23:21:09 78      AIV_old_TCS3748R7540_2021-03-17
2021-07-04 23:21:09 78      Warning: figi `old` for history data does not match actual figi `BBG000DD3510`. Ticker: AIV. Will be used actual!
2021-07-04 23:21:09 79      AIZ_BBG000BZX1N5_2021-03-17
2021-07-04 23:21:09 81      AJG_BBG000BBHXQ3_2021-03-17
2021-07-04 23:21:09 82      AJRD_BBG000BKRHQ7_2021-03-17
2021-07-04 23:21:09 84      AKAM_BBG000BJQWD2_2021-03-17
2021-07-04 23:21:09 86      ALB_BBG000BJ26K7_2021-03-17
2021-07-04 23:21:09 87      ALGN_BBG000BRNLL2_2021-03-17
2021-07-04 23:21:09 90      ALGT_BBG000LJS6B8_2021-03-17
2021-07-04 23:21:09 91      ALK_BBG000BBL0Y1_2021-03-17
2021-07-04 23:21:09 93      ALL_BBG000BVMGF2_2021-03-17
2021-07-04 23:21:09 95      ALLE_BBG003PS7JV1_2021-03-17
2021-07-04 23:21:09 96      ALLK_BBG003QBJKN0_2021-03-17
2021-07-04 23:21:09 97      ALLO_BBG00KHRRDX3_2021-03-17
2021-07-04 23:21:09 99      ALLY_BBG000BC2R71_2021-03-17
2021-07-04 23:21:10 02      ALNY_BBG000BFGNJ5_2021-03-17
2021-07-04 23:21:10 03      ALRM_BBG007GNPYY7_2021-03-17
2021-07-04 23:21:10 04      ALSN_BBG001KY3845_2021-03-17
2021-07-04 23:21:10 05      ALTR_BBG000PN9NB9_2021-03-17
2021-07-04 23:21:10 06      ALXN_BBG000G30YX4_2021-03-17
2021-07-04 23:21:10 10      AMAT_BBG000BBPFB9_2021-03-17
2021-07-04 23:21:10 22      AMCX_BBG000H01H92_2021-03-17
2021-07-04 23:21:10 23      AMD_BBG000BBQCY0_2021-03-17
2021-07-04 23:21:10 45      AME_BBG000B9XG87_2021-03-17
2021-07-04 23:21:10 46      AMED_BBG000B9ZV28_2021-03-17
2021-07-04 23:21:10 47      AMG_BBG000C060M4_2021-03-17
2021-07-04 23:21:10 49      AMGN_BBG000BBS2Y0_2021-03-17
2021-07-04 23:21:10 55      AMN_BBG000BCT197_2021-03-17
2021-07-04 23:21:10 56      AMP_BBG000G3QLY3_2021-03-17
2021-07-04 23:21:10 58      AMT_BBG000B9XYV2_2021-03-17
2021-07-04 23:21:10 60      AMWD_BBG000BBX657_2021-03-17
2021-07-04 23:21:10 61      AMZN_BBG000BVPV84_2021-03-17
2021-07-04 23:21:10 72      AN_BBG000BBXLW4_2021-03-17
2021-07-04 23:21:10 73      ANAB_BBG0026ZDHR0_2021-03-17
2021-07-04 23:21:10 76      ANDE_BBG000BF8CN3_2021-03-17
2021-07-04 23:21:10 77      ANET_BBG000N2HDY5_2021-03-17
2021-07-04 23:21:10 78      ANF_BBG000H9G7X2_2021-03-17
2021-07-04 23:21:10 79      ANGI_BBG00HVKH3Q0_2021-03-17
2021-07-04 23:21:10 80      ANIK_BBG000BBKZD8_2021-03-17
2021-07-04 23:21:10 81      ANIP_BBG000KK1L04_2021-03-17
2021-07-04 23:21:10 82      ANSS_BBG000GXZ4W7_2021-03-17
2021-07-04 23:21:10 83      ANTM_BBG000BCG930_2021-03-17
2021-07-04 23:21:10 85      AON_BBG00SSQFPK6_2021-03-17
2021-07-04 23:21:10 86      AOS_BBG000BC1L02_2021-03-17
2021-07-04 23:21:10 87      AOUT_BBG00QV8FS02_2021-03-17
2021-07-04 23:21:10 88      AOUT: SPYKE!. Candle: ID:854, Time: 20:05, Close: 24.91
2021-07-04 23:21:10 88      AOUT: SPYKE!. Candle: ID:882, Time: 20:05, Close: 23.55
2021-07-04 23:21:10 88      AOUT: SPYKE!. Candle: ID:888, Time: 20:05, Close: 24
2021-07-04 23:21:10 88      AOUT: SPYKE!. Candle: ID:909, Time: 20:10, Close: 26
2021-07-04 23:21:10 89      APA_BBG00YTS96G2_2021-03-17
2021-07-04 23:21:10 92      APD_BBG000BC4JJ4_2021-03-17
2021-07-04 23:21:10 94      APEI_BBG000RVD346_2021-03-17
2021-07-04 23:21:10 95      APH_BBG000B9YJ35_2021-03-17
2021-07-04 23:21:10 96      APLE_BBG006473QX9_2021-03-17
2021-07-04 23:21:10 98      APLT_BBG000DD0489_2021-03-17
2021-07-04 23:21:10 99      APPF_BBG008GC8CP6_2021-03-17
2021-07-04 23:21:11 00      APPN_BBG001C7PMJ2_2021-03-17
2021-07-04 23:21:11 02      APPS_BBG000HZ3562_2021-03-17
2021-07-04 23:21:11 05      APTV_BBG001QD41M9_2021-03-17
2021-07-04 23:21:11 07      ARCC_BBG000PD6X77_2021-03-17
2021-07-04 23:21:11 09      ARCT_BBG00NNW8JK1_2021-03-17
2021-07-04 23:21:11 11      ARE_BBG000BC33T9_2021-03-17
2021-07-04 23:21:11 12      ARMK_BBG001KY4N87_2021-03-17
2021-07-04 23:21:11 14      ARNA_BBG000BKXBV7_2021-03-17
2021-07-04 23:21:11 15      ARNC_BBG00R45JYB7_2021-03-17
2021-07-04 23:21:11 16      ARQT_BBG00QN8K4M4_2021-03-17
2021-07-04 23:21:11 17      ARQT: SPYKE!. Candle: ID:23, Time: 10:40, Close: 32
2021-07-04 23:21:11 18      ARVN_BBG00LW7YK82_2021-03-17
2021-07-04 23:21:11 19      ARW_BBG000BCD3D5_2021-03-17
2021-07-04 23:21:11 20      ARWR_BBG000BRVKH0_2021-03-17
2021-07-04 23:21:11 22      ASGN_BBG000CRN8N8_2021-03-17
2021-07-04 23:21:11 22      ASH_BBG00D0Y81M1_2021-03-17
2021-07-04 23:21:11 24      ASIX_BBG00CWTTQ41_2021-03-17
2021-07-04 23:21:11 24      ATEX_BBG0081NLHR0_2021-03-17
2021-07-04 23:21:11 25      ATGE_BBG000DQBZJ7_2021-03-17
2021-07-04 23:21:11 26      ATKR_BBG000QTFDQ4_2021-03-17
2021-07-04 23:21:11 27      ATR_BBG000BGX2S0_2021-03-17
2021-07-04 23:21:11 28      ATRA_BBG005Q3MQY4_2021-03-17
2021-07-04 23:21:11 30      ATRC_BBG000BL6CB5_2021-03-17
2021-07-04 23:21:11 31      ATRI_BBG000DTT624_2021-03-17
2021-07-04 23:21:11 32      ATRO_BBG000BCLBY5_2021-03-17
2021-07-04 23:21:11 33      ATUS_BBG00GFMPRK0_2021-03-17
2021-07-04 23:21:11 35      ATVI_BBG000CVWGS6_2021-03-17
2021-07-04 23:21:11 41      AVAV_BBG000GX14P2_2021-03-17
2021-07-04 23:21:11 41      AVB_BBG000BLPBL5_2021-03-17
2021-07-04 23:21:11 42      AVGO_BBG00KHY5S69_2021-03-17
2021-07-04 23:21:11 47      AVLR_BBG000R4Y9C1_2021-03-17
2021-07-04 23:21:11 48      AVNS_BBG005L86G05_2021-03-17
2021-07-04 23:21:11 49      AVNT_BBG000C8NJ10_2021-03-17
2021-07-04 23:21:11 50      AVTR_BBG00G2HHYD7_2021-03-17
2021-07-04 23:21:11 52      AVY_BBG000BCQ4P6_2021-03-17
2021-07-04 23:21:11 53      AWI_BBG000DW4LB1_2021-03-17
2021-07-04 23:21:11 54      AWK_BBG000TRJ294_2021-03-17
2021-07-04 23:21:11 56      AWR_BBG000F964B6_2021-03-17
2021-07-04 23:21:11 57      AX_BBG000QPHD08_2021-03-17
2021-07-04 23:21:11 58      AXGN_BBG000BN46R9_2021-03-17
2021-07-04 23:21:11 58      AXGN: SPYKE!. Candle: ID:3, Time: 7:00, Close: 21.51
2021-07-04 23:21:11 59      AXP_BBG000BCQZS4_2021-03-17
2021-07-04 23:21:11 62      AXSM_BBG00B6G7GL7_2021-03-17
2021-07-04 23:21:11 63      AYI_BBG000BJ5HK0_2021-03-17
2021-07-04 23:21:11 64      AYX_BBG000BGZT72_2021-03-17
2021-07-04 23:21:11 69      AZO_BBG000C7LMS8_2021-03-17
2021-07-04 23:21:11 70      AZPN_BBG000DFMXT3_2021-03-17
2021-07-04 23:21:11 71      BA_BBG000BCSST7_2021-03-17
2021-07-04 23:21:11 80      BABA_BBG006G2JVL2_2021-03-17
2021-07-04 23:21:11 97      BAC_BBG000BCTLF6_2021-03-17
2021-07-04 23:21:12 06      BAH_BBG000R2YFG7_2021-03-17
2021-07-04 23:21:12 07      BAND_BBG001K003W2_2021-03-17
2021-07-04 23:21:12 10      BAX_BBG000BCVJ77_2021-03-17
2021-07-04 23:21:12 12      BBIO_BBG00P9KDZK6_2021-03-17
2021-07-04 23:21:12 14      BBSI_BBG000BHJSC4_2021-03-17
2021-07-04 23:21:12 14      BBY_BBG000BCWCG1_2021-03-17
2021-07-04 23:21:12 16      BBBY_BBG000CSY9H9_2021-03-17
2021-07-04 23:21:12 19      BC_BBG000BCWSS3_2021-03-17
2021-07-04 23:21:12 21      BCO_BBG000DR5QP5_2021-03-17
2021-07-04 23:21:12 22      BCPC_BBG000BCY878_2021-03-17
2021-07-04 23:21:12 23      BDC_BBG000Q4XNV1_2021-03-17
2021-07-04 23:21:12 24      BDTX_BBG00MS4Y0W9_2021-03-17
2021-07-04 23:21:12 25      BDX_BBG000BCZYD3_2021-03-17
2021-07-04 23:21:12 27      BECN_BBG000BKTXF2_2021-03-17
2021-07-04 23:21:12 28      BEN_BBG000BD0TF8_2021-03-17
2021-07-04 23:21:12 30      BERY_BBG000Q1R1Y9_2021-03-17
2021-07-04 23:21:12 32      BF.B_BBG000BD2NY8_2021-03-17
2021-07-04 23:21:12 33      BFAM_BBG003LFWP05_2021-03-17
2021-07-04 23:21:12 34      BFYT_BBG003QRSQD3_2021-03-17
2021-07-04 23:21:12 35      BGS_BBG000RKXRQ1_2021-03-17
2021-07-04 23:21:12 36      BH_BBG00JPRDQH1_2021-03-17
2021-07-04 23:21:12 36      BHF_BBG00DYPZ4T0_2021-03-17
2021-07-04 23:21:12 38      BIDU_BBG000QXWHD1_2021-03-17
2021-07-04 23:21:12 52      BIG_BBG000J0D904_2021-03-17
2021-07-04 23:21:12 54      BIIB_BBG000C17X76_2021-03-17
2021-07-04 23:21:12 57      BILI_BBG00K7T3037_2021-03-17
2021-07-04 23:21:12 65      BILL_BBG00QVJV6V4_2021-03-17
2021-07-04 23:21:12 66      BIO_BBG000DY28W5_2021-03-17
2021-07-04 23:21:12 67      BJRI_BBG000H9LNX1_2021-03-17
2021-07-04 23:21:12 69      BK_BBG000BD8PN9_2021-03-17
2021-07-04 23:21:12 72      BKI_BBG00GX77LW3_2021-03-17
2021-07-04 23:21:12 74      BKNG_BBG000BLBVN4_2021-03-17
2021-07-04 23:21:12 76      BKR_BBG00GBVBK51_2021-03-17
2021-07-04 23:21:12 80      BL_BBG0029KJVB0_2021-03-17
2021-07-04 23:21:12 81      BLD_BBG0077VS2C0_2021-03-17
2021-07-04 23:21:12 82      BLDR_BBG000BKD3K9_2021-03-17
2021-07-04 23:21:12 84      BLK_BBG000C2PW58_2021-03-17
2021-07-04 23:21:12 86      BLKB_BBG000BGGTW5_2021-03-17
2021-07-04 23:21:12 88      BLL_BBG000BDDNH5_2021-03-17
2021-07-04 23:21:12 90      BLUE_BBG000QGWY50_2021-03-17
2021-07-04 23:21:12 94      BMI_BBG000BDGHD9_2021-03-17
2021-07-04 23:21:12 95      BMRN_BBG000CZWZ05_2021-03-17
2021-07-04 23:21:12 98      BMY_BBG000DQLV23_2021-03-17
2021-07-04 23:21:13 02      BOH_BBG000C8D8G9_2021-03-17
2021-07-04 23:21:13 03      BOKF_BBG000CFZ003_2021-03-17
2021-07-04 23:21:13 04      BOOT_BBG0077SYZV6_2021-03-17
2021-07-04 23:21:13 05      BOX_BBG000PMSK08_2021-03-17
2021-07-04 23:21:13 06      BPMC_BBG001MC8YF7_2021-03-17
2021-07-04 23:21:13 08      BR_BBG000PPFKQ7_2021-03-17
2021-07-04 23:21:13 09      BRC_BBG000BDNV95_2021-03-17
2021-07-04 23:21:13 10      BRK.B_BBG000DWG505_2021-03-17
2021-07-04 23:21:13 14      BRKR_BBG000CL1FG7_2021-03-17
2021-07-04 23:21:13 16      BRO_BBG000BWSGF4_2021-03-17
2021-07-04 23:21:13 17      BSX_BBG000C0LW92_2021-03-17
2021-07-04 23:21:13 19      BTAI_BBG00K20GVD2_2021-03-17
2021-07-04 23:21:13 21      BTI_BBG000BWPXQ8_2021-03-17
2021-07-04 23:21:13 23      BUD_BBG000RYC984_2021-03-17
2021-07-04 23:21:13 25      BURL_BBG004S641N5_2021-03-17
2021-07-04 23:21:13 27      BWA_BBG000BJ49H3_2021-03-17
2021-07-04 23:21:13 29      BWXT_BBG000D86F25_2021-03-17
2021-07-04 23:21:13 30      BX_BBG000BH0106_2021-03-17
2021-07-04 23:21:13 32      BXP_BBG000BS5CM9_2021-03-17
2021-07-04 23:21:13 33      BYND_BBG003CVJP50_2021-03-17
2021-07-04 23:21:13 37      BZUN_BBG008HNS333_2021-03-17
2021-07-04 23:21:13 38      C_BBG000FY4S11_2021-03-17
2021-07-04 23:21:13 45      CABO_BBG000F02T51_2021-03-17
2021-07-04 23:21:13 46      CACC_BBG000CS0D96_2021-03-17
2021-07-04 23:21:13 47      CAG_BBG000BDXGP9_2021-03-17
2021-07-04 23:21:13 49      CAH_BBG000D898T9_2021-03-17
2021-07-04 23:21:13 52      CALM_BBG000CDMJW6_2021-03-17
2021-07-04 23:21:13 52      CARA_BBG001J2QYS9_2021-03-17
2021-07-04 23:21:13 54      CARG_BBG00HQ77DS2_2021-03-17
2021-07-04 23:21:13 55      CARR_BBG00RP5HYS8_2021-03-17
2021-07-04 23:21:13 57      CARS_BBG000HGTH33_2021-03-17
2021-07-04 23:21:13 58      CASY_BBG000BF0672_2021-03-17
2021-07-04 23:21:13 59      CAT_BBG000BF0K17_2021-03-17
2021-07-04 23:21:13 62      CB_BBG000BR14K5_2021-03-17
2021-07-04 23:21:13 64      CBRE_BBG000C04224_2021-03-17
2021-07-04 23:21:13 66      CBRL_BBG000BF33K1_2021-03-17
2021-07-04 23:21:13 67      CBSH_BBG000BF3G77_2021-03-17
2021-07-04 23:21:13 68      CBU_BBG000BF4D19_2021-03-17
2021-07-04 23:21:13 69      CCI_BBG000FV1Z23_2021-03-17
2021-07-04 23:21:13 70      CCK_BBG000BF6756_2021-03-17
2021-07-04 23:21:13 71      CCL_BBG000BF6LY3_2021-03-17
2021-07-04 23:21:13 81      CCOI_BBG000D0SMY8_2021-03-17
2021-07-04 23:21:13 82      CCXI_BBG000PTSB12_2021-03-17
2021-07-04 23:21:13 84      CDK_BBG006B6PVN9_2021-03-17
2021-07-04 23:21:13 85      CDLX_BBG00225ZDD0_2021-03-17
2021-07-04 23:21:13 87      CDNA_BBG006JS5785_2021-03-17
2021-07-04 23:21:13 89      CDNS_BBG000C13CD9_2021-03-17
2021-07-04 23:21:13 92      CDW_BBG001P63B80_2021-03-17
2021-07-04 23:21:13 94      CE_BBG000JYP7L8_2021-03-17
2021-07-04 23:21:13 96      CEA_BBG000BCFNR4_2021-03-17
2021-07-04 23:21:13 97      CENT_BBG000BFD605_2021-03-17
2021-07-04 23:21:13 98      CENTA_BBG000KTYB56_2021-03-17
2021-07-04 23:21:13 99      CERN_BBG000BFDLV8_2021-03-17
2021-07-04 23:21:14 02      CEVA_BBG000BN3P07_2021-03-17
2021-07-04 23:21:14 03      CF_BBG000BWJFZ4_2021-03-17
2021-07-04 23:21:14 05      CFG_BBG006Q0HY77_2021-03-17
2021-07-04 23:21:14 09      CFR_BBG000C2PL98_2021-03-17
2021-07-04 23:21:14 10      CFX_BBG000C5Z443_2021-03-17
2021-07-04 23:21:14 13      CGEN_BBG000B9ZLB0_2021-03-17
2021-07-04 23:21:14 16      CGNX_BBG000BPBVW5_2021-03-17
2021-07-04 23:21:14 18      CHD_BBG000BFJT36_2021-03-17
2021-07-04 23:21:14 20      CHDN_BBG000BGXMG9_2021-03-17
2021-07-04 23:21:14 21      CHE_BBG000C19QW1_2021-03-17
2021-07-04 23:21:14 22      CHEF_BBG001MFW6D6_2021-03-17
2021-07-04 23:21:14 23      CHGG_BBG0014XR0N5_2021-03-17
2021-07-04 23:21:14 26      CHH_BBG000BPBTL2_2021-03-17
2021-07-04 23:21:14 27      CHKP_BBG000K82ZT8_2021-03-17
2021-07-04 23:21:14 29      CHNG_BBG0059KNH10_2021-03-17
2021-07-04 23:21:14 30      CHRW_BBG000BTCH57_2021-03-17
2021-07-04 23:21:14 32      CHTR_BBG000VPGNR2_2021-03-17
2021-07-04 23:21:14 35      CHWY_BBG00P19DKZ6_2021-03-17
2021-07-04 23:21:14 38      CHX_BBG00JH9TZ56_2021-03-17
2021-07-04 23:21:14 40      CI_BBG00KXRCDP0_2021-03-17
2021-07-04 23:21:14 43      CIEN_BBG000BP1152_2021-03-17
2021-07-04 23:21:14 45      CINF_BBG000BFPK65_2021-03-17
2021-07-04 23:21:14 47      CL_BBG000BFQYY3_2021-03-17
2021-07-04 23:21:14 49      CLDR_BBG000DRJFC8_2021-03-17
2021-07-04 23:21:14 52      CLDT_BBG000PT6BR8_2021-03-17
2021-07-04 23:21:14 53      CLF_BBG000BFRF55_2021-03-17
2021-07-04 23:21:14 57      CLGX_BBG000C2H3F0_2021-03-17
2021-07-04 23:21:14 58      CLH_BBG000BFRRX8_2021-03-17
2021-07-04 23:21:14 59      CLR_BBG000BHBGN6_2021-03-17
2021-07-04 23:21:14 61      CLX_BBG000BFS7D3_2021-03-17
2021-07-04 23:21:14 63      CMA_BBG000C75N77_2021-03-17
2021-07-04 23:21:14 65      CMC_BBG000BFSND8_2021-03-17
2021-07-04 23:21:14 67      CMCO_BBG000BCWWV0_2021-03-17
2021-07-04 23:21:14 69      CMCSA_BBG000BFT2L4_2021-03-17
2021-07-04 23:21:14 74      CME_BBG000BHLYP4_2021-03-17
2021-07-04 23:21:14 77      CMG_BBG000QX74T1_2021-03-17
2021-07-04 23:21:14 78      CMI_BBG000BGPTV6_2021-03-17
2021-07-04 23:21:14 80      CMP_BBG000C42WS4_2021-03-17
2021-07-04 23:21:14 81      CMS_BBG000BFVXX0_2021-03-17
2021-07-04 23:21:14 83      CNC_BBG000BDXCJ5_2021-03-17
2021-07-04 23:21:14 85      CNK_BBG000QDVR53_2021-03-17
2021-07-04 23:21:14 91      CNP_BBG000FDBX90_2021-03-17
2021-07-04 23:21:14 93      CNS_BBG000BB0WG4_2021-03-17
2021-07-04 23:21:14 93      CNST_BBG000R1H6P8_2021-03-17
2021-07-04 23:21:14 94      CNST: SPYKE!. Candle: ID:101, Time: 13:30, Close: 28.74
2021-07-04 23:21:14 94      CNXC_BBG00RCNQMX3_2021-03-17
2021-07-04 23:21:14 96      CNXN_BBG000BX74M4_2021-03-17
2021-07-04 23:21:14 97      COF_BBG000BGKTF9_2021-03-17
2021-07-04 23:21:14 99      COG_BBG000C3GN47_2021-03-17
2021-07-04 23:21:15 02      COHR_BBG000BG1DH3_2021-03-17
2021-07-04 23:21:15 03      COKE_BBG000BG1SX2_2021-03-17
2021-07-04 23:21:15 04      COLM_BBG000BKKQ84_2021-03-17
2021-07-04 23:21:15 05      CONE_BBG0038V5TX1_2021-03-17
2021-07-04 23:21:15 06      COO_BBG000BG3445_2021-03-17
2021-07-04 23:21:15 07      COP_BBG000BQQH30_2021-03-17
2021-07-04 23:21:15 14      CORR_BBG000CN80Y9_2021-03-17
2021-07-04 23:21:15 17      CORT_BBG000BKJG33_2021-03-17
2021-07-04 23:21:15 18      COST_BBG000F6H8W8_2021-03-17
2021-07-04 23:21:15 24      COTY_BBG000F395V1_2021-03-17
2021-07-04 23:21:15 26      COUP_BBG001J4BCN4_2021-03-17
2021-07-04 23:21:15 31      CPB_BBG000BG4202_2021-03-17
2021-07-04 23:21:15 34      CPRI_BBG0029SNR63_2021-03-17
2021-07-04 23:21:15 36      CPRT_BBG000BM9RH1_2021-03-17
2021-07-04 23:21:15 38      CPS_BBG000PSXT64_2021-03-17
2021-07-04 23:21:15 39      CR_BBG000BG7423_2021-03-17
2021-07-04 23:21:15 40      CREE_BBG000BG14P4_2021-03-17
2021-07-04 23:21:15 42      CRI_BBG000CTM4J9_2021-03-17
2021-07-04 23:21:15 44      CRL_BBG000BG5BL8_2021-03-17
2021-07-04 23:21:15 45      CRM_BBG000BN2DC2_2021-03-17
2021-07-04 23:21:15 49      CRMT_BBG000CM6L31_2021-03-17
2021-07-04 23:21:15 50      CROX_BBG000BLY663_2021-03-17
2021-07-04 23:21:15 52      CRS_BBG000BGCQT9_2021-03-17
2021-07-04 23:21:15 53      CRTX_BBG00BTK1DT8_2021-03-17
2021-07-04 23:21:15 54      CRUS_BBG000C1DHF5_2021-03-17
2021-07-04 23:21:15 57      CRVL_BBG000CVKZY0_2021-03-17
2021-07-04 23:21:15 58      CRWD_BBG00BLYKS03_2021-03-17
2021-07-04 23:21:15 66      CSCO_BBG000C3J3C9_2021-03-17
2021-07-04 23:21:15 72      CSGP_BBG000D7JKW9_2021-03-17
2021-07-04 23:21:15 73      CSGS_BBG000G3TQV2_2021-03-17
2021-07-04 23:21:15 76      CSII_BBG000NWQ9S5_2021-03-17
2021-07-04 23:21:15 76      CSL_BBG000BGGBT8_2021-03-17
2021-07-04 23:21:15 77      CSOD_BBG0016X4XN6_2021-03-17
2021-07-04 23:21:15 79      CSWI_BBG007NLG4L3_2021-03-17
2021-07-04 23:21:15 79      CSX_BBG000BGJRC8_2021-03-17
2021-07-04 23:21:15 84      CTAS_BBG000H3YXF8_2021-03-17
2021-07-04 23:21:15 85      CTB_BBG000BGKXV2_2021-03-17
2021-07-04 23:21:15 86      CTLT_BBG005XR47P5_2021-03-17
2021-07-04 23:21:15 87      CTSH_BBG000BBDV81_2021-03-17
2021-07-04 23:21:15 89      CTVA_BBG00BN969C1_2021-03-17
2021-07-04 23:21:15 91      CTXS_BBG000FQ6PY6_2021-03-17
2021-07-04 23:21:15 94      CVCO_BBG000K4WS65_2021-03-17
2021-07-04 23:21:15 95      CVET_BBG00KR691K8_2021-03-17
2021-07-04 23:21:15 96      CVGW_BBG000BGPQW1_2021-03-17
2021-07-04 23:21:15 96      CVLT_BBG000BG88X9_2021-03-17
2021-07-04 23:21:15 98      CVNA_BBG00GCTWDJ3_2021-03-17
2021-07-04 23:21:16 00      CVS_BBG000BGRY34_2021-03-17
2021-07-04 23:21:16 04      CVX_BBG000K4ND22_2021-03-17
2021-07-04 23:21:16 12      CW_BBG000BGSPS5_2021-03-17
2021-07-04 23:21:16 13      CWST_BBG000BT0J38_2021-03-17
2021-07-04 23:21:16 14      CWT_BBG000D8KTN6_2021-03-17
2021-07-04 23:21:16 14      CY_BBG000BXNJ07_2021-03-17
2021-07-04 23:21:16 15      D_BBG000BGVW60_2021-03-17
2021-07-04 23:21:16 17      DAL_BBG000R7Z112_2021-03-17
2021-07-04 23:21:16 22      DAR_BBG000BN8ZK8_2021-03-17
2021-07-04 23:21:16 24      DBX_BBG0018SLDN0_2021-03-17
2021-07-04 23:21:16 27      DCI_BBG000BGZP70_2021-03-17
2021-07-04 23:21:16 28      DCPH_BBG00HMJ9H54_2021-03-17
2021-07-04 23:21:16 29      DD_BBG00BN961G4_2021-03-17
2021-07-04 23:21:16 32      DDOG_BBG003NJHZT9_2021-03-17
2021-07-04 23:21:16 36      DDS_BBG000BS4MP5_2021-03-17
2021-07-04 23:21:16 37      DE_BBG000BH1NH9_2021-03-17
2021-07-04 23:21:16 38      DECK_BBG000BKXYX5_2021-03-17
2021-07-04 23:21:16 39      DELL_BBG00DW3SZS1_2021-03-17
2021-07-04 23:21:16 41      DFS_BBG000QBR5J5_2021-03-17
2021-07-04 23:21:16 44      DG_BBG000NV1KK7_2021-03-17
2021-07-04 23:21:16 46      DGX_BBG000BN84F3_2021-03-17
2021-07-04 23:21:16 47      DHI_BBG000DQTXY6_2021-03-17
2021-07-04 23:21:16 50      DHR_BBG000BH3JF8_2021-03-17
2021-07-04 23:21:16 53      DIOD_BBG000G25P51_2021-03-17
2021-07-04 23:21:16 54      DIS_BBG000BH4R78_2021-03-17
2021-07-04 23:21:16 59      DISCA_BBG000CHWP52_2021-03-17
2021-07-04 23:21:16 67      DISCB_BBG000F7L5N7_2021-03-17
2021-07-04 23:21:16 68      DISCB: SPYKE!. Candle: ID:160, Time: 20:00, Close: 75.18
2021-07-04 23:21:16 68      DISCK_BBG000VMWHH5_2021-03-17
2021-07-04 23:21:16 74      DK_BBG00FZYFVC5_2021-03-17
2021-07-04 23:21:16 75      DKNG_BBG00TCBG714_2021-03-17
2021-07-04 23:21:16 84      DKS_BBG000F6ZWH2_2021-03-17
2021-07-04 23:21:16 88      DLB_BBG000DGLTG5_2021-03-17
2021-07-04 23:21:16 89      DLR_BBG000Q5ZRM7_2021-03-17
2021-07-04 23:21:16 90      DLTH_BBG002GBMZG4_2021-03-17
2021-07-04 23:21:16 90      DLTH: SPYKE!. Candle: ID:15, Time: 11:25, Close: 14.1
2021-07-04 23:21:16 90      DLTH: SPYKE!. Candle: ID:16, Time: 11:25, Close: 14.04
2021-07-04 23:21:16 91      DLTR_BBG000BSC0K9_2021-03-17
2021-07-04 23:21:16 93      DLX_BBG000BH6360_2021-03-17
2021-07-04 23:21:16 94      DNLI_BBG008P7F869_2021-03-17
2021-07-04 23:21:16 96      DNOW_BBG005BLN209_2021-03-17
2021-07-04 23:21:16 97      DOCU_BBG000N7KJX8_2021-03-17
2021-07-04 23:21:17 01      DORM_BBG000BM22F5_2021-03-17
2021-07-04 23:21:17 02      DOV_BBG000BHB3M6_2021-03-17
2021-07-04 23:21:17 04      DOW_BBG00BN96922_2021-03-17
2021-07-04 23:21:17 07      DPZ_BBG000P458P3_2021-03-17
2021-07-04 23:21:17 08      DRE_BBG000BHD8S7_2021-03-17
2021-07-04 23:21:17 10      DRI_BBG000BBNYF6_2021-03-17
2021-07-04 23:21:17 12      DRNA_BBG001J1DB23_2021-03-17
2021-07-04 23:21:17 13      DRQ_BBG000BVDBY2_2021-03-17
2021-07-04 23:21:17 13      DT_BBG00PNN7C40_2021-03-17
2021-07-04 23:21:17 15      DVA_BBG000MQ1SN9_2021-03-17
2021-07-04 23:21:17 16      DVN_BBG000BBVJZ8_2021-03-17
2021-07-04 23:21:17 20      DXC_BBG00FN64XT9_2021-03-17
2021-07-04 23:21:17 22      DXCM_BBG000QTF8K1_2021-03-17
2021-07-04 23:21:17 24      DY_BBG000C4SKT1_2021-03-17
2021-07-04 23:21:17 25      EA_BBG000BP0KQ8_2021-03-17
2021-07-04 23:21:17 28      EAT_BBG000BK28N7_2021-03-17
2021-07-04 23:21:17 30      EBAY_BBG000C43RR5_2021-03-17
2021-07-04 23:21:17 36      EBS_BBG000GW06J7_2021-03-17
2021-07-04 23:21:17 37      ECHO_BBG000RFP8W6_2021-03-17
2021-07-04 23:21:17 38      ECL_BBG000BHKYH4_2021-03-17
2021-07-04 23:21:17 39      ECPG_BBG000F369C7_2021-03-17
2021-07-04 23:21:17 40      ED_BBG000BHLYS1_2021-03-17
2021-07-04 23:21:17 43      EDIT_BBG005MX5GZ2_2021-03-17
2021-07-04 23:21:17 45      EEFT_BBG000BMNBY1_2021-03-17
2021-07-04 23:21:17 47      EFX_BBG000BHPL78_2021-03-17
2021-07-04 23:21:17 48      EGHT_BBG000BCGHH7_2021-03-17
2021-07-04 23:21:17 49      EGRX_BBG005Y3XWH9_2021-03-17
2021-07-04 23:21:17 50      EHTH_BBG000P5JQX6_2021-03-17
2021-07-04 23:21:17 52      EIX_BBG000D7RKJ5_2021-03-17
2021-07-04 23:21:17 53      EL_BBG000FKJRC5_2021-03-17
2021-07-04 23:21:17 55      ELAN_BBG00LJYS1P8_2021-03-17
2021-07-04 23:21:17 56      ELS_BBG000BB7SX7_2021-03-17
2021-07-04 23:21:17 57      EME_BBG000BBRPL4_2021-03-17
2021-07-04 23:21:17 58      EMN_BBG000BLW530_2021-03-17
2021-07-04 23:21:17 60      EMR_BBG000BHX7N2_2021-03-17
2021-07-04 23:21:17 62      ENDP_BBG000C0HQ54_2021-03-17
2021-07-04 23:21:17 65      ENPH_BBG001R3MNY9_2021-03-17
2021-07-04 23:21:17 71      ENR_BBG006FCB019_2021-03-17
2021-07-04 23:21:17 72      ENS_BBG000PWTD92_2021-03-17
2021-07-04 23:21:17 74      ENTA_BBG001V9NSB4_2021-03-17
2021-07-04 23:21:17 74      ENTG_BBG000CTV4N4_2021-03-17
2021-07-04 23:21:17 77      ENV_BBG000Q4NZ54_2021-03-17
2021-07-04 23:21:17 77      EOG_BBG000BZ9223_2021-03-17
2021-07-04 23:21:17 80      EPAM_BBG000MHTV89_2021-03-17
2021-07-04 23:21:17 81      EPAY_BBG000BRNH31_2021-03-17
2021-07-04 23:21:17 82      EPC_BBG000BRW644_2021-03-17
2021-07-04 23:21:17 83      EQIX_BBG000MBDGM6_2021-03-17
2021-07-04 23:21:17 84      EQT_BBG000BHZ5J9_2021-03-17
2021-07-04 23:21:17 87      ERIE_BBG000BBTJZ1_2021-03-17
2021-07-04 23:21:17 87      ES_BBG000BQ87N0_2021-03-17
2021-07-04 23:21:17 89      ESPR_BBG004KB3S72_2021-03-17
2021-07-04 23:21:17 90      ESS_BBG000CGJMB9_2021-03-17
2021-07-04 23:21:17 91      ET_BBG000BM2FL9_2021-03-17
2021-07-04 23:21:17 93      ETN_BBG000BJ3PD2_2021-03-17
2021-07-04 23:21:17 95      ETR_BBG000C1FQS9_2021-03-17
2021-07-04 23:21:17 97      ETRN_BBG00K53L394_2021-03-17
2021-07-04 23:21:17 99      ETSY_BBG000N7MXL8_2021-03-17
2021-07-04 23:21:18 02      EVBG_BBG0022FMPD5_2021-03-17
2021-07-04 23:21:18 04      EVER_BBG00F17NDH7_2021-03-17
2021-07-04 23:21:18 05      EVH_BBG005CHLM96_2021-03-17
2021-07-04 23:21:18 06      EVR_BBG000BP30Y0_2021-03-17
2021-07-04 23:21:18 06      EVRG_BBG00H433CR2_2021-03-17
2021-07-04 23:21:18 08      EW_BBG000BRXP69_2021-03-17
2021-07-04 23:21:18 09      EWBC_BBG000CR20B1_2021-03-17
2021-07-04 23:21:18 10      EXAS_BBG000CWL0F5_2021-03-17
2021-07-04 23:21:18 14      EXC_BBG000J6XT05_2021-03-17
2021-07-04 23:21:18 16      EXEL_BBG000BQ4WF8_2021-03-17
2021-07-04 23:21:18 18      EXLS_BBG000NS3P30_2021-03-17
2021-07-04 23:21:18 19      EXP_BBG000BJW241_2021-03-17
2021-07-04 23:21:18 20      EXPD_BBG000BJ5GK2_2021-03-17
2021-07-04 23:21:18 21      EXPE_BBG000QY3XZ2_2021-03-17
2021-07-04 23:21:18 25      EXR_BBG000PV27K3_2021-03-17
2021-07-04 23:21:18 27      EYE_BBG00HVQF9K2_2021-03-17
2021-07-04 23:21:18 29      F_BBG000BQPC32_2021-03-17
2021-07-04 23:21:18 34      FANG_BBG002PHSYX9_2021-03-17
2021-07-04 23:21:18 37      FARO_BBG000BJD7C2_2021-03-17
2021-07-04 23:21:18 38      FAST_BBG000BJ8YN7_2021-03-17
2021-07-04 23:21:18 40      FATE_BBG000QP35H2_2021-03-17
2021-07-04 23:21:18 42      FB_BBG000MM2P62_2021-03-17
2021-07-04 23:21:18 61      FBHS_BBG001B4BV87_2021-03-17
2021-07-04 23:21:18 62      FCFS_BBG000DNF659_2021-03-17
2021-07-04 23:21:18 63      FCN_BBG000K88H58_2021-03-17
2021-07-04 23:21:18 64      FCX_BBG000BJDB15_2021-03-17
2021-07-04 23:21:18 74      FDS_BBG000BDJL83_2021-03-17
2021-07-04 23:21:18 74      FDX_BBG000BJF1Z8_2021-03-17
2021-07-04 23:21:18 77      FELE_BBG000BJGGV8_2021-03-17
2021-07-04 23:21:18 78      FFIV_BBG000CXYSZ6_2021-03-17
2021-07-04 23:21:18 79      FGEN_BBG000FW5ZL6_2021-03-17
2021-07-04 23:21:18 82      FICO_BBG000DW76Y6_2021-03-17
2021-07-04 23:21:18 83      FIS_BBG000BK2F42_2021-03-17
2021-07-04 23:21:18 85      FISV_BBG000BJKPG0_2021-03-17
2021-07-04 23:21:18 88      FITB_BBG000BJL3N0_2021-03-17
2021-07-04 23:21:18 92      FIVN_BBG001KHJM17_2021-03-17
2021-07-04 23:21:18 94      FIZZ_BBG000BF8CB6_2021-03-17
2021-07-04 23:21:18 95      FL_BBG000BX8DC4_2021-03-17
2021-07-04 23:21:18 96      FLIR_BBG000BHK836_2021-03-17
2021-07-04 23:21:18 98      FLOW_BBG007FL7ZD2_2021-03-17
2021-07-04 23:21:18 99      FLR_BBG000BB1TH9_2021-03-17
2021-07-04 23:21:19 00      FLS_BBG000FFH4P5_2021-03-17
2021-07-04 23:21:19 01      FLT_BBG000GPXKX9_2021-03-17
2021-07-04 23:21:19 04      FLWS_BBG000BBR9P6_2021-03-17
2021-07-04 23:21:19 05      FMC_BBG000BJP882_2021-03-17
2021-07-04 23:21:19 06      FND_BBG007GJ2F81_2021-03-17
2021-07-04 23:21:19 07      FNKO_BBG00HXSHDQ9_2021-03-17
2021-07-04 23:21:19 09      FOCS_BBG00L0YTFN8_2021-03-17
2021-07-04 23:21:19 09      FOE_BBG000BJQK11_2021-03-17
2021-07-04 23:21:19 10      FOLD_BBG000PLF6N0_2021-03-17
2021-07-04 23:21:19 13      FORM_BBG000D1Y3P1_2021-03-17
2021-07-04 23:21:19 14      FORR_BBG000HGNYG8_2021-03-17
2021-07-04 23:21:19 15      FOX_BBG00JHNKJY8_2021-03-17
2021-07-04 23:21:19 17      FOXA_BBG00JHNJW99_2021-03-17
2021-07-04 23:21:19 20      FOXF_BBG004T7VS53_2021-03-17
2021-07-04 23:21:19 21      FRHC_BBG000N625H8_2021-03-17
2021-07-04 23:21:19 22      FRPH_BBG000HCVWW4_2021-03-17
2021-07-04 23:21:19 23      FRPT_BBG001D0HB36_2021-03-17
2021-07-04 23:21:19 24      FSLR_BBG000BFL116_2021-03-17
2021-07-04 23:21:19 26      FSLY_BBG004NLQHL0_2021-03-17
2021-07-04 23:21:19 29      FTCH_BBG00LSD4456_2021-03-17
2021-07-04 23:21:19 34      FTI_BBG00DL8NMV2_2021-03-17
2021-07-04 23:21:19 36      FTNT_BBG000BCMBG4_2021-03-17
2021-07-04 23:21:19 38      FTV_BBG00BLVZ228_2021-03-17
2021-07-04 23:21:19 40      FUL_BBG000BJZ7V7_2021-03-17
2021-07-04 23:21:19 41      GATX_BBG000BKGXQ4_2021-03-17
2021-07-04 23:21:19 42      GBCI_BBG000C3KB84_2021-03-17
2021-07-04 23:21:19 43      GBT_BBG00341H6M0_2021-03-17
2021-07-04 23:21:19 44      GBT: SPYKE!. Candle: ID:3257, Time: 20:00, Close: 46.6
2021-07-04 23:21:19 45      GBX_BBG000CF5097_2021-03-17
2021-07-04 23:21:19 46      GCO_BBG000BK5S78_2021-03-17
2021-07-04 23:21:19 46      GCP_BBG0082W8Q12_2021-03-17
2021-07-04 23:21:19 47      GD_BBG000BK67C7_2021-03-17
2021-07-04 23:21:19 48      GDDY_BBG006MDLY05_2021-03-17
2021-07-04 23:21:19 50      GDOT_BBG000QDJT53_2021-03-17
2021-07-04 23:21:19 51      GE_BBG000BK6MB5_2021-03-17
2021-07-04 23:21:19 55      GEF_BBG000BLFNC0_2021-03-17
2021-07-04 23:21:19 55      GGG_BBG000BK9W84_2021-03-17
2021-07-04 23:21:19 57      GH_BBG006D97VY9_2021-03-17
2021-07-04 23:21:19 58      GHC_BBG000C3FGH9_2021-03-17
2021-07-04 23:21:19 59      GILD_BBG000CKGBP2_2021-03-17
2021-07-04 23:21:19 63      GIS_BBG000BKCFC2_2021-03-17
2021-07-04 23:21:19 65      GKOS_BBG000WG2LQ1_2021-03-17
2021-07-04 23:21:19 66      GL_BBG000BVD6X4_2021-03-17
2021-07-04 23:21:19 67      GLW_BBG000BKFZM4_2021-03-17
2021-07-04 23:21:19 69      GM_BBG000NDYB67_2021-03-17
2021-07-04 23:21:19 77      GMED_BBG002V87SD0_2021-03-17
2021-07-04 23:21:19 77      GMS_BBG009Q036D0_2021-03-17
2021-07-04 23:21:19 78      GNL_BBG004HXD0G8_2021-03-17
2021-07-04 23:21:19 79      GNRC_BBG000PQ4W72_2021-03-17
2021-07-04 23:21:19 81      GO_BBG00P4R3079_2021-03-17
2021-07-04 23:21:19 82      GOOG_BBG009S3NB30_2021-03-17
2021-07-04 23:21:19 86      GOOGL_BBG009S39JX6_2021-03-17
2021-07-04 23:21:19 93      GOSS_BBG00MVWLLM2_2021-03-17
2021-07-04 23:21:19 94      GOSS: SPYKE!. Candle: ID:930, Time: 13:30, Close: 9.55
2021-07-04 23:21:19 95      GPC_BBG000BKL348_2021-03-17
2021-07-04 23:21:19 96      GPI_BBG000BB88K4_2021-03-17
2021-07-04 23:21:19 97      GPN_BBG000CX0P89_2021-03-17
2021-07-04 23:21:19 99      GPS_BBG000BKLH74_2021-03-17
2021-07-04 23:21:20 03      GRA_BBG000BB8PG1_2021-03-17
2021-07-04 23:21:20 03      GRMN_BBG000C4LN67_2021-03-17
2021-07-04 23:21:20 05      GRUB_BBG001KWG293_2021-03-17
2021-07-04 23:21:20 05      Warning: figi `BBG001KWG293` for history data does not match actual figi `BBG010R8C3Y4`. Ticker: GRUB. Will be used actual!
2021-07-04 23:21:20 06      GS_BBG000C6CFJ5_2021-03-17
2021-07-04 23:21:20 08      GSH_BBG000GLG0G0_2021-03-17
2021-07-04 23:21:20 08      GSKY_BBG00KT2SCV8_2021-03-17
2021-07-04 23:21:20 09      GSKY: SPYKE!. Candle: ID:2, Time: 7:00, Close: 7.18
2021-07-04 23:21:20 09      GT_BBG000BKNX95_2021-03-17
2021-07-04 23:21:20 11      GTHX_BBG005F1DK91_2021-03-17
2021-07-04 23:21:20 16      GTLS_BBG000P1K2X6_2021-03-17
2021-07-04 23:21:20 17      GTN_BBG000DSQLQ0_2021-03-17
2021-07-04 23:21:20 18      GVA_BBG000DVB833_2021-03-17
2021-07-04 23:21:20 19      GWRE_BBG001C7PM75_2021-03-17
2021-07-04 23:21:20 20      GWW_BBG000BKR1D6_2021-03-17
2021-07-04 23:21:20 21      H_BBG000CVRFS4_2021-03-17
2021-07-04 23:21:20 22      HA_BBG000BC4185_2021-03-17
2021-07-04 23:21:20 23      HAE_BBG000C7TF41_2021-03-17
2021-07-04 23:21:20 24      HAIN_BBG000BQW085_2021-03-17
2021-07-04 23:21:20 25      HAL_BBG000BKTFN2_2021-03-17
2021-07-04 23:21:20 28      HALO_BBG000CZ8W54_2021-03-17
2021-07-04 23:21:20 29      HAS_BBG000BKVJK4_2021-03-17
2021-07-04 23:21:20 32      HBAN_BBG000BKWSR6_2021-03-17
2021-07-04 23:21:20 34      HBI_BBG000D2ZTS8_2021-03-17
2021-07-04 23:21:20 36      HCA_BBG000QW7VC1_2021-03-17
2021-07-04 23:21:20 37      HCCI_BBG000CCFB17_2021-03-17
2021-07-04 23:21:20 38      HCSG_BBG000BKYVF0_2021-03-17
2021-07-04 23:21:20 39      HD_BBG000BKZB36_2021-03-17
2021-07-04 23:21:20 43      HEAR_BBG000BM6N47_2021-03-17
2021-07-04 23:21:20 44      HEI_BBG000BL16Q7_2021-03-17
2021-07-04 23:21:20 45      HES_BBG000BBD070_2021-03-17
2021-07-04 23:21:20 47      HFC_BBG000BL9JQ1_2021-03-17
2021-07-04 23:21:20 49      HGV_BBG00CBYY6M1_2021-03-17
2021-07-04 23:21:20 50      HHC_BBG000MJRJJ2_2021-03-17
2021-07-04 23:21:20 51      HHR_BBG00KHGQ0H4_2021-03-17
2021-07-04 23:21:20 52      HIBB_BBG000H001V3_2021-03-17
2021-07-04 23:21:20 53      HIG_BBG000G0Z878_2021-03-17
2021-07-04 23:21:20 55      HII_BBG001KJ2HM9_2021-03-17
2021-07-04 23:21:20 56      HIIQ_TCS003QRSQD3_2021-03-17
2021-07-04 23:21:20 56      HLT_BBG0058KMH30_2021-03-17
2021-07-04 23:21:20 58      HNP_BBG000BX5YM0_2021-03-17
2021-07-04 23:21:20 59      HOG_BBG000BKZTP3_2021-03-17
2021-07-04 23:21:20 60      HOLX_BBG000C3NTN5_2021-03-17
2021-07-04 23:21:20 62      HON_BBG000H556T9_2021-03-17
2021-07-04 23:21:20 65      HP_BBG000BLCPY4_2021-03-17
2021-07-04 23:21:20 66      HPE_BBG0078W3NQ3_2021-03-17
2021-07-04 23:21:20 68      HPQ_BBG000KHWT55_2021-03-17
2021-07-04 23:21:20 70      HQY_BBG000TYXCT9_2021-03-17
2021-07-04 23:21:20 71      HRB_BBG000BLDV98_2021-03-17
2021-07-04 23:21:20 73      HRC_BBG000BKWCS0_2021-03-17
2021-07-04 23:21:20 74      HRL_BBG000BLF8D2_2021-03-17
2021-07-04 23:21:20 75      HRTX_BBG000G2GJT7_2021-03-17
2021-07-04 23:21:20 77      HSC_BBG000BLH3P8_2021-03-17
2021-07-04 23:21:20 78      HSIC_BBG000BNMMJ3_2021-03-17
2021-07-04 23:21:20 79      HSKA_BBG000BWFH48_2021-03-17
2021-07-04 23:21:20 80      HST_BBG000BL8804_2021-03-17
2021-07-04 23:21:20 82      HSY_BBG000BLHRS2_2021-03-17
2021-07-04 23:21:20 83      HTA_BBG000PRJCX9_2021-03-17
2021-07-04 23:21:20 84      HTHT_BBG000QFPM65_2021-03-17
2021-07-04 23:21:20 85      HUBB_BBG000BLK267_2021-03-17
2021-07-04 23:21:20 86      HUBG_BBG000G9W6L0_2021-03-17
2021-07-04 23:21:20 87      HUBS_BBG000N7MZ06_2021-03-17
2021-07-04 23:21:20 88      HUM_BBG000BLKK03_2021-03-17
2021-07-04 23:21:20 89      HURN_BBG000PV2M48_2021-03-17
2021-07-04 23:21:20 89      HWM_BBG00DYNJGH9_2021-03-17
2021-07-04 23:21:20 91      HXL_BBG000BLMDQ9_2021-03-17
2021-07-04 23:21:20 92      IAC_BBG000BKQG80_2021-03-17
2021-07-04 23:21:20 92      Warning: figi `BBG000BKQG80` for history data does not match actual figi `BBG00S1LR2C3`. Ticker: IAC. Will be used actual!
2021-07-04 23:21:20 93      IAC_old_TCS000BKQG80_2021-03-17
2021-07-04 23:21:20 93      Warning: figi `old` for history data does not match actual figi `BBG00S1LR2C3`. Ticker: IAC. Will be used actual!
2021-07-04 23:21:20 93      IART_BBG000BZJQL8_2021-03-17
2021-07-04 23:21:20 94      IBKR_BBG000LV0836_2021-03-17
2021-07-04 23:21:20 96      IBM_BBG000BLNNH6_2021-03-17
2021-07-04 23:21:20 98      IBN_BBG000DRM643_2021-03-17
2021-07-04 23:21:20 99      IBP_BBG005TJKDZ6_2021-03-17
2021-07-04 23:21:21 00      ICE_BBG000C1FB75_2021-03-17
2021-07-04 23:21:21 02      ICPT_BBG001J1QN87_2021-03-17
2021-07-04 23:21:21 03      ICUI_BBG000CQV2N4_2021-03-17
2021-07-04 23:21:21 04      IDCC_BBG000HLJ7M4_2021-03-17
2021-07-04 23:21:21 05      IDXX_BBG000BLRT07_2021-03-17
2021-07-04 23:21:21 07      IEX_BBG000C1HN22_2021-03-17
2021-07-04 23:21:21 08      IFF_BBG000BLSL58_2021-03-17
2021-07-04 23:21:21 09      IGMS_BBG00PNR1BT2_2021-03-17
2021-07-04 23:21:21 10      IIPR_BBG00F0SW7N8_2021-03-17
2021-07-04 23:21:21 11      IIVI_BBG000BLW102_2021-03-17
2021-07-04 23:21:21 13      ILMN_BBG000DSMS70_2021-03-17
2021-07-04 23:21:21 15      INCY_BBG000BNPSQ9_2021-03-17
2021-07-04 23:21:21 17      INDB_BBG000BM0597_2021-03-17
2021-07-04 23:21:21 18      INFO_BBG006G063F9_2021-03-17
2021-07-04 23:21:21 19      INGN_BBG0021PH456_2021-03-17
2021-07-04 23:21:21 20      INGR_BBG000BXPZB7_2021-03-17
2021-07-04 23:21:21 21      INMD_BBG00PPS73P4_2021-03-17
2021-07-04 23:21:21 22      INSP_BBG00209SZJ7_2021-03-17
2021-07-04 23:21:21 23      INTC_BBG000C0G1D1_2021-03-17
2021-07-04 23:21:21 33      INTU_BBG000BH5DV1_2021-03-17
2021-07-04 23:21:21 36      INVH_BBG00FQH6BS9_2021-03-17
2021-07-04 23:21:21 37      IONS_BBG000JH6683_2021-03-17
2021-07-04 23:21:21 39      IOSP_BBG000BMFNP4_2021-03-17
2021-07-04 23:21:21 40      IOVA_BBG000FTLBV7_2021-03-17
2021-07-04 23:21:21 41      IOVA: SPYKE!. Candle: ID:5795, Time: 20:35, Close: 32
2021-07-04 23:21:21 42      IP_BBG000BM5SR2_2021-03-17
2021-07-04 23:21:21 43      IPAR_BBG000GCSWR5_2021-03-17
2021-07-04 23:21:21 44      IPG_BBG000C90DH9_2021-03-17
2021-07-04 23:21:21 46      IPGP_BBG000DCGRL8_2021-03-17
2021-07-04 23:21:21 47      IQV_BBG00333FYS2_2021-03-17
2021-07-04 23:21:21 49      IR_BBG002R1CW27_2021-03-17
2021-07-04 23:21:21 50      IRBT_BBG000HXJB21_2021-03-17
2021-07-04 23:21:21 51      IRDM_BBG000VC0FC1_2021-03-17
2021-07-04 23:21:21 53      IRM_BBG000KCZPC3_2021-03-17
2021-07-04 23:21:21 54      IRTC_BBG001J19V24_2021-03-17
2021-07-04 23:21:21 55      ISRG_BBG000BJPDZ1_2021-03-17
2021-07-04 23:21:21 57      IT_BBG000BB65D0_2021-03-17
2021-07-04 23:21:21 58      ITCI_BBG0026ZFZC4_2021-03-17
2021-07-04 23:21:21 59      ITGR_BBG000BW6JV4_2021-03-17
2021-07-04 23:21:21 60      ITRI_BBG000BD2167_2021-03-17
2021-07-04 23:21:21 62      ITT_BBG00CVQZQ96_2021-03-17
2021-07-04 23:21:21 63      ITW_BBG000BMBL90_2021-03-17
2021-07-04 23:21:21 64      IVZ_BBG000BY2Y78_2021-03-17
2021-07-04 23:21:21 65      J_BBG000BMFFQ0_2021-03-17
2021-07-04 23:21:21 67      JACK_BBG000GZYVY1_2021-03-17
2021-07-04 23:21:21 68      JBHT_BBG000BMDBZ1_2021-03-17
2021-07-04 23:21:21 69      JBSS_BBG000CHPMY5_2021-03-17
2021-07-04 23:21:21 70      JBT_BBG000VLBCQ1_2021-03-17
2021-07-04 23:21:21 71      JCI_BBG000BVWLJ6_2021-03-17
2021-07-04 23:21:21 74      JCOM_BBG000F3CWW7_2021-03-17
2021-07-04 23:21:21 75      JD_BBG005YHY0Q7_2021-03-17
2021-07-04 23:21:21 87      JEF_BBG000BNHSP9_2021-03-17
2021-07-04 23:21:21 88      JELD_BBG0019GM953_2021-03-17
2021-07-04 23:21:21 89      JJSF_BBG000BMGPW0_2021-03-17
2021-07-04 23:21:21 89      JKHY_BBG000BMH2Q7_2021-03-17
2021-07-04 23:21:21 91      JLL_BBG000C2L2L0_2021-03-17
2021-07-04 23:21:21 92      JNJ_BBG000BMHYD1_2021-03-17
2021-07-04 23:21:21 95      JNPR_BBG000BY33P5_2021-03-17
2021-07-04 23:21:21 96      JOBS_BBG000BJD1D4_2021-03-17
2021-07-04 23:21:21 97      JOUT_BBG000HCXFS4_2021-03-17
2021-07-04 23:21:21 98      JPM_BBG000DMBXR2_2021-03-17
2021-07-04 23:21:22 06      JWN_BBG000G8N9C6_2021-03-17
2021-07-04 23:21:22 08      K_BBG000BMKDM3_2021-03-17
2021-07-04 23:21:22 10      KALU_BBG000PKZDX4_2021-03-17
2021-07-04 23:21:22 12      KBH_BBG000BMLWX8_2021-03-17
2021-07-04 23:21:22 13      KDP_BBG000TJM7F0_2021-03-17
2021-07-04 23:21:22 16      KEP_BBG000BCWG90_2021-03-17
2021-07-04 23:21:22 16      KEX_BBG000BMQCP6_2021-03-17
2021-07-04 23:21:22 17      KEY_BBG000BMQPL1_2021-03-17
2021-07-04 23:21:22 19      KEYS_BBG0059FN811_2021-03-17
2021-07-04 23:21:22 20      KFY_BBG000C5QMB5_2021-03-17
2021-07-04 23:21:22 21      KHC_BBG005CPNTQ2_2021-03-17
2021-07-04 23:21:22 24      KIDS_BBG00HFFRW39_2021-03-17
2021-07-04 23:21:22 25      KIDS: SPYKE!. Candle: ID:4, Time: 13:30, Close: 46.45
2021-07-04 23:21:22 25      KIDS: SPYKE!. Candle: ID:7, Time: 13:30, Close: 44.67
2021-07-04 23:21:22 25      KIM_BBG000CN3S73_2021-03-17
2021-07-04 23:21:22 28      KLAC_BBG000BMTFR4_2021-03-17
2021-07-04 23:21:22 32      KMB_BBG000BMW2Z0_2021-03-17
2021-07-04 23:21:22 34      KMI_BBG0019JZ882_2021-03-17
2021-07-04 23:21:22 36      KMPR_BBG000H3GDJ8_2021-03-17
2021-07-04 23:21:22 37      KMT_BBG000BMWKC5_2021-03-17
2021-07-04 23:21:22 38      KMX_BBG000BLMZK6_2021-03-17
2021-07-04 23:21:22 40      KNSL_BBG00D8JD9Z9_2021-03-17
2021-07-04 23:21:22 41      KNX_BBG000BFC848_2021-03-17
2021-07-04 23:21:22 42      KO_BBG000BMX289_2021-03-17
2021-07-04 23:21:22 47      KOD_BBG00BVR0D02_2021-03-17
2021-07-04 23:21:22 48      KR_BBG000BMY992_2021-03-17
2021-07-04 23:21:22 51      KRG_BBG000BC2KW8_2021-03-17
2021-07-04 23:21:22 52      KRTX_BBG00NN875G0_2021-03-17
2021-07-04 23:21:22 53      KRYS_BBG00HDGRHH7_2021-03-17
2021-07-04 23:21:22 54      KSU_BBG000BMZ7P7_2021-03-17
2021-07-04 23:21:22 55      KTB_BBG00LPTHYD5_2021-03-17
2021-07-04 23:21:22 57      KWR_BBG000DZS2L9_2021-03-17
2021-07-04 23:21:22 57      L_BBG000C45984_2021-03-17
2021-07-04 23:21:22 59      LAD_BBG000K3BC83_2021-03-17
2021-07-04 23:21:22 60      LANC_BBG000BN1M88_2021-03-17
2021-07-04 23:21:22 60      LASR_BBG0020BCPX5_2021-03-17
2021-07-04 23:21:22 62      LB_BBG000BNGTQ7_2021-03-17
2021-07-04 23:21:22 64      LBRDK_BBG006GNSZW5_2021-03-17
2021-07-04 23:21:22 66      LCII_BBG000DNLMB0_2021-03-17
2021-07-04 23:21:22 67      LDOS_BBG000C23PB0_2021-03-17
2021-07-04 23:21:22 68      LEA_BBG000PTLGZ1_2021-03-17
2021-07-04 23:21:22 69      LECO_BBG000BB72K8_2021-03-17
2021-07-04 23:21:22 71      LEG_BBG000BN53G7_2021-03-17
2021-07-04 23:21:22 72      LEGH_BBG00MJDR6J9_2021-03-17
2021-07-04 23:21:22 73      LEN_BBG000BN5HF7_2021-03-17
2021-07-04 23:21:22 77      LEVI_BBG000BQDF10_2021-03-17
2021-07-04 23:21:22 78      LFC_BBG000BBK4B9_2021-03-17
2021-07-04 23:21:22 79      LFUS_BBG000BGFGT8_2021-03-17
2021-07-04 23:21:22 80      LGIH_BBG0056655S1_2021-03-17
2021-07-04 23:21:22 82      LGND_BBG000BKF014_2021-03-17
2021-07-04 23:21:22 83      LH_BBG000D9DMK0_2021-03-17
2021-07-04 23:21:22 84      LHCG_BBG000G7W420_2021-03-17
2021-07-04 23:21:22 85      LHX_BBG000BLGFJ9_2021-03-17
2021-07-04 23:21:22 86      LII_BBG000BB5B84_2021-03-17
2021-07-04 23:21:22 87      LIN_BBG00GVR8YQ9_2021-03-17
2021-07-04 23:21:22 90      LITE_BBG0073F9RT7_2021-03-17
2021-07-04 23:21:22 92      LKQ_BBG000PXDL44_2021-03-17
2021-07-04 23:21:22 94      LLY_BBG000BNBDC2_2021-03-17
2021-07-04 23:21:22 97      LMT_BBG000C1BW00_2021-03-17
2021-07-04 23:21:22 99      LNN_BBG000FJS1S8_2021-03-17
2021-07-04 23:21:23 00      LNT_BBG000DW4Q75_2021-03-17
2021-07-04 23:21:23 03      LNTH_BBG006Q52RD0_2021-03-17
2021-07-04 23:21:23 03      LOPE_BBG000FV28W9_2021-03-17
2021-07-04 23:21:23 04      LOW_BBG000BNDN65_2021-03-17
2021-07-04 23:21:23 07      LPL_BBG000FJ0RK9_2021-03-17
2021-07-04 23:21:23 08      LPLA_BBG000P2TYL8_2021-03-17
2021-07-04 23:21:23 09      LPSN_BBG000BSV0W5_2021-03-17
2021-07-04 23:21:23 11      LRCX_BBG000BNFLM9_2021-03-17
2021-07-04 23:21:23 14      LRN_BBG000QSXPZ9_2021-03-17
2021-07-04 23:21:23 15      LRN: BuyPending. Strategy: BuyTheDipPremarket. Price: 26.5. Lots: 9. ChangeOpenToCurrent: -4.23. changeFromLow: 1.92. Candle: ID:615, Time: 12:00, Close: 26.5.
2021-07-04 23:21:23 15      LRN: OrderID: 44dff2f7. PlacedOrder. Status: New. RejectReason: 
2021-07-04 23:21:23 15      LRN: OrderID: 44dff2f7 fully executed
2021-07-04 23:21:23 16      LRN: Closing. Close price: 27. Lots: 9. CandleChange: -1.03%. ChangeFromCandleHigh: -1.10%. Profit: 0.50(1.89%). Candle: ID:675, Time: 12:05, Close: 27
2021-07-04 23:21:23 16      LRN: OrderID: 750f6f76. PlacedOrder. Status: New. RejectReason: 
2021-07-04 23:21:23 16      LRN: OrderID: 750f6f76 partially executed. Executed lots: 5. OrderStatus: 5/9 lots
2021-07-04 23:21:23 16      LRN: OrderID: 750f6f76 fully executed
2021-07-04 23:21:23 17      LRN_old_TCS000QSXPZ9_2021-03-17
2021-07-04 23:21:23 17      Warning: figi `old` for history data does not match actual figi `BBG000QSXPZ9`. Ticker: LRN. Will be used actual!
2021-07-04 23:21:23 18      LSCC_BBG000C2D1C1_2021-03-17
2021-07-04 23:21:23 20      LSTR_BBG000BB2KN0_2021-03-17
2021-07-04 23:21:23 21      LTHM_BBG00LV3NRG0_2021-03-17
2021-07-04 23:21:23 23      LULU_BBG000R8ZVD1_2021-03-17
2021-07-04 23:21:23 26      LUMN_BBG000BGLRN3_2021-03-17
2021-07-04 23:21:23 28      LUV_BBG000BNJHS8_2021-03-17
2021-07-04 23:21:23 31      LVS_BBG000JWD753_2021-03-17
2021-07-04 23:21:23 33      LW_BBG003CVMLQ2_2021-03-17
2021-07-04 23:21:23 34      LYB_BBG000WCFV84_2021-03-17
2021-07-04 23:21:23 36      LYFT_BBG004M9ZHX5_2021-03-17
2021-07-04 23:21:23 40      LYV_BBG000FQ7YR4_2021-03-17
2021-07-04 23:21:23 42      M_BBG000C46HM9_2021-03-17
2021-07-04 23:21:23 44      MA_BBG000F1ZSQ2_2021-03-17
2021-07-04 23:21:23 46      MAA_BBG000BLMY92_2021-03-17
2021-07-04 23:21:23 48      MAC_BBG000BL9C59_2021-03-17
2021-07-04 23:21:23 51      MAN_BBG000BNMHS4_2021-03-17
2021-07-04 23:21:23 52      MANH_BBG000BFV758_2021-03-17
2021-07-04 23:21:23 53      MANT_BBG000BGF8B5_2021-03-17
2021-07-04 23:21:23 54      MANU_BBG0035WV4N9_2021-03-17
2021-07-04 23:21:23 55      MAR_BBG000BGD7W6_2021-03-17
2021-07-04 23:21:23 59      MAS_BBG000BNNKG9_2021-03-17
2021-07-04 23:21:23 61      MASI_BBG000C3W281_2021-03-17
2021-07-04 23:21:23 63      MAT_BBG000BNNYW1_2021-03-17
2021-07-04 23:21:23 65      MATX_BBG000BBK401_2021-03-17
2021-07-04 23:21:23 65      MBT_BBG000CSZKR2_2021-03-17
2021-07-04 23:21:23 67      MBUU_BBG005PXTR70_2021-03-17
2021-07-04 23:21:23 67      MCD_BBG000BNSZP1_2021-03-17
2021-07-04 23:21:23 71      MCHP_BBG000BHCP19_2021-03-17
2021-07-04 23:21:23 75      MCK_BBG000DYGNW7_2021-03-17
2021-07-04 23:21:23 77      MCO_BBG000F86GP6_2021-03-17
2021-07-04 23:21:23 78      MCRI_BBG000BJ0932_2021-03-17
2021-07-04 23:21:23 78      MD_BBG000H8LGK2_2021-03-17
2021-07-04 23:21:23 79      MDB_BBG0022FDRY8_2021-03-17
2021-07-04 23:21:23 81      MDGL_BBG000QS6NV8_2021-03-17
2021-07-04 23:21:23 81      MDLA_BBG001BPKGT0_2021-03-17
2021-07-04 23:21:23 84      MDLZ_BBG000D4LWF6_2021-03-17
2021-07-04 23:21:23 89      MDRX_BBG000BLDXH5_2021-03-17
2021-07-04 23:21:23 91      MDT_BBG000BNWG87_2021-03-17
2021-07-04 23:21:23 95      MED_BBG000BWBW76_2021-03-17
2021-07-04 23:21:23 96      MEDP_BBG0065B7K59_2021-03-17
2021-07-04 23:21:23 97      MEI_BBG000BNY197_2021-03-17
2021-07-04 23:21:23 98      MELI_BBG000GQPB11_2021-03-17
2021-07-04 23:21:24 01      MET_BBG000BB6KF5_2021-03-17
2021-07-04 23:21:24 03      MFGP_BBG00HFWVGN0_2021-03-17
2021-07-04 23:21:24 06      MGLN_BBG000BD6DD9_2021-03-17
2021-07-04 23:21:24 07      MGM_BBG000C2BXK4_2021-03-17
2021-07-04 23:21:24 10      MGY_BBG00GNC8DL2_2021-03-17
2021-07-04 23:21:24 11      MHK_BBG000FLZN98_2021-03-17
2021-07-04 23:21:24 13      MHO_BBG000BL9MZ4_2021-03-17
2021-07-04 23:21:24 14      MIDD_BBG000DQN9R3_2021-03-17
2021-07-04 23:21:24 15      MINI_BBG000BGTX98_2021-03-17
2021-07-04 23:21:24 16      MKC_BBG000G6Y5W4_2021-03-17
2021-07-04 23:21:24 17      MKL_BBG000FC7366_2021-03-17
2021-07-04 23:21:24 19      MKSI_BBG000BVMG26_2021-03-17
2021-07-04 23:21:24 21      MKTX_BBG000BJBZ23_2021-03-17
2021-07-04 23:21:24 22      MLAB_BBG000BP3PW7_2021-03-17
2021-07-04 23:21:24 23      MLCO_BBG000BHP8J4_2021-03-17
2021-07-04 23:21:24 25      MLHR_BBG000BP46T2_2021-03-17
2021-07-04 23:21:24 26      MLM_BBG000BGYMH7_2021-03-17
2021-07-04 23:21:24 27      MMC_BBG000BP4MH0_2021-03-17
2021-07-04 23:21:24 28      MMI_BBG005GBRSR6_2021-03-17
2021-07-04 23:21:24 29      MMM_BBG000BP52R2_2021-03-17
2021-07-04 23:21:24 31      MMS_BBG000BC5WJ4_2021-03-17
2021-07-04 23:21:24 32      MMSI_BBG000C42VX0_2021-03-17
2021-07-04 23:21:24 33      MNRO_BBG000C0BZD1_2021-03-17
2021-07-04 23:21:24 34      MNST_BBG008NVB1C0_2021-03-17
2021-07-04 23:21:24 37      MO_BBG000BP6LJ8_2021-03-17
2021-07-04 23:21:24 41      MOH_BBG000MBHNC8_2021-03-17
2021-07-04 23:21:24 42      MOMO_BBG007HTCQT0_2021-03-17
2021-07-04 23:21:24 58      MORN_BBG000CGQ4F7_2021-03-17
2021-07-04 23:21:24 60      MOS_BBG000BFXHL6_2021-03-17
2021-07-04 23:21:24 62      MOV_BBG000BL30Y9_2021-03-17
2021-07-04 23:21:24 63      MPC_BBG001DCCGR8_2021-03-17
2021-07-04 23:21:24 68      MPWR_BBG000C30L48_2021-03-17
2021-07-04 23:21:24 70      MRC_BBG000BKLTM1_2021-03-17
2021-07-04 23:21:24 71      MRK_BBG000BPD168_2021-03-17
2021-07-04 23:21:24 77      MRNA_BBG003PHHZT1_2021-03-17
2021-07-04 23:21:24 90      MRO_BBG000C8H633_2021-03-17
2021-07-04 23:21:24 93      MRTX_BBG004TPGBP5_2021-03-17
2021-07-04 23:21:24 95      MS_BBG000BLZRJ2_2021-03-17
2021-07-04 23:21:25 02      MSA_BBG000BPDXF8_2021-03-17
2021-07-04 23:21:25 03      MSCI_BBG000RTDY25_2021-03-17
2021-07-04 23:21:25 04      MSFT_BBG000BPH459_2021-03-17
2021-07-04 23:21:25 40      MSGE_BBG00L9HLWV8_2021-03-17
2021-07-04 23:21:25 41      MSGN_BBG000NS03H7_2021-03-17
2021-07-04 23:21:25 41      MSGS_BBG007FG0C23_2021-03-17
2021-07-04 23:21:25 42      MSI_BBG000BP8Z50_2021-03-17
2021-07-04 23:21:25 44      MSM_BBG000BCLYL9_2021-03-17
2021-07-04 23:21:25 45      MSTR_BBG000GQJPZ0_2021-03-17
2021-07-04 23:21:25 50      MTB_BBG000D9KWL9_2021-03-17
2021-07-04 23:21:25 52      MTCH_BBG00B6WH9G3_2021-03-17
2021-07-04 23:21:25 55      MTCH_old_TCS00B6WH9G3_2021-03-17
2021-07-04 23:21:25 55      Warning: figi `old` for history data does not match actual figi `BBG00B6WH9G3`. Ticker: MTCH. Will be used actual!
2021-07-04 23:21:25 55      MTD_BBG000BZCKH3_2021-03-17
2021-07-04 23:21:25 56      MTG_BBG000CBMH27_2021-03-17
2021-07-04 23:21:25 58      MTH_BBG000F4F1N0_2021-03-17
2021-07-04 23:21:25 59      MTN_BBG000BCMWM1_2021-03-17
2021-07-04 23:21:25 61      MTOR_BBG000BH92D1_2021-03-17
2021-07-04 23:21:25 61      MTRN_BBG000BDTT76_2021-03-17
2021-07-04 23:21:25 62      MU_BBG000C5Z1S3_2021-03-17
2021-07-04 23:21:25 79      MUR_BBG000BPMH90_2021-03-17
2021-07-04 23:21:25 82      MUSA_BBG001Z0Q6T5_2021-03-17
2021-07-04 23:21:25 83      MXIM_BBG000BPNP00_2021-03-17
2021-07-04 23:21:25 87      MXL_BBG000BB6R33_2021-03-17
2021-07-04 23:21:25 88      MYGN_BBG000D9H9F1_2021-03-17
2021-07-04 23:21:25 89      MYRG_BBG000BC7VW9_2021-03-17
2021-07-04 23:21:25 90      NARI_BBG009J8K7M0_2021-03-17
2021-07-04 23:21:25 92      NARI: SPYKE!. Candle: ID:3, Time: 13:25, Close: 107.07
2021-07-04 23:21:25 92      NARI: SPYKE!. Candle: ID:4, Time: 13:25, Close: 107.07
2021-07-04 23:21:25 93      NATI_BBG000DZK6N6_2021-03-17
2021-07-04 23:21:25 95      NAVI_BBG004MN1R41_2021-03-17
2021-07-04 23:21:25 97      NBIX_BBG000GJS7C1_2021-03-17
2021-07-04 23:21:25 98      NCBS_BBG000QK0TG5_2021-03-17
2021-07-04 23:21:25 99      NCR_BBG000BMXK89_2021-03-17
2021-07-04 23:21:26 01      NDAQ_BBG000F5VVB6_2021-03-17
2021-07-04 23:21:26 03      NDSN_BBG000BPWGR1_2021-03-17
2021-07-04 23:21:26 04      NEE_BBG000BJSBJ0_2021-03-17
2021-07-04 23:21:26 11      NEM_BBG000BPWXK1_2021-03-17
2021-07-04 23:21:26 15      NEO_BBG000BKH263_2021-03-17
2021-07-04 23:21:26 18      NEOG_BBG000C1BCK2_2021-03-17
2021-07-04 23:21:26 19      NET_BBG001WMKHH5_2021-03-17
2021-07-04 23:21:26 23      NEU_BBG000BJ5SS8_2021-03-17
2021-07-04 23:21:26 23      NEWR_BBG001NFKJ68_2021-03-17
2021-07-04 23:21:26 25      NFLX_BBG000CL9VN6_2021-03-17
2021-07-04 23:21:26 31      NGVT_BBG009LM28K6_2021-03-17
2021-07-04 23:21:26 32      NJR_BBG000BPZVW9_2021-03-17
2021-07-04 23:21:26 34      NKE_BBG000C5HS04_2021-03-17
2021-07-04 23:21:26 38      NKTR_BBG000BHCYJ1_2021-03-17
2021-07-04 23:21:26 40      NLOK_BBG000BH2JM1_2021-03-17
2021-07-04 23:21:26 43      NLSN_BBG0088CYPX8_2021-03-17
2021-07-04 23:21:26 45      NMIH_BBG005DLMMZ6_2021-03-17
2021-07-04 23:21:26 46      NOC_BBG000BQ2C28_2021-03-17
2021-07-04 23:21:26 49      NOK_BBG000BNGBW9_2021-03-17
2021-07-04 23:21:26 54      NOV_BBG000BJX8C8_2021-03-17
2021-07-04 23:21:26 57      NOW_BBG000M1R011_2021-03-17
2021-07-04 23:21:26 60      NP_BBG000QCQ764_2021-03-17
2021-07-04 23:21:26 61      NPK_BBG000BQ4GG2_2021-03-17
2021-07-04 23:21:26 62      NRG_BBG000D8RG11_2021-03-17
2021-07-04 23:21:26 70      NRG: BuyPending. Strategy: BuyTheDipPremarket. Price: 40.8. Lots: 6. ChangeOpenToCurrent: -4.05. changeFromLow: 1.24. Candle: ID:236, Time: 10:40, Close: 40.8.
2021-07-04 23:21:26 70      NRG: OrderID: a10a5b17. PlacedOrder. Status: New. RejectReason: 
2021-07-04 23:21:26 70      NRG: OrderID: a10a5b17 fully executed
2021-07-04 23:21:26 70      NRG: Closing by timeout. Close price: 40.18. Lots: 6. Profit: -0.62(-1.52%). Candle: ID:560, Time: 11:15, Close: 40.18
2021-07-04 23:21:26 70      NRG: OrderID: 1ee8434f. PlacedOrder. Status: New. RejectReason: 
2021-07-04 23:21:34 73      OrderID: 1ee8434f successfully canceled
2021-07-04 23:21:34 73      NRG: Closing daily orders. Close price: 36.57. Lots: 6. Profit: -4.23(-10.37%). Candle: ID:32892, Time: 22:40, Close: 36.59
2021-07-04 23:21:34 74      NSC_BBG000BQ5DS5_2021-03-17
2021-07-04 23:21:34 75      NSP_BBG000BJ41X2_2021-03-17
2021-07-04 23:21:34 76      NTAP_BBG000FP1N32_2021-03-17
2021-07-04 23:21:34 79      NTCO_BBG00R4ZKPN5_2021-03-17
2021-07-04 23:21:34 80      NTCT_BBG000C136Z8_2021-03-17
2021-07-04 23:21:34 81      NTES_BBG000BX72V8_2021-03-17
2021-07-04 23:21:34 84      NTGR_BBG000C4GBR6_2021-03-17
2021-07-04 23:21:34 84      NTLA_BBG007KC7PB0_2021-03-17
2021-07-04 23:21:34 86      NTNX_BBG001NDW1Z7_2021-03-17
2021-07-04 23:21:34 88      NTRA_BBG001J1BQ86_2021-03-17
2021-07-04 23:21:34 91      NTRS_BBG000BQ74K1_2021-03-17
2021-07-04 23:21:34 93      NTUS_BBG000DPZHS3_2021-03-17
2021-07-04 23:21:34 93      NUE_BBG000BQ8KV2_2021-03-17
2021-07-04 23:21:34 96      NUS_BBG000HG21Y3_2021-03-17
2021-07-04 23:21:34 97      NUVA_BBG000LNL298_2021-03-17
2021-07-04 23:21:34 98      NVDA_BBG000BBJQV0_2021-03-17
2021-07-04 23:21:35 10      NVEE_BBG005BT60Y8_2021-03-17
2021-07-04 23:21:35 10      NVR_BBG000BQBYR3_2021-03-17
2021-07-04 23:21:35 11      NVRO_BBG001K61W36_2021-03-17
2021-07-04 23:21:35 12      NVTA_BBG005DJFD43_2021-03-17
2021-07-04 23:21:35 15      NWE_BBG000Q1NMJ4_2021-03-17
2021-07-04 23:21:35 17      NWL_BBG000BQC9V2_2021-03-17
2021-07-04 23:21:35 19      NWLI_BBG008HNHZ07_2021-03-17
2021-07-04 23:21:35 20      NWS_BBG0035M2ZB7_2021-03-17
2021-07-04 23:21:35 21      NWSA_BBG0035LY913_2021-03-17
2021-07-04 23:21:35 24      NXPI_BBG000BND699_2021-03-17
2021-07-04 23:21:35 31      NXST_BBG000DZJVH0_2021-03-17
2021-07-04 23:21:35 33      NYT_BBG000FFC0B3_2021-03-17
2021-07-04 23:21:35 34      O_BBG000DHPN63_2021-03-17
2021-07-04 23:21:35 39      OC_BBG000M44VW8_2021-03-17
2021-07-04 23:21:35 40      ODFL_BBG000CHSS88_2021-03-17
2021-07-04 23:21:35 41      OFIX_BBG000G1C210_2021-03-17
2021-07-04 23:21:35 42      OHI_BBG000BGBTC2_2021-03-17
2021-07-04 23:21:35 44      OI_BBG00R2JZG39_2021-03-17
2021-07-04 23:21:35 45      OII_BBG000CPBCL8_2021-03-17
2021-07-04 23:21:35 47      OIS_BBG000BDDN94_2021-03-17
2021-07-04 23:21:35 49      OIS: SPYKE!. Candle: ID:582, Time: 10:00, Close: 7.6
2021-07-04 23:21:35 49      OIS: BuyPending. Strategy: BuyTheDipPremarket. Price: 7.63. Lots: 32. ChangeOpenToCurrent: -5.10. changeFromLow: 0.93. Candle: ID:585, Time: 10:00, Close: 7.63.
2021-07-04 23:21:35 49      OIS: OrderID: 8314866d. PlacedOrder. Status: New. RejectReason: 
2021-07-04 23:21:35 49      OIS: OrderID: 8314866d partially executed. Executed lots: 5. OrderStatus: 5/32 lots
2021-07-04 23:21:35 49      OIS: OrderID: 8314866d partially executed. Executed lots: 10. OrderStatus: 15/32 lots
2021-07-04 23:21:35 49      OIS: OrderID: 8314866d partially executed. Executed lots: 10. OrderStatus: 25/32 lots
2021-07-04 23:21:35 49      OIS: OrderID: 8314866d partially executed. Executed lots: 5. OrderStatus: 30/32 lots
2021-07-04 23:21:35 49      OIS: OrderID: 8314866d fully executed
2021-07-04 23:21:35 49      OIS: Closing. Close price: 7.8. Lots: 32. CandleChange: -0.38%. ChangeFromCandleHigh: -0.51%. Profit: 0.17(2.23%). Candle: ID:614, Time: 10:05, Close: 7.8
2021-07-04 23:21:35 49      OIS: OrderID: bbbdb0e4. PlacedOrder. Status: New. RejectReason: 
2021-07-04 23:21:35 49      OIS: OrderID: bbbdb0e4 fully executed
2021-07-04 23:21:35 51      OKE_BBG000BQHGR6_2021-03-17
2021-07-04 23:21:35 53      OKTA_BBG001YV1SM4_2021-03-17
2021-07-04 23:21:35 57      OLED_BBG000BLRP41_2021-03-17
2021-07-04 23:21:35 58      OLLI_BBG0098VVDT9_2021-03-17
2021-07-04 23:21:35 60      OMC_BBG000BS9489_2021-03-17
2021-07-04 23:21:35 62      OMCL_BBG000BTNGZ4_2021-03-17
2021-07-04 23:21:35 64      ON_BBG000DV7MX4_2021-03-17
2021-07-04 23:21:35 69      ONTO_BBG000BPRN29_2021-03-17
2021-07-04 23:21:35 70      ORCL_BBG000BQLTW7_2021-03-17
2021-07-04 23:21:35 74      ORLY_BBG000BGYWY6_2021-03-17
2021-07-04 23:21:35 77      OSIS_BBG000BWPR54_2021-03-17
2021-07-04 23:21:35 77      OSK_BBG000CC53X1_2021-03-17
2021-07-04 23:21:35 79      OSUR_BBG000J3D1Y8_2021-03-17
2021-07-04 23:21:35 82      OTIS_BBG00RP60KV0_2021-03-17
2021-07-04 23:21:35 84      OVV_BBG00R2NHQ65_2021-03-17
2021-07-04 23:21:35 84      OVV: SPYKE!. Candle: ID:20, Time: 9:10, Close: 27.96
2021-07-04 23:21:35 85      OXY_BBG000BQQ2S6_2021-03-17
2021-07-04 23:21:35 91      PAGS_BBG00JM7QBR6_2021-03-17
2021-07-04 23:21:35 93      PANW_BBG0014GJCT9_2021-03-17
2021-07-04 23:21:35 95      PATK_BBG000BQSBB2_2021-03-17
2021-07-04 23:21:35 96      PAYC_BBG0064N0ZZ5_2021-03-17
2021-07-04 23:21:35 97      PB_BBG000BHY4D9_2021-03-17
2021-07-04 23:21:35 98      PBCT_BBG000BQT4L6_2021-03-17
2021-07-04 23:21:36 01      PBF_BBG002832GV8_2021-03-17
2021-07-04 23:21:36 03      PBH_BBG000QM0RZ4_2021-03-17
2021-07-04 23:21:36 05      PBI_BBG000BQTMJ9_2021-03-17
2021-07-04 23:21:36 07      PCAR_BBG000BQVTF5_2021-03-17
2021-07-04 23:21:36 09      PCG_BBG000BQWPC5_2021-03-17
2021-07-04 23:21:36 11      PCRX_BBG0018FQNS6_2021-03-17
2021-07-04 23:21:36 12      PCTY_BBG006598YS8_2021-03-17
2021-07-04 23:21:36 14      PD_BBG0043BYPB8_2021-03-17
2021-07-04 23:21:36 15      PD: SPYKE!. Candle: ID:3589, Time: 20:10, Close: 39.02
2021-07-04 23:21:36 16      PDCO_BBG000BQY289_2021-03-17
2021-07-04 23:21:36 17      PEAK_BBG000BKYDP9_2021-03-17
2021-07-04 23:21:36 20      PEG_BBG000BQZMH4_2021-03-17
2021-07-04 23:21:36 21      PEGA_BBG000H1RYG7_2021-03-17
2021-07-04 23:21:36 23      PEN_BBG001BP92V1_2021-03-17
2021-07-04 23:21:36 24      PEP_BBG000DH7JK6_2021-03-17
2021-07-04 23:21:36 32      PETQ_BBG00H1CY328_2021-03-17
2021-07-04 23:21:36 33      PFE_BBG000BR2B91_2021-03-17
2021-07-04 23:21:36 40      PFG_BBG000NSCNT7_2021-03-17
2021-07-04 23:21:36 44      PFGC_BBG009XW2WB8_2021-03-17
2021-07-04 23:21:36 45      PFPT_BBG000RQ2GY7_2021-03-17
2021-07-04 23:21:36 47      PG_BBG000BR2TH3_2021-03-17
2021-07-04 23:21:36 52      PGNY_BBG002H1K1H1_2021-03-17
2021-07-04 23:21:36 53      PGR_BBG000BR37X2_2021-03-17
2021-07-04 23:21:36 57      PGTI_BBG000FX3Y66_2021-03-17
2021-07-04 23:21:36 58      PH_BBG000BR3KL6_2021-03-17
2021-07-04 23:21:36 59      PHM_BBG000BR54L0_2021-03-17
2021-07-04 23:21:36 64      PII_BBG000D5S4M0_2021-03-17
2021-07-04 23:21:36 65      PINC_BBG000G7QX50_2021-03-17
2021-07-04 23:21:36 67      PINS_BBG002583CV8_2021-03-17
2021-07-04 23:21:36 73      PIPR_BBG000FQXC75_2021-03-17
2021-07-04 23:21:36 74      PKG_BBG000BB8SW7_2021-03-17
2021-07-04 23:21:36 76      PKI_BBG000FXW512_2021-03-17
2021-07-04 23:21:36 77      PLAN_BBG002DZS299_2021-03-17
2021-07-04 23:21:36 80      PLAY_BBG001WWJTK5_2021-03-17
2021-07-04 23:21:36 82      PLCE_BBG000JK9DK4_2021-03-17
2021-07-04 23:21:36 84      PLD_BBG000B9Z0J8_2021-03-17
2021-07-04 23:21:36 89      PLNT_BBG009H04M17_2021-03-17
2021-07-04 23:21:36 90      PLTR_BBG000N7QR55_2021-03-17
2021-07-04 23:21:37 05      PLUS_BBG000HN7W02_2021-03-17
2021-07-04 23:21:37 07      PLXS_BBG000BRBX66_2021-03-17
2021-07-04 23:21:37 08      PM_BBG000J2XL74_2021-03-17
2021-07-04 23:21:37 12      PNC_BBG000BRD0D8_2021-03-17
2021-07-04 23:21:37 14      PNFP_BBG000C1XKF6_2021-03-17
2021-07-04 23:21:37 15      PNTG_BBG00P33SY72_2021-03-17
2021-07-04 23:21:37 17      PODD_BBG000R7XX87_2021-03-17
2021-07-04 23:21:37 18      POOL_BBG000BCVG28_2021-03-17
2021-07-04 23:21:37 20      POR_BBG000BCRMW7_2021-03-17
2021-07-04 23:21:37 21      POST_BBG001WTBC36_2021-03-17
2021-07-04 23:21:37 23      POWI_BBG000BTT3D1_2021-03-17
2021-07-04 23:21:37 24      PPC_BBG000BFLXV3_2021-03-17
2021-07-04 23:21:37 25      PPG_BBG000BRJ809_2021-03-17
2021-07-04 23:21:37 27      PPL_BBG000BRJL00_2021-03-17
2021-07-04 23:21:37 29      PRAA_BBG000BNTW77_2021-03-17
2021-07-04 23:21:37 30      PRAH_BBG007387YL8_2021-03-17
2021-07-04 23:21:37 32      PRFT_BBG000BVXFK6_2021-03-17
2021-07-04 23:21:37 33      PRG_BBG00VSH86G4_2021-03-17
2021-07-04 23:21:37 35      PRGS_BBG000C4QP94_2021-03-17
2021-07-04 23:21:37 36      PRI_BBG000T8ZF80_2021-03-17
2021-07-04 23:21:37 37      PRLB_BBG000BT13B3_2021-03-17
2021-07-04 23:21:37 38      PRSP_BBG00KMXKWF9_2021-03-17
2021-07-04 23:21:37 39      PRU_BBG000HCJMF9_2021-03-17
2021-07-04 23:21:37 42      PSA_BBG000BPPN67_2021-03-17
2021-07-04 23:21:37 44      PSN_BBG000C3TKY6_2021-03-17
2021-07-04 23:21:37 45      PSTG_BBG00212PVZ5_2021-03-17
2021-07-04 23:21:37 49      PSX_BBG00286S4N9_2021-03-17
2021-07-04 23:21:37 52      PTC_BBG000C2VBB0_2021-03-17
2021-07-04 23:21:37 54      PTCT_BBG000QT15P7_2021-03-17
2021-07-04 23:21:37 56      PTON_BBG00JG0FFZ2_2021-03-17
2021-07-04 23:21:37 64      PTR_BBG000BR85F1_2021-03-17
2021-07-04 23:21:37 64      PUMP_BBG00FYCQ352_2021-03-17
2021-07-04 23:21:37 66      PVH_BBG000BRRG02_2021-03-17
2021-07-04 23:21:37 67      PWR_BBG000BBL8V7_2021-03-17
2021-07-04 23:21:37 69      PXD_BBG000BXRPH1_2021-03-17
2021-07-04 23:21:37 71      PYPL_BBG0077VNXV6_2021-03-17
2021-07-04 23:21:37 81      PZZA_BBG000BFWF13_2021-03-17
2021-07-04 23:21:37 83      QADA_BBG001BP77C3_2021-03-17
2021-07-04 23:21:37 83      QCOM_BBG000CGC1X8_2021-03-17
2021-07-04 23:21:37 97      QDEL_BBG000C6GN04_2021-03-17
2021-07-04 23:21:38 00      QLYS_BBG000HT5G06_2021-03-17
2021-07-04 23:21:38 03      QNST_BBG000S9XXB8_2021-03-17
2021-07-04 23:21:38 04      QRTEA_BBG000PCQQL6_2021-03-17
2021-07-04 23:21:38 06      QRVO_BBG007TJF1N7_2021-03-17
2021-07-04 23:21:38 10      QTS_BBG0054B20Z8_2021-03-17
2021-07-04 23:21:38 11      QTWO_BBG005ZVK9P2_2021-03-17
2021-07-04 23:21:38 13      QUOT_BBG001QYNR63_2021-03-17
2021-07-04 23:21:38 14      R_BBG000BRVP70_2021-03-17
2021-07-04 23:21:38 15      RACE_BBG009PH3Q86_2021-03-17
2021-07-04 23:21:38 16      RAMP_BBG000BB4HM6_2021-03-17
2021-07-04 23:21:38 17      RARE_BBG001RWPDW6_2021-03-17
2021-07-04 23:21:38 19      RAVN_BBG000CXQTZ3_2021-03-17
2021-07-04 23:21:38 20      RBC_BBG000BRXTR8_2021-03-17
2021-07-04 23:21:38 21      RCL_BBG000BB5792_2021-03-17
2021-07-04 23:21:38 24      RDFN_BBG001Q7HP63_2021-03-17
2021-07-04 23:21:38 27      RDS.A_BBG000QXSSS6_2021-03-17
2021-07-04 23:21:38 29      RDY_BBG000NJ96L6_2021-03-17
2021-07-04 23:21:38 30      RE_BBG000C1XVK6_2021-03-17
2021-07-04 23:21:38 31      REG_BBG000BL46Q4_2021-03-17
2021-07-04 23:21:38 35      REGI_BBG0016SSV00_2021-03-17
2021-07-04 23:21:38 41      REGN_BBG000C734W3_2021-03-17
2021-07-04 23:21:38 45      RETA_BBG000R33BD1_2021-03-17
2021-07-04 23:21:38 47      REX_BBG000D2ZK61_2021-03-17
2021-07-04 23:21:38 48      REZI_BBG00HY28K89_2021-03-17
2021-07-04 23:21:38 49      RF_BBG000Q3JN03_2021-03-17
2021-07-04 23:21:38 53      RGA_BBG000BDLCQ0_2021-03-17
2021-07-04 23:21:38 54      RGEN_BBG000BS48J3_2021-03-17
2021-07-04 23:21:38 56      RGLD_BBG000BS5170_2021-03-17
2021-07-04 23:21:38 58      RGNX_BBG007Z9V591_2021-03-17
2021-07-04 23:21:38 59      RGR_BBG000C4FQG6_2021-03-17
2021-07-04 23:21:38 60      RH_BBG002293PJ4_2021-03-17
2021-07-04 23:21:38 62      RHI_BBG000BS5DR2_2021-03-17
2021-07-04 23:21:38 64      RIG_BBG000BH5LT6_2021-03-17
2021-07-04 23:21:38 69      RJF_BBG000BS73J1_2021-03-17
2021-07-04 23:21:38 71      RL_BBG000BS0ZF1_2021-03-17
2021-07-04 23:21:38 73      RMD_BBG000L4M7F1_2021-03-17
2021-07-04 23:21:38 74      RNG_BBG000J094P3_2021-03-17
2021-07-04 23:21:38 76      ROCK_BBG000BKQDQ7_2021-03-17
2021-07-04 23:21:38 78      ROG_BBG000BS9HN3_2021-03-17
2021-07-04 23:21:38 79      ROK_BBG000BBCDZ2_2021-03-17
2021-07-04 23:21:38 80      ROKU_BBG001ZZPQJ6_2021-03-17
2021-07-04 23:21:38 84      ROL_BBG000BSBBP1_2021-03-17
2021-07-04 23:21:38 86      ROLL_BBG000GMGNB3_2021-03-17
2021-07-04 23:21:38 87      ROP_BBG000F1ZSN5_2021-03-17
2021-07-04 23:21:38 89      ROST_BBG000BSBZH7_2021-03-17
2021-07-04 23:21:38 92      RPD_BBG009DFHWG6_2021-03-17
2021-07-04 23:21:38 94      RPM_BBG000DCNK80_2021-03-17
2021-07-04 23:21:38 95      RRBI_BBG000QKNLB2_2021-03-17
2021-07-04 23:21:38 96      RRC_BBG000FVXD63_2021-03-17
2021-07-04 23:21:38 98      RRGB_BBG000MXH9C1_2021-03-17
2021-07-04 23:21:38 99      RS_BBG000CJ2181_2021-03-17
2021-07-04 23:21:39 01      RSG_BBG000BPXVJ6_2021-03-17
2021-07-04 23:21:39 03      RTX_BBG000BW8S60_2021-03-17
2021-07-04 23:21:39 08      RVLV_BBG00M4RHBD0_2021-03-17
2021-07-04 23:21:39 09      RXN_BBG000H8R0N8_2021-03-17
2021-07-04 23:21:39 10      RYN_BBG000BG7L34_2021-03-17
2021-07-04 23:21:39 12      RYTM_BBG007DLZ601_2021-03-17
2021-07-04 23:21:39 13      SAFM_BBG000BSHJ96_2021-03-17
2021-07-04 23:21:39 14      SAGE_BBG0025X16Y5_2021-03-17
2021-07-04 23:21:39 16      SAIA_BBG000P5LMQ0_2021-03-17
2021-07-04 23:21:39 17      SAIC_BBG003BW05K6_2021-03-17
2021-07-04 23:21:39 18      SAIL_BBG00J0BBZL0_2021-03-17
2021-07-04 23:21:39 20      SAM_BBG000BCZBF1_2021-03-17
2021-07-04 23:21:39 21      SAVE_BBG000BF6RQ9_2021-03-17
2021-07-04 23:21:39 23      SBAC_BBG000D2M0Z7_2021-03-17
2021-07-04 23:21:39 25      SBCF_BBG000KK3464_2021-03-17
2021-07-04 23:21:39 27      SBGI_BBG000F2XXP2_2021-03-17
2021-07-04 23:21:39 28      SBH_BBG000LR8515_2021-03-17
2021-07-04 23:21:39 29      SBRA_BBG000MTDW24_2021-03-17
2021-07-04 23:21:39 32      SBUX_BBG000CTQBF3_2021-03-17
2021-07-04 23:21:39 39      SCCO_BBG000BSHH72_2021-03-17
2021-07-04 23:21:39 41      SCHW_BBG000BSLZY7_2021-03-17
2021-07-04 23:21:39 45      SCI_BBG000BTHH16_2021-03-17
2021-07-04 23:21:39 47      SCSC_BBG000BHTPZ4_2021-03-17
2021-07-04 23:21:39 47      SDGR_BBG000T88BN2_2021-03-17
2021-07-04 23:21:39 50      SEDG_BBG0084BBZY6_2021-03-17
2021-07-04 23:21:39 54      SEE_BBG000C22QV7_2021-03-17
2021-07-04 23:21:39 57      SEIC_BBG000BSQLT9_2021-03-17
2021-07-04 23:21:39 58      SERV_TCS002WMH2F2_2021-03-17
2021-07-04 23:21:39 58      SF_BBG000BSS5C0_2021-03-17
2021-07-04 23:21:39 59      SFIX_BBG0046L1KL9_2021-03-17
2021-07-04 23:21:39 62      SFM_BBG001KFKQM7_2021-03-17
2021-07-04 23:21:39 64      SGEN_BBG000BH0FR6_2021-03-17
2021-07-04 23:21:39 67      SGEN_old_TCS000BH0FR6_2021-03-17
2021-07-04 23:21:39 67      Warning: figi `old` for history data does not match actual figi `BBG000BH0FR6`. Ticker: SGEN. Will be used actual!
2021-07-04 23:21:39 68      SHAK_BBG0063GCHH8_2021-03-17
2021-07-04 23:21:39 70      SHEN_BBG000BTC2N0_2021-03-17
2021-07-04 23:21:39 71      SHI_BBG000BHR1H9_2021-03-17
2021-07-04 23:21:39 72      SHW_BBG000BSXQV7_2021-03-17
2021-07-04 23:21:39 73      SIG_BBG000C4ZZ10_2021-03-17
2021-07-04 23:21:39 74      SIGI_BBG000BSZ738_2021-03-17
2021-07-04 23:21:39 76      SITE_BBG009T22D49_2021-03-17
2021-07-04 23:21:39 76      SIVB_BBG000BT0CM2_2021-03-17
2021-07-04 23:21:39 79      SJI_BBG000BT0T72_2021-03-17
2021-07-04 23:21:39 84      SJM_BBG000BT1715_2021-03-17
2021-07-04 23:21:39 85      SKM_BBG000BLN497_2021-03-17
2021-07-04 23:21:39 86      SKX_BBG000C4HKK2_2021-03-17
2021-07-04 23:21:39 88      SLAB_BBG000BB99S3_2021-03-17
2021-07-04 23:21:39 90      SLB_BBG000BT41Q8_2021-03-17
2021-07-04 23:21:39 94      SLG_BBG000BVP5P2_2021-03-17
2021-07-04 23:21:39 96      SMAR_BBG00GQK3WB5_2021-03-17
2021-07-04 23:21:39 98      SMG_BBG000BT5PG5_2021-03-17
2021-07-04 23:21:40 00      SMPL_BBG00GVP5JL4_2021-03-17
2021-07-04 23:21:40 01      SMTC_BBG000DBKR53_2021-03-17
2021-07-04 23:21:40 03      SNA_BBG000BT7JW9_2021-03-17
2021-07-04 23:21:40 04      SNAP_BBG00441QMJ7_2021-03-17
2021-07-04 23:21:40 11      SNBR_BBG000DM2BF3_2021-03-17
2021-07-04 23:21:40 13      SNPS_BBG000BSFRF3_2021-03-17
2021-07-04 23:21:40 16      SNX_BBG000CL9JV4_2021-03-17
2021-07-04 23:21:40 17      SNY_BBG000BBD5N1_2021-03-17
2021-07-04 23:21:40 19      SO_BBG000BT9DW0_2021-03-17
2021-07-04 23:21:40 23      SOHU_BBG00L2DB535_2021-03-17
2021-07-04 23:21:40 24      SON_BBG000D7HF89_2021-03-17
2021-07-04 23:21:40 25      SONO_BBG001JZPSQ2_2021-03-17
2021-07-04 23:21:40 28      SP_BBG000BJ91B1_2021-03-17
2021-07-04 23:21:40 28      SPB@US_BBG000DS5588_2021-03-17
2021-07-04 23:21:40 29      SPCE_BBG00HTN2CQ3_2021-03-17
2021-07-04 23:21:40 55      SPG_BBG000BJ2D31_2021-03-17
2021-07-04 23:21:40 59      SPGI_BBG000BP1Q11_2021-03-17
2021-07-04 23:21:40 60      SPLK_BBG001C7TST4_2021-03-17
2021-07-04 23:21:40 66      SPOT_BBG003T4VFC2_2021-03-17
2021-07-04 23:21:40 67      SPR_BBG000PRJ2Z9_2021-03-17
2021-07-04 23:21:40 70      SPSC_BBG000PZGB75_2021-03-17
2021-07-04 23:21:40 72      SQ_BBG0018SLC07_2021-03-17
2021-07-04 23:21:40 78      SRC_BBG0027Z6X10_2021-03-17
2021-07-04 23:21:40 80      SRCL_BBG000H3FZM6_2021-03-17
2021-07-04 23:21:40 82      SRDX_BBG000BZ2QG2_2021-03-17
2021-07-04 23:21:40 82      SRE_BBG000C2ZCH8_2021-03-17
2021-07-04 23:21:40 84      SRI_BBG000BB9Q78_2021-03-17
2021-07-04 23:21:40 85      SRPT_BBG000BCJ161_2021-03-17
2021-07-04 23:21:40 87      SSD_BBG000JLC8L8_2021-03-17
2021-07-04 23:21:40 88      SSNC_BBG000RJ2J04_2021-03-17
2021-07-04 23:21:40 91      SSTK_BBG002ZCK2V9_2021-03-17
2021-07-04 23:21:40 92      STAA_BBG000C4QB95_2021-03-17
2021-07-04 23:21:40 93      STAG_BBG000BGLFP7_2021-03-17
2021-07-04 23:21:40 95      STLD_BBG000HGYNZ9_2021-03-17
2021-07-04 23:21:40 98      STMP_BBG000CZ4KF3_2021-03-17
2021-07-04 23:21:40 99      STRA_BBG000GRZDV1_2021-03-17
2021-07-04 23:21:41 00      STT_BBG000BKFBD7_2021-03-17
2021-07-04 23:21:41 02      STX_BBG000F0KF42_2021-03-17
2021-07-04 23:21:41 02      Warning: figi `BBG000F0KF42` for history data does not match actual figi `BBG0113JGQF0`. Ticker: STX. Will be used actual!
2021-07-04 23:21:41 04      STZ_BBG000J1QLT0_2021-03-17
2021-07-04 23:21:41 06      SUPN_BBG000BP0HX7_2021-03-17
2021-07-04 23:21:41 07      SWAV_BBG005XVXML5_2021-03-17
2021-07-04 23:21:41 09      SWBI_BBG000BM0QL7_2021-03-17
2021-07-04 23:21:41 10      SWCH_BBG00HPDM5Z2_2021-03-17
2021-07-04 23:21:41 12      SWI_BBG00M1CKSK7_2021-03-17
2021-07-04 23:21:41 13      SWI: BuyPending. Strategy: BuyTheDipPremarket. Price: 16.66. Lots: 15. ChangeOpenToCurrent: -4.58. changeFromLow: 0.66. Candle: ID:11, Time: 7:00, Close: 16.66.
2021-07-04 23:21:41 13      SWI: OrderID: 64434672. PlacedOrder. Status: New. RejectReason: 
2021-07-04 23:21:41 13      SWI: OrderID: 64434672 fully executed
2021-07-04 23:21:41 13      SWI: Closing. Close price: 16.88. Lots: 15. CandleChange: -0.12%. ChangeFromCandleHigh: -0.18%. Profit: 0.22(1.32%). Candle: ID:36, Time: 7:15, Close: 16.88
2021-07-04 23:21:41 13      SWI: OrderID: ebf4f344. PlacedOrder. Status: New. RejectReason: 
2021-07-04 23:21:41 13      SWI: OrderID: ebf4f344 partially executed. Executed lots: 4. OrderStatus: 4/15 lots
2021-07-04 23:21:41 13      SWI: OrderID: ebf4f344 partially executed. Executed lots: 2. OrderStatus: 6/15 lots
2021-07-04 23:21:41 13      SWI: OrderID: ebf4f344 partially executed. Executed lots: 5. OrderStatus: 11/15 lots
2021-07-04 23:21:41 13      SWI: OrderID: ebf4f344 partially executed. Executed lots: 1. OrderStatus: 12/15 lots
2021-07-04 23:21:41 13      SWI: OrderID: ebf4f344 fully executed
2021-07-04 23:21:41 14      SWK_BBG000BTQR96_2021-03-17
2021-07-04 23:21:41 15      SWKS_BBG000KLB4Q1_2021-03-17
2021-07-04 23:21:41 19      SWN_BBG000BTR593_2021-03-17
2021-07-04 23:21:41 22      SWX_BBG00FWP4JW4_2021-03-17
2021-07-04 23:21:41 23      SXI_BBG000BTT5B8_2021-03-17
2021-07-04 23:21:41 24      SXT_BBG000J79P80_2021-03-17
2021-07-04 23:21:41 25      SYF_BBG00658F3P3_2021-03-17
2021-07-04 23:21:41 29      SYK_BBG000DN7P92_2021-03-17
2021-07-04 23:21:41 30      SYKE_BBG000BBHPV4_2021-03-17
2021-07-04 23:21:41 31      SYNA_BBG000BQV1S2_2021-03-17
2021-07-04 23:21:41 32      SYNH_BBG0078Y1D92_2021-03-17
2021-07-04 23:21:41 34      SYY_BBG000BTVJ25_2021-03-17
2021-07-04 23:21:41 36      T_BBG000BSJK37_2021-03-17
2021-07-04 23:21:41 41      TAK_BBG000LF8708_2021-03-17
2021-07-04 23:21:41 43      TAL_BBG0016XJ8S0_2021-03-17
2021-07-04 23:21:41 46      TAP_BBG000BS7KS3_2021-03-17
2021-07-04 23:21:41 48      TCBI_BBG000DN4ZT1_2021-03-17
2021-07-04 23:21:41 49      TCMD_BBG001B12Z39_2021-03-17
2021-07-04 23:21:41 50      TCRR_BBG00FH3FM15_2021-03-17
2021-07-04 23:21:41 51      TCS_BBG005DXJS36_2021-03-17
2021-07-04 23:21:41 53      TCX_BBG000L69KL5_2021-03-17
2021-07-04 23:21:41 54      TDC_BBG000R0L5J4_2021-03-17
2021-07-04 23:21:41 55      TDC: SPYKE!. Candle: ID:38, Time: 13:10, Close: 42.01
2021-07-04 23:21:41 55      TDC: SPYKE!. Candle: ID:42, Time: 13:10, Close: 40.65
2021-07-04 23:21:41 56      TDG_BBG000L8CBX4_2021-03-17
2021-07-04 23:21:41 57      TDOC_BBG0019T5SG0_2021-03-17
2021-07-04 23:21:41 60      TDOC: BuyPending. Strategy: BuyTheDipPremarket. Price: 185.01. Lots: 1. ChangeOpenToCurrent: -4.06. changeFromLow: 0.55. Candle: ID:864, Time: 13:05, Close: 185.01.
2021-07-04 23:21:41 60      TDOC: OrderID: c2fa733d. PlacedOrder. Status: New. RejectReason: 
2021-07-04 23:21:41 60      TDOC: OrderID: c2fa733d fully executed
2021-07-04 23:21:41 60      TDOC: Closing by timeout. Close price: 184. Lots: 1. Profit: -1.01(-0.55%). Candle: ID:1353, Time: 13:25, Close: 184
2021-07-04 23:21:41 60      TDOC: OrderID: 33be6172. PlacedOrder. Status: New. RejectReason: 
2021-07-04 23:21:41 60      TDOC: OrderID: 33be6172 fully executed
2021-07-04 23:21:41 63      TDS_BBG000BV0VK7_2021-03-17
2021-07-04 23:21:41 64      TDY_BBG000BMT9T6_2021-03-17
2021-07-04 23:21:41 65      TECH_BBG000C15114_2021-03-17
2021-07-04 23:21:41 66      TEL_BBG000RGM5P1_2021-03-17
2021-07-04 23:21:41 68      TENB_BBG00LBLCD02_2021-03-17
2021-07-04 23:21:41 70      TER_BBG000BV4DR6_2021-03-17
2021-07-04 23:21:41 75      TFC_BBG000BYYLS8_2021-03-17
2021-07-04 23:21:41 79      TFX_BBG000BV59Y6_2021-03-17
2021-07-04 23:21:41 81      TGNA_BBG000BK5DP1_2021-03-17
2021-07-04 23:21:41 82      TGT_BBG000H8TVT2_2021-03-17
2021-07-04 23:21:41 85      THG_BBG000FJH8W0_2021-03-17
2021-07-04 23:21:41 86      THO_BBG000BV6R84_2021-03-17
2021-07-04 23:21:41 88      THRM_BBG000BQLM34_2021-03-17
2021-07-04 23:21:41 89      THS_BBG000GQGJT4_2021-03-17
2021-07-04 23:21:41 91      TJX_BBG000BV8DN6_2021-03-17
2021-07-04 23:21:41 94      TKR_BBG000BV95H9_2021-03-17
2021-07-04 23:21:41 96      TMHC_BBG003PGJHP5_2021-03-17
2021-07-04 23:21:41 97      TMO_BBG000BVDLH9_2021-03-17
2021-07-04 23:21:41 99      TMUS_BBG000NDV1D4_2021-03-17
2021-07-04 23:21:42 04      TMX_BBG002WMH2F2_2021-03-17
2021-07-04 23:21:42 04      TNC_BBG000JCZJS2_2021-03-17
2021-07-04 23:21:42 05      TNDM_BBG0019V9M65_2021-03-17
2021-07-04 23:21:42 07      TNET_BBG000BR2040_2021-03-17
2021-07-04 23:21:42 08      TOL_BBG000BVHBM1_2021-03-17
2021-07-04 23:21:42 11      TOT_BBG000CHZ857_2021-03-17
2021-07-04 23:21:42 11      Warning: figi `BBG000CHZ857` for history data does not match actual figi `IZHBULDINKDK`. Ticker: TOT. Will be used actual!
2021-07-04 23:21:42 13      TPH_BBG0016YQTR5_2021-03-17
2021-07-04 23:21:42 14      TPIC_BBG0016MQ7C5_2021-03-17
2021-07-04 23:21:42 17      TPR_BBG000BY29C7_2021-03-17
2021-07-04 23:21:42 19      TPTX_BBG00NPL9WH7_2021-03-17
2021-07-04 23:21:42 20      TPX_BBG000PXGT62_2021-03-17
2021-07-04 23:21:42 23      TREE_BBG000TVRB50_2021-03-17
2021-07-04 23:21:42 24      TREX_BBG000BTGKK9_2021-03-17
2021-07-04 23:21:42 26      TRHC_BBG00BT7PPY8_2021-03-17
2021-07-04 23:21:42 27      TRIP_BBG001M8HHB7_2021-03-17
2021-07-04 23:21:42 31      TRMB_BBG000BNPS52_2021-03-17
2021-07-04 23:21:42 34      TROW_BBG000BVMPN3_2021-03-17
2021-07-04 23:21:42 37      TRU_BBG002Q7J5Z1_2021-03-17
2021-07-04 23:21:42 39      TRUP_BBG002BC7WC5_2021-03-17
2021-07-04 23:21:42 41      TRV_BBG000BJ81C1_2021-03-17
2021-07-04 23:21:42 42      TSCO_BBG000BLXZN1_2021-03-17
2021-07-04 23:21:42 45      TSLA_BBG000N9MNX3_2021-03-17
2021-07-04 23:21:43 03      TSM_BBG000BD8ZK0_2021-03-17
2021-07-04 23:21:43 10      TSN_BBG000DKCC19_2021-03-17
2021-07-04 23:21:43 15      TSS_BBG000C1JTL6_2021-03-17
2021-07-04 23:21:43 15      TT_BBG000BM6788_2021-03-17
2021-07-04 23:21:43 17      TTC_BBG000BVQRY3_2021-03-17
2021-07-04 23:21:43 18      TTD_BBG00629NGT2_2021-03-17
2021-07-04 23:21:43 20      TTEK_BBG000BYZ0Q5_2021-03-17
2021-07-04 23:21:43 21      TTM_BBG000PVGDH9_2021-03-17
2021-07-04 23:21:43 23      TTMI_BBG000BYQ0B1_2021-03-17
2021-07-04 23:21:43 25      TTWO_BBG000BS1YV5_2021-03-17
2021-07-04 23:21:43 28      TW_BBG00NK8H8T2_2021-03-17
2021-07-04 23:21:43 29      TWLO_BBG0029ZX840_2021-03-17
2021-07-04 23:21:43 33      TWNK_BBG00B6KGNN1_2021-03-17
2021-07-04 23:21:43 34      TWOU_BBG001KS9450_2021-03-17
2021-07-04 23:21:43 37      TWTR_BBG000H6HNW3_2021-03-17
2021-07-04 23:21:43 44      TXG_BBG007WX14X0_2021-03-17
2021-07-04 23:21:43 47      TXN_BBG000BVV7G1_2021-03-17
2021-07-04 23:21:43 52      TXRH_BBG000PSJMV7_2021-03-17
2021-07-04 23:21:43 54      TXT_BBG000BVVQQ8_2021-03-17
2021-07-04 23:21:43 56      TYL_BBG000BVWZF9_2021-03-17
2021-07-04 23:21:43 58      UA_BBG009DTD8H2_2021-03-17
2021-07-04 23:21:43 59      UAA_BBG000BXM6V2_2021-03-17
2021-07-04 23:21:43 63      UAL_BBG000M65M61_2021-03-17
2021-07-04 23:21:43 72      UBER_BBG002B04MT8_2021-03-17
2021-07-04 23:21:43 81      UCTT_BBG000HSLV70_2021-03-17
2021-07-04 23:21:43 83      UDR_BBG000C41023_2021-03-17
2021-07-04 23:21:43 85      UFPI_BBG000BL0T06_2021-03-17
2021-07-04 23:21:43 87      UFS_BBG000BHFHP8_2021-03-17
2021-07-04 23:21:43 88      UGI_BBG000BVYN55_2021-03-17
2021-07-04 23:21:43 89      UHS_BBG000CB8Q50_2021-03-17
2021-07-04 23:21:43 90      UI_BBG001R72SR9_2021-03-17
2021-07-04 23:21:43 91      ULTA_BBG00FWQ4VD6_2021-03-17
2021-07-04 23:21:43 94      UMBF_BBG000DD8WX1_2021-03-17
2021-07-04 23:21:43 96      UNF_BBG000BW29L1_2021-03-17
2021-07-04 23:21:43 96      UNH_BBG000CH5208_2021-03-17
2021-07-04 23:21:43 99      UNM_BBG000BW2QX0_2021-03-17
2021-07-04 23:21:44 01      UNP_BBG000BW3299_2021-03-17
2021-07-04 23:21:44 04      UNVR_BBG000BDHD29_2021-03-17
2021-07-04 23:21:44 05      UPS_BBG000L9CV04_2021-03-17
2021-07-04 23:21:44 08      UPWK_BBG00FBJ6390_2021-03-17
2021-07-04 23:21:44 10      URBN_BBG000BL79J3_2021-03-17
2021-07-04 23:21:44 12      URI_BBG000BXMFC3_2021-03-17
2021-07-04 23:21:44 14      USB_BBG000FFDM15_2021-03-17
2021-07-04 23:21:44 19      USFD_BBG00C6H6D40_2021-03-17
2021-07-04 23:21:44 21      USM_BBG000BW6P59_2021-03-17
2021-07-04 23:21:44 22      USNA_BBG000BX28M0_2021-03-17
2021-07-04 23:21:44 23      USPH_BBG000CSRSG6_2021-03-17
2021-07-04 23:21:44 24      UTHR_BBG000BV4XJ1_2021-03-17
2021-07-04 23:21:44 25      UTL_BBG000BW7X97_2021-03-17
2021-07-04 23:21:44 26      UTX_BBG0089KM290_2021-03-17
2021-07-04 23:21:44 26      V_BBG000PSKYX7_2021-03-17
2021-07-04 23:21:44 32      VAC_BBG001J2R5H3_2021-03-17
2021-07-04 23:21:44 33      VALE_BBG000BN5LG7_2021-03-17
2021-07-04 23:21:44 36      VC_BBG0016T3GQ0_2021-03-17
2021-07-04 23:21:44 37      VCEL_BBG000BDCM24_2021-03-17
2021-07-04 23:21:44 38      VCEL: SPYKE!. Candle: ID:1101, Time: 21:15, Close: 49.5
2021-07-04 23:21:44 38      VCRA_BBG00179VSY7_2021-03-17
2021-07-04 23:21:44 40      VCYT_BBG001J2M542_2021-03-17
2021-07-04 23:21:44 41      VEEV_BBG001CGB489_2021-03-17
2021-07-04 23:21:44 44      VEON_BBG000QCW561_2021-03-17
2021-07-04 23:21:44 46      VFC_BBG000BWCKB6_2021-03-17
2021-07-04 23:21:44 49      VG_BBG000BRB5D9_2021-03-17
2021-07-04 23:21:44 52      VIAC_BBG000C496P7_2021-03-17
2021-07-04 23:21:44 66      VICR_BBG000C3VHF1_2021-03-17
2021-07-04 23:21:44 68      VIE_BBG00K6P5XM1_2021-03-17
2021-07-04 23:21:44 68      VIPS_BBG002NLDLV8_2021-03-17
2021-07-04 23:21:44 71      VIR_BBG00H2QQ8T5_2021-03-17
2021-07-04 23:21:44 75      VLO_BBG000BBGGQ1_2021-03-17
2021-07-04 23:21:44 81      VMC_BBG000BWGYF8_2021-03-17
2021-07-04 23:21:44 82      VMI_BBG000BWB7V4_2021-03-17
2021-07-04 23:21:44 83      VMW_BBG000BC9938_2021-03-17
2021-07-04 23:21:44 84      VNDA_BBG000HT5MG6_2021-03-17
2021-07-04 23:21:44 85      VNE_BBG00K4MPP27_2021-03-17
2021-07-04 23:21:44 86      VNO_BBG000BWHD54_2021-03-17
2021-07-04 23:21:44 88      VNT_BBG00RRGSJR4_2021-03-17
2021-07-04 23:21:44 90      VPG_BBG000PRQ0V9_2021-03-17
2021-07-04 23:21:44 90      VREX_BBG00CZNLR47_2021-03-17
2021-07-04 23:21:44 91      VRNS_BBG001Y04TN6_2021-03-17
2021-07-04 23:21:44 92      VRNT_BBG000BCBYT2_2021-03-17
2021-07-04 23:21:44 94      VRSK_BBG000BCZL41_2021-03-17
2021-07-04 23:21:44 96      VRSN_BBG000BGKHZ3_2021-03-17
2021-07-04 23:21:44 99      VRTS_BBG000DMFQS2_2021-03-17
2021-07-04 23:21:45 00      VRTV_BBG005XZHR97_2021-03-17
2021-07-04 23:21:45 01      VRTX_BBG000C1S2X2_2021-03-17
2021-07-04 23:21:45 04      VTR_BBG000FRVHB9_2021-03-17
2021-07-04 23:21:45 05      VTRS_BBG00Y4RQNH4_2021-03-17
2021-07-04 23:21:45 11      VZ_BBG000HS77T5_2021-03-17
2021-07-04 23:21:45 16      W_BBG001B17MV2_2021-03-17
2021-07-04 23:21:45 18      WAB_BBG000BDD940_2021-03-17
2021-07-04 23:21:45 20      WAL_BBG000Q1KFH4_2021-03-17
2021-07-04 23:21:45 21      WAT_BBG000FQRVM3_2021-03-17
2021-07-04 23:21:45 23      WB_BBG0065XPGX9_2021-03-17
2021-07-04 23:21:45 26      WBA_BBG000BWLMJ4_2021-03-17
2021-07-04 23:21:45 31      WCC_BBG000D0FNV3_2021-03-17
2021-07-04 23:21:45 32      WDAY_BBG000VC0T95_2021-03-17
2021-07-04 23:21:45 35      WDC_BBG000BWNFZ9_2021-03-17
2021-07-04 23:21:45 39      WDFC_BBG000BWNV93_2021-03-17
2021-07-04 23:21:45 41      WEC_BBG000BWP7D9_2021-03-17
2021-07-04 23:21:45 43      WELL_BBG000BKY1G5_2021-03-17
2021-07-04 23:21:45 46      WERN_BBG000BWPP85_2021-03-17
2021-07-04 23:21:45 48      WEX_BBG000BVZP59_2021-03-17
2021-07-04 23:21:45 49      WFC_BBG000BWQFY7_2021-03-17
2021-07-04 23:21:45 56      WGO_BBG000BWS3F3_2021-03-17
2021-07-04 23:21:45 57      WH_BBG00HCY3Q67_2021-03-17
2021-07-04 23:21:45 58      WHD_BBG00JRH1P95_2021-03-17
2021-07-04 23:21:45 60      WHR_BBG000BWSV34_2021-03-17
2021-07-04 23:21:45 61      WING_BBG008N298Y8_2021-03-17
2021-07-04 23:21:45 62      WK_BBG007BVZ8H9_2021-03-17
2021-07-04 23:21:45 64      WLK_BBG000PXZFW2_2021-03-17
2021-07-04 23:21:45 65      WLTW_BBG000DB3KT1_2021-03-17
2021-07-04 23:21:45 66      WM_BBG000BWVSR1_2021-03-17
2021-07-04 23:21:45 69      WMB_BBG000BWVCP8_2021-03-17
2021-07-04 23:21:45 71      WMT_BBG000BWXBC2_2021-03-17
2021-07-04 23:21:45 75      WOR_BBG000HL7499_2021-03-17
2021-07-04 23:21:45 77      WORK_BBG007G7V505_2021-03-17
2021-07-04 23:21:45 79      WRB_BBG000BD1HP2_2021-03-17
2021-07-04 23:21:45 81      WRK_BBG008NXC572_2021-03-17
2021-07-04 23:21:45 83      WRLD_BBG000C3G9J2_2021-03-17
2021-07-04 23:21:45 84      WSC_BBG00B0FS947_2021-03-17
2021-07-04 23:21:45 85      WSM_BBG000FSMWC3_2021-03-17
2021-07-04 23:21:45 87      WSO_BBG000DJN7L9_2021-03-17
2021-07-04 23:21:45 88      WST_BBG000BX24N8_2021-03-17
2021-07-04 23:21:45 90      WTFC_BBG000HD3DW5_2021-03-17
2021-07-04 23:21:45 91      WTS_BBG000C4Z6C2_2021-03-17
2021-07-04 23:21:45 92      WTTR_BBG00G4Y2DC1_2021-03-17
2021-07-04 23:21:45 92      WTTR: BuyPending. Strategy: BuyTheDipPremarket. Price: 5.96. Lots: 41. ChangeOpenToCurrent: -4.64. changeFromLow: 0.85. Candle: ID:10, Time: 7:00, Close: 5.96.
2021-07-04 23:21:45 92      WTTR: OrderID: 5e8dc24d. PlacedOrder. Status: New. RejectReason: 
2021-07-04 23:21:45 92      WTTR: Cancel order. Did not bought. Candle: ID:18, Time: 7:05, Close: 6.08
2021-07-04 23:21:45 92      OrderID: 5e8dc24d successfully canceled
2021-07-04 23:21:45 93      WU_BBG000BB5373_2021-03-17
2021-07-04 23:21:45 95      WWD_BBG000BD53V2_2021-03-17
2021-07-04 23:21:45 96      WWE_BBG000F5YH15_2021-03-17
2021-07-04 23:21:45 98      WWW_BBG000BX2YN2_2021-03-17
2021-07-04 23:21:45 99      WY_BBG000BX3BL3_2021-03-17
2021-07-04 23:21:46 01      WYNN_BBG000LD9JQ8_2021-03-17
2021-07-04 23:21:46 04      XEC_BBG000D6L294_2021-03-17
2021-07-04 23:21:46 05      XEL_BBG000BCTQ65_2021-03-17
2021-07-04 23:21:46 09      XLNX_BBG000C0F570_2021-03-17
2021-07-04 23:21:46 13      XLRN_BBG000R5HWZ1_2021-03-17
2021-07-04 23:21:46 14      XNCR_BBG0026ZG4W0_2021-03-17
2021-07-04 23:21:46 15      XOM_BBG000GZQ728_2021-03-17
2021-07-04 23:21:46 23      XPO_BBG000L5CJF3_2021-03-17
2021-07-04 23:21:46 24      XRAY_BBG000BX57K1_2021-03-17
2021-07-04 23:21:46 26      XRX_BBG00NNG2ZJ8_2021-03-17
2021-07-04 23:21:46 28      XYL_BBG001D8R5D0_2021-03-17
2021-07-04 23:21:46 30      Y_BBG000BX6BJ3_2021-03-17
2021-07-04 23:21:46 30      YELP_BBG000Q2HM09_2021-03-17
2021-07-04 23:21:46 32      YETI_BBG00D8JC882_2021-03-17
2021-07-04 23:21:46 33      YEXT_BBG001MKZGY7_2021-03-17
2021-07-04 23:21:46 34      YUM_BBG000BH3GZ2_2021-03-17
2021-07-04 23:21:46 39      YUMC_BBG00B8N0HG1_2021-03-17
2021-07-04 23:21:46 41      YY_BBG003H0XV18_2021-03-17
2021-07-04 23:21:46 42      Z_BBG009NRSWJ4_2021-03-17
2021-07-04 23:21:46 47      ZBH_BBG000BKPL53_2021-03-17
2021-07-04 23:21:46 49      ZBRA_BBG000CC7LQ7_2021-03-17
2021-07-04 23:21:46 50      ZEN_BBG001HRFJG4_2021-03-17
2021-07-04 23:21:46 52      ZG_BBG000D13GN8_2021-03-17
2021-07-04 23:21:46 54      ZGNX_BBG000VDC3G9_2021-03-17
2021-07-04 23:21:46 55      ZI_BBG00S1HJ3M8_2021-03-17
2021-07-04 23:21:46 57      ZI: SPYKE!. Candle: ID:10, Time: 9:20, Close: 46.62
2021-07-04 23:21:46 58      ZION_BBG000BX9WL1_2021-03-17
2021-07-04 23:21:46 62      ZM_BBG0042V6JM8_2021-03-17
2021-07-04 23:21:46 70      ZNH_BBG000BXQ7R1_2021-03-17
2021-07-04 23:21:46 70      ZNH: SPYKE!. Candle: ID:52, Time: 13:30, Close: 36.36
2021-07-04 23:21:46 70      ZS_BBG003338H34_2021-03-17
2021-07-04 23:21:46 74      ZTS_BBG0039320N9_2021-03-17
2021-07-04 23:21:46 75      ZUMZ_BBG000PYX812_2021-03-17
2021-07-04 23:21:46 76      ZUO_BBG000BT3HG5_2021-03-17
2021-07-04 23:21:46 78      ZYNE_BBG007BBS8B7_2021-03-17
2021-07-04 23:21:46 89      ZYXI_BBG000BJBXZ2_2021-03-17
2021-07-04 23:21:46 90      ZYXI: SPYKE!. Candle: ID:1202, Time: 11:30, Close: 15.6
2021-07-04 23:21:46 91      Total candles read: 5693152
2021-07-04 23:21:46 91      Start DisposeAsync...
2021-07-04 23:21:46 91      Trade statistic. Total/Pos/Neg/(ratio): 5/3/2/(1.5); Profit: -13.15/-2.63; Volume: 0; MaxVolume: 483.30; Commission: 1.155795;
2021-07-04 23:21:46 92      BaseBot::DisposeAsync...
2021-07-04 23:21:46 92      BaseBot::DisposeAsync done!
2021-07-04 23:21:46 92      End DisposeAsync...
