2021-06-08 01:16:24 39      mode=TestTradeBot;DumpQuotes=false;SubscribeQuotes=false;Strategies=BuyTheDipPremarket;Token=token.txt;ConfigPath=usd.json;OutputFolder=.\new\;CandlesPath=C:\tinkoff\TestData\RawQuotes\5m\uncompressed\quotes_2021-03-24;
2021-06-08 01:16:24 40      Trade bot created
2021-06-08 01:16:24 42      Fake connection created
2021-06-08 01:16:25 17      List of disabled tickers: 
2021-06-08 01:16:25 18      A_BBG000C2V3D6_2021-03-24
2021-06-08 01:16:25 25      AA_BBG00B3T3HD3_2021-03-24
2021-06-08 01:16:25 30      AAL_BBG005P7Q881_2021-03-24
2021-06-08 01:16:25 41      AAN_BBG00WCNDCZ6_2021-03-24
2021-06-08 01:16:25 42      AAON_BBG000C2LZP3_2021-03-24
2021-06-08 01:16:25 43      AAP_BBG000F7RCJ1_2021-03-24
2021-06-08 01:16:25 45      AAPL_BBG000B9XRY4_2021-03-24
2021-06-08 01:16:25 80      ABBV_BBG0025Y4RY4_2021-03-24
2021-06-08 01:16:25 85      ABC_BBG000MDCQC2_2021-03-24
2021-06-08 01:16:25 88      ABG_BBG000BKDWB5_2021-03-24
2021-06-08 01:16:25 89      ABMD_BBG000C101X4_2021-03-24
2021-06-08 01:16:25 90      ABNB_BBG001Y2XS07_2021-03-24
2021-06-08 01:16:25 95      ABT_BBG000B9ZXB4_2021-03-24
2021-06-08 01:16:25 98      ACAD_BBG000BHG9K0_2021-03-24
2021-06-08 01:16:26 00      ACH_BBG000CMRVH1_2021-03-24
2021-06-08 01:16:26 02      ACM_BBG000F61RJ8_2021-03-24
2021-06-08 01:16:26 03      ACMR_BBG00HPSG933_2021-03-24
2021-06-08 01:16:26 04      ACN_BBG000D9D830_2021-03-24
2021-06-08 01:16:26 06      ADBE_BBG000BB5006_2021-03-24
2021-06-08 01:16:26 13      ADM_BBG000BB6WG8_2021-03-24
2021-06-08 01:16:26 16      ADP_BBG000JG0547_2021-03-24
2021-06-08 01:16:26 19      ADPT_BBG001J2PFF5_2021-03-24
2021-06-08 01:16:26 21      ADS_BBG000BFNR17_2021-03-24
2021-06-08 01:16:26 23      ADSK_BBG000BM7HL0_2021-03-24
2021-06-08 01:16:26 26      ADUS_BBG000NJGX84_2021-03-24
2021-06-08 01:16:26 27      AEE_BBG000B9X8C0_2021-03-24
2021-06-08 01:16:26 29      AEIS_BBG000FKMP26_2021-03-24
2021-06-08 01:16:26 30      AEO_BBG000BGXZB5_2021-03-24
2021-06-08 01:16:26 33      AERI_BBG001KJ7WJ5_2021-03-24
2021-06-08 01:16:26 34      AES_BBG000C23KJ3_2021-03-24
2021-06-08 01:16:26 36      AFG_BBG000DPKKK0_2021-03-24
2021-06-08 01:16:26 37      AFL_BBG000BBBNC6_2021-03-24
2021-06-08 01:16:26 39      AGCO_BBG000DCCZW2_2021-03-24
2021-06-08 01:16:26 41      AGIO_BBG000QY4ZD0_2021-03-24
2021-06-08 01:16:26 42      AIG_BBG000BBDZG3_2021-03-24
2021-06-08 01:16:26 45      AIR_BBG000BBGQF1_2021-03-24
2021-06-08 01:16:26 46      AIRC_BBG00XK3WVD0_2021-03-24
2021-06-08 01:16:26 47      AIT_BBG000BBHHP9_2021-03-24
2021-06-08 01:16:26 48      AIV_BBG000DD3510_2021-03-24
2021-06-08 01:16:26 48      AIV: BuyPending. Strategy: BuyTheDipPremarket. Price: 5.69. Lots: 43. ChangeOpenToCurrent: -4.05. changeFromLow: 0.53. Candle: ID:10, Time: 7:00, Close: 5.69.
2021-06-08 01:16:26 49      AIV: OrderID: 642a80d5. PlacedOrder. Status: New. RejectReason: 
2021-06-08 01:16:26 49      AIV: OrderID: 642a80d5 partially executed. Executed lots: 17. OrderStatus: 17/43 lots
2021-06-08 01:16:26 49      AIV: OrderID: 642a80d5 fully executed
2021-06-08 01:16:26 49      AIV: Closing. Close price: 5.8. Lots: 43. CandleChange: -0.17%. ChangeFromCandleHigh: -0.17%. Profit: 0.11(1.93%). Candle: ID:79, Time: 7:15, Close: 5.8
2021-06-08 01:16:26 49      AIV: OrderID: fadc73e5. PlacedOrder. Status: New. RejectReason: 
2021-06-08 01:16:26 49      AIV: OrderID: fadc73e5 partially executed. Executed lots: 1. OrderStatus: 1/43 lots
2021-06-08 01:16:26 49      AIV: OrderID: fadc73e5 partially executed. Executed lots: 4. OrderStatus: 5/43 lots
2021-06-08 01:16:26 49      AIV: OrderID: fadc73e5 partially executed. Executed lots: 35. OrderStatus: 40/43 lots
2021-06-08 01:16:26 49      AIV: OrderID: fadc73e5 partially executed. Executed lots: 1. OrderStatus: 41/43 lots
2021-06-08 01:16:26 49      AIV: OrderID: fadc73e5 fully executed
2021-06-08 01:16:26 51      AIZ_BBG000BZX1N5_2021-03-24
2021-06-08 01:16:26 52      AJG_BBG000BBHXQ3_2021-03-24
2021-06-08 01:16:26 54      AJRD_BBG000BKRHQ7_2021-03-24
2021-06-08 01:16:26 55      AKAM_BBG000BJQWD2_2021-03-24
2021-06-08 01:16:26 57      ALB_BBG000BJ26K7_2021-03-24
2021-06-08 01:16:26 58      ALGN_BBG000BRNLL2_2021-03-24
2021-06-08 01:16:26 60      ALGT_BBG000LJS6B8_2021-03-24
2021-06-08 01:16:26 61      ALK_BBG000BBL0Y1_2021-03-24
2021-06-08 01:16:26 63      ALL_BBG000BVMGF2_2021-03-24
2021-06-08 01:16:26 65      ALLE_BBG003PS7JV1_2021-03-24
2021-06-08 01:16:26 66      ALLK_BBG003QBJKN0_2021-03-24
2021-06-08 01:16:26 68      ALLO_BBG00KHRRDX3_2021-03-24
2021-06-08 01:16:26 69      ALLY_BBG000BC2R71_2021-03-24
2021-06-08 01:16:26 71      ALNY_BBG000BFGNJ5_2021-03-24
2021-06-08 01:16:26 73      ALRM_BBG007GNPYY7_2021-03-24
2021-06-08 01:16:26 74      ALSN_BBG001KY3845_2021-03-24
2021-06-08 01:16:26 76      ALTR_BBG000PN9NB9_2021-03-24
2021-06-08 01:16:26 77      ALXN_BBG000G30YX4_2021-03-24
2021-06-08 01:16:26 81      AMAT_BBG000BBPFB9_2021-03-24
2021-06-08 01:16:26 95      AMCX_BBG000H01H92_2021-03-24
2021-06-08 01:16:26 97      AMD_BBG000BBQCY0_2021-03-24
2021-06-08 01:16:27 16      AME_BBG000B9XG87_2021-03-24
2021-06-08 01:16:27 17      AMED_BBG000B9ZV28_2021-03-24
2021-06-08 01:16:27 19      AMG_BBG000C060M4_2021-03-24
2021-06-08 01:16:27 20      AMGN_BBG000BBS2Y0_2021-03-24
2021-06-08 01:16:27 23      AMN_BBG000BCT197_2021-03-24
2021-06-08 01:16:27 24      AMP_BBG000G3QLY3_2021-03-24
2021-06-08 01:16:27 26      AMT_BBG000B9XYV2_2021-03-24
2021-06-08 01:16:27 29      AMWD_BBG000BBX657_2021-03-24
2021-06-08 01:16:27 30      AMZN_BBG000BVPV84_2021-03-24
2021-06-08 01:16:27 39      AN_BBG000BBXLW4_2021-03-24
2021-06-08 01:16:27 40      ANAB_BBG0026ZDHR0_2021-03-24
2021-06-08 01:16:27 42      ANDE_BBG000BF8CN3_2021-03-24
2021-06-08 01:16:27 43      ANET_BBG000N2HDY5_2021-03-24
2021-06-08 01:16:27 44      ANF_BBG000H9G7X2_2021-03-24
2021-06-08 01:16:27 46      ANGI_BBG00HVKH3Q0_2021-03-24
2021-06-08 01:16:27 49      ANIK_BBG000BBKZD8_2021-03-24
2021-06-08 01:16:27 50      ANIP_BBG000KK1L04_2021-03-24
2021-06-08 01:16:27 51      ANSS_BBG000GXZ4W7_2021-03-24
2021-06-08 01:16:27 52      ANTM_BBG000BCG930_2021-03-24
2021-06-08 01:16:27 54      AON_BBG00SSQFPK6_2021-03-24
2021-06-08 01:16:27 56      AOS_BBG000BC1L02_2021-03-24
2021-06-08 01:16:27 58      AOUT_BBG00QV8FS02_2021-03-24
2021-06-08 01:16:27 58      APA_BBG00YTS96G2_2021-03-24
2021-06-08 01:16:27 62      APD_BBG000BC4JJ4_2021-03-24
2021-06-08 01:16:27 63      APEI_BBG000RVD346_2021-03-24
2021-06-08 01:16:27 65      APH_BBG000B9YJ35_2021-03-24
2021-06-08 01:16:27 66      APLE_BBG006473QX9_2021-03-24
2021-06-08 01:16:27 67      APLT_BBG000DD0489_2021-03-24
2021-06-08 01:16:27 68      APPF_BBG008GC8CP6_2021-03-24
2021-06-08 01:16:27 69      APPN_BBG001C7PMJ2_2021-03-24
2021-06-08 01:16:27 71      APPS_BBG000HZ3562_2021-03-24
2021-06-08 01:16:27 80      APTV_BBG001QD41M9_2021-03-24
2021-06-08 01:16:27 83      ARCC_BBG000PD6X77_2021-03-24
2021-06-08 01:16:27 87      ARCT_BBG00NNW8JK1_2021-03-24
2021-06-08 01:16:27 90      ARE_BBG000BC33T9_2021-03-24
2021-06-08 01:16:27 91      ARMK_BBG001KY4N87_2021-03-24
2021-06-08 01:16:27 95      ARNA_BBG000BKXBV7_2021-03-24
2021-06-08 01:16:27 96      ARNC_BBG00R45JYB7_2021-03-24
2021-06-08 01:16:27 97      ARQT_BBG00QN8K4M4_2021-03-24
2021-06-08 01:16:27 98      ARVN_BBG00LW7YK82_2021-03-24
2021-06-08 01:16:28 00      ARW_BBG000BCD3D5_2021-03-24
2021-06-08 01:16:28 01      ARWR_BBG000BRVKH0_2021-03-24
2021-06-08 01:16:28 02      ASGN_BBG000CRN8N8_2021-03-24
2021-06-08 01:16:28 03      ASH_BBG00D0Y81M1_2021-03-24
2021-06-08 01:16:28 04      ASIX_BBG00CWTTQ41_2021-03-24
2021-06-08 01:16:28 05      ATEX_BBG0081NLHR0_2021-03-24
2021-06-08 01:16:28 06      ATGE_BBG000DQBZJ7_2021-03-24
2021-06-08 01:16:28 07      ATKR_BBG000QTFDQ4_2021-03-24
2021-06-08 01:16:28 08      ATR_BBG000BGX2S0_2021-03-24
2021-06-08 01:16:28 09      ATRA_BBG005Q3MQY4_2021-03-24
2021-06-08 01:16:28 11      ATRC_BBG000BL6CB5_2021-03-24
2021-06-08 01:16:28 12      ATRI_BBG000DTT624_2021-03-24
2021-06-08 01:16:28 12      ATRO_BBG000BCLBY5_2021-03-24
2021-06-08 01:16:28 13      ATUS_BBG00GFMPRK0_2021-03-24
2021-06-08 01:16:28 15      ATVI_BBG000CVWGS6_2021-03-24
2021-06-08 01:16:28 18      AVAV_BBG000GX14P2_2021-03-24
2021-06-08 01:16:28 19      AVB_BBG000BLPBL5_2021-03-24
2021-06-08 01:16:28 22      AVGO_BBG00KHY5S69_2021-03-24
2021-06-08 01:16:28 28      AVLR_BBG000R4Y9C1_2021-03-24
2021-06-08 01:16:28 34      AVNS_BBG005L86G05_2021-03-24
2021-06-08 01:16:28 37      AVNT_BBG000C8NJ10_2021-03-24
2021-06-08 01:16:28 40      AVTR_BBG00G2HHYD7_2021-03-24
2021-06-08 01:16:28 44      AVY_BBG000BCQ4P6_2021-03-24
2021-06-08 01:16:28 52      AWI_BBG000DW4LB1_2021-03-24
2021-06-08 01:16:28 55      AWK_BBG000TRJ294_2021-03-24
2021-06-08 01:16:28 58      AWR_BBG000F964B6_2021-03-24
2021-06-08 01:16:28 62      AX_BBG000QPHD08_2021-03-24
2021-06-08 01:16:28 63      AXGN_BBG000BN46R9_2021-03-24
2021-06-08 01:16:28 66      AXP_BBG000BCQZS4_2021-03-24
2021-06-08 01:16:28 69      AXSM_BBG00B6G7GL7_2021-03-24
2021-06-08 01:16:28 71      AYI_BBG000BJ5HK0_2021-03-24
2021-06-08 01:16:28 74      AYX_BBG000BGZT72_2021-03-24
2021-06-08 01:16:28 77      AZO_BBG000C7LMS8_2021-03-24
2021-06-08 01:16:28 79      AZPN_BBG000DFMXT3_2021-03-24
2021-06-08 01:16:28 81      BA_BBG000BCSST7_2021-03-24
2021-06-08 01:16:28 89      BA: SPYKE!. Candle: ID:4, Time: 4:00, Close: 255.75
2021-06-08 01:16:28 94      BABA_BBG006G2JVL2_2021-03-24
2021-06-08 01:16:29 14      BAC_BBG000BCTLF6_2021-03-24
2021-06-08 01:16:29 20      BAH_BBG000R2YFG7_2021-03-24
2021-06-08 01:16:29 21      BAND_BBG001K003W2_2021-03-24
2021-06-08 01:16:29 24      BAX_BBG000BCVJ77_2021-03-24
2021-06-08 01:16:29 27      BBIO_BBG00P9KDZK6_2021-03-24
2021-06-08 01:16:29 27      BBIO: SPYKE!. Candle: ID:19, Time: 12:55, Close: 67.88
2021-06-08 01:16:29 28      BBSI_BBG000BHJSC4_2021-03-24
2021-06-08 01:16:29 29      BBY_BBG000BCWCG1_2021-03-24
2021-06-08 01:16:29 32      BC_BBG000BCWSS3_2021-03-24
2021-06-08 01:16:29 33      BCO_BBG000DR5QP5_2021-03-24
2021-06-08 01:16:29 33      BCO: SPYKE!. Candle: ID:5, Time: 13:30, Close: 78.1
2021-06-08 01:16:29 34      BCPC_BBG000BCY878_2021-03-24
2021-06-08 01:16:29 35      BDC_BBG000Q4XNV1_2021-03-24
2021-06-08 01:16:29 36      BDTX_BBG00MS4Y0W9_2021-03-24
2021-06-08 01:16:29 38      BDX_BBG000BCZYD3_2021-03-24
2021-06-08 01:16:29 39      BECN_BBG000BKTXF2_2021-03-24
2021-06-08 01:16:29 41      BEN_BBG000BD0TF8_2021-03-24
2021-06-08 01:16:29 42      BERY_BBG000Q1R1Y9_2021-03-24
2021-06-08 01:16:29 44      BF.B_BBG000BD2NY8_2021-03-24
2021-06-08 01:16:29 45      BFAM_BBG003LFWP05_2021-03-24
2021-06-08 01:16:29 46      BFYT_BBG003QRSQD3_2021-03-24
2021-06-08 01:16:29 47      BGS_BBG000RKXRQ1_2021-03-24
2021-06-08 01:16:29 48      BH_BBG00JPRDQH1_2021-03-24
2021-06-08 01:16:29 49      BHF_BBG00DYPZ4T0_2021-03-24
2021-06-08 01:16:29 50      BIDU_BBG000QXWHD1_2021-03-24
2021-06-08 01:16:29 68      BIG_BBG000J0D904_2021-03-24
2021-06-08 01:16:29 69      BIIB_BBG000C17X76_2021-03-24
2021-06-08 01:16:29 72      BILI_BBG00K7T3037_2021-03-24
2021-06-08 01:16:29 85      BILL_BBG00QVJV6V4_2021-03-24
2021-06-08 01:16:29 86      BIO_BBG000DY28W5_2021-03-24
2021-06-08 01:16:29 87      BJRI_BBG000H9LNX1_2021-03-24
2021-06-08 01:16:29 89      BK_BBG000BD8PN9_2021-03-24
2021-06-08 01:16:29 91      BKI_BBG00GX77LW3_2021-03-24
2021-06-08 01:16:29 93      BKNG_BBG000BLBVN4_2021-03-24
2021-06-08 01:16:29 95      BKR_BBG00GBVBK51_2021-03-24
2021-06-08 01:16:29 98      BL_BBG0029KJVB0_2021-03-24
2021-06-08 01:16:30 00      BLD_BBG0077VS2C0_2021-03-24
2021-06-08 01:16:30 00      BLDR_BBG000BKD3K9_2021-03-24
2021-06-08 01:16:30 03      BLK_BBG000C2PW58_2021-03-24
2021-06-08 01:16:30 05      BLKB_BBG000BGGTW5_2021-03-24
2021-06-08 01:16:30 06      BLL_BBG000BDDNH5_2021-03-24
2021-06-08 01:16:30 08      BLUE_BBG000QGWY50_2021-03-24
2021-06-08 01:16:30 11      BMI_BBG000BDGHD9_2021-03-24
2021-06-08 01:16:30 12      BMRN_BBG000CZWZ05_2021-03-24
2021-06-08 01:16:30 15      BMY_BBG000DQLV23_2021-03-24
2021-06-08 01:16:30 19      BOH_BBG000C8D8G9_2021-03-24
2021-06-08 01:16:30 20      BOKF_BBG000CFZ003_2021-03-24
2021-06-08 01:16:30 21      BOOT_BBG0077SYZV6_2021-03-24
2021-06-08 01:16:30 22      BOX_BBG000PMSK08_2021-03-24
2021-06-08 01:16:30 25      BPMC_BBG001MC8YF7_2021-03-24
2021-06-08 01:16:30 27      BR_BBG000PPFKQ7_2021-03-24
2021-06-08 01:16:30 28      BRC_BBG000BDNV95_2021-03-24
2021-06-08 01:16:30 29      BRK.B_BBG000DWG505_2021-03-24
2021-06-08 01:16:30 33      BRKR_BBG000CL1FG7_2021-03-24
2021-06-08 01:16:30 34      BRO_BBG000BWSGF4_2021-03-24
2021-06-08 01:16:30 35      BSX_BBG000C0LW92_2021-03-24
2021-06-08 01:16:30 37      BTAI_BBG00K20GVD2_2021-03-24
2021-06-08 01:16:30 39      BTI_BBG000BWPXQ8_2021-03-24
2021-06-08 01:16:30 42      BUD_BBG000RYC984_2021-03-24
2021-06-08 01:16:30 42      BUD: SPYKE!. Candle: ID:9, Time: 7:10, Close: 57
2021-06-08 01:16:30 43      BURL_BBG004S641N5_2021-03-24
2021-06-08 01:16:30 45      BWA_BBG000BJ49H3_2021-03-24
2021-06-08 01:16:30 48      BWXT_BBG000D86F25_2021-03-24
2021-06-08 01:16:30 49      BX_BBG000BH0106_2021-03-24
2021-06-08 01:16:30 51      BXP_BBG000BS5CM9_2021-03-24
2021-06-08 01:16:30 53      BYND_BBG003CVJP50_2021-03-24
2021-06-08 01:16:30 58      BZUN_BBG008HNS333_2021-03-24
2021-06-08 01:16:30 61      C_BBG000FY4S11_2021-03-24
2021-06-08 01:16:30 70      CABO_BBG000F02T51_2021-03-24
2021-06-08 01:16:30 70      CACC_BBG000CS0D96_2021-03-24
2021-06-08 01:16:30 72      CAG_BBG000BDXGP9_2021-03-24
2021-06-08 01:16:30 74      CAH_BBG000D898T9_2021-03-24
2021-06-08 01:16:30 76      CALM_BBG000CDMJW6_2021-03-24
2021-06-08 01:16:30 78      CARA_BBG001J2QYS9_2021-03-24
2021-06-08 01:16:30 79      CARG_BBG00HQ77DS2_2021-03-24
2021-06-08 01:16:30 81      CARR_BBG00RP5HYS8_2021-03-24
2021-06-08 01:16:30 83      CARS_BBG000HGTH33_2021-03-24
2021-06-08 01:16:30 84      CARS: SPYKE!. Candle: ID:784, Time: 22:40, Close: 12.3
2021-06-08 01:16:30 84      CASY_BBG000BF0672_2021-03-24
2021-06-08 01:16:30 86      CAT_BBG000BF0K17_2021-03-24
2021-06-08 01:16:30 91      CB_BBG000BR14K5_2021-03-24
2021-06-08 01:16:30 94      CBRE_BBG000C04224_2021-03-24
2021-06-08 01:16:30 95      CBRL_BBG000BF33K1_2021-03-24
2021-06-08 01:16:30 96      CBSH_BBG000BF3G77_2021-03-24
2021-06-08 01:16:30 98      CBU_BBG000BF4D19_2021-03-24
2021-06-08 01:16:30 99      CCI_BBG000FV1Z23_2021-03-24
2021-06-08 01:16:31 01      CCK_BBG000BF6756_2021-03-24
2021-06-08 01:16:31 02      CCL_BBG000BF6LY3_2021-03-24
2021-06-08 01:16:31 19      CCOI_BBG000D0SMY8_2021-03-24
2021-06-08 01:16:31 20      CCXI_BBG000PTSB12_2021-03-24
2021-06-08 01:16:31 22      CDK_BBG006B6PVN9_2021-03-24
2021-06-08 01:16:31 23      CDLX_BBG00225ZDD0_2021-03-24
2021-06-08 01:16:31 25      CDNA_BBG006JS5785_2021-03-24
2021-06-08 01:16:31 27      CDNS_BBG000C13CD9_2021-03-24
2021-06-08 01:16:31 30      CDW_BBG001P63B80_2021-03-24
2021-06-08 01:16:31 32      CE_BBG000JYP7L8_2021-03-24
2021-06-08 01:16:31 33      CEA_BBG000BCFNR4_2021-03-24
2021-06-08 01:16:31 34      CENT_BBG000BFD605_2021-03-24
2021-06-08 01:16:31 35      CENTA_BBG000KTYB56_2021-03-24
2021-06-08 01:16:31 36      CERN_BBG000BFDLV8_2021-03-24
2021-06-08 01:16:31 38      CEVA_BBG000BN3P07_2021-03-24
2021-06-08 01:16:31 39      CF_BBG000BWJFZ4_2021-03-24
2021-06-08 01:16:31 41      CFG_BBG006Q0HY77_2021-03-24
2021-06-08 01:16:31 44      CFR_BBG000C2PL98_2021-03-24
2021-06-08 01:16:31 45      CFX_BBG000C5Z443_2021-03-24
2021-06-08 01:16:31 47      CGEN_BBG000B9ZLB0_2021-03-24
2021-06-08 01:16:31 50      CGNX_BBG000BPBVW5_2021-03-24
2021-06-08 01:16:31 53      CHD_BBG000BFJT36_2021-03-24
2021-06-08 01:16:31 54      CHDN_BBG000BGXMG9_2021-03-24
2021-06-08 01:16:31 56      CHE_BBG000C19QW1_2021-03-24
2021-06-08 01:16:31 57      CHEF_BBG001MFW6D6_2021-03-24
2021-06-08 01:16:31 58      CHGG_BBG0014XR0N5_2021-03-24
2021-06-08 01:16:31 60      CHH_BBG000BPBTL2_2021-03-24
2021-06-08 01:16:31 61      CHKP_BBG000K82ZT8_2021-03-24
2021-06-08 01:16:31 63      CHNG_BBG0059KNH10_2021-03-24
2021-06-08 01:16:31 65      CHRW_BBG000BTCH57_2021-03-24
2021-06-08 01:16:31 67      CHTR_BBG000VPGNR2_2021-03-24
2021-06-08 01:16:31 69      CHWY_BBG00P19DKZ6_2021-03-24
2021-06-08 01:16:31 73      CHX_BBG00JH9TZ56_2021-03-24
2021-06-08 01:16:31 75      CI_BBG00KXRCDP0_2021-03-24
2021-06-08 01:16:31 78      CIEN_BBG000BP1152_2021-03-24
2021-06-08 01:16:31 80      CINF_BBG000BFPK65_2021-03-24
2021-06-08 01:16:31 81      CL_BBG000BFQYY3_2021-03-24
2021-06-08 01:16:31 84      CLDR_BBG000DRJFC8_2021-03-24
2021-06-08 01:16:31 86      CLDT_BBG000PT6BR8_2021-03-24
2021-06-08 01:16:31 87      CLF_BBG000BFRF55_2021-03-24
2021-06-08 01:16:31 91      CLGX_BBG000C2H3F0_2021-03-24
2021-06-08 01:16:31 92      CLH_BBG000BFRRX8_2021-03-24
2021-06-08 01:16:31 92      CLR_BBG000BHBGN6_2021-03-24
2021-06-08 01:16:31 94      CLX_BBG000BFS7D3_2021-03-24
2021-06-08 01:16:31 96      CMA_BBG000C75N77_2021-03-24
2021-06-08 01:16:31 98      CMC_BBG000BFSND8_2021-03-24
2021-06-08 01:16:32 00      CMCO_BBG000BCWWV0_2021-03-24
2021-06-08 01:16:32 01      CMCO: SPYKE!. Candle: ID:12, Time: 13:30, Close: 50.8
2021-06-08 01:16:32 01      CMCSA_BBG000BFT2L4_2021-03-24
2021-06-08 01:16:32 08      CME_BBG000BHLYP4_2021-03-24
2021-06-08 01:16:32 10      CMG_BBG000QX74T1_2021-03-24
2021-06-08 01:16:32 12      CMI_BBG000BGPTV6_2021-03-24
2021-06-08 01:16:32 14      CMP_BBG000C42WS4_2021-03-24
2021-06-08 01:16:32 14      CMP: SPYKE!. Candle: ID:12, Time: 13:05, Close: 65.68
2021-06-08 01:16:32 15      CMS_BBG000BFVXX0_2021-03-24
2021-06-08 01:16:32 18      CNC_BBG000BDXCJ5_2021-03-24
2021-06-08 01:16:32 19      CNK_BBG000QDVR53_2021-03-24
2021-06-08 01:16:32 24      CNP_BBG000FDBX90_2021-03-24
2021-06-08 01:16:32 26      CNS_BBG000BB0WG4_2021-03-24
2021-06-08 01:16:32 27      CNST_BBG000R1H6P8_2021-03-24
2021-06-08 01:16:32 28      CNXC_BBG00RCNQMX3_2021-03-24
2021-06-08 01:16:32 29      CNXN_BBG000BX74M4_2021-03-24
2021-06-08 01:16:32 30      COF_BBG000BGKTF9_2021-03-24
2021-06-08 01:16:32 32      COG_BBG000C3GN47_2021-03-24
2021-06-08 01:16:32 34      COHR_BBG000BG1DH3_2021-03-24
2021-06-08 01:16:32 35      COKE_BBG000BG1SX2_2021-03-24
2021-06-08 01:16:32 36      COLM_BBG000BKKQ84_2021-03-24
2021-06-08 01:16:32 38      CONE_BBG0038V5TX1_2021-03-24
2021-06-08 01:16:32 39      COO_BBG000BG3445_2021-03-24
2021-06-08 01:16:32 40      COP_BBG000BQQH30_2021-03-24
2021-06-08 01:16:32 44      CORR_BBG000CN80Y9_2021-03-24
2021-06-08 01:16:32 47      CORT_BBG000BKJG33_2021-03-24
2021-06-08 01:16:32 48      COST_BBG000F6H8W8_2021-03-24
2021-06-08 01:16:32 54      COTY_BBG000F395V1_2021-03-24
2021-06-08 01:16:32 55      COUP_BBG001J4BCN4_2021-03-24
2021-06-08 01:16:32 58      CPB_BBG000BG4202_2021-03-24
2021-06-08 01:16:32 59      CPRI_BBG0029SNR63_2021-03-24
2021-06-08 01:16:32 62      CPRT_BBG000BM9RH1_2021-03-24
2021-06-08 01:16:32 64      CPS_BBG000PSXT64_2021-03-24
2021-06-08 01:16:32 65      CR_BBG000BG7423_2021-03-24
2021-06-08 01:16:32 66      CREE_BBG000BG14P4_2021-03-24
2021-06-08 01:16:32 68      CRI_BBG000CTM4J9_2021-03-24
2021-06-08 01:16:32 69      CRL_BBG000BG5BL8_2021-03-24
2021-06-08 01:16:32 70      CRM_BBG000BN2DC2_2021-03-24
2021-06-08 01:16:32 75      CRMT_BBG000CM6L31_2021-03-24
2021-06-08 01:16:32 76      CROX_BBG000BLY663_2021-03-24
2021-06-08 01:16:32 78      CRS_BBG000BGCQT9_2021-03-24
2021-06-08 01:16:32 79      CRTX_BBG00BTK1DT8_2021-03-24
2021-06-08 01:16:32 80      CRTX: SPYKE!. Candle: ID:119, Time: 13:40, Close: 33.45
2021-06-08 01:16:32 81      CRUS_BBG000C1DHF5_2021-03-24
2021-06-08 01:16:32 83      CRVL_BBG000CVKZY0_2021-03-24
2021-06-08 01:16:32 83      CRWD_BBG00BLYKS03_2021-03-24
2021-06-08 01:16:32 88      CSCO_BBG000C3J3C9_2021-03-24
2021-06-08 01:16:32 96      CSGP_BBG000D7JKW9_2021-03-24
2021-06-08 01:16:32 98      CSGS_BBG000G3TQV2_2021-03-24
2021-06-08 01:16:32 99      CSII_BBG000NWQ9S5_2021-03-24
2021-06-08 01:16:33 00      CSL_BBG000BGGBT8_2021-03-24
2021-06-08 01:16:33 01      CSOD_BBG0016X4XN6_2021-03-24
2021-06-08 01:16:33 02      CSWI_BBG007NLG4L3_2021-03-24
2021-06-08 01:16:33 03      CSX_BBG000BGJRC8_2021-03-24
2021-06-08 01:16:33 08      CTAS_BBG000H3YXF8_2021-03-24
2021-06-08 01:16:33 10      CTB_BBG000BGKXV2_2021-03-24
2021-06-08 01:16:33 11      CTLT_BBG005XR47P5_2021-03-24
2021-06-08 01:16:33 13      CTSH_BBG000BBDV81_2021-03-24
2021-06-08 01:16:33 16      CTVA_BBG00BN969C1_2021-03-24
2021-06-08 01:16:33 19      CTXS_BBG000FQ6PY6_2021-03-24
2021-06-08 01:16:33 21      CVCO_BBG000K4WS65_2021-03-24
2021-06-08 01:16:33 22      CVET_BBG00KR691K8_2021-03-24
2021-06-08 01:16:33 23      CVGW_BBG000BGPQW1_2021-03-24
2021-06-08 01:16:33 24      CVLT_BBG000BG88X9_2021-03-24
2021-06-08 01:16:33 25      CVNA_BBG00GCTWDJ3_2021-03-24
2021-06-08 01:16:33 27      CVS_BBG000BGRY34_2021-03-24
2021-06-08 01:16:33 29      CVX_BBG000K4ND22_2021-03-24
2021-06-08 01:16:33 37      CW_BBG000BGSPS5_2021-03-24
2021-06-08 01:16:33 39      CWST_BBG000BT0J38_2021-03-24
2021-06-08 01:16:33 40      CWT_BBG000D8KTN6_2021-03-24
2021-06-08 01:16:33 41      CY_BBG000BXNJ07_2021-03-24
2021-06-08 01:16:33 42      D_BBG000BGVW60_2021-03-24
2021-06-08 01:16:33 44      DAL_BBG000R7Z112_2021-03-24
2021-06-08 01:16:33 51      DAR_BBG000BN8ZK8_2021-03-24
2021-06-08 01:16:33 52      DBX_BBG0018SLDN0_2021-03-24
2021-06-08 01:16:33 57      DCI_BBG000BGZP70_2021-03-24
2021-06-08 01:16:33 59      DCPH_BBG00HMJ9H54_2021-03-24
2021-06-08 01:16:33 60      DD_BBG00BN961G4_2021-03-24
2021-06-08 01:16:33 64      DDOG_BBG003NJHZT9_2021-03-24
2021-06-08 01:16:33 69      DDS_BBG000BS4MP5_2021-03-24
2021-06-08 01:16:33 69      DE_BBG000BH1NH9_2021-03-24
2021-06-08 01:16:33 71      DECK_BBG000BKXYX5_2021-03-24
2021-06-08 01:16:33 72      DELL_BBG00DW3SZS1_2021-03-24
2021-06-08 01:16:33 74      DFS_BBG000QBR5J5_2021-03-24
2021-06-08 01:16:33 78      DG_BBG000NV1KK7_2021-03-24
2021-06-08 01:16:33 80      DGX_BBG000BN84F3_2021-03-24
2021-06-08 01:16:33 82      DHI_BBG000DQTXY6_2021-03-24
2021-06-08 01:16:33 84      DHR_BBG000BH3JF8_2021-03-24
2021-06-08 01:16:33 86      DIOD_BBG000G25P51_2021-03-24
2021-06-08 01:16:33 88      DIS_BBG000BH4R78_2021-03-24
2021-06-08 01:16:33 96      DISCA_BBG000CHWP52_2021-03-24
2021-06-08 01:16:34 06      DISCB_BBG000F7L5N7_2021-03-24
2021-06-08 01:16:34 07      DISCB: SPYKE!. Candle: ID:209, Time: 14:50, Close: 76
2021-06-08 01:16:34 07      DISCB: SPYKE!. Candle: ID:210, Time: 14:50, Close: 76
2021-06-08 01:16:34 07      DISCB: SPYKE!. Candle: ID:362, Time: 18:40, Close: 65
2021-06-08 01:16:34 07      DISCB: SPYKE!. Candle: ID:367, Time: 18:40, Close: 65
2021-06-08 01:16:34 07      DISCB: SPYKE!. Candle: ID:368, Time: 18:40, Close: 63
2021-06-08 01:16:34 07      DISCB: SPYKE!. Candle: ID:425, Time: 19:40, Close: 65.36
2021-06-08 01:16:34 07      DISCB: SPYKE!. Candle: ID:441, Time: 20:00, Close: 65.5
2021-06-08 01:16:34 07      DISCK_BBG000VMWHH5_2021-03-24
2021-06-08 01:16:34 10      DISCK: SPYKE!. Candle: ID:76, Time: 13:05, Close: 64.55
2021-06-08 01:16:34 15      DK_BBG00FZYFVC5_2021-03-24
2021-06-08 01:16:34 17      DKNG_BBG00TCBG714_2021-03-24
2021-06-08 01:16:34 26      DKS_BBG000F6ZWH2_2021-03-24
2021-06-08 01:16:34 28      DLB_BBG000DGLTG5_2021-03-24
2021-06-08 01:16:34 29      DLR_BBG000Q5ZRM7_2021-03-24
2021-06-08 01:16:34 31      DLTH_BBG002GBMZG4_2021-03-24
2021-06-08 01:16:34 32      DLTR_BBG000BSC0K9_2021-03-24
2021-06-08 01:16:34 35      DLX_BBG000BH6360_2021-03-24
2021-06-08 01:16:34 35      DNLI_BBG008P7F869_2021-03-24
2021-06-08 01:16:34 37      DNOW_BBG005BLN209_2021-03-24
2021-06-08 01:16:34 37      DOCU_BBG000N7KJX8_2021-03-24
2021-06-08 01:16:34 42      DORM_BBG000BM22F5_2021-03-24
2021-06-08 01:16:34 43      DOV_BBG000BHB3M6_2021-03-24
2021-06-08 01:16:34 44      DOW_BBG00BN96922_2021-03-24
2021-06-08 01:16:34 47      DPZ_BBG000P458P3_2021-03-24
2021-06-08 01:16:34 49      DRE_BBG000BHD8S7_2021-03-24
2021-06-08 01:16:34 51      DRI_BBG000BBNYF6_2021-03-24
2021-06-08 01:16:34 54      DRNA_BBG001J1DB23_2021-03-24
2021-06-08 01:16:34 55      DRQ_BBG000BVDBY2_2021-03-24
2021-06-08 01:16:34 56      DT_BBG00PNN7C40_2021-03-24
2021-06-08 01:16:34 58      DVA_BBG000MQ1SN9_2021-03-24
2021-06-08 01:16:34 59      DVN_BBG000BBVJZ8_2021-03-24
2021-06-08 01:16:34 63      DXC_BBG00FN64XT9_2021-03-24
2021-06-08 01:16:34 65      DXCM_BBG000QTF8K1_2021-03-24
2021-06-08 01:16:34 67      DY_BBG000C4SKT1_2021-03-24
2021-06-08 01:16:34 68      EA_BBG000BP0KQ8_2021-03-24
2021-06-08 01:16:34 72      EAT_BBG000BK28N7_2021-03-24
2021-06-08 01:16:34 74      EBAY_BBG000C43RR5_2021-03-24
2021-06-08 01:16:34 79      EBS_BBG000GW06J7_2021-03-24
2021-06-08 01:16:34 80      ECHO_BBG000RFP8W6_2021-03-24
2021-06-08 01:16:34 81      ECL_BBG000BHKYH4_2021-03-24
2021-06-08 01:16:34 82      ECPG_BBG000F369C7_2021-03-24
2021-06-08 01:16:34 84      ED_BBG000BHLYS1_2021-03-24
2021-06-08 01:16:34 85      EDIT_BBG005MX5GZ2_2021-03-24
2021-06-08 01:16:34 88      EEFT_BBG000BMNBY1_2021-03-24
2021-06-08 01:16:34 89      EFX_BBG000BHPL78_2021-03-24
2021-06-08 01:16:34 91      EGHT_BBG000BCGHH7_2021-03-24
2021-06-08 01:16:34 92      EGRX_BBG005Y3XWH9_2021-03-24
2021-06-08 01:16:34 93      EHTH_BBG000P5JQX6_2021-03-24
2021-06-08 01:16:34 95      EIX_BBG000D7RKJ5_2021-03-24
2021-06-08 01:16:34 97      EL_BBG000FKJRC5_2021-03-24
2021-06-08 01:16:34 98      ELAN_BBG00LJYS1P8_2021-03-24
2021-06-08 01:16:35 00      ELS_BBG000BB7SX7_2021-03-24
2021-06-08 01:16:35 02      EME_BBG000BBRPL4_2021-03-24
2021-06-08 01:16:35 03      EMN_BBG000BLW530_2021-03-24
2021-06-08 01:16:35 04      EMR_BBG000BHX7N2_2021-03-24
2021-06-08 01:16:35 07      ENDP_BBG000C0HQ54_2021-03-24
2021-06-08 01:16:35 08      ENPH_BBG001R3MNY9_2021-03-24
2021-06-08 01:16:35 11      ENR_BBG006FCB019_2021-03-24
2021-06-08 01:16:35 12      ENS_BBG000PWTD92_2021-03-24
2021-06-08 01:16:35 13      ENTA_BBG001V9NSB4_2021-03-24
2021-06-08 01:16:35 14      ENTG_BBG000CTV4N4_2021-03-24
2021-06-08 01:16:35 16      ENV_BBG000Q4NZ54_2021-03-24
2021-06-08 01:16:35 17      EOG_BBG000BZ9223_2021-03-24
2021-06-08 01:16:35 20      EPAM_BBG000MHTV89_2021-03-24
2021-06-08 01:16:35 21      EPAY_BBG000BRNH31_2021-03-24
2021-06-08 01:16:35 22      EPC_BBG000BRW644_2021-03-24
2021-06-08 01:16:35 23      EQIX_BBG000MBDGM6_2021-03-24
2021-06-08 01:16:35 24      EQT_BBG000BHZ5J9_2021-03-24
2021-06-08 01:16:35 28      ERIE_BBG000BBTJZ1_2021-03-24
2021-06-08 01:16:35 29      ES_BBG000BQ87N0_2021-03-24
2021-06-08 01:16:35 32      ESPR_BBG004KB3S72_2021-03-24
2021-06-08 01:16:35 34      ESS_BBG000CGJMB9_2021-03-24
2021-06-08 01:16:35 35      ET_BBG000BM2FL9_2021-03-24
2021-06-08 01:16:35 38      ETN_BBG000BJ3PD2_2021-03-24
2021-06-08 01:16:35 41      ETR_BBG000C1FQS9_2021-03-24
2021-06-08 01:16:35 42      ETRN_BBG00K53L394_2021-03-24
2021-06-08 01:16:35 44      ETSY_BBG000N7MXL8_2021-03-24
2021-06-08 01:16:35 49      EV_BBG000DBVBY4_2021-03-24
2021-06-08 01:16:35 50      EVBG_BBG0022FMPD5_2021-03-24
2021-06-08 01:16:35 51      EVER_BBG00F17NDH7_2021-03-24
2021-06-08 01:16:35 52      EVH_BBG005CHLM96_2021-03-24
2021-06-08 01:16:35 53      EVR_BBG000BP30Y0_2021-03-24
2021-06-08 01:16:35 54      EVRG_BBG00H433CR2_2021-03-24
2021-06-08 01:16:35 55      EW_BBG000BRXP69_2021-03-24
2021-06-08 01:16:35 58      EWBC_BBG000CR20B1_2021-03-24
2021-06-08 01:16:35 60      EXAS_BBG000CWL0F5_2021-03-24
2021-06-08 01:16:35 62      EXC_BBG000J6XT05_2021-03-24
2021-06-08 01:16:35 66      EXEL_BBG000BQ4WF8_2021-03-24
2021-06-08 01:16:35 68      EXLS_BBG000NS3P30_2021-03-24
2021-06-08 01:16:35 69      EXP_BBG000BJW241_2021-03-24
2021-06-08 01:16:35 70      EXPD_BBG000BJ5GK2_2021-03-24
2021-06-08 01:16:35 72      EXPE_BBG000QY3XZ2_2021-03-24
2021-06-08 01:16:35 75      EXR_BBG000PV27K3_2021-03-24
2021-06-08 01:16:35 76      EYE_BBG00HVQF9K2_2021-03-24
2021-06-08 01:16:35 78      F_BBG000BQPC32_2021-03-24
2021-06-08 01:16:35 82      FANG_BBG002PHSYX9_2021-03-24
2021-06-08 01:16:35 85      FARO_BBG000BJD7C2_2021-03-24
2021-06-08 01:16:35 86      FAST_BBG000BJ8YN7_2021-03-24
2021-06-08 01:16:35 89      FATE_BBG000QP35H2_2021-03-24
2021-06-08 01:16:35 92      FB_BBG000MM2P62_2021-03-24
2021-06-08 01:16:36 11      FBHS_BBG001B4BV87_2021-03-24
2021-06-08 01:16:36 12      FCFS_BBG000DNF659_2021-03-24
2021-06-08 01:16:36 13      FCN_BBG000K88H58_2021-03-24
2021-06-08 01:16:36 15      FCX_BBG000BJDB15_2021-03-24
2021-06-08 01:16:36 23      FDS_BBG000BDJL83_2021-03-24
2021-06-08 01:16:36 24      FDX_BBG000BJF1Z8_2021-03-24
2021-06-08 01:16:36 27      FELE_BBG000BJGGV8_2021-03-24
2021-06-08 01:16:36 27      FFIV_BBG000CXYSZ6_2021-03-24
2021-06-08 01:16:36 30      FGEN_BBG000FW5ZL6_2021-03-24
2021-06-08 01:16:36 31      FICO_BBG000DW76Y6_2021-03-24
2021-06-08 01:16:36 32      FIS_BBG000BK2F42_2021-03-24
2021-06-08 01:16:36 35      FISV_BBG000BJKPG0_2021-03-24
2021-06-08 01:16:36 38      FITB_BBG000BJL3N0_2021-03-24
2021-06-08 01:16:36 42      FIVN_BBG001KHJM17_2021-03-24
2021-06-08 01:16:36 43      FIZZ_BBG000BF8CB6_2021-03-24
2021-06-08 01:16:36 45      FL_BBG000BX8DC4_2021-03-24
2021-06-08 01:16:36 47      FLIR_BBG000BHK836_2021-03-24
2021-06-08 01:16:36 48      FLOW_BBG007FL7ZD2_2021-03-24
2021-06-08 01:16:36 49      FLR_BBG000BB1TH9_2021-03-24
2021-06-08 01:16:36 51      FLS_BBG000FFH4P5_2021-03-24
2021-06-08 01:16:36 55      FLT_BBG000GPXKX9_2021-03-24
2021-06-08 01:16:36 56      FLWS_BBG000BBR9P6_2021-03-24
2021-06-08 01:16:36 56      FLWS: SPYKE!. Candle: ID:123, Time: 11:45, Close: 28.29
2021-06-08 01:16:36 57      FMC_BBG000BJP882_2021-03-24
2021-06-08 01:16:36 59      FND_BBG007GJ2F81_2021-03-24
2021-06-08 01:16:36 60      FNKO_BBG00HXSHDQ9_2021-03-24
2021-06-08 01:16:36 76      FOCS_BBG00L0YTFN8_2021-03-24
2021-06-08 01:16:36 78      FOE_BBG000BJQK11_2021-03-24
2021-06-08 01:16:36 78      FOLD_BBG000PLF6N0_2021-03-24
2021-06-08 01:16:36 83      FORM_BBG000D1Y3P1_2021-03-24
2021-06-08 01:16:36 84      FORR_BBG000HGNYG8_2021-03-24
2021-06-08 01:16:36 85      FOX_BBG00JHNKJY8_2021-03-24
2021-06-08 01:16:36 90      FOXA_BBG00JHNJW99_2021-03-24
2021-06-08 01:16:36 93      FOXF_BBG004T7VS53_2021-03-24
2021-06-08 01:16:36 95      FRHC_BBG000N625H8_2021-03-24
2021-06-08 01:16:36 96      FRPH_BBG000HCVWW4_2021-03-24
2021-06-08 01:16:36 97      FRPT_BBG001D0HB36_2021-03-24
2021-06-08 01:16:36 98      FSLR_BBG000BFL116_2021-03-24
2021-06-08 01:16:37 01      FSLY_BBG004NLQHL0_2021-03-24
2021-06-08 01:16:37 04      FTCH_BBG00LSD4456_2021-03-24
2021-06-08 01:16:37 08      FTI_BBG00DL8NMV2_2021-03-24
2021-06-08 01:16:37 10      FTNT_BBG000BCMBG4_2021-03-24
2021-06-08 01:16:37 12      FTV_BBG00BLVZ228_2021-03-24
2021-06-08 01:16:37 15      FUL_BBG000BJZ7V7_2021-03-24
2021-06-08 01:16:37 15      FUL: SPYKE!. Candle: ID:1011, Time: 20:20, Close: 59.55
2021-06-08 01:16:37 16      GATX_BBG000BKGXQ4_2021-03-24
2021-06-08 01:16:37 17      GBCI_BBG000C3KB84_2021-03-24
2021-06-08 01:16:37 18      GBT_BBG00341H6M0_2021-03-24
2021-06-08 01:16:37 20      GBX_BBG000CF5097_2021-03-24
2021-06-08 01:16:37 21      GCO_BBG000BK5S78_2021-03-24
2021-06-08 01:16:37 22      GCP_BBG0082W8Q12_2021-03-24
2021-06-08 01:16:37 23      GD_BBG000BK67C7_2021-03-24
2021-06-08 01:16:37 24      GDDY_BBG006MDLY05_2021-03-24
2021-06-08 01:16:37 26      GDOT_BBG000QDJT53_2021-03-24
2021-06-08 01:16:37 27      GE_BBG000BK6MB5_2021-03-24
2021-06-08 01:16:37 32      GEF_BBG000BLFNC0_2021-03-24
2021-06-08 01:16:37 33      GGG_BBG000BK9W84_2021-03-24
2021-06-08 01:16:37 34      GH_BBG006D97VY9_2021-03-24
2021-06-08 01:16:37 35      GHC_BBG000C3FGH9_2021-03-24
2021-06-08 01:16:37 35      GILD_BBG000CKGBP2_2021-03-24
2021-06-08 01:16:37 40      GIS_BBG000BKCFC2_2021-03-24
2021-06-08 01:16:37 46      GKOS_BBG000WG2LQ1_2021-03-24
2021-06-08 01:16:37 47      GL_BBG000BVD6X4_2021-03-24
2021-06-08 01:16:37 48      GLW_BBG000BKFZM4_2021-03-24
2021-06-08 01:16:37 51      GM_BBG000NDYB67_2021-03-24
2021-06-08 01:16:37 59      GMED_BBG002V87SD0_2021-03-24
2021-06-08 01:16:37 60      GMS_BBG009Q036D0_2021-03-24
2021-06-08 01:16:37 61      GNL_BBG004HXD0G8_2021-03-24
2021-06-08 01:16:37 62      GNRC_BBG000PQ4W72_2021-03-24
2021-06-08 01:16:37 64      GO_BBG00P4R3079_2021-03-24
2021-06-08 01:16:37 65      GOOG_BBG009S3NB30_2021-03-24
2021-06-08 01:16:37 70      GOOGL_BBG009S39JX6_2021-03-24
2021-06-08 01:16:37 77      GOSS_BBG00MVWLLM2_2021-03-24
2021-06-08 01:16:37 84      GPC_BBG000BKL348_2021-03-24
2021-06-08 01:16:37 86      GPI_BBG000BB88K4_2021-03-24
2021-06-08 01:16:37 87      GPN_BBG000CX0P89_2021-03-24
2021-06-08 01:16:37 89      GPS_BBG000BKLH74_2021-03-24
2021-06-08 01:16:37 94      GRA_BBG000BB8PG1_2021-03-24
2021-06-08 01:16:37 95      GRMN_BBG000C4LN67_2021-03-24
2021-06-08 01:16:37 97      GRUB_BBG001KWG293_2021-03-24
2021-06-08 01:16:37 99      GS_BBG000C6CFJ5_2021-03-24
2021-06-08 01:16:38 03      GSH_BBG000GLG0G0_2021-03-24
2021-06-08 01:16:38 04      GSKY_BBG00KT2SCV8_2021-03-24
2021-06-08 01:16:38 04      GSKY: SPYKE!. Candle: ID:12, Time: 7:10, Close: 5.91
2021-06-08 01:16:38 05      GT_BBG000BKNX95_2021-03-24
2021-06-08 01:16:38 08      GTHX_BBG005F1DK91_2021-03-24
2021-06-08 01:16:38 12      GTLS_BBG000P1K2X6_2021-03-24
2021-06-08 01:16:38 14      GTN_BBG000DSQLQ0_2021-03-24
2021-06-08 01:16:38 15      GVA_BBG000DVB833_2021-03-24
2021-06-08 01:16:38 16      GWRE_BBG001C7PM75_2021-03-24
2021-06-08 01:16:38 17      GWW_BBG000BKR1D6_2021-03-24
2021-06-08 01:16:38 18      H_BBG000CVRFS4_2021-03-24
2021-06-08 01:16:38 20      HA_BBG000BC4185_2021-03-24
2021-06-08 01:16:38 21      HAE_BBG000C7TF41_2021-03-24
2021-06-08 01:16:38 22      HAIN_BBG000BQW085_2021-03-24
2021-06-08 01:16:38 22      HAL_BBG000BKTFN2_2021-03-24
2021-06-08 01:16:38 26      HALO_BBG000CZ8W54_2021-03-24
2021-06-08 01:16:38 28      HAS_BBG000BKVJK4_2021-03-24
2021-06-08 01:16:38 29      HBAN_BBG000BKWSR6_2021-03-24
2021-06-08 01:16:38 32      HBI_BBG000D2ZTS8_2021-03-24
2021-06-08 01:16:38 34      HCA_BBG000QW7VC1_2021-03-24
2021-06-08 01:16:38 35      HCCI_BBG000CCFB17_2021-03-24
2021-06-08 01:16:38 36      HCCI: SPYKE!. Candle: ID:7, Time: 13:30, Close: 25.49
2021-06-08 01:16:38 36      HCSG_BBG000BKYVF0_2021-03-24
2021-06-08 01:16:38 37      HD_BBG000BKZB36_2021-03-24
2021-06-08 01:16:38 42      HEAR_BBG000BM6N47_2021-03-24
2021-06-08 01:16:38 44      HEI_BBG000BL16Q7_2021-03-24
2021-06-08 01:16:38 45      HES_BBG000BBD070_2021-03-24
2021-06-08 01:16:38 47      HFC_BBG000BL9JQ1_2021-03-24
2021-06-08 01:16:38 49      HGV_BBG00CBYY6M1_2021-03-24
2021-06-08 01:16:38 51      HHC_BBG000MJRJJ2_2021-03-24
2021-06-08 01:16:38 51      HHR_BBG00KHGQ0H4_2021-03-24
2021-06-08 01:16:38 52      HIBB_BBG000H001V3_2021-03-24
2021-06-08 01:16:38 54      HIG_BBG000G0Z878_2021-03-24
2021-06-08 01:16:38 57      HII_BBG001KJ2HM9_2021-03-24
2021-06-08 01:16:38 58      HIIQ_TCS003QRSQD3_2021-03-24
2021-06-08 01:16:38 58      HLT_BBG0058KMH30_2021-03-24
2021-06-08 01:16:38 60      HNP_BBG000BX5YM0_2021-03-24
2021-06-08 01:16:38 61      HNP: SPYKE!. Candle: ID:121, Time: 20:00, Close: 14.57
2021-06-08 01:16:38 61      HOG_BBG000BKZTP3_2021-03-24
2021-06-08 01:16:38 62      HOLX_BBG000C3NTN5_2021-03-24
2021-06-08 01:16:38 64      HON_BBG000H556T9_2021-03-24
2021-06-08 01:16:38 67      HP_BBG000BLCPY4_2021-03-24
2021-06-08 01:16:38 69      HPE_BBG0078W3NQ3_2021-03-24
2021-06-08 01:16:38 71      HPQ_BBG000KHWT55_2021-03-24
2021-06-08 01:16:38 74      HQY_BBG000TYXCT9_2021-03-24
2021-06-08 01:16:38 75      HRB_BBG000BLDV98_2021-03-24
2021-06-08 01:16:38 77      HRC_BBG000BKWCS0_2021-03-24
2021-06-08 01:16:38 78      HRL_BBG000BLF8D2_2021-03-24
2021-06-08 01:16:38 79      HRTX_BBG000G2GJT7_2021-03-24
2021-06-08 01:16:38 82      HSC_BBG000BLH3P8_2021-03-24
2021-06-08 01:16:38 83      HSIC_BBG000BNMMJ3_2021-03-24
2021-06-08 01:16:38 85      HSKA_BBG000BWFH48_2021-03-24
2021-06-08 01:16:38 88      HST_BBG000BL8804_2021-03-24
2021-06-08 01:16:38 91      HSY_BBG000BLHRS2_2021-03-24
2021-06-08 01:16:38 93      HTA_BBG000PRJCX9_2021-03-24
2021-06-08 01:16:38 94      HTHT_BBG000QFPM65_2021-03-24
2021-06-08 01:16:38 95      HTHT: SPYKE!. Candle: ID:2, Time: 7:40, Close: 52.44
2021-06-08 01:16:38 97      HUBB_BBG000BLK267_2021-03-24
2021-06-08 01:16:38 98      HUBG_BBG000G9W6L0_2021-03-24
2021-06-08 01:16:39 02      HUBS_BBG000N7MZ06_2021-03-24
2021-06-08 01:16:39 04      HUM_BBG000BLKK03_2021-03-24
2021-06-08 01:16:39 06      HURN_BBG000PV2M48_2021-03-24
2021-06-08 01:16:39 07      HWM_BBG00DYNJGH9_2021-03-24
2021-06-08 01:16:39 09      HXL_BBG000BLMDQ9_2021-03-24
2021-06-08 01:16:39 10      IAC_BBG000BKQG80_2021-03-24
2021-06-08 01:16:39 13      IART_BBG000BZJQL8_2021-03-24
2021-06-08 01:16:39 14      IBKR_BBG000LV0836_2021-03-24
2021-06-08 01:16:39 16      IBM_BBG000BLNNH6_2021-03-24
2021-06-08 01:16:39 19      IBN_BBG000DRM643_2021-03-24
2021-06-08 01:16:39 21      IBP_BBG005TJKDZ6_2021-03-24
2021-06-08 01:16:39 23      ICE_BBG000C1FB75_2021-03-24
2021-06-08 01:16:39 24      ICPT_BBG001J1QN87_2021-03-24
2021-06-08 01:16:39 27      ICUI_BBG000CQV2N4_2021-03-24
2021-06-08 01:16:39 28      IDCC_BBG000HLJ7M4_2021-03-24
2021-06-08 01:16:39 30      IDXX_BBG000BLRT07_2021-03-24
2021-06-08 01:16:39 33      IEX_BBG000C1HN22_2021-03-24
2021-06-08 01:16:39 34      IFF_BBG000BLSL58_2021-03-24
2021-06-08 01:16:39 36      IGMS_BBG00PNR1BT2_2021-03-24
2021-06-08 01:16:39 37      IIPR_BBG00F0SW7N8_2021-03-24
2021-06-08 01:16:39 38      IIVI_BBG000BLW102_2021-03-24
2021-06-08 01:16:39 42      ILMN_BBG000DSMS70_2021-03-24
2021-06-08 01:16:39 47      IMMU_BBG000BLXT19_2021-03-24
2021-06-08 01:16:39 47      INCY_BBG000BNPSQ9_2021-03-24
2021-06-08 01:16:39 51      INDB_BBG000BM0597_2021-03-24
2021-06-08 01:16:39 52      INFO_BBG006G063F9_2021-03-24
2021-06-08 01:16:39 54      INGN_BBG0021PH456_2021-03-24
2021-06-08 01:16:39 55      INGR_BBG000BXPZB7_2021-03-24
2021-06-08 01:16:39 56      INMD_BBG00PPS73P4_2021-03-24
2021-06-08 01:16:39 57      INSP_BBG00209SZJ7_2021-03-24
2021-06-08 01:16:39 58      INTC_BBG000C0G1D1_2021-03-24
2021-06-08 01:16:39 87      INTU_BBG000BH5DV1_2021-03-24
2021-06-08 01:16:39 91      INVH_BBG00FQH6BS9_2021-03-24
2021-06-08 01:16:39 93      IONS_BBG000JH6683_2021-03-24
2021-06-08 01:16:39 97      IOSP_BBG000BMFNP4_2021-03-24
2021-06-08 01:16:39 98      IOVA_BBG000FTLBV7_2021-03-24
2021-06-08 01:16:40 01      IP_BBG000BM5SR2_2021-03-24
2021-06-08 01:16:40 03      IPAR_BBG000GCSWR5_2021-03-24
2021-06-08 01:16:40 03      IPG_BBG000C90DH9_2021-03-24
2021-06-08 01:16:40 06      IPGP_BBG000DCGRL8_2021-03-24
2021-06-08 01:16:40 07      IQV_BBG00333FYS2_2021-03-24
2021-06-08 01:16:40 08      IR_BBG002R1CW27_2021-03-24
2021-06-08 01:16:40 10      IRBT_BBG000HXJB21_2021-03-24
2021-06-08 01:16:40 11      IRDM_BBG000VC0FC1_2021-03-24
2021-06-08 01:16:40 14      IRM_BBG000KCZPC3_2021-03-24
2021-06-08 01:16:40 15      IRTC_BBG001J19V24_2021-03-24
2021-06-08 01:16:40 17      ISRG_BBG000BJPDZ1_2021-03-24
2021-06-08 01:16:40 19      IT_BBG000BB65D0_2021-03-24
2021-06-08 01:16:40 20      ITCI_BBG0026ZFZC4_2021-03-24
2021-06-08 01:16:40 21      ITGR_BBG000BW6JV4_2021-03-24
2021-06-08 01:16:40 22      ITRI_BBG000BD2167_2021-03-24
2021-06-08 01:16:40 24      ITT_BBG00CVQZQ96_2021-03-24
2021-06-08 01:16:40 25      ITW_BBG000BMBL90_2021-03-24
2021-06-08 01:16:40 27      IVZ_BBG000BY2Y78_2021-03-24
2021-06-08 01:16:40 30      J_BBG000BMFFQ0_2021-03-24
2021-06-08 01:16:40 31      JACK_BBG000GZYVY1_2021-03-24
2021-06-08 01:16:40 33      JBHT_BBG000BMDBZ1_2021-03-24
2021-06-08 01:16:40 34      JBSS_BBG000CHPMY5_2021-03-24
2021-06-08 01:16:40 35      JBT_BBG000VLBCQ1_2021-03-24
2021-06-08 01:16:40 36      JCI_BBG000BVWLJ6_2021-03-24
2021-06-08 01:16:40 39      JCOM_BBG000F3CWW7_2021-03-24
2021-06-08 01:16:40 41      JD_BBG005YHY0Q7_2021-03-24
2021-06-08 01:16:40 57      JEF_BBG000BNHSP9_2021-03-24
2021-06-08 01:16:40 58      JELD_BBG0019GM953_2021-03-24
2021-06-08 01:16:40 60      JJSF_BBG000BMGPW0_2021-03-24
2021-06-08 01:16:40 61      JKHY_BBG000BMH2Q7_2021-03-24
2021-06-08 01:16:40 63      JLL_BBG000C2L2L0_2021-03-24
2021-06-08 01:16:40 64      JNJ_BBG000BMHYD1_2021-03-24
2021-06-08 01:16:40 70      JNPR_BBG000BY33P5_2021-03-24
2021-06-08 01:16:40 72      JOBS_BBG000BJD1D4_2021-03-24
2021-06-08 01:16:40 74      JOUT_BBG000HCXFS4_2021-03-24
2021-06-08 01:16:40 74      JPM_BBG000DMBXR2_2021-03-24
2021-06-08 01:16:40 82      JWN_BBG000G8N9C6_2021-03-24
2021-06-08 01:16:40 85      K_BBG000BMKDM3_2021-03-24
2021-06-08 01:16:40 87      KALU_BBG000PKZDX4_2021-03-24
2021-06-08 01:16:40 88      KBH_BBG000BMLWX8_2021-03-24
2021-06-08 01:16:40 92      KDP_BBG000TJM7F0_2021-03-24
2021-06-08 01:16:40 95      KEP_BBG000BCWG90_2021-03-24
2021-06-08 01:16:40 95      KEX_BBG000BMQCP6_2021-03-24
2021-06-08 01:16:40 96      KEY_BBG000BMQPL1_2021-03-24
2021-06-08 01:16:40 98      KEYS_BBG0059FN811_2021-03-24
2021-06-08 01:16:40 99      KFY_BBG000C5QMB5_2021-03-24
2021-06-08 01:16:41 00      KHC_BBG005CPNTQ2_2021-03-24
2021-06-08 01:16:41 03      KIDS_BBG00HFFRW39_2021-03-24
2021-06-08 01:16:41 04      KIM_BBG000CN3S73_2021-03-24
2021-06-08 01:16:41 06      KLAC_BBG000BMTFR4_2021-03-24
2021-06-08 01:16:41 12      KMB_BBG000BMW2Z0_2021-03-24
2021-06-08 01:16:41 13      KMI_BBG0019JZ882_2021-03-24
2021-06-08 01:16:41 16      KMPR_BBG000H3GDJ8_2021-03-24
2021-06-08 01:16:41 17      KMT_BBG000BMWKC5_2021-03-24
2021-06-08 01:16:41 18      KMX_BBG000BLMZK6_2021-03-24
2021-06-08 01:16:41 20      KNSL_BBG00D8JD9Z9_2021-03-24
2021-06-08 01:16:41 21      KNX_BBG000BFC848_2021-03-24
2021-06-08 01:16:41 22      KO_BBG000BMX289_2021-03-24
2021-06-08 01:16:41 26      KOD_BBG00BVR0D02_2021-03-24
2021-06-08 01:16:41 27      KR_BBG000BMY992_2021-03-24
2021-06-08 01:16:41 31      KRG_BBG000BC2KW8_2021-03-24
2021-06-08 01:16:41 31      KRTX_BBG00NN875G0_2021-03-24
2021-06-08 01:16:41 32      KRYS_BBG00HDGRHH7_2021-03-24
2021-06-08 01:16:41 33      KRYS: SPYKE!. Candle: ID:20, Time: 13:30, Close: 76.1
2021-06-08 01:16:41 33      KSU_BBG000BMZ7P7_2021-03-24
2021-06-08 01:16:41 36      KTB_BBG00LPTHYD5_2021-03-24
2021-06-08 01:16:41 36      KWR_BBG000DZS2L9_2021-03-24
2021-06-08 01:16:41 37      L_BBG000C45984_2021-03-24
2021-06-08 01:16:41 38      LAD_BBG000K3BC83_2021-03-24
2021-06-08 01:16:41 39      LANC_BBG000BN1M88_2021-03-24
2021-06-08 01:16:41 40      LASR_BBG0020BCPX5_2021-03-24
2021-06-08 01:16:41 40      LASR: SPYKE!. Candle: ID:1086, Time: 20:10, Close: 30.69
2021-06-08 01:16:41 41      LB_BBG000BNGTQ7_2021-03-24
2021-06-08 01:16:41 44      LBRDK_BBG006GNSZW5_2021-03-24
2021-06-08 01:16:41 46      LCII_BBG000DNLMB0_2021-03-24
2021-06-08 01:16:41 47      LDOS_BBG000C23PB0_2021-03-24
2021-06-08 01:16:41 48      LEA_BBG000PTLGZ1_2021-03-24
2021-06-08 01:16:41 50      LECO_BBG000BB72K8_2021-03-24
2021-06-08 01:16:41 51      LEG_BBG000BN53G7_2021-03-24
2021-06-08 01:16:41 53      LEGH_BBG00MJDR6J9_2021-03-24
2021-06-08 01:16:41 54      LEN_BBG000BN5HF7_2021-03-24
2021-06-08 01:16:41 56      LEVI_BBG000BQDF10_2021-03-24
2021-06-08 01:16:41 57      LFC_BBG000BBK4B9_2021-03-24
2021-06-08 01:16:41 58      LFUS_BBG000BGFGT8_2021-03-24
2021-06-08 01:16:41 59      LGIH_BBG0056655S1_2021-03-24
2021-06-08 01:16:41 60      LGND_BBG000BKF014_2021-03-24
2021-06-08 01:16:41 61      LH_BBG000D9DMK0_2021-03-24
2021-06-08 01:16:41 63      LHCG_BBG000G7W420_2021-03-24
2021-06-08 01:16:41 64      LHX_BBG000BLGFJ9_2021-03-24
2021-06-08 01:16:41 65      LII_BBG000BB5B84_2021-03-24
2021-06-08 01:16:41 66      LIN_BBG00GVR8YQ9_2021-03-24
2021-06-08 01:16:41 68      LITE_BBG0073F9RT7_2021-03-24
2021-06-08 01:16:41 72      LKQ_BBG000PXDL44_2021-03-24
2021-06-08 01:16:41 73      LLY_BBG000BNBDC2_2021-03-24
2021-06-08 01:16:41 76      LM_BBG000BNBPQ0_2021-03-24
2021-06-08 01:16:41 77      LMT_BBG000C1BW00_2021-03-24
2021-06-08 01:16:41 80      LNN_BBG000FJS1S8_2021-03-24
2021-06-08 01:16:41 81      LNT_BBG000DW4Q75_2021-03-24
2021-06-08 01:16:41 84      LNTH_BBG006Q52RD0_2021-03-24
2021-06-08 01:16:41 85      LOGM_BBG000Q0SZJ2_2021-03-24
2021-06-08 01:16:41 85      LOPE_BBG000FV28W9_2021-03-24
2021-06-08 01:16:41 86      LOW_BBG000BNDN65_2021-03-24
2021-06-08 01:16:41 89      LPL_BBG000FJ0RK9_2021-03-24
2021-06-08 01:16:41 90      LPLA_BBG000P2TYL8_2021-03-24
2021-06-08 01:16:41 92      LPSN_BBG000BSV0W5_2021-03-24
2021-06-08 01:16:41 94      LRCX_BBG000BNFLM9_2021-03-24
2021-06-08 01:16:41 98      LRN_BBG000QSXPZ9_2021-03-24
2021-06-08 01:16:42 00      LSCC_BBG000C2D1C1_2021-03-24
2021-06-08 01:16:42 01      LSTR_BBG000BB2KN0_2021-03-24
2021-06-08 01:16:42 02      LTHM_BBG00LV3NRG0_2021-03-24
2021-06-08 01:16:42 04      LULU_BBG000R8ZVD1_2021-03-24
2021-06-08 01:16:42 07      LUMN_BBG000BGLRN3_2021-03-24
2021-06-08 01:16:42 09      LUV_BBG000BNJHS8_2021-03-24
2021-06-08 01:16:42 13      LVGO_BBG0073X4TB8_2021-03-24
2021-06-08 01:16:42 14      LVS_BBG000JWD753_2021-03-24
2021-06-08 01:16:42 17      LW_BBG003CVMLQ2_2021-03-24
2021-06-08 01:16:42 19      LYB_BBG000WCFV84_2021-03-24
2021-06-08 01:16:42 21      LYFT_BBG004M9ZHX5_2021-03-24
2021-06-08 01:16:42 25      LYV_BBG000FQ7YR4_2021-03-24
2021-06-08 01:16:42 27      M_BBG000C46HM9_2021-03-24
2021-06-08 01:16:42 31      MA_BBG000F1ZSQ2_2021-03-24
2021-06-08 01:16:42 36      MAA_BBG000BLMY92_2021-03-24
2021-06-08 01:16:42 37      MAC_BBG000BL9C59_2021-03-24
2021-06-08 01:16:42 41      MAN_BBG000BNMHS4_2021-03-24
2021-06-08 01:16:42 42      MANH_BBG000BFV758_2021-03-24
2021-06-08 01:16:42 42      MANT_BBG000BGF8B5_2021-03-24
2021-06-08 01:16:42 43      MANU_BBG0035WV4N9_2021-03-24
2021-06-08 01:16:42 45      MAR_BBG000BGD7W6_2021-03-24
2021-06-08 01:16:42 49      MAS_BBG000BNNKG9_2021-03-24
2021-06-08 01:16:42 50      MASI_BBG000C3W281_2021-03-24
2021-06-08 01:16:42 51      MAT_BBG000BNNYW1_2021-03-24
2021-06-08 01:16:42 54      MATX_BBG000BBK401_2021-03-24
2021-06-08 01:16:42 55      MBT_BBG000CSZKR2_2021-03-24
2021-06-08 01:16:42 56      MBUU_BBG005PXTR70_2021-03-24
2021-06-08 01:16:42 57      MCD_BBG000BNSZP1_2021-03-24
2021-06-08 01:16:42 59      MCHP_BBG000BHCP19_2021-03-24
2021-06-08 01:16:42 63      MCK_BBG000DYGNW7_2021-03-24
2021-06-08 01:16:42 65      MCO_BBG000F86GP6_2021-03-24
2021-06-08 01:16:42 67      MCRI_BBG000BJ0932_2021-03-24
2021-06-08 01:16:42 68      MD_BBG000H8LGK2_2021-03-24
2021-06-08 01:16:42 70      MDB_BBG0022FDRY8_2021-03-24
2021-06-08 01:16:42 73      MDGL_BBG000QS6NV8_2021-03-24
2021-06-08 01:16:42 74      MDLA_BBG001BPKGT0_2021-03-24
2021-06-08 01:16:42 76      MDLZ_BBG000D4LWF6_2021-03-24
2021-06-08 01:16:42 82      MDRX_BBG000BLDXH5_2021-03-24
2021-06-08 01:16:42 84      MDT_BBG000BNWG87_2021-03-24
2021-06-08 01:16:42 89      MED_BBG000BWBW76_2021-03-24
2021-06-08 01:16:42 90      MEDP_BBG0065B7K59_2021-03-24
2021-06-08 01:16:42 91      MEI_BBG000BNY197_2021-03-24
2021-06-08 01:16:42 93      MELI_BBG000GQPB11_2021-03-24
2021-06-08 01:16:42 95      MET_BBG000BB6KF5_2021-03-24
2021-06-08 01:16:42 97      MFGP_BBG00HFWVGN0_2021-03-24
2021-06-08 01:16:42 98      MGLN_BBG000BD6DD9_2021-03-24
2021-06-08 01:16:42 99      MGM_BBG000C2BXK4_2021-03-24
2021-06-08 01:16:43 04      MGY_BBG00GNC8DL2_2021-03-24
2021-06-08 01:16:43 04      MGY: SPYKE!. Candle: ID:95, Time: 12:05, Close: 10.8
2021-06-08 01:16:43 05      MHK_BBG000FLZN98_2021-03-24
2021-06-08 01:16:43 07      MHO_BBG000BL9MZ4_2021-03-24
2021-06-08 01:16:43 08      MIDD_BBG000DQN9R3_2021-03-24
2021-06-08 01:16:43 09      MINI_BBG000BGTX98_2021-03-24
2021-06-08 01:16:43 09      MKC_BBG000G6Y5W4_2021-03-24
2021-06-08 01:16:43 11      MKL_BBG000FC7366_2021-03-24
2021-06-08 01:16:43 12      MKSI_BBG000BVMG26_2021-03-24
2021-06-08 01:16:43 13      MKTX_BBG000BJBZ23_2021-03-24
2021-06-08 01:16:43 14      MLAB_BBG000BP3PW7_2021-03-24
2021-06-08 01:16:43 15      MLCO_BBG000BHP8J4_2021-03-24
2021-06-08 01:16:43 18      MLHR_BBG000BP46T2_2021-03-24
2021-06-08 01:16:43 19      MLM_BBG000BGYMH7_2021-03-24
2021-06-08 01:16:43 20      MMC_BBG000BP4MH0_2021-03-24
2021-06-08 01:16:43 22      MMI_BBG005GBRSR6_2021-03-24
2021-06-08 01:16:43 22      MMM_BBG000BP52R2_2021-03-24
2021-06-08 01:16:43 25      MMS_BBG000BC5WJ4_2021-03-24
2021-06-08 01:16:43 26      MMSI_BBG000C42VX0_2021-03-24
2021-06-08 01:16:43 27      MNRO_BBG000C0BZD1_2021-03-24
2021-06-08 01:16:43 28      MNST_BBG008NVB1C0_2021-03-24
2021-06-08 01:16:43 31      MO_BBG000BP6LJ8_2021-03-24
2021-06-08 01:16:43 35      MOH_BBG000MBHNC8_2021-03-24
2021-06-08 01:16:43 36      MOMO_BBG007HTCQT0_2021-03-24
2021-06-08 01:16:43 48      MORN_BBG000CGQ4F7_2021-03-24
2021-06-08 01:16:43 49      MOS_BBG000BFXHL6_2021-03-24
2021-06-08 01:16:43 52      MOV_BBG000BL30Y9_2021-03-24
2021-06-08 01:16:43 53      MPC_BBG001DCCGR8_2021-03-24
2021-06-08 01:16:43 58      MPWR_BBG000C30L48_2021-03-24
2021-06-08 01:16:43 60      MRC_BBG000BKLTM1_2021-03-24
2021-06-08 01:16:43 61      MRK_BBG000BPD168_2021-03-24
2021-06-08 01:16:43 65      MRNA_BBG003PHHZT1_2021-03-24
2021-06-08 01:16:43 72      MRO_BBG000C8H633_2021-03-24
2021-06-08 01:16:43 76      MRTX_BBG004TPGBP5_2021-03-24
2021-06-08 01:16:43 77      MS_BBG000BLZRJ2_2021-03-24
2021-06-08 01:16:43 82      MSA_BBG000BPDXF8_2021-03-24
2021-06-08 01:16:43 83      MSCI_BBG000RTDY25_2021-03-24
2021-06-08 01:16:43 85      MSFT_BBG000BPH459_2021-03-24
2021-06-08 01:16:44 13      MSGE_BBG00L9HLWV8_2021-03-24
2021-06-08 01:16:44 14      MSGN_BBG000NS03H7_2021-03-24
2021-06-08 01:16:44 15      MSGS_BBG007FG0C23_2021-03-24
2021-06-08 01:16:44 16      MSI_BBG000BP8Z50_2021-03-24
2021-06-08 01:16:44 18      MSM_BBG000BCLYL9_2021-03-24
2021-06-08 01:16:44 19      MSTR_BBG000GQJPZ0_2021-03-24
2021-06-08 01:16:44 24      MTB_BBG000D9KWL9_2021-03-24
2021-06-08 01:16:44 26      MTCH_BBG00B6WH9G3_2021-03-24
2021-06-08 01:16:44 30      MTD_BBG000BZCKH3_2021-03-24
2021-06-08 01:16:44 32      MTG_BBG000CBMH27_2021-03-24
2021-06-08 01:16:44 33      MTH_BBG000F4F1N0_2021-03-24
2021-06-08 01:16:44 34      MTN_BBG000BCMWM1_2021-03-24
2021-06-08 01:16:44 36      MTOR_BBG000BH92D1_2021-03-24
2021-06-08 01:16:44 37      MTRN_BBG000BDTT76_2021-03-24
2021-06-08 01:16:44 38      MTSC_BBG000BPL8G3_2021-03-24
2021-06-08 01:16:44 39      MU_BBG000C5Z1S3_2021-03-24
2021-06-08 01:16:44 54      MUR_BBG000BPMH90_2021-03-24
2021-06-08 01:16:44 58      MUSA_BBG001Z0Q6T5_2021-03-24
2021-06-08 01:16:44 60      MXIM_BBG000BPNP00_2021-03-24
2021-06-08 01:16:44 64      MXL_BBG000BB6R33_2021-03-24
2021-06-08 01:16:44 64      MYGN_BBG000D9H9F1_2021-03-24
2021-06-08 01:16:44 68      MYL_BBG000BPQD31_2021-03-24
2021-06-08 01:16:44 69      MYOK_BBG003DKQRK4_2021-03-24
2021-06-08 01:16:44 69      MYRG_BBG000BC7VW9_2021-03-24
2021-06-08 01:16:44 71      NARI_BBG009J8K7M0_2021-03-24
2021-06-08 01:16:44 72      NATI_BBG000DZK6N6_2021-03-24
2021-06-08 01:16:44 73      NAVI_BBG004MN1R41_2021-03-24
2021-06-08 01:16:44 75      NBIX_BBG000GJS7C1_2021-03-24
2021-06-08 01:16:44 76      NBL_BBG000BPT0C6_2021-03-24
2021-06-08 01:16:44 77      NCBS_BBG000QK0TG5_2021-03-24
2021-06-08 01:16:44 77      NCR_BBG000BMXK89_2021-03-24
2021-06-08 01:16:44 79      NDAQ_BBG000F5VVB6_2021-03-24
2021-06-08 01:16:44 81      NDSN_BBG000BPWGR1_2021-03-24
2021-06-08 01:16:44 82      NEE_BBG000BJSBJ0_2021-03-24
2021-06-08 01:16:44 87      NEM_BBG000BPWXK1_2021-03-24
2021-06-08 01:16:44 92      NEO_BBG000BKH263_2021-03-24
2021-06-08 01:16:44 93      NEOG_BBG000C1BCK2_2021-03-24
2021-06-08 01:16:44 95      NET_BBG001WMKHH5_2021-03-24
2021-06-08 01:16:44 98      NEU_BBG000BJ5SS8_2021-03-24
2021-06-08 01:16:44 99      NEWR_BBG001NFKJ68_2021-03-24
2021-06-08 01:16:45 00      NFLX_BBG000CL9VN6_2021-03-24
2021-06-08 01:16:45 07      NGVT_BBG009LM28K6_2021-03-24
2021-06-08 01:16:45 08      NJR_BBG000BPZVW9_2021-03-24
2021-06-08 01:16:45 09      NKE_BBG000C5HS04_2021-03-24
2021-06-08 01:16:45 17      NKTR_BBG000BHCYJ1_2021-03-24
2021-06-08 01:16:45 18      NLOK_BBG000BH2JM1_2021-03-24
2021-06-08 01:16:45 20      NLSN_BBG0088CYPX8_2021-03-24
2021-06-08 01:16:45 22      NMIH_BBG005DLMMZ6_2021-03-24
2021-06-08 01:16:45 24      NOC_BBG000BQ2C28_2021-03-24
2021-06-08 01:16:45 25      NOK_BBG000BNGBW9_2021-03-24
2021-06-08 01:16:45 32      NOV_BBG000BJX8C8_2021-03-24
2021-06-08 01:16:45 34      NOW_BBG000M1R011_2021-03-24
2021-06-08 01:16:45 37      NP_BBG000QCQ764_2021-03-24
2021-06-08 01:16:45 38      NPK_BBG000BQ4GG2_2021-03-24
2021-06-08 01:16:45 39      NRG_BBG000D8RG11_2021-03-24
2021-06-08 01:16:45 42      NSC_BBG000BQ5DS5_2021-03-24
2021-06-08 01:16:45 44      NSP_BBG000BJ41X2_2021-03-24
2021-06-08 01:16:45 45      NTAP_BBG000FP1N32_2021-03-24
2021-06-08 01:16:45 47      NTCO_BBG00R4ZKPN5_2021-03-24
2021-06-08 01:16:45 47      NTCT_BBG000C136Z8_2021-03-24
2021-06-08 01:16:45 48      NTES_BBG000BX72V8_2021-03-24
2021-06-08 01:16:45 51      NTGR_BBG000C4GBR6_2021-03-24
2021-06-08 01:16:45 52      NTLA_BBG007KC7PB0_2021-03-24
2021-06-08 01:16:45 55      NTNX_BBG001NDW1Z7_2021-03-24
2021-06-08 01:16:45 58      NTRA_BBG001J1BQ86_2021-03-24
2021-06-08 01:16:45 60      NTRS_BBG000BQ74K1_2021-03-24
2021-06-08 01:16:45 61      NTUS_BBG000DPZHS3_2021-03-24
2021-06-08 01:16:45 62      NUE_BBG000BQ8KV2_2021-03-24
2021-06-08 01:16:45 64      NUS_BBG000HG21Y3_2021-03-24
2021-06-08 01:16:45 65      NUVA_BBG000LNL298_2021-03-24
2021-06-08 01:16:45 66      NVDA_BBG000BBJQV0_2021-03-24
2021-06-08 01:16:45 78      NVEE_BBG005BT60Y8_2021-03-24
2021-06-08 01:16:45 79      NVR_BBG000BQBYR3_2021-03-24
2021-06-08 01:16:45 80      NVRO_BBG001K61W36_2021-03-24
2021-06-08 01:16:45 81      NVTA_BBG005DJFD43_2021-03-24
2021-06-08 01:16:45 84      NWE_BBG000Q1NMJ4_2021-03-24
2021-06-08 01:16:45 86      NWL_BBG000BQC9V2_2021-03-24
2021-06-08 01:16:45 88      NWLI_BBG008HNHZ07_2021-03-24
2021-06-08 01:16:45 88      NWS_BBG0035M2ZB7_2021-03-24
2021-06-08 01:16:45 89      NWSA_BBG0035LY913_2021-03-24
2021-06-08 01:16:45 93      NXPI_BBG000BND699_2021-03-24
2021-06-08 01:16:45 96      NXST_BBG000DZJVH0_2021-03-24
2021-06-08 01:16:45 98      NYT_BBG000FFC0B3_2021-03-24
2021-06-08 01:16:46 00      O_BBG000DHPN63_2021-03-24
2021-06-08 01:16:46 03      OC_BBG000M44VW8_2021-03-24
2021-06-08 01:16:46 04      ODFL_BBG000CHSS88_2021-03-24
2021-06-08 01:16:46 05      OFIX_BBG000G1C210_2021-03-24
2021-06-08 01:16:46 06      OHI_BBG000BGBTC2_2021-03-24
2021-06-08 01:16:46 08      OI_BBG00R2JZG39_2021-03-24
2021-06-08 01:16:46 09      OII_BBG000CPBCL8_2021-03-24
2021-06-08 01:16:46 11      OIS_BBG000BDDN94_2021-03-24
2021-06-08 01:16:46 12      OKE_BBG000BQHGR6_2021-03-24
2021-06-08 01:16:46 15      OKTA_BBG001YV1SM4_2021-03-24
2021-06-08 01:16:46 18      OLED_BBG000BLRP41_2021-03-24
2021-06-08 01:16:46 19      OLLI_BBG0098VVDT9_2021-03-24
2021-06-08 01:16:46 20      OMC_BBG000BS9489_2021-03-24
2021-06-08 01:16:46 22      OMCL_BBG000BTNGZ4_2021-03-24
2021-06-08 01:16:46 23      ON_BBG000DV7MX4_2021-03-24
2021-06-08 01:16:46 28      ONTO_BBG000BPRN29_2021-03-24
2021-06-08 01:16:46 29      ORCL_BBG000BQLTW7_2021-03-24
2021-06-08 01:16:46 32      ORLY_BBG000BGYWY6_2021-03-24
2021-06-08 01:16:46 35      OSIS_BBG000BWPR54_2021-03-24
2021-06-08 01:16:46 36      OSK_BBG000CC53X1_2021-03-24
2021-06-08 01:16:46 37      OSUR_BBG000J3D1Y8_2021-03-24
2021-06-08 01:16:46 39      OTIS_BBG00RP60KV0_2021-03-24
2021-06-08 01:16:46 41      OVV_BBG00R2NHQ65_2021-03-24
2021-06-08 01:16:46 42      OVV: SPYKE!. Candle: ID:3086, Time: 20:10, Close: 24.7
2021-06-08 01:16:46 43      OXY_BBG000BQQ2S6_2021-03-24
2021-06-08 01:16:46 48      PAGS_BBG00JM7QBR6_2021-03-24
2021-06-08 01:16:46 50      PANW_BBG0014GJCT9_2021-03-24
2021-06-08 01:16:46 52      PATK_BBG000BQSBB2_2021-03-24
2021-06-08 01:16:46 53      PAYC_BBG0064N0ZZ5_2021-03-24
2021-06-08 01:16:46 54      PB_BBG000BHY4D9_2021-03-24
2021-06-08 01:16:46 55      PBCT_BBG000BQT4L6_2021-03-24
2021-06-08 01:16:46 58      PBF_BBG002832GV8_2021-03-24
2021-06-08 01:16:46 61      PBH_BBG000QM0RZ4_2021-03-24
2021-06-08 01:16:46 61      PBI_BBG000BQTMJ9_2021-03-24
2021-06-08 01:16:46 62      PBI: SPYKE!. Candle: ID:71, Time: 8:00, Close: 8.85
2021-06-08 01:16:46 63      PCAR_BBG000BQVTF5_2021-03-24
2021-06-08 01:16:46 66      PCG_BBG000BQWPC5_2021-03-24
2021-06-08 01:16:46 69      PCRX_BBG0018FQNS6_2021-03-24
2021-06-08 01:16:46 70      PCTY_BBG006598YS8_2021-03-24
2021-06-08 01:16:46 71      PD_BBG0043BYPB8_2021-03-24
2021-06-08 01:16:46 73      PDCO_BBG000BQY289_2021-03-24
2021-06-08 01:16:46 74      PEAK_BBG000BKYDP9_2021-03-24
2021-06-08 01:16:46 77      PEG_BBG000BQZMH4_2021-03-24
2021-06-08 01:16:46 78      PEGA_BBG000H1RYG7_2021-03-24
2021-06-08 01:16:46 80      PEN_BBG001BP92V1_2021-03-24
2021-06-08 01:16:46 80      PEP_BBG000DH7JK6_2021-03-24
2021-06-08 01:16:46 88      PETQ_BBG00H1CY328_2021-03-24
2021-06-08 01:16:46 89      PFE_BBG000BR2B91_2021-03-24
2021-06-08 01:16:46 93      PFG_BBG000NSCNT7_2021-03-24
2021-06-08 01:16:46 97      PFGC_BBG009XW2WB8_2021-03-24
2021-06-08 01:16:46 98      PFPT_BBG000RQ2GY7_2021-03-24
2021-06-08 01:16:47 00      PG_BBG000BR2TH3_2021-03-24
2021-06-08 01:16:47 06      PGNY_BBG002H1K1H1_2021-03-24
2021-06-08 01:16:47 09      PGR_BBG000BR37X2_2021-03-24
2021-06-08 01:16:47 12      PGTI_BBG000FX3Y66_2021-03-24
2021-06-08 01:16:47 13      PH_BBG000BR3KL6_2021-03-24
2021-06-08 01:16:47 14      PHM_BBG000BR54L0_2021-03-24
2021-06-08 01:16:47 16      PII_BBG000D5S4M0_2021-03-24
2021-06-08 01:16:47 17      PINC_BBG000G7QX50_2021-03-24
2021-06-08 01:16:47 19      PINS_BBG002583CV8_2021-03-24
2021-06-08 01:16:47 23      PIPR_BBG000FQXC75_2021-03-24
2021-06-08 01:16:47 24      PKG_BBG000BB8SW7_2021-03-24
2021-06-08 01:16:47 25      PKI_BBG000FXW512_2021-03-24
2021-06-08 01:16:47 26      PLAN_BBG002DZS299_2021-03-24
2021-06-08 01:16:47 30      PLAY_BBG001WWJTK5_2021-03-24
2021-06-08 01:16:47 32      PLCE_BBG000JK9DK4_2021-03-24
2021-06-08 01:16:47 33      PLD_BBG000B9Z0J8_2021-03-24
2021-06-08 01:16:47 35      PLNT_BBG009H04M17_2021-03-24
2021-06-08 01:16:47 37      PLTR_BBG000N7QR55_2021-03-24
2021-06-08 01:16:47 47      PLUS_BBG000HN7W02_2021-03-24
2021-06-08 01:16:47 48      PLXS_BBG000BRBX66_2021-03-24
2021-06-08 01:16:47 49      PM_BBG000J2XL74_2021-03-24
2021-06-08 01:16:47 51      PNC_BBG000BRD0D8_2021-03-24
2021-06-08 01:16:47 52      PNFP_BBG000C1XKF6_2021-03-24
2021-06-08 01:16:47 54      PNTG_BBG00P33SY72_2021-03-24
2021-06-08 01:16:47 55      PODD_BBG000R7XX87_2021-03-24
2021-06-08 01:16:47 57      POOL_BBG000BCVG28_2021-03-24
2021-06-08 01:16:47 58      POR_BBG000BCRMW7_2021-03-24
2021-06-08 01:16:47 59      POST_BBG001WTBC36_2021-03-24
2021-06-08 01:16:47 60      POWI_BBG000BTT3D1_2021-03-24
2021-06-08 01:16:47 61      PPC_BBG000BFLXV3_2021-03-24
2021-06-08 01:16:47 62      PPG_BBG000BRJ809_2021-03-24
2021-06-08 01:16:47 64      PPL_BBG000BRJL00_2021-03-24
2021-06-08 01:16:47 66      PRAA_BBG000BNTW77_2021-03-24
2021-06-08 01:16:47 67      PRAH_BBG007387YL8_2021-03-24
2021-06-08 01:16:47 69      PRFT_BBG000BVXFK6_2021-03-24
2021-06-08 01:16:47 70      PRG_BBG00VSH86G4_2021-03-24
2021-06-08 01:16:47 70      PRGS_BBG000C4QP94_2021-03-24
2021-06-08 01:16:47 71      PRI_BBG000T8ZF80_2021-03-24
2021-06-08 01:16:47 72      PRLB_BBG000BT13B3_2021-03-24
2021-06-08 01:16:47 74      PRSC_TCS000P1B7C8_2021-03-24
2021-06-08 01:16:47 74      PRSP_BBG00KMXKWF9_2021-03-24
2021-06-08 01:16:47 75      PRU_BBG000HCJMF9_2021-03-24
2021-06-08 01:16:47 78      PS_BBG00KMYC574_2021-03-24
2021-06-08 01:16:47 79      PSA_BBG000BPPN67_2021-03-24
2021-06-08 01:16:47 80      PSN_BBG000C3TKY6_2021-03-24
2021-06-08 01:16:47 81      PSTG_BBG00212PVZ5_2021-03-24
2021-06-08 01:16:47 85      PSX_BBG00286S4N9_2021-03-24
2021-06-08 01:16:47 89      PTC_BBG000C2VBB0_2021-03-24
2021-06-08 01:16:47 91      PTCT_BBG000QT15P7_2021-03-24
2021-06-08 01:16:47 92      PTON_BBG00JG0FFZ2_2021-03-24
2021-06-08 01:16:48 00      PTR_BBG000BR85F1_2021-03-24
2021-06-08 01:16:48 00      PUMP_BBG00FYCQ352_2021-03-24
2021-06-08 01:16:48 02      PVH_BBG000BRRG02_2021-03-24
2021-06-08 01:16:48 04      PWR_BBG000BBL8V7_2021-03-24
2021-06-08 01:16:48 05      PXD_BBG000BXRPH1_2021-03-24
2021-06-08 01:16:48 07      PYPL_BBG0077VNXV6_2021-03-24
2021-06-08 01:16:48 16      PZZA_BBG000BFWF13_2021-03-24
2021-06-08 01:16:48 18      QADA_BBG001BP77C3_2021-03-24
2021-06-08 01:16:48 19      QCOM_BBG000CGC1X8_2021-03-24
2021-06-08 01:16:48 31      QDEL_BBG000C6GN04_2021-03-24
2021-06-08 01:16:48 34      QLYS_BBG000HT5G06_2021-03-24
2021-06-08 01:16:48 36      QNST_BBG000S9XXB8_2021-03-24
2021-06-08 01:16:48 37      QRTEA_BBG000PCQQL6_2021-03-24
2021-06-08 01:16:48 39      QRVO_BBG007TJF1N7_2021-03-24
2021-06-08 01:16:48 43      QTS_BBG0054B20Z8_2021-03-24
2021-06-08 01:16:48 44      QTWO_BBG005ZVK9P2_2021-03-24
2021-06-08 01:16:48 45      QUOT_BBG001QYNR63_2021-03-24
2021-06-08 01:16:48 46      R_BBG000BRVP70_2021-03-24
2021-06-08 01:16:48 47      RACE_BBG009PH3Q86_2021-03-24
2021-06-08 01:16:48 48      RAMP_BBG000BB4HM6_2021-03-24
2021-06-08 01:16:48 49      RARE_BBG001RWPDW6_2021-03-24
2021-06-08 01:16:48 50      RAVN_BBG000CXQTZ3_2021-03-24
2021-06-08 01:16:48 51      RBC_BBG000BRXTR8_2021-03-24
2021-06-08 01:16:48 52      RCL_BBG000BB5792_2021-03-24
2021-06-08 01:16:48 57      RDFN_BBG001Q7HP63_2021-03-24
2021-06-08 01:16:48 60      RDS.A_BBG000QXSSS6_2021-03-24
2021-06-08 01:16:48 63      RDY_BBG000NJ96L6_2021-03-24
2021-06-08 01:16:48 64      RE_BBG000C1XVK6_2021-03-24
2021-06-08 01:16:48 65      REG_BBG000BL46Q4_2021-03-24
2021-06-08 01:16:48 67      REGI_BBG0016SSV00_2021-03-24
2021-06-08 01:16:48 69      REGN_BBG000C734W3_2021-03-24
2021-06-08 01:16:48 72      RETA_BBG000R33BD1_2021-03-24
2021-06-08 01:16:48 73      RETA: SPYKE!. Candle: ID:2456, Time: 20:00, Close: 99.9
2021-06-08 01:16:48 74      REX_BBG000D2ZK61_2021-03-24
2021-06-08 01:16:48 74      REZI_BBG00HY28K89_2021-03-24
2021-06-08 01:16:48 76      RF_BBG000Q3JN03_2021-03-24
2021-06-08 01:16:48 78      RGA_BBG000BDLCQ0_2021-03-24
2021-06-08 01:16:48 79      RGEN_BBG000BS48J3_2021-03-24
2021-06-08 01:16:48 80      RGLD_BBG000BS5170_2021-03-24
2021-06-08 01:16:48 82      RGNX_BBG007Z9V591_2021-03-24
2021-06-08 01:16:48 84      RGR_BBG000C4FQG6_2021-03-24
2021-06-08 01:16:48 85      RH_BBG002293PJ4_2021-03-24
2021-06-08 01:16:48 87      RHI_BBG000BS5DR2_2021-03-24
2021-06-08 01:16:48 89      RIG_BBG000BH5LT6_2021-03-24
2021-06-08 01:16:48 95      RJF_BBG000BS73J1_2021-03-24
2021-06-08 01:16:48 97      RL_BBG000BS0ZF1_2021-03-24
2021-06-08 01:16:48 99      RMD_BBG000L4M7F1_2021-03-24
2021-06-08 01:16:49 01      RNG_BBG000J094P3_2021-03-24
2021-06-08 01:16:49 03      ROCK_BBG000BKQDQ7_2021-03-24
2021-06-08 01:16:49 04      ROG_BBG000BS9HN3_2021-03-24
2021-06-08 01:16:49 04      ROK_BBG000BBCDZ2_2021-03-24
2021-06-08 01:16:49 05      ROKU_BBG001ZZPQJ6_2021-03-24
2021-06-08 01:16:49 13      ROL_BBG000BSBBP1_2021-03-24
2021-06-08 01:16:49 14      ROLL_BBG000GMGNB3_2021-03-24
2021-06-08 01:16:49 15      ROP_BBG000F1ZSN5_2021-03-24
2021-06-08 01:16:49 16      ROST_BBG000BSBZH7_2021-03-24
2021-06-08 01:16:49 18      RP_BBG000CN5CJ3_2021-03-24
2021-06-08 01:16:49 20      RPD_BBG009DFHWG6_2021-03-24
2021-06-08 01:16:49 22      RPM_BBG000DCNK80_2021-03-24
2021-06-08 01:16:49 23      RRBI_BBG000QKNLB2_2021-03-24
2021-06-08 01:16:49 23      RRC_BBG000FVXD63_2021-03-24
2021-06-08 01:16:49 26      RRGB_BBG000MXH9C1_2021-03-24
2021-06-08 01:16:49 26      RRGB: SPYKE!. Candle: ID:2188, Time: 21:35, Close: 36.23
2021-06-08 01:16:49 27      RS_BBG000CJ2181_2021-03-24
2021-06-08 01:16:49 28      RSG_BBG000BPXVJ6_2021-03-24
2021-06-08 01:16:49 29      RTX_BBG000BW8S60_2021-03-24
2021-06-08 01:16:49 33      RVLV_BBG00M4RHBD0_2021-03-24
2021-06-08 01:16:49 34      RVLV: SPYKE!. Candle: ID:2081, Time: 21:35, Close: 47.51
2021-06-08 01:16:49 34      RXN_BBG000H8R0N8_2021-03-24
2021-06-08 01:16:49 35      RYN_BBG000BG7L34_2021-03-24
2021-06-08 01:16:49 37      RYTM_BBG007DLZ601_2021-03-24
2021-06-08 01:16:49 38      SAFM_BBG000BSHJ96_2021-03-24
2021-06-08 01:16:49 39      SAGE_BBG0025X16Y5_2021-03-24
2021-06-08 01:16:49 40      SAIA_BBG000P5LMQ0_2021-03-24
2021-06-08 01:16:49 41      SAIC_BBG003BW05K6_2021-03-24
2021-06-08 01:16:49 43      SAIL_BBG00J0BBZL0_2021-03-24
2021-06-08 01:16:49 44      SAM_BBG000BCZBF1_2021-03-24
2021-06-08 01:16:49 45      SAVE_BBG000BF6RQ9_2021-03-24
2021-06-08 01:16:49 47      SAVE: SPYKE!. Candle: ID:5856, Time: 20:00, Close: 35.8
2021-06-08 01:16:49 48      SBAC_BBG000D2M0Z7_2021-03-24
2021-06-08 01:16:49 50      SBCF_BBG000KK3464_2021-03-24
2021-06-08 01:16:49 51      SBGI_BBG000F2XXP2_2021-03-24
2021-06-08 01:16:49 52      SBH_BBG000LR8515_2021-03-24
2021-06-08 01:16:49 54      SBRA_BBG000MTDW24_2021-03-24
2021-06-08 01:16:49 55      SBUX_BBG000CTQBF3_2021-03-24
2021-06-08 01:16:49 60      SCCO_BBG000BSHH72_2021-03-24
2021-06-08 01:16:49 62      SCHW_BBG000BSLZY7_2021-03-24
2021-06-08 01:16:49 65      SCI_BBG000BTHH16_2021-03-24
2021-06-08 01:16:49 66      SCSC_BBG000BHTPZ4_2021-03-24
2021-06-08 01:16:49 67      SDGR_BBG000T88BN2_2021-03-24
2021-06-08 01:16:49 70      SEDG_BBG0084BBZY6_2021-03-24
2021-06-08 01:16:49 72      SEE_BBG000C22QV7_2021-03-24
2021-06-08 01:16:49 73      SEIC_BBG000BSQLT9_2021-03-24
2021-06-08 01:16:49 74      SERV_TCS002WMH2F2_2021-03-24
2021-06-08 01:16:49 74      SF_BBG000BSS5C0_2021-03-24
2021-06-08 01:16:49 75      SFIX_BBG0046L1KL9_2021-03-24
2021-06-08 01:16:49 77      SFM_BBG001KFKQM7_2021-03-24
2021-06-08 01:16:49 79      SGEN_BBG000BH0FR6_2021-03-24
2021-06-08 01:16:49 81      SHAK_BBG0063GCHH8_2021-03-24
2021-06-08 01:16:49 82      SHEN_BBG000BTC2N0_2021-03-24
2021-06-08 01:16:49 83      SHI_BBG000BHR1H9_2021-03-24
2021-06-08 01:16:49 83      SHW_BBG000BSXQV7_2021-03-24
2021-06-08 01:16:49 84      SIG_BBG000C4ZZ10_2021-03-24
2021-06-08 01:16:49 85      SIGI_BBG000BSZ738_2021-03-24
2021-06-08 01:16:49 86      SINA_BBG000CJZ2W6_2021-03-24
2021-06-08 01:16:49 86      SITE_BBG009T22D49_2021-03-24
2021-06-08 01:16:49 87      SIVB_BBG000BT0CM2_2021-03-24
2021-06-08 01:16:49 89      SJI_BBG000BT0T72_2021-03-24
2021-06-08 01:16:49 90      SJM_BBG000BT1715_2021-03-24
2021-06-08 01:16:49 92      SKM_BBG000BLN497_2021-03-24
2021-06-08 01:16:49 93      SKX_BBG000C4HKK2_2021-03-24
2021-06-08 01:16:49 94      SLAB_BBG000BB99S3_2021-03-24
2021-06-08 01:16:49 96      SLB_BBG000BT41Q8_2021-03-24
2021-06-08 01:16:49 98      SLB: SPYKE!. Candle: ID:2, Time: 7:00, Close: 26.67
2021-06-08 01:16:49 98      SLB: BuyPending. Strategy: BuyTheDipPremarket. Price: 26.67. Lots: 9. ChangeOpenToCurrent: -6.39. changeFromLow: 0.72. Candle: ID:10, Time: 7:00, Close: 26.67.
2021-06-08 01:16:49 98      SLB: OrderID: 9664e58b. PlacedOrder. Status: New. RejectReason: 
2021-06-08 01:16:49 98      SLB: OrderID: 9664e58b fully executed
2021-06-08 01:16:49 98      SLB: Closing. Close price: 26.7. Lots: 9. CandleChange: -0.15%. ChangeFromCandleHigh: -0.15%. Profit: 0.03(0.11%). Candle: ID:36, Time: 7:15, Close: 26.7
2021-06-08 01:16:49 98      SLB: OrderID: 6123d0da. PlacedOrder. Status: New. RejectReason: 
2021-06-08 01:16:49 98      SLB: OrderID: 6123d0da partially executed. Executed lots: 1. OrderStatus: 1/9 lots
2021-06-08 01:16:49 98      SLB: OrderID: 6123d0da partially executed. Executed lots: 2. OrderStatus: 3/9 lots
2021-06-08 01:16:49 98      SLB: OrderID: 6123d0da fully executed
2021-06-08 01:16:50 00      SLG_BBG000BVP5P2_2021-03-24
2021-06-08 01:16:50 01      SMAR_BBG00GQK3WB5_2021-03-24
2021-06-08 01:16:50 03      SMG_BBG000BT5PG5_2021-03-24
2021-06-08 01:16:50 04      SMPL_BBG00GVP5JL4_2021-03-24
2021-06-08 01:16:50 06      SMTC_BBG000DBKR53_2021-03-24
2021-06-08 01:16:50 07      SNA_BBG000BT7JW9_2021-03-24
2021-06-08 01:16:50 09      SNAP_BBG00441QMJ7_2021-03-24
2021-06-08 01:16:50 17      SNBR_BBG000DM2BF3_2021-03-24
2021-06-08 01:16:50 19      SNPS_BBG000BSFRF3_2021-03-24
2021-06-08 01:16:50 21      SNX_BBG000CL9JV4_2021-03-24
2021-06-08 01:16:50 22      SNY_BBG000BBD5N1_2021-03-24
2021-06-08 01:16:50 24      SO_BBG000BT9DW0_2021-03-24
2021-06-08 01:16:50 26      SOHU_BBG00L2DB535_2021-03-24
2021-06-08 01:16:50 28      SON_BBG000D7HF89_2021-03-24
2021-06-08 01:16:50 28      SONO_BBG001JZPSQ2_2021-03-24
2021-06-08 01:16:50 31      SP_BBG000BJ91B1_2021-03-24
2021-06-08 01:16:50 32      SPB@US_BBG000DS5588_2021-03-24
2021-06-08 01:16:50 33      SPCE_BBG00HTN2CQ3_2021-03-24
2021-06-08 01:16:50 50      SPG_BBG000BJ2D31_2021-03-24
2021-06-08 01:16:50 53      SPGI_BBG000BP1Q11_2021-03-24
2021-06-08 01:16:50 54      SPLK_BBG001C7TST4_2021-03-24
2021-06-08 01:16:50 58      SPOT_BBG003T4VFC2_2021-03-24
2021-06-08 01:16:50 61      SPR_BBG000PRJ2Z9_2021-03-24
2021-06-08 01:16:50 63      SPSC_BBG000PZGB75_2021-03-24
2021-06-08 01:16:50 64      SQ_BBG0018SLC07_2021-03-24
2021-06-08 01:16:50 72      SRC_BBG0027Z6X10_2021-03-24
2021-06-08 01:16:50 72      SRCL_BBG000H3FZM6_2021-03-24
2021-06-08 01:16:50 73      SRDX_BBG000BZ2QG2_2021-03-24
2021-06-08 01:16:50 74      SRE_BBG000C2ZCH8_2021-03-24
2021-06-08 01:16:50 75      SRI_BBG000BB9Q78_2021-03-24
2021-06-08 01:16:50 76      SRPT_BBG000BCJ161_2021-03-24
2021-06-08 01:16:50 79      SSD_BBG000JLC8L8_2021-03-24
2021-06-08 01:16:50 80      SSNC_BBG000RJ2J04_2021-03-24
2021-06-08 01:16:50 82      SSTK_BBG002ZCK2V9_2021-03-24
2021-06-08 01:16:50 83      STAA_BBG000C4QB95_2021-03-24
2021-06-08 01:16:50 84      STAG_BBG000BGLFP7_2021-03-24
2021-06-08 01:16:50 86      STLD_BBG000HGYNZ9_2021-03-24
2021-06-08 01:16:50 88      STMP_BBG000CZ4KF3_2021-03-24
2021-06-08 01:16:50 89      STRA_BBG000GRZDV1_2021-03-24
2021-06-08 01:16:50 90      STT_BBG000BKFBD7_2021-03-24
2021-06-08 01:16:50 91      STX_BBG000F0KF42_2021-03-24
2021-06-08 01:16:50 91      Warning: figi `BBG000F0KF42` for history data does not match actual figi `BBG0113JGQF0`. Ticker: STX. Will be used actual!
2021-06-08 01:16:50 94      STZ_BBG000J1QLT0_2021-03-24
2021-06-08 01:16:50 95      SUPN_BBG000BP0HX7_2021-03-24
2021-06-08 01:16:50 97      SWAV_BBG005XVXML5_2021-03-24
2021-06-08 01:16:50 98      SWBI_BBG000BM0QL7_2021-03-24
2021-06-08 01:16:51 00      SWCH_BBG00HPDM5Z2_2021-03-24
2021-06-08 01:16:51 01      SWI_BBG00M1CKSK7_2021-03-24
2021-06-08 01:16:51 02      SWK_BBG000BTQR96_2021-03-24
2021-06-08 01:16:51 03      SWKS_BBG000KLB4Q1_2021-03-24
2021-06-08 01:16:51 06      SWN_BBG000BTR593_2021-03-24
2021-06-08 01:16:51 08      SWX_BBG00FWP4JW4_2021-03-24
2021-06-08 01:16:51 09      SXI_BBG000BTT5B8_2021-03-24
2021-06-08 01:16:51 10      SXT_BBG000J79P80_2021-03-24
2021-06-08 01:16:51 10      SYF_BBG00658F3P3_2021-03-24
2021-06-08 01:16:51 15      SYK_BBG000DN7P92_2021-03-24
2021-06-08 01:16:51 16      SYKE_BBG000BBHPV4_2021-03-24
2021-06-08 01:16:51 17      SYNA_BBG000BQV1S2_2021-03-24
2021-06-08 01:16:51 18      SYNH_BBG0078Y1D92_2021-03-24
2021-06-08 01:16:51 19      SYY_BBG000BTVJ25_2021-03-24
2021-06-08 01:16:51 21      T_BBG000BSJK37_2021-03-24
2021-06-08 01:16:51 25      TAK_BBG000LF8708_2021-03-24
2021-06-08 01:16:51 26      TAL_BBG0016XJ8S0_2021-03-24
2021-06-08 01:16:51 28      TAP_BBG000BS7KS3_2021-03-24
2021-06-08 01:16:51 30      TCBI_BBG000DN4ZT1_2021-03-24
2021-06-08 01:16:51 31      TCBI: SPYKE!. Candle: ID:3, Time: 13:30, Close: 82.25
2021-06-08 01:16:51 31      TCMD_BBG001B12Z39_2021-03-24
2021-06-08 01:16:51 32      TCRR_BBG00FH3FM15_2021-03-24
2021-06-08 01:16:51 33      TCS_BBG005DXJS36_2021-03-24
2021-06-08 01:16:51 34      TCX_BBG000L69KL5_2021-03-24
2021-06-08 01:16:51 35      TDC_BBG000R0L5J4_2021-03-24
2021-06-08 01:16:51 36      TDG_BBG000L8CBX4_2021-03-24
2021-06-08 01:16:51 37      TDOC_BBG0019T5SG0_2021-03-24
2021-06-08 01:16:51 40      TDS_BBG000BV0VK7_2021-03-24
2021-06-08 01:16:51 41      TDY_BBG000BMT9T6_2021-03-24
2021-06-08 01:16:51 42      TECD_BBG000BV2BR2_2021-03-24
2021-06-08 01:16:51 42      TECH_BBG000C15114_2021-03-24
2021-06-08 01:16:51 43      TEL_BBG000RGM5P1_2021-03-24
2021-06-08 01:16:51 44      TENB_BBG00LBLCD02_2021-03-24
2021-06-08 01:16:51 46      TER_BBG000BV4DR6_2021-03-24
2021-06-08 01:16:51 49      TFC_BBG000BYYLS8_2021-03-24
2021-06-08 01:16:51 53      TFX_BBG000BV59Y6_2021-03-24
2021-06-08 01:16:51 54      TGNA_BBG000BK5DP1_2021-03-24
2021-06-08 01:16:51 56      TGT_BBG000H8TVT2_2021-03-24
2021-06-08 01:16:51 58      THG_BBG000FJH8W0_2021-03-24
2021-06-08 01:16:51 58      THO_BBG000BV6R84_2021-03-24
2021-06-08 01:16:51 59      THRM_BBG000BQLM34_2021-03-24
2021-06-08 01:16:51 60      THS_BBG000GQGJT4_2021-03-24
2021-06-08 01:16:51 61      TIF_BBG000BV75B7_2021-03-24
2021-06-08 01:16:51 61      TJX_BBG000BV8DN6_2021-03-24
2021-06-08 01:16:51 64      TKR_BBG000BV95H9_2021-03-24
2021-06-08 01:16:51 65      TMHC_BBG003PGJHP5_2021-03-24
2021-06-08 01:16:51 67      TMO_BBG000BVDLH9_2021-03-24
2021-06-08 01:16:51 68      TMUS_BBG000NDV1D4_2021-03-24
2021-06-08 01:16:51 70      TMX_BBG002WMH2F2_2021-03-24
2021-06-08 01:16:51 71      TNC_BBG000JCZJS2_2021-03-24
2021-06-08 01:16:51 72      TNDM_BBG0019V9M65_2021-03-24
2021-06-08 01:16:51 73      TNET_BBG000BR2040_2021-03-24
2021-06-08 01:16:51 74      TOL_BBG000BVHBM1_2021-03-24
2021-06-08 01:16:51 75      TOT_BBG000CHZ857_2021-03-24
2021-06-08 01:16:51 77      TPH_BBG0016YQTR5_2021-03-24
2021-06-08 01:16:51 78      TPIC_BBG0016MQ7C5_2021-03-24
2021-06-08 01:16:51 80      TPIC: SPYKE!. Candle: ID:2924, Time: 20:25, Close: 46.93
2021-06-08 01:16:51 80      TPR_BBG000BY29C7_2021-03-24
2021-06-08 01:16:51 82      TPTX_BBG00NPL9WH7_2021-03-24
2021-06-08 01:16:51 83      TPX_BBG000PXGT62_2021-03-24
2021-06-08 01:16:51 85      TREE_BBG000TVRB50_2021-03-24
2021-06-08 01:16:51 86      TREX_BBG000BTGKK9_2021-03-24
2021-06-08 01:16:51 87      TRHC_BBG00BT7PPY8_2021-03-24
2021-06-08 01:16:51 88      TRIP_BBG001M8HHB7_2021-03-24
2021-06-08 01:16:51 93      TRMB_BBG000BNPS52_2021-03-24
2021-06-08 01:16:51 94      TROW_BBG000BVMPN3_2021-03-24
2021-06-08 01:16:51 96      TRU_BBG002Q7J5Z1_2021-03-24
2021-06-08 01:16:51 98      TRUP_BBG002BC7WC5_2021-03-24
2021-06-08 01:16:51 98      TRV_BBG000BJ81C1_2021-03-24
2021-06-08 01:16:52 00      TSCO_BBG000BLXZN1_2021-03-24
2021-06-08 01:16:52 02      TSLA_BBG000N9MNX3_2021-03-24
2021-06-08 01:16:52 52      TSM_BBG000BD8ZK0_2021-03-24
2021-06-08 01:16:52 64      TSN_BBG000DKCC19_2021-03-24
2021-06-08 01:16:52 66      TSS_BBG000C1JTL6_2021-03-24
2021-06-08 01:16:52 67      TT_BBG000BM6788_2021-03-24
2021-06-08 01:16:52 68      TTC_BBG000BVQRY3_2021-03-24
2021-06-08 01:16:52 69      TTD_BBG00629NGT2_2021-03-24
2021-06-08 01:16:52 72      TTEK_BBG000BYZ0Q5_2021-03-24
2021-06-08 01:16:52 73      TTM_BBG000PVGDH9_2021-03-24
2021-06-08 01:16:52 74      TTMI_BBG000BYQ0B1_2021-03-24
2021-06-08 01:16:52 76      TTWO_BBG000BS1YV5_2021-03-24
2021-06-08 01:16:52 78      TW_BBG00NK8H8T2_2021-03-24
2021-06-08 01:16:52 79      TWLO_BBG0029ZX840_2021-03-24
2021-06-08 01:16:52 81      TWNK_BBG00B6KGNN1_2021-03-24
2021-06-08 01:16:52 82      TWOU_BBG001KS9450_2021-03-24
2021-06-08 01:16:52 84      TWTR_BBG000H6HNW3_2021-03-24
2021-06-08 01:16:52 93      TXG_BBG007WX14X0_2021-03-24
2021-06-08 01:16:52 95      TXN_BBG000BVV7G1_2021-03-24
2021-06-08 01:16:52 99      TXRH_BBG000PSJMV7_2021-03-24
2021-06-08 01:16:53 01      TXT_BBG000BVVQQ8_2021-03-24
2021-06-08 01:16:53 03      TYL_BBG000BVWZF9_2021-03-24
2021-06-08 01:16:53 04      UA_BBG009DTD8H2_2021-03-24
2021-06-08 01:16:53 05      UAA_BBG000BXM6V2_2021-03-24
2021-06-08 01:16:53 07      UAL_BBG000M65M61_2021-03-24
2021-06-08 01:16:53 17      UBER_BBG002B04MT8_2021-03-24
2021-06-08 01:16:53 22      UCTT_BBG000HSLV70_2021-03-24
2021-06-08 01:16:53 24      UDR_BBG000C41023_2021-03-24
2021-06-08 01:16:53 26      UFPI_BBG000BL0T06_2021-03-24
2021-06-08 01:16:53 27      UFS_BBG000BHFHP8_2021-03-24
2021-06-08 01:16:53 28      UGI_BBG000BVYN55_2021-03-24
2021-06-08 01:16:53 29      UHS_BBG000CB8Q50_2021-03-24
2021-06-08 01:16:53 31      UI_BBG001R72SR9_2021-03-24
2021-06-08 01:16:53 32      ULTA_BBG00FWQ4VD6_2021-03-24
2021-06-08 01:16:53 33      UMBF_BBG000DD8WX1_2021-03-24
2021-06-08 01:16:53 34      UNF_BBG000BW29L1_2021-03-24
2021-06-08 01:16:53 35      UNH_BBG000CH5208_2021-03-24
2021-06-08 01:16:53 38      UNM_BBG000BW2QX0_2021-03-24
2021-06-08 01:16:53 39      UNP_BBG000BW3299_2021-03-24
2021-06-08 01:16:53 41      UNVR_BBG000BDHD29_2021-03-24
2021-06-08 01:16:53 42      UPS_BBG000L9CV04_2021-03-24
2021-06-08 01:16:53 45      UPWK_BBG00FBJ6390_2021-03-24
2021-06-08 01:16:53 48      URBN_BBG000BL79J3_2021-03-24
2021-06-08 01:16:53 50      URI_BBG000BXMFC3_2021-03-24
2021-06-08 01:16:53 51      USB_BBG000FFDM15_2021-03-24
2021-06-08 01:16:53 56      USFD_BBG00C6H6D40_2021-03-24
2021-06-08 01:16:53 58      USM_BBG000BW6P59_2021-03-24
2021-06-08 01:16:53 59      USNA_BBG000BX28M0_2021-03-24
2021-06-08 01:16:53 60      USPH_BBG000CSRSG6_2021-03-24
2021-06-08 01:16:53 60      UTHR_BBG000BV4XJ1_2021-03-24
2021-06-08 01:16:53 62      UTL_BBG000BW7X97_2021-03-24
2021-06-08 01:16:53 62      UTX_BBG0089KM290_2021-03-24
2021-06-08 01:16:53 63      V_BBG000PSKYX7_2021-03-24
2021-06-08 01:16:53 68      VAC_BBG001J2R5H3_2021-03-24
2021-06-08 01:16:53 69      VALE_BBG000BN5LG7_2021-03-24
2021-06-08 01:16:53 72      VAR_BBG000BWBZN1_2021-03-24
2021-06-08 01:16:53 72      VC_BBG0016T3GQ0_2021-03-24
2021-06-08 01:16:53 73      VCEL_BBG000BDCM24_2021-03-24
2021-06-08 01:16:53 75      VCRA_BBG00179VSY7_2021-03-24
2021-06-08 01:16:53 76      VCYT_BBG001J2M542_2021-03-24
2021-06-08 01:16:53 78      VEEV_BBG001CGB489_2021-03-24
2021-06-08 01:16:53 79      VEON_BBG000QCW561_2021-03-24
2021-06-08 01:16:53 82      VFC_BBG000BWCKB6_2021-03-24
2021-06-08 01:16:53 85      VG_BBG000BRB5D9_2021-03-24
2021-06-08 01:16:53 86      VIAC_BBG000C496P7_2021-03-24
2021-06-08 01:16:54 00      VIAC: SPYKE!. Candle: ID:67, Time: 7:20, Close: 85
2021-06-08 01:16:54 00      VIAC: BuyPending. Strategy: BuyTheDipPremarket. Price: 83.51. Lots: 2. ChangeOpenToCurrent: -4.64. changeFromLow: 1.51. Candle: ID:277, Time: 8:00, Close: 83.51.
2021-06-08 01:16:54 00      VIAC: OrderID: d8568ee3. PlacedOrder. Status: New. RejectReason: 
2021-06-08 01:16:54 00      VIAC: Cancel order. Did not bought. Candle: ID:290, Time: 8:05, Close: 84.48
2021-06-08 01:16:54 00      OrderID: d8568ee3 successfully canceled
2021-06-08 01:16:54 11      VICR_BBG000C3VHF1_2021-03-24
2021-06-08 01:16:54 12      VIE_BBG00K6P5XM1_2021-03-24
2021-06-08 01:16:54 13      VIPS_BBG002NLDLV8_2021-03-24
2021-06-08 01:16:54 23      VIR_BBG00H2QQ8T5_2021-03-24
2021-06-08 01:16:54 23      VIR: SPYKE!. Candle: ID:13, Time: 7:10, Close: 51.06
2021-06-08 01:16:54 25      VLO_BBG000BBGGQ1_2021-03-24
2021-06-08 01:16:54 27      VMC_BBG000BWGYF8_2021-03-24
2021-06-08 01:16:54 29      VMI_BBG000BWB7V4_2021-03-24
2021-06-08 01:16:54 29      VMW_BBG000BC9938_2021-03-24
2021-06-08 01:16:54 31      VNDA_BBG000HT5MG6_2021-03-24
2021-06-08 01:16:54 33      VNE_BBG00K4MPP27_2021-03-24
2021-06-08 01:16:54 34      VNO_BBG000BWHD54_2021-03-24
2021-06-08 01:16:54 36      VNT_BBG00RRGSJR4_2021-03-24
2021-06-08 01:16:54 37      VPG_BBG000PRQ0V9_2021-03-24
2021-06-08 01:16:54 38      VREX_BBG00CZNLR47_2021-03-24
2021-06-08 01:16:54 39      VRNS_BBG001Y04TN6_2021-03-24
2021-06-08 01:16:54 41      VRNT_BBG000BCBYT2_2021-03-24
2021-06-08 01:16:54 42      VRSK_BBG000BCZL41_2021-03-24
2021-06-08 01:16:54 44      VRSN_BBG000BGKHZ3_2021-03-24
2021-06-08 01:16:54 46      VRTS_BBG000DMFQS2_2021-03-24
2021-06-08 01:16:54 47      VRTU_BBG000QCG7M7_2021-03-24
2021-06-08 01:16:54 48      VRTV_BBG005XZHR97_2021-03-24
2021-06-08 01:16:54 49      VRTX_BBG000C1S2X2_2021-03-24
2021-06-08 01:16:54 52      VTR_BBG000FRVHB9_2021-03-24
2021-06-08 01:16:54 53      VTRS_BBG00Y4RQNH4_2021-03-24
2021-06-08 01:16:54 56      VZ_BBG000HS77T5_2021-03-24
2021-06-08 01:16:54 60      W_BBG001B17MV2_2021-03-24
2021-06-08 01:16:54 62      WAB_BBG000BDD940_2021-03-24
2021-06-08 01:16:54 63      WAL_BBG000Q1KFH4_2021-03-24
2021-06-08 01:16:54 64      WAT_BBG000FQRVM3_2021-03-24
2021-06-08 01:16:54 65      WB_BBG0065XPGX9_2021-03-24
2021-06-08 01:16:54 68      WBA_BBG000BWLMJ4_2021-03-24
2021-06-08 01:16:54 72      WCC_BBG000D0FNV3_2021-03-24
2021-06-08 01:16:54 73      WDAY_BBG000VC0T95_2021-03-24
2021-06-08 01:16:54 76      WDC_BBG000BWNFZ9_2021-03-24
2021-06-08 01:16:54 80      WDFC_BBG000BWNV93_2021-03-24
2021-06-08 01:16:54 81      WEC_BBG000BWP7D9_2021-03-24
2021-06-08 01:16:54 84      WELL_BBG000BKY1G5_2021-03-24
2021-06-08 01:16:54 87      WERN_BBG000BWPP85_2021-03-24
2021-06-08 01:16:54 89      WEX_BBG000BVZP59_2021-03-24
2021-06-08 01:16:54 90      WFC_BBG000BWQFY7_2021-03-24
2021-06-08 01:16:54 96      WGO_BBG000BWS3F3_2021-03-24
2021-06-08 01:16:54 98      WH_BBG00HCY3Q67_2021-03-24
2021-06-08 01:16:54 99      WHD_BBG00JRH1P95_2021-03-24
2021-06-08 01:16:55 00      WHR_BBG000BWSV34_2021-03-24
2021-06-08 01:16:55 01      WING_BBG008N298Y8_2021-03-24
2021-06-08 01:16:55 03      WK_BBG007BVZ8H9_2021-03-24
2021-06-08 01:16:55 04      WLK_BBG000PXZFW2_2021-03-24
2021-06-08 01:16:55 05      WLTW_BBG000DB3KT1_2021-03-24
2021-06-08 01:16:55 07      WM_BBG000BWVSR1_2021-03-24
2021-06-08 01:16:55 10      WMB_BBG000BWVCP8_2021-03-24
2021-06-08 01:16:55 12      WMT_BBG000BWXBC2_2021-03-24
2021-06-08 01:16:55 17      WOR_BBG000HL7499_2021-03-24
2021-06-08 01:16:55 18      WORK_BBG007G7V505_2021-03-24
2021-06-08 01:16:55 20      WRB_BBG000BD1HP2_2021-03-24
2021-06-08 01:16:55 21      WRK_BBG008NXC572_2021-03-24
2021-06-08 01:16:55 23      WRLD_BBG000C3G9J2_2021-03-24
2021-06-08 01:16:55 23      WSC_BBG00B0FS947_2021-03-24
2021-06-08 01:16:55 25      WSM_BBG000FSMWC3_2021-03-24
2021-06-08 01:16:55 27      WSO_BBG000DJN7L9_2021-03-24
2021-06-08 01:16:55 28      WST_BBG000BX24N8_2021-03-24
2021-06-08 01:16:55 30      WTFC_BBG000HD3DW5_2021-03-24
2021-06-08 01:16:55 31      WTS_BBG000C4Z6C2_2021-03-24
2021-06-08 01:16:55 32      WTTR_BBG00G4Y2DC1_2021-03-24
2021-06-08 01:16:55 33      WU_BBG000BB5373_2021-03-24
2021-06-08 01:16:55 34      WWD_BBG000BD53V2_2021-03-24
2021-06-08 01:16:55 36      WWE_BBG000F5YH15_2021-03-24
2021-06-08 01:16:55 37      WWW_BBG000BX2YN2_2021-03-24
2021-06-08 01:16:55 38      WY_BBG000BX3BL3_2021-03-24
2021-06-08 01:16:55 40      WYND_BBG000PV2L86_2021-03-24
2021-06-08 01:16:55 41      WYNN_BBG000LD9JQ8_2021-03-24
2021-06-08 01:16:55 44      XEC_BBG000D6L294_2021-03-24
2021-06-08 01:16:55 45      XEL_BBG000BCTQ65_2021-03-24
2021-06-08 01:16:55 48      XLNX_BBG000C0F570_2021-03-24
2021-06-08 01:16:55 52      XLRN_BBG000R5HWZ1_2021-03-24
2021-06-08 01:16:55 54      XNCR_BBG0026ZG4W0_2021-03-24
2021-06-08 01:16:55 55      XOM_BBG000GZQ728_2021-03-24
2021-06-08 01:16:55 64      XPO_BBG000L5CJF3_2021-03-24
2021-06-08 01:16:55 66      XRAY_BBG000BX57K1_2021-03-24
2021-06-08 01:16:55 68      XRX_BBG00NNG2ZJ8_2021-03-24
2021-06-08 01:16:55 70      XYL_BBG001D8R5D0_2021-03-24
2021-06-08 01:16:55 71      Y_BBG000BX6BJ3_2021-03-24
2021-06-08 01:16:55 72      YELP_BBG000Q2HM09_2021-03-24
2021-06-08 01:16:55 73      YETI_BBG00D8JC882_2021-03-24
2021-06-08 01:16:55 75      YEXT_BBG001MKZGY7_2021-03-24
2021-06-08 01:16:55 76      YUM_BBG000BH3GZ2_2021-03-24
2021-06-08 01:16:55 77      YUMC_BBG00B8N0HG1_2021-03-24
2021-06-08 01:16:55 79      YY_BBG003H0XV18_2021-03-24
2021-06-08 01:16:55 81      Z_BBG009NRSWJ4_2021-03-24
2021-06-08 01:16:55 84      ZBH_BBG000BKPL53_2021-03-24
2021-06-08 01:16:55 86      ZBRA_BBG000CC7LQ7_2021-03-24
2021-06-08 01:16:55 87      ZEN_BBG001HRFJG4_2021-03-24
2021-06-08 01:16:55 89      ZG_BBG000D13GN8_2021-03-24
2021-06-08 01:16:55 90      ZGNX_BBG000VDC3G9_2021-03-24
2021-06-08 01:16:55 92      ZI_BBG00S1HJ3M8_2021-03-24
2021-06-08 01:16:55 95      ZION_BBG000BX9WL1_2021-03-24
2021-06-08 01:16:55 98      ZM_BBG0042V6JM8_2021-03-24
2021-06-08 01:16:56 05      ZNH_BBG000BXQ7R1_2021-03-24
2021-06-08 01:16:56 06      ZS_BBG003338H34_2021-03-24
2021-06-08 01:16:56 09      ZTS_BBG0039320N9_2021-03-24
2021-06-08 01:16:56 11      ZUMZ_BBG000PYX812_2021-03-24
2021-06-08 01:16:56 12      ZUO_BBG000BT3HG5_2021-03-24
2021-06-08 01:16:56 13      ZYNE_BBG007BBS8B7_2021-03-24
2021-06-08 01:16:56 20      ZYXI_BBG000BJBXZ2_2021-03-24
2021-06-08 01:16:56 23      Total candles read: 5799973
2021-06-08 01:16:56 23      Start DisposeAsync...
2021-06-08 01:16:56 23      Trade statistic. Total/Pos/Neg: 2/2/0; Profit: 5.00; Volume: 0; MaxVolume: 484.70; Commission: 0.487200;
2021-06-08 01:16:56 24      BaseBot::DisposeAsync...
2021-06-08 01:16:56 24      BaseBot::DisposeAsync done!
2021-06-08 01:16:56 24      End DisposeAsync...
