2021-07-04 23:22:22 30      mode=TestTradeBot;CopyDDDDData=true;DumpQuotes=false;SubscribeQuotes=false;Strategies=BuyTheDipPremarket;Token=token.txt;ConfigPath=usd.json;OutputFolder=.\new\;CandlesPath=C:\tinkoff\TestData\RawQuotes\5m\uncompressed\quotes_2021-04-14;
2021-07-04 23:22:22 30      Trade bot created
2021-07-04 23:22:22 32      Fake connection created
2021-07-04 23:22:22 41      Loaded 142 liquid instruments
2021-07-04 23:22:23 05      List of disabled tickers: 
2021-07-04 23:22:23 06      A_BBG000C2V3D6_2021-04-14
2021-07-04 23:22:23 11      AA_BBG00B3T3HD3_2021-04-14
2021-07-04 23:22:23 17      AAL_BBG005P7Q881_2021-04-14
2021-07-04 23:22:23 22      AAN_BBG00WCNDCZ6_2021-04-14
2021-07-04 23:22:23 23      AAON_BBG000C2LZP3_2021-04-14
2021-07-04 23:22:23 24      AAP_BBG000F7RCJ1_2021-04-14
2021-07-04 23:22:23 25      AAPL_BBG000B9XRY4_2021-04-14
2021-07-04 23:22:23 54      ABBV_BBG0025Y4RY4_2021-04-14
2021-07-04 23:22:23 57      ABC_BBG000MDCQC2_2021-04-14
2021-07-04 23:22:23 59      ABG_BBG000BKDWB5_2021-04-14
2021-07-04 23:22:23 60      ABMD_BBG000C101X4_2021-04-14
2021-07-04 23:22:23 61      ABNB_BBG001Y2XS07_2021-04-14
2021-07-04 23:22:23 64      ABT_BBG000B9ZXB4_2021-04-14
2021-07-04 23:22:23 66      ACAD_BBG000BHG9K0_2021-04-14
2021-07-04 23:22:23 70      ACH_BBG000CMRVH1_2021-04-14
2021-07-04 23:22:23 71      ACH: SPYKE!. Candle: ID:334, Time: 5:30, Close: 11.51
2021-07-04 23:22:23 71      ACH: SPYKE!. Candle: ID:339, Time: 5:30, Close: 11
2021-07-04 23:22:23 71      ACH: BuyPending. Strategy: BuyTheDipPremarket. Price: 11.12. Lots: 22. ChangeOpenToCurrent: -6.71. changeFromLow: 1.09. Candle: ID:340, Time: 5:30, Close: 11.12.
2021-07-04 23:22:23 71      ACH: OrderID: b768be4c. PlacedOrder. Status: New. RejectReason: 
2021-07-04 23:22:23 71      ACH: Cancel order. Did not bought. Candle: ID:382, Time: 5:35, Close: 11.75
2021-07-04 23:22:23 71      OrderID: b768be4c successfully canceled
2021-07-04 23:22:23 72      ACM_BBG000F61RJ8_2021-04-14
2021-07-04 23:22:23 73      ACMR_BBG00HPSG933_2021-04-14
2021-07-04 23:22:23 74      ACN_BBG000D9D830_2021-04-14
2021-07-04 23:22:23 76      ADBE_BBG000BB5006_2021-04-14
2021-07-04 23:22:23 79      ADM_BBG000BB6WG8_2021-04-14
2021-07-04 23:22:23 80      ADP_BBG000JG0547_2021-04-14
2021-07-04 23:22:23 82      ADPT_BBG001J2PFF5_2021-04-14
2021-07-04 23:22:23 84      ADS_BBG000BFNR17_2021-04-14
2021-07-04 23:22:23 85      ADSK_BBG000BM7HL0_2021-04-14
2021-07-04 23:22:23 87      ADUS_BBG000NJGX84_2021-04-14
2021-07-04 23:22:23 88      AEE_BBG000B9X8C0_2021-04-14
2021-07-04 23:22:23 90      AEIS_BBG000FKMP26_2021-04-14
2021-07-04 23:22:23 90      AEO_BBG000BGXZB5_2021-04-14
2021-07-04 23:22:23 92      AERI_BBG001KJ7WJ5_2021-04-14
2021-07-04 23:22:23 93      AES_BBG000C23KJ3_2021-04-14
2021-07-04 23:22:23 94      AFG_BBG000DPKKK0_2021-04-14
2021-07-04 23:22:23 95      AFL_BBG000BBBNC6_2021-04-14
2021-07-04 23:22:23 96      AGCO_BBG000DCCZW2_2021-04-14
2021-07-04 23:22:23 97      AGIO_BBG000QY4ZD0_2021-04-14
2021-07-04 23:22:23 99      AIG_BBG000BBDZG3_2021-04-14
2021-07-04 23:22:24 00      AIR_BBG000BBGQF1_2021-04-14
2021-07-04 23:22:24 01      AIRC_BBG00XK3WVD0_2021-04-14
2021-07-04 23:22:24 01      AIT_BBG000BBHHP9_2021-04-14
2021-07-04 23:22:24 02      AIV_BBG000DD3510_2021-04-14
2021-07-04 23:22:24 03      AIZ_BBG000BZX1N5_2021-04-14
2021-07-04 23:22:24 04      AJG_BBG000BBHXQ3_2021-04-14
2021-07-04 23:22:24 05      AJRD_BBG000BKRHQ7_2021-04-14
2021-07-04 23:22:24 06      AKAM_BBG000BJQWD2_2021-04-14
2021-07-04 23:22:24 08      ALB_BBG000BJ26K7_2021-04-14
2021-07-04 23:22:24 09      ALGN_BBG000BRNLL2_2021-04-14
2021-07-04 23:22:24 11      ALGT_BBG000LJS6B8_2021-04-14
2021-07-04 23:22:24 11      ALK_BBG000BBL0Y1_2021-04-14
2021-07-04 23:22:24 13      ALL_BBG000BVMGF2_2021-04-14
2021-07-04 23:22:24 14      ALLE_BBG003PS7JV1_2021-04-14
2021-07-04 23:22:24 15      ALLK_BBG003QBJKN0_2021-04-14
2021-07-04 23:22:24 16      ALLO_BBG00KHRRDX3_2021-04-14
2021-07-04 23:22:24 17      ALLY_BBG000BC2R71_2021-04-14
2021-07-04 23:22:24 19      ALNY_BBG000BFGNJ5_2021-04-14
2021-07-04 23:22:24 20      ALRM_BBG007GNPYY7_2021-04-14
2021-07-04 23:22:24 21      ALSN_BBG001KY3845_2021-04-14
2021-07-04 23:22:24 23      ALTR_BBG000PN9NB9_2021-04-14
2021-07-04 23:22:24 24      ALXN_BBG000G30YX4_2021-04-14
2021-07-04 23:22:24 26      AMAT_BBG000BBPFB9_2021-04-14
2021-07-04 23:22:24 33      AMCX_BBG000H01H92_2021-04-14
2021-07-04 23:22:24 35      AMD_BBG000BBQCY0_2021-04-14
2021-07-04 23:22:24 48      AME_BBG000B9XG87_2021-04-14
2021-07-04 23:22:24 49      AMED_BBG000B9ZV28_2021-04-14
2021-07-04 23:22:24 50      AMG_BBG000C060M4_2021-04-14
2021-07-04 23:22:24 51      AMGN_BBG000BBS2Y0_2021-04-14
2021-07-04 23:22:24 53      AMN_BBG000BCT197_2021-04-14
2021-07-04 23:22:24 54      AMP_BBG000G3QLY3_2021-04-14
2021-07-04 23:22:24 55      AMT_BBG000B9XYV2_2021-04-14
2021-07-04 23:22:24 58      AMWD_BBG000BBX657_2021-04-14
2021-07-04 23:22:24 58      AMZN_BBG000BVPV84_2021-04-14
2021-07-04 23:22:24 64      AN_BBG000BBXLW4_2021-04-14
2021-07-04 23:22:24 65      ANAB_BBG0026ZDHR0_2021-04-14
2021-07-04 23:22:24 67      ANDE_BBG000BF8CN3_2021-04-14
2021-07-04 23:22:24 68      ANET_BBG000N2HDY5_2021-04-14
2021-07-04 23:22:24 69      ANF_BBG000H9G7X2_2021-04-14
2021-07-04 23:22:24 69      ANGI_BBG00HVKH3Q0_2021-04-14
2021-07-04 23:22:24 71      ANIK_BBG000BBKZD8_2021-04-14
2021-07-04 23:22:24 72      ANIP_BBG000KK1L04_2021-04-14
2021-07-04 23:22:24 72      ANSS_BBG000GXZ4W7_2021-04-14
2021-07-04 23:22:24 74      ANTM_BBG000BCG930_2021-04-14
2021-07-04 23:22:24 75      AON_BBG00SSQFPK6_2021-04-14
2021-07-04 23:22:24 77      AOS_BBG000BC1L02_2021-04-14
2021-07-04 23:22:24 77      AOUT_BBG00QV8FS02_2021-04-14
2021-07-04 23:22:24 78      AOUT: SPYKE!. Candle: ID:331, Time: 16:50, Close: 28.75
2021-07-04 23:22:24 78      APA_BBG00YTS96G2_2021-04-14
2021-07-04 23:22:24 81      APD_BBG000BC4JJ4_2021-04-14
2021-07-04 23:22:24 82      APEI_BBG000RVD346_2021-04-14
2021-07-04 23:22:24 83      APH_BBG000B9YJ35_2021-04-14
2021-07-04 23:22:24 84      APLE_BBG006473QX9_2021-04-14
2021-07-04 23:22:24 85      APLT_BBG000DD0489_2021-04-14
2021-07-04 23:22:24 85      APPF_BBG008GC8CP6_2021-04-14
2021-07-04 23:22:24 86      APPN_BBG001C7PMJ2_2021-04-14
2021-07-04 23:22:24 88      APPS_BBG000HZ3562_2021-04-14
2021-07-04 23:22:24 90      APTV_BBG001QD41M9_2021-04-14
2021-07-04 23:22:24 92      ARCC_BBG000PD6X77_2021-04-14
2021-07-04 23:22:24 92      ARCT_BBG00NNW8JK1_2021-04-14
2021-07-04 23:22:24 94      ARE_BBG000BC33T9_2021-04-14
2021-07-04 23:22:24 95      ARMK_BBG001KY4N87_2021-04-14
2021-07-04 23:22:24 96      ARNA_BBG000BKXBV7_2021-04-14
2021-07-04 23:22:24 97      ARNC_BBG00R45JYB7_2021-04-14
2021-07-04 23:22:24 98      ARQT_BBG00QN8K4M4_2021-04-14
2021-07-04 23:22:24 99      ARVN_BBG00LW7YK82_2021-04-14
2021-07-04 23:22:24 99      ARW_BBG000BCD3D5_2021-04-14
2021-07-04 23:22:25 00      ARWR_BBG000BRVKH0_2021-04-14
2021-07-04 23:22:25 01      ASGN_BBG000CRN8N8_2021-04-14
2021-07-04 23:22:25 02      ASH_BBG00D0Y81M1_2021-04-14
2021-07-04 23:22:25 03      ASIX_BBG00CWTTQ41_2021-04-14
2021-07-04 23:22:25 03      ATEX_BBG0081NLHR0_2021-04-14
2021-07-04 23:22:25 04      ATGE_BBG000DQBZJ7_2021-04-14
2021-07-04 23:22:25 04      ATKR_BBG000QTFDQ4_2021-04-14
2021-07-04 23:22:25 05      ATR_BBG000BGX2S0_2021-04-14
2021-07-04 23:22:25 06      ATRA_BBG005Q3MQY4_2021-04-14
2021-07-04 23:22:25 07      ATRC_BBG000BL6CB5_2021-04-14
2021-07-04 23:22:25 07      ATRI_BBG000DTT624_2021-04-14
2021-07-04 23:22:25 08      ATRO_BBG000BCLBY5_2021-04-14
2021-07-04 23:22:25 09      ATUS_BBG00GFMPRK0_2021-04-14
2021-07-04 23:22:25 10      ATVI_BBG000CVWGS6_2021-04-14
2021-07-04 23:22:25 13      AVAV_BBG000GX14P2_2021-04-14
2021-07-04 23:22:25 13      AVB_BBG000BLPBL5_2021-04-14
2021-07-04 23:22:25 14      AVGO_BBG00KHY5S69_2021-04-14
2021-07-04 23:22:25 16      AVLR_BBG000R4Y9C1_2021-04-14
2021-07-04 23:22:25 17      AVNS_BBG005L86G05_2021-04-14
2021-07-04 23:22:25 18      AVNT_BBG000C8NJ10_2021-04-14
2021-07-04 23:22:25 19      AVTR_BBG00G2HHYD7_2021-04-14
2021-07-04 23:22:25 21      AVY_BBG000BCQ4P6_2021-04-14
2021-07-04 23:22:25 21      AWI_BBG000DW4LB1_2021-04-14
2021-07-04 23:22:25 22      AWK_BBG000TRJ294_2021-04-14
2021-07-04 23:22:25 23      AWR_BBG000F964B6_2021-04-14
2021-07-04 23:22:25 24      AX_BBG000QPHD08_2021-04-14
2021-07-04 23:22:25 24      AXGN_BBG000BN46R9_2021-04-14
2021-07-04 23:22:25 25      AXP_BBG000BCQZS4_2021-04-14
2021-07-04 23:22:25 26      AXSM_BBG00B6G7GL7_2021-04-14
2021-07-04 23:22:25 27      AYI_BBG000BJ5HK0_2021-04-14
2021-07-04 23:22:25 28      AYX_BBG000BGZT72_2021-04-14
2021-07-04 23:22:25 30      AZO_BBG000C7LMS8_2021-04-14
2021-07-04 23:22:25 31      AZPN_BBG000DFMXT3_2021-04-14
2021-07-04 23:22:25 32      BA_BBG000BCSST7_2021-04-14
2021-07-04 23:22:25 36      BABA_BBG006G2JVL2_2021-04-14
2021-07-04 23:22:25 44      BAC_BBG000BCTLF6_2021-04-14
2021-07-04 23:22:25 49      BAH_BBG000R2YFG7_2021-04-14
2021-07-04 23:22:25 49      BAND_BBG001K003W2_2021-04-14
2021-07-04 23:22:25 50      BAX_BBG000BCVJ77_2021-04-14
2021-07-04 23:22:25 52      BBIO_BBG00P9KDZK6_2021-04-14
2021-07-04 23:22:25 53      BBSI_BBG000BHJSC4_2021-04-14
2021-07-04 23:22:25 54      BBY_BBG000BCWCG1_2021-04-14
2021-07-04 23:22:25 55      BBBY_BBG000CSY9H9_2021-04-14
2021-07-04 23:22:25 60      BBBY: BuyPending. Strategy: BuyTheDipPremarket. Price: 26.31. Lots: 9. ChangeOpenToCurrent: -4.01. changeFromLow: 0.61. Candle: ID:523, Time: 11:10, Close: 26.31.
2021-07-04 23:22:25 60      BBBY: OrderID: 1a2daa6d. PlacedOrder. Status: New. RejectReason: 
2021-07-04 23:22:25 61      BBBY: OrderID: 1a2daa6d fully executed
2021-07-04 23:22:25 61      BBBY: Closing. Close price: 26.84. Lots: 9. CandleChange: -0.04%. ChangeFromCandleHigh: -0.04%. Profit: 0.53(2.01%). Candle: ID:573, Time: 11:15, Close: 26.84
2021-07-04 23:22:25 61      BBBY: OrderID: 300834ee. PlacedOrder. Status: New. RejectReason: 
2021-07-04 23:22:25 61      BBBY: OrderID: 300834ee partially executed. Executed lots: 3. OrderStatus: 3/9 lots
2021-07-04 23:22:30 10      OrderID: 300834ee successfully canceled
2021-07-04 23:22:30 10      BBBY: Closing daily orders. Close price: 24.56. Lots: 6. Profit: -1.75(-6.65%). Candle: ID:27382, Time: 21:10, Close: 24.58
2021-07-04 23:22:30 11      BC_BBG000BCWSS3_2021-04-14
2021-07-04 23:22:30 12      BCO_BBG000DR5QP5_2021-04-14
2021-07-04 23:22:30 12      BCPC_BBG000BCY878_2021-04-14
2021-07-04 23:22:30 14      BDC_BBG000Q4XNV1_2021-04-14
2021-07-04 23:22:30 14      BDTX_BBG00MS4Y0W9_2021-04-14
2021-07-04 23:22:30 16      BDX_BBG000BCZYD3_2021-04-14
2021-07-04 23:22:30 17      BECN_BBG000BKTXF2_2021-04-14
2021-07-04 23:22:30 18      BEN_BBG000BD0TF8_2021-04-14
2021-07-04 23:22:30 19      BERY_BBG000Q1R1Y9_2021-04-14
2021-07-04 23:22:30 20      BF.B_BBG000BD2NY8_2021-04-14
2021-07-04 23:22:30 22      BFAM_BBG003LFWP05_2021-04-14
2021-07-04 23:22:30 23      BFYT_BBG003QRSQD3_2021-04-14
2021-07-04 23:22:30 23      BGS_BBG000RKXRQ1_2021-04-14
2021-07-04 23:22:30 24      BH_BBG00JPRDQH1_2021-04-14
2021-07-04 23:22:30 25      BHF_BBG00DYPZ4T0_2021-04-14
2021-07-04 23:22:30 26      BIDU_BBG000QXWHD1_2021-04-14
2021-07-04 23:22:30 34      BIG_BBG000J0D904_2021-04-14
2021-07-04 23:22:30 35      BIIB_BBG000C17X76_2021-04-14
2021-07-04 23:22:30 38      BILI_BBG00K7T3037_2021-04-14
2021-07-04 23:22:30 41      BILL_BBG00QVJV6V4_2021-04-14
2021-07-04 23:22:30 43      BIO_BBG000DY28W5_2021-04-14
2021-07-04 23:22:30 43      BJRI_BBG000H9LNX1_2021-04-14
2021-07-04 23:22:30 44      BK_BBG000BD8PN9_2021-04-14
2021-07-04 23:22:30 47      BKI_BBG00GX77LW3_2021-04-14
2021-07-04 23:22:30 48      BKNG_BBG000BLBVN4_2021-04-14
2021-07-04 23:22:30 50      BKR_BBG00GBVBK51_2021-04-14
2021-07-04 23:22:30 53      BL_BBG0029KJVB0_2021-04-14
2021-07-04 23:22:30 55      BLD_BBG0077VS2C0_2021-04-14
2021-07-04 23:22:30 56      BLDR_BBG000BKD3K9_2021-04-14
2021-07-04 23:22:30 58      BLK_BBG000C2PW58_2021-04-14
2021-07-04 23:22:30 59      BLKB_BBG000BGGTW5_2021-04-14
2021-07-04 23:22:30 60      BLL_BBG000BDDNH5_2021-04-14
2021-07-04 23:22:30 61      BLUE_BBG000QGWY50_2021-04-14
2021-07-04 23:22:30 63      BMI_BBG000BDGHD9_2021-04-14
2021-07-04 23:22:30 64      BMRN_BBG000CZWZ05_2021-04-14
2021-07-04 23:22:30 66      BMY_BBG000DQLV23_2021-04-14
2021-07-04 23:22:30 67      BOH_BBG000C8D8G9_2021-04-14
2021-07-04 23:22:30 68      BOKF_BBG000CFZ003_2021-04-14
2021-07-04 23:22:30 69      BOOT_BBG0077SYZV6_2021-04-14
2021-07-04 23:22:30 70      BOX_BBG000PMSK08_2021-04-14
2021-07-04 23:22:30 71      BPMC_BBG001MC8YF7_2021-04-14
2021-07-04 23:22:30 71      BR_BBG000PPFKQ7_2021-04-14
2021-07-04 23:22:30 73      BRC_BBG000BDNV95_2021-04-14
2021-07-04 23:22:30 73      BRK.B_BBG000DWG505_2021-04-14
2021-07-04 23:22:30 75      BRKR_BBG000CL1FG7_2021-04-14
2021-07-04 23:22:30 77      BRO_BBG000BWSGF4_2021-04-14
2021-07-04 23:22:30 78      BSX_BBG000C0LW92_2021-04-14
2021-07-04 23:22:30 80      BTAI_BBG00K20GVD2_2021-04-14
2021-07-04 23:22:30 82      BTI_BBG000BWPXQ8_2021-04-14
2021-07-04 23:22:30 83      BUD_BBG000RYC984_2021-04-14
2021-07-04 23:22:30 84      BURL_BBG004S641N5_2021-04-14
2021-07-04 23:22:30 85      BWA_BBG000BJ49H3_2021-04-14
2021-07-04 23:22:30 86      BWXT_BBG000D86F25_2021-04-14
2021-07-04 23:22:30 87      BX_BBG000BH0106_2021-04-14
2021-07-04 23:22:30 88      BXP_BBG000BS5CM9_2021-04-14
2021-07-04 23:22:30 89      BYND_BBG003CVJP50_2021-04-14
2021-07-04 23:22:30 92      BZUN_BBG008HNS333_2021-04-14
2021-07-04 23:22:30 93      C_BBG000FY4S11_2021-04-14
2021-07-04 23:22:30 99      CABO_BBG000F02T51_2021-04-14
2021-07-04 23:22:30 99      CACC_BBG000CS0D96_2021-04-14
2021-07-04 23:22:31 00      CAG_BBG000BDXGP9_2021-04-14
2021-07-04 23:22:31 02      CAH_BBG000D898T9_2021-04-14
2021-07-04 23:22:31 03      CALM_BBG000CDMJW6_2021-04-14
2021-07-04 23:22:31 04      CARA_BBG001J2QYS9_2021-04-14
2021-07-04 23:22:31 05      CARG_BBG00HQ77DS2_2021-04-14
2021-07-04 23:22:31 06      CARR_BBG00RP5HYS8_2021-04-14
2021-07-04 23:22:31 08      CARS_BBG000HGTH33_2021-04-14
2021-07-04 23:22:31 09      CASY_BBG000BF0672_2021-04-14
2021-07-04 23:22:31 09      CAT_BBG000BF0K17_2021-04-14
2021-07-04 23:22:31 13      CB_BBG000BR14K5_2021-04-14
2021-07-04 23:22:31 15      CBRE_BBG000C04224_2021-04-14
2021-07-04 23:22:31 16      CBRL_BBG000BF33K1_2021-04-14
2021-07-04 23:22:31 17      CBSH_BBG000BF3G77_2021-04-14
2021-07-04 23:22:31 19      CBU_BBG000BF4D19_2021-04-14
2021-07-04 23:22:31 19      CCI_BBG000FV1Z23_2021-04-14
2021-07-04 23:22:31 21      CCK_BBG000BF6756_2021-04-14
2021-07-04 23:22:31 23      CCL_BBG000BF6LY3_2021-04-14
2021-07-04 23:22:31 25      CCL: SPYKE!. Candle: ID:4, Time: 4:00, Close: 26.55
2021-07-04 23:22:31 25      CCL: SPYKE!. Candle: ID:7, Time: 4:00, Close: 27.57
2021-07-04 23:22:31 25      CCL: SPYKE!. Candle: ID:8, Time: 4:00, Close: 27.57
2021-07-04 23:22:31 30      CCOI_BBG000D0SMY8_2021-04-14
2021-07-04 23:22:31 31      CCXI_BBG000PTSB12_2021-04-14
2021-07-04 23:22:31 32      CDK_BBG006B6PVN9_2021-04-14
2021-07-04 23:22:31 33      CDLX_BBG00225ZDD0_2021-04-14
2021-07-04 23:22:31 35      CDNA_BBG006JS5785_2021-04-14
2021-07-04 23:22:31 36      CDNS_BBG000C13CD9_2021-04-14
2021-07-04 23:22:31 40      CDW_BBG001P63B80_2021-04-14
2021-07-04 23:22:31 42      CE_BBG000JYP7L8_2021-04-14
2021-07-04 23:22:31 44      CEA_BBG000BCFNR4_2021-04-14
2021-07-04 23:22:31 45      CENT_BBG000BFD605_2021-04-14
2021-07-04 23:22:31 46      CENTA_BBG000KTYB56_2021-04-14
2021-07-04 23:22:31 46      CERN_BBG000BFDLV8_2021-04-14
2021-07-04 23:22:31 49      CEVA_BBG000BN3P07_2021-04-14
2021-07-04 23:22:31 50      CF_BBG000BWJFZ4_2021-04-14
2021-07-04 23:22:31 51      CFG_BBG006Q0HY77_2021-04-14
2021-07-04 23:22:31 54      CFR_BBG000C2PL98_2021-04-14
2021-07-04 23:22:31 55      CFX_BBG000C5Z443_2021-04-14
2021-07-04 23:22:31 56      CGEN_BBG000B9ZLB0_2021-04-14
2021-07-04 23:22:31 58      CGNX_BBG000BPBVW5_2021-04-14
2021-07-04 23:22:31 59      CHD_BBG000BFJT36_2021-04-14
2021-07-04 23:22:31 61      CHDN_BBG000BGXMG9_2021-04-14
2021-07-04 23:22:31 62      CHE_BBG000C19QW1_2021-04-14
2021-07-04 23:22:31 63      CHEF_BBG001MFW6D6_2021-04-14
2021-07-04 23:22:31 64      CHGG_BBG0014XR0N5_2021-04-14
2021-07-04 23:22:31 65      CHH_BBG000BPBTL2_2021-04-14
2021-07-04 23:22:31 66      CHKP_BBG000K82ZT8_2021-04-14
2021-07-04 23:22:31 68      CHNG_BBG0059KNH10_2021-04-14
2021-07-04 23:22:31 68      CHRW_BBG000BTCH57_2021-04-14
2021-07-04 23:22:31 69      CHTR_BBG000VPGNR2_2021-04-14
2021-07-04 23:22:31 71      CHWY_BBG00P19DKZ6_2021-04-14
2021-07-04 23:22:31 72      CHX_BBG00JH9TZ56_2021-04-14
2021-07-04 23:22:31 74      CI_BBG00KXRCDP0_2021-04-14
2021-07-04 23:22:31 75      CIEN_BBG000BP1152_2021-04-14
2021-07-04 23:22:31 76      CINF_BBG000BFPK65_2021-04-14
2021-07-04 23:22:31 78      CL_BBG000BFQYY3_2021-04-14
2021-07-04 23:22:31 79      CLDR_BBG000DRJFC8_2021-04-14
2021-07-04 23:22:31 81      CLDT_BBG000PT6BR8_2021-04-14
2021-07-04 23:22:31 81      CLF_BBG000BFRF55_2021-04-14
2021-07-04 23:22:31 85      CLGX_BBG000C2H3F0_2021-04-14
2021-07-04 23:22:31 85      CLH_BBG000BFRRX8_2021-04-14
2021-07-04 23:22:31 86      CLR_BBG000BHBGN6_2021-04-14
2021-07-04 23:22:31 89      CLX_BBG000BFS7D3_2021-04-14
2021-07-04 23:22:31 90      CMA_BBG000C75N77_2021-04-14
2021-07-04 23:22:31 92      CMC_BBG000BFSND8_2021-04-14
2021-07-04 23:22:31 93      CMCO_BBG000BCWWV0_2021-04-14
2021-07-04 23:22:31 93      CMCSA_BBG000BFT2L4_2021-04-14
2021-07-04 23:22:31 97      CME_BBG000BHLYP4_2021-04-14
2021-07-04 23:22:31 99      CMG_BBG000QX74T1_2021-04-14
2021-07-04 23:22:32 00      CMI_BBG000BGPTV6_2021-04-14
2021-07-04 23:22:32 01      CMP_BBG000C42WS4_2021-04-14
2021-07-04 23:22:32 02      CMS_BBG000BFVXX0_2021-04-14
2021-07-04 23:22:32 04      CNC_BBG000BDXCJ5_2021-04-14
2021-07-04 23:22:32 05      CNK_BBG000QDVR53_2021-04-14
2021-07-04 23:22:32 08      CNP_BBG000FDBX90_2021-04-14
2021-07-04 23:22:32 09      CNS_BBG000BB0WG4_2021-04-14
2021-07-04 23:22:32 10      CNST_BBG000R1H6P8_2021-04-14
2021-07-04 23:22:32 11      CNXC_BBG00RCNQMX3_2021-04-14
2021-07-04 23:22:32 12      CNXN_BBG000BX74M4_2021-04-14
2021-07-04 23:22:32 13      COF_BBG000BGKTF9_2021-04-14
2021-07-04 23:22:32 14      COG_BBG000C3GN47_2021-04-14
2021-07-04 23:22:32 17      COHR_BBG000BG1DH3_2021-04-14
2021-07-04 23:22:32 18      COKE_BBG000BG1SX2_2021-04-14
2021-07-04 23:22:32 19      COLM_BBG000BKKQ84_2021-04-14
2021-07-04 23:22:32 20      CONE_BBG0038V5TX1_2021-04-14
2021-07-04 23:22:32 21      COO_BBG000BG3445_2021-04-14
2021-07-04 23:22:32 22      COP_BBG000BQQH30_2021-04-14
2021-07-04 23:22:32 27      CORR_BBG000CN80Y9_2021-04-14
2021-07-04 23:22:32 29      CORT_BBG000BKJG33_2021-04-14
2021-07-04 23:22:32 29      COST_BBG000F6H8W8_2021-04-14
2021-07-04 23:22:32 32      COTY_BBG000F395V1_2021-04-14
2021-07-04 23:22:32 33      COUP_BBG001J4BCN4_2021-04-14
2021-07-04 23:22:32 36      CPB_BBG000BG4202_2021-04-14
2021-07-04 23:22:32 37      CPRI_BBG0029SNR63_2021-04-14
2021-07-04 23:22:32 38      CPRT_BBG000BM9RH1_2021-04-14
2021-07-04 23:22:32 40      CPS_BBG000PSXT64_2021-04-14
2021-07-04 23:22:32 41      CR_BBG000BG7423_2021-04-14
2021-07-04 23:22:32 42      CREE_BBG000BG14P4_2021-04-14
2021-07-04 23:22:32 43      CRI_BBG000CTM4J9_2021-04-14
2021-07-04 23:22:32 44      CRL_BBG000BG5BL8_2021-04-14
2021-07-04 23:22:32 45      CRM_BBG000BN2DC2_2021-04-14
2021-07-04 23:22:32 49      CRMT_BBG000CM6L31_2021-04-14
2021-07-04 23:22:32 50      CROX_BBG000BLY663_2021-04-14
2021-07-04 23:22:32 51      CRS_BBG000BGCQT9_2021-04-14
2021-07-04 23:22:32 52      CRTX_BBG00BTK1DT8_2021-04-14
2021-07-04 23:22:32 53      CRUS_BBG000C1DHF5_2021-04-14
2021-07-04 23:22:32 54      CRVL_BBG000CVKZY0_2021-04-14
2021-07-04 23:22:32 55      CRWD_BBG00BLYKS03_2021-04-14
2021-07-04 23:22:32 58      CSCO_BBG000C3J3C9_2021-04-14
2021-07-04 23:22:32 60      CSCO: BuyPending. Strategy: BuyTheDipPremarket. Price: 48.15. Lots: 5. ChangeOpenToCurrent: -6.41. changeFromLow: 0.73. Candle: ID:25, Time: 4:00, Close: 48.15.
2021-07-04 23:22:32 60      CSCO: OrderID: 962f8ebc. PlacedOrder. Status: New. RejectReason: 
2021-07-04 23:22:32 60      CSCO: Cancel order. Did not bought. Candle: ID:87, Time: 4:05, Close: 51.07
2021-07-04 23:22:32 60      OrderID: 962f8ebc successfully canceled
2021-07-04 23:22:32 62      CSGP_BBG000D7JKW9_2021-04-14
2021-07-04 23:22:32 63      CSGS_BBG000G3TQV2_2021-04-14
2021-07-04 23:22:32 64      CSII_BBG000NWQ9S5_2021-04-14
2021-07-04 23:22:32 65      CSL_BBG000BGGBT8_2021-04-14
2021-07-04 23:22:32 66      CSOD_BBG0016X4XN6_2021-04-14
2021-07-04 23:22:32 67      CSWI_BBG007NLG4L3_2021-04-14
2021-07-04 23:22:32 67      CSX_BBG000BGJRC8_2021-04-14
2021-07-04 23:22:32 70      CTAS_BBG000H3YXF8_2021-04-14
2021-07-04 23:22:32 71      CTB_BBG000BGKXV2_2021-04-14
2021-07-04 23:22:32 72      CTLT_BBG005XR47P5_2021-04-14
2021-07-04 23:22:32 74      CTSH_BBG000BBDV81_2021-04-14
2021-07-04 23:22:32 76      CTVA_BBG00BN969C1_2021-04-14
2021-07-04 23:22:32 78      CTXS_BBG000FQ6PY6_2021-04-14
2021-07-04 23:22:32 80      CVCO_BBG000K4WS65_2021-04-14
2021-07-04 23:22:32 80      CVET_BBG00KR691K8_2021-04-14
2021-07-04 23:22:32 82      CVGW_BBG000BGPQW1_2021-04-14
2021-07-04 23:22:32 82      CVLT_BBG000BG88X9_2021-04-14
2021-07-04 23:22:32 84      CVNA_BBG00GCTWDJ3_2021-04-14
2021-07-04 23:22:32 85      CVS_BBG000BGRY34_2021-04-14
2021-07-04 23:22:32 87      CVX_BBG000K4ND22_2021-04-14
2021-07-04 23:22:32 92      CW_BBG000BGSPS5_2021-04-14
2021-07-04 23:22:32 93      CWST_BBG000BT0J38_2021-04-14
2021-07-04 23:22:32 94      CWT_BBG000D8KTN6_2021-04-14
2021-07-04 23:22:32 95      CY_BBG000BXNJ07_2021-04-14
2021-07-04 23:22:32 95      D_BBG000BGVW60_2021-04-14
2021-07-04 23:22:32 97      DAL_BBG000R7Z112_2021-04-14
2021-07-04 23:22:33 02      DAR_BBG000BN8ZK8_2021-04-14
2021-07-04 23:22:33 03      DBX_BBG0018SLDN0_2021-04-14
2021-07-04 23:22:33 05      DCI_BBG000BGZP70_2021-04-14
2021-07-04 23:22:33 06      DCPH_BBG00HMJ9H54_2021-04-14
2021-07-04 23:22:33 07      DD_BBG00BN961G4_2021-04-14
2021-07-04 23:22:33 08      DDOG_BBG003NJHZT9_2021-04-14
2021-07-04 23:22:33 11      DDS_BBG000BS4MP5_2021-04-14
2021-07-04 23:22:33 11      DE_BBG000BH1NH9_2021-04-14
2021-07-04 23:22:33 13      DECK_BBG000BKXYX5_2021-04-14
2021-07-04 23:22:33 13      DELL_BBG00DW3SZS1_2021-04-14
2021-07-04 23:22:33 14      DELL: SPYKE!. Candle: ID:2087, Time: 20:05, Close: 101.02
2021-07-04 23:22:33 15      DFS_BBG000QBR5J5_2021-04-14
2021-07-04 23:22:33 17      DG_BBG000NV1KK7_2021-04-14
2021-07-04 23:22:33 18      DGX_BBG000BN84F3_2021-04-14
2021-07-04 23:22:33 19      DHI_BBG000DQTXY6_2021-04-14
2021-07-04 23:22:33 20      DHR_BBG000BH3JF8_2021-04-14
2021-07-04 23:22:33 22      DIOD_BBG000G25P51_2021-04-14
2021-07-04 23:22:33 23      DIS_BBG000BH4R78_2021-04-14
2021-07-04 23:22:33 27      DISCA_BBG000CHWP52_2021-04-14
2021-07-04 23:22:33 41      DISCB_BBG000F7L5N7_2021-04-14
2021-07-04 23:22:33 43      DISCB: SPYKE!. Candle: ID:789, Time: 11:45, Close: 90
2021-07-04 23:22:33 43      DISCB: SPYKE!. Candle: ID:1920, Time: 13:30, Close: 97
2021-07-04 23:22:33 43      DISCB: SPYKE!. Candle: ID:1956, Time: 13:30, Close: 96.9
2021-07-04 23:22:33 43      DISCB: SPYKE!. Candle: ID:1961, Time: 13:30, Close: 96.99
2021-07-04 23:22:33 43      DISCB: SPYKE!. Candle: ID:1966, Time: 13:30, Close: 96.99
2021-07-04 23:22:33 43      DISCB: SPYKE!. Candle: ID:1973, Time: 13:30, Close: 96.99
2021-07-04 23:22:33 43      DISCB: SPYKE!. Candle: ID:2248, Time: 13:35, Close: 104
2021-07-04 23:22:33 43      DISCB: SPYKE!. Candle: ID:2250, Time: 13:35, Close: 106
2021-07-04 23:22:33 43      DISCB: SPYKE!. Candle: ID:2251, Time: 13:35, Close: 96.9
2021-07-04 23:22:33 43      DISCB: SPYKE!. Candle: ID:2414, Time: 13:35, Close: 96
2021-07-04 23:22:33 43      DISCB: SPYKE!. Candle: ID:2417, Time: 13:35, Close: 104
2021-07-04 23:22:33 43      DISCB: SPYKE!. Candle: ID:2426, Time: 13:35, Close: 95.86
2021-07-04 23:22:33 43      DISCB: SPYKE!. Candle: ID:3226, Time: 14:05, Close: 101
2021-07-04 23:22:33 43      DISCB: SPYKE!. Candle: ID:3550, Time: 14:10, Close: 112
2021-07-04 23:22:33 43      DISCB: SPYKE!. Candle: ID:3552, Time: 14:10, Close: 105.56
2021-07-04 23:22:33 43      DISCB: SPYKE!. Candle: ID:3553, Time: 14:10, Close: 112.63
2021-07-04 23:22:33 43      DISCB: SPYKE!. Candle: ID:5597, Time: 14:45, Close: 103.07
2021-07-04 23:22:33 44      DISCB: SPYKE!. Candle: ID:8562, Time: 16:25, Close: 103.38
2021-07-04 23:22:33 44      DISCB: SPYKE!. Candle: ID:9097, Time: 16:50, Close: 109.56
2021-07-04 23:22:33 44      DISCB: SPYKE!. Candle: ID:9100, Time: 16:50, Close: 108.41
2021-07-04 23:22:33 44      DISCK_BBG000VMWHH5_2021-04-14
2021-07-04 23:22:33 52      DK_BBG00FZYFVC5_2021-04-14
2021-07-04 23:22:33 54      DKNG_BBG00TCBG714_2021-04-14
2021-07-04 23:22:33 59      DKS_BBG000F6ZWH2_2021-04-14
2021-07-04 23:22:33 60      DLB_BBG000DGLTG5_2021-04-14
2021-07-04 23:22:33 61      DLR_BBG000Q5ZRM7_2021-04-14
2021-07-04 23:22:33 62      DLTH_BBG002GBMZG4_2021-04-14
2021-07-04 23:22:33 63      DLTR_BBG000BSC0K9_2021-04-14
2021-07-04 23:22:33 65      DLX_BBG000BH6360_2021-04-14
2021-07-04 23:22:33 66      DNLI_BBG008P7F869_2021-04-14
2021-07-04 23:22:33 67      DNOW_BBG005BLN209_2021-04-14
2021-07-04 23:22:33 69      DOCU_BBG000N7KJX8_2021-04-14
2021-07-04 23:22:33 73      DORM_BBG000BM22F5_2021-04-14
2021-07-04 23:22:33 74      DOV_BBG000BHB3M6_2021-04-14
2021-07-04 23:22:33 75      DOW_BBG00BN96922_2021-04-14
2021-07-04 23:22:33 78      DPZ_BBG000P458P3_2021-04-14
2021-07-04 23:22:33 80      DRE_BBG000BHD8S7_2021-04-14
2021-07-04 23:22:33 81      DRI_BBG000BBNYF6_2021-04-14
2021-07-04 23:22:33 83      DRNA_BBG001J1DB23_2021-04-14
2021-07-04 23:22:33 84      DRQ_BBG000BVDBY2_2021-04-14
2021-07-04 23:22:33 84      DT_BBG00PNN7C40_2021-04-14
2021-07-04 23:22:33 86      DVA_BBG000MQ1SN9_2021-04-14
2021-07-04 23:22:33 87      DVN_BBG000BBVJZ8_2021-04-14
2021-07-04 23:22:33 91      DXC_BBG00FN64XT9_2021-04-14
2021-07-04 23:22:33 93      DXCM_BBG000QTF8K1_2021-04-14
2021-07-04 23:22:33 94      DY_BBG000C4SKT1_2021-04-14
2021-07-04 23:22:33 95      EA_BBG000BP0KQ8_2021-04-14
2021-07-04 23:22:33 98      EAT_BBG000BK28N7_2021-04-14
2021-07-04 23:22:33 99      EBAY_BBG000C43RR5_2021-04-14
2021-07-04 23:22:34 05      EBS_BBG000GW06J7_2021-04-14
2021-07-04 23:22:34 06      ECHO_BBG000RFP8W6_2021-04-14
2021-07-04 23:22:34 07      ECL_BBG000BHKYH4_2021-04-14
2021-07-04 23:22:34 08      ECPG_BBG000F369C7_2021-04-14
2021-07-04 23:22:34 10      ED_BBG000BHLYS1_2021-04-14
2021-07-04 23:22:34 11      EDIT_BBG005MX5GZ2_2021-04-14
2021-07-04 23:22:34 13      EEFT_BBG000BMNBY1_2021-04-14
2021-07-04 23:22:34 14      EFX_BBG000BHPL78_2021-04-14
2021-07-04 23:22:34 15      EGHT_BBG000BCGHH7_2021-04-14
2021-07-04 23:22:34 17      EGRX_BBG005Y3XWH9_2021-04-14
2021-07-04 23:22:34 17      EHTH_BBG000P5JQX6_2021-04-14
2021-07-04 23:22:34 19      EIX_BBG000D7RKJ5_2021-04-14
2021-07-04 23:22:34 21      EL_BBG000FKJRC5_2021-04-14
2021-07-04 23:22:34 21      ELAN_BBG00LJYS1P8_2021-04-14
2021-07-04 23:22:34 23      ELS_BBG000BB7SX7_2021-04-14
2021-07-04 23:22:34 24      EME_BBG000BBRPL4_2021-04-14
2021-07-04 23:22:34 24      EMN_BBG000BLW530_2021-04-14
2021-07-04 23:22:34 26      EMR_BBG000BHX7N2_2021-04-14
2021-07-04 23:22:34 27      ENDP_BBG000C0HQ54_2021-04-14
2021-07-04 23:22:34 29      ENPH_BBG001R3MNY9_2021-04-14
2021-07-04 23:22:34 32      ENR_BBG006FCB019_2021-04-14
2021-07-04 23:22:34 34      ENS_BBG000PWTD92_2021-04-14
2021-07-04 23:22:34 34      ENTA_BBG001V9NSB4_2021-04-14
2021-07-04 23:22:34 35      ENTG_BBG000CTV4N4_2021-04-14
2021-07-04 23:22:34 37      ENV_BBG000Q4NZ54_2021-04-14
2021-07-04 23:22:34 38      EOG_BBG000BZ9223_2021-04-14
2021-07-04 23:22:34 40      EPAM_BBG000MHTV89_2021-04-14
2021-07-04 23:22:34 41      EPAY_BBG000BRNH31_2021-04-14
2021-07-04 23:22:34 42      EPC_BBG000BRW644_2021-04-14
2021-07-04 23:22:34 44      EQIX_BBG000MBDGM6_2021-04-14
2021-07-04 23:22:34 46      EQT_BBG000BHZ5J9_2021-04-14
2021-07-04 23:22:34 49      ERIE_BBG000BBTJZ1_2021-04-14
2021-07-04 23:22:34 50      ES_BBG000BQ87N0_2021-04-14
2021-07-04 23:22:34 51      ESPR_BBG004KB3S72_2021-04-14
2021-07-04 23:22:34 52      ESS_BBG000CGJMB9_2021-04-14
2021-07-04 23:22:34 53      ET_BBG000BM2FL9_2021-04-14
2021-07-04 23:22:34 55      ETN_BBG000BJ3PD2_2021-04-14
2021-07-04 23:22:34 57      ETR_BBG000C1FQS9_2021-04-14
2021-07-04 23:22:34 58      ETRN_BBG00K53L394_2021-04-14
2021-07-04 23:22:34 59      ETSY_BBG000N7MXL8_2021-04-14
2021-07-04 23:22:34 62      EVBG_BBG0022FMPD5_2021-04-14
2021-07-04 23:22:34 63      EVER_BBG00F17NDH7_2021-04-14
2021-07-04 23:22:34 64      EVH_BBG005CHLM96_2021-04-14
2021-07-04 23:22:34 65      EVR_BBG000BP30Y0_2021-04-14
2021-07-04 23:22:34 66      EVRG_BBG00H433CR2_2021-04-14
2021-07-04 23:22:34 67      EW_BBG000BRXP69_2021-04-14
2021-07-04 23:22:34 69      EWBC_BBG000CR20B1_2021-04-14
2021-07-04 23:22:34 70      EXAS_BBG000CWL0F5_2021-04-14
2021-07-04 23:22:34 71      EXC_BBG000J6XT05_2021-04-14
2021-07-04 23:22:34 74      EXEL_BBG000BQ4WF8_2021-04-14
2021-07-04 23:22:34 75      EXLS_BBG000NS3P30_2021-04-14
2021-07-04 23:22:34 76      EXP_BBG000BJW241_2021-04-14
2021-07-04 23:22:34 77      EXPD_BBG000BJ5GK2_2021-04-14
2021-07-04 23:22:34 79      EXPE_BBG000QY3XZ2_2021-04-14
2021-07-04 23:22:34 81      EXR_BBG000PV27K3_2021-04-14
2021-07-04 23:22:34 82      EYE_BBG00HVQF9K2_2021-04-14
2021-07-04 23:22:34 84      F_BBG000BQPC32_2021-04-14
2021-07-04 23:22:34 87      FANG_BBG002PHSYX9_2021-04-14
2021-07-04 23:22:34 90      FARO_BBG000BJD7C2_2021-04-14
2021-07-04 23:22:34 90      FAST_BBG000BJ8YN7_2021-04-14
2021-07-04 23:22:34 93      FATE_BBG000QP35H2_2021-04-14
2021-07-04 23:22:34 96      FB_BBG000MM2P62_2021-04-14
2021-07-04 23:22:35 09      FBHS_BBG001B4BV87_2021-04-14
2021-07-04 23:22:35 11      FCFS_BBG000DNF659_2021-04-14
2021-07-04 23:22:35 12      FCN_BBG000K88H58_2021-04-14
2021-07-04 23:22:35 13      FCX_BBG000BJDB15_2021-04-14
2021-07-04 23:22:35 21      FDS_BBG000BDJL83_2021-04-14
2021-07-04 23:22:35 21      FDX_BBG000BJF1Z8_2021-04-14
2021-07-04 23:22:35 23      FELE_BBG000BJGGV8_2021-04-14
2021-07-04 23:22:35 23      FFIV_BBG000CXYSZ6_2021-04-14
2021-07-04 23:22:35 25      FGEN_BBG000FW5ZL6_2021-04-14
2021-07-04 23:22:35 28      FICO_BBG000DW76Y6_2021-04-14
2021-07-04 23:22:35 28      FIS_BBG000BK2F42_2021-04-14
2021-07-04 23:22:35 29      FISV_BBG000BJKPG0_2021-04-14
2021-07-04 23:22:35 32      FITB_BBG000BJL3N0_2021-04-14
2021-07-04 23:22:35 35      FIVN_BBG001KHJM17_2021-04-14
2021-07-04 23:22:35 37      FIZZ_BBG000BF8CB6_2021-04-14
2021-07-04 23:22:35 37      FL_BBG000BX8DC4_2021-04-14
2021-07-04 23:22:35 39      FLIR_BBG000BHK836_2021-04-14
2021-07-04 23:22:35 40      FLOW_BBG007FL7ZD2_2021-04-14
2021-07-04 23:22:35 41      FLR_BBG000BB1TH9_2021-04-14
2021-07-04 23:22:35 42      FLS_BBG000FFH4P5_2021-04-14
2021-07-04 23:22:35 43      FLT_BBG000GPXKX9_2021-04-14
2021-07-04 23:22:35 44      FLWS_BBG000BBR9P6_2021-04-14
2021-07-04 23:22:35 45      FMC_BBG000BJP882_2021-04-14
2021-07-04 23:22:35 46      FND_BBG007GJ2F81_2021-04-14
2021-07-04 23:22:35 47      FNKO_BBG00HXSHDQ9_2021-04-14
2021-07-04 23:22:35 49      FOCS_BBG00L0YTFN8_2021-04-14
2021-07-04 23:22:35 50      FOE_BBG000BJQK11_2021-04-14
2021-07-04 23:22:35 51      FOLD_BBG000PLF6N0_2021-04-14
2021-07-04 23:22:35 54      FORM_BBG000D1Y3P1_2021-04-14
2021-07-04 23:22:35 54      FORR_BBG000HGNYG8_2021-04-14
2021-07-04 23:22:35 55      FOX_BBG00JHNKJY8_2021-04-14
2021-07-04 23:22:35 57      FOXA_BBG00JHNJW99_2021-04-14
2021-07-04 23:22:35 59      FOXF_BBG004T7VS53_2021-04-14
2021-07-04 23:22:35 60      FRHC_BBG000N625H8_2021-04-14
2021-07-04 23:22:35 62      FRPH_BBG000HCVWW4_2021-04-14
2021-07-04 23:22:35 63      FRPT_BBG001D0HB36_2021-04-14
2021-07-04 23:22:35 64      FSLR_BBG000BFL116_2021-04-14
2021-07-04 23:22:35 66      FSLY_BBG004NLQHL0_2021-04-14
2021-07-04 23:22:35 69      FTCH_BBG00LSD4456_2021-04-14
2021-07-04 23:22:35 72      FTI_BBG00DL8NMV2_2021-04-14
2021-07-04 23:22:35 74      FTNT_BBG000BCMBG4_2021-04-14
2021-07-04 23:22:35 75      FTV_BBG00BLVZ228_2021-04-14
2021-07-04 23:22:35 77      FUL_BBG000BJZ7V7_2021-04-14
2021-07-04 23:22:35 77      GATX_BBG000BKGXQ4_2021-04-14
2021-07-04 23:22:35 78      GBCI_BBG000C3KB84_2021-04-14
2021-07-04 23:22:35 80      GBT_BBG00341H6M0_2021-04-14
2021-07-04 23:22:35 81      GBX_BBG000CF5097_2021-04-14
2021-07-04 23:22:35 82      GCO_BBG000BK5S78_2021-04-14
2021-07-04 23:22:35 83      GCP_BBG0082W8Q12_2021-04-14
2021-07-04 23:22:35 83      GD_BBG000BK67C7_2021-04-14
2021-07-04 23:22:35 85      GDDY_BBG006MDLY05_2021-04-14
2021-07-04 23:22:35 86      GDOT_BBG000QDJT53_2021-04-14
2021-07-04 23:22:35 87      GE_BBG000BK6MB5_2021-04-14
2021-07-04 23:22:35 90      GEF_BBG000BLFNC0_2021-04-14
2021-07-04 23:22:35 91      GGG_BBG000BK9W84_2021-04-14
2021-07-04 23:22:35 92      GH_BBG006D97VY9_2021-04-14
2021-07-04 23:22:35 93      GHC_BBG000C3FGH9_2021-04-14
2021-07-04 23:22:35 94      GILD_BBG000CKGBP2_2021-04-14
2021-07-04 23:22:35 98      GIS_BBG000BKCFC2_2021-04-14
2021-07-04 23:22:35 99      GKOS_BBG000WG2LQ1_2021-04-14
2021-07-04 23:22:36 00      GL_BBG000BVD6X4_2021-04-14
2021-07-04 23:22:36 01      GLW_BBG000BKFZM4_2021-04-14
2021-07-04 23:22:36 03      GM_BBG000NDYB67_2021-04-14
2021-07-04 23:22:36 07      GMED_BBG002V87SD0_2021-04-14
2021-07-04 23:22:36 08      GMS_BBG009Q036D0_2021-04-14
2021-07-04 23:22:36 09      GNL_BBG004HXD0G8_2021-04-14
2021-07-04 23:22:36 10      GNRC_BBG000PQ4W72_2021-04-14
2021-07-04 23:22:36 11      GO_BBG00P4R3079_2021-04-14
2021-07-04 23:22:36 12      GOOG_BBG009S3NB30_2021-04-14
2021-07-04 23:22:36 15      GOOGL_BBG009S39JX6_2021-04-14
2021-07-04 23:22:36 19      GOSS_BBG00MVWLLM2_2021-04-14
2021-07-04 23:22:36 21      GPC_BBG000BKL348_2021-04-14
2021-07-04 23:22:36 22      GPI_BBG000BB88K4_2021-04-14
2021-07-04 23:22:36 23      GPN_BBG000CX0P89_2021-04-14
2021-07-04 23:22:36 24      GPS_BBG000BKLH74_2021-04-14
2021-07-04 23:22:36 26      GRA_BBG000BB8PG1_2021-04-14
2021-07-04 23:22:36 27      GRMN_BBG000C4LN67_2021-04-14
2021-07-04 23:22:36 29      GRUB_BBG001KWG293_2021-04-14
2021-07-04 23:22:36 29      Warning: figi `BBG001KWG293` for history data does not match actual figi `BBG010R8C3Y4`. Ticker: GRUB. Will be used actual!
2021-07-04 23:22:36 30      GS_BBG000C6CFJ5_2021-04-14
2021-07-04 23:22:36 34      GSH_BBG000GLG0G0_2021-04-14
2021-07-04 23:22:36 35      GSKY_BBG00KT2SCV8_2021-04-14
2021-07-04 23:22:36 36      GT_BBG000BKNX95_2021-04-14
2021-07-04 23:22:36 37      GTHX_BBG005F1DK91_2021-04-14
2021-07-04 23:22:36 40      GTLS_BBG000P1K2X6_2021-04-14
2021-07-04 23:22:36 41      GTN_BBG000DSQLQ0_2021-04-14
2021-07-04 23:22:36 42      GVA_BBG000DVB833_2021-04-14
2021-07-04 23:22:36 42      GWRE_BBG001C7PM75_2021-04-14
2021-07-04 23:22:36 43      GWW_BBG000BKR1D6_2021-04-14
2021-07-04 23:22:36 44      H_BBG000CVRFS4_2021-04-14
2021-07-04 23:22:36 45      HA_BBG000BC4185_2021-04-14
2021-07-04 23:22:36 46      HAE_BBG000C7TF41_2021-04-14
2021-07-04 23:22:36 47      HAIN_BBG000BQW085_2021-04-14
2021-07-04 23:22:36 48      HAL_BBG000BKTFN2_2021-04-14
2021-07-04 23:22:36 50      HALO_BBG000CZ8W54_2021-04-14
2021-07-04 23:22:36 52      HAS_BBG000BKVJK4_2021-04-14
2021-07-04 23:22:36 54      HBAN_BBG000BKWSR6_2021-04-14
2021-07-04 23:22:36 56      HBI_BBG000D2ZTS8_2021-04-14
2021-07-04 23:22:36 57      HCA_BBG000QW7VC1_2021-04-14
2021-07-04 23:22:36 58      HCCI_BBG000CCFB17_2021-04-14
2021-07-04 23:22:36 59      HCSG_BBG000BKYVF0_2021-04-14
2021-07-04 23:22:36 60      HD_BBG000BKZB36_2021-04-14
2021-07-04 23:22:36 63      HEAR_BBG000BM6N47_2021-04-14
2021-07-04 23:22:36 64      HEI_BBG000BL16Q7_2021-04-14
2021-07-04 23:22:36 65      HES_BBG000BBD070_2021-04-14
2021-07-04 23:22:36 66      HFC_BBG000BL9JQ1_2021-04-14
2021-07-04 23:22:36 68      HGV_BBG00CBYY6M1_2021-04-14
2021-07-04 23:22:36 69      HHC_BBG000MJRJJ2_2021-04-14
2021-07-04 23:22:36 70      HHR_BBG00KHGQ0H4_2021-04-14
2021-07-04 23:22:36 71      HIBB_BBG000H001V3_2021-04-14
2021-07-04 23:22:36 72      HIG_BBG000G0Z878_2021-04-14
2021-07-04 23:22:36 74      HII_BBG001KJ2HM9_2021-04-14
2021-07-04 23:22:36 75      HIIQ_TCS003QRSQD3_2021-04-14
2021-07-04 23:22:36 75      HLT_BBG0058KMH30_2021-04-14
2021-07-04 23:22:36 77      HNP_BBG000BX5YM0_2021-04-14
2021-07-04 23:22:36 78      HOG_BBG000BKZTP3_2021-04-14
2021-07-04 23:22:36 79      HOLX_BBG000C3NTN5_2021-04-14
2021-07-04 23:22:36 81      HON_BBG000H556T9_2021-04-14
2021-07-04 23:22:36 83      HP_BBG000BLCPY4_2021-04-14
2021-07-04 23:22:36 84      HPE_BBG0078W3NQ3_2021-04-14
2021-07-04 23:22:36 86      HPQ_BBG000KHWT55_2021-04-14
2021-07-04 23:22:36 89      HQY_BBG000TYXCT9_2021-04-14
2021-07-04 23:22:36 90      HRB_BBG000BLDV98_2021-04-14
2021-07-04 23:22:36 92      HRC_BBG000BKWCS0_2021-04-14
2021-07-04 23:22:36 92      HRL_BBG000BLF8D2_2021-04-14
2021-07-04 23:22:36 94      HRTX_BBG000G2GJT7_2021-04-14
2021-07-04 23:22:36 95      HSC_BBG000BLH3P8_2021-04-14
2021-07-04 23:22:36 96      HSIC_BBG000BNMMJ3_2021-04-14
2021-07-04 23:22:36 97      HSKA_BBG000BWFH48_2021-04-14
2021-07-04 23:22:36 98      HST_BBG000BL8804_2021-04-14
2021-07-04 23:22:37 00      HSY_BBG000BLHRS2_2021-04-14
2021-07-04 23:22:37 01      HTA_BBG000PRJCX9_2021-04-14
2021-07-04 23:22:37 02      HTHT_BBG000QFPM65_2021-04-14
2021-07-04 23:22:37 03      HUBB_BBG000BLK267_2021-04-14
2021-07-04 23:22:37 04      HUBG_BBG000G9W6L0_2021-04-14
2021-07-04 23:22:37 04      HUBS_BBG000N7MZ06_2021-04-14
2021-07-04 23:22:37 05      HUM_BBG000BLKK03_2021-04-14
2021-07-04 23:22:37 06      HURN_BBG000PV2M48_2021-04-14
2021-07-04 23:22:37 07      HWM_BBG00DYNJGH9_2021-04-14
2021-07-04 23:22:37 09      HXL_BBG000BLMDQ9_2021-04-14
2021-07-04 23:22:37 10      IAC_BBG000BKQG80_2021-04-14
2021-07-04 23:22:37 10      Warning: figi `BBG000BKQG80` for history data does not match actual figi `BBG00S1LR2C3`. Ticker: IAC. Will be used actual!
2021-07-04 23:22:37 11      IART_BBG000BZJQL8_2021-04-14
2021-07-04 23:22:37 12      IBKR_BBG000LV0836_2021-04-14
2021-07-04 23:22:37 13      IBM_BBG000BLNNH6_2021-04-14
2021-07-04 23:22:37 17      IBN_BBG000DRM643_2021-04-14
2021-07-04 23:22:37 18      IBP_BBG005TJKDZ6_2021-04-14
2021-07-04 23:22:37 19      ICE_BBG000C1FB75_2021-04-14
2021-07-04 23:22:37 20      ICPT_BBG001J1QN87_2021-04-14
2021-07-04 23:22:37 22      ICUI_BBG000CQV2N4_2021-04-14
2021-07-04 23:22:37 23      IDCC_BBG000HLJ7M4_2021-04-14
2021-07-04 23:22:37 23      IDXX_BBG000BLRT07_2021-04-14
2021-07-04 23:22:37 25      IEX_BBG000C1HN22_2021-04-14
2021-07-04 23:22:37 25      IFF_BBG000BLSL58_2021-04-14
2021-07-04 23:22:37 27      IGMS_BBG00PNR1BT2_2021-04-14
2021-07-04 23:22:37 28      IIPR_BBG00F0SW7N8_2021-04-14
2021-07-04 23:22:37 28      IIVI_BBG000BLW102_2021-04-14
2021-07-04 23:22:37 31      ILMN_BBG000DSMS70_2021-04-14
2021-07-04 23:22:37 32      INCY_BBG000BNPSQ9_2021-04-14
2021-07-04 23:22:37 34      INDB_BBG000BM0597_2021-04-14
2021-07-04 23:22:37 35      INFO_BBG006G063F9_2021-04-14
2021-07-04 23:22:37 36      INGN_BBG0021PH456_2021-04-14
2021-07-04 23:22:37 37      INGR_BBG000BXPZB7_2021-04-14
2021-07-04 23:22:37 38      INMD_BBG00PPS73P4_2021-04-14
2021-07-04 23:22:37 39      INSP_BBG00209SZJ7_2021-04-14
2021-07-04 23:22:37 39      INTC_BBG000C0G1D1_2021-04-14
2021-07-04 23:22:37 47      INTU_BBG000BH5DV1_2021-04-14
2021-07-04 23:22:37 50      INVH_BBG00FQH6BS9_2021-04-14
2021-07-04 23:22:37 51      IONS_BBG000JH6683_2021-04-14
2021-07-04 23:22:37 52      IOSP_BBG000BMFNP4_2021-04-14
2021-07-04 23:22:37 53      IOVA_BBG000FTLBV7_2021-04-14
2021-07-04 23:22:37 55      IP_BBG000BM5SR2_2021-04-14
2021-07-04 23:22:37 57      IPAR_BBG000GCSWR5_2021-04-14
2021-07-04 23:22:37 58      IPG_BBG000C90DH9_2021-04-14
2021-07-04 23:22:37 60      IPGP_BBG000DCGRL8_2021-04-14
2021-07-04 23:22:37 61      IQV_BBG00333FYS2_2021-04-14
2021-07-04 23:22:37 61      IR_BBG002R1CW27_2021-04-14
2021-07-04 23:22:37 63      IRBT_BBG000HXJB21_2021-04-14
2021-07-04 23:22:37 64      IRDM_BBG000VC0FC1_2021-04-14
2021-07-04 23:22:37 65      IRM_BBG000KCZPC3_2021-04-14
2021-07-04 23:22:37 67      IRTC_BBG001J19V24_2021-04-14
2021-07-04 23:22:37 69      ISRG_BBG000BJPDZ1_2021-04-14
2021-07-04 23:22:37 71      IT_BBG000BB65D0_2021-04-14
2021-07-04 23:22:37 72      ITCI_BBG0026ZFZC4_2021-04-14
2021-07-04 23:22:37 72      ITGR_BBG000BW6JV4_2021-04-14
2021-07-04 23:22:37 73      ITRI_BBG000BD2167_2021-04-14
2021-07-04 23:22:37 74      ITT_BBG00CVQZQ96_2021-04-14
2021-07-04 23:22:37 75      ITW_BBG000BMBL90_2021-04-14
2021-07-04 23:22:37 76      IVZ_BBG000BY2Y78_2021-04-14
2021-07-04 23:22:37 78      J_BBG000BMFFQ0_2021-04-14
2021-07-04 23:22:37 79      JACK_BBG000GZYVY1_2021-04-14
2021-07-04 23:22:37 80      JBHT_BBG000BMDBZ1_2021-04-14
2021-07-04 23:22:37 82      JBSS_BBG000CHPMY5_2021-04-14
2021-07-04 23:22:37 82      JBT_BBG000VLBCQ1_2021-04-14
2021-07-04 23:22:37 83      JCI_BBG000BVWLJ6_2021-04-14
2021-07-04 23:22:37 85      JCOM_BBG000F3CWW7_2021-04-14
2021-07-04 23:22:37 86      JD_BBG005YHY0Q7_2021-04-14
2021-07-04 23:22:37 92      JEF_BBG000BNHSP9_2021-04-14
2021-07-04 23:22:37 93      JELD_BBG0019GM953_2021-04-14
2021-07-04 23:22:37 95      JJSF_BBG000BMGPW0_2021-04-14
2021-07-04 23:22:37 95      JKHY_BBG000BMH2Q7_2021-04-14
2021-07-04 23:22:37 97      JLL_BBG000C2L2L0_2021-04-14
2021-07-04 23:22:37 97      JNJ_BBG000BMHYD1_2021-04-14
2021-07-04 23:22:38 01      JNPR_BBG000BY33P5_2021-04-14
2021-07-04 23:22:38 03      JOBS_BBG000BJD1D4_2021-04-14
2021-07-04 23:22:38 04      JOUT_BBG000HCXFS4_2021-04-14
2021-07-04 23:22:38 04      JPM_BBG000DMBXR2_2021-04-14
2021-07-04 23:22:38 14      JWN_BBG000G8N9C6_2021-04-14
2021-07-04 23:22:38 16      K_BBG000BMKDM3_2021-04-14
2021-07-04 23:22:38 18      KALU_BBG000PKZDX4_2021-04-14
2021-07-04 23:22:38 19      KBH_BBG000BMLWX8_2021-04-14
2021-07-04 23:22:38 20      KDP_BBG000TJM7F0_2021-04-14
2021-07-04 23:22:38 22      KEP_BBG000BCWG90_2021-04-14
2021-07-04 23:22:38 23      KEX_BBG000BMQCP6_2021-04-14
2021-07-04 23:22:38 24      KEY_BBG000BMQPL1_2021-04-14
2021-07-04 23:22:38 26      KEYS_BBG0059FN811_2021-04-14
2021-07-04 23:22:38 28      KFY_BBG000C5QMB5_2021-04-14
2021-07-04 23:22:38 28      KHC_BBG005CPNTQ2_2021-04-14
2021-07-04 23:22:38 32      KIDS_BBG00HFFRW39_2021-04-14
2021-07-04 23:22:38 32      KIM_BBG000CN3S73_2021-04-14
2021-07-04 23:22:38 34      KLAC_BBG000BMTFR4_2021-04-14
2021-07-04 23:22:38 36      KMB_BBG000BMW2Z0_2021-04-14
2021-07-04 23:22:38 37      KMI_BBG0019JZ882_2021-04-14
2021-07-04 23:22:38 39      KMPR_BBG000H3GDJ8_2021-04-14
2021-07-04 23:22:38 40      KMT_BBG000BMWKC5_2021-04-14
2021-07-04 23:22:38 40      KMX_BBG000BLMZK6_2021-04-14
2021-07-04 23:22:38 41      KNSL_BBG00D8JD9Z9_2021-04-14
2021-07-04 23:22:38 42      KNX_BBG000BFC848_2021-04-14
2021-07-04 23:22:38 44      KO_BBG000BMX289_2021-04-14
2021-07-04 23:22:38 47      KOD_BBG00BVR0D02_2021-04-14
2021-07-04 23:22:38 48      KR_BBG000BMY992_2021-04-14
2021-07-04 23:22:38 50      KRG_BBG000BC2KW8_2021-04-14
2021-07-04 23:22:38 51      KRTX_BBG00NN875G0_2021-04-14
2021-07-04 23:22:38 52      KRYS_BBG00HDGRHH7_2021-04-14
2021-07-04 23:22:38 53      KSU_BBG000BMZ7P7_2021-04-14
2021-07-04 23:22:38 54      KTB_BBG00LPTHYD5_2021-04-14
2021-07-04 23:22:38 55      KWR_BBG000DZS2L9_2021-04-14
2021-07-04 23:22:38 55      L_BBG000C45984_2021-04-14
2021-07-04 23:22:38 56      LAD_BBG000K3BC83_2021-04-14
2021-07-04 23:22:38 57      LANC_BBG000BN1M88_2021-04-14
2021-07-04 23:22:38 58      LASR_BBG0020BCPX5_2021-04-14
2021-07-04 23:22:38 59      LB_BBG000BNGTQ7_2021-04-14
2021-07-04 23:22:38 61      LBRDK_BBG006GNSZW5_2021-04-14
2021-07-04 23:22:38 62      LCII_BBG000DNLMB0_2021-04-14
2021-07-04 23:22:38 63      LDOS_BBG000C23PB0_2021-04-14
2021-07-04 23:22:38 64      LEA_BBG000PTLGZ1_2021-04-14
2021-07-04 23:22:38 65      LECO_BBG000BB72K8_2021-04-14
2021-07-04 23:22:38 66      LEG_BBG000BN53G7_2021-04-14
2021-07-04 23:22:38 67      LEGH_BBG00MJDR6J9_2021-04-14
2021-07-04 23:22:38 68      LEN_BBG000BN5HF7_2021-04-14
2021-07-04 23:22:38 70      LEVI_BBG000BQDF10_2021-04-14
2021-07-04 23:22:38 71      LFC_BBG000BBK4B9_2021-04-14
2021-07-04 23:22:38 73      LFUS_BBG000BGFGT8_2021-04-14
2021-07-04 23:22:38 74      LGIH_BBG0056655S1_2021-04-14
2021-07-04 23:22:38 76      LGND_BBG000BKF014_2021-04-14
2021-07-04 23:22:38 78      LH_BBG000D9DMK0_2021-04-14
2021-07-04 23:22:38 79      LHCG_BBG000G7W420_2021-04-14
2021-07-04 23:22:38 80      LHX_BBG000BLGFJ9_2021-04-14
2021-07-04 23:22:38 82      LII_BBG000BB5B84_2021-04-14
2021-07-04 23:22:38 83      LIN_BBG00GVR8YQ9_2021-04-14
2021-07-04 23:22:38 84      LITE_BBG0073F9RT7_2021-04-14
2021-07-04 23:22:38 86      LKQ_BBG000PXDL44_2021-04-14
2021-07-04 23:22:38 89      LLY_BBG000BNBDC2_2021-04-14
2021-07-04 23:22:38 90      LMT_BBG000C1BW00_2021-04-14
2021-07-04 23:22:38 92      LNN_BBG000FJS1S8_2021-04-14
2021-07-04 23:22:38 92      LNT_BBG000DW4Q75_2021-04-14
2021-07-04 23:22:38 94      LNTH_BBG006Q52RD0_2021-04-14
2021-07-04 23:22:38 95      LOPE_BBG000FV28W9_2021-04-14
2021-07-04 23:22:38 96      LOW_BBG000BNDN65_2021-04-14
2021-07-04 23:22:38 98      LPL_BBG000FJ0RK9_2021-04-14
2021-07-04 23:22:38 99      LPLA_BBG000P2TYL8_2021-04-14
2021-07-04 23:22:39 00      LPSN_BBG000BSV0W5_2021-04-14
2021-07-04 23:22:39 01      LRCX_BBG000BNFLM9_2021-04-14
2021-07-04 23:22:39 03      LRN_BBG000QSXPZ9_2021-04-14
2021-07-04 23:22:39 04      LSCC_BBG000C2D1C1_2021-04-14
2021-07-04 23:22:39 06      LSTR_BBG000BB2KN0_2021-04-14
2021-07-04 23:22:39 07      LTHM_BBG00LV3NRG0_2021-04-14
2021-07-04 23:22:39 09      LULU_BBG000R8ZVD1_2021-04-14
2021-07-04 23:22:39 10      LUMN_BBG000BGLRN3_2021-04-14
2021-07-04 23:22:39 12      LUV_BBG000BNJHS8_2021-04-14
2021-07-04 23:22:39 14      LVS_BBG000JWD753_2021-04-14
2021-07-04 23:22:39 17      LW_BBG003CVMLQ2_2021-04-14
2021-07-04 23:22:39 17      LYB_BBG000WCFV84_2021-04-14
2021-07-04 23:22:39 19      LYFT_BBG004M9ZHX5_2021-04-14
2021-07-04 23:22:39 22      LYV_BBG000FQ7YR4_2021-04-14
2021-07-04 23:22:39 24      M_BBG000C46HM9_2021-04-14
2021-07-04 23:22:39 27      MA_BBG000F1ZSQ2_2021-04-14
2021-07-04 23:22:39 29      MAA_BBG000BLMY92_2021-04-14
2021-07-04 23:22:39 30      MAC_BBG000BL9C59_2021-04-14
2021-07-04 23:22:39 32      MAN_BBG000BNMHS4_2021-04-14
2021-07-04 23:22:39 33      MANH_BBG000BFV758_2021-04-14
2021-07-04 23:22:39 34      MANT_BBG000BGF8B5_2021-04-14
2021-07-04 23:22:39 35      MANU_BBG0035WV4N9_2021-04-14
2021-07-04 23:22:39 35      MAR_BBG000BGD7W6_2021-04-14
2021-07-04 23:22:39 38      MAS_BBG000BNNKG9_2021-04-14
2021-07-04 23:22:39 39      MASI_BBG000C3W281_2021-04-14
2021-07-04 23:22:39 41      MAT_BBG000BNNYW1_2021-04-14
2021-07-04 23:22:39 42      MATX_BBG000BBK401_2021-04-14
2021-07-04 23:22:39 43      MBT_BBG000CSZKR2_2021-04-14
2021-07-04 23:22:39 44      MBUU_BBG005PXTR70_2021-04-14
2021-07-04 23:22:39 45      MCD_BBG000BNSZP1_2021-04-14
2021-07-04 23:22:39 47      MCHP_BBG000BHCP19_2021-04-14
2021-07-04 23:22:39 49      MCK_BBG000DYGNW7_2021-04-14
2021-07-04 23:22:39 50      MCO_BBG000F86GP6_2021-04-14
2021-07-04 23:22:39 51      MCRI_BBG000BJ0932_2021-04-14
2021-07-04 23:22:39 52      MD_BBG000H8LGK2_2021-04-14
2021-07-04 23:22:39 54      MDB_BBG0022FDRY8_2021-04-14
2021-07-04 23:22:39 55      MDGL_BBG000QS6NV8_2021-04-14
2021-07-04 23:22:39 56      MDLA_BBG001BPKGT0_2021-04-14
2021-07-04 23:22:39 57      MDLZ_BBG000D4LWF6_2021-04-14
2021-07-04 23:22:39 60      MDRX_BBG000BLDXH5_2021-04-14
2021-07-04 23:22:39 61      MDT_BBG000BNWG87_2021-04-14
2021-07-04 23:22:39 63      MED_BBG000BWBW76_2021-04-14
2021-07-04 23:22:39 64      MEDP_BBG0065B7K59_2021-04-14
2021-07-04 23:22:39 65      MEI_BBG000BNY197_2021-04-14
2021-07-04 23:22:39 66      MELI_BBG000GQPB11_2021-04-14
2021-07-04 23:22:39 68      MET_BBG000BB6KF5_2021-04-14
2021-07-04 23:22:39 70      MFGP_BBG00HFWVGN0_2021-04-14
2021-07-04 23:22:39 71      MGLN_BBG000BD6DD9_2021-04-14
2021-07-04 23:22:39 72      MGM_BBG000C2BXK4_2021-04-14
2021-07-04 23:22:39 74      MGY_BBG00GNC8DL2_2021-04-14
2021-07-04 23:22:39 75      MHK_BBG000FLZN98_2021-04-14
2021-07-04 23:22:39 76      MHO_BBG000BL9MZ4_2021-04-14
2021-07-04 23:22:39 77      MIDD_BBG000DQN9R3_2021-04-14
2021-07-04 23:22:39 78      MINI_BBG000BGTX98_2021-04-14
2021-07-04 23:22:39 79      MKC_BBG000G6Y5W4_2021-04-14
2021-07-04 23:22:39 80      MKL_BBG000FC7366_2021-04-14
2021-07-04 23:22:39 81      MKSI_BBG000BVMG26_2021-04-14
2021-07-04 23:22:39 82      MKTX_BBG000BJBZ23_2021-04-14
2021-07-04 23:22:39 83      MLAB_BBG000BP3PW7_2021-04-14
2021-07-04 23:22:39 83      MLCO_BBG000BHP8J4_2021-04-14
2021-07-04 23:22:39 85      MLHR_BBG000BP46T2_2021-04-14
2021-07-04 23:22:39 86      MLM_BBG000BGYMH7_2021-04-14
2021-07-04 23:22:39 87      MMC_BBG000BP4MH0_2021-04-14
2021-07-04 23:22:39 89      MMI_BBG005GBRSR6_2021-04-14
2021-07-04 23:22:39 90      MMM_BBG000BP52R2_2021-04-14
2021-07-04 23:22:39 92      MMS_BBG000BC5WJ4_2021-04-14
2021-07-04 23:22:39 92      MMSI_BBG000C42VX0_2021-04-14
2021-07-04 23:22:39 93      MNRO_BBG000C0BZD1_2021-04-14
2021-07-04 23:22:39 94      MNST_BBG008NVB1C0_2021-04-14
2021-07-04 23:22:39 97      MO_BBG000BP6LJ8_2021-04-14
2021-07-04 23:22:39 99      MOH_BBG000MBHNC8_2021-04-14
2021-07-04 23:22:39 99      MOMO_BBG007HTCQT0_2021-04-14
2021-07-04 23:22:40 03      MORN_BBG000CGQ4F7_2021-04-14
2021-07-04 23:22:40 04      MOS_BBG000BFXHL6_2021-04-14
2021-07-04 23:22:40 07      MOV_BBG000BL30Y9_2021-04-14
2021-07-04 23:22:40 08      MPC_BBG001DCCGR8_2021-04-14
2021-07-04 23:22:40 11      MPWR_BBG000C30L48_2021-04-14
2021-07-04 23:22:40 13      MRC_BBG000BKLTM1_2021-04-14
2021-07-04 23:22:40 13      MRK_BBG000BPD168_2021-04-14
2021-07-04 23:22:40 17      MRNA_BBG003PHHZT1_2021-04-14
2021-07-04 23:22:40 29      MRO_BBG000C8H633_2021-04-14
2021-07-04 23:22:40 31      MRTX_BBG004TPGBP5_2021-04-14
2021-07-04 23:22:40 33      MS_BBG000BLZRJ2_2021-04-14
2021-07-04 23:22:40 39      MSA_BBG000BPDXF8_2021-04-14
2021-07-04 23:22:40 40      MSCI_BBG000RTDY25_2021-04-14
2021-07-04 23:22:40 41      MSFT_BBG000BPH459_2021-04-14
2021-07-04 23:22:40 58      MSGE_BBG00L9HLWV8_2021-04-14
2021-07-04 23:22:40 59      MSGN_BBG000NS03H7_2021-04-14
2021-07-04 23:22:40 60      MSGS_BBG007FG0C23_2021-04-14
2021-07-04 23:22:40 61      MSI_BBG000BP8Z50_2021-04-14
2021-07-04 23:22:40 62      MSM_BBG000BCLYL9_2021-04-14
2021-07-04 23:22:40 63      MSTR_BBG000GQJPZ0_2021-04-14
2021-07-04 23:22:40 75      MTB_BBG000D9KWL9_2021-04-14
2021-07-04 23:22:40 77      MTCH_BBG00B6WH9G3_2021-04-14
2021-07-04 23:22:40 78      MTD_BBG000BZCKH3_2021-04-14
2021-07-04 23:22:40 79      MTG_BBG000CBMH27_2021-04-14
2021-07-04 23:22:40 80      MTH_BBG000F4F1N0_2021-04-14
2021-07-04 23:22:40 81      MTN_BBG000BCMWM1_2021-04-14
2021-07-04 23:22:40 82      MTOR_BBG000BH92D1_2021-04-14
2021-07-04 23:22:40 83      MTRN_BBG000BDTT76_2021-04-14
2021-07-04 23:22:40 83      MU_BBG000C5Z1S3_2021-04-14
2021-07-04 23:22:40 92      MUR_BBG000BPMH90_2021-04-14
2021-07-04 23:22:40 93      MUSA_BBG001Z0Q6T5_2021-04-14
2021-07-04 23:22:40 94      MXIM_BBG000BPNP00_2021-04-14
2021-07-04 23:22:40 97      MXL_BBG000BB6R33_2021-04-14
2021-07-04 23:22:40 98      MYGN_BBG000D9H9F1_2021-04-14
2021-07-04 23:22:40 99      MYRG_BBG000BC7VW9_2021-04-14
2021-07-04 23:22:41 00      NARI_BBG009J8K7M0_2021-04-14
2021-07-04 23:22:41 00      NATI_BBG000DZK6N6_2021-04-14
2021-07-04 23:22:41 02      NAVI_BBG004MN1R41_2021-04-14
2021-07-04 23:22:41 03      NBIX_BBG000GJS7C1_2021-04-14
2021-07-04 23:22:41 04      NCBS_BBG000QK0TG5_2021-04-14
2021-07-04 23:22:41 05      NCR_BBG000BMXK89_2021-04-14
2021-07-04 23:22:41 07      NDAQ_BBG000F5VVB6_2021-04-14
2021-07-04 23:22:41 08      NDSN_BBG000BPWGR1_2021-04-14
2021-07-04 23:22:41 09      NEE_BBG000BJSBJ0_2021-04-14
2021-07-04 23:22:41 11      NEM_BBG000BPWXK1_2021-04-14
2021-07-04 23:22:41 13      NEO_BBG000BKH263_2021-04-14
2021-07-04 23:22:41 14      NEOG_BBG000C1BCK2_2021-04-14
2021-07-04 23:22:41 15      NET_BBG001WMKHH5_2021-04-14
2021-07-04 23:22:41 17      NEU_BBG000BJ5SS8_2021-04-14
2021-07-04 23:22:41 18      NEWR_BBG001NFKJ68_2021-04-14
2021-07-04 23:22:41 19      NFLX_BBG000CL9VN6_2021-04-14
2021-07-04 23:22:41 23      NGVT_BBG009LM28K6_2021-04-14
2021-07-04 23:22:41 25      NJR_BBG000BPZVW9_2021-04-14
2021-07-04 23:22:41 26      NKE_BBG000C5HS04_2021-04-14
2021-07-04 23:22:41 31      NKTR_BBG000BHCYJ1_2021-04-14
2021-07-04 23:22:41 32      NLOK_BBG000BH2JM1_2021-04-14
2021-07-04 23:22:41 34      NLSN_BBG0088CYPX8_2021-04-14
2021-07-04 23:22:41 36      NMIH_BBG005DLMMZ6_2021-04-14
2021-07-04 23:22:41 37      NOC_BBG000BQ2C28_2021-04-14
2021-07-04 23:22:41 39      NOK_BBG000BNGBW9_2021-04-14
2021-07-04 23:22:41 41      NOV_BBG000BJX8C8_2021-04-14
2021-07-04 23:22:41 43      NOW_BBG000M1R011_2021-04-14
2021-07-04 23:22:41 44      NP_BBG000QCQ764_2021-04-14
2021-07-04 23:22:41 45      NPK_BBG000BQ4GG2_2021-04-14
2021-07-04 23:22:41 46      NRG_BBG000D8RG11_2021-04-14
2021-07-04 23:22:41 47      NSC_BBG000BQ5DS5_2021-04-14
2021-07-04 23:22:41 48      NSP_BBG000BJ41X2_2021-04-14
2021-07-04 23:22:41 49      NTAP_BBG000FP1N32_2021-04-14
2021-07-04 23:22:41 52      NTCO_BBG00R4ZKPN5_2021-04-14
2021-07-04 23:22:41 53      NTCT_BBG000C136Z8_2021-04-14
2021-07-04 23:22:41 54      NTES_BBG000BX72V8_2021-04-14
2021-07-04 23:22:41 56      NTGR_BBG000C4GBR6_2021-04-14
2021-07-04 23:22:41 57      NTLA_BBG007KC7PB0_2021-04-14
2021-07-04 23:22:41 59      NTNX_BBG001NDW1Z7_2021-04-14
2021-07-04 23:22:41 60      NTRA_BBG001J1BQ86_2021-04-14
2021-07-04 23:22:41 62      NTRS_BBG000BQ74K1_2021-04-14
2021-07-04 23:22:41 63      NTUS_BBG000DPZHS3_2021-04-14
2021-07-04 23:22:41 64      NUE_BBG000BQ8KV2_2021-04-14
2021-07-04 23:22:41 66      NUS_BBG000HG21Y3_2021-04-14
2021-07-04 23:22:41 67      NUVA_BBG000LNL298_2021-04-14
2021-07-04 23:22:41 68      NVDA_BBG000BBJQV0_2021-04-14
2021-07-04 23:22:41 77      NVEE_BBG005BT60Y8_2021-04-14
2021-07-04 23:22:41 77      NVR_BBG000BQBYR3_2021-04-14
2021-07-04 23:22:41 78      NVRO_BBG001K61W36_2021-04-14
2021-07-04 23:22:41 79      NVTA_BBG005DJFD43_2021-04-14
2021-07-04 23:22:41 81      NWE_BBG000Q1NMJ4_2021-04-14
2021-07-04 23:22:41 82      NWL_BBG000BQC9V2_2021-04-14
2021-07-04 23:22:41 83      NWLI_BBG008HNHZ07_2021-04-14
2021-07-04 23:22:41 84      NWS_BBG0035M2ZB7_2021-04-14
2021-07-04 23:22:41 85      NWSA_BBG0035LY913_2021-04-14
2021-07-04 23:22:41 87      NXPI_BBG000BND699_2021-04-14
2021-07-04 23:22:41 89      NXST_BBG000DZJVH0_2021-04-14
2021-07-04 23:22:41 90      NYT_BBG000FFC0B3_2021-04-14
2021-07-04 23:22:41 91      O_BBG000DHPN63_2021-04-14
2021-07-04 23:22:41 93      OC_BBG000M44VW8_2021-04-14
2021-07-04 23:22:41 94      ODFL_BBG000CHSS88_2021-04-14
2021-07-04 23:22:41 95      OFIX_BBG000G1C210_2021-04-14
2021-07-04 23:22:41 96      OHI_BBG000BGBTC2_2021-04-14
2021-07-04 23:22:41 97      OI_BBG00R2JZG39_2021-04-14
2021-07-04 23:22:41 98      OII_BBG000CPBCL8_2021-04-14
2021-07-04 23:22:41 98      OII: SPYKE!. Candle: ID:62, Time: 10:00, Close: 11.47
2021-07-04 23:22:41 98      OII: SPYKE!. Candle: ID:68, Time: 10:05, Close: 10.49
2021-07-04 23:22:41 98      OII: SPYKE!. Candle: ID:70, Time: 10:05, Close: 11.41
2021-07-04 23:22:41 99      OIS_BBG000BDDN94_2021-04-14
2021-07-04 23:22:42 01      OKE_BBG000BQHGR6_2021-04-14
2021-07-04 23:22:42 03      OKTA_BBG001YV1SM4_2021-04-14
2021-07-04 23:22:42 05      OLED_BBG000BLRP41_2021-04-14
2021-07-04 23:22:42 06      OLLI_BBG0098VVDT9_2021-04-14
2021-07-04 23:22:42 08      OMC_BBG000BS9489_2021-04-14
2021-07-04 23:22:42 09      OMCL_BBG000BTNGZ4_2021-04-14
2021-07-04 23:22:42 11      ON_BBG000DV7MX4_2021-04-14
2021-07-04 23:22:42 13      ONTO_BBG000BPRN29_2021-04-14
2021-07-04 23:22:42 14      ORCL_BBG000BQLTW7_2021-04-14
2021-07-04 23:22:42 17      ORLY_BBG000BGYWY6_2021-04-14
2021-07-04 23:22:42 19      OSIS_BBG000BWPR54_2021-04-14
2021-07-04 23:22:42 19      OSK_BBG000CC53X1_2021-04-14
2021-07-04 23:22:42 20      OSUR_BBG000J3D1Y8_2021-04-14
2021-07-04 23:22:42 22      OTIS_BBG00RP60KV0_2021-04-14
2021-07-04 23:22:42 23      OVV_BBG00R2NHQ65_2021-04-14
2021-07-04 23:22:42 24      OXY_BBG000BQQ2S6_2021-04-14
2021-07-04 23:22:42 31      PAGS_BBG00JM7QBR6_2021-04-14
2021-07-04 23:22:42 32      PANW_BBG0014GJCT9_2021-04-14
2021-07-04 23:22:42 34      PATK_BBG000BQSBB2_2021-04-14
2021-07-04 23:22:42 34      PAYC_BBG0064N0ZZ5_2021-04-14
2021-07-04 23:22:42 35      PB_BBG000BHY4D9_2021-04-14
2021-07-04 23:22:42 36      PBCT_BBG000BQT4L6_2021-04-14
2021-07-04 23:22:42 37      PBF_BBG002832GV8_2021-04-14
2021-07-04 23:22:42 39      PBH_BBG000QM0RZ4_2021-04-14
2021-07-04 23:22:42 40      PBI_BBG000BQTMJ9_2021-04-14
2021-07-04 23:22:42 41      PCAR_BBG000BQVTF5_2021-04-14
2021-07-04 23:22:42 43      PCG_BBG000BQWPC5_2021-04-14
2021-07-04 23:22:42 44      PCRX_BBG0018FQNS6_2021-04-14
2021-07-04 23:22:42 46      PCTY_BBG006598YS8_2021-04-14
2021-07-04 23:22:42 47      PD_BBG0043BYPB8_2021-04-14
2021-07-04 23:22:42 48      PDCO_BBG000BQY289_2021-04-14
2021-07-04 23:22:42 49      PEAK_BBG000BKYDP9_2021-04-14
2021-07-04 23:22:42 51      PEG_BBG000BQZMH4_2021-04-14
2021-07-04 23:22:42 52      PEGA_BBG000H1RYG7_2021-04-14
2021-07-04 23:22:42 53      PEN_BBG001BP92V1_2021-04-14
2021-07-04 23:22:42 54      PEP_BBG000DH7JK6_2021-04-14
2021-07-04 23:22:42 58      PETQ_BBG00H1CY328_2021-04-14
2021-07-04 23:22:42 59      PFE_BBG000BR2B91_2021-04-14
2021-07-04 23:22:42 62      PFG_BBG000NSCNT7_2021-04-14
2021-07-04 23:22:42 63      PFGC_BBG009XW2WB8_2021-04-14
2021-07-04 23:22:42 64      PFPT_BBG000RQ2GY7_2021-04-14
2021-07-04 23:22:42 65      PG_BBG000BR2TH3_2021-04-14
2021-07-04 23:22:42 69      PGNY_BBG002H1K1H1_2021-04-14
2021-07-04 23:22:42 70      PGR_BBG000BR37X2_2021-04-14
2021-07-04 23:22:42 71      PGTI_BBG000FX3Y66_2021-04-14
2021-07-04 23:22:42 72      PH_BBG000BR3KL6_2021-04-14
2021-07-04 23:22:42 73      PHM_BBG000BR54L0_2021-04-14
2021-07-04 23:22:42 75      PII_BBG000D5S4M0_2021-04-14
2021-07-04 23:22:42 76      PINC_BBG000G7QX50_2021-04-14
2021-07-04 23:22:42 77      PINS_BBG002583CV8_2021-04-14
2021-07-04 23:22:42 80      PIPR_BBG000FQXC75_2021-04-14
2021-07-04 23:22:42 81      PKG_BBG000BB8SW7_2021-04-14
2021-07-04 23:22:42 82      PKI_BBG000FXW512_2021-04-14
2021-07-04 23:22:42 83      PLAN_BBG002DZS299_2021-04-14
2021-07-04 23:22:42 85      PLAY_BBG001WWJTK5_2021-04-14
2021-07-04 23:22:42 86      PLCE_BBG000JK9DK4_2021-04-14
2021-07-04 23:22:42 87      PLD_BBG000B9Z0J8_2021-04-14
2021-07-04 23:22:42 89      PLNT_BBG009H04M17_2021-04-14
2021-07-04 23:22:42 90      PLTR_BBG000N7QR55_2021-04-14
2021-07-04 23:22:43 02      PLUS_BBG000HN7W02_2021-04-14
2021-07-04 23:22:43 02      PLXS_BBG000BRBX66_2021-04-14
2021-07-04 23:22:43 03      PM_BBG000J2XL74_2021-04-14
2021-07-04 23:22:43 05      PNC_BBG000BRD0D8_2021-04-14
2021-07-04 23:22:43 06      PNFP_BBG000C1XKF6_2021-04-14
2021-07-04 23:22:43 07      PNTG_BBG00P33SY72_2021-04-14
2021-07-04 23:22:43 08      PNTG: SPYKE!. Candle: ID:12, Time: 13:30, Close: 42.18
2021-07-04 23:22:43 08      PODD_BBG000R7XX87_2021-04-14
2021-07-04 23:22:43 09      POOL_BBG000BCVG28_2021-04-14
2021-07-04 23:22:43 10      POR_BBG000BCRMW7_2021-04-14
2021-07-04 23:22:43 11      POST_BBG001WTBC36_2021-04-14
2021-07-04 23:22:43 12      POWI_BBG000BTT3D1_2021-04-14
2021-07-04 23:22:43 13      PPC_BBG000BFLXV3_2021-04-14
2021-07-04 23:22:43 14      PPG_BBG000BRJ809_2021-04-14
2021-07-04 23:22:43 15      PPL_BBG000BRJL00_2021-04-14
2021-07-04 23:22:43 16      PRAA_BBG000BNTW77_2021-04-14
2021-07-04 23:22:43 17      PRAH_BBG007387YL8_2021-04-14
2021-07-04 23:22:43 18      PRFT_BBG000BVXFK6_2021-04-14
2021-07-04 23:22:43 19      PRG_BBG00VSH86G4_2021-04-14
2021-07-04 23:22:43 20      PRGS_BBG000C4QP94_2021-04-14
2021-07-04 23:22:43 20      PRI_BBG000T8ZF80_2021-04-14
2021-07-04 23:22:43 21      PRLB_BBG000BT13B3_2021-04-14
2021-07-04 23:22:43 22      PRSP_BBG00KMXKWF9_2021-04-14
2021-07-04 23:22:43 23      PRU_BBG000HCJMF9_2021-04-14
2021-07-04 23:22:43 26      PSA_BBG000BPPN67_2021-04-14
2021-07-04 23:22:43 26      PSN_BBG000C3TKY6_2021-04-14
2021-07-04 23:22:43 27      PSTG_BBG00212PVZ5_2021-04-14
2021-07-04 23:22:43 29      PSX_BBG00286S4N9_2021-04-14
2021-07-04 23:22:43 31      PTC_BBG000C2VBB0_2021-04-14
2021-07-04 23:22:43 32      PTCT_BBG000QT15P7_2021-04-14
2021-07-04 23:22:43 33      PTON_BBG00JG0FFZ2_2021-04-14
2021-07-04 23:22:43 36      PTR_BBG000BR85F1_2021-04-14
2021-07-04 23:22:43 37      PUMP_BBG00FYCQ352_2021-04-14
2021-07-04 23:22:43 38      PVH_BBG000BRRG02_2021-04-14
2021-07-04 23:22:43 40      PWR_BBG000BBL8V7_2021-04-14
2021-07-04 23:22:43 41      PXD_BBG000BXRPH1_2021-04-14
2021-07-04 23:22:43 43      PYPL_BBG0077VNXV6_2021-04-14
2021-07-04 23:22:43 50      PZZA_BBG000BFWF13_2021-04-14
2021-07-04 23:22:43 51      QADA_BBG001BP77C3_2021-04-14
2021-07-04 23:22:43 51      QCOM_BBG000CGC1X8_2021-04-14
2021-07-04 23:22:43 57      QDEL_BBG000C6GN04_2021-04-14
2021-07-04 23:22:43 59      QLYS_BBG000HT5G06_2021-04-14
2021-07-04 23:22:43 60      QNST_BBG000S9XXB8_2021-04-14
2021-07-04 23:22:43 61      QRTEA_BBG000PCQQL6_2021-04-14
2021-07-04 23:22:43 62      QRVO_BBG007TJF1N7_2021-04-14
2021-07-04 23:22:43 63      QTS_BBG0054B20Z8_2021-04-14
2021-07-04 23:22:43 64      QTWO_BBG005ZVK9P2_2021-04-14
2021-07-04 23:22:43 65      QUOT_BBG001QYNR63_2021-04-14
2021-07-04 23:22:43 66      R_BBG000BRVP70_2021-04-14
2021-07-04 23:22:43 67      RACE_BBG009PH3Q86_2021-04-14
2021-07-04 23:22:43 68      RAMP_BBG000BB4HM6_2021-04-14
2021-07-04 23:22:43 69      RARE_BBG001RWPDW6_2021-04-14
2021-07-04 23:22:43 70      RAVN_BBG000CXQTZ3_2021-04-14
2021-07-04 23:22:43 71      RBC_BBG000BRXTR8_2021-04-14
2021-07-04 23:22:43 72      RCL_BBG000BB5792_2021-04-14
2021-07-04 23:22:43 74      RDFN_BBG001Q7HP63_2021-04-14
2021-07-04 23:22:43 76      RDS.A_BBG000QXSSS6_2021-04-14
2021-07-04 23:22:43 77      RDY_BBG000NJ96L6_2021-04-14
2021-07-04 23:22:43 78      RE_BBG000C1XVK6_2021-04-14
2021-07-04 23:22:43 79      REG_BBG000BL46Q4_2021-04-14
2021-07-04 23:22:43 80      REGI_BBG0016SSV00_2021-04-14
2021-07-04 23:22:43 83      REGN_BBG000C734W3_2021-04-14
2021-07-04 23:22:43 84      RETA_BBG000R33BD1_2021-04-14
2021-07-04 23:22:43 85      REX_BBG000D2ZK61_2021-04-14
2021-07-04 23:22:43 86      REZI_BBG00HY28K89_2021-04-14
2021-07-04 23:22:43 87      RF_BBG000Q3JN03_2021-04-14
2021-07-04 23:22:43 88      RGA_BBG000BDLCQ0_2021-04-14
2021-07-04 23:22:43 89      RGEN_BBG000BS48J3_2021-04-14
2021-07-04 23:22:43 90      RGLD_BBG000BS5170_2021-04-14
2021-07-04 23:22:43 91      RGNX_BBG007Z9V591_2021-04-14
2021-07-04 23:22:43 92      RGR_BBG000C4FQG6_2021-04-14
2021-07-04 23:22:43 92      RH_BBG002293PJ4_2021-04-14
2021-07-04 23:22:43 93      RHI_BBG000BS5DR2_2021-04-14
2021-07-04 23:22:43 94      RIG_BBG000BH5LT6_2021-04-14
2021-07-04 23:22:44 01      RJF_BBG000BS73J1_2021-04-14
2021-07-04 23:22:44 02      RL_BBG000BS0ZF1_2021-04-14
2021-07-04 23:22:44 03      RMD_BBG000L4M7F1_2021-04-14
2021-07-04 23:22:44 04      RNG_BBG000J094P3_2021-04-14
2021-07-04 23:22:44 05      ROCK_BBG000BKQDQ7_2021-04-14
2021-07-04 23:22:44 06      ROG_BBG000BS9HN3_2021-04-14
2021-07-04 23:22:44 07      ROK_BBG000BBCDZ2_2021-04-14
2021-07-04 23:22:44 08      ROKU_BBG001ZZPQJ6_2021-04-14
2021-07-04 23:22:44 12      ROL_BBG000BSBBP1_2021-04-14
2021-07-04 23:22:44 14      ROLL_BBG000GMGNB3_2021-04-14
2021-07-04 23:22:44 15      ROP_BBG000F1ZSN5_2021-04-14
2021-07-04 23:22:44 16      ROST_BBG000BSBZH7_2021-04-14
2021-07-04 23:22:44 18      RPD_BBG009DFHWG6_2021-04-14
2021-07-04 23:22:44 19      RPM_BBG000DCNK80_2021-04-14
2021-07-04 23:22:44 20      RRBI_BBG000QKNLB2_2021-04-14
2021-07-04 23:22:44 20      RRC_BBG000FVXD63_2021-04-14
2021-07-04 23:22:44 23      RRGB_BBG000MXH9C1_2021-04-14
2021-07-04 23:22:44 23      RS_BBG000CJ2181_2021-04-14
2021-07-04 23:22:44 24      RSG_BBG000BPXVJ6_2021-04-14
2021-07-04 23:22:44 25      RTX_BBG000BW8S60_2021-04-14
2021-07-04 23:22:44 27      RVLV_BBG00M4RHBD0_2021-04-14
2021-07-04 23:22:44 28      RXN_BBG000H8R0N8_2021-04-14
2021-07-04 23:22:44 29      RYN_BBG000BG7L34_2021-04-14
2021-07-04 23:22:44 30      RYTM_BBG007DLZ601_2021-04-14
2021-07-04 23:22:44 31      SAFM_BBG000BSHJ96_2021-04-14
2021-07-04 23:22:44 31      SAGE_BBG0025X16Y5_2021-04-14
2021-07-04 23:22:44 32      SAIA_BBG000P5LMQ0_2021-04-14
2021-07-04 23:22:44 33      SAIC_BBG003BW05K6_2021-04-14
2021-07-04 23:22:44 34      SAIL_BBG00J0BBZL0_2021-04-14
2021-07-04 23:22:44 35      SAM_BBG000BCZBF1_2021-04-14
2021-07-04 23:22:44 36      SAVE_BBG000BF6RQ9_2021-04-14
2021-07-04 23:22:44 38      SBAC_BBG000D2M0Z7_2021-04-14
2021-07-04 23:22:44 39      SBCF_BBG000KK3464_2021-04-14
2021-07-04 23:22:44 40      SBGI_BBG000F2XXP2_2021-04-14
2021-07-04 23:22:44 41      SBH_BBG000LR8515_2021-04-14
2021-07-04 23:22:44 42      SBRA_BBG000MTDW24_2021-04-14
2021-07-04 23:22:44 43      SBUX_BBG000CTQBF3_2021-04-14
2021-07-04 23:22:44 46      SCCO_BBG000BSHH72_2021-04-14
2021-07-04 23:22:44 47      SCHW_BBG000BSLZY7_2021-04-14
2021-07-04 23:22:44 50      SCI_BBG000BTHH16_2021-04-14
2021-07-04 23:22:44 51      SCSC_BBG000BHTPZ4_2021-04-14
2021-07-04 23:22:44 52      SDGR_BBG000T88BN2_2021-04-14
2021-07-04 23:22:44 53      SEDG_BBG0084BBZY6_2021-04-14
2021-07-04 23:22:44 55      SEE_BBG000C22QV7_2021-04-14
2021-07-04 23:22:44 56      SEIC_BBG000BSQLT9_2021-04-14
2021-07-04 23:22:44 57      SERV_TCS002WMH2F2_2021-04-14
2021-07-04 23:22:44 57      SF_BBG000BSS5C0_2021-04-14
2021-07-04 23:22:44 58      SFIX_BBG0046L1KL9_2021-04-14
2021-07-04 23:22:44 60      SFM_BBG001KFKQM7_2021-04-14
2021-07-04 23:22:44 61      SGEN_BBG000BH0FR6_2021-04-14
2021-07-04 23:22:44 63      SHAK_BBG0063GCHH8_2021-04-14
2021-07-04 23:22:44 64      SHEN_BBG000BTC2N0_2021-04-14
2021-07-04 23:22:44 64      SHI_BBG000BHR1H9_2021-04-14
2021-07-04 23:22:44 65      SHW_BBG000BSXQV7_2021-04-14
2021-07-04 23:22:44 66      SIG_BBG000C4ZZ10_2021-04-14
2021-07-04 23:22:44 67      SIGI_BBG000BSZ738_2021-04-14
2021-07-04 23:22:44 68      SITE_BBG009T22D49_2021-04-14
2021-07-04 23:22:44 68      SIVB_BBG000BT0CM2_2021-04-14
2021-07-04 23:22:44 69      SJI_BBG000BT0T72_2021-04-14
2021-07-04 23:22:44 71      SJM_BBG000BT1715_2021-04-14
2021-07-04 23:22:44 72      SKM_BBG000BLN497_2021-04-14
2021-07-04 23:22:44 72      SKX_BBG000C4HKK2_2021-04-14
2021-07-04 23:22:44 73      SLAB_BBG000BB99S3_2021-04-14
2021-07-04 23:22:44 75      SLB_BBG000BT41Q8_2021-04-14
2021-07-04 23:22:44 78      SLG_BBG000BVP5P2_2021-04-14
2021-07-04 23:22:44 79      SMAR_BBG00GQK3WB5_2021-04-14
2021-07-04 23:22:44 80      SMG_BBG000BT5PG5_2021-04-14
2021-07-04 23:22:44 80      SMPL_BBG00GVP5JL4_2021-04-14
2021-07-04 23:22:44 81      SMTC_BBG000DBKR53_2021-04-14
2021-07-04 23:22:44 82      SNA_BBG000BT7JW9_2021-04-14
2021-07-04 23:22:44 83      SNAP_BBG00441QMJ7_2021-04-14
2021-07-04 23:22:44 91      SNBR_BBG000DM2BF3_2021-04-14
2021-07-04 23:22:44 91      SNBR: SPYKE!. Candle: ID:12, Time: 13:30, Close: 122.39
2021-07-04 23:22:44 91      SNPS_BBG000BSFRF3_2021-04-14
2021-07-04 23:22:44 93      SNX_BBG000CL9JV4_2021-04-14
2021-07-04 23:22:44 94      SNY_BBG000BBD5N1_2021-04-14
2021-07-04 23:22:44 95      SO_BBG000BT9DW0_2021-04-14
2021-07-04 23:22:44 97      SOHU_BBG00L2DB535_2021-04-14
2021-07-04 23:22:44 97      SON_BBG000D7HF89_2021-04-14
2021-07-04 23:22:44 98      SONO_BBG001JZPSQ2_2021-04-14
2021-07-04 23:22:45 01      SP_BBG000BJ91B1_2021-04-14
2021-07-04 23:22:45 01      SP: SPYKE!. Candle: ID:23, Time: 13:30, Close: 31.5
2021-07-04 23:22:45 01      SP: SPYKE!. Candle: ID:29, Time: 13:30, Close: 31.17
2021-07-04 23:22:45 01      SPB@US_BBG000DS5588_2021-04-14
2021-07-04 23:22:45 02      SPCE_BBG00HTN2CQ3_2021-04-14
2021-07-04 23:22:45 13      SPG_BBG000BJ2D31_2021-04-14
2021-07-04 23:22:45 15      SPGI_BBG000BP1Q11_2021-04-14
2021-07-04 23:22:45 17      SPLK_BBG001C7TST4_2021-04-14
2021-07-04 23:22:45 19      SPOT_BBG003T4VFC2_2021-04-14
2021-07-04 23:22:45 20      SPR_BBG000PRJ2Z9_2021-04-14
2021-07-04 23:22:45 22      SPSC_BBG000PZGB75_2021-04-14
2021-07-04 23:22:45 23      SQ_BBG0018SLC07_2021-04-14
2021-07-04 23:22:45 29      SRC_BBG0027Z6X10_2021-04-14
2021-07-04 23:22:45 30      SRCL_BBG000H3FZM6_2021-04-14
2021-07-04 23:22:45 32      SRDX_BBG000BZ2QG2_2021-04-14
2021-07-04 23:22:45 32      SRE_BBG000C2ZCH8_2021-04-14
2021-07-04 23:22:45 34      SRI_BBG000BB9Q78_2021-04-14
2021-07-04 23:22:45 34      SRPT_BBG000BCJ161_2021-04-14
2021-07-04 23:22:45 37      SSD_BBG000JLC8L8_2021-04-14
2021-07-04 23:22:45 38      SSNC_BBG000RJ2J04_2021-04-14
2021-07-04 23:22:45 39      SSTK_BBG002ZCK2V9_2021-04-14
2021-07-04 23:22:45 40      STAA_BBG000C4QB95_2021-04-14
2021-07-04 23:22:45 41      STAG_BBG000BGLFP7_2021-04-14
2021-07-04 23:22:45 42      STLD_BBG000HGYNZ9_2021-04-14
2021-07-04 23:22:45 45      STMP_BBG000CZ4KF3_2021-04-14
2021-07-04 23:22:45 46      STRA_BBG000GRZDV1_2021-04-14
2021-07-04 23:22:45 46      STT_BBG000BKFBD7_2021-04-14
2021-07-04 23:22:45 47      STX_BBG000F0KF42_2021-04-14
2021-07-04 23:22:45 47      Warning: figi `BBG000F0KF42` for history data does not match actual figi `BBG0113JGQF0`. Ticker: STX. Will be used actual!
2021-07-04 23:22:45 50      STZ_BBG000J1QLT0_2021-04-14
2021-07-04 23:22:45 51      SUPN_BBG000BP0HX7_2021-04-14
2021-07-04 23:22:45 52      SWAV_BBG005XVXML5_2021-04-14
2021-07-04 23:22:45 53      SWBI_BBG000BM0QL7_2021-04-14
2021-07-04 23:22:45 54      SWCH_BBG00HPDM5Z2_2021-04-14
2021-07-04 23:22:45 55      SWI_BBG00M1CKSK7_2021-04-14
2021-07-04 23:22:45 57      SWK_BBG000BTQR96_2021-04-14
2021-07-04 23:22:45 58      SWKS_BBG000KLB4Q1_2021-04-14
2021-07-04 23:22:45 60      SWN_BBG000BTR593_2021-04-14
2021-07-04 23:22:45 62      SWX_BBG00FWP4JW4_2021-04-14
2021-07-04 23:22:45 63      SXI_BBG000BTT5B8_2021-04-14
2021-07-04 23:22:45 64      SXT_BBG000J79P80_2021-04-14
2021-07-04 23:22:45 64      SYF_BBG00658F3P3_2021-04-14
2021-07-04 23:22:45 67      SYK_BBG000DN7P92_2021-04-14
2021-07-04 23:22:45 68      SYKE_BBG000BBHPV4_2021-04-14
2021-07-04 23:22:45 68      SYNA_BBG000BQV1S2_2021-04-14
2021-07-04 23:22:45 70      SYNH_BBG0078Y1D92_2021-04-14
2021-07-04 23:22:45 71      SYY_BBG000BTVJ25_2021-04-14
2021-07-04 23:22:45 72      T_BBG000BSJK37_2021-04-14
2021-07-04 23:22:45 75      TAK_BBG000LF8708_2021-04-14
2021-07-04 23:22:45 76      TAL_BBG0016XJ8S0_2021-04-14
2021-07-04 23:22:45 78      TAP_BBG000BS7KS3_2021-04-14
2021-07-04 23:22:45 79      TCBI_BBG000DN4ZT1_2021-04-14
2021-07-04 23:22:45 80      TCMD_BBG001B12Z39_2021-04-14
2021-07-04 23:22:45 81      TCRR_BBG00FH3FM15_2021-04-14
2021-07-04 23:22:45 82      TCS_BBG005DXJS36_2021-04-14
2021-07-04 23:22:45 83      TCX_BBG000L69KL5_2021-04-14
2021-07-04 23:22:45 83      TDC_BBG000R0L5J4_2021-04-14
2021-07-04 23:22:45 84      TDG_BBG000L8CBX4_2021-04-14
2021-07-04 23:22:45 85      TDOC_BBG0019T5SG0_2021-04-14
2021-07-04 23:22:45 87      TDS_BBG000BV0VK7_2021-04-14
2021-07-04 23:22:45 88      TDY_BBG000BMT9T6_2021-04-14
2021-07-04 23:22:45 89      TECH_BBG000C15114_2021-04-14
2021-07-04 23:22:45 90      TEL_BBG000RGM5P1_2021-04-14
2021-07-04 23:22:45 91      TENB_BBG00LBLCD02_2021-04-14
2021-07-04 23:22:45 92      TER_BBG000BV4DR6_2021-04-14
2021-07-04 23:22:45 94      TFC_BBG000BYYLS8_2021-04-14
2021-07-04 23:22:45 97      TFX_BBG000BV59Y6_2021-04-14
2021-07-04 23:22:45 97      TGNA_BBG000BK5DP1_2021-04-14
2021-07-04 23:22:45 98      TGT_BBG000H8TVT2_2021-04-14
2021-07-04 23:22:46 00      THG_BBG000FJH8W0_2021-04-14
2021-07-04 23:22:46 01      THO_BBG000BV6R84_2021-04-14
2021-07-04 23:22:46 01      THRM_BBG000BQLM34_2021-04-14
2021-07-04 23:22:46 02      THS_BBG000GQGJT4_2021-04-14
2021-07-04 23:22:46 03      TJX_BBG000BV8DN6_2021-04-14
2021-07-04 23:22:46 05      TKR_BBG000BV95H9_2021-04-14
2021-07-04 23:22:46 06      TMHC_BBG003PGJHP5_2021-04-14
2021-07-04 23:22:46 07      TMO_BBG000BVDLH9_2021-04-14
2021-07-04 23:22:46 09      TMUS_BBG000NDV1D4_2021-04-14
2021-07-04 23:22:46 11      TMX_BBG002WMH2F2_2021-04-14
2021-07-04 23:22:46 11      TNC_BBG000JCZJS2_2021-04-14
2021-07-04 23:22:46 12      TNDM_BBG0019V9M65_2021-04-14
2021-07-04 23:22:46 13      TNET_BBG000BR2040_2021-04-14
2021-07-04 23:22:46 14      TOL_BBG000BVHBM1_2021-04-14
2021-07-04 23:22:46 15      TOT_BBG000CHZ857_2021-04-14
2021-07-04 23:22:46 15      Warning: figi `BBG000CHZ857` for history data does not match actual figi `IZHBULDINKDK`. Ticker: TOT. Will be used actual!
2021-07-04 23:22:46 16      TPH_BBG0016YQTR5_2021-04-14
2021-07-04 23:22:46 17      TPIC_BBG0016MQ7C5_2021-04-14
2021-07-04 23:22:46 18      TPR_BBG000BY29C7_2021-04-14
2021-07-04 23:22:46 20      TPTX_BBG00NPL9WH7_2021-04-14
2021-07-04 23:22:46 21      TPX_BBG000PXGT62_2021-04-14
2021-07-04 23:22:46 22      TREE_BBG000TVRB50_2021-04-14
2021-07-04 23:22:46 23      TREX_BBG000BTGKK9_2021-04-14
2021-07-04 23:22:46 23      TRHC_BBG00BT7PPY8_2021-04-14
2021-07-04 23:22:46 24      TRIP_BBG001M8HHB7_2021-04-14
2021-07-04 23:22:46 26      TRMB_BBG000BNPS52_2021-04-14
2021-07-04 23:22:46 28      TROW_BBG000BVMPN3_2021-04-14
2021-07-04 23:22:46 30      TRU_BBG002Q7J5Z1_2021-04-14
2021-07-04 23:22:46 31      TRUP_BBG002BC7WC5_2021-04-14
2021-07-04 23:22:46 32      TRV_BBG000BJ81C1_2021-04-14
2021-07-04 23:22:46 33      TSCO_BBG000BLXZN1_2021-04-14
2021-07-04 23:22:46 35      TSLA_BBG000N9MNX3_2021-04-14
2021-07-04 23:22:46 56      TSLA: BuyPending. Strategy: BuyTheDipPremarket. Price: 727. Lots: 1. ChangeOpenToCurrent: -4.16. changeFromLow: 0.68. Candle: ID:69, Time: 4:00, Close: 727.
2021-07-04 23:22:46 56      TSLA: OrderID: afece646. PlacedOrder. Status: New. RejectReason: 
2021-07-04 23:22:46 56      TSLA: OrderID: afece646 fully executed
2021-07-04 23:22:46 56      TSLA: Buy more. Price: 710. Lots: 1. changeFromLastBuy: -2.34. Candle: ID:80, Time: 4:00, Close: 710.
2021-07-04 23:22:46 56      TSLA: OrderID: c3a11047. PlacedOrder. Status: New. RejectReason: 
2021-07-04 23:22:46 56      TSLA: OrderID: c3a11047 fully executed
2021-07-04 23:22:46 57      TSLA: Closing. Close price: 749.8. Lots: 2. CandleChange: -0.01%. ChangeFromCandleHigh: -0.03%. Profit: 31.30(4.36%). Candle: ID:387, Time: 4:05, Close: 749.8
2021-07-04 23:22:46 57      TSLA: OrderID: dc0cdd51. PlacedOrder. Status: New. RejectReason: 
2021-07-04 23:22:46 57      TSLA: OrderID: dc0cdd51 fully executed
2021-07-04 23:22:46 76      TSM_BBG000BD8ZK0_2021-04-14
2021-07-04 23:22:46 82      TSN_BBG000DKCC19_2021-04-14
2021-07-04 23:22:46 84      TSS_BBG000C1JTL6_2021-04-14
2021-07-04 23:22:46 84      TT_BBG000BM6788_2021-04-14
2021-07-04 23:22:46 85      TTC_BBG000BVQRY3_2021-04-14
2021-07-04 23:22:46 86      TTD_BBG00629NGT2_2021-04-14
2021-07-04 23:22:46 90      TTEK_BBG000BYZ0Q5_2021-04-14
2021-07-04 23:22:46 91      TTM_BBG000PVGDH9_2021-04-14
2021-07-04 23:22:46 92      TTMI_BBG000BYQ0B1_2021-04-14
2021-07-04 23:22:46 93      TTWO_BBG000BS1YV5_2021-04-14
2021-07-04 23:22:46 94      TW_BBG00NK8H8T2_2021-04-14
2021-07-04 23:22:46 95      TWLO_BBG0029ZX840_2021-04-14
2021-07-04 23:22:46 97      TWNK_BBG00B6KGNN1_2021-04-14
2021-07-04 23:22:46 97      TWOU_BBG001KS9450_2021-04-14
2021-07-04 23:22:46 99      TWTR_BBG000H6HNW3_2021-04-14
2021-07-04 23:22:47 03      TXG_BBG007WX14X0_2021-04-14
2021-07-04 23:22:47 04      TXN_BBG000BVV7G1_2021-04-14
2021-07-04 23:22:47 08      TXRH_BBG000PSJMV7_2021-04-14
2021-07-04 23:22:47 09      TXT_BBG000BVVQQ8_2021-04-14
2021-07-04 23:22:47 10      TYL_BBG000BVWZF9_2021-04-14
2021-07-04 23:22:47 11      UA_BBG009DTD8H2_2021-04-14
2021-07-04 23:22:47 13      UAA_BBG000BXM6V2_2021-04-14
2021-07-04 23:22:47 14      UAL_BBG000M65M61_2021-04-14
2021-07-04 23:22:47 18      UBER_BBG002B04MT8_2021-04-14
2021-07-04 23:22:47 23      UCTT_BBG000HSLV70_2021-04-14
2021-07-04 23:22:47 24      UDR_BBG000C41023_2021-04-14
2021-07-04 23:22:47 25      UFPI_BBG000BL0T06_2021-04-14
2021-07-04 23:22:47 26      UFS_BBG000BHFHP8_2021-04-14
2021-07-04 23:22:47 27      UGI_BBG000BVYN55_2021-04-14
2021-07-04 23:22:47 27      UHS_BBG000CB8Q50_2021-04-14
2021-07-04 23:22:47 28      UI_BBG001R72SR9_2021-04-14
2021-07-04 23:22:47 29      ULTA_BBG00FWQ4VD6_2021-04-14
2021-07-04 23:22:47 30      UMBF_BBG000DD8WX1_2021-04-14
2021-07-04 23:22:47 31      UNF_BBG000BW29L1_2021-04-14
2021-07-04 23:22:47 31      UNH_BBG000CH5208_2021-04-14
2021-07-04 23:22:47 33      UNM_BBG000BW2QX0_2021-04-14
2021-07-04 23:22:47 35      UNP_BBG000BW3299_2021-04-14
2021-07-04 23:22:47 36      UNVR_BBG000BDHD29_2021-04-14
2021-07-04 23:22:47 37      UPS_BBG000L9CV04_2021-04-14
2021-07-04 23:22:47 39      UPWK_BBG00FBJ6390_2021-04-14
2021-07-04 23:22:47 40      URBN_BBG000BL79J3_2021-04-14
2021-07-04 23:22:47 41      URI_BBG000BXMFC3_2021-04-14
2021-07-04 23:22:47 42      USB_BBG000FFDM15_2021-04-14
2021-07-04 23:22:47 44      USFD_BBG00C6H6D40_2021-04-14
2021-07-04 23:22:47 45      USM_BBG000BW6P59_2021-04-14
2021-07-04 23:22:47 46      USNA_BBG000BX28M0_2021-04-14
2021-07-04 23:22:47 46      USPH_BBG000CSRSG6_2021-04-14
2021-07-04 23:22:47 47      UTHR_BBG000BV4XJ1_2021-04-14
2021-07-04 23:22:47 48      UTL_BBG000BW7X97_2021-04-14
2021-07-04 23:22:47 48      UTX_BBG0089KM290_2021-04-14
2021-07-04 23:22:47 49      V_BBG000PSKYX7_2021-04-14
2021-07-04 23:22:47 52      VAC_BBG001J2R5H3_2021-04-14
2021-07-04 23:22:47 53      VALE_BBG000BN5LG7_2021-04-14
2021-07-04 23:22:47 55      VC_BBG0016T3GQ0_2021-04-14
2021-07-04 23:22:47 56      VCEL_BBG000BDCM24_2021-04-14
2021-07-04 23:22:47 56      VCRA_BBG00179VSY7_2021-04-14
2021-07-04 23:22:47 57      VCYT_BBG001J2M542_2021-04-14
2021-07-04 23:22:47 58      VEEV_BBG001CGB489_2021-04-14
2021-07-04 23:22:47 59      VEON_BBG000QCW561_2021-04-14
2021-07-04 23:22:47 60      VFC_BBG000BWCKB6_2021-04-14
2021-07-04 23:22:47 62      VG_BBG000BRB5D9_2021-04-14
2021-07-04 23:22:47 63      VG: SPYKE!. Candle: ID:2139, Time: 20:10, Close: 13.07
2021-07-04 23:22:47 64      VIAC_BBG000C496P7_2021-04-14
2021-07-04 23:22:47 72      VICR_BBG000C3VHF1_2021-04-14
2021-07-04 23:22:47 72      VIE_BBG00K6P5XM1_2021-04-14
2021-07-04 23:22:47 73      VIPS_BBG002NLDLV8_2021-04-14
2021-07-04 23:22:47 80      VIR_BBG00H2QQ8T5_2021-04-14
2021-07-04 23:22:47 81      VLO_BBG000BBGGQ1_2021-04-14
2021-07-04 23:22:47 83      VMC_BBG000BWGYF8_2021-04-14
2021-07-04 23:22:47 84      VMI_BBG000BWB7V4_2021-04-14
2021-07-04 23:22:47 84      VMW_BBG000BC9938_2021-04-14
2021-07-04 23:22:47 85      VNDA_BBG000HT5MG6_2021-04-14
2021-07-04 23:22:47 86      VNE_BBG00K4MPP27_2021-04-14
2021-07-04 23:22:47 87      VNO_BBG000BWHD54_2021-04-14
2021-07-04 23:22:47 88      VNT_BBG00RRGSJR4_2021-04-14
2021-07-04 23:22:47 89      VPG_BBG000PRQ0V9_2021-04-14
2021-07-04 23:22:47 89      VREX_BBG00CZNLR47_2021-04-14
2021-07-04 23:22:47 90      VRNS_BBG001Y04TN6_2021-04-14
2021-07-04 23:22:47 91      VRNT_BBG000BCBYT2_2021-04-14
2021-07-04 23:22:47 92      VRSK_BBG000BCZL41_2021-04-14
2021-07-04 23:22:47 94      VRSN_BBG000BGKHZ3_2021-04-14
2021-07-04 23:22:47 95      VRTS_BBG000DMFQS2_2021-04-14
2021-07-04 23:22:47 95      VRTV_BBG005XZHR97_2021-04-14
2021-07-04 23:22:47 96      VRTX_BBG000C1S2X2_2021-04-14
2021-07-04 23:22:47 98      VTR_BBG000FRVHB9_2021-04-14
2021-07-04 23:22:47 99      VTRS_BBG00Y4RQNH4_2021-04-14
2021-07-04 23:22:48 01      VZ_BBG000HS77T5_2021-04-14
2021-07-04 23:22:48 03      W_BBG001B17MV2_2021-04-14
2021-07-04 23:22:48 05      WAB_BBG000BDD940_2021-04-14
2021-07-04 23:22:48 05      WAL_BBG000Q1KFH4_2021-04-14
2021-07-04 23:22:48 06      WAT_BBG000FQRVM3_2021-04-14
2021-07-04 23:22:48 07      WB_BBG0065XPGX9_2021-04-14
2021-07-04 23:22:48 08      WBA_BBG000BWLMJ4_2021-04-14
2021-07-04 23:22:48 11      WCC_BBG000D0FNV3_2021-04-14
2021-07-04 23:22:48 12      WDAY_BBG000VC0T95_2021-04-14
2021-07-04 23:22:48 13      WDC_BBG000BWNFZ9_2021-04-14
2021-07-04 23:22:48 16      WDFC_BBG000BWNV93_2021-04-14
2021-07-04 23:22:48 16      WEC_BBG000BWP7D9_2021-04-14
2021-07-04 23:22:48 17      WELL_BBG000BKY1G5_2021-04-14
2021-07-04 23:22:48 18      WERN_BBG000BWPP85_2021-04-14
2021-07-04 23:22:48 19      WEX_BBG000BVZP59_2021-04-14
2021-07-04 23:22:48 20      WFC_BBG000BWQFY7_2021-04-14
2021-07-04 23:22:48 29      WGO_BBG000BWS3F3_2021-04-14
2021-07-04 23:22:48 30      WH_BBG00HCY3Q67_2021-04-14
2021-07-04 23:22:48 31      WHD_BBG00JRH1P95_2021-04-14
2021-07-04 23:22:48 31      WHR_BBG000BWSV34_2021-04-14
2021-07-04 23:22:48 32      WING_BBG008N298Y8_2021-04-14
2021-07-04 23:22:48 33      WK_BBG007BVZ8H9_2021-04-14
2021-07-04 23:22:48 34      WLK_BBG000PXZFW2_2021-04-14
2021-07-04 23:22:48 34      WLTW_BBG000DB3KT1_2021-04-14
2021-07-04 23:22:48 36      WM_BBG000BWVSR1_2021-04-14
2021-07-04 23:22:48 37      WMB_BBG000BWVCP8_2021-04-14
2021-07-04 23:22:48 38      WMT_BBG000BWXBC2_2021-04-14
2021-07-04 23:22:48 41      WOR_BBG000HL7499_2021-04-14
2021-07-04 23:22:48 41      WORK_BBG007G7V505_2021-04-14
2021-07-04 23:22:48 43      WRB_BBG000BD1HP2_2021-04-14
2021-07-04 23:22:48 44      WRK_BBG008NXC572_2021-04-14
2021-07-04 23:22:48 45      WRLD_BBG000C3G9J2_2021-04-14
2021-07-04 23:22:48 45      WSC_BBG00B0FS947_2021-04-14
2021-07-04 23:22:48 46      WSM_BBG000FSMWC3_2021-04-14
2021-07-04 23:22:48 47      WSO_BBG000DJN7L9_2021-04-14
2021-07-04 23:22:48 48      WST_BBG000BX24N8_2021-04-14
2021-07-04 23:22:48 49      WTFC_BBG000HD3DW5_2021-04-14
2021-07-04 23:22:48 50      WTS_BBG000C4Z6C2_2021-04-14
2021-07-04 23:22:48 50      WTTR_BBG00G4Y2DC1_2021-04-14
2021-07-04 23:22:48 51      WU_BBG000BB5373_2021-04-14
2021-07-04 23:22:48 52      WWD_BBG000BD53V2_2021-04-14
2021-07-04 23:22:48 53      WWE_BBG000F5YH15_2021-04-14
2021-07-04 23:22:48 54      WWW_BBG000BX2YN2_2021-04-14
2021-07-04 23:22:48 55      WY_BBG000BX3BL3_2021-04-14
2021-07-04 23:22:48 56      WYNN_BBG000LD9JQ8_2021-04-14
2021-07-04 23:22:48 57      XEC_BBG000D6L294_2021-04-14
2021-07-04 23:22:48 58      XEL_BBG000BCTQ65_2021-04-14
2021-07-04 23:22:48 60      XLNX_BBG000C0F570_2021-04-14
2021-07-04 23:22:48 62      XLRN_BBG000R5HWZ1_2021-04-14
2021-07-04 23:22:48 63      XNCR_BBG0026ZG4W0_2021-04-14
2021-07-04 23:22:48 64      XOM_BBG000GZQ728_2021-04-14
2021-07-04 23:22:48 69      XPO_BBG000L5CJF3_2021-04-14
2021-07-04 23:22:48 70      XRAY_BBG000BX57K1_2021-04-14
2021-07-04 23:22:48 71      XRX_BBG00NNG2ZJ8_2021-04-14
2021-07-04 23:22:48 72      XYL_BBG001D8R5D0_2021-04-14
2021-07-04 23:22:48 73      Y_BBG000BX6BJ3_2021-04-14
2021-07-04 23:22:48 73      YELP_BBG000Q2HM09_2021-04-14
2021-07-04 23:22:48 75      YETI_BBG00D8JC882_2021-04-14
2021-07-04 23:22:48 76      YEXT_BBG001MKZGY7_2021-04-14
2021-07-04 23:22:48 76      YUM_BBG000BH3GZ2_2021-04-14
2021-07-04 23:22:48 77      YUMC_BBG00B8N0HG1_2021-04-14
2021-07-04 23:22:48 78      YY_BBG003H0XV18_2021-04-14
2021-07-04 23:22:48 80      Z_BBG009NRSWJ4_2021-04-14
2021-07-04 23:22:48 82      ZBH_BBG000BKPL53_2021-04-14
2021-07-04 23:22:48 83      ZBRA_BBG000CC7LQ7_2021-04-14
2021-07-04 23:22:48 85      ZEN_BBG001HRFJG4_2021-04-14
2021-07-04 23:22:48 86      ZG_BBG000D13GN8_2021-04-14
2021-07-04 23:22:48 87      ZGNX_BBG000VDC3G9_2021-04-14
2021-07-04 23:22:48 88      ZI_BBG00S1HJ3M8_2021-04-14
2021-07-04 23:22:48 89      ZION_BBG000BX9WL1_2021-04-14
2021-07-04 23:22:48 90      ZM_BBG0042V6JM8_2021-04-14
2021-07-04 23:22:48 94      ZNH_BBG000BXQ7R1_2021-04-14
2021-07-04 23:22:48 95      ZS_BBG003338H34_2021-04-14
2021-07-04 23:22:48 96      ZTS_BBG0039320N9_2021-04-14
2021-07-04 23:22:48 97      ZUMZ_BBG000PYX812_2021-04-14
2021-07-04 23:22:48 98      ZUO_BBG000BT3HG5_2021-04-14
2021-07-04 23:22:48 99      ZYNE_BBG007BBS8B7_2021-04-14
2021-07-04 23:22:49 03      ZYXI_BBG000BJBXZ2_2021-04-14
2021-07-04 23:22:49 04      Total candles read: 4067018
2021-07-04 23:22:49 04      Start DisposeAsync...
2021-07-04 23:22:49 04      Trade statistic. Total/Pos/Neg/(ratio): 3/1/1/(1); Profit: 53.69/17.90; Volume: 0; MaxVolume: 1437.00; Commission: 1.700635;
2021-07-04 23:22:49 04      BaseBot::DisposeAsync...
2021-07-04 23:22:49 04      BaseBot::DisposeAsync done!
2021-07-04 23:22:49 04      End DisposeAsync...
