2021-06-08 01:15:46 33      mode=TestTradeBot;DumpQuotes=false;SubscribeQuotes=false;Strategies=BuyTheDipPremarket;Token=token.txt;ConfigPath=usd.json;OutputFolder=.\new\;CandlesPath=C:\tinkoff\TestData\RawQuotes\5m\uncompressed\quotes_2021-03-10;
2021-06-08 01:15:46 34      Trade bot created
2021-06-08 01:15:46 37      Fake connection created
2021-06-08 01:15:48 73      List of disabled tickers: 
2021-06-08 01:15:48 74      A_BBG000C2V3D6_2021-03-10
2021-06-08 01:15:48 80      AA_BBG00B3T3HD3_2021-03-10
2021-06-08 01:15:48 85      AAL_BBG005P7Q881_2021-03-10
2021-06-08 01:15:48 94      AAN_BBG00WCNDCZ6_2021-03-10
2021-06-08 01:15:48 96      AAON_BBG000C2LZP3_2021-03-10
2021-06-08 01:15:48 97      AAP_BBG000F7RCJ1_2021-03-10
2021-06-08 01:15:48 98      AAPL_BBG000B9XRY4_2021-03-10
2021-06-08 01:15:49 42      ABBV_BBG0025Y4RY4_2021-03-10
2021-06-08 01:15:49 46      ABC_BBG000MDCQC2_2021-03-10
2021-06-08 01:15:49 48      ABG_BBG000BKDWB5_2021-03-10
2021-06-08 01:15:49 50      ABMD_BBG000C101X4_2021-03-10
2021-06-08 01:15:49 51      ABNB_BBG001Y2XS07_2021-03-10
2021-06-08 01:15:49 55      ABT_BBG000B9ZXB4_2021-03-10
2021-06-08 01:15:49 58      ACAD_BBG000BHG9K0_2021-03-10
2021-06-08 01:15:49 65      ACH_BBG000CMRVH1_2021-03-10
2021-06-08 01:15:49 66      ACM_BBG000F61RJ8_2021-03-10
2021-06-08 01:15:49 68      ACMR_BBG00HPSG933_2021-03-10
2021-06-08 01:15:49 69      ACN_BBG000D9D830_2021-03-10
2021-06-08 01:15:49 71      ADBE_BBG000BB5006_2021-03-10
2021-06-08 01:15:49 76      ADM_BBG000BB6WG8_2021-03-10
2021-06-08 01:15:49 78      ADP_BBG000JG0547_2021-03-10
2021-06-08 01:15:49 80      ADPT_BBG001J2PFF5_2021-03-10
2021-06-08 01:15:49 82      ADS_BBG000BFNR17_2021-03-10
2021-06-08 01:15:49 83      ADSK_BBG000BM7HL0_2021-03-10
2021-06-08 01:15:49 86      ADUS_BBG000NJGX84_2021-03-10
2021-06-08 01:15:49 86      AEE_BBG000B9X8C0_2021-03-10
2021-06-08 01:15:49 88      AEIS_BBG000FKMP26_2021-03-10
2021-06-08 01:15:49 89      AEO_BBG000BGXZB5_2021-03-10
2021-06-08 01:15:49 91      AERI_BBG001KJ7WJ5_2021-03-10
2021-06-08 01:15:49 92      AES_BBG000C23KJ3_2021-03-10
2021-06-08 01:15:49 94      AFG_BBG000DPKKK0_2021-03-10
2021-06-08 01:15:49 95      AFL_BBG000BBBNC6_2021-03-10
2021-06-08 01:15:49 96      AGCO_BBG000DCCZW2_2021-03-10
2021-06-08 01:15:49 97      AGIO_BBG000QY4ZD0_2021-03-10
2021-06-08 01:15:49 98      AIG_BBG000BBDZG3_2021-03-10
2021-06-08 01:15:50 00      AIR_BBG000BBGQF1_2021-03-10
2021-06-08 01:15:50 01      AIRC_BBG00XK3WVD0_2021-03-10
2021-06-08 01:15:50 02      AIT_BBG000BBHHP9_2021-03-10
2021-06-08 01:15:50 02      AIV_BBG000DD3510_2021-03-10
2021-06-08 01:15:50 04      AIZ_BBG000BZX1N5_2021-03-10
2021-06-08 01:15:50 05      AJG_BBG000BBHXQ3_2021-03-10
2021-06-08 01:15:50 06      AJRD_BBG000BKRHQ7_2021-03-10
2021-06-08 01:15:50 07      AKAM_BBG000BJQWD2_2021-03-10
2021-06-08 01:15:50 08      ALB_BBG000BJ26K7_2021-03-10
2021-06-08 01:15:50 10      ALGN_BBG000BRNLL2_2021-03-10
2021-06-08 01:15:50 12      ALGT_BBG000LJS6B8_2021-03-10
2021-06-08 01:15:50 13      ALK_BBG000BBL0Y1_2021-03-10
2021-06-08 01:15:50 14      ALL_BBG000BVMGF2_2021-03-10
2021-06-08 01:15:50 16      ALLE_BBG003PS7JV1_2021-03-10
2021-06-08 01:15:50 17      ALLK_BBG003QBJKN0_2021-03-10
2021-06-08 01:15:50 17      ALLO_BBG00KHRRDX3_2021-03-10
2021-06-08 01:15:50 19      ALLY_BBG000BC2R71_2021-03-10
2021-06-08 01:15:50 21      ALNY_BBG000BFGNJ5_2021-03-10
2021-06-08 01:15:50 22      ALRM_BBG007GNPYY7_2021-03-10
2021-06-08 01:15:50 23      ALSN_BBG001KY3845_2021-03-10
2021-06-08 01:15:50 24      ALTR_BBG000PN9NB9_2021-03-10
2021-06-08 01:15:50 26      ALXN_BBG000G30YX4_2021-03-10
2021-06-08 01:15:50 28      AMAT_BBG000BBPFB9_2021-03-10
2021-06-08 01:15:50 35      AMCX_BBG000H01H92_2021-03-10
2021-06-08 01:15:50 37      AMD_BBG000BBQCY0_2021-03-10
2021-06-08 01:15:50 53      AME_BBG000B9XG87_2021-03-10
2021-06-08 01:15:50 55      AMED_BBG000B9ZV28_2021-03-10
2021-06-08 01:15:50 56      AMG_BBG000C060M4_2021-03-10
2021-06-08 01:15:50 57      AMGN_BBG000BBS2Y0_2021-03-10
2021-06-08 01:15:50 60      AMN_BBG000BCT197_2021-03-10
2021-06-08 01:15:50 60      AMP_BBG000G3QLY3_2021-03-10
2021-06-08 01:15:50 64      AMT_BBG000B9XYV2_2021-03-10
2021-06-08 01:15:50 65      AMWD_BBG000BBX657_2021-03-10
2021-06-08 01:15:50 66      AMZN_BBG000BVPV84_2021-03-10
2021-06-08 01:15:50 74      AN_BBG000BBXLW4_2021-03-10
2021-06-08 01:15:50 75      ANAB_BBG0026ZDHR0_2021-03-10
2021-06-08 01:15:50 77      ANDE_BBG000BF8CN3_2021-03-10
2021-06-08 01:15:50 77      ANET_BBG000N2HDY5_2021-03-10
2021-06-08 01:15:50 78      ANF_BBG000H9G7X2_2021-03-10
2021-06-08 01:15:50 79      ANGI_BBG00HVKH3Q0_2021-03-10
2021-06-08 01:15:50 80      ANIK_BBG000BBKZD8_2021-03-10
2021-06-08 01:15:50 81      ANIP_BBG000KK1L04_2021-03-10
2021-06-08 01:15:50 82      ANSS_BBG000GXZ4W7_2021-03-10
2021-06-08 01:15:50 84      ANTM_BBG000BCG930_2021-03-10
2021-06-08 01:15:50 85      AON_BBG00SSQFPK6_2021-03-10
2021-06-08 01:15:50 86      AOS_BBG000BC1L02_2021-03-10
2021-06-08 01:15:50 87      AOUT_BBG00QV8FS02_2021-03-10
2021-06-08 01:15:50 88      APA_BBG00YTS96G2_2021-03-10
2021-06-08 01:15:50 92      APD_BBG000BC4JJ4_2021-03-10
2021-06-08 01:15:50 93      APEI_BBG000RVD346_2021-03-10
2021-06-08 01:15:50 95      APEI: SPYKE!. Candle: ID:330, Time: 14:25, Close: 31
2021-06-08 01:15:50 95      APEI: SPYKE!. Candle: ID:331, Time: 14:25, Close: 31.5
2021-06-08 01:15:50 95      APEI: SPYKE!. Candle: ID:332, Time: 14:30, Close: 31.73
2021-06-08 01:15:50 95      APEI: SPYKE!. Candle: ID:337, Time: 14:30, Close: 31.67
2021-06-08 01:15:50 96      APLE_BBG006473QX9_2021-03-10
2021-06-08 01:15:50 97      APLT_BBG000DD0489_2021-03-10
2021-06-08 01:15:50 98      APPF_BBG008GC8CP6_2021-03-10
2021-06-08 01:15:50 99      APPN_BBG001C7PMJ2_2021-03-10
2021-06-08 01:15:51 01      APPS_BBG000HZ3562_2021-03-10
2021-06-08 01:15:51 05      APTV_BBG001QD41M9_2021-03-10
2021-06-08 01:15:51 07      ARCC_BBG000PD6X77_2021-03-10
2021-06-08 01:15:51 08      ARCT_BBG00NNW8JK1_2021-03-10
2021-06-08 01:15:51 10      ARE_BBG000BC33T9_2021-03-10
2021-06-08 01:15:51 11      ARMK_BBG001KY4N87_2021-03-10
2021-06-08 01:15:51 13      ARNA_BBG000BKXBV7_2021-03-10
2021-06-08 01:15:51 14      ARNC_BBG00R45JYB7_2021-03-10
2021-06-08 01:15:51 15      ARQT_BBG00QN8K4M4_2021-03-10
2021-06-08 01:15:51 16      ARVN_BBG00LW7YK82_2021-03-10
2021-06-08 01:15:51 17      ARW_BBG000BCD3D5_2021-03-10
2021-06-08 01:15:51 18      ARWR_BBG000BRVKH0_2021-03-10
2021-06-08 01:15:51 19      ASGN_BBG000CRN8N8_2021-03-10
2021-06-08 01:15:51 20      ASH_BBG00D0Y81M1_2021-03-10
2021-06-08 01:15:51 21      ASIX_BBG00CWTTQ41_2021-03-10
2021-06-08 01:15:51 22      ATEX_BBG0081NLHR0_2021-03-10
2021-06-08 01:15:51 22      ATGE_BBG000DQBZJ7_2021-03-10
2021-06-08 01:15:51 23      ATKR_BBG000QTFDQ4_2021-03-10
2021-06-08 01:15:51 23      ATR_BBG000BGX2S0_2021-03-10
2021-06-08 01:15:51 24      ATRA_BBG005Q3MQY4_2021-03-10
2021-06-08 01:15:51 26      ATRC_BBG000BL6CB5_2021-03-10
2021-06-08 01:15:51 27      ATRI_BBG000DTT624_2021-03-10
2021-06-08 01:15:51 27      ATRO_BBG000BCLBY5_2021-03-10
2021-06-08 01:15:51 28      ATUS_BBG00GFMPRK0_2021-03-10
2021-06-08 01:15:51 29      ATVI_BBG000CVWGS6_2021-03-10
2021-06-08 01:15:51 33      AVAV_BBG000GX14P2_2021-03-10
2021-06-08 01:15:51 34      AVB_BBG000BLPBL5_2021-03-10
2021-06-08 01:15:51 35      AVGO_BBG00KHY5S69_2021-03-10
2021-06-08 01:15:51 39      AVLR_BBG000R4Y9C1_2021-03-10
2021-06-08 01:15:51 40      AVNS_BBG005L86G05_2021-03-10
2021-06-08 01:15:51 41      AVNT_BBG000C8NJ10_2021-03-10
2021-06-08 01:15:51 42      AVTR_BBG00G2HHYD7_2021-03-10
2021-06-08 01:15:51 43      AVY_BBG000BCQ4P6_2021-03-10
2021-06-08 01:15:51 44      AWI_BBG000DW4LB1_2021-03-10
2021-06-08 01:15:51 45      AWK_BBG000TRJ294_2021-03-10
2021-06-08 01:15:51 46      AWR_BBG000F964B6_2021-03-10
2021-06-08 01:15:51 47      AX_BBG000QPHD08_2021-03-10
2021-06-08 01:15:51 48      AXGN_BBG000BN46R9_2021-03-10
2021-06-08 01:15:51 49      AXP_BBG000BCQZS4_2021-03-10
2021-06-08 01:15:51 53      AXSM_BBG00B6G7GL7_2021-03-10
2021-06-08 01:15:51 54      AYI_BBG000BJ5HK0_2021-03-10
2021-06-08 01:15:51 55      AYX_BBG000BGZT72_2021-03-10
2021-06-08 01:15:51 60      AZO_BBG000C7LMS8_2021-03-10
2021-06-08 01:15:51 61      AZPN_BBG000DFMXT3_2021-03-10
2021-06-08 01:15:51 62      BA_BBG000BCSST7_2021-03-10
2021-06-08 01:15:51 70      BABA_BBG006G2JVL2_2021-03-10
2021-06-08 01:15:51 78      BAC_BBG000BCTLF6_2021-03-10
2021-06-08 01:15:51 85      BAH_BBG000R2YFG7_2021-03-10
2021-06-08 01:15:51 86      BAND_BBG001K003W2_2021-03-10
2021-06-08 01:15:51 88      BAX_BBG000BCVJ77_2021-03-10
2021-06-08 01:15:51 89      BBIO_BBG00P9KDZK6_2021-03-10
2021-06-08 01:15:51 91      BBSI_BBG000BHJSC4_2021-03-10
2021-06-08 01:15:51 91      BBY_BBG000BCWCG1_2021-03-10
2021-06-08 01:15:51 95      BC_BBG000BCWSS3_2021-03-10
2021-06-08 01:15:51 96      BCO_BBG000DR5QP5_2021-03-10
2021-06-08 01:15:51 96      BCO: SPYKE!. Candle: ID:20, Time: 13:20, Close: 76.87
2021-06-08 01:15:51 97      BCPC_BBG000BCY878_2021-03-10
2021-06-08 01:15:51 98      BDC_BBG000Q4XNV1_2021-03-10
2021-06-08 01:15:51 99      BDTX_BBG00MS4Y0W9_2021-03-10
2021-06-08 01:15:52 00      BDX_BBG000BCZYD3_2021-03-10
2021-06-08 01:15:52 01      BECN_BBG000BKTXF2_2021-03-10
2021-06-08 01:15:52 02      BEN_BBG000BD0TF8_2021-03-10
2021-06-08 01:15:52 05      BERY_BBG000Q1R1Y9_2021-03-10
2021-06-08 01:15:52 06      BF.B_BBG000BD2NY8_2021-03-10
2021-06-08 01:15:52 07      BFAM_BBG003LFWP05_2021-03-10
2021-06-08 01:15:52 08      BGS_BBG000RKXRQ1_2021-03-10
2021-06-08 01:15:52 10      BH_BBG00JPRDQH1_2021-03-10
2021-06-08 01:15:52 10      BHF_BBG00DYPZ4T0_2021-03-10
2021-06-08 01:15:52 11      BIDU_BBG000QXWHD1_2021-03-10
2021-06-08 01:15:52 31      BIG_BBG000J0D904_2021-03-10
2021-06-08 01:15:52 32      BIIB_BBG000C17X76_2021-03-10
2021-06-08 01:15:52 36      BILI_BBG00K7T3037_2021-03-10
2021-06-08 01:15:52 46      BILL_BBG00QVJV6V4_2021-03-10
2021-06-08 01:15:52 47      BIO_BBG000DY28W5_2021-03-10
2021-06-08 01:15:52 48      BJRI_BBG000H9LNX1_2021-03-10
2021-06-08 01:15:52 50      BK_BBG000BD8PN9_2021-03-10
2021-06-08 01:15:52 52      BKI_BBG00GX77LW3_2021-03-10
2021-06-08 01:15:52 54      BKNG_BBG000BLBVN4_2021-03-10
2021-06-08 01:15:52 56      BKR_BBG00GBVBK51_2021-03-10
2021-06-08 01:15:52 59      BL_BBG0029KJVB0_2021-03-10
2021-06-08 01:15:52 62      BLD_BBG0077VS2C0_2021-03-10
2021-06-08 01:15:52 63      BLDR_BBG000BKD3K9_2021-03-10
2021-06-08 01:15:52 66      BLK_BBG000C2PW58_2021-03-10
2021-06-08 01:15:52 67      BLKB_BBG000BGGTW5_2021-03-10
2021-06-08 01:15:52 68      BLL_BBG000BDDNH5_2021-03-10
2021-06-08 01:15:52 69      BLUE_BBG000QGWY50_2021-03-10
2021-06-08 01:15:52 75      BLUE: SPYKE!. Candle: ID:1377, Time: 12:05, Close: 31.01
2021-06-08 01:15:52 75      BLUE: BuyPending. Strategy: BuyTheDipPremarket. Price: 31.2. Lots: 8. ChangeOpenToCurrent: -4.50. changeFromLow: 0.65. Candle: ID:1397, Time: 12:05, Close: 31.2.
2021-06-08 01:15:52 75      BLUE: OrderID: db011098. PlacedOrder. Status: New. RejectReason: 
2021-06-08 01:15:52 75      BLUE: OrderID: db011098 fully executed
2021-06-08 01:15:52 76      BLUE: Closing. Close price: 33. Lots: 8. CandleChange: -0.30%. ChangeFromCandleHigh: -0.30%. Profit: 1.80(5.77%). Candle: ID:1784, Time: 12:10, Close: 33
2021-06-08 01:15:52 76      BLUE: OrderID: e5f78d2d. PlacedOrder. Status: New. RejectReason: 
2021-06-08 01:15:52 76      BLUE: OrderID: e5f78d2d partially executed. Executed lots: 1. OrderStatus: 1/8 lots
2021-06-08 01:15:52 76      BLUE: OrderID: e5f78d2d partially executed. Executed lots: 3. OrderStatus: 4/8 lots
2021-06-08 01:15:52 76      BLUE: OrderID: e5f78d2d partially executed. Executed lots: 2. OrderStatus: 6/8 lots
2021-06-08 01:15:52 76      BLUE: OrderID: e5f78d2d fully executed
2021-06-08 01:15:52 80      BMI_BBG000BDGHD9_2021-03-10
2021-06-08 01:15:52 81      BMRN_BBG000CZWZ05_2021-03-10
2021-06-08 01:15:52 83      BMY_BBG000DQLV23_2021-03-10
2021-06-08 01:15:52 86      BOH_BBG000C8D8G9_2021-03-10
2021-06-08 01:15:52 87      BOKF_BBG000CFZ003_2021-03-10
2021-06-08 01:15:52 88      BOOT_BBG0077SYZV6_2021-03-10
2021-06-08 01:15:52 89      BOX_BBG000PMSK08_2021-03-10
2021-06-08 01:15:52 91      BPMC_BBG001MC8YF7_2021-03-10
2021-06-08 01:15:52 92      BR_BBG000PPFKQ7_2021-03-10
2021-06-08 01:15:52 93      BRC_BBG000BDNV95_2021-03-10
2021-06-08 01:15:52 94      BRK.B_BBG000DWG505_2021-03-10
2021-06-08 01:15:52 98      BRKR_BBG000CL1FG7_2021-03-10
2021-06-08 01:15:52 99      BRO_BBG000BWSGF4_2021-03-10
2021-06-08 01:15:53 00      BSX_BBG000C0LW92_2021-03-10
2021-06-08 01:15:53 02      BTAI_BBG00K20GVD2_2021-03-10
2021-06-08 01:15:53 03      BTI_BBG000BWPXQ8_2021-03-10
2021-06-08 01:15:53 06      BUD_BBG000RYC984_2021-03-10
2021-06-08 01:15:53 07      BURL_BBG004S641N5_2021-03-10
2021-06-08 01:15:53 08      BWA_BBG000BJ49H3_2021-03-10
2021-06-08 01:15:53 10      BWXT_BBG000D86F25_2021-03-10
2021-06-08 01:15:53 10      BX_BBG000BH0106_2021-03-10
2021-06-08 01:15:53 13      BXP_BBG000BS5CM9_2021-03-10
2021-06-08 01:15:53 14      BYND_BBG003CVJP50_2021-03-10
2021-06-08 01:15:53 17      BZUN_BBG008HNS333_2021-03-10
2021-06-08 01:15:53 18      C_BBG000FY4S11_2021-03-10
2021-06-08 01:15:53 25      CABO_BBG000F02T51_2021-03-10
2021-06-08 01:15:53 26      CACC_BBG000CS0D96_2021-03-10
2021-06-08 01:15:53 27      CAG_BBG000BDXGP9_2021-03-10
2021-06-08 01:15:53 30      CAH_BBG000D898T9_2021-03-10
2021-06-08 01:15:53 32      CALM_BBG000CDMJW6_2021-03-10
2021-06-08 01:15:53 33      CARA_BBG001J2QYS9_2021-03-10
2021-06-08 01:15:53 34      CARG_BBG00HQ77DS2_2021-03-10
2021-06-08 01:15:53 36      CARR_BBG00RP5HYS8_2021-03-10
2021-06-08 01:15:53 39      CARS_BBG000HGTH33_2021-03-10
2021-06-08 01:15:53 39      CASY_BBG000BF0672_2021-03-10
2021-06-08 01:15:53 40      CAT_BBG000BF0K17_2021-03-10
2021-06-08 01:15:53 43      CB_BBG000BR14K5_2021-03-10
2021-06-08 01:15:53 44      CBRE_BBG000C04224_2021-03-10
2021-06-08 01:15:53 46      CBRL_BBG000BF33K1_2021-03-10
2021-06-08 01:15:53 46      CBSH_BBG000BF3G77_2021-03-10
2021-06-08 01:15:53 48      CBU_BBG000BF4D19_2021-03-10
2021-06-08 01:15:53 49      CCI_BBG000FV1Z23_2021-03-10
2021-06-08 01:15:53 50      CCK_BBG000BF6756_2021-03-10
2021-06-08 01:15:53 52      CCL_BBG000BF6LY3_2021-03-10
2021-06-08 01:15:53 61      CCOI_BBG000D0SMY8_2021-03-10
2021-06-08 01:15:53 62      CCXI_BBG000PTSB12_2021-03-10
2021-06-08 01:15:53 64      CDK_BBG006B6PVN9_2021-03-10
2021-06-08 01:15:53 65      CDLX_BBG00225ZDD0_2021-03-10
2021-06-08 01:15:53 66      CDNA_BBG006JS5785_2021-03-10
2021-06-08 01:15:53 68      CDNS_BBG000C13CD9_2021-03-10
2021-06-08 01:15:53 73      CDW_BBG001P63B80_2021-03-10
2021-06-08 01:15:53 75      CE_BBG000JYP7L8_2021-03-10
2021-06-08 01:15:53 76      CEA_BBG000BCFNR4_2021-03-10
2021-06-08 01:15:53 76      CENT_BBG000BFD605_2021-03-10
2021-06-08 01:15:53 77      CENTA_BBG000KTYB56_2021-03-10
2021-06-08 01:15:53 78      CERN_BBG000BFDLV8_2021-03-10
2021-06-08 01:15:53 81      CEVA_BBG000BN3P07_2021-03-10
2021-06-08 01:15:53 82      CEVA: SPYKE!. Candle: ID:80, Time: 14:20, Close: 57
2021-06-08 01:15:53 82      CF_BBG000BWJFZ4_2021-03-10
2021-06-08 01:15:53 84      CFG_BBG006Q0HY77_2021-03-10
2021-06-08 01:15:53 87      CFR_BBG000C2PL98_2021-03-10
2021-06-08 01:15:53 88      CFX_BBG000C5Z443_2021-03-10
2021-06-08 01:15:53 89      CGEN_BBG000B9ZLB0_2021-03-10
2021-06-08 01:15:53 92      CGNX_BBG000BPBVW5_2021-03-10
2021-06-08 01:15:53 94      CHD_BBG000BFJT36_2021-03-10
2021-06-08 01:15:53 95      CHDN_BBG000BGXMG9_2021-03-10
2021-06-08 01:15:53 96      CHE_BBG000C19QW1_2021-03-10
2021-06-08 01:15:53 97      CHEF_BBG001MFW6D6_2021-03-10
2021-06-08 01:15:53 98      CHGG_BBG0014XR0N5_2021-03-10
2021-06-08 01:15:54 00      CHH_BBG000BPBTL2_2021-03-10
2021-06-08 01:15:54 01      CHKP_BBG000K82ZT8_2021-03-10
2021-06-08 01:15:54 03      CHNG_BBG0059KNH10_2021-03-10
2021-06-08 01:15:54 04      CHRW_BBG000BTCH57_2021-03-10
2021-06-08 01:15:54 05      CHTR_BBG000VPGNR2_2021-03-10
2021-06-08 01:15:54 08      CHWY_BBG00P19DKZ6_2021-03-10
2021-06-08 01:15:54 10      CHX_BBG00JH9TZ56_2021-03-10
2021-06-08 01:15:54 11      CI_BBG00KXRCDP0_2021-03-10
2021-06-08 01:15:54 13      CIEN_BBG000BP1152_2021-03-10
2021-06-08 01:15:54 14      CINF_BBG000BFPK65_2021-03-10
2021-06-08 01:15:54 15      CL_BBG000BFQYY3_2021-03-10
2021-06-08 01:15:54 18      CLDR_BBG000DRJFC8_2021-03-10
2021-06-08 01:15:54 20      CLDR: SPYKE!. Candle: ID:5918, Time: 21:05, Close: 14.05
2021-06-08 01:15:54 20      CLDR: SPYKE!. Candle: ID:5925, Time: 21:05, Close: 13.5
2021-06-08 01:15:54 20      CLDR: SPYKE!. Candle: ID:5932, Time: 21:05, Close: 12.75
2021-06-08 01:15:54 21      CLDT_BBG000PT6BR8_2021-03-10
2021-06-08 01:15:54 21      CLF_BBG000BFRF55_2021-03-10
2021-06-08 01:15:54 25      CLGX_BBG000C2H3F0_2021-03-10
2021-06-08 01:15:54 26      CLH_BBG000BFRRX8_2021-03-10
2021-06-08 01:15:54 27      CLR_BBG000BHBGN6_2021-03-10
2021-06-08 01:15:54 28      CLX_BBG000BFS7D3_2021-03-10
2021-06-08 01:15:54 30      CMA_BBG000C75N77_2021-03-10
2021-06-08 01:15:54 31      CMC_BBG000BFSND8_2021-03-10
2021-06-08 01:15:54 33      CMCO_BBG000BCWWV0_2021-03-10
2021-06-08 01:15:54 34      CMCSA_BBG000BFT2L4_2021-03-10
2021-06-08 01:15:54 42      CME_BBG000BHLYP4_2021-03-10
2021-06-08 01:15:54 45      CMG_BBG000QX74T1_2021-03-10
2021-06-08 01:15:54 46      CMI_BBG000BGPTV6_2021-03-10
2021-06-08 01:15:54 49      CMP_BBG000C42WS4_2021-03-10
2021-06-08 01:15:54 50      CMS_BBG000BFVXX0_2021-03-10
2021-06-08 01:15:54 53      CNC_BBG000BDXCJ5_2021-03-10
2021-06-08 01:15:54 55      CNK_BBG000QDVR53_2021-03-10
2021-06-08 01:15:54 60      CNP_BBG000FDBX90_2021-03-10
2021-06-08 01:15:54 62      CNS_BBG000BB0WG4_2021-03-10
2021-06-08 01:15:54 63      CNST_BBG000R1H6P8_2021-03-10
2021-06-08 01:15:54 64      CNXC_BBG00RCNQMX3_2021-03-10
2021-06-08 01:15:54 65      CNXN_BBG000BX74M4_2021-03-10
2021-06-08 01:15:54 66      COF_BBG000BGKTF9_2021-03-10
2021-06-08 01:15:54 68      COG_BBG000C3GN47_2021-03-10
2021-06-08 01:15:54 70      COHR_BBG000BG1DH3_2021-03-10
2021-06-08 01:15:54 71      COKE_BBG000BG1SX2_2021-03-10
2021-06-08 01:15:54 72      COLM_BBG000BKKQ84_2021-03-10
2021-06-08 01:15:54 73      CONE_BBG0038V5TX1_2021-03-10
2021-06-08 01:15:54 74      COO_BBG000BG3445_2021-03-10
2021-06-08 01:15:54 75      COP_BBG000BQQH30_2021-03-10
2021-06-08 01:15:54 80      CORR_BBG000CN80Y9_2021-03-10
2021-06-08 01:15:54 81      CORT_BBG000BKJG33_2021-03-10
2021-06-08 01:15:54 82      COST_BBG000F6H8W8_2021-03-10
2021-06-08 01:15:54 87      COTY_BBG000F395V1_2021-03-10
2021-06-08 01:15:54 88      COUP_BBG001J4BCN4_2021-03-10
2021-06-08 01:15:54 91      CPB_BBG000BG4202_2021-03-10
2021-06-08 01:15:54 93      CPRI_BBG0029SNR63_2021-03-10
2021-06-08 01:15:54 95      CPRT_BBG000BM9RH1_2021-03-10
2021-06-08 01:15:54 97      CPS_BBG000PSXT64_2021-03-10
2021-06-08 01:15:54 98      CR_BBG000BG7423_2021-03-10
2021-06-08 01:15:54 99      CREE_BBG000BG14P4_2021-03-10
2021-06-08 01:15:55 01      CRI_BBG000CTM4J9_2021-03-10
2021-06-08 01:15:55 02      CRL_BBG000BG5BL8_2021-03-10
2021-06-08 01:15:55 03      CRM_BBG000BN2DC2_2021-03-10
2021-06-08 01:15:55 08      CRMT_BBG000CM6L31_2021-03-10
2021-06-08 01:15:55 08      CROX_BBG000BLY663_2021-03-10
2021-06-08 01:15:55 11      CRS_BBG000BGCQT9_2021-03-10
2021-06-08 01:15:55 12      CRTX_BBG00BTK1DT8_2021-03-10
2021-06-08 01:15:55 12      CRTX: SPYKE!. Candle: ID:221, Time: 14:30, Close: 40.44
2021-06-08 01:15:55 13      CRUS_BBG000C1DHF5_2021-03-10
2021-06-08 01:15:55 15      CRVL_BBG000CVKZY0_2021-03-10
2021-06-08 01:15:55 16      CRWD_BBG00BLYKS03_2021-03-10
2021-06-08 01:15:55 20      CSCO_BBG000C3J3C9_2021-03-10
2021-06-08 01:15:55 26      CSGP_BBG000D7JKW9_2021-03-10
2021-06-08 01:15:55 27      CSGS_BBG000G3TQV2_2021-03-10
2021-06-08 01:15:55 29      CSII_BBG000NWQ9S5_2021-03-10
2021-06-08 01:15:55 29      CSL_BBG000BGGBT8_2021-03-10
2021-06-08 01:15:55 30      CSOD_BBG0016X4XN6_2021-03-10
2021-06-08 01:15:55 31      CSWI_BBG007NLG4L3_2021-03-10
2021-06-08 01:15:55 32      CSX_BBG000BGJRC8_2021-03-10
2021-06-08 01:15:55 35      CTAS_BBG000H3YXF8_2021-03-10
2021-06-08 01:15:55 36      CTB_BBG000BGKXV2_2021-03-10
2021-06-08 01:15:55 37      CTLT_BBG005XR47P5_2021-03-10
2021-06-08 01:15:55 38      CTSH_BBG000BBDV81_2021-03-10
2021-06-08 01:15:55 41      CTVA_BBG00BN969C1_2021-03-10
2021-06-08 01:15:55 42      CTXS_BBG000FQ6PY6_2021-03-10
2021-06-08 01:15:55 44      CVCO_BBG000K4WS65_2021-03-10
2021-06-08 01:15:55 45      CVET_BBG00KR691K8_2021-03-10
2021-06-08 01:15:55 46      CVGW_BBG000BGPQW1_2021-03-10
2021-06-08 01:15:55 46      CVLT_BBG000BG88X9_2021-03-10
2021-06-08 01:15:55 47      CVNA_BBG00GCTWDJ3_2021-03-10
2021-06-08 01:15:55 49      CVS_BBG000BGRY34_2021-03-10
2021-06-08 01:15:55 51      CVX_BBG000K4ND22_2021-03-10
2021-06-08 01:15:55 58      CW_BBG000BGSPS5_2021-03-10
2021-06-08 01:15:55 59      CWST_BBG000BT0J38_2021-03-10
2021-06-08 01:15:55 60      CWT_BBG000D8KTN6_2021-03-10
2021-06-08 01:15:55 61      D_BBG000BGVW60_2021-03-10
2021-06-08 01:15:55 64      DAL_BBG000R7Z112_2021-03-10
2021-06-08 01:15:55 69      DAR_BBG000BN8ZK8_2021-03-10
2021-06-08 01:15:55 72      DBX_BBG0018SLDN0_2021-03-10
2021-06-08 01:15:55 76      DCI_BBG000BGZP70_2021-03-10
2021-06-08 01:15:55 77      DCPH_BBG00HMJ9H54_2021-03-10
2021-06-08 01:15:55 79      DD_BBG00BN961G4_2021-03-10
2021-06-08 01:15:55 81      DDOG_BBG003NJHZT9_2021-03-10
2021-06-08 01:15:55 84      DDS_BBG000BS4MP5_2021-03-10
2021-06-08 01:15:55 85      DE_BBG000BH1NH9_2021-03-10
2021-06-08 01:15:55 87      DECK_BBG000BKXYX5_2021-03-10
2021-06-08 01:15:55 88      DELL_BBG00DW3SZS1_2021-03-10
2021-06-08 01:15:55 90      DFS_BBG000QBR5J5_2021-03-10
2021-06-08 01:15:55 92      DG_BBG000NV1KK7_2021-03-10
2021-06-08 01:15:55 94      DGX_BBG000BN84F3_2021-03-10
2021-06-08 01:15:55 95      DHI_BBG000DQTXY6_2021-03-10
2021-06-08 01:15:55 97      DHR_BBG000BH3JF8_2021-03-10
2021-06-08 01:15:55 99      DIOD_BBG000G25P51_2021-03-10
2021-06-08 01:15:56 00      DIS_BBG000BH4R78_2021-03-10
2021-06-08 01:15:56 07      DISCA_BBG000CHWP52_2021-03-10
2021-06-08 01:15:56 12      DISCB_BBG000F7L5N7_2021-03-10
2021-06-08 01:15:56 12      DISCB: SPYKE!. Candle: ID:95, Time: 17:30, Close: 65.75
2021-06-08 01:15:56 12      DISCB: SPYKE!. Candle: ID:130, Time: 20:25, Close: 69.7
2021-06-08 01:15:56 12      DISCB: SPYKE!. Candle: ID:131, Time: 20:25, Close: 71
2021-06-08 01:15:56 12      DISCB: SPYKE!. Candle: ID:153, Time: 21:00, Close: 67.21
2021-06-08 01:15:56 12      DISCB: SPYKE!. Candle: ID:154, Time: 21:00, Close: 67.21
2021-06-08 01:15:56 13      DISCK_BBG000VMWHH5_2021-03-10
2021-06-08 01:15:56 21      DK_BBG00FZYFVC5_2021-03-10
2021-06-08 01:15:56 22      DKNG_BBG00TCBG714_2021-03-10
2021-06-08 01:15:56 43      DKS_BBG000F6ZWH2_2021-03-10
2021-06-08 01:15:56 46      DLB_BBG000DGLTG5_2021-03-10
2021-06-08 01:15:56 47      DLR_BBG000Q5ZRM7_2021-03-10
2021-06-08 01:15:56 49      DLTH_BBG002GBMZG4_2021-03-10
2021-06-08 01:15:56 50      DLTR_BBG000BSC0K9_2021-03-10
2021-06-08 01:15:56 52      DLX_BBG000BH6360_2021-03-10
2021-06-08 01:15:56 53      DNLI_BBG008P7F869_2021-03-10
2021-06-08 01:15:56 56      DNOW_BBG005BLN209_2021-03-10
2021-06-08 01:15:56 57      DOCU_BBG000N7KJX8_2021-03-10
2021-06-08 01:15:56 62      DORM_BBG000BM22F5_2021-03-10
2021-06-08 01:15:56 63      DOV_BBG000BHB3M6_2021-03-10
2021-06-08 01:15:56 64      DOW_BBG00BN96922_2021-03-10
2021-06-08 01:15:56 67      DPZ_BBG000P458P3_2021-03-10
2021-06-08 01:15:56 69      DRE_BBG000BHD8S7_2021-03-10
2021-06-08 01:15:56 71      DRI_BBG000BBNYF6_2021-03-10
2021-06-08 01:15:56 72      DRNA_BBG001J1DB23_2021-03-10
2021-06-08 01:15:56 74      DRQ_BBG000BVDBY2_2021-03-10
2021-06-08 01:15:56 75      DT_BBG00PNN7C40_2021-03-10
2021-06-08 01:15:56 76      DVA_BBG000MQ1SN9_2021-03-10
2021-06-08 01:15:56 77      DVN_BBG000BBVJZ8_2021-03-10
2021-06-08 01:15:56 83      DXC_BBG00FN64XT9_2021-03-10
2021-06-08 01:15:56 84      DXCM_BBG000QTF8K1_2021-03-10
2021-06-08 01:15:56 87      DY_BBG000C4SKT1_2021-03-10
2021-06-08 01:15:56 88      EA_BBG000BP0KQ8_2021-03-10
2021-06-08 01:15:56 91      EAT_BBG000BK28N7_2021-03-10
2021-06-08 01:15:56 93      EBAY_BBG000C43RR5_2021-03-10
2021-06-08 01:15:57 01      EBS_BBG000GW06J7_2021-03-10
2021-06-08 01:15:57 03      ECHO_BBG000RFP8W6_2021-03-10
2021-06-08 01:15:57 04      ECL_BBG000BHKYH4_2021-03-10
2021-06-08 01:15:57 06      ECPG_BBG000F369C7_2021-03-10
2021-06-08 01:15:57 07      ED_BBG000BHLYS1_2021-03-10
2021-06-08 01:15:57 09      EDIT_BBG005MX5GZ2_2021-03-10
2021-06-08 01:15:57 12      EEFT_BBG000BMNBY1_2021-03-10
2021-06-08 01:15:57 13      EFX_BBG000BHPL78_2021-03-10
2021-06-08 01:15:57 14      EGHT_BBG000BCGHH7_2021-03-10
2021-06-08 01:15:57 16      EGRX_BBG005Y3XWH9_2021-03-10
2021-06-08 01:15:57 17      EHTH_BBG000P5JQX6_2021-03-10
2021-06-08 01:15:57 19      EIX_BBG000D7RKJ5_2021-03-10
2021-06-08 01:15:57 20      EL_BBG000FKJRC5_2021-03-10
2021-06-08 01:15:57 22      ELAN_BBG00LJYS1P8_2021-03-10
2021-06-08 01:15:57 24      ELS_BBG000BB7SX7_2021-03-10
2021-06-08 01:15:57 25      EME_BBG000BBRPL4_2021-03-10
2021-06-08 01:15:57 26      EMN_BBG000BLW530_2021-03-10
2021-06-08 01:15:57 27      EMR_BBG000BHX7N2_2021-03-10
2021-06-08 01:15:57 30      ENDP_BBG000C0HQ54_2021-03-10
2021-06-08 01:15:57 31      ENPH_BBG001R3MNY9_2021-03-10
2021-06-08 01:15:57 37      ENR_BBG006FCB019_2021-03-10
2021-06-08 01:15:57 38      ENS_BBG000PWTD92_2021-03-10
2021-06-08 01:15:57 40      ENTA_BBG001V9NSB4_2021-03-10
2021-06-08 01:15:57 41      ENTG_BBG000CTV4N4_2021-03-10
2021-06-08 01:15:57 41      ENTG: SPYKE!. Candle: ID:19, Time: 14:25, Close: 103.75
2021-06-08 01:15:57 43      ENV_BBG000Q4NZ54_2021-03-10
2021-06-08 01:15:57 44      EOG_BBG000BZ9223_2021-03-10
2021-06-08 01:15:57 47      EPAM_BBG000MHTV89_2021-03-10
2021-06-08 01:15:57 49      EPAY_BBG000BRNH31_2021-03-10
2021-06-08 01:15:57 50      EPC_BBG000BRW644_2021-03-10
2021-06-08 01:15:57 51      EQIX_BBG000MBDGM6_2021-03-10
2021-06-08 01:15:57 53      EQT_BBG000BHZ5J9_2021-03-10
2021-06-08 01:15:57 59      ERIE_BBG000BBTJZ1_2021-03-10
2021-06-08 01:15:57 60      ES_BBG000BQ87N0_2021-03-10
2021-06-08 01:15:57 61      ESPR_BBG004KB3S72_2021-03-10
2021-06-08 01:15:57 63      ESS_BBG000CGJMB9_2021-03-10
2021-06-08 01:15:57 64      ET_BBG000BM2FL9_2021-03-10
2021-06-08 01:15:57 68      ETN_BBG000BJ3PD2_2021-03-10
2021-06-08 01:15:57 70      ETR_BBG000C1FQS9_2021-03-10
2021-06-08 01:15:57 72      ETRN_BBG00K53L394_2021-03-10
2021-06-08 01:15:57 74      ETSY_BBG000N7MXL8_2021-03-10
2021-06-08 01:15:57 79      EVBG_BBG0022FMPD5_2021-03-10
2021-06-08 01:15:57 80      EVER_BBG00F17NDH7_2021-03-10
2021-06-08 01:15:57 81      EVH_BBG005CHLM96_2021-03-10
2021-06-08 01:15:57 82      EVR_BBG000BP30Y0_2021-03-10
2021-06-08 01:15:57 83      EVRG_BBG00H433CR2_2021-03-10
2021-06-08 01:15:57 85      EW_BBG000BRXP69_2021-03-10
2021-06-08 01:15:57 87      EWBC_BBG000CR20B1_2021-03-10
2021-06-08 01:15:57 89      EXAS_BBG000CWL0F5_2021-03-10
2021-06-08 01:15:57 91      EXC_BBG000J6XT05_2021-03-10
2021-06-08 01:15:57 96      EXEL_BBG000BQ4WF8_2021-03-10
2021-06-08 01:15:57 98      EXLS_BBG000NS3P30_2021-03-10
2021-06-08 01:15:57 99      EXP_BBG000BJW241_2021-03-10
2021-06-08 01:15:58 00      EXPD_BBG000BJ5GK2_2021-03-10
2021-06-08 01:15:58 02      EXPE_BBG000QY3XZ2_2021-03-10
2021-06-08 01:15:58 06      EXR_BBG000PV27K3_2021-03-10
2021-06-08 01:15:58 07      EYE_BBG00HVQF9K2_2021-03-10
2021-06-08 01:15:58 09      F_BBG000BQPC32_2021-03-10
2021-06-08 01:15:58 13      FANG_BBG002PHSYX9_2021-03-10
2021-06-08 01:15:58 21      FARO_BBG000BJD7C2_2021-03-10
2021-06-08 01:15:58 22      FAST_BBG000BJ8YN7_2021-03-10
2021-06-08 01:15:58 26      FATE_BBG000QP35H2_2021-03-10
2021-06-08 01:15:58 27      FB_BBG000MM2P62_2021-03-10
2021-06-08 01:15:58 42      FBHS_BBG001B4BV87_2021-03-10
2021-06-08 01:15:58 43      FCFS_BBG000DNF659_2021-03-10
2021-06-08 01:15:58 45      FCN_BBG000K88H58_2021-03-10
2021-06-08 01:15:58 46      FCX_BBG000BJDB15_2021-03-10
2021-06-08 01:15:58 55      FDS_BBG000BDJL83_2021-03-10
2021-06-08 01:15:58 56      FDX_BBG000BJF1Z8_2021-03-10
2021-06-08 01:15:58 59      FELE_BBG000BJGGV8_2021-03-10
2021-06-08 01:15:58 60      FFIV_BBG000CXYSZ6_2021-03-10
2021-06-08 01:15:58 62      FGEN_BBG000FW5ZL6_2021-03-10
2021-06-08 01:15:58 64      FICO_BBG000DW76Y6_2021-03-10
2021-06-08 01:15:58 65      FIS_BBG000BK2F42_2021-03-10
2021-06-08 01:15:58 67      FISV_BBG000BJKPG0_2021-03-10
2021-06-08 01:15:58 72      FITB_BBG000BJL3N0_2021-03-10
2021-06-08 01:15:58 77      FIVN_BBG001KHJM17_2021-03-10
2021-06-08 01:15:58 79      FIZZ_BBG000BF8CB6_2021-03-10
2021-06-08 01:15:58 80      FL_BBG000BX8DC4_2021-03-10
2021-06-08 01:15:58 83      FLIR_BBG000BHK836_2021-03-10
2021-06-08 01:15:58 85      FLOW_BBG007FL7ZD2_2021-03-10
2021-06-08 01:15:58 85      FLR_BBG000BB1TH9_2021-03-10
2021-06-08 01:15:58 87      FLS_BBG000FFH4P5_2021-03-10
2021-06-08 01:15:58 88      FLT_BBG000GPXKX9_2021-03-10
2021-06-08 01:15:58 89      FLWS_BBG000BBR9P6_2021-03-10
2021-06-08 01:15:58 91      FMC_BBG000BJP882_2021-03-10
2021-06-08 01:15:58 92      FND_BBG007GJ2F81_2021-03-10
2021-06-08 01:15:58 93      FNKO_BBG00HXSHDQ9_2021-03-10
2021-06-08 01:15:58 95      FOCS_BBG00L0YTFN8_2021-03-10
2021-06-08 01:15:58 97      FOE_BBG000BJQK11_2021-03-10
2021-06-08 01:15:58 98      FOLD_BBG000PLF6N0_2021-03-10
2021-06-08 01:15:59 02      FORM_BBG000D1Y3P1_2021-03-10
2021-06-08 01:15:59 03      FORR_BBG000HGNYG8_2021-03-10
2021-06-08 01:15:59 05      FOX_BBG00JHNKJY8_2021-03-10
2021-06-08 01:15:59 06      FOXA_BBG00JHNJW99_2021-03-10
2021-06-08 01:15:59 10      FOXF_BBG004T7VS53_2021-03-10
2021-06-08 01:15:59 11      FRHC_BBG000N625H8_2021-03-10
2021-06-08 01:15:59 12      FRPH_BBG000HCVWW4_2021-03-10
2021-06-08 01:15:59 13      FRPT_BBG001D0HB36_2021-03-10
2021-06-08 01:15:59 15      FSLR_BBG000BFL116_2021-03-10
2021-06-08 01:15:59 20      FSLY_BBG004NLQHL0_2021-03-10
2021-06-08 01:15:59 24      FTCH_BBG00LSD4456_2021-03-10
2021-06-08 01:15:59 28      FTI_BBG00DL8NMV2_2021-03-10
2021-06-08 01:15:59 31      FTNT_BBG000BCMBG4_2021-03-10
2021-06-08 01:15:59 33      FTV_BBG00BLVZ228_2021-03-10
2021-06-08 01:15:59 36      FUL_BBG000BJZ7V7_2021-03-10
2021-06-08 01:15:59 36      GATX_BBG000BKGXQ4_2021-03-10
2021-06-08 01:15:59 38      GBCI_BBG000C3KB84_2021-03-10
2021-06-08 01:15:59 40      GBT_BBG00341H6M0_2021-03-10
2021-06-08 01:15:59 42      GBX_BBG000CF5097_2021-03-10
2021-06-08 01:15:59 43      GCO_BBG000BK5S78_2021-03-10
2021-06-08 01:15:59 44      GCP_BBG0082W8Q12_2021-03-10
2021-06-08 01:15:59 45      GD_BBG000BK67C7_2021-03-10
2021-06-08 01:15:59 46      GDDY_BBG006MDLY05_2021-03-10
2021-06-08 01:15:59 48      GDOT_BBG000QDJT53_2021-03-10
2021-06-08 01:15:59 49      GE_BBG000BK6MB5_2021-03-10
2021-06-08 01:15:59 59      GEF_BBG000BLFNC0_2021-03-10
2021-06-08 01:15:59 60      GGG_BBG000BK9W84_2021-03-10
2021-06-08 01:15:59 62      GH_BBG006D97VY9_2021-03-10
2021-06-08 01:15:59 63      GH: SPYKE!. Candle: ID:26, Time: 13:20, Close: 126.56
2021-06-08 01:15:59 63      GHC_BBG000C3FGH9_2021-03-10
2021-06-08 01:15:59 64      GILD_BBG000CKGBP2_2021-03-10
2021-06-08 01:15:59 69      GIS_BBG000BKCFC2_2021-03-10
2021-06-08 01:15:59 72      GKOS_BBG000WG2LQ1_2021-03-10
2021-06-08 01:15:59 73      GL_BBG000BVD6X4_2021-03-10
2021-06-08 01:15:59 74      GLW_BBG000BKFZM4_2021-03-10
2021-06-08 01:15:59 78      GM_BBG000NDYB67_2021-03-10
2021-06-08 01:15:59 85      GMED_BBG002V87SD0_2021-03-10
2021-06-08 01:15:59 86      GMS_BBG009Q036D0_2021-03-10
2021-06-08 01:15:59 87      GNL_BBG004HXD0G8_2021-03-10
2021-06-08 01:15:59 88      GNRC_BBG000PQ4W72_2021-03-10
2021-06-08 01:15:59 89      GO_BBG00P4R3079_2021-03-10
2021-06-08 01:15:59 90      GOOG_BBG009S3NB30_2021-03-10
2021-06-08 01:15:59 96      GOOGL_BBG009S39JX6_2021-03-10
2021-06-08 01:16:00 01      GOSS_BBG00MVWLLM2_2021-03-10
2021-06-08 01:16:00 04      GPC_BBG000BKL348_2021-03-10
2021-06-08 01:16:00 05      GPI_BBG000BB88K4_2021-03-10
2021-06-08 01:16:00 06      GPN_BBG000CX0P89_2021-03-10
2021-06-08 01:16:00 09      GPS_BBG000BKLH74_2021-03-10
2021-06-08 01:16:00 15      GRA_BBG000BB8PG1_2021-03-10
2021-06-08 01:16:00 15      GRMN_BBG000C4LN67_2021-03-10
2021-06-08 01:16:00 17      GRUB_BBG001KWG293_2021-03-10
2021-06-08 01:16:00 19      GS_BBG000C6CFJ5_2021-03-10
2021-06-08 01:16:00 22      GSH_BBG000GLG0G0_2021-03-10
2021-06-08 01:16:00 22      GSKY_BBG00KT2SCV8_2021-03-10
2021-06-08 01:16:00 25      GSKY: SPYKE!. Candle: ID:1102, Time: 14:15, Close: 6.01
2021-06-08 01:16:00 25      GSKY: SPYKE!. Candle: ID:1322, Time: 14:20, Close: 6.6
2021-06-08 01:16:00 25      GT_BBG000BKNX95_2021-03-10
2021-06-08 01:16:00 28      GTHX_BBG005F1DK91_2021-03-10
2021-06-08 01:16:00 32      GTLS_BBG000P1K2X6_2021-03-10
2021-06-08 01:16:00 32      GTN_BBG000DSQLQ0_2021-03-10
2021-06-08 01:16:00 33      GVA_BBG000DVB833_2021-03-10
2021-06-08 01:16:00 34      GWRE_BBG001C7PM75_2021-03-10
2021-06-08 01:16:00 36      GWW_BBG000BKR1D6_2021-03-10
2021-06-08 01:16:00 37      H_BBG000CVRFS4_2021-03-10
2021-06-08 01:16:00 38      HA_BBG000BC4185_2021-03-10
2021-06-08 01:16:00 39      HAE_BBG000C7TF41_2021-03-10
2021-06-08 01:16:00 40      HAIN_BBG000BQW085_2021-03-10
2021-06-08 01:16:00 41      HAL_BBG000BKTFN2_2021-03-10
2021-06-08 01:16:00 45      HALO_BBG000CZ8W54_2021-03-10
2021-06-08 01:16:00 46      HAS_BBG000BKVJK4_2021-03-10
2021-06-08 01:16:00 48      HBAN_BBG000BKWSR6_2021-03-10
2021-06-08 01:16:00 51      HBI_BBG000D2ZTS8_2021-03-10
2021-06-08 01:16:00 53      HCA_BBG000QW7VC1_2021-03-10
2021-06-08 01:16:00 54      HCCI_BBG000CCFB17_2021-03-10
2021-06-08 01:16:00 55      HCSG_BBG000BKYVF0_2021-03-10
2021-06-08 01:16:00 56      HD_BBG000BKZB36_2021-03-10
2021-06-08 01:16:00 60      HEAR_BBG000BM6N47_2021-03-10
2021-06-08 01:16:00 62      HEI_BBG000BL16Q7_2021-03-10
2021-06-08 01:16:00 63      HES_BBG000BBD070_2021-03-10
2021-06-08 01:16:00 66      HFC_BBG000BL9JQ1_2021-03-10
2021-06-08 01:16:00 69      HGV_BBG00CBYY6M1_2021-03-10
2021-06-08 01:16:00 70      HHC_BBG000MJRJJ2_2021-03-10
2021-06-08 01:16:00 71      HHR_BBG00KHGQ0H4_2021-03-10
2021-06-08 01:16:00 72      HIBB_BBG000H001V3_2021-03-10
2021-06-08 01:16:00 74      HIG_BBG000G0Z878_2021-03-10
2021-06-08 01:16:00 75      HII_BBG001KJ2HM9_2021-03-10
2021-06-08 01:16:00 77      HLT_BBG0058KMH30_2021-03-10
2021-06-08 01:16:00 79      HNP_BBG000BX5YM0_2021-03-10
2021-06-08 01:16:00 80      HOG_BBG000BKZTP3_2021-03-10
2021-06-08 01:16:00 81      HOLX_BBG000C3NTN5_2021-03-10
2021-06-08 01:16:00 85      HON_BBG000H556T9_2021-03-10
2021-06-08 01:16:00 88      HP_BBG000BLCPY4_2021-03-10
2021-06-08 01:16:00 89      HPE_BBG0078W3NQ3_2021-03-10
2021-06-08 01:16:00 91      HPQ_BBG000KHWT55_2021-03-10
2021-06-08 01:16:00 93      HQY_BBG000TYXCT9_2021-03-10
2021-06-08 01:16:00 94      HRB_BBG000BLDV98_2021-03-10
2021-06-08 01:16:00 97      HRC_BBG000BKWCS0_2021-03-10
2021-06-08 01:16:00 97      HRL_BBG000BLF8D2_2021-03-10
2021-06-08 01:16:00 99      HRTX_BBG000G2GJT7_2021-03-10
2021-06-08 01:16:01 01      HSC_BBG000BLH3P8_2021-03-10
2021-06-08 01:16:01 02      HSIC_BBG000BNMMJ3_2021-03-10
2021-06-08 01:16:01 03      HSKA_BBG000BWFH48_2021-03-10
2021-06-08 01:16:01 04      HST_BBG000BL8804_2021-03-10
2021-06-08 01:16:01 07      HSY_BBG000BLHRS2_2021-03-10
2021-06-08 01:16:01 08      HTA_BBG000PRJCX9_2021-03-10
2021-06-08 01:16:01 10      HTHT_BBG000QFPM65_2021-03-10
2021-06-08 01:16:01 12      HUBB_BBG000BLK267_2021-03-10
2021-06-08 01:16:01 13      HUBG_BBG000G9W6L0_2021-03-10
2021-06-08 01:16:01 14      HUBS_BBG000N7MZ06_2021-03-10
2021-06-08 01:16:01 16      HUM_BBG000BLKK03_2021-03-10
2021-06-08 01:16:01 17      HURN_BBG000PV2M48_2021-03-10
2021-06-08 01:16:01 18      HWM_BBG00DYNJGH9_2021-03-10
2021-06-08 01:16:01 20      HXL_BBG000BLMDQ9_2021-03-10
2021-06-08 01:16:01 21      IAC_BBG000BKQG80_2021-03-10
2021-06-08 01:16:01 23      IART_BBG000BZJQL8_2021-03-10
2021-06-08 01:16:01 25      IBKR_BBG000LV0836_2021-03-10
2021-06-08 01:16:01 26      IBM_BBG000BLNNH6_2021-03-10
2021-06-08 01:16:01 32      IBN_BBG000DRM643_2021-03-10
2021-06-08 01:16:01 33      IBP_BBG005TJKDZ6_2021-03-10
2021-06-08 01:16:01 34      ICE_BBG000C1FB75_2021-03-10
2021-06-08 01:16:01 36      ICPT_BBG001J1QN87_2021-03-10
2021-06-08 01:16:01 37      ICPT: SPYKE!. Candle: ID:448, Time: 13:00, Close: 22.04
2021-06-08 01:16:01 39      ICUI_BBG000CQV2N4_2021-03-10
2021-06-08 01:16:01 40      IDCC_BBG000HLJ7M4_2021-03-10
2021-06-08 01:16:01 41      IDXX_BBG000BLRT07_2021-03-10
2021-06-08 01:16:01 43      IEX_BBG000C1HN22_2021-03-10
2021-06-08 01:16:01 44      IFF_BBG000BLSL58_2021-03-10
2021-06-08 01:16:01 46      IGMS_BBG00PNR1BT2_2021-03-10
2021-06-08 01:16:01 47      IIPR_BBG00F0SW7N8_2021-03-10
2021-06-08 01:16:01 48      IIVI_BBG000BLW102_2021-03-10
2021-06-08 01:16:01 50      ILMN_BBG000DSMS70_2021-03-10
2021-06-08 01:16:01 53      INCY_BBG000BNPSQ9_2021-03-10
2021-06-08 01:16:01 55      INDB_BBG000BM0597_2021-03-10
2021-06-08 01:16:01 56      INFO_BBG006G063F9_2021-03-10
2021-06-08 01:16:01 58      INGN_BBG0021PH456_2021-03-10
2021-06-08 01:16:01 59      INGR_BBG000BXPZB7_2021-03-10
2021-06-08 01:16:01 60      INMD_BBG00PPS73P4_2021-03-10
2021-06-08 01:16:01 62      INSP_BBG00209SZJ7_2021-03-10
2021-06-08 01:16:01 63      INTC_BBG000C0G1D1_2021-03-10
2021-06-08 01:16:01 78      INTU_BBG000BH5DV1_2021-03-10
2021-06-08 01:16:01 82      INVH_BBG00FQH6BS9_2021-03-10
2021-06-08 01:16:01 84      IONS_BBG000JH6683_2021-03-10
2021-06-08 01:16:01 86      IOSP_BBG000BMFNP4_2021-03-10
2021-06-08 01:16:01 89      IOVA_BBG000FTLBV7_2021-03-10
2021-06-08 01:16:01 92      IP_BBG000BM5SR2_2021-03-10
2021-06-08 01:16:01 95      IPAR_BBG000GCSWR5_2021-03-10
2021-06-08 01:16:01 96      IPG_BBG000C90DH9_2021-03-10
2021-06-08 01:16:01 98      IPGP_BBG000DCGRL8_2021-03-10
2021-06-08 01:16:01 99      IQV_BBG00333FYS2_2021-03-10
2021-06-08 01:16:02 00      IR_BBG002R1CW27_2021-03-10
2021-06-08 01:16:02 01      IRBT_BBG000HXJB21_2021-03-10
2021-06-08 01:16:02 03      IRDM_BBG000VC0FC1_2021-03-10
2021-06-08 01:16:02 05      IRM_BBG000KCZPC3_2021-03-10
2021-06-08 01:16:02 07      IRTC_BBG001J19V24_2021-03-10
2021-06-08 01:16:02 08      ISRG_BBG000BJPDZ1_2021-03-10
2021-06-08 01:16:02 10      IT_BBG000BB65D0_2021-03-10
2021-06-08 01:16:02 11      ITCI_BBG0026ZFZC4_2021-03-10
2021-06-08 01:16:02 13      ITGR_BBG000BW6JV4_2021-03-10
2021-06-08 01:16:02 14      ITRI_BBG000BD2167_2021-03-10
2021-06-08 01:16:02 17      ITT_BBG00CVQZQ96_2021-03-10
2021-06-08 01:16:02 18      ITW_BBG000BMBL90_2021-03-10
2021-06-08 01:16:02 19      IVZ_BBG000BY2Y78_2021-03-10
2021-06-08 01:16:02 21      J_BBG000BMFFQ0_2021-03-10
2021-06-08 01:16:02 22      JACK_BBG000GZYVY1_2021-03-10
2021-06-08 01:16:02 23      JBHT_BBG000BMDBZ1_2021-03-10
2021-06-08 01:16:02 25      JBSS_BBG000CHPMY5_2021-03-10
2021-06-08 01:16:02 26      JBT_BBG000VLBCQ1_2021-03-10
2021-06-08 01:16:02 27      JCI_BBG000BVWLJ6_2021-03-10
2021-06-08 01:16:02 30      JCOM_BBG000F3CWW7_2021-03-10
2021-06-08 01:16:02 31      JD_BBG005YHY0Q7_2021-03-10
2021-06-08 01:16:02 38      JEF_BBG000BNHSP9_2021-03-10
2021-06-08 01:16:02 40      JELD_BBG0019GM953_2021-03-10
2021-06-08 01:16:02 41      JJSF_BBG000BMGPW0_2021-03-10
2021-06-08 01:16:02 41      JKHY_BBG000BMH2Q7_2021-03-10
2021-06-08 01:16:02 43      JLL_BBG000C2L2L0_2021-03-10
2021-06-08 01:16:02 44      JNJ_BBG000BMHYD1_2021-03-10
2021-06-08 01:16:02 48      JNPR_BBG000BY33P5_2021-03-10
2021-06-08 01:16:02 50      JOBS_BBG000BJD1D4_2021-03-10
2021-06-08 01:16:02 51      JOUT_BBG000HCXFS4_2021-03-10
2021-06-08 01:16:02 52      JPM_BBG000DMBXR2_2021-03-10
2021-06-08 01:16:02 61      JWN_BBG000G8N9C6_2021-03-10
2021-06-08 01:16:02 63      K_BBG000BMKDM3_2021-03-10
2021-06-08 01:16:02 66      KALU_BBG000PKZDX4_2021-03-10
2021-06-08 01:16:02 67      KBH_BBG000BMLWX8_2021-03-10
2021-06-08 01:16:02 69      KDP_BBG000TJM7F0_2021-03-10
2021-06-08 01:16:02 72      KEP_BBG000BCWG90_2021-03-10
2021-06-08 01:16:02 73      KEX_BBG000BMQCP6_2021-03-10
2021-06-08 01:16:02 74      KEY_BBG000BMQPL1_2021-03-10
2021-06-08 01:16:02 76      KEYS_BBG0059FN811_2021-03-10
2021-06-08 01:16:02 77      KFY_BBG000C5QMB5_2021-03-10
2021-06-08 01:16:02 77      KHC_BBG005CPNTQ2_2021-03-10
2021-06-08 01:16:02 81      KIDS_BBG00HFFRW39_2021-03-10
2021-06-08 01:16:02 82      KIM_BBG000CN3S73_2021-03-10
2021-06-08 01:16:02 84      KLAC_BBG000BMTFR4_2021-03-10
2021-06-08 01:16:02 87      KMB_BBG000BMW2Z0_2021-03-10
2021-06-08 01:16:02 89      KMI_BBG0019JZ882_2021-03-10
2021-06-08 01:16:02 91      KMPR_BBG000H3GDJ8_2021-03-10
2021-06-08 01:16:02 91      KMT_BBG000BMWKC5_2021-03-10
2021-06-08 01:16:02 92      KMX_BBG000BLMZK6_2021-03-10
2021-06-08 01:16:02 94      KNSL_BBG00D8JD9Z9_2021-03-10
2021-06-08 01:16:02 94      KNX_BBG000BFC848_2021-03-10
2021-06-08 01:16:02 96      KO_BBG000BMX289_2021-03-10
2021-06-08 01:16:03 00      KOD_BBG00BVR0D02_2021-03-10
2021-06-08 01:16:03 01      KR_BBG000BMY992_2021-03-10
2021-06-08 01:16:03 04      KRG_BBG000BC2KW8_2021-03-10
2021-06-08 01:16:03 05      KRTX_BBG00NN875G0_2021-03-10
2021-06-08 01:16:03 06      KRYS_BBG00HDGRHH7_2021-03-10
2021-06-08 01:16:03 07      KSU_BBG000BMZ7P7_2021-03-10
2021-06-08 01:16:03 08      KTB_BBG00LPTHYD5_2021-03-10
2021-06-08 01:16:03 09      KWR_BBG000DZS2L9_2021-03-10
2021-06-08 01:16:03 10      L_BBG000C45984_2021-03-10
2021-06-08 01:16:03 11      LAD_BBG000K3BC83_2021-03-10
2021-06-08 01:16:03 13      LANC_BBG000BN1M88_2021-03-10
2021-06-08 01:16:03 13      LASR_BBG0020BCPX5_2021-03-10
2021-06-08 01:16:03 14      LB_BBG000BNGTQ7_2021-03-10
2021-06-08 01:16:03 16      LBRDK_BBG006GNSZW5_2021-03-10
2021-06-08 01:16:03 18      LCII_BBG000DNLMB0_2021-03-10
2021-06-08 01:16:03 19      LDOS_BBG000C23PB0_2021-03-10
2021-06-08 01:16:03 20      LEA_BBG000PTLGZ1_2021-03-10
2021-06-08 01:16:03 21      LECO_BBG000BB72K8_2021-03-10
2021-06-08 01:16:03 22      LEG_BBG000BN53G7_2021-03-10
2021-06-08 01:16:03 22      LEGH_BBG00MJDR6J9_2021-03-10
2021-06-08 01:16:03 23      LEN_BBG000BN5HF7_2021-03-10
2021-06-08 01:16:03 25      LEVI_BBG000BQDF10_2021-03-10
2021-06-08 01:16:03 26      LFC_BBG000BBK4B9_2021-03-10
2021-06-08 01:16:03 26      LFUS_BBG000BGFGT8_2021-03-10
2021-06-08 01:16:03 27      LGIH_BBG0056655S1_2021-03-10
2021-06-08 01:16:03 28      LGND_BBG000BKF014_2021-03-10
2021-06-08 01:16:03 29      LH_BBG000D9DMK0_2021-03-10
2021-06-08 01:16:03 31      LHCG_BBG000G7W420_2021-03-10
2021-06-08 01:16:03 31      LHX_BBG000BLGFJ9_2021-03-10
2021-06-08 01:16:03 33      LII_BBG000BB5B84_2021-03-10
2021-06-08 01:16:03 34      LIN_BBG00GVR8YQ9_2021-03-10
2021-06-08 01:16:03 36      LITE_BBG0073F9RT7_2021-03-10
2021-06-08 01:16:03 38      LKQ_BBG000PXDL44_2021-03-10
2021-06-08 01:16:03 41      LLY_BBG000BNBDC2_2021-03-10
2021-06-08 01:16:03 43      LMT_BBG000C1BW00_2021-03-10
2021-06-08 01:16:03 45      LNN_BBG000FJS1S8_2021-03-10
2021-06-08 01:16:03 45      LNT_BBG000DW4Q75_2021-03-10
2021-06-08 01:16:03 48      LNTH_BBG006Q52RD0_2021-03-10
2021-06-08 01:16:03 49      LOPE_BBG000FV28W9_2021-03-10
2021-06-08 01:16:03 50      LOW_BBG000BNDN65_2021-03-10
2021-06-08 01:16:03 52      LPL_BBG000FJ0RK9_2021-03-10
2021-06-08 01:16:03 54      LPLA_BBG000P2TYL8_2021-03-10
2021-06-08 01:16:03 55      LPSN_BBG000BSV0W5_2021-03-10
2021-06-08 01:16:03 56      LRCX_BBG000BNFLM9_2021-03-10
2021-06-08 01:16:03 61      LRN_BBG000QSXPZ9_2021-03-10
2021-06-08 01:16:03 62      LSCC_BBG000C2D1C1_2021-03-10
2021-06-08 01:16:03 63      LSTR_BBG000BB2KN0_2021-03-10
2021-06-08 01:16:03 64      LSTR: SPYKE!. Candle: ID:17, Time: 14:30, Close: 157.07
2021-06-08 01:16:03 65      LTHM_BBG00LV3NRG0_2021-03-10
2021-06-08 01:16:03 67      LULU_BBG000R8ZVD1_2021-03-10
2021-06-08 01:16:03 70      LUMN_BBG000BGLRN3_2021-03-10
2021-06-08 01:16:03 71      LUV_BBG000BNJHS8_2021-03-10
2021-06-08 01:16:03 74      LVS_BBG000JWD753_2021-03-10
2021-06-08 01:16:03 76      LW_BBG003CVMLQ2_2021-03-10
2021-06-08 01:16:03 77      LYB_BBG000WCFV84_2021-03-10
2021-06-08 01:16:03 79      LYFT_BBG004M9ZHX5_2021-03-10
2021-06-08 01:16:03 84      LYV_BBG000FQ7YR4_2021-03-10
2021-06-08 01:16:03 86      M_BBG000C46HM9_2021-03-10
2021-06-08 01:16:03 88      MA_BBG000F1ZSQ2_2021-03-10
2021-06-08 01:16:03 91      MAA_BBG000BLMY92_2021-03-10
2021-06-08 01:16:03 92      MAC_BBG000BL9C59_2021-03-10
2021-06-08 01:16:03 95      MAN_BBG000BNMHS4_2021-03-10
2021-06-08 01:16:03 95      MANH_BBG000BFV758_2021-03-10
2021-06-08 01:16:03 97      MANT_BBG000BGF8B5_2021-03-10
2021-06-08 01:16:03 98      MANU_BBG0035WV4N9_2021-03-10
2021-06-08 01:16:03 99      MAR_BBG000BGD7W6_2021-03-10
2021-06-08 01:16:04 02      MAS_BBG000BNNKG9_2021-03-10
2021-06-08 01:16:04 04      MASI_BBG000C3W281_2021-03-10
2021-06-08 01:16:04 05      MAT_BBG000BNNYW1_2021-03-10
2021-06-08 01:16:04 08      MATX_BBG000BBK401_2021-03-10
2021-06-08 01:16:04 09      MBT_BBG000CSZKR2_2021-03-10
2021-06-08 01:16:04 10      MBUU_BBG005PXTR70_2021-03-10
2021-06-08 01:16:04 11      MCD_BBG000BNSZP1_2021-03-10
2021-06-08 01:16:04 13      MCHP_BBG000BHCP19_2021-03-10
2021-06-08 01:16:04 16      MCK_BBG000DYGNW7_2021-03-10
2021-06-08 01:16:04 18      MCO_BBG000F86GP6_2021-03-10
2021-06-08 01:16:04 18      MCRI_BBG000BJ0932_2021-03-10
2021-06-08 01:16:04 19      MD_BBG000H8LGK2_2021-03-10
2021-06-08 01:16:04 20      MDB_BBG0022FDRY8_2021-03-10
2021-06-08 01:16:04 24      MDGL_BBG000QS6NV8_2021-03-10
2021-06-08 01:16:04 25      MDLA_BBG001BPKGT0_2021-03-10
2021-06-08 01:16:04 26      MDLZ_BBG000D4LWF6_2021-03-10
2021-06-08 01:16:04 30      MDRX_BBG000BLDXH5_2021-03-10
2021-06-08 01:16:04 32      MDT_BBG000BNWG87_2021-03-10
2021-06-08 01:16:04 36      MED_BBG000BWBW76_2021-03-10
2021-06-08 01:16:04 37      MEDP_BBG0065B7K59_2021-03-10
2021-06-08 01:16:04 38      MEI_BBG000BNY197_2021-03-10
2021-06-08 01:16:04 39      MELI_BBG000GQPB11_2021-03-10
2021-06-08 01:16:04 41      MET_BBG000BB6KF5_2021-03-10
2021-06-08 01:16:04 43      MFGP_BBG00HFWVGN0_2021-03-10
2021-06-08 01:16:04 45      MGLN_BBG000BD6DD9_2021-03-10
2021-06-08 01:16:04 46      MGM_BBG000C2BXK4_2021-03-10
2021-06-08 01:16:04 49      MGY_BBG00GNC8DL2_2021-03-10
2021-06-08 01:16:04 50      MHK_BBG000FLZN98_2021-03-10
2021-06-08 01:16:04 52      MHO_BBG000BL9MZ4_2021-03-10
2021-06-08 01:16:04 52      MIDD_BBG000DQN9R3_2021-03-10
2021-06-08 01:16:04 54      MKC_BBG000G6Y5W4_2021-03-10
2021-06-08 01:16:04 55      MKL_BBG000FC7366_2021-03-10
2021-06-08 01:16:04 56      MKSI_BBG000BVMG26_2021-03-10
2021-06-08 01:16:04 58      MKTX_BBG000BJBZ23_2021-03-10
2021-06-08 01:16:04 59      MLAB_BBG000BP3PW7_2021-03-10
2021-06-08 01:16:04 60      MLCO_BBG000BHP8J4_2021-03-10
2021-06-08 01:16:04 62      MLHR_BBG000BP46T2_2021-03-10
2021-06-08 01:16:04 63      MLM_BBG000BGYMH7_2021-03-10
2021-06-08 01:16:04 64      MMC_BBG000BP4MH0_2021-03-10
2021-06-08 01:16:04 66      MMI_BBG005GBRSR6_2021-03-10
2021-06-08 01:16:04 66      MMM_BBG000BP52R2_2021-03-10
2021-06-08 01:16:04 68      MMS_BBG000BC5WJ4_2021-03-10
2021-06-08 01:16:04 69      MMSI_BBG000C42VX0_2021-03-10
2021-06-08 01:16:04 70      MNRO_BBG000C0BZD1_2021-03-10
2021-06-08 01:16:04 71      MNST_BBG008NVB1C0_2021-03-10
2021-06-08 01:16:04 74      MO_BBG000BP6LJ8_2021-03-10
2021-06-08 01:16:04 77      MOH_BBG000MBHNC8_2021-03-10
2021-06-08 01:16:04 78      MOMO_BBG007HTCQT0_2021-03-10
2021-06-08 01:16:04 84      MORN_BBG000CGQ4F7_2021-03-10
2021-06-08 01:16:04 85      MOS_BBG000BFXHL6_2021-03-10
2021-06-08 01:16:04 88      MOV_BBG000BL30Y9_2021-03-10
2021-06-08 01:16:04 89      MPC_BBG001DCCGR8_2021-03-10
2021-06-08 01:16:04 93      MPWR_BBG000C30L48_2021-03-10
2021-06-08 01:16:04 95      MRC_BBG000BKLTM1_2021-03-10
2021-06-08 01:16:04 95      MRK_BBG000BPD168_2021-03-10
2021-06-08 01:16:04 99      MRNA_BBG003PHHZT1_2021-03-10
2021-06-08 01:16:05 05      MRO_BBG000C8H633_2021-03-10
2021-06-08 01:16:05 07      MRTX_BBG004TPGBP5_2021-03-10
2021-06-08 01:16:05 09      MS_BBG000BLZRJ2_2021-03-10
2021-06-08 01:16:05 13      MSA_BBG000BPDXF8_2021-03-10
2021-06-08 01:16:05 14      MSCI_BBG000RTDY25_2021-03-10
2021-06-08 01:16:05 15      MSFT_BBG000BPH459_2021-03-10
2021-06-08 01:16:05 52      MSGE_BBG00L9HLWV8_2021-03-10
2021-06-08 01:16:05 53      MSGN_BBG000NS03H7_2021-03-10
2021-06-08 01:16:05 53      MSGN: SPYKE!. Candle: ID:721, Time: 21:10, Close: 19.83
2021-06-08 01:16:05 53      MSGN: SPYKE!. Candle: ID:727, Time: 21:10, Close: 23.46
2021-06-08 01:16:05 53      MSGN: SPYKE!. Candle: ID:728, Time: 21:10, Close: 21.99
2021-06-08 01:16:05 53      MSGN: SPYKE!. Candle: ID:732, Time: 21:10, Close: 23
2021-06-08 01:16:05 53      MSGN: SPYKE!. Candle: ID:741, Time: 21:15, Close: 22.49
2021-06-08 01:16:05 53      MSGN: SPYKE!. Candle: ID:862, Time: 22:15, Close: 20.22
2021-06-08 01:16:05 53      MSGS_BBG007FG0C23_2021-03-10
2021-06-08 01:16:05 54      MSI_BBG000BP8Z50_2021-03-10
2021-06-08 01:16:05 55      MSM_BBG000BCLYL9_2021-03-10
2021-06-08 01:16:05 57      MSTR_BBG000GQJPZ0_2021-03-10
2021-06-08 01:16:05 63      MTB_BBG000D9KWL9_2021-03-10
2021-06-08 01:16:05 64      MTCH_BBG00B6WH9G3_2021-03-10
2021-06-08 01:16:05 67      MTD_BBG000BZCKH3_2021-03-10
2021-06-08 01:16:05 68      MTG_BBG000CBMH27_2021-03-10
2021-06-08 01:16:05 69      MTH_BBG000F4F1N0_2021-03-10
2021-06-08 01:16:05 70      MTN_BBG000BCMWM1_2021-03-10
2021-06-08 01:16:05 71      MTOR_BBG000BH92D1_2021-03-10
2021-06-08 01:16:05 72      MTRN_BBG000BDTT76_2021-03-10
2021-06-08 01:16:05 73      MTSC_BBG000BPL8G3_2021-03-10
2021-06-08 01:16:05 88      MU_BBG000C5Z1S3_2021-03-10
2021-06-08 01:16:06 00      MUR_BBG000BPMH90_2021-03-10
2021-06-08 01:16:06 02      MUSA_BBG001Z0Q6T5_2021-03-10
2021-06-08 01:16:06 03      MXIM_BBG000BPNP00_2021-03-10
2021-06-08 01:16:06 06      MXL_BBG000BB6R33_2021-03-10
2021-06-08 01:16:06 07      MYGN_BBG000D9H9F1_2021-03-10
2021-06-08 01:16:06 08      MYRG_BBG000BC7VW9_2021-03-10
2021-06-08 01:16:06 10      NARI_BBG009J8K7M0_2021-03-10
2021-06-08 01:16:06 11      NATI_BBG000DZK6N6_2021-03-10
2021-06-08 01:16:06 12      NAVI_BBG004MN1R41_2021-03-10
2021-06-08 01:16:06 13      NBIX_BBG000GJS7C1_2021-03-10
2021-06-08 01:16:06 16      NCBS_BBG000QK0TG5_2021-03-10
2021-06-08 01:16:06 16      NCR_BBG000BMXK89_2021-03-10
2021-06-08 01:16:06 17      NDAQ_BBG000F5VVB6_2021-03-10
2021-06-08 01:16:06 19      NDSN_BBG000BPWGR1_2021-03-10
2021-06-08 01:16:06 19      NEE_BBG000BJSBJ0_2021-03-10
2021-06-08 01:16:06 23      NEM_BBG000BPWXK1_2021-03-10
2021-06-08 01:16:06 27      NEO_BBG000BKH263_2021-03-10
2021-06-08 01:16:06 29      NEOG_BBG000C1BCK2_2021-03-10
2021-06-08 01:16:06 29      NET_BBG001WMKHH5_2021-03-10
2021-06-08 01:16:06 33      NEU_BBG000BJ5SS8_2021-03-10
2021-06-08 01:16:06 34      NEWR_BBG001NFKJ68_2021-03-10
2021-06-08 01:16:06 35      NFLX_BBG000CL9VN6_2021-03-10
2021-06-08 01:16:06 41      NGVT_BBG009LM28K6_2021-03-10
2021-06-08 01:16:06 42      NJR_BBG000BPZVW9_2021-03-10
2021-06-08 01:16:06 43      NKE_BBG000C5HS04_2021-03-10
2021-06-08 01:16:06 47      NKTR_BBG000BHCYJ1_2021-03-10
2021-06-08 01:16:06 48      NLOK_BBG000BH2JM1_2021-03-10
2021-06-08 01:16:06 50      NLSN_BBG0088CYPX8_2021-03-10
2021-06-08 01:16:06 52      NMIH_BBG005DLMMZ6_2021-03-10
2021-06-08 01:16:06 54      NOC_BBG000BQ2C28_2021-03-10
2021-06-08 01:16:06 55      NOK_BBG000BNGBW9_2021-03-10
2021-06-08 01:16:06 60      NOV_BBG000BJX8C8_2021-03-10
2021-06-08 01:16:06 63      NOW_BBG000M1R011_2021-03-10
2021-06-08 01:16:06 64      NP_BBG000QCQ764_2021-03-10
2021-06-08 01:16:06 65      NPK_BBG000BQ4GG2_2021-03-10
2021-06-08 01:16:06 66      NRG_BBG000D8RG11_2021-03-10
2021-06-08 01:16:06 68      NSC_BBG000BQ5DS5_2021-03-10
2021-06-08 01:16:06 70      NSP_BBG000BJ41X2_2021-03-10
2021-06-08 01:16:06 71      NTAP_BBG000FP1N32_2021-03-10
2021-06-08 01:16:06 75      NTCO_BBG00R4ZKPN5_2021-03-10
2021-06-08 01:16:06 76      NTCT_BBG000C136Z8_2021-03-10
2021-06-08 01:16:06 77      NTES_BBG000BX72V8_2021-03-10
2021-06-08 01:16:06 80      NTGR_BBG000C4GBR6_2021-03-10
2021-06-08 01:16:06 81      NTLA_BBG007KC7PB0_2021-03-10
2021-06-08 01:16:06 83      NTNX_BBG001NDW1Z7_2021-03-10
2021-06-08 01:16:06 85      NTRA_BBG001J1BQ86_2021-03-10
2021-06-08 01:16:06 86      NTRS_BBG000BQ74K1_2021-03-10
2021-06-08 01:16:06 88      NTUS_BBG000DPZHS3_2021-03-10
2021-06-08 01:16:06 89      NUE_BBG000BQ8KV2_2021-03-10
2021-06-08 01:16:06 90      NUS_BBG000HG21Y3_2021-03-10
2021-06-08 01:16:06 91      NUVA_BBG000LNL298_2021-03-10
2021-06-08 01:16:06 92      NVDA_BBG000BBJQV0_2021-03-10
2021-06-08 01:16:07 04      NVEE_BBG005BT60Y8_2021-03-10
2021-06-08 01:16:07 05      NVEE: SPYKE!. Candle: ID:557, Time: 21:45, Close: 100
2021-06-08 01:16:07 06      NVR_BBG000BQBYR3_2021-03-10
2021-06-08 01:16:07 06      NVRO_BBG001K61W36_2021-03-10
2021-06-08 01:16:07 07      NVTA_BBG005DJFD43_2021-03-10
2021-06-08 01:16:07 11      NWE_BBG000Q1NMJ4_2021-03-10
2021-06-08 01:16:07 12      NWL_BBG000BQC9V2_2021-03-10
2021-06-08 01:16:07 14      NWLI_BBG008HNHZ07_2021-03-10
2021-06-08 01:16:07 14      NWS_BBG0035M2ZB7_2021-03-10
2021-06-08 01:16:07 16      NWSA_BBG0035LY913_2021-03-10
2021-06-08 01:16:07 18      NXPI_BBG000BND699_2021-03-10
2021-06-08 01:16:07 23      NXST_BBG000DZJVH0_2021-03-10
2021-06-08 01:16:07 23      NYT_BBG000FFC0B3_2021-03-10
2021-06-08 01:16:07 24      O_BBG000DHPN63_2021-03-10
2021-06-08 01:16:07 27      OC_BBG000M44VW8_2021-03-10
2021-06-08 01:16:07 28      ODFL_BBG000CHSS88_2021-03-10
2021-06-08 01:16:07 30      OFIX_BBG000G1C210_2021-03-10
2021-06-08 01:16:07 30      OHI_BBG000BGBTC2_2021-03-10
2021-06-08 01:16:07 32      OI_BBG00R2JZG39_2021-03-10
2021-06-08 01:16:07 33      OII_BBG000CPBCL8_2021-03-10
2021-06-08 01:16:07 34      OIS_BBG000BDDN94_2021-03-10
2021-06-08 01:16:07 36      OKE_BBG000BQHGR6_2021-03-10
2021-06-08 01:16:07 37      OKTA_BBG001YV1SM4_2021-03-10
2021-06-08 01:16:07 41      OLED_BBG000BLRP41_2021-03-10
2021-06-08 01:16:07 42      OLLI_BBG0098VVDT9_2021-03-10
2021-06-08 01:16:07 44      OMC_BBG000BS9489_2021-03-10
2021-06-08 01:16:07 45      OMCL_BBG000BTNGZ4_2021-03-10
2021-06-08 01:16:07 46      ON_BBG000DV7MX4_2021-03-10
2021-06-08 01:16:07 50      ONTO_BBG000BPRN29_2021-03-10
2021-06-08 01:16:07 50      ORCL_BBG000BQLTW7_2021-03-10
2021-06-08 01:16:07 55      ORLY_BBG000BGYWY6_2021-03-10
2021-06-08 01:16:07 57      OSIS_BBG000BWPR54_2021-03-10
2021-06-08 01:16:07 58      OSK_BBG000CC53X1_2021-03-10
2021-06-08 01:16:07 59      OSUR_BBG000J3D1Y8_2021-03-10
2021-06-08 01:16:07 64      OTIS_BBG00RP60KV0_2021-03-10
2021-06-08 01:16:07 65      OVV_BBG00R2NHQ65_2021-03-10
2021-06-08 01:16:07 66      OXY_BBG000BQQ2S6_2021-03-10
2021-06-08 01:16:07 72      PAGS_BBG00JM7QBR6_2021-03-10
2021-06-08 01:16:07 74      PANW_BBG0014GJCT9_2021-03-10
2021-06-08 01:16:07 76      PATK_BBG000BQSBB2_2021-03-10
2021-06-08 01:16:07 77      PAYC_BBG0064N0ZZ5_2021-03-10
2021-06-08 01:16:07 78      PB_BBG000BHY4D9_2021-03-10
2021-06-08 01:16:07 79      PBCT_BBG000BQT4L6_2021-03-10
2021-06-08 01:16:07 82      PBF_BBG002832GV8_2021-03-10
2021-06-08 01:16:07 86      PBH_BBG000QM0RZ4_2021-03-10
2021-06-08 01:16:07 86      PBI_BBG000BQTMJ9_2021-03-10
2021-06-08 01:16:07 88      PCAR_BBG000BQVTF5_2021-03-10
2021-06-08 01:16:07 91      PCG_BBG000BQWPC5_2021-03-10
2021-06-08 01:16:07 92      PCRX_BBG0018FQNS6_2021-03-10
2021-06-08 01:16:07 93      PCTY_BBG006598YS8_2021-03-10
2021-06-08 01:16:07 94      PD_BBG0043BYPB8_2021-03-10
2021-06-08 01:16:07 95      PDCO_BBG000BQY289_2021-03-10
2021-06-08 01:16:07 97      PEAK_BBG000BKYDP9_2021-03-10
2021-06-08 01:16:07 98      PEG_BBG000BQZMH4_2021-03-10
2021-06-08 01:16:07 99      PEGA_BBG000H1RYG7_2021-03-10
2021-06-08 01:16:08 02      PEN_BBG001BP92V1_2021-03-10
2021-06-08 01:16:08 03      PEP_BBG000DH7JK6_2021-03-10
2021-06-08 01:16:08 11      PETQ_BBG00H1CY328_2021-03-10
2021-06-08 01:16:08 12      PFE_BBG000BR2B91_2021-03-10
2021-06-08 01:16:08 16      PFG_BBG000NSCNT7_2021-03-10
2021-06-08 01:16:08 17      PFGC_BBG009XW2WB8_2021-03-10
2021-06-08 01:16:08 18      PFPT_BBG000RQ2GY7_2021-03-10
2021-06-08 01:16:08 20      PG_BBG000BR2TH3_2021-03-10
2021-06-08 01:16:08 25      PGNY_BBG002H1K1H1_2021-03-10
2021-06-08 01:16:08 26      PGR_BBG000BR37X2_2021-03-10
2021-06-08 01:16:08 28      PGTI_BBG000FX3Y66_2021-03-10
2021-06-08 01:16:08 29      PH_BBG000BR3KL6_2021-03-10
2021-06-08 01:16:08 30      PHM_BBG000BR54L0_2021-03-10
2021-06-08 01:16:08 32      PII_BBG000D5S4M0_2021-03-10
2021-06-08 01:16:08 33      PINC_BBG000G7QX50_2021-03-10
2021-06-08 01:16:08 34      PINS_BBG002583CV8_2021-03-10
2021-06-08 01:16:08 40      PIPR_BBG000FQXC75_2021-03-10
2021-06-08 01:16:08 41      PKG_BBG000BB8SW7_2021-03-10
2021-06-08 01:16:08 42      PKI_BBG000FXW512_2021-03-10
2021-06-08 01:16:08 43      PLAN_BBG002DZS299_2021-03-10
2021-06-08 01:16:08 45      PLAY_BBG001WWJTK5_2021-03-10
2021-06-08 01:16:08 47      PLCE_BBG000JK9DK4_2021-03-10
2021-06-08 01:16:08 48      PLD_BBG000B9Z0J8_2021-03-10
2021-06-08 01:16:08 50      PLNT_BBG009H04M17_2021-03-10
2021-06-08 01:16:08 51      PLTR_BBG000N7QR55_2021-03-10
2021-06-08 01:16:08 65      PLUS_BBG000HN7W02_2021-03-10
2021-06-08 01:16:08 65      PLXS_BBG000BRBX66_2021-03-10
2021-06-08 01:16:08 66      PM_BBG000J2XL74_2021-03-10
2021-06-08 01:16:08 69      PNC_BBG000BRD0D8_2021-03-10
2021-06-08 01:16:08 71      PNFP_BBG000C1XKF6_2021-03-10
2021-06-08 01:16:08 72      PNTG_BBG00P33SY72_2021-03-10
2021-06-08 01:16:08 72      PODD_BBG000R7XX87_2021-03-10
2021-06-08 01:16:08 74      POOL_BBG000BCVG28_2021-03-10
2021-06-08 01:16:08 75      POR_BBG000BCRMW7_2021-03-10
2021-06-08 01:16:08 76      POST_BBG001WTBC36_2021-03-10
2021-06-08 01:16:08 77      POWI_BBG000BTT3D1_2021-03-10
2021-06-08 01:16:08 78      PPC_BBG000BFLXV3_2021-03-10
2021-06-08 01:16:08 79      PPG_BBG000BRJ809_2021-03-10
2021-06-08 01:16:08 80      PPL_BBG000BRJL00_2021-03-10
2021-06-08 01:16:08 82      PRAA_BBG000BNTW77_2021-03-10
2021-06-08 01:16:08 83      PRAH_BBG007387YL8_2021-03-10
2021-06-08 01:16:08 85      PRFT_BBG000BVXFK6_2021-03-10
2021-06-08 01:16:08 85      PRG_BBG00VSH86G4_2021-03-10
2021-06-08 01:16:08 86      PRGS_BBG000C4QP94_2021-03-10
2021-06-08 01:16:08 87      PRI_BBG000T8ZF80_2021-03-10
2021-06-08 01:16:08 88      PRLB_BBG000BT13B3_2021-03-10
2021-06-08 01:16:08 89      PRSP_BBG00KMXKWF9_2021-03-10
2021-06-08 01:16:08 90      PRU_BBG000HCJMF9_2021-03-10
2021-06-08 01:16:08 93      PSA_BBG000BPPN67_2021-03-10
2021-06-08 01:16:08 94      PSN_BBG000C3TKY6_2021-03-10
2021-06-08 01:16:08 95      PSTG_BBG00212PVZ5_2021-03-10
2021-06-08 01:16:09 00      PSX_BBG00286S4N9_2021-03-10
2021-06-08 01:16:09 03      PTC_BBG000C2VBB0_2021-03-10
2021-06-08 01:16:09 06      PTCT_BBG000QT15P7_2021-03-10
2021-06-08 01:16:09 07      PTON_BBG00JG0FFZ2_2021-03-10
2021-06-08 01:16:09 14      PTR_BBG000BR85F1_2021-03-10
2021-06-08 01:16:09 15      PUMP_BBG00FYCQ352_2021-03-10
2021-06-08 01:16:09 16      PVH_BBG000BRRG02_2021-03-10
2021-06-08 01:16:09 17      PWR_BBG000BBL8V7_2021-03-10
2021-06-08 01:16:09 19      PXD_BBG000BXRPH1_2021-03-10
2021-06-08 01:16:09 21      PYPL_BBG0077VNXV6_2021-03-10
2021-06-08 01:16:09 34      PZZA_BBG000BFWF13_2021-03-10
2021-06-08 01:16:09 35      QADA_BBG001BP77C3_2021-03-10
2021-06-08 01:16:09 36      QCOM_BBG000CGC1X8_2021-03-10
2021-06-08 01:16:09 47      QDEL_BBG000C6GN04_2021-03-10
2021-06-08 01:16:09 51      QLYS_BBG000HT5G06_2021-03-10
2021-06-08 01:16:09 53      QNST_BBG000S9XXB8_2021-03-10
2021-06-08 01:16:09 54      QRTEA_BBG000PCQQL6_2021-03-10
2021-06-08 01:16:09 56      QRVO_BBG007TJF1N7_2021-03-10
2021-06-08 01:16:09 58      QTS_BBG0054B20Z8_2021-03-10
2021-06-08 01:16:09 59      QTWO_BBG005ZVK9P2_2021-03-10
2021-06-08 01:16:09 61      QUOT_BBG001QYNR63_2021-03-10
2021-06-08 01:16:09 62      R_BBG000BRVP70_2021-03-10
2021-06-08 01:16:09 62      RACE_BBG009PH3Q86_2021-03-10
2021-06-08 01:16:09 64      RAMP_BBG000BB4HM6_2021-03-10
2021-06-08 01:16:09 65      RARE_BBG001RWPDW6_2021-03-10
2021-06-08 01:16:09 66      RAVN_BBG000CXQTZ3_2021-03-10
2021-06-08 01:16:09 67      RBC_BBG000BRXTR8_2021-03-10
2021-06-08 01:16:09 67      RCL_BBG000BB5792_2021-03-10
2021-06-08 01:16:09 70      RDFN_BBG001Q7HP63_2021-03-10
2021-06-08 01:16:09 73      RDS.A_BBG000QXSSS6_2021-03-10
2021-06-08 01:16:09 75      RDY_BBG000NJ96L6_2021-03-10
2021-06-08 01:16:09 76      RE_BBG000C1XVK6_2021-03-10
2021-06-08 01:16:09 77      REG_BBG000BL46Q4_2021-03-10
2021-06-08 01:16:09 79      REGI_BBG0016SSV00_2021-03-10
2021-06-08 01:16:09 80      REGN_BBG000C734W3_2021-03-10
2021-06-08 01:16:09 83      RETA_BBG000R33BD1_2021-03-10
2021-06-08 01:16:09 83      REX_BBG000D2ZK61_2021-03-10
2021-06-08 01:16:09 84      REZI_BBG00HY28K89_2021-03-10
2021-06-08 01:16:09 84      REZI: SPYKE!. Candle: ID:40, Time: 13:45, Close: 29.01
2021-06-08 01:16:09 85      RF_BBG000Q3JN03_2021-03-10
2021-06-08 01:16:09 87      RGA_BBG000BDLCQ0_2021-03-10
2021-06-08 01:16:09 87      RGEN_BBG000BS48J3_2021-03-10
2021-06-08 01:16:09 89      RGLD_BBG000BS5170_2021-03-10
2021-06-08 01:16:09 90      RGNX_BBG007Z9V591_2021-03-10
2021-06-08 01:16:09 91      RGR_BBG000C4FQG6_2021-03-10
2021-06-08 01:16:09 92      RH_BBG002293PJ4_2021-03-10
2021-06-08 01:16:09 92      RHI_BBG000BS5DR2_2021-03-10
2021-06-08 01:16:09 94      RIG_BBG000BH5LT6_2021-03-10
2021-06-08 01:16:10 00      RJF_BBG000BS73J1_2021-03-10
2021-06-08 01:16:10 03      RL_BBG000BS0ZF1_2021-03-10
2021-06-08 01:16:10 04      RMD_BBG000L4M7F1_2021-03-10
2021-06-08 01:16:10 05      RNG_BBG000J094P3_2021-03-10
2021-06-08 01:16:10 07      ROCK_BBG000BKQDQ7_2021-03-10
2021-06-08 01:16:10 08      ROG_BBG000BS9HN3_2021-03-10
2021-06-08 01:16:10 08      ROK_BBG000BBCDZ2_2021-03-10
2021-06-08 01:16:10 10      ROKU_BBG001ZZPQJ6_2021-03-10
2021-06-08 01:16:10 14      ROL_BBG000BSBBP1_2021-03-10
2021-06-08 01:16:10 15      ROLL_BBG000GMGNB3_2021-03-10
2021-06-08 01:16:10 16      ROP_BBG000F1ZSN5_2021-03-10
2021-06-08 01:16:10 17      ROST_BBG000BSBZH7_2021-03-10
2021-06-08 01:16:10 25      RP_BBG000CN5CJ3_2021-03-10
2021-06-08 01:16:10 26      RPD_BBG009DFHWG6_2021-03-10
2021-06-08 01:16:10 28      RPM_BBG000DCNK80_2021-03-10
2021-06-08 01:16:10 29      RRBI_BBG000QKNLB2_2021-03-10
2021-06-08 01:16:10 29      RRC_BBG000FVXD63_2021-03-10
2021-06-08 01:16:10 32      RRGB_BBG000MXH9C1_2021-03-10
2021-06-08 01:16:10 33      RS_BBG000CJ2181_2021-03-10
2021-06-08 01:16:10 34      RSG_BBG000BPXVJ6_2021-03-10
2021-06-08 01:16:10 35      RTX_BBG000BW8S60_2021-03-10
2021-06-08 01:16:10 38      RVLV_BBG00M4RHBD0_2021-03-10
2021-06-08 01:16:10 39      RXN_BBG000H8R0N8_2021-03-10
2021-06-08 01:16:10 40      RYN_BBG000BG7L34_2021-03-10
2021-06-08 01:16:10 41      RYTM_BBG007DLZ601_2021-03-10
2021-06-08 01:16:10 42      SAFM_BBG000BSHJ96_2021-03-10
2021-06-08 01:16:10 43      SAGE_BBG0025X16Y5_2021-03-10
2021-06-08 01:16:10 43      SAIA_BBG000P5LMQ0_2021-03-10
2021-06-08 01:16:10 44      SAIC_BBG003BW05K6_2021-03-10
2021-06-08 01:16:10 45      SAIL_BBG00J0BBZL0_2021-03-10
2021-06-08 01:16:10 46      SAM_BBG000BCZBF1_2021-03-10
2021-06-08 01:16:10 47      SAVE_BBG000BF6RQ9_2021-03-10
2021-06-08 01:16:10 49      SBAC_BBG000D2M0Z7_2021-03-10
2021-06-08 01:16:10 50      SBCF_BBG000KK3464_2021-03-10
2021-06-08 01:16:10 51      SBGI_BBG000F2XXP2_2021-03-10
2021-06-08 01:16:10 52      SBH_BBG000LR8515_2021-03-10
2021-06-08 01:16:10 54      SBRA_BBG000MTDW24_2021-03-10
2021-06-08 01:16:10 55      SBUX_BBG000CTQBF3_2021-03-10
2021-06-08 01:16:10 59      SCCO_BBG000BSHH72_2021-03-10
2021-06-08 01:16:10 60      SCHW_BBG000BSLZY7_2021-03-10
2021-06-08 01:16:10 62      SCI_BBG000BTHH16_2021-03-10
2021-06-08 01:16:10 64      SCSC_BBG000BHTPZ4_2021-03-10
2021-06-08 01:16:10 65      SDGR_BBG000T88BN2_2021-03-10
2021-06-08 01:16:10 68      SEDG_BBG0084BBZY6_2021-03-10
2021-06-08 01:16:10 71      SEE_BBG000C22QV7_2021-03-10
2021-06-08 01:16:10 72      SEIC_BBG000BSQLT9_2021-03-10
2021-06-08 01:16:10 73      SF_BBG000BSS5C0_2021-03-10
2021-06-08 01:16:10 74      SFIX_BBG0046L1KL9_2021-03-10
2021-06-08 01:16:10 78      SFM_BBG001KFKQM7_2021-03-10
2021-06-08 01:16:10 81      SGEN_BBG000BH0FR6_2021-03-10
2021-06-08 01:16:10 83      SHAK_BBG0063GCHH8_2021-03-10
2021-06-08 01:16:10 84      SHEN_BBG000BTC2N0_2021-03-10
2021-06-08 01:16:10 85      SHI_BBG000BHR1H9_2021-03-10
2021-06-08 01:16:10 86      SHW_BBG000BSXQV7_2021-03-10
2021-06-08 01:16:10 87      SIG_BBG000C4ZZ10_2021-03-10
2021-06-08 01:16:10 88      SIGI_BBG000BSZ738_2021-03-10
2021-06-08 01:16:10 90      SITE_BBG009T22D49_2021-03-10
2021-06-08 01:16:10 91      SIVB_BBG000BT0CM2_2021-03-10
2021-06-08 01:16:10 92      SJI_BBG000BT0T72_2021-03-10
2021-06-08 01:16:10 93      SJM_BBG000BT1715_2021-03-10
2021-06-08 01:16:10 94      SKM_BBG000BLN497_2021-03-10
2021-06-08 01:16:10 95      SKX_BBG000C4HKK2_2021-03-10
2021-06-08 01:16:10 96      SLAB_BBG000BB99S3_2021-03-10
2021-06-08 01:16:10 98      SLB_BBG000BT41Q8_2021-03-10
2021-06-08 01:16:11 04      SLG_BBG000BVP5P2_2021-03-10
2021-06-08 01:16:11 06      SMAR_BBG00GQK3WB5_2021-03-10
2021-06-08 01:16:11 07      SMG_BBG000BT5PG5_2021-03-10
2021-06-08 01:16:11 08      SMPL_BBG00GVP5JL4_2021-03-10
2021-06-08 01:16:11 10      SMTC_BBG000DBKR53_2021-03-10
2021-06-08 01:16:11 10      SNA_BBG000BT7JW9_2021-03-10
2021-06-08 01:16:11 12      SNAP_BBG00441QMJ7_2021-03-10
2021-06-08 01:16:11 19      SNBR_BBG000DM2BF3_2021-03-10
2021-06-08 01:16:11 20      SNPS_BBG000BSFRF3_2021-03-10
2021-06-08 01:16:11 22      SNX_BBG000CL9JV4_2021-03-10
2021-06-08 01:16:11 23      SNY_BBG000BBD5N1_2021-03-10
2021-06-08 01:16:11 25      SO_BBG000BT9DW0_2021-03-10
2021-06-08 01:16:11 28      SOHU_BBG00L2DB535_2021-03-10
2021-06-08 01:16:11 28      SON_BBG000D7HF89_2021-03-10
2021-06-08 01:16:11 29      SONO_BBG001JZPSQ2_2021-03-10
2021-06-08 01:16:11 32      SP_BBG000BJ91B1_2021-03-10
2021-06-08 01:16:11 33      SPB@US_BBG000DS5588_2021-03-10
2021-06-08 01:16:11 34      SPCE_BBG00HTN2CQ3_2021-03-10
2021-06-08 01:16:11 52      SPCE: BuyPending. Strategy: BuyTheDipPremarket. Price: 29.65. Lots: 8. ChangeOpenToCurrent: -5.87. changeFromLow: 2.21. Candle: ID:16, Time: 4:00, Close: 29.65.
2021-06-08 01:16:11 52      SPCE: OrderID: c5b3dec4. PlacedOrder. Status: New. RejectReason: 
2021-06-08 01:16:11 52      SPCE: OrderID: c5b3dec4 fully executed
2021-06-08 01:16:11 52      SPCE: SPYKE!. Candle: ID:20, Time: 4:00, Close: 28.81
2021-06-08 01:16:11 52      SPCE: Buy more. Price: 28.81. Lots: 8. changeFromLastBuy: -2.83. Candle: ID:20, Time: 4:00, Close: 28.81.
2021-06-08 01:16:11 52      SPCE: OrderID: 22c7402a. PlacedOrder. Status: New. RejectReason: 
2021-06-08 01:16:11 52      SPCE: SPYKE!. Candle: ID:63, Time: 4:00, Close: 28.93
2021-06-08 01:16:11 52      SPCE: Closing. Close price: 30.19. Lots: 8. CandleChange: -0.03%. ChangeFromCandleHigh: -0.10%. Profit: 0.54(1.82%). Candle: ID:314, Time: 4:05, Close: 30.19
2021-06-08 01:16:11 52      SPCE: OrderID: 98db1cfb. PlacedOrder. Status: New. RejectReason: 
2021-06-08 01:16:11 52      SPCE: OrderID: 22c7402a automatically canceling...
2021-06-08 01:16:11 52      OrderID: 22c7402a successfully canceled
2021-06-08 01:16:11 52      SPCE: OrderID: 98db1cfb fully executed
2021-06-08 01:16:11 53      SPCE: SPYKE!. Candle: ID:5499, Time: 7:45, Close: 32.4
2021-06-08 01:16:11 64      SPG_BBG000BJ2D31_2021-03-10
2021-06-08 01:16:11 67      SPGI_BBG000BP1Q11_2021-03-10
2021-06-08 01:16:11 71      SPLK_BBG001C7TST4_2021-03-10
2021-06-08 01:16:11 75      SPOT_BBG003T4VFC2_2021-03-10
2021-06-08 01:16:11 78      SPR_BBG000PRJ2Z9_2021-03-10
2021-06-08 01:16:11 79      SPSC_BBG000PZGB75_2021-03-10
2021-06-08 01:16:11 80      SQ_BBG0018SLC07_2021-03-10
2021-06-08 01:16:11 87      SRC_BBG0027Z6X10_2021-03-10
2021-06-08 01:16:11 87      SRCL_BBG000H3FZM6_2021-03-10
2021-06-08 01:16:11 89      SRDX_BBG000BZ2QG2_2021-03-10
2021-06-08 01:16:11 89      SRE_BBG000C2ZCH8_2021-03-10
2021-06-08 01:16:11 91      SRI_BBG000BB9Q78_2021-03-10
2021-06-08 01:16:11 91      SRPT_BBG000BCJ161_2021-03-10
2021-06-08 01:16:11 93      SSD_BBG000JLC8L8_2021-03-10
2021-06-08 01:16:11 94      SSNC_BBG000RJ2J04_2021-03-10
2021-06-08 01:16:11 96      SSTK_BBG002ZCK2V9_2021-03-10
2021-06-08 01:16:11 96      STAA_BBG000C4QB95_2021-03-10
2021-06-08 01:16:11 97      STAG_BBG000BGLFP7_2021-03-10
2021-06-08 01:16:11 99      STLD_BBG000HGYNZ9_2021-03-10
2021-06-08 01:16:12 01      STMP_BBG000CZ4KF3_2021-03-10
2021-06-08 01:16:12 02      STRA_BBG000GRZDV1_2021-03-10
2021-06-08 01:16:12 03      STT_BBG000BKFBD7_2021-03-10
2021-06-08 01:16:12 05      STX_BBG000F0KF42_2021-03-10
2021-06-08 01:16:12 05      Warning: figi `BBG000F0KF42` for history data does not match actual figi `BBG0113JGQF0`. Ticker: STX. Will be used actual!
2021-06-08 01:16:12 07      STZ_BBG000J1QLT0_2021-03-10
2021-06-08 01:16:12 08      SUPN_BBG000BP0HX7_2021-03-10
2021-06-08 01:16:12 09      SWAV_BBG005XVXML5_2021-03-10
2021-06-08 01:16:12 10      SWBI_BBG000BM0QL7_2021-03-10
2021-06-08 01:16:12 11      SWCH_BBG00HPDM5Z2_2021-03-10
2021-06-08 01:16:12 13      SWI_BBG00M1CKSK7_2021-03-10
2021-06-08 01:16:12 14      SWK_BBG000BTQR96_2021-03-10
2021-06-08 01:16:12 15      SWKS_BBG000KLB4Q1_2021-03-10
2021-06-08 01:16:12 19      SWN_BBG000BTR593_2021-03-10
2021-06-08 01:16:12 23      SWX_BBG00FWP4JW4_2021-03-10
2021-06-08 01:16:12 24      SXI_BBG000BTT5B8_2021-03-10
2021-06-08 01:16:12 25      SXT_BBG000J79P80_2021-03-10
2021-06-08 01:16:12 26      SYF_BBG00658F3P3_2021-03-10
2021-06-08 01:16:12 29      SYK_BBG000DN7P92_2021-03-10
2021-06-08 01:16:12 30      SYKE_BBG000BBHPV4_2021-03-10
2021-06-08 01:16:12 31      SYNA_BBG000BQV1S2_2021-03-10
2021-06-08 01:16:12 32      SYNH_BBG0078Y1D92_2021-03-10
2021-06-08 01:16:12 33      SYY_BBG000BTVJ25_2021-03-10
2021-06-08 01:16:12 35      T_BBG000BSJK37_2021-03-10
2021-06-08 01:16:12 39      TAK_BBG000LF8708_2021-03-10
2021-06-08 01:16:12 40      TAL_BBG0016XJ8S0_2021-03-10
2021-06-08 01:16:12 43      TAP_BBG000BS7KS3_2021-03-10
2021-06-08 01:16:12 44      TCBI_BBG000DN4ZT1_2021-03-10
2021-06-08 01:16:12 46      TCMD_BBG001B12Z39_2021-03-10
2021-06-08 01:16:12 46      TCRR_BBG00FH3FM15_2021-03-10
2021-06-08 01:16:12 47      TCS_BBG005DXJS36_2021-03-10
2021-06-08 01:16:12 49      TCX_BBG000L69KL5_2021-03-10
2021-06-08 01:16:12 50      TDC_BBG000R0L5J4_2021-03-10
2021-06-08 01:16:12 52      TDG_BBG000L8CBX4_2021-03-10
2021-06-08 01:16:12 53      TDOC_BBG0019T5SG0_2021-03-10
2021-06-08 01:16:12 57      TDS_BBG000BV0VK7_2021-03-10
2021-06-08 01:16:12 59      TDY_BBG000BMT9T6_2021-03-10
2021-06-08 01:16:12 60      TECH_BBG000C15114_2021-03-10
2021-06-08 01:16:12 63      TEL_BBG000RGM5P1_2021-03-10
2021-06-08 01:16:12 64      TENB_BBG00LBLCD02_2021-03-10
2021-06-08 01:16:12 66      TER_BBG000BV4DR6_2021-03-10
2021-06-08 01:16:12 70      TFC_BBG000BYYLS8_2021-03-10
2021-06-08 01:16:12 73      TFX_BBG000BV59Y6_2021-03-10
2021-06-08 01:16:12 74      TGNA_BBG000BK5DP1_2021-03-10
2021-06-08 01:16:12 75      TGT_BBG000H8TVT2_2021-03-10
2021-06-08 01:16:12 77      THG_BBG000FJH8W0_2021-03-10
2021-06-08 01:16:12 78      THO_BBG000BV6R84_2021-03-10
2021-06-08 01:16:12 78      THO: SPYKE!. Candle: ID:19, Time: 14:05, Close: 125.78
2021-06-08 01:16:12 78      THO: SPYKE!. Candle: ID:25, Time: 14:30, Close: 132.85
2021-06-08 01:16:12 78      THO: SPYKE!. Candle: ID:26, Time: 14:30, Close: 133.8
2021-06-08 01:16:12 79      THRM_BBG000BQLM34_2021-03-10
2021-06-08 01:16:12 80      THS_BBG000GQGJT4_2021-03-10
2021-06-08 01:16:12 81      TJX_BBG000BV8DN6_2021-03-10
2021-06-08 01:16:12 85      TKR_BBG000BV95H9_2021-03-10
2021-06-08 01:16:12 86      TMHC_BBG003PGJHP5_2021-03-10
2021-06-08 01:16:12 87      TMO_BBG000BVDLH9_2021-03-10
2021-06-08 01:16:12 89      TMUS_BBG000NDV1D4_2021-03-10
2021-06-08 01:16:12 91      TMX_BBG002WMH2F2_2021-03-10
2021-06-08 01:16:12 92      TNC_BBG000JCZJS2_2021-03-10
2021-06-08 01:16:12 93      TNDM_BBG0019V9M65_2021-03-10
2021-06-08 01:16:12 94      TNET_BBG000BR2040_2021-03-10
2021-06-08 01:16:12 95      TOL_BBG000BVHBM1_2021-03-10
2021-06-08 01:16:12 96      TOT_BBG000CHZ857_2021-03-10
2021-06-08 01:16:12 98      TPH_BBG0016YQTR5_2021-03-10
2021-06-08 01:16:12 99      TPIC_BBG0016MQ7C5_2021-03-10
2021-06-08 01:16:13 00      TPIC: SPYKE!. Candle: ID:584, Time: 14:25, Close: 56.99
2021-06-08 01:16:13 01      TPR_BBG000BY29C7_2021-03-10
2021-06-08 01:16:13 03      TPTX_BBG00NPL9WH7_2021-03-10
2021-06-08 01:16:13 04      TPX_BBG000PXGT62_2021-03-10
2021-06-08 01:16:13 06      TREE_BBG000TVRB50_2021-03-10
2021-06-08 01:16:13 07      TREX_BBG000BTGKK9_2021-03-10
2021-06-08 01:16:13 08      TRHC_BBG00BT7PPY8_2021-03-10
2021-06-08 01:16:13 09      TRIP_BBG001M8HHB7_2021-03-10
2021-06-08 01:16:13 13      TRMB_BBG000BNPS52_2021-03-10
2021-06-08 01:16:13 15      TROW_BBG000BVMPN3_2021-03-10
2021-06-08 01:16:13 18      TRU_BBG002Q7J5Z1_2021-03-10
2021-06-08 01:16:13 19      TRUP_BBG002BC7WC5_2021-03-10
2021-06-08 01:16:13 20      TRV_BBG000BJ81C1_2021-03-10
2021-06-08 01:16:13 22      TSCO_BBG000BLXZN1_2021-03-10
2021-06-08 01:16:13 23      TSLA_BBG000N9MNX3_2021-03-10
2021-06-08 01:16:13 64      TSLA: SPYKE!. Candle: ID:2834, Time: 7:45, Close: 698.5
2021-06-08 01:16:13 95      TSM_BBG000BD8ZK0_2021-03-10
2021-06-08 01:16:14 04      TSN_BBG000DKCC19_2021-03-10
2021-06-08 01:16:14 06      TT_BBG000BM6788_2021-03-10
2021-06-08 01:16:14 07      TTC_BBG000BVQRY3_2021-03-10
2021-06-08 01:16:14 08      TTD_BBG00629NGT2_2021-03-10
2021-06-08 01:16:14 10      TTEK_BBG000BYZ0Q5_2021-03-10
2021-06-08 01:16:14 11      TTM_BBG000PVGDH9_2021-03-10
2021-06-08 01:16:14 11      TTMI_BBG000BYQ0B1_2021-03-10
2021-06-08 01:16:14 12      TTWO_BBG000BS1YV5_2021-03-10
2021-06-08 01:16:14 17      TW_BBG00NK8H8T2_2021-03-10
2021-06-08 01:16:14 18      TWLO_BBG0029ZX840_2021-03-10
2021-06-08 01:16:14 20      TWNK_BBG00B6KGNN1_2021-03-10
2021-06-08 01:16:14 22      TWOU_BBG001KS9450_2021-03-10
2021-06-08 01:16:14 23      TWTR_BBG000H6HNW3_2021-03-10
2021-06-08 01:16:14 33      TXG_BBG007WX14X0_2021-03-10
2021-06-08 01:16:14 35      TXN_BBG000BVV7G1_2021-03-10
2021-06-08 01:16:14 41      TXRH_BBG000PSJMV7_2021-03-10
2021-06-08 01:16:14 43      TXT_BBG000BVVQQ8_2021-03-10
2021-06-08 01:16:14 44      TYL_BBG000BVWZF9_2021-03-10
2021-06-08 01:16:14 45      UA_BBG009DTD8H2_2021-03-10
2021-06-08 01:16:14 46      UAA_BBG000BXM6V2_2021-03-10
2021-06-08 01:16:14 48      UAL_BBG000M65M61_2021-03-10
2021-06-08 01:16:14 53      UBER_BBG002B04MT8_2021-03-10
2021-06-08 01:16:14 60      UCTT_BBG000HSLV70_2021-03-10
2021-06-08 01:16:14 61      UDR_BBG000C41023_2021-03-10
2021-06-08 01:16:14 62      UFPI_BBG000BL0T06_2021-03-10
2021-06-08 01:16:14 64      UFS_BBG000BHFHP8_2021-03-10
2021-06-08 01:16:14 64      UGI_BBG000BVYN55_2021-03-10
2021-06-08 01:16:14 65      UHS_BBG000CB8Q50_2021-03-10
2021-06-08 01:16:14 66      UI_BBG001R72SR9_2021-03-10
2021-06-08 01:16:14 67      ULTA_BBG00FWQ4VD6_2021-03-10
2021-06-08 01:16:14 68      UMBF_BBG000DD8WX1_2021-03-10
2021-06-08 01:16:14 69      UNF_BBG000BW29L1_2021-03-10
2021-06-08 01:16:14 69      UNH_BBG000CH5208_2021-03-10
2021-06-08 01:16:14 72      UNM_BBG000BW2QX0_2021-03-10
2021-06-08 01:16:14 73      UNP_BBG000BW3299_2021-03-10
2021-06-08 01:16:14 75      UNVR_BBG000BDHD29_2021-03-10
2021-06-08 01:16:14 76      UPS_BBG000L9CV04_2021-03-10
2021-06-08 01:16:14 78      UPWK_BBG00FBJ6390_2021-03-10
2021-06-08 01:16:14 80      URBN_BBG000BL79J3_2021-03-10
2021-06-08 01:16:14 81      URI_BBG000BXMFC3_2021-03-10
2021-06-08 01:16:14 82      USB_BBG000FFDM15_2021-03-10
2021-06-08 01:16:14 85      USFD_BBG00C6H6D40_2021-03-10
2021-06-08 01:16:14 86      USM_BBG000BW6P59_2021-03-10
2021-06-08 01:16:14 87      USNA_BBG000BX28M0_2021-03-10
2021-06-08 01:16:14 87      USPH_BBG000CSRSG6_2021-03-10
2021-06-08 01:16:14 88      UTHR_BBG000BV4XJ1_2021-03-10
2021-06-08 01:16:14 89      UTL_BBG000BW7X97_2021-03-10
2021-06-08 01:16:14 90      V_BBG000PSKYX7_2021-03-10
2021-06-08 01:16:14 93      VAC_BBG001J2R5H3_2021-03-10
2021-06-08 01:16:14 94      VALE_BBG000BN5LG7_2021-03-10
2021-06-08 01:16:14 97      VC_BBG0016T3GQ0_2021-03-10
2021-06-08 01:16:14 98      VCEL_BBG000BDCM24_2021-03-10
2021-06-08 01:16:14 99      VCRA_BBG00179VSY7_2021-03-10
2021-06-08 01:16:14 99      VCYT_BBG001J2M542_2021-03-10
2021-06-08 01:16:15 01      VEEV_BBG001CGB489_2021-03-10
2021-06-08 01:16:15 02      VEON_BBG000QCW561_2021-03-10
2021-06-08 01:16:15 05      VFC_BBG000BWCKB6_2021-03-10
2021-06-08 01:16:15 07      VG_BBG000BRB5D9_2021-03-10
2021-06-08 01:16:15 09      VIAC_BBG000C496P7_2021-03-10
2021-06-08 01:16:15 13      VICR_BBG000C3VHF1_2021-03-10
2021-06-08 01:16:15 14      VIE_BBG00K6P5XM1_2021-03-10
2021-06-08 01:16:15 15      VIPS_BBG002NLDLV8_2021-03-10
2021-06-08 01:16:15 17      VIR_BBG00H2QQ8T5_2021-03-10
2021-06-08 01:16:15 18      VLO_BBG000BBGGQ1_2021-03-10
2021-06-08 01:16:15 21      VMC_BBG000BWGYF8_2021-03-10
2021-06-08 01:16:15 22      VMI_BBG000BWB7V4_2021-03-10
2021-06-08 01:16:15 23      VMW_BBG000BC9938_2021-03-10
2021-06-08 01:16:15 25      VNDA_BBG000HT5MG6_2021-03-10
2021-06-08 01:16:15 26      VNE_BBG00K4MPP27_2021-03-10
2021-06-08 01:16:15 27      VNO_BBG000BWHD54_2021-03-10
2021-06-08 01:16:15 28      VNT_BBG00RRGSJR4_2021-03-10
2021-06-08 01:16:15 29      VPG_BBG000PRQ0V9_2021-03-10
2021-06-08 01:16:15 30      VREX_BBG00CZNLR47_2021-03-10
2021-06-08 01:16:15 30      VRNS_BBG001Y04TN6_2021-03-10
2021-06-08 01:16:15 31      VRNT_BBG000BCBYT2_2021-03-10
2021-06-08 01:16:15 32      VRSK_BBG000BCZL41_2021-03-10
2021-06-08 01:16:15 34      VRSN_BBG000BGKHZ3_2021-03-10
2021-06-08 01:16:15 35      VRTS_BBG000DMFQS2_2021-03-10
2021-06-08 01:16:15 36      VRTV_BBG005XZHR97_2021-03-10
2021-06-08 01:16:15 37      VRTX_BBG000C1S2X2_2021-03-10
2021-06-08 01:16:15 39      VTR_BBG000FRVHB9_2021-03-10
2021-06-08 01:16:15 40      VTRS_BBG00Y4RQNH4_2021-03-10
2021-06-08 01:16:15 43      VZ_BBG000HS77T5_2021-03-10
2021-06-08 01:16:15 46      W_BBG001B17MV2_2021-03-10
2021-06-08 01:16:15 47      WAB_BBG000BDD940_2021-03-10
2021-06-08 01:16:15 49      WAL_BBG000Q1KFH4_2021-03-10
2021-06-08 01:16:15 50      WAT_BBG000FQRVM3_2021-03-10
2021-06-08 01:16:15 51      WB_BBG0065XPGX9_2021-03-10
2021-06-08 01:16:15 52      WBA_BBG000BWLMJ4_2021-03-10
2021-06-08 01:16:15 56      WCC_BBG000D0FNV3_2021-03-10
2021-06-08 01:16:15 57      WDAY_BBG000VC0T95_2021-03-10
2021-06-08 01:16:15 60      WDC_BBG000BWNFZ9_2021-03-10
2021-06-08 01:16:15 63      WDFC_BBG000BWNV93_2021-03-10
2021-06-08 01:16:15 64      WEC_BBG000BWP7D9_2021-03-10
2021-06-08 01:16:15 65      WELL_BBG000BKY1G5_2021-03-10
2021-06-08 01:16:15 67      WERN_BBG000BWPP85_2021-03-10
2021-06-08 01:16:15 68      WEX_BBG000BVZP59_2021-03-10
2021-06-08 01:16:15 68      WFC_BBG000BWQFY7_2021-03-10
2021-06-08 01:16:15 74      WGO_BBG000BWS3F3_2021-03-10
2021-06-08 01:16:15 75      WH_BBG00HCY3Q67_2021-03-10
2021-06-08 01:16:15 75      WHD_BBG00JRH1P95_2021-03-10
2021-06-08 01:16:15 77      WHR_BBG000BWSV34_2021-03-10
2021-06-08 01:16:15 78      WING_BBG008N298Y8_2021-03-10
2021-06-08 01:16:15 79      WK_BBG007BVZ8H9_2021-03-10
2021-06-08 01:16:15 80      WLK_BBG000PXZFW2_2021-03-10
2021-06-08 01:16:15 81      WLTW_BBG000DB3KT1_2021-03-10
2021-06-08 01:16:15 82      WM_BBG000BWVSR1_2021-03-10
2021-06-08 01:16:15 84      WMB_BBG000BWVCP8_2021-03-10
2021-06-08 01:16:15 86      WMT_BBG000BWXBC2_2021-03-10
2021-06-08 01:16:15 91      WOR_BBG000HL7499_2021-03-10
2021-06-08 01:16:15 91      WORK_BBG007G7V505_2021-03-10
2021-06-08 01:16:15 93      WRB_BBG000BD1HP2_2021-03-10
2021-06-08 01:16:15 94      WRK_BBG008NXC572_2021-03-10
2021-06-08 01:16:15 96      WRLD_BBG000C3G9J2_2021-03-10
2021-06-08 01:16:15 97      WSC_BBG00B0FS947_2021-03-10
2021-06-08 01:16:15 98      WSM_BBG000FSMWC3_2021-03-10
2021-06-08 01:16:15 99      WSO_BBG000DJN7L9_2021-03-10
2021-06-08 01:16:16 00      WST_BBG000BX24N8_2021-03-10
2021-06-08 01:16:16 01      WTFC_BBG000HD3DW5_2021-03-10
2021-06-08 01:16:16 02      WTS_BBG000C4Z6C2_2021-03-10
2021-06-08 01:16:16 02      WTTR_BBG00G4Y2DC1_2021-03-10
2021-06-08 01:16:16 03      WU_BBG000BB5373_2021-03-10
2021-06-08 01:16:16 05      WWD_BBG000BD53V2_2021-03-10
2021-06-08 01:16:16 06      WWE_BBG000F5YH15_2021-03-10
2021-06-08 01:16:16 07      WWW_BBG000BX2YN2_2021-03-10
2021-06-08 01:16:16 07      WY_BBG000BX3BL3_2021-03-10
2021-06-08 01:16:16 09      WYNN_BBG000LD9JQ8_2021-03-10
2021-06-08 01:16:16 11      XEC_BBG000D6L294_2021-03-10
2021-06-08 01:16:16 12      XEL_BBG000BCTQ65_2021-03-10
2021-06-08 01:16:16 16      XLNX_BBG000C0F570_2021-03-10
2021-06-08 01:16:16 20      XLRN_BBG000R5HWZ1_2021-03-10
2021-06-08 01:16:16 21      XNCR_BBG0026ZG4W0_2021-03-10
2021-06-08 01:16:16 22      XOM_BBG000GZQ728_2021-03-10
2021-06-08 01:16:16 29      XPO_BBG000L5CJF3_2021-03-10
2021-06-08 01:16:16 31      XRAY_BBG000BX57K1_2021-03-10
2021-06-08 01:16:16 32      XRX_BBG00NNG2ZJ8_2021-03-10
2021-06-08 01:16:16 34      XYL_BBG001D8R5D0_2021-03-10
2021-06-08 01:16:16 35      Y_BBG000BX6BJ3_2021-03-10
2021-06-08 01:16:16 35      YELP_BBG000Q2HM09_2021-03-10
2021-06-08 01:16:16 36      YETI_BBG00D8JC882_2021-03-10
2021-06-08 01:16:16 37      YEXT_BBG001MKZGY7_2021-03-10
2021-06-08 01:16:16 38      YUM_BBG000BH3GZ2_2021-03-10
2021-06-08 01:16:16 39      YUMC_BBG00B8N0HG1_2021-03-10
2021-06-08 01:16:16 41      YY_BBG003H0XV18_2021-03-10
2021-06-08 01:16:16 42      Z_BBG009NRSWJ4_2021-03-10
2021-06-08 01:16:16 47      ZBH_BBG000BKPL53_2021-03-10
2021-06-08 01:16:16 47      ZBRA_BBG000CC7LQ7_2021-03-10
2021-06-08 01:16:16 49      ZEN_BBG001HRFJG4_2021-03-10
2021-06-08 01:16:16 50      ZG_BBG000D13GN8_2021-03-10
2021-06-08 01:16:16 52      ZGNX_BBG000VDC3G9_2021-03-10
2021-06-08 01:16:16 53      ZI_BBG00S1HJ3M8_2021-03-10
2021-06-08 01:16:16 55      ZION_BBG000BX9WL1_2021-03-10
2021-06-08 01:16:16 57      ZM_BBG0042V6JM8_2021-03-10
2021-06-08 01:16:16 64      ZNH_BBG000BXQ7R1_2021-03-10
2021-06-08 01:16:16 64      ZS_BBG003338H34_2021-03-10
2021-06-08 01:16:16 67      ZTS_BBG0039320N9_2021-03-10
2021-06-08 01:16:16 69      ZUMZ_BBG000PYX812_2021-03-10
2021-06-08 01:16:16 70      ZUO_BBG000BT3HG5_2021-03-10
2021-06-08 01:16:16 71      ZYNE_BBG007BBS8B7_2021-03-10
2021-06-08 01:16:16 77      ZYXI_BBG000BJBXZ2_2021-03-10
2021-06-08 01:16:16 79      Total candles read: 5891375
2021-06-08 01:16:16 80      Start DisposeAsync...
2021-06-08 01:16:16 80      Trade statistic. Total/Pos/Neg: 2/2/0; Profit: 18.72; Volume: 0; MaxVolume: 249.60; Commission: 0.496160;
2021-06-08 01:16:16 80      BaseBot::DisposeAsync...
2021-06-08 01:16:16 80      BaseBot::DisposeAsync done!
2021-06-08 01:16:16 80      End DisposeAsync...
