2021-06-08 01:17:28 32      mode=TestTradeBot;DumpQuotes=false;SubscribeQuotes=false;Strategies=BuyTheDipPremarket;Token=token.txt;ConfigPath=usd.json;OutputFolder=.\new\;CandlesPath=C:\tinkoff\TestData\RawQuotes\5m\uncompressed\quotes_2021-04-16;
2021-06-08 01:17:28 33      Trade bot created
2021-06-08 01:17:28 35      Fake connection created
2021-06-08 01:17:29 59      List of disabled tickers: 
2021-06-08 01:17:29 60      A_BBG000C2V3D6_2021-04-16
2021-06-08 01:17:29 66      AA_BBG00B3T3HD3_2021-04-16
2021-06-08 01:17:29 71      AAL_BBG005P7Q881_2021-04-16
2021-06-08 01:17:29 75      AAN_BBG00WCNDCZ6_2021-04-16
2021-06-08 01:17:29 76      AAON_BBG000C2LZP3_2021-04-16
2021-06-08 01:17:29 76      AAP_BBG000F7RCJ1_2021-04-16
2021-06-08 01:17:29 78      AAPL_BBG000B9XRY4_2021-04-16
2021-06-08 01:17:29 92      ABBV_BBG0025Y4RY4_2021-04-16
2021-06-08 01:17:29 95      ABC_BBG000MDCQC2_2021-04-16
2021-06-08 01:17:29 96      ABG_BBG000BKDWB5_2021-04-16
2021-06-08 01:17:29 97      ABMD_BBG000C101X4_2021-04-16
2021-06-08 01:17:29 98      ABNB_BBG001Y2XS07_2021-04-16
2021-06-08 01:17:30 01      ABT_BBG000B9ZXB4_2021-04-16
2021-06-08 01:17:30 04      ACAD_BBG000BHG9K0_2021-04-16
2021-06-08 01:17:30 07      ACH_BBG000CMRVH1_2021-04-16
2021-06-08 01:17:30 08      ACM_BBG000F61RJ8_2021-04-16
2021-06-08 01:17:30 09      ACMR_BBG00HPSG933_2021-04-16
2021-06-08 01:17:30 10      ACN_BBG000D9D830_2021-04-16
2021-06-08 01:17:30 11      ADBE_BBG000BB5006_2021-04-16
2021-06-08 01:17:30 16      ADM_BBG000BB6WG8_2021-04-16
2021-06-08 01:17:30 17      ADP_BBG000JG0547_2021-04-16
2021-06-08 01:17:30 20      ADPT_BBG001J2PFF5_2021-04-16
2021-06-08 01:17:30 21      ADS_BBG000BFNR17_2021-04-16
2021-06-08 01:17:30 22      ADSK_BBG000BM7HL0_2021-04-16
2021-06-08 01:17:30 23      ADUS_BBG000NJGX84_2021-04-16
2021-06-08 01:17:30 24      AEE_BBG000B9X8C0_2021-04-16
2021-06-08 01:17:30 25      AEIS_BBG000FKMP26_2021-04-16
2021-06-08 01:17:30 26      AEO_BBG000BGXZB5_2021-04-16
2021-06-08 01:17:30 28      AERI_BBG001KJ7WJ5_2021-04-16
2021-06-08 01:17:30 29      AES_BBG000C23KJ3_2021-04-16
2021-06-08 01:17:30 31      AFG_BBG000DPKKK0_2021-04-16
2021-06-08 01:17:30 32      AFL_BBG000BBBNC6_2021-04-16
2021-06-08 01:17:30 33      AGCO_BBG000DCCZW2_2021-04-16
2021-06-08 01:17:30 34      AGIO_BBG000QY4ZD0_2021-04-16
2021-06-08 01:17:30 35      AIG_BBG000BBDZG3_2021-04-16
2021-06-08 01:17:30 37      AIR_BBG000BBGQF1_2021-04-16
2021-06-08 01:17:30 37      AIRC_BBG00XK3WVD0_2021-04-16
2021-06-08 01:17:30 38      AIT_BBG000BBHHP9_2021-04-16
2021-06-08 01:17:30 39      AIV_BBG000DD3510_2021-04-16
2021-06-08 01:17:30 40      AIZ_BBG000BZX1N5_2021-04-16
2021-06-08 01:17:30 41      AJG_BBG000BBHXQ3_2021-04-16
2021-06-08 01:17:30 42      AJRD_BBG000BKRHQ7_2021-04-16
2021-06-08 01:17:30 43      AKAM_BBG000BJQWD2_2021-04-16
2021-06-08 01:17:30 44      ALB_BBG000BJ26K7_2021-04-16
2021-06-08 01:17:30 45      ALGN_BBG000BRNLL2_2021-04-16
2021-06-08 01:17:30 46      ALGT_BBG000LJS6B8_2021-04-16
2021-06-08 01:17:30 47      ALK_BBG000BBL0Y1_2021-04-16
2021-06-08 01:17:30 48      ALL_BBG000BVMGF2_2021-04-16
2021-06-08 01:17:30 49      ALLE_BBG003PS7JV1_2021-04-16
2021-06-08 01:17:30 51      ALLK_BBG003QBJKN0_2021-04-16
2021-06-08 01:17:30 52      ALLO_BBG00KHRRDX3_2021-04-16
2021-06-08 01:17:30 53      ALLY_BBG000BC2R71_2021-04-16
2021-06-08 01:17:30 56      ALNY_BBG000BFGNJ5_2021-04-16
2021-06-08 01:17:30 57      ALRM_BBG007GNPYY7_2021-04-16
2021-06-08 01:17:30 58      ALSN_BBG001KY3845_2021-04-16
2021-06-08 01:17:30 60      ALTR_BBG000PN9NB9_2021-04-16
2021-06-08 01:17:30 60      ALXN_BBG000G30YX4_2021-04-16
2021-06-08 01:17:30 64      AMAT_BBG000BBPFB9_2021-04-16
2021-06-08 01:17:30 70      AMCX_BBG000H01H92_2021-04-16
2021-06-08 01:17:30 71      AMD_BBG000BBQCY0_2021-04-16
2021-06-08 01:17:30 83      AME_BBG000B9XG87_2021-04-16
2021-06-08 01:17:30 84      AMED_BBG000B9ZV28_2021-04-16
2021-06-08 01:17:30 85      AMG_BBG000C060M4_2021-04-16
2021-06-08 01:17:30 86      AMGN_BBG000BBS2Y0_2021-04-16
2021-06-08 01:17:30 88      AMN_BBG000BCT197_2021-04-16
2021-06-08 01:17:30 90      AMP_BBG000G3QLY3_2021-04-16
2021-06-08 01:17:30 90      AMT_BBG000B9XYV2_2021-04-16
2021-06-08 01:17:30 92      AMWD_BBG000BBX657_2021-04-16
2021-06-08 01:17:30 93      AMZN_BBG000BVPV84_2021-04-16
2021-06-08 01:17:30 98      AN_BBG000BBXLW4_2021-04-16
2021-06-08 01:17:30 99      ANAB_BBG0026ZDHR0_2021-04-16
2021-06-08 01:17:30 99      ANDE_BBG000BF8CN3_2021-04-16
2021-06-08 01:17:31 00      ANET_BBG000N2HDY5_2021-04-16
2021-06-08 01:17:31 01      ANF_BBG000H9G7X2_2021-04-16
2021-06-08 01:17:31 02      ANGI_BBG00HVKH3Q0_2021-04-16
2021-06-08 01:17:31 03      ANIK_BBG000BBKZD8_2021-04-16
2021-06-08 01:17:31 04      ANIP_BBG000KK1L04_2021-04-16
2021-06-08 01:17:31 04      ANSS_BBG000GXZ4W7_2021-04-16
2021-06-08 01:17:31 06      ANTM_BBG000BCG930_2021-04-16
2021-06-08 01:17:31 07      AON_BBG00SSQFPK6_2021-04-16
2021-06-08 01:17:31 08      AOS_BBG000BC1L02_2021-04-16
2021-06-08 01:17:31 09      AOUT_BBG00QV8FS02_2021-04-16
2021-06-08 01:17:31 10      APA_BBG00YTS96G2_2021-04-16
2021-06-08 01:17:31 12      APD_BBG000BC4JJ4_2021-04-16
2021-06-08 01:17:31 13      APEI_BBG000RVD346_2021-04-16
2021-06-08 01:17:31 13      APH_BBG000B9YJ35_2021-04-16
2021-06-08 01:17:31 15      APLE_BBG006473QX9_2021-04-16
2021-06-08 01:17:31 16      APLT_BBG000DD0489_2021-04-16
2021-06-08 01:17:31 16      APPF_BBG008GC8CP6_2021-04-16
2021-06-08 01:17:31 17      APPN_BBG001C7PMJ2_2021-04-16
2021-06-08 01:17:31 18      APPS_BBG000HZ3562_2021-04-16
2021-06-08 01:17:31 21      APTV_BBG001QD41M9_2021-04-16
2021-06-08 01:17:31 23      ARCC_BBG000PD6X77_2021-04-16
2021-06-08 01:17:31 23      ARCT_BBG00NNW8JK1_2021-04-16
2021-06-08 01:17:31 24      ARE_BBG000BC33T9_2021-04-16
2021-06-08 01:17:31 25      ARMK_BBG001KY4N87_2021-04-16
2021-06-08 01:17:31 26      ARNA_BBG000BKXBV7_2021-04-16
2021-06-08 01:17:31 27      ARNC_BBG00R45JYB7_2021-04-16
2021-06-08 01:17:31 28      ARQT_BBG00QN8K4M4_2021-04-16
2021-06-08 01:17:31 29      ARVN_BBG00LW7YK82_2021-04-16
2021-06-08 01:17:31 29      ARW_BBG000BCD3D5_2021-04-16
2021-06-08 01:17:31 30      ARWR_BBG000BRVKH0_2021-04-16
2021-06-08 01:17:31 31      ASGN_BBG000CRN8N8_2021-04-16
2021-06-08 01:17:31 31      ASH_BBG00D0Y81M1_2021-04-16
2021-06-08 01:17:31 32      ASIX_BBG00CWTTQ41_2021-04-16
2021-06-08 01:17:31 32      ATEX_BBG0081NLHR0_2021-04-16
2021-06-08 01:17:31 33      ATEX: BuyPending. Strategy: BuyTheDipPremarket. Price: 44.03. Lots: 5. ChangeOpenToCurrent: -5.76. changeFromLow: 2.09. Candle: ID:20, Time: 13:15, Close: 44.03.
2021-06-08 01:17:31 33      ATEX: OrderID: d6dcf40f. PlacedOrder. Status: New. RejectReason: 
2021-06-08 01:17:31 33      ATEX: Cancel order. Did not bought. Candle: ID:25, Time: 13:20, Close: 46.48
2021-06-08 01:17:31 33      OrderID: d6dcf40f successfully canceled
2021-06-08 01:17:31 33      ATGE_BBG000DQBZJ7_2021-04-16
2021-06-08 01:17:31 34      ATKR_BBG000QTFDQ4_2021-04-16
2021-06-08 01:17:31 35      ATR_BBG000BGX2S0_2021-04-16
2021-06-08 01:17:31 35      ATRA_BBG005Q3MQY4_2021-04-16
2021-06-08 01:17:31 37      ATRC_BBG000BL6CB5_2021-04-16
2021-06-08 01:17:31 38      ATRI_BBG000DTT624_2021-04-16
2021-06-08 01:17:31 38      ATRO_BBG000BCLBY5_2021-04-16
2021-06-08 01:17:31 39      ATUS_BBG00GFMPRK0_2021-04-16
2021-06-08 01:17:31 40      ATVI_BBG000CVWGS6_2021-04-16
2021-06-08 01:17:31 44      AVAV_BBG000GX14P2_2021-04-16
2021-06-08 01:17:31 45      AVB_BBG000BLPBL5_2021-04-16
2021-06-08 01:17:31 46      AVGO_BBG00KHY5S69_2021-04-16
2021-06-08 01:17:31 48      AVLR_BBG000R4Y9C1_2021-04-16
2021-06-08 01:17:31 49      AVNS_BBG005L86G05_2021-04-16
2021-06-08 01:17:31 50      AVNT_BBG000C8NJ10_2021-04-16
2021-06-08 01:17:31 50      AVNT: SPYKE!. Candle: ID:4, Time: 13:30, Close: 50.56
2021-06-08 01:17:31 51      AVTR_BBG00G2HHYD7_2021-04-16
2021-06-08 01:17:31 52      AVY_BBG000BCQ4P6_2021-04-16
2021-06-08 01:17:31 53      AWI_BBG000DW4LB1_2021-04-16
2021-06-08 01:17:31 53      AWK_BBG000TRJ294_2021-04-16
2021-06-08 01:17:31 54      AWR_BBG000F964B6_2021-04-16
2021-06-08 01:17:31 55      AX_BBG000QPHD08_2021-04-16
2021-06-08 01:17:31 56      AXGN_BBG000BN46R9_2021-04-16
2021-06-08 01:17:31 57      AXP_BBG000BCQZS4_2021-04-16
2021-06-08 01:17:31 58      AXSM_BBG00B6G7GL7_2021-04-16
2021-06-08 01:17:31 59      AYI_BBG000BJ5HK0_2021-04-16
2021-06-08 01:17:31 60      AYX_BBG000BGZT72_2021-04-16
2021-06-08 01:17:31 61      AZO_BBG000C7LMS8_2021-04-16
2021-06-08 01:17:31 62      AZPN_BBG000DFMXT3_2021-04-16
2021-06-08 01:17:31 63      BA_BBG000BCSST7_2021-04-16
2021-06-08 01:17:31 67      BABA_BBG006G2JVL2_2021-04-16
2021-06-08 01:17:31 77      BAC_BBG000BCTLF6_2021-04-16
2021-06-08 01:17:31 82      BAH_BBG000R2YFG7_2021-04-16
2021-06-08 01:17:31 83      BAND_BBG001K003W2_2021-04-16
2021-06-08 01:17:31 84      BAX_BBG000BCVJ77_2021-04-16
2021-06-08 01:17:31 86      BBIO_BBG00P9KDZK6_2021-04-16
2021-06-08 01:17:31 87      BBSI_BBG000BHJSC4_2021-04-16
2021-06-08 01:17:31 87      BBY_BBG000BCWCG1_2021-04-16
2021-06-08 01:17:31 88      BC_BBG000BCWSS3_2021-04-16
2021-06-08 01:17:31 89      BCO_BBG000DR5QP5_2021-04-16
2021-06-08 01:17:31 90      BCPC_BBG000BCY878_2021-04-16
2021-06-08 01:17:31 91      BDC_BBG000Q4XNV1_2021-04-16
2021-06-08 01:17:31 92      BDTX_BBG00MS4Y0W9_2021-04-16
2021-06-08 01:17:31 92      BDX_BBG000BCZYD3_2021-04-16
2021-06-08 01:17:31 93      BECN_BBG000BKTXF2_2021-04-16
2021-06-08 01:17:31 95      BEN_BBG000BD0TF8_2021-04-16
2021-06-08 01:17:31 96      BERY_BBG000Q1R1Y9_2021-04-16
2021-06-08 01:17:31 97      BF.B_BBG000BD2NY8_2021-04-16
2021-06-08 01:17:31 98      BFAM_BBG003LFWP05_2021-04-16
2021-06-08 01:17:31 98      BFYT_BBG003QRSQD3_2021-04-16
2021-06-08 01:17:31 99      BGS_BBG000RKXRQ1_2021-04-16
2021-06-08 01:17:32 00      BH_BBG00JPRDQH1_2021-04-16
2021-06-08 01:17:32 00      BHF_BBG00DYPZ4T0_2021-04-16
2021-06-08 01:17:32 01      BIDU_BBG000QXWHD1_2021-04-16
2021-06-08 01:17:32 07      BIG_BBG000J0D904_2021-04-16
2021-06-08 01:17:32 08      BIIB_BBG000C17X76_2021-04-16
2021-06-08 01:17:32 10      BILI_BBG00K7T3037_2021-04-16
2021-06-08 01:17:32 13      BILL_BBG00QVJV6V4_2021-04-16
2021-06-08 01:17:32 14      BIO_BBG000DY28W5_2021-04-16
2021-06-08 01:17:32 15      BJRI_BBG000H9LNX1_2021-04-16
2021-06-08 01:17:32 16      BK_BBG000BD8PN9_2021-04-16
2021-06-08 01:17:32 19      BKI_BBG00GX77LW3_2021-04-16
2021-06-08 01:17:32 20      BKNG_BBG000BLBVN4_2021-04-16
2021-06-08 01:17:32 22      BKR_BBG00GBVBK51_2021-04-16
2021-06-08 01:17:32 25      BL_BBG0029KJVB0_2021-04-16
2021-06-08 01:17:32 26      BLD_BBG0077VS2C0_2021-04-16
2021-06-08 01:17:32 27      BLDR_BBG000BKD3K9_2021-04-16
2021-06-08 01:17:32 29      BLK_BBG000C2PW58_2021-04-16
2021-06-08 01:17:32 30      BLKB_BBG000BGGTW5_2021-04-16
2021-06-08 01:17:32 31      BLL_BBG000BDDNH5_2021-04-16
2021-06-08 01:17:32 32      BLUE_BBG000QGWY50_2021-04-16
2021-06-08 01:17:32 34      BMI_BBG000BDGHD9_2021-04-16
2021-06-08 01:17:32 34      BMRN_BBG000CZWZ05_2021-04-16
2021-06-08 01:17:32 35      BMY_BBG000DQLV23_2021-04-16
2021-06-08 01:17:32 38      BOH_BBG000C8D8G9_2021-04-16
2021-06-08 01:17:32 39      BOKF_BBG000CFZ003_2021-04-16
2021-06-08 01:17:32 39      BOOT_BBG0077SYZV6_2021-04-16
2021-06-08 01:17:32 40      BOX_BBG000PMSK08_2021-04-16
2021-06-08 01:17:32 41      BPMC_BBG001MC8YF7_2021-04-16
2021-06-08 01:17:32 42      BR_BBG000PPFKQ7_2021-04-16
2021-06-08 01:17:32 43      BRC_BBG000BDNV95_2021-04-16
2021-06-08 01:17:32 43      BRK.B_BBG000DWG505_2021-04-16
2021-06-08 01:17:32 45      BRKR_BBG000CL1FG7_2021-04-16
2021-06-08 01:17:32 47      BRO_BBG000BWSGF4_2021-04-16
2021-06-08 01:17:32 48      BSX_BBG000C0LW92_2021-04-16
2021-06-08 01:17:32 50      BTAI_BBG00K20GVD2_2021-04-16
2021-06-08 01:17:32 51      BTI_BBG000BWPXQ8_2021-04-16
2021-06-08 01:17:32 52      BUD_BBG000RYC984_2021-04-16
2021-06-08 01:17:32 53      BURL_BBG004S641N5_2021-04-16
2021-06-08 01:17:32 54      BWA_BBG000BJ49H3_2021-04-16
2021-06-08 01:17:32 55      BWXT_BBG000D86F25_2021-04-16
2021-06-08 01:17:32 56      BX_BBG000BH0106_2021-04-16
2021-06-08 01:17:32 57      BXP_BBG000BS5CM9_2021-04-16
2021-06-08 01:17:32 59      BYND_BBG003CVJP50_2021-04-16
2021-06-08 01:17:32 60      BZUN_BBG008HNS333_2021-04-16
2021-06-08 01:17:32 62      C_BBG000FY4S11_2021-04-16
2021-06-08 01:17:32 67      CABO_BBG000F02T51_2021-04-16
2021-06-08 01:17:32 68      CACC_BBG000CS0D96_2021-04-16
2021-06-08 01:17:32 69      CAG_BBG000BDXGP9_2021-04-16
2021-06-08 01:17:32 70      CAH_BBG000D898T9_2021-04-16
2021-06-08 01:17:32 71      CALM_BBG000CDMJW6_2021-04-16
2021-06-08 01:17:32 71      CARA_BBG001J2QYS9_2021-04-16
2021-06-08 01:17:32 72      CARG_BBG00HQ77DS2_2021-04-16
2021-06-08 01:17:32 73      CARR_BBG00RP5HYS8_2021-04-16
2021-06-08 01:17:32 75      CARS_BBG000HGTH33_2021-04-16
2021-06-08 01:17:32 76      CASY_BBG000BF0672_2021-04-16
2021-06-08 01:17:32 76      CAT_BBG000BF0K17_2021-04-16
2021-06-08 01:17:32 78      CB_BBG000BR14K5_2021-04-16
2021-06-08 01:17:32 79      CBRE_BBG000C04224_2021-04-16
2021-06-08 01:17:32 80      CBRL_BBG000BF33K1_2021-04-16
2021-06-08 01:17:32 81      CBSH_BBG000BF3G77_2021-04-16
2021-06-08 01:17:32 82      CBU_BBG000BF4D19_2021-04-16
2021-06-08 01:17:32 83      CCI_BBG000FV1Z23_2021-04-16
2021-06-08 01:17:32 85      CCK_BBG000BF6756_2021-04-16
2021-06-08 01:17:32 85      CCL_BBG000BF6LY3_2021-04-16
2021-06-08 01:17:32 90      CCOI_BBG000D0SMY8_2021-04-16
2021-06-08 01:17:32 91      CCXI_BBG000PTSB12_2021-04-16
2021-06-08 01:17:32 92      CDK_BBG006B6PVN9_2021-04-16
2021-06-08 01:17:32 93      CDLX_BBG00225ZDD0_2021-04-16
2021-06-08 01:17:32 94      CDNA_BBG006JS5785_2021-04-16
2021-06-08 01:17:32 95      CDNS_BBG000C13CD9_2021-04-16
2021-06-08 01:17:32 97      CDW_BBG001P63B80_2021-04-16
2021-06-08 01:17:32 99      CE_BBG000JYP7L8_2021-04-16
2021-06-08 01:17:33 00      CEA_BBG000BCFNR4_2021-04-16
2021-06-08 01:17:33 00      CENT_BBG000BFD605_2021-04-16
2021-06-08 01:17:33 01      CENTA_BBG000KTYB56_2021-04-16
2021-06-08 01:17:33 02      CERN_BBG000BFDLV8_2021-04-16
2021-06-08 01:17:33 04      CEVA_BBG000BN3P07_2021-04-16
2021-06-08 01:17:33 04      CF_BBG000BWJFZ4_2021-04-16
2021-06-08 01:17:33 05      CFG_BBG006Q0HY77_2021-04-16
2021-06-08 01:17:33 07      CFR_BBG000C2PL98_2021-04-16
2021-06-08 01:17:33 08      CFX_BBG000C5Z443_2021-04-16
2021-06-08 01:17:33 08      CGEN_BBG000B9ZLB0_2021-04-16
2021-06-08 01:17:33 09      CGNX_BBG000BPBVW5_2021-04-16
2021-06-08 01:17:33 10      CHD_BBG000BFJT36_2021-04-16
2021-06-08 01:17:33 12      CHDN_BBG000BGXMG9_2021-04-16
2021-06-08 01:17:33 12      CHE_BBG000C19QW1_2021-04-16
2021-06-08 01:17:33 13      CHEF_BBG001MFW6D6_2021-04-16
2021-06-08 01:17:33 13      CHGG_BBG0014XR0N5_2021-04-16
2021-06-08 01:17:33 15      CHH_BBG000BPBTL2_2021-04-16
2021-06-08 01:17:33 15      CHKP_BBG000K82ZT8_2021-04-16
2021-06-08 01:17:33 17      CHNG_BBG0059KNH10_2021-04-16
2021-06-08 01:17:33 17      CHRW_BBG000BTCH57_2021-04-16
2021-06-08 01:17:33 19      CHTR_BBG000VPGNR2_2021-04-16
2021-06-08 01:17:33 22      CHWY_BBG00P19DKZ6_2021-04-16
2021-06-08 01:17:33 24      CHX_BBG00JH9TZ56_2021-04-16
2021-06-08 01:17:33 26      CI_BBG00KXRCDP0_2021-04-16
2021-06-08 01:17:33 29      CIEN_BBG000BP1152_2021-04-16
2021-06-08 01:17:33 30      CINF_BBG000BFPK65_2021-04-16
2021-06-08 01:17:33 31      CL_BBG000BFQYY3_2021-04-16
2021-06-08 01:17:33 34      CLDR_BBG000DRJFC8_2021-04-16
2021-06-08 01:17:33 35      CLDT_BBG000PT6BR8_2021-04-16
2021-06-08 01:17:33 36      CLF_BBG000BFRF55_2021-04-16
2021-06-08 01:17:33 37      CLGX_BBG000C2H3F0_2021-04-16
2021-06-08 01:17:33 38      CLH_BBG000BFRRX8_2021-04-16
2021-06-08 01:17:33 38      CLR_BBG000BHBGN6_2021-04-16
2021-06-08 01:17:33 40      CLX_BBG000BFS7D3_2021-04-16
2021-06-08 01:17:33 41      CMA_BBG000C75N77_2021-04-16
2021-06-08 01:17:33 42      CMC_BBG000BFSND8_2021-04-16
2021-06-08 01:17:33 43      CMCO_BBG000BCWWV0_2021-04-16
2021-06-08 01:17:33 43      CMCSA_BBG000BFT2L4_2021-04-16
2021-06-08 01:17:33 47      CME_BBG000BHLYP4_2021-04-16
2021-06-08 01:17:33 49      CMG_BBG000QX74T1_2021-04-16
2021-06-08 01:17:33 50      CMI_BBG000BGPTV6_2021-04-16
2021-06-08 01:17:33 51      CMP_BBG000C42WS4_2021-04-16
2021-06-08 01:17:33 52      CMS_BBG000BFVXX0_2021-04-16
2021-06-08 01:17:33 54      CNC_BBG000BDXCJ5_2021-04-16
2021-06-08 01:17:33 55      CNK_BBG000QDVR53_2021-04-16
2021-06-08 01:17:33 58      CNP_BBG000FDBX90_2021-04-16
2021-06-08 01:17:33 60      CNS_BBG000BB0WG4_2021-04-16
2021-06-08 01:17:33 60      CNST_BBG000R1H6P8_2021-04-16
2021-06-08 01:17:33 60      CNST: SPYKE!. Candle: ID:24, Time: 9:50, Close: 25
2021-06-08 01:17:33 61      CNXC_BBG00RCNQMX3_2021-04-16
2021-06-08 01:17:33 62      CNXN_BBG000BX74M4_2021-04-16
2021-06-08 01:17:33 62      COF_BBG000BGKTF9_2021-04-16
2021-06-08 01:17:33 64      COG_BBG000C3GN47_2021-04-16
2021-06-08 01:17:33 66      COHR_BBG000BG1DH3_2021-04-16
2021-06-08 01:17:33 66      COKE_BBG000BG1SX2_2021-04-16
2021-06-08 01:17:33 67      COLM_BBG000BKKQ84_2021-04-16
2021-06-08 01:17:33 68      CONE_BBG0038V5TX1_2021-04-16
2021-06-08 01:17:33 68      COO_BBG000BG3445_2021-04-16
2021-06-08 01:17:33 69      COP_BBG000BQQH30_2021-04-16
2021-06-08 01:17:33 72      CORR_BBG000CN80Y9_2021-04-16
2021-06-08 01:17:33 74      CORT_BBG000BKJG33_2021-04-16
2021-06-08 01:17:33 75      COST_BBG000F6H8W8_2021-04-16
2021-06-08 01:17:33 77      COTY_BBG000F395V1_2021-04-16
2021-06-08 01:17:33 78      COUP_BBG001J4BCN4_2021-04-16
2021-06-08 01:17:33 79      CPB_BBG000BG4202_2021-04-16
2021-06-08 01:17:33 81      CPRI_BBG0029SNR63_2021-04-16
2021-06-08 01:17:33 82      CPRT_BBG000BM9RH1_2021-04-16
2021-06-08 01:17:33 83      CPS_BBG000PSXT64_2021-04-16
2021-06-08 01:17:33 84      CR_BBG000BG7423_2021-04-16
2021-06-08 01:17:33 85      CREE_BBG000BG14P4_2021-04-16
2021-06-08 01:17:33 86      CRI_BBG000CTM4J9_2021-04-16
2021-06-08 01:17:33 87      CRL_BBG000BG5BL8_2021-04-16
2021-06-08 01:17:33 88      CRM_BBG000BN2DC2_2021-04-16
2021-06-08 01:17:33 90      CRMT_BBG000CM6L31_2021-04-16
2021-06-08 01:17:33 91      CROX_BBG000BLY663_2021-04-16
2021-06-08 01:17:33 92      CRS_BBG000BGCQT9_2021-04-16
2021-06-08 01:17:33 93      CRTX_BBG00BTK1DT8_2021-04-16
2021-06-08 01:17:33 94      CRUS_BBG000C1DHF5_2021-04-16
2021-06-08 01:17:33 95      CRVL_BBG000CVKZY0_2021-04-16
2021-06-08 01:17:33 95      CRWD_BBG00BLYKS03_2021-04-16
2021-06-08 01:17:33 98      CSCO_BBG000C3J3C9_2021-04-16
2021-06-08 01:17:34 03      CSGP_BBG000D7JKW9_2021-04-16
2021-06-08 01:17:34 04      CSGS_BBG000G3TQV2_2021-04-16
2021-06-08 01:17:34 04      CSII_BBG000NWQ9S5_2021-04-16
2021-06-08 01:17:34 05      CSL_BBG000BGGBT8_2021-04-16
2021-06-08 01:17:34 06      CSOD_BBG0016X4XN6_2021-04-16
2021-06-08 01:17:34 07      CSWI_BBG007NLG4L3_2021-04-16
2021-06-08 01:17:34 07      CSX_BBG000BGJRC8_2021-04-16
2021-06-08 01:17:34 10      CTAS_BBG000H3YXF8_2021-04-16
2021-06-08 01:17:34 12      CTB_BBG000BGKXV2_2021-04-16
2021-06-08 01:17:34 13      CTLT_BBG005XR47P5_2021-04-16
2021-06-08 01:17:34 14      CTSH_BBG000BBDV81_2021-04-16
2021-06-08 01:17:34 16      CTVA_BBG00BN969C1_2021-04-16
2021-06-08 01:17:34 17      CTXS_BBG000FQ6PY6_2021-04-16
2021-06-08 01:17:34 19      CVCO_BBG000K4WS65_2021-04-16
2021-06-08 01:17:34 20      CVET_BBG00KR691K8_2021-04-16
2021-06-08 01:17:34 21      CVGW_BBG000BGPQW1_2021-04-16
2021-06-08 01:17:34 21      CVLT_BBG000BG88X9_2021-04-16
2021-06-08 01:17:34 23      CVNA_BBG00GCTWDJ3_2021-04-16
2021-06-08 01:17:34 24      CVS_BBG000BGRY34_2021-04-16
2021-06-08 01:17:34 26      CVX_BBG000K4ND22_2021-04-16
2021-06-08 01:17:34 30      CW_BBG000BGSPS5_2021-04-16
2021-06-08 01:17:34 31      CWST_BBG000BT0J38_2021-04-16
2021-06-08 01:17:34 33      CWT_BBG000D8KTN6_2021-04-16
2021-06-08 01:17:34 33      CY_BBG000BXNJ07_2021-04-16
2021-06-08 01:17:34 34      D_BBG000BGVW60_2021-04-16
2021-06-08 01:17:34 36      DAL_BBG000R7Z112_2021-04-16
2021-06-08 01:17:34 41      DAR_BBG000BN8ZK8_2021-04-16
2021-06-08 01:17:34 41      DBX_BBG0018SLDN0_2021-04-16
2021-06-08 01:17:34 43      DCI_BBG000BGZP70_2021-04-16
2021-06-08 01:17:34 44      DCPH_BBG00HMJ9H54_2021-04-16
2021-06-08 01:17:34 45      DD_BBG00BN961G4_2021-04-16
2021-06-08 01:17:34 47      DDOG_BBG003NJHZT9_2021-04-16
2021-06-08 01:17:34 50      DDS_BBG000BS4MP5_2021-04-16
2021-06-08 01:17:34 51      DE_BBG000BH1NH9_2021-04-16
2021-06-08 01:17:34 52      DECK_BBG000BKXYX5_2021-04-16
2021-06-08 01:17:34 53      DELL_BBG00DW3SZS1_2021-04-16
2021-06-08 01:17:34 56      DFS_BBG000QBR5J5_2021-04-16
2021-06-08 01:17:34 57      DG_BBG000NV1KK7_2021-04-16
2021-06-08 01:17:34 59      DGX_BBG000BN84F3_2021-04-16
2021-06-08 01:17:34 60      DHI_BBG000DQTXY6_2021-04-16
2021-06-08 01:17:34 62      DHR_BBG000BH3JF8_2021-04-16
2021-06-08 01:17:34 63      DIOD_BBG000G25P51_2021-04-16
2021-06-08 01:17:34 64      DIS_BBG000BH4R78_2021-04-16
2021-06-08 01:17:34 68      DISCA_BBG000CHWP52_2021-04-16
2021-06-08 01:17:34 74      DISCB_BBG000F7L5N7_2021-04-16
2021-06-08 01:17:34 74      DISCB: SPYKE!. Candle: ID:661, Time: 13:35, Close: 80.06
2021-06-08 01:17:34 75      DISCK_BBG000VMWHH5_2021-04-16
2021-06-08 01:17:34 77      DK_BBG00FZYFVC5_2021-04-16
2021-06-08 01:17:34 78      DKNG_BBG00TCBG714_2021-04-16
2021-06-08 01:17:34 83      DKS_BBG000F6ZWH2_2021-04-16
2021-06-08 01:17:34 85      DLB_BBG000DGLTG5_2021-04-16
2021-06-08 01:17:34 85      DLR_BBG000Q5ZRM7_2021-04-16
2021-06-08 01:17:34 86      DLTH_BBG002GBMZG4_2021-04-16
2021-06-08 01:17:34 87      DLTR_BBG000BSC0K9_2021-04-16
2021-06-08 01:17:34 89      DLX_BBG000BH6360_2021-04-16
2021-06-08 01:17:34 90      DNLI_BBG008P7F869_2021-04-16
2021-06-08 01:17:34 91      DNOW_BBG005BLN209_2021-04-16
2021-06-08 01:17:34 91      DOCU_BBG000N7KJX8_2021-04-16
2021-06-08 01:17:34 95      DORM_BBG000BM22F5_2021-04-16
2021-06-08 01:17:34 95      DOV_BBG000BHB3M6_2021-04-16
2021-06-08 01:17:34 96      DOW_BBG00BN96922_2021-04-16
2021-06-08 01:17:34 98      DPZ_BBG000P458P3_2021-04-16
2021-06-08 01:17:34 99      DRE_BBG000BHD8S7_2021-04-16
2021-06-08 01:17:35 00      DRI_BBG000BBNYF6_2021-04-16
2021-06-08 01:17:35 01      DRNA_BBG001J1DB23_2021-04-16
2021-06-08 01:17:35 02      DRNA: SPYKE!. Candle: ID:2, Time: 7:00, Close: 29.13
2021-06-08 01:17:35 02      DRQ_BBG000BVDBY2_2021-04-16
2021-06-08 01:17:35 03      DT_BBG00PNN7C40_2021-04-16
2021-06-08 01:17:35 04      DVA_BBG000MQ1SN9_2021-04-16
2021-06-08 01:17:35 05      DVN_BBG000BBVJZ8_2021-04-16
2021-06-08 01:17:35 07      DXC_BBG00FN64XT9_2021-04-16
2021-06-08 01:17:35 08      DXCM_BBG000QTF8K1_2021-04-16
2021-06-08 01:17:35 09      DY_BBG000C4SKT1_2021-04-16
2021-06-08 01:17:35 10      EA_BBG000BP0KQ8_2021-04-16
2021-06-08 01:17:35 12      EAT_BBG000BK28N7_2021-04-16
2021-06-08 01:17:35 12      EBAY_BBG000C43RR5_2021-04-16
2021-06-08 01:17:35 15      EBS_BBG000GW06J7_2021-04-16
2021-06-08 01:17:35 16      ECHO_BBG000RFP8W6_2021-04-16
2021-06-08 01:17:35 17      ECL_BBG000BHKYH4_2021-04-16
2021-06-08 01:17:35 18      ECPG_BBG000F369C7_2021-04-16
2021-06-08 01:17:35 18      ED_BBG000BHLYS1_2021-04-16
2021-06-08 01:17:35 20      EDIT_BBG005MX5GZ2_2021-04-16
2021-06-08 01:17:35 25      EEFT_BBG000BMNBY1_2021-04-16
2021-06-08 01:17:35 26      EFX_BBG000BHPL78_2021-04-16
2021-06-08 01:17:35 27      EGHT_BBG000BCGHH7_2021-04-16
2021-06-08 01:17:35 28      EGRX_BBG005Y3XWH9_2021-04-16
2021-06-08 01:17:35 29      EHTH_BBG000P5JQX6_2021-04-16
2021-06-08 01:17:35 30      EIX_BBG000D7RKJ5_2021-04-16
2021-06-08 01:17:35 30      EL_BBG000FKJRC5_2021-04-16
2021-06-08 01:17:35 32      ELAN_BBG00LJYS1P8_2021-04-16
2021-06-08 01:17:35 33      ELS_BBG000BB7SX7_2021-04-16
2021-06-08 01:17:35 34      EME_BBG000BBRPL4_2021-04-16
2021-06-08 01:17:35 34      EMN_BBG000BLW530_2021-04-16
2021-06-08 01:17:35 35      EMR_BBG000BHX7N2_2021-04-16
2021-06-08 01:17:35 36      ENDP_BBG000C0HQ54_2021-04-16
2021-06-08 01:17:35 37      ENPH_BBG001R3MNY9_2021-04-16
2021-06-08 01:17:35 40      ENR_BBG006FCB019_2021-04-16
2021-06-08 01:17:35 40      ENS_BBG000PWTD92_2021-04-16
2021-06-08 01:17:35 41      ENTA_BBG001V9NSB4_2021-04-16
2021-06-08 01:17:35 42      ENTG_BBG000CTV4N4_2021-04-16
2021-06-08 01:17:35 43      ENV_BBG000Q4NZ54_2021-04-16
2021-06-08 01:17:35 43      EOG_BBG000BZ9223_2021-04-16
2021-06-08 01:17:35 45      EPAM_BBG000MHTV89_2021-04-16
2021-06-08 01:17:35 46      EPAY_BBG000BRNH31_2021-04-16
2021-06-08 01:17:35 46      EPC_BBG000BRW644_2021-04-16
2021-06-08 01:17:35 47      EQIX_BBG000MBDGM6_2021-04-16
2021-06-08 01:17:35 48      EQT_BBG000BHZ5J9_2021-04-16
2021-06-08 01:17:35 50      ERIE_BBG000BBTJZ1_2021-04-16
2021-06-08 01:17:35 51      ES_BBG000BQ87N0_2021-04-16
2021-06-08 01:17:35 53      ESPR_BBG004KB3S72_2021-04-16
2021-06-08 01:17:35 53      ESPR: SPYKE!. Candle: ID:1414, Time: 21:25, Close: 27.84
2021-06-08 01:17:35 53      ESS_BBG000CGJMB9_2021-04-16
2021-06-08 01:17:35 54      ET_BBG000BM2FL9_2021-04-16
2021-06-08 01:17:35 56      ETN_BBG000BJ3PD2_2021-04-16
2021-06-08 01:17:35 58      ETR_BBG000C1FQS9_2021-04-16
2021-06-08 01:17:35 59      ETRN_BBG00K53L394_2021-04-16
2021-06-08 01:17:35 60      ETSY_BBG000N7MXL8_2021-04-16
2021-06-08 01:17:35 62      EV_BBG000DBVBY4_2021-04-16
2021-06-08 01:17:35 62      EVBG_BBG0022FMPD5_2021-04-16
2021-06-08 01:17:35 63      EVER_BBG00F17NDH7_2021-04-16
2021-06-08 01:17:35 64      EVH_BBG005CHLM96_2021-04-16
2021-06-08 01:17:35 64      EVR_BBG000BP30Y0_2021-04-16
2021-06-08 01:17:35 65      EVRG_BBG00H433CR2_2021-04-16
2021-06-08 01:17:35 66      EW_BBG000BRXP69_2021-04-16
2021-06-08 01:17:35 68      EWBC_BBG000CR20B1_2021-04-16
2021-06-08 01:17:35 69      EXAS_BBG000CWL0F5_2021-04-16
2021-06-08 01:17:35 70      EXC_BBG000J6XT05_2021-04-16
2021-06-08 01:17:35 73      EXEL_BBG000BQ4WF8_2021-04-16
2021-06-08 01:17:35 74      EXLS_BBG000NS3P30_2021-04-16
2021-06-08 01:17:35 75      EXP_BBG000BJW241_2021-04-16
2021-06-08 01:17:35 75      EXPD_BBG000BJ5GK2_2021-04-16
2021-06-08 01:17:35 77      EXPE_BBG000QY3XZ2_2021-04-16
2021-06-08 01:17:35 79      EXR_BBG000PV27K3_2021-04-16
2021-06-08 01:17:35 79      EYE_BBG00HVQF9K2_2021-04-16
2021-06-08 01:17:35 80      F_BBG000BQPC32_2021-04-16
2021-06-08 01:17:35 82      FANG_BBG002PHSYX9_2021-04-16
2021-06-08 01:17:35 84      FARO_BBG000BJD7C2_2021-04-16
2021-06-08 01:17:35 84      FAST_BBG000BJ8YN7_2021-04-16
2021-06-08 01:17:35 86      FATE_BBG000QP35H2_2021-04-16
2021-06-08 01:17:35 87      FB_BBG000MM2P62_2021-04-16
2021-06-08 01:17:35 96      FBHS_BBG001B4BV87_2021-04-16
2021-06-08 01:17:35 97      FCFS_BBG000DNF659_2021-04-16
2021-06-08 01:17:35 97      FCN_BBG000K88H58_2021-04-16
2021-06-08 01:17:35 98      FCX_BBG000BJDB15_2021-04-16
2021-06-08 01:17:36 01      FDS_BBG000BDJL83_2021-04-16
2021-06-08 01:17:36 03      FDX_BBG000BJF1Z8_2021-04-16
2021-06-08 01:17:36 04      FELE_BBG000BJGGV8_2021-04-16
2021-06-08 01:17:36 05      FFIV_BBG000CXYSZ6_2021-04-16
2021-06-08 01:17:36 06      FGEN_BBG000FW5ZL6_2021-04-16
2021-06-08 01:17:36 08      FICO_BBG000DW76Y6_2021-04-16
2021-06-08 01:17:36 09      FIS_BBG000BK2F42_2021-04-16
2021-06-08 01:17:36 10      FISV_BBG000BJKPG0_2021-04-16
2021-06-08 01:17:36 14      FITB_BBG000BJL3N0_2021-04-16
2021-06-08 01:17:36 18      FIVN_BBG001KHJM17_2021-04-16
2021-06-08 01:17:36 19      FIZZ_BBG000BF8CB6_2021-04-16
2021-06-08 01:17:36 20      FL_BBG000BX8DC4_2021-04-16
2021-06-08 01:17:36 22      FLIR_BBG000BHK836_2021-04-16
2021-06-08 01:17:36 23      FLOW_BBG007FL7ZD2_2021-04-16
2021-06-08 01:17:36 24      FLR_BBG000BB1TH9_2021-04-16
2021-06-08 01:17:36 25      FLS_BBG000FFH4P5_2021-04-16
2021-06-08 01:17:36 26      FLT_BBG000GPXKX9_2021-04-16
2021-06-08 01:17:36 27      FLWS_BBG000BBR9P6_2021-04-16
2021-06-08 01:17:36 29      FMC_BBG000BJP882_2021-04-16
2021-06-08 01:17:36 30      FND_BBG007GJ2F81_2021-04-16
2021-06-08 01:17:36 31      FNKO_BBG00HXSHDQ9_2021-04-16
2021-06-08 01:17:36 34      FOCS_BBG00L0YTFN8_2021-04-16
2021-06-08 01:17:36 35      FOE_BBG000BJQK11_2021-04-16
2021-06-08 01:17:36 36      FOLD_BBG000PLF6N0_2021-04-16
2021-06-08 01:17:36 38      FORM_BBG000D1Y3P1_2021-04-16
2021-06-08 01:17:36 39      FORR_BBG000HGNYG8_2021-04-16
2021-06-08 01:17:36 40      FOX_BBG00JHNKJY8_2021-04-16
2021-06-08 01:17:36 41      FOXA_BBG00JHNJW99_2021-04-16
2021-06-08 01:17:36 43      FOXF_BBG004T7VS53_2021-04-16
2021-06-08 01:17:36 44      FRHC_BBG000N625H8_2021-04-16
2021-06-08 01:17:36 45      FRPH_BBG000HCVWW4_2021-04-16
2021-06-08 01:17:36 46      FRPT_BBG001D0HB36_2021-04-16
2021-06-08 01:17:36 47      FSLR_BBG000BFL116_2021-04-16
2021-06-08 01:17:36 51      FSLY_BBG004NLQHL0_2021-04-16
2021-06-08 01:17:36 53      FTCH_BBG00LSD4456_2021-04-16
2021-06-08 01:17:36 56      FTI_BBG00DL8NMV2_2021-04-16
2021-06-08 01:17:36 57      FTNT_BBG000BCMBG4_2021-04-16
2021-06-08 01:17:36 59      FTV_BBG00BLVZ228_2021-04-16
2021-06-08 01:17:36 61      FUL_BBG000BJZ7V7_2021-04-16
2021-06-08 01:17:36 62      GATX_BBG000BKGXQ4_2021-04-16
2021-06-08 01:17:36 62      GBCI_BBG000C3KB84_2021-04-16
2021-06-08 01:17:36 63      GBT_BBG00341H6M0_2021-04-16
2021-06-08 01:17:36 65      GBX_BBG000CF5097_2021-04-16
2021-06-08 01:17:36 65      GCO_BBG000BK5S78_2021-04-16
2021-06-08 01:17:36 66      GCP_BBG0082W8Q12_2021-04-16
2021-06-08 01:17:36 67      GD_BBG000BK67C7_2021-04-16
2021-06-08 01:17:36 68      GDDY_BBG006MDLY05_2021-04-16
2021-06-08 01:17:36 69      GDOT_BBG000QDJT53_2021-04-16
2021-06-08 01:17:36 70      GE_BBG000BK6MB5_2021-04-16
2021-06-08 01:17:36 73      GEF_BBG000BLFNC0_2021-04-16
2021-06-08 01:17:36 74      GGG_BBG000BK9W84_2021-04-16
2021-06-08 01:17:36 74      GH_BBG006D97VY9_2021-04-16
2021-06-08 01:17:36 76      GHC_BBG000C3FGH9_2021-04-16
2021-06-08 01:17:36 76      GILD_BBG000CKGBP2_2021-04-16
2021-06-08 01:17:36 80      GIS_BBG000BKCFC2_2021-04-16
2021-06-08 01:17:36 82      GKOS_BBG000WG2LQ1_2021-04-16
2021-06-08 01:17:36 82      GL_BBG000BVD6X4_2021-04-16
2021-06-08 01:17:36 83      GLW_BBG000BKFZM4_2021-04-16
2021-06-08 01:17:36 85      GM_BBG000NDYB67_2021-04-16
2021-06-08 01:17:36 87      GMED_BBG002V87SD0_2021-04-16
2021-06-08 01:17:36 88      GMS_BBG009Q036D0_2021-04-16
2021-06-08 01:17:36 89      GNL_BBG004HXD0G8_2021-04-16
2021-06-08 01:17:36 90      GNRC_BBG000PQ4W72_2021-04-16
2021-06-08 01:17:36 90      GO_BBG00P4R3079_2021-04-16
2021-06-08 01:17:36 91      GOOG_BBG009S3NB30_2021-04-16
2021-06-08 01:17:36 96      GOOGL_BBG009S39JX6_2021-04-16
2021-06-08 01:17:37 00      GOSS_BBG00MVWLLM2_2021-04-16
2021-06-08 01:17:37 02      GPC_BBG000BKL348_2021-04-16
2021-06-08 01:17:37 03      GPI_BBG000BB88K4_2021-04-16
2021-06-08 01:17:37 03      GPN_BBG000CX0P89_2021-04-16
2021-06-08 01:17:37 05      GPS_BBG000BKLH74_2021-04-16
2021-06-08 01:17:37 06      GRA_BBG000BB8PG1_2021-04-16
2021-06-08 01:17:37 07      GRMN_BBG000C4LN67_2021-04-16
2021-06-08 01:17:37 08      GRUB_BBG001KWG293_2021-04-16
2021-06-08 01:17:37 09      GS_BBG000C6CFJ5_2021-04-16
2021-06-08 01:17:37 12      GSH_BBG000GLG0G0_2021-04-16
2021-06-08 01:17:37 12      GSKY_BBG00KT2SCV8_2021-04-16
2021-06-08 01:17:37 13      GT_BBG000BKNX95_2021-04-16
2021-06-08 01:17:37 14      GTHX_BBG005F1DK91_2021-04-16
2021-06-08 01:17:37 17      GTLS_BBG000P1K2X6_2021-04-16
2021-06-08 01:17:37 18      GTN_BBG000DSQLQ0_2021-04-16
2021-06-08 01:17:37 18      GVA_BBG000DVB833_2021-04-16
2021-06-08 01:17:37 19      GWRE_BBG001C7PM75_2021-04-16
2021-06-08 01:17:37 20      GWW_BBG000BKR1D6_2021-04-16
2021-06-08 01:17:37 22      H_BBG000CVRFS4_2021-04-16
2021-06-08 01:17:37 23      HA_BBG000BC4185_2021-04-16
2021-06-08 01:17:37 24      HAE_BBG000C7TF41_2021-04-16
2021-06-08 01:17:37 25      HAIN_BBG000BQW085_2021-04-16
2021-06-08 01:17:37 26      HAL_BBG000BKTFN2_2021-04-16
2021-06-08 01:17:37 29      HALO_BBG000CZ8W54_2021-04-16
2021-06-08 01:17:37 31      HAS_BBG000BKVJK4_2021-04-16
2021-06-08 01:17:37 32      HBAN_BBG000BKWSR6_2021-04-16
2021-06-08 01:17:37 34      HBI_BBG000D2ZTS8_2021-04-16
2021-06-08 01:17:37 35      HCA_BBG000QW7VC1_2021-04-16
2021-06-08 01:17:37 36      HCCI_BBG000CCFB17_2021-04-16
2021-06-08 01:17:37 37      HCSG_BBG000BKYVF0_2021-04-16
2021-06-08 01:17:37 38      HD_BBG000BKZB36_2021-04-16
2021-06-08 01:17:37 41      HEAR_BBG000BM6N47_2021-04-16
2021-06-08 01:17:37 43      HEI_BBG000BL16Q7_2021-04-16
2021-06-08 01:17:37 44      HES_BBG000BBD070_2021-04-16
2021-06-08 01:17:37 45      HFC_BBG000BL9JQ1_2021-04-16
2021-06-08 01:17:37 47      HGV_BBG00CBYY6M1_2021-04-16
2021-06-08 01:17:37 48      HHC_BBG000MJRJJ2_2021-04-16
2021-06-08 01:17:37 49      HHR_BBG00KHGQ0H4_2021-04-16
2021-06-08 01:17:37 49      HHR: SPYKE!. Candle: ID:14, Time: 7:20, Close: 35.96
2021-06-08 01:17:37 49      HIBB_BBG000H001V3_2021-04-16
2021-06-08 01:17:37 50      HIG_BBG000G0Z878_2021-04-16
2021-06-08 01:17:37 51      HII_BBG001KJ2HM9_2021-04-16
2021-06-08 01:17:37 53      HIIQ_TCS003QRSQD3_2021-04-16
2021-06-08 01:17:37 53      HLT_BBG0058KMH30_2021-04-16
2021-06-08 01:17:37 55      HNP_BBG000BX5YM0_2021-04-16
2021-06-08 01:17:37 56      HOG_BBG000BKZTP3_2021-04-16
2021-06-08 01:17:37 58      HOLX_BBG000C3NTN5_2021-04-16
2021-06-08 01:17:37 60      HON_BBG000H556T9_2021-04-16
2021-06-08 01:17:37 63      HP_BBG000BLCPY4_2021-04-16
2021-06-08 01:17:37 64      HPE_BBG0078W3NQ3_2021-04-16
2021-06-08 01:17:37 65      HPQ_BBG000KHWT55_2021-04-16
2021-06-08 01:17:37 67      HQY_BBG000TYXCT9_2021-04-16
2021-06-08 01:17:37 68      HRB_BBG000BLDV98_2021-04-16
2021-06-08 01:17:37 69      HRC_BBG000BKWCS0_2021-04-16
2021-06-08 01:17:37 70      HRC: SPYKE!. Candle: ID:3, Time: 13:20, Close: 110.21
2021-06-08 01:17:37 71      HRL_BBG000BLF8D2_2021-04-16
2021-06-08 01:17:37 73      HRTX_BBG000G2GJT7_2021-04-16
2021-06-08 01:17:37 74      HSC_BBG000BLH3P8_2021-04-16
2021-06-08 01:17:37 75      HSIC_BBG000BNMMJ3_2021-04-16
2021-06-08 01:17:37 76      HSKA_BBG000BWFH48_2021-04-16
2021-06-08 01:17:37 77      HST_BBG000BL8804_2021-04-16
2021-06-08 01:17:37 79      HSY_BBG000BLHRS2_2021-04-16
2021-06-08 01:17:37 80      HTA_BBG000PRJCX9_2021-04-16
2021-06-08 01:17:37 81      HTHT_BBG000QFPM65_2021-04-16
2021-06-08 01:17:37 82      HUBB_BBG000BLK267_2021-04-16
2021-06-08 01:17:37 83      HUBG_BBG000G9W6L0_2021-04-16
2021-06-08 01:17:37 84      HUBS_BBG000N7MZ06_2021-04-16
2021-06-08 01:17:37 85      HUM_BBG000BLKK03_2021-04-16
2021-06-08 01:17:37 86      HURN_BBG000PV2M48_2021-04-16
2021-06-08 01:17:37 87      HWM_BBG00DYNJGH9_2021-04-16
2021-06-08 01:17:37 88      HXL_BBG000BLMDQ9_2021-04-16
2021-06-08 01:17:37 89      IAC_BBG000BKQG80_2021-04-16
2021-06-08 01:17:37 90      IART_BBG000BZJQL8_2021-04-16
2021-06-08 01:17:37 91      IBKR_BBG000LV0836_2021-04-16
2021-06-08 01:17:37 92      IBM_BBG000BLNNH6_2021-04-16
2021-06-08 01:17:37 94      IBN_BBG000DRM643_2021-04-16
2021-06-08 01:17:37 95      IBP_BBG005TJKDZ6_2021-04-16
2021-06-08 01:17:37 96      ICE_BBG000C1FB75_2021-04-16
2021-06-08 01:17:37 98      ICPT_BBG001J1QN87_2021-04-16
2021-06-08 01:17:38 00      ICUI_BBG000CQV2N4_2021-04-16
2021-06-08 01:17:38 01      IDCC_BBG000HLJ7M4_2021-04-16
2021-06-08 01:17:38 02      IDXX_BBG000BLRT07_2021-04-16
2021-06-08 01:17:38 03      IEX_BBG000C1HN22_2021-04-16
2021-06-08 01:17:38 05      IFF_BBG000BLSL58_2021-04-16
2021-06-08 01:17:38 06      IGMS_BBG00PNR1BT2_2021-04-16
2021-06-08 01:17:38 07      IIPR_BBG00F0SW7N8_2021-04-16
2021-06-08 01:17:38 08      IIVI_BBG000BLW102_2021-04-16
2021-06-08 01:17:38 10      ILMN_BBG000DSMS70_2021-04-16
2021-06-08 01:17:38 11      IMMU_BBG000BLXT19_2021-04-16
2021-06-08 01:17:38 12      INCY_BBG000BNPSQ9_2021-04-16
2021-06-08 01:17:38 13      INDB_BBG000BM0597_2021-04-16
2021-06-08 01:17:38 14      INFO_BBG006G063F9_2021-04-16
2021-06-08 01:17:38 16      INGN_BBG0021PH456_2021-04-16
2021-06-08 01:17:38 17      INGR_BBG000BXPZB7_2021-04-16
2021-06-08 01:17:38 18      INMD_BBG00PPS73P4_2021-04-16
2021-06-08 01:17:38 20      INSP_BBG00209SZJ7_2021-04-16
2021-06-08 01:17:38 21      INTC_BBG000C0G1D1_2021-04-16
2021-06-08 01:17:38 29      INTU_BBG000BH5DV1_2021-04-16
2021-06-08 01:17:38 31      INVH_BBG00FQH6BS9_2021-04-16
2021-06-08 01:17:38 33      IONS_BBG000JH6683_2021-04-16
2021-06-08 01:17:38 34      IOSP_BBG000BMFNP4_2021-04-16
2021-06-08 01:17:38 35      IOVA_BBG000FTLBV7_2021-04-16
2021-06-08 01:17:38 37      IP_BBG000BM5SR2_2021-04-16
2021-06-08 01:17:38 39      IPAR_BBG000GCSWR5_2021-04-16
2021-06-08 01:17:38 40      IPG_BBG000C90DH9_2021-04-16
2021-06-08 01:17:38 41      IPGP_BBG000DCGRL8_2021-04-16
2021-06-08 01:17:38 42      IQV_BBG00333FYS2_2021-04-16
2021-06-08 01:17:38 43      IR_BBG002R1CW27_2021-04-16
2021-06-08 01:17:38 45      IRBT_BBG000HXJB21_2021-04-16
2021-06-08 01:17:38 46      IRDM_BBG000VC0FC1_2021-04-16
2021-06-08 01:17:38 48      IRM_BBG000KCZPC3_2021-04-16
2021-06-08 01:17:38 49      IRTC_BBG001J19V24_2021-04-16
2021-06-08 01:17:38 51      ISRG_BBG000BJPDZ1_2021-04-16
2021-06-08 01:17:38 53      IT_BBG000BB65D0_2021-04-16
2021-06-08 01:17:38 54      ITCI_BBG0026ZFZC4_2021-04-16
2021-06-08 01:17:38 56      ITGR_BBG000BW6JV4_2021-04-16
2021-06-08 01:17:38 56      ITRI_BBG000BD2167_2021-04-16
2021-06-08 01:17:38 57      ITT_BBG00CVQZQ96_2021-04-16
2021-06-08 01:17:38 59      ITW_BBG000BMBL90_2021-04-16
2021-06-08 01:17:38 60      IVZ_BBG000BY2Y78_2021-04-16
2021-06-08 01:17:38 61      J_BBG000BMFFQ0_2021-04-16
2021-06-08 01:17:38 62      JACK_BBG000GZYVY1_2021-04-16
2021-06-08 01:17:38 63      JBHT_BBG000BMDBZ1_2021-04-16
2021-06-08 01:17:38 65      JBSS_BBG000CHPMY5_2021-04-16
2021-06-08 01:17:38 66      JBT_BBG000VLBCQ1_2021-04-16
2021-06-08 01:17:38 66      JCI_BBG000BVWLJ6_2021-04-16
2021-06-08 01:17:38 68      JCOM_BBG000F3CWW7_2021-04-16
2021-06-08 01:17:38 69      JD_BBG005YHY0Q7_2021-04-16
2021-06-08 01:17:38 76      JEF_BBG000BNHSP9_2021-04-16
2021-06-08 01:17:38 78      JELD_BBG0019GM953_2021-04-16
2021-06-08 01:17:38 78      JJSF_BBG000BMGPW0_2021-04-16
2021-06-08 01:17:38 79      JKHY_BBG000BMH2Q7_2021-04-16
2021-06-08 01:17:38 81      JLL_BBG000C2L2L0_2021-04-16
2021-06-08 01:17:38 82      JNJ_BBG000BMHYD1_2021-04-16
2021-06-08 01:17:38 87      JNPR_BBG000BY33P5_2021-04-16
2021-06-08 01:17:38 89      JOBS_BBG000BJD1D4_2021-04-16
2021-06-08 01:17:38 90      JOUT_BBG000HCXFS4_2021-04-16
2021-06-08 01:17:38 91      JPM_BBG000DMBXR2_2021-04-16
2021-06-08 01:17:38 98      JWN_BBG000G8N9C6_2021-04-16
2021-06-08 01:17:39 00      K_BBG000BMKDM3_2021-04-16
2021-06-08 01:17:39 02      KALU_BBG000PKZDX4_2021-04-16
2021-06-08 01:17:39 02      KBH_BBG000BMLWX8_2021-04-16
2021-06-08 01:17:39 04      KDP_BBG000TJM7F0_2021-04-16
2021-06-08 01:17:39 06      KEP_BBG000BCWG90_2021-04-16
2021-06-08 01:17:39 07      KEX_BBG000BMQCP6_2021-04-16
2021-06-08 01:17:39 07      KEY_BBG000BMQPL1_2021-04-16
2021-06-08 01:17:39 09      KEYS_BBG0059FN811_2021-04-16
2021-06-08 01:17:39 11      KFY_BBG000C5QMB5_2021-04-16
2021-06-08 01:17:39 12      KHC_BBG005CPNTQ2_2021-04-16
2021-06-08 01:17:39 14      KIDS_BBG00HFFRW39_2021-04-16
2021-06-08 01:17:39 15      KIM_BBG000CN3S73_2021-04-16
2021-06-08 01:17:39 17      KLAC_BBG000BMTFR4_2021-04-16
2021-06-08 01:17:39 20      KMB_BBG000BMW2Z0_2021-04-16
2021-06-08 01:17:39 21      KMI_BBG0019JZ882_2021-04-16
2021-06-08 01:17:39 22      KMPR_BBG000H3GDJ8_2021-04-16
2021-06-08 01:17:39 23      KMT_BBG000BMWKC5_2021-04-16
2021-06-08 01:17:39 24      KMX_BBG000BLMZK6_2021-04-16
2021-06-08 01:17:39 25      KNSL_BBG00D8JD9Z9_2021-04-16
2021-06-08 01:17:39 26      KNX_BBG000BFC848_2021-04-16
2021-06-08 01:17:39 27      KO_BBG000BMX289_2021-04-16
2021-06-08 01:17:39 30      KOD_BBG00BVR0D02_2021-04-16
2021-06-08 01:17:39 31      KR_BBG000BMY992_2021-04-16
2021-06-08 01:17:39 33      KRG_BBG000BC2KW8_2021-04-16
2021-06-08 01:17:39 34      KRTX_BBG00NN875G0_2021-04-16
2021-06-08 01:17:39 35      KRYS_BBG00HDGRHH7_2021-04-16
2021-06-08 01:17:39 35      KSU_BBG000BMZ7P7_2021-04-16
2021-06-08 01:17:39 37      KTB_BBG00LPTHYD5_2021-04-16
2021-06-08 01:17:39 38      KWR_BBG000DZS2L9_2021-04-16
2021-06-08 01:17:39 39      L_BBG000C45984_2021-04-16
2021-06-08 01:17:39 40      LAD_BBG000K3BC83_2021-04-16
2021-06-08 01:17:39 41      LANC_BBG000BN1M88_2021-04-16
2021-06-08 01:17:39 41      LASR_BBG0020BCPX5_2021-04-16
2021-06-08 01:17:39 42      LB_BBG000BNGTQ7_2021-04-16
2021-06-08 01:17:39 44      LBRDK_BBG006GNSZW5_2021-04-16
2021-06-08 01:17:39 45      LCII_BBG000DNLMB0_2021-04-16
2021-06-08 01:17:39 46      LDOS_BBG000C23PB0_2021-04-16
2021-06-08 01:17:39 47      LEA_BBG000PTLGZ1_2021-04-16
2021-06-08 01:17:39 48      LECO_BBG000BB72K8_2021-04-16
2021-06-08 01:17:39 49      LEG_BBG000BN53G7_2021-04-16
2021-06-08 01:17:39 50      LEGH_BBG00MJDR6J9_2021-04-16
2021-06-08 01:17:39 51      LEN_BBG000BN5HF7_2021-04-16
2021-06-08 01:17:39 53      LEVI_BBG000BQDF10_2021-04-16
2021-06-08 01:17:39 54      LFC_BBG000BBK4B9_2021-04-16
2021-06-08 01:17:39 55      LFUS_BBG000BGFGT8_2021-04-16
2021-06-08 01:17:39 56      LGIH_BBG0056655S1_2021-04-16
2021-06-08 01:17:39 58      LGND_BBG000BKF014_2021-04-16
2021-06-08 01:17:39 59      LH_BBG000D9DMK0_2021-04-16
2021-06-08 01:17:39 60      LHCG_BBG000G7W420_2021-04-16
2021-06-08 01:17:39 61      LHX_BBG000BLGFJ9_2021-04-16
2021-06-08 01:17:39 62      LII_BBG000BB5B84_2021-04-16
2021-06-08 01:17:39 63      LIN_BBG00GVR8YQ9_2021-04-16
2021-06-08 01:17:39 65      LITE_BBG0073F9RT7_2021-04-16
2021-06-08 01:17:39 66      LKQ_BBG000PXDL44_2021-04-16
2021-06-08 01:17:39 68      LLY_BBG000BNBDC2_2021-04-16
2021-06-08 01:17:39 70      LM_BBG000BNBPQ0_2021-04-16
2021-06-08 01:17:39 70      LMT_BBG000C1BW00_2021-04-16
2021-06-08 01:17:39 72      LNN_BBG000FJS1S8_2021-04-16
2021-06-08 01:17:39 72      LNT_BBG000DW4Q75_2021-04-16
2021-06-08 01:17:39 74      LNTH_BBG006Q52RD0_2021-04-16
2021-06-08 01:17:39 74      LOGM_BBG000Q0SZJ2_2021-04-16
2021-06-08 01:17:39 75      LOPE_BBG000FV28W9_2021-04-16
2021-06-08 01:17:39 76      LOW_BBG000BNDN65_2021-04-16
2021-06-08 01:17:39 79      LPL_BBG000FJ0RK9_2021-04-16
2021-06-08 01:17:39 80      LPLA_BBG000P2TYL8_2021-04-16
2021-06-08 01:17:39 81      LPSN_BBG000BSV0W5_2021-04-16
2021-06-08 01:17:39 82      LRCX_BBG000BNFLM9_2021-04-16
2021-06-08 01:17:39 84      LRN_BBG000QSXPZ9_2021-04-16
2021-06-08 01:17:39 85      LSCC_BBG000C2D1C1_2021-04-16
2021-06-08 01:17:39 91      LSTR_BBG000BB2KN0_2021-04-16
2021-06-08 01:17:39 92      LTHM_BBG00LV3NRG0_2021-04-16
2021-06-08 01:17:39 93      LULU_BBG000R8ZVD1_2021-04-16
2021-06-08 01:17:39 96      LUMN_BBG000BGLRN3_2021-04-16
2021-06-08 01:17:39 97      LUV_BBG000BNJHS8_2021-04-16
2021-06-08 01:17:39 98      LVGO_BBG0073X4TB8_2021-04-16
2021-06-08 01:17:39 99      LVS_BBG000JWD753_2021-04-16
2021-06-08 01:17:40 01      LW_BBG003CVMLQ2_2021-04-16
2021-06-08 01:17:40 03      LYB_BBG000WCFV84_2021-04-16
2021-06-08 01:17:40 04      LYFT_BBG004M9ZHX5_2021-04-16
2021-06-08 01:17:40 07      LYV_BBG000FQ7YR4_2021-04-16
2021-06-08 01:17:40 08      M_BBG000C46HM9_2021-04-16
2021-06-08 01:17:40 10      MA_BBG000F1ZSQ2_2021-04-16
2021-06-08 01:17:40 12      MAA_BBG000BLMY92_2021-04-16
2021-06-08 01:17:40 13      MAC_BBG000BL9C59_2021-04-16
2021-06-08 01:17:40 15      MAN_BBG000BNMHS4_2021-04-16
2021-06-08 01:17:40 16      MANH_BBG000BFV758_2021-04-16
2021-06-08 01:17:40 17      MANT_BBG000BGF8B5_2021-04-16
2021-06-08 01:17:40 18      MANU_BBG0035WV4N9_2021-04-16
2021-06-08 01:17:40 19      MAR_BBG000BGD7W6_2021-04-16
2021-06-08 01:17:40 22      MAS_BBG000BNNKG9_2021-04-16
2021-06-08 01:17:40 24      MASI_BBG000C3W281_2021-04-16
2021-06-08 01:17:40 25      MAT_BBG000BNNYW1_2021-04-16
2021-06-08 01:17:40 26      MATX_BBG000BBK401_2021-04-16
2021-06-08 01:17:40 27      MBT_BBG000CSZKR2_2021-04-16
2021-06-08 01:17:40 29      MBUU_BBG005PXTR70_2021-04-16
2021-06-08 01:17:40 29      MCD_BBG000BNSZP1_2021-04-16
2021-06-08 01:17:40 31      MCHP_BBG000BHCP19_2021-04-16
2021-06-08 01:17:40 33      MCK_BBG000DYGNW7_2021-04-16
2021-06-08 01:17:40 34      MCO_BBG000F86GP6_2021-04-16
2021-06-08 01:17:40 35      MCRI_BBG000BJ0932_2021-04-16
2021-06-08 01:17:40 36      MD_BBG000H8LGK2_2021-04-16
2021-06-08 01:17:40 36      MDB_BBG0022FDRY8_2021-04-16
2021-06-08 01:17:40 38      MDGL_BBG000QS6NV8_2021-04-16
2021-06-08 01:17:40 38      MDLA_BBG001BPKGT0_2021-04-16
2021-06-08 01:17:40 39      MDLZ_BBG000D4LWF6_2021-04-16
2021-06-08 01:17:40 42      MDRX_BBG000BLDXH5_2021-04-16
2021-06-08 01:17:40 44      MDT_BBG000BNWG87_2021-04-16
2021-06-08 01:17:40 46      MED_BBG000BWBW76_2021-04-16
2021-06-08 01:17:40 47      MEDP_BBG0065B7K59_2021-04-16
2021-06-08 01:17:40 48      MEI_BBG000BNY197_2021-04-16
2021-06-08 01:17:40 49      MELI_BBG000GQPB11_2021-04-16
2021-06-08 01:17:40 50      MET_BBG000BB6KF5_2021-04-16
2021-06-08 01:17:40 53      MFGP_BBG00HFWVGN0_2021-04-16
2021-06-08 01:17:40 54      MGLN_BBG000BD6DD9_2021-04-16
2021-06-08 01:17:40 55      MGM_BBG000C2BXK4_2021-04-16
2021-06-08 01:17:40 57      MGY_BBG00GNC8DL2_2021-04-16
2021-06-08 01:17:40 58      MHK_BBG000FLZN98_2021-04-16
2021-06-08 01:17:40 59      MHO_BBG000BL9MZ4_2021-04-16
2021-06-08 01:17:40 60      MIDD_BBG000DQN9R3_2021-04-16
2021-06-08 01:17:40 62      MINI_BBG000BGTX98_2021-04-16
2021-06-08 01:17:40 62      MKC_BBG000G6Y5W4_2021-04-16
2021-06-08 01:17:40 63      MKL_BBG000FC7366_2021-04-16
2021-06-08 01:17:40 64      MKSI_BBG000BVMG26_2021-04-16
2021-06-08 01:17:40 65      MKTX_BBG000BJBZ23_2021-04-16
2021-06-08 01:17:40 66      MLAB_BBG000BP3PW7_2021-04-16
2021-06-08 01:17:40 67      MLCO_BBG000BHP8J4_2021-04-16
2021-06-08 01:17:40 68      MLCO: SPYKE!. Candle: ID:15, Time: 9:30, Close: 19.05
2021-06-08 01:17:40 68      MLHR_BBG000BP46T2_2021-04-16
2021-06-08 01:17:40 69      MLM_BBG000BGYMH7_2021-04-16
2021-06-08 01:17:40 71      MMC_BBG000BP4MH0_2021-04-16
2021-06-08 01:17:40 72      MMI_BBG005GBRSR6_2021-04-16
2021-06-08 01:17:40 73      MMM_BBG000BP52R2_2021-04-16
2021-06-08 01:17:40 75      MMS_BBG000BC5WJ4_2021-04-16
2021-06-08 01:17:40 75      MMSI_BBG000C42VX0_2021-04-16
2021-06-08 01:17:40 76      MNRO_BBG000C0BZD1_2021-04-16
2021-06-08 01:17:40 77      MNST_BBG008NVB1C0_2021-04-16
2021-06-08 01:17:40 80      MO_BBG000BP6LJ8_2021-04-16
2021-06-08 01:17:40 82      MOH_BBG000MBHNC8_2021-04-16
2021-06-08 01:17:40 83      MOMO_BBG007HTCQT0_2021-04-16
2021-06-08 01:17:40 86      MORN_BBG000CGQ4F7_2021-04-16
2021-06-08 01:17:40 87      MOS_BBG000BFXHL6_2021-04-16
2021-06-08 01:17:40 88      MOV_BBG000BL30Y9_2021-04-16
2021-06-08 01:17:40 89      MPC_BBG001DCCGR8_2021-04-16
2021-06-08 01:17:40 92      MPWR_BBG000C30L48_2021-04-16
2021-06-08 01:17:40 93      MRC_BBG000BKLTM1_2021-04-16
2021-06-08 01:17:40 94      MRK_BBG000BPD168_2021-04-16
2021-06-08 01:17:40 97      MRNA_BBG003PHHZT1_2021-04-16
2021-06-08 01:17:41 08      MRO_BBG000C8H633_2021-04-16
2021-06-08 01:17:41 10      MRTX_BBG004TPGBP5_2021-04-16
2021-06-08 01:17:41 11      MS_BBG000BLZRJ2_2021-04-16
2021-06-08 01:17:41 18      MSA_BBG000BPDXF8_2021-04-16
2021-06-08 01:17:41 19      MSCI_BBG000RTDY25_2021-04-16
2021-06-08 01:17:41 20      MSFT_BBG000BPH459_2021-04-16
2021-06-08 01:17:41 39      MSGE_BBG00L9HLWV8_2021-04-16
2021-06-08 01:17:41 40      MSGN_BBG000NS03H7_2021-04-16
2021-06-08 01:17:41 41      MSGS_BBG007FG0C23_2021-04-16
2021-06-08 01:17:41 42      MSI_BBG000BP8Z50_2021-04-16
2021-06-08 01:17:41 43      MSM_BBG000BCLYL9_2021-04-16
2021-06-08 01:17:41 44      MSTR_BBG000GQJPZ0_2021-04-16
2021-06-08 01:17:41 48      MTB_BBG000D9KWL9_2021-04-16
2021-06-08 01:17:41 49      MTCH_BBG00B6WH9G3_2021-04-16
2021-06-08 01:17:41 51      MTD_BBG000BZCKH3_2021-04-16
2021-06-08 01:17:41 52      MTG_BBG000CBMH27_2021-04-16
2021-06-08 01:17:41 53      MTH_BBG000F4F1N0_2021-04-16
2021-06-08 01:17:41 54      MTN_BBG000BCMWM1_2021-04-16
2021-06-08 01:17:41 55      MTOR_BBG000BH92D1_2021-04-16
2021-06-08 01:17:41 56      MTRN_BBG000BDTT76_2021-04-16
2021-06-08 01:17:41 57      MTSC_BBG000BPL8G3_2021-04-16
2021-06-08 01:17:41 57      MU_BBG000C5Z1S3_2021-04-16
2021-06-08 01:17:41 64      MUR_BBG000BPMH90_2021-04-16
2021-06-08 01:17:41 65      MUSA_BBG001Z0Q6T5_2021-04-16
2021-06-08 01:17:41 66      MXIM_BBG000BPNP00_2021-04-16
2021-06-08 01:17:41 68      MXL_BBG000BB6R33_2021-04-16
2021-06-08 01:17:41 68      MYGN_BBG000D9H9F1_2021-04-16
2021-06-08 01:17:41 69      MYL_BBG000BPQD31_2021-04-16
2021-06-08 01:17:41 70      MYOK_BBG003DKQRK4_2021-04-16
2021-06-08 01:17:41 70      MYRG_BBG000BC7VW9_2021-04-16
2021-06-08 01:17:41 71      NARI_BBG009J8K7M0_2021-04-16
2021-06-08 01:17:41 72      NATI_BBG000DZK6N6_2021-04-16
2021-06-08 01:17:41 73      NAVI_BBG004MN1R41_2021-04-16
2021-06-08 01:17:41 74      NBIX_BBG000GJS7C1_2021-04-16
2021-06-08 01:17:41 75      NBL_BBG000BPT0C6_2021-04-16
2021-06-08 01:17:41 76      NCBS_BBG000QK0TG5_2021-04-16
2021-06-08 01:17:41 77      NCR_BBG000BMXK89_2021-04-16
2021-06-08 01:17:41 78      NDAQ_BBG000F5VVB6_2021-04-16
2021-06-08 01:17:41 79      NDSN_BBG000BPWGR1_2021-04-16
2021-06-08 01:17:41 80      NEE_BBG000BJSBJ0_2021-04-16
2021-06-08 01:17:41 82      NEM_BBG000BPWXK1_2021-04-16
2021-06-08 01:17:41 85      NEO_BBG000BKH263_2021-04-16
2021-06-08 01:17:41 86      NEOG_BBG000C1BCK2_2021-04-16
2021-06-08 01:17:41 87      NET_BBG001WMKHH5_2021-04-16
2021-06-08 01:17:41 89      NEU_BBG000BJ5SS8_2021-04-16
2021-06-08 01:17:41 89      NEWR_BBG001NFKJ68_2021-04-16
2021-06-08 01:17:41 90      NFLX_BBG000CL9VN6_2021-04-16
2021-06-08 01:17:41 96      NGVT_BBG009LM28K6_2021-04-16
2021-06-08 01:17:41 96      NJR_BBG000BPZVW9_2021-04-16
2021-06-08 01:17:41 97      NKE_BBG000C5HS04_2021-04-16
2021-06-08 01:17:42 03      NKTR_BBG000BHCYJ1_2021-04-16
2021-06-08 01:17:42 04      NLOK_BBG000BH2JM1_2021-04-16
2021-06-08 01:17:42 06      NLSN_BBG0088CYPX8_2021-04-16
2021-06-08 01:17:42 07      NMIH_BBG005DLMMZ6_2021-04-16
2021-06-08 01:17:42 08      NOC_BBG000BQ2C28_2021-04-16
2021-06-08 01:17:42 10      NOK_BBG000BNGBW9_2021-04-16
2021-06-08 01:17:42 12      NOK: SPYKE!. Candle: ID:9, Time: 7:00, Close: 3.9
2021-06-08 01:17:42 12      NOK: SPYKE!. Candle: ID:10, Time: 7:00, Close: 3.78
2021-06-08 01:17:42 12      NOK: SPYKE!. Candle: ID:11, Time: 7:00, Close: 4.1
2021-06-08 01:17:42 12      NOK: SPYKE!. Candle: ID:12, Time: 7:00, Close: 4.1
2021-06-08 01:17:42 14      NOV_BBG000BJX8C8_2021-04-16
2021-06-08 01:17:42 15      NOW_BBG000M1R011_2021-04-16
2021-06-08 01:17:42 16      NP_BBG000QCQ764_2021-04-16
2021-06-08 01:17:42 17      NPK_BBG000BQ4GG2_2021-04-16
2021-06-08 01:17:42 17      NRG_BBG000D8RG11_2021-04-16
2021-06-08 01:17:42 19      NSC_BBG000BQ5DS5_2021-04-16
2021-06-08 01:17:42 20      NSP_BBG000BJ41X2_2021-04-16
2021-06-08 01:17:42 20      NTAP_BBG000FP1N32_2021-04-16
2021-06-08 01:17:42 22      NTCO_BBG00R4ZKPN5_2021-04-16
2021-06-08 01:17:42 23      NTCT_BBG000C136Z8_2021-04-16
2021-06-08 01:17:42 24      NTES_BBG000BX72V8_2021-04-16
2021-06-08 01:17:42 26      NTGR_BBG000C4GBR6_2021-04-16
2021-06-08 01:17:42 27      NTLA_BBG007KC7PB0_2021-04-16
2021-06-08 01:17:42 29      NTNX_BBG001NDW1Z7_2021-04-16
2021-06-08 01:17:42 31      NTRA_BBG001J1BQ86_2021-04-16
2021-06-08 01:17:42 32      NTRS_BBG000BQ74K1_2021-04-16
2021-06-08 01:17:42 33      NTUS_BBG000DPZHS3_2021-04-16
2021-06-08 01:17:42 34      NUE_BBG000BQ8KV2_2021-04-16
2021-06-08 01:17:42 35      NUS_BBG000HG21Y3_2021-04-16
2021-06-08 01:17:42 36      NUVA_BBG000LNL298_2021-04-16
2021-06-08 01:17:42 37      NVDA_BBG000BBJQV0_2021-04-16
2021-06-08 01:17:42 46      NVEE_BBG005BT60Y8_2021-04-16
2021-06-08 01:17:42 46      NVR_BBG000BQBYR3_2021-04-16
2021-06-08 01:17:42 47      NVRO_BBG001K61W36_2021-04-16
2021-06-08 01:17:42 48      NVTA_BBG005DJFD43_2021-04-16
2021-06-08 01:17:42 49      NWE_BBG000Q1NMJ4_2021-04-16
2021-06-08 01:17:42 50      NWL_BBG000BQC9V2_2021-04-16
2021-06-08 01:17:42 52      NWLI_BBG008HNHZ07_2021-04-16
2021-06-08 01:17:42 52      NWS_BBG0035M2ZB7_2021-04-16
2021-06-08 01:17:42 53      NWSA_BBG0035LY913_2021-04-16
2021-06-08 01:17:42 56      NXPI_BBG000BND699_2021-04-16
2021-06-08 01:17:42 59      NXST_BBG000DZJVH0_2021-04-16
2021-06-08 01:17:42 61      NYT_BBG000FFC0B3_2021-04-16
2021-06-08 01:17:42 62      O_BBG000DHPN63_2021-04-16
2021-06-08 01:17:42 64      OC_BBG000M44VW8_2021-04-16
2021-06-08 01:17:42 65      ODFL_BBG000CHSS88_2021-04-16
2021-06-08 01:17:42 66      OFIX_BBG000G1C210_2021-04-16
2021-06-08 01:17:42 66      OFIX: SPYKE!. Candle: ID:5, Time: 13:30, Close: 44.12
2021-06-08 01:17:42 66      OHI_BBG000BGBTC2_2021-04-16
2021-06-08 01:17:42 68      OI_BBG00R2JZG39_2021-04-16
2021-06-08 01:17:42 69      OII_BBG000CPBCL8_2021-04-16
2021-06-08 01:17:42 69      OII: SPYKE!. Candle: ID:54, Time: 8:35, Close: 11.5
2021-06-08 01:17:42 70      OIS_BBG000BDDN94_2021-04-16
2021-06-08 01:17:42 71      OKE_BBG000BQHGR6_2021-04-16
2021-06-08 01:17:42 73      OKTA_BBG001YV1SM4_2021-04-16
2021-06-08 01:17:42 75      OLED_BBG000BLRP41_2021-04-16
2021-06-08 01:17:42 76      OLLI_BBG0098VVDT9_2021-04-16
2021-06-08 01:17:42 78      OMC_BBG000BS9489_2021-04-16
2021-06-08 01:17:42 79      OMCL_BBG000BTNGZ4_2021-04-16
2021-06-08 01:17:42 80      ON_BBG000DV7MX4_2021-04-16
2021-06-08 01:17:42 83      ONTO_BBG000BPRN29_2021-04-16
2021-06-08 01:17:42 84      ORCL_BBG000BQLTW7_2021-04-16
2021-06-08 01:17:42 87      ORLY_BBG000BGYWY6_2021-04-16
2021-06-08 01:17:42 88      OSIS_BBG000BWPR54_2021-04-16
2021-06-08 01:17:42 90      OSK_BBG000CC53X1_2021-04-16
2021-06-08 01:17:42 91      OSUR_BBG000J3D1Y8_2021-04-16
2021-06-08 01:17:42 92      OTIS_BBG00RP60KV0_2021-04-16
2021-06-08 01:17:42 93      OVV_BBG00R2NHQ65_2021-04-16
2021-06-08 01:17:42 94      OXY_BBG000BQQ2S6_2021-04-16
2021-06-08 01:17:42 98      PAGS_BBG00JM7QBR6_2021-04-16
2021-06-08 01:17:42 99      PANW_BBG0014GJCT9_2021-04-16
2021-06-08 01:17:43 00      PATK_BBG000BQSBB2_2021-04-16
2021-06-08 01:17:43 01      PAYC_BBG0064N0ZZ5_2021-04-16
2021-06-08 01:17:43 02      PB_BBG000BHY4D9_2021-04-16
2021-06-08 01:17:43 03      PBCT_BBG000BQT4L6_2021-04-16
2021-06-08 01:17:43 04      PBF_BBG002832GV8_2021-04-16
2021-06-08 01:17:43 05      PBH_BBG000QM0RZ4_2021-04-16
2021-06-08 01:17:43 06      PBI_BBG000BQTMJ9_2021-04-16
2021-06-08 01:17:43 07      PCAR_BBG000BQVTF5_2021-04-16
2021-06-08 01:17:43 09      PCG_BBG000BQWPC5_2021-04-16
2021-06-08 01:17:43 11      PCRX_BBG0018FQNS6_2021-04-16
2021-06-08 01:17:43 12      PCTY_BBG006598YS8_2021-04-16
2021-06-08 01:17:43 13      PD_BBG0043BYPB8_2021-04-16
2021-06-08 01:17:43 14      PDCO_BBG000BQY289_2021-04-16
2021-06-08 01:17:43 15      PEAK_BBG000BKYDP9_2021-04-16
2021-06-08 01:17:43 16      PEG_BBG000BQZMH4_2021-04-16
2021-06-08 01:17:43 18      PEGA_BBG000H1RYG7_2021-04-16
2021-06-08 01:17:43 19      PEN_BBG001BP92V1_2021-04-16
2021-06-08 01:17:43 20      PEP_BBG000DH7JK6_2021-04-16
2021-06-08 01:17:43 24      PETQ_BBG00H1CY328_2021-04-16
2021-06-08 01:17:43 25      PFE_BBG000BR2B91_2021-04-16
2021-06-08 01:17:43 30      PFG_BBG000NSCNT7_2021-04-16
2021-06-08 01:17:43 33      PFGC_BBG009XW2WB8_2021-04-16
2021-06-08 01:17:43 34      PFPT_BBG000RQ2GY7_2021-04-16
2021-06-08 01:17:43 34      PG_BBG000BR2TH3_2021-04-16
2021-06-08 01:17:43 37      PGNY_BBG002H1K1H1_2021-04-16
2021-06-08 01:17:43 40      PGR_BBG000BR37X2_2021-04-16
2021-06-08 01:17:43 42      PGTI_BBG000FX3Y66_2021-04-16
2021-06-08 01:17:43 43      PH_BBG000BR3KL6_2021-04-16
2021-06-08 01:17:43 44      PHM_BBG000BR54L0_2021-04-16
2021-06-08 01:17:43 47      PII_BBG000D5S4M0_2021-04-16
2021-06-08 01:17:43 48      PINC_BBG000G7QX50_2021-04-16
2021-06-08 01:17:43 49      PINS_BBG002583CV8_2021-04-16
2021-06-08 01:17:43 59      PIPR_BBG000FQXC75_2021-04-16
2021-06-08 01:17:43 59      PKG_BBG000BB8SW7_2021-04-16
2021-06-08 01:17:43 60      PKI_BBG000FXW512_2021-04-16
2021-06-08 01:17:43 61      PLAN_BBG002DZS299_2021-04-16
2021-06-08 01:17:43 63      PLAY_BBG001WWJTK5_2021-04-16
2021-06-08 01:17:43 64      PLCE_BBG000JK9DK4_2021-04-16
2021-06-08 01:17:43 65      PLD_BBG000B9Z0J8_2021-04-16
2021-06-08 01:17:43 67      PLNT_BBG009H04M17_2021-04-16
2021-06-08 01:17:43 67      PLTR_BBG000N7QR55_2021-04-16
2021-06-08 01:17:43 75      PLUS_BBG000HN7W02_2021-04-16
2021-06-08 01:17:43 76      PLXS_BBG000BRBX66_2021-04-16
2021-06-08 01:17:43 76      PM_BBG000J2XL74_2021-04-16
2021-06-08 01:17:43 79      PNC_BBG000BRD0D8_2021-04-16
2021-06-08 01:17:43 81      PNFP_BBG000C1XKF6_2021-04-16
2021-06-08 01:17:43 82      PNTG_BBG00P33SY72_2021-04-16
2021-06-08 01:17:43 83      PODD_BBG000R7XX87_2021-04-16
2021-06-08 01:17:43 85      POOL_BBG000BCVG28_2021-04-16
2021-06-08 01:17:43 86      POR_BBG000BCRMW7_2021-04-16
2021-06-08 01:17:43 87      POST_BBG001WTBC36_2021-04-16
2021-06-08 01:17:43 87      POWI_BBG000BTT3D1_2021-04-16
2021-06-08 01:17:43 88      PPC_BBG000BFLXV3_2021-04-16
2021-06-08 01:17:43 89      PPG_BBG000BRJ809_2021-04-16
2021-06-08 01:17:43 91      PPL_BBG000BRJL00_2021-04-16
2021-06-08 01:17:43 93      PRAA_BBG000BNTW77_2021-04-16
2021-06-08 01:17:43 94      PRAH_BBG007387YL8_2021-04-16
2021-06-08 01:17:43 95      PRFT_BBG000BVXFK6_2021-04-16
2021-06-08 01:17:43 96      PRG_BBG00VSH86G4_2021-04-16
2021-06-08 01:17:43 97      PRGS_BBG000C4QP94_2021-04-16
2021-06-08 01:17:43 98      PRI_BBG000T8ZF80_2021-04-16
2021-06-08 01:17:43 99      PRLB_BBG000BT13B3_2021-04-16
2021-06-08 01:17:44 00      PRSC_TCS000P1B7C8_2021-04-16
2021-06-08 01:17:44 00      PRSP_BBG00KMXKWF9_2021-04-16
2021-06-08 01:17:44 01      PRU_BBG000HCJMF9_2021-04-16
2021-06-08 01:17:44 03      PS_BBG00KMYC574_2021-04-16
2021-06-08 01:17:44 03      PSA_BBG000BPPN67_2021-04-16
2021-06-08 01:17:44 04      PSN_BBG000C3TKY6_2021-04-16
2021-06-08 01:17:44 05      PSTG_BBG00212PVZ5_2021-04-16
2021-06-08 01:17:44 06      PSX_BBG00286S4N9_2021-04-16
2021-06-08 01:17:44 07      PTC_BBG000C2VBB0_2021-04-16
2021-06-08 01:17:44 09      PTCT_BBG000QT15P7_2021-04-16
2021-06-08 01:17:44 10      PTON_BBG00JG0FFZ2_2021-04-16
2021-06-08 01:17:44 15      PTR_BBG000BR85F1_2021-04-16
2021-06-08 01:17:44 16      PUMP_BBG00FYCQ352_2021-04-16
2021-06-08 01:17:44 16      PVH_BBG000BRRG02_2021-04-16
2021-06-08 01:17:44 18      PWR_BBG000BBL8V7_2021-04-16
2021-06-08 01:17:44 18      PXD_BBG000BXRPH1_2021-04-16
2021-06-08 01:17:44 20      PYPL_BBG0077VNXV6_2021-04-16
2021-06-08 01:17:44 26      PZZA_BBG000BFWF13_2021-04-16
2021-06-08 01:17:44 27      QADA_BBG001BP77C3_2021-04-16
2021-06-08 01:17:44 28      QCOM_BBG000CGC1X8_2021-04-16
2021-06-08 01:17:44 32      QDEL_BBG000C6GN04_2021-04-16
2021-06-08 01:17:44 34      QLYS_BBG000HT5G06_2021-04-16
2021-06-08 01:17:44 35      QNST_BBG000S9XXB8_2021-04-16
2021-06-08 01:17:44 36      QRTEA_BBG000PCQQL6_2021-04-16
2021-06-08 01:17:44 37      QRVO_BBG007TJF1N7_2021-04-16
2021-06-08 01:17:44 38      QTS_BBG0054B20Z8_2021-04-16
2021-06-08 01:17:44 39      QTWO_BBG005ZVK9P2_2021-04-16
2021-06-08 01:17:44 40      QUOT_BBG001QYNR63_2021-04-16
2021-06-08 01:17:44 41      R_BBG000BRVP70_2021-04-16
2021-06-08 01:17:44 42      RACE_BBG009PH3Q86_2021-04-16
2021-06-08 01:17:44 42      RAMP_BBG000BB4HM6_2021-04-16
2021-06-08 01:17:44 43      RARE_BBG001RWPDW6_2021-04-16
2021-06-08 01:17:44 44      RAVN_BBG000CXQTZ3_2021-04-16
2021-06-08 01:17:44 45      RBC_BBG000BRXTR8_2021-04-16
2021-06-08 01:17:44 45      RCL_BBG000BB5792_2021-04-16
2021-06-08 01:17:44 47      RDFN_BBG001Q7HP63_2021-04-16
2021-06-08 01:17:44 48      RDS.A_BBG000QXSSS6_2021-04-16
2021-06-08 01:17:44 50      RDY_BBG000NJ96L6_2021-04-16
2021-06-08 01:17:44 50      RE_BBG000C1XVK6_2021-04-16
2021-06-08 01:17:44 51      REG_BBG000BL46Q4_2021-04-16
2021-06-08 01:17:44 53      REGI_BBG0016SSV00_2021-04-16
2021-06-08 01:17:44 56      REGN_BBG000C734W3_2021-04-16
2021-06-08 01:17:44 58      RETA_BBG000R33BD1_2021-04-16
2021-06-08 01:17:44 59      REX_BBG000D2ZK61_2021-04-16
2021-06-08 01:17:44 60      REZI_BBG00HY28K89_2021-04-16
2021-06-08 01:17:44 60      RF_BBG000Q3JN03_2021-04-16
2021-06-08 01:17:44 62      RGA_BBG000BDLCQ0_2021-04-16
2021-06-08 01:17:44 62      RGEN_BBG000BS48J3_2021-04-16
2021-06-08 01:17:44 63      RGLD_BBG000BS5170_2021-04-16
2021-06-08 01:17:44 64      RGNX_BBG007Z9V591_2021-04-16
2021-06-08 01:17:44 65      RGR_BBG000C4FQG6_2021-04-16
2021-06-08 01:17:44 66      RH_BBG002293PJ4_2021-04-16
2021-06-08 01:17:44 66      RHI_BBG000BS5DR2_2021-04-16
2021-06-08 01:17:44 67      RIG_BBG000BH5LT6_2021-04-16
2021-06-08 01:17:44 69      RJF_BBG000BS73J1_2021-04-16
2021-06-08 01:17:44 70      RL_BBG000BS0ZF1_2021-04-16
2021-06-08 01:17:44 71      RMD_BBG000L4M7F1_2021-04-16
2021-06-08 01:17:44 72      RNG_BBG000J094P3_2021-04-16
2021-06-08 01:17:44 72      ROCK_BBG000BKQDQ7_2021-04-16
2021-06-08 01:17:44 73      ROG_BBG000BS9HN3_2021-04-16
2021-06-08 01:17:44 74      ROK_BBG000BBCDZ2_2021-04-16
2021-06-08 01:17:44 75      ROKU_BBG001ZZPQJ6_2021-04-16
2021-06-08 01:17:44 77      ROL_BBG000BSBBP1_2021-04-16
2021-06-08 01:17:44 78      ROLL_BBG000GMGNB3_2021-04-16
2021-06-08 01:17:44 79      ROP_BBG000F1ZSN5_2021-04-16
2021-06-08 01:17:44 80      ROST_BBG000BSBZH7_2021-04-16
2021-06-08 01:17:44 82      RP_BBG000CN5CJ3_2021-04-16
2021-06-08 01:17:44 82      RPD_BBG009DFHWG6_2021-04-16
2021-06-08 01:17:44 84      RPM_BBG000DCNK80_2021-04-16
2021-06-08 01:17:44 84      RRBI_BBG000QKNLB2_2021-04-16
2021-06-08 01:17:44 85      RRC_BBG000FVXD63_2021-04-16
2021-06-08 01:17:44 86      RRGB_BBG000MXH9C1_2021-04-16
2021-06-08 01:17:44 87      RS_BBG000CJ2181_2021-04-16
2021-06-08 01:17:44 87      RSG_BBG000BPXVJ6_2021-04-16
2021-06-08 01:17:44 89      RTX_BBG000BW8S60_2021-04-16
2021-06-08 01:17:44 91      RVLV_BBG00M4RHBD0_2021-04-16
2021-06-08 01:17:44 92      RXN_BBG000H8R0N8_2021-04-16
2021-06-08 01:17:44 92      RYN_BBG000BG7L34_2021-04-16
2021-06-08 01:17:44 93      RYTM_BBG007DLZ601_2021-04-16
2021-06-08 01:17:44 94      SAFM_BBG000BSHJ96_2021-04-16
2021-06-08 01:17:44 95      SAGE_BBG0025X16Y5_2021-04-16
2021-06-08 01:17:44 96      SAIA_BBG000P5LMQ0_2021-04-16
2021-06-08 01:17:44 97      SAIC_BBG003BW05K6_2021-04-16
2021-06-08 01:17:44 98      SAIL_BBG00J0BBZL0_2021-04-16
2021-06-08 01:17:44 99      SAM_BBG000BCZBF1_2021-04-16
2021-06-08 01:17:45 00      SAVE_BBG000BF6RQ9_2021-04-16
2021-06-08 01:17:45 01      SBAC_BBG000D2M0Z7_2021-04-16
2021-06-08 01:17:45 02      SBCF_BBG000KK3464_2021-04-16
2021-06-08 01:17:45 03      SBGI_BBG000F2XXP2_2021-04-16
2021-06-08 01:17:45 04      SBH_BBG000LR8515_2021-04-16
2021-06-08 01:17:45 05      SBRA_BBG000MTDW24_2021-04-16
2021-06-08 01:17:45 06      SBUX_BBG000CTQBF3_2021-04-16
2021-06-08 01:17:45 09      SCCO_BBG000BSHH72_2021-04-16
2021-06-08 01:17:45 10      SCHW_BBG000BSLZY7_2021-04-16
2021-06-08 01:17:45 13      SCI_BBG000BTHH16_2021-04-16
2021-06-08 01:17:45 14      SCSC_BBG000BHTPZ4_2021-04-16
2021-06-08 01:17:45 15      SDGR_BBG000T88BN2_2021-04-16
2021-06-08 01:17:45 16      SEDG_BBG0084BBZY6_2021-04-16
2021-06-08 01:17:45 18      SEE_BBG000C22QV7_2021-04-16
2021-06-08 01:17:45 19      SEIC_BBG000BSQLT9_2021-04-16
2021-06-08 01:17:45 20      SERV_TCS002WMH2F2_2021-04-16
2021-06-08 01:17:45 20      SF_BBG000BSS5C0_2021-04-16
2021-06-08 01:17:45 21      SFIX_BBG0046L1KL9_2021-04-16
2021-06-08 01:17:45 23      SFM_BBG001KFKQM7_2021-04-16
2021-06-08 01:17:45 24      SGEN_BBG000BH0FR6_2021-04-16
2021-06-08 01:17:45 25      SHAK_BBG0063GCHH8_2021-04-16
2021-06-08 01:17:45 26      SHEN_BBG000BTC2N0_2021-04-16
2021-06-08 01:17:45 27      SHI_BBG000BHR1H9_2021-04-16
2021-06-08 01:17:45 27      SHW_BBG000BSXQV7_2021-04-16
2021-06-08 01:17:45 29      SIG_BBG000C4ZZ10_2021-04-16
2021-06-08 01:17:45 30      SIGI_BBG000BSZ738_2021-04-16
2021-06-08 01:17:45 31      SINA_BBG000CJZ2W6_2021-04-16
2021-06-08 01:17:45 31      SITE_BBG009T22D49_2021-04-16
2021-06-08 01:17:45 32      SIVB_BBG000BT0CM2_2021-04-16
2021-06-08 01:17:45 33      SJI_BBG000BT0T72_2021-04-16
2021-06-08 01:17:45 34      SJM_BBG000BT1715_2021-04-16
2021-06-08 01:17:45 35      SKM_BBG000BLN497_2021-04-16
2021-06-08 01:17:45 35      SKX_BBG000C4HKK2_2021-04-16
2021-06-08 01:17:45 36      SLAB_BBG000BB99S3_2021-04-16
2021-06-08 01:17:45 37      SLB_BBG000BT41Q8_2021-04-16
2021-06-08 01:17:45 39      SLG_BBG000BVP5P2_2021-04-16
2021-06-08 01:17:45 39      SMAR_BBG00GQK3WB5_2021-04-16
2021-06-08 01:17:45 40      SMG_BBG000BT5PG5_2021-04-16
2021-06-08 01:17:45 41      SMPL_BBG00GVP5JL4_2021-04-16
2021-06-08 01:17:45 42      SMTC_BBG000DBKR53_2021-04-16
2021-06-08 01:17:45 43      SNA_BBG000BT7JW9_2021-04-16
2021-06-08 01:17:45 44      SNAP_BBG00441QMJ7_2021-04-16
2021-06-08 01:17:45 49      SNBR_BBG000DM2BF3_2021-04-16
2021-06-08 01:17:45 50      SNPS_BBG000BSFRF3_2021-04-16
2021-06-08 01:17:45 52      SNX_BBG000CL9JV4_2021-04-16
2021-06-08 01:17:45 53      SNY_BBG000BBD5N1_2021-04-16
2021-06-08 01:17:45 54      SO_BBG000BT9DW0_2021-04-16
2021-06-08 01:17:45 56      SOHU_BBG00L2DB535_2021-04-16
2021-06-08 01:17:45 57      SON_BBG000D7HF89_2021-04-16
2021-06-08 01:17:45 58      SONO_BBG001JZPSQ2_2021-04-16
2021-06-08 01:17:45 60      SP_BBG000BJ91B1_2021-04-16
2021-06-08 01:17:45 60      SPB@US_BBG000DS5588_2021-04-16
2021-06-08 01:17:45 61      SPCE_BBG00HTN2CQ3_2021-04-16
2021-06-08 01:17:45 76      SPG_BBG000BJ2D31_2021-04-16
2021-06-08 01:17:45 78      SPGI_BBG000BP1Q11_2021-04-16
2021-06-08 01:17:45 79      SPLK_BBG001C7TST4_2021-04-16
2021-06-08 01:17:45 85      SPOT_BBG003T4VFC2_2021-04-16
2021-06-08 01:17:45 87      SPR_BBG000PRJ2Z9_2021-04-16
2021-06-08 01:17:45 88      SPSC_BBG000PZGB75_2021-04-16
2021-06-08 01:17:45 89      SQ_BBG0018SLC07_2021-04-16
2021-06-08 01:17:45 93      SRC_BBG0027Z6X10_2021-04-16
2021-06-08 01:17:45 93      SRCL_BBG000H3FZM6_2021-04-16
2021-06-08 01:17:45 94      SRDX_BBG000BZ2QG2_2021-04-16
2021-06-08 01:17:45 95      SRE_BBG000C2ZCH8_2021-04-16
2021-06-08 01:17:45 96      SRI_BBG000BB9Q78_2021-04-16
2021-06-08 01:17:45 97      SRPT_BBG000BCJ161_2021-04-16
2021-06-08 01:17:45 98      SSD_BBG000JLC8L8_2021-04-16
2021-06-08 01:17:45 99      SSNC_BBG000RJ2J04_2021-04-16
2021-06-08 01:17:46 00      SSTK_BBG002ZCK2V9_2021-04-16
2021-06-08 01:17:46 01      STAA_BBG000C4QB95_2021-04-16
2021-06-08 01:17:46 01      STAG_BBG000BGLFP7_2021-04-16
2021-06-08 01:17:46 02      STLD_BBG000HGYNZ9_2021-04-16
2021-06-08 01:17:46 04      STMP_BBG000CZ4KF3_2021-04-16
2021-06-08 01:17:46 05      STRA_BBG000GRZDV1_2021-04-16
2021-06-08 01:17:46 06      STT_BBG000BKFBD7_2021-04-16
2021-06-08 01:17:46 08      STX_BBG000F0KF42_2021-04-16
2021-06-08 01:17:46 08      Warning: figi `BBG000F0KF42` for history data does not match actual figi `BBG0113JGQF0`. Ticker: STX. Will be used actual!
2021-06-08 01:17:46 10      STZ_BBG000J1QLT0_2021-04-16
2021-06-08 01:17:46 12      SUPN_BBG000BP0HX7_2021-04-16
2021-06-08 01:17:46 12      SWAV_BBG005XVXML5_2021-04-16
2021-06-08 01:17:46 13      SWBI_BBG000BM0QL7_2021-04-16
2021-06-08 01:17:46 15      SWCH_BBG00HPDM5Z2_2021-04-16
2021-06-08 01:17:46 16      SWI_BBG00M1CKSK7_2021-04-16
2021-06-08 01:17:46 17      SWK_BBG000BTQR96_2021-04-16
2021-06-08 01:17:46 18      SWKS_BBG000KLB4Q1_2021-04-16
2021-06-08 01:17:46 21      SWN_BBG000BTR593_2021-04-16
2021-06-08 01:17:46 24      SWX_BBG00FWP4JW4_2021-04-16
2021-06-08 01:17:46 25      SXI_BBG000BTT5B8_2021-04-16
2021-06-08 01:17:46 25      SXT_BBG000J79P80_2021-04-16
2021-06-08 01:17:46 26      SYF_BBG00658F3P3_2021-04-16
2021-06-08 01:17:46 29      SYK_BBG000DN7P92_2021-04-16
2021-06-08 01:17:46 30      SYKE_BBG000BBHPV4_2021-04-16
2021-06-08 01:17:46 30      SYNA_BBG000BQV1S2_2021-04-16
2021-06-08 01:17:46 31      SYNH_BBG0078Y1D92_2021-04-16
2021-06-08 01:17:46 33      SYY_BBG000BTVJ25_2021-04-16
2021-06-08 01:17:46 34      T_BBG000BSJK37_2021-04-16
2021-06-08 01:17:46 37      TAK_BBG000LF8708_2021-04-16
2021-06-08 01:17:46 38      TAL_BBG0016XJ8S0_2021-04-16
2021-06-08 01:17:46 39      TAP_BBG000BS7KS3_2021-04-16
2021-06-08 01:17:46 40      TCBI_BBG000DN4ZT1_2021-04-16
2021-06-08 01:17:46 41      TCMD_BBG001B12Z39_2021-04-16
2021-06-08 01:17:46 42      TCRR_BBG00FH3FM15_2021-04-16
2021-06-08 01:17:46 42      TCS_BBG005DXJS36_2021-04-16
2021-06-08 01:17:46 44      TCX_BBG000L69KL5_2021-04-16
2021-06-08 01:17:46 44      TDC_BBG000R0L5J4_2021-04-16
2021-06-08 01:17:46 45      TDG_BBG000L8CBX4_2021-04-16
2021-06-08 01:17:46 46      TDOC_BBG0019T5SG0_2021-04-16
2021-06-08 01:17:46 47      TDS_BBG000BV0VK7_2021-04-16
2021-06-08 01:17:46 48      TDY_BBG000BMT9T6_2021-04-16
2021-06-08 01:17:46 49      TECD_BBG000BV2BR2_2021-04-16
2021-06-08 01:17:46 49      TECH_BBG000C15114_2021-04-16
2021-06-08 01:17:46 50      TEL_BBG000RGM5P1_2021-04-16
2021-06-08 01:17:46 51      TENB_BBG00LBLCD02_2021-04-16
2021-06-08 01:17:46 52      TER_BBG000BV4DR6_2021-04-16
2021-06-08 01:17:46 54      TFC_BBG000BYYLS8_2021-04-16
2021-06-08 01:17:46 56      TFX_BBG000BV59Y6_2021-04-16
2021-06-08 01:17:46 58      TGNA_BBG000BK5DP1_2021-04-16
2021-06-08 01:17:46 59      TGT_BBG000H8TVT2_2021-04-16
2021-06-08 01:17:46 61      THG_BBG000FJH8W0_2021-04-16
2021-06-08 01:17:46 62      THO_BBG000BV6R84_2021-04-16
2021-06-08 01:17:46 63      THRM_BBG000BQLM34_2021-04-16
2021-06-08 01:17:46 63      THS_BBG000GQGJT4_2021-04-16
2021-06-08 01:17:46 64      TIF_BBG000BV75B7_2021-04-16
2021-06-08 01:17:46 64      TJX_BBG000BV8DN6_2021-04-16
2021-06-08 01:17:46 66      TKR_BBG000BV95H9_2021-04-16
2021-06-08 01:17:46 67      TMHC_BBG003PGJHP5_2021-04-16
2021-06-08 01:17:46 68      TMO_BBG000BVDLH9_2021-04-16
2021-06-08 01:17:46 69      TMUS_BBG000NDV1D4_2021-04-16
2021-06-08 01:17:46 71      TMX_BBG002WMH2F2_2021-04-16
2021-06-08 01:17:46 72      TNC_BBG000JCZJS2_2021-04-16
2021-06-08 01:17:46 73      TNDM_BBG0019V9M65_2021-04-16
2021-06-08 01:17:46 73      TNET_BBG000BR2040_2021-04-16
2021-06-08 01:17:46 74      TOL_BBG000BVHBM1_2021-04-16
2021-06-08 01:17:46 76      TOT_BBG000CHZ857_2021-04-16
2021-06-08 01:17:46 77      TPH_BBG0016YQTR5_2021-04-16
2021-06-08 01:17:46 77      TPIC_BBG0016MQ7C5_2021-04-16
2021-06-08 01:17:46 79      TPR_BBG000BY29C7_2021-04-16
2021-06-08 01:17:46 80      TPTX_BBG00NPL9WH7_2021-04-16
2021-06-08 01:17:46 81      TPX_BBG000PXGT62_2021-04-16
2021-06-08 01:17:46 83      TREE_BBG000TVRB50_2021-04-16
2021-06-08 01:17:46 84      TREX_BBG000BTGKK9_2021-04-16
2021-06-08 01:17:46 85      TRHC_BBG00BT7PPY8_2021-04-16
2021-06-08 01:17:46 86      TRIP_BBG001M8HHB7_2021-04-16
2021-06-08 01:17:46 88      TRMB_BBG000BNPS52_2021-04-16
2021-06-08 01:17:46 89      TROW_BBG000BVMPN3_2021-04-16
2021-06-08 01:17:46 91      TRU_BBG002Q7J5Z1_2021-04-16
2021-06-08 01:17:46 91      TRUP_BBG002BC7WC5_2021-04-16
2021-06-08 01:17:46 92      TRV_BBG000BJ81C1_2021-04-16
2021-06-08 01:17:46 93      TSCO_BBG000BLXZN1_2021-04-16
2021-06-08 01:17:46 95      TSLA_BBG000N9MNX3_2021-04-16
2021-06-08 01:17:47 19      TSM_BBG000BD8ZK0_2021-04-16
2021-06-08 01:17:47 23      TSN_BBG000DKCC19_2021-04-16
2021-06-08 01:17:47 24      TSS_BBG000C1JTL6_2021-04-16
2021-06-08 01:17:47 24      TT_BBG000BM6788_2021-04-16
2021-06-08 01:17:47 25      TTC_BBG000BVQRY3_2021-04-16
2021-06-08 01:17:47 27      TTD_BBG00629NGT2_2021-04-16
2021-06-08 01:17:47 29      TTEK_BBG000BYZ0Q5_2021-04-16
2021-06-08 01:17:47 30      TTM_BBG000PVGDH9_2021-04-16
2021-06-08 01:17:47 31      TTMI_BBG000BYQ0B1_2021-04-16
2021-06-08 01:17:47 33      TTWO_BBG000BS1YV5_2021-04-16
2021-06-08 01:17:47 35      TW_BBG00NK8H8T2_2021-04-16
2021-06-08 01:17:47 35      TWLO_BBG0029ZX840_2021-04-16
2021-06-08 01:17:47 37      TWNK_BBG00B6KGNN1_2021-04-16
2021-06-08 01:17:47 39      TWOU_BBG001KS9450_2021-04-16
2021-06-08 01:17:47 40      TWTR_BBG000H6HNW3_2021-04-16
2021-06-08 01:17:47 45      TXG_BBG007WX14X0_2021-04-16
2021-06-08 01:17:47 46      TXN_BBG000BVV7G1_2021-04-16
2021-06-08 01:17:47 50      TXRH_BBG000PSJMV7_2021-04-16
2021-06-08 01:17:47 52      TXT_BBG000BVVQQ8_2021-04-16
2021-06-08 01:17:47 53      TYL_BBG000BVWZF9_2021-04-16
2021-06-08 01:17:47 53      UA_BBG009DTD8H2_2021-04-16
2021-06-08 01:17:47 54      UAA_BBG000BXM6V2_2021-04-16
2021-06-08 01:17:47 56      UAL_BBG000M65M61_2021-04-16
2021-06-08 01:17:47 60      UBER_BBG002B04MT8_2021-04-16
2021-06-08 01:17:47 63      UCTT_BBG000HSLV70_2021-04-16
2021-06-08 01:17:47 64      UDR_BBG000C41023_2021-04-16
2021-06-08 01:17:47 66      UFPI_BBG000BL0T06_2021-04-16
2021-06-08 01:17:47 67      UFS_BBG000BHFHP8_2021-04-16
2021-06-08 01:17:47 68      UGI_BBG000BVYN55_2021-04-16
2021-06-08 01:17:47 70      UHS_BBG000CB8Q50_2021-04-16
2021-06-08 01:17:47 71      UI_BBG001R72SR9_2021-04-16
2021-06-08 01:17:47 71      ULTA_BBG00FWQ4VD6_2021-04-16
2021-06-08 01:17:47 72      UMBF_BBG000DD8WX1_2021-04-16
2021-06-08 01:17:47 73      UNF_BBG000BW29L1_2021-04-16
2021-06-08 01:17:47 74      UNH_BBG000CH5208_2021-04-16
2021-06-08 01:17:47 75      UNM_BBG000BW2QX0_2021-04-16
2021-06-08 01:17:47 77      UNP_BBG000BW3299_2021-04-16
2021-06-08 01:17:47 78      UNVR_BBG000BDHD29_2021-04-16
2021-06-08 01:17:47 78      UPS_BBG000L9CV04_2021-04-16
2021-06-08 01:17:47 80      UPWK_BBG00FBJ6390_2021-04-16
2021-06-08 01:17:47 81      URBN_BBG000BL79J3_2021-04-16
2021-06-08 01:17:47 83      URI_BBG000BXMFC3_2021-04-16
2021-06-08 01:17:47 84      USB_BBG000FFDM15_2021-04-16
2021-06-08 01:17:47 86      USFD_BBG00C6H6D40_2021-04-16
2021-06-08 01:17:47 86      USM_BBG000BW6P59_2021-04-16
2021-06-08 01:17:47 87      USNA_BBG000BX28M0_2021-04-16
2021-06-08 01:17:47 87      USPH_BBG000CSRSG6_2021-04-16
2021-06-08 01:17:47 88      UTHR_BBG000BV4XJ1_2021-04-16
2021-06-08 01:17:47 89      UTL_BBG000BW7X97_2021-04-16
2021-06-08 01:17:47 90      UTX_BBG0089KM290_2021-04-16
2021-06-08 01:17:47 90      V_BBG000PSKYX7_2021-04-16
2021-06-08 01:17:47 93      VAC_BBG001J2R5H3_2021-04-16
2021-06-08 01:17:47 94      VALE_BBG000BN5LG7_2021-04-16
2021-06-08 01:17:47 96      VAR_BBG000BWBZN1_2021-04-16
2021-06-08 01:17:47 96      VC_BBG0016T3GQ0_2021-04-16
2021-06-08 01:17:47 97      VCEL_BBG000BDCM24_2021-04-16
2021-06-08 01:17:47 97      VCRA_BBG00179VSY7_2021-04-16
2021-06-08 01:17:47 98      VCYT_BBG001J2M542_2021-04-16
2021-06-08 01:17:47 99      VEEV_BBG001CGB489_2021-04-16
2021-06-08 01:17:48 00      VEON_BBG000QCW561_2021-04-16
2021-06-08 01:17:48 01      VFC_BBG000BWCKB6_2021-04-16
2021-06-08 01:17:48 03      VG_BBG000BRB5D9_2021-04-16
2021-06-08 01:17:48 04      VIAC_BBG000C496P7_2021-04-16
2021-06-08 01:17:48 10      VICR_BBG000C3VHF1_2021-04-16
2021-06-08 01:17:48 10      VIE_BBG00K6P5XM1_2021-04-16
2021-06-08 01:17:48 11      VIPS_BBG002NLDLV8_2021-04-16
2021-06-08 01:17:48 16      VIR_BBG00H2QQ8T5_2021-04-16
2021-06-08 01:17:48 17      VLO_BBG000BBGGQ1_2021-04-16
2021-06-08 01:17:48 20      VMC_BBG000BWGYF8_2021-04-16
2021-06-08 01:17:48 21      VMI_BBG000BWB7V4_2021-04-16
2021-06-08 01:17:48 22      VMW_BBG000BC9938_2021-04-16
2021-06-08 01:17:48 23      VNDA_BBG000HT5MG6_2021-04-16
2021-06-08 01:17:48 24      VNE_BBG00K4MPP27_2021-04-16
2021-06-08 01:17:48 25      VNO_BBG000BWHD54_2021-04-16
2021-06-08 01:17:48 26      VNT_BBG00RRGSJR4_2021-04-16
2021-06-08 01:17:48 27      VPG_BBG000PRQ0V9_2021-04-16
2021-06-08 01:17:48 27      VREX_BBG00CZNLR47_2021-04-16
2021-06-08 01:17:48 28      VRNS_BBG001Y04TN6_2021-04-16
2021-06-08 01:17:48 29      VRNT_BBG000BCBYT2_2021-04-16
2021-06-08 01:17:48 31      VRSK_BBG000BCZL41_2021-04-16
2021-06-08 01:17:48 32      VRSN_BBG000BGKHZ3_2021-04-16
2021-06-08 01:17:48 33      VRTS_BBG000DMFQS2_2021-04-16
2021-06-08 01:17:48 34      VRTU_BBG000QCG7M7_2021-04-16
2021-06-08 01:17:48 35      VRTV_BBG005XZHR97_2021-04-16
2021-06-08 01:17:48 35      VRTX_BBG000C1S2X2_2021-04-16
2021-06-08 01:17:48 38      VTR_BBG000FRVHB9_2021-04-16
2021-06-08 01:17:48 39      VTRS_BBG00Y4RQNH4_2021-04-16
2021-06-08 01:17:48 40      VZ_BBG000HS77T5_2021-04-16
2021-06-08 01:17:48 42      W_BBG001B17MV2_2021-04-16
2021-06-08 01:17:48 44      WAB_BBG000BDD940_2021-04-16
2021-06-08 01:17:48 44      WAL_BBG000Q1KFH4_2021-04-16
2021-06-08 01:17:48 45      WAT_BBG000FQRVM3_2021-04-16
2021-06-08 01:17:48 46      WB_BBG0065XPGX9_2021-04-16
2021-06-08 01:17:48 48      WBA_BBG000BWLMJ4_2021-04-16
2021-06-08 01:17:48 50      WCC_BBG000D0FNV3_2021-04-16
2021-06-08 01:17:48 51      WDAY_BBG000VC0T95_2021-04-16
2021-06-08 01:17:48 53      WDC_BBG000BWNFZ9_2021-04-16
2021-06-08 01:17:48 56      WDFC_BBG000BWNV93_2021-04-16
2021-06-08 01:17:48 57      WEC_BBG000BWP7D9_2021-04-16
2021-06-08 01:17:48 59      WELL_BBG000BKY1G5_2021-04-16
2021-06-08 01:17:48 60      WERN_BBG000BWPP85_2021-04-16
2021-06-08 01:17:48 61      WEX_BBG000BVZP59_2021-04-16
2021-06-08 01:17:48 62      WFC_BBG000BWQFY7_2021-04-16
2021-06-08 01:17:48 69      WGO_BBG000BWS3F3_2021-04-16
2021-06-08 01:17:48 70      WH_BBG00HCY3Q67_2021-04-16
2021-06-08 01:17:48 70      WHD_BBG00JRH1P95_2021-04-16
2021-06-08 01:17:48 71      WHR_BBG000BWSV34_2021-04-16
2021-06-08 01:17:48 72      WING_BBG008N298Y8_2021-04-16
2021-06-08 01:17:48 73      WK_BBG007BVZ8H9_2021-04-16
2021-06-08 01:17:48 73      WLK_BBG000PXZFW2_2021-04-16
2021-06-08 01:17:48 74      WLTW_BBG000DB3KT1_2021-04-16
2021-06-08 01:17:48 75      WM_BBG000BWVSR1_2021-04-16
2021-06-08 01:17:48 77      WMB_BBG000BWVCP8_2021-04-16
2021-06-08 01:17:48 78      WMT_BBG000BWXBC2_2021-04-16
2021-06-08 01:17:48 81      WOR_BBG000HL7499_2021-04-16
2021-06-08 01:17:48 81      WORK_BBG007G7V505_2021-04-16
2021-06-08 01:17:48 83      WRB_BBG000BD1HP2_2021-04-16
2021-06-08 01:17:48 84      WRK_BBG008NXC572_2021-04-16
2021-06-08 01:17:48 85      WRLD_BBG000C3G9J2_2021-04-16
2021-06-08 01:17:48 85      WSC_BBG00B0FS947_2021-04-16
2021-06-08 01:17:48 86      WSM_BBG000FSMWC3_2021-04-16
2021-06-08 01:17:48 87      WSO_BBG000DJN7L9_2021-04-16
2021-06-08 01:17:48 88      WST_BBG000BX24N8_2021-04-16
2021-06-08 01:17:48 89      WTFC_BBG000HD3DW5_2021-04-16
2021-06-08 01:17:48 90      WTS_BBG000C4Z6C2_2021-04-16
2021-06-08 01:17:48 90      WTTR_BBG00G4Y2DC1_2021-04-16
2021-06-08 01:17:48 91      WU_BBG000BB5373_2021-04-16
2021-06-08 01:17:48 92      WWD_BBG000BD53V2_2021-04-16
2021-06-08 01:17:48 93      WWE_BBG000F5YH15_2021-04-16
2021-06-08 01:17:48 94      WWW_BBG000BX2YN2_2021-04-16
2021-06-08 01:17:48 94      WY_BBG000BX3BL3_2021-04-16
2021-06-08 01:17:48 96      WYND_BBG000PV2L86_2021-04-16
2021-06-08 01:17:48 96      WYNN_BBG000LD9JQ8_2021-04-16
2021-06-08 01:17:48 98      XEC_BBG000D6L294_2021-04-16
2021-06-08 01:17:48 98      XEL_BBG000BCTQ65_2021-04-16
2021-06-08 01:17:49 01      XLNX_BBG000C0F570_2021-04-16
2021-06-08 01:17:49 03      XLRN_BBG000R5HWZ1_2021-04-16
2021-06-08 01:17:49 03      XNCR_BBG0026ZG4W0_2021-04-16
2021-06-08 01:17:49 04      XOM_BBG000GZQ728_2021-04-16
2021-06-08 01:17:49 08      XPO_BBG000L5CJF3_2021-04-16
2021-06-08 01:17:49 08      XRAY_BBG000BX57K1_2021-04-16
2021-06-08 01:17:49 09      XRX_BBG00NNG2ZJ8_2021-04-16
2021-06-08 01:17:49 11      XYL_BBG001D8R5D0_2021-04-16
2021-06-08 01:17:49 12      Y_BBG000BX6BJ3_2021-04-16
2021-06-08 01:17:49 12      YELP_BBG000Q2HM09_2021-04-16
2021-06-08 01:17:49 13      YETI_BBG00D8JC882_2021-04-16
2021-06-08 01:17:49 15      YEXT_BBG001MKZGY7_2021-04-16
2021-06-08 01:17:49 16      YUM_BBG000BH3GZ2_2021-04-16
2021-06-08 01:17:49 17      YUMC_BBG00B8N0HG1_2021-04-16
2021-06-08 01:17:49 18      YY_BBG003H0XV18_2021-04-16
2021-06-08 01:17:49 19      Z_BBG009NRSWJ4_2021-04-16
2021-06-08 01:17:49 22      ZBH_BBG000BKPL53_2021-04-16
2021-06-08 01:17:49 23      ZBRA_BBG000CC7LQ7_2021-04-16
2021-06-08 01:17:49 24      ZEN_BBG001HRFJG4_2021-04-16
2021-06-08 01:17:49 25      ZG_BBG000D13GN8_2021-04-16
2021-06-08 01:17:49 26      ZGNX_BBG000VDC3G9_2021-04-16
2021-06-08 01:17:49 27      ZI_BBG00S1HJ3M8_2021-04-16
2021-06-08 01:17:49 28      ZION_BBG000BX9WL1_2021-04-16
2021-06-08 01:17:49 29      ZM_BBG0042V6JM8_2021-04-16
2021-06-08 01:17:49 32      ZNH_BBG000BXQ7R1_2021-04-16
2021-06-08 01:17:49 33      ZS_BBG003338H34_2021-04-16
2021-06-08 01:17:49 34      ZTS_BBG0039320N9_2021-04-16
2021-06-08 01:17:49 35      ZUMZ_BBG000PYX812_2021-04-16
2021-06-08 01:17:49 36      ZUO_BBG000BT3HG5_2021-04-16
2021-06-08 01:17:49 37      ZYNE_BBG007BBS8B7_2021-04-16
2021-06-08 01:17:49 44      ZYXI_BBG000BJBXZ2_2021-04-16
2021-06-08 01:17:49 45      Total candles read: 3719288
2021-06-08 01:17:49 45      Start DisposeAsync...
2021-06-08 01:17:49 46      Trade statistic. Total/Pos/Neg: 0/0/0; Profit: 0; Volume: 0; MaxVolume: 0; Commission: 0;
2021-06-08 01:17:49 46      BaseBot::DisposeAsync...
2021-06-08 01:17:49 46      BaseBot::DisposeAsync done!
2021-06-08 01:17:49 46      End DisposeAsync...
