2021-07-04 23:21:32 28      mode=TestTradeBot;CopyDDDDData=true;DumpQuotes=false;SubscribeQuotes=false;Strategies=BuyTheDipPremarket;Token=token.txt;ConfigPath=usd.json;OutputFolder=.\new\;CandlesPath=C:\tinkoff\TestData\RawQuotes\5m\uncompressed\quotes_2021-03-26;
2021-07-04 23:21:32 29      Trade bot created
2021-07-04 23:21:32 31      Fake connection created
2021-07-04 23:21:32 43      Loaded 142 liquid instruments
2021-07-04 23:21:33 03      List of disabled tickers: 
2021-07-04 23:21:33 04      A_BBG000C2V3D6_2021-03-26
2021-07-04 23:21:33 11      AA_BBG00B3T3HD3_2021-03-26
2021-07-04 23:21:33 17      AAL_BBG005P7Q881_2021-03-26
2021-07-04 23:21:33 29      AAN_BBG00WCNDCZ6_2021-03-26
2021-07-04 23:21:33 29      AAN: SPYKE!. Candle: ID:37, Time: 12:50, Close: 25.9
2021-07-04 23:21:33 30      AAON_BBG000C2LZP3_2021-03-26
2021-07-04 23:21:33 31      AAP_BBG000F7RCJ1_2021-03-26
2021-07-04 23:21:33 32      AAPL_BBG000B9XRY4_2021-03-26
2021-07-04 23:21:33 61      ABBV_BBG0025Y4RY4_2021-03-26
2021-07-04 23:21:33 65      ABC_BBG000MDCQC2_2021-03-26
2021-07-04 23:21:33 67      ABG_BBG000BKDWB5_2021-03-26
2021-07-04 23:21:33 68      ABMD_BBG000C101X4_2021-03-26
2021-07-04 23:21:33 70      ABNB_BBG001Y2XS07_2021-03-26
2021-07-04 23:21:33 73      ABNB: SPYKE!. Candle: ID:130, Time: 11:25, Close: 176.1
2021-07-04 23:21:33 75      ABT_BBG000B9ZXB4_2021-03-26
2021-07-04 23:21:33 79      ACAD_BBG000BHG9K0_2021-03-26
2021-07-04 23:21:33 83      ACH_BBG000CMRVH1_2021-03-26
2021-07-04 23:21:33 84      ACM_BBG000F61RJ8_2021-03-26
2021-07-04 23:21:33 85      ACMR_BBG00HPSG933_2021-03-26
2021-07-04 23:21:33 86      ACN_BBG000D9D830_2021-03-26
2021-07-04 23:21:33 89      ADBE_BBG000BB5006_2021-03-26
2021-07-04 23:21:33 98      ADM_BBG000BB6WG8_2021-03-26
2021-07-04 23:21:34 01      ADP_BBG000JG0547_2021-03-26
2021-07-04 23:21:34 05      ADPT_BBG001J2PFF5_2021-03-26
2021-07-04 23:21:34 06      ADS_BBG000BFNR17_2021-03-26
2021-07-04 23:21:34 08      ADSK_BBG000BM7HL0_2021-03-26
2021-07-04 23:21:34 12      ADUS_BBG000NJGX84_2021-03-26
2021-07-04 23:21:34 13      AEE_BBG000B9X8C0_2021-03-26
2021-07-04 23:21:34 14      AEIS_BBG000FKMP26_2021-03-26
2021-07-04 23:21:34 15      AEO_BBG000BGXZB5_2021-03-26
2021-07-04 23:21:34 19      AERI_BBG001KJ7WJ5_2021-03-26
2021-07-04 23:21:34 20      AES_BBG000C23KJ3_2021-03-26
2021-07-04 23:21:34 23      AFG_BBG000DPKKK0_2021-03-26
2021-07-04 23:21:34 24      AFL_BBG000BBBNC6_2021-03-26
2021-07-04 23:21:34 26      AGCO_BBG000DCCZW2_2021-03-26
2021-07-04 23:21:34 27      AGIO_BBG000QY4ZD0_2021-03-26
2021-07-04 23:21:34 28      AIG_BBG000BBDZG3_2021-03-26
2021-07-04 23:21:34 30      AIR_BBG000BBGQF1_2021-03-26
2021-07-04 23:21:34 31      AIRC_BBG00XK3WVD0_2021-03-26
2021-07-04 23:21:34 32      AIT_BBG000BBHHP9_2021-03-26
2021-07-04 23:21:34 33      AIV_BBG000DD3510_2021-03-26
2021-07-04 23:21:34 34      AIZ_BBG000BZX1N5_2021-03-26
2021-07-04 23:21:34 35      AJG_BBG000BBHXQ3_2021-03-26
2021-07-04 23:21:34 37      AJRD_BBG000BKRHQ7_2021-03-26
2021-07-04 23:21:34 38      AKAM_BBG000BJQWD2_2021-03-26
2021-07-04 23:21:34 41      ALB_BBG000BJ26K7_2021-03-26
2021-07-04 23:21:34 42      ALGN_BBG000BRNLL2_2021-03-26
2021-07-04 23:21:34 44      ALGT_BBG000LJS6B8_2021-03-26
2021-07-04 23:21:34 45      ALK_BBG000BBL0Y1_2021-03-26
2021-07-04 23:21:34 46      ALL_BBG000BVMGF2_2021-03-26
2021-07-04 23:21:34 48      ALLE_BBG003PS7JV1_2021-03-26
2021-07-04 23:21:34 49      ALLK_BBG003QBJKN0_2021-03-26
2021-07-04 23:21:34 50      ALLO_BBG00KHRRDX3_2021-03-26
2021-07-04 23:21:34 51      ALLY_BBG000BC2R71_2021-03-26
2021-07-04 23:21:34 54      ALNY_BBG000BFGNJ5_2021-03-26
2021-07-04 23:21:34 55      ALRM_BBG007GNPYY7_2021-03-26
2021-07-04 23:21:34 56      ALSN_BBG001KY3845_2021-03-26
2021-07-04 23:21:34 57      ALTR_BBG000PN9NB9_2021-03-26
2021-07-04 23:21:34 58      ALXN_BBG000G30YX4_2021-03-26
2021-07-04 23:21:34 60      AMAT_BBG000BBPFB9_2021-03-26
2021-07-04 23:21:34 73      AMCX_BBG000H01H92_2021-03-26
2021-07-04 23:21:34 74      AMCX: SPYKE!. Candle: ID:2709, Time: 19:00, Close: 52.73
2021-07-04 23:21:34 75      AMD_BBG000BBQCY0_2021-03-26
2021-07-04 23:21:34 95      AME_BBG000B9XG87_2021-03-26
2021-07-04 23:21:34 96      AMED_BBG000B9ZV28_2021-03-26
2021-07-04 23:21:34 97      AMG_BBG000C060M4_2021-03-26
2021-07-04 23:21:34 98      AMGN_BBG000BBS2Y0_2021-03-26
2021-07-04 23:21:35 04      AMN_BBG000BCT197_2021-03-26
2021-07-04 23:21:35 05      AMP_BBG000G3QLY3_2021-03-26
2021-07-04 23:21:35 06      AMT_BBG000B9XYV2_2021-03-26
2021-07-04 23:21:35 09      AMWD_BBG000BBX657_2021-03-26
2021-07-04 23:21:35 10      AMZN_BBG000BVPV84_2021-03-26
2021-07-04 23:21:35 20      AN_BBG000BBXLW4_2021-03-26
2021-07-04 23:21:35 21      ANAB_BBG0026ZDHR0_2021-03-26
2021-07-04 23:21:35 22      ANDE_BBG000BF8CN3_2021-03-26
2021-07-04 23:21:35 23      ANET_BBG000N2HDY5_2021-03-26
2021-07-04 23:21:35 25      ANF_BBG000H9G7X2_2021-03-26
2021-07-04 23:21:35 26      ANGI_BBG00HVKH3Q0_2021-03-26
2021-07-04 23:21:35 28      ANIK_BBG000BBKZD8_2021-03-26
2021-07-04 23:21:35 29      ANIP_BBG000KK1L04_2021-03-26
2021-07-04 23:21:35 30      ANSS_BBG000GXZ4W7_2021-03-26
2021-07-04 23:21:35 32      ANTM_BBG000BCG930_2021-03-26
2021-07-04 23:21:35 34      AON_BBG00SSQFPK6_2021-03-26
2021-07-04 23:21:35 36      AOS_BBG000BC1L02_2021-03-26
2021-07-04 23:21:35 38      AOUT_BBG00QV8FS02_2021-03-26
2021-07-04 23:21:35 39      APA_BBG00YTS96G2_2021-03-26
2021-07-04 23:21:35 43      APD_BBG000BC4JJ4_2021-03-26
2021-07-04 23:21:35 45      APEI_BBG000RVD346_2021-03-26
2021-07-04 23:21:35 46      APH_BBG000B9YJ35_2021-03-26
2021-07-04 23:21:35 48      APLE_BBG006473QX9_2021-03-26
2021-07-04 23:21:35 49      APLT_BBG000DD0489_2021-03-26
2021-07-04 23:21:35 50      APPF_BBG008GC8CP6_2021-03-26
2021-07-04 23:21:35 51      APPN_BBG001C7PMJ2_2021-03-26
2021-07-04 23:21:35 54      APPS_BBG000HZ3562_2021-03-26
2021-07-04 23:21:35 58      APTV_BBG001QD41M9_2021-03-26
2021-07-04 23:21:35 59      ARCC_BBG000PD6X77_2021-03-26
2021-07-04 23:21:35 61      ARCT_BBG00NNW8JK1_2021-03-26
2021-07-04 23:21:35 63      ARE_BBG000BC33T9_2021-03-26
2021-07-04 23:21:35 64      ARMK_BBG001KY4N87_2021-03-26
2021-07-04 23:21:35 66      ARNA_BBG000BKXBV7_2021-03-26
2021-07-04 23:21:35 68      ARNC_BBG00R45JYB7_2021-03-26
2021-07-04 23:21:35 69      ARQT_BBG00QN8K4M4_2021-03-26
2021-07-04 23:21:35 69      ARQT: SPYKE!. Candle: ID:24, Time: 13:30, Close: 30.98
2021-07-04 23:21:35 70      ARVN_BBG00LW7YK82_2021-03-26
2021-07-04 23:21:35 71      ARW_BBG000BCD3D5_2021-03-26
2021-07-04 23:21:35 72      ARWR_BBG000BRVKH0_2021-03-26
2021-07-04 23:21:35 74      ASGN_BBG000CRN8N8_2021-03-26
2021-07-04 23:21:35 75      ASH_BBG00D0Y81M1_2021-03-26
2021-07-04 23:21:35 76      ASIX_BBG00CWTTQ41_2021-03-26
2021-07-04 23:21:35 77      ATEX_BBG0081NLHR0_2021-03-26
2021-07-04 23:21:35 77      ATEX: SPYKE!. Candle: ID:11, Time: 13:30, Close: 45.51
2021-07-04 23:21:35 77      ATGE_BBG000DQBZJ7_2021-03-26
2021-07-04 23:21:35 78      ATKR_BBG000QTFDQ4_2021-03-26
2021-07-04 23:21:35 80      ATR_BBG000BGX2S0_2021-03-26
2021-07-04 23:21:35 81      ATRA_BBG005Q3MQY4_2021-03-26
2021-07-04 23:21:35 83      ATRC_BBG000BL6CB5_2021-03-26
2021-07-04 23:21:35 84      ATRI_BBG000DTT624_2021-03-26
2021-07-04 23:21:35 85      ATRO_BBG000BCLBY5_2021-03-26
2021-07-04 23:21:35 86      ATUS_BBG00GFMPRK0_2021-03-26
2021-07-04 23:21:35 89      ATVI_BBG000CVWGS6_2021-03-26
2021-07-04 23:21:35 94      AVAV_BBG000GX14P2_2021-03-26
2021-07-04 23:21:35 95      AVB_BBG000BLPBL5_2021-03-26
2021-07-04 23:21:35 96      AVGO_BBG00KHY5S69_2021-03-26
2021-07-04 23:21:36 00      AVLR_BBG000R4Y9C1_2021-03-26
2021-07-04 23:21:36 02      AVNS_BBG005L86G05_2021-03-26
2021-07-04 23:21:36 03      AVNT_BBG000C8NJ10_2021-03-26
2021-07-04 23:21:36 04      AVTR_BBG00G2HHYD7_2021-03-26
2021-07-04 23:21:36 05      AVY_BBG000BCQ4P6_2021-03-26
2021-07-04 23:21:36 06      AWI_BBG000DW4LB1_2021-03-26
2021-07-04 23:21:36 07      AWK_BBG000TRJ294_2021-03-26
2021-07-04 23:21:36 08      AWR_BBG000F964B6_2021-03-26
2021-07-04 23:21:36 09      AX_BBG000QPHD08_2021-03-26
2021-07-04 23:21:36 10      AXGN_BBG000BN46R9_2021-03-26
2021-07-04 23:21:36 11      AXP_BBG000BCQZS4_2021-03-26
2021-07-04 23:21:36 14      AXSM_BBG00B6G7GL7_2021-03-26
2021-07-04 23:21:36 15      AYI_BBG000BJ5HK0_2021-03-26
2021-07-04 23:21:36 16      AYX_BBG000BGZT72_2021-03-26
2021-07-04 23:21:36 19      AZO_BBG000C7LMS8_2021-03-26
2021-07-04 23:21:36 21      AZPN_BBG000DFMXT3_2021-03-26
2021-07-04 23:21:36 22      BA_BBG000BCSST7_2021-03-26
2021-07-04 23:21:36 31      BABA_BBG006G2JVL2_2021-03-26
2021-07-04 23:21:36 52      BAC_BBG000BCTLF6_2021-03-26
2021-07-04 23:21:36 60      BAH_BBG000R2YFG7_2021-03-26
2021-07-04 23:21:36 63      BAND_BBG001K003W2_2021-03-26
2021-07-04 23:21:36 64      BAX_BBG000BCVJ77_2021-03-26
2021-07-04 23:21:36 67      BBIO_BBG00P9KDZK6_2021-03-26
2021-07-04 23:21:36 69      BBSI_BBG000BHJSC4_2021-03-26
2021-07-04 23:21:36 70      BBY_BBG000BCWCG1_2021-03-26
2021-07-04 23:21:36 71      BBBY_BBG000CSY9H9_2021-03-26
2021-07-04 23:21:36 74      BC_BBG000BCWSS3_2021-03-26
2021-07-04 23:21:36 76      BCO_BBG000DR5QP5_2021-03-26
2021-07-04 23:21:36 76      BCPC_BBG000BCY878_2021-03-26
2021-07-04 23:21:36 77      BDC_BBG000Q4XNV1_2021-03-26
2021-07-04 23:21:36 79      BDTX_BBG00MS4Y0W9_2021-03-26
2021-07-04 23:21:36 80      BDX_BBG000BCZYD3_2021-03-26
2021-07-04 23:21:36 82      BECN_BBG000BKTXF2_2021-03-26
2021-07-04 23:21:36 84      BEN_BBG000BD0TF8_2021-03-26
2021-07-04 23:21:36 86      BERY_BBG000Q1R1Y9_2021-03-26
2021-07-04 23:21:36 87      BF.B_BBG000BD2NY8_2021-03-26
2021-07-04 23:21:36 88      BFAM_BBG003LFWP05_2021-03-26
2021-07-04 23:21:36 89      BFYT_BBG003QRSQD3_2021-03-26
2021-07-04 23:21:36 90      BGS_BBG000RKXRQ1_2021-03-26
2021-07-04 23:21:36 91      BH_BBG00JPRDQH1_2021-03-26
2021-07-04 23:21:36 92      BHF_BBG00DYPZ4T0_2021-03-26
2021-07-04 23:21:36 93      BIDU_BBG000QXWHD1_2021-03-26
2021-07-04 23:21:37 39      BIDU: BuyPending. Strategy: BuyTheDipPremarket. Price: 194.89. Lots: 1. ChangeOpenToCurrent: -4.32. changeFromLow: 0.55. Candle: ID:5979, Time: 12:10, Close: 194.89.
2021-07-04 23:21:37 39      BIDU: OrderID: 0793cd77. PlacedOrder. Status: New. RejectReason: 
2021-07-04 23:21:37 39      BIDU: OrderID: 0793cd77 fully executed
2021-07-04 23:21:37 40      BIDU: Closing. Close price: 198.29. Lots: 1. CandleChange: 2.13%. ChangeFromCandleHigh: -2.25%. Profit: 3.40(1.74%). Candle: ID:6373, Time: 12:15, Close: 198.29
2021-07-04 23:21:37 40      BIDU: OrderID: 362b5ba2. PlacedOrder. Status: New. RejectReason: 
2021-07-04 23:21:37 40      BIDU: OrderID: 362b5ba2 fully executed
2021-07-04 23:21:37 72      BIG_BBG000J0D904_2021-03-26
2021-07-04 23:21:37 74      BIIB_BBG000C17X76_2021-03-26
2021-07-04 23:21:37 76      BILI_BBG00K7T3037_2021-03-26
2021-07-04 23:21:37 89      BILL_BBG00QVJV6V4_2021-03-26
2021-07-04 23:21:37 91      BIO_BBG000DY28W5_2021-03-26
2021-07-04 23:21:37 92      BJRI_BBG000H9LNX1_2021-03-26
2021-07-04 23:21:37 94      BK_BBG000BD8PN9_2021-03-26
2021-07-04 23:21:37 99      BKI_BBG00GX77LW3_2021-03-26
2021-07-04 23:21:38 00      BKNG_BBG000BLBVN4_2021-03-26
2021-07-04 23:21:38 02      BKR_BBG00GBVBK51_2021-03-26
2021-07-04 23:21:38 05      BL_BBG0029KJVB0_2021-03-26
2021-07-04 23:21:38 06      BLD_BBG0077VS2C0_2021-03-26
2021-07-04 23:21:38 07      BLDR_BBG000BKD3K9_2021-03-26
2021-07-04 23:21:38 10      BLK_BBG000C2PW58_2021-03-26
2021-07-04 23:21:38 13      BLKB_BBG000BGGTW5_2021-03-26
2021-07-04 23:21:38 14      BLL_BBG000BDDNH5_2021-03-26
2021-07-04 23:21:38 15      BLUE_BBG000QGWY50_2021-03-26
2021-07-04 23:21:38 18      BMI_BBG000BDGHD9_2021-03-26
2021-07-04 23:21:38 19      BMRN_BBG000CZWZ05_2021-03-26
2021-07-04 23:21:38 21      BMY_BBG000DQLV23_2021-03-26
2021-07-04 23:21:38 27      BOH_BBG000C8D8G9_2021-03-26
2021-07-04 23:21:38 27      BOKF_BBG000CFZ003_2021-03-26
2021-07-04 23:21:38 28      BOOT_BBG0077SYZV6_2021-03-26
2021-07-04 23:21:38 29      BOX_BBG000PMSK08_2021-03-26
2021-07-04 23:21:38 32      BPMC_BBG001MC8YF7_2021-03-26
2021-07-04 23:21:38 33      BR_BBG000PPFKQ7_2021-03-26
2021-07-04 23:21:38 34      BRC_BBG000BDNV95_2021-03-26
2021-07-04 23:21:38 35      BRK.B_BBG000DWG505_2021-03-26
2021-07-04 23:21:38 41      BRKR_BBG000CL1FG7_2021-03-26
2021-07-04 23:21:38 42      BRO_BBG000BWSGF4_2021-03-26
2021-07-04 23:21:38 43      BSX_BBG000C0LW92_2021-03-26
2021-07-04 23:21:38 45      BTAI_BBG00K20GVD2_2021-03-26
2021-07-04 23:21:38 46      BTI_BBG000BWPXQ8_2021-03-26
2021-07-04 23:21:38 48      BUD_BBG000RYC984_2021-03-26
2021-07-04 23:21:38 51      BURL_BBG004S641N5_2021-03-26
2021-07-04 23:21:38 52      BWA_BBG000BJ49H3_2021-03-26
2021-07-04 23:21:38 54      BWXT_BBG000D86F25_2021-03-26
2021-07-04 23:21:38 56      BX_BBG000BH0106_2021-03-26
2021-07-04 23:21:38 58      BXP_BBG000BS5CM9_2021-03-26
2021-07-04 23:21:38 59      BYND_BBG003CVJP50_2021-03-26
2021-07-04 23:21:38 63      BZUN_BBG008HNS333_2021-03-26
2021-07-04 23:21:38 65      C_BBG000FY4S11_2021-03-26
2021-07-04 23:21:38 72      CABO_BBG000F02T51_2021-03-26
2021-07-04 23:21:38 73      CACC_BBG000CS0D96_2021-03-26
2021-07-04 23:21:38 74      CAG_BBG000BDXGP9_2021-03-26
2021-07-04 23:21:38 76      CAH_BBG000D898T9_2021-03-26
2021-07-04 23:21:38 78      CALM_BBG000CDMJW6_2021-03-26
2021-07-04 23:21:38 79      CARA_BBG001J2QYS9_2021-03-26
2021-07-04 23:21:38 80      CARG_BBG00HQ77DS2_2021-03-26
2021-07-04 23:21:38 82      CARR_BBG00RP5HYS8_2021-03-26
2021-07-04 23:21:38 84      CARS_BBG000HGTH33_2021-03-26
2021-07-04 23:21:38 86      CASY_BBG000BF0672_2021-03-26
2021-07-04 23:21:38 87      CAT_BBG000BF0K17_2021-03-26
2021-07-04 23:21:38 91      CB_BBG000BR14K5_2021-03-26
2021-07-04 23:21:38 92      CBRE_BBG000C04224_2021-03-26
2021-07-04 23:21:38 94      CBRL_BBG000BF33K1_2021-03-26
2021-07-04 23:21:38 95      CBSH_BBG000BF3G77_2021-03-26
2021-07-04 23:21:38 96      CBU_BBG000BF4D19_2021-03-26
2021-07-04 23:21:38 97      CCI_BBG000FV1Z23_2021-03-26
2021-07-04 23:21:38 99      CCK_BBG000BF6756_2021-03-26
2021-07-04 23:21:39 01      CCL_BBG000BF6LY3_2021-03-26
2021-07-04 23:21:39 09      CCOI_BBG000D0SMY8_2021-03-26
2021-07-04 23:21:39 10      CCXI_BBG000PTSB12_2021-03-26
2021-07-04 23:21:39 11      CDK_BBG006B6PVN9_2021-03-26
2021-07-04 23:21:39 12      CDLX_BBG00225ZDD0_2021-03-26
2021-07-04 23:21:39 13      CDNA_BBG006JS5785_2021-03-26
2021-07-04 23:21:39 15      CDNS_BBG000C13CD9_2021-03-26
2021-07-04 23:21:39 19      CDW_BBG001P63B80_2021-03-26
2021-07-04 23:21:39 23      CE_BBG000JYP7L8_2021-03-26
2021-07-04 23:21:39 24      CEA_BBG000BCFNR4_2021-03-26
2021-07-04 23:21:39 25      CENT_BBG000BFD605_2021-03-26
2021-07-04 23:21:39 25      CENTA_BBG000KTYB56_2021-03-26
2021-07-04 23:21:39 27      CERN_BBG000BFDLV8_2021-03-26
2021-07-04 23:21:39 29      CEVA_BBG000BN3P07_2021-03-26
2021-07-04 23:21:39 30      CF_BBG000BWJFZ4_2021-03-26
2021-07-04 23:21:39 34      CFG_BBG006Q0HY77_2021-03-26
2021-07-04 23:21:39 37      CFR_BBG000C2PL98_2021-03-26
2021-07-04 23:21:39 38      CFX_BBG000C5Z443_2021-03-26
2021-07-04 23:21:39 40      CGEN_BBG000B9ZLB0_2021-03-26
2021-07-04 23:21:39 42      CGNX_BBG000BPBVW5_2021-03-26
2021-07-04 23:21:39 44      CHD_BBG000BFJT36_2021-03-26
2021-07-04 23:21:39 47      CHDN_BBG000BGXMG9_2021-03-26
2021-07-04 23:21:39 48      CHE_BBG000C19QW1_2021-03-26
2021-07-04 23:21:39 52      CHEF_BBG001MFW6D6_2021-03-26
2021-07-04 23:21:39 54      CHGG_BBG0014XR0N5_2021-03-26
2021-07-04 23:21:39 57      CHH_BBG000BPBTL2_2021-03-26
2021-07-04 23:21:39 58      CHKP_BBG000K82ZT8_2021-03-26
2021-07-04 23:21:39 60      CHNG_BBG0059KNH10_2021-03-26
2021-07-04 23:21:39 61      CHRW_BBG000BTCH57_2021-03-26
2021-07-04 23:21:39 64      CHTR_BBG000VPGNR2_2021-03-26
2021-07-04 23:21:39 67      CHWY_BBG00P19DKZ6_2021-03-26
2021-07-04 23:21:39 71      CHX_BBG00JH9TZ56_2021-03-26
2021-07-04 23:21:39 72      CI_BBG00KXRCDP0_2021-03-26
2021-07-04 23:21:39 74      CIEN_BBG000BP1152_2021-03-26
2021-07-04 23:21:39 76      CINF_BBG000BFPK65_2021-03-26
2021-07-04 23:21:39 78      CL_BBG000BFQYY3_2021-03-26
2021-07-04 23:21:39 81      CLDR_BBG000DRJFC8_2021-03-26
2021-07-04 23:21:39 83      CLDT_BBG000PT6BR8_2021-03-26
2021-07-04 23:21:39 84      CLF_BBG000BFRF55_2021-03-26
2021-07-04 23:21:39 88      CLGX_BBG000C2H3F0_2021-03-26
2021-07-04 23:21:39 89      CLH_BBG000BFRRX8_2021-03-26
2021-07-04 23:21:39 90      CLR_BBG000BHBGN6_2021-03-26
2021-07-04 23:21:39 91      CLX_BBG000BFS7D3_2021-03-26
2021-07-04 23:21:39 93      CMA_BBG000C75N77_2021-03-26
2021-07-04 23:21:39 95      CMC_BBG000BFSND8_2021-03-26
2021-07-04 23:21:39 97      CMCO_BBG000BCWWV0_2021-03-26
2021-07-04 23:21:39 98      CMCSA_BBG000BFT2L4_2021-03-26
2021-07-04 23:21:40 08      CME_BBG000BHLYP4_2021-03-26
2021-07-04 23:21:40 12      CMG_BBG000QX74T1_2021-03-26
2021-07-04 23:21:40 13      CMI_BBG000BGPTV6_2021-03-26
2021-07-04 23:21:40 15      CMP_BBG000C42WS4_2021-03-26
2021-07-04 23:21:40 16      CMS_BBG000BFVXX0_2021-03-26
2021-07-04 23:21:40 18      CNC_BBG000BDXCJ5_2021-03-26
2021-07-04 23:21:40 20      CNK_BBG000QDVR53_2021-03-26
2021-07-04 23:21:40 25      CNP_BBG000FDBX90_2021-03-26
2021-07-04 23:21:40 27      CNS_BBG000BB0WG4_2021-03-26
2021-07-04 23:21:40 27      CNST_BBG000R1H6P8_2021-03-26
2021-07-04 23:21:40 28      CNXC_BBG00RCNQMX3_2021-03-26
2021-07-04 23:21:40 29      CNXC: SPYKE!. Candle: ID:2, Time: 13:30, Close: 140.94
2021-07-04 23:21:40 29      CNXN_BBG000BX74M4_2021-03-26
2021-07-04 23:21:40 30      COF_BBG000BGKTF9_2021-03-26
2021-07-04 23:21:40 33      COG_BBG000C3GN47_2021-03-26
2021-07-04 23:21:40 35      COHR_BBG000BG1DH3_2021-03-26
2021-07-04 23:21:40 37      COKE_BBG000BG1SX2_2021-03-26
2021-07-04 23:21:40 37      COLM_BBG000BKKQ84_2021-03-26
2021-07-04 23:21:40 39      CONE_BBG0038V5TX1_2021-03-26
2021-07-04 23:21:40 40      COO_BBG000BG3445_2021-03-26
2021-07-04 23:21:40 40      COP_BBG000BQQH30_2021-03-26
2021-07-04 23:21:40 45      CORR_BBG000CN80Y9_2021-03-26
2021-07-04 23:21:40 46      CORT_BBG000BKJG33_2021-03-26
2021-07-04 23:21:40 47      COST_BBG000F6H8W8_2021-03-26
2021-07-04 23:21:40 53      COTY_BBG000F395V1_2021-03-26
2021-07-04 23:21:40 54      COUP_BBG001J4BCN4_2021-03-26
2021-07-04 23:21:40 57      CPB_BBG000BG4202_2021-03-26
2021-07-04 23:21:40 58      CPRI_BBG0029SNR63_2021-03-26
2021-07-04 23:21:40 60      CPRT_BBG000BM9RH1_2021-03-26
2021-07-04 23:21:40 62      CPS_BBG000PSXT64_2021-03-26
2021-07-04 23:21:40 63      CPS: SPYKE!. Candle: ID:36, Time: 12:40, Close: 37.5
2021-07-04 23:21:40 63      CR_BBG000BG7423_2021-03-26
2021-07-04 23:21:40 64      CREE_BBG000BG14P4_2021-03-26
2021-07-04 23:21:40 67      CRI_BBG000CTM4J9_2021-03-26
2021-07-04 23:21:40 68      CRL_BBG000BG5BL8_2021-03-26
2021-07-04 23:21:40 69      CRM_BBG000BN2DC2_2021-03-26
2021-07-04 23:21:40 75      CRMT_BBG000CM6L31_2021-03-26
2021-07-04 23:21:40 75      CROX_BBG000BLY663_2021-03-26
2021-07-04 23:21:40 77      CRS_BBG000BGCQT9_2021-03-26
2021-07-04 23:21:40 78      CRTX_BBG00BTK1DT8_2021-03-26
2021-07-04 23:21:40 79      CRTX: SPYKE!. Candle: ID:244, Time: 13:30, Close: 33.23
2021-07-04 23:21:40 80      CRUS_BBG000C1DHF5_2021-03-26
2021-07-04 23:21:40 82      CRVL_BBG000CVKZY0_2021-03-26
2021-07-04 23:21:40 82      CRWD_BBG00BLYKS03_2021-03-26
2021-07-04 23:21:40 89      CSCO_BBG000C3J3C9_2021-03-26
2021-07-04 23:21:40 98      CSGP_BBG000D7JKW9_2021-03-26
2021-07-04 23:21:40 99      CSGS_BBG000G3TQV2_2021-03-26
2021-07-04 23:21:41 00      CSII_BBG000NWQ9S5_2021-03-26
2021-07-04 23:21:41 02      CSL_BBG000BGGBT8_2021-03-26
2021-07-04 23:21:41 02      CSOD_BBG0016X4XN6_2021-03-26
2021-07-04 23:21:41 03      CSWI_BBG007NLG4L3_2021-03-26
2021-07-04 23:21:41 04      CSX_BBG000BGJRC8_2021-03-26
2021-07-04 23:21:41 09      CTAS_BBG000H3YXF8_2021-03-26
2021-07-04 23:21:41 11      CTB_BBG000BGKXV2_2021-03-26
2021-07-04 23:21:41 13      CTLT_BBG005XR47P5_2021-03-26
2021-07-04 23:21:41 14      CTSH_BBG000BBDV81_2021-03-26
2021-07-04 23:21:41 16      CTVA_BBG00BN969C1_2021-03-26
2021-07-04 23:21:41 18      CTXS_BBG000FQ6PY6_2021-03-26
2021-07-04 23:21:41 20      CVCO_BBG000K4WS65_2021-03-26
2021-07-04 23:21:41 20      CVET_BBG00KR691K8_2021-03-26
2021-07-04 23:21:41 21      CVGW_BBG000BGPQW1_2021-03-26
2021-07-04 23:21:41 22      CVLT_BBG000BG88X9_2021-03-26
2021-07-04 23:21:41 24      CVNA_BBG00GCTWDJ3_2021-03-26
2021-07-04 23:21:41 26      CVS_BBG000BGRY34_2021-03-26
2021-07-04 23:21:41 30      CVX_BBG000K4ND22_2021-03-26
2021-07-04 23:21:41 36      CW_BBG000BGSPS5_2021-03-26
2021-07-04 23:21:41 37      CWST_BBG000BT0J38_2021-03-26
2021-07-04 23:21:41 37      CWT_BBG000D8KTN6_2021-03-26
2021-07-04 23:21:41 38      CY_BBG000BXNJ07_2021-03-26
2021-07-04 23:21:41 39      D_BBG000BGVW60_2021-03-26
2021-07-04 23:21:41 42      DAL_BBG000R7Z112_2021-03-26
2021-07-04 23:21:41 48      DAR_BBG000BN8ZK8_2021-03-26
2021-07-04 23:21:41 49      DBX_BBG0018SLDN0_2021-03-26
2021-07-04 23:21:41 53      DCI_BBG000BGZP70_2021-03-26
2021-07-04 23:21:41 54      DCPH_BBG00HMJ9H54_2021-03-26
2021-07-04 23:21:41 56      DD_BBG00BN961G4_2021-03-26
2021-07-04 23:21:41 58      DDOG_BBG003NJHZT9_2021-03-26
2021-07-04 23:21:41 63      DDS_BBG000BS4MP5_2021-03-26
2021-07-04 23:21:41 64      DE_BBG000BH1NH9_2021-03-26
2021-07-04 23:21:41 68      DECK_BBG000BKXYX5_2021-03-26
2021-07-04 23:21:41 69      DELL_BBG00DW3SZS1_2021-03-26
2021-07-04 23:21:41 71      DFS_BBG000QBR5J5_2021-03-26
2021-07-04 23:21:41 73      DG_BBG000NV1KK7_2021-03-26
2021-07-04 23:21:41 75      DGX_BBG000BN84F3_2021-03-26
2021-07-04 23:21:41 77      DHI_BBG000DQTXY6_2021-03-26
2021-07-04 23:21:41 79      DHR_BBG000BH3JF8_2021-03-26
2021-07-04 23:21:41 81      DIOD_BBG000G25P51_2021-03-26
2021-07-04 23:21:41 82      DIS_BBG000BH4R78_2021-03-26
2021-07-04 23:21:41 90      DISCA_BBG000CHWP52_2021-03-26
2021-07-04 23:21:42 24      DISCA: SPYKE!. Candle: ID:53812, Time: 18:25, Close: 38
2021-07-04 23:21:42 24      DISCA: SPYKE!. Candle: ID:53842, Time: 18:25, Close: 39.86
2021-07-04 23:21:42 25      DISCA: SPYKE!. Candle: ID:57317, Time: 18:40, Close: 40.72
2021-07-04 23:21:42 33      DISCB_BBG000F7L5N7_2021-03-26
2021-07-04 23:21:42 33      DISCB: SPYKE!. Candle: ID:94, Time: 14:35, Close: 58
2021-07-04 23:21:42 33      DISCB: SPYKE!. Candle: ID:159, Time: 14:50, Close: 52.07
2021-07-04 23:21:42 33      DISCB: SPYKE!. Candle: ID:163, Time: 15:00, Close: 52.08
2021-07-04 23:21:42 33      DISCB: SPYKE!. Candle: ID:189, Time: 15:15, Close: 51
2021-07-04 23:21:42 34      DISCK_BBG000VMWHH5_2021-03-26
2021-07-04 23:21:42 57      DK_BBG00FZYFVC5_2021-03-26
2021-07-04 23:21:42 58      DKNG_BBG00TCBG714_2021-03-26
2021-07-04 23:21:42 69      DKS_BBG000F6ZWH2_2021-03-26
2021-07-04 23:21:42 71      DLB_BBG000DGLTG5_2021-03-26
2021-07-04 23:21:42 72      DLR_BBG000Q5ZRM7_2021-03-26
2021-07-04 23:21:42 73      DLTH_BBG002GBMZG4_2021-03-26
2021-07-04 23:21:42 75      DLTR_BBG000BSC0K9_2021-03-26
2021-07-04 23:21:42 77      DLX_BBG000BH6360_2021-03-26
2021-07-04 23:21:42 78      DNLI_BBG008P7F869_2021-03-26
2021-07-04 23:21:42 80      DNOW_BBG005BLN209_2021-03-26
2021-07-04 23:21:42 81      DOCU_BBG000N7KJX8_2021-03-26
2021-07-04 23:21:42 85      DORM_BBG000BM22F5_2021-03-26
2021-07-04 23:21:42 86      DOV_BBG000BHB3M6_2021-03-26
2021-07-04 23:21:42 88      DOW_BBG00BN96922_2021-03-26
2021-07-04 23:21:42 92      DPZ_BBG000P458P3_2021-03-26
2021-07-04 23:21:42 93      DRE_BBG000BHD8S7_2021-03-26
2021-07-04 23:21:42 95      DRI_BBG000BBNYF6_2021-03-26
2021-07-04 23:21:43 00      DRNA_BBG001J1DB23_2021-03-26
2021-07-04 23:21:43 01      DRQ_BBG000BVDBY2_2021-03-26
2021-07-04 23:21:43 02      DT_BBG00PNN7C40_2021-03-26
2021-07-04 23:21:43 03      DVA_BBG000MQ1SN9_2021-03-26
2021-07-04 23:21:43 05      DVN_BBG000BBVJZ8_2021-03-26
2021-07-04 23:21:43 10      DXC_BBG00FN64XT9_2021-03-26
2021-07-04 23:21:43 13      DXCM_BBG000QTF8K1_2021-03-26
2021-07-04 23:21:43 14      DY_BBG000C4SKT1_2021-03-26
2021-07-04 23:21:43 15      EA_BBG000BP0KQ8_2021-03-26
2021-07-04 23:21:43 18      EAT_BBG000BK28N7_2021-03-26
2021-07-04 23:21:43 19      EBAY_BBG000C43RR5_2021-03-26
2021-07-04 23:21:43 26      EBS_BBG000GW06J7_2021-03-26
2021-07-04 23:21:43 27      ECHO_BBG000RFP8W6_2021-03-26
2021-07-04 23:21:43 28      ECL_BBG000BHKYH4_2021-03-26
2021-07-04 23:21:43 30      ECPG_BBG000F369C7_2021-03-26
2021-07-04 23:21:43 31      ED_BBG000BHLYS1_2021-03-26
2021-07-04 23:21:43 33      EDIT_BBG005MX5GZ2_2021-03-26
2021-07-04 23:21:43 36      EEFT_BBG000BMNBY1_2021-03-26
2021-07-04 23:21:43 37      EFX_BBG000BHPL78_2021-03-26
2021-07-04 23:21:43 38      EGHT_BBG000BCGHH7_2021-03-26
2021-07-04 23:21:43 40      EGRX_BBG005Y3XWH9_2021-03-26
2021-07-04 23:21:43 41      EHTH_BBG000P5JQX6_2021-03-26
2021-07-04 23:21:43 43      EIX_BBG000D7RKJ5_2021-03-26
2021-07-04 23:21:43 44      EL_BBG000FKJRC5_2021-03-26
2021-07-04 23:21:43 46      ELAN_BBG00LJYS1P8_2021-03-26
2021-07-04 23:21:43 48      ELS_BBG000BB7SX7_2021-03-26
2021-07-04 23:21:43 50      EME_BBG000BBRPL4_2021-03-26
2021-07-04 23:21:43 50      EMN_BBG000BLW530_2021-03-26
2021-07-04 23:21:43 52      EMR_BBG000BHX7N2_2021-03-26
2021-07-04 23:21:43 56      ENDP_BBG000C0HQ54_2021-03-26
2021-07-04 23:21:43 57      ENPH_BBG001R3MNY9_2021-03-26
2021-07-04 23:21:43 61      ENR_BBG006FCB019_2021-03-26
2021-07-04 23:21:43 62      ENS_BBG000PWTD92_2021-03-26
2021-07-04 23:21:43 63      ENTA_BBG001V9NSB4_2021-03-26
2021-07-04 23:21:43 64      ENTG_BBG000CTV4N4_2021-03-26
2021-07-04 23:21:43 66      ENV_BBG000Q4NZ54_2021-03-26
2021-07-04 23:21:43 67      EOG_BBG000BZ9223_2021-03-26
2021-07-04 23:21:43 70      EPAM_BBG000MHTV89_2021-03-26
2021-07-04 23:21:43 71      EPAY_BBG000BRNH31_2021-03-26
2021-07-04 23:21:43 72      EPC_BBG000BRW644_2021-03-26
2021-07-04 23:21:43 74      EQIX_BBG000MBDGM6_2021-03-26
2021-07-04 23:21:43 76      EQT_BBG000BHZ5J9_2021-03-26
2021-07-04 23:21:43 79      ERIE_BBG000BBTJZ1_2021-03-26
2021-07-04 23:21:43 80      ES_BBG000BQ87N0_2021-03-26
2021-07-04 23:21:43 82      ESPR_BBG004KB3S72_2021-03-26
2021-07-04 23:21:43 83      ESS_BBG000CGJMB9_2021-03-26
2021-07-04 23:21:43 85      ET_BBG000BM2FL9_2021-03-26
2021-07-04 23:21:43 87      ETN_BBG000BJ3PD2_2021-03-26
2021-07-04 23:21:43 89      ETR_BBG000C1FQS9_2021-03-26
2021-07-04 23:21:43 90      ETRN_BBG00K53L394_2021-03-26
2021-07-04 23:21:43 92      ETSY_BBG000N7MXL8_2021-03-26
2021-07-04 23:21:43 96      EVBG_BBG0022FMPD5_2021-03-26
2021-07-04 23:21:43 98      EVER_BBG00F17NDH7_2021-03-26
2021-07-04 23:21:43 98      EVH_BBG005CHLM96_2021-03-26
2021-07-04 23:21:44 00      EVR_BBG000BP30Y0_2021-03-26
2021-07-04 23:21:44 01      EVRG_BBG00H433CR2_2021-03-26
2021-07-04 23:21:44 03      EW_BBG000BRXP69_2021-03-26
2021-07-04 23:21:44 05      EWBC_BBG000CR20B1_2021-03-26
2021-07-04 23:21:44 07      EXAS_BBG000CWL0F5_2021-03-26
2021-07-04 23:21:44 09      EXC_BBG000J6XT05_2021-03-26
2021-07-04 23:21:44 12      EXEL_BBG000BQ4WF8_2021-03-26
2021-07-04 23:21:44 14      EXLS_BBG000NS3P30_2021-03-26
2021-07-04 23:21:44 15      EXP_BBG000BJW241_2021-03-26
2021-07-04 23:21:44 16      EXPD_BBG000BJ5GK2_2021-03-26
2021-07-04 23:21:44 18      EXPE_BBG000QY3XZ2_2021-03-26
2021-07-04 23:21:44 21      EXR_BBG000PV27K3_2021-03-26
2021-07-04 23:21:44 22      EYE_BBG00HVQF9K2_2021-03-26
2021-07-04 23:21:44 24      F_BBG000BQPC32_2021-03-26
2021-07-04 23:21:44 28      FANG_BBG002PHSYX9_2021-03-26
2021-07-04 23:21:44 30      FARO_BBG000BJD7C2_2021-03-26
2021-07-04 23:21:44 31      FAST_BBG000BJ8YN7_2021-03-26
2021-07-04 23:21:44 34      FATE_BBG000QP35H2_2021-03-26
2021-07-04 23:21:44 36      FB_BBG000MM2P62_2021-03-26
2021-07-04 23:21:44 53      FBHS_BBG001B4BV87_2021-03-26
2021-07-04 23:21:44 54      FCFS_BBG000DNF659_2021-03-26
2021-07-04 23:21:44 55      FCN_BBG000K88H58_2021-03-26
2021-07-04 23:21:44 56      FCX_BBG000BJDB15_2021-03-26
2021-07-04 23:21:44 64      FDS_BBG000BDJL83_2021-03-26
2021-07-04 23:21:44 65      FDX_BBG000BJF1Z8_2021-03-26
2021-07-04 23:21:44 69      FELE_BBG000BJGGV8_2021-03-26
2021-07-04 23:21:44 69      FFIV_BBG000CXYSZ6_2021-03-26
2021-07-04 23:21:44 72      FGEN_BBG000FW5ZL6_2021-03-26
2021-07-04 23:21:44 73      FICO_BBG000DW76Y6_2021-03-26
2021-07-04 23:21:44 75      FIS_BBG000BK2F42_2021-03-26
2021-07-04 23:21:44 77      FISV_BBG000BJKPG0_2021-03-26
2021-07-04 23:21:44 82      FITB_BBG000BJL3N0_2021-03-26
2021-07-04 23:21:44 87      FIVN_BBG001KHJM17_2021-03-26
2021-07-04 23:21:44 89      FIZZ_BBG000BF8CB6_2021-03-26
2021-07-04 23:21:44 91      FL_BBG000BX8DC4_2021-03-26
2021-07-04 23:21:44 92      FLIR_BBG000BHK836_2021-03-26
2021-07-04 23:21:44 93      FLOW_BBG007FL7ZD2_2021-03-26
2021-07-04 23:21:44 94      FLR_BBG000BB1TH9_2021-03-26
2021-07-04 23:21:44 95      FLR: SPYKE!. Candle: ID:2246, Time: 20:15, Close: 22.06
2021-07-04 23:21:44 96      FLS_BBG000FFH4P5_2021-03-26
2021-07-04 23:21:44 97      FLT_BBG000GPXKX9_2021-03-26
2021-07-04 23:21:44 99      FLWS_BBG000BBR9P6_2021-03-26
2021-07-04 23:21:45 00      FMC_BBG000BJP882_2021-03-26
2021-07-04 23:21:45 02      FND_BBG007GJ2F81_2021-03-26
2021-07-04 23:21:45 03      FNKO_BBG00HXSHDQ9_2021-03-26
2021-07-04 23:21:45 06      FOCS_BBG00L0YTFN8_2021-03-26
2021-07-04 23:21:45 09      FOE_BBG000BJQK11_2021-03-26
2021-07-04 23:21:45 10      FOLD_BBG000PLF6N0_2021-03-26
2021-07-04 23:21:45 13      FORM_BBG000D1Y3P1_2021-03-26
2021-07-04 23:21:45 15      FORR_BBG000HGNYG8_2021-03-26
2021-07-04 23:21:45 16      FOX_BBG00JHNKJY8_2021-03-26
2021-07-04 23:21:45 20      FOXA_BBG00JHNJW99_2021-03-26
2021-07-04 23:21:45 29      FOXF_BBG004T7VS53_2021-03-26
2021-07-04 23:21:45 31      FRHC_BBG000N625H8_2021-03-26
2021-07-04 23:21:45 32      FRPH_BBG000HCVWW4_2021-03-26
2021-07-04 23:21:45 33      FRPT_BBG001D0HB36_2021-03-26
2021-07-04 23:21:45 35      FSLR_BBG000BFL116_2021-03-26
2021-07-04 23:21:45 39      FSLY_BBG004NLQHL0_2021-03-26
2021-07-04 23:21:45 41      FTCH_BBG00LSD4456_2021-03-26
2021-07-04 23:21:45 52      FTCH: SPYKE!. Candle: ID:26740, Time: 20:05, Close: 50.94
2021-07-04 23:21:45 53      FTI_BBG00DL8NMV2_2021-03-26
2021-07-04 23:21:45 56      FTNT_BBG000BCMBG4_2021-03-26
2021-07-04 23:21:45 59      FTV_BBG00BLVZ228_2021-03-26
2021-07-04 23:21:45 60      FUL_BBG000BJZ7V7_2021-03-26
2021-07-04 23:21:45 62      GATX_BBG000BKGXQ4_2021-03-26
2021-07-04 23:21:45 63      GBCI_BBG000C3KB84_2021-03-26
2021-07-04 23:21:45 64      GBT_BBG00341H6M0_2021-03-26
2021-07-04 23:21:45 66      GBX_BBG000CF5097_2021-03-26
2021-07-04 23:21:45 66      GCO_BBG000BK5S78_2021-03-26
2021-07-04 23:21:45 68      GCP_BBG0082W8Q12_2021-03-26
2021-07-04 23:21:45 68      GD_BBG000BK67C7_2021-03-26
2021-07-04 23:21:45 69      GDDY_BBG006MDLY05_2021-03-26
2021-07-04 23:21:45 71      GDOT_BBG000QDJT53_2021-03-26
2021-07-04 23:21:45 73      GE_BBG000BK6MB5_2021-03-26
2021-07-04 23:21:45 77      GEF_BBG000BLFNC0_2021-03-26
2021-07-04 23:21:45 78      GGG_BBG000BK9W84_2021-03-26
2021-07-04 23:21:45 79      GH_BBG006D97VY9_2021-03-26
2021-07-04 23:21:45 80      GHC_BBG000C3FGH9_2021-03-26
2021-07-04 23:21:45 82      GILD_BBG000CKGBP2_2021-03-26
2021-07-04 23:21:45 85      GIS_BBG000BKCFC2_2021-03-26
2021-07-04 23:21:45 88      GKOS_BBG000WG2LQ1_2021-03-26
2021-07-04 23:21:45 89      GL_BBG000BVD6X4_2021-03-26
2021-07-04 23:21:45 90      GLW_BBG000BKFZM4_2021-03-26
2021-07-04 23:21:45 93      GM_BBG000NDYB67_2021-03-26
2021-07-04 23:21:45 99      GMED_BBG002V87SD0_2021-03-26
2021-07-04 23:21:45 99      GMS_BBG009Q036D0_2021-03-26
2021-07-04 23:21:46 00      GNL_BBG004HXD0G8_2021-03-26
2021-07-04 23:21:46 02      GNRC_BBG000PQ4W72_2021-03-26
2021-07-04 23:21:46 03      GO_BBG00P4R3079_2021-03-26
2021-07-04 23:21:46 04      GOOG_BBG009S3NB30_2021-03-26
2021-07-04 23:21:46 11      GOOGL_BBG009S39JX6_2021-03-26
2021-07-04 23:21:46 18      GOSS_BBG00MVWLLM2_2021-03-26
2021-07-04 23:21:46 20      GPC_BBG000BKL348_2021-03-26
2021-07-04 23:21:46 21      GPI_BBG000BB88K4_2021-03-26
2021-07-04 23:21:46 22      GPN_BBG000CX0P89_2021-03-26
2021-07-04 23:21:46 24      GPS_BBG000BKLH74_2021-03-26
2021-07-04 23:21:46 28      GRA_BBG000BB8PG1_2021-03-26
2021-07-04 23:21:46 30      GRMN_BBG000C4LN67_2021-03-26
2021-07-04 23:21:46 31      GRUB_BBG001KWG293_2021-03-26
2021-07-04 23:21:46 31      Warning: figi `BBG001KWG293` for history data does not match actual figi `BBG010R8C3Y4`. Ticker: GRUB. Will be used actual!
2021-07-04 23:21:46 33      GS_BBG000C6CFJ5_2021-03-26
2021-07-04 23:21:46 36      GSH_BBG000GLG0G0_2021-03-26
2021-07-04 23:21:46 36      GSKY_BBG00KT2SCV8_2021-03-26
2021-07-04 23:21:46 37      GT_BBG000BKNX95_2021-03-26
2021-07-04 23:21:46 40      GTHX_BBG005F1DK91_2021-03-26
2021-07-04 23:21:46 44      GTLS_BBG000P1K2X6_2021-03-26
2021-07-04 23:21:46 45      GTN_BBG000DSQLQ0_2021-03-26
2021-07-04 23:21:46 47      GVA_BBG000DVB833_2021-03-26
2021-07-04 23:21:46 48      GWRE_BBG001C7PM75_2021-03-26
2021-07-04 23:21:46 49      GWW_BBG000BKR1D6_2021-03-26
2021-07-04 23:21:46 49      H_BBG000CVRFS4_2021-03-26
2021-07-04 23:21:46 51      HA_BBG000BC4185_2021-03-26
2021-07-04 23:21:46 54      HAE_BBG000C7TF41_2021-03-26
2021-07-04 23:21:46 55      HAIN_BBG000BQW085_2021-03-26
2021-07-04 23:21:46 55      HAL_BBG000BKTFN2_2021-03-26
2021-07-04 23:21:46 59      HALO_BBG000CZ8W54_2021-03-26
2021-07-04 23:21:46 61      HAS_BBG000BKVJK4_2021-03-26
2021-07-04 23:21:46 63      HBAN_BBG000BKWSR6_2021-03-26
2021-07-04 23:21:46 66      HBI_BBG000D2ZTS8_2021-03-26
2021-07-04 23:21:46 68      HCA_BBG000QW7VC1_2021-03-26
2021-07-04 23:21:46 69      HCCI_BBG000CCFB17_2021-03-26
2021-07-04 23:21:46 70      HCSG_BBG000BKYVF0_2021-03-26
2021-07-04 23:21:46 71      HD_BBG000BKZB36_2021-03-26
2021-07-04 23:21:46 75      HEAR_BBG000BM6N47_2021-03-26
2021-07-04 23:21:46 77      HEI_BBG000BL16Q7_2021-03-26
2021-07-04 23:21:46 78      HES_BBG000BBD070_2021-03-26
2021-07-04 23:21:46 80      HFC_BBG000BL9JQ1_2021-03-26
2021-07-04 23:21:46 82      HGV_BBG00CBYY6M1_2021-03-26
2021-07-04 23:21:46 83      HHC_BBG000MJRJJ2_2021-03-26
2021-07-04 23:21:46 84      HHR_BBG00KHGQ0H4_2021-03-26
2021-07-04 23:21:46 85      HIBB_BBG000H001V3_2021-03-26
2021-07-04 23:21:46 86      HIG_BBG000G0Z878_2021-03-26
2021-07-04 23:21:46 88      HII_BBG001KJ2HM9_2021-03-26
2021-07-04 23:21:46 90      HIIQ_TCS003QRSQD3_2021-03-26
2021-07-04 23:21:46 90      HLT_BBG0058KMH30_2021-03-26
2021-07-04 23:21:46 93      HNP_BBG000BX5YM0_2021-03-26
2021-07-04 23:21:46 94      HOG_BBG000BKZTP3_2021-03-26
2021-07-04 23:21:46 96      HOLX_BBG000C3NTN5_2021-03-26
2021-07-04 23:21:46 98      HON_BBG000H556T9_2021-03-26
2021-07-04 23:21:47 00      HP_BBG000BLCPY4_2021-03-26
2021-07-04 23:21:47 02      HPE_BBG0078W3NQ3_2021-03-26
2021-07-04 23:21:47 05      HPQ_BBG000KHWT55_2021-03-26
2021-07-04 23:21:47 09      HQY_BBG000TYXCT9_2021-03-26
2021-07-04 23:21:47 10      HRB_BBG000BLDV98_2021-03-26
2021-07-04 23:21:47 11      HRC_BBG000BKWCS0_2021-03-26
2021-07-04 23:21:47 12      HRL_BBG000BLF8D2_2021-03-26
2021-07-04 23:21:47 15      HRTX_BBG000G2GJT7_2021-03-26
2021-07-04 23:21:47 16      HSC_BBG000BLH3P8_2021-03-26
2021-07-04 23:21:47 17      HSIC_BBG000BNMMJ3_2021-03-26
2021-07-04 23:21:47 19      HSKA_BBG000BWFH48_2021-03-26
2021-07-04 23:21:47 20      HST_BBG000BL8804_2021-03-26
2021-07-04 23:21:47 23      HSY_BBG000BLHRS2_2021-03-26
2021-07-04 23:21:47 24      HTA_BBG000PRJCX9_2021-03-26
2021-07-04 23:21:47 26      HTHT_BBG000QFPM65_2021-03-26
2021-07-04 23:21:47 28      HUBB_BBG000BLK267_2021-03-26
2021-07-04 23:21:47 29      HUBG_BBG000G9W6L0_2021-03-26
2021-07-04 23:21:47 30      HUBS_BBG000N7MZ06_2021-03-26
2021-07-04 23:21:47 31      HUM_BBG000BLKK03_2021-03-26
2021-07-04 23:21:47 32      HURN_BBG000PV2M48_2021-03-26
2021-07-04 23:21:47 34      HWM_BBG00DYNJGH9_2021-03-26
2021-07-04 23:21:47 35      HXL_BBG000BLMDQ9_2021-03-26
2021-07-04 23:21:47 37      IAC_BBG000BKQG80_2021-03-26
2021-07-04 23:21:47 37      Warning: figi `BBG000BKQG80` for history data does not match actual figi `BBG00S1LR2C3`. Ticker: IAC. Will be used actual!
2021-07-04 23:21:47 39      IART_BBG000BZJQL8_2021-03-26
2021-07-04 23:21:47 40      IBKR_BBG000LV0836_2021-03-26
2021-07-04 23:21:47 42      IBM_BBG000BLNNH6_2021-03-26
2021-07-04 23:21:47 46      IBN_BBG000DRM643_2021-03-26
2021-07-04 23:21:47 48      IBP_BBG005TJKDZ6_2021-03-26
2021-07-04 23:21:47 49      ICE_BBG000C1FB75_2021-03-26
2021-07-04 23:21:47 50      ICPT_BBG001J1QN87_2021-03-26
2021-07-04 23:21:47 53      ICUI_BBG000CQV2N4_2021-03-26
2021-07-04 23:21:47 54      IDCC_BBG000HLJ7M4_2021-03-26
2021-07-04 23:21:47 55      IDXX_BBG000BLRT07_2021-03-26
2021-07-04 23:21:47 57      IEX_BBG000C1HN22_2021-03-26
2021-07-04 23:21:47 58      IFF_BBG000BLSL58_2021-03-26
2021-07-04 23:21:47 60      IGMS_BBG00PNR1BT2_2021-03-26
2021-07-04 23:21:47 60      IIPR_BBG00F0SW7N8_2021-03-26
2021-07-04 23:21:47 61      IIVI_BBG000BLW102_2021-03-26
2021-07-04 23:21:47 64      ILMN_BBG000DSMS70_2021-03-26
2021-07-04 23:21:47 67      INCY_BBG000BNPSQ9_2021-03-26
2021-07-04 23:21:47 69      INDB_BBG000BM0597_2021-03-26
2021-07-04 23:21:47 70      INFO_BBG006G063F9_2021-03-26
2021-07-04 23:21:47 71      INGN_BBG0021PH456_2021-03-26
2021-07-04 23:21:47 72      INGR_BBG000BXPZB7_2021-03-26
2021-07-04 23:21:47 73      INMD_BBG00PPS73P4_2021-03-26
2021-07-04 23:21:47 74      INSP_BBG00209SZJ7_2021-03-26
2021-07-04 23:21:47 76      INTC_BBG000C0G1D1_2021-03-26
2021-07-04 23:21:47 91      INTU_BBG000BH5DV1_2021-03-26
2021-07-04 23:21:47 95      INVH_BBG00FQH6BS9_2021-03-26
2021-07-04 23:21:47 97      IONS_BBG000JH6683_2021-03-26
2021-07-04 23:21:47 99      IOSP_BBG000BMFNP4_2021-03-26
2021-07-04 23:21:48 00      IOVA_BBG000FTLBV7_2021-03-26
2021-07-04 23:21:48 02      IP_BBG000BM5SR2_2021-03-26
2021-07-04 23:21:48 04      IPAR_BBG000GCSWR5_2021-03-26
2021-07-04 23:21:48 05      IPG_BBG000C90DH9_2021-03-26
2021-07-04 23:21:48 08      IPGP_BBG000DCGRL8_2021-03-26
2021-07-04 23:21:48 09      IQV_BBG00333FYS2_2021-03-26
2021-07-04 23:21:48 10      IR_BBG002R1CW27_2021-03-26
2021-07-04 23:21:48 12      IRBT_BBG000HXJB21_2021-03-26
2021-07-04 23:21:48 13      IRDM_BBG000VC0FC1_2021-03-26
2021-07-04 23:21:48 14      IRM_BBG000KCZPC3_2021-03-26
2021-07-04 23:21:48 15      IRTC_BBG001J19V24_2021-03-26
2021-07-04 23:21:48 16      ISRG_BBG000BJPDZ1_2021-03-26
2021-07-04 23:21:48 19      IT_BBG000BB65D0_2021-03-26
2021-07-04 23:21:48 20      ITCI_BBG0026ZFZC4_2021-03-26
2021-07-04 23:21:48 21      ITGR_BBG000BW6JV4_2021-03-26
2021-07-04 23:21:48 22      ITRI_BBG000BD2167_2021-03-26
2021-07-04 23:21:48 23      ITT_BBG00CVQZQ96_2021-03-26
2021-07-04 23:21:48 24      ITW_BBG000BMBL90_2021-03-26
2021-07-04 23:21:48 26      IVZ_BBG000BY2Y78_2021-03-26
2021-07-04 23:21:48 28      J_BBG000BMFFQ0_2021-03-26
2021-07-04 23:21:48 29      JACK_BBG000GZYVY1_2021-03-26
2021-07-04 23:21:48 30      JBHT_BBG000BMDBZ1_2021-03-26
2021-07-04 23:21:48 32      JBSS_BBG000CHPMY5_2021-03-26
2021-07-04 23:21:48 32      JBT_BBG000VLBCQ1_2021-03-26
2021-07-04 23:21:48 33      JCI_BBG000BVWLJ6_2021-03-26
2021-07-04 23:21:48 35      JCOM_BBG000F3CWW7_2021-03-26
2021-07-04 23:21:48 36      JD_BBG005YHY0Q7_2021-03-26
2021-07-04 23:21:48 50      JEF_BBG000BNHSP9_2021-03-26
2021-07-04 23:21:48 54      JELD_BBG0019GM953_2021-03-26
2021-07-04 23:21:48 54      JJSF_BBG000BMGPW0_2021-03-26
2021-07-04 23:21:48 55      JKHY_BBG000BMH2Q7_2021-03-26
2021-07-04 23:21:48 57      JLL_BBG000C2L2L0_2021-03-26
2021-07-04 23:21:48 58      JNJ_BBG000BMHYD1_2021-03-26
2021-07-04 23:21:48 63      JNPR_BBG000BY33P5_2021-03-26
2021-07-04 23:21:48 64      JOBS_BBG000BJD1D4_2021-03-26
2021-07-04 23:21:48 66      JOUT_BBG000HCXFS4_2021-03-26
2021-07-04 23:21:48 66      JOUT: SPYKE!. Candle: ID:415, Time: 22:05, Close: 133.62
2021-07-04 23:21:48 67      JPM_BBG000DMBXR2_2021-03-26
2021-07-04 23:21:48 76      JWN_BBG000G8N9C6_2021-03-26
2021-07-04 23:21:48 79      K_BBG000BMKDM3_2021-03-26
2021-07-04 23:21:48 80      KALU_BBG000PKZDX4_2021-03-26
2021-07-04 23:21:48 82      KBH_BBG000BMLWX8_2021-03-26
2021-07-04 23:21:48 83      KDP_BBG000TJM7F0_2021-03-26
2021-07-04 23:21:48 87      KEP_BBG000BCWG90_2021-03-26
2021-07-04 23:21:48 88      KEX_BBG000BMQCP6_2021-03-26
2021-07-04 23:21:48 89      KEY_BBG000BMQPL1_2021-03-26
2021-07-04 23:21:48 91      KEYS_BBG0059FN811_2021-03-26
2021-07-04 23:21:48 92      KFY_BBG000C5QMB5_2021-03-26
2021-07-04 23:21:48 93      KHC_BBG005CPNTQ2_2021-03-26
2021-07-04 23:21:48 97      KIDS_BBG00HFFRW39_2021-03-26
2021-07-04 23:21:48 98      KIM_BBG000CN3S73_2021-03-26
2021-07-04 23:21:48 99      KLAC_BBG000BMTFR4_2021-03-26
2021-07-04 23:21:49 03      KMB_BBG000BMW2Z0_2021-03-26
2021-07-04 23:21:49 05      KMI_BBG0019JZ882_2021-03-26
2021-07-04 23:21:49 08      KMPR_BBG000H3GDJ8_2021-03-26
2021-07-04 23:21:49 08      KMT_BBG000BMWKC5_2021-03-26
2021-07-04 23:21:49 09      KMX_BBG000BLMZK6_2021-03-26
2021-07-04 23:21:49 11      KNSL_BBG00D8JD9Z9_2021-03-26
2021-07-04 23:21:49 11      KNX_BBG000BFC848_2021-03-26
2021-07-04 23:21:49 13      KO_BBG000BMX289_2021-03-26
2021-07-04 23:21:49 17      KOD_BBG00BVR0D02_2021-03-26
2021-07-04 23:21:49 18      KR_BBG000BMY992_2021-03-26
2021-07-04 23:21:49 22      KRG_BBG000BC2KW8_2021-03-26
2021-07-04 23:21:49 22      KRTX_BBG00NN875G0_2021-03-26
2021-07-04 23:21:49 24      KRYS_BBG00HDGRHH7_2021-03-26
2021-07-04 23:21:49 25      KSU_BBG000BMZ7P7_2021-03-26
2021-07-04 23:21:49 26      KTB_BBG00LPTHYD5_2021-03-26
2021-07-04 23:21:49 27      KWR_BBG000DZS2L9_2021-03-26
2021-07-04 23:21:49 28      L_BBG000C45984_2021-03-26
2021-07-04 23:21:49 29      LAD_BBG000K3BC83_2021-03-26
2021-07-04 23:21:49 30      LANC_BBG000BN1M88_2021-03-26
2021-07-04 23:21:49 30      LASR_BBG0020BCPX5_2021-03-26
2021-07-04 23:21:49 31      LB_BBG000BNGTQ7_2021-03-26
2021-07-04 23:21:49 34      LBRDK_BBG006GNSZW5_2021-03-26
2021-07-04 23:21:49 35      LCII_BBG000DNLMB0_2021-03-26
2021-07-04 23:21:49 36      LDOS_BBG000C23PB0_2021-03-26
2021-07-04 23:21:49 38      LEA_BBG000PTLGZ1_2021-03-26
2021-07-04 23:21:49 39      LECO_BBG000BB72K8_2021-03-26
2021-07-04 23:21:49 40      LEG_BBG000BN53G7_2021-03-26
2021-07-04 23:21:49 41      LEGH_BBG00MJDR6J9_2021-03-26
2021-07-04 23:21:49 41      LEN_BBG000BN5HF7_2021-03-26
2021-07-04 23:21:49 43      LEVI_BBG000BQDF10_2021-03-26
2021-07-04 23:21:49 44      LFC_BBG000BBK4B9_2021-03-26
2021-07-04 23:21:49 45      LFUS_BBG000BGFGT8_2021-03-26
2021-07-04 23:21:49 46      LGIH_BBG0056655S1_2021-03-26
2021-07-04 23:21:49 47      LGND_BBG000BKF014_2021-03-26
2021-07-04 23:21:49 48      LH_BBG000D9DMK0_2021-03-26
2021-07-04 23:21:49 50      LHCG_BBG000G7W420_2021-03-26
2021-07-04 23:21:49 51      LHX_BBG000BLGFJ9_2021-03-26
2021-07-04 23:21:49 52      LII_BBG000BB5B84_2021-03-26
2021-07-04 23:21:49 53      LIN_BBG00GVR8YQ9_2021-03-26
2021-07-04 23:21:49 55      LITE_BBG0073F9RT7_2021-03-26
2021-07-04 23:21:49 59      LKQ_BBG000PXDL44_2021-03-26
2021-07-04 23:21:49 61      LLY_BBG000BNBDC2_2021-03-26
2021-07-04 23:21:49 65      LMT_BBG000C1BW00_2021-03-26
2021-07-04 23:21:49 68      LNN_BBG000FJS1S8_2021-03-26
2021-07-04 23:21:49 68      LNT_BBG000DW4Q75_2021-03-26
2021-07-04 23:21:49 70      LNTH_BBG006Q52RD0_2021-03-26
2021-07-04 23:21:49 71      LOPE_BBG000FV28W9_2021-03-26
2021-07-04 23:21:49 73      LOW_BBG000BNDN65_2021-03-26
2021-07-04 23:21:49 75      LPL_BBG000FJ0RK9_2021-03-26
2021-07-04 23:21:49 76      LPLA_BBG000P2TYL8_2021-03-26
2021-07-04 23:21:49 78      LPSN_BBG000BSV0W5_2021-03-26
2021-07-04 23:21:49 79      LRCX_BBG000BNFLM9_2021-03-26
2021-07-04 23:21:49 83      LRN_BBG000QSXPZ9_2021-03-26
2021-07-04 23:21:49 85      LSCC_BBG000C2D1C1_2021-03-26
2021-07-04 23:21:49 86      LSTR_BBG000BB2KN0_2021-03-26
2021-07-04 23:21:49 88      LTHM_BBG00LV3NRG0_2021-03-26
2021-07-04 23:21:49 90      LULU_BBG000R8ZVD1_2021-03-26
2021-07-04 23:21:49 92      LUMN_BBG000BGLRN3_2021-03-26
2021-07-04 23:21:49 94      LUV_BBG000BNJHS8_2021-03-26
2021-07-04 23:21:49 98      LVS_BBG000JWD753_2021-03-26
2021-07-04 23:21:50 00      LW_BBG003CVMLQ2_2021-03-26
2021-07-04 23:21:50 01      LYB_BBG000WCFV84_2021-03-26
2021-07-04 23:21:50 03      LYFT_BBG004M9ZHX5_2021-03-26
2021-07-04 23:21:50 07      LYV_BBG000FQ7YR4_2021-03-26
2021-07-04 23:21:50 09      M_BBG000C46HM9_2021-03-26
2021-07-04 23:21:50 11      MA_BBG000F1ZSQ2_2021-03-26
2021-07-04 23:21:50 15      MAA_BBG000BLMY92_2021-03-26
2021-07-04 23:21:50 16      MAC_BBG000BL9C59_2021-03-26
2021-07-04 23:21:50 20      MAN_BBG000BNMHS4_2021-03-26
2021-07-04 23:21:50 21      MANH_BBG000BFV758_2021-03-26
2021-07-04 23:21:50 22      MANT_BBG000BGF8B5_2021-03-26
2021-07-04 23:21:50 23      MANU_BBG0035WV4N9_2021-03-26
2021-07-04 23:21:50 24      MAR_BBG000BGD7W6_2021-03-26
2021-07-04 23:21:50 27      MAS_BBG000BNNKG9_2021-03-26
2021-07-04 23:21:50 29      MASI_BBG000C3W281_2021-03-26
2021-07-04 23:21:50 30      MAT_BBG000BNNYW1_2021-03-26
2021-07-04 23:21:50 32      MATX_BBG000BBK401_2021-03-26
2021-07-04 23:21:50 33      MBT_BBG000CSZKR2_2021-03-26
2021-07-04 23:21:50 34      MBUU_BBG005PXTR70_2021-03-26
2021-07-04 23:21:50 35      MCD_BBG000BNSZP1_2021-03-26
2021-07-04 23:21:50 37      MCHP_BBG000BHCP19_2021-03-26
2021-07-04 23:21:50 42      MCK_BBG000DYGNW7_2021-03-26
2021-07-04 23:21:50 44      MCO_BBG000F86GP6_2021-03-26
2021-07-04 23:21:50 45      MCRI_BBG000BJ0932_2021-03-26
2021-07-04 23:21:50 45      MD_BBG000H8LGK2_2021-03-26
2021-07-04 23:21:50 47      MDB_BBG0022FDRY8_2021-03-26
2021-07-04 23:21:50 49      MDGL_BBG000QS6NV8_2021-03-26
2021-07-04 23:21:50 50      MDLA_BBG001BPKGT0_2021-03-26
2021-07-04 23:21:50 52      MDLZ_BBG000D4LWF6_2021-03-26
2021-07-04 23:21:50 56      MDRX_BBG000BLDXH5_2021-03-26
2021-07-04 23:21:50 58      MDT_BBG000BNWG87_2021-03-26
2021-07-04 23:21:50 62      MED_BBG000BWBW76_2021-03-26
2021-07-04 23:21:50 63      MEDP_BBG0065B7K59_2021-03-26
2021-07-04 23:21:50 64      MEI_BBG000BNY197_2021-03-26
2021-07-04 23:21:50 65      MELI_BBG000GQPB11_2021-03-26
2021-07-04 23:21:50 68      MET_BBG000BB6KF5_2021-03-26
2021-07-04 23:21:50 70      MFGP_BBG00HFWVGN0_2021-03-26
2021-07-04 23:21:50 73      MGLN_BBG000BD6DD9_2021-03-26
2021-07-04 23:21:50 74      MGM_BBG000C2BXK4_2021-03-26
2021-07-04 23:21:50 79      MGY_BBG00GNC8DL2_2021-03-26
2021-07-04 23:21:50 80      MHK_BBG000FLZN98_2021-03-26
2021-07-04 23:21:50 82      MHO_BBG000BL9MZ4_2021-03-26
2021-07-04 23:21:50 83      MIDD_BBG000DQN9R3_2021-03-26
2021-07-04 23:21:50 84      MINI_BBG000BGTX98_2021-03-26
2021-07-04 23:21:50 85      MKC_BBG000G6Y5W4_2021-03-26
2021-07-04 23:21:50 87      MKL_BBG000FC7366_2021-03-26
2021-07-04 23:21:50 88      MKSI_BBG000BVMG26_2021-03-26
2021-07-04 23:21:50 89      MKTX_BBG000BJBZ23_2021-03-26
2021-07-04 23:21:50 91      MLAB_BBG000BP3PW7_2021-03-26
2021-07-04 23:21:50 92      MLCO_BBG000BHP8J4_2021-03-26
2021-07-04 23:21:50 94      MLHR_BBG000BP46T2_2021-03-26
2021-07-04 23:21:50 95      MLM_BBG000BGYMH7_2021-03-26
2021-07-04 23:21:50 97      MMC_BBG000BP4MH0_2021-03-26
2021-07-04 23:21:50 98      MMI_BBG005GBRSR6_2021-03-26
2021-07-04 23:21:50 99      MMM_BBG000BP52R2_2021-03-26
2021-07-04 23:21:51 02      MMS_BBG000BC5WJ4_2021-03-26
2021-07-04 23:21:51 03      MMSI_BBG000C42VX0_2021-03-26
2021-07-04 23:21:51 05      MNRO_BBG000C0BZD1_2021-03-26
2021-07-04 23:21:51 06      MNST_BBG008NVB1C0_2021-03-26
2021-07-04 23:21:51 08      MO_BBG000BP6LJ8_2021-03-26
2021-07-04 23:21:51 14      MOH_BBG000MBHNC8_2021-03-26
2021-07-04 23:21:51 16      MOMO_BBG007HTCQT0_2021-03-26
2021-07-04 23:21:51 31      MORN_BBG000CGQ4F7_2021-03-26
2021-07-04 23:21:51 32      MOS_BBG000BFXHL6_2021-03-26
2021-07-04 23:21:51 34      MOV_BBG000BL30Y9_2021-03-26
2021-07-04 23:21:51 36      MPC_BBG001DCCGR8_2021-03-26
2021-07-04 23:21:51 40      MPWR_BBG000C30L48_2021-03-26
2021-07-04 23:21:51 42      MRC_BBG000BKLTM1_2021-03-26
2021-07-04 23:21:51 43      MRK_BBG000BPD168_2021-03-26
2021-07-04 23:21:51 48      MRNA_BBG003PHHZT1_2021-03-26
2021-07-04 23:21:51 55      MRO_BBG000C8H633_2021-03-26
2021-07-04 23:21:51 58      MRTX_BBG004TPGBP5_2021-03-26
2021-07-04 23:21:51 59      MS_BBG000BLZRJ2_2021-03-26
2021-07-04 23:21:51 67      MSA_BBG000BPDXF8_2021-03-26
2021-07-04 23:21:51 67      MSCI_BBG000RTDY25_2021-03-26
2021-07-04 23:21:51 68      MSFT_BBG000BPH459_2021-03-26
2021-07-04 23:21:51 97      MSGE_BBG00L9HLWV8_2021-03-26
2021-07-04 23:21:51 97      MSGE: SPYKE!. Candle: ID:5, Time: 12:40, Close: 93
2021-07-04 23:21:51 99      MSGN_BBG000NS03H7_2021-03-26
2021-07-04 23:21:51 99      MSGN: SPYKE!. Candle: ID:13, Time: 11:00, Close: 17.42
2021-07-04 23:21:52 00      MSGS_BBG007FG0C23_2021-03-26
2021-07-04 23:21:52 01      MSI_BBG000BP8Z50_2021-03-26
2021-07-04 23:21:52 02      MSM_BBG000BCLYL9_2021-03-26
2021-07-04 23:21:52 04      MSTR_BBG000GQJPZ0_2021-03-26
2021-07-04 23:21:52 06      MTB_BBG000D9KWL9_2021-03-26
2021-07-04 23:21:52 07      MTCH_BBG00B6WH9G3_2021-03-26
2021-07-04 23:21:52 10      MTD_BBG000BZCKH3_2021-03-26
2021-07-04 23:21:52 12      MTG_BBG000CBMH27_2021-03-26
2021-07-04 23:21:52 13      MTH_BBG000F4F1N0_2021-03-26
2021-07-04 23:21:52 14      MTN_BBG000BCMWM1_2021-03-26
2021-07-04 23:21:52 15      MTOR_BBG000BH92D1_2021-03-26
2021-07-04 23:21:52 15      MTRN_BBG000BDTT76_2021-03-26
2021-07-04 23:21:52 16      MU_BBG000C5Z1S3_2021-03-26
2021-07-04 23:21:52 30      MUR_BBG000BPMH90_2021-03-26
2021-07-04 23:21:52 33      MUSA_BBG001Z0Q6T5_2021-03-26
2021-07-04 23:21:52 35      MXIM_BBG000BPNP00_2021-03-26
2021-07-04 23:21:52 40      MXL_BBG000BB6R33_2021-03-26
2021-07-04 23:21:52 41      MYGN_BBG000D9H9F1_2021-03-26
2021-07-04 23:21:52 43      MYRG_BBG000BC7VW9_2021-03-26
2021-07-04 23:21:52 45      NARI_BBG009J8K7M0_2021-03-26
2021-07-04 23:21:52 46      NATI_BBG000DZK6N6_2021-03-26
2021-07-04 23:21:52 47      NAVI_BBG004MN1R41_2021-03-26
2021-07-04 23:21:52 49      NBIX_BBG000GJS7C1_2021-03-26
2021-07-04 23:21:52 50      NCBS_BBG000QK0TG5_2021-03-26
2021-07-04 23:21:52 51      NCR_BBG000BMXK89_2021-03-26
2021-07-04 23:21:52 52      NDAQ_BBG000F5VVB6_2021-03-26
2021-07-04 23:21:52 55      NDSN_BBG000BPWGR1_2021-03-26
2021-07-04 23:21:52 56      NEE_BBG000BJSBJ0_2021-03-26
2021-07-04 23:21:52 61      NEM_BBG000BPWXK1_2021-03-26
2021-07-04 23:21:52 64      NEO_BBG000BKH263_2021-03-26
2021-07-04 23:21:52 66      NEOG_BBG000C1BCK2_2021-03-26
2021-07-04 23:21:52 67      NET_BBG001WMKHH5_2021-03-26
2021-07-04 23:21:52 69      NEU_BBG000BJ5SS8_2021-03-26
2021-07-04 23:21:52 70      NEWR_BBG001NFKJ68_2021-03-26
2021-07-04 23:21:52 71      NFLX_BBG000CL9VN6_2021-03-26
2021-07-04 23:21:52 78      NGVT_BBG009LM28K6_2021-03-26
2021-07-04 23:21:52 79      NJR_BBG000BPZVW9_2021-03-26
2021-07-04 23:21:52 81      NKE_BBG000C5HS04_2021-03-26
2021-07-04 23:21:52 88      NKTR_BBG000BHCYJ1_2021-03-26
2021-07-04 23:21:52 89      NLOK_BBG000BH2JM1_2021-03-26
2021-07-04 23:21:52 91      NLSN_BBG0088CYPX8_2021-03-26
2021-07-04 23:21:52 95      NMIH_BBG005DLMMZ6_2021-03-26
2021-07-04 23:21:52 96      NOC_BBG000BQ2C28_2021-03-26
2021-07-04 23:21:52 98      NOK_BBG000BNGBW9_2021-03-26
2021-07-04 23:21:53 03      NOV_BBG000BJX8C8_2021-03-26
2021-07-04 23:21:53 06      NOW_BBG000M1R011_2021-03-26
2021-07-04 23:21:53 09      NP_BBG000QCQ764_2021-03-26
2021-07-04 23:21:53 10      NPK_BBG000BQ4GG2_2021-03-26
2021-07-04 23:21:53 11      NRG_BBG000D8RG11_2021-03-26
2021-07-04 23:21:53 13      NSC_BBG000BQ5DS5_2021-03-26
2021-07-04 23:21:53 15      NSP_BBG000BJ41X2_2021-03-26
2021-07-04 23:21:53 16      NTAP_BBG000FP1N32_2021-03-26
2021-07-04 23:21:53 19      NTCO_BBG00R4ZKPN5_2021-03-26
2021-07-04 23:21:53 20      NTCT_BBG000C136Z8_2021-03-26
2021-07-04 23:21:53 21      NTES_BBG000BX72V8_2021-03-26
2021-07-04 23:21:53 26      NTGR_BBG000C4GBR6_2021-03-26
2021-07-04 23:21:53 27      NTLA_BBG007KC7PB0_2021-03-26
2021-07-04 23:21:53 29      NTNX_BBG001NDW1Z7_2021-03-26
2021-07-04 23:21:53 32      NTRA_BBG001J1BQ86_2021-03-26
2021-07-04 23:21:53 33      NTRS_BBG000BQ74K1_2021-03-26
2021-07-04 23:21:53 36      NTUS_BBG000DPZHS3_2021-03-26
2021-07-04 23:21:53 37      NUE_BBG000BQ8KV2_2021-03-26
2021-07-04 23:21:53 41      NUS_BBG000HG21Y3_2021-03-26
2021-07-04 23:21:53 42      NUVA_BBG000LNL298_2021-03-26
2021-07-04 23:21:53 43      NVDA_BBG000BBJQV0_2021-03-26
2021-07-04 23:21:53 60      NVEE_BBG005BT60Y8_2021-03-26
2021-07-04 23:21:53 61      NVR_BBG000BQBYR3_2021-03-26
2021-07-04 23:21:53 62      NVRO_BBG001K61W36_2021-03-26
2021-07-04 23:21:53 63      NVTA_BBG005DJFD43_2021-03-26
2021-07-04 23:21:53 67      NWE_BBG000Q1NMJ4_2021-03-26
2021-07-04 23:21:53 68      NWL_BBG000BQC9V2_2021-03-26
2021-07-04 23:21:53 70      NWLI_BBG008HNHZ07_2021-03-26
2021-07-04 23:21:53 71      NWS_BBG0035M2ZB7_2021-03-26
2021-07-04 23:21:53 73      NWSA_BBG0035LY913_2021-03-26
2021-07-04 23:21:53 76      NXPI_BBG000BND699_2021-03-26
2021-07-04 23:21:53 81      NXST_BBG000DZJVH0_2021-03-26
2021-07-04 23:21:53 83      NYT_BBG000FFC0B3_2021-03-26
2021-07-04 23:21:53 84      O_BBG000DHPN63_2021-03-26
2021-07-04 23:21:53 87      OC_BBG000M44VW8_2021-03-26
2021-07-04 23:21:53 88      ODFL_BBG000CHSS88_2021-03-26
2021-07-04 23:21:53 89      OFIX_BBG000G1C210_2021-03-26
2021-07-04 23:21:53 90      OHI_BBG000BGBTC2_2021-03-26
2021-07-04 23:21:53 92      OI_BBG00R2JZG39_2021-03-26
2021-07-04 23:21:53 94      OII_BBG000CPBCL8_2021-03-26
2021-07-04 23:21:53 96      OIS_BBG000BDDN94_2021-03-26
2021-07-04 23:21:53 98      OKE_BBG000BQHGR6_2021-03-26
2021-07-04 23:21:54 00      OKTA_BBG001YV1SM4_2021-03-26
2021-07-04 23:21:54 03      OLED_BBG000BLRP41_2021-03-26
2021-07-04 23:21:54 05      OLLI_BBG0098VVDT9_2021-03-26
2021-07-04 23:21:54 06      OMC_BBG000BS9489_2021-03-26
2021-07-04 23:21:54 08      OMCL_BBG000BTNGZ4_2021-03-26
2021-07-04 23:21:54 09      ON_BBG000DV7MX4_2021-03-26
2021-07-04 23:21:54 16      ONTO_BBG000BPRN29_2021-03-26
2021-07-04 23:21:54 17      ORCL_BBG000BQLTW7_2021-03-26
2021-07-04 23:21:54 23      ORLY_BBG000BGYWY6_2021-03-26
2021-07-04 23:21:54 25      OSIS_BBG000BWPR54_2021-03-26
2021-07-04 23:21:54 25      OSK_BBG000CC53X1_2021-03-26
2021-07-04 23:21:54 26      OSUR_BBG000J3D1Y8_2021-03-26
2021-07-04 23:21:54 28      OSUR: SPYKE!. Candle: ID:3553, Time: 20:50, Close: 10.55
2021-07-04 23:21:54 28      OSUR: SPYKE!. Candle: ID:3563, Time: 20:55, Close: 10.48
2021-07-04 23:21:54 29      OTIS_BBG00RP60KV0_2021-03-26
2021-07-04 23:21:54 30      OVV_BBG00R2NHQ65_2021-03-26
2021-07-04 23:21:54 33      OXY_BBG000BQQ2S6_2021-03-26
2021-07-04 23:21:54 39      PAGS_BBG00JM7QBR6_2021-03-26
2021-07-04 23:21:54 41      PANW_BBG0014GJCT9_2021-03-26
2021-07-04 23:21:54 44      PATK_BBG000BQSBB2_2021-03-26
2021-07-04 23:21:54 45      PAYC_BBG0064N0ZZ5_2021-03-26
2021-07-04 23:21:54 46      PB_BBG000BHY4D9_2021-03-26
2021-07-04 23:21:54 48      PBCT_BBG000BQT4L6_2021-03-26
2021-07-04 23:21:54 50      PBF_BBG002832GV8_2021-03-26
2021-07-04 23:21:54 53      PBH_BBG000QM0RZ4_2021-03-26
2021-07-04 23:21:54 54      PBI_BBG000BQTMJ9_2021-03-26
2021-07-04 23:21:54 56      PCAR_BBG000BQVTF5_2021-03-26
2021-07-04 23:21:54 58      PCG_BBG000BQWPC5_2021-03-26
2021-07-04 23:21:54 61      PCRX_BBG0018FQNS6_2021-03-26
2021-07-04 23:21:54 63      PCTY_BBG006598YS8_2021-03-26
2021-07-04 23:21:54 64      PD_BBG0043BYPB8_2021-03-26
2021-07-04 23:21:54 66      PDCO_BBG000BQY289_2021-03-26
2021-07-04 23:21:54 68      PEAK_BBG000BKYDP9_2021-03-26
2021-07-04 23:21:54 70      PEG_BBG000BQZMH4_2021-03-26
2021-07-04 23:21:54 73      PEGA_BBG000H1RYG7_2021-03-26
2021-07-04 23:21:54 74      PEN_BBG001BP92V1_2021-03-26
2021-07-04 23:21:54 75      PEP_BBG000DH7JK6_2021-03-26
2021-07-04 23:21:54 83      PETQ_BBG00H1CY328_2021-03-26
2021-07-04 23:21:54 84      PFE_BBG000BR2B91_2021-03-26
2021-07-04 23:21:54 90      PFG_BBG000NSCNT7_2021-03-26
2021-07-04 23:21:54 92      PFGC_BBG009XW2WB8_2021-03-26
2021-07-04 23:21:54 93      PFPT_BBG000RQ2GY7_2021-03-26
2021-07-04 23:21:54 95      PFPT: SPYKE!. Candle: ID:1993, Time: 20:05, Close: 123.17
2021-07-04 23:21:54 95      PG_BBG000BR2TH3_2021-03-26
2021-07-04 23:21:55 03      PGNY_BBG002H1K1H1_2021-03-26
2021-07-04 23:21:55 04      PGR_BBG000BR37X2_2021-03-26
2021-07-04 23:21:55 08      PGTI_BBG000FX3Y66_2021-03-26
2021-07-04 23:21:55 10      PH_BBG000BR3KL6_2021-03-26
2021-07-04 23:21:55 11      PHM_BBG000BR54L0_2021-03-26
2021-07-04 23:21:55 15      PII_BBG000D5S4M0_2021-03-26
2021-07-04 23:21:55 16      PINC_BBG000G7QX50_2021-03-26
2021-07-04 23:21:55 17      PINS_BBG002583CV8_2021-03-26
2021-07-04 23:21:55 23      PIPR_BBG000FQXC75_2021-03-26
2021-07-04 23:21:55 25      PKG_BBG000BB8SW7_2021-03-26
2021-07-04 23:21:55 26      PKI_BBG000FXW512_2021-03-26
2021-07-04 23:21:55 27      PLAN_BBG002DZS299_2021-03-26
2021-07-04 23:21:55 29      PLAY_BBG001WWJTK5_2021-03-26
2021-07-04 23:21:55 32      PLCE_BBG000JK9DK4_2021-03-26
2021-07-04 23:21:55 33      PLD_BBG000B9Z0J8_2021-03-26
2021-07-04 23:21:55 36      PLNT_BBG009H04M17_2021-03-26
2021-07-04 23:21:55 38      PLTR_BBG000N7QR55_2021-03-26
2021-07-04 23:21:55 47      PLUS_BBG000HN7W02_2021-03-26
2021-07-04 23:21:55 48      PLXS_BBG000BRBX66_2021-03-26
2021-07-04 23:21:55 49      PM_BBG000J2XL74_2021-03-26
2021-07-04 23:21:55 52      PNC_BBG000BRD0D8_2021-03-26
2021-07-04 23:21:55 55      PNFP_BBG000C1XKF6_2021-03-26
2021-07-04 23:21:55 57      PNTG_BBG00P33SY72_2021-03-26
2021-07-04 23:21:55 58      PODD_BBG000R7XX87_2021-03-26
2021-07-04 23:21:55 59      POOL_BBG000BCVG28_2021-03-26
2021-07-04 23:21:55 60      POR_BBG000BCRMW7_2021-03-26
2021-07-04 23:21:55 61      POST_BBG001WTBC36_2021-03-26
2021-07-04 23:21:55 62      POWI_BBG000BTT3D1_2021-03-26
2021-07-04 23:21:55 64      PPC_BBG000BFLXV3_2021-03-26
2021-07-04 23:21:55 65      PPG_BBG000BRJ809_2021-03-26
2021-07-04 23:21:55 67      PPL_BBG000BRJL00_2021-03-26
2021-07-04 23:21:55 68      PRAA_BBG000BNTW77_2021-03-26
2021-07-04 23:21:55 69      PRAH_BBG007387YL8_2021-03-26
2021-07-04 23:21:55 72      PRFT_BBG000BVXFK6_2021-03-26
2021-07-04 23:21:55 73      PRG_BBG00VSH86G4_2021-03-26
2021-07-04 23:21:55 74      PRGS_BBG000C4QP94_2021-03-26
2021-07-04 23:21:55 75      PRI_BBG000T8ZF80_2021-03-26
2021-07-04 23:21:55 76      PRLB_BBG000BT13B3_2021-03-26
2021-07-04 23:21:55 78      PRSP_BBG00KMXKWF9_2021-03-26
2021-07-04 23:21:55 79      PRU_BBG000HCJMF9_2021-03-26
2021-07-04 23:21:55 81      PSA_BBG000BPPN67_2021-03-26
2021-07-04 23:21:55 83      PSN_BBG000C3TKY6_2021-03-26
2021-07-04 23:21:55 84      PSTG_BBG00212PVZ5_2021-03-26
2021-07-04 23:21:55 87      PSX_BBG00286S4N9_2021-03-26
2021-07-04 23:21:55 90      PTC_BBG000C2VBB0_2021-03-26
2021-07-04 23:21:55 92      PTCT_BBG000QT15P7_2021-03-26
2021-07-04 23:21:55 94      PTON_BBG00JG0FFZ2_2021-03-26
2021-07-04 23:21:56 01      PTR_BBG000BR85F1_2021-03-26
2021-07-04 23:21:56 02      PUMP_BBG00FYCQ352_2021-03-26
2021-07-04 23:21:56 04      PVH_BBG000BRRG02_2021-03-26
2021-07-04 23:21:56 06      PWR_BBG000BBL8V7_2021-03-26
2021-07-04 23:21:56 08      PXD_BBG000BXRPH1_2021-03-26
2021-07-04 23:21:56 11      PYPL_BBG0077VNXV6_2021-03-26
2021-07-04 23:21:56 24      PZZA_BBG000BFWF13_2021-03-26
2021-07-04 23:21:56 25      QADA_BBG001BP77C3_2021-03-26
2021-07-04 23:21:56 26      QCOM_BBG000CGC1X8_2021-03-26
2021-07-04 23:21:56 39      QDEL_BBG000C6GN04_2021-03-26
2021-07-04 23:21:56 45      QLYS_BBG000HT5G06_2021-03-26
2021-07-04 23:21:56 48      QNST_BBG000S9XXB8_2021-03-26
2021-07-04 23:21:56 51      QRTEA_BBG000PCQQL6_2021-03-26
2021-07-04 23:21:56 54      QRVO_BBG007TJF1N7_2021-03-26
2021-07-04 23:21:56 57      QTS_BBG0054B20Z8_2021-03-26
2021-07-04 23:21:56 60      QTWO_BBG005ZVK9P2_2021-03-26
2021-07-04 23:21:56 62      QUOT_BBG001QYNR63_2021-03-26
2021-07-04 23:21:56 62      QUOT: SPYKE!. Candle: ID:12, Time: 13:30, Close: 15.06
2021-07-04 23:21:56 63      R_BBG000BRVP70_2021-03-26
2021-07-04 23:21:56 64      RACE_BBG009PH3Q86_2021-03-26
2021-07-04 23:21:56 65      RAMP_BBG000BB4HM6_2021-03-26
2021-07-04 23:21:56 67      RARE_BBG001RWPDW6_2021-03-26
2021-07-04 23:21:56 69      RAVN_BBG000CXQTZ3_2021-03-26
2021-07-04 23:21:56 70      RBC_BBG000BRXTR8_2021-03-26
2021-07-04 23:21:56 71      RCL_BBG000BB5792_2021-03-26
2021-07-04 23:21:56 74      RDFN_BBG001Q7HP63_2021-03-26
2021-07-04 23:21:56 76      RDS.A_BBG000QXSSS6_2021-03-26
2021-07-04 23:21:56 80      RDY_BBG000NJ96L6_2021-03-26
2021-07-04 23:21:56 81      RE_BBG000C1XVK6_2021-03-26
2021-07-04 23:21:56 82      REG_BBG000BL46Q4_2021-03-26
2021-07-04 23:21:56 84      REGI_BBG0016SSV00_2021-03-26
2021-07-04 23:21:56 88      REGN_BBG000C734W3_2021-03-26
2021-07-04 23:21:56 91      RETA_BBG000R33BD1_2021-03-26
2021-07-04 23:21:56 92      REX_BBG000D2ZK61_2021-03-26
2021-07-04 23:21:56 92      REZI_BBG00HY28K89_2021-03-26
2021-07-04 23:21:56 94      RF_BBG000Q3JN03_2021-03-26
2021-07-04 23:21:56 96      RGA_BBG000BDLCQ0_2021-03-26
2021-07-04 23:21:56 97      RGEN_BBG000BS48J3_2021-03-26
2021-07-04 23:21:56 99      RGLD_BBG000BS5170_2021-03-26
2021-07-04 23:21:57 00      RGNX_BBG007Z9V591_2021-03-26
2021-07-04 23:21:57 02      RGR_BBG000C4FQG6_2021-03-26
2021-07-04 23:21:57 03      RH_BBG002293PJ4_2021-03-26
2021-07-04 23:21:57 05      RHI_BBG000BS5DR2_2021-03-26
2021-07-04 23:21:57 06      RIG_BBG000BH5LT6_2021-03-26
2021-07-04 23:21:57 12      RJF_BBG000BS73J1_2021-03-26
2021-07-04 23:21:57 14      RL_BBG000BS0ZF1_2021-03-26
2021-07-04 23:21:57 15      RMD_BBG000L4M7F1_2021-03-26
2021-07-04 23:21:57 16      RNG_BBG000J094P3_2021-03-26
2021-07-04 23:21:57 19      ROCK_BBG000BKQDQ7_2021-03-26
2021-07-04 23:21:57 20      ROG_BBG000BS9HN3_2021-03-26
2021-07-04 23:21:57 21      ROK_BBG000BBCDZ2_2021-03-26
2021-07-04 23:21:57 23      ROKU_BBG001ZZPQJ6_2021-03-26
2021-07-04 23:21:57 32      ROL_BBG000BSBBP1_2021-03-26
2021-07-04 23:21:57 34      ROLL_BBG000GMGNB3_2021-03-26
2021-07-04 23:21:57 34      ROP_BBG000F1ZSN5_2021-03-26
2021-07-04 23:21:57 37      ROST_BBG000BSBZH7_2021-03-26
2021-07-04 23:21:57 39      RPD_BBG009DFHWG6_2021-03-26
2021-07-04 23:21:57 42      RPM_BBG000DCNK80_2021-03-26
2021-07-04 23:21:57 43      RRBI_BBG000QKNLB2_2021-03-26
2021-07-04 23:21:57 44      RRC_BBG000FVXD63_2021-03-26
2021-07-04 23:21:57 47      RRGB_BBG000MXH9C1_2021-03-26
2021-07-04 23:21:57 48      RS_BBG000CJ2181_2021-03-26
2021-07-04 23:21:57 50      RSG_BBG000BPXVJ6_2021-03-26
2021-07-04 23:21:57 51      RTX_BBG000BW8S60_2021-03-26
2021-07-04 23:21:57 56      RVLV_BBG00M4RHBD0_2021-03-26
2021-07-04 23:21:57 58      RXN_BBG000H8R0N8_2021-03-26
2021-07-04 23:21:57 59      RYN_BBG000BG7L34_2021-03-26
2021-07-04 23:21:57 60      RYTM_BBG007DLZ601_2021-03-26
2021-07-04 23:21:57 61      SAFM_BBG000BSHJ96_2021-03-26
2021-07-04 23:21:57 62      SAGE_BBG0025X16Y5_2021-03-26
2021-07-04 23:21:57 64      SAIA_BBG000P5LMQ0_2021-03-26
2021-07-04 23:21:57 65      SAIC_BBG003BW05K6_2021-03-26
2021-07-04 23:21:57 67      SAIL_BBG00J0BBZL0_2021-03-26
2021-07-04 23:21:57 69      SAM_BBG000BCZBF1_2021-03-26
2021-07-04 23:21:57 70      SAVE_BBG000BF6RQ9_2021-03-26
2021-07-04 23:21:57 73      SBAC_BBG000D2M0Z7_2021-03-26
2021-07-04 23:21:57 74      SBCF_BBG000KK3464_2021-03-26
2021-07-04 23:21:57 75      SBGI_BBG000F2XXP2_2021-03-26
2021-07-04 23:21:57 78      SBH_BBG000LR8515_2021-03-26
2021-07-04 23:21:57 79      SBRA_BBG000MTDW24_2021-03-26
2021-07-04 23:21:57 81      SBUX_BBG000CTQBF3_2021-03-26
2021-07-04 23:21:57 88      SCCO_BBG000BSHH72_2021-03-26
2021-07-04 23:21:57 89      SCHW_BBG000BSLZY7_2021-03-26
2021-07-04 23:21:57 92      SCI_BBG000BTHH16_2021-03-26
2021-07-04 23:21:57 94      SCSC_BBG000BHTPZ4_2021-03-26
2021-07-04 23:21:57 95      SDGR_BBG000T88BN2_2021-03-26
2021-07-04 23:21:57 95      SDGR: SPYKE!. Candle: ID:15, Time: 8:00, Close: 74.8
2021-07-04 23:21:57 95      SDGR: SPYKE!. Candle: ID:172, Time: 10:05, Close: 67
2021-07-04 23:21:57 95      SDGR: SPYKE!. Candle: ID:173, Time: 10:05, Close: 70.53
2021-07-04 23:21:57 95      SDGR: SPYKE!. Candle: ID:183, Time: 10:10, Close: 67
2021-07-04 23:21:57 95      SDGR: SPYKE!. Candle: ID:185, Time: 10:10, Close: 69.98
2021-07-04 23:21:57 96      SEDG_BBG0084BBZY6_2021-03-26
2021-07-04 23:21:57 98      SEE_BBG000C22QV7_2021-03-26
2021-07-04 23:21:58 00      SEIC_BBG000BSQLT9_2021-03-26
2021-07-04 23:21:58 01      SERV_TCS002WMH2F2_2021-03-26
2021-07-04 23:21:58 01      SF_BBG000BSS5C0_2021-03-26
2021-07-04 23:21:58 02      SFIX_BBG0046L1KL9_2021-03-26
2021-07-04 23:21:58 05      SFM_BBG001KFKQM7_2021-03-26
2021-07-04 23:21:58 08      SGEN_BBG000BH0FR6_2021-03-26
2021-07-04 23:21:58 09      SHAK_BBG0063GCHH8_2021-03-26
2021-07-04 23:21:58 10      SHEN_BBG000BTC2N0_2021-03-26
2021-07-04 23:21:58 11      SHI_BBG000BHR1H9_2021-03-26
2021-07-04 23:21:58 12      SHW_BBG000BSXQV7_2021-03-26
2021-07-04 23:21:58 13      SIG_BBG000C4ZZ10_2021-03-26
2021-07-04 23:21:58 14      SIGI_BBG000BSZ738_2021-03-26
2021-07-04 23:21:58 15      SITE_BBG009T22D49_2021-03-26
2021-07-04 23:21:58 16      SIVB_BBG000BT0CM2_2021-03-26
2021-07-04 23:21:58 18      SJI_BBG000BT0T72_2021-03-26
2021-07-04 23:21:58 19      SJM_BBG000BT1715_2021-03-26
2021-07-04 23:21:58 22      SKM_BBG000BLN497_2021-03-26
2021-07-04 23:21:58 23      SKX_BBG000C4HKK2_2021-03-26
2021-07-04 23:21:58 24      SLAB_BBG000BB99S3_2021-03-26
2021-07-04 23:21:58 25      SLB_BBG000BT41Q8_2021-03-26
2021-07-04 23:21:58 30      SLG_BBG000BVP5P2_2021-03-26
2021-07-04 23:21:58 31      SMAR_BBG00GQK3WB5_2021-03-26
2021-07-04 23:21:58 32      SMG_BBG000BT5PG5_2021-03-26
2021-07-04 23:21:58 33      SMPL_BBG00GVP5JL4_2021-03-26
2021-07-04 23:21:58 35      SMTC_BBG000DBKR53_2021-03-26
2021-07-04 23:21:58 36      SNA_BBG000BT7JW9_2021-03-26
2021-07-04 23:21:58 37      SNAP_BBG00441QMJ7_2021-03-26
2021-07-04 23:21:58 44      SNBR_BBG000DM2BF3_2021-03-26
2021-07-04 23:21:58 45      SNPS_BBG000BSFRF3_2021-03-26
2021-07-04 23:21:58 48      SNX_BBG000CL9JV4_2021-03-26
2021-07-04 23:21:58 49      SNY_BBG000BBD5N1_2021-03-26
2021-07-04 23:21:58 51      SO_BBG000BT9DW0_2021-03-26
2021-07-04 23:21:58 53      SOHU_BBG00L2DB535_2021-03-26
2021-07-04 23:21:58 54      SON_BBG000D7HF89_2021-03-26
2021-07-04 23:21:58 55      SONO_BBG001JZPSQ2_2021-03-26
2021-07-04 23:21:58 57      SP_BBG000BJ91B1_2021-03-26
2021-07-04 23:21:58 57      SP: SPYKE!. Candle: ID:14, Time: 13:30, Close: 33.02
2021-07-04 23:21:58 57      SP: SPYKE!. Candle: ID:15, Time: 13:30, Close: 32.82
2021-07-04 23:21:58 58      SPB@US_BBG000DS5588_2021-03-26
2021-07-04 23:21:58 59      SPCE_BBG00HTN2CQ3_2021-03-26
2021-07-04 23:21:58 71      SPG_BBG000BJ2D31_2021-03-26
2021-07-04 23:21:58 75      SPGI_BBG000BP1Q11_2021-03-26
2021-07-04 23:21:58 77      SPLK_BBG001C7TST4_2021-03-26
2021-07-04 23:21:58 81      SPOT_BBG003T4VFC2_2021-03-26
2021-07-04 23:21:58 83      SPR_BBG000PRJ2Z9_2021-03-26
2021-07-04 23:21:58 85      SPSC_BBG000PZGB75_2021-03-26
2021-07-04 23:21:58 87      SQ_BBG0018SLC07_2021-03-26
2021-07-04 23:21:58 93      SRC_BBG0027Z6X10_2021-03-26
2021-07-04 23:21:58 95      SRCL_BBG000H3FZM6_2021-03-26
2021-07-04 23:21:58 95      SRDX_BBG000BZ2QG2_2021-03-26
2021-07-04 23:21:58 96      SRE_BBG000C2ZCH8_2021-03-26
2021-07-04 23:21:58 98      SRI_BBG000BB9Q78_2021-03-26
2021-07-04 23:21:58 99      SRPT_BBG000BCJ161_2021-03-26
2021-07-04 23:21:59 02      SSD_BBG000JLC8L8_2021-03-26
2021-07-04 23:21:59 03      SSNC_BBG000RJ2J04_2021-03-26
2021-07-04 23:21:59 04      SSTK_BBG002ZCK2V9_2021-03-26
2021-07-04 23:21:59 05      STAA_BBG000C4QB95_2021-03-26
2021-07-04 23:21:59 06      STAG_BBG000BGLFP7_2021-03-26
2021-07-04 23:21:59 08      STLD_BBG000HGYNZ9_2021-03-26
2021-07-04 23:21:59 11      STMP_BBG000CZ4KF3_2021-03-26
2021-07-04 23:21:59 12      STRA_BBG000GRZDV1_2021-03-26
2021-07-04 23:21:59 13      STT_BBG000BKFBD7_2021-03-26
2021-07-04 23:21:59 16      STX_BBG000F0KF42_2021-03-26
2021-07-04 23:21:59 16      Warning: figi `BBG000F0KF42` for history data does not match actual figi `BBG0113JGQF0`. Ticker: STX. Will be used actual!
2021-07-04 23:21:59 19      STZ_BBG000J1QLT0_2021-03-26
2021-07-04 23:21:59 20      SUPN_BBG000BP0HX7_2021-03-26
2021-07-04 23:21:59 22      SWAV_BBG005XVXML5_2021-03-26
2021-07-04 23:21:59 23      SWBI_BBG000BM0QL7_2021-03-26
2021-07-04 23:21:59 25      SWCH_BBG00HPDM5Z2_2021-03-26
2021-07-04 23:21:59 26      SWI_BBG00M1CKSK7_2021-03-26
2021-07-04 23:21:59 28      SWK_BBG000BTQR96_2021-03-26
2021-07-04 23:21:59 30      SWKS_BBG000KLB4Q1_2021-03-26
2021-07-04 23:21:59 34      SWN_BBG000BTR593_2021-03-26
2021-07-04 23:21:59 38      SWX_BBG00FWP4JW4_2021-03-26
2021-07-04 23:21:59 39      SXI_BBG000BTT5B8_2021-03-26
2021-07-04 23:21:59 40      SXT_BBG000J79P80_2021-03-26
2021-07-04 23:21:59 41      SYF_BBG00658F3P3_2021-03-26
2021-07-04 23:21:59 45      SYK_BBG000DN7P92_2021-03-26
2021-07-04 23:21:59 47      SYKE_BBG000BBHPV4_2021-03-26
2021-07-04 23:21:59 48      SYNA_BBG000BQV1S2_2021-03-26
2021-07-04 23:21:59 50      SYNH_BBG0078Y1D92_2021-03-26
2021-07-04 23:21:59 51      SYY_BBG000BTVJ25_2021-03-26
2021-07-04 23:21:59 52      T_BBG000BSJK37_2021-03-26
2021-07-04 23:21:59 59      TAK_BBG000LF8708_2021-03-26
2021-07-04 23:21:59 60      TAL_BBG0016XJ8S0_2021-03-26
2021-07-04 23:21:59 71      TAP_BBG000BS7KS3_2021-03-26
2021-07-04 23:21:59 73      TCBI_BBG000DN4ZT1_2021-03-26
2021-07-04 23:21:59 77      TCMD_BBG001B12Z39_2021-03-26
2021-07-04 23:21:59 77      TCRR_BBG00FH3FM15_2021-03-26
2021-07-04 23:21:59 79      TCRR: SPYKE!. Candle: ID:1393, Time: 19:15, Close: 24.19
2021-07-04 23:21:59 79      TCRR: SPYKE!. Candle: ID:1401, Time: 19:15, Close: 23.4
2021-07-04 23:21:59 79      TCS_BBG005DXJS36_2021-03-26
2021-07-04 23:21:59 80      TCX_BBG000L69KL5_2021-03-26
2021-07-04 23:21:59 81      TDC_BBG000R0L5J4_2021-03-26
2021-07-04 23:21:59 83      TDG_BBG000L8CBX4_2021-03-26
2021-07-04 23:21:59 84      TDOC_BBG0019T5SG0_2021-03-26
2021-07-04 23:21:59 88      TDS_BBG000BV0VK7_2021-03-26
2021-07-04 23:21:59 90      TDY_BBG000BMT9T6_2021-03-26
2021-07-04 23:21:59 91      TECH_BBG000C15114_2021-03-26
2021-07-04 23:21:59 92      TEL_BBG000RGM5P1_2021-03-26
2021-07-04 23:21:59 93      TENB_BBG00LBLCD02_2021-03-26
2021-07-04 23:21:59 95      TER_BBG000BV4DR6_2021-03-26
2021-07-04 23:21:59 99      TFC_BBG000BYYLS8_2021-03-26
2021-07-04 23:22:00 04      TFX_BBG000BV59Y6_2021-03-26
2021-07-04 23:22:00 05      TGNA_BBG000BK5DP1_2021-03-26
2021-07-04 23:22:00 07      TGT_BBG000H8TVT2_2021-03-26
2021-07-04 23:22:00 11      THG_BBG000FJH8W0_2021-03-26
2021-07-04 23:22:00 12      THO_BBG000BV6R84_2021-03-26
2021-07-04 23:22:00 13      THRM_BBG000BQLM34_2021-03-26
2021-07-04 23:22:00 14      THS_BBG000GQGJT4_2021-03-26
2021-07-04 23:22:00 15      TJX_BBG000BV8DN6_2021-03-26
2021-07-04 23:22:00 21      TKR_BBG000BV95H9_2021-03-26
2021-07-04 23:22:00 22      TMHC_BBG003PGJHP5_2021-03-26
2021-07-04 23:22:00 23      TMO_BBG000BVDLH9_2021-03-26
2021-07-04 23:22:00 26      TMUS_BBG000NDV1D4_2021-03-26
2021-07-04 23:22:00 31      TMX_BBG002WMH2F2_2021-03-26
2021-07-04 23:22:00 32      TNC_BBG000JCZJS2_2021-03-26
2021-07-04 23:22:00 33      TNDM_BBG0019V9M65_2021-03-26
2021-07-04 23:22:00 34      TNET_BBG000BR2040_2021-03-26
2021-07-04 23:22:00 35      TOL_BBG000BVHBM1_2021-03-26
2021-07-04 23:22:00 37      TOT_BBG000CHZ857_2021-03-26
2021-07-04 23:22:00 37      Warning: figi `BBG000CHZ857` for history data does not match actual figi `IZHBULDINKDK`. Ticker: TOT. Will be used actual!
2021-07-04 23:22:00 39      TPH_BBG0016YQTR5_2021-03-26
2021-07-04 23:22:00 40      TPIC_BBG0016MQ7C5_2021-03-26
2021-07-04 23:22:00 42      TPR_BBG000BY29C7_2021-03-26
2021-07-04 23:22:00 45      TPTX_BBG00NPL9WH7_2021-03-26
2021-07-04 23:22:00 45      TPTX: SPYKE!. Candle: ID:2, Time: 13:30, Close: 96.07
2021-07-04 23:22:00 46      TPX_BBG000PXGT62_2021-03-26
2021-07-04 23:22:00 47      TPX: SPYKE!. Candle: ID:3302, Time: 21:30, Close: 39.96
2021-07-04 23:22:00 48      TREE_BBG000TVRB50_2021-03-26
2021-07-04 23:22:00 50      TREX_BBG000BTGKK9_2021-03-26
2021-07-04 23:22:00 51      TRHC_BBG00BT7PPY8_2021-03-26
2021-07-04 23:22:00 52      TRIP_BBG001M8HHB7_2021-03-26
2021-07-04 23:22:00 57      TRMB_BBG000BNPS52_2021-03-26
2021-07-04 23:22:00 59      TROW_BBG000BVMPN3_2021-03-26
2021-07-04 23:22:00 61      TRU_BBG002Q7J5Z1_2021-03-26
2021-07-04 23:22:00 64      TRUP_BBG002BC7WC5_2021-03-26
2021-07-04 23:22:00 64      TRV_BBG000BJ81C1_2021-03-26
2021-07-04 23:22:00 66      TSCO_BBG000BLXZN1_2021-03-26
2021-07-04 23:22:00 68      TSLA_BBG000N9MNX3_2021-03-26
2021-07-04 23:22:01 27      TSM_BBG000BD8ZK0_2021-03-26
2021-07-04 23:22:01 40      TSN_BBG000DKCC19_2021-03-26
2021-07-04 23:22:01 42      TSS_BBG000C1JTL6_2021-03-26
2021-07-04 23:22:01 43      TT_BBG000BM6788_2021-03-26
2021-07-04 23:22:01 44      TTC_BBG000BVQRY3_2021-03-26
2021-07-04 23:22:01 45      TTD_BBG00629NGT2_2021-03-26
2021-07-04 23:22:01 48      TTEK_BBG000BYZ0Q5_2021-03-26
2021-07-04 23:22:01 49      TTM_BBG000PVGDH9_2021-03-26
2021-07-04 23:22:01 50      TTMI_BBG000BYQ0B1_2021-03-26
2021-07-04 23:22:01 51      TTWO_BBG000BS1YV5_2021-03-26
2021-07-04 23:22:01 54      TW_BBG00NK8H8T2_2021-03-26
2021-07-04 23:22:01 56      TWLO_BBG0029ZX840_2021-03-26
2021-07-04 23:22:01 59      TWNK_BBG00B6KGNN1_2021-03-26
2021-07-04 23:22:01 60      TWOU_BBG001KS9450_2021-03-26
2021-07-04 23:22:01 63      TWTR_BBG000H6HNW3_2021-03-26
2021-07-04 23:22:01 72      TXG_BBG007WX14X0_2021-03-26
2021-07-04 23:22:01 75      TXN_BBG000BVV7G1_2021-03-26
2021-07-04 23:22:01 83      TXRH_BBG000PSJMV7_2021-03-26
2021-07-04 23:22:01 85      TXT_BBG000BVVQQ8_2021-03-26
2021-07-04 23:22:01 89      TYL_BBG000BVWZF9_2021-03-26
2021-07-04 23:22:01 90      UA_BBG009DTD8H2_2021-03-26
2021-07-04 23:22:01 94      UAA_BBG000BXM6V2_2021-03-26
2021-07-04 23:22:01 96      UAL_BBG000M65M61_2021-03-26
2021-07-04 23:22:02 06      UBER_BBG002B04MT8_2021-03-26
2021-07-04 23:22:02 11      UCTT_BBG000HSLV70_2021-03-26
2021-07-04 23:22:02 13      UDR_BBG000C41023_2021-03-26
2021-07-04 23:22:02 16      UFPI_BBG000BL0T06_2021-03-26
2021-07-04 23:22:02 18      UFS_BBG000BHFHP8_2021-03-26
2021-07-04 23:22:02 19      UGI_BBG000BVYN55_2021-03-26
2021-07-04 23:22:02 20      UHS_BBG000CB8Q50_2021-03-26
2021-07-04 23:22:02 21      UI_BBG001R72SR9_2021-03-26
2021-07-04 23:22:02 23      ULTA_BBG00FWQ4VD6_2021-03-26
2021-07-04 23:22:02 25      UMBF_BBG000DD8WX1_2021-03-26
2021-07-04 23:22:02 28      UNF_BBG000BW29L1_2021-03-26
2021-07-04 23:22:02 28      UNH_BBG000CH5208_2021-03-26
2021-07-04 23:22:02 32      UNM_BBG000BW2QX0_2021-03-26
2021-07-04 23:22:02 35      UNP_BBG000BW3299_2021-03-26
2021-07-04 23:22:02 41      UNVR_BBG000BDHD29_2021-03-26
2021-07-04 23:22:02 43      UPS_BBG000L9CV04_2021-03-26
2021-07-04 23:22:02 48      UPWK_BBG00FBJ6390_2021-03-26
2021-07-04 23:22:02 50      URBN_BBG000BL79J3_2021-03-26
2021-07-04 23:22:02 54      URI_BBG000BXMFC3_2021-03-26
2021-07-04 23:22:02 56      USB_BBG000FFDM15_2021-03-26
2021-07-04 23:22:02 60      USFD_BBG00C6H6D40_2021-03-26
2021-07-04 23:22:02 63      USM_BBG000BW6P59_2021-03-26
2021-07-04 23:22:02 64      USNA_BBG000BX28M0_2021-03-26
2021-07-04 23:22:02 65      USPH_BBG000CSRSG6_2021-03-26
2021-07-04 23:22:02 65      UTHR_BBG000BV4XJ1_2021-03-26
2021-07-04 23:22:02 67      UTL_BBG000BW7X97_2021-03-26
2021-07-04 23:22:02 67      UTX_BBG0089KM290_2021-03-26
2021-07-04 23:22:02 68      V_BBG000PSKYX7_2021-03-26
2021-07-04 23:22:02 75      VAC_BBG001J2R5H3_2021-03-26
2021-07-04 23:22:02 76      VALE_BBG000BN5LG7_2021-03-26
2021-07-04 23:22:02 79      VC_BBG0016T3GQ0_2021-03-26
2021-07-04 23:22:02 81      VCEL_BBG000BDCM24_2021-03-26
2021-07-04 23:22:02 82      VCRA_BBG00179VSY7_2021-03-26
2021-07-04 23:22:02 83      VCYT_BBG001J2M542_2021-03-26
2021-07-04 23:22:02 85      VEEV_BBG001CGB489_2021-03-26
2021-07-04 23:22:02 86      VEON_BBG000QCW561_2021-03-26
2021-07-04 23:22:02 89      VFC_BBG000BWCKB6_2021-03-26
2021-07-04 23:22:02 92      VG_BBG000BRB5D9_2021-03-26
2021-07-04 23:22:02 94      VIAC_BBG000C496P7_2021-03-26
2021-07-04 23:22:03 44      VIAC: SPYKE!. Candle: ID:72723, Time: 18:25, Close: 42.5
2021-07-04 23:22:03 44      VIAC: SPYKE!. Candle: ID:72724, Time: 18:25, Close: 41.31
2021-07-04 23:22:03 56      VICR_BBG000C3VHF1_2021-03-26
2021-07-04 23:22:03 57      VICR: SPYKE!. Candle: ID:859, Time: 21:00, Close: 89.72
2021-07-04 23:22:03 57      VIE_BBG00K6P5XM1_2021-03-26
2021-07-04 23:22:03 58      VIPS_BBG002NLDLV8_2021-03-26
2021-07-04 23:22:03 86      VIPS: BuyPending. Strategy: BuyTheDipPremarket. Price: 29.66. Lots: 8. ChangeOpenToCurrent: -4.01. changeFromLow: 1.54. Candle: ID:3949, Time: 12:10, Close: 29.66.
2021-07-04 23:22:03 86      VIPS: OrderID: c179bfec. PlacedOrder. Status: New. RejectReason: 
2021-07-04 23:22:03 86      VIPS: OrderID: c179bfec fully executed
2021-07-04 23:22:03 86      VIPS: Closing. Close price: 30.2. Lots: 8. CandleChange: -0.07%. ChangeFromCandleHigh: -0.07%. Profit: 0.54(1.82%). Candle: ID:3998, Time: 12:15, Close: 30.2
2021-07-04 23:22:03 86      VIPS: OrderID: cad31252. PlacedOrder. Status: New. RejectReason: 
2021-07-04 23:22:03 86      VIPS: OrderID: cad31252 fully executed
2021-07-04 23:22:03 87      VIPS: SPYKE!. Candle: ID:7204, Time: 12:55, Close: 28.77
2021-07-04 23:22:03 87      VIPS: SPYKE!. Candle: ID:9990, Time: 13:30, Close: 30.44
2021-07-04 23:22:03 87      VIPS: SPYKE!. Candle: ID:10000, Time: 13:30, Close: 31.45
2021-07-04 23:22:03 87      VIPS: SPYKE!. Candle: ID:10114, Time: 13:30, Close: 30.75
2021-07-04 23:22:03 87      VIPS: SPYKE!. Candle: ID:10118, Time: 13:30, Close: 30.75
2021-07-04 23:22:03 87      VIPS: SPYKE!. Candle: ID:10130, Time: 13:30, Close: 31.82
2021-07-04 23:22:04 05      VIR_BBG00H2QQ8T5_2021-03-26
2021-07-04 23:22:04 07      VIR: SPYKE!. Candle: ID:1125, Time: 14:25, Close: 52.5
2021-07-04 23:22:04 08      VLO_BBG000BBGGQ1_2021-03-26
2021-07-04 23:22:04 13      VMC_BBG000BWGYF8_2021-03-26
2021-07-04 23:22:04 14      VMI_BBG000BWB7V4_2021-03-26
2021-07-04 23:22:04 15      VMW_BBG000BC9938_2021-03-26
2021-07-04 23:22:04 17      VNDA_BBG000HT5MG6_2021-03-26
2021-07-04 23:22:04 18      VNE_BBG00K4MPP27_2021-03-26
2021-07-04 23:22:04 19      VNO_BBG000BWHD54_2021-03-26
2021-07-04 23:22:04 20      VNT_BBG00RRGSJR4_2021-03-26
2021-07-04 23:22:04 22      VPG_BBG000PRQ0V9_2021-03-26
2021-07-04 23:22:04 22      VREX_BBG00CZNLR47_2021-03-26
2021-07-04 23:22:04 24      VRNS_BBG001Y04TN6_2021-03-26
2021-07-04 23:22:04 26      VRNT_BBG000BCBYT2_2021-03-26
2021-07-04 23:22:04 28      VRSK_BBG000BCZL41_2021-03-26
2021-07-04 23:22:04 30      VRSN_BBG000BGKHZ3_2021-03-26
2021-07-04 23:22:04 32      VRTS_BBG000DMFQS2_2021-03-26
2021-07-04 23:22:04 34      VRTV_BBG005XZHR97_2021-03-26
2021-07-04 23:22:04 35      VRTX_BBG000C1S2X2_2021-03-26
2021-07-04 23:22:04 38      VTR_BBG000FRVHB9_2021-03-26
2021-07-04 23:22:04 40      VTRS_BBG00Y4RQNH4_2021-03-26
2021-07-04 23:22:04 43      VZ_BBG000HS77T5_2021-03-26
2021-07-04 23:22:04 48      W_BBG001B17MV2_2021-03-26
2021-07-04 23:22:04 51      WAB_BBG000BDD940_2021-03-26
2021-07-04 23:22:04 52      WAL_BBG000Q1KFH4_2021-03-26
2021-07-04 23:22:04 54      WAT_BBG000FQRVM3_2021-03-26
2021-07-04 23:22:04 55      WB_BBG0065XPGX9_2021-03-26
2021-07-04 23:22:04 59      WBA_BBG000BWLMJ4_2021-03-26
2021-07-04 23:22:04 64      WCC_BBG000D0FNV3_2021-03-26
2021-07-04 23:22:04 66      WDAY_BBG000VC0T95_2021-03-26
2021-07-04 23:22:04 70      WDC_BBG000BWNFZ9_2021-03-26
2021-07-04 23:22:04 74      WDFC_BBG000BWNV93_2021-03-26
2021-07-04 23:22:04 75      WEC_BBG000BWP7D9_2021-03-26
2021-07-04 23:22:04 77      WELL_BBG000BKY1G5_2021-03-26
2021-07-04 23:22:04 79      WERN_BBG000BWPP85_2021-03-26
2021-07-04 23:22:04 81      WEX_BBG000BVZP59_2021-03-26
2021-07-04 23:22:04 82      WFC_BBG000BWQFY7_2021-03-26
2021-07-04 23:22:04 91      WGO_BBG000BWS3F3_2021-03-26
2021-07-04 23:22:04 93      WH_BBG00HCY3Q67_2021-03-26
2021-07-04 23:22:04 94      WHD_BBG00JRH1P95_2021-03-26
2021-07-04 23:22:04 95      WHR_BBG000BWSV34_2021-03-26
2021-07-04 23:22:04 96      WING_BBG008N298Y8_2021-03-26
2021-07-04 23:22:04 99      WK_BBG007BVZ8H9_2021-03-26
2021-07-04 23:22:05 00      WLK_BBG000PXZFW2_2021-03-26
2021-07-04 23:22:05 01      WLTW_BBG000DB3KT1_2021-03-26
2021-07-04 23:22:05 04      WM_BBG000BWVSR1_2021-03-26
2021-07-04 23:22:05 06      WMB_BBG000BWVCP8_2021-03-26
2021-07-04 23:22:05 08      WMT_BBG000BWXBC2_2021-03-26
2021-07-04 23:22:05 13      WOR_BBG000HL7499_2021-03-26
2021-07-04 23:22:05 14      WORK_BBG007G7V505_2021-03-26
2021-07-04 23:22:05 17      WRB_BBG000BD1HP2_2021-03-26
2021-07-04 23:22:05 18      WRK_BBG008NXC572_2021-03-26
2021-07-04 23:22:05 19      WRLD_BBG000C3G9J2_2021-03-26
2021-07-04 23:22:05 20      WSC_BBG00B0FS947_2021-03-26
2021-07-04 23:22:05 23      WSM_BBG000FSMWC3_2021-03-26
2021-07-04 23:22:05 24      WSO_BBG000DJN7L9_2021-03-26
2021-07-04 23:22:05 25      WST_BBG000BX24N8_2021-03-26
2021-07-04 23:22:05 27      WTFC_BBG000HD3DW5_2021-03-26
2021-07-04 23:22:05 28      WTS_BBG000C4Z6C2_2021-03-26
2021-07-04 23:22:05 29      WTTR_BBG00G4Y2DC1_2021-03-26
2021-07-04 23:22:05 30      WU_BBG000BB5373_2021-03-26
2021-07-04 23:22:05 32      WWD_BBG000BD53V2_2021-03-26
2021-07-04 23:22:05 34      WWE_BBG000F5YH15_2021-03-26
2021-07-04 23:22:05 35      WWW_BBG000BX2YN2_2021-03-26
2021-07-04 23:22:05 36      WY_BBG000BX3BL3_2021-03-26
2021-07-04 23:22:05 39      WYNN_BBG000LD9JQ8_2021-03-26
2021-07-04 23:22:05 41      XEC_BBG000D6L294_2021-03-26
2021-07-04 23:22:05 43      XEL_BBG000BCTQ65_2021-03-26
2021-07-04 23:22:05 46      XLNX_BBG000C0F570_2021-03-26
2021-07-04 23:22:05 51      XLRN_BBG000R5HWZ1_2021-03-26
2021-07-04 23:22:05 53      XNCR_BBG0026ZG4W0_2021-03-26
2021-07-04 23:22:05 54      XOM_BBG000GZQ728_2021-03-26
2021-07-04 23:22:05 61      XPO_BBG000L5CJF3_2021-03-26
2021-07-04 23:22:05 62      XRAY_BBG000BX57K1_2021-03-26
2021-07-04 23:22:05 65      XRX_BBG00NNG2ZJ8_2021-03-26
2021-07-04 23:22:05 67      XYL_BBG001D8R5D0_2021-03-26
2021-07-04 23:22:05 68      Y_BBG000BX6BJ3_2021-03-26
2021-07-04 23:22:05 69      YELP_BBG000Q2HM09_2021-03-26
2021-07-04 23:22:05 70      YETI_BBG00D8JC882_2021-03-26
2021-07-04 23:22:05 71      YEXT_BBG001MKZGY7_2021-03-26
2021-07-04 23:22:05 72      YUM_BBG000BH3GZ2_2021-03-26
2021-07-04 23:22:05 74      YUMC_BBG00B8N0HG1_2021-03-26
2021-07-04 23:22:05 76      YY_BBG003H0XV18_2021-03-26
2021-07-04 23:22:05 80      Z_BBG009NRSWJ4_2021-03-26
2021-07-04 23:22:05 86      ZBH_BBG000BKPL53_2021-03-26
2021-07-04 23:22:05 88      ZBRA_BBG000CC7LQ7_2021-03-26
2021-07-04 23:22:05 89      ZEN_BBG001HRFJG4_2021-03-26
2021-07-04 23:22:05 91      ZG_BBG000D13GN8_2021-03-26
2021-07-04 23:22:05 94      ZGNX_BBG000VDC3G9_2021-03-26
2021-07-04 23:22:05 97      ZI_BBG00S1HJ3M8_2021-03-26
2021-07-04 23:22:05 99      ZION_BBG000BX9WL1_2021-03-26
2021-07-04 23:22:06 02      ZM_BBG0042V6JM8_2021-03-26
2021-07-04 23:22:06 06      ZNH_BBG000BXQ7R1_2021-03-26
2021-07-04 23:22:06 07      ZS_BBG003338H34_2021-03-26
2021-07-04 23:22:06 10      ZTS_BBG0039320N9_2021-03-26
2021-07-04 23:22:06 11      ZUMZ_BBG000PYX812_2021-03-26
2021-07-04 23:22:06 13      ZUO_BBG000BT3HG5_2021-03-26
2021-07-04 23:22:06 14      ZYNE_BBG007BBS8B7_2021-03-26
2021-07-04 23:22:06 18      ZYNE: SPYKE!. Candle: ID:2384, Time: 13:00, Close: 4.56
2021-07-04 23:22:06 18      ZYNE: BuyPending. Strategy: BuyTheDipPremarket. Price: 4.56. Lots: 54. ChangeOpenToCurrent: -4.40. changeFromLow: 1.11. Candle: ID:2440, Time: 13:00, Close: 4.56.
2021-07-04 23:22:06 18      ZYNE: OrderID: 4ed3fe00. PlacedOrder. Status: New. RejectReason: 
2021-07-04 23:22:06 18      ZYNE: OrderID: 4ed3fe00 partially executed. Executed lots: 18. OrderStatus: 18/54 lots
2021-07-04 23:22:06 18      ZYNE: OrderID: 4ed3fe00 fully executed
2021-07-04 23:22:06 18      ZYNE: Closing. Close price: 4.57. Lots: 54. CandleChange: -0.65%. ChangeFromCandleHigh: -0.65%. Profit: 0.01(0.22%). Candle: ID:2574, Time: 13:05, Close: 4.57
2021-07-04 23:22:06 18      ZYNE: OrderID: 82d728bc. PlacedOrder. Status: New. RejectReason: 
2021-07-04 23:22:06 18      ZYNE: OrderID: 82d728bc fully executed
2021-07-04 23:22:06 21      ZYXI_BBG000BJBXZ2_2021-03-26
2021-07-04 23:22:06 23      Total candles read: 5627518
2021-07-04 23:22:06 23      Start DisposeAsync...
2021-07-04 23:22:06 24      Trade statistic. Total/Pos/Neg/(ratio): 3/3/0/(0.0); Profit: 8.26/2.75; Volume: 0; MaxVolume: 432.17; Commission: 0.682540;
2021-07-04 23:22:06 24      BaseBot::DisposeAsync...
2021-07-04 23:22:06 24      BaseBot::DisposeAsync done!
2021-07-04 23:22:06 24      End DisposeAsync...
