2021-07-04 23:21:22 39      mode=TestTradeBot;CopyDDDDData=true;DumpQuotes=false;SubscribeQuotes=false;Strategies=BuyTheDipPremarket;Token=token.txt;ConfigPath=usd.json;OutputFolder=.\new\;CandlesPath=C:\tinkoff\TestData\RawQuotes\5m\uncompressed\quotes_2021-03-18;
2021-07-04 23:21:22 39      Trade bot created
2021-07-04 23:21:22 41      Fake connection created
2021-07-04 23:21:22 54      Loaded 142 liquid instruments
2021-07-04 23:21:23 13      List of disabled tickers: 
2021-07-04 23:21:23 15      A_BBG000C2V3D6_2021-03-18
2021-07-04 23:21:23 23      AA_BBG00B3T3HD3_2021-03-18
2021-07-04 23:21:23 28      AAL_BBG005P7Q881_2021-03-18
2021-07-04 23:21:23 35      AAL: SPYKE!. Candle: ID:18, Time: 4:00, Close: 24.08
2021-07-04 23:21:23 43      AAN_BBG00WCNDCZ6_2021-03-18
2021-07-04 23:21:23 44      AAON_BBG000C2LZP3_2021-03-18
2021-07-04 23:21:23 46      AAP_BBG000F7RCJ1_2021-03-18
2021-07-04 23:21:23 47      AAPL_BBG000B9XRY4_2021-03-18
2021-07-04 23:21:23 97      ABBV_BBG0025Y4RY4_2021-03-18
2021-07-04 23:21:24 04      ABC_BBG000MDCQC2_2021-03-18
2021-07-04 23:21:24 05      ABG_BBG000BKDWB5_2021-03-18
2021-07-04 23:21:24 06      ABMD_BBG000C101X4_2021-03-18
2021-07-04 23:21:24 08      ABNB_BBG001Y2XS07_2021-03-18
2021-07-04 23:21:24 14      ABT_BBG000B9ZXB4_2021-03-18
2021-07-04 23:21:24 19      ACAD_BBG000BHG9K0_2021-03-18
2021-07-04 23:21:24 23      ACH_BBG000CMRVH1_2021-03-18
2021-07-04 23:21:24 25      ACM_BBG000F61RJ8_2021-03-18
2021-07-04 23:21:24 27      ACMR_BBG00HPSG933_2021-03-18
2021-07-04 23:21:24 29      ACN_BBG000D9D830_2021-03-18
2021-07-04 23:21:24 32      ADBE_BBG000BB5006_2021-03-18
2021-07-04 23:21:24 39      ADM_BBG000BB6WG8_2021-03-18
2021-07-04 23:21:24 41      ADP_BBG000JG0547_2021-03-18
2021-07-04 23:21:24 44      ADPT_BBG001J2PFF5_2021-03-18
2021-07-04 23:21:24 45      ADS_BBG000BFNR17_2021-03-18
2021-07-04 23:21:24 47      ADSK_BBG000BM7HL0_2021-03-18
2021-07-04 23:21:24 51      ADUS_BBG000NJGX84_2021-03-18
2021-07-04 23:21:24 52      AEE_BBG000B9X8C0_2021-03-18
2021-07-04 23:21:24 53      AEIS_BBG000FKMP26_2021-03-18
2021-07-04 23:21:24 54      AEO_BBG000BGXZB5_2021-03-18
2021-07-04 23:21:24 56      AERI_BBG001KJ7WJ5_2021-03-18
2021-07-04 23:21:24 57      AES_BBG000C23KJ3_2021-03-18
2021-07-04 23:21:24 60      AFG_BBG000DPKKK0_2021-03-18
2021-07-04 23:21:24 61      AFL_BBG000BBBNC6_2021-03-18
2021-07-04 23:21:24 64      AGCO_BBG000DCCZW2_2021-03-18
2021-07-04 23:21:24 65      AGIO_BBG000QY4ZD0_2021-03-18
2021-07-04 23:21:24 67      AIG_BBG000BBDZG3_2021-03-18
2021-07-04 23:21:24 69      AIR_BBG000BBGQF1_2021-03-18
2021-07-04 23:21:24 70      AIRC_BBG00XK3WVD0_2021-03-18
2021-07-04 23:21:24 71      AIT_BBG000BBHHP9_2021-03-18
2021-07-04 23:21:24 72      AIV_BBG000DD3510_2021-03-18
2021-07-04 23:21:24 73      AIV_old_TCS3748R7540_2021-03-18
2021-07-04 23:21:24 73      Warning: figi `old` for history data does not match actual figi `BBG000DD3510`. Ticker: AIV. Will be used actual!
2021-07-04 23:21:24 74      AIZ_BBG000BZX1N5_2021-03-18
2021-07-04 23:21:24 75      AJG_BBG000BBHXQ3_2021-03-18
2021-07-04 23:21:24 77      AJRD_BBG000BKRHQ7_2021-03-18
2021-07-04 23:21:24 78      AKAM_BBG000BJQWD2_2021-03-18
2021-07-04 23:21:24 80      ALB_BBG000BJ26K7_2021-03-18
2021-07-04 23:21:24 82      ALGN_BBG000BRNLL2_2021-03-18
2021-07-04 23:21:24 84      ALGT_BBG000LJS6B8_2021-03-18
2021-07-04 23:21:24 86      ALK_BBG000BBL0Y1_2021-03-18
2021-07-04 23:21:24 88      ALL_BBG000BVMGF2_2021-03-18
2021-07-04 23:21:24 89      ALLE_BBG003PS7JV1_2021-03-18
2021-07-04 23:21:24 91      ALLK_BBG003QBJKN0_2021-03-18
2021-07-04 23:21:24 92      ALLO_BBG00KHRRDX3_2021-03-18
2021-07-04 23:21:24 93      ALLY_BBG000BC2R71_2021-03-18
2021-07-04 23:21:24 96      ALNY_BBG000BFGNJ5_2021-03-18
2021-07-04 23:21:24 98      ALRM_BBG007GNPYY7_2021-03-18
2021-07-04 23:21:24 99      ALSN_BBG001KY3845_2021-03-18
2021-07-04 23:21:25 00      ALTR_BBG000PN9NB9_2021-03-18
2021-07-04 23:21:25 01      ALXN_BBG000G30YX4_2021-03-18
2021-07-04 23:21:25 03      AMAT_BBG000BBPFB9_2021-03-18
2021-07-04 23:21:25 11      AMCX_BBG000H01H92_2021-03-18
2021-07-04 23:21:25 13      AMD_BBG000BBQCY0_2021-03-18
2021-07-04 23:21:25 36      AME_BBG000B9XG87_2021-03-18
2021-07-04 23:21:25 37      AMED_BBG000B9ZV28_2021-03-18
2021-07-04 23:21:25 39      AMG_BBG000C060M4_2021-03-18
2021-07-04 23:21:25 41      AMGN_BBG000BBS2Y0_2021-03-18
2021-07-04 23:21:25 47      AMN_BBG000BCT197_2021-03-18
2021-07-04 23:21:25 48      AMP_BBG000G3QLY3_2021-03-18
2021-07-04 23:21:25 50      AMT_BBG000B9XYV2_2021-03-18
2021-07-04 23:21:25 53      AMWD_BBG000BBX657_2021-03-18
2021-07-04 23:21:25 54      AMZN_BBG000BVPV84_2021-03-18
2021-07-04 23:21:25 66      AN_BBG000BBXLW4_2021-03-18
2021-07-04 23:21:25 68      ANAB_BBG0026ZDHR0_2021-03-18
2021-07-04 23:21:25 72      ANDE_BBG000BF8CN3_2021-03-18
2021-07-04 23:21:25 73      ANET_BBG000N2HDY5_2021-03-18
2021-07-04 23:21:25 75      ANF_BBG000H9G7X2_2021-03-18
2021-07-04 23:21:25 76      ANGI_BBG00HVKH3Q0_2021-03-18
2021-07-04 23:21:25 78      ANIK_BBG000BBKZD8_2021-03-18
2021-07-04 23:21:25 79      ANIP_BBG000KK1L04_2021-03-18
2021-07-04 23:21:25 79      ANSS_BBG000GXZ4W7_2021-03-18
2021-07-04 23:21:25 82      ANTM_BBG000BCG930_2021-03-18
2021-07-04 23:21:25 85      AON_BBG00SSQFPK6_2021-03-18
2021-07-04 23:21:25 86      AOS_BBG000BC1L02_2021-03-18
2021-07-04 23:21:25 88      AOUT_BBG00QV8FS02_2021-03-18
2021-07-04 23:21:25 89      AOUT: SPYKE!. Candle: ID:129, Time: 8:05, Close: 26.5
2021-07-04 23:21:25 90      APA_BBG00YTS96G2_2021-03-18
2021-07-04 23:21:25 92      APA: SPYKE!. Candle: ID:9, Time: 7:00, Close: 20.78
2021-07-04 23:21:25 92      APA: SPYKE!. Candle: ID:104, Time: 9:50, Close: 20.75
2021-07-04 23:21:25 94      APD_BBG000BC4JJ4_2021-03-18
2021-07-04 23:21:25 95      APEI_BBG000RVD346_2021-03-18
2021-07-04 23:21:25 95      APEI: SPYKE!. Candle: ID:30, Time: 7:10, Close: 34.2
2021-07-04 23:21:25 97      APH_BBG000B9YJ35_2021-03-18
2021-07-04 23:21:25 99      APLE_BBG006473QX9_2021-03-18
2021-07-04 23:21:26 00      APLT_BBG000DD0489_2021-03-18
2021-07-04 23:21:26 01      APLT: SPYKE!. Candle: ID:555, Time: 16:55, Close: 21.98
2021-07-04 23:21:26 01      APLT: SPYKE!. Candle: ID:571, Time: 17:00, Close: 22.57
2021-07-04 23:21:26 02      APPF_BBG008GC8CP6_2021-03-18
2021-07-04 23:21:26 04      APPN_BBG001C7PMJ2_2021-03-18
2021-07-04 23:21:26 06      APPS_BBG000HZ3562_2021-03-18
2021-07-04 23:21:26 10      APTV_BBG001QD41M9_2021-03-18
2021-07-04 23:21:26 12      ARCC_BBG000PD6X77_2021-03-18
2021-07-04 23:21:26 13      ARCT_BBG00NNW8JK1_2021-03-18
2021-07-04 23:21:26 16      ARE_BBG000BC33T9_2021-03-18
2021-07-04 23:21:26 17      ARMK_BBG001KY4N87_2021-03-18
2021-07-04 23:21:26 18      ARNA_BBG000BKXBV7_2021-03-18
2021-07-04 23:21:26 21      ARNC_BBG00R45JYB7_2021-03-18
2021-07-04 23:21:26 21      ARNC: SPYKE!. Candle: ID:13, Time: 7:15, Close: 31.9
2021-07-04 23:21:26 22      ARQT_BBG00QN8K4M4_2021-03-18
2021-07-04 23:21:26 23      ARVN_BBG00LW7YK82_2021-03-18
2021-07-04 23:21:26 24      ARW_BBG000BCD3D5_2021-03-18
2021-07-04 23:21:26 25      ARWR_BBG000BRVKH0_2021-03-18
2021-07-04 23:21:26 27      ASGN_BBG000CRN8N8_2021-03-18
2021-07-04 23:21:26 28      ASH_BBG00D0Y81M1_2021-03-18
2021-07-04 23:21:26 29      ASIX_BBG00CWTTQ41_2021-03-18
2021-07-04 23:21:26 30      ATEX_BBG0081NLHR0_2021-03-18
2021-07-04 23:21:26 31      ATGE_BBG000DQBZJ7_2021-03-18
2021-07-04 23:21:26 32      ATKR_BBG000QTFDQ4_2021-03-18
2021-07-04 23:21:26 33      ATR_BBG000BGX2S0_2021-03-18
2021-07-04 23:21:26 34      ATRA_BBG005Q3MQY4_2021-03-18
2021-07-04 23:21:26 38      ATRC_BBG000BL6CB5_2021-03-18
2021-07-04 23:21:26 39      ATRI_BBG000DTT624_2021-03-18
2021-07-04 23:21:26 40      ATRO_BBG000BCLBY5_2021-03-18
2021-07-04 23:21:26 42      ATUS_BBG00GFMPRK0_2021-03-18
2021-07-04 23:21:26 44      ATVI_BBG000CVWGS6_2021-03-18
2021-07-04 23:21:26 50      AVAV_BBG000GX14P2_2021-03-18
2021-07-04 23:21:26 52      AVB_BBG000BLPBL5_2021-03-18
2021-07-04 23:21:26 53      AVGO_BBG00KHY5S69_2021-03-18
2021-07-04 23:21:26 58      AVLR_BBG000R4Y9C1_2021-03-18
2021-07-04 23:21:26 59      AVNS_BBG005L86G05_2021-03-18
2021-07-04 23:21:26 60      AVNT_BBG000C8NJ10_2021-03-18
2021-07-04 23:21:26 62      AVTR_BBG00G2HHYD7_2021-03-18
2021-07-04 23:21:26 64      AVY_BBG000BCQ4P6_2021-03-18
2021-07-04 23:21:26 66      AWI_BBG000DW4LB1_2021-03-18
2021-07-04 23:21:26 67      AWK_BBG000TRJ294_2021-03-18
2021-07-04 23:21:26 68      AWR_BBG000F964B6_2021-03-18
2021-07-04 23:21:26 69      AX_BBG000QPHD08_2021-03-18
2021-07-04 23:21:26 70      AXGN_BBG000BN46R9_2021-03-18
2021-07-04 23:21:26 71      AXP_BBG000BCQZS4_2021-03-18
2021-07-04 23:21:26 74      AXSM_BBG00B6G7GL7_2021-03-18
2021-07-04 23:21:26 76      AYI_BBG000BJ5HK0_2021-03-18
2021-07-04 23:21:26 77      AYX_BBG000BGZT72_2021-03-18
2021-07-04 23:21:26 83      AZO_BBG000C7LMS8_2021-03-18
2021-07-04 23:21:26 84      AZPN_BBG000DFMXT3_2021-03-18
2021-07-04 23:21:26 86      BA_BBG000BCSST7_2021-03-18
2021-07-04 23:21:26 95      BABA_BBG006G2JVL2_2021-03-18
2021-07-04 23:21:27 11      BAC_BBG000BCTLF6_2021-03-18
2021-07-04 23:21:27 26      BAH_BBG000R2YFG7_2021-03-18
2021-07-04 23:21:27 27      BAND_BBG001K003W2_2021-03-18
2021-07-04 23:21:27 29      BAX_BBG000BCVJ77_2021-03-18
2021-07-04 23:21:27 31      BBIO_BBG00P9KDZK6_2021-03-18
2021-07-04 23:21:27 32      BBSI_BBG000BHJSC4_2021-03-18
2021-07-04 23:21:27 33      BBY_BBG000BCWCG1_2021-03-18
2021-07-04 23:21:27 36      BBBY_BBG000CSY9H9_2021-03-18
2021-07-04 23:21:27 39      BC_BBG000BCWSS3_2021-03-18
2021-07-04 23:21:27 40      BCO_BBG000DR5QP5_2021-03-18
2021-07-04 23:21:27 41      BCPC_BBG000BCY878_2021-03-18
2021-07-04 23:21:27 42      BDC_BBG000Q4XNV1_2021-03-18
2021-07-04 23:21:27 43      BDTX_BBG00MS4Y0W9_2021-03-18
2021-07-04 23:21:27 45      BDX_BBG000BCZYD3_2021-03-18
2021-07-04 23:21:27 46      BECN_BBG000BKTXF2_2021-03-18
2021-07-04 23:21:27 48      BEN_BBG000BD0TF8_2021-03-18
2021-07-04 23:21:27 51      BERY_BBG000Q1R1Y9_2021-03-18
2021-07-04 23:21:27 52      BF.B_BBG000BD2NY8_2021-03-18
2021-07-04 23:21:27 54      BFAM_BBG003LFWP05_2021-03-18
2021-07-04 23:21:27 54      BFYT_BBG003QRSQD3_2021-03-18
2021-07-04 23:21:27 55      BGS_BBG000RKXRQ1_2021-03-18
2021-07-04 23:21:27 56      BH_BBG00JPRDQH1_2021-03-18
2021-07-04 23:21:27 57      BHF_BBG00DYPZ4T0_2021-03-18
2021-07-04 23:21:27 59      BIDU_BBG000QXWHD1_2021-03-18
2021-07-04 23:21:27 72      BIG_BBG000J0D904_2021-03-18
2021-07-04 23:21:27 74      BIIB_BBG000C17X76_2021-03-18
2021-07-04 23:21:27 76      BILI_BBG00K7T3037_2021-03-18
2021-07-04 23:21:27 82      BILL_BBG00QVJV6V4_2021-03-18
2021-07-04 23:21:27 84      BIO_BBG000DY28W5_2021-03-18
2021-07-04 23:21:27 86      BJRI_BBG000H9LNX1_2021-03-18
2021-07-04 23:21:27 87      BK_BBG000BD8PN9_2021-03-18
2021-07-04 23:21:27 91      BKI_BBG00GX77LW3_2021-03-18
2021-07-04 23:21:27 93      BKNG_BBG000BLBVN4_2021-03-18
2021-07-04 23:21:27 94      BKR_BBG00GBVBK51_2021-03-18
2021-07-04 23:21:27 97      BL_BBG0029KJVB0_2021-03-18
2021-07-04 23:21:27 98      BLD_BBG0077VS2C0_2021-03-18
2021-07-04 23:21:27 99      BLDR_BBG000BKD3K9_2021-03-18
2021-07-04 23:21:28 02      BLK_BBG000C2PW58_2021-03-18
2021-07-04 23:21:28 04      BLKB_BBG000BGGTW5_2021-03-18
2021-07-04 23:21:28 05      BLL_BBG000BDDNH5_2021-03-18
2021-07-04 23:21:28 07      BLUE_BBG000QGWY50_2021-03-18
2021-07-04 23:21:28 11      BMI_BBG000BDGHD9_2021-03-18
2021-07-04 23:21:28 12      BMRN_BBG000CZWZ05_2021-03-18
2021-07-04 23:21:28 14      BMY_BBG000DQLV23_2021-03-18
2021-07-04 23:21:28 20      BOH_BBG000C8D8G9_2021-03-18
2021-07-04 23:21:28 21      BOKF_BBG000CFZ003_2021-03-18
2021-07-04 23:21:28 23      BOOT_BBG0077SYZV6_2021-03-18
2021-07-04 23:21:28 24      BOX_BBG000PMSK08_2021-03-18
2021-07-04 23:21:28 27      BPMC_BBG001MC8YF7_2021-03-18
2021-07-04 23:21:28 29      BR_BBG000PPFKQ7_2021-03-18
2021-07-04 23:21:28 30      BRC_BBG000BDNV95_2021-03-18
2021-07-04 23:21:28 31      BRK.B_BBG000DWG505_2021-03-18
2021-07-04 23:21:28 36      BRKR_BBG000CL1FG7_2021-03-18
2021-07-04 23:21:28 37      BRO_BBG000BWSGF4_2021-03-18
2021-07-04 23:21:28 38      BSX_BBG000C0LW92_2021-03-18
2021-07-04 23:21:28 41      BTAI_BBG00K20GVD2_2021-03-18
2021-07-04 23:21:28 42      BTI_BBG000BWPXQ8_2021-03-18
2021-07-04 23:21:28 44      BUD_BBG000RYC984_2021-03-18
2021-07-04 23:21:28 46      BURL_BBG004S641N5_2021-03-18
2021-07-04 23:21:28 47      BWA_BBG000BJ49H3_2021-03-18
2021-07-04 23:21:28 49      BWXT_BBG000D86F25_2021-03-18
2021-07-04 23:21:28 51      BX_BBG000BH0106_2021-03-18
2021-07-04 23:21:28 53      BXP_BBG000BS5CM9_2021-03-18
2021-07-04 23:21:28 55      BYND_BBG003CVJP50_2021-03-18
2021-07-04 23:21:28 59      BZUN_BBG008HNS333_2021-03-18
2021-07-04 23:21:28 60      C_BBG000FY4S11_2021-03-18
2021-07-04 23:21:28 69      CABO_BBG000F02T51_2021-03-18
2021-07-04 23:21:28 70      CACC_BBG000CS0D96_2021-03-18
2021-07-04 23:21:28 71      CAG_BBG000BDXGP9_2021-03-18
2021-07-04 23:21:28 74      CAH_BBG000D898T9_2021-03-18
2021-07-04 23:21:28 75      CALM_BBG000CDMJW6_2021-03-18
2021-07-04 23:21:28 75      CALM: SPYKE!. Candle: ID:6, Time: 12:00, Close: 39.69
2021-07-04 23:21:28 76      CARA_BBG001J2QYS9_2021-03-18
2021-07-04 23:21:28 77      CARG_BBG00HQ77DS2_2021-03-18
2021-07-04 23:21:28 79      CARR_BBG00RP5HYS8_2021-03-18
2021-07-04 23:21:28 83      CARS_BBG000HGTH33_2021-03-18
2021-07-04 23:21:28 85      CASY_BBG000BF0672_2021-03-18
2021-07-04 23:21:28 86      CAT_BBG000BF0K17_2021-03-18
2021-07-04 23:21:28 90      CB_BBG000BR14K5_2021-03-18
2021-07-04 23:21:28 94      CBRE_BBG000C04224_2021-03-18
2021-07-04 23:21:28 95      CBRL_BBG000BF33K1_2021-03-18
2021-07-04 23:21:28 97      CBSH_BBG000BF3G77_2021-03-18
2021-07-04 23:21:28 98      CBU_BBG000BF4D19_2021-03-18
2021-07-04 23:21:28 99      CCI_BBG000FV1Z23_2021-03-18
2021-07-04 23:21:29 01      CCK_BBG000BF6756_2021-03-18
2021-07-04 23:21:29 02      CCL_BBG000BF6LY3_2021-03-18
2021-07-04 23:21:29 14      CCOI_BBG000D0SMY8_2021-03-18
2021-07-04 23:21:29 17      CCXI_BBG000PTSB12_2021-03-18
2021-07-04 23:21:29 18      CDK_BBG006B6PVN9_2021-03-18
2021-07-04 23:21:29 20      CDLX_BBG00225ZDD0_2021-03-18
2021-07-04 23:21:29 21      CDNA_BBG006JS5785_2021-03-18
2021-07-04 23:21:29 22      CDNA: SPYKE!. Candle: ID:24, Time: 13:30, Close: 69.19
2021-07-04 23:21:29 23      CDNS_BBG000C13CD9_2021-03-18
2021-07-04 23:21:29 28      CDW_BBG001P63B80_2021-03-18
2021-07-04 23:21:29 30      CE_BBG000JYP7L8_2021-03-18
2021-07-04 23:21:29 32      CEA_BBG000BCFNR4_2021-03-18
2021-07-04 23:21:29 33      CENT_BBG000BFD605_2021-03-18
2021-07-04 23:21:29 33      CENTA_BBG000KTYB56_2021-03-18
2021-07-04 23:21:29 34      CERN_BBG000BFDLV8_2021-03-18
2021-07-04 23:21:29 38      CEVA_BBG000BN3P07_2021-03-18
2021-07-04 23:21:29 38      CF_BBG000BWJFZ4_2021-03-18
2021-07-04 23:21:29 41      CFG_BBG006Q0HY77_2021-03-18
2021-07-04 23:21:29 46      CFR_BBG000C2PL98_2021-03-18
2021-07-04 23:21:29 47      CFX_BBG000C5Z443_2021-03-18
2021-07-04 23:21:29 49      CGEN_BBG000B9ZLB0_2021-03-18
2021-07-04 23:21:29 51      CGNX_BBG000BPBVW5_2021-03-18
2021-07-04 23:21:29 54      CHD_BBG000BFJT36_2021-03-18
2021-07-04 23:21:29 56      CHDN_BBG000BGXMG9_2021-03-18
2021-07-04 23:21:29 57      CHE_BBG000C19QW1_2021-03-18
2021-07-04 23:21:29 59      CHEF_BBG001MFW6D6_2021-03-18
2021-07-04 23:21:29 60      CHGG_BBG0014XR0N5_2021-03-18
2021-07-04 23:21:29 62      CHH_BBG000BPBTL2_2021-03-18
2021-07-04 23:21:29 63      CHKP_BBG000K82ZT8_2021-03-18
2021-07-04 23:21:29 66      CHNG_BBG0059KNH10_2021-03-18
2021-07-04 23:21:29 67      CHRW_BBG000BTCH57_2021-03-18
2021-07-04 23:21:29 69      CHTR_BBG000VPGNR2_2021-03-18
2021-07-04 23:21:29 72      CHWY_BBG00P19DKZ6_2021-03-18
2021-07-04 23:21:29 73      CHWY: SPYKE!. Candle: ID:127, Time: 8:35, Close: 80.01
2021-07-04 23:21:29 75      CHX_BBG00JH9TZ56_2021-03-18
2021-07-04 23:21:29 76      CI_BBG00KXRCDP0_2021-03-18
2021-07-04 23:21:29 79      CIEN_BBG000BP1152_2021-03-18
2021-07-04 23:21:29 80      CINF_BBG000BFPK65_2021-03-18
2021-07-04 23:21:29 82      CL_BBG000BFQYY3_2021-03-18
2021-07-04 23:21:29 85      CLDR_BBG000DRJFC8_2021-03-18
2021-07-04 23:21:29 87      CLDT_BBG000PT6BR8_2021-03-18
2021-07-04 23:21:29 88      CLF_BBG000BFRF55_2021-03-18
2021-07-04 23:21:29 91      CLGX_BBG000C2H3F0_2021-03-18
2021-07-04 23:21:29 92      CLH_BBG000BFRRX8_2021-03-18
2021-07-04 23:21:29 93      CLR_BBG000BHBGN6_2021-03-18
2021-07-04 23:21:29 95      CLX_BBG000BFS7D3_2021-03-18
2021-07-04 23:21:29 98      CMA_BBG000C75N77_2021-03-18
2021-07-04 23:21:30 00      CMC_BBG000BFSND8_2021-03-18
2021-07-04 23:21:30 02      CMCO_BBG000BCWWV0_2021-03-18
2021-07-04 23:21:30 03      CMCSA_BBG000BFT2L4_2021-03-18
2021-07-04 23:21:30 10      CME_BBG000BHLYP4_2021-03-18
2021-07-04 23:21:30 12      CMG_BBG000QX74T1_2021-03-18
2021-07-04 23:21:30 13      CMI_BBG000BGPTV6_2021-03-18
2021-07-04 23:21:30 15      CMP_BBG000C42WS4_2021-03-18
2021-07-04 23:21:30 16      CMS_BBG000BFVXX0_2021-03-18
2021-07-04 23:21:30 18      CNC_BBG000BDXCJ5_2021-03-18
2021-07-04 23:21:30 21      CNK_BBG000QDVR53_2021-03-18
2021-07-04 23:21:30 25      CNP_BBG000FDBX90_2021-03-18
2021-07-04 23:21:30 27      CNS_BBG000BB0WG4_2021-03-18
2021-07-04 23:21:30 27      CNST_BBG000R1H6P8_2021-03-18
2021-07-04 23:21:30 28      CNXC_BBG00RCNQMX3_2021-03-18
2021-07-04 23:21:30 29      CNXN_BBG000BX74M4_2021-03-18
2021-07-04 23:21:30 30      COF_BBG000BGKTF9_2021-03-18
2021-07-04 23:21:30 33      COG_BBG000C3GN47_2021-03-18
2021-07-04 23:21:30 36      COHR_BBG000BG1DH3_2021-03-18
2021-07-04 23:21:30 38      COKE_BBG000BG1SX2_2021-03-18
2021-07-04 23:21:30 39      COLM_BBG000BKKQ84_2021-03-18
2021-07-04 23:21:30 40      CONE_BBG0038V5TX1_2021-03-18
2021-07-04 23:21:30 41      COO_BBG000BG3445_2021-03-18
2021-07-04 23:21:30 43      COP_BBG000BQQH30_2021-03-18
2021-07-04 23:21:30 48      CORR_BBG000CN80Y9_2021-03-18
2021-07-04 23:21:30 50      CORT_BBG000BKJG33_2021-03-18
2021-07-04 23:21:30 51      COST_BBG000F6H8W8_2021-03-18
2021-07-04 23:21:30 57      COTY_BBG000F395V1_2021-03-18
2021-07-04 23:21:30 59      COUP_BBG001J4BCN4_2021-03-18
2021-07-04 23:21:30 63      CPB_BBG000BG4202_2021-03-18
2021-07-04 23:21:30 66      CPRI_BBG0029SNR63_2021-03-18
2021-07-04 23:21:30 68      CPRT_BBG000BM9RH1_2021-03-18
2021-07-04 23:21:30 70      CPS_BBG000PSXT64_2021-03-18
2021-07-04 23:21:30 71      CR_BBG000BG7423_2021-03-18
2021-07-04 23:21:30 72      CREE_BBG000BG14P4_2021-03-18
2021-07-04 23:21:30 75      CRI_BBG000CTM4J9_2021-03-18
2021-07-04 23:21:30 76      CRL_BBG000BG5BL8_2021-03-18
2021-07-04 23:21:30 77      CRM_BBG000BN2DC2_2021-03-18
2021-07-04 23:21:30 82      CRMT_BBG000CM6L31_2021-03-18
2021-07-04 23:21:30 82      CRMT: SPYKE!. Candle: ID:4, Time: 13:30, Close: 160.33
2021-07-04 23:21:30 83      CROX_BBG000BLY663_2021-03-18
2021-07-04 23:21:30 85      CRS_BBG000BGCQT9_2021-03-18
2021-07-04 23:21:30 86      CRTX_BBG00BTK1DT8_2021-03-18
2021-07-04 23:21:30 87      CRUS_BBG000C1DHF5_2021-03-18
2021-07-04 23:21:30 88      CRVL_BBG000CVKZY0_2021-03-18
2021-07-04 23:21:30 89      CRWD_BBG00BLYKS03_2021-03-18
2021-07-04 23:21:30 98      CSCO_BBG000C3J3C9_2021-03-18
2021-07-04 23:21:31 03      CSGP_BBG000D7JKW9_2021-03-18
2021-07-04 23:21:31 06      CSGS_BBG000G3TQV2_2021-03-18
2021-07-04 23:21:31 07      CSII_BBG000NWQ9S5_2021-03-18
2021-07-04 23:21:31 08      CSL_BBG000BGGBT8_2021-03-18
2021-07-04 23:21:31 09      CSOD_BBG0016X4XN6_2021-03-18
2021-07-04 23:21:31 11      CSWI_BBG007NLG4L3_2021-03-18
2021-07-04 23:21:31 12      CSX_BBG000BGJRC8_2021-03-18
2021-07-04 23:21:31 18      CTAS_BBG000H3YXF8_2021-03-18
2021-07-04 23:21:31 21      CTB_BBG000BGKXV2_2021-03-18
2021-07-04 23:21:31 22      CTLT_BBG005XR47P5_2021-03-18
2021-07-04 23:21:31 23      CTSH_BBG000BBDV81_2021-03-18
2021-07-04 23:21:31 27      CTVA_BBG00BN969C1_2021-03-18
2021-07-04 23:21:31 29      CTXS_BBG000FQ6PY6_2021-03-18
2021-07-04 23:21:31 31      CVCO_BBG000K4WS65_2021-03-18
2021-07-04 23:21:31 32      CVET_BBG00KR691K8_2021-03-18
2021-07-04 23:21:31 34      CVGW_BBG000BGPQW1_2021-03-18
2021-07-04 23:21:31 35      CVLT_BBG000BG88X9_2021-03-18
2021-07-04 23:21:31 37      CVNA_BBG00GCTWDJ3_2021-03-18
2021-07-04 23:21:31 38      CVS_BBG000BGRY34_2021-03-18
2021-07-04 23:21:31 41      CVX_BBG000K4ND22_2021-03-18
2021-07-04 23:21:31 49      CW_BBG000BGSPS5_2021-03-18
2021-07-04 23:21:31 50      CWST_BBG000BT0J38_2021-03-18
2021-07-04 23:21:31 51      CWT_BBG000D8KTN6_2021-03-18
2021-07-04 23:21:31 52      CY_BBG000BXNJ07_2021-03-18
2021-07-04 23:21:31 52      D_BBG000BGVW60_2021-03-18
2021-07-04 23:21:31 55      DAL_BBG000R7Z112_2021-03-18
2021-07-04 23:21:31 60      DAR_BBG000BN8ZK8_2021-03-18
2021-07-04 23:21:31 62      DBX_BBG0018SLDN0_2021-03-18
2021-07-04 23:21:31 66      DCI_BBG000BGZP70_2021-03-18
2021-07-04 23:21:31 67      DCPH_BBG00HMJ9H54_2021-03-18
2021-07-04 23:21:31 68      DD_BBG00BN961G4_2021-03-18
2021-07-04 23:21:31 71      DDOG_BBG003NJHZT9_2021-03-18
2021-07-04 23:21:31 74      DDS_BBG000BS4MP5_2021-03-18
2021-07-04 23:21:31 74      DE_BBG000BH1NH9_2021-03-18
2021-07-04 23:21:31 78      DECK_BBG000BKXYX5_2021-03-18
2021-07-04 23:21:31 79      DELL_BBG00DW3SZS1_2021-03-18
2021-07-04 23:21:31 81      DFS_BBG000QBR5J5_2021-03-18
2021-07-04 23:21:31 83      DG_BBG000NV1KK7_2021-03-18
2021-07-04 23:21:31 86      DG: BuyPending. Strategy: BuyTheDipPremarket. Price: 180.01. Lots: 1. ChangeOpenToCurrent: -5.96. changeFromLow: 0.79. Candle: ID:53, Time: 10:55, Close: 180.01.
2021-07-04 23:21:31 86      DG: OrderID: 10ceaeb3. PlacedOrder. Status: New. RejectReason: 
2021-07-04 23:21:31 86      DG: OrderID: 10ceaeb3 fully executed
2021-07-04 23:21:31 87      DG: Closing by timeout. Close price: 179.34. Lots: 1. Profit: -0.67(-0.37%). Candle: ID:201, Time: 11:15, Close: 179.34
2021-07-04 23:21:31 87      DG: OrderID: 2a42a2c7. PlacedOrder. Status: New. RejectReason: 
2021-07-04 23:21:31 87      DG: OrderID: 2a42a2c7 fully executed
2021-07-04 23:21:31 90      DGX_BBG000BN84F3_2021-03-18
2021-07-04 23:21:31 92      DHI_BBG000DQTXY6_2021-03-18
2021-07-04 23:21:31 94      DHR_BBG000BH3JF8_2021-03-18
2021-07-04 23:21:31 96      DIOD_BBG000G25P51_2021-03-18
2021-07-04 23:21:31 98      DIS_BBG000BH4R78_2021-03-18
2021-07-04 23:21:32 04      DISCA_BBG000CHWP52_2021-03-18
2021-07-04 23:21:32 11      DISCB_BBG000F7L5N7_2021-03-18
2021-07-04 23:21:32 11      DISCB: SPYKE!. Candle: ID:105, Time: 15:55, Close: 80.9
2021-07-04 23:21:32 11      DISCB: SPYKE!. Candle: ID:195, Time: 20:00, Close: 90
2021-07-04 23:21:32 11      DISCB: SPYKE!. Candle: ID:196, Time: 20:00, Close: 90
2021-07-04 23:21:32 11      DISCK_BBG000VMWHH5_2021-03-18
2021-07-04 23:21:32 18      DK_BBG00FZYFVC5_2021-03-18
2021-07-04 23:21:32 20      DKNG_BBG00TCBG714_2021-03-18
2021-07-04 23:21:32 28      DKS_BBG000F6ZWH2_2021-03-18
2021-07-04 23:21:32 31      DLB_BBG000DGLTG5_2021-03-18
2021-07-04 23:21:32 32      DLR_BBG000Q5ZRM7_2021-03-18
2021-07-04 23:21:32 34      DLTH_BBG002GBMZG4_2021-03-18
2021-07-04 23:21:32 35      DLTR_BBG000BSC0K9_2021-03-18
2021-07-04 23:21:32 38      DLX_BBG000BH6360_2021-03-18
2021-07-04 23:21:32 39      DNLI_BBG008P7F869_2021-03-18
2021-07-04 23:21:32 41      DNOW_BBG005BLN209_2021-03-18
2021-07-04 23:21:32 42      DOCU_BBG000N7KJX8_2021-03-18
2021-07-04 23:21:32 47      DORM_BBG000BM22F5_2021-03-18
2021-07-04 23:21:32 49      DOV_BBG000BHB3M6_2021-03-18
2021-07-04 23:21:32 50      DOW_BBG00BN96922_2021-03-18
2021-07-04 23:21:32 53      DPZ_BBG000P458P3_2021-03-18
2021-07-04 23:21:32 55      DRE_BBG000BHD8S7_2021-03-18
2021-07-04 23:21:32 56      DRI_BBG000BBNYF6_2021-03-18
2021-07-04 23:21:32 58      DRNA_BBG001J1DB23_2021-03-18
2021-07-04 23:21:32 60      DRQ_BBG000BVDBY2_2021-03-18
2021-07-04 23:21:32 60      DT_BBG00PNN7C40_2021-03-18
2021-07-04 23:21:32 62      DVA_BBG000MQ1SN9_2021-03-18
2021-07-04 23:21:32 63      DVN_BBG000BBVJZ8_2021-03-18
2021-07-04 23:21:32 69      DXC_BBG00FN64XT9_2021-03-18
2021-07-04 23:21:32 70      DXCM_BBG000QTF8K1_2021-03-18
2021-07-04 23:21:32 73      DY_BBG000C4SKT1_2021-03-18
2021-07-04 23:21:32 74      EA_BBG000BP0KQ8_2021-03-18
2021-07-04 23:21:32 79      EAT_BBG000BK28N7_2021-03-18
2021-07-04 23:21:32 80      EBAY_BBG000C43RR5_2021-03-18
2021-07-04 23:21:32 86      EBS_BBG000GW06J7_2021-03-18
2021-07-04 23:21:32 87      ECHO_BBG000RFP8W6_2021-03-18
2021-07-04 23:21:32 88      ECL_BBG000BHKYH4_2021-03-18
2021-07-04 23:21:32 90      ECPG_BBG000F369C7_2021-03-18
2021-07-04 23:21:32 92      ED_BBG000BHLYS1_2021-03-18
2021-07-04 23:21:32 94      EDIT_BBG005MX5GZ2_2021-03-18
2021-07-04 23:21:32 98      EEFT_BBG000BMNBY1_2021-03-18
2021-07-04 23:21:32 99      EFX_BBG000BHPL78_2021-03-18
2021-07-04 23:21:33 01      EGHT_BBG000BCGHH7_2021-03-18
2021-07-04 23:21:33 02      EGRX_BBG005Y3XWH9_2021-03-18
2021-07-04 23:21:33 03      EHTH_BBG000P5JQX6_2021-03-18
2021-07-04 23:21:33 04      EIX_BBG000D7RKJ5_2021-03-18
2021-07-04 23:21:33 06      EL_BBG000FKJRC5_2021-03-18
2021-07-04 23:21:33 08      ELAN_BBG00LJYS1P8_2021-03-18
2021-07-04 23:21:33 10      ELS_BBG000BB7SX7_2021-03-18
2021-07-04 23:21:33 11      EME_BBG000BBRPL4_2021-03-18
2021-07-04 23:21:33 12      EMN_BBG000BLW530_2021-03-18
2021-07-04 23:21:33 14      EMR_BBG000BHX7N2_2021-03-18
2021-07-04 23:21:33 16      ENDP_BBG000C0HQ54_2021-03-18
2021-07-04 23:21:33 17      ENPH_BBG001R3MNY9_2021-03-18
2021-07-04 23:21:33 24      ENR_BBG006FCB019_2021-03-18
2021-07-04 23:21:33 25      ENS_BBG000PWTD92_2021-03-18
2021-07-04 23:21:33 26      ENTA_BBG001V9NSB4_2021-03-18
2021-07-04 23:21:33 27      ENTG_BBG000CTV4N4_2021-03-18
2021-07-04 23:21:33 29      ENV_BBG000Q4NZ54_2021-03-18
2021-07-04 23:21:33 29      EOG_BBG000BZ9223_2021-03-18
2021-07-04 23:21:33 32      EPAM_BBG000MHTV89_2021-03-18
2021-07-04 23:21:33 33      EPAY_BBG000BRNH31_2021-03-18
2021-07-04 23:21:33 34      EPC_BBG000BRW644_2021-03-18
2021-07-04 23:21:33 35      EQIX_BBG000MBDGM6_2021-03-18
2021-07-04 23:21:33 37      EQT_BBG000BHZ5J9_2021-03-18
2021-07-04 23:21:33 40      ERIE_BBG000BBTJZ1_2021-03-18
2021-07-04 23:21:33 41      ES_BBG000BQ87N0_2021-03-18
2021-07-04 23:21:33 43      ESPR_BBG004KB3S72_2021-03-18
2021-07-04 23:21:33 44      ESS_BBG000CGJMB9_2021-03-18
2021-07-04 23:21:33 45      ET_BBG000BM2FL9_2021-03-18
2021-07-04 23:21:33 48      ETN_BBG000BJ3PD2_2021-03-18
2021-07-04 23:21:33 52      ETR_BBG000C1FQS9_2021-03-18
2021-07-04 23:21:33 53      ETRN_BBG00K53L394_2021-03-18
2021-07-04 23:21:33 55      ETSY_BBG000N7MXL8_2021-03-18
2021-07-04 23:21:33 59      EVBG_BBG0022FMPD5_2021-03-18
2021-07-04 23:21:33 61      EVER_BBG00F17NDH7_2021-03-18
2021-07-04 23:21:33 62      EVH_BBG005CHLM96_2021-03-18
2021-07-04 23:21:33 63      EVR_BBG000BP30Y0_2021-03-18
2021-07-04 23:21:33 64      EVRG_BBG00H433CR2_2021-03-18
2021-07-04 23:21:33 65      EW_BBG000BRXP69_2021-03-18
2021-07-04 23:21:33 68      EWBC_BBG000CR20B1_2021-03-18
2021-07-04 23:21:33 70      EXAS_BBG000CWL0F5_2021-03-18
2021-07-04 23:21:33 72      EXC_BBG000J6XT05_2021-03-18
2021-07-04 23:21:33 75      EXEL_BBG000BQ4WF8_2021-03-18
2021-07-04 23:21:33 78      EXLS_BBG000NS3P30_2021-03-18
2021-07-04 23:21:33 79      EXP_BBG000BJW241_2021-03-18
2021-07-04 23:21:33 80      EXPD_BBG000BJ5GK2_2021-03-18
2021-07-04 23:21:33 82      EXPE_BBG000QY3XZ2_2021-03-18
2021-07-04 23:21:33 86      EXR_BBG000PV27K3_2021-03-18
2021-07-04 23:21:33 88      EYE_BBG00HVQF9K2_2021-03-18
2021-07-04 23:21:33 90      F_BBG000BQPC32_2021-03-18
2021-07-04 23:21:33 97      FANG_BBG002PHSYX9_2021-03-18
2021-07-04 23:21:34 01      FARO_BBG000BJD7C2_2021-03-18
2021-07-04 23:21:34 02      FAST_BBG000BJ8YN7_2021-03-18
2021-07-04 23:21:34 05      FATE_BBG000QP35H2_2021-03-18
2021-07-04 23:21:34 08      FB_BBG000MM2P62_2021-03-18
2021-07-04 23:21:34 27      FBHS_BBG001B4BV87_2021-03-18
2021-07-04 23:21:34 30      FCFS_BBG000DNF659_2021-03-18
2021-07-04 23:21:34 31      FCN_BBG000K88H58_2021-03-18
2021-07-04 23:21:34 32      FCX_BBG000BJDB15_2021-03-18
2021-07-04 23:21:34 41      FDS_BBG000BDJL83_2021-03-18
2021-07-04 23:21:34 42      FDX_BBG000BJF1Z8_2021-03-18
2021-07-04 23:21:34 47      FELE_BBG000BJGGV8_2021-03-18
2021-07-04 23:21:34 48      FFIV_BBG000CXYSZ6_2021-03-18
2021-07-04 23:21:34 50      FGEN_BBG000FW5ZL6_2021-03-18
2021-07-04 23:21:34 53      FICO_BBG000DW76Y6_2021-03-18
2021-07-04 23:21:34 54      FIS_BBG000BK2F42_2021-03-18
2021-07-04 23:21:34 56      FISV_BBG000BJKPG0_2021-03-18
2021-07-04 23:21:34 61      FITB_BBG000BJL3N0_2021-03-18
2021-07-04 23:21:34 68      FIVN_BBG001KHJM17_2021-03-18
2021-07-04 23:21:34 70      FIZZ_BBG000BF8CB6_2021-03-18
2021-07-04 23:21:34 72      FL_BBG000BX8DC4_2021-03-18
2021-07-04 23:21:34 73      FL: SPYKE!. Candle: ID:3092, Time: 20:50, Close: 55
2021-07-04 23:21:34 74      FLIR_BBG000BHK836_2021-03-18
2021-07-04 23:21:34 75      FLOW_BBG007FL7ZD2_2021-03-18
2021-07-04 23:21:34 77      FLR_BBG000BB1TH9_2021-03-18
2021-07-04 23:21:34 79      FLS_BBG000FFH4P5_2021-03-18
2021-07-04 23:21:34 80      FLT_BBG000GPXKX9_2021-03-18
2021-07-04 23:21:34 82      FLWS_BBG000BBR9P6_2021-03-18
2021-07-04 23:21:34 83      FMC_BBG000BJP882_2021-03-18
2021-07-04 23:21:34 84      FND_BBG007GJ2F81_2021-03-18
2021-07-04 23:21:34 85      FNKO_BBG00HXSHDQ9_2021-03-18
2021-07-04 23:21:34 87      FOCS_BBG00L0YTFN8_2021-03-18
2021-07-04 23:21:34 88      FOE_BBG000BJQK11_2021-03-18
2021-07-04 23:21:34 89      FOLD_BBG000PLF6N0_2021-03-18
2021-07-04 23:21:34 93      FORM_BBG000D1Y3P1_2021-03-18
2021-07-04 23:21:34 95      FORR_BBG000HGNYG8_2021-03-18
2021-07-04 23:21:34 95      FOX_BBG00JHNKJY8_2021-03-18
2021-07-04 23:21:34 97      FOXA_BBG00JHNJW99_2021-03-18
2021-07-04 23:21:35 01      FOXF_BBG004T7VS53_2021-03-18
2021-07-04 23:21:35 02      FRHC_BBG000N625H8_2021-03-18
2021-07-04 23:21:35 04      FRPH_BBG000HCVWW4_2021-03-18
2021-07-04 23:21:35 04      FRPT_BBG001D0HB36_2021-03-18
2021-07-04 23:21:35 06      FSLR_BBG000BFL116_2021-03-18
2021-07-04 23:21:35 10      FSLY_BBG004NLQHL0_2021-03-18
2021-07-04 23:21:35 11      FSLY: SPYKE!. Candle: ID:10, Time: 7:00, Close: 77.3
2021-07-04 23:21:35 11      FSLY: SPYKE!. Candle: ID:11, Time: 7:00, Close: 79.4
2021-07-04 23:21:35 13      FTCH_BBG00LSD4456_2021-03-18
2021-07-04 23:21:35 18      FTI_BBG00DL8NMV2_2021-03-18
2021-07-04 23:21:35 22      FTNT_BBG000BCMBG4_2021-03-18
2021-07-04 23:21:35 25      FTV_BBG00BLVZ228_2021-03-18
2021-07-04 23:21:35 27      FUL_BBG000BJZ7V7_2021-03-18
2021-07-04 23:21:35 28      GATX_BBG000BKGXQ4_2021-03-18
2021-07-04 23:21:35 29      GBCI_BBG000C3KB84_2021-03-18
2021-07-04 23:21:35 31      GBT_BBG00341H6M0_2021-03-18
2021-07-04 23:21:35 32      GBX_BBG000CF5097_2021-03-18
2021-07-04 23:21:35 33      GCO_BBG000BK5S78_2021-03-18
2021-07-04 23:21:35 34      GCP_BBG0082W8Q12_2021-03-18
2021-07-04 23:21:35 35      GD_BBG000BK67C7_2021-03-18
2021-07-04 23:21:35 37      GDDY_BBG006MDLY05_2021-03-18
2021-07-04 23:21:35 39      GDOT_BBG000QDJT53_2021-03-18
2021-07-04 23:21:35 40      GE_BBG000BK6MB5_2021-03-18
2021-07-04 23:21:35 46      GEF_BBG000BLFNC0_2021-03-18
2021-07-04 23:21:35 47      GGG_BBG000BK9W84_2021-03-18
2021-07-04 23:21:35 49      GH_BBG006D97VY9_2021-03-18
2021-07-04 23:21:35 50      GHC_BBG000C3FGH9_2021-03-18
2021-07-04 23:21:35 51      GILD_BBG000CKGBP2_2021-03-18
2021-07-04 23:21:35 57      GIS_BBG000BKCFC2_2021-03-18
2021-07-04 23:21:35 59      GKOS_BBG000WG2LQ1_2021-03-18
2021-07-04 23:21:35 60      GL_BBG000BVD6X4_2021-03-18
2021-07-04 23:21:35 62      GLW_BBG000BKFZM4_2021-03-18
2021-07-04 23:21:35 66      GM_BBG000NDYB67_2021-03-18
2021-07-04 23:21:35 78      GMED_BBG002V87SD0_2021-03-18
2021-07-04 23:21:35 79      GMS_BBG009Q036D0_2021-03-18
2021-07-04 23:21:35 80      GNL_BBG004HXD0G8_2021-03-18
2021-07-04 23:21:35 81      GNRC_BBG000PQ4W72_2021-03-18
2021-07-04 23:21:35 83      GO_BBG00P4R3079_2021-03-18
2021-07-04 23:21:35 85      GOOG_BBG009S3NB30_2021-03-18
2021-07-04 23:21:35 91      GOOGL_BBG009S39JX6_2021-03-18
2021-07-04 23:21:35 99      GOSS_BBG00MVWLLM2_2021-03-18
2021-07-04 23:21:36 02      GPC_BBG000BKL348_2021-03-18
2021-07-04 23:21:36 04      GPI_BBG000BB88K4_2021-03-18
2021-07-04 23:21:36 04      GPN_BBG000CX0P89_2021-03-18
2021-07-04 23:21:36 07      GPS_BBG000BKLH74_2021-03-18
2021-07-04 23:21:36 11      GRA_BBG000BB8PG1_2021-03-18
2021-07-04 23:21:36 12      GRMN_BBG000C4LN67_2021-03-18
2021-07-04 23:21:36 15      GRUB_BBG001KWG293_2021-03-18
2021-07-04 23:21:36 15      Warning: figi `BBG001KWG293` for history data does not match actual figi `BBG010R8C3Y4`. Ticker: GRUB. Will be used actual!
2021-07-04 23:21:36 16      GS_BBG000C6CFJ5_2021-03-18
2021-07-04 23:21:36 20      GSH_BBG000GLG0G0_2021-03-18
2021-07-04 23:21:36 20      GSKY_BBG00KT2SCV8_2021-03-18
2021-07-04 23:21:36 22      GT_BBG000BKNX95_2021-03-18
2021-07-04 23:21:36 25      GTHX_BBG005F1DK91_2021-03-18
2021-07-04 23:21:36 29      GTLS_BBG000P1K2X6_2021-03-18
2021-07-04 23:21:36 30      GTN_BBG000DSQLQ0_2021-03-18
2021-07-04 23:21:36 31      GVA_BBG000DVB833_2021-03-18
2021-07-04 23:21:36 32      GWRE_BBG001C7PM75_2021-03-18
2021-07-04 23:21:36 34      GWW_BBG000BKR1D6_2021-03-18
2021-07-04 23:21:36 35      H_BBG000CVRFS4_2021-03-18
2021-07-04 23:21:36 36      HA_BBG000BC4185_2021-03-18
2021-07-04 23:21:36 38      HAE_BBG000C7TF41_2021-03-18
2021-07-04 23:21:36 39      HAIN_BBG000BQW085_2021-03-18
2021-07-04 23:21:36 40      HAL_BBG000BKTFN2_2021-03-18
2021-07-04 23:21:36 43      HALO_BBG000CZ8W54_2021-03-18
2021-07-04 23:21:36 46      HAS_BBG000BKVJK4_2021-03-18
2021-07-04 23:21:36 47      HBAN_BBG000BKWSR6_2021-03-18
2021-07-04 23:21:36 51      HBI_BBG000D2ZTS8_2021-03-18
2021-07-04 23:21:36 54      HCA_BBG000QW7VC1_2021-03-18
2021-07-04 23:21:36 55      HCCI_BBG000CCFB17_2021-03-18
2021-07-04 23:21:36 56      HCCI: SPYKE!. Candle: ID:2, Time: 8:10, Close: 29.09
2021-07-04 23:21:36 56      HCCI: SPYKE!. Candle: ID:11, Time: 13:30, Close: 28.23
2021-07-04 23:21:36 56      HCSG_BBG000BKYVF0_2021-03-18
2021-07-04 23:21:36 58      HD_BBG000BKZB36_2021-03-18
2021-07-04 23:21:36 62      HEAR_BBG000BM6N47_2021-03-18
2021-07-04 23:21:36 64      HEI_BBG000BL16Q7_2021-03-18
2021-07-04 23:21:36 65      HES_BBG000BBD070_2021-03-18
2021-07-04 23:21:36 67      HFC_BBG000BL9JQ1_2021-03-18
2021-07-04 23:21:36 70      HGV_BBG00CBYY6M1_2021-03-18
2021-07-04 23:21:36 71      HHC_BBG000MJRJJ2_2021-03-18
2021-07-04 23:21:36 72      HHR_BBG00KHGQ0H4_2021-03-18
2021-07-04 23:21:36 74      HHR: SPYKE!. Candle: ID:621, Time: 12:25, Close: 32.58
2021-07-04 23:21:36 74      HHR: SPYKE!. Candle: ID:681, Time: 12:30, Close: 33.52
2021-07-04 23:21:36 74      HHR: SPYKE!. Candle: ID:685, Time: 12:30, Close: 32.25
2021-07-04 23:21:36 75      HIBB_BBG000H001V3_2021-03-18
2021-07-04 23:21:36 76      HIG_BBG000G0Z878_2021-03-18
2021-07-04 23:21:36 84      HII_BBG001KJ2HM9_2021-03-18
2021-07-04 23:21:36 86      HIIQ_TCS003QRSQD3_2021-03-18
2021-07-04 23:21:36 87      HLT_BBG0058KMH30_2021-03-18
2021-07-04 23:21:36 89      HNP_BBG000BX5YM0_2021-03-18
2021-07-04 23:21:36 90      HOG_BBG000BKZTP3_2021-03-18
2021-07-04 23:21:36 91      HOLX_BBG000C3NTN5_2021-03-18
2021-07-04 23:21:36 94      HON_BBG000H556T9_2021-03-18
2021-07-04 23:21:36 98      HP_BBG000BLCPY4_2021-03-18
2021-07-04 23:21:36 99      HPE_BBG0078W3NQ3_2021-03-18
2021-07-04 23:21:37 02      HPQ_BBG000KHWT55_2021-03-18
2021-07-04 23:21:37 05      HQY_BBG000TYXCT9_2021-03-18
2021-07-04 23:21:37 07      HRB_BBG000BLDV98_2021-03-18
2021-07-04 23:21:37 09      HRC_BBG000BKWCS0_2021-03-18
2021-07-04 23:21:37 10      HRL_BBG000BLF8D2_2021-03-18
2021-07-04 23:21:37 12      HRTX_BBG000G2GJT7_2021-03-18
2021-07-04 23:21:37 15      HSC_BBG000BLH3P8_2021-03-18
2021-07-04 23:21:37 16      HSIC_BBG000BNMMJ3_2021-03-18
2021-07-04 23:21:37 19      HSKA_BBG000BWFH48_2021-03-18
2021-07-04 23:21:37 20      HST_BBG000BL8804_2021-03-18
2021-07-04 23:21:37 22      HSY_BBG000BLHRS2_2021-03-18
2021-07-04 23:21:37 24      HTA_BBG000PRJCX9_2021-03-18
2021-07-04 23:21:37 25      HTHT_BBG000QFPM65_2021-03-18
2021-07-04 23:21:37 27      HUBB_BBG000BLK267_2021-03-18
2021-07-04 23:21:37 29      HUBG_BBG000G9W6L0_2021-03-18
2021-07-04 23:21:37 30      HUBS_BBG000N7MZ06_2021-03-18
2021-07-04 23:21:37 31      HUM_BBG000BLKK03_2021-03-18
2021-07-04 23:21:37 32      HURN_BBG000PV2M48_2021-03-18
2021-07-04 23:21:37 33      HWM_BBG00DYNJGH9_2021-03-18
2021-07-04 23:21:37 35      HXL_BBG000BLMDQ9_2021-03-18
2021-07-04 23:21:37 37      IAC_BBG000BKQG80_2021-03-18
2021-07-04 23:21:37 37      Warning: figi `BBG000BKQG80` for history data does not match actual figi `BBG00S1LR2C3`. Ticker: IAC. Will be used actual!
2021-07-04 23:21:37 39      IAC_old_TCS000BKQG80_2021-03-18
2021-07-04 23:21:37 39      Warning: figi `old` for history data does not match actual figi `BBG00S1LR2C3`. Ticker: IAC. Will be used actual!
2021-07-04 23:21:37 39      IART_BBG000BZJQL8_2021-03-18
2021-07-04 23:21:37 40      IBKR_BBG000LV0836_2021-03-18
2021-07-04 23:21:37 41      IBM_BBG000BLNNH6_2021-03-18
2021-07-04 23:21:37 46      IBN_BBG000DRM643_2021-03-18
2021-07-04 23:21:37 48      IBP_BBG005TJKDZ6_2021-03-18
2021-07-04 23:21:37 49      ICE_BBG000C1FB75_2021-03-18
2021-07-04 23:21:37 53      ICPT_BBG001J1QN87_2021-03-18
2021-07-04 23:21:37 55      ICUI_BBG000CQV2N4_2021-03-18
2021-07-04 23:21:37 56      IDCC_BBG000HLJ7M4_2021-03-18
2021-07-04 23:21:37 57      IDXX_BBG000BLRT07_2021-03-18
2021-07-04 23:21:37 59      IEX_BBG000C1HN22_2021-03-18
2021-07-04 23:21:37 61      IFF_BBG000BLSL58_2021-03-18
2021-07-04 23:21:37 63      IGMS_BBG00PNR1BT2_2021-03-18
2021-07-04 23:21:37 63      IGMS: SPYKE!. Candle: ID:6, Time: 11:35, Close: 85.09
2021-07-04 23:21:37 64      IIPR_BBG00F0SW7N8_2021-03-18
2021-07-04 23:21:37 66      IIVI_BBG000BLW102_2021-03-18
2021-07-04 23:21:37 68      ILMN_BBG000DSMS70_2021-03-18
2021-07-04 23:21:37 71      INCY_BBG000BNPSQ9_2021-03-18
2021-07-04 23:21:37 74      INDB_BBG000BM0597_2021-03-18
2021-07-04 23:21:37 75      INFO_BBG006G063F9_2021-03-18
2021-07-04 23:21:37 76      INGN_BBG0021PH456_2021-03-18
2021-07-04 23:21:37 77      INGR_BBG000BXPZB7_2021-03-18
2021-07-04 23:21:37 79      INMD_BBG00PPS73P4_2021-03-18
2021-07-04 23:21:37 80      INSP_BBG00209SZJ7_2021-03-18
2021-07-04 23:21:37 81      INTC_BBG000C0G1D1_2021-03-18
2021-07-04 23:21:37 95      INTU_BBG000BH5DV1_2021-03-18
2021-07-04 23:21:38 00      INVH_BBG00FQH6BS9_2021-03-18
2021-07-04 23:21:38 02      IONS_BBG000JH6683_2021-03-18
2021-07-04 23:21:38 05      IOSP_BBG000BMFNP4_2021-03-18
2021-07-04 23:21:38 05      IOVA_BBG000FTLBV7_2021-03-18
2021-07-04 23:21:38 09      IP_BBG000BM5SR2_2021-03-18
2021-07-04 23:21:38 11      IPAR_BBG000GCSWR5_2021-03-18
2021-07-04 23:21:38 12      IPG_BBG000C90DH9_2021-03-18
2021-07-04 23:21:38 14      IPGP_BBG000DCGRL8_2021-03-18
2021-07-04 23:21:38 16      IQV_BBG00333FYS2_2021-03-18
2021-07-04 23:21:38 17      IR_BBG002R1CW27_2021-03-18
2021-07-04 23:21:38 19      IRBT_BBG000HXJB21_2021-03-18
2021-07-04 23:21:38 21      IRDM_BBG000VC0FC1_2021-03-18
2021-07-04 23:21:38 23      IRDM: SPYKE!. Candle: ID:3030, Time: 21:20, Close: 39.71
2021-07-04 23:21:38 23      IRM_BBG000KCZPC3_2021-03-18
2021-07-04 23:21:38 25      IRTC_BBG001J19V24_2021-03-18
2021-07-04 23:21:38 26      ISRG_BBG000BJPDZ1_2021-03-18
2021-07-04 23:21:38 29      IT_BBG000BB65D0_2021-03-18
2021-07-04 23:21:38 30      ITCI_BBG0026ZFZC4_2021-03-18
2021-07-04 23:21:38 32      ITGR_BBG000BW6JV4_2021-03-18
2021-07-04 23:21:38 33      ITRI_BBG000BD2167_2021-03-18
2021-07-04 23:21:38 35      ITT_BBG00CVQZQ96_2021-03-18
2021-07-04 23:21:38 36      ITW_BBG000BMBL90_2021-03-18
2021-07-04 23:21:38 38      IVZ_BBG000BY2Y78_2021-03-18
2021-07-04 23:21:38 40      J_BBG000BMFFQ0_2021-03-18
2021-07-04 23:21:38 42      JACK_BBG000GZYVY1_2021-03-18
2021-07-04 23:21:38 43      JBHT_BBG000BMDBZ1_2021-03-18
2021-07-04 23:21:38 45      JBSS_BBG000CHPMY5_2021-03-18
2021-07-04 23:21:38 46      JBT_BBG000VLBCQ1_2021-03-18
2021-07-04 23:21:38 47      JCI_BBG000BVWLJ6_2021-03-18
2021-07-04 23:21:38 50      JCOM_BBG000F3CWW7_2021-03-18
2021-07-04 23:21:38 51      JD_BBG005YHY0Q7_2021-03-18
2021-07-04 23:21:38 63      JEF_BBG000BNHSP9_2021-03-18
2021-07-04 23:21:38 64      JELD_BBG0019GM953_2021-03-18
2021-07-04 23:21:38 65      JJSF_BBG000BMGPW0_2021-03-18
2021-07-04 23:21:38 67      JKHY_BBG000BMH2Q7_2021-03-18
2021-07-04 23:21:38 69      JLL_BBG000C2L2L0_2021-03-18
2021-07-04 23:21:38 70      JNJ_BBG000BMHYD1_2021-03-18
2021-07-04 23:21:38 75      JNPR_BBG000BY33P5_2021-03-18
2021-07-04 23:21:38 77      JOBS_BBG000BJD1D4_2021-03-18
2021-07-04 23:21:38 77      JOUT_BBG000HCXFS4_2021-03-18
2021-07-04 23:21:38 78      JPM_BBG000DMBXR2_2021-03-18
2021-07-04 23:21:38 92      JWN_BBG000G8N9C6_2021-03-18
2021-07-04 23:21:38 94      K_BBG000BMKDM3_2021-03-18
2021-07-04 23:21:38 97      KALU_BBG000PKZDX4_2021-03-18
2021-07-04 23:21:38 97      KBH_BBG000BMLWX8_2021-03-18
2021-07-04 23:21:38 99      KDP_BBG000TJM7F0_2021-03-18
2021-07-04 23:21:39 03      KEP_BBG000BCWG90_2021-03-18
2021-07-04 23:21:39 04      KEX_BBG000BMQCP6_2021-03-18
2021-07-04 23:21:39 05      KEY_BBG000BMQPL1_2021-03-18
2021-07-04 23:21:39 08      KEYS_BBG0059FN811_2021-03-18
2021-07-04 23:21:39 10      KFY_BBG000C5QMB5_2021-03-18
2021-07-04 23:21:39 11      KHC_BBG005CPNTQ2_2021-03-18
2021-07-04 23:21:39 15      KIDS_BBG00HFFRW39_2021-03-18
2021-07-04 23:21:39 16      KIM_BBG000CN3S73_2021-03-18
2021-07-04 23:21:39 19      KLAC_BBG000BMTFR4_2021-03-18
2021-07-04 23:21:39 23      KMB_BBG000BMW2Z0_2021-03-18
2021-07-04 23:21:39 26      KMI_BBG0019JZ882_2021-03-18
2021-07-04 23:21:39 28      KMPR_BBG000H3GDJ8_2021-03-18
2021-07-04 23:21:39 29      KMT_BBG000BMWKC5_2021-03-18
2021-07-04 23:21:39 30      KMX_BBG000BLMZK6_2021-03-18
2021-07-04 23:21:39 32      KNSL_BBG00D8JD9Z9_2021-03-18
2021-07-04 23:21:39 33      KNX_BBG000BFC848_2021-03-18
2021-07-04 23:21:39 35      KO_BBG000BMX289_2021-03-18
2021-07-04 23:21:39 40      KOD_BBG00BVR0D02_2021-03-18
2021-07-04 23:21:39 41      KR_BBG000BMY992_2021-03-18
2021-07-04 23:21:39 44      KRG_BBG000BC2KW8_2021-03-18
2021-07-04 23:21:39 46      KRTX_BBG00NN875G0_2021-03-18
2021-07-04 23:21:39 47      KRYS_BBG00HDGRHH7_2021-03-18
2021-07-04 23:21:39 51      KSU_BBG000BMZ7P7_2021-03-18
2021-07-04 23:21:39 53      KTB_BBG00LPTHYD5_2021-03-18
2021-07-04 23:21:39 55      KWR_BBG000DZS2L9_2021-03-18
2021-07-04 23:21:39 56      L_BBG000C45984_2021-03-18
2021-07-04 23:21:39 58      LAD_BBG000K3BC83_2021-03-18
2021-07-04 23:21:39 59      LANC_BBG000BN1M88_2021-03-18
2021-07-04 23:21:39 60      LASR_BBG0020BCPX5_2021-03-18
2021-07-04 23:21:39 62      LB_BBG000BNGTQ7_2021-03-18
2021-07-04 23:21:39 64      LBRDK_BBG006GNSZW5_2021-03-18
2021-07-04 23:21:39 66      LCII_BBG000DNLMB0_2021-03-18
2021-07-04 23:21:39 67      LDOS_BBG000C23PB0_2021-03-18
2021-07-04 23:21:39 69      LEA_BBG000PTLGZ1_2021-03-18
2021-07-04 23:21:39 70      LECO_BBG000BB72K8_2021-03-18
2021-07-04 23:21:39 71      LEG_BBG000BN53G7_2021-03-18
2021-07-04 23:21:39 73      LEGH_BBG00MJDR6J9_2021-03-18
2021-07-04 23:21:39 74      LEN_BBG000BN5HF7_2021-03-18
2021-07-04 23:21:39 77      LEVI_BBG000BQDF10_2021-03-18
2021-07-04 23:21:39 78      LFC_BBG000BBK4B9_2021-03-18
2021-07-04 23:21:39 79      LFUS_BBG000BGFGT8_2021-03-18
2021-07-04 23:21:39 81      LGIH_BBG0056655S1_2021-03-18
2021-07-04 23:21:39 82      LGND_BBG000BKF014_2021-03-18
2021-07-04 23:21:39 84      LH_BBG000D9DMK0_2021-03-18
2021-07-04 23:21:39 85      LHCG_BBG000G7W420_2021-03-18
2021-07-04 23:21:39 87      LHX_BBG000BLGFJ9_2021-03-18
2021-07-04 23:21:39 88      LII_BBG000BB5B84_2021-03-18
2021-07-04 23:21:39 90      LIN_BBG00GVR8YQ9_2021-03-18
2021-07-04 23:21:39 92      LITE_BBG0073F9RT7_2021-03-18
2021-07-04 23:21:39 95      LKQ_BBG000PXDL44_2021-03-18
2021-07-04 23:21:39 97      LLY_BBG000BNBDC2_2021-03-18
2021-07-04 23:21:40 00      LMT_BBG000C1BW00_2021-03-18
2021-07-04 23:21:40 04      LNN_BBG000FJS1S8_2021-03-18
2021-07-04 23:21:40 04      LNT_BBG000DW4Q75_2021-03-18
2021-07-04 23:21:40 07      LNTH_BBG006Q52RD0_2021-03-18
2021-07-04 23:21:40 08      LOPE_BBG000FV28W9_2021-03-18
2021-07-04 23:21:40 09      LOW_BBG000BNDN65_2021-03-18
2021-07-04 23:21:40 12      LPL_BBG000FJ0RK9_2021-03-18
2021-07-04 23:21:40 13      LPLA_BBG000P2TYL8_2021-03-18
2021-07-04 23:21:40 15      LPSN_BBG000BSV0W5_2021-03-18
2021-07-04 23:21:40 17      LRCX_BBG000BNFLM9_2021-03-18
2021-07-04 23:21:40 24      LRN_BBG000QSXPZ9_2021-03-18
2021-07-04 23:21:40 24      LRN: SPYKE!. Candle: ID:1468, Time: 21:05, Close: 28.8
2021-07-04 23:21:40 25      LRN_old_TCS000QSXPZ9_2021-03-18
2021-07-04 23:21:40 25      Warning: figi `old` for history data does not match actual figi `BBG000QSXPZ9`. Ticker: LRN. Will be used actual!
2021-07-04 23:21:40 25      LSCC_BBG000C2D1C1_2021-03-18
2021-07-04 23:21:40 27      LSTR_BBG000BB2KN0_2021-03-18
2021-07-04 23:21:40 28      LTHM_BBG00LV3NRG0_2021-03-18
2021-07-04 23:21:40 30      LULU_BBG000R8ZVD1_2021-03-18
2021-07-04 23:21:40 34      LUMN_BBG000BGLRN3_2021-03-18
2021-07-04 23:21:40 36      LUV_BBG000BNJHS8_2021-03-18
2021-07-04 23:21:40 41      LVS_BBG000JWD753_2021-03-18
2021-07-04 23:21:40 44      LW_BBG003CVMLQ2_2021-03-18
2021-07-04 23:21:40 45      LYB_BBG000WCFV84_2021-03-18
2021-07-04 23:21:40 48      LYFT_BBG004M9ZHX5_2021-03-18
2021-07-04 23:21:40 55      LYV_BBG000FQ7YR4_2021-03-18
2021-07-04 23:21:40 57      M_BBG000C46HM9_2021-03-18
2021-07-04 23:21:40 61      MA_BBG000F1ZSQ2_2021-03-18
2021-07-04 23:21:40 68      MAA_BBG000BLMY92_2021-03-18
2021-07-04 23:21:40 69      MAC_BBG000BL9C59_2021-03-18
2021-07-04 23:21:40 72      MAN_BBG000BNMHS4_2021-03-18
2021-07-04 23:21:40 74      MANH_BBG000BFV758_2021-03-18
2021-07-04 23:21:40 75      MANT_BBG000BGF8B5_2021-03-18
2021-07-04 23:21:40 76      MANU_BBG0035WV4N9_2021-03-18
2021-07-04 23:21:40 77      MAR_BBG000BGD7W6_2021-03-18
2021-07-04 23:21:40 81      MAS_BBG000BNNKG9_2021-03-18
2021-07-04 23:21:40 83      MASI_BBG000C3W281_2021-03-18
2021-07-04 23:21:40 85      MAT_BBG000BNNYW1_2021-03-18
2021-07-04 23:21:40 86      MATX_BBG000BBK401_2021-03-18
2021-07-04 23:21:40 87      MBT_BBG000CSZKR2_2021-03-18
2021-07-04 23:21:40 89      MBUU_BBG005PXTR70_2021-03-18
2021-07-04 23:21:40 90      MCD_BBG000BNSZP1_2021-03-18
2021-07-04 23:21:40 93      MCHP_BBG000BHCP19_2021-03-18
2021-07-04 23:21:40 99      MCK_BBG000DYGNW7_2021-03-18
2021-07-04 23:21:41 01      MCO_BBG000F86GP6_2021-03-18
2021-07-04 23:21:41 02      MCRI_BBG000BJ0932_2021-03-18
2021-07-04 23:21:41 02      MCRI: SPYKE!. Candle: ID:9, Time: 13:30, Close: 67.08
2021-07-04 23:21:41 02      MCRI: SPYKE!. Candle: ID:10, Time: 13:30, Close: 66.41
2021-07-04 23:21:41 03      MD_BBG000H8LGK2_2021-03-18
2021-07-04 23:21:41 04      MDB_BBG0022FDRY8_2021-03-18
2021-07-04 23:21:41 07      MDGL_BBG000QS6NV8_2021-03-18
2021-07-04 23:21:41 08      MDLA_BBG001BPKGT0_2021-03-18
2021-07-04 23:21:41 10      MDLZ_BBG000D4LWF6_2021-03-18
2021-07-04 23:21:41 15      MDRX_BBG000BLDXH5_2021-03-18
2021-07-04 23:21:41 17      MDT_BBG000BNWG87_2021-03-18
2021-07-04 23:21:41 22      MED_BBG000BWBW76_2021-03-18
2021-07-04 23:21:41 23      MEDP_BBG0065B7K59_2021-03-18
2021-07-04 23:21:41 24      MEI_BBG000BNY197_2021-03-18
2021-07-04 23:21:41 25      MELI_BBG000GQPB11_2021-03-18
2021-07-04 23:21:41 28      MET_BBG000BB6KF5_2021-03-18
2021-07-04 23:21:41 31      MFGP_BBG00HFWVGN0_2021-03-18
2021-07-04 23:21:41 34      MGLN_BBG000BD6DD9_2021-03-18
2021-07-04 23:21:41 34      MGM_BBG000C2BXK4_2021-03-18
2021-07-04 23:21:41 38      MGY_BBG00GNC8DL2_2021-03-18
2021-07-04 23:21:41 38      MGY: SPYKE!. Candle: ID:30, Time: 11:00, Close: 11.61
2021-07-04 23:21:41 38      MGY: SPYKE!. Candle: ID:31, Time: 11:00, Close: 11.44
2021-07-04 23:21:41 38      MGY: BuyPending. Strategy: BuyTheDipPremarket. Price: 11.55. Lots: 21. ChangeOpenToCurrent: -4.15. changeFromLow: 1.32. Candle: ID:38, Time: 11:00, Close: 11.55.
2021-07-04 23:21:41 38      MGY: OrderID: 8a4ec4ad. PlacedOrder. Status: New. RejectReason: 
2021-07-04 23:21:41 38      MGY: OrderID: 8a4ec4ad partially executed. Executed lots: 7. OrderStatus: 7/21 lots
2021-07-04 23:21:41 38      MGY: Closing. Close price: 11.6. Lots: 7. CandleChange: -0.09%. ChangeFromCandleHigh: -0.09%. Profit: 0.05(0.43%). Candle: ID:57, Time: 11:05, Close: 11.6
2021-07-04 23:21:41 39      MGY: OrderID: 1a26c7c0. PlacedOrder. Status: New. RejectReason: 
2021-07-04 23:21:41 39      MGY: OrderID: 8a4ec4ad automatically canceling...
2021-07-04 23:21:41 39      MGY: OrderID: 1a26c7c0 partially executed. Executed lots: 1. OrderStatus: 1/7 lots
2021-07-04 23:21:41 39      OrderID: 8a4ec4ad successfully canceled
2021-07-04 23:21:41 39      MGY: OrderID: 1a26c7c0 partially executed. Executed lots: 1. OrderStatus: 2/7 lots
2021-07-04 23:21:41 39      MGY: OrderID: 1a26c7c0 fully executed
2021-07-04 23:21:41 40      MHK_BBG000FLZN98_2021-03-18
2021-07-04 23:21:41 41      MHO_BBG000BL9MZ4_2021-03-18
2021-07-04 23:21:41 42      MIDD_BBG000DQN9R3_2021-03-18
2021-07-04 23:21:41 44      MINI_BBG000BGTX98_2021-03-18
2021-07-04 23:21:41 44      MKC_BBG000G6Y5W4_2021-03-18
2021-07-04 23:21:41 46      MKL_BBG000FC7366_2021-03-18
2021-07-04 23:21:41 47      MKSI_BBG000BVMG26_2021-03-18
2021-07-04 23:21:41 49      MKTX_BBG000BJBZ23_2021-03-18
2021-07-04 23:21:41 50      MLAB_BBG000BP3PW7_2021-03-18
2021-07-04 23:21:41 51      MLCO_BBG000BHP8J4_2021-03-18
2021-07-04 23:21:41 53      MLHR_BBG000BP46T2_2021-03-18
2021-07-04 23:21:41 54      MLM_BBG000BGYMH7_2021-03-18
2021-07-04 23:21:41 55      MMC_BBG000BP4MH0_2021-03-18
2021-07-04 23:21:41 57      MMI_BBG005GBRSR6_2021-03-18
2021-07-04 23:21:41 58      MMM_BBG000BP52R2_2021-03-18
2021-07-04 23:21:41 61      MMS_BBG000BC5WJ4_2021-03-18
2021-07-04 23:21:41 62      MMSI_BBG000C42VX0_2021-03-18
2021-07-04 23:21:41 63      MNRO_BBG000C0BZD1_2021-03-18
2021-07-04 23:21:41 64      MNST_BBG008NVB1C0_2021-03-18
2021-07-04 23:21:41 67      MO_BBG000BP6LJ8_2021-03-18
2021-07-04 23:21:41 71      MOH_BBG000MBHNC8_2021-03-18
2021-07-04 23:21:41 72      MOMO_BBG007HTCQT0_2021-03-18
2021-07-04 23:21:41 82      MORN_BBG000CGQ4F7_2021-03-18
2021-07-04 23:21:41 83      MOS_BBG000BFXHL6_2021-03-18
2021-07-04 23:21:41 87      MOV_BBG000BL30Y9_2021-03-18
2021-07-04 23:21:41 88      MPC_BBG001DCCGR8_2021-03-18
2021-07-04 23:21:41 95      MPWR_BBG000C30L48_2021-03-18
2021-07-04 23:21:41 97      MRC_BBG000BKLTM1_2021-03-18
2021-07-04 23:21:41 98      MRK_BBG000BPD168_2021-03-18
2021-07-04 23:21:42 05      MRNA_BBG003PHHZT1_2021-03-18
2021-07-04 23:21:42 16      MRO_BBG000C8H633_2021-03-18
2021-07-04 23:21:42 19      MRTX_BBG004TPGBP5_2021-03-18
2021-07-04 23:21:42 21      MS_BBG000BLZRJ2_2021-03-18
2021-07-04 23:21:42 28      MSA_BBG000BPDXF8_2021-03-18
2021-07-04 23:21:42 29      MSCI_BBG000RTDY25_2021-03-18
2021-07-04 23:21:42 31      MSFT_BBG000BPH459_2021-03-18
2021-07-04 23:21:42 66      MSGE_BBG00L9HLWV8_2021-03-18
2021-07-04 23:21:42 67      MSGN_BBG000NS03H7_2021-03-18
2021-07-04 23:21:42 69      MSGS_BBG007FG0C23_2021-03-18
2021-07-04 23:21:42 70      MSI_BBG000BP8Z50_2021-03-18
2021-07-04 23:21:42 71      MSM_BBG000BCLYL9_2021-03-18
2021-07-04 23:21:42 72      MSTR_BBG000GQJPZ0_2021-03-18
2021-07-04 23:21:42 77      MTB_BBG000D9KWL9_2021-03-18
2021-07-04 23:21:42 81      MTCH_BBG00B6WH9G3_2021-03-18
2021-07-04 23:21:42 85      MTCH_old_TCS00B6WH9G3_2021-03-18
2021-07-04 23:21:42 85      Warning: figi `old` for history data does not match actual figi `BBG00B6WH9G3`. Ticker: MTCH. Will be used actual!
2021-07-04 23:21:42 85      MTD_BBG000BZCKH3_2021-03-18
2021-07-04 23:21:42 86      MTG_BBG000CBMH27_2021-03-18
2021-07-04 23:21:42 88      MTH_BBG000F4F1N0_2021-03-18
2021-07-04 23:21:42 89      MTN_BBG000BCMWM1_2021-03-18
2021-07-04 23:21:42 90      MTOR_BBG000BH92D1_2021-03-18
2021-07-04 23:21:42 91      MTRN_BBG000BDTT76_2021-03-18
2021-07-04 23:21:42 92      MU_BBG000C5Z1S3_2021-03-18
2021-07-04 23:21:43 07      MUR_BBG000BPMH90_2021-03-18
2021-07-04 23:21:43 10      MUSA_BBG001Z0Q6T5_2021-03-18
2021-07-04 23:21:43 11      MXIM_BBG000BPNP00_2021-03-18
2021-07-04 23:21:43 15      MXL_BBG000BB6R33_2021-03-18
2021-07-04 23:21:43 16      MYGN_BBG000D9H9F1_2021-03-18
2021-07-04 23:21:43 17      MYRG_BBG000BC7VW9_2021-03-18
2021-07-04 23:21:43 18      NARI_BBG009J8K7M0_2021-03-18
2021-07-04 23:21:43 21      NATI_BBG000DZK6N6_2021-03-18
2021-07-04 23:21:43 22      NAVI_BBG004MN1R41_2021-03-18
2021-07-04 23:21:43 25      NBIX_BBG000GJS7C1_2021-03-18
2021-07-04 23:21:43 26      NCBS_BBG000QK0TG5_2021-03-18
2021-07-04 23:21:43 27      NCR_BBG000BMXK89_2021-03-18
2021-07-04 23:21:43 29      NDAQ_BBG000F5VVB6_2021-03-18
2021-07-04 23:21:43 31      NDSN_BBG000BPWGR1_2021-03-18
2021-07-04 23:21:43 32      NEE_BBG000BJSBJ0_2021-03-18
2021-07-04 23:21:43 39      NEM_BBG000BPWXK1_2021-03-18
2021-07-04 23:21:43 45      NEO_BBG000BKH263_2021-03-18
2021-07-04 23:21:43 47      NEOG_BBG000C1BCK2_2021-03-18
2021-07-04 23:21:43 48      NET_BBG001WMKHH5_2021-03-18
2021-07-04 23:21:43 51      NEU_BBG000BJ5SS8_2021-03-18
2021-07-04 23:21:43 52      NEWR_BBG001NFKJ68_2021-03-18
2021-07-04 23:21:43 53      NFLX_BBG000CL9VN6_2021-03-18
2021-07-04 23:21:43 62      NGVT_BBG009LM28K6_2021-03-18
2021-07-04 23:21:43 62      NJR_BBG000BPZVW9_2021-03-18
2021-07-04 23:21:43 64      NKE_BBG000C5HS04_2021-03-18
2021-07-04 23:21:43 71      NKTR_BBG000BHCYJ1_2021-03-18
2021-07-04 23:21:43 73      NLOK_BBG000BH2JM1_2021-03-18
2021-07-04 23:21:43 75      NLSN_BBG0088CYPX8_2021-03-18
2021-07-04 23:21:43 77      NMIH_BBG005DLMMZ6_2021-03-18
2021-07-04 23:21:43 79      NOC_BBG000BQ2C28_2021-03-18
2021-07-04 23:21:43 80      NOK_BBG000BNGBW9_2021-03-18
2021-07-04 23:21:43 98      NOV_BBG000BJX8C8_2021-03-18
2021-07-04 23:21:44 01      NOW_BBG000M1R011_2021-03-18
2021-07-04 23:21:44 05      NP_BBG000QCQ764_2021-03-18
2021-07-04 23:21:44 05      NPK_BBG000BQ4GG2_2021-03-18
2021-07-04 23:21:44 06      NRG_BBG000D8RG11_2021-03-18
2021-07-04 23:21:44 14      NSC_BBG000BQ5DS5_2021-03-18
2021-07-04 23:21:44 17      NSP_BBG000BJ41X2_2021-03-18
2021-07-04 23:21:44 18      NTAP_BBG000FP1N32_2021-03-18
2021-07-04 23:21:44 21      NTCO_BBG00R4ZKPN5_2021-03-18
2021-07-04 23:21:44 22      NTCT_BBG000C136Z8_2021-03-18
2021-07-04 23:21:44 23      NTES_BBG000BX72V8_2021-03-18
2021-07-04 23:21:44 27      NTGR_BBG000C4GBR6_2021-03-18
2021-07-04 23:21:44 28      NTLA_BBG007KC7PB0_2021-03-18
2021-07-04 23:21:44 31      NTNX_BBG001NDW1Z7_2021-03-18
2021-07-04 23:21:44 33      NTRA_BBG001J1BQ86_2021-03-18
2021-07-04 23:21:44 35      NTRS_BBG000BQ74K1_2021-03-18
2021-07-04 23:21:44 37      NTUS_BBG000DPZHS3_2021-03-18
2021-07-04 23:21:44 38      NUE_BBG000BQ8KV2_2021-03-18
2021-07-04 23:21:44 40      NUS_BBG000HG21Y3_2021-03-18
2021-07-04 23:21:44 41      NUVA_BBG000LNL298_2021-03-18
2021-07-04 23:21:44 43      NVDA_BBG000BBJQV0_2021-03-18
2021-07-04 23:21:44 59      NVEE_BBG005BT60Y8_2021-03-18
2021-07-04 23:21:44 60      NVR_BBG000BQBYR3_2021-03-18
2021-07-04 23:21:44 61      NVRO_BBG001K61W36_2021-03-18
2021-07-04 23:21:44 62      NVTA_BBG005DJFD43_2021-03-18
2021-07-04 23:21:44 65      NWE_BBG000Q1NMJ4_2021-03-18
2021-07-04 23:21:44 66      NWL_BBG000BQC9V2_2021-03-18
2021-07-04 23:21:44 68      NWLI_BBG008HNHZ07_2021-03-18
2021-07-04 23:21:44 69      NWS_BBG0035M2ZB7_2021-03-18
2021-07-04 23:21:44 71      NWSA_BBG0035LY913_2021-03-18
2021-07-04 23:21:44 74      NXPI_BBG000BND699_2021-03-18
2021-07-04 23:21:44 81      NXST_BBG000DZJVH0_2021-03-18
2021-07-04 23:21:44 83      NYT_BBG000FFC0B3_2021-03-18
2021-07-04 23:21:44 85      O_BBG000DHPN63_2021-03-18
2021-07-04 23:21:44 88      OC_BBG000M44VW8_2021-03-18
2021-07-04 23:21:44 89      ODFL_BBG000CHSS88_2021-03-18
2021-07-04 23:21:44 91      OFIX_BBG000G1C210_2021-03-18
2021-07-04 23:21:44 92      OHI_BBG000BGBTC2_2021-03-18
2021-07-04 23:21:44 93      OI_BBG00R2JZG39_2021-03-18
2021-07-04 23:21:44 94      OII_BBG000CPBCL8_2021-03-18
2021-07-04 23:21:44 95      OIS_BBG000BDDN94_2021-03-18
2021-07-04 23:21:44 98      OKE_BBG000BQHGR6_2021-03-18
2021-07-04 23:21:45 00      OKTA_BBG001YV1SM4_2021-03-18
2021-07-04 23:21:45 04      OLED_BBG000BLRP41_2021-03-18
2021-07-04 23:21:45 07      OLLI_BBG0098VVDT9_2021-03-18
2021-07-04 23:21:45 11      OMC_BBG000BS9489_2021-03-18
2021-07-04 23:21:45 14      OMCL_BBG000BTNGZ4_2021-03-18
2021-07-04 23:21:45 15      ON_BBG000DV7MX4_2021-03-18
2021-07-04 23:21:45 20      ONTO_BBG000BPRN29_2021-03-18
2021-07-04 23:21:45 22      ORCL_BBG000BQLTW7_2021-03-18
2021-07-04 23:21:45 28      ORLY_BBG000BGYWY6_2021-03-18
2021-07-04 23:21:45 30      OSIS_BBG000BWPR54_2021-03-18
2021-07-04 23:21:45 31      OSK_BBG000CC53X1_2021-03-18
2021-07-04 23:21:45 33      OSUR_BBG000J3D1Y8_2021-03-18
2021-07-04 23:21:45 35      OTIS_BBG00RP60KV0_2021-03-18
2021-07-04 23:21:45 36      OVV_BBG00R2NHQ65_2021-03-18
2021-07-04 23:21:45 40      OXY_BBG000BQQ2S6_2021-03-18
2021-07-04 23:21:45 47      PAGS_BBG00JM7QBR6_2021-03-18
2021-07-04 23:21:45 49      PANW_BBG0014GJCT9_2021-03-18
2021-07-04 23:21:45 52      PATK_BBG000BQSBB2_2021-03-18
2021-07-04 23:21:45 53      PAYC_BBG0064N0ZZ5_2021-03-18
2021-07-04 23:21:45 56      PB_BBG000BHY4D9_2021-03-18
2021-07-04 23:21:45 57      PBCT_BBG000BQT4L6_2021-03-18
2021-07-04 23:21:45 59      PBF_BBG002832GV8_2021-03-18
2021-07-04 23:21:45 63      PBH_BBG000QM0RZ4_2021-03-18
2021-07-04 23:21:45 64      PBI_BBG000BQTMJ9_2021-03-18
2021-07-04 23:21:45 66      PCAR_BBG000BQVTF5_2021-03-18
2021-07-04 23:21:45 69      PCG_BBG000BQWPC5_2021-03-18
2021-07-04 23:21:45 71      PCRX_BBG0018FQNS6_2021-03-18
2021-07-04 23:21:45 73      PCTY_BBG006598YS8_2021-03-18
2021-07-04 23:21:45 74      PD_BBG0043BYPB8_2021-03-18
2021-07-04 23:21:45 77      PDCO_BBG000BQY289_2021-03-18
2021-07-04 23:21:45 79      PEAK_BBG000BKYDP9_2021-03-18
2021-07-04 23:21:45 81      PEG_BBG000BQZMH4_2021-03-18
2021-07-04 23:21:45 83      PEGA_BBG000H1RYG7_2021-03-18
2021-07-04 23:21:45 84      PEN_BBG001BP92V1_2021-03-18
2021-07-04 23:21:45 85      PEP_BBG000DH7JK6_2021-03-18
2021-07-04 23:21:45 94      PETQ_BBG00H1CY328_2021-03-18
2021-07-04 23:21:45 95      PFE_BBG000BR2B91_2021-03-18
2021-07-04 23:21:45 99      PFG_BBG000NSCNT7_2021-03-18
2021-07-04 23:21:46 03      PFGC_BBG009XW2WB8_2021-03-18
2021-07-04 23:21:46 04      PFPT_BBG000RQ2GY7_2021-03-18
2021-07-04 23:21:46 07      PG_BBG000BR2TH3_2021-03-18
2021-07-04 23:21:46 11      PGNY_BBG002H1K1H1_2021-03-18
2021-07-04 23:21:46 14      PGR_BBG000BR37X2_2021-03-18
2021-07-04 23:21:46 16      PGTI_BBG000FX3Y66_2021-03-18
2021-07-04 23:21:46 17      PH_BBG000BR3KL6_2021-03-18
2021-07-04 23:21:46 18      PHM_BBG000BR54L0_2021-03-18
2021-07-04 23:21:46 22      PII_BBG000D5S4M0_2021-03-18
2021-07-04 23:21:46 24      PINC_BBG000G7QX50_2021-03-18
2021-07-04 23:21:46 25      PINS_BBG002583CV8_2021-03-18
2021-07-04 23:21:46 31      PIPR_BBG000FQXC75_2021-03-18
2021-07-04 23:21:46 31      PKG_BBG000BB8SW7_2021-03-18
2021-07-04 23:21:46 33      PKI_BBG000FXW512_2021-03-18
2021-07-04 23:21:46 34      PLAN_BBG002DZS299_2021-03-18
2021-07-04 23:21:46 37      PLAY_BBG001WWJTK5_2021-03-18
2021-07-04 23:21:46 38      PLCE_BBG000JK9DK4_2021-03-18
2021-07-04 23:21:46 40      PLD_BBG000B9Z0J8_2021-03-18
2021-07-04 23:21:46 42      PLNT_BBG009H04M17_2021-03-18
2021-07-04 23:21:46 43      PLTR_BBG000N7QR55_2021-03-18
2021-07-04 23:21:46 54      PLUS_BBG000HN7W02_2021-03-18
2021-07-04 23:21:46 55      PLXS_BBG000BRBX66_2021-03-18
2021-07-04 23:21:46 56      PM_BBG000J2XL74_2021-03-18
2021-07-04 23:21:46 61      PNC_BBG000BRD0D8_2021-03-18
2021-07-04 23:21:46 66      PNFP_BBG000C1XKF6_2021-03-18
2021-07-04 23:21:46 67      PNTG_BBG00P33SY72_2021-03-18
2021-07-04 23:21:46 69      PODD_BBG000R7XX87_2021-03-18
2021-07-04 23:21:46 70      POOL_BBG000BCVG28_2021-03-18
2021-07-04 23:21:46 71      POR_BBG000BCRMW7_2021-03-18
2021-07-04 23:21:46 73      POST_BBG001WTBC36_2021-03-18
2021-07-04 23:21:46 74      POWI_BBG000BTT3D1_2021-03-18
2021-07-04 23:21:46 76      PPC_BBG000BFLXV3_2021-03-18
2021-07-04 23:21:46 77      PPG_BBG000BRJ809_2021-03-18
2021-07-04 23:21:46 79      PPL_BBG000BRJL00_2021-03-18
2021-07-04 23:21:46 82      PRAA_BBG000BNTW77_2021-03-18
2021-07-04 23:21:46 84      PRAH_BBG007387YL8_2021-03-18
2021-07-04 23:21:46 85      PRFT_BBG000BVXFK6_2021-03-18
2021-07-04 23:21:46 86      PRG_BBG00VSH86G4_2021-03-18
2021-07-04 23:21:46 88      PRGS_BBG000C4QP94_2021-03-18
2021-07-04 23:21:46 89      PRI_BBG000T8ZF80_2021-03-18
2021-07-04 23:21:46 90      PRLB_BBG000BT13B3_2021-03-18
2021-07-04 23:21:46 91      PRSP_BBG00KMXKWF9_2021-03-18
2021-07-04 23:21:46 92      PRU_BBG000HCJMF9_2021-03-18
2021-07-04 23:21:46 95      PSA_BBG000BPPN67_2021-03-18
2021-07-04 23:21:46 97      PSN_BBG000C3TKY6_2021-03-18
2021-07-04 23:21:46 98      PSTG_BBG00212PVZ5_2021-03-18
2021-07-04 23:21:47 01      PSX_BBG00286S4N9_2021-03-18
2021-07-04 23:21:47 05      PTC_BBG000C2VBB0_2021-03-18
2021-07-04 23:21:47 07      PTCT_BBG000QT15P7_2021-03-18
2021-07-04 23:21:47 08      PTON_BBG00JG0FFZ2_2021-03-18
2021-07-04 23:21:47 15      PTR_BBG000BR85F1_2021-03-18
2021-07-04 23:21:47 16      PUMP_BBG00FYCQ352_2021-03-18
2021-07-04 23:21:47 18      PVH_BBG000BRRG02_2021-03-18
2021-07-04 23:21:47 19      PWR_BBG000BBL8V7_2021-03-18
2021-07-04 23:21:47 20      PXD_BBG000BXRPH1_2021-03-18
2021-07-04 23:21:47 24      PYPL_BBG0077VNXV6_2021-03-18
2021-07-04 23:21:47 36      PZZA_BBG000BFWF13_2021-03-18
2021-07-04 23:21:47 37      QADA_BBG001BP77C3_2021-03-18
2021-07-04 23:21:47 38      QCOM_BBG000CGC1X8_2021-03-18
2021-07-04 23:21:47 49      QDEL_BBG000C6GN04_2021-03-18
2021-07-04 23:21:47 52      QLYS_BBG000HT5G06_2021-03-18
2021-07-04 23:21:47 53      QNST_BBG000S9XXB8_2021-03-18
2021-07-04 23:21:47 54      QRTEA_BBG000PCQQL6_2021-03-18
2021-07-04 23:21:47 55      QRVO_BBG007TJF1N7_2021-03-18
2021-07-04 23:21:47 58      QTS_BBG0054B20Z8_2021-03-18
2021-07-04 23:21:47 59      QTWO_BBG005ZVK9P2_2021-03-18
2021-07-04 23:21:47 60      QUOT_BBG001QYNR63_2021-03-18
2021-07-04 23:21:47 60      R_BBG000BRVP70_2021-03-18
2021-07-04 23:21:47 62      RACE_BBG009PH3Q86_2021-03-18
2021-07-04 23:21:47 63      RAMP_BBG000BB4HM6_2021-03-18
2021-07-04 23:21:47 64      RARE_BBG001RWPDW6_2021-03-18
2021-07-04 23:21:47 65      RAVN_BBG000CXQTZ3_2021-03-18
2021-07-04 23:21:47 66      RBC_BBG000BRXTR8_2021-03-18
2021-07-04 23:21:47 67      RCL_BBG000BB5792_2021-03-18
2021-07-04 23:21:47 70      RDFN_BBG001Q7HP63_2021-03-18
2021-07-04 23:21:47 72      RDS.A_BBG000QXSSS6_2021-03-18
2021-07-04 23:21:47 74      RDY_BBG000NJ96L6_2021-03-18
2021-07-04 23:21:47 75      RE_BBG000C1XVK6_2021-03-18
2021-07-04 23:21:47 76      REG_BBG000BL46Q4_2021-03-18
2021-07-04 23:21:47 79      REGI_BBG0016SSV00_2021-03-18
2021-07-04 23:21:47 82      REGN_BBG000C734W3_2021-03-18
2021-07-04 23:21:47 86      RETA_BBG000R33BD1_2021-03-18
2021-07-04 23:21:47 87      REX_BBG000D2ZK61_2021-03-18
2021-07-04 23:21:47 87      REZI_BBG00HY28K89_2021-03-18
2021-07-04 23:21:47 88      RF_BBG000Q3JN03_2021-03-18
2021-07-04 23:21:47 91      RGA_BBG000BDLCQ0_2021-03-18
2021-07-04 23:21:47 92      RGEN_BBG000BS48J3_2021-03-18
2021-07-04 23:21:47 94      RGLD_BBG000BS5170_2021-03-18
2021-07-04 23:21:47 96      RGNX_BBG007Z9V591_2021-03-18
2021-07-04 23:21:47 97      RGR_BBG000C4FQG6_2021-03-18
2021-07-04 23:21:47 98      RH_BBG002293PJ4_2021-03-18
2021-07-04 23:21:48 00      RHI_BBG000BS5DR2_2021-03-18
2021-07-04 23:21:48 01      RIG_BBG000BH5LT6_2021-03-18
2021-07-04 23:21:48 09      RJF_BBG000BS73J1_2021-03-18
2021-07-04 23:21:48 10      RL_BBG000BS0ZF1_2021-03-18
2021-07-04 23:21:48 12      RMD_BBG000L4M7F1_2021-03-18
2021-07-04 23:21:48 13      RNG_BBG000J094P3_2021-03-18
2021-07-04 23:21:48 15      ROCK_BBG000BKQDQ7_2021-03-18
2021-07-04 23:21:48 17      ROG_BBG000BS9HN3_2021-03-18
2021-07-04 23:21:48 17      ROK_BBG000BBCDZ2_2021-03-18
2021-07-04 23:21:48 19      ROKU_BBG001ZZPQJ6_2021-03-18
2021-07-04 23:21:48 25      ROL_BBG000BSBBP1_2021-03-18
2021-07-04 23:21:48 26      ROLL_BBG000GMGNB3_2021-03-18
2021-07-04 23:21:48 27      ROP_BBG000F1ZSN5_2021-03-18
2021-07-04 23:21:48 28      ROST_BBG000BSBZH7_2021-03-18
2021-07-04 23:21:48 32      RPD_BBG009DFHWG6_2021-03-18
2021-07-04 23:21:48 34      RPM_BBG000DCNK80_2021-03-18
2021-07-04 23:21:48 35      RRBI_BBG000QKNLB2_2021-03-18
2021-07-04 23:21:48 36      RRC_BBG000FVXD63_2021-03-18
2021-07-04 23:21:48 38      RRGB_BBG000MXH9C1_2021-03-18
2021-07-04 23:21:48 39      RS_BBG000CJ2181_2021-03-18
2021-07-04 23:21:48 40      RSG_BBG000BPXVJ6_2021-03-18
2021-07-04 23:21:48 42      RTX_BBG000BW8S60_2021-03-18
2021-07-04 23:21:48 47      RVLV_BBG00M4RHBD0_2021-03-18
2021-07-04 23:21:48 48      RXN_BBG000H8R0N8_2021-03-18
2021-07-04 23:21:48 49      RYN_BBG000BG7L34_2021-03-18
2021-07-04 23:21:48 50      RYTM_BBG007DLZ601_2021-03-18
2021-07-04 23:21:48 52      SAFM_BBG000BSHJ96_2021-03-18
2021-07-04 23:21:48 53      SAGE_BBG0025X16Y5_2021-03-18
2021-07-04 23:21:48 54      SAIA_BBG000P5LMQ0_2021-03-18
2021-07-04 23:21:48 55      SAIC_BBG003BW05K6_2021-03-18
2021-07-04 23:21:48 56      SAIL_BBG00J0BBZL0_2021-03-18
2021-07-04 23:21:48 57      SAM_BBG000BCZBF1_2021-03-18
2021-07-04 23:21:48 58      SAVE_BBG000BF6RQ9_2021-03-18
2021-07-04 23:21:48 61      SBAC_BBG000D2M0Z7_2021-03-18
2021-07-04 23:21:48 63      SBCF_BBG000KK3464_2021-03-18
2021-07-04 23:21:48 65      SBGI_BBG000F2XXP2_2021-03-18
2021-07-04 23:21:48 66      SBH_BBG000LR8515_2021-03-18
2021-07-04 23:21:48 67      SBH: SPYKE!. Candle: ID:2038, Time: 20:10, Close: 20.99
2021-07-04 23:21:48 67      SBRA_BBG000MTDW24_2021-03-18
2021-07-04 23:21:48 70      SBUX_BBG000CTQBF3_2021-03-18
2021-07-04 23:21:48 76      SCCO_BBG000BSHH72_2021-03-18
2021-07-04 23:21:48 78      SCHW_BBG000BSLZY7_2021-03-18
2021-07-04 23:21:48 81      SCI_BBG000BTHH16_2021-03-18
2021-07-04 23:21:48 83      SCSC_BBG000BHTPZ4_2021-03-18
2021-07-04 23:21:48 83      SDGR_BBG000T88BN2_2021-03-18
2021-07-04 23:21:48 86      SEDG_BBG0084BBZY6_2021-03-18
2021-07-04 23:21:48 88      SEE_BBG000C22QV7_2021-03-18
2021-07-04 23:21:48 90      SEIC_BBG000BSQLT9_2021-03-18
2021-07-04 23:21:48 91      SERV_TCS002WMH2F2_2021-03-18
2021-07-04 23:21:48 91      SF_BBG000BSS5C0_2021-03-18
2021-07-04 23:21:48 92      SFIX_BBG0046L1KL9_2021-03-18
2021-07-04 23:21:48 94      SFM_BBG001KFKQM7_2021-03-18
2021-07-04 23:21:48 97      SGEN_BBG000BH0FR6_2021-03-18
2021-07-04 23:21:48 99      SGEN_old_TCS000BH0FR6_2021-03-18
2021-07-04 23:21:48 99      Warning: figi `old` for history data does not match actual figi `BBG000BH0FR6`. Ticker: SGEN. Will be used actual!
2021-07-04 23:21:48 99      SHAK_BBG0063GCHH8_2021-03-18
2021-07-04 23:21:49 00      SHEN_BBG000BTC2N0_2021-03-18
2021-07-04 23:21:49 01      SHI_BBG000BHR1H9_2021-03-18
2021-07-04 23:21:49 02      SHW_BBG000BSXQV7_2021-03-18
2021-07-04 23:21:49 03      SIG_BBG000C4ZZ10_2021-03-18
2021-07-04 23:21:49 05      SIGI_BBG000BSZ738_2021-03-18
2021-07-04 23:21:49 06      SITE_BBG009T22D49_2021-03-18
2021-07-04 23:21:49 07      SIVB_BBG000BT0CM2_2021-03-18
2021-07-04 23:21:49 10      SJI_BBG000BT0T72_2021-03-18
2021-07-04 23:21:49 13      SJM_BBG000BT1715_2021-03-18
2021-07-04 23:21:49 14      SKM_BBG000BLN497_2021-03-18
2021-07-04 23:21:49 15      SKX_BBG000C4HKK2_2021-03-18
2021-07-04 23:21:49 17      SLAB_BBG000BB99S3_2021-03-18
2021-07-04 23:21:49 17      SLAB: SPYKE!. Candle: ID:3, Time: 13:30, Close: 148.25
2021-07-04 23:21:49 18      SLB_BBG000BT41Q8_2021-03-18
2021-07-04 23:21:49 22      SLG_BBG000BVP5P2_2021-03-18
2021-07-04 23:21:49 24      SMAR_BBG00GQK3WB5_2021-03-18
2021-07-04 23:21:49 25      SMG_BBG000BT5PG5_2021-03-18
2021-07-04 23:21:49 26      SMPL_BBG00GVP5JL4_2021-03-18
2021-07-04 23:21:49 28      SMTC_BBG000DBKR53_2021-03-18
2021-07-04 23:21:49 29      SNA_BBG000BT7JW9_2021-03-18
2021-07-04 23:21:49 30      SNAP_BBG00441QMJ7_2021-03-18
2021-07-04 23:21:49 36      SNBR_BBG000DM2BF3_2021-03-18
2021-07-04 23:21:49 39      SNPS_BBG000BSFRF3_2021-03-18
2021-07-04 23:21:49 42      SNX_BBG000CL9JV4_2021-03-18
2021-07-04 23:21:49 43      SNY_BBG000BBD5N1_2021-03-18
2021-07-04 23:21:49 45      SO_BBG000BT9DW0_2021-03-18
2021-07-04 23:21:49 49      SOHU_BBG00L2DB535_2021-03-18
2021-07-04 23:21:49 50      SON_BBG000D7HF89_2021-03-18
2021-07-04 23:21:49 51      SONO_BBG001JZPSQ2_2021-03-18
2021-07-04 23:21:49 54      SONO: SPYKE!. Candle: ID:7089, Time: 20:05, Close: 40.4
2021-07-04 23:21:49 54      SONO: SPYKE!. Candle: ID:7091, Time: 20:05, Close: 42.25
2021-07-04 23:21:49 54      SONO: SPYKE!. Candle: ID:7102, Time: 20:25, Close: 41.91
2021-07-04 23:21:49 54      SP_BBG000BJ91B1_2021-03-18
2021-07-04 23:21:49 55      SPB@US_BBG000DS5588_2021-03-18
2021-07-04 23:21:49 57      SPCE_BBG00HTN2CQ3_2021-03-18
2021-07-04 23:21:49 76      SPG_BBG000BJ2D31_2021-03-18
2021-07-04 23:21:49 80      SPGI_BBG000BP1Q11_2021-03-18
2021-07-04 23:21:49 82      SPLK_BBG001C7TST4_2021-03-18
2021-07-04 23:21:49 88      SPOT_BBG003T4VFC2_2021-03-18
2021-07-04 23:21:49 91      SPR_BBG000PRJ2Z9_2021-03-18
2021-07-04 23:21:49 94      SPSC_BBG000PZGB75_2021-03-18
2021-07-04 23:21:49 95      SQ_BBG0018SLC07_2021-03-18
2021-07-04 23:21:50 05      SRC_BBG0027Z6X10_2021-03-18
2021-07-04 23:21:50 06      SRCL_BBG000H3FZM6_2021-03-18
2021-07-04 23:21:50 07      SRDX_BBG000BZ2QG2_2021-03-18
2021-07-04 23:21:50 08      SRE_BBG000C2ZCH8_2021-03-18
2021-07-04 23:21:50 10      SRI_BBG000BB9Q78_2021-03-18
2021-07-04 23:21:50 11      SRPT_BBG000BCJ161_2021-03-18
2021-07-04 23:21:50 14      SSD_BBG000JLC8L8_2021-03-18
2021-07-04 23:21:50 15      SSNC_BBG000RJ2J04_2021-03-18
2021-07-04 23:21:50 17      SSTK_BBG002ZCK2V9_2021-03-18
2021-07-04 23:21:50 18      STAA_BBG000C4QB95_2021-03-18
2021-07-04 23:21:50 19      STAG_BBG000BGLFP7_2021-03-18
2021-07-04 23:21:50 20      STLD_BBG000HGYNZ9_2021-03-18
2021-07-04 23:21:50 23      STMP_BBG000CZ4KF3_2021-03-18
2021-07-04 23:21:50 25      STRA_BBG000GRZDV1_2021-03-18
2021-07-04 23:21:50 26      STT_BBG000BKFBD7_2021-03-18
2021-07-04 23:21:50 28      STX_BBG000F0KF42_2021-03-18
2021-07-04 23:21:50 28      Warning: figi `BBG000F0KF42` for history data does not match actual figi `BBG0113JGQF0`. Ticker: STX. Will be used actual!
2021-07-04 23:21:50 32      STZ_BBG000J1QLT0_2021-03-18
2021-07-04 23:21:50 34      SUPN_BBG000BP0HX7_2021-03-18
2021-07-04 23:21:50 35      SWAV_BBG005XVXML5_2021-03-18
2021-07-04 23:21:50 36      SWBI_BBG000BM0QL7_2021-03-18
2021-07-04 23:21:50 39      SWCH_BBG00HPDM5Z2_2021-03-18
2021-07-04 23:21:50 40      SWI_BBG00M1CKSK7_2021-03-18
2021-07-04 23:21:50 42      SWK_BBG000BTQR96_2021-03-18
2021-07-04 23:21:50 44      SWKS_BBG000KLB4Q1_2021-03-18
2021-07-04 23:21:50 48      SWN_BBG000BTR593_2021-03-18
2021-07-04 23:21:50 50      SWX_BBG00FWP4JW4_2021-03-18
2021-07-04 23:21:50 51      SXI_BBG000BTT5B8_2021-03-18
2021-07-04 23:21:50 52      SXT_BBG000J79P80_2021-03-18
2021-07-04 23:21:50 54      SYF_BBG00658F3P3_2021-03-18
2021-07-04 23:21:50 59      SYK_BBG000DN7P92_2021-03-18
2021-07-04 23:21:50 60      SYKE_BBG000BBHPV4_2021-03-18
2021-07-04 23:21:50 61      SYNA_BBG000BQV1S2_2021-03-18
2021-07-04 23:21:50 63      SYNH_BBG0078Y1D92_2021-03-18
2021-07-04 23:21:50 63      SYNH: SPYKE!. Candle: ID:8, Time: 13:30, Close: 76.6
2021-07-04 23:21:50 65      SYY_BBG000BTVJ25_2021-03-18
2021-07-04 23:21:50 68      T_BBG000BSJK37_2021-03-18
2021-07-04 23:21:50 71      TAK_BBG000LF8708_2021-03-18
2021-07-04 23:21:50 73      TAL_BBG0016XJ8S0_2021-03-18
2021-07-04 23:21:50 76      TAP_BBG000BS7KS3_2021-03-18
2021-07-04 23:21:50 78      TCBI_BBG000DN4ZT1_2021-03-18
2021-07-04 23:21:50 79      TCMD_BBG001B12Z39_2021-03-18
2021-07-04 23:21:50 80      TCRR_BBG00FH3FM15_2021-03-18
2021-07-04 23:21:50 81      TCS_BBG005DXJS36_2021-03-18
2021-07-04 23:21:50 83      TCX_BBG000L69KL5_2021-03-18
2021-07-04 23:21:50 84      TDC_BBG000R0L5J4_2021-03-18
2021-07-04 23:21:50 87      TDG_BBG000L8CBX4_2021-03-18
2021-07-04 23:21:50 88      TDOC_BBG0019T5SG0_2021-03-18
2021-07-04 23:21:50 92      TDS_BBG000BV0VK7_2021-03-18
2021-07-04 23:21:50 94      TDY_BBG000BMT9T6_2021-03-18
2021-07-04 23:21:50 95      TECH_BBG000C15114_2021-03-18
2021-07-04 23:21:50 97      TEL_BBG000RGM5P1_2021-03-18
2021-07-04 23:21:50 99      TENB_BBG00LBLCD02_2021-03-18
2021-07-04 23:21:51 00      TER_BBG000BV4DR6_2021-03-18
2021-07-04 23:21:51 04      TFC_BBG000BYYLS8_2021-03-18
2021-07-04 23:21:51 08      TFX_BBG000BV59Y6_2021-03-18
2021-07-04 23:21:51 09      TGNA_BBG000BK5DP1_2021-03-18
2021-07-04 23:21:51 11      TGT_BBG000H8TVT2_2021-03-18
2021-07-04 23:21:51 15      THG_BBG000FJH8W0_2021-03-18
2021-07-04 23:21:51 16      THO_BBG000BV6R84_2021-03-18
2021-07-04 23:21:51 18      THRM_BBG000BQLM34_2021-03-18
2021-07-04 23:21:51 19      THS_BBG000GQGJT4_2021-03-18
2021-07-04 23:21:51 21      TJX_BBG000BV8DN6_2021-03-18
2021-07-04 23:21:51 24      TKR_BBG000BV95H9_2021-03-18
2021-07-04 23:21:51 26      TMHC_BBG003PGJHP5_2021-03-18
2021-07-04 23:21:51 27      TMO_BBG000BVDLH9_2021-03-18
2021-07-04 23:21:51 30      TMUS_BBG000NDV1D4_2021-03-18
2021-07-04 23:21:51 34      TMX_BBG002WMH2F2_2021-03-18
2021-07-04 23:21:51 35      TNC_BBG000JCZJS2_2021-03-18
2021-07-04 23:21:51 37      TNDM_BBG0019V9M65_2021-03-18
2021-07-04 23:21:51 39      TNET_BBG000BR2040_2021-03-18
2021-07-04 23:21:51 40      TOL_BBG000BVHBM1_2021-03-18
2021-07-04 23:21:51 42      TOT_BBG000CHZ857_2021-03-18
2021-07-04 23:21:51 42      Warning: figi `BBG000CHZ857` for history data does not match actual figi `IZHBULDINKDK`. Ticker: TOT. Will be used actual!
2021-07-04 23:21:51 45      TPH_BBG0016YQTR5_2021-03-18
2021-07-04 23:21:51 47      TPIC_BBG0016MQ7C5_2021-03-18
2021-07-04 23:21:51 49      TPR_BBG000BY29C7_2021-03-18
2021-07-04 23:21:51 52      TPTX_BBG00NPL9WH7_2021-03-18
2021-07-04 23:21:51 53      TPX_BBG000PXGT62_2021-03-18
2021-07-04 23:21:51 55      TREE_BBG000TVRB50_2021-03-18
2021-07-04 23:21:51 57      TREX_BBG000BTGKK9_2021-03-18
2021-07-04 23:21:51 59      TRHC_BBG00BT7PPY8_2021-03-18
2021-07-04 23:21:51 60      TRIP_BBG001M8HHB7_2021-03-18
2021-07-04 23:21:51 65      TRMB_BBG000BNPS52_2021-03-18
2021-07-04 23:21:51 68      TROW_BBG000BVMPN3_2021-03-18
2021-07-04 23:21:51 70      TRU_BBG002Q7J5Z1_2021-03-18
2021-07-04 23:21:51 72      TRUP_BBG002BC7WC5_2021-03-18
2021-07-04 23:21:51 74      TRV_BBG000BJ81C1_2021-03-18
2021-07-04 23:21:51 77      TSCO_BBG000BLXZN1_2021-03-18
2021-07-04 23:21:51 79      TSLA_BBG000N9MNX3_2021-03-18
2021-07-04 23:21:52 35      TSM_BBG000BD8ZK0_2021-03-18
2021-07-04 23:21:52 44      TSN_BBG000DKCC19_2021-03-18
2021-07-04 23:21:52 46      TSS_BBG000C1JTL6_2021-03-18
2021-07-04 23:21:52 47      TT_BBG000BM6788_2021-03-18
2021-07-04 23:21:52 49      TTC_BBG000BVQRY3_2021-03-18
2021-07-04 23:21:52 50      TTD_BBG00629NGT2_2021-03-18
2021-07-04 23:21:52 53      TTEK_BBG000BYZ0Q5_2021-03-18
2021-07-04 23:21:52 54      TTM_BBG000PVGDH9_2021-03-18
2021-07-04 23:21:52 55      TTMI_BBG000BYQ0B1_2021-03-18
2021-07-04 23:21:52 57      TTWO_BBG000BS1YV5_2021-03-18
2021-07-04 23:21:52 60      TW_BBG00NK8H8T2_2021-03-18
2021-07-04 23:21:52 62      TWLO_BBG0029ZX840_2021-03-18
2021-07-04 23:21:52 65      TWNK_BBG00B6KGNN1_2021-03-18
2021-07-04 23:21:52 67      TWOU_BBG001KS9450_2021-03-18
2021-07-04 23:21:52 69      TWTR_BBG000H6HNW3_2021-03-18
2021-07-04 23:21:52 77      TXG_BBG007WX14X0_2021-03-18
2021-07-04 23:21:52 79      TXN_BBG000BVV7G1_2021-03-18
2021-07-04 23:21:52 85      TXRH_BBG000PSJMV7_2021-03-18
2021-07-04 23:21:52 89      TXT_BBG000BVVQQ8_2021-03-18
2021-07-04 23:21:52 90      TYL_BBG000BVWZF9_2021-03-18
2021-07-04 23:21:52 92      UA_BBG009DTD8H2_2021-03-18
2021-07-04 23:21:52 94      UAA_BBG000BXM6V2_2021-03-18
2021-07-04 23:21:52 97      UAL_BBG000M65M61_2021-03-18
2021-07-04 23:21:53 07      UBER_BBG002B04MT8_2021-03-18
2021-07-04 23:21:53 14      UCTT_BBG000HSLV70_2021-03-18
2021-07-04 23:21:53 15      UDR_BBG000C41023_2021-03-18
2021-07-04 23:21:53 18      UFPI_BBG000BL0T06_2021-03-18
2021-07-04 23:21:53 19      UFS_BBG000BHFHP8_2021-03-18
2021-07-04 23:21:53 20      UGI_BBG000BVYN55_2021-03-18
2021-07-04 23:21:53 22      UHS_BBG000CB8Q50_2021-03-18
2021-07-04 23:21:53 24      UI_BBG001R72SR9_2021-03-18
2021-07-04 23:21:53 25      ULTA_BBG00FWQ4VD6_2021-03-18
2021-07-04 23:21:53 27      UMBF_BBG000DD8WX1_2021-03-18
2021-07-04 23:21:53 28      UNF_BBG000BW29L1_2021-03-18
2021-07-04 23:21:53 29      UNH_BBG000CH5208_2021-03-18
2021-07-04 23:21:53 33      UNM_BBG000BW2QX0_2021-03-18
2021-07-04 23:21:53 35      UNP_BBG000BW3299_2021-03-18
2021-07-04 23:21:53 39      UNVR_BBG000BDHD29_2021-03-18
2021-07-04 23:21:53 40      UPS_BBG000L9CV04_2021-03-18
2021-07-04 23:21:53 43      UPWK_BBG00FBJ6390_2021-03-18
2021-07-04 23:21:53 47      URBN_BBG000BL79J3_2021-03-18
2021-07-04 23:21:53 50      URI_BBG000BXMFC3_2021-03-18
2021-07-04 23:21:53 51      USB_BBG000FFDM15_2021-03-18
2021-07-04 23:21:53 56      USFD_BBG00C6H6D40_2021-03-18
2021-07-04 23:21:53 58      USM_BBG000BW6P59_2021-03-18
2021-07-04 23:21:53 59      USNA_BBG000BX28M0_2021-03-18
2021-07-04 23:21:53 60      USPH_BBG000CSRSG6_2021-03-18
2021-07-04 23:21:53 61      UTHR_BBG000BV4XJ1_2021-03-18
2021-07-04 23:21:53 63      UTL_BBG000BW7X97_2021-03-18
2021-07-04 23:21:53 64      UTX_BBG0089KM290_2021-03-18
2021-07-04 23:21:53 64      V_BBG000PSKYX7_2021-03-18
2021-07-04 23:21:53 70      VAC_BBG001J2R5H3_2021-03-18
2021-07-04 23:21:53 72      VALE_BBG000BN5LG7_2021-03-18
2021-07-04 23:21:53 75      VC_BBG0016T3GQ0_2021-03-18
2021-07-04 23:21:53 77      VCEL_BBG000BDCM24_2021-03-18
2021-07-04 23:21:53 80      VCRA_BBG00179VSY7_2021-03-18
2021-07-04 23:21:53 81      VCYT_BBG001J2M542_2021-03-18
2021-07-04 23:21:53 83      VEEV_BBG001CGB489_2021-03-18
2021-07-04 23:21:53 85      VEON_BBG000QCW561_2021-03-18
2021-07-04 23:21:53 87      VFC_BBG000BWCKB6_2021-03-18
2021-07-04 23:21:53 90      VG_BBG000BRB5D9_2021-03-18
2021-07-04 23:21:53 92      VIAC_BBG000C496P7_2021-03-18
2021-07-04 23:21:54 03      VICR_BBG000C3VHF1_2021-03-18
2021-07-04 23:21:54 04      VIE_BBG00K6P5XM1_2021-03-18
2021-07-04 23:21:54 04      VIPS_BBG002NLDLV8_2021-03-18
2021-07-04 23:21:54 08      VIR_BBG00H2QQ8T5_2021-03-18
2021-07-04 23:21:54 11      VLO_BBG000BBGGQ1_2021-03-18
2021-07-04 23:21:54 16      VMC_BBG000BWGYF8_2021-03-18
2021-07-04 23:21:54 17      VMI_BBG000BWB7V4_2021-03-18
2021-07-04 23:21:54 18      VMW_BBG000BC9938_2021-03-18
2021-07-04 23:21:54 20      VNDA_BBG000HT5MG6_2021-03-18
2021-07-04 23:21:54 21      VNE_BBG00K4MPP27_2021-03-18
2021-07-04 23:21:54 22      VNO_BBG000BWHD54_2021-03-18
2021-07-04 23:21:54 24      VNT_BBG00RRGSJR4_2021-03-18
2021-07-04 23:21:54 25      VPG_BBG000PRQ0V9_2021-03-18
2021-07-04 23:21:54 26      VREX_BBG00CZNLR47_2021-03-18
2021-07-04 23:21:54 27      VRNS_BBG001Y04TN6_2021-03-18
2021-07-04 23:21:54 27      VRNT_BBG000BCBYT2_2021-03-18
2021-07-04 23:21:54 30      VRSK_BBG000BCZL41_2021-03-18
2021-07-04 23:21:54 32      VRSN_BBG000BGKHZ3_2021-03-18
2021-07-04 23:21:54 35      VRTS_BBG000DMFQS2_2021-03-18
2021-07-04 23:21:54 36      VRTV_BBG005XZHR97_2021-03-18
2021-07-04 23:21:54 37      VRTX_BBG000C1S2X2_2021-03-18
2021-07-04 23:21:54 41      VTR_BBG000FRVHB9_2021-03-18
2021-07-04 23:21:54 43      VTRS_BBG00Y4RQNH4_2021-03-18
2021-07-04 23:21:54 46      VZ_BBG000HS77T5_2021-03-18
2021-07-04 23:21:54 52      W_BBG001B17MV2_2021-03-18
2021-07-04 23:21:54 54      WAB_BBG000BDD940_2021-03-18
2021-07-04 23:21:54 56      WAL_BBG000Q1KFH4_2021-03-18
2021-07-04 23:21:54 57      WAT_BBG000FQRVM3_2021-03-18
2021-07-04 23:21:54 58      WAT: SPYKE!. Candle: ID:9, Time: 13:35, Close: 265.5
2021-07-04 23:21:54 59      WB_BBG0065XPGX9_2021-03-18
2021-07-04 23:21:54 64      WBA_BBG000BWLMJ4_2021-03-18
2021-07-04 23:21:54 68      WCC_BBG000D0FNV3_2021-03-18
2021-07-04 23:21:54 69      WDAY_BBG000VC0T95_2021-03-18
2021-07-04 23:21:54 72      WDC_BBG000BWNFZ9_2021-03-18
2021-07-04 23:21:54 76      WDFC_BBG000BWNV93_2021-03-18
2021-07-04 23:21:54 77      WEC_BBG000BWP7D9_2021-03-18
2021-07-04 23:21:54 80      WELL_BBG000BKY1G5_2021-03-18
2021-07-04 23:21:54 82      WERN_BBG000BWPP85_2021-03-18
2021-07-04 23:21:54 83      WEX_BBG000BVZP59_2021-03-18
2021-07-04 23:21:54 85      WFC_BBG000BWQFY7_2021-03-18
2021-07-04 23:21:54 94      WGO_BBG000BWS3F3_2021-03-18
2021-07-04 23:21:54 95      WH_BBG00HCY3Q67_2021-03-18
2021-07-04 23:21:54 97      WHD_BBG00JRH1P95_2021-03-18
2021-07-04 23:21:54 98      WHR_BBG000BWSV34_2021-03-18
2021-07-04 23:21:54 99      WING_BBG008N298Y8_2021-03-18
2021-07-04 23:21:55 01      WK_BBG007BVZ8H9_2021-03-18
2021-07-04 23:21:55 03      WLK_BBG000PXZFW2_2021-03-18
2021-07-04 23:21:55 04      WLTW_BBG000DB3KT1_2021-03-18
2021-07-04 23:21:55 05      WM_BBG000BWVSR1_2021-03-18
2021-07-04 23:21:55 08      WMB_BBG000BWVCP8_2021-03-18
2021-07-04 23:21:55 11      WMT_BBG000BWXBC2_2021-03-18
2021-07-04 23:21:55 17      WOR_BBG000HL7499_2021-03-18
2021-07-04 23:21:55 19      WORK_BBG007G7V505_2021-03-18
2021-07-04 23:21:55 21      WRB_BBG000BD1HP2_2021-03-18
2021-07-04 23:21:55 22      WRK_BBG008NXC572_2021-03-18
2021-07-04 23:21:55 24      WRLD_BBG000C3G9J2_2021-03-18
2021-07-04 23:21:55 25      WSC_BBG00B0FS947_2021-03-18
2021-07-04 23:21:55 27      WSM_BBG000FSMWC3_2021-03-18
2021-07-04 23:21:55 30      WSO_BBG000DJN7L9_2021-03-18
2021-07-04 23:21:55 31      WST_BBG000BX24N8_2021-03-18
2021-07-04 23:21:55 33      WTFC_BBG000HD3DW5_2021-03-18
2021-07-04 23:21:55 35      WTS_BBG000C4Z6C2_2021-03-18
2021-07-04 23:21:55 35      WTTR_BBG00G4Y2DC1_2021-03-18
2021-07-04 23:21:55 37      WU_BBG000BB5373_2021-03-18
2021-07-04 23:21:55 39      WWD_BBG000BD53V2_2021-03-18
2021-07-04 23:21:55 41      WWE_BBG000F5YH15_2021-03-18
2021-07-04 23:21:55 42      WWW_BBG000BX2YN2_2021-03-18
2021-07-04 23:21:55 43      WY_BBG000BX3BL3_2021-03-18
2021-07-04 23:21:55 46      WYNN_BBG000LD9JQ8_2021-03-18
2021-07-04 23:21:55 49      XEC_BBG000D6L294_2021-03-18
2021-07-04 23:21:55 51      XEL_BBG000BCTQ65_2021-03-18
2021-07-04 23:21:55 55      XLNX_BBG000C0F570_2021-03-18
2021-07-04 23:21:55 60      XLRN_BBG000R5HWZ1_2021-03-18
2021-07-04 23:21:55 61      XNCR_BBG0026ZG4W0_2021-03-18
2021-07-04 23:21:55 62      XOM_BBG000GZQ728_2021-03-18
2021-07-04 23:21:55 72      XPO_BBG000L5CJF3_2021-03-18
2021-07-04 23:21:55 74      XRAY_BBG000BX57K1_2021-03-18
2021-07-04 23:21:55 76      XRX_BBG00NNG2ZJ8_2021-03-18
2021-07-04 23:21:55 78      XYL_BBG001D8R5D0_2021-03-18
2021-07-04 23:21:55 80      Y_BBG000BX6BJ3_2021-03-18
2021-07-04 23:21:55 81      YELP_BBG000Q2HM09_2021-03-18
2021-07-04 23:21:55 82      YETI_BBG00D8JC882_2021-03-18
2021-07-04 23:21:55 84      YEXT_BBG001MKZGY7_2021-03-18
2021-07-04 23:21:55 85      YUM_BBG000BH3GZ2_2021-03-18
2021-07-04 23:21:55 88      YUMC_BBG00B8N0HG1_2021-03-18
2021-07-04 23:21:55 89      YY_BBG003H0XV18_2021-03-18
2021-07-04 23:21:55 91      Z_BBG009NRSWJ4_2021-03-18
2021-07-04 23:21:55 97      ZBH_BBG000BKPL53_2021-03-18
2021-07-04 23:21:55 99      ZBRA_BBG000CC7LQ7_2021-03-18
2021-07-04 23:21:56 01      ZEN_BBG001HRFJG4_2021-03-18
2021-07-04 23:21:56 02      ZG_BBG000D13GN8_2021-03-18
2021-07-04 23:21:56 05      ZGNX_BBG000VDC3G9_2021-03-18
2021-07-04 23:21:56 07      ZI_BBG00S1HJ3M8_2021-03-18
2021-07-04 23:21:56 10      ZION_BBG000BX9WL1_2021-03-18
2021-07-04 23:21:56 14      ZM_BBG0042V6JM8_2021-03-18
2021-07-04 23:21:56 24      ZNH_BBG000BXQ7R1_2021-03-18
2021-07-04 23:21:56 25      ZS_BBG003338H34_2021-03-18
2021-07-04 23:21:56 29      ZTS_BBG0039320N9_2021-03-18
2021-07-04 23:21:56 32      ZUMZ_BBG000PYX812_2021-03-18
2021-07-04 23:21:56 35      ZUO_BBG000BT3HG5_2021-03-18
2021-07-04 23:21:56 36      ZYNE_BBG007BBS8B7_2021-03-18
2021-07-04 23:21:56 49      ZYXI_BBG000BJBXZ2_2021-03-18
2021-07-04 23:21:56 52      Total candles read: 5949584
2021-07-04 23:21:56 52      Start DisposeAsync...
2021-07-04 23:21:56 53      Trade statistic. Total/Pos/Neg/(ratio): 2/1/1/(1); Profit: -0.32/-0.16; Volume: 0; MaxVolume: 180.01; Commission: 0.260700;
2021-07-04 23:21:56 53      BaseBot::DisposeAsync...
2021-07-04 23:21:56 53      BaseBot::DisposeAsync done!
2021-07-04 23:21:56 53      End DisposeAsync...
