2021-06-08 01:16:16 30      mode=TestTradeBot;DumpQuotes=false;SubscribeQuotes=false;Strategies=BuyTheDipPremarket;Token=token.txt;ConfigPath=usd.json;OutputFolder=.\new\;CandlesPath=C:\tinkoff\TestData\RawQuotes\5m\uncompressed\quotes_2021-03-18;
2021-06-08 01:16:16 31      Trade bot created
2021-06-08 01:16:16 33      Fake connection created
2021-06-08 01:16:17 00      List of disabled tickers: 
2021-06-08 01:16:17 01      A_BBG000C2V3D6_2021-03-18
2021-06-08 01:16:17 08      AA_BBG00B3T3HD3_2021-03-18
2021-06-08 01:16:17 11      AAL_BBG005P7Q881_2021-03-18
2021-06-08 01:16:17 16      AAL: SPYKE!. Candle: ID:18, Time: 4:00, Close: 24.08
2021-06-08 01:16:17 22      AAN_BBG00WCNDCZ6_2021-03-18
2021-06-08 01:16:17 23      AAON_BBG000C2LZP3_2021-03-18
2021-06-08 01:16:17 24      AAP_BBG000F7RCJ1_2021-03-18
2021-06-08 01:16:17 25      AAPL_BBG000B9XRY4_2021-03-18
2021-06-08 01:16:17 65      ABBV_BBG0025Y4RY4_2021-03-18
2021-06-08 01:16:17 70      ABC_BBG000MDCQC2_2021-03-18
2021-06-08 01:16:17 71      ABG_BBG000BKDWB5_2021-03-18
2021-06-08 01:16:17 72      ABMD_BBG000C101X4_2021-03-18
2021-06-08 01:16:17 74      ABNB_BBG001Y2XS07_2021-03-18
2021-06-08 01:16:17 77      ABT_BBG000B9ZXB4_2021-03-18
2021-06-08 01:16:17 80      ACAD_BBG000BHG9K0_2021-03-18
2021-06-08 01:16:17 83      ACH_BBG000CMRVH1_2021-03-18
2021-06-08 01:16:17 84      ACM_BBG000F61RJ8_2021-03-18
2021-06-08 01:16:17 86      ACMR_BBG00HPSG933_2021-03-18
2021-06-08 01:16:17 86      ACN_BBG000D9D830_2021-03-18
2021-06-08 01:16:17 88      ADBE_BBG000BB5006_2021-03-18
2021-06-08 01:16:17 93      ADM_BBG000BB6WG8_2021-03-18
2021-06-08 01:16:17 95      ADP_BBG000JG0547_2021-03-18
2021-06-08 01:16:17 98      ADPT_BBG001J2PFF5_2021-03-18
2021-06-08 01:16:18 00      ADS_BBG000BFNR17_2021-03-18
2021-06-08 01:16:18 01      ADSK_BBG000BM7HL0_2021-03-18
2021-06-08 01:16:18 03      ADUS_BBG000NJGX84_2021-03-18
2021-06-08 01:16:18 04      AEE_BBG000B9X8C0_2021-03-18
2021-06-08 01:16:18 05      AEIS_BBG000FKMP26_2021-03-18
2021-06-08 01:16:18 06      AEO_BBG000BGXZB5_2021-03-18
2021-06-08 01:16:18 08      AERI_BBG001KJ7WJ5_2021-03-18
2021-06-08 01:16:18 09      AES_BBG000C23KJ3_2021-03-18
2021-06-08 01:16:18 10      AFG_BBG000DPKKK0_2021-03-18
2021-06-08 01:16:18 11      AFL_BBG000BBBNC6_2021-03-18
2021-06-08 01:16:18 13      AGCO_BBG000DCCZW2_2021-03-18
2021-06-08 01:16:18 14      AGIO_BBG000QY4ZD0_2021-03-18
2021-06-08 01:16:18 15      AIG_BBG000BBDZG3_2021-03-18
2021-06-08 01:16:18 17      AIR_BBG000BBGQF1_2021-03-18
2021-06-08 01:16:18 18      AIRC_BBG00XK3WVD0_2021-03-18
2021-06-08 01:16:18 19      AIT_BBG000BBHHP9_2021-03-18
2021-06-08 01:16:18 20      AIV_BBG000DD3510_2021-03-18
2021-06-08 01:16:18 21      AIV_old_TCS3748R7540_2021-03-18
2021-06-08 01:16:18 21      Warning: figi `old` for history data does not match actual figi `BBG000DD3510`. Ticker: AIV. Will be used actual!
2021-06-08 01:16:18 21      AIZ_BBG000BZX1N5_2021-03-18
2021-06-08 01:16:18 22      AJG_BBG000BBHXQ3_2021-03-18
2021-06-08 01:16:18 24      AJRD_BBG000BKRHQ7_2021-03-18
2021-06-08 01:16:18 25      AKAM_BBG000BJQWD2_2021-03-18
2021-06-08 01:16:18 26      ALB_BBG000BJ26K7_2021-03-18
2021-06-08 01:16:18 28      ALGN_BBG000BRNLL2_2021-03-18
2021-06-08 01:16:18 30      ALGT_BBG000LJS6B8_2021-03-18
2021-06-08 01:16:18 31      ALK_BBG000BBL0Y1_2021-03-18
2021-06-08 01:16:18 32      ALL_BBG000BVMGF2_2021-03-18
2021-06-08 01:16:18 34      ALLE_BBG003PS7JV1_2021-03-18
2021-06-08 01:16:18 35      ALLK_BBG003QBJKN0_2021-03-18
2021-06-08 01:16:18 36      ALLO_BBG00KHRRDX3_2021-03-18
2021-06-08 01:16:18 37      ALLY_BBG000BC2R71_2021-03-18
2021-06-08 01:16:18 40      ALNY_BBG000BFGNJ5_2021-03-18
2021-06-08 01:16:18 41      ALRM_BBG007GNPYY7_2021-03-18
2021-06-08 01:16:18 42      ALSN_BBG001KY3845_2021-03-18
2021-06-08 01:16:18 43      ALTR_BBG000PN9NB9_2021-03-18
2021-06-08 01:16:18 43      ALXN_BBG000G30YX4_2021-03-18
2021-06-08 01:16:18 46      AMAT_BBG000BBPFB9_2021-03-18
2021-06-08 01:16:18 52      AMCX_BBG000H01H92_2021-03-18
2021-06-08 01:16:18 54      AMD_BBG000BBQCY0_2021-03-18
2021-06-08 01:16:18 69      AME_BBG000B9XG87_2021-03-18
2021-06-08 01:16:18 70      AMED_BBG000B9ZV28_2021-03-18
2021-06-08 01:16:18 72      AMG_BBG000C060M4_2021-03-18
2021-06-08 01:16:18 73      AMGN_BBG000BBS2Y0_2021-03-18
2021-06-08 01:16:18 77      AMN_BBG000BCT197_2021-03-18
2021-06-08 01:16:18 78      AMP_BBG000G3QLY3_2021-03-18
2021-06-08 01:16:18 79      AMT_BBG000B9XYV2_2021-03-18
2021-06-08 01:16:18 81      AMWD_BBG000BBX657_2021-03-18
2021-06-08 01:16:18 82      AMZN_BBG000BVPV84_2021-03-18
2021-06-08 01:16:18 91      AN_BBG000BBXLW4_2021-03-18
2021-06-08 01:16:18 92      ANAB_BBG0026ZDHR0_2021-03-18
2021-06-08 01:16:18 93      ANDE_BBG000BF8CN3_2021-03-18
2021-06-08 01:16:18 94      ANET_BBG000N2HDY5_2021-03-18
2021-06-08 01:16:18 95      ANF_BBG000H9G7X2_2021-03-18
2021-06-08 01:16:18 96      ANGI_BBG00HVKH3Q0_2021-03-18
2021-06-08 01:16:18 97      ANIK_BBG000BBKZD8_2021-03-18
2021-06-08 01:16:18 98      ANIP_BBG000KK1L04_2021-03-18
2021-06-08 01:16:18 98      ANSS_BBG000GXZ4W7_2021-03-18
2021-06-08 01:16:19 00      ANTM_BBG000BCG930_2021-03-18
2021-06-08 01:16:19 02      AON_BBG00SSQFPK6_2021-03-18
2021-06-08 01:16:19 03      AOS_BBG000BC1L02_2021-03-18
2021-06-08 01:16:19 04      AOUT_BBG00QV8FS02_2021-03-18
2021-06-08 01:16:19 05      AOUT: SPYKE!. Candle: ID:129, Time: 8:05, Close: 26.5
2021-06-08 01:16:19 05      APA_BBG00YTS96G2_2021-03-18
2021-06-08 01:16:19 07      APA: SPYKE!. Candle: ID:9, Time: 7:00, Close: 20.78
2021-06-08 01:16:19 07      APA: SPYKE!. Candle: ID:104, Time: 9:50, Close: 20.75
2021-06-08 01:16:19 08      APD_BBG000BC4JJ4_2021-03-18
2021-06-08 01:16:19 10      APEI_BBG000RVD346_2021-03-18
2021-06-08 01:16:19 10      APEI: SPYKE!. Candle: ID:30, Time: 7:10, Close: 34.2
2021-06-08 01:16:19 11      APH_BBG000B9YJ35_2021-03-18
2021-06-08 01:16:19 12      APLE_BBG006473QX9_2021-03-18
2021-06-08 01:16:19 13      APLT_BBG000DD0489_2021-03-18
2021-06-08 01:16:19 13      APLT: SPYKE!. Candle: ID:555, Time: 16:55, Close: 21.98
2021-06-08 01:16:19 13      APLT: SPYKE!. Candle: ID:571, Time: 17:00, Close: 22.57
2021-06-08 01:16:19 14      APPF_BBG008GC8CP6_2021-03-18
2021-06-08 01:16:19 15      APPN_BBG001C7PMJ2_2021-03-18
2021-06-08 01:16:19 17      APPS_BBG000HZ3562_2021-03-18
2021-06-08 01:16:19 19      APTV_BBG001QD41M9_2021-03-18
2021-06-08 01:16:19 21      ARCC_BBG000PD6X77_2021-03-18
2021-06-08 01:16:19 22      ARCT_BBG00NNW8JK1_2021-03-18
2021-06-08 01:16:19 24      ARE_BBG000BC33T9_2021-03-18
2021-06-08 01:16:19 26      ARMK_BBG001KY4N87_2021-03-18
2021-06-08 01:16:19 27      ARNA_BBG000BKXBV7_2021-03-18
2021-06-08 01:16:19 27      ARNC_BBG00R45JYB7_2021-03-18
2021-06-08 01:16:19 28      ARNC: SPYKE!. Candle: ID:13, Time: 7:15, Close: 31.9
2021-06-08 01:16:19 28      ARQT_BBG00QN8K4M4_2021-03-18
2021-06-08 01:16:19 29      ARVN_BBG00LW7YK82_2021-03-18
2021-06-08 01:16:19 30      ARW_BBG000BCD3D5_2021-03-18
2021-06-08 01:16:19 31      ARWR_BBG000BRVKH0_2021-03-18
2021-06-08 01:16:19 33      ASGN_BBG000CRN8N8_2021-03-18
2021-06-08 01:16:19 34      ASH_BBG00D0Y81M1_2021-03-18
2021-06-08 01:16:19 35      ASIX_BBG00CWTTQ41_2021-03-18
2021-06-08 01:16:19 36      ATEX_BBG0081NLHR0_2021-03-18
2021-06-08 01:16:19 36      ATGE_BBG000DQBZJ7_2021-03-18
2021-06-08 01:16:19 37      ATKR_BBG000QTFDQ4_2021-03-18
2021-06-08 01:16:19 37      ATR_BBG000BGX2S0_2021-03-18
2021-06-08 01:16:19 38      ATRA_BBG005Q3MQY4_2021-03-18
2021-06-08 01:16:19 41      ATRC_BBG000BL6CB5_2021-03-18
2021-06-08 01:16:19 41      ATRI_BBG000DTT624_2021-03-18
2021-06-08 01:16:19 42      ATRO_BBG000BCLBY5_2021-03-18
2021-06-08 01:16:19 43      ATUS_BBG00GFMPRK0_2021-03-18
2021-06-08 01:16:19 45      ATVI_BBG000CVWGS6_2021-03-18
2021-06-08 01:16:19 49      AVAV_BBG000GX14P2_2021-03-18
2021-06-08 01:16:19 51      AVB_BBG000BLPBL5_2021-03-18
2021-06-08 01:16:19 52      AVGO_BBG00KHY5S69_2021-03-18
2021-06-08 01:16:19 55      AVLR_BBG000R4Y9C1_2021-03-18
2021-06-08 01:16:19 59      AVNS_BBG005L86G05_2021-03-18
2021-06-08 01:16:19 60      AVNT_BBG000C8NJ10_2021-03-18
2021-06-08 01:16:19 61      AVTR_BBG00G2HHYD7_2021-03-18
2021-06-08 01:16:19 62      AVY_BBG000BCQ4P6_2021-03-18
2021-06-08 01:16:19 63      AWI_BBG000DW4LB1_2021-03-18
2021-06-08 01:16:19 64      AWK_BBG000TRJ294_2021-03-18
2021-06-08 01:16:19 65      AWR_BBG000F964B6_2021-03-18
2021-06-08 01:16:19 66      AX_BBG000QPHD08_2021-03-18
2021-06-08 01:16:19 67      AXGN_BBG000BN46R9_2021-03-18
2021-06-08 01:16:19 68      AXP_BBG000BCQZS4_2021-03-18
2021-06-08 01:16:19 71      AXSM_BBG00B6G7GL7_2021-03-18
2021-06-08 01:16:19 72      AYI_BBG000BJ5HK0_2021-03-18
2021-06-08 01:16:19 73      AYX_BBG000BGZT72_2021-03-18
2021-06-08 01:16:19 76      AZO_BBG000C7LMS8_2021-03-18
2021-06-08 01:16:19 77      AZPN_BBG000DFMXT3_2021-03-18
2021-06-08 01:16:19 78      BA_BBG000BCSST7_2021-03-18
2021-06-08 01:16:19 85      BABA_BBG006G2JVL2_2021-03-18
2021-06-08 01:16:19 97      BAC_BBG000BCTLF6_2021-03-18
2021-06-08 01:16:20 08      BAH_BBG000R2YFG7_2021-03-18
2021-06-08 01:16:20 10      BAND_BBG001K003W2_2021-03-18
2021-06-08 01:16:20 11      BAX_BBG000BCVJ77_2021-03-18
2021-06-08 01:16:20 13      BBIO_BBG00P9KDZK6_2021-03-18
2021-06-08 01:16:20 14      BBSI_BBG000BHJSC4_2021-03-18
2021-06-08 01:16:20 15      BBY_BBG000BCWCG1_2021-03-18
2021-06-08 01:16:20 17      BC_BBG000BCWSS3_2021-03-18
2021-06-08 01:16:20 18      BCO_BBG000DR5QP5_2021-03-18
2021-06-08 01:16:20 19      BCPC_BBG000BCY878_2021-03-18
2021-06-08 01:16:20 20      BDC_BBG000Q4XNV1_2021-03-18
2021-06-08 01:16:20 21      BDTX_BBG00MS4Y0W9_2021-03-18
2021-06-08 01:16:20 22      BDX_BBG000BCZYD3_2021-03-18
2021-06-08 01:16:20 24      BECN_BBG000BKTXF2_2021-03-18
2021-06-08 01:16:20 24      BEN_BBG000BD0TF8_2021-03-18
2021-06-08 01:16:20 27      BERY_BBG000Q1R1Y9_2021-03-18
2021-06-08 01:16:20 28      BF.B_BBG000BD2NY8_2021-03-18
2021-06-08 01:16:20 29      BFAM_BBG003LFWP05_2021-03-18
2021-06-08 01:16:20 29      BFYT_BBG003QRSQD3_2021-03-18
2021-06-08 01:16:20 30      BGS_BBG000RKXRQ1_2021-03-18
2021-06-08 01:16:20 31      BH_BBG00JPRDQH1_2021-03-18
2021-06-08 01:16:20 31      BHF_BBG00DYPZ4T0_2021-03-18
2021-06-08 01:16:20 33      BIDU_BBG000QXWHD1_2021-03-18
2021-06-08 01:16:20 42      BIG_BBG000J0D904_2021-03-18
2021-06-08 01:16:20 43      BIIB_BBG000C17X76_2021-03-18
2021-06-08 01:16:20 45      BILI_BBG00K7T3037_2021-03-18
2021-06-08 01:16:20 49      BILL_BBG00QVJV6V4_2021-03-18
2021-06-08 01:16:20 51      BIO_BBG000DY28W5_2021-03-18
2021-06-08 01:16:20 52      BJRI_BBG000H9LNX1_2021-03-18
2021-06-08 01:16:20 53      BK_BBG000BD8PN9_2021-03-18
2021-06-08 01:16:20 56      BKI_BBG00GX77LW3_2021-03-18
2021-06-08 01:16:20 57      BKNG_BBG000BLBVN4_2021-03-18
2021-06-08 01:16:20 59      BKR_BBG00GBVBK51_2021-03-18
2021-06-08 01:16:20 61      BL_BBG0029KJVB0_2021-03-18
2021-06-08 01:16:20 62      BLD_BBG0077VS2C0_2021-03-18
2021-06-08 01:16:20 63      BLDR_BBG000BKD3K9_2021-03-18
2021-06-08 01:16:20 65      BLK_BBG000C2PW58_2021-03-18
2021-06-08 01:16:20 66      BLKB_BBG000BGGTW5_2021-03-18
2021-06-08 01:16:20 67      BLL_BBG000BDDNH5_2021-03-18
2021-06-08 01:16:20 69      BLUE_BBG000QGWY50_2021-03-18
2021-06-08 01:16:20 72      BMI_BBG000BDGHD9_2021-03-18
2021-06-08 01:16:20 72      BMRN_BBG000CZWZ05_2021-03-18
2021-06-08 01:16:20 74      BMY_BBG000DQLV23_2021-03-18
2021-06-08 01:16:20 78      BOH_BBG000C8D8G9_2021-03-18
2021-06-08 01:16:20 79      BOKF_BBG000CFZ003_2021-03-18
2021-06-08 01:16:20 80      BOOT_BBG0077SYZV6_2021-03-18
2021-06-08 01:16:20 81      BOX_BBG000PMSK08_2021-03-18
2021-06-08 01:16:20 83      BPMC_BBG001MC8YF7_2021-03-18
2021-06-08 01:16:20 85      BR_BBG000PPFKQ7_2021-03-18
2021-06-08 01:16:20 86      BRC_BBG000BDNV95_2021-03-18
2021-06-08 01:16:20 86      BRK.B_BBG000DWG505_2021-03-18
2021-06-08 01:16:20 90      BRKR_BBG000CL1FG7_2021-03-18
2021-06-08 01:16:20 91      BRO_BBG000BWSGF4_2021-03-18
2021-06-08 01:16:20 92      BSX_BBG000C0LW92_2021-03-18
2021-06-08 01:16:20 95      BTAI_BBG00K20GVD2_2021-03-18
2021-06-08 01:16:20 96      BTI_BBG000BWPXQ8_2021-03-18
2021-06-08 01:16:20 97      BUD_BBG000RYC984_2021-03-18
2021-06-08 01:16:20 99      BURL_BBG004S641N5_2021-03-18
2021-06-08 01:16:21 00      BWA_BBG000BJ49H3_2021-03-18
2021-06-08 01:16:21 02      BWXT_BBG000D86F25_2021-03-18
2021-06-08 01:16:21 03      BX_BBG000BH0106_2021-03-18
2021-06-08 01:16:21 04      BXP_BBG000BS5CM9_2021-03-18
2021-06-08 01:16:21 05      BYND_BBG003CVJP50_2021-03-18
2021-06-08 01:16:21 08      BZUN_BBG008HNS333_2021-03-18
2021-06-08 01:16:21 09      C_BBG000FY4S11_2021-03-18
2021-06-08 01:16:21 15      CABO_BBG000F02T51_2021-03-18
2021-06-08 01:16:21 16      CACC_BBG000CS0D96_2021-03-18
2021-06-08 01:16:21 17      CAG_BBG000BDXGP9_2021-03-18
2021-06-08 01:16:21 18      CAH_BBG000D898T9_2021-03-18
2021-06-08 01:16:21 20      CALM_BBG000CDMJW6_2021-03-18
2021-06-08 01:16:21 20      CALM: SPYKE!. Candle: ID:6, Time: 12:00, Close: 39.69
2021-06-08 01:16:21 20      CARA_BBG001J2QYS9_2021-03-18
2021-06-08 01:16:21 21      CARG_BBG00HQ77DS2_2021-03-18
2021-06-08 01:16:21 22      CARR_BBG00RP5HYS8_2021-03-18
2021-06-08 01:16:21 25      CARS_BBG000HGTH33_2021-03-18
2021-06-08 01:16:21 26      CASY_BBG000BF0672_2021-03-18
2021-06-08 01:16:21 27      CAT_BBG000BF0K17_2021-03-18
2021-06-08 01:16:21 30      CB_BBG000BR14K5_2021-03-18
2021-06-08 01:16:21 33      CBRE_BBG000C04224_2021-03-18
2021-06-08 01:16:21 34      CBRL_BBG000BF33K1_2021-03-18
2021-06-08 01:16:21 34      CBSH_BBG000BF3G77_2021-03-18
2021-06-08 01:16:21 35      CBU_BBG000BF4D19_2021-03-18
2021-06-08 01:16:21 36      CCI_BBG000FV1Z23_2021-03-18
2021-06-08 01:16:21 37      CCK_BBG000BF6756_2021-03-18
2021-06-08 01:16:21 38      CCL_BBG000BF6LY3_2021-03-18
2021-06-08 01:16:21 48      CCOI_BBG000D0SMY8_2021-03-18
2021-06-08 01:16:21 48      CCXI_BBG000PTSB12_2021-03-18
2021-06-08 01:16:21 49      CDK_BBG006B6PVN9_2021-03-18
2021-06-08 01:16:21 51      CDLX_BBG00225ZDD0_2021-03-18
2021-06-08 01:16:21 52      CDNA_BBG006JS5785_2021-03-18
2021-06-08 01:16:21 52      CDNA: SPYKE!. Candle: ID:24, Time: 13:30, Close: 69.19
2021-06-08 01:16:21 53      CDNS_BBG000C13CD9_2021-03-18
2021-06-08 01:16:21 55      CDW_BBG001P63B80_2021-03-18
2021-06-08 01:16:21 59      CE_BBG000JYP7L8_2021-03-18
2021-06-08 01:16:21 60      CEA_BBG000BCFNR4_2021-03-18
2021-06-08 01:16:21 60      CENT_BBG000BFD605_2021-03-18
2021-06-08 01:16:21 61      CENTA_BBG000KTYB56_2021-03-18
2021-06-08 01:16:21 62      CERN_BBG000BFDLV8_2021-03-18
2021-06-08 01:16:21 63      CEVA_BBG000BN3P07_2021-03-18
2021-06-08 01:16:21 64      CF_BBG000BWJFZ4_2021-03-18
2021-06-08 01:16:21 65      CFG_BBG006Q0HY77_2021-03-18
2021-06-08 01:16:21 68      CFR_BBG000C2PL98_2021-03-18
2021-06-08 01:16:21 70      CFX_BBG000C5Z443_2021-03-18
2021-06-08 01:16:21 71      CGEN_BBG000B9ZLB0_2021-03-18
2021-06-08 01:16:21 73      CGNX_BBG000BPBVW5_2021-03-18
2021-06-08 01:16:21 74      CHD_BBG000BFJT36_2021-03-18
2021-06-08 01:16:21 76      CHDN_BBG000BGXMG9_2021-03-18
2021-06-08 01:16:21 77      CHE_BBG000C19QW1_2021-03-18
2021-06-08 01:16:21 77      CHEF_BBG001MFW6D6_2021-03-18
2021-06-08 01:16:21 79      CHGG_BBG0014XR0N5_2021-03-18
2021-06-08 01:16:21 80      CHH_BBG000BPBTL2_2021-03-18
2021-06-08 01:16:21 81      CHKP_BBG000K82ZT8_2021-03-18
2021-06-08 01:16:21 82      CHNG_BBG0059KNH10_2021-03-18
2021-06-08 01:16:21 83      CHRW_BBG000BTCH57_2021-03-18
2021-06-08 01:16:21 84      CHTR_BBG000VPGNR2_2021-03-18
2021-06-08 01:16:21 87      CHWY_BBG00P19DKZ6_2021-03-18
2021-06-08 01:16:21 87      CHWY: SPYKE!. Candle: ID:127, Time: 8:35, Close: 80.01
2021-06-08 01:16:21 88      CHX_BBG00JH9TZ56_2021-03-18
2021-06-08 01:16:21 90      CI_BBG00KXRCDP0_2021-03-18
2021-06-08 01:16:21 91      CIEN_BBG000BP1152_2021-03-18
2021-06-08 01:16:21 93      CINF_BBG000BFPK65_2021-03-18
2021-06-08 01:16:21 94      CL_BBG000BFQYY3_2021-03-18
2021-06-08 01:16:21 97      CLDR_BBG000DRJFC8_2021-03-18
2021-06-08 01:16:21 99      CLDT_BBG000PT6BR8_2021-03-18
2021-06-08 01:16:21 99      CLF_BBG000BFRF55_2021-03-18
2021-06-08 01:16:22 02      CLGX_BBG000C2H3F0_2021-03-18
2021-06-08 01:16:22 02      CLH_BBG000BFRRX8_2021-03-18
2021-06-08 01:16:22 03      CLR_BBG000BHBGN6_2021-03-18
2021-06-08 01:16:22 05      CLX_BBG000BFS7D3_2021-03-18
2021-06-08 01:16:22 06      CMA_BBG000C75N77_2021-03-18
2021-06-08 01:16:22 08      CMC_BBG000BFSND8_2021-03-18
2021-06-08 01:16:22 09      CMCO_BBG000BCWWV0_2021-03-18
2021-06-08 01:16:22 10      CMCSA_BBG000BFT2L4_2021-03-18
2021-06-08 01:16:22 15      CME_BBG000BHLYP4_2021-03-18
2021-06-08 01:16:22 17      CMG_BBG000QX74T1_2021-03-18
2021-06-08 01:16:22 18      CMI_BBG000BGPTV6_2021-03-18
2021-06-08 01:16:22 19      CMP_BBG000C42WS4_2021-03-18
2021-06-08 01:16:22 20      CMS_BBG000BFVXX0_2021-03-18
2021-06-08 01:16:22 22      CNC_BBG000BDXCJ5_2021-03-18
2021-06-08 01:16:22 23      CNK_BBG000QDVR53_2021-03-18
2021-06-08 01:16:22 27      CNP_BBG000FDBX90_2021-03-18
2021-06-08 01:16:22 28      CNS_BBG000BB0WG4_2021-03-18
2021-06-08 01:16:22 29      CNST_BBG000R1H6P8_2021-03-18
2021-06-08 01:16:22 30      CNXC_BBG00RCNQMX3_2021-03-18
2021-06-08 01:16:22 31      CNXN_BBG000BX74M4_2021-03-18
2021-06-08 01:16:22 32      COF_BBG000BGKTF9_2021-03-18
2021-06-08 01:16:22 33      COG_BBG000C3GN47_2021-03-18
2021-06-08 01:16:22 36      COHR_BBG000BG1DH3_2021-03-18
2021-06-08 01:16:22 36      COKE_BBG000BG1SX2_2021-03-18
2021-06-08 01:16:22 37      COLM_BBG000BKKQ84_2021-03-18
2021-06-08 01:16:22 38      CONE_BBG0038V5TX1_2021-03-18
2021-06-08 01:16:22 39      COO_BBG000BG3445_2021-03-18
2021-06-08 01:16:22 40      COP_BBG000BQQH30_2021-03-18
2021-06-08 01:16:22 44      CORR_BBG000CN80Y9_2021-03-18
2021-06-08 01:16:22 45      CORT_BBG000BKJG33_2021-03-18
2021-06-08 01:16:22 46      COST_BBG000F6H8W8_2021-03-18
2021-06-08 01:16:22 50      COTY_BBG000F395V1_2021-03-18
2021-06-08 01:16:22 52      COUP_BBG001J4BCN4_2021-03-18
2021-06-08 01:16:22 55      CPB_BBG000BG4202_2021-03-18
2021-06-08 01:16:22 56      CPRI_BBG0029SNR63_2021-03-18
2021-06-08 01:16:22 58      CPRT_BBG000BM9RH1_2021-03-18
2021-06-08 01:16:22 59      CPS_BBG000PSXT64_2021-03-18
2021-06-08 01:16:22 60      CR_BBG000BG7423_2021-03-18
2021-06-08 01:16:22 60      CREE_BBG000BG14P4_2021-03-18
2021-06-08 01:16:22 62      CRI_BBG000CTM4J9_2021-03-18
2021-06-08 01:16:22 64      CRL_BBG000BG5BL8_2021-03-18
2021-06-08 01:16:22 64      CRM_BBG000BN2DC2_2021-03-18
2021-06-08 01:16:22 68      CRMT_BBG000CM6L31_2021-03-18
2021-06-08 01:16:22 68      CRMT: SPYKE!. Candle: ID:4, Time: 13:30, Close: 160.33
2021-06-08 01:16:22 69      CROX_BBG000BLY663_2021-03-18
2021-06-08 01:16:22 70      CRS_BBG000BGCQT9_2021-03-18
2021-06-08 01:16:22 71      CRTX_BBG00BTK1DT8_2021-03-18
2021-06-08 01:16:22 72      CRUS_BBG000C1DHF5_2021-03-18
2021-06-08 01:16:22 73      CRVL_BBG000CVKZY0_2021-03-18
2021-06-08 01:16:22 74      CRWD_BBG00BLYKS03_2021-03-18
2021-06-08 01:16:22 80      CSCO_BBG000C3J3C9_2021-03-18
2021-06-08 01:16:22 87      CSGP_BBG000D7JKW9_2021-03-18
2021-06-08 01:16:22 89      CSGS_BBG000G3TQV2_2021-03-18
2021-06-08 01:16:22 90      CSII_BBG000NWQ9S5_2021-03-18
2021-06-08 01:16:22 90      CSL_BBG000BGGBT8_2021-03-18
2021-06-08 01:16:22 91      CSOD_BBG0016X4XN6_2021-03-18
2021-06-08 01:16:22 92      CSWI_BBG007NLG4L3_2021-03-18
2021-06-08 01:16:22 93      CSX_BBG000BGJRC8_2021-03-18
2021-06-08 01:16:22 96      CTAS_BBG000H3YXF8_2021-03-18
2021-06-08 01:16:22 97      CTB_BBG000BGKXV2_2021-03-18
2021-06-08 01:16:22 98      CTLT_BBG005XR47P5_2021-03-18
2021-06-08 01:16:22 99      CTSH_BBG000BBDV81_2021-03-18
2021-06-08 01:16:23 01      CTVA_BBG00BN969C1_2021-03-18
2021-06-08 01:16:23 02      CTXS_BBG000FQ6PY6_2021-03-18
2021-06-08 01:16:23 04      CVCO_BBG000K4WS65_2021-03-18
2021-06-08 01:16:23 05      CVET_BBG00KR691K8_2021-03-18
2021-06-08 01:16:23 06      CVGW_BBG000BGPQW1_2021-03-18
2021-06-08 01:16:23 06      CVLT_BBG000BG88X9_2021-03-18
2021-06-08 01:16:23 07      CVNA_BBG00GCTWDJ3_2021-03-18
2021-06-08 01:16:23 09      CVS_BBG000BGRY34_2021-03-18
2021-06-08 01:16:23 11      CVX_BBG000K4ND22_2021-03-18
2021-06-08 01:16:23 18      CW_BBG000BGSPS5_2021-03-18
2021-06-08 01:16:23 19      CWST_BBG000BT0J38_2021-03-18
2021-06-08 01:16:23 19      CWT_BBG000D8KTN6_2021-03-18
2021-06-08 01:16:23 20      CY_BBG000BXNJ07_2021-03-18
2021-06-08 01:16:23 21      D_BBG000BGVW60_2021-03-18
2021-06-08 01:16:23 23      DAL_BBG000R7Z112_2021-03-18
2021-06-08 01:16:23 28      DAR_BBG000BN8ZK8_2021-03-18
2021-06-08 01:16:23 29      DBX_BBG0018SLDN0_2021-03-18
2021-06-08 01:16:23 32      DCI_BBG000BGZP70_2021-03-18
2021-06-08 01:16:23 33      DCPH_BBG00HMJ9H54_2021-03-18
2021-06-08 01:16:23 34      DD_BBG00BN961G4_2021-03-18
2021-06-08 01:16:23 36      DDOG_BBG003NJHZT9_2021-03-18
2021-06-08 01:16:23 41      DDS_BBG000BS4MP5_2021-03-18
2021-06-08 01:16:23 42      DE_BBG000BH1NH9_2021-03-18
2021-06-08 01:16:23 45      DECK_BBG000BKXYX5_2021-03-18
2021-06-08 01:16:23 46      DELL_BBG00DW3SZS1_2021-03-18
2021-06-08 01:16:23 48      DFS_BBG000QBR5J5_2021-03-18
2021-06-08 01:16:23 50      DG_BBG000NV1KK7_2021-03-18
2021-06-08 01:16:23 53      DG: BuyPending. Strategy: BuyTheDipPremarket. Price: 180.01. Lots: 1. ChangeOpenToCurrent: -5.96. changeFromLow: 0.79. Candle: ID:53, Time: 10:55, Close: 180.01.
2021-06-08 01:16:23 53      DG: OrderID: b2cd3595. PlacedOrder. Status: New. RejectReason: 
2021-06-08 01:16:23 53      DG: OrderID: b2cd3595 fully executed
2021-06-08 01:16:23 53      DG: Closing by timeout. Close price: 179.34. Lots: 1. Profit: -0.67(-0.37%). Candle: ID:201, Time: 11:15, Close: 179.34
2021-06-08 01:16:23 53      DG: OrderID: 364a87b3. PlacedOrder. Status: New. RejectReason: 
2021-06-08 01:16:23 53      DG: OrderID: 364a87b3 fully executed
2021-06-08 01:16:23 57      DGX_BBG000BN84F3_2021-03-18
2021-06-08 01:16:23 58      DHI_BBG000DQTXY6_2021-03-18
2021-06-08 01:16:23 61      DHR_BBG000BH3JF8_2021-03-18
2021-06-08 01:16:23 63      DIOD_BBG000G25P51_2021-03-18
2021-06-08 01:16:23 64      DIS_BBG000BH4R78_2021-03-18
2021-06-08 01:16:23 70      DISCA_BBG000CHWP52_2021-03-18
2021-06-08 01:16:23 75      DISCB_BBG000F7L5N7_2021-03-18
2021-06-08 01:16:23 75      DISCB: SPYKE!. Candle: ID:105, Time: 15:55, Close: 80.9
2021-06-08 01:16:23 75      DISCB: SPYKE!. Candle: ID:195, Time: 20:00, Close: 90
2021-06-08 01:16:23 75      DISCB: SPYKE!. Candle: ID:196, Time: 20:00, Close: 90
2021-06-08 01:16:23 75      DISCK_BBG000VMWHH5_2021-03-18
2021-06-08 01:16:23 81      DK_BBG00FZYFVC5_2021-03-18
2021-06-08 01:16:23 82      DKNG_BBG00TCBG714_2021-03-18
2021-06-08 01:16:23 90      DKS_BBG000F6ZWH2_2021-03-18
2021-06-08 01:16:23 91      DLB_BBG000DGLTG5_2021-03-18
2021-06-08 01:16:23 92      DLR_BBG000Q5ZRM7_2021-03-18
2021-06-08 01:16:23 93      DLTH_BBG002GBMZG4_2021-03-18
2021-06-08 01:16:23 94      DLTR_BBG000BSC0K9_2021-03-18
2021-06-08 01:16:23 96      DLX_BBG000BH6360_2021-03-18
2021-06-08 01:16:23 97      DNLI_BBG008P7F869_2021-03-18
2021-06-08 01:16:23 98      DNOW_BBG005BLN209_2021-03-18
2021-06-08 01:16:23 99      DOCU_BBG000N7KJX8_2021-03-18
2021-06-08 01:16:24 02      DORM_BBG000BM22F5_2021-03-18
2021-06-08 01:16:24 03      DOV_BBG000BHB3M6_2021-03-18
2021-06-08 01:16:24 05      DOW_BBG00BN96922_2021-03-18
2021-06-08 01:16:24 07      DPZ_BBG000P458P3_2021-03-18
2021-06-08 01:16:24 09      DRE_BBG000BHD8S7_2021-03-18
2021-06-08 01:16:24 10      DRI_BBG000BBNYF6_2021-03-18
2021-06-08 01:16:24 12      DRNA_BBG001J1DB23_2021-03-18
2021-06-08 01:16:24 13      DRQ_BBG000BVDBY2_2021-03-18
2021-06-08 01:16:24 14      DT_BBG00PNN7C40_2021-03-18
2021-06-08 01:16:24 16      DVA_BBG000MQ1SN9_2021-03-18
2021-06-08 01:16:24 17      DVN_BBG000BBVJZ8_2021-03-18
2021-06-08 01:16:24 20      DXC_BBG00FN64XT9_2021-03-18
2021-06-08 01:16:24 22      DXCM_BBG000QTF8K1_2021-03-18
2021-06-08 01:16:24 25      DY_BBG000C4SKT1_2021-03-18
2021-06-08 01:16:24 25      EA_BBG000BP0KQ8_2021-03-18
2021-06-08 01:16:24 30      EAT_BBG000BK28N7_2021-03-18
2021-06-08 01:16:24 31      EBAY_BBG000C43RR5_2021-03-18
2021-06-08 01:16:24 37      EBS_BBG000GW06J7_2021-03-18
2021-06-08 01:16:24 38      ECHO_BBG000RFP8W6_2021-03-18
2021-06-08 01:16:24 39      ECL_BBG000BHKYH4_2021-03-18
2021-06-08 01:16:24 41      ECPG_BBG000F369C7_2021-03-18
2021-06-08 01:16:24 42      ED_BBG000BHLYS1_2021-03-18
2021-06-08 01:16:24 44      EDIT_BBG005MX5GZ2_2021-03-18
2021-06-08 01:16:24 47      EEFT_BBG000BMNBY1_2021-03-18
2021-06-08 01:16:24 48      EFX_BBG000BHPL78_2021-03-18
2021-06-08 01:16:24 49      EGHT_BBG000BCGHH7_2021-03-18
2021-06-08 01:16:24 51      EGRX_BBG005Y3XWH9_2021-03-18
2021-06-08 01:16:24 52      EHTH_BBG000P5JQX6_2021-03-18
2021-06-08 01:16:24 53      EIX_BBG000D7RKJ5_2021-03-18
2021-06-08 01:16:24 55      EL_BBG000FKJRC5_2021-03-18
2021-06-08 01:16:24 57      ELAN_BBG00LJYS1P8_2021-03-18
2021-06-08 01:16:24 58      ELS_BBG000BB7SX7_2021-03-18
2021-06-08 01:16:24 59      EME_BBG000BBRPL4_2021-03-18
2021-06-08 01:16:24 60      EMN_BBG000BLW530_2021-03-18
2021-06-08 01:16:24 61      EMR_BBG000BHX7N2_2021-03-18
2021-06-08 01:16:24 63      ENDP_BBG000C0HQ54_2021-03-18
2021-06-08 01:16:24 64      ENPH_BBG001R3MNY9_2021-03-18
2021-06-08 01:16:24 68      ENR_BBG006FCB019_2021-03-18
2021-06-08 01:16:24 68      ENS_BBG000PWTD92_2021-03-18
2021-06-08 01:16:24 69      ENTA_BBG001V9NSB4_2021-03-18
2021-06-08 01:16:24 70      ENTG_BBG000CTV4N4_2021-03-18
2021-06-08 01:16:24 72      ENV_BBG000Q4NZ54_2021-03-18
2021-06-08 01:16:24 73      EOG_BBG000BZ9223_2021-03-18
2021-06-08 01:16:24 75      EPAM_BBG000MHTV89_2021-03-18
2021-06-08 01:16:24 76      EPAY_BBG000BRNH31_2021-03-18
2021-06-08 01:16:24 77      EPC_BBG000BRW644_2021-03-18
2021-06-08 01:16:24 79      EQIX_BBG000MBDGM6_2021-03-18
2021-06-08 01:16:24 80      EQT_BBG000BHZ5J9_2021-03-18
2021-06-08 01:16:24 83      ERIE_BBG000BBTJZ1_2021-03-18
2021-06-08 01:16:24 84      ES_BBG000BQ87N0_2021-03-18
2021-06-08 01:16:24 85      ESPR_BBG004KB3S72_2021-03-18
2021-06-08 01:16:24 87      ESS_BBG000CGJMB9_2021-03-18
2021-06-08 01:16:24 88      ET_BBG000BM2FL9_2021-03-18
2021-06-08 01:16:24 90      ETN_BBG000BJ3PD2_2021-03-18
2021-06-08 01:16:24 93      ETR_BBG000C1FQS9_2021-03-18
2021-06-08 01:16:24 95      ETRN_BBG00K53L394_2021-03-18
2021-06-08 01:16:24 96      ETSY_BBG000N7MXL8_2021-03-18
2021-06-08 01:16:25 00      EV_BBG000DBVBY4_2021-03-18
2021-06-08 01:16:25 00      EVBG_BBG0022FMPD5_2021-03-18
2021-06-08 01:16:25 01      EVER_BBG00F17NDH7_2021-03-18
2021-06-08 01:16:25 02      EVH_BBG005CHLM96_2021-03-18
2021-06-08 01:16:25 03      EVR_BBG000BP30Y0_2021-03-18
2021-06-08 01:16:25 04      EVRG_BBG00H433CR2_2021-03-18
2021-06-08 01:16:25 05      EW_BBG000BRXP69_2021-03-18
2021-06-08 01:16:25 07      EWBC_BBG000CR20B1_2021-03-18
2021-06-08 01:16:25 08      EXAS_BBG000CWL0F5_2021-03-18
2021-06-08 01:16:25 10      EXC_BBG000J6XT05_2021-03-18
2021-06-08 01:16:25 14      EXEL_BBG000BQ4WF8_2021-03-18
2021-06-08 01:16:25 16      EXLS_BBG000NS3P30_2021-03-18
2021-06-08 01:16:25 17      EXP_BBG000BJW241_2021-03-18
2021-06-08 01:16:25 18      EXPD_BBG000BJ5GK2_2021-03-18
2021-06-08 01:16:25 19      EXPE_BBG000QY3XZ2_2021-03-18
2021-06-08 01:16:25 23      EXR_BBG000PV27K3_2021-03-18
2021-06-08 01:16:25 24      EYE_BBG00HVQF9K2_2021-03-18
2021-06-08 01:16:25 26      F_BBG000BQPC32_2021-03-18
2021-06-08 01:16:25 31      FANG_BBG002PHSYX9_2021-03-18
2021-06-08 01:16:25 34      FARO_BBG000BJD7C2_2021-03-18
2021-06-08 01:16:25 35      FAST_BBG000BJ8YN7_2021-03-18
2021-06-08 01:16:25 37      FATE_BBG000QP35H2_2021-03-18
2021-06-08 01:16:25 39      FB_BBG000MM2P62_2021-03-18
2021-06-08 01:16:25 57      FBHS_BBG001B4BV87_2021-03-18
2021-06-08 01:16:25 60      FCFS_BBG000DNF659_2021-03-18
2021-06-08 01:16:25 61      FCN_BBG000K88H58_2021-03-18
2021-06-08 01:16:25 62      FCX_BBG000BJDB15_2021-03-18
2021-06-08 01:16:25 69      FDS_BBG000BDJL83_2021-03-18
2021-06-08 01:16:25 70      FDX_BBG000BJF1Z8_2021-03-18
2021-06-08 01:16:25 74      FELE_BBG000BJGGV8_2021-03-18
2021-06-08 01:16:25 75      FFIV_BBG000CXYSZ6_2021-03-18
2021-06-08 01:16:25 77      FGEN_BBG000FW5ZL6_2021-03-18
2021-06-08 01:16:25 79      FICO_BBG000DW76Y6_2021-03-18
2021-06-08 01:16:25 81      FIS_BBG000BK2F42_2021-03-18
2021-06-08 01:16:25 83      FISV_BBG000BJKPG0_2021-03-18
2021-06-08 01:16:25 86      FITB_BBG000BJL3N0_2021-03-18
2021-06-08 01:16:25 91      FIVN_BBG001KHJM17_2021-03-18
2021-06-08 01:16:25 93      FIZZ_BBG000BF8CB6_2021-03-18
2021-06-08 01:16:25 94      FL_BBG000BX8DC4_2021-03-18
2021-06-08 01:16:25 95      FL: SPYKE!. Candle: ID:3092, Time: 20:50, Close: 55
2021-06-08 01:16:25 96      FLIR_BBG000BHK836_2021-03-18
2021-06-08 01:16:25 97      FLOW_BBG007FL7ZD2_2021-03-18
2021-06-08 01:16:25 97      FLR_BBG000BB1TH9_2021-03-18
2021-06-08 01:16:25 99      FLS_BBG000FFH4P5_2021-03-18
2021-06-08 01:16:26 00      FLT_BBG000GPXKX9_2021-03-18
2021-06-08 01:16:26 02      FLWS_BBG000BBR9P6_2021-03-18
2021-06-08 01:16:26 03      FMC_BBG000BJP882_2021-03-18
2021-06-08 01:16:26 04      FND_BBG007GJ2F81_2021-03-18
2021-06-08 01:16:26 05      FNKO_BBG00HXSHDQ9_2021-03-18
2021-06-08 01:16:26 06      FOCS_BBG00L0YTFN8_2021-03-18
2021-06-08 01:16:26 07      FOE_BBG000BJQK11_2021-03-18
2021-06-08 01:16:26 08      FOLD_BBG000PLF6N0_2021-03-18
2021-06-08 01:16:26 10      FORM_BBG000D1Y3P1_2021-03-18
2021-06-08 01:16:26 11      FORR_BBG000HGNYG8_2021-03-18
2021-06-08 01:16:26 12      FOX_BBG00JHNKJY8_2021-03-18
2021-06-08 01:16:26 14      FOXA_BBG00JHNJW99_2021-03-18
2021-06-08 01:16:26 18      FOXF_BBG004T7VS53_2021-03-18
2021-06-08 01:16:26 19      FRHC_BBG000N625H8_2021-03-18
2021-06-08 01:16:26 21      FRPH_BBG000HCVWW4_2021-03-18
2021-06-08 01:16:26 21      FRPT_BBG001D0HB36_2021-03-18
2021-06-08 01:16:26 23      FSLR_BBG000BFL116_2021-03-18
2021-06-08 01:16:26 27      FSLY_BBG004NLQHL0_2021-03-18
2021-06-08 01:16:26 28      FSLY: SPYKE!. Candle: ID:10, Time: 7:00, Close: 77.3
2021-06-08 01:16:26 28      FSLY: SPYKE!. Candle: ID:11, Time: 7:00, Close: 79.4
2021-06-08 01:16:26 30      FTCH_BBG00LSD4456_2021-03-18
2021-06-08 01:16:26 35      FTI_BBG00DL8NMV2_2021-03-18
2021-06-08 01:16:26 38      FTNT_BBG000BCMBG4_2021-03-18
2021-06-08 01:16:26 41      FTV_BBG00BLVZ228_2021-03-18
2021-06-08 01:16:26 43      FUL_BBG000BJZ7V7_2021-03-18
2021-06-08 01:16:26 44      GATX_BBG000BKGXQ4_2021-03-18
2021-06-08 01:16:26 44      GBCI_BBG000C3KB84_2021-03-18
2021-06-08 01:16:26 46      GBT_BBG00341H6M0_2021-03-18
2021-06-08 01:16:26 47      GBX_BBG000CF5097_2021-03-18
2021-06-08 01:16:26 48      GCO_BBG000BK5S78_2021-03-18
2021-06-08 01:16:26 49      GCP_BBG0082W8Q12_2021-03-18
2021-06-08 01:16:26 50      GD_BBG000BK67C7_2021-03-18
2021-06-08 01:16:26 52      GDDY_BBG006MDLY05_2021-03-18
2021-06-08 01:16:26 54      GDOT_BBG000QDJT53_2021-03-18
2021-06-08 01:16:26 55      GE_BBG000BK6MB5_2021-03-18
2021-06-08 01:16:26 60      GEF_BBG000BLFNC0_2021-03-18
2021-06-08 01:16:26 62      GGG_BBG000BK9W84_2021-03-18
2021-06-08 01:16:26 63      GH_BBG006D97VY9_2021-03-18
2021-06-08 01:16:26 64      GHC_BBG000C3FGH9_2021-03-18
2021-06-08 01:16:26 65      GILD_BBG000CKGBP2_2021-03-18
2021-06-08 01:16:26 69      GIS_BBG000BKCFC2_2021-03-18
2021-06-08 01:16:26 72      GKOS_BBG000WG2LQ1_2021-03-18
2021-06-08 01:16:26 73      GL_BBG000BVD6X4_2021-03-18
2021-06-08 01:16:26 74      GLW_BBG000BKFZM4_2021-03-18
2021-06-08 01:16:26 78      GM_BBG000NDYB67_2021-03-18
2021-06-08 01:16:26 89      GMED_BBG002V87SD0_2021-03-18
2021-06-08 01:16:26 90      GMS_BBG009Q036D0_2021-03-18
2021-06-08 01:16:26 91      GNL_BBG004HXD0G8_2021-03-18
2021-06-08 01:16:26 92      GNRC_BBG000PQ4W72_2021-03-18
2021-06-08 01:16:26 93      GO_BBG00P4R3079_2021-03-18
2021-06-08 01:16:26 95      GOOG_BBG009S3NB30_2021-03-18
2021-06-08 01:16:27 01      GOOGL_BBG009S39JX6_2021-03-18
2021-06-08 01:16:27 09      GOSS_BBG00MVWLLM2_2021-03-18
2021-06-08 01:16:27 12      GPC_BBG000BKL348_2021-03-18
2021-06-08 01:16:27 13      GPI_BBG000BB88K4_2021-03-18
2021-06-08 01:16:27 14      GPN_BBG000CX0P89_2021-03-18
2021-06-08 01:16:27 17      GPS_BBG000BKLH74_2021-03-18
2021-06-08 01:16:27 20      GRA_BBG000BB8PG1_2021-03-18
2021-06-08 01:16:27 21      GRMN_BBG000C4LN67_2021-03-18
2021-06-08 01:16:27 23      GRUB_BBG001KWG293_2021-03-18
2021-06-08 01:16:27 24      GS_BBG000C6CFJ5_2021-03-18
2021-06-08 01:16:27 27      GSH_BBG000GLG0G0_2021-03-18
2021-06-08 01:16:27 28      GSKY_BBG00KT2SCV8_2021-03-18
2021-06-08 01:16:27 30      GT_BBG000BKNX95_2021-03-18
2021-06-08 01:16:27 34      GTHX_BBG005F1DK91_2021-03-18
2021-06-08 01:16:27 38      GTLS_BBG000P1K2X6_2021-03-18
2021-06-08 01:16:27 39      GTN_BBG000DSQLQ0_2021-03-18
2021-06-08 01:16:27 40      GVA_BBG000DVB833_2021-03-18
2021-06-08 01:16:27 41      GWRE_BBG001C7PM75_2021-03-18
2021-06-08 01:16:27 42      GWW_BBG000BKR1D6_2021-03-18
2021-06-08 01:16:27 43      H_BBG000CVRFS4_2021-03-18
2021-06-08 01:16:27 44      HA_BBG000BC4185_2021-03-18
2021-06-08 01:16:27 46      HAE_BBG000C7TF41_2021-03-18
2021-06-08 01:16:27 47      HAIN_BBG000BQW085_2021-03-18
2021-06-08 01:16:27 48      HAL_BBG000BKTFN2_2021-03-18
2021-06-08 01:16:27 51      HALO_BBG000CZ8W54_2021-03-18
2021-06-08 01:16:27 54      HAS_BBG000BKVJK4_2021-03-18
2021-06-08 01:16:27 55      HBAN_BBG000BKWSR6_2021-03-18
2021-06-08 01:16:27 58      HBI_BBG000D2ZTS8_2021-03-18
2021-06-08 01:16:27 60      HCA_BBG000QW7VC1_2021-03-18
2021-06-08 01:16:27 62      HCCI_BBG000CCFB17_2021-03-18
2021-06-08 01:16:27 62      HCCI: SPYKE!. Candle: ID:2, Time: 8:10, Close: 29.09
2021-06-08 01:16:27 62      HCCI: SPYKE!. Candle: ID:11, Time: 13:30, Close: 28.23
2021-06-08 01:16:27 62      HCSG_BBG000BKYVF0_2021-03-18
2021-06-08 01:16:27 64      HD_BBG000BKZB36_2021-03-18
2021-06-08 01:16:27 67      HEAR_BBG000BM6N47_2021-03-18
2021-06-08 01:16:27 69      HEI_BBG000BL16Q7_2021-03-18
2021-06-08 01:16:27 70      HES_BBG000BBD070_2021-03-18
2021-06-08 01:16:27 71      HFC_BBG000BL9JQ1_2021-03-18
2021-06-08 01:16:27 74      HGV_BBG00CBYY6M1_2021-03-18
2021-06-08 01:16:27 75      HHC_BBG000MJRJJ2_2021-03-18
2021-06-08 01:16:27 76      HHR_BBG00KHGQ0H4_2021-03-18
2021-06-08 01:16:27 77      HHR: SPYKE!. Candle: ID:621, Time: 12:25, Close: 32.58
2021-06-08 01:16:27 77      HHR: SPYKE!. Candle: ID:681, Time: 12:30, Close: 33.52
2021-06-08 01:16:27 77      HHR: SPYKE!. Candle: ID:685, Time: 12:30, Close: 32.25
2021-06-08 01:16:27 78      HIBB_BBG000H001V3_2021-03-18
2021-06-08 01:16:27 79      HIG_BBG000G0Z878_2021-03-18
2021-06-08 01:16:27 88      HII_BBG001KJ2HM9_2021-03-18
2021-06-08 01:16:27 88      HIIQ_TCS003QRSQD3_2021-03-18
2021-06-08 01:16:27 89      HLT_BBG0058KMH30_2021-03-18
2021-06-08 01:16:27 92      HNP_BBG000BX5YM0_2021-03-18
2021-06-08 01:16:27 93      HOG_BBG000BKZTP3_2021-03-18
2021-06-08 01:16:27 95      HOLX_BBG000C3NTN5_2021-03-18
2021-06-08 01:16:27 97      HON_BBG000H556T9_2021-03-18
2021-06-08 01:16:28 00      HP_BBG000BLCPY4_2021-03-18
2021-06-08 01:16:28 02      HPE_BBG0078W3NQ3_2021-03-18
2021-06-08 01:16:28 05      HPQ_BBG000KHWT55_2021-03-18
2021-06-08 01:16:28 07      HQY_BBG000TYXCT9_2021-03-18
2021-06-08 01:16:28 09      HRB_BBG000BLDV98_2021-03-18
2021-06-08 01:16:28 10      HRC_BBG000BKWCS0_2021-03-18
2021-06-08 01:16:28 11      HRL_BBG000BLF8D2_2021-03-18
2021-06-08 01:16:28 13      HRTX_BBG000G2GJT7_2021-03-18
2021-06-08 01:16:28 15      HSC_BBG000BLH3P8_2021-03-18
2021-06-08 01:16:28 15      HSIC_BBG000BNMMJ3_2021-03-18
2021-06-08 01:16:28 18      HSKA_BBG000BWFH48_2021-03-18
2021-06-08 01:16:28 18      HST_BBG000BL8804_2021-03-18
2021-06-08 01:16:28 20      HSY_BBG000BLHRS2_2021-03-18
2021-06-08 01:16:28 23      HTA_BBG000PRJCX9_2021-03-18
2021-06-08 01:16:28 25      HTHT_BBG000QFPM65_2021-03-18
2021-06-08 01:16:28 33      HUBB_BBG000BLK267_2021-03-18
2021-06-08 01:16:28 37      HUBG_BBG000G9W6L0_2021-03-18
2021-06-08 01:16:28 40      HUBS_BBG000N7MZ06_2021-03-18
2021-06-08 01:16:28 43      HUM_BBG000BLKK03_2021-03-18
2021-06-08 01:16:28 52      HURN_BBG000PV2M48_2021-03-18
2021-06-08 01:16:28 54      HWM_BBG00DYNJGH9_2021-03-18
2021-06-08 01:16:28 59      HXL_BBG000BLMDQ9_2021-03-18
2021-06-08 01:16:28 62      IAC_BBG000BKQG80_2021-03-18
2021-06-08 01:16:28 63      IAC_old_TCS000BKQG80_2021-03-18
2021-06-08 01:16:28 63      Warning: figi `old` for history data does not match actual figi `BBG000BKQG80`. Ticker: IAC. Will be used actual!
2021-06-08 01:16:28 63      IART_BBG000BZJQL8_2021-03-18
2021-06-08 01:16:28 66      IBKR_BBG000LV0836_2021-03-18
2021-06-08 01:16:28 67      IBM_BBG000BLNNH6_2021-03-18
2021-06-08 01:16:28 76      IBN_BBG000DRM643_2021-03-18
2021-06-08 01:16:28 78      IBP_BBG005TJKDZ6_2021-03-18
2021-06-08 01:16:28 79      ICE_BBG000C1FB75_2021-03-18
2021-06-08 01:16:28 82      ICPT_BBG001J1QN87_2021-03-18
2021-06-08 01:16:28 84      ICUI_BBG000CQV2N4_2021-03-18
2021-06-08 01:16:28 85      IDCC_BBG000HLJ7M4_2021-03-18
2021-06-08 01:16:28 90      IDXX_BBG000BLRT07_2021-03-18
2021-06-08 01:16:28 92      IEX_BBG000C1HN22_2021-03-18
2021-06-08 01:16:28 94      IFF_BBG000BLSL58_2021-03-18
2021-06-08 01:16:28 98      IGMS_BBG00PNR1BT2_2021-03-18
2021-06-08 01:16:28 99      IGMS: SPYKE!. Candle: ID:6, Time: 11:35, Close: 85.09
2021-06-08 01:16:29 00      IIPR_BBG00F0SW7N8_2021-03-18
2021-06-08 01:16:29 02      IIVI_BBG000BLW102_2021-03-18
2021-06-08 01:16:29 05      ILMN_BBG000DSMS70_2021-03-18
2021-06-08 01:16:29 07      IMMU_BBG000BLXT19_2021-03-18
2021-06-08 01:16:29 08      INCY_BBG000BNPSQ9_2021-03-18
2021-06-08 01:16:29 10      INDB_BBG000BM0597_2021-03-18
2021-06-08 01:16:29 11      INFO_BBG006G063F9_2021-03-18
2021-06-08 01:16:29 15      INGN_BBG0021PH456_2021-03-18
2021-06-08 01:16:29 16      INGR_BBG000BXPZB7_2021-03-18
2021-06-08 01:16:29 17      INMD_BBG00PPS73P4_2021-03-18
2021-06-08 01:16:29 18      INSP_BBG00209SZJ7_2021-03-18
2021-06-08 01:16:29 19      INTC_BBG000C0G1D1_2021-03-18
2021-06-08 01:16:29 33      INTU_BBG000BH5DV1_2021-03-18
2021-06-08 01:16:29 38      INVH_BBG00FQH6BS9_2021-03-18
2021-06-08 01:16:29 41      IONS_BBG000JH6683_2021-03-18
2021-06-08 01:16:29 42      IOSP_BBG000BMFNP4_2021-03-18
2021-06-08 01:16:29 44      IOVA_BBG000FTLBV7_2021-03-18
2021-06-08 01:16:29 46      IP_BBG000BM5SR2_2021-03-18
2021-06-08 01:16:29 48      IPAR_BBG000GCSWR5_2021-03-18
2021-06-08 01:16:29 48      IPG_BBG000C90DH9_2021-03-18
2021-06-08 01:16:29 50      IPGP_BBG000DCGRL8_2021-03-18
2021-06-08 01:16:29 51      IQV_BBG00333FYS2_2021-03-18
2021-06-08 01:16:29 52      IR_BBG002R1CW27_2021-03-18
2021-06-08 01:16:29 54      IRBT_BBG000HXJB21_2021-03-18
2021-06-08 01:16:29 56      IRDM_BBG000VC0FC1_2021-03-18
2021-06-08 01:16:29 57      IRDM: SPYKE!. Candle: ID:3030, Time: 21:20, Close: 39.71
2021-06-08 01:16:29 58      IRM_BBG000KCZPC3_2021-03-18
2021-06-08 01:16:29 59      IRTC_BBG001J19V24_2021-03-18
2021-06-08 01:16:29 61      ISRG_BBG000BJPDZ1_2021-03-18
2021-06-08 01:16:29 63      IT_BBG000BB65D0_2021-03-18
2021-06-08 01:16:29 65      ITCI_BBG0026ZFZC4_2021-03-18
2021-06-08 01:16:29 66      ITGR_BBG000BW6JV4_2021-03-18
2021-06-08 01:16:29 67      ITRI_BBG000BD2167_2021-03-18
2021-06-08 01:16:29 68      ITT_BBG00CVQZQ96_2021-03-18
2021-06-08 01:16:29 70      ITW_BBG000BMBL90_2021-03-18
2021-06-08 01:16:29 71      IVZ_BBG000BY2Y78_2021-03-18
2021-06-08 01:16:29 74      J_BBG000BMFFQ0_2021-03-18
2021-06-08 01:16:29 75      JACK_BBG000GZYVY1_2021-03-18
2021-06-08 01:16:29 76      JBHT_BBG000BMDBZ1_2021-03-18
2021-06-08 01:16:29 78      JBSS_BBG000CHPMY5_2021-03-18
2021-06-08 01:16:29 79      JBT_BBG000VLBCQ1_2021-03-18
2021-06-08 01:16:29 79      JCI_BBG000BVWLJ6_2021-03-18
2021-06-08 01:16:29 83      JCOM_BBG000F3CWW7_2021-03-18
2021-06-08 01:16:29 84      JD_BBG005YHY0Q7_2021-03-18
2021-06-08 01:16:29 95      JEF_BBG000BNHSP9_2021-03-18
2021-06-08 01:16:29 97      JELD_BBG0019GM953_2021-03-18
2021-06-08 01:16:29 98      JJSF_BBG000BMGPW0_2021-03-18
2021-06-08 01:16:29 99      JKHY_BBG000BMH2Q7_2021-03-18
2021-06-08 01:16:30 00      JLL_BBG000C2L2L0_2021-03-18
2021-06-08 01:16:30 01      JNJ_BBG000BMHYD1_2021-03-18
2021-06-08 01:16:30 07      JNPR_BBG000BY33P5_2021-03-18
2021-06-08 01:16:30 08      JOBS_BBG000BJD1D4_2021-03-18
2021-06-08 01:16:30 09      JOUT_BBG000HCXFS4_2021-03-18
2021-06-08 01:16:30 10      JPM_BBG000DMBXR2_2021-03-18
2021-06-08 01:16:30 22      JWN_BBG000G8N9C6_2021-03-18
2021-06-08 01:16:30 24      K_BBG000BMKDM3_2021-03-18
2021-06-08 01:16:30 26      KALU_BBG000PKZDX4_2021-03-18
2021-06-08 01:16:30 27      KBH_BBG000BMLWX8_2021-03-18
2021-06-08 01:16:30 30      KDP_BBG000TJM7F0_2021-03-18
2021-06-08 01:16:30 32      KEP_BBG000BCWG90_2021-03-18
2021-06-08 01:16:30 34      KEX_BBG000BMQCP6_2021-03-18
2021-06-08 01:16:30 35      KEY_BBG000BMQPL1_2021-03-18
2021-06-08 01:16:30 38      KEYS_BBG0059FN811_2021-03-18
2021-06-08 01:16:30 40      KFY_BBG000C5QMB5_2021-03-18
2021-06-08 01:16:30 41      KHC_BBG005CPNTQ2_2021-03-18
2021-06-08 01:16:30 46      KIDS_BBG00HFFRW39_2021-03-18
2021-06-08 01:16:30 47      KIM_BBG000CN3S73_2021-03-18
2021-06-08 01:16:30 50      KLAC_BBG000BMTFR4_2021-03-18
2021-06-08 01:16:30 55      KMB_BBG000BMW2Z0_2021-03-18
2021-06-08 01:16:30 59      KMI_BBG0019JZ882_2021-03-18
2021-06-08 01:16:30 61      KMPR_BBG000H3GDJ8_2021-03-18
2021-06-08 01:16:30 61      KMT_BBG000BMWKC5_2021-03-18
2021-06-08 01:16:30 62      KMX_BBG000BLMZK6_2021-03-18
2021-06-08 01:16:30 64      KNSL_BBG00D8JD9Z9_2021-03-18
2021-06-08 01:16:30 65      KNX_BBG000BFC848_2021-03-18
2021-06-08 01:16:30 67      KO_BBG000BMX289_2021-03-18
2021-06-08 01:16:30 71      KOD_BBG00BVR0D02_2021-03-18
2021-06-08 01:16:30 72      KR_BBG000BMY992_2021-03-18
2021-06-08 01:16:30 75      KRG_BBG000BC2KW8_2021-03-18
2021-06-08 01:16:30 76      KRTX_BBG00NN875G0_2021-03-18
2021-06-08 01:16:30 77      KRYS_BBG00HDGRHH7_2021-03-18
2021-06-08 01:16:30 78      KSU_BBG000BMZ7P7_2021-03-18
2021-06-08 01:16:30 80      KTB_BBG00LPTHYD5_2021-03-18
2021-06-08 01:16:30 81      KWR_BBG000DZS2L9_2021-03-18
2021-06-08 01:16:30 82      L_BBG000C45984_2021-03-18
2021-06-08 01:16:30 84      LAD_BBG000K3BC83_2021-03-18
2021-06-08 01:16:30 85      LANC_BBG000BN1M88_2021-03-18
2021-06-08 01:16:30 86      LASR_BBG0020BCPX5_2021-03-18
2021-06-08 01:16:30 87      LB_BBG000BNGTQ7_2021-03-18
2021-06-08 01:16:30 90      LBRDK_BBG006GNSZW5_2021-03-18
2021-06-08 01:16:30 92      LCII_BBG000DNLMB0_2021-03-18
2021-06-08 01:16:30 93      LDOS_BBG000C23PB0_2021-03-18
2021-06-08 01:16:30 94      LEA_BBG000PTLGZ1_2021-03-18
2021-06-08 01:16:30 96      LECO_BBG000BB72K8_2021-03-18
2021-06-08 01:16:30 97      LEG_BBG000BN53G7_2021-03-18
2021-06-08 01:16:30 99      LEGH_BBG00MJDR6J9_2021-03-18
2021-06-08 01:16:30 99      LEN_BBG000BN5HF7_2021-03-18
2021-06-08 01:16:31 02      LEVI_BBG000BQDF10_2021-03-18
2021-06-08 01:16:31 03      LFC_BBG000BBK4B9_2021-03-18
2021-06-08 01:16:31 04      LFUS_BBG000BGFGT8_2021-03-18
2021-06-08 01:16:31 06      LGIH_BBG0056655S1_2021-03-18
2021-06-08 01:16:31 07      LGND_BBG000BKF014_2021-03-18
2021-06-08 01:16:31 08      LH_BBG000D9DMK0_2021-03-18
2021-06-08 01:16:31 09      LHCG_BBG000G7W420_2021-03-18
2021-06-08 01:16:31 11      LHX_BBG000BLGFJ9_2021-03-18
2021-06-08 01:16:31 13      LII_BBG000BB5B84_2021-03-18
2021-06-08 01:16:31 14      LIN_BBG00GVR8YQ9_2021-03-18
2021-06-08 01:16:31 16      LITE_BBG0073F9RT7_2021-03-18
2021-06-08 01:16:31 19      LKQ_BBG000PXDL44_2021-03-18
2021-06-08 01:16:31 21      LLY_BBG000BNBDC2_2021-03-18
2021-06-08 01:16:31 24      LM_BBG000BNBPQ0_2021-03-18
2021-06-08 01:16:31 24      LMT_BBG000C1BW00_2021-03-18
2021-06-08 01:16:31 27      LNN_BBG000FJS1S8_2021-03-18
2021-06-08 01:16:31 28      LNT_BBG000DW4Q75_2021-03-18
2021-06-08 01:16:31 31      LNTH_BBG006Q52RD0_2021-03-18
2021-06-08 01:16:31 32      LOGM_BBG000Q0SZJ2_2021-03-18
2021-06-08 01:16:31 32      LOPE_BBG000FV28W9_2021-03-18
2021-06-08 01:16:31 34      LOW_BBG000BNDN65_2021-03-18
2021-06-08 01:16:31 37      LPL_BBG000FJ0RK9_2021-03-18
2021-06-08 01:16:31 38      LPLA_BBG000P2TYL8_2021-03-18
2021-06-08 01:16:31 40      LPSN_BBG000BSV0W5_2021-03-18
2021-06-08 01:16:31 42      LRCX_BBG000BNFLM9_2021-03-18
2021-06-08 01:16:31 47      LRN_BBG000QSXPZ9_2021-03-18
2021-06-08 01:16:31 48      LRN: SPYKE!. Candle: ID:1468, Time: 21:05, Close: 28.8
2021-06-08 01:16:31 48      LRN_old_TCS000QSXPZ9_2021-03-18
2021-06-08 01:16:31 48      Warning: figi `old` for history data does not match actual figi `BBG000QSXPZ9`. Ticker: LRN. Will be used actual!
2021-06-08 01:16:31 49      LSCC_BBG000C2D1C1_2021-03-18
2021-06-08 01:16:31 52      LSTR_BBG000BB2KN0_2021-03-18
2021-06-08 01:16:31 52      LTHM_BBG00LV3NRG0_2021-03-18
2021-06-08 01:16:31 56      LULU_BBG000R8ZVD1_2021-03-18
2021-06-08 01:16:31 59      LUMN_BBG000BGLRN3_2021-03-18
2021-06-08 01:16:31 61      LUV_BBG000BNJHS8_2021-03-18
2021-06-08 01:16:31 65      LVGO_BBG0073X4TB8_2021-03-18
2021-06-08 01:16:31 66      LVS_BBG000JWD753_2021-03-18
2021-06-08 01:16:31 69      LW_BBG003CVMLQ2_2021-03-18
2021-06-08 01:16:31 70      LYB_BBG000WCFV84_2021-03-18
2021-06-08 01:16:31 72      LYFT_BBG004M9ZHX5_2021-03-18
2021-06-08 01:16:31 79      LYV_BBG000FQ7YR4_2021-03-18
2021-06-08 01:16:31 82      M_BBG000C46HM9_2021-03-18
2021-06-08 01:16:31 85      MA_BBG000F1ZSQ2_2021-03-18
2021-06-08 01:16:31 91      MAA_BBG000BLMY92_2021-03-18
2021-06-08 01:16:31 92      MAC_BBG000BL9C59_2021-03-18
2021-06-08 01:16:31 95      MAN_BBG000BNMHS4_2021-03-18
2021-06-08 01:16:31 96      MANH_BBG000BFV758_2021-03-18
2021-06-08 01:16:31 98      MANT_BBG000BGF8B5_2021-03-18
2021-06-08 01:16:31 99      MANU_BBG0035WV4N9_2021-03-18
2021-06-08 01:16:32 00      MAR_BBG000BGD7W6_2021-03-18
2021-06-08 01:16:32 04      MAS_BBG000BNNKG9_2021-03-18
2021-06-08 01:16:32 06      MASI_BBG000C3W281_2021-03-18
2021-06-08 01:16:32 08      MAT_BBG000BNNYW1_2021-03-18
2021-06-08 01:16:32 10      MATX_BBG000BBK401_2021-03-18
2021-06-08 01:16:32 11      MBT_BBG000CSZKR2_2021-03-18
2021-06-08 01:16:32 12      MBUU_BBG005PXTR70_2021-03-18
2021-06-08 01:16:32 13      MCD_BBG000BNSZP1_2021-03-18
2021-06-08 01:16:32 18      MCHP_BBG000BHCP19_2021-03-18
2021-06-08 01:16:32 22      MCK_BBG000DYGNW7_2021-03-18
2021-06-08 01:16:32 23      MCO_BBG000F86GP6_2021-03-18
2021-06-08 01:16:32 25      MCRI_BBG000BJ0932_2021-03-18
2021-06-08 01:16:32 25      MCRI: SPYKE!. Candle: ID:9, Time: 13:30, Close: 67.08
2021-06-08 01:16:32 25      MCRI: SPYKE!. Candle: ID:10, Time: 13:30, Close: 66.41
2021-06-08 01:16:32 26      MD_BBG000H8LGK2_2021-03-18
2021-06-08 01:16:32 27      MDB_BBG0022FDRY8_2021-03-18
2021-06-08 01:16:32 30      MDGL_BBG000QS6NV8_2021-03-18
2021-06-08 01:16:32 31      MDLA_BBG001BPKGT0_2021-03-18
2021-06-08 01:16:32 32      MDLZ_BBG000D4LWF6_2021-03-18
2021-06-08 01:16:32 36      MDRX_BBG000BLDXH5_2021-03-18
2021-06-08 01:16:32 38      MDT_BBG000BNWG87_2021-03-18
2021-06-08 01:16:32 42      MED_BBG000BWBW76_2021-03-18
2021-06-08 01:16:32 43      MEDP_BBG0065B7K59_2021-03-18
2021-06-08 01:16:32 45      MEI_BBG000BNY197_2021-03-18
2021-06-08 01:16:32 46      MELI_BBG000GQPB11_2021-03-18
2021-06-08 01:16:32 48      MET_BBG000BB6KF5_2021-03-18
2021-06-08 01:16:32 53      MFGP_BBG00HFWVGN0_2021-03-18
2021-06-08 01:16:32 55      MGLN_BBG000BD6DD9_2021-03-18
2021-06-08 01:16:32 55      MGM_BBG000C2BXK4_2021-03-18
2021-06-08 01:16:32 60      MGY_BBG00GNC8DL2_2021-03-18
2021-06-08 01:16:32 61      MGY: SPYKE!. Candle: ID:30, Time: 11:00, Close: 11.61
2021-06-08 01:16:32 61      MGY: SPYKE!. Candle: ID:31, Time: 11:00, Close: 11.44
2021-06-08 01:16:32 61      MGY: BuyPending. Strategy: BuyTheDipPremarket. Price: 11.55. Lots: 21. ChangeOpenToCurrent: -4.15. changeFromLow: 1.32. Candle: ID:38, Time: 11:00, Close: 11.55.
2021-06-08 01:16:32 61      MGY: OrderID: 67fa2c94. PlacedOrder. Status: New. RejectReason: 
2021-06-08 01:16:32 61      MGY: OrderID: 67fa2c94 partially executed. Executed lots: 7. OrderStatus: 7/21 lots
2021-06-08 01:16:32 61      MGY: Closing. Close price: 11.6. Lots: 7. CandleChange: -0.09%. ChangeFromCandleHigh: -0.09%. Profit: 0.05(0.43%). Candle: ID:57, Time: 11:05, Close: 11.6
2021-06-08 01:16:32 61      MGY: OrderID: 04ca2e91. PlacedOrder. Status: New. RejectReason: 
2021-06-08 01:16:32 61      MGY: OrderID: 67fa2c94 automatically canceling...
2021-06-08 01:16:32 61      MGY: OrderID: 04ca2e91 partially executed. Executed lots: 1. OrderStatus: 1/7 lots
2021-06-08 01:16:32 62      OrderID: 67fa2c94 successfully canceled
2021-06-08 01:16:32 62      MGY: OrderID: 04ca2e91 partially executed. Executed lots: 1. OrderStatus: 2/7 lots
2021-06-08 01:16:32 62      MGY: OrderID: 04ca2e91 fully executed
2021-06-08 01:16:32 63      MHK_BBG000FLZN98_2021-03-18
2021-06-08 01:16:32 64      MHO_BBG000BL9MZ4_2021-03-18
2021-06-08 01:16:32 65      MIDD_BBG000DQN9R3_2021-03-18
2021-06-08 01:16:32 66      MINI_BBG000BGTX98_2021-03-18
2021-06-08 01:16:32 67      MKC_BBG000G6Y5W4_2021-03-18
2021-06-08 01:16:32 68      MKL_BBG000FC7366_2021-03-18
2021-06-08 01:16:32 69      MKSI_BBG000BVMG26_2021-03-18
2021-06-08 01:16:32 70      MKTX_BBG000BJBZ23_2021-03-18
2021-06-08 01:16:32 73      MLAB_BBG000BP3PW7_2021-03-18
2021-06-08 01:16:32 74      MLCO_BBG000BHP8J4_2021-03-18
2021-06-08 01:16:32 75      MLHR_BBG000BP46T2_2021-03-18
2021-06-08 01:16:32 77      MLM_BBG000BGYMH7_2021-03-18
2021-06-08 01:16:32 78      MMC_BBG000BP4MH0_2021-03-18
2021-06-08 01:16:32 80      MMI_BBG005GBRSR6_2021-03-18
2021-06-08 01:16:32 81      MMM_BBG000BP52R2_2021-03-18
2021-06-08 01:16:32 85      MMS_BBG000BC5WJ4_2021-03-18
2021-06-08 01:16:32 86      MMSI_BBG000C42VX0_2021-03-18
2021-06-08 01:16:32 87      MNRO_BBG000C0BZD1_2021-03-18
2021-06-08 01:16:32 88      MNST_BBG008NVB1C0_2021-03-18
2021-06-08 01:16:32 91      MO_BBG000BP6LJ8_2021-03-18
2021-06-08 01:16:32 95      MOH_BBG000MBHNC8_2021-03-18
2021-06-08 01:16:32 96      MOMO_BBG007HTCQT0_2021-03-18
2021-06-08 01:16:33 03      MORN_BBG000CGQ4F7_2021-03-18
2021-06-08 01:16:33 04      MOS_BBG000BFXHL6_2021-03-18
2021-06-08 01:16:33 08      MOV_BBG000BL30Y9_2021-03-18
2021-06-08 01:16:33 10      MPC_BBG001DCCGR8_2021-03-18
2021-06-08 01:16:33 16      MPWR_BBG000C30L48_2021-03-18
2021-06-08 01:16:33 18      MRC_BBG000BKLTM1_2021-03-18
2021-06-08 01:16:33 19      MRK_BBG000BPD168_2021-03-18
2021-06-08 01:16:33 24      MRNA_BBG003PHHZT1_2021-03-18
2021-06-08 01:16:33 34      MRO_BBG000C8H633_2021-03-18
2021-06-08 01:16:33 36      MRTX_BBG004TPGBP5_2021-03-18
2021-06-08 01:16:33 38      MS_BBG000BLZRJ2_2021-03-18
2021-06-08 01:16:33 45      MSA_BBG000BPDXF8_2021-03-18
2021-06-08 01:16:33 46      MSCI_BBG000RTDY25_2021-03-18
2021-06-08 01:16:33 47      MSFT_BBG000BPH459_2021-03-18
2021-06-08 01:16:33 81      MSGE_BBG00L9HLWV8_2021-03-18
2021-06-08 01:16:33 82      MSGN_BBG000NS03H7_2021-03-18
2021-06-08 01:16:33 83      MSGS_BBG007FG0C23_2021-03-18
2021-06-08 01:16:33 84      MSI_BBG000BP8Z50_2021-03-18
2021-06-08 01:16:33 85      MSM_BBG000BCLYL9_2021-03-18
2021-06-08 01:16:33 86      MSTR_BBG000GQJPZ0_2021-03-18
2021-06-08 01:16:33 89      MTB_BBG000D9KWL9_2021-03-18
2021-06-08 01:16:33 95      MTCH_BBG00B6WH9G3_2021-03-18
2021-06-08 01:16:33 98      MTCH_old_TCS00B6WH9G3_2021-03-18
2021-06-08 01:16:33 98      Warning: figi `old` for history data does not match actual figi `BBG00B6WH9G3`. Ticker: MTCH. Will be used actual!
2021-06-08 01:16:33 99      MTD_BBG000BZCKH3_2021-03-18
2021-06-08 01:16:34 00      MTG_BBG000CBMH27_2021-03-18
2021-06-08 01:16:34 01      MTH_BBG000F4F1N0_2021-03-18
2021-06-08 01:16:34 02      MTN_BBG000BCMWM1_2021-03-18
2021-06-08 01:16:34 03      MTOR_BBG000BH92D1_2021-03-18
2021-06-08 01:16:34 05      MTRN_BBG000BDTT76_2021-03-18
2021-06-08 01:16:34 06      MTSC_BBG000BPL8G3_2021-03-18
2021-06-08 01:16:34 07      MU_BBG000C5Z1S3_2021-03-18
2021-06-08 01:16:34 25      MUR_BBG000BPMH90_2021-03-18
2021-06-08 01:16:34 27      MUSA_BBG001Z0Q6T5_2021-03-18
2021-06-08 01:16:34 29      MXIM_BBG000BPNP00_2021-03-18
2021-06-08 01:16:34 33      MXL_BBG000BB6R33_2021-03-18
2021-06-08 01:16:34 34      MYGN_BBG000D9H9F1_2021-03-18
2021-06-08 01:16:34 35      MYL_BBG000BPQD31_2021-03-18
2021-06-08 01:16:34 36      MYOK_BBG003DKQRK4_2021-03-18
2021-06-08 01:16:34 36      MYRG_BBG000BC7VW9_2021-03-18
2021-06-08 01:16:34 37      NARI_BBG009J8K7M0_2021-03-18
2021-06-08 01:16:34 38      NATI_BBG000DZK6N6_2021-03-18
2021-06-08 01:16:34 39      NAVI_BBG004MN1R41_2021-03-18
2021-06-08 01:16:34 41      NBIX_BBG000GJS7C1_2021-03-18
2021-06-08 01:16:34 43      NBL_BBG000BPT0C6_2021-03-18
2021-06-08 01:16:34 44      NCBS_BBG000QK0TG5_2021-03-18
2021-06-08 01:16:34 44      NCR_BBG000BMXK89_2021-03-18
2021-06-08 01:16:34 46      NDAQ_BBG000F5VVB6_2021-03-18
2021-06-08 01:16:34 48      NDSN_BBG000BPWGR1_2021-03-18
2021-06-08 01:16:34 49      NEE_BBG000BJSBJ0_2021-03-18
2021-06-08 01:16:34 55      NEM_BBG000BPWXK1_2021-03-18
2021-06-08 01:16:34 62      NEO_BBG000BKH263_2021-03-18
2021-06-08 01:16:34 64      NEOG_BBG000C1BCK2_2021-03-18
2021-06-08 01:16:34 65      NET_BBG001WMKHH5_2021-03-18
2021-06-08 01:16:34 69      NEU_BBG000BJ5SS8_2021-03-18
2021-06-08 01:16:34 70      NEWR_BBG001NFKJ68_2021-03-18
2021-06-08 01:16:34 71      NFLX_BBG000CL9VN6_2021-03-18
2021-06-08 01:16:34 80      NGVT_BBG009LM28K6_2021-03-18
2021-06-08 01:16:34 81      NJR_BBG000BPZVW9_2021-03-18
2021-06-08 01:16:34 82      NKE_BBG000C5HS04_2021-03-18
2021-06-08 01:16:34 89      NKTR_BBG000BHCYJ1_2021-03-18
2021-06-08 01:16:34 90      NLOK_BBG000BH2JM1_2021-03-18
2021-06-08 01:16:34 93      NLSN_BBG0088CYPX8_2021-03-18
2021-06-08 01:16:34 94      NMIH_BBG005DLMMZ6_2021-03-18
2021-06-08 01:16:34 96      NOC_BBG000BQ2C28_2021-03-18
2021-06-08 01:16:34 97      NOK_BBG000BNGBW9_2021-03-18
2021-06-08 01:16:35 14      NOV_BBG000BJX8C8_2021-03-18
2021-06-08 01:16:35 18      NOW_BBG000M1R011_2021-03-18
2021-06-08 01:16:35 21      NP_BBG000QCQ764_2021-03-18
2021-06-08 01:16:35 22      NPK_BBG000BQ4GG2_2021-03-18
2021-06-08 01:16:35 23      NRG_BBG000D8RG11_2021-03-18
2021-06-08 01:16:35 29      NSC_BBG000BQ5DS5_2021-03-18
2021-06-08 01:16:35 32      NSP_BBG000BJ41X2_2021-03-18
2021-06-08 01:16:35 33      NTAP_BBG000FP1N32_2021-03-18
2021-06-08 01:16:35 36      NTCO_BBG00R4ZKPN5_2021-03-18
2021-06-08 01:16:35 37      NTCT_BBG000C136Z8_2021-03-18
2021-06-08 01:16:35 38      NTES_BBG000BX72V8_2021-03-18
2021-06-08 01:16:35 42      NTGR_BBG000C4GBR6_2021-03-18
2021-06-08 01:16:35 43      NTLA_BBG007KC7PB0_2021-03-18
2021-06-08 01:16:35 45      NTNX_BBG001NDW1Z7_2021-03-18
2021-06-08 01:16:35 47      NTRA_BBG001J1BQ86_2021-03-18
2021-06-08 01:16:35 48      NTRS_BBG000BQ74K1_2021-03-18
2021-06-08 01:16:35 50      NTUS_BBG000DPZHS3_2021-03-18
2021-06-08 01:16:35 51      NUE_BBG000BQ8KV2_2021-03-18
2021-06-08 01:16:35 54      NUS_BBG000HG21Y3_2021-03-18
2021-06-08 01:16:35 55      NUVA_BBG000LNL298_2021-03-18
2021-06-08 01:16:35 56      NVDA_BBG000BBJQV0_2021-03-18
2021-06-08 01:16:35 73      NVEE_BBG005BT60Y8_2021-03-18
2021-06-08 01:16:35 74      NVR_BBG000BQBYR3_2021-03-18
2021-06-08 01:16:35 75      NVRO_BBG001K61W36_2021-03-18
2021-06-08 01:16:35 76      NVTA_BBG005DJFD43_2021-03-18
2021-06-08 01:16:35 79      NWE_BBG000Q1NMJ4_2021-03-18
2021-06-08 01:16:35 80      NWL_BBG000BQC9V2_2021-03-18
2021-06-08 01:16:35 82      NWLI_BBG008HNHZ07_2021-03-18
2021-06-08 01:16:35 83      NWS_BBG0035M2ZB7_2021-03-18
2021-06-08 01:16:35 85      NWSA_BBG0035LY913_2021-03-18
2021-06-08 01:16:35 88      NXPI_BBG000BND699_2021-03-18
2021-06-08 01:16:35 96      NXST_BBG000DZJVH0_2021-03-18
2021-06-08 01:16:35 98      NYT_BBG000FFC0B3_2021-03-18
2021-06-08 01:16:35 99      O_BBG000DHPN63_2021-03-18
2021-06-08 01:16:36 02      OC_BBG000M44VW8_2021-03-18
2021-06-08 01:16:36 04      ODFL_BBG000CHSS88_2021-03-18
2021-06-08 01:16:36 05      OFIX_BBG000G1C210_2021-03-18
2021-06-08 01:16:36 06      OHI_BBG000BGBTC2_2021-03-18
2021-06-08 01:16:36 09      OI_BBG00R2JZG39_2021-03-18
2021-06-08 01:16:36 10      OII_BBG000CPBCL8_2021-03-18
2021-06-08 01:16:36 11      OIS_BBG000BDDN94_2021-03-18
2021-06-08 01:16:36 13      OKE_BBG000BQHGR6_2021-03-18
2021-06-08 01:16:36 15      OKTA_BBG001YV1SM4_2021-03-18
2021-06-08 01:16:36 19      OLED_BBG000BLRP41_2021-03-18
2021-06-08 01:16:36 21      OLLI_BBG0098VVDT9_2021-03-18
2021-06-08 01:16:36 23      OMC_BBG000BS9489_2021-03-18
2021-06-08 01:16:36 25      OMCL_BBG000BTNGZ4_2021-03-18
2021-06-08 01:16:36 26      ON_BBG000DV7MX4_2021-03-18
2021-06-08 01:16:36 31      ONTO_BBG000BPRN29_2021-03-18
2021-06-08 01:16:36 32      ORCL_BBG000BQLTW7_2021-03-18
2021-06-08 01:16:36 39      ORLY_BBG000BGYWY6_2021-03-18
2021-06-08 01:16:36 40      OSIS_BBG000BWPR54_2021-03-18
2021-06-08 01:16:36 41      OSK_BBG000CC53X1_2021-03-18
2021-06-08 01:16:36 43      OSUR_BBG000J3D1Y8_2021-03-18
2021-06-08 01:16:36 45      OTIS_BBG00RP60KV0_2021-03-18
2021-06-08 01:16:36 46      OVV_BBG00R2NHQ65_2021-03-18
2021-06-08 01:16:36 49      OXY_BBG000BQQ2S6_2021-03-18
2021-06-08 01:16:36 58      PAGS_BBG00JM7QBR6_2021-03-18
2021-06-08 01:16:36 60      PANW_BBG0014GJCT9_2021-03-18
2021-06-08 01:16:36 62      PATK_BBG000BQSBB2_2021-03-18
2021-06-08 01:16:36 63      PAYC_BBG0064N0ZZ5_2021-03-18
2021-06-08 01:16:36 65      PB_BBG000BHY4D9_2021-03-18
2021-06-08 01:16:36 66      PBCT_BBG000BQT4L6_2021-03-18
2021-06-08 01:16:36 69      PBF_BBG002832GV8_2021-03-18
2021-06-08 01:16:36 72      PBH_BBG000QM0RZ4_2021-03-18
2021-06-08 01:16:36 74      PBI_BBG000BQTMJ9_2021-03-18
2021-06-08 01:16:36 76      PCAR_BBG000BQVTF5_2021-03-18
2021-06-08 01:16:36 79      PCG_BBG000BQWPC5_2021-03-18
2021-06-08 01:16:36 81      PCRX_BBG0018FQNS6_2021-03-18
2021-06-08 01:16:36 83      PCTY_BBG006598YS8_2021-03-18
2021-06-08 01:16:36 84      PD_BBG0043BYPB8_2021-03-18
2021-06-08 01:16:36 87      PDCO_BBG000BQY289_2021-03-18
2021-06-08 01:16:36 88      PEAK_BBG000BKYDP9_2021-03-18
2021-06-08 01:16:36 90      PEG_BBG000BQZMH4_2021-03-18
2021-06-08 01:16:36 92      PEGA_BBG000H1RYG7_2021-03-18
2021-06-08 01:16:36 93      PEN_BBG001BP92V1_2021-03-18
2021-06-08 01:16:36 95      PEP_BBG000DH7JK6_2021-03-18
2021-06-08 01:16:37 02      PETQ_BBG00H1CY328_2021-03-18
2021-06-08 01:16:37 03      PFE_BBG000BR2B91_2021-03-18
2021-06-08 01:16:37 07      PFG_BBG000NSCNT7_2021-03-18
2021-06-08 01:16:37 10      PFGC_BBG009XW2WB8_2021-03-18
2021-06-08 01:16:37 11      PFPT_BBG000RQ2GY7_2021-03-18
2021-06-08 01:16:37 13      PG_BBG000BR2TH3_2021-03-18
2021-06-08 01:16:37 19      PGNY_BBG002H1K1H1_2021-03-18
2021-06-08 01:16:37 20      PGR_BBG000BR37X2_2021-03-18
2021-06-08 01:16:37 23      PGTI_BBG000FX3Y66_2021-03-18
2021-06-08 01:16:37 23      PH_BBG000BR3KL6_2021-03-18
2021-06-08 01:16:37 26      PHM_BBG000BR54L0_2021-03-18
2021-06-08 01:16:37 29      PII_BBG000D5S4M0_2021-03-18
2021-06-08 01:16:37 31      PINC_BBG000G7QX50_2021-03-18
2021-06-08 01:16:37 32      PINS_BBG002583CV8_2021-03-18
2021-06-08 01:16:37 38      PIPR_BBG000FQXC75_2021-03-18
2021-06-08 01:16:37 39      PKG_BBG000BB8SW7_2021-03-18
2021-06-08 01:16:37 40      PKI_BBG000FXW512_2021-03-18
2021-06-08 01:16:37 42      PLAN_BBG002DZS299_2021-03-18
2021-06-08 01:16:37 45      PLAY_BBG001WWJTK5_2021-03-18
2021-06-08 01:16:37 47      PLCE_BBG000JK9DK4_2021-03-18
2021-06-08 01:16:37 48      PLD_BBG000B9Z0J8_2021-03-18
2021-06-08 01:16:37 50      PLNT_BBG009H04M17_2021-03-18
2021-06-08 01:16:37 52      PLTR_BBG000N7QR55_2021-03-18
2021-06-08 01:16:37 63      PLUS_BBG000HN7W02_2021-03-18
2021-06-08 01:16:37 64      PLXS_BBG000BRBX66_2021-03-18
2021-06-08 01:16:37 65      PM_BBG000J2XL74_2021-03-18
2021-06-08 01:16:37 69      PNC_BBG000BRD0D8_2021-03-18
2021-06-08 01:16:37 72      PNFP_BBG000C1XKF6_2021-03-18
2021-06-08 01:16:37 74      PNTG_BBG00P33SY72_2021-03-18
2021-06-08 01:16:37 75      PODD_BBG000R7XX87_2021-03-18
2021-06-08 01:16:37 76      POOL_BBG000BCVG28_2021-03-18
2021-06-08 01:16:37 78      POR_BBG000BCRMW7_2021-03-18
2021-06-08 01:16:37 79      POST_BBG001WTBC36_2021-03-18
2021-06-08 01:16:37 80      POWI_BBG000BTT3D1_2021-03-18
2021-06-08 01:16:37 82      PPC_BBG000BFLXV3_2021-03-18
2021-06-08 01:16:37 83      PPG_BBG000BRJ809_2021-03-18
2021-06-08 01:16:37 85      PPL_BBG000BRJL00_2021-03-18
2021-06-08 01:16:37 89      PRAA_BBG000BNTW77_2021-03-18
2021-06-08 01:16:37 90      PRAH_BBG007387YL8_2021-03-18
2021-06-08 01:16:37 92      PRFT_BBG000BVXFK6_2021-03-18
2021-06-08 01:16:37 93      PRG_BBG00VSH86G4_2021-03-18
2021-06-08 01:16:37 94      PRGS_BBG000C4QP94_2021-03-18
2021-06-08 01:16:37 95      PRI_BBG000T8ZF80_2021-03-18
2021-06-08 01:16:37 96      PRLB_BBG000BT13B3_2021-03-18
2021-06-08 01:16:37 97      PRSC_TCS000P1B7C8_2021-03-18
2021-06-08 01:16:37 98      PRSP_BBG00KMXKWF9_2021-03-18
2021-06-08 01:16:37 99      PRU_BBG000HCJMF9_2021-03-18
2021-06-08 01:16:38 02      PS_BBG00KMYC574_2021-03-18
2021-06-08 01:16:38 03      PSA_BBG000BPPN67_2021-03-18
2021-06-08 01:16:38 05      PSN_BBG000C3TKY6_2021-03-18
2021-06-08 01:16:38 05      PSTG_BBG00212PVZ5_2021-03-18
2021-06-08 01:16:38 09      PSX_BBG00286S4N9_2021-03-18
2021-06-08 01:16:38 11      PTC_BBG000C2VBB0_2021-03-18
2021-06-08 01:16:38 13      PTCT_BBG000QT15P7_2021-03-18
2021-06-08 01:16:38 15      PTON_BBG00JG0FFZ2_2021-03-18
2021-06-08 01:16:38 20      PTR_BBG000BR85F1_2021-03-18
2021-06-08 01:16:38 22      PUMP_BBG00FYCQ352_2021-03-18
2021-06-08 01:16:38 23      PVH_BBG000BRRG02_2021-03-18
2021-06-08 01:16:38 25      PWR_BBG000BBL8V7_2021-03-18
2021-06-08 01:16:38 26      PXD_BBG000BXRPH1_2021-03-18
2021-06-08 01:16:38 28      PYPL_BBG0077VNXV6_2021-03-18
2021-06-08 01:16:38 40      PZZA_BBG000BFWF13_2021-03-18
2021-06-08 01:16:38 41      QADA_BBG001BP77C3_2021-03-18
2021-06-08 01:16:38 42      QCOM_BBG000CGC1X8_2021-03-18
2021-06-08 01:16:38 52      QDEL_BBG000C6GN04_2021-03-18
2021-06-08 01:16:38 55      QLYS_BBG000HT5G06_2021-03-18
2021-06-08 01:16:38 57      QNST_BBG000S9XXB8_2021-03-18
2021-06-08 01:16:38 58      QRTEA_BBG000PCQQL6_2021-03-18
2021-06-08 01:16:38 60      QRVO_BBG007TJF1N7_2021-03-18
2021-06-08 01:16:38 64      QTS_BBG0054B20Z8_2021-03-18
2021-06-08 01:16:38 65      QTWO_BBG005ZVK9P2_2021-03-18
2021-06-08 01:16:38 66      QUOT_BBG001QYNR63_2021-03-18
2021-06-08 01:16:38 67      R_BBG000BRVP70_2021-03-18
2021-06-08 01:16:38 68      RACE_BBG009PH3Q86_2021-03-18
2021-06-08 01:16:38 70      RAMP_BBG000BB4HM6_2021-03-18
2021-06-08 01:16:38 71      RARE_BBG001RWPDW6_2021-03-18
2021-06-08 01:16:38 73      RAVN_BBG000CXQTZ3_2021-03-18
2021-06-08 01:16:38 74      RBC_BBG000BRXTR8_2021-03-18
2021-06-08 01:16:38 75      RCL_BBG000BB5792_2021-03-18
2021-06-08 01:16:38 78      RDFN_BBG001Q7HP63_2021-03-18
2021-06-08 01:16:38 80      RDS.A_BBG000QXSSS6_2021-03-18
2021-06-08 01:16:38 82      RDY_BBG000NJ96L6_2021-03-18
2021-06-08 01:16:38 83      RE_BBG000C1XVK6_2021-03-18
2021-06-08 01:16:38 85      REG_BBG000BL46Q4_2021-03-18
2021-06-08 01:16:38 89      REGI_BBG0016SSV00_2021-03-18
2021-06-08 01:16:38 92      REGN_BBG000C734W3_2021-03-18
2021-06-08 01:16:38 96      RETA_BBG000R33BD1_2021-03-18
2021-06-08 01:16:38 97      REX_BBG000D2ZK61_2021-03-18
2021-06-08 01:16:38 98      REZI_BBG00HY28K89_2021-03-18
2021-06-08 01:16:39 02      RF_BBG000Q3JN03_2021-03-18
2021-06-08 01:16:39 05      RGA_BBG000BDLCQ0_2021-03-18
2021-06-08 01:16:39 07      RGEN_BBG000BS48J3_2021-03-18
2021-06-08 01:16:39 08      RGLD_BBG000BS5170_2021-03-18
2021-06-08 01:16:39 10      RGNX_BBG007Z9V591_2021-03-18
2021-06-08 01:16:39 12      RGR_BBG000C4FQG6_2021-03-18
2021-06-08 01:16:39 13      RH_BBG002293PJ4_2021-03-18
2021-06-08 01:16:39 15      RHI_BBG000BS5DR2_2021-03-18
2021-06-08 01:16:39 17      RIG_BBG000BH5LT6_2021-03-18
2021-06-08 01:16:39 25      RJF_BBG000BS73J1_2021-03-18
2021-06-08 01:16:39 26      RL_BBG000BS0ZF1_2021-03-18
2021-06-08 01:16:39 28      RMD_BBG000L4M7F1_2021-03-18
2021-06-08 01:16:39 30      RNG_BBG000J094P3_2021-03-18
2021-06-08 01:16:39 33      ROCK_BBG000BKQDQ7_2021-03-18
2021-06-08 01:16:39 34      ROG_BBG000BS9HN3_2021-03-18
2021-06-08 01:16:39 35      ROK_BBG000BBCDZ2_2021-03-18
2021-06-08 01:16:39 36      ROKU_BBG001ZZPQJ6_2021-03-18
2021-06-08 01:16:39 41      ROL_BBG000BSBBP1_2021-03-18
2021-06-08 01:16:39 42      ROLL_BBG000GMGNB3_2021-03-18
2021-06-08 01:16:39 45      ROP_BBG000F1ZSN5_2021-03-18
2021-06-08 01:16:39 48      ROST_BBG000BSBZH7_2021-03-18
2021-06-08 01:16:39 52      RP_BBG000CN5CJ3_2021-03-18
2021-06-08 01:16:39 53      RPD_BBG009DFHWG6_2021-03-18
2021-06-08 01:16:39 55      RPM_BBG000DCNK80_2021-03-18
2021-06-08 01:16:39 56      RRBI_BBG000QKNLB2_2021-03-18
2021-06-08 01:16:39 57      RRC_BBG000FVXD63_2021-03-18
2021-06-08 01:16:39 59      RRGB_BBG000MXH9C1_2021-03-18
2021-06-08 01:16:39 60      RS_BBG000CJ2181_2021-03-18
2021-06-08 01:16:39 61      RSG_BBG000BPXVJ6_2021-03-18
2021-06-08 01:16:39 63      RTX_BBG000BW8S60_2021-03-18
2021-06-08 01:16:39 67      RVLV_BBG00M4RHBD0_2021-03-18
2021-06-08 01:16:39 70      RXN_BBG000H8R0N8_2021-03-18
2021-06-08 01:16:39 71      RYN_BBG000BG7L34_2021-03-18
2021-06-08 01:16:39 72      RYTM_BBG007DLZ601_2021-03-18
2021-06-08 01:16:39 73      SAFM_BBG000BSHJ96_2021-03-18
2021-06-08 01:16:39 75      SAGE_BBG0025X16Y5_2021-03-18
2021-06-08 01:16:39 76      SAIA_BBG000P5LMQ0_2021-03-18
2021-06-08 01:16:39 77      SAIC_BBG003BW05K6_2021-03-18
2021-06-08 01:16:39 78      SAIL_BBG00J0BBZL0_2021-03-18
2021-06-08 01:16:39 80      SAM_BBG000BCZBF1_2021-03-18
2021-06-08 01:16:39 81      SAVE_BBG000BF6RQ9_2021-03-18
2021-06-08 01:16:39 84      SBAC_BBG000D2M0Z7_2021-03-18
2021-06-08 01:16:39 85      SBCF_BBG000KK3464_2021-03-18
2021-06-08 01:16:39 86      SBGI_BBG000F2XXP2_2021-03-18
2021-06-08 01:16:39 87      SBH_BBG000LR8515_2021-03-18
2021-06-08 01:16:39 88      SBH: SPYKE!. Candle: ID:2038, Time: 20:10, Close: 20.99
2021-06-08 01:16:39 89      SBRA_BBG000MTDW24_2021-03-18
2021-06-08 01:16:39 91      SBUX_BBG000CTQBF3_2021-03-18
2021-06-08 01:16:39 97      SCCO_BBG000BSHH72_2021-03-18
2021-06-08 01:16:39 98      SCHW_BBG000BSLZY7_2021-03-18
2021-06-08 01:16:40 03      SCI_BBG000BTHH16_2021-03-18
2021-06-08 01:16:40 04      SCSC_BBG000BHTPZ4_2021-03-18
2021-06-08 01:16:40 04      SDGR_BBG000T88BN2_2021-03-18
2021-06-08 01:16:40 07      SEDG_BBG0084BBZY6_2021-03-18
2021-06-08 01:16:40 09      SEE_BBG000C22QV7_2021-03-18
2021-06-08 01:16:40 11      SEIC_BBG000BSQLT9_2021-03-18
2021-06-08 01:16:40 13      SERV_TCS002WMH2F2_2021-03-18
2021-06-08 01:16:40 13      SF_BBG000BSS5C0_2021-03-18
2021-06-08 01:16:40 14      SFIX_BBG0046L1KL9_2021-03-18
2021-06-08 01:16:40 17      SFM_BBG001KFKQM7_2021-03-18
2021-06-08 01:16:40 19      SGEN_BBG000BH0FR6_2021-03-18
2021-06-08 01:16:40 21      SGEN_old_TCS000BH0FR6_2021-03-18
2021-06-08 01:16:40 21      Warning: figi `old` for history data does not match actual figi `BBG000BH0FR6`. Ticker: SGEN. Will be used actual!
2021-06-08 01:16:40 22      SHAK_BBG0063GCHH8_2021-03-18
2021-06-08 01:16:40 23      SHEN_BBG000BTC2N0_2021-03-18
2021-06-08 01:16:40 24      SHI_BBG000BHR1H9_2021-03-18
2021-06-08 01:16:40 25      SHW_BBG000BSXQV7_2021-03-18
2021-06-08 01:16:40 26      SIG_BBG000C4ZZ10_2021-03-18
2021-06-08 01:16:40 28      SIGI_BBG000BSZ738_2021-03-18
2021-06-08 01:16:40 30      SINA_BBG000CJZ2W6_2021-03-18
2021-06-08 01:16:40 31      SITE_BBG009T22D49_2021-03-18
2021-06-08 01:16:40 31      SIVB_BBG000BT0CM2_2021-03-18
2021-06-08 01:16:40 35      SJI_BBG000BT0T72_2021-03-18
2021-06-08 01:16:40 38      SJM_BBG000BT1715_2021-03-18
2021-06-08 01:16:40 39      SKM_BBG000BLN497_2021-03-18
2021-06-08 01:16:40 40      SKX_BBG000C4HKK2_2021-03-18
2021-06-08 01:16:40 42      SLAB_BBG000BB99S3_2021-03-18
2021-06-08 01:16:40 43      SLAB: SPYKE!. Candle: ID:3, Time: 13:30, Close: 148.25
2021-06-08 01:16:40 44      SLB_BBG000BT41Q8_2021-03-18
2021-06-08 01:16:40 48      SLG_BBG000BVP5P2_2021-03-18
2021-06-08 01:16:40 50      SMAR_BBG00GQK3WB5_2021-03-18
2021-06-08 01:16:40 51      SMG_BBG000BT5PG5_2021-03-18
2021-06-08 01:16:40 53      SMPL_BBG00GVP5JL4_2021-03-18
2021-06-08 01:16:40 54      SMTC_BBG000DBKR53_2021-03-18
2021-06-08 01:16:40 55      SNA_BBG000BT7JW9_2021-03-18
2021-06-08 01:16:40 56      SNAP_BBG00441QMJ7_2021-03-18
2021-06-08 01:16:40 64      SNBR_BBG000DM2BF3_2021-03-18
2021-06-08 01:16:40 66      SNPS_BBG000BSFRF3_2021-03-18
2021-06-08 01:16:40 68      SNX_BBG000CL9JV4_2021-03-18
2021-06-08 01:16:40 70      SNY_BBG000BBD5N1_2021-03-18
2021-06-08 01:16:40 72      SO_BBG000BT9DW0_2021-03-18
2021-06-08 01:16:40 76      SOHU_BBG00L2DB535_2021-03-18
2021-06-08 01:16:40 77      SON_BBG000D7HF89_2021-03-18
2021-06-08 01:16:40 78      SONO_BBG001JZPSQ2_2021-03-18
2021-06-08 01:16:40 80      SONO: SPYKE!. Candle: ID:7089, Time: 20:05, Close: 40.4
2021-06-08 01:16:40 80      SONO: SPYKE!. Candle: ID:7091, Time: 20:05, Close: 42.25
2021-06-08 01:16:40 80      SONO: SPYKE!. Candle: ID:7102, Time: 20:25, Close: 41.91
2021-06-08 01:16:40 80      SP_BBG000BJ91B1_2021-03-18
2021-06-08 01:16:40 81      SPB@US_BBG000DS5588_2021-03-18
2021-06-08 01:16:40 82      SPCE_BBG00HTN2CQ3_2021-03-18
2021-06-08 01:16:41 01      SPG_BBG000BJ2D31_2021-03-18
2021-06-08 01:16:41 04      SPGI_BBG000BP1Q11_2021-03-18
2021-06-08 01:16:41 07      SPLK_BBG001C7TST4_2021-03-18
2021-06-08 01:16:41 12      SPOT_BBG003T4VFC2_2021-03-18
2021-06-08 01:16:41 14      SPR_BBG000PRJ2Z9_2021-03-18
2021-06-08 01:16:41 17      SPSC_BBG000PZGB75_2021-03-18
2021-06-08 01:16:41 18      SQ_BBG0018SLC07_2021-03-18
2021-06-08 01:16:41 26      SRC_BBG0027Z6X10_2021-03-18
2021-06-08 01:16:41 28      SRCL_BBG000H3FZM6_2021-03-18
2021-06-08 01:16:41 29      SRDX_BBG000BZ2QG2_2021-03-18
2021-06-08 01:16:41 29      SRE_BBG000C2ZCH8_2021-03-18
2021-06-08 01:16:41 32      SRI_BBG000BB9Q78_2021-03-18
2021-06-08 01:16:41 33      SRPT_BBG000BCJ161_2021-03-18
2021-06-08 01:16:41 36      SSD_BBG000JLC8L8_2021-03-18
2021-06-08 01:16:41 37      SSNC_BBG000RJ2J04_2021-03-18
2021-06-08 01:16:41 39      SSTK_BBG002ZCK2V9_2021-03-18
2021-06-08 01:16:41 40      STAA_BBG000C4QB95_2021-03-18
2021-06-08 01:16:41 41      STAG_BBG000BGLFP7_2021-03-18
2021-06-08 01:16:41 42      STLD_BBG000HGYNZ9_2021-03-18
2021-06-08 01:16:41 45      STMP_BBG000CZ4KF3_2021-03-18
2021-06-08 01:16:41 47      STRA_BBG000GRZDV1_2021-03-18
2021-06-08 01:16:41 49      STT_BBG000BKFBD7_2021-03-18
2021-06-08 01:16:41 51      STX_BBG000F0KF42_2021-03-18
2021-06-08 01:16:41 51      Warning: figi `BBG000F0KF42` for history data does not match actual figi `BBG0113JGQF0`. Ticker: STX. Will be used actual!
2021-06-08 01:16:41 57      STZ_BBG000J1QLT0_2021-03-18
2021-06-08 01:16:41 58      SUPN_BBG000BP0HX7_2021-03-18
2021-06-08 01:16:41 60      SWAV_BBG005XVXML5_2021-03-18
2021-06-08 01:16:41 61      SWBI_BBG000BM0QL7_2021-03-18
2021-06-08 01:16:41 64      SWCH_BBG00HPDM5Z2_2021-03-18
2021-06-08 01:16:41 65      SWI_BBG00M1CKSK7_2021-03-18
2021-06-08 01:16:41 67      SWK_BBG000BTQR96_2021-03-18
2021-06-08 01:16:41 69      SWKS_BBG000KLB4Q1_2021-03-18
2021-06-08 01:16:41 72      SWN_BBG000BTR593_2021-03-18
2021-06-08 01:16:41 75      SWX_BBG00FWP4JW4_2021-03-18
2021-06-08 01:16:41 76      SXI_BBG000BTT5B8_2021-03-18
2021-06-08 01:16:41 76      SXT_BBG000J79P80_2021-03-18
2021-06-08 01:16:41 77      SYF_BBG00658F3P3_2021-03-18
2021-06-08 01:16:41 83      SYK_BBG000DN7P92_2021-03-18
2021-06-08 01:16:41 85      SYKE_BBG000BBHPV4_2021-03-18
2021-06-08 01:16:41 85      SYNA_BBG000BQV1S2_2021-03-18
2021-06-08 01:16:41 87      SYNH_BBG0078Y1D92_2021-03-18
2021-06-08 01:16:41 88      SYNH: SPYKE!. Candle: ID:8, Time: 13:30, Close: 76.6
2021-06-08 01:16:41 89      SYY_BBG000BTVJ25_2021-03-18
2021-06-08 01:16:41 90      T_BBG000BSJK37_2021-03-18
2021-06-08 01:16:41 95      TAK_BBG000LF8708_2021-03-18
2021-06-08 01:16:41 96      TAL_BBG0016XJ8S0_2021-03-18
2021-06-08 01:16:41 98      TAP_BBG000BS7KS3_2021-03-18
2021-06-08 01:16:42 00      TCBI_BBG000DN4ZT1_2021-03-18
2021-06-08 01:16:42 02      TCMD_BBG001B12Z39_2021-03-18
2021-06-08 01:16:42 03      TCRR_BBG00FH3FM15_2021-03-18
2021-06-08 01:16:42 04      TCS_BBG005DXJS36_2021-03-18
2021-06-08 01:16:42 06      TCX_BBG000L69KL5_2021-03-18
2021-06-08 01:16:42 07      TDC_BBG000R0L5J4_2021-03-18
2021-06-08 01:16:42 08      TDG_BBG000L8CBX4_2021-03-18
2021-06-08 01:16:42 09      TDOC_BBG0019T5SG0_2021-03-18
2021-06-08 01:16:42 14      TDS_BBG000BV0VK7_2021-03-18
2021-06-08 01:16:42 15      TDY_BBG000BMT9T6_2021-03-18
2021-06-08 01:16:42 17      TECD_BBG000BV2BR2_2021-03-18
2021-06-08 01:16:42 17      TECH_BBG000C15114_2021-03-18
2021-06-08 01:16:42 18      TEL_BBG000RGM5P1_2021-03-18
2021-06-08 01:16:42 20      TENB_BBG00LBLCD02_2021-03-18
2021-06-08 01:16:42 22      TER_BBG000BV4DR6_2021-03-18
2021-06-08 01:16:42 25      TFC_BBG000BYYLS8_2021-03-18
2021-06-08 01:16:42 28      TFX_BBG000BV59Y6_2021-03-18
2021-06-08 01:16:42 29      TGNA_BBG000BK5DP1_2021-03-18
2021-06-08 01:16:42 30      TGT_BBG000H8TVT2_2021-03-18
2021-06-08 01:16:42 33      THG_BBG000FJH8W0_2021-03-18
2021-06-08 01:16:42 34      THO_BBG000BV6R84_2021-03-18
2021-06-08 01:16:42 36      THRM_BBG000BQLM34_2021-03-18
2021-06-08 01:16:42 37      THS_BBG000GQGJT4_2021-03-18
2021-06-08 01:16:42 38      TIF_BBG000BV75B7_2021-03-18
2021-06-08 01:16:42 38      TJX_BBG000BV8DN6_2021-03-18
2021-06-08 01:16:42 42      TKR_BBG000BV95H9_2021-03-18
2021-06-08 01:16:42 43      TMHC_BBG003PGJHP5_2021-03-18
2021-06-08 01:16:42 44      TMO_BBG000BVDLH9_2021-03-18
2021-06-08 01:16:42 46      TMUS_BBG000NDV1D4_2021-03-18
2021-06-08 01:16:42 50      TMX_BBG002WMH2F2_2021-03-18
2021-06-08 01:16:42 51      TNC_BBG000JCZJS2_2021-03-18
2021-06-08 01:16:42 52      TNDM_BBG0019V9M65_2021-03-18
2021-06-08 01:16:42 54      TNET_BBG000BR2040_2021-03-18
2021-06-08 01:16:42 55      TOL_BBG000BVHBM1_2021-03-18
2021-06-08 01:16:42 57      TOT_BBG000CHZ857_2021-03-18
2021-06-08 01:16:42 60      TPH_BBG0016YQTR5_2021-03-18
2021-06-08 01:16:42 61      TPIC_BBG0016MQ7C5_2021-03-18
2021-06-08 01:16:42 63      TPR_BBG000BY29C7_2021-03-18
2021-06-08 01:16:42 65      TPTX_BBG00NPL9WH7_2021-03-18
2021-06-08 01:16:42 66      TPX_BBG000PXGT62_2021-03-18
2021-06-08 01:16:42 69      TREE_BBG000TVRB50_2021-03-18
2021-06-08 01:16:42 71      TREX_BBG000BTGKK9_2021-03-18
2021-06-08 01:16:42 72      TRHC_BBG00BT7PPY8_2021-03-18
2021-06-08 01:16:42 74      TRIP_BBG001M8HHB7_2021-03-18
2021-06-08 01:16:42 80      TRMB_BBG000BNPS52_2021-03-18
2021-06-08 01:16:42 83      TROW_BBG000BVMPN3_2021-03-18
2021-06-08 01:16:42 86      TRU_BBG002Q7J5Z1_2021-03-18
2021-06-08 01:16:42 87      TRUP_BBG002BC7WC5_2021-03-18
2021-06-08 01:16:42 89      TRV_BBG000BJ81C1_2021-03-18
2021-06-08 01:16:42 91      TSCO_BBG000BLXZN1_2021-03-18
2021-06-08 01:16:42 94      TSLA_BBG000N9MNX3_2021-03-18
2021-06-08 01:16:43 45      TSM_BBG000BD8ZK0_2021-03-18
2021-06-08 01:16:43 55      TSN_BBG000DKCC19_2021-03-18
2021-06-08 01:16:43 57      TSS_BBG000C1JTL6_2021-03-18
2021-06-08 01:16:43 58      TT_BBG000BM6788_2021-03-18
2021-06-08 01:16:43 59      TTC_BBG000BVQRY3_2021-03-18
2021-06-08 01:16:43 60      TTD_BBG00629NGT2_2021-03-18
2021-06-08 01:16:43 63      TTEK_BBG000BYZ0Q5_2021-03-18
2021-06-08 01:16:43 64      TTM_BBG000PVGDH9_2021-03-18
2021-06-08 01:16:43 65      TTMI_BBG000BYQ0B1_2021-03-18
2021-06-08 01:16:43 67      TTWO_BBG000BS1YV5_2021-03-18
2021-06-08 01:16:43 70      TW_BBG00NK8H8T2_2021-03-18
2021-06-08 01:16:43 71      TWLO_BBG0029ZX840_2021-03-18
2021-06-08 01:16:43 74      TWNK_BBG00B6KGNN1_2021-03-18
2021-06-08 01:16:43 76      TWOU_BBG001KS9450_2021-03-18
2021-06-08 01:16:43 79      TWTR_BBG000H6HNW3_2021-03-18
2021-06-08 01:16:43 86      TXG_BBG007WX14X0_2021-03-18
2021-06-08 01:16:43 88      TXN_BBG000BVV7G1_2021-03-18
2021-06-08 01:16:43 94      TXRH_BBG000PSJMV7_2021-03-18
2021-06-08 01:16:43 98      TXT_BBG000BVVQQ8_2021-03-18
2021-06-08 01:16:43 99      TYL_BBG000BVWZF9_2021-03-18
2021-06-08 01:16:44 01      UA_BBG009DTD8H2_2021-03-18
2021-06-08 01:16:44 02      UAA_BBG000BXM6V2_2021-03-18
2021-06-08 01:16:44 05      UAL_BBG000M65M61_2021-03-18
2021-06-08 01:16:44 15      UBER_BBG002B04MT8_2021-03-18
2021-06-08 01:16:44 20      UCTT_BBG000HSLV70_2021-03-18
2021-06-08 01:16:44 21      UDR_BBG000C41023_2021-03-18
2021-06-08 01:16:44 24      UFPI_BBG000BL0T06_2021-03-18
2021-06-08 01:16:44 25      UFS_BBG000BHFHP8_2021-03-18
2021-06-08 01:16:44 26      UGI_BBG000BVYN55_2021-03-18
2021-06-08 01:16:44 27      UHS_BBG000CB8Q50_2021-03-18
2021-06-08 01:16:44 28      UI_BBG001R72SR9_2021-03-18
2021-06-08 01:16:44 29      ULTA_BBG00FWQ4VD6_2021-03-18
2021-06-08 01:16:44 31      UMBF_BBG000DD8WX1_2021-03-18
2021-06-08 01:16:44 34      UNF_BBG000BW29L1_2021-03-18
2021-06-08 01:16:44 34      UNH_BBG000CH5208_2021-03-18
2021-06-08 01:16:44 38      UNM_BBG000BW2QX0_2021-03-18
2021-06-08 01:16:44 40      UNP_BBG000BW3299_2021-03-18
2021-06-08 01:16:44 42      UNVR_BBG000BDHD29_2021-03-18
2021-06-08 01:16:44 44      UPS_BBG000L9CV04_2021-03-18
2021-06-08 01:16:44 47      UPWK_BBG00FBJ6390_2021-03-18
2021-06-08 01:16:44 51      URBN_BBG000BL79J3_2021-03-18
2021-06-08 01:16:44 54      URI_BBG000BXMFC3_2021-03-18
2021-06-08 01:16:44 55      USB_BBG000FFDM15_2021-03-18
2021-06-08 01:16:44 61      USFD_BBG00C6H6D40_2021-03-18
2021-06-08 01:16:44 63      USM_BBG000BW6P59_2021-03-18
2021-06-08 01:16:44 64      USNA_BBG000BX28M0_2021-03-18
2021-06-08 01:16:44 64      USPH_BBG000CSRSG6_2021-03-18
2021-06-08 01:16:44 66      UTHR_BBG000BV4XJ1_2021-03-18
2021-06-08 01:16:44 67      UTL_BBG000BW7X97_2021-03-18
2021-06-08 01:16:44 68      UTX_BBG0089KM290_2021-03-18
2021-06-08 01:16:44 68      V_BBG000PSKYX7_2021-03-18
2021-06-08 01:16:44 74      VAC_BBG001J2R5H3_2021-03-18
2021-06-08 01:16:44 75      VALE_BBG000BN5LG7_2021-03-18
2021-06-08 01:16:44 78      VAR_BBG000BWBZN1_2021-03-18
2021-06-08 01:16:44 79      VC_BBG0016T3GQ0_2021-03-18
2021-06-08 01:16:44 80      VCEL_BBG000BDCM24_2021-03-18
2021-06-08 01:16:44 83      VCRA_BBG00179VSY7_2021-03-18
2021-06-08 01:16:44 84      VCYT_BBG001J2M542_2021-03-18
2021-06-08 01:16:44 86      VEEV_BBG001CGB489_2021-03-18
2021-06-08 01:16:44 89      VEON_BBG000QCW561_2021-03-18
2021-06-08 01:16:44 91      VFC_BBG000BWCKB6_2021-03-18
2021-06-08 01:16:44 94      VG_BBG000BRB5D9_2021-03-18
2021-06-08 01:16:44 95      VIAC_BBG000C496P7_2021-03-18
2021-06-08 01:16:45 05      VICR_BBG000C3VHF1_2021-03-18
2021-06-08 01:16:45 06      VIE_BBG00K6P5XM1_2021-03-18
2021-06-08 01:16:45 07      VIPS_BBG002NLDLV8_2021-03-18
2021-06-08 01:16:45 10      VIR_BBG00H2QQ8T5_2021-03-18
2021-06-08 01:16:45 14      VLO_BBG000BBGGQ1_2021-03-18
2021-06-08 01:16:45 18      VMC_BBG000BWGYF8_2021-03-18
2021-06-08 01:16:45 20      VMI_BBG000BWB7V4_2021-03-18
2021-06-08 01:16:45 21      VMW_BBG000BC9938_2021-03-18
2021-06-08 01:16:45 23      VNDA_BBG000HT5MG6_2021-03-18
2021-06-08 01:16:45 24      VNE_BBG00K4MPP27_2021-03-18
2021-06-08 01:16:45 25      VNO_BBG000BWHD54_2021-03-18
2021-06-08 01:16:45 26      VNT_BBG00RRGSJR4_2021-03-18
2021-06-08 01:16:45 28      VPG_BBG000PRQ0V9_2021-03-18
2021-06-08 01:16:45 29      VREX_BBG00CZNLR47_2021-03-18
2021-06-08 01:16:45 30      VRNS_BBG001Y04TN6_2021-03-18
2021-06-08 01:16:45 30      VRNT_BBG000BCBYT2_2021-03-18
2021-06-08 01:16:45 34      VRSK_BBG000BCZL41_2021-03-18
2021-06-08 01:16:45 37      VRSN_BBG000BGKHZ3_2021-03-18
2021-06-08 01:16:45 38      VRTS_BBG000DMFQS2_2021-03-18
2021-06-08 01:16:45 39      VRTU_BBG000QCG7M7_2021-03-18
2021-06-08 01:16:45 39      VRTV_BBG005XZHR97_2021-03-18
2021-06-08 01:16:45 40      VRTX_BBG000C1S2X2_2021-03-18
2021-06-08 01:16:45 43      VTR_BBG000FRVHB9_2021-03-18
2021-06-08 01:16:45 44      VTRS_BBG00Y4RQNH4_2021-03-18
2021-06-08 01:16:45 47      VZ_BBG000HS77T5_2021-03-18
2021-06-08 01:16:45 51      W_BBG001B17MV2_2021-03-18
2021-06-08 01:16:45 53      WAB_BBG000BDD940_2021-03-18
2021-06-08 01:16:45 55      WAL_BBG000Q1KFH4_2021-03-18
2021-06-08 01:16:45 56      WAT_BBG000FQRVM3_2021-03-18
2021-06-08 01:16:45 57      WAT: SPYKE!. Candle: ID:9, Time: 13:35, Close: 265.5
2021-06-08 01:16:45 57      WB_BBG0065XPGX9_2021-03-18
2021-06-08 01:16:45 61      WBA_BBG000BWLMJ4_2021-03-18
2021-06-08 01:16:45 65      WCC_BBG000D0FNV3_2021-03-18
2021-06-08 01:16:45 66      WDAY_BBG000VC0T95_2021-03-18
2021-06-08 01:16:45 68      WDC_BBG000BWNFZ9_2021-03-18
2021-06-08 01:16:45 70      WDFC_BBG000BWNV93_2021-03-18
2021-06-08 01:16:45 72      WEC_BBG000BWP7D9_2021-03-18
2021-06-08 01:16:45 74      WELL_BBG000BKY1G5_2021-03-18
2021-06-08 01:16:45 75      WERN_BBG000BWPP85_2021-03-18
2021-06-08 01:16:45 77      WEX_BBG000BVZP59_2021-03-18
2021-06-08 01:16:45 78      WFC_BBG000BWQFY7_2021-03-18
2021-06-08 01:16:45 87      WGO_BBG000BWS3F3_2021-03-18
2021-06-08 01:16:45 89      WH_BBG00HCY3Q67_2021-03-18
2021-06-08 01:16:45 90      WHD_BBG00JRH1P95_2021-03-18
2021-06-08 01:16:45 91      WHR_BBG000BWSV34_2021-03-18
2021-06-08 01:16:45 92      WING_BBG008N298Y8_2021-03-18
2021-06-08 01:16:45 93      WK_BBG007BVZ8H9_2021-03-18
2021-06-08 01:16:45 94      WLK_BBG000PXZFW2_2021-03-18
2021-06-08 01:16:45 95      WLTW_BBG000DB3KT1_2021-03-18
2021-06-08 01:16:45 97      WM_BBG000BWVSR1_2021-03-18
2021-06-08 01:16:46 00      WMB_BBG000BWVCP8_2021-03-18
2021-06-08 01:16:46 02      WMT_BBG000BWXBC2_2021-03-18
2021-06-08 01:16:46 06      WOR_BBG000HL7499_2021-03-18
2021-06-08 01:16:46 07      WORK_BBG007G7V505_2021-03-18
2021-06-08 01:16:46 09      WRB_BBG000BD1HP2_2021-03-18
2021-06-08 01:16:46 10      WRK_BBG008NXC572_2021-03-18
2021-06-08 01:16:46 12      WRLD_BBG000C3G9J2_2021-03-18
2021-06-08 01:16:46 12      WSC_BBG00B0FS947_2021-03-18
2021-06-08 01:16:46 14      WSM_BBG000FSMWC3_2021-03-18
2021-06-08 01:16:46 16      WSO_BBG000DJN7L9_2021-03-18
2021-06-08 01:16:46 18      WST_BBG000BX24N8_2021-03-18
2021-06-08 01:16:46 19      WTFC_BBG000HD3DW5_2021-03-18
2021-06-08 01:16:46 20      WTS_BBG000C4Z6C2_2021-03-18
2021-06-08 01:16:46 21      WTTR_BBG00G4Y2DC1_2021-03-18
2021-06-08 01:16:46 22      WU_BBG000BB5373_2021-03-18
2021-06-08 01:16:46 24      WWD_BBG000BD53V2_2021-03-18
2021-06-08 01:16:46 26      WWE_BBG000F5YH15_2021-03-18
2021-06-08 01:16:46 26      WWW_BBG000BX2YN2_2021-03-18
2021-06-08 01:16:46 27      WY_BBG000BX3BL3_2021-03-18
2021-06-08 01:16:46 29      WYND_BBG000PV2L86_2021-03-18
2021-06-08 01:16:46 30      WYNN_BBG000LD9JQ8_2021-03-18
2021-06-08 01:16:46 32      XEC_BBG000D6L294_2021-03-18
2021-06-08 01:16:46 34      XEL_BBG000BCTQ65_2021-03-18
2021-06-08 01:16:46 39      XLNX_BBG000C0F570_2021-03-18
2021-06-08 01:16:46 44      XLRN_BBG000R5HWZ1_2021-03-18
2021-06-08 01:16:46 45      XNCR_BBG0026ZG4W0_2021-03-18
2021-06-08 01:16:46 46      XOM_BBG000GZQ728_2021-03-18
2021-06-08 01:16:46 56      XPO_BBG000L5CJF3_2021-03-18
2021-06-08 01:16:46 58      XRAY_BBG000BX57K1_2021-03-18
2021-06-08 01:16:46 60      XRX_BBG00NNG2ZJ8_2021-03-18
2021-06-08 01:16:46 61      XYL_BBG001D8R5D0_2021-03-18
2021-06-08 01:16:46 63      Y_BBG000BX6BJ3_2021-03-18
2021-06-08 01:16:46 64      YELP_BBG000Q2HM09_2021-03-18
2021-06-08 01:16:46 65      YETI_BBG00D8JC882_2021-03-18
2021-06-08 01:16:46 67      YEXT_BBG001MKZGY7_2021-03-18
2021-06-08 01:16:46 68      YUM_BBG000BH3GZ2_2021-03-18
2021-06-08 01:16:46 70      YUMC_BBG00B8N0HG1_2021-03-18
2021-06-08 01:16:46 71      YY_BBG003H0XV18_2021-03-18
2021-06-08 01:16:46 72      Z_BBG009NRSWJ4_2021-03-18
2021-06-08 01:16:46 77      ZBH_BBG000BKPL53_2021-03-18
2021-06-08 01:16:46 78      ZBRA_BBG000CC7LQ7_2021-03-18
2021-06-08 01:16:46 79      ZEN_BBG001HRFJG4_2021-03-18
2021-06-08 01:16:46 82      ZG_BBG000D13GN8_2021-03-18
2021-06-08 01:16:46 84      ZGNX_BBG000VDC3G9_2021-03-18
2021-06-08 01:16:46 86      ZI_BBG00S1HJ3M8_2021-03-18
2021-06-08 01:16:46 88      ZION_BBG000BX9WL1_2021-03-18
2021-06-08 01:16:46 93      ZM_BBG0042V6JM8_2021-03-18
2021-06-08 01:16:47 01      ZNH_BBG000BXQ7R1_2021-03-18
2021-06-08 01:16:47 02      ZS_BBG003338H34_2021-03-18
2021-06-08 01:16:47 06      ZTS_BBG0039320N9_2021-03-18
2021-06-08 01:16:47 08      ZUMZ_BBG000PYX812_2021-03-18
2021-06-08 01:16:47 09      ZUO_BBG000BT3HG5_2021-03-18
2021-06-08 01:16:47 10      ZYNE_BBG007BBS8B7_2021-03-18
2021-06-08 01:16:47 19      ZYXI_BBG000BJBXZ2_2021-03-18
2021-06-08 01:16:47 20      Total candles read: 5946140
2021-06-08 01:16:47 20      Start DisposeAsync...
2021-06-08 01:16:47 21      Trade statistic. Total/Pos/Neg: 2/1/1; Profit: -0.32; Volume: 0; MaxVolume: 180.01; Commission: 0.260700;
2021-06-08 01:16:47 21      BaseBot::DisposeAsync...
2021-06-08 01:16:47 21      BaseBot::DisposeAsync done!
2021-06-08 01:16:47 21      End DisposeAsync...
