2021-05-30 21:00:11 34      mode=TestTradeBot;DumpQuotes=false;SubscribeQuotes=false;Strategies=BuyTheDipPremarket;Token=token.txt;ConfigPath=usd.json;CandlesPath=C:\tinkoff\TestData\RawQuotes\5m\uncompressed\new\quotes_2021-03-11;
2021-05-30 21:00:11 35      Trade bot created
2021-05-30 21:00:11 37      Fake connection created
2021-05-30 21:00:11 99      List of disabled tickers: 
2021-05-30 21:00:12 00      A_BBG000C2V3D6_2021-03-11
2021-05-30 21:00:12 05      AA_BBG00B3T3HD3_2021-03-11
2021-05-30 21:00:12 09      AAL_BBG005P7Q881_2021-03-11
2021-05-30 21:00:12 16      AAN_BBG00WCNDCZ6_2021-03-11
2021-05-30 21:00:12 17      AAON_BBG000C2LZP3_2021-03-11
2021-05-30 21:00:12 17      AAP_BBG000F7RCJ1_2021-03-11
2021-05-30 21:00:12 18      AAPL_BBG000B9XRY4_2021-03-11
2021-05-30 21:00:12 51      ABBV_BBG0025Y4RY4_2021-03-11
2021-05-30 21:00:12 56      ABC_BBG000MDCQC2_2021-03-11
2021-05-30 21:00:12 57      ABG_BBG000BKDWB5_2021-03-11
2021-05-30 21:00:12 58      ABMD_BBG000C101X4_2021-03-11
2021-05-30 21:00:12 58      ABNB_BBG001Y2XS07_2021-03-11
2021-05-30 21:00:12 62      ABT_BBG000B9ZXB4_2021-03-11
2021-05-30 21:00:12 66      ACAD_BBG000BHG9K0_2021-03-11
2021-05-30 21:00:12 71      ACH_BBG000CMRVH1_2021-03-11
2021-05-30 21:00:12 73      ACM_BBG000F61RJ8_2021-03-11
2021-05-30 21:00:12 74      ACMR_BBG00HPSG933_2021-03-11
2021-05-30 21:00:12 74      ACMR: SPYKE!. Candle: ID:68, Time: 12:40, Close: 94.9
2021-05-30 21:00:12 74      ACN_BBG000D9D830_2021-03-11
2021-05-30 21:00:12 76      ADBE_BBG000BB5006_2021-03-11
2021-05-30 21:00:12 80      ADM_BBG000BB6WG8_2021-03-11
2021-05-30 21:00:12 81      ADP_BBG000JG0547_2021-03-11
2021-05-30 21:00:12 83      ADPT_BBG001J2PFF5_2021-03-11
2021-05-30 21:00:12 85      ADS_BBG000BFNR17_2021-03-11
2021-05-30 21:00:12 86      ADSK_BBG000BM7HL0_2021-03-11
2021-05-30 21:00:12 88      ADUS_BBG000NJGX84_2021-03-11
2021-05-30 21:00:12 88      AEE_BBG000B9X8C0_2021-03-11
2021-05-30 21:00:12 90      AEIS_BBG000FKMP26_2021-03-11
2021-05-30 21:00:12 91      AEO_BBG000BGXZB5_2021-03-11
2021-05-30 21:00:12 92      AERI_BBG001KJ7WJ5_2021-03-11
2021-05-30 21:00:12 94      AES_BBG000C23KJ3_2021-03-11
2021-05-30 21:00:12 95      AFG_BBG000DPKKK0_2021-03-11
2021-05-30 21:00:12 95      AFL_BBG000BBBNC6_2021-03-11
2021-05-30 21:00:12 97      AGCO_BBG000DCCZW2_2021-03-11
2021-05-30 21:00:12 97      AGIO_BBG000QY4ZD0_2021-03-11
2021-05-30 21:00:12 98      AIG_BBG000BBDZG3_2021-03-11
2021-05-30 21:00:13 00      AIR_BBG000BBGQF1_2021-03-11
2021-05-30 21:00:13 00      AIRC_BBG00XK3WVD0_2021-03-11
2021-05-30 21:00:13 01      AIT_BBG000BBHHP9_2021-03-11
2021-05-30 21:00:13 01      AIV_BBG000DD3510_2021-03-11
2021-05-30 21:00:13 03      AIZ_BBG000BZX1N5_2021-03-11
2021-05-30 21:00:13 04      AJG_BBG000BBHXQ3_2021-03-11
2021-05-30 21:00:13 05      AJRD_BBG000BKRHQ7_2021-03-11
2021-05-30 21:00:13 06      AKAM_BBG000BJQWD2_2021-03-11
2021-05-30 21:00:13 09      ALB_BBG000BJ26K7_2021-03-11
2021-05-30 21:00:13 10      ALGN_BBG000BRNLL2_2021-03-11
2021-05-30 21:00:13 11      ALGT_BBG000LJS6B8_2021-03-11
2021-05-30 21:00:13 12      ALK_BBG000BBL0Y1_2021-03-11
2021-05-30 21:00:13 14      ALL_BBG000BVMGF2_2021-03-11
2021-05-30 21:00:13 15      ALLE_BBG003PS7JV1_2021-03-11
2021-05-30 21:00:13 16      ALLK_BBG003QBJKN0_2021-03-11
2021-05-30 21:00:13 17      ALLO_BBG00KHRRDX3_2021-03-11
2021-05-30 21:00:13 19      ALLY_BBG000BC2R71_2021-03-11
2021-05-30 21:00:13 21      ALNY_BBG000BFGNJ5_2021-03-11
2021-05-30 21:00:13 22      ALRM_BBG007GNPYY7_2021-03-11
2021-05-30 21:00:13 23      ALSN_BBG001KY3845_2021-03-11
2021-05-30 21:00:13 23      ALTR_BBG000PN9NB9_2021-03-11
2021-05-30 21:00:13 24      ALXN_BBG000G30YX4_2021-03-11
2021-05-30 21:00:13 26      AMAT_BBG000BBPFB9_2021-03-11
2021-05-30 21:00:13 31      AMCX_BBG000H01H92_2021-03-11
2021-05-30 21:00:13 32      AMD_BBG000BBQCY0_2021-03-11
2021-05-30 21:00:13 48      AME_BBG000B9XG87_2021-03-11
2021-05-30 21:00:13 50      AMED_BBG000B9ZV28_2021-03-11
2021-05-30 21:00:13 50      AMG_BBG000C060M4_2021-03-11
2021-05-30 21:00:13 51      AMGN_BBG000BBS2Y0_2021-03-11
2021-05-30 21:00:13 53      AMN_BBG000BCT197_2021-03-11
2021-05-30 21:00:13 54      AMP_BBG000G3QLY3_2021-03-11
2021-05-30 21:00:13 56      AMT_BBG000B9XYV2_2021-03-11
2021-05-30 21:00:13 58      AMWD_BBG000BBX657_2021-03-11
2021-05-30 21:00:13 59      AMZN_BBG000BVPV84_2021-03-11
2021-05-30 21:00:13 65      AN_BBG000BBXLW4_2021-03-11
2021-05-30 21:00:13 65      ANAB_BBG0026ZDHR0_2021-03-11
2021-05-30 21:00:13 70      ANDE_BBG000BF8CN3_2021-03-11
2021-05-30 21:00:13 70      ANET_BBG000N2HDY5_2021-03-11
2021-05-30 21:00:13 71      ANF_BBG000H9G7X2_2021-03-11
2021-05-30 21:00:13 72      ANGI_BBG00HVKH3Q0_2021-03-11
2021-05-30 21:00:13 73      ANIK_BBG000BBKZD8_2021-03-11
2021-05-30 21:00:13 74      ANIP_BBG000KK1L04_2021-03-11
2021-05-30 21:00:13 74      ANSS_BBG000GXZ4W7_2021-03-11
2021-05-30 21:00:13 75      ANTM_BBG000BCG930_2021-03-11
2021-05-30 21:00:13 76      AON_BBG00SSQFPK6_2021-03-11
2021-05-30 21:00:13 77      AOS_BBG000BC1L02_2021-03-11
2021-05-30 21:00:13 78      AOUT_BBG00QV8FS02_2021-03-11
2021-05-30 21:00:13 79      APA_BBG00YTS96G2_2021-03-11
2021-05-30 21:00:13 80      APA: SPYKE!. Candle: ID:4, Time: 7:00, Close: 20.44
2021-05-30 21:00:13 82      APD_BBG000BC4JJ4_2021-03-11
2021-05-30 21:00:13 84      APEI_BBG000RVD346_2021-03-11
2021-05-30 21:00:13 84      APEI: SPYKE!. Candle: ID:58, Time: 7:50, Close: 32.45
2021-05-30 21:00:13 84      APEI: SPYKE!. Candle: ID:62, Time: 7:55, Close: 30.01
2021-05-30 21:00:13 84      APLE_BBG006473QX9_2021-03-11
2021-05-30 21:00:13 85      APLT_BBG000DD0489_2021-03-11
2021-05-30 21:00:13 86      APPF_BBG008GC8CP6_2021-03-11
2021-05-30 21:00:13 87      APPN_BBG001C7PMJ2_2021-03-11
2021-05-30 21:00:13 89      APPS_BBG000HZ3562_2021-03-11
2021-05-30 21:00:13 90      APPS: SPYKE!. Candle: ID:29, Time: 7:20, Close: 77
2021-05-30 21:00:13 93      APTV_BBG001QD41M9_2021-03-11
2021-05-30 21:00:13 94      ARCC_BBG000PD6X77_2021-03-11
2021-05-30 21:00:13 95      ARCT_BBG00NNW8JK1_2021-03-11
2021-05-30 21:00:13 97      ARE_BBG000BC33T9_2021-03-11
2021-05-30 21:00:13 98      ARMK_BBG001KY4N87_2021-03-11
2021-05-30 21:00:13 99      ARNA_BBG000BKXBV7_2021-03-11
2021-05-30 21:00:14 00      ARNC_BBG00R45JYB7_2021-03-11
2021-05-30 21:00:14 01      ARNC: SPYKE!. Candle: ID:2765, Time: 21:00, Close: 31
2021-05-30 21:00:14 02      ARQT_BBG00QN8K4M4_2021-03-11
2021-05-30 21:00:14 02      ARVN_BBG00LW7YK82_2021-03-11
2021-05-30 21:00:14 02      ARVN: SPYKE!. Candle: ID:27, Time: 14:30, Close: 74.29
2021-05-30 21:00:14 03      ARW_BBG000BCD3D5_2021-03-11
2021-05-30 21:00:14 04      ARWR_BBG000BRVKH0_2021-03-11
2021-05-30 21:00:14 05      ASGN_BBG000CRN8N8_2021-03-11
2021-05-30 21:00:14 06      ASH_BBG00D0Y81M1_2021-03-11
2021-05-30 21:00:14 07      ASIX_BBG00CWTTQ41_2021-03-11
2021-05-30 21:00:14 08      ATEX_BBG0081NLHR0_2021-03-11
2021-05-30 21:00:14 09      ATGE_BBG000DQBZJ7_2021-03-11
2021-05-30 21:00:14 10      ATKR_BBG000QTFDQ4_2021-03-11
2021-05-30 21:00:14 10      ATR_BBG000BGX2S0_2021-03-11
2021-05-30 21:00:14 11      ATRA_BBG005Q3MQY4_2021-03-11
2021-05-30 21:00:14 13      ATRC_BBG000BL6CB5_2021-03-11
2021-05-30 21:00:14 14      ATRI_BBG000DTT624_2021-03-11
2021-05-30 21:00:14 15      ATRO_BBG000BCLBY5_2021-03-11
2021-05-30 21:00:14 15      ATUS_BBG00GFMPRK0_2021-03-11
2021-05-30 21:00:14 17      ATVI_BBG000CVWGS6_2021-03-11
2021-05-30 21:00:14 21      AVAV_BBG000GX14P2_2021-03-11
2021-05-30 21:00:14 22      AVB_BBG000BLPBL5_2021-03-11
2021-05-30 21:00:14 23      AVGO_BBG00KHY5S69_2021-03-11
2021-05-30 21:00:14 28      AVLR_BBG000R4Y9C1_2021-03-11
2021-05-30 21:00:14 29      AVNS_BBG005L86G05_2021-03-11
2021-05-30 21:00:14 30      AVNT_BBG000C8NJ10_2021-03-11
2021-05-30 21:00:14 30      AVTR_BBG00G2HHYD7_2021-03-11
2021-05-30 21:00:14 32      AVY_BBG000BCQ4P6_2021-03-11
2021-05-30 21:00:14 33      AWI_BBG000DW4LB1_2021-03-11
2021-05-30 21:00:14 33      AWK_BBG000TRJ294_2021-03-11
2021-05-30 21:00:14 35      AWR_BBG000F964B6_2021-03-11
2021-05-30 21:00:14 35      AX_BBG000QPHD08_2021-03-11
2021-05-30 21:00:14 36      AXGN_BBG000BN46R9_2021-03-11
2021-05-30 21:00:14 37      AXP_BBG000BCQZS4_2021-03-11
2021-05-30 21:00:14 41      AXSM_BBG00B6G7GL7_2021-03-11
2021-05-30 21:00:14 42      AYI_BBG000BJ5HK0_2021-03-11
2021-05-30 21:00:14 44      AYX_BBG000BGZT72_2021-03-11
2021-05-30 21:00:14 47      AZO_BBG000C7LMS8_2021-03-11
2021-05-30 21:00:14 48      AZPN_BBG000DFMXT3_2021-03-11
2021-05-30 21:00:14 49      BA_BBG000BCSST7_2021-03-11
2021-05-30 21:00:14 59      BABA_BBG006G2JVL2_2021-03-11
2021-05-30 21:00:14 67      BAC_BBG000BCTLF6_2021-03-11
2021-05-30 21:00:14 74      BAH_BBG000R2YFG7_2021-03-11
2021-05-30 21:00:14 74      BAND_BBG001K003W2_2021-03-11
2021-05-30 21:00:14 75      BAX_BBG000BCVJ77_2021-03-11
2021-05-30 21:00:14 77      BBBY_BBG000CSY9H9_2021-03-11
2021-05-30 21:00:14 80      BBIO_BBG00P9KDZK6_2021-03-11
2021-05-30 21:00:14 81      BBSI_BBG000BHJSC4_2021-03-11
2021-05-30 21:00:14 81      BBY_BBG000BCWCG1_2021-03-11
2021-05-30 21:00:14 84      BC_BBG000BCWSS3_2021-03-11
2021-05-30 21:00:14 84      BCO_BBG000DR5QP5_2021-03-11
2021-05-30 21:00:14 85      BCPC_BBG000BCY878_2021-03-11
2021-05-30 21:00:14 86      BDC_BBG000Q4XNV1_2021-03-11
2021-05-30 21:00:14 86      BDTX_BBG00MS4Y0W9_2021-03-11
2021-05-30 21:00:14 87      BDX_BBG000BCZYD3_2021-03-11
2021-05-30 21:00:14 89      BECN_BBG000BKTXF2_2021-03-11
2021-05-30 21:00:14 90      BEN_BBG000BD0TF8_2021-03-11
2021-05-30 21:00:14 91      BERY_BBG000Q1R1Y9_2021-03-11
2021-05-30 21:00:14 92      BF.B_BBG000BD2NY8_2021-03-11
2021-05-30 21:00:14 93      BFAM_BBG003LFWP05_2021-03-11
2021-05-30 21:00:14 94      BGS_BBG000RKXRQ1_2021-03-11
2021-05-30 21:00:14 95      BH_BBG00JPRDQH1_2021-03-11
2021-05-30 21:00:14 95      BHF_BBG00DYPZ4T0_2021-03-11
2021-05-30 21:00:14 96      BIDU_BBG000QXWHD1_2021-03-11
2021-05-30 21:00:15 12      BIG_BBG000J0D904_2021-03-11
2021-05-30 21:00:15 13      BIIB_BBG000C17X76_2021-03-11
2021-05-30 21:00:15 16      BILI_BBG00K7T3037_2021-03-11
2021-05-30 21:00:15 23      BILL_BBG00QVJV6V4_2021-03-11
2021-05-30 21:00:15 25      BIO_BBG000DY28W5_2021-03-11
2021-05-30 21:00:15 27      BJRI_BBG000H9LNX1_2021-03-11
2021-05-30 21:00:15 27      BK_BBG000BD8PN9_2021-03-11
2021-05-30 21:00:15 30      BKI_BBG00GX77LW3_2021-03-11
2021-05-30 21:00:15 31      BKNG_BBG000BLBVN4_2021-03-11
2021-05-30 21:00:15 33      BKR_BBG00GBVBK51_2021-03-11
2021-05-30 21:00:15 36      BL_BBG0029KJVB0_2021-03-11
2021-05-30 21:00:15 38      BLD_BBG0077VS2C0_2021-03-11
2021-05-30 21:00:15 39      BLDR_BBG000BKD3K9_2021-03-11
2021-05-30 21:00:15 41      BLK_BBG000C2PW58_2021-03-11
2021-05-30 21:00:15 43      BLKB_BBG000BGGTW5_2021-03-11
2021-05-30 21:00:15 44      BLL_BBG000BDDNH5_2021-03-11
2021-05-30 21:00:15 45      BLUE_BBG000QGWY50_2021-03-11
2021-05-30 21:00:15 48      BLUE: BuyPending. Strategy: BuyTheDipPremarket. Price: 31.4. Lots: 7. ChangeOpenToCurrent: -4.03. changeFromLow: 1.29. Candle: ID:35, Time: 7:00, Close: 31.4.
2021-05-30 21:00:15 48      BLUE: OrderID: 2cbc44e5. PlacedOrder. Status: New. RejectReason: 
2021-05-30 21:00:15 48      BLUE: OrderID: 2cbc44e5 fully executed
2021-05-30 21:00:15 49      BLUE: Closing. Close price: 32.37. Lots: 7. CandleChange: -0.22%. ChangeFromCandleHigh: -0.22%. Profit: 0.97(3.09%). Candle: ID:162, Time: 7:05, Close: 32.37
2021-05-30 21:00:15 49      BLUE: OrderID: 60aeab09. PlacedOrder. Status: New. RejectReason: 
2021-05-30 21:00:15 49      BLUE: OrderID: 60aeab09 fully executed
2021-05-30 21:00:15 51      BMI_BBG000BDGHD9_2021-03-11
2021-05-30 21:00:15 52      BMRN_BBG000CZWZ05_2021-03-11
2021-05-30 21:00:15 54      BMY_BBG000DQLV23_2021-03-11
2021-05-30 21:00:15 59      BOH_BBG000C8D8G9_2021-03-11
2021-05-30 21:00:15 59      BOKF_BBG000CFZ003_2021-03-11
2021-05-30 21:00:15 60      BOOT_BBG0077SYZV6_2021-03-11
2021-05-30 21:00:15 62      BOX_BBG000PMSK08_2021-03-11
2021-05-30 21:00:15 63      BPMC_BBG001MC8YF7_2021-03-11
2021-05-30 21:00:15 64      BR_BBG000PPFKQ7_2021-03-11
2021-05-30 21:00:15 65      BRC_BBG000BDNV95_2021-03-11
2021-05-30 21:00:15 66      BRK.B_BBG000DWG505_2021-03-11
2021-05-30 21:00:15 71      BRKR_BBG000CL1FG7_2021-03-11
2021-05-30 21:00:15 72      BRO_BBG000BWSGF4_2021-03-11
2021-05-30 21:00:15 73      BSX_BBG000C0LW92_2021-03-11
2021-05-30 21:00:15 76      BTAI_BBG00K20GVD2_2021-03-11
2021-05-30 21:00:15 76      BTAI: SPYKE!. Candle: ID:466, Time: 12:15, Close: 50
2021-05-30 21:00:15 77      BTI_BBG000BWPXQ8_2021-03-11
2021-05-30 21:00:15 79      BUD_BBG000RYC984_2021-03-11
2021-05-30 21:00:15 80      BURL_BBG004S641N5_2021-03-11
2021-05-30 21:00:15 82      BWA_BBG000BJ49H3_2021-03-11
2021-05-30 21:00:15 84      BWXT_BBG000D86F25_2021-03-11
2021-05-30 21:00:15 85      BX_BBG000BH0106_2021-03-11
2021-05-30 21:00:15 88      BXP_BBG000BS5CM9_2021-03-11
2021-05-30 21:00:15 89      BYND_BBG003CVJP50_2021-03-11
2021-05-30 21:00:15 93      BZUN_BBG008HNS333_2021-03-11
2021-05-30 21:00:15 94      C_BBG000FY4S11_2021-03-11
2021-05-30 21:00:16 00      CABO_BBG000F02T51_2021-03-11
2021-05-30 21:00:16 00      CACC_BBG000CS0D96_2021-03-11
2021-05-30 21:00:16 01      CAG_BBG000BDXGP9_2021-03-11
2021-05-30 21:00:16 03      CAH_BBG000D898T9_2021-03-11
2021-05-30 21:00:16 04      CALM_BBG000CDMJW6_2021-03-11
2021-05-30 21:00:16 05      CARA_BBG001J2QYS9_2021-03-11
2021-05-30 21:00:16 06      CARG_BBG00HQ77DS2_2021-03-11
2021-05-30 21:00:16 07      CARR_BBG00RP5HYS8_2021-03-11
2021-05-30 21:00:16 09      CARS_BBG000HGTH33_2021-03-11
2021-05-30 21:00:16 10      CASY_BBG000BF0672_2021-03-11
2021-05-30 21:00:16 12      CAT_BBG000BF0K17_2021-03-11
2021-05-30 21:00:16 14      CB_BBG000BR14K5_2021-03-11
2021-05-30 21:00:16 17      CBRE_BBG000C04224_2021-03-11
2021-05-30 21:00:16 18      CBRL_BBG000BF33K1_2021-03-11
2021-05-30 21:00:16 19      CBSH_BBG000BF3G77_2021-03-11
2021-05-30 21:00:16 20      CBU_BBG000BF4D19_2021-03-11
2021-05-30 21:00:16 21      CCI_BBG000FV1Z23_2021-03-11
2021-05-30 21:00:16 23      CCK_BBG000BF6756_2021-03-11
2021-05-30 21:00:16 24      CCL_BBG000BF6LY3_2021-03-11
2021-05-30 21:00:16 32      CCOI_BBG000D0SMY8_2021-03-11
2021-05-30 21:00:16 33      CCXI_BBG000PTSB12_2021-03-11
2021-05-30 21:00:16 34      CDK_BBG006B6PVN9_2021-03-11
2021-05-30 21:00:16 36      CDLX_BBG00225ZDD0_2021-03-11
2021-05-30 21:00:16 36      CDLX: SPYKE!. Candle: ID:20, Time: 14:30, Close: 131.35
2021-05-30 21:00:16 37      CDNA_BBG006JS5785_2021-03-11
2021-05-30 21:00:16 38      CDNS_BBG000C13CD9_2021-03-11
2021-05-30 21:00:16 44      CDW_BBG001P63B80_2021-03-11
2021-05-30 21:00:16 45      CE_BBG000JYP7L8_2021-03-11
2021-05-30 21:00:16 47      CEA_BBG000BCFNR4_2021-03-11
2021-05-30 21:00:16 48      CENT_BBG000BFD605_2021-03-11
2021-05-30 21:00:16 49      CENTA_BBG000KTYB56_2021-03-11
2021-05-30 21:00:16 50      CERN_BBG000BFDLV8_2021-03-11
2021-05-30 21:00:16 52      CEVA_BBG000BN3P07_2021-03-11
2021-05-30 21:00:16 54      CF_BBG000BWJFZ4_2021-03-11
2021-05-30 21:00:16 57      CFG_BBG006Q0HY77_2021-03-11
2021-05-30 21:00:16 60      CFR_BBG000C2PL98_2021-03-11
2021-05-30 21:00:16 61      CFX_BBG000C5Z443_2021-03-11
2021-05-30 21:00:16 63      CGEN_BBG000B9ZLB0_2021-03-11
2021-05-30 21:00:16 66      CGNX_BBG000BPBVW5_2021-03-11
2021-05-30 21:00:16 68      CHD_BBG000BFJT36_2021-03-11
2021-05-30 21:00:16 70      CHDN_BBG000BGXMG9_2021-03-11
2021-05-30 21:00:16 71      CHE_BBG000C19QW1_2021-03-11
2021-05-30 21:00:16 71      CHEF_BBG001MFW6D6_2021-03-11
2021-05-30 21:00:16 73      CHGG_BBG0014XR0N5_2021-03-11
2021-05-30 21:00:16 75      CHH_BBG000BPBTL2_2021-03-11
2021-05-30 21:00:16 76      CHKP_BBG000K82ZT8_2021-03-11
2021-05-30 21:00:16 78      CHNG_BBG0059KNH10_2021-03-11
2021-05-30 21:00:16 79      CHRW_BBG000BTCH57_2021-03-11
2021-05-30 21:00:16 80      CHTR_BBG000VPGNR2_2021-03-11
2021-05-30 21:00:16 83      CHWY_BBG00P19DKZ6_2021-03-11
2021-05-30 21:00:16 85      CHX_BBG00JH9TZ56_2021-03-11
2021-05-30 21:00:16 87      CI_BBG00KXRCDP0_2021-03-11
2021-05-30 21:00:16 89      CIEN_BBG000BP1152_2021-03-11
2021-05-30 21:00:16 90      CINF_BBG000BFPK65_2021-03-11
2021-05-30 21:00:16 91      CL_BBG000BFQYY3_2021-03-11
2021-05-30 21:00:16 94      CLDR_BBG000DRJFC8_2021-03-11
2021-05-30 21:00:17 00      CLDT_BBG000PT6BR8_2021-03-11
2021-05-30 21:00:17 00      CLF_BBG000BFRF55_2021-03-11
2021-05-30 21:00:17 04      CLGX_BBG000C2H3F0_2021-03-11
2021-05-30 21:00:17 05      CLH_BBG000BFRRX8_2021-03-11
2021-05-30 21:00:17 05      CLR_BBG000BHBGN6_2021-03-11
2021-05-30 21:00:17 07      CLX_BBG000BFS7D3_2021-03-11
2021-05-30 21:00:17 09      CMA_BBG000C75N77_2021-03-11
2021-05-30 21:00:17 10      CMC_BBG000BFSND8_2021-03-11
2021-05-30 21:00:17 11      CMCO_BBG000BCWWV0_2021-03-11
2021-05-30 21:00:17 12      CMCSA_BBG000BFT2L4_2021-03-11
2021-05-30 21:00:17 18      CME_BBG000BHLYP4_2021-03-11
2021-05-30 21:00:17 21      CMG_BBG000QX74T1_2021-03-11
2021-05-30 21:00:17 23      CMI_BBG000BGPTV6_2021-03-11
2021-05-30 21:00:17 25      CMP_BBG000C42WS4_2021-03-11
2021-05-30 21:00:17 26      CMS_BBG000BFVXX0_2021-03-11
2021-05-30 21:00:17 29      CNC_BBG000BDXCJ5_2021-03-11
2021-05-30 21:00:17 31      CNK_BBG000QDVR53_2021-03-11
2021-05-30 21:00:17 39      CNP_BBG000FDBX90_2021-03-11
2021-05-30 21:00:17 40      CNS_BBG000BB0WG4_2021-03-11
2021-05-30 21:00:17 41      CNST_BBG000R1H6P8_2021-03-11
2021-05-30 21:00:17 43      CNXC_BBG00RCNQMX3_2021-03-11
2021-05-30 21:00:17 44      CNXN_BBG000BX74M4_2021-03-11
2021-05-30 21:00:17 44      COF_BBG000BGKTF9_2021-03-11
2021-05-30 21:00:17 46      COG_BBG000C3GN47_2021-03-11
2021-05-30 21:00:17 49      COHR_BBG000BG1DH3_2021-03-11
2021-05-30 21:00:17 50      COKE_BBG000BG1SX2_2021-03-11
2021-05-30 21:00:17 51      COLM_BBG000BKKQ84_2021-03-11
2021-05-30 21:00:17 53      CONE_BBG0038V5TX1_2021-03-11
2021-05-30 21:00:17 54      COO_BBG000BG3445_2021-03-11
2021-05-30 21:00:17 55      COP_BBG000BQQH30_2021-03-11
2021-05-30 21:00:17 60      CORR_BBG000CN80Y9_2021-03-11
2021-05-30 21:00:17 62      CORT_BBG000BKJG33_2021-03-11
2021-05-30 21:00:17 63      COST_BBG000F6H8W8_2021-03-11
2021-05-30 21:00:17 68      COTY_BBG000F395V1_2021-03-11
2021-05-30 21:00:17 70      COUP_BBG001J4BCN4_2021-03-11
2021-05-30 21:00:17 72      CPB_BBG000BG4202_2021-03-11
2021-05-30 21:00:17 74      CPRI_BBG0029SNR63_2021-03-11
2021-05-30 21:00:17 76      CPRT_BBG000BM9RH1_2021-03-11
2021-05-30 21:00:17 78      CPS_BBG000PSXT64_2021-03-11
2021-05-30 21:00:17 79      CR_BBG000BG7423_2021-03-11
2021-05-30 21:00:17 79      CREE_BBG000BG14P4_2021-03-11
2021-05-30 21:00:17 82      CRI_BBG000CTM4J9_2021-03-11
2021-05-30 21:00:17 84      CRL_BBG000BG5BL8_2021-03-11
2021-05-30 21:00:17 85      CRM_BBG000BN2DC2_2021-03-11
2021-05-30 21:00:17 89      CRMT_BBG000CM6L31_2021-03-11
2021-05-30 21:00:17 90      CROX_BBG000BLY663_2021-03-11
2021-05-30 21:00:17 92      CRS_BBG000BGCQT9_2021-03-11
2021-05-30 21:00:17 93      CRTX_BBG00BTK1DT8_2021-03-11
2021-05-30 21:00:17 95      CRUS_BBG000C1DHF5_2021-03-11
2021-05-30 21:00:17 96      CRVL_BBG000CVKZY0_2021-03-11
2021-05-30 21:00:17 97      CRWD_BBG00BLYKS03_2021-03-11
2021-05-30 21:00:18 00      CSCO_BBG000C3J3C9_2021-03-11
2021-05-30 21:00:18 06      CSGP_BBG000D7JKW9_2021-03-11
2021-05-30 21:00:18 07      CSGS_BBG000G3TQV2_2021-03-11
2021-05-30 21:00:18 07      CSII_BBG000NWQ9S5_2021-03-11
2021-05-30 21:00:18 08      CSL_BBG000BGGBT8_2021-03-11
2021-05-30 21:00:18 09      CSOD_BBG0016X4XN6_2021-03-11
2021-05-30 21:00:18 10      CSWI_BBG007NLG4L3_2021-03-11
2021-05-30 21:00:18 11      CSX_BBG000BGJRC8_2021-03-11
2021-05-30 21:00:18 14      CTAS_BBG000H3YXF8_2021-03-11
2021-05-30 21:00:18 15      CTB_BBG000BGKXV2_2021-03-11
2021-05-30 21:00:18 16      CTLT_BBG005XR47P5_2021-03-11
2021-05-30 21:00:18 18      CTSH_BBG000BBDV81_2021-03-11
2021-05-30 21:00:18 21      CTVA_BBG00BN969C1_2021-03-11
2021-05-30 21:00:18 23      CTXS_BBG000FQ6PY6_2021-03-11
2021-05-30 21:00:18 24      CVCO_BBG000K4WS65_2021-03-11
2021-05-30 21:00:18 25      CVET_BBG00KR691K8_2021-03-11
2021-05-30 21:00:18 26      CVGW_BBG000BGPQW1_2021-03-11
2021-05-30 21:00:18 26      CVGW: SPYKE!. Candle: ID:31, Time: 14:40, Close: 83.84
2021-05-30 21:00:18 27      CVLT_BBG000BG88X9_2021-03-11
2021-05-30 21:00:18 28      CVNA_BBG00GCTWDJ3_2021-03-11
2021-05-30 21:00:18 29      CVS_BBG000BGRY34_2021-03-11
2021-05-30 21:00:18 31      CVX_BBG000K4ND22_2021-03-11
2021-05-30 21:00:18 39      CW_BBG000BGSPS5_2021-03-11
2021-05-30 21:00:18 40      CWST_BBG000BT0J38_2021-03-11
2021-05-30 21:00:18 41      CWT_BBG000D8KTN6_2021-03-11
2021-05-30 21:00:18 42      D_BBG000BGVW60_2021-03-11
2021-05-30 21:00:18 45      DAL_BBG000R7Z112_2021-03-11
2021-05-30 21:00:18 49      DAR_BBG000BN8ZK8_2021-03-11
2021-05-30 21:00:18 51      DBX_BBG0018SLDN0_2021-03-11
2021-05-30 21:00:18 54      DCI_BBG000BGZP70_2021-03-11
2021-05-30 21:00:18 55      DCPH_BBG00HMJ9H54_2021-03-11
2021-05-30 21:00:18 57      DD_BBG00BN961G4_2021-03-11
2021-05-30 21:00:18 58      DDOG_BBG003NJHZT9_2021-03-11
2021-05-30 21:00:18 62      DDS_BBG000BS4MP5_2021-03-11
2021-05-30 21:00:18 63      DE_BBG000BH1NH9_2021-03-11
2021-05-30 21:00:18 67      DECK_BBG000BKXYX5_2021-03-11
2021-05-30 21:00:18 68      DELL_BBG00DW3SZS1_2021-03-11
2021-05-30 21:00:18 69      DFS_BBG000QBR5J5_2021-03-11
2021-05-30 21:00:18 71      DG_BBG000NV1KK7_2021-03-11
2021-05-30 21:00:18 73      DGX_BBG000BN84F3_2021-03-11
2021-05-30 21:00:18 75      DHI_BBG000DQTXY6_2021-03-11
2021-05-30 21:00:18 79      DHR_BBG000BH3JF8_2021-03-11
2021-05-30 21:00:18 80      DIOD_BBG000G25P51_2021-03-11
2021-05-30 21:00:18 82      DIS_BBG000BH4R78_2021-03-11
2021-05-30 21:00:18 86      DISCA_BBG000CHWP52_2021-03-11
2021-05-30 21:00:18 92      DISCB_BBG000F7L5N7_2021-03-11
2021-05-30 21:00:18 93      DISCK_BBG000VMWHH5_2021-03-11
2021-05-30 21:00:18 99      DK_BBG00FZYFVC5_2021-03-11
2021-05-30 21:00:19 00      DKNG_BBG00TCBG714_2021-03-11
2021-05-30 21:00:19 09      DKS_BBG000F6ZWH2_2021-03-11
2021-05-30 21:00:19 11      DLB_BBG000DGLTG5_2021-03-11
2021-05-30 21:00:19 12      DLR_BBG000Q5ZRM7_2021-03-11
2021-05-30 21:00:19 13      DLTH_BBG002GBMZG4_2021-03-11
2021-05-30 21:00:19 14      DLTH: SPYKE!. Candle: ID:50, Time: 10:15, Close: 15.16
2021-05-30 21:00:19 14      DLTH: SPYKE!. Candle: ID:51, Time: 10:15, Close: 15.35
2021-05-30 21:00:19 14      DLTH: SPYKE!. Candle: ID:52, Time: 10:15, Close: 15.7
2021-05-30 21:00:19 14      DLTH: SPYKE!. Candle: ID:53, Time: 10:15, Close: 15.9
2021-05-30 21:00:19 14      DLTH: SPYKE!. Candle: ID:103, Time: 14:30, Close: 14.6
2021-05-30 21:00:19 14      DLTR_BBG000BSC0K9_2021-03-11
2021-05-30 21:00:19 17      DLX_BBG000BH6360_2021-03-11
2021-05-30 21:00:19 17      DNLI_BBG008P7F869_2021-03-11
2021-05-30 21:00:19 18      DNOW_BBG005BLN209_2021-03-11
2021-05-30 21:00:19 19      DOCU_BBG000N7KJX8_2021-03-11
2021-05-30 21:00:19 24      DORM_BBG000BM22F5_2021-03-11
2021-05-30 21:00:19 25      DOV_BBG000BHB3M6_2021-03-11
2021-05-30 21:00:19 27      DOW_BBG00BN96922_2021-03-11
2021-05-30 21:00:19 29      DPZ_BBG000P458P3_2021-03-11
2021-05-30 21:00:19 31      DRE_BBG000BHD8S7_2021-03-11
2021-05-30 21:00:19 32      DRI_BBG000BBNYF6_2021-03-11
2021-05-30 21:00:19 33      DRNA_BBG001J1DB23_2021-03-11
2021-05-30 21:00:19 34      DRQ_BBG000BVDBY2_2021-03-11
2021-05-30 21:00:19 34      DT_BBG00PNN7C40_2021-03-11
2021-05-30 21:00:19 35      DVA_BBG000MQ1SN9_2021-03-11
2021-05-30 21:00:19 36      DVN_BBG000BBVJZ8_2021-03-11
2021-05-30 21:00:19 39      DXC_BBG00FN64XT9_2021-03-11
2021-05-30 21:00:19 41      DXCM_BBG000QTF8K1_2021-03-11
2021-05-30 21:00:19 42      DY_BBG000C4SKT1_2021-03-11
2021-05-30 21:00:19 43      EA_BBG000BP0KQ8_2021-03-11
2021-05-30 21:00:19 46      EAT_BBG000BK28N7_2021-03-11
2021-05-30 21:00:19 47      EBAY_BBG000C43RR5_2021-03-11
2021-05-30 21:00:19 51      EBS_BBG000GW06J7_2021-03-11
2021-05-30 21:00:19 52      ECHO_BBG000RFP8W6_2021-03-11
2021-05-30 21:00:19 53      ECL_BBG000BHKYH4_2021-03-11
2021-05-30 21:00:19 54      ECPG_BBG000F369C7_2021-03-11
2021-05-30 21:00:19 55      ED_BBG000BHLYS1_2021-03-11
2021-05-30 21:00:19 58      EDIT_BBG005MX5GZ2_2021-03-11
2021-05-30 21:00:19 61      EEFT_BBG000BMNBY1_2021-03-11
2021-05-30 21:00:19 62      EFX_BBG000BHPL78_2021-03-11
2021-05-30 21:00:19 63      EGHT_BBG000BCGHH7_2021-03-11
2021-05-30 21:00:19 64      EGRX_BBG005Y3XWH9_2021-03-11
2021-05-30 21:00:19 65      EHTH_BBG000P5JQX6_2021-03-11
2021-05-30 21:00:19 69      EIX_BBG000D7RKJ5_2021-03-11
2021-05-30 21:00:19 70      EL_BBG000FKJRC5_2021-03-11
2021-05-30 21:00:19 72      ELAN_BBG00LJYS1P8_2021-03-11
2021-05-30 21:00:19 73      ELS_BBG000BB7SX7_2021-03-11
2021-05-30 21:00:19 74      EME_BBG000BBRPL4_2021-03-11
2021-05-30 21:00:19 75      EMN_BBG000BLW530_2021-03-11
2021-05-30 21:00:19 75      EMR_BBG000BHX7N2_2021-03-11
2021-05-30 21:00:19 77      ENDP_BBG000C0HQ54_2021-03-11
2021-05-30 21:00:19 78      ENPH_BBG001R3MNY9_2021-03-11
2021-05-30 21:00:19 82      ENR_BBG006FCB019_2021-03-11
2021-05-30 21:00:19 82      ENS_BBG000PWTD92_2021-03-11
2021-05-30 21:00:19 83      ENTA_BBG001V9NSB4_2021-03-11
2021-05-30 21:00:19 84      ENTG_BBG000CTV4N4_2021-03-11
2021-05-30 21:00:19 86      ENV_BBG000Q4NZ54_2021-03-11
2021-05-30 21:00:19 87      EOG_BBG000BZ9223_2021-03-11
2021-05-30 21:00:19 89      EPAM_BBG000MHTV89_2021-03-11
2021-05-30 21:00:19 90      EPAY_BBG000BRNH31_2021-03-11
2021-05-30 21:00:19 90      EPC_BBG000BRW644_2021-03-11
2021-05-30 21:00:19 91      EQIX_BBG000MBDGM6_2021-03-11
2021-05-30 21:00:19 93      EQT_BBG000BHZ5J9_2021-03-11
2021-05-30 21:00:19 94      ERIE_BBG000BBTJZ1_2021-03-11
2021-05-30 21:00:19 95      ES_BBG000BQ87N0_2021-03-11
2021-05-30 21:00:19 96      ESPR_BBG004KB3S72_2021-03-11
2021-05-30 21:00:19 98      ESS_BBG000CGJMB9_2021-03-11
2021-05-30 21:00:19 99      ET_BBG000BM2FL9_2021-03-11
2021-05-30 21:00:20 01      ETN_BBG000BJ3PD2_2021-03-11
2021-05-30 21:00:20 03      ETR_BBG000C1FQS9_2021-03-11
2021-05-30 21:00:20 04      ETRN_BBG00K53L394_2021-03-11
2021-05-30 21:00:20 06      ETSY_BBG000N7MXL8_2021-03-11
2021-05-30 21:00:20 10      EVBG_BBG0022FMPD5_2021-03-11
2021-05-30 21:00:20 11      EVER_BBG00F17NDH7_2021-03-11
2021-05-30 21:00:20 11      EVER: SPYKE!. Candle: ID:52, Time: 14:05, Close: 41
2021-05-30 21:00:20 12      EVH_BBG005CHLM96_2021-03-11
2021-05-30 21:00:20 13      EVR_BBG000BP30Y0_2021-03-11
2021-05-30 21:00:20 14      EVRG_BBG00H433CR2_2021-03-11
2021-05-30 21:00:20 14      EW_BBG000BRXP69_2021-03-11
2021-05-30 21:00:20 15      EWBC_BBG000CR20B1_2021-03-11
2021-05-30 21:00:20 17      EXAS_BBG000CWL0F5_2021-03-11
2021-05-30 21:00:20 18      EXC_BBG000J6XT05_2021-03-11
2021-05-30 21:00:20 22      EXEL_BBG000BQ4WF8_2021-03-11
2021-05-30 21:00:20 24      EXLS_BBG000NS3P30_2021-03-11
2021-05-30 21:00:20 25      EXP_BBG000BJW241_2021-03-11
2021-05-30 21:00:20 26      EXPD_BBG000BJ5GK2_2021-03-11
2021-05-30 21:00:20 27      EXPE_BBG000QY3XZ2_2021-03-11
2021-05-30 21:00:20 31      EXR_BBG000PV27K3_2021-03-11
2021-05-30 21:00:20 32      EYE_BBG00HVQF9K2_2021-03-11
2021-05-30 21:00:20 34      F_BBG000BQPC32_2021-03-11
2021-05-30 21:00:20 37      FANG_BBG002PHSYX9_2021-03-11
2021-05-30 21:00:20 39      FARO_BBG000BJD7C2_2021-03-11
2021-05-30 21:00:20 40      FAST_BBG000BJ8YN7_2021-03-11
2021-05-30 21:00:20 41      FATE_BBG000QP35H2_2021-03-11
2021-05-30 21:00:20 43      FB_BBG000MM2P62_2021-03-11
2021-05-30 21:00:20 58      FBHS_BBG001B4BV87_2021-03-11
2021-05-30 21:00:20 59      FCFS_BBG000DNF659_2021-03-11
2021-05-30 21:00:20 60      FCN_BBG000K88H58_2021-03-11
2021-05-30 21:00:20 61      FCX_BBG000BJDB15_2021-03-11
2021-05-30 21:00:20 67      FDS_BBG000BDJL83_2021-03-11
2021-05-30 21:00:20 68      FDX_BBG000BJF1Z8_2021-03-11
2021-05-30 21:00:20 71      FELE_BBG000BJGGV8_2021-03-11
2021-05-30 21:00:20 71      FFIV_BBG000CXYSZ6_2021-03-11
2021-05-30 21:00:20 73      FGEN_BBG000FW5ZL6_2021-03-11
2021-05-30 21:00:20 74      FICO_BBG000DW76Y6_2021-03-11
2021-05-30 21:00:20 75      FIS_BBG000BK2F42_2021-03-11
2021-05-30 21:00:20 76      FISV_BBG000BJKPG0_2021-03-11
2021-05-30 21:00:20 80      FITB_BBG000BJL3N0_2021-03-11
2021-05-30 21:00:20 84      FIVN_BBG001KHJM17_2021-03-11
2021-05-30 21:00:20 85      FIZZ_BBG000BF8CB6_2021-03-11
2021-05-30 21:00:20 87      FL_BBG000BX8DC4_2021-03-11
2021-05-30 21:00:20 88      FLIR_BBG000BHK836_2021-03-11
2021-05-30 21:00:20 90      FLOW_BBG007FL7ZD2_2021-03-11
2021-05-30 21:00:20 91      FLR_BBG000BB1TH9_2021-03-11
2021-05-30 21:00:20 92      FLS_BBG000FFH4P5_2021-03-11
2021-05-30 21:00:20 93      FLT_BBG000GPXKX9_2021-03-11
2021-05-30 21:00:20 94      FLWS_BBG000BBR9P6_2021-03-11
2021-05-30 21:00:20 95      FMC_BBG000BJP882_2021-03-11
2021-05-30 21:00:20 97      FND_BBG007GJ2F81_2021-03-11
2021-05-30 21:00:20 97      FNKO_BBG00HXSHDQ9_2021-03-11
2021-05-30 21:00:20 99      FNKO: SPYKE!. Candle: ID:4983, Time: 21:05, Close: 15.9
2021-05-30 21:00:20 99      FNKO: SPYKE!. Candle: ID:5049, Time: 21:05, Close: 15.97
2021-05-30 21:00:20 99      FNKO: SPYKE!. Candle: ID:5054, Time: 21:05, Close: 16
2021-05-30 21:00:20 99      FNKO: SPYKE!. Candle: ID:5060, Time: 21:05, Close: 16.16
2021-05-30 21:00:21 00      FOCS_BBG00L0YTFN8_2021-03-11
2021-05-30 21:00:21 01      FOE_BBG000BJQK11_2021-03-11
2021-05-30 21:00:21 02      FOLD_BBG000PLF6N0_2021-03-11
2021-05-30 21:00:21 05      FORM_BBG000D1Y3P1_2021-03-11
2021-05-30 21:00:21 06      FORR_BBG000HGNYG8_2021-03-11
2021-05-30 21:00:21 07      FOX_BBG00JHNKJY8_2021-03-11
2021-05-30 21:00:21 08      FOXA_BBG00JHNJW99_2021-03-11
2021-05-30 21:00:21 10      FOXF_BBG004T7VS53_2021-03-11
2021-05-30 21:00:21 10      FRHC_BBG000N625H8_2021-03-11
2021-05-30 21:00:21 11      FRPH_BBG000HCVWW4_2021-03-11
2021-05-30 21:00:21 12      FRPT_BBG001D0HB36_2021-03-11
2021-05-30 21:00:21 12      FRPT: SPYKE!. Candle: ID:24, Time: 14:25, Close: 153.01
2021-05-30 21:00:21 13      FSLR_BBG000BFL116_2021-03-11
2021-05-30 21:00:21 16      FSLY_BBG004NLQHL0_2021-03-11
2021-05-30 21:00:21 19      FTCH_BBG00LSD4456_2021-03-11
2021-05-30 21:00:21 22      FTI_BBG00DL8NMV2_2021-03-11
2021-05-30 21:00:21 25      FTNT_BBG000BCMBG4_2021-03-11
2021-05-30 21:00:21 27      FTV_BBG00BLVZ228_2021-03-11
2021-05-30 21:00:21 28      FUL_BBG000BJZ7V7_2021-03-11
2021-05-30 21:00:21 29      GATX_BBG000BKGXQ4_2021-03-11
2021-05-30 21:00:21 29      GBCI_BBG000C3KB84_2021-03-11
2021-05-30 21:00:21 30      GBT_BBG00341H6M0_2021-03-11
2021-05-30 21:00:21 31      GBX_BBG000CF5097_2021-03-11
2021-05-30 21:00:21 31      GCO_BBG000BK5S78_2021-03-11
2021-05-30 21:00:21 32      GCP_BBG0082W8Q12_2021-03-11
2021-05-30 21:00:21 32      GD_BBG000BK67C7_2021-03-11
2021-05-30 21:00:21 34      GDDY_BBG006MDLY05_2021-03-11
2021-05-30 21:00:21 35      GDOT_BBG000QDJT53_2021-03-11
2021-05-30 21:00:21 35      GE_BBG000BK6MB5_2021-03-11
2021-05-30 21:00:21 50      GEF_BBG000BLFNC0_2021-03-11
2021-05-30 21:00:21 50      GGG_BBG000BK9W84_2021-03-11
2021-05-30 21:00:21 52      GH_BBG006D97VY9_2021-03-11
2021-05-30 21:00:21 53      GHC_BBG000C3FGH9_2021-03-11
2021-05-30 21:00:21 53      GILD_BBG000CKGBP2_2021-03-11
2021-05-30 21:00:21 58      GIS_BBG000BKCFC2_2021-03-11
2021-05-30 21:00:21 59      GKOS_BBG000WG2LQ1_2021-03-11
2021-05-30 21:00:21 60      GL_BBG000BVD6X4_2021-03-11
2021-05-30 21:00:21 61      GLW_BBG000BKFZM4_2021-03-11
2021-05-30 21:00:21 62      GM_BBG000NDYB67_2021-03-11
2021-05-30 21:00:21 69      GMED_BBG002V87SD0_2021-03-11
2021-05-30 21:00:21 70      GMS_BBG009Q036D0_2021-03-11
2021-05-30 21:00:21 71      GNL_BBG004HXD0G8_2021-03-11
2021-05-30 21:00:21 71      GNRC_BBG000PQ4W72_2021-03-11
2021-05-30 21:00:21 72      GO_BBG00P4R3079_2021-03-11
2021-05-30 21:00:21 73      GOOG_BBG009S3NB30_2021-03-11
2021-05-30 21:00:21 77      GOOGL_BBG009S39JX6_2021-03-11
2021-05-30 21:00:21 81      GOSS_BBG00MVWLLM2_2021-03-11
2021-05-30 21:00:21 83      GPC_BBG000BKL348_2021-03-11
2021-05-30 21:00:21 84      GPI_BBG000BB88K4_2021-03-11
2021-05-30 21:00:21 85      GPN_BBG000CX0P89_2021-03-11
2021-05-30 21:00:21 88      GPS_BBG000BKLH74_2021-03-11
2021-05-30 21:00:21 92      GRA_BBG000BB8PG1_2021-03-11
2021-05-30 21:00:21 93      GRMN_BBG000C4LN67_2021-03-11
2021-05-30 21:00:21 95      GRUB_BBG001KWG293_2021-03-11
2021-05-30 21:00:21 96      GS_BBG000C6CFJ5_2021-03-11
2021-05-30 21:00:21 98      GSH_BBG000GLG0G0_2021-03-11
2021-05-30 21:00:21 99      GSKY_BBG00KT2SCV8_2021-03-11
2021-05-30 21:00:22 01      GT_BBG000BKNX95_2021-03-11
2021-05-30 21:00:22 04      GTHX_BBG005F1DK91_2021-03-11
2021-05-30 21:00:22 09      GTLS_BBG000P1K2X6_2021-03-11
2021-05-30 21:00:22 10      GTN_BBG000DSQLQ0_2021-03-11
2021-05-30 21:00:22 10      GVA_BBG000DVB833_2021-03-11
2021-05-30 21:00:22 12      GWRE_BBG001C7PM75_2021-03-11
2021-05-30 21:00:22 13      GWW_BBG000BKR1D6_2021-03-11
2021-05-30 21:00:22 14      H_BBG000CVRFS4_2021-03-11
2021-05-30 21:00:22 15      HA_BBG000BC4185_2021-03-11
2021-05-30 21:00:22 16      HAE_BBG000C7TF41_2021-03-11
2021-05-30 21:00:22 17      HAIN_BBG000BQW085_2021-03-11
2021-05-30 21:00:22 17      HAL_BBG000BKTFN2_2021-03-11
2021-05-30 21:00:22 20      HALO_BBG000CZ8W54_2021-03-11
2021-05-30 21:00:22 21      HAS_BBG000BKVJK4_2021-03-11
2021-05-30 21:00:22 23      HBAN_BBG000BKWSR6_2021-03-11
2021-05-30 21:00:22 25      HBI_BBG000D2ZTS8_2021-03-11
2021-05-30 21:00:22 26      HCA_BBG000QW7VC1_2021-03-11
2021-05-30 21:00:22 27      HCCI_BBG000CCFB17_2021-03-11
2021-05-30 21:00:22 27      HCCI: SPYKE!. Candle: ID:27, Time: 14:30, Close: 28.8
2021-05-30 21:00:22 27      HCSG_BBG000BKYVF0_2021-03-11
2021-05-30 21:00:22 28      HD_BBG000BKZB36_2021-03-11
2021-05-30 21:00:22 30      HEAR_BBG000BM6N47_2021-03-11
2021-05-30 21:00:22 31      HEI_BBG000BL16Q7_2021-03-11
2021-05-30 21:00:22 32      HES_BBG000BBD070_2021-03-11
2021-05-30 21:00:22 34      HFC_BBG000BL9JQ1_2021-03-11
2021-05-30 21:00:22 35      HGV_BBG00CBYY6M1_2021-03-11
2021-05-30 21:00:22 37      HHC_BBG000MJRJJ2_2021-03-11
2021-05-30 21:00:22 37      HHR_BBG00KHGQ0H4_2021-03-11
2021-05-30 21:00:22 38      HIBB_BBG000H001V3_2021-03-11
2021-05-30 21:00:22 39      HIG_BBG000G0Z878_2021-03-11
2021-05-30 21:00:22 40      HII_BBG001KJ2HM9_2021-03-11
2021-05-30 21:00:22 41      HLT_BBG0058KMH30_2021-03-11
2021-05-30 21:00:22 42      HNP_BBG000BX5YM0_2021-03-11
2021-05-30 21:00:22 43      HOG_BBG000BKZTP3_2021-03-11
2021-05-30 21:00:22 44      HOLX_BBG000C3NTN5_2021-03-11
2021-05-30 21:00:22 46      HON_BBG000H556T9_2021-03-11
2021-05-30 21:00:22 48      HP_BBG000BLCPY4_2021-03-11
2021-05-30 21:00:22 49      HPE_BBG0078W3NQ3_2021-03-11
2021-05-30 21:00:22 51      HPQ_BBG000KHWT55_2021-03-11
2021-05-30 21:00:22 52      HQY_BBG000TYXCT9_2021-03-11
2021-05-30 21:00:22 53      HRB_BBG000BLDV98_2021-03-11
2021-05-30 21:00:22 54      HRC_BBG000BKWCS0_2021-03-11
2021-05-30 21:00:22 55      HRL_BBG000BLF8D2_2021-03-11
2021-05-30 21:00:22 56      HRTX_BBG000G2GJT7_2021-03-11
2021-05-30 21:00:22 58      HSC_BBG000BLH3P8_2021-03-11
2021-05-30 21:00:22 59      HSIC_BBG000BNMMJ3_2021-03-11
2021-05-30 21:00:22 61      HSKA_BBG000BWFH48_2021-03-11
2021-05-30 21:00:22 62      HST_BBG000BL8804_2021-03-11
2021-05-30 21:00:22 64      HSY_BBG000BLHRS2_2021-03-11
2021-05-30 21:00:22 66      HTA_BBG000PRJCX9_2021-03-11
2021-05-30 21:00:22 67      HTHT_BBG000QFPM65_2021-03-11
2021-05-30 21:00:22 68      HUBB_BBG000BLK267_2021-03-11
2021-05-30 21:00:22 68      HUBG_BBG000G9W6L0_2021-03-11
2021-05-30 21:00:22 69      HUBS_BBG000N7MZ06_2021-03-11
2021-05-30 21:00:22 70      HUM_BBG000BLKK03_2021-03-11
2021-05-30 21:00:22 72      HURN_BBG000PV2M48_2021-03-11
2021-05-30 21:00:22 73      HWM_BBG00DYNJGH9_2021-03-11
2021-05-30 21:00:22 75      HXL_BBG000BLMDQ9_2021-03-11
2021-05-30 21:00:22 75      IAC_BBG000BKQG80_2021-03-11
2021-05-30 21:00:22 76      IART_BBG000BZJQL8_2021-03-11
2021-05-30 21:00:22 77      IBKR_BBG000LV0836_2021-03-11
2021-05-30 21:00:22 78      IBM_BBG000BLNNH6_2021-03-11
2021-05-30 21:00:22 80      IBN_BBG000DRM643_2021-03-11
2021-05-30 21:00:22 81      IBP_BBG005TJKDZ6_2021-03-11
2021-05-30 21:00:22 82      ICE_BBG000C1FB75_2021-03-11
2021-05-30 21:00:22 84      ICPT_BBG001J1QN87_2021-03-11
2021-05-30 21:00:22 87      ICUI_BBG000CQV2N4_2021-03-11
2021-05-30 21:00:22 88      IDCC_BBG000HLJ7M4_2021-03-11
2021-05-30 21:00:22 89      IDXX_BBG000BLRT07_2021-03-11
2021-05-30 21:00:22 90      IEX_BBG000C1HN22_2021-03-11
2021-05-30 21:00:22 90      IFF_BBG000BLSL58_2021-03-11
2021-05-30 21:00:22 92      IGMS_BBG00PNR1BT2_2021-03-11
2021-05-30 21:00:22 92      IGMS: SPYKE!. Candle: ID:29, Time: 14:30, Close: 85.49
2021-05-30 21:00:22 92      IIPR_BBG00F0SW7N8_2021-03-11
2021-05-30 21:00:22 93      IIVI_BBG000BLW102_2021-03-11
2021-05-30 21:00:22 95      ILMN_BBG000DSMS70_2021-03-11
2021-05-30 21:00:22 97      INCY_BBG000BNPSQ9_2021-03-11
2021-05-30 21:00:22 99      INDB_BBG000BM0597_2021-03-11
2021-05-30 21:00:23 00      INFO_BBG006G063F9_2021-03-11
2021-05-30 21:00:23 01      INGN_BBG0021PH456_2021-03-11
2021-05-30 21:00:23 02      INGR_BBG000BXPZB7_2021-03-11
2021-05-30 21:00:23 03      INMD_BBG00PPS73P4_2021-03-11
2021-05-30 21:00:23 04      INSP_BBG00209SZJ7_2021-03-11
2021-05-30 21:00:23 05      INTC_BBG000C0G1D1_2021-03-11
2021-05-30 21:00:23 17      INTU_BBG000BH5DV1_2021-03-11
2021-05-30 21:00:23 21      INVH_BBG00FQH6BS9_2021-03-11
2021-05-30 21:00:23 22      IONS_BBG000JH6683_2021-03-11
2021-05-30 21:00:23 24      IOSP_BBG000BMFNP4_2021-03-11
2021-05-30 21:00:23 25      IOVA_BBG000FTLBV7_2021-03-11
2021-05-30 21:00:23 28      IP_BBG000BM5SR2_2021-03-11
2021-05-30 21:00:23 29      IPAR_BBG000GCSWR5_2021-03-11
2021-05-30 21:00:23 30      IPG_BBG000C90DH9_2021-03-11
2021-05-30 21:00:23 31      IPGP_BBG000DCGRL8_2021-03-11
2021-05-30 21:00:23 32      IQV_BBG00333FYS2_2021-03-11
2021-05-30 21:00:23 33      IR_BBG002R1CW27_2021-03-11
2021-05-30 21:00:23 34      IRBT_BBG000HXJB21_2021-03-11
2021-05-30 21:00:23 36      IRDM_BBG000VC0FC1_2021-03-11
2021-05-30 21:00:23 38      IRM_BBG000KCZPC3_2021-03-11
2021-05-30 21:00:23 40      IRTC_BBG001J19V24_2021-03-11
2021-05-30 21:00:23 41      ISRG_BBG000BJPDZ1_2021-03-11
2021-05-30 21:00:23 42      IT_BBG000BB65D0_2021-03-11
2021-05-30 21:00:23 43      ITCI_BBG0026ZFZC4_2021-03-11
2021-05-30 21:00:23 44      ITCI: SPYKE!. Candle: ID:49, Time: 13:40, Close: 37.64
2021-05-30 21:00:23 44      ITGR_BBG000BW6JV4_2021-03-11
2021-05-30 21:00:23 45      ITRI_BBG000BD2167_2021-03-11
2021-05-30 21:00:23 47      ITT_BBG00CVQZQ96_2021-03-11
2021-05-30 21:00:23 48      ITW_BBG000BMBL90_2021-03-11
2021-05-30 21:00:23 50      IVZ_BBG000BY2Y78_2021-03-11
2021-05-30 21:00:23 52      J_BBG000BMFFQ0_2021-03-11
2021-05-30 21:00:23 53      JACK_BBG000GZYVY1_2021-03-11
2021-05-30 21:00:23 54      JBHT_BBG000BMDBZ1_2021-03-11
2021-05-30 21:00:23 55      JBSS_BBG000CHPMY5_2021-03-11
2021-05-30 21:00:23 56      JBT_BBG000VLBCQ1_2021-03-11
2021-05-30 21:00:23 57      JCI_BBG000BVWLJ6_2021-03-11
2021-05-30 21:00:23 59      JCOM_BBG000F3CWW7_2021-03-11
2021-05-30 21:00:23 59      JD_BBG005YHY0Q7_2021-03-11
2021-05-30 21:00:23 71      JEF_BBG000BNHSP9_2021-03-11
2021-05-30 21:00:23 72      JELD_BBG0019GM953_2021-03-11
2021-05-30 21:00:23 72      JJSF_BBG000BMGPW0_2021-03-11
2021-05-30 21:00:23 73      JKHY_BBG000BMH2Q7_2021-03-11
2021-05-30 21:00:23 74      JLL_BBG000C2L2L0_2021-03-11
2021-05-30 21:00:23 74      JNJ_BBG000BMHYD1_2021-03-11
2021-05-30 21:00:23 79      JNPR_BBG000BY33P5_2021-03-11
2021-05-30 21:00:23 81      JOBS_BBG000BJD1D4_2021-03-11
2021-05-30 21:00:23 82      JOUT_BBG000HCXFS4_2021-03-11
2021-05-30 21:00:23 83      JPM_BBG000DMBXR2_2021-03-11
2021-05-30 21:00:23 92      JWN_BBG000G8N9C6_2021-03-11
2021-05-30 21:00:23 94      K_BBG000BMKDM3_2021-03-11
2021-05-30 21:00:23 95      KALU_BBG000PKZDX4_2021-03-11
2021-05-30 21:00:23 96      KBH_BBG000BMLWX8_2021-03-11
2021-05-30 21:00:23 98      KDP_BBG000TJM7F0_2021-03-11
2021-05-30 21:00:24 00      KEP_BBG000BCWG90_2021-03-11
2021-05-30 21:00:24 02      KEX_BBG000BMQCP6_2021-03-11
2021-05-30 21:00:24 03      KEY_BBG000BMQPL1_2021-03-11
2021-05-30 21:00:24 04      KEYS_BBG0059FN811_2021-03-11
2021-05-30 21:00:24 06      KFY_BBG000C5QMB5_2021-03-11
2021-05-30 21:00:24 07      KHC_BBG005CPNTQ2_2021-03-11
2021-05-30 21:00:24 09      KIDS_BBG00HFFRW39_2021-03-11
2021-05-30 21:00:24 09      KIDS: SPYKE!. Candle: ID:24, Time: 14:30, Close: 47.26
2021-05-30 21:00:24 10      KIM_BBG000CN3S73_2021-03-11
2021-05-30 21:00:24 11      KLAC_BBG000BMTFR4_2021-03-11
2021-05-30 21:00:24 14      KMB_BBG000BMW2Z0_2021-03-11
2021-05-30 21:00:24 15      KMI_BBG0019JZ882_2021-03-11
2021-05-30 21:00:24 17      KMPR_BBG000H3GDJ8_2021-03-11
2021-05-30 21:00:24 17      KMT_BBG000BMWKC5_2021-03-11
2021-05-30 21:00:24 18      KMX_BBG000BLMZK6_2021-03-11
2021-05-30 21:00:24 19      KNSL_BBG00D8JD9Z9_2021-03-11
2021-05-30 21:00:24 19      KNX_BBG000BFC848_2021-03-11
2021-05-30 21:00:24 20      KO_BBG000BMX289_2021-03-11
2021-05-30 21:00:24 23      KOD_BBG00BVR0D02_2021-03-11
2021-05-30 21:00:24 25      KR_BBG000BMY992_2021-03-11
2021-05-30 21:00:24 27      KRG_BBG000BC2KW8_2021-03-11
2021-05-30 21:00:24 29      KRTX_BBG00NN875G0_2021-03-11
2021-05-30 21:00:24 30      KRYS_BBG00HDGRHH7_2021-03-11
2021-05-30 21:00:24 31      KSU_BBG000BMZ7P7_2021-03-11
2021-05-30 21:00:24 32      KTB_BBG00LPTHYD5_2021-03-11
2021-05-30 21:00:24 32      KWR_BBG000DZS2L9_2021-03-11
2021-05-30 21:00:24 33      L_BBG000C45984_2021-03-11
2021-05-30 21:00:24 35      LAD_BBG000K3BC83_2021-03-11
2021-05-30 21:00:24 36      LANC_BBG000BN1M88_2021-03-11
2021-05-30 21:00:24 37      LASR_BBG0020BCPX5_2021-03-11
2021-05-30 21:00:24 37      LB_BBG000BNGTQ7_2021-03-11
2021-05-30 21:00:24 40      LBRDK_BBG006GNSZW5_2021-03-11
2021-05-30 21:00:24 41      LCII_BBG000DNLMB0_2021-03-11
2021-05-30 21:00:24 42      LDOS_BBG000C23PB0_2021-03-11
2021-05-30 21:00:24 43      LEA_BBG000PTLGZ1_2021-03-11
2021-05-30 21:00:24 44      LECO_BBG000BB72K8_2021-03-11
2021-05-30 21:00:24 46      LEG_BBG000BN53G7_2021-03-11
2021-05-30 21:00:24 47      LEGH_BBG00MJDR6J9_2021-03-11
2021-05-30 21:00:24 47      LEN_BBG000BN5HF7_2021-03-11
2021-05-30 21:00:24 50      LEVI_BBG000BQDF10_2021-03-11
2021-05-30 21:00:24 51      LFC_BBG000BBK4B9_2021-03-11
2021-05-30 21:00:24 51      LFUS_BBG000BGFGT8_2021-03-11
2021-05-30 21:00:24 52      LGIH_BBG0056655S1_2021-03-11
2021-05-30 21:00:24 53      LGND_BBG000BKF014_2021-03-11
2021-05-30 21:00:24 54      LH_BBG000D9DMK0_2021-03-11
2021-05-30 21:00:24 55      LHCG_BBG000G7W420_2021-03-11
2021-05-30 21:00:24 56      LHX_BBG000BLGFJ9_2021-03-11
2021-05-30 21:00:24 57      LII_BBG000BB5B84_2021-03-11
2021-05-30 21:00:24 58      LIN_BBG00GVR8YQ9_2021-03-11
2021-05-30 21:00:24 59      LITE_BBG0073F9RT7_2021-03-11
2021-05-30 21:00:24 61      LKQ_BBG000PXDL44_2021-03-11
2021-05-30 21:00:24 63      LLY_BBG000BNBDC2_2021-03-11
2021-05-30 21:00:24 65      LMT_BBG000C1BW00_2021-03-11
2021-05-30 21:00:24 67      LNN_BBG000FJS1S8_2021-03-11
2021-05-30 21:00:24 67      LNT_BBG000DW4Q75_2021-03-11
2021-05-30 21:00:24 69      LNTH_BBG006Q52RD0_2021-03-11
2021-05-30 21:00:24 70      LOPE_BBG000FV28W9_2021-03-11
2021-05-30 21:00:24 70      LOW_BBG000BNDN65_2021-03-11
2021-05-30 21:00:24 73      LPL_BBG000FJ0RK9_2021-03-11
2021-05-30 21:00:24 74      LPLA_BBG000P2TYL8_2021-03-11
2021-05-30 21:00:24 75      LPSN_BBG000BSV0W5_2021-03-11
2021-05-30 21:00:24 77      LRCX_BBG000BNFLM9_2021-03-11
2021-05-30 21:00:24 79      LRN_BBG000QSXPZ9_2021-03-11
2021-05-30 21:00:24 80      LSCC_BBG000C2D1C1_2021-03-11
2021-05-30 21:00:24 81      LSTR_BBG000BB2KN0_2021-03-11
2021-05-30 21:00:24 82      LTHM_BBG00LV3NRG0_2021-03-11
2021-05-30 21:00:24 84      LULU_BBG000R8ZVD1_2021-03-11
2021-05-30 21:00:24 87      LUMN_BBG000BGLRN3_2021-03-11
2021-05-30 21:00:24 88      LUV_BBG000BNJHS8_2021-03-11
2021-05-30 21:00:24 91      LVS_BBG000JWD753_2021-03-11
2021-05-30 21:00:24 93      LW_BBG003CVMLQ2_2021-03-11
2021-05-30 21:00:24 94      LYB_BBG000WCFV84_2021-03-11
2021-05-30 21:00:24 95      LYFT_BBG004M9ZHX5_2021-03-11
2021-05-30 21:00:24 98      LYV_BBG000FQ7YR4_2021-03-11
2021-05-30 21:00:24 99      M_BBG000C46HM9_2021-03-11
2021-05-30 21:00:25 00      MA_BBG000F1ZSQ2_2021-03-11
2021-05-30 21:00:25 03      MAA_BBG000BLMY92_2021-03-11
2021-05-30 21:00:25 03      MAC_BBG000BL9C59_2021-03-11
2021-05-30 21:00:25 06      MAN_BBG000BNMHS4_2021-03-11
2021-05-30 21:00:25 07      MANH_BBG000BFV758_2021-03-11
2021-05-30 21:00:25 07      MANT_BBG000BGF8B5_2021-03-11
2021-05-30 21:00:25 08      MANU_BBG0035WV4N9_2021-03-11
2021-05-30 21:00:25 09      MAR_BBG000BGD7W6_2021-03-11
2021-05-30 21:00:25 11      MAS_BBG000BNNKG9_2021-03-11
2021-05-30 21:00:25 12      MASI_BBG000C3W281_2021-03-11
2021-05-30 21:00:25 13      MAT_BBG000BNNYW1_2021-03-11
2021-05-30 21:00:25 14      MATX_BBG000BBK401_2021-03-11
2021-05-30 21:00:25 15      MBT_BBG000CSZKR2_2021-03-11
2021-05-30 21:00:25 15      MBUU_BBG005PXTR70_2021-03-11
2021-05-30 21:00:25 16      MCD_BBG000BNSZP1_2021-03-11
2021-05-30 21:00:25 18      MCHP_BBG000BHCP19_2021-03-11
2021-05-30 21:00:25 20      MCK_BBG000DYGNW7_2021-03-11
2021-05-30 21:00:25 21      MCO_BBG000F86GP6_2021-03-11
2021-05-30 21:00:25 22      MCRI_BBG000BJ0932_2021-03-11
2021-05-30 21:00:25 23      MD_BBG000H8LGK2_2021-03-11
2021-05-30 21:00:25 23      MDB_BBG0022FDRY8_2021-03-11
2021-05-30 21:00:25 25      MDGL_BBG000QS6NV8_2021-03-11
2021-05-30 21:00:25 25      MDLA_BBG001BPKGT0_2021-03-11
2021-05-30 21:00:25 26      MDLZ_BBG000D4LWF6_2021-03-11
2021-05-30 21:00:25 29      MDRX_BBG000BLDXH5_2021-03-11
2021-05-30 21:00:25 30      MDT_BBG000BNWG87_2021-03-11
2021-05-30 21:00:25 32      MED_BBG000BWBW76_2021-03-11
2021-05-30 21:00:25 33      MEDP_BBG0065B7K59_2021-03-11
2021-05-30 21:00:25 34      MEI_BBG000BNY197_2021-03-11
2021-05-30 21:00:25 34      MELI_BBG000GQPB11_2021-03-11
2021-05-30 21:00:25 36      MET_BBG000BB6KF5_2021-03-11
2021-05-30 21:00:25 37      MFGP_BBG00HFWVGN0_2021-03-11
2021-05-30 21:00:25 39      MGLN_BBG000BD6DD9_2021-03-11
2021-05-30 21:00:25 40      MGM_BBG000C2BXK4_2021-03-11
2021-05-30 21:00:25 43      MGY_BBG00GNC8DL2_2021-03-11
2021-05-30 21:00:25 44      MHK_BBG000FLZN98_2021-03-11
2021-05-30 21:00:25 44      MHO_BBG000BL9MZ4_2021-03-11
2021-05-30 21:00:25 45      MIDD_BBG000DQN9R3_2021-03-11
2021-05-30 21:00:25 46      MKC_BBG000G6Y5W4_2021-03-11
2021-05-30 21:00:25 46      MKL_BBG000FC7366_2021-03-11
2021-05-30 21:00:25 47      MKSI_BBG000BVMG26_2021-03-11
2021-05-30 21:00:25 48      MKTX_BBG000BJBZ23_2021-03-11
2021-05-30 21:00:25 49      MLAB_BBG000BP3PW7_2021-03-11
2021-05-30 21:00:25 49      MLCO_BBG000BHP8J4_2021-03-11
2021-05-30 21:00:25 51      MLHR_BBG000BP46T2_2021-03-11
2021-05-30 21:00:25 51      MLM_BBG000BGYMH7_2021-03-11
2021-05-30 21:00:25 52      MMC_BBG000BP4MH0_2021-03-11
2021-05-30 21:00:25 53      MMI_BBG005GBRSR6_2021-03-11
2021-05-30 21:00:25 54      MMM_BBG000BP52R2_2021-03-11
2021-05-30 21:00:25 55      MMS_BBG000BC5WJ4_2021-03-11
2021-05-30 21:00:25 56      MMSI_BBG000C42VX0_2021-03-11
2021-05-30 21:00:25 56      MNRO_BBG000C0BZD1_2021-03-11
2021-05-30 21:00:25 57      MNST_BBG008NVB1C0_2021-03-11
2021-05-30 21:00:25 58      MO_BBG000BP6LJ8_2021-03-11
2021-05-30 21:00:25 60      MOH_BBG000MBHNC8_2021-03-11
2021-05-30 21:00:25 61      MOMO_BBG007HTCQT0_2021-03-11
2021-05-30 21:00:25 66      MORN_BBG000CGQ4F7_2021-03-11
2021-05-30 21:00:25 67      MOS_BBG000BFXHL6_2021-03-11
2021-05-30 21:00:25 69      MOV_BBG000BL30Y9_2021-03-11
2021-05-30 21:00:25 69      MPC_BBG001DCCGR8_2021-03-11
2021-05-30 21:00:25 72      MPWR_BBG000C30L48_2021-03-11
2021-05-30 21:00:25 73      MRC_BBG000BKLTM1_2021-03-11
2021-05-30 21:00:25 74      MRK_BBG000BPD168_2021-03-11
2021-05-30 21:00:25 77      MRNA_BBG003PHHZT1_2021-03-11
2021-05-30 21:00:25 84      MRO_BBG000C8H633_2021-03-11
2021-05-30 21:00:25 85      MRTX_BBG004TPGBP5_2021-03-11
2021-05-30 21:00:25 86      MS_BBG000BLZRJ2_2021-03-11
2021-05-30 21:00:25 89      MSA_BBG000BPDXF8_2021-03-11
2021-05-30 21:00:25 89      MSCI_BBG000RTDY25_2021-03-11
2021-05-30 21:00:25 90      MSFT_BBG000BPH459_2021-03-11
2021-05-30 21:00:26 05      MSGE_BBG00L9HLWV8_2021-03-11
2021-05-30 21:00:26 06      MSGN_BBG000NS03H7_2021-03-11
2021-05-30 21:00:26 06      MSGS_BBG007FG0C23_2021-03-11
2021-05-30 21:00:26 07      MSI_BBG000BP8Z50_2021-03-11
2021-05-30 21:00:26 08      MSM_BBG000BCLYL9_2021-03-11
2021-05-30 21:00:26 09      MSTR_BBG000GQJPZ0_2021-03-11
2021-05-30 21:00:26 11      MTB_BBG000D9KWL9_2021-03-11
2021-05-30 21:00:26 12      MTCH_BBG00B6WH9G3_2021-03-11
2021-05-30 21:00:26 15      MTD_BBG000BZCKH3_2021-03-11
2021-05-30 21:00:26 15      MTG_BBG000CBMH27_2021-03-11
2021-05-30 21:00:26 16      MTH_BBG000F4F1N0_2021-03-11
2021-05-30 21:00:26 16      MTN_BBG000BCMWM1_2021-03-11
2021-05-30 21:00:26 17      MTN: SPYKE!. Candle: ID:2010, Time: 21:10, Close: 316
2021-05-30 21:00:26 18      MTOR_BBG000BH92D1_2021-03-11
2021-05-30 21:00:26 19      MTRN_BBG000BDTT76_2021-03-11
2021-05-30 21:00:26 20      MTSC_BBG000BPL8G3_2021-03-11
2021-05-30 21:00:26 20      MU_BBG000C5Z1S3_2021-03-11
2021-05-30 21:00:26 28      MUR_BBG000BPMH90_2021-03-11
2021-05-30 21:00:26 30      MUSA_BBG001Z0Q6T5_2021-03-11
2021-05-30 21:00:26 31      MXIM_BBG000BPNP00_2021-03-11
2021-05-30 21:00:26 34      MXL_BBG000BB6R33_2021-03-11
2021-05-30 21:00:26 35      MYGN_BBG000D9H9F1_2021-03-11
2021-05-30 21:00:26 35      MYRG_BBG000BC7VW9_2021-03-11
2021-05-30 21:00:26 36      NARI_BBG009J8K7M0_2021-03-11
2021-05-30 21:00:26 37      NATI_BBG000DZK6N6_2021-03-11
2021-05-30 21:00:26 38      NAVI_BBG004MN1R41_2021-03-11
2021-05-30 21:00:26 39      NBIX_BBG000GJS7C1_2021-03-11
2021-05-30 21:00:26 40      NCBS_BBG000QK0TG5_2021-03-11
2021-05-30 21:00:26 40      NCR_BBG000BMXK89_2021-03-11
2021-05-30 21:00:26 41      NDAQ_BBG000F5VVB6_2021-03-11
2021-05-30 21:00:26 42      NDSN_BBG000BPWGR1_2021-03-11
2021-05-30 21:00:26 43      NEE_BBG000BJSBJ0_2021-03-11
2021-05-30 21:00:26 46      NEM_BBG000BPWXK1_2021-03-11
2021-05-30 21:00:26 50      NEO_BBG000BKH263_2021-03-11
2021-05-30 21:00:26 51      NEOG_BBG000C1BCK2_2021-03-11
2021-05-30 21:00:26 52      NET_BBG001WMKHH5_2021-03-11
2021-05-30 21:00:26 55      NEU_BBG000BJ5SS8_2021-03-11
2021-05-30 21:00:26 55      NEWR_BBG001NFKJ68_2021-03-11
2021-05-30 21:00:26 57      NFLX_BBG000CL9VN6_2021-03-11
2021-05-30 21:00:26 61      NGVT_BBG009LM28K6_2021-03-11
2021-05-30 21:00:26 62      NJR_BBG000BPZVW9_2021-03-11
2021-05-30 21:00:26 62      NKE_BBG000C5HS04_2021-03-11
2021-05-30 21:00:26 65      NKTR_BBG000BHCYJ1_2021-03-11
2021-05-30 21:00:26 66      NLOK_BBG000BH2JM1_2021-03-11
2021-05-30 21:00:26 67      NLSN_BBG0088CYPX8_2021-03-11
2021-05-30 21:00:26 68      NMIH_BBG005DLMMZ6_2021-03-11
2021-05-30 21:00:26 69      NOC_BBG000BQ2C28_2021-03-11
2021-05-30 21:00:26 70      NOK_BBG000BNGBW9_2021-03-11
2021-05-30 21:00:26 74      NOV_BBG000BJX8C8_2021-03-11
2021-05-30 21:00:26 75      NOW_BBG000M1R011_2021-03-11
2021-05-30 21:00:26 77      NP_BBG000QCQ764_2021-03-11
2021-05-30 21:00:26 78      NPK_BBG000BQ4GG2_2021-03-11
2021-05-30 21:00:26 78      NRG_BBG000D8RG11_2021-03-11
2021-05-30 21:00:26 80      NSC_BBG000BQ5DS5_2021-03-11
2021-05-30 21:00:26 82      NSP_BBG000BJ41X2_2021-03-11
2021-05-30 21:00:26 82      NTAP_BBG000FP1N32_2021-03-11
2021-05-30 21:00:26 84      NTCO_BBG00R4ZKPN5_2021-03-11
2021-05-30 21:00:26 85      NTCT_BBG000C136Z8_2021-03-11
2021-05-30 21:00:26 85      NTES_BBG000BX72V8_2021-03-11
2021-05-30 21:00:26 87      NTGR_BBG000C4GBR6_2021-03-11
2021-05-30 21:00:26 88      NTLA_BBG007KC7PB0_2021-03-11
2021-05-30 21:00:26 90      NTNX_BBG001NDW1Z7_2021-03-11
2021-05-30 21:00:26 90      NTNX: SPYKE!. Candle: ID:17, Time: 8:15, Close: 28.5
2021-05-30 21:00:26 91      NTRA_BBG001J1BQ86_2021-03-11
2021-05-30 21:00:26 92      NTRS_BBG000BQ74K1_2021-03-11
2021-05-30 21:00:26 94      NTUS_BBG000DPZHS3_2021-03-11
2021-05-30 21:00:26 94      NUE_BBG000BQ8KV2_2021-03-11
2021-05-30 21:00:26 96      NUS_BBG000HG21Y3_2021-03-11
2021-05-30 21:00:26 96      NUVA_BBG000LNL298_2021-03-11
2021-05-30 21:00:26 97      NVDA_BBG000BBJQV0_2021-03-11
2021-05-30 21:00:27 06      NVEE_BBG005BT60Y8_2021-03-11
2021-05-30 21:00:27 07      NVR_BBG000BQBYR3_2021-03-11
2021-05-30 21:00:27 08      NVRO_BBG001K61W36_2021-03-11
2021-05-30 21:00:27 08      NVTA_BBG005DJFD43_2021-03-11
2021-05-30 21:00:27 10      NWE_BBG000Q1NMJ4_2021-03-11
2021-05-30 21:00:27 11      NWL_BBG000BQC9V2_2021-03-11
2021-05-30 21:00:27 12      NWLI_BBG008HNHZ07_2021-03-11
2021-05-30 21:00:27 13      NWS_BBG0035M2ZB7_2021-03-11
2021-05-30 21:00:27 13      NWSA_BBG0035LY913_2021-03-11
2021-05-30 21:00:27 14      NXPI_BBG000BND699_2021-03-11
2021-05-30 21:00:27 17      NXST_BBG000DZJVH0_2021-03-11
2021-05-30 21:00:27 18      NYT_BBG000FFC0B3_2021-03-11
2021-05-30 21:00:27 18      O_BBG000DHPN63_2021-03-11
2021-05-30 21:00:27 20      OC_BBG000M44VW8_2021-03-11
2021-05-30 21:00:27 21      ODFL_BBG000CHSS88_2021-03-11
2021-05-30 21:00:27 21      OFIX_BBG000G1C210_2021-03-11
2021-05-30 21:00:27 22      OHI_BBG000BGBTC2_2021-03-11
2021-05-30 21:00:27 23      OI_BBG00R2JZG39_2021-03-11
2021-05-30 21:00:27 23      OII_BBG000CPBCL8_2021-03-11
2021-05-30 21:00:27 24      OIS_BBG000BDDN94_2021-03-11
2021-05-30 21:00:27 25      OKE_BBG000BQHGR6_2021-03-11
2021-05-30 21:00:27 26      OKTA_BBG001YV1SM4_2021-03-11
2021-05-30 21:00:27 29      OLED_BBG000BLRP41_2021-03-11
2021-05-30 21:00:27 29      OLLI_BBG0098VVDT9_2021-03-11
2021-05-30 21:00:27 30      OMC_BBG000BS9489_2021-03-11
2021-05-30 21:00:27 31      OMCL_BBG000BTNGZ4_2021-03-11
2021-05-30 21:00:27 32      ON_BBG000DV7MX4_2021-03-11
2021-05-30 21:00:27 35      ONTO_BBG000BPRN29_2021-03-11
2021-05-30 21:00:27 36      ORCL_BBG000BQLTW7_2021-03-11
2021-05-30 21:00:27 42      ORLY_BBG000BGYWY6_2021-03-11
2021-05-30 21:00:27 43      OSIS_BBG000BWPR54_2021-03-11
2021-05-30 21:00:27 43      OSK_BBG000CC53X1_2021-03-11
2021-05-30 21:00:27 44      OSUR_BBG000J3D1Y8_2021-03-11
2021-05-30 21:00:27 47      OTIS_BBG00RP60KV0_2021-03-11
2021-05-30 21:00:27 48      OVV_BBG00R2NHQ65_2021-03-11
2021-05-30 21:00:27 50      OXY_BBG000BQQ2S6_2021-03-11
2021-05-30 21:00:27 55      PAGS_BBG00JM7QBR6_2021-03-11
2021-05-30 21:00:27 57      PANW_BBG0014GJCT9_2021-03-11
2021-05-30 21:00:27 58      PATK_BBG000BQSBB2_2021-03-11
2021-05-30 21:00:27 58      PAYC_BBG0064N0ZZ5_2021-03-11
2021-05-30 21:00:27 60      PB_BBG000BHY4D9_2021-03-11
2021-05-30 21:00:27 60      PBCT_BBG000BQT4L6_2021-03-11
2021-05-30 21:00:27 61      PBF_BBG002832GV8_2021-03-11
2021-05-30 21:00:27 63      PBH_BBG000QM0RZ4_2021-03-11
2021-05-30 21:00:27 64      PBI_BBG000BQTMJ9_2021-03-11
2021-05-30 21:00:27 65      PCAR_BBG000BQVTF5_2021-03-11
2021-05-30 21:00:27 66      PCG_BBG000BQWPC5_2021-03-11
2021-05-30 21:00:27 67      PCRX_BBG0018FQNS6_2021-03-11
2021-05-30 21:00:27 68      PCTY_BBG006598YS8_2021-03-11
2021-05-30 21:00:27 69      PD_BBG0043BYPB8_2021-03-11
2021-05-30 21:00:27 70      PDCO_BBG000BQY289_2021-03-11
2021-05-30 21:00:27 71      PEAK_BBG000BKYDP9_2021-03-11
2021-05-30 21:00:27 72      PEG_BBG000BQZMH4_2021-03-11
2021-05-30 21:00:27 73      PEGA_BBG000H1RYG7_2021-03-11
2021-05-30 21:00:27 74      PEN_BBG001BP92V1_2021-03-11
2021-05-30 21:00:27 74      PEP_BBG000DH7JK6_2021-03-11
2021-05-30 21:00:27 79      PETQ_BBG00H1CY328_2021-03-11
2021-05-30 21:00:27 80      PFE_BBG000BR2B91_2021-03-11
2021-05-30 21:00:27 83      PFG_BBG000NSCNT7_2021-03-11
2021-05-30 21:00:27 85      PFGC_BBG009XW2WB8_2021-03-11
2021-05-30 21:00:27 85      PFPT_BBG000RQ2GY7_2021-03-11
2021-05-30 21:00:27 86      PG_BBG000BR2TH3_2021-03-11
2021-05-30 21:00:27 90      PGNY_BBG002H1K1H1_2021-03-11
2021-05-30 21:00:27 91      PGR_BBG000BR37X2_2021-03-11
2021-05-30 21:00:27 93      PGTI_BBG000FX3Y66_2021-03-11
2021-05-30 21:00:27 93      PH_BBG000BR3KL6_2021-03-11
2021-05-30 21:00:27 94      PHM_BBG000BR54L0_2021-03-11
2021-05-30 21:00:27 95      PII_BBG000D5S4M0_2021-03-11
2021-05-30 21:00:27 96      PINC_BBG000G7QX50_2021-03-11
2021-05-30 21:00:27 97      PINS_BBG002583CV8_2021-03-11
2021-05-30 21:00:28 00      PIPR_BBG000FQXC75_2021-03-11
2021-05-30 21:00:28 01      PKG_BBG000BB8SW7_2021-03-11
2021-05-30 21:00:28 01      PKI_BBG000FXW512_2021-03-11
2021-05-30 21:00:28 02      PLAN_BBG002DZS299_2021-03-11
2021-05-30 21:00:28 04      PLAY_BBG001WWJTK5_2021-03-11
2021-05-30 21:00:28 05      PLCE_BBG000JK9DK4_2021-03-11
2021-05-30 21:00:28 07      PLD_BBG000B9Z0J8_2021-03-11
2021-05-30 21:00:28 08      PLNT_BBG009H04M17_2021-03-11
2021-05-30 21:00:28 09      PLTR_BBG000N7QR55_2021-03-11
2021-05-30 21:00:28 14      PLTR: SPYKE!. Candle: ID:5, Time: 7:00, Close: 25.69
2021-05-30 21:00:28 18      PLUS_BBG000HN7W02_2021-03-11
2021-05-30 21:00:28 19      PLXS_BBG000BRBX66_2021-03-11
2021-05-30 21:00:28 19      PM_BBG000J2XL74_2021-03-11
2021-05-30 21:00:28 21      PNC_BBG000BRD0D8_2021-03-11
2021-05-30 21:00:28 23      PNFP_BBG000C1XKF6_2021-03-11
2021-05-30 21:00:28 23      PNTG_BBG00P33SY72_2021-03-11
2021-05-30 21:00:28 24      PODD_BBG000R7XX87_2021-03-11
2021-05-30 21:00:28 25      POOL_BBG000BCVG28_2021-03-11
2021-05-30 21:00:28 25      POR_BBG000BCRMW7_2021-03-11
2021-05-30 21:00:28 26      POST_BBG001WTBC36_2021-03-11
2021-05-30 21:00:28 27      POWI_BBG000BTT3D1_2021-03-11
2021-05-30 21:00:28 28      PPC_BBG000BFLXV3_2021-03-11
2021-05-30 21:00:28 28      PPG_BBG000BRJ809_2021-03-11
2021-05-30 21:00:28 29      PPL_BBG000BRJL00_2021-03-11
2021-05-30 21:00:28 30      PRAA_BBG000BNTW77_2021-03-11
2021-05-30 21:00:28 31      PRAH_BBG007387YL8_2021-03-11
2021-05-30 21:00:28 32      PRFT_BBG000BVXFK6_2021-03-11
2021-05-30 21:00:28 33      PRG_BBG00VSH86G4_2021-03-11
2021-05-30 21:00:28 33      PRGS_BBG000C4QP94_2021-03-11
2021-05-30 21:00:28 34      PRI_BBG000T8ZF80_2021-03-11
2021-05-30 21:00:28 34      PRLB_BBG000BT13B3_2021-03-11
2021-05-30 21:00:28 35      PRSP_BBG00KMXKWF9_2021-03-11
2021-05-30 21:00:28 36      PRU_BBG000HCJMF9_2021-03-11
2021-05-30 21:00:28 38      PS_BBG00KMYC574_2021-03-11
2021-05-30 21:00:28 38      PSA_BBG000BPPN67_2021-03-11
2021-05-30 21:00:28 39      PSN_BBG000C3TKY6_2021-03-11
2021-05-30 21:00:28 39      PSTG_BBG00212PVZ5_2021-03-11
2021-05-30 21:00:28 41      PSX_BBG00286S4N9_2021-03-11
2021-05-30 21:00:28 43      PTC_BBG000C2VBB0_2021-03-11
2021-05-30 21:00:28 44      PTCT_BBG000QT15P7_2021-03-11
2021-05-30 21:00:28 45      PTON_BBG00JG0FFZ2_2021-03-11
2021-05-30 21:00:28 48      PTR_BBG000BR85F1_2021-03-11
2021-05-30 21:00:28 49      PUMP_BBG00FYCQ352_2021-03-11
2021-05-30 21:00:28 50      PVH_BBG000BRRG02_2021-03-11
2021-05-30 21:00:28 51      PWR_BBG000BBL8V7_2021-03-11
2021-05-30 21:00:28 52      PXD_BBG000BXRPH1_2021-03-11
2021-05-30 21:00:28 54      PYPL_BBG0077VNXV6_2021-03-11
2021-05-30 21:00:28 61      PZZA_BBG000BFWF13_2021-03-11
2021-05-30 21:00:28 62      QADA_BBG001BP77C3_2021-03-11
2021-05-30 21:00:28 62      QCOM_BBG000CGC1X8_2021-03-11
2021-05-30 21:00:28 71      QDEL_BBG000C6GN04_2021-03-11
2021-05-30 21:00:28 76      QLYS_BBG000HT5G06_2021-03-11
2021-05-30 21:00:28 77      QNST_BBG000S9XXB8_2021-03-11
2021-05-30 21:00:28 78      QRTEA_BBG000PCQQL6_2021-03-11
2021-05-30 21:00:28 79      QRVO_BBG007TJF1N7_2021-03-11
2021-05-30 21:00:28 81      QTS_BBG0054B20Z8_2021-03-11
2021-05-30 21:00:28 81      QTWO_BBG005ZVK9P2_2021-03-11
2021-05-30 21:00:28 82      QUOT_BBG001QYNR63_2021-03-11
2021-05-30 21:00:28 83      R_BBG000BRVP70_2021-03-11
2021-05-30 21:00:28 83      RACE_BBG009PH3Q86_2021-03-11
2021-05-30 21:00:28 84      RAMP_BBG000BB4HM6_2021-03-11
2021-05-30 21:00:28 84      RAMP: SPYKE!. Candle: ID:11, Time: 7:30, Close: 57
2021-05-30 21:00:28 85      RARE_BBG001RWPDW6_2021-03-11
2021-05-30 21:00:28 86      RAVN_BBG000CXQTZ3_2021-03-11
2021-05-30 21:00:28 86      RBC_BBG000BRXTR8_2021-03-11
2021-05-30 21:00:28 87      RCL_BBG000BB5792_2021-03-11
2021-05-30 21:00:28 89      RDFN_BBG001Q7HP63_2021-03-11
2021-05-30 21:00:28 90      RDS.A_BBG000QXSSS6_2021-03-11
2021-05-30 21:00:28 92      RDY_BBG000NJ96L6_2021-03-11
2021-05-30 21:00:28 92      RE_BBG000C1XVK6_2021-03-11
2021-05-30 21:00:28 93      REG_BBG000BL46Q4_2021-03-11
2021-05-30 21:00:28 94      REGI_BBG0016SSV00_2021-03-11
2021-05-30 21:00:28 96      REGN_BBG000C734W3_2021-03-11
2021-05-30 21:00:28 98      RETA_BBG000R33BD1_2021-03-11
2021-05-30 21:00:28 98      REX_BBG000D2ZK61_2021-03-11
2021-05-30 21:00:28 99      REZI_BBG00HY28K89_2021-03-11
2021-05-30 21:00:29 00      RF_BBG000Q3JN03_2021-03-11
2021-05-30 21:00:29 01      RGA_BBG000BDLCQ0_2021-03-11
2021-05-30 21:00:29 01      RGEN_BBG000BS48J3_2021-03-11
2021-05-30 21:00:29 02      RGLD_BBG000BS5170_2021-03-11
2021-05-30 21:00:29 03      RGNX_BBG007Z9V591_2021-03-11
2021-05-30 21:00:29 04      RGR_BBG000C4FQG6_2021-03-11
2021-05-30 21:00:29 04      RH_BBG002293PJ4_2021-03-11
2021-05-30 21:00:29 05      RHI_BBG000BS5DR2_2021-03-11
2021-05-30 21:00:29 06      RIG_BBG000BH5LT6_2021-03-11
2021-05-30 21:00:29 11      RJF_BBG000BS73J1_2021-03-11
2021-05-30 21:00:29 11      RL_BBG000BS0ZF1_2021-03-11
2021-05-30 21:00:29 13      RMD_BBG000L4M7F1_2021-03-11
2021-05-30 21:00:29 13      RNG_BBG000J094P3_2021-03-11
2021-05-30 21:00:29 14      ROCK_BBG000BKQDQ7_2021-03-11
2021-05-30 21:00:29 15      ROG_BBG000BS9HN3_2021-03-11
2021-05-30 21:00:29 16      ROK_BBG000BBCDZ2_2021-03-11
2021-05-30 21:00:29 16      ROKU_BBG001ZZPQJ6_2021-03-11
2021-05-30 21:00:29 19      ROL_BBG000BSBBP1_2021-03-11
2021-05-30 21:00:29 20      ROLL_BBG000GMGNB3_2021-03-11
2021-05-30 21:00:29 21      ROP_BBG000F1ZSN5_2021-03-11
2021-05-30 21:00:29 22      ROST_BBG000BSBZH7_2021-03-11
2021-05-30 21:00:29 24      RP_BBG000CN5CJ3_2021-03-11
2021-05-30 21:00:29 24      RPD_BBG009DFHWG6_2021-03-11
2021-05-30 21:00:29 25      RPM_BBG000DCNK80_2021-03-11
2021-05-30 21:00:29 26      RRBI_BBG000QKNLB2_2021-03-11
2021-05-30 21:00:29 27      RRC_BBG000FVXD63_2021-03-11
2021-05-30 21:00:29 28      RRGB_BBG000MXH9C1_2021-03-11
2021-05-30 21:00:29 29      RS_BBG000CJ2181_2021-03-11
2021-05-30 21:00:29 30      RSG_BBG000BPXVJ6_2021-03-11
2021-05-30 21:00:29 31      RTX_BBG000BW8S60_2021-03-11
2021-05-30 21:00:29 34      RVLV_BBG00M4RHBD0_2021-03-11
2021-05-30 21:00:29 34      RXN_BBG000H8R0N8_2021-03-11
2021-05-30 21:00:29 35      RYN_BBG000BG7L34_2021-03-11
2021-05-30 21:00:29 35      RYTM_BBG007DLZ601_2021-03-11
2021-05-30 21:00:29 36      RYTM: SPYKE!. Candle: ID:3, Time: 7:00, Close: 26.93
2021-05-30 21:00:29 36      SAFM_BBG000BSHJ96_2021-03-11
2021-05-30 21:00:29 37      SAGE_BBG0025X16Y5_2021-03-11
2021-05-30 21:00:29 38      SAIA_BBG000P5LMQ0_2021-03-11
2021-05-30 21:00:29 38      SAIC_BBG003BW05K6_2021-03-11
2021-05-30 21:00:29 39      SAIL_BBG00J0BBZL0_2021-03-11
2021-05-30 21:00:29 40      SAM_BBG000BCZBF1_2021-03-11
2021-05-30 21:00:29 40      SAVE_BBG000BF6RQ9_2021-03-11
2021-05-30 21:00:29 42      SBAC_BBG000D2M0Z7_2021-03-11
2021-05-30 21:00:29 43      SBCF_BBG000KK3464_2021-03-11
2021-05-30 21:00:29 44      SBGI_BBG000F2XXP2_2021-03-11
2021-05-30 21:00:29 44      SBH_BBG000LR8515_2021-03-11
2021-05-30 21:00:29 46      SBRA_BBG000MTDW24_2021-03-11
2021-05-30 21:00:29 47      SBUX_BBG000CTQBF3_2021-03-11
2021-05-30 21:00:29 49      SCCO_BBG000BSHH72_2021-03-11
2021-05-30 21:00:29 50      SCHW_BBG000BSLZY7_2021-03-11
2021-05-30 21:00:29 54      SCI_BBG000BTHH16_2021-03-11
2021-05-30 21:00:29 55      SCSC_BBG000BHTPZ4_2021-03-11
2021-05-30 21:00:29 55      SDGR_BBG000T88BN2_2021-03-11
2021-05-30 21:00:29 57      SEDG_BBG0084BBZY6_2021-03-11
2021-05-30 21:00:29 59      SEE_BBG000C22QV7_2021-03-11
2021-05-30 21:00:29 60      SEIC_BBG000BSQLT9_2021-03-11
2021-05-30 21:00:29 61      SF_BBG000BSS5C0_2021-03-11
2021-05-30 21:00:29 61      SFIX_BBG0046L1KL9_2021-03-11
2021-05-30 21:00:29 63      SFM_BBG001KFKQM7_2021-03-11
2021-05-30 21:00:29 65      SGEN_BBG000BH0FR6_2021-03-11
2021-05-30 21:00:29 66      SHAK_BBG0063GCHH8_2021-03-11
2021-05-30 21:00:29 66      SHEN_BBG000BTC2N0_2021-03-11
2021-05-30 21:00:29 67      SHI_BBG000BHR1H9_2021-03-11
2021-05-30 21:00:29 67      SHW_BBG000BSXQV7_2021-03-11
2021-05-30 21:00:29 68      SIG_BBG000C4ZZ10_2021-03-11
2021-05-30 21:00:29 69      SIGI_BBG000BSZ738_2021-03-11
2021-05-30 21:00:29 70      SITE_BBG009T22D49_2021-03-11
2021-05-30 21:00:29 70      SIVB_BBG000BT0CM2_2021-03-11
2021-05-30 21:00:29 71      SJI_BBG000BT0T72_2021-03-11
2021-05-30 21:00:29 72      SJM_BBG000BT1715_2021-03-11
2021-05-30 21:00:29 73      SKM_BBG000BLN497_2021-03-11
2021-05-30 21:00:29 74      SKX_BBG000C4HKK2_2021-03-11
2021-05-30 21:00:29 75      SLAB_BBG000BB99S3_2021-03-11
2021-05-30 21:00:29 76      SLB_BBG000BT41Q8_2021-03-11
2021-05-30 21:00:29 78      SLG_BBG000BVP5P2_2021-03-11
2021-05-30 21:00:29 79      SMAR_BBG00GQK3WB5_2021-03-11
2021-05-30 21:00:29 80      SMG_BBG000BT5PG5_2021-03-11
2021-05-30 21:00:29 80      SMPL_BBG00GVP5JL4_2021-03-11
2021-05-30 21:00:29 81      SMTC_BBG000DBKR53_2021-03-11
2021-05-30 21:00:29 82      SNA_BBG000BT7JW9_2021-03-11
2021-05-30 21:00:29 82      SNAP_BBG00441QMJ7_2021-03-11
2021-05-30 21:00:29 90      SNBR_BBG000DM2BF3_2021-03-11
2021-05-30 21:00:29 90      SNPS_BBG000BSFRF3_2021-03-11
2021-05-30 21:00:29 92      SNX_BBG000CL9JV4_2021-03-11
2021-05-30 21:00:29 93      SNY_BBG000BBD5N1_2021-03-11
2021-05-30 21:00:29 94      SO_BBG000BT9DW0_2021-03-11
2021-05-30 21:00:29 95      SOHU_BBG00L2DB535_2021-03-11
2021-05-30 21:00:29 96      SON_BBG000D7HF89_2021-03-11
2021-05-30 21:00:29 97      SONO_BBG001JZPSQ2_2021-03-11
2021-05-30 21:00:29 99      SP_BBG000BJ91B1_2021-03-11
2021-05-30 21:00:29 99      SPB@US_BBG000DS5588_2021-03-11
2021-05-30 21:00:30 00      SPCE_BBG00HTN2CQ3_2021-03-11
2021-05-30 21:00:30 19      SPG_BBG000BJ2D31_2021-03-11
2021-05-30 21:00:30 22      SPGI_BBG000BP1Q11_2021-03-11
2021-05-30 21:00:30 23      SPLK_BBG001C7TST4_2021-03-11
2021-05-30 21:00:30 26      SPOT_BBG003T4VFC2_2021-03-11
2021-05-30 21:00:30 28      SPR_BBG000PRJ2Z9_2021-03-11
2021-05-30 21:00:30 30      SPSC_BBG000PZGB75_2021-03-11
2021-05-30 21:00:30 31      SQ_BBG0018SLC07_2021-03-11
2021-05-30 21:00:30 36      SRC_BBG0027Z6X10_2021-03-11
2021-05-30 21:00:30 36      SRCL_BBG000H3FZM6_2021-03-11
2021-05-30 21:00:30 37      SRDX_BBG000BZ2QG2_2021-03-11
2021-05-30 21:00:30 37      SRE_BBG000C2ZCH8_2021-03-11
2021-05-30 21:00:30 39      SRI_BBG000BB9Q78_2021-03-11
2021-05-30 21:00:30 39      SRPT_BBG000BCJ161_2021-03-11
2021-05-30 21:00:30 41      SSD_BBG000JLC8L8_2021-03-11
2021-05-30 21:00:30 41      SSNC_BBG000RJ2J04_2021-03-11
2021-05-30 21:00:30 43      SSTK_BBG002ZCK2V9_2021-03-11
2021-05-30 21:00:30 44      STAA_BBG000C4QB95_2021-03-11
2021-05-30 21:00:30 45      STAG_BBG000BGLFP7_2021-03-11
2021-05-30 21:00:30 46      STLD_BBG000HGYNZ9_2021-03-11
2021-05-30 21:00:30 48      STMP_BBG000CZ4KF3_2021-03-11
2021-05-30 21:00:30 49      STRA_BBG000GRZDV1_2021-03-11
2021-05-30 21:00:30 49      STT_BBG000BKFBD7_2021-03-11
2021-05-30 21:00:30 51      STX_BBG000F0KF42_2021-03-11
2021-05-30 21:00:30 51      Warning: figi `BBG000F0KF42` for history data does not match actual figi `BBG0113JGQF0`. Ticker: STX. Will be used actual!
2021-05-30 21:00:30 53      STZ_BBG000J1QLT0_2021-03-11
2021-05-30 21:00:30 54      SUPN_BBG000BP0HX7_2021-03-11
2021-05-30 21:00:30 55      SWAV_BBG005XVXML5_2021-03-11
2021-05-30 21:00:30 55      SWBI_BBG000BM0QL7_2021-03-11
2021-05-30 21:00:30 57      SWCH_BBG00HPDM5Z2_2021-03-11
2021-05-30 21:00:30 58      SWI_BBG00M1CKSK7_2021-03-11
2021-05-30 21:00:30 59      SWK_BBG000BTQR96_2021-03-11
2021-05-30 21:00:30 60      SWKS_BBG000KLB4Q1_2021-03-11
2021-05-30 21:00:30 62      SWN_BBG000BTR593_2021-03-11
2021-05-30 21:00:30 64      SWX_BBG00FWP4JW4_2021-03-11
2021-05-30 21:00:30 65      SXI_BBG000BTT5B8_2021-03-11
2021-05-30 21:00:30 66      SXT_BBG000J79P80_2021-03-11
2021-05-30 21:00:30 66      SYF_BBG00658F3P3_2021-03-11
2021-05-30 21:00:30 68      SYK_BBG000DN7P92_2021-03-11
2021-05-30 21:00:30 69      SYKE_BBG000BBHPV4_2021-03-11
2021-05-30 21:00:30 69      SYNA_BBG000BQV1S2_2021-03-11
2021-05-30 21:00:30 70      SYNH_BBG0078Y1D92_2021-03-11
2021-05-30 21:00:30 71      SYY_BBG000BTVJ25_2021-03-11
2021-05-30 21:00:30 72      T_BBG000BSJK37_2021-03-11
2021-05-30 21:00:30 75      TAK_BBG000LF8708_2021-03-11
2021-05-30 21:00:30 76      TAL_BBG0016XJ8S0_2021-03-11
2021-05-30 21:00:30 78      TAP_BBG000BS7KS3_2021-03-11
2021-05-30 21:00:30 79      TCBI_BBG000DN4ZT1_2021-03-11
2021-05-30 21:00:30 79      TCBI: SPYKE!. Candle: ID:19, Time: 14:30, Close: 85.79
2021-05-30 21:00:30 80      TCMD_BBG001B12Z39_2021-03-11
2021-05-30 21:00:30 81      TCRR_BBG00FH3FM15_2021-03-11
2021-05-30 21:00:30 81      TCS_BBG005DXJS36_2021-03-11
2021-05-30 21:00:30 82      TCX_BBG000L69KL5_2021-03-11
2021-05-30 21:00:30 83      TDC_BBG000R0L5J4_2021-03-11
2021-05-30 21:00:30 84      TDG_BBG000L8CBX4_2021-03-11
2021-05-30 21:00:30 84      TDOC_BBG0019T5SG0_2021-03-11
2021-05-30 21:00:30 87      TDS_BBG000BV0VK7_2021-03-11
2021-05-30 21:00:30 88      TDY_BBG000BMT9T6_2021-03-11
2021-05-30 21:00:30 89      TECH_BBG000C15114_2021-03-11
2021-05-30 21:00:30 90      TEL_BBG000RGM5P1_2021-03-11
2021-05-30 21:00:30 91      TENB_BBG00LBLCD02_2021-03-11
2021-05-30 21:00:30 92      TER_BBG000BV4DR6_2021-03-11
2021-05-30 21:00:30 94      TFC_BBG000BYYLS8_2021-03-11
2021-05-30 21:00:30 96      TFX_BBG000BV59Y6_2021-03-11
2021-05-30 21:00:30 97      TGNA_BBG000BK5DP1_2021-03-11
2021-05-30 21:00:30 97      TGT_BBG000H8TVT2_2021-03-11
2021-05-30 21:00:30 99      THG_BBG000FJH8W0_2021-03-11
2021-05-30 21:00:30 99      THO_BBG000BV6R84_2021-03-11
2021-05-30 21:00:31 00      THRM_BBG000BQLM34_2021-03-11
2021-05-30 21:00:31 01      THS_BBG000GQGJT4_2021-03-11
2021-05-30 21:00:31 02      TJX_BBG000BV8DN6_2021-03-11
2021-05-30 21:00:31 05      TKR_BBG000BV95H9_2021-03-11
2021-05-30 21:00:31 06      TMHC_BBG003PGJHP5_2021-03-11
2021-05-30 21:00:31 07      TMO_BBG000BVDLH9_2021-03-11
2021-05-30 21:00:31 09      TMUS_BBG000NDV1D4_2021-03-11
2021-05-30 21:00:31 13      TMX_BBG002WMH2F2_2021-03-11
2021-05-30 21:00:31 13      TNC_BBG000JCZJS2_2021-03-11
2021-05-30 21:00:31 14      TNDM_BBG0019V9M65_2021-03-11
2021-05-30 21:00:31 14      TNDM: SPYKE!. Candle: ID:112, Time: 14:40, Close: 85.98
2021-05-30 21:00:31 14      TNET_BBG000BR2040_2021-03-11
2021-05-30 21:00:31 15      TOL_BBG000BVHBM1_2021-03-11
2021-05-30 21:00:31 16      TOT_BBG000CHZ857_2021-03-11
2021-05-30 21:00:31 17      TPH_BBG0016YQTR5_2021-03-11
2021-05-30 21:00:31 18      TPIC_BBG0016MQ7C5_2021-03-11
2021-05-30 21:00:31 19      TPR_BBG000BY29C7_2021-03-11
2021-05-30 21:00:31 20      TPTX_BBG00NPL9WH7_2021-03-11
2021-05-30 21:00:31 21      TPTX: SPYKE!. Candle: ID:24, Time: 14:30, Close: 108.44
2021-05-30 21:00:31 21      TPX_BBG000PXGT62_2021-03-11
2021-05-30 21:00:31 22      TREE_BBG000TVRB50_2021-03-11
2021-05-30 21:00:31 23      TREX_BBG000BTGKK9_2021-03-11
2021-05-30 21:00:31 24      TRHC_BBG00BT7PPY8_2021-03-11
2021-05-30 21:00:31 24      TRIP_BBG001M8HHB7_2021-03-11
2021-05-30 21:00:31 27      TRMB_BBG000BNPS52_2021-03-11
2021-05-30 21:00:31 29      TROW_BBG000BVMPN3_2021-03-11
2021-05-30 21:00:31 30      TRU_BBG002Q7J5Z1_2021-03-11
2021-05-30 21:00:31 31      TRUP_BBG002BC7WC5_2021-03-11
2021-05-30 21:00:31 34      TRV_BBG000BJ81C1_2021-03-11
2021-05-30 21:00:31 35      TSCO_BBG000BLXZN1_2021-03-11
2021-05-30 21:00:31 36      TSLA_BBG000N9MNX3_2021-03-11
2021-05-30 21:00:31 69      TSM_BBG000BD8ZK0_2021-03-11
2021-05-30 21:00:31 75      TSN_BBG000DKCC19_2021-03-11
2021-05-30 21:00:31 78      TT_BBG000BM6788_2021-03-11
2021-05-30 21:00:31 79      TTC_BBG000BVQRY3_2021-03-11
2021-05-30 21:00:31 79      TTD_BBG00629NGT2_2021-03-11
2021-05-30 21:00:31 81      TTEK_BBG000BYZ0Q5_2021-03-11
2021-05-30 21:00:31 81      TTM_BBG000PVGDH9_2021-03-11
2021-05-30 21:00:31 82      TTMI_BBG000BYQ0B1_2021-03-11
2021-05-30 21:00:31 83      TTWO_BBG000BS1YV5_2021-03-11
2021-05-30 21:00:31 86      TW_BBG00NK8H8T2_2021-03-11
2021-05-30 21:00:31 87      TWLO_BBG0029ZX840_2021-03-11
2021-05-30 21:00:31 88      TWNK_BBG00B6KGNN1_2021-03-11
2021-05-30 21:00:31 89      TWOU_BBG001KS9450_2021-03-11
2021-05-30 21:00:31 91      TWTR_BBG000H6HNW3_2021-03-11
2021-05-30 21:00:31 96      TXG_BBG007WX14X0_2021-03-11
2021-05-30 21:00:31 98      TXN_BBG000BVV7G1_2021-03-11
2021-05-30 21:00:32 01      TXRH_BBG000PSJMV7_2021-03-11
2021-05-30 21:00:32 02      TXT_BBG000BVVQQ8_2021-03-11
2021-05-30 21:00:32 03      TYL_BBG000BVWZF9_2021-03-11
2021-05-30 21:00:32 04      UA_BBG009DTD8H2_2021-03-11
2021-05-30 21:00:32 05      UAA_BBG000BXM6V2_2021-03-11
2021-05-30 21:00:32 06      UAL_BBG000M65M61_2021-03-11
2021-05-30 21:00:32 12      UBER_BBG002B04MT8_2021-03-11
2021-05-30 21:00:32 16      UCTT_BBG000HSLV70_2021-03-11
2021-05-30 21:00:32 16      UDR_BBG000C41023_2021-03-11
2021-05-30 21:00:32 17      UFPI_BBG000BL0T06_2021-03-11
2021-05-30 21:00:32 19      UFS_BBG000BHFHP8_2021-03-11
2021-05-30 21:00:32 19      UGI_BBG000BVYN55_2021-03-11
2021-05-30 21:00:32 20      UHS_BBG000CB8Q50_2021-03-11
2021-05-30 21:00:32 21      UI_BBG001R72SR9_2021-03-11
2021-05-30 21:00:32 22      ULTA_BBG00FWQ4VD6_2021-03-11
2021-05-30 21:00:32 23      ULTA: SPYKE!. Candle: ID:3536, Time: 21:05, Close: 344.29
2021-05-30 21:00:32 24      UMBF_BBG000DD8WX1_2021-03-11
2021-05-30 21:00:32 24      UNF_BBG000BW29L1_2021-03-11
2021-05-30 21:00:32 25      UNH_BBG000CH5208_2021-03-11
2021-05-30 21:00:32 26      UNM_BBG000BW2QX0_2021-03-11
2021-05-30 21:00:32 28      UNP_BBG000BW3299_2021-03-11
2021-05-30 21:00:32 29      UNVR_BBG000BDHD29_2021-03-11
2021-05-30 21:00:32 29      UPS_BBG000L9CV04_2021-03-11
2021-05-30 21:00:32 31      UPWK_BBG00FBJ6390_2021-03-11
2021-05-30 21:00:32 33      URBN_BBG000BL79J3_2021-03-11
2021-05-30 21:00:32 34      URI_BBG000BXMFC3_2021-03-11
2021-05-30 21:00:32 35      USB_BBG000FFDM15_2021-03-11
2021-05-30 21:00:32 37      USFD_BBG00C6H6D40_2021-03-11
2021-05-30 21:00:32 38      USM_BBG000BW6P59_2021-03-11
2021-05-30 21:00:32 39      USNA_BBG000BX28M0_2021-03-11
2021-05-30 21:00:32 39      USPH_BBG000CSRSG6_2021-03-11
2021-05-30 21:00:32 40      UTHR_BBG000BV4XJ1_2021-03-11
2021-05-30 21:00:32 40      UTL_BBG000BW7X97_2021-03-11
2021-05-30 21:00:32 41      V_BBG000PSKYX7_2021-03-11
2021-05-30 21:00:32 44      VAC_BBG001J2R5H3_2021-03-11
2021-05-30 21:00:32 45      VALE_BBG000BN5LG7_2021-03-11
2021-05-30 21:00:32 47      VC_BBG0016T3GQ0_2021-03-11
2021-05-30 21:00:32 48      VCEL_BBG000BDCM24_2021-03-11
2021-05-30 21:00:32 49      VCRA_BBG00179VSY7_2021-03-11
2021-05-30 21:00:32 50      VCYT_BBG001J2M542_2021-03-11
2021-05-30 21:00:32 51      VEEV_BBG001CGB489_2021-03-11
2021-05-30 21:00:32 52      VEON_BBG000QCW561_2021-03-11
2021-05-30 21:00:32 55      VFC_BBG000BWCKB6_2021-03-11
2021-05-30 21:00:32 57      VG_BBG000BRB5D9_2021-03-11
2021-05-30 21:00:32 58      VIAC_BBG000C496P7_2021-03-11
2021-05-30 21:00:32 63      VICR_BBG000C3VHF1_2021-03-11
2021-05-30 21:00:32 63      VIE_BBG00K6P5XM1_2021-03-11
2021-05-30 21:00:32 64      VIPS_BBG002NLDLV8_2021-03-11
2021-05-30 21:00:32 66      VIR_BBG00H2QQ8T5_2021-03-11
2021-05-30 21:00:32 71      VIR: SPYKE!. Candle: ID:2, Time: 7:00, Close: 50
2021-05-30 21:00:32 71      VIR: SPYKE!. Candle: ID:3, Time: 7:00, Close: 50.36
2021-05-30 21:00:32 71      VIR: BuyPending. Strategy: BuyTheDipPremarket. Price: 49.8. Lots: 5. ChangeOpenToCurrent: -4.05. changeFromLow: 0.55. Candle: ID:434, Time: 7:05, Close: 49.8.
2021-05-30 21:00:32 71      VIR: OrderID: 41216418. PlacedOrder. Status: New. RejectReason: 
2021-05-30 21:00:32 71      VIR: OrderID: 41216418 fully executed
2021-05-30 21:00:32 71      VIR: Closing. Close price: 50.45. Lots: 5. CandleChange: -0.06%. ChangeFromCandleHigh: -0.06%. Profit: 0.65(1.31%). Candle: ID:530, Time: 7:10, Close: 50.45
2021-05-30 21:00:32 71      VIR: OrderID: 5780740a. PlacedOrder. Status: New. RejectReason: 
2021-05-30 21:00:32 71      VIR: OrderID: 5780740a partially executed. Executed lots: 4. OrderStatus: 4/5 lots
2021-05-30 21:00:32 71      VIR: OrderID: 5780740a fully executed
2021-05-30 21:00:32 71      VIR: SPYKE!. Candle: ID:1712, Time: 9:05, Close: 59.99
2021-05-30 21:00:32 71      VIR: SPYKE!. Candle: ID:2971, Time: 10:05, Close: 60.16
2021-05-30 21:00:32 72      VIR: SPYKE!. Candle: ID:4934, Time: 11:35, Close: 68.2
2021-05-30 21:00:32 72      VIR: SPYKE!. Candle: ID:4938, Time: 11:35, Close: 66.56
2021-05-30 21:00:32 72      VIR: SPYKE!. Candle: ID:4939, Time: 11:35, Close: 65.26
2021-05-30 21:00:32 72      VIR: SPYKE!. Candle: ID:4947, Time: 11:35, Close: 68
2021-05-30 21:00:32 72      VIR: SPYKE!. Candle: ID:4949, Time: 11:35, Close: 70
2021-05-30 21:00:32 72      VIR: SPYKE!. Candle: ID:5509, Time: 12:10, Close: 69
2021-05-30 21:00:32 72      VIR: SPYKE!. Candle: ID:5510, Time: 12:10, Close: 72.94
2021-05-30 21:00:32 72      VIR: SPYKE!. Candle: ID:8461, Time: 13:25, Close: 68.5
2021-05-30 21:00:32 72      VIR: SPYKE!. Candle: ID:8462, Time: 13:25, Close: 71.95
2021-05-30 21:00:32 72      VIR: SPYKE!. Candle: ID:8502, Time: 13:25, Close: 67.1
2021-05-30 21:00:32 72      VIR: SPYKE!. Candle: ID:10895, Time: 14:30, Close: 68.05
2021-05-30 21:00:32 72      VIR: SPYKE!. Candle: ID:11250, Time: 14:30, Close: 65.53
2021-05-30 21:00:32 72      VIR: SPYKE!. Candle: ID:11269, Time: 14:30, Close: 65.32
2021-05-30 21:00:32 72      VIR: SPYKE!. Candle: ID:11325, Time: 14:30, Close: 65.25
2021-05-30 21:00:32 72      VIR: SPYKE!. Candle: ID:11334, Time: 14:30, Close: 65.9
2021-05-30 21:00:32 72      VIR: SPYKE!. Candle: ID:11335, Time: 14:30, Close: 65.9
2021-05-30 21:00:32 72      VIR: SPYKE!. Candle: ID:11367, Time: 14:30, Close: 65.29
2021-05-30 21:00:32 72      VIR: SPYKE!. Candle: ID:11377, Time: 14:30, Close: 65.05
2021-05-30 21:00:32 72      VIR: SPYKE!. Candle: ID:11428, Time: 14:30, Close: 63.37
2021-05-30 21:00:32 72      VIR: SPYKE!. Candle: ID:11432, Time: 14:30, Close: 60.21
2021-05-30 21:00:32 72      VIR: SPYKE!. Candle: ID:11434, Time: 14:30, Close: 60.2
2021-05-30 21:00:32 74      VLO_BBG000BBGGQ1_2021-03-11
2021-05-30 21:00:32 77      VMC_BBG000BWGYF8_2021-03-11
2021-05-30 21:00:32 78      VMI_BBG000BWB7V4_2021-03-11
2021-05-30 21:00:32 79      VMW_BBG000BC9938_2021-03-11
2021-05-30 21:00:32 80      VNDA_BBG000HT5MG6_2021-03-11
2021-05-30 21:00:32 81      VNE_BBG00K4MPP27_2021-03-11
2021-05-30 21:00:32 81      VNO_BBG000BWHD54_2021-03-11
2021-05-30 21:00:32 82      VNT_BBG00RRGSJR4_2021-03-11
2021-05-30 21:00:32 83      VPG_BBG000PRQ0V9_2021-03-11
2021-05-30 21:00:32 84      VREX_BBG00CZNLR47_2021-03-11
2021-05-30 21:00:32 84      VRNS_BBG001Y04TN6_2021-03-11
2021-05-30 21:00:32 85      VRNT_BBG000BCBYT2_2021-03-11
2021-05-30 21:00:32 86      VRSK_BBG000BCZL41_2021-03-11
2021-05-30 21:00:32 87      VRSN_BBG000BGKHZ3_2021-03-11
2021-05-30 21:00:32 88      VRTS_BBG000DMFQS2_2021-03-11
2021-05-30 21:00:32 89      VRTV_BBG005XZHR97_2021-03-11
2021-05-30 21:00:32 90      VRTX_BBG000C1S2X2_2021-03-11
2021-05-30 21:00:32 91      VTR_BBG000FRVHB9_2021-03-11
2021-05-30 21:00:32 92      VTRS_BBG00Y4RQNH4_2021-03-11
2021-05-30 21:00:32 95      VZ_BBG000HS77T5_2021-03-11
2021-05-30 21:00:32 99      W_BBG001B17MV2_2021-03-11
2021-05-30 21:00:33 00      WAB_BBG000BDD940_2021-03-11
2021-05-30 21:00:33 01      WAL_BBG000Q1KFH4_2021-03-11
2021-05-30 21:00:33 01      WAT_BBG000FQRVM3_2021-03-11
2021-05-30 21:00:33 02      WB_BBG0065XPGX9_2021-03-11
2021-05-30 21:00:33 03      WBA_BBG000BWLMJ4_2021-03-11
2021-05-30 21:00:33 06      WCC_BBG000D0FNV3_2021-03-11
2021-05-30 21:00:33 07      WDAY_BBG000VC0T95_2021-03-11
2021-05-30 21:00:33 09      WDC_BBG000BWNFZ9_2021-03-11
2021-05-30 21:00:33 11      WDFC_BBG000BWNV93_2021-03-11
2021-05-30 21:00:33 11      WEC_BBG000BWP7D9_2021-03-11
2021-05-30 21:00:33 12      WELL_BBG000BKY1G5_2021-03-11
2021-05-30 21:00:33 13      WERN_BBG000BWPP85_2021-03-11
2021-05-30 21:00:33 14      WEX_BBG000BVZP59_2021-03-11
2021-05-30 21:00:33 15      WFC_BBG000BWQFY7_2021-03-11
2021-05-30 21:00:33 18      WGO_BBG000BWS3F3_2021-03-11
2021-05-30 21:00:33 19      WH_BBG00HCY3Q67_2021-03-11
2021-05-30 21:00:33 19      WHD_BBG00JRH1P95_2021-03-11
2021-05-30 21:00:33 20      WHR_BBG000BWSV34_2021-03-11
2021-05-30 21:00:33 21      WING_BBG008N298Y8_2021-03-11
2021-05-30 21:00:33 22      WK_BBG007BVZ8H9_2021-03-11
2021-05-30 21:00:33 22      WLK_BBG000PXZFW2_2021-03-11
2021-05-30 21:00:33 23      WLTW_BBG000DB3KT1_2021-03-11
2021-05-30 21:00:33 24      WM_BBG000BWVSR1_2021-03-11
2021-05-30 21:00:33 26      WMB_BBG000BWVCP8_2021-03-11
2021-05-30 21:00:33 27      WMT_BBG000BWXBC2_2021-03-11
2021-05-30 21:00:33 31      WOR_BBG000HL7499_2021-03-11
2021-05-30 21:00:33 31      WORK_BBG007G7V505_2021-03-11
2021-05-30 21:00:33 32      WRB_BBG000BD1HP2_2021-03-11
2021-05-30 21:00:33 33      WRK_BBG008NXC572_2021-03-11
2021-05-30 21:00:33 35      WRLD_BBG000C3G9J2_2021-03-11
2021-05-30 21:00:33 35      WSC_BBG00B0FS947_2021-03-11
2021-05-30 21:00:33 36      WSM_BBG000FSMWC3_2021-03-11
2021-05-30 21:00:33 37      WSO_BBG000DJN7L9_2021-03-11
2021-05-30 21:00:33 38      WST_BBG000BX24N8_2021-03-11
2021-05-30 21:00:33 38      WTFC_BBG000HD3DW5_2021-03-11
2021-05-30 21:00:33 39      WTS_BBG000C4Z6C2_2021-03-11
2021-05-30 21:00:33 40      WTTR_BBG00G4Y2DC1_2021-03-11
2021-05-30 21:00:33 40      WTTR: SPYKE!. Candle: ID:31, Time: 7:10, Close: 6.75
2021-05-30 21:00:33 40      WU_BBG000BB5373_2021-03-11
2021-05-30 21:00:33 41      WWD_BBG000BD53V2_2021-03-11
2021-05-30 21:00:33 42      WWE_BBG000F5YH15_2021-03-11
2021-05-30 21:00:33 43      WWW_BBG000BX2YN2_2021-03-11
2021-05-30 21:00:33 43      WY_BBG000BX3BL3_2021-03-11
2021-05-30 21:00:33 45      WYNN_BBG000LD9JQ8_2021-03-11
2021-05-30 21:00:33 47      XEC_BBG000D6L294_2021-03-11
2021-05-30 21:00:33 48      XEL_BBG000BCTQ65_2021-03-11
2021-05-30 21:00:33 50      XLNX_BBG000C0F570_2021-03-11
2021-05-30 21:00:33 54      XLRN_BBG000R5HWZ1_2021-03-11
2021-05-30 21:00:33 55      XNCR_BBG0026ZG4W0_2021-03-11
2021-05-30 21:00:33 56      XOM_BBG000GZQ728_2021-03-11
2021-05-30 21:00:33 60      XPO_BBG000L5CJF3_2021-03-11
2021-05-30 21:00:33 61      XRAY_BBG000BX57K1_2021-03-11
2021-05-30 21:00:33 62      XRX_BBG00NNG2ZJ8_2021-03-11
2021-05-30 21:00:33 63      XYL_BBG001D8R5D0_2021-03-11
2021-05-30 21:00:33 64      Y_BBG000BX6BJ3_2021-03-11
2021-05-30 21:00:33 64      YELP_BBG000Q2HM09_2021-03-11
2021-05-30 21:00:33 65      YETI_BBG00D8JC882_2021-03-11
2021-05-30 21:00:33 66      YEXT_BBG001MKZGY7_2021-03-11
2021-05-30 21:00:33 66      YUM_BBG000BH3GZ2_2021-03-11
2021-05-30 21:00:33 69      YUMC_BBG00B8N0HG1_2021-03-11
2021-05-30 21:00:33 70      YY_BBG003H0XV18_2021-03-11
2021-05-30 21:00:33 71      Z_BBG009NRSWJ4_2021-03-11
2021-05-30 21:00:33 74      ZBH_BBG000BKPL53_2021-03-11
2021-05-30 21:00:33 75      ZBRA_BBG000CC7LQ7_2021-03-11
2021-05-30 21:00:33 76      ZEN_BBG001HRFJG4_2021-03-11
2021-05-30 21:00:33 77      ZG_BBG000D13GN8_2021-03-11
2021-05-30 21:00:33 79      ZGNX_BBG000VDC3G9_2021-03-11
2021-05-30 21:00:33 80      ZI_BBG00S1HJ3M8_2021-03-11
2021-05-30 21:00:33 82      ZION_BBG000BX9WL1_2021-03-11
2021-05-30 21:00:33 83      ZM_BBG0042V6JM8_2021-03-11
2021-05-30 21:00:33 88      ZNH_BBG000BXQ7R1_2021-03-11
2021-05-30 21:00:33 89      ZS_BBG003338H34_2021-03-11
2021-05-30 21:00:33 92      ZTS_BBG0039320N9_2021-03-11
2021-05-30 21:00:33 94      ZUMZ_BBG000PYX812_2021-03-11
2021-05-30 21:00:33 95      ZUO_BBG000BT3HG5_2021-03-11
2021-05-30 21:00:33 96      ZYNE_BBG007BBS8B7_2021-03-11
2021-05-30 21:00:34 02      ZYXI_BBG000BJBXZ2_2021-03-11
2021-05-30 21:00:34 05      Total candles read: 5004662
2021-05-30 21:00:34 05      Start DisposeAsync...
2021-05-30 21:00:34 05      Trade statistic. Total/Pos/Neg: 2/2/0; Profit: 10.04; Volume: 0; MaxVolume: 249.00; Commission: 0.473820;
2021-05-30 21:00:34 05      BaseBot::DisposeAsync...
2021-05-30 21:00:34 06      BaseBot::DisposeAsync done!
2021-05-30 21:00:34 06      End DisposeAsync...
