2021-07-04 23:21:30 37      mode=TestTradeBot;CopyDDDDData=true;DumpQuotes=false;SubscribeQuotes=false;Strategies=BuyTheDipPremarket;Token=token.txt;ConfigPath=usd.json;OutputFolder=.\new\;CandlesPath=C:\tinkoff\TestData\RawQuotes\5m\uncompressed\quotes_2021-03-24;
2021-07-04 23:21:30 38      Trade bot created
2021-07-04 23:21:30 40      Fake connection created
2021-07-04 23:21:30 51      Loaded 142 liquid instruments
2021-07-04 23:21:31 13      List of disabled tickers: 
2021-07-04 23:21:31 14      A_BBG000C2V3D6_2021-03-24
2021-07-04 23:21:31 22      AA_BBG00B3T3HD3_2021-03-24
2021-07-04 23:21:31 29      AAL_BBG005P7Q881_2021-03-24
2021-07-04 23:21:31 45      AAN_BBG00WCNDCZ6_2021-03-24
2021-07-04 23:21:31 47      AAON_BBG000C2LZP3_2021-03-24
2021-07-04 23:21:31 48      AAP_BBG000F7RCJ1_2021-03-24
2021-07-04 23:21:31 50      AAPL_BBG000B9XRY4_2021-03-24
2021-07-04 23:21:31 84      ABBV_BBG0025Y4RY4_2021-03-24
2021-07-04 23:21:31 88      ABC_BBG000MDCQC2_2021-03-24
2021-07-04 23:21:31 91      ABG_BBG000BKDWB5_2021-03-24
2021-07-04 23:21:31 92      ABMD_BBG000C101X4_2021-03-24
2021-07-04 23:21:31 94      ABNB_BBG001Y2XS07_2021-03-24
2021-07-04 23:21:31 98      ABT_BBG000B9ZXB4_2021-03-24
2021-07-04 23:21:32 01      ACAD_BBG000BHG9K0_2021-03-24
2021-07-04 23:21:32 04      ACH_BBG000CMRVH1_2021-03-24
2021-07-04 23:21:32 07      ACM_BBG000F61RJ8_2021-03-24
2021-07-04 23:21:32 08      ACMR_BBG00HPSG933_2021-03-24
2021-07-04 23:21:32 09      ACN_BBG000D9D830_2021-03-24
2021-07-04 23:21:32 11      ADBE_BBG000BB5006_2021-03-24
2021-07-04 23:21:32 19      ADM_BBG000BB6WG8_2021-03-24
2021-07-04 23:21:32 22      ADP_BBG000JG0547_2021-03-24
2021-07-04 23:21:32 24      ADPT_BBG001J2PFF5_2021-03-24
2021-07-04 23:21:32 27      ADS_BBG000BFNR17_2021-03-24
2021-07-04 23:21:32 28      ADSK_BBG000BM7HL0_2021-03-24
2021-07-04 23:21:32 31      ADUS_BBG000NJGX84_2021-03-24
2021-07-04 23:21:32 31      AEE_BBG000B9X8C0_2021-03-24
2021-07-04 23:21:32 34      AEIS_BBG000FKMP26_2021-03-24
2021-07-04 23:21:32 35      AEO_BBG000BGXZB5_2021-03-24
2021-07-04 23:21:32 38      AERI_BBG001KJ7WJ5_2021-03-24
2021-07-04 23:21:32 38      AES_BBG000C23KJ3_2021-03-24
2021-07-04 23:21:32 41      AFG_BBG000DPKKK0_2021-03-24
2021-07-04 23:21:32 42      AFL_BBG000BBBNC6_2021-03-24
2021-07-04 23:21:32 44      AGCO_BBG000DCCZW2_2021-03-24
2021-07-04 23:21:32 45      AGIO_BBG000QY4ZD0_2021-03-24
2021-07-04 23:21:32 46      AIG_BBG000BBDZG3_2021-03-24
2021-07-04 23:21:32 49      AIR_BBG000BBGQF1_2021-03-24
2021-07-04 23:21:32 50      AIRC_BBG00XK3WVD0_2021-03-24
2021-07-04 23:21:32 51      AIT_BBG000BBHHP9_2021-03-24
2021-07-04 23:21:32 52      AIV_BBG000DD3510_2021-03-24
2021-07-04 23:21:32 53      AIV: BuyPending. Strategy: BuyTheDipPremarket. Price: 5.69. Lots: 43. ChangeOpenToCurrent: -4.05. changeFromLow: 0.53. Candle: ID:10, Time: 7:00, Close: 5.69.
2021-07-04 23:21:32 53      AIV: OrderID: 7a90d421. PlacedOrder. Status: New. RejectReason: 
2021-07-04 23:21:32 53      AIV: OrderID: 7a90d421 partially executed. Executed lots: 17. OrderStatus: 17/43 lots
2021-07-04 23:21:32 54      AIV: OrderID: 7a90d421 fully executed
2021-07-04 23:21:32 54      AIV: Closing. Close price: 5.8. Lots: 43. CandleChange: -0.17%. ChangeFromCandleHigh: -0.17%. Profit: 0.11(1.93%). Candle: ID:79, Time: 7:15, Close: 5.8
2021-07-04 23:21:32 54      AIV: OrderID: 06d0b7e4. PlacedOrder. Status: New. RejectReason: 
2021-07-04 23:21:32 54      AIV: OrderID: 06d0b7e4 partially executed. Executed lots: 1. OrderStatus: 1/43 lots
2021-07-04 23:21:32 54      AIV: OrderID: 06d0b7e4 partially executed. Executed lots: 4. OrderStatus: 5/43 lots
2021-07-04 23:21:32 54      AIV: OrderID: 06d0b7e4 partially executed. Executed lots: 35. OrderStatus: 40/43 lots
2021-07-04 23:21:32 54      AIV: OrderID: 06d0b7e4 partially executed. Executed lots: 1. OrderStatus: 41/43 lots
2021-07-04 23:21:32 54      AIV: OrderID: 06d0b7e4 fully executed
2021-07-04 23:21:32 56      AIZ_BBG000BZX1N5_2021-03-24
2021-07-04 23:21:32 57      AJG_BBG000BBHXQ3_2021-03-24
2021-07-04 23:21:32 58      AJRD_BBG000BKRHQ7_2021-03-24
2021-07-04 23:21:32 59      AKAM_BBG000BJQWD2_2021-03-24
2021-07-04 23:21:32 62      ALB_BBG000BJ26K7_2021-03-24
2021-07-04 23:21:32 63      ALGN_BBG000BRNLL2_2021-03-24
2021-07-04 23:21:32 65      ALGT_BBG000LJS6B8_2021-03-24
2021-07-04 23:21:32 66      ALK_BBG000BBL0Y1_2021-03-24
2021-07-04 23:21:32 68      ALL_BBG000BVMGF2_2021-03-24
2021-07-04 23:21:32 70      ALLE_BBG003PS7JV1_2021-03-24
2021-07-04 23:21:32 71      ALLK_BBG003QBJKN0_2021-03-24
2021-07-04 23:21:32 72      ALLO_BBG00KHRRDX3_2021-03-24
2021-07-04 23:21:32 74      ALLY_BBG000BC2R71_2021-03-24
2021-07-04 23:21:32 76      ALNY_BBG000BFGNJ5_2021-03-24
2021-07-04 23:21:32 78      ALRM_BBG007GNPYY7_2021-03-24
2021-07-04 23:21:32 79      ALSN_BBG001KY3845_2021-03-24
2021-07-04 23:21:32 81      ALTR_BBG000PN9NB9_2021-03-24
2021-07-04 23:21:32 81      ALXN_BBG000G30YX4_2021-03-24
2021-07-04 23:21:32 84      AMAT_BBG000BBPFB9_2021-03-24
2021-07-04 23:21:32 99      AMCX_BBG000H01H92_2021-03-24
2021-07-04 23:21:33 02      AMD_BBG000BBQCY0_2021-03-24
2021-07-04 23:21:33 25      AME_BBG000B9XG87_2021-03-24
2021-07-04 23:21:33 26      AMED_BBG000B9ZV28_2021-03-24
2021-07-04 23:21:33 27      AMG_BBG000C060M4_2021-03-24
2021-07-04 23:21:33 29      AMGN_BBG000BBS2Y0_2021-03-24
2021-07-04 23:21:33 34      AMN_BBG000BCT197_2021-03-24
2021-07-04 23:21:33 34      AMP_BBG000G3QLY3_2021-03-24
2021-07-04 23:21:33 36      AMT_BBG000B9XYV2_2021-03-24
2021-07-04 23:21:33 39      AMWD_BBG000BBX657_2021-03-24
2021-07-04 23:21:33 40      AMZN_BBG000BVPV84_2021-03-24
2021-07-04 23:21:33 49      AN_BBG000BBXLW4_2021-03-24
2021-07-04 23:21:33 50      ANAB_BBG0026ZDHR0_2021-03-24
2021-07-04 23:21:33 52      ANDE_BBG000BF8CN3_2021-03-24
2021-07-04 23:21:33 53      ANET_BBG000N2HDY5_2021-03-24
2021-07-04 23:21:33 54      ANF_BBG000H9G7X2_2021-03-24
2021-07-04 23:21:33 55      ANGI_BBG00HVKH3Q0_2021-03-24
2021-07-04 23:21:33 58      ANIK_BBG000BBKZD8_2021-03-24
2021-07-04 23:21:33 59      ANIP_BBG000KK1L04_2021-03-24
2021-07-04 23:21:33 60      ANSS_BBG000GXZ4W7_2021-03-24
2021-07-04 23:21:33 61      ANTM_BBG000BCG930_2021-03-24
2021-07-04 23:21:33 64      AON_BBG00SSQFPK6_2021-03-24
2021-07-04 23:21:33 65      AOS_BBG000BC1L02_2021-03-24
2021-07-04 23:21:33 67      AOUT_BBG00QV8FS02_2021-03-24
2021-07-04 23:21:33 67      APA_BBG00YTS96G2_2021-03-24
2021-07-04 23:21:33 71      APD_BBG000BC4JJ4_2021-03-24
2021-07-04 23:21:33 72      APEI_BBG000RVD346_2021-03-24
2021-07-04 23:21:33 73      APH_BBG000B9YJ35_2021-03-24
2021-07-04 23:21:33 75      APLE_BBG006473QX9_2021-03-24
2021-07-04 23:21:33 76      APLT_BBG000DD0489_2021-03-24
2021-07-04 23:21:33 77      APPF_BBG008GC8CP6_2021-03-24
2021-07-04 23:21:33 77      APPN_BBG001C7PMJ2_2021-03-24
2021-07-04 23:21:33 79      APPS_BBG000HZ3562_2021-03-24
2021-07-04 23:21:33 88      APTV_BBG001QD41M9_2021-03-24
2021-07-04 23:21:33 91      ARCC_BBG000PD6X77_2021-03-24
2021-07-04 23:21:33 92      ARCT_BBG00NNW8JK1_2021-03-24
2021-07-04 23:21:33 96      ARE_BBG000BC33T9_2021-03-24
2021-07-04 23:21:33 98      ARMK_BBG001KY4N87_2021-03-24
2021-07-04 23:21:33 99      ARNA_BBG000BKXBV7_2021-03-24
2021-07-04 23:21:34 01      ARNC_BBG00R45JYB7_2021-03-24
2021-07-04 23:21:34 03      ARQT_BBG00QN8K4M4_2021-03-24
2021-07-04 23:21:34 04      ARVN_BBG00LW7YK82_2021-03-24
2021-07-04 23:21:34 05      ARW_BBG000BCD3D5_2021-03-24
2021-07-04 23:21:34 06      ARWR_BBG000BRVKH0_2021-03-24
2021-07-04 23:21:34 07      ASGN_BBG000CRN8N8_2021-03-24
2021-07-04 23:21:34 08      ASH_BBG00D0Y81M1_2021-03-24
2021-07-04 23:21:34 09      ASIX_BBG00CWTTQ41_2021-03-24
2021-07-04 23:21:34 10      ATEX_BBG0081NLHR0_2021-03-24
2021-07-04 23:21:34 11      ATGE_BBG000DQBZJ7_2021-03-24
2021-07-04 23:21:34 12      ATKR_BBG000QTFDQ4_2021-03-24
2021-07-04 23:21:34 13      ATR_BBG000BGX2S0_2021-03-24
2021-07-04 23:21:34 14      ATRA_BBG005Q3MQY4_2021-03-24
2021-07-04 23:21:34 17      ATRC_BBG000BL6CB5_2021-03-24
2021-07-04 23:21:34 18      ATRI_BBG000DTT624_2021-03-24
2021-07-04 23:21:34 19      ATRO_BBG000BCLBY5_2021-03-24
2021-07-04 23:21:34 20      ATUS_BBG00GFMPRK0_2021-03-24
2021-07-04 23:21:34 23      ATVI_BBG000CVWGS6_2021-03-24
2021-07-04 23:21:34 27      AVAV_BBG000GX14P2_2021-03-24
2021-07-04 23:21:34 28      AVB_BBG000BLPBL5_2021-03-24
2021-07-04 23:21:34 30      AVGO_BBG00KHY5S69_2021-03-24
2021-07-04 23:21:34 35      AVLR_BBG000R4Y9C1_2021-03-24
2021-07-04 23:21:34 37      AVNS_BBG005L86G05_2021-03-24
2021-07-04 23:21:34 38      AVNT_BBG000C8NJ10_2021-03-24
2021-07-04 23:21:34 39      AVTR_BBG00G2HHYD7_2021-03-24
2021-07-04 23:21:34 40      AVY_BBG000BCQ4P6_2021-03-24
2021-07-04 23:21:34 41      AWI_BBG000DW4LB1_2021-03-24
2021-07-04 23:21:34 43      AWK_BBG000TRJ294_2021-03-24
2021-07-04 23:21:34 44      AWR_BBG000F964B6_2021-03-24
2021-07-04 23:21:34 45      AX_BBG000QPHD08_2021-03-24
2021-07-04 23:21:34 46      AXGN_BBG000BN46R9_2021-03-24
2021-07-04 23:21:34 47      AXP_BBG000BCQZS4_2021-03-24
2021-07-04 23:21:34 50      AXSM_BBG00B6G7GL7_2021-03-24
2021-07-04 23:21:34 52      AYI_BBG000BJ5HK0_2021-03-24
2021-07-04 23:21:34 52      AYX_BBG000BGZT72_2021-03-24
2021-07-04 23:21:34 56      AZO_BBG000C7LMS8_2021-03-24
2021-07-04 23:21:34 57      AZPN_BBG000DFMXT3_2021-03-24
2021-07-04 23:21:34 58      BA_BBG000BCSST7_2021-03-24
2021-07-04 23:21:34 65      BA: SPYKE!. Candle: ID:4, Time: 4:00, Close: 255.75
2021-07-04 23:21:34 70      BABA_BBG006G2JVL2_2021-03-24
2021-07-04 23:21:34 89      BAC_BBG000BCTLF6_2021-03-24
2021-07-04 23:21:34 96      BAH_BBG000R2YFG7_2021-03-24
2021-07-04 23:21:34 97      BAND_BBG001K003W2_2021-03-24
2021-07-04 23:21:35 01      BAX_BBG000BCVJ77_2021-03-24
2021-07-04 23:21:35 03      BBIO_BBG00P9KDZK6_2021-03-24
2021-07-04 23:21:35 04      BBIO: SPYKE!. Candle: ID:19, Time: 12:55, Close: 67.88
2021-07-04 23:21:35 04      BBSI_BBG000BHJSC4_2021-03-24
2021-07-04 23:21:35 05      BBY_BBG000BCWCG1_2021-03-24
2021-07-04 23:21:35 09      BBBY_BBG000CSY9H9_2021-03-24
2021-07-04 23:21:35 12      BC_BBG000BCWSS3_2021-03-24
2021-07-04 23:21:35 13      BCO_BBG000DR5QP5_2021-03-24
2021-07-04 23:21:35 13      BCO: SPYKE!. Candle: ID:5, Time: 13:30, Close: 78.1
2021-07-04 23:21:35 14      BCPC_BBG000BCY878_2021-03-24
2021-07-04 23:21:35 15      BDC_BBG000Q4XNV1_2021-03-24
2021-07-04 23:21:35 16      BDTX_BBG00MS4Y0W9_2021-03-24
2021-07-04 23:21:35 18      BDX_BBG000BCZYD3_2021-03-24
2021-07-04 23:21:35 19      BECN_BBG000BKTXF2_2021-03-24
2021-07-04 23:21:35 21      BEN_BBG000BD0TF8_2021-03-24
2021-07-04 23:21:35 23      BERY_BBG000Q1R1Y9_2021-03-24
2021-07-04 23:21:35 24      BF.B_BBG000BD2NY8_2021-03-24
2021-07-04 23:21:35 26      BFAM_BBG003LFWP05_2021-03-24
2021-07-04 23:21:35 27      BFYT_BBG003QRSQD3_2021-03-24
2021-07-04 23:21:35 27      BGS_BBG000RKXRQ1_2021-03-24
2021-07-04 23:21:35 28      BH_BBG00JPRDQH1_2021-03-24
2021-07-04 23:21:35 29      BHF_BBG00DYPZ4T0_2021-03-24
2021-07-04 23:21:35 30      BIDU_BBG000QXWHD1_2021-03-24
2021-07-04 23:21:35 47      BIG_BBG000J0D904_2021-03-24
2021-07-04 23:21:35 49      BIIB_BBG000C17X76_2021-03-24
2021-07-04 23:21:35 52      BILI_BBG00K7T3037_2021-03-24
2021-07-04 23:21:35 65      BILL_BBG00QVJV6V4_2021-03-24
2021-07-04 23:21:35 67      BIO_BBG000DY28W5_2021-03-24
2021-07-04 23:21:35 68      BJRI_BBG000H9LNX1_2021-03-24
2021-07-04 23:21:35 70      BK_BBG000BD8PN9_2021-03-24
2021-07-04 23:21:35 73      BKI_BBG00GX77LW3_2021-03-24
2021-07-04 23:21:35 74      BKNG_BBG000BLBVN4_2021-03-24
2021-07-04 23:21:35 78      BKR_BBG00GBVBK51_2021-03-24
2021-07-04 23:21:35 80      BL_BBG0029KJVB0_2021-03-24
2021-07-04 23:21:35 82      BLD_BBG0077VS2C0_2021-03-24
2021-07-04 23:21:35 83      BLDR_BBG000BKD3K9_2021-03-24
2021-07-04 23:21:35 86      BLK_BBG000C2PW58_2021-03-24
2021-07-04 23:21:35 87      BLKB_BBG000BGGTW5_2021-03-24
2021-07-04 23:21:35 88      BLL_BBG000BDDNH5_2021-03-24
2021-07-04 23:21:35 89      BLUE_BBG000QGWY50_2021-03-24
2021-07-04 23:21:35 92      BMI_BBG000BDGHD9_2021-03-24
2021-07-04 23:21:35 93      BMRN_BBG000CZWZ05_2021-03-24
2021-07-04 23:21:35 96      BMY_BBG000DQLV23_2021-03-24
2021-07-04 23:21:35 99      BOH_BBG000C8D8G9_2021-03-24
2021-07-04 23:21:36 00      BOKF_BBG000CFZ003_2021-03-24
2021-07-04 23:21:36 01      BOOT_BBG0077SYZV6_2021-03-24
2021-07-04 23:21:36 02      BOX_BBG000PMSK08_2021-03-24
2021-07-04 23:21:36 05      BPMC_BBG001MC8YF7_2021-03-24
2021-07-04 23:21:36 06      BR_BBG000PPFKQ7_2021-03-24
2021-07-04 23:21:36 07      BRC_BBG000BDNV95_2021-03-24
2021-07-04 23:21:36 08      BRK.B_BBG000DWG505_2021-03-24
2021-07-04 23:21:36 11      BRKR_BBG000CL1FG7_2021-03-24
2021-07-04 23:21:36 12      BRO_BBG000BWSGF4_2021-03-24
2021-07-04 23:21:36 13      BSX_BBG000C0LW92_2021-03-24
2021-07-04 23:21:36 15      BTAI_BBG00K20GVD2_2021-03-24
2021-07-04 23:21:36 16      BTI_BBG000BWPXQ8_2021-03-24
2021-07-04 23:21:36 19      BUD_BBG000RYC984_2021-03-24
2021-07-04 23:21:36 19      BUD: SPYKE!. Candle: ID:9, Time: 7:10, Close: 57
2021-07-04 23:21:36 20      BURL_BBG004S641N5_2021-03-24
2021-07-04 23:21:36 22      BWA_BBG000BJ49H3_2021-03-24
2021-07-04 23:21:36 24      BWXT_BBG000D86F25_2021-03-24
2021-07-04 23:21:36 25      BX_BBG000BH0106_2021-03-24
2021-07-04 23:21:36 27      BXP_BBG000BS5CM9_2021-03-24
2021-07-04 23:21:36 29      BYND_BBG003CVJP50_2021-03-24
2021-07-04 23:21:36 33      BZUN_BBG008HNS333_2021-03-24
2021-07-04 23:21:36 36      C_BBG000FY4S11_2021-03-24
2021-07-04 23:21:36 45      CABO_BBG000F02T51_2021-03-24
2021-07-04 23:21:36 46      CACC_BBG000CS0D96_2021-03-24
2021-07-04 23:21:36 47      CAG_BBG000BDXGP9_2021-03-24
2021-07-04 23:21:36 51      CAH_BBG000D898T9_2021-03-24
2021-07-04 23:21:36 53      CALM_BBG000CDMJW6_2021-03-24
2021-07-04 23:21:36 54      CARA_BBG001J2QYS9_2021-03-24
2021-07-04 23:21:36 55      CARG_BBG00HQ77DS2_2021-03-24
2021-07-04 23:21:36 57      CARR_BBG00RP5HYS8_2021-03-24
2021-07-04 23:21:36 60      CARS_BBG000HGTH33_2021-03-24
2021-07-04 23:21:36 60      CARS: SPYKE!. Candle: ID:784, Time: 22:40, Close: 12.3
2021-07-04 23:21:36 61      CASY_BBG000BF0672_2021-03-24
2021-07-04 23:21:36 62      CAT_BBG000BF0K17_2021-03-24
2021-07-04 23:21:36 67      CB_BBG000BR14K5_2021-03-24
2021-07-04 23:21:36 69      CBRE_BBG000C04224_2021-03-24
2021-07-04 23:21:36 71      CBRL_BBG000BF33K1_2021-03-24
2021-07-04 23:21:36 72      CBSH_BBG000BF3G77_2021-03-24
2021-07-04 23:21:36 73      CBU_BBG000BF4D19_2021-03-24
2021-07-04 23:21:36 74      CCI_BBG000FV1Z23_2021-03-24
2021-07-04 23:21:36 77      CCK_BBG000BF6756_2021-03-24
2021-07-04 23:21:36 78      CCL_BBG000BF6LY3_2021-03-24
2021-07-04 23:21:36 97      CCOI_BBG000D0SMY8_2021-03-24
2021-07-04 23:21:36 98      CCXI_BBG000PTSB12_2021-03-24
2021-07-04 23:21:36 99      CDK_BBG006B6PVN9_2021-03-24
2021-07-04 23:21:37 01      CDLX_BBG00225ZDD0_2021-03-24
2021-07-04 23:21:37 02      CDNA_BBG006JS5785_2021-03-24
2021-07-04 23:21:37 04      CDNS_BBG000C13CD9_2021-03-24
2021-07-04 23:21:37 09      CDW_BBG001P63B80_2021-03-24
2021-07-04 23:21:37 11      CE_BBG000JYP7L8_2021-03-24
2021-07-04 23:21:37 13      CEA_BBG000BCFNR4_2021-03-24
2021-07-04 23:21:37 13      CENT_BBG000BFD605_2021-03-24
2021-07-04 23:21:37 14      CENTA_BBG000KTYB56_2021-03-24
2021-07-04 23:21:37 15      CERN_BBG000BFDLV8_2021-03-24
2021-07-04 23:21:37 18      CEVA_BBG000BN3P07_2021-03-24
2021-07-04 23:21:37 19      CF_BBG000BWJFZ4_2021-03-24
2021-07-04 23:21:37 22      CFG_BBG006Q0HY77_2021-03-24
2021-07-04 23:21:37 25      CFR_BBG000C2PL98_2021-03-24
2021-07-04 23:21:37 26      CFX_BBG000C5Z443_2021-03-24
2021-07-04 23:21:37 28      CGEN_BBG000B9ZLB0_2021-03-24
2021-07-04 23:21:37 31      CGNX_BBG000BPBVW5_2021-03-24
2021-07-04 23:21:37 34      CHD_BBG000BFJT36_2021-03-24
2021-07-04 23:21:37 35      CHDN_BBG000BGXMG9_2021-03-24
2021-07-04 23:21:37 37      CHE_BBG000C19QW1_2021-03-24
2021-07-04 23:21:37 37      CHEF_BBG001MFW6D6_2021-03-24
2021-07-04 23:21:37 38      CHGG_BBG0014XR0N5_2021-03-24
2021-07-04 23:21:37 40      CHH_BBG000BPBTL2_2021-03-24
2021-07-04 23:21:37 41      CHKP_BBG000K82ZT8_2021-03-24
2021-07-04 23:21:37 44      CHNG_BBG0059KNH10_2021-03-24
2021-07-04 23:21:37 46      CHRW_BBG000BTCH57_2021-03-24
2021-07-04 23:21:37 48      CHTR_BBG000VPGNR2_2021-03-24
2021-07-04 23:21:37 50      CHWY_BBG00P19DKZ6_2021-03-24
2021-07-04 23:21:37 54      CHX_BBG00JH9TZ56_2021-03-24
2021-07-04 23:21:37 56      CI_BBG00KXRCDP0_2021-03-24
2021-07-04 23:21:37 58      CIEN_BBG000BP1152_2021-03-24
2021-07-04 23:21:37 59      CINF_BBG000BFPK65_2021-03-24
2021-07-04 23:21:37 61      CL_BBG000BFQYY3_2021-03-24
2021-07-04 23:21:37 64      CLDR_BBG000DRJFC8_2021-03-24
2021-07-04 23:21:37 66      CLDT_BBG000PT6BR8_2021-03-24
2021-07-04 23:21:37 66      CLF_BBG000BFRF55_2021-03-24
2021-07-04 23:21:37 69      CLGX_BBG000C2H3F0_2021-03-24
2021-07-04 23:21:37 70      CLH_BBG000BFRRX8_2021-03-24
2021-07-04 23:21:37 71      CLR_BBG000BHBGN6_2021-03-24
2021-07-04 23:21:37 73      CLX_BBG000BFS7D3_2021-03-24
2021-07-04 23:21:37 75      CMA_BBG000C75N77_2021-03-24
2021-07-04 23:21:37 77      CMC_BBG000BFSND8_2021-03-24
2021-07-04 23:21:37 78      CMCO_BBG000BCWWV0_2021-03-24
2021-07-04 23:21:37 78      CMCO: SPYKE!. Candle: ID:12, Time: 13:30, Close: 50.8
2021-07-04 23:21:37 79      CMCSA_BBG000BFT2L4_2021-03-24
2021-07-04 23:21:37 86      CME_BBG000BHLYP4_2021-03-24
2021-07-04 23:21:37 90      CMG_BBG000QX74T1_2021-03-24
2021-07-04 23:21:37 91      CMI_BBG000BGPTV6_2021-03-24
2021-07-04 23:21:37 93      CMP_BBG000C42WS4_2021-03-24
2021-07-04 23:21:37 93      CMP: SPYKE!. Candle: ID:12, Time: 13:05, Close: 65.68
2021-07-04 23:21:37 94      CMS_BBG000BFVXX0_2021-03-24
2021-07-04 23:21:37 96      CNC_BBG000BDXCJ5_2021-03-24
2021-07-04 23:21:37 99      CNK_BBG000QDVR53_2021-03-24
2021-07-04 23:21:38 04      CNP_BBG000FDBX90_2021-03-24
2021-07-04 23:21:38 06      CNS_BBG000BB0WG4_2021-03-24
2021-07-04 23:21:38 07      CNST_BBG000R1H6P8_2021-03-24
2021-07-04 23:21:38 09      CNXC_BBG00RCNQMX3_2021-03-24
2021-07-04 23:21:38 10      CNXN_BBG000BX74M4_2021-03-24
2021-07-04 23:21:38 11      COF_BBG000BGKTF9_2021-03-24
2021-07-04 23:21:38 13      COG_BBG000C3GN47_2021-03-24
2021-07-04 23:21:38 16      COHR_BBG000BG1DH3_2021-03-24
2021-07-04 23:21:38 17      COKE_BBG000BG1SX2_2021-03-24
2021-07-04 23:21:38 18      COLM_BBG000BKKQ84_2021-03-24
2021-07-04 23:21:38 19      CONE_BBG0038V5TX1_2021-03-24
2021-07-04 23:21:38 21      COO_BBG000BG3445_2021-03-24
2021-07-04 23:21:38 22      COP_BBG000BQQH30_2021-03-24
2021-07-04 23:21:38 27      CORR_BBG000CN80Y9_2021-03-24
2021-07-04 23:21:38 30      CORT_BBG000BKJG33_2021-03-24
2021-07-04 23:21:38 31      COST_BBG000F6H8W8_2021-03-24
2021-07-04 23:21:38 37      COTY_BBG000F395V1_2021-03-24
2021-07-04 23:21:38 39      COUP_BBG001J4BCN4_2021-03-24
2021-07-04 23:21:38 41      CPB_BBG000BG4202_2021-03-24
2021-07-04 23:21:38 44      CPRI_BBG0029SNR63_2021-03-24
2021-07-04 23:21:38 46      CPRT_BBG000BM9RH1_2021-03-24
2021-07-04 23:21:38 49      CPS_BBG000PSXT64_2021-03-24
2021-07-04 23:21:38 50      CR_BBG000BG7423_2021-03-24
2021-07-04 23:21:38 51      CREE_BBG000BG14P4_2021-03-24
2021-07-04 23:21:38 54      CRI_BBG000CTM4J9_2021-03-24
2021-07-04 23:21:38 56      CRL_BBG000BG5BL8_2021-03-24
2021-07-04 23:21:38 57      CRM_BBG000BN2DC2_2021-03-24
2021-07-04 23:21:38 62      CRMT_BBG000CM6L31_2021-03-24
2021-07-04 23:21:38 63      CROX_BBG000BLY663_2021-03-24
2021-07-04 23:21:38 65      CRS_BBG000BGCQT9_2021-03-24
2021-07-04 23:21:38 66      CRTX_BBG00BTK1DT8_2021-03-24
2021-07-04 23:21:38 67      CRTX: SPYKE!. Candle: ID:119, Time: 13:40, Close: 33.45
2021-07-04 23:21:38 67      CRUS_BBG000C1DHF5_2021-03-24
2021-07-04 23:21:38 69      CRVL_BBG000CVKZY0_2021-03-24
2021-07-04 23:21:38 71      CRWD_BBG00BLYKS03_2021-03-24
2021-07-04 23:21:38 75      CSCO_BBG000C3J3C9_2021-03-24
2021-07-04 23:21:38 82      CSGP_BBG000D7JKW9_2021-03-24
2021-07-04 23:21:38 84      CSGS_BBG000G3TQV2_2021-03-24
2021-07-04 23:21:38 85      CSII_BBG000NWQ9S5_2021-03-24
2021-07-04 23:21:38 86      CSL_BBG000BGGBT8_2021-03-24
2021-07-04 23:21:38 87      CSOD_BBG0016X4XN6_2021-03-24
2021-07-04 23:21:38 88      CSWI_BBG007NLG4L3_2021-03-24
2021-07-04 23:21:38 89      CSX_BBG000BGJRC8_2021-03-24
2021-07-04 23:21:38 93      CTAS_BBG000H3YXF8_2021-03-24
2021-07-04 23:21:38 95      CTB_BBG000BGKXV2_2021-03-24
2021-07-04 23:21:38 97      CTLT_BBG005XR47P5_2021-03-24
2021-07-04 23:21:38 98      CTSH_BBG000BBDV81_2021-03-24
2021-07-04 23:21:39 01      CTVA_BBG00BN969C1_2021-03-24
2021-07-04 23:21:39 04      CTXS_BBG000FQ6PY6_2021-03-24
2021-07-04 23:21:39 05      CVCO_BBG000K4WS65_2021-03-24
2021-07-04 23:21:39 06      CVET_BBG00KR691K8_2021-03-24
2021-07-04 23:21:39 07      CVGW_BBG000BGPQW1_2021-03-24
2021-07-04 23:21:39 08      CVLT_BBG000BG88X9_2021-03-24
2021-07-04 23:21:39 09      CVNA_BBG00GCTWDJ3_2021-03-24
2021-07-04 23:21:39 12      CVS_BBG000BGRY34_2021-03-24
2021-07-04 23:21:39 15      CVX_BBG000K4ND22_2021-03-24
2021-07-04 23:21:39 23      CW_BBG000BGSPS5_2021-03-24
2021-07-04 23:21:39 24      CWST_BBG000BT0J38_2021-03-24
2021-07-04 23:21:39 25      CWT_BBG000D8KTN6_2021-03-24
2021-07-04 23:21:39 26      CY_BBG000BXNJ07_2021-03-24
2021-07-04 23:21:39 27      D_BBG000BGVW60_2021-03-24
2021-07-04 23:21:39 29      DAL_BBG000R7Z112_2021-03-24
2021-07-04 23:21:39 36      DAR_BBG000BN8ZK8_2021-03-24
2021-07-04 23:21:39 37      DBX_BBG0018SLDN0_2021-03-24
2021-07-04 23:21:39 42      DCI_BBG000BGZP70_2021-03-24
2021-07-04 23:21:39 43      DCPH_BBG00HMJ9H54_2021-03-24
2021-07-04 23:21:39 45      DD_BBG00BN961G4_2021-03-24
2021-07-04 23:21:39 48      DDOG_BBG003NJHZT9_2021-03-24
2021-07-04 23:21:39 55      DDS_BBG000BS4MP5_2021-03-24
2021-07-04 23:21:39 57      DE_BBG000BH1NH9_2021-03-24
2021-07-04 23:21:39 59      DECK_BBG000BKXYX5_2021-03-24
2021-07-04 23:21:39 60      DELL_BBG00DW3SZS1_2021-03-24
2021-07-04 23:21:39 62      DFS_BBG000QBR5J5_2021-03-24
2021-07-04 23:21:39 65      DG_BBG000NV1KK7_2021-03-24
2021-07-04 23:21:39 68      DGX_BBG000BN84F3_2021-03-24
2021-07-04 23:21:39 71      DHI_BBG000DQTXY6_2021-03-24
2021-07-04 23:21:39 73      DHR_BBG000BH3JF8_2021-03-24
2021-07-04 23:21:39 75      DIOD_BBG000G25P51_2021-03-24
2021-07-04 23:21:39 77      DIS_BBG000BH4R78_2021-03-24
2021-07-04 23:21:39 86      DISCA_BBG000CHWP52_2021-03-24
2021-07-04 23:21:39 97      DISCB_BBG000F7L5N7_2021-03-24
2021-07-04 23:21:39 98      DISCB: SPYKE!. Candle: ID:209, Time: 14:50, Close: 76
2021-07-04 23:21:39 98      DISCB: SPYKE!. Candle: ID:210, Time: 14:50, Close: 76
2021-07-04 23:21:39 98      DISCB: SPYKE!. Candle: ID:362, Time: 18:40, Close: 65
2021-07-04 23:21:39 98      DISCB: SPYKE!. Candle: ID:367, Time: 18:40, Close: 65
2021-07-04 23:21:39 98      DISCB: SPYKE!. Candle: ID:368, Time: 18:40, Close: 63
2021-07-04 23:21:39 98      DISCB: SPYKE!. Candle: ID:425, Time: 19:40, Close: 65.36
2021-07-04 23:21:39 98      DISCB: SPYKE!. Candle: ID:441, Time: 20:00, Close: 65.5
2021-07-04 23:21:39 98      DISCK_BBG000VMWHH5_2021-03-24
2021-07-04 23:21:40 01      DISCK: SPYKE!. Candle: ID:76, Time: 13:05, Close: 64.55
2021-07-04 23:21:40 04      DK_BBG00FZYFVC5_2021-03-24
2021-07-04 23:21:40 06      DKNG_BBG00TCBG714_2021-03-24
2021-07-04 23:21:40 16      DKS_BBG000F6ZWH2_2021-03-24
2021-07-04 23:21:40 18      DLB_BBG000DGLTG5_2021-03-24
2021-07-04 23:21:40 19      DLR_BBG000Q5ZRM7_2021-03-24
2021-07-04 23:21:40 21      DLTH_BBG002GBMZG4_2021-03-24
2021-07-04 23:21:40 22      DLTR_BBG000BSC0K9_2021-03-24
2021-07-04 23:21:40 25      DLX_BBG000BH6360_2021-03-24
2021-07-04 23:21:40 26      DNLI_BBG008P7F869_2021-03-24
2021-07-04 23:21:40 30      DNOW_BBG005BLN209_2021-03-24
2021-07-04 23:21:40 31      DOCU_BBG000N7KJX8_2021-03-24
2021-07-04 23:21:40 36      DORM_BBG000BM22F5_2021-03-24
2021-07-04 23:21:40 37      DOV_BBG000BHB3M6_2021-03-24
2021-07-04 23:21:40 39      DOW_BBG00BN96922_2021-03-24
2021-07-04 23:21:40 42      DPZ_BBG000P458P3_2021-03-24
2021-07-04 23:21:40 44      DRE_BBG000BHD8S7_2021-03-24
2021-07-04 23:21:40 45      DRI_BBG000BBNYF6_2021-03-24
2021-07-04 23:21:40 47      DRNA_BBG001J1DB23_2021-03-24
2021-07-04 23:21:40 49      DRQ_BBG000BVDBY2_2021-03-24
2021-07-04 23:21:40 50      DT_BBG00PNN7C40_2021-03-24
2021-07-04 23:21:40 51      DVA_BBG000MQ1SN9_2021-03-24
2021-07-04 23:21:40 53      DVN_BBG000BBVJZ8_2021-03-24
2021-07-04 23:21:40 56      DXC_BBG00FN64XT9_2021-03-24
2021-07-04 23:21:40 59      DXCM_BBG000QTF8K1_2021-03-24
2021-07-04 23:21:40 61      DY_BBG000C4SKT1_2021-03-24
2021-07-04 23:21:40 62      EA_BBG000BP0KQ8_2021-03-24
2021-07-04 23:21:40 65      EAT_BBG000BK28N7_2021-03-24
2021-07-04 23:21:40 68      EBAY_BBG000C43RR5_2021-03-24
2021-07-04 23:21:40 73      EBS_BBG000GW06J7_2021-03-24
2021-07-04 23:21:40 74      ECHO_BBG000RFP8W6_2021-03-24
2021-07-04 23:21:40 75      ECL_BBG000BHKYH4_2021-03-24
2021-07-04 23:21:40 77      ECPG_BBG000F369C7_2021-03-24
2021-07-04 23:21:40 78      ED_BBG000BHLYS1_2021-03-24
2021-07-04 23:21:40 80      EDIT_BBG005MX5GZ2_2021-03-24
2021-07-04 23:21:40 84      EEFT_BBG000BMNBY1_2021-03-24
2021-07-04 23:21:40 85      EFX_BBG000BHPL78_2021-03-24
2021-07-04 23:21:40 86      EGHT_BBG000BCGHH7_2021-03-24
2021-07-04 23:21:40 88      EGRX_BBG005Y3XWH9_2021-03-24
2021-07-04 23:21:40 89      EHTH_BBG000P5JQX6_2021-03-24
2021-07-04 23:21:40 91      EIX_BBG000D7RKJ5_2021-03-24
2021-07-04 23:21:40 93      EL_BBG000FKJRC5_2021-03-24
2021-07-04 23:21:40 95      ELAN_BBG00LJYS1P8_2021-03-24
2021-07-04 23:21:40 96      ELS_BBG000BB7SX7_2021-03-24
2021-07-04 23:21:40 98      EME_BBG000BBRPL4_2021-03-24
2021-07-04 23:21:40 99      EMN_BBG000BLW530_2021-03-24
2021-07-04 23:21:41 00      EMR_BBG000BHX7N2_2021-03-24
2021-07-04 23:21:41 03      ENDP_BBG000C0HQ54_2021-03-24
2021-07-04 23:21:41 04      ENPH_BBG001R3MNY9_2021-03-24
2021-07-04 23:21:41 08      ENR_BBG006FCB019_2021-03-24
2021-07-04 23:21:41 09      ENS_BBG000PWTD92_2021-03-24
2021-07-04 23:21:41 11      ENTA_BBG001V9NSB4_2021-03-24
2021-07-04 23:21:41 12      ENTG_BBG000CTV4N4_2021-03-24
2021-07-04 23:21:41 14      ENV_BBG000Q4NZ54_2021-03-24
2021-07-04 23:21:41 14      EOG_BBG000BZ9223_2021-03-24
2021-07-04 23:21:41 18      EPAM_BBG000MHTV89_2021-03-24
2021-07-04 23:21:41 20      EPAY_BBG000BRNH31_2021-03-24
2021-07-04 23:21:41 20      EPC_BBG000BRW644_2021-03-24
2021-07-04 23:21:41 22      EQIX_BBG000MBDGM6_2021-03-24
2021-07-04 23:21:41 23      EQT_BBG000BHZ5J9_2021-03-24
2021-07-04 23:21:41 26      ERIE_BBG000BBTJZ1_2021-03-24
2021-07-04 23:21:41 28      ES_BBG000BQ87N0_2021-03-24
2021-07-04 23:21:41 30      ESPR_BBG004KB3S72_2021-03-24
2021-07-04 23:21:41 32      ESS_BBG000CGJMB9_2021-03-24
2021-07-04 23:21:41 33      ET_BBG000BM2FL9_2021-03-24
2021-07-04 23:21:41 36      ETN_BBG000BJ3PD2_2021-03-24
2021-07-04 23:21:41 38      ETR_BBG000C1FQS9_2021-03-24
2021-07-04 23:21:41 40      ETRN_BBG00K53L394_2021-03-24
2021-07-04 23:21:41 42      ETSY_BBG000N7MXL8_2021-03-24
2021-07-04 23:21:41 47      EVBG_BBG0022FMPD5_2021-03-24
2021-07-04 23:21:41 49      EVER_BBG00F17NDH7_2021-03-24
2021-07-04 23:21:41 50      EVH_BBG005CHLM96_2021-03-24
2021-07-04 23:21:41 51      EVR_BBG000BP30Y0_2021-03-24
2021-07-04 23:21:41 52      EVRG_BBG00H433CR2_2021-03-24
2021-07-04 23:21:41 54      EW_BBG000BRXP69_2021-03-24
2021-07-04 23:21:41 56      EWBC_BBG000CR20B1_2021-03-24
2021-07-04 23:21:41 59      EXAS_BBG000CWL0F5_2021-03-24
2021-07-04 23:21:41 61      EXC_BBG000J6XT05_2021-03-24
2021-07-04 23:21:41 65      EXEL_BBG000BQ4WF8_2021-03-24
2021-07-04 23:21:41 67      EXLS_BBG000NS3P30_2021-03-24
2021-07-04 23:21:41 68      EXP_BBG000BJW241_2021-03-24
2021-07-04 23:21:41 69      EXPD_BBG000BJ5GK2_2021-03-24
2021-07-04 23:21:41 71      EXPE_BBG000QY3XZ2_2021-03-24
2021-07-04 23:21:41 74      EXR_BBG000PV27K3_2021-03-24
2021-07-04 23:21:41 76      EYE_BBG00HVQF9K2_2021-03-24
2021-07-04 23:21:41 78      F_BBG000BQPC32_2021-03-24
2021-07-04 23:21:41 82      FANG_BBG002PHSYX9_2021-03-24
2021-07-04 23:21:41 85      FARO_BBG000BJD7C2_2021-03-24
2021-07-04 23:21:41 86      FAST_BBG000BJ8YN7_2021-03-24
2021-07-04 23:21:41 89      FATE_BBG000QP35H2_2021-03-24
2021-07-04 23:21:41 91      FB_BBG000MM2P62_2021-03-24
2021-07-04 23:21:42 11      FBHS_BBG001B4BV87_2021-03-24
2021-07-04 23:21:42 13      FCFS_BBG000DNF659_2021-03-24
2021-07-04 23:21:42 14      FCN_BBG000K88H58_2021-03-24
2021-07-04 23:21:42 15      FCX_BBG000BJDB15_2021-03-24
2021-07-04 23:21:42 26      FDS_BBG000BDJL83_2021-03-24
2021-07-04 23:21:42 27      FDX_BBG000BJF1Z8_2021-03-24
2021-07-04 23:21:42 31      FELE_BBG000BJGGV8_2021-03-24
2021-07-04 23:21:42 32      FFIV_BBG000CXYSZ6_2021-03-24
2021-07-04 23:21:42 34      FGEN_BBG000FW5ZL6_2021-03-24
2021-07-04 23:21:42 36      FICO_BBG000DW76Y6_2021-03-24
2021-07-04 23:21:42 38      FIS_BBG000BK2F42_2021-03-24
2021-07-04 23:21:42 40      FISV_BBG000BJKPG0_2021-03-24
2021-07-04 23:21:42 45      FITB_BBG000BJL3N0_2021-03-24
2021-07-04 23:21:42 51      FIVN_BBG001KHJM17_2021-03-24
2021-07-04 23:21:42 53      FIZZ_BBG000BF8CB6_2021-03-24
2021-07-04 23:21:42 55      FL_BBG000BX8DC4_2021-03-24
2021-07-04 23:21:42 57      FLIR_BBG000BHK836_2021-03-24
2021-07-04 23:21:42 58      FLOW_BBG007FL7ZD2_2021-03-24
2021-07-04 23:21:42 59      FLR_BBG000BB1TH9_2021-03-24
2021-07-04 23:21:42 61      FLS_BBG000FFH4P5_2021-03-24
2021-07-04 23:21:42 62      FLT_BBG000GPXKX9_2021-03-24
2021-07-04 23:21:42 63      FLWS_BBG000BBR9P6_2021-03-24
2021-07-04 23:21:42 64      FLWS: SPYKE!. Candle: ID:123, Time: 11:45, Close: 28.29
2021-07-04 23:21:42 65      FMC_BBG000BJP882_2021-03-24
2021-07-04 23:21:42 66      FND_BBG007GJ2F81_2021-03-24
2021-07-04 23:21:42 67      FNKO_BBG00HXSHDQ9_2021-03-24
2021-07-04 23:21:42 84      FOCS_BBG00L0YTFN8_2021-03-24
2021-07-04 23:21:42 85      FOE_BBG000BJQK11_2021-03-24
2021-07-04 23:21:42 86      FOLD_BBG000PLF6N0_2021-03-24
2021-07-04 23:21:42 91      FORM_BBG000D1Y3P1_2021-03-24
2021-07-04 23:21:42 94      FORR_BBG000HGNYG8_2021-03-24
2021-07-04 23:21:42 95      FOX_BBG00JHNKJY8_2021-03-24
2021-07-04 23:21:42 98      FOXA_BBG00JHNJW99_2021-03-24
2021-07-04 23:21:43 02      FOXF_BBG004T7VS53_2021-03-24
2021-07-04 23:21:43 03      FRHC_BBG000N625H8_2021-03-24
2021-07-04 23:21:43 05      FRPH_BBG000HCVWW4_2021-03-24
2021-07-04 23:21:43 06      FRPT_BBG001D0HB36_2021-03-24
2021-07-04 23:21:43 07      FSLR_BBG000BFL116_2021-03-24
2021-07-04 23:21:43 10      FSLY_BBG004NLQHL0_2021-03-24
2021-07-04 23:21:43 15      FTCH_BBG00LSD4456_2021-03-24
2021-07-04 23:21:43 19      FTI_BBG00DL8NMV2_2021-03-24
2021-07-04 23:21:43 22      FTNT_BBG000BCMBG4_2021-03-24
2021-07-04 23:21:43 25      FTV_BBG00BLVZ228_2021-03-24
2021-07-04 23:21:43 27      FUL_BBG000BJZ7V7_2021-03-24
2021-07-04 23:21:43 27      FUL: SPYKE!. Candle: ID:1011, Time: 20:20, Close: 59.55
2021-07-04 23:21:43 28      GATX_BBG000BKGXQ4_2021-03-24
2021-07-04 23:21:43 29      GBCI_BBG000C3KB84_2021-03-24
2021-07-04 23:21:43 30      GBT_BBG00341H6M0_2021-03-24
2021-07-04 23:21:43 32      GBX_BBG000CF5097_2021-03-24
2021-07-04 23:21:43 32      GCO_BBG000BK5S78_2021-03-24
2021-07-04 23:21:43 33      GCP_BBG0082W8Q12_2021-03-24
2021-07-04 23:21:43 34      GD_BBG000BK67C7_2021-03-24
2021-07-04 23:21:43 36      GDDY_BBG006MDLY05_2021-03-24
2021-07-04 23:21:43 37      GDOT_BBG000QDJT53_2021-03-24
2021-07-04 23:21:43 39      GE_BBG000BK6MB5_2021-03-24
2021-07-04 23:21:43 44      GEF_BBG000BLFNC0_2021-03-24
2021-07-04 23:21:43 45      GGG_BBG000BK9W84_2021-03-24
2021-07-04 23:21:43 46      GH_BBG006D97VY9_2021-03-24
2021-07-04 23:21:43 48      GHC_BBG000C3FGH9_2021-03-24
2021-07-04 23:21:43 49      GILD_BBG000CKGBP2_2021-03-24
2021-07-04 23:21:43 54      GIS_BBG000BKCFC2_2021-03-24
2021-07-04 23:21:43 60      GKOS_BBG000WG2LQ1_2021-03-24
2021-07-04 23:21:43 60      GL_BBG000BVD6X4_2021-03-24
2021-07-04 23:21:43 62      GLW_BBG000BKFZM4_2021-03-24
2021-07-04 23:21:43 65      GM_BBG000NDYB67_2021-03-24
2021-07-04 23:21:43 73      GMED_BBG002V87SD0_2021-03-24
2021-07-04 23:21:43 74      GMS_BBG009Q036D0_2021-03-24
2021-07-04 23:21:43 75      GNL_BBG004HXD0G8_2021-03-24
2021-07-04 23:21:43 76      GNRC_BBG000PQ4W72_2021-03-24
2021-07-04 23:21:43 78      GO_BBG00P4R3079_2021-03-24
2021-07-04 23:21:43 80      GOOG_BBG009S3NB30_2021-03-24
2021-07-04 23:21:43 87      GOOGL_BBG009S39JX6_2021-03-24
2021-07-04 23:21:43 94      GOSS_BBG00MVWLLM2_2021-03-24
2021-07-04 23:21:43 97      GPC_BBG000BKL348_2021-03-24
2021-07-04 23:21:43 98      GPI_BBG000BB88K4_2021-03-24
2021-07-04 23:21:44 00      GPN_BBG000CX0P89_2021-03-24
2021-07-04 23:21:44 02      GPS_BBG000BKLH74_2021-03-24
2021-07-04 23:21:44 07      GRA_BBG000BB8PG1_2021-03-24
2021-07-04 23:21:44 08      GRMN_BBG000C4LN67_2021-03-24
2021-07-04 23:21:44 10      GRUB_BBG001KWG293_2021-03-24
2021-07-04 23:21:44 10      Warning: figi `BBG001KWG293` for history data does not match actual figi `BBG010R8C3Y4`. Ticker: GRUB. Will be used actual!
2021-07-04 23:21:44 11      GS_BBG000C6CFJ5_2021-03-24
2021-07-04 23:21:44 15      GSH_BBG000GLG0G0_2021-03-24
2021-07-04 23:21:44 16      GSKY_BBG00KT2SCV8_2021-03-24
2021-07-04 23:21:44 16      GSKY: SPYKE!. Candle: ID:12, Time: 7:10, Close: 5.91
2021-07-04 23:21:44 17      GT_BBG000BKNX95_2021-03-24
2021-07-04 23:21:44 20      GTHX_BBG005F1DK91_2021-03-24
2021-07-04 23:21:44 26      GTLS_BBG000P1K2X6_2021-03-24
2021-07-04 23:21:44 28      GTN_BBG000DSQLQ0_2021-03-24
2021-07-04 23:21:44 29      GVA_BBG000DVB833_2021-03-24
2021-07-04 23:21:44 30      GWRE_BBG001C7PM75_2021-03-24
2021-07-04 23:21:44 30      GWW_BBG000BKR1D6_2021-03-24
2021-07-04 23:21:44 32      H_BBG000CVRFS4_2021-03-24
2021-07-04 23:21:44 33      HA_BBG000BC4185_2021-03-24
2021-07-04 23:21:44 35      HAE_BBG000C7TF41_2021-03-24
2021-07-04 23:21:44 36      HAIN_BBG000BQW085_2021-03-24
2021-07-04 23:21:44 37      HAL_BBG000BKTFN2_2021-03-24
2021-07-04 23:21:44 42      HALO_BBG000CZ8W54_2021-03-24
2021-07-04 23:21:44 44      HAS_BBG000BKVJK4_2021-03-24
2021-07-04 23:21:44 46      HBAN_BBG000BKWSR6_2021-03-24
2021-07-04 23:21:44 49      HBI_BBG000D2ZTS8_2021-03-24
2021-07-04 23:21:44 50      HCA_BBG000QW7VC1_2021-03-24
2021-07-04 23:21:44 52      HCCI_BBG000CCFB17_2021-03-24
2021-07-04 23:21:44 52      HCCI: SPYKE!. Candle: ID:7, Time: 13:30, Close: 25.49
2021-07-04 23:21:44 53      HCSG_BBG000BKYVF0_2021-03-24
2021-07-04 23:21:44 55      HD_BBG000BKZB36_2021-03-24
2021-07-04 23:21:44 59      HEAR_BBG000BM6N47_2021-03-24
2021-07-04 23:21:44 61      HEI_BBG000BL16Q7_2021-03-24
2021-07-04 23:21:44 62      HES_BBG000BBD070_2021-03-24
2021-07-04 23:21:44 64      HFC_BBG000BL9JQ1_2021-03-24
2021-07-04 23:21:44 66      HGV_BBG00CBYY6M1_2021-03-24
2021-07-04 23:21:44 67      HHC_BBG000MJRJJ2_2021-03-24
2021-07-04 23:21:44 68      HHR_BBG00KHGQ0H4_2021-03-24
2021-07-04 23:21:44 69      HIBB_BBG000H001V3_2021-03-24
2021-07-04 23:21:44 71      HIG_BBG000G0Z878_2021-03-24
2021-07-04 23:21:44 74      HII_BBG001KJ2HM9_2021-03-24
2021-07-04 23:21:44 75      HIIQ_TCS003QRSQD3_2021-03-24
2021-07-04 23:21:44 76      HLT_BBG0058KMH30_2021-03-24
2021-07-04 23:21:44 78      HNP_BBG000BX5YM0_2021-03-24
2021-07-04 23:21:44 79      HNP: SPYKE!. Candle: ID:121, Time: 20:00, Close: 14.57
2021-07-04 23:21:44 79      HOG_BBG000BKZTP3_2021-03-24
2021-07-04 23:21:44 81      HOLX_BBG000C3NTN5_2021-03-24
2021-07-04 23:21:44 83      HON_BBG000H556T9_2021-03-24
2021-07-04 23:21:44 85      HP_BBG000BLCPY4_2021-03-24
2021-07-04 23:21:44 87      HPE_BBG0078W3NQ3_2021-03-24
2021-07-04 23:21:44 89      HPQ_BBG000KHWT55_2021-03-24
2021-07-04 23:21:44 92      HQY_BBG000TYXCT9_2021-03-24
2021-07-04 23:21:44 95      HRB_BBG000BLDV98_2021-03-24
2021-07-04 23:21:44 96      HRC_BBG000BKWCS0_2021-03-24
2021-07-04 23:21:44 97      HRL_BBG000BLF8D2_2021-03-24
2021-07-04 23:21:44 98      HRTX_BBG000G2GJT7_2021-03-24
2021-07-04 23:21:45 00      HSC_BBG000BLH3P8_2021-03-24
2021-07-04 23:21:45 02      HSIC_BBG000BNMMJ3_2021-03-24
2021-07-04 23:21:45 04      HSKA_BBG000BWFH48_2021-03-24
2021-07-04 23:21:45 05      HST_BBG000BL8804_2021-03-24
2021-07-04 23:21:45 09      HSY_BBG000BLHRS2_2021-03-24
2021-07-04 23:21:45 11      HTA_BBG000PRJCX9_2021-03-24
2021-07-04 23:21:45 12      HTHT_BBG000QFPM65_2021-03-24
2021-07-04 23:21:45 15      HTHT: SPYKE!. Candle: ID:2, Time: 7:40, Close: 52.44
2021-07-04 23:21:45 16      HUBB_BBG000BLK267_2021-03-24
2021-07-04 23:21:45 17      HUBG_BBG000G9W6L0_2021-03-24
2021-07-04 23:21:45 19      HUBS_BBG000N7MZ06_2021-03-24
2021-07-04 23:21:45 21      HUM_BBG000BLKK03_2021-03-24
2021-07-04 23:21:45 24      HURN_BBG000PV2M48_2021-03-24
2021-07-04 23:21:45 25      HWM_BBG00DYNJGH9_2021-03-24
2021-07-04 23:21:45 27      HXL_BBG000BLMDQ9_2021-03-24
2021-07-04 23:21:45 28      IAC_BBG000BKQG80_2021-03-24
2021-07-04 23:21:45 28      Warning: figi `BBG000BKQG80` for history data does not match actual figi `BBG00S1LR2C3`. Ticker: IAC. Will be used actual!
2021-07-04 23:21:45 30      IART_BBG000BZJQL8_2021-03-24
2021-07-04 23:21:45 31      IBKR_BBG000LV0836_2021-03-24
2021-07-04 23:21:45 34      IBM_BBG000BLNNH6_2021-03-24
2021-07-04 23:21:45 38      IBN_BBG000DRM643_2021-03-24
2021-07-04 23:21:45 39      IBP_BBG005TJKDZ6_2021-03-24
2021-07-04 23:21:45 41      ICE_BBG000C1FB75_2021-03-24
2021-07-04 23:21:45 44      ICPT_BBG001J1QN87_2021-03-24
2021-07-04 23:21:45 47      ICUI_BBG000CQV2N4_2021-03-24
2021-07-04 23:21:45 48      IDCC_BBG000HLJ7M4_2021-03-24
2021-07-04 23:21:45 49      IDXX_BBG000BLRT07_2021-03-24
2021-07-04 23:21:45 51      IEX_BBG000C1HN22_2021-03-24
2021-07-04 23:21:45 52      IFF_BBG000BLSL58_2021-03-24
2021-07-04 23:21:45 55      IGMS_BBG00PNR1BT2_2021-03-24
2021-07-04 23:21:45 56      IIPR_BBG00F0SW7N8_2021-03-24
2021-07-04 23:21:45 57      IIVI_BBG000BLW102_2021-03-24
2021-07-04 23:21:45 61      ILMN_BBG000DSMS70_2021-03-24
2021-07-04 23:21:45 64      INCY_BBG000BNPSQ9_2021-03-24
2021-07-04 23:21:45 66      INDB_BBG000BM0597_2021-03-24
2021-07-04 23:21:45 68      INFO_BBG006G063F9_2021-03-24
2021-07-04 23:21:45 69      INGN_BBG0021PH456_2021-03-24
2021-07-04 23:21:45 70      INGR_BBG000BXPZB7_2021-03-24
2021-07-04 23:21:45 71      INMD_BBG00PPS73P4_2021-03-24
2021-07-04 23:21:45 73      INSP_BBG00209SZJ7_2021-03-24
2021-07-04 23:21:45 73      INTC_BBG000C0G1D1_2021-03-24
2021-07-04 23:21:46 02      INTU_BBG000BH5DV1_2021-03-24
2021-07-04 23:21:46 06      INVH_BBG00FQH6BS9_2021-03-24
2021-07-04 23:21:46 08      IONS_BBG000JH6683_2021-03-24
2021-07-04 23:21:46 13      IOSP_BBG000BMFNP4_2021-03-24
2021-07-04 23:21:46 13      IOVA_BBG000FTLBV7_2021-03-24
2021-07-04 23:21:46 16      IP_BBG000BM5SR2_2021-03-24
2021-07-04 23:21:46 18      IPAR_BBG000GCSWR5_2021-03-24
2021-07-04 23:21:46 19      IPG_BBG000C90DH9_2021-03-24
2021-07-04 23:21:46 21      IPGP_BBG000DCGRL8_2021-03-24
2021-07-04 23:21:46 22      IQV_BBG00333FYS2_2021-03-24
2021-07-04 23:21:46 24      IR_BBG002R1CW27_2021-03-24
2021-07-04 23:21:46 26      IRBT_BBG000HXJB21_2021-03-24
2021-07-04 23:21:46 28      IRDM_BBG000VC0FC1_2021-03-24
2021-07-04 23:21:46 30      IRM_BBG000KCZPC3_2021-03-24
2021-07-04 23:21:46 32      IRTC_BBG001J19V24_2021-03-24
2021-07-04 23:21:46 33      ISRG_BBG000BJPDZ1_2021-03-24
2021-07-04 23:21:46 35      IT_BBG000BB65D0_2021-03-24
2021-07-04 23:21:46 36      ITCI_BBG0026ZFZC4_2021-03-24
2021-07-04 23:21:46 37      ITGR_BBG000BW6JV4_2021-03-24
2021-07-04 23:21:46 38      ITRI_BBG000BD2167_2021-03-24
2021-07-04 23:21:46 39      ITT_BBG00CVQZQ96_2021-03-24
2021-07-04 23:21:46 40      ITW_BBG000BMBL90_2021-03-24
2021-07-04 23:21:46 42      IVZ_BBG000BY2Y78_2021-03-24
2021-07-04 23:21:46 44      J_BBG000BMFFQ0_2021-03-24
2021-07-04 23:21:46 46      JACK_BBG000GZYVY1_2021-03-24
2021-07-04 23:21:46 47      JBHT_BBG000BMDBZ1_2021-03-24
2021-07-04 23:21:46 48      JBSS_BBG000CHPMY5_2021-03-24
2021-07-04 23:21:46 49      JBT_BBG000VLBCQ1_2021-03-24
2021-07-04 23:21:46 50      JCI_BBG000BVWLJ6_2021-03-24
2021-07-04 23:21:46 54      JCOM_BBG000F3CWW7_2021-03-24
2021-07-04 23:21:46 55      JD_BBG005YHY0Q7_2021-03-24
2021-07-04 23:21:46 71      JEF_BBG000BNHSP9_2021-03-24
2021-07-04 23:21:46 73      JELD_BBG0019GM953_2021-03-24
2021-07-04 23:21:46 74      JJSF_BBG000BMGPW0_2021-03-24
2021-07-04 23:21:46 75      JKHY_BBG000BMH2Q7_2021-03-24
2021-07-04 23:21:46 77      JLL_BBG000C2L2L0_2021-03-24
2021-07-04 23:21:46 78      JNJ_BBG000BMHYD1_2021-03-24
2021-07-04 23:21:46 84      JNPR_BBG000BY33P5_2021-03-24
2021-07-04 23:21:46 87      JOBS_BBG000BJD1D4_2021-03-24
2021-07-04 23:21:46 88      JOUT_BBG000HCXFS4_2021-03-24
2021-07-04 23:21:46 89      JPM_BBG000DMBXR2_2021-03-24
2021-07-04 23:21:46 97      JWN_BBG000G8N9C6_2021-03-24
2021-07-04 23:21:47 01      K_BBG000BMKDM3_2021-03-24
2021-07-04 23:21:47 03      KALU_BBG000PKZDX4_2021-03-24
2021-07-04 23:21:47 05      KBH_BBG000BMLWX8_2021-03-24
2021-07-04 23:21:47 07      KDP_BBG000TJM7F0_2021-03-24
2021-07-04 23:21:47 10      KEP_BBG000BCWG90_2021-03-24
2021-07-04 23:21:47 11      KEX_BBG000BMQCP6_2021-03-24
2021-07-04 23:21:47 12      KEY_BBG000BMQPL1_2021-03-24
2021-07-04 23:21:47 15      KEYS_BBG0059FN811_2021-03-24
2021-07-04 23:21:47 16      KFY_BBG000C5QMB5_2021-03-24
2021-07-04 23:21:47 17      KHC_BBG005CPNTQ2_2021-03-24
2021-07-04 23:21:47 21      KIDS_BBG00HFFRW39_2021-03-24
2021-07-04 23:21:47 22      KIM_BBG000CN3S73_2021-03-24
2021-07-04 23:21:47 24      KLAC_BBG000BMTFR4_2021-03-24
2021-07-04 23:21:47 29      KMB_BBG000BMW2Z0_2021-03-24
2021-07-04 23:21:47 32      KMI_BBG0019JZ882_2021-03-24
2021-07-04 23:21:47 34      KMPR_BBG000H3GDJ8_2021-03-24
2021-07-04 23:21:47 35      KMT_BBG000BMWKC5_2021-03-24
2021-07-04 23:21:47 36      KMX_BBG000BLMZK6_2021-03-24
2021-07-04 23:21:47 37      KNSL_BBG00D8JD9Z9_2021-03-24
2021-07-04 23:21:47 38      KNX_BBG000BFC848_2021-03-24
2021-07-04 23:21:47 40      KO_BBG000BMX289_2021-03-24
2021-07-04 23:21:47 44      KOD_BBG00BVR0D02_2021-03-24
2021-07-04 23:21:47 46      KR_BBG000BMY992_2021-03-24
2021-07-04 23:21:47 49      KRG_BBG000BC2KW8_2021-03-24
2021-07-04 23:21:47 50      KRTX_BBG00NN875G0_2021-03-24
2021-07-04 23:21:47 51      KRYS_BBG00HDGRHH7_2021-03-24
2021-07-04 23:21:47 51      KRYS: SPYKE!. Candle: ID:20, Time: 13:30, Close: 76.1
2021-07-04 23:21:47 52      KSU_BBG000BMZ7P7_2021-03-24
2021-07-04 23:21:47 55      KTB_BBG00LPTHYD5_2021-03-24
2021-07-04 23:21:47 56      KWR_BBG000DZS2L9_2021-03-24
2021-07-04 23:21:47 56      L_BBG000C45984_2021-03-24
2021-07-04 23:21:47 58      LAD_BBG000K3BC83_2021-03-24
2021-07-04 23:21:47 59      LANC_BBG000BN1M88_2021-03-24
2021-07-04 23:21:47 60      LASR_BBG0020BCPX5_2021-03-24
2021-07-04 23:21:47 60      LASR: SPYKE!. Candle: ID:1086, Time: 20:10, Close: 30.69
2021-07-04 23:21:47 61      LB_BBG000BNGTQ7_2021-03-24
2021-07-04 23:21:47 63      LBRDK_BBG006GNSZW5_2021-03-24
2021-07-04 23:21:47 64      LCII_BBG000DNLMB0_2021-03-24
2021-07-04 23:21:47 66      LDOS_BBG000C23PB0_2021-03-24
2021-07-04 23:21:47 67      LEA_BBG000PTLGZ1_2021-03-24
2021-07-04 23:21:47 68      LECO_BBG000BB72K8_2021-03-24
2021-07-04 23:21:47 69      LEG_BBG000BN53G7_2021-03-24
2021-07-04 23:21:47 70      LEGH_BBG00MJDR6J9_2021-03-24
2021-07-04 23:21:47 71      LEN_BBG000BN5HF7_2021-03-24
2021-07-04 23:21:47 73      LEVI_BBG000BQDF10_2021-03-24
2021-07-04 23:21:47 74      LFC_BBG000BBK4B9_2021-03-24
2021-07-04 23:21:47 75      LFUS_BBG000BGFGT8_2021-03-24
2021-07-04 23:21:47 76      LGIH_BBG0056655S1_2021-03-24
2021-07-04 23:21:47 77      LGND_BBG000BKF014_2021-03-24
2021-07-04 23:21:47 78      LH_BBG000D9DMK0_2021-03-24
2021-07-04 23:21:47 80      LHCG_BBG000G7W420_2021-03-24
2021-07-04 23:21:47 81      LHX_BBG000BLGFJ9_2021-03-24
2021-07-04 23:21:47 83      LII_BBG000BB5B84_2021-03-24
2021-07-04 23:21:47 84      LIN_BBG00GVR8YQ9_2021-03-24
2021-07-04 23:21:47 85      LITE_BBG0073F9RT7_2021-03-24
2021-07-04 23:21:47 90      LKQ_BBG000PXDL44_2021-03-24
2021-07-04 23:21:47 92      LLY_BBG000BNBDC2_2021-03-24
2021-07-04 23:21:47 94      LMT_BBG000C1BW00_2021-03-24
2021-07-04 23:21:47 96      LNN_BBG000FJS1S8_2021-03-24
2021-07-04 23:21:47 97      LNT_BBG000DW4Q75_2021-03-24
2021-07-04 23:21:48 00      LNTH_BBG006Q52RD0_2021-03-24
2021-07-04 23:21:48 01      LOPE_BBG000FV28W9_2021-03-24
2021-07-04 23:21:48 02      LOW_BBG000BNDN65_2021-03-24
2021-07-04 23:21:48 05      LPL_BBG000FJ0RK9_2021-03-24
2021-07-04 23:21:48 06      LPLA_BBG000P2TYL8_2021-03-24
2021-07-04 23:21:48 08      LPSN_BBG000BSV0W5_2021-03-24
2021-07-04 23:21:48 09      LRCX_BBG000BNFLM9_2021-03-24
2021-07-04 23:21:48 13      LRN_BBG000QSXPZ9_2021-03-24
2021-07-04 23:21:48 14      LSCC_BBG000C2D1C1_2021-03-24
2021-07-04 23:21:48 16      LSTR_BBG000BB2KN0_2021-03-24
2021-07-04 23:21:48 17      LTHM_BBG00LV3NRG0_2021-03-24
2021-07-04 23:21:48 19      LULU_BBG000R8ZVD1_2021-03-24
2021-07-04 23:21:48 21      LUMN_BBG000BGLRN3_2021-03-24
2021-07-04 23:21:48 22      LUV_BBG000BNJHS8_2021-03-24
2021-07-04 23:21:48 25      LVS_BBG000JWD753_2021-03-24
2021-07-04 23:21:48 28      LW_BBG003CVMLQ2_2021-03-24
2021-07-04 23:21:48 30      LYB_BBG000WCFV84_2021-03-24
2021-07-04 23:21:48 32      LYFT_BBG004M9ZHX5_2021-03-24
2021-07-04 23:21:48 35      LYV_BBG000FQ7YR4_2021-03-24
2021-07-04 23:21:48 37      M_BBG000C46HM9_2021-03-24
2021-07-04 23:21:48 41      MA_BBG000F1ZSQ2_2021-03-24
2021-07-04 23:21:48 46      MAA_BBG000BLMY92_2021-03-24
2021-07-04 23:21:48 48      MAC_BBG000BL9C59_2021-03-24
2021-07-04 23:21:48 51      MAN_BBG000BNMHS4_2021-03-24
2021-07-04 23:21:48 52      MANH_BBG000BFV758_2021-03-24
2021-07-04 23:21:48 53      MANT_BBG000BGF8B5_2021-03-24
2021-07-04 23:21:48 54      MANU_BBG0035WV4N9_2021-03-24
2021-07-04 23:21:48 55      MAR_BBG000BGD7W6_2021-03-24
2021-07-04 23:21:48 59      MAS_BBG000BNNKG9_2021-03-24
2021-07-04 23:21:48 61      MASI_BBG000C3W281_2021-03-24
2021-07-04 23:21:48 62      MAT_BBG000BNNYW1_2021-03-24
2021-07-04 23:21:48 64      MATX_BBG000BBK401_2021-03-24
2021-07-04 23:21:48 65      MBT_BBG000CSZKR2_2021-03-24
2021-07-04 23:21:48 66      MBUU_BBG005PXTR70_2021-03-24
2021-07-04 23:21:48 67      MCD_BBG000BNSZP1_2021-03-24
2021-07-04 23:21:48 70      MCHP_BBG000BHCP19_2021-03-24
2021-07-04 23:21:48 75      MCK_BBG000DYGNW7_2021-03-24
2021-07-04 23:21:48 77      MCO_BBG000F86GP6_2021-03-24
2021-07-04 23:21:48 78      MCRI_BBG000BJ0932_2021-03-24
2021-07-04 23:21:48 79      MD_BBG000H8LGK2_2021-03-24
2021-07-04 23:21:48 80      MDB_BBG0022FDRY8_2021-03-24
2021-07-04 23:21:48 83      MDGL_BBG000QS6NV8_2021-03-24
2021-07-04 23:21:48 84      MDLA_BBG001BPKGT0_2021-03-24
2021-07-04 23:21:48 87      MDLZ_BBG000D4LWF6_2021-03-24
2021-07-04 23:21:48 91      MDRX_BBG000BLDXH5_2021-03-24
2021-07-04 23:21:48 93      MDT_BBG000BNWG87_2021-03-24
2021-07-04 23:21:48 97      MED_BBG000BWBW76_2021-03-24
2021-07-04 23:21:48 98      MEDP_BBG0065B7K59_2021-03-24
2021-07-04 23:21:48 99      MEI_BBG000BNY197_2021-03-24
2021-07-04 23:21:49 00      MELI_BBG000GQPB11_2021-03-24
2021-07-04 23:21:49 03      MET_BBG000BB6KF5_2021-03-24
2021-07-04 23:21:49 05      MFGP_BBG00HFWVGN0_2021-03-24
2021-07-04 23:21:49 06      MGLN_BBG000BD6DD9_2021-03-24
2021-07-04 23:21:49 06      MGM_BBG000C2BXK4_2021-03-24
2021-07-04 23:21:49 11      MGY_BBG00GNC8DL2_2021-03-24
2021-07-04 23:21:49 11      MGY: SPYKE!. Candle: ID:95, Time: 12:05, Close: 10.8
2021-07-04 23:21:49 12      MHK_BBG000FLZN98_2021-03-24
2021-07-04 23:21:49 14      MHO_BBG000BL9MZ4_2021-03-24
2021-07-04 23:21:49 15      MIDD_BBG000DQN9R3_2021-03-24
2021-07-04 23:21:49 16      MINI_BBG000BGTX98_2021-03-24
2021-07-04 23:21:49 16      MKC_BBG000G6Y5W4_2021-03-24
2021-07-04 23:21:49 18      MKL_BBG000FC7366_2021-03-24
2021-07-04 23:21:49 19      MKSI_BBG000BVMG26_2021-03-24
2021-07-04 23:21:49 20      MKTX_BBG000BJBZ23_2021-03-24
2021-07-04 23:21:49 22      MLAB_BBG000BP3PW7_2021-03-24
2021-07-04 23:21:49 22      MLCO_BBG000BHP8J4_2021-03-24
2021-07-04 23:21:49 26      MLHR_BBG000BP46T2_2021-03-24
2021-07-04 23:21:49 27      MLM_BBG000BGYMH7_2021-03-24
2021-07-04 23:21:49 28      MMC_BBG000BP4MH0_2021-03-24
2021-07-04 23:21:49 30      MMI_BBG005GBRSR6_2021-03-24
2021-07-04 23:21:49 31      MMM_BBG000BP52R2_2021-03-24
2021-07-04 23:21:49 34      MMS_BBG000BC5WJ4_2021-03-24
2021-07-04 23:21:49 35      MMSI_BBG000C42VX0_2021-03-24
2021-07-04 23:21:49 36      MNRO_BBG000C0BZD1_2021-03-24
2021-07-04 23:21:49 37      MNST_BBG008NVB1C0_2021-03-24
2021-07-04 23:21:49 39      MO_BBG000BP6LJ8_2021-03-24
2021-07-04 23:21:49 43      MOH_BBG000MBHNC8_2021-03-24
2021-07-04 23:21:49 44      MOMO_BBG007HTCQT0_2021-03-24
2021-07-04 23:21:49 55      MORN_BBG000CGQ4F7_2021-03-24
2021-07-04 23:21:49 56      MOS_BBG000BFXHL6_2021-03-24
2021-07-04 23:21:49 59      MOV_BBG000BL30Y9_2021-03-24
2021-07-04 23:21:49 60      MPC_BBG001DCCGR8_2021-03-24
2021-07-04 23:21:49 66      MPWR_BBG000C30L48_2021-03-24
2021-07-04 23:21:49 69      MRC_BBG000BKLTM1_2021-03-24
2021-07-04 23:21:49 70      MRK_BBG000BPD168_2021-03-24
2021-07-04 23:21:49 74      MRNA_BBG003PHHZT1_2021-03-24
2021-07-04 23:21:49 82      MRO_BBG000C8H633_2021-03-24
2021-07-04 23:21:49 84      MRTX_BBG004TPGBP5_2021-03-24
2021-07-04 23:21:49 86      MS_BBG000BLZRJ2_2021-03-24
2021-07-04 23:21:49 91      MSA_BBG000BPDXF8_2021-03-24
2021-07-04 23:21:49 92      MSCI_BBG000RTDY25_2021-03-24
2021-07-04 23:21:49 94      MSFT_BBG000BPH459_2021-03-24
2021-07-04 23:21:50 24      MSGE_BBG00L9HLWV8_2021-03-24
2021-07-04 23:21:50 25      MSGN_BBG000NS03H7_2021-03-24
2021-07-04 23:21:50 26      MSGS_BBG007FG0C23_2021-03-24
2021-07-04 23:21:50 27      MSI_BBG000BP8Z50_2021-03-24
2021-07-04 23:21:50 29      MSM_BBG000BCLYL9_2021-03-24
2021-07-04 23:21:50 30      MSTR_BBG000GQJPZ0_2021-03-24
2021-07-04 23:21:50 35      MTB_BBG000D9KWL9_2021-03-24
2021-07-04 23:21:50 36      MTCH_BBG00B6WH9G3_2021-03-24
2021-07-04 23:21:50 40      MTD_BBG000BZCKH3_2021-03-24
2021-07-04 23:21:50 42      MTG_BBG000CBMH27_2021-03-24
2021-07-04 23:21:50 43      MTH_BBG000F4F1N0_2021-03-24
2021-07-04 23:21:50 44      MTN_BBG000BCMWM1_2021-03-24
2021-07-04 23:21:50 45      MTOR_BBG000BH92D1_2021-03-24
2021-07-04 23:21:50 46      MTRN_BBG000BDTT76_2021-03-24
2021-07-04 23:21:50 47      MU_BBG000C5Z1S3_2021-03-24
2021-07-04 23:21:50 60      MUR_BBG000BPMH90_2021-03-24
2021-07-04 23:21:50 63      MUSA_BBG001Z0Q6T5_2021-03-24
2021-07-04 23:21:50 64      MXIM_BBG000BPNP00_2021-03-24
2021-07-04 23:21:50 68      MXL_BBG000BB6R33_2021-03-24
2021-07-04 23:21:50 69      MYGN_BBG000D9H9F1_2021-03-24
2021-07-04 23:21:50 72      MYRG_BBG000BC7VW9_2021-03-24
2021-07-04 23:21:50 73      NARI_BBG009J8K7M0_2021-03-24
2021-07-04 23:21:50 75      NATI_BBG000DZK6N6_2021-03-24
2021-07-04 23:21:50 76      NAVI_BBG004MN1R41_2021-03-24
2021-07-04 23:21:50 78      NBIX_BBG000GJS7C1_2021-03-24
2021-07-04 23:21:50 80      NCBS_BBG000QK0TG5_2021-03-24
2021-07-04 23:21:50 81      NCR_BBG000BMXK89_2021-03-24
2021-07-04 23:21:50 82      NDAQ_BBG000F5VVB6_2021-03-24
2021-07-04 23:21:50 84      NDSN_BBG000BPWGR1_2021-03-24
2021-07-04 23:21:50 86      NEE_BBG000BJSBJ0_2021-03-24
2021-07-04 23:21:50 92      NEM_BBG000BPWXK1_2021-03-24
2021-07-04 23:21:50 96      NEO_BBG000BKH263_2021-03-24
2021-07-04 23:21:50 97      NEOG_BBG000C1BCK2_2021-03-24
2021-07-04 23:21:50 98      NET_BBG001WMKHH5_2021-03-24
2021-07-04 23:21:51 02      NEU_BBG000BJ5SS8_2021-03-24
2021-07-04 23:21:51 03      NEWR_BBG001NFKJ68_2021-03-24
2021-07-04 23:21:51 04      NFLX_BBG000CL9VN6_2021-03-24
2021-07-04 23:21:51 12      NGVT_BBG009LM28K6_2021-03-24
2021-07-04 23:21:51 13      NJR_BBG000BPZVW9_2021-03-24
2021-07-04 23:21:51 14      NKE_BBG000C5HS04_2021-03-24
2021-07-04 23:21:51 21      NKTR_BBG000BHCYJ1_2021-03-24
2021-07-04 23:21:51 22      NLOK_BBG000BH2JM1_2021-03-24
2021-07-04 23:21:51 24      NLSN_BBG0088CYPX8_2021-03-24
2021-07-04 23:21:51 26      NMIH_BBG005DLMMZ6_2021-03-24
2021-07-04 23:21:51 27      NOC_BBG000BQ2C28_2021-03-24
2021-07-04 23:21:51 29      NOK_BBG000BNGBW9_2021-03-24
2021-07-04 23:21:51 35      NOV_BBG000BJX8C8_2021-03-24
2021-07-04 23:21:51 38      NOW_BBG000M1R011_2021-03-24
2021-07-04 23:21:51 40      NP_BBG000QCQ764_2021-03-24
2021-07-04 23:21:51 41      NPK_BBG000BQ4GG2_2021-03-24
2021-07-04 23:21:51 42      NRG_BBG000D8RG11_2021-03-24
2021-07-04 23:21:51 46      NSC_BBG000BQ5DS5_2021-03-24
2021-07-04 23:21:51 48      NSP_BBG000BJ41X2_2021-03-24
2021-07-04 23:21:51 49      NTAP_BBG000FP1N32_2021-03-24
2021-07-04 23:21:51 52      NTCO_BBG00R4ZKPN5_2021-03-24
2021-07-04 23:21:51 53      NTCT_BBG000C136Z8_2021-03-24
2021-07-04 23:21:51 54      NTES_BBG000BX72V8_2021-03-24
2021-07-04 23:21:51 57      NTGR_BBG000C4GBR6_2021-03-24
2021-07-04 23:21:51 59      NTLA_BBG007KC7PB0_2021-03-24
2021-07-04 23:21:51 61      NTNX_BBG001NDW1Z7_2021-03-24
2021-07-04 23:21:51 65      NTRA_BBG001J1BQ86_2021-03-24
2021-07-04 23:21:51 66      NTRS_BBG000BQ74K1_2021-03-24
2021-07-04 23:21:51 68      NTUS_BBG000DPZHS3_2021-03-24
2021-07-04 23:21:51 70      NUE_BBG000BQ8KV2_2021-03-24
2021-07-04 23:21:51 72      NUS_BBG000HG21Y3_2021-03-24
2021-07-04 23:21:51 73      NUVA_BBG000LNL298_2021-03-24
2021-07-04 23:21:51 75      NVDA_BBG000BBJQV0_2021-03-24
2021-07-04 23:21:51 86      NVEE_BBG005BT60Y8_2021-03-24
2021-07-04 23:21:51 88      NVR_BBG000BQBYR3_2021-03-24
2021-07-04 23:21:51 89      NVRO_BBG001K61W36_2021-03-24
2021-07-04 23:21:51 89      NVTA_BBG005DJFD43_2021-03-24
2021-07-04 23:21:51 93      NWE_BBG000Q1NMJ4_2021-03-24
2021-07-04 23:21:51 94      NWL_BBG000BQC9V2_2021-03-24
2021-07-04 23:21:51 96      NWLI_BBG008HNHZ07_2021-03-24
2021-07-04 23:21:51 97      NWS_BBG0035M2ZB7_2021-03-24
2021-07-04 23:21:51 98      NWSA_BBG0035LY913_2021-03-24
2021-07-04 23:21:52 01      NXPI_BBG000BND699_2021-03-24
2021-07-04 23:21:52 04      NXST_BBG000DZJVH0_2021-03-24
2021-07-04 23:21:52 06      NYT_BBG000FFC0B3_2021-03-24
2021-07-04 23:21:52 07      O_BBG000DHPN63_2021-03-24
2021-07-04 23:21:52 11      OC_BBG000M44VW8_2021-03-24
2021-07-04 23:21:52 12      ODFL_BBG000CHSS88_2021-03-24
2021-07-04 23:21:52 14      OFIX_BBG000G1C210_2021-03-24
2021-07-04 23:21:52 15      OHI_BBG000BGBTC2_2021-03-24
2021-07-04 23:21:52 16      OI_BBG00R2JZG39_2021-03-24
2021-07-04 23:21:52 18      OII_BBG000CPBCL8_2021-03-24
2021-07-04 23:21:52 20      OIS_BBG000BDDN94_2021-03-24
2021-07-04 23:21:52 22      OKE_BBG000BQHGR6_2021-03-24
2021-07-04 23:21:52 24      OKTA_BBG001YV1SM4_2021-03-24
2021-07-04 23:21:52 27      OLED_BBG000BLRP41_2021-03-24
2021-07-04 23:21:52 28      OLLI_BBG0098VVDT9_2021-03-24
2021-07-04 23:21:52 30      OMC_BBG000BS9489_2021-03-24
2021-07-04 23:21:52 32      OMCL_BBG000BTNGZ4_2021-03-24
2021-07-04 23:21:52 33      ON_BBG000DV7MX4_2021-03-24
2021-07-04 23:21:52 39      ONTO_BBG000BPRN29_2021-03-24
2021-07-04 23:21:52 40      ORCL_BBG000BQLTW7_2021-03-24
2021-07-04 23:21:52 44      ORLY_BBG000BGYWY6_2021-03-24
2021-07-04 23:21:52 46      OSIS_BBG000BWPR54_2021-03-24
2021-07-04 23:21:52 47      OSK_BBG000CC53X1_2021-03-24
2021-07-04 23:21:52 49      OSUR_BBG000J3D1Y8_2021-03-24
2021-07-04 23:21:52 50      OTIS_BBG00RP60KV0_2021-03-24
2021-07-04 23:21:52 52      OVV_BBG00R2NHQ65_2021-03-24
2021-07-04 23:21:52 53      OVV: SPYKE!. Candle: ID:3086, Time: 20:10, Close: 24.7
2021-07-04 23:21:52 54      OXY_BBG000BQQ2S6_2021-03-24
2021-07-04 23:21:52 59      PAGS_BBG00JM7QBR6_2021-03-24
2021-07-04 23:21:52 61      PANW_BBG0014GJCT9_2021-03-24
2021-07-04 23:21:52 63      PATK_BBG000BQSBB2_2021-03-24
2021-07-04 23:21:52 64      PAYC_BBG0064N0ZZ5_2021-03-24
2021-07-04 23:21:52 66      PB_BBG000BHY4D9_2021-03-24
2021-07-04 23:21:52 67      PBCT_BBG000BQT4L6_2021-03-24
2021-07-04 23:21:52 69      PBF_BBG002832GV8_2021-03-24
2021-07-04 23:21:52 72      PBH_BBG000QM0RZ4_2021-03-24
2021-07-04 23:21:52 73      PBI_BBG000BQTMJ9_2021-03-24
2021-07-04 23:21:52 74      PBI: SPYKE!. Candle: ID:71, Time: 8:00, Close: 8.85
2021-07-04 23:21:52 76      PCAR_BBG000BQVTF5_2021-03-24
2021-07-04 23:21:52 78      PCG_BBG000BQWPC5_2021-03-24
2021-07-04 23:21:52 81      PCRX_BBG0018FQNS6_2021-03-24
2021-07-04 23:21:52 83      PCTY_BBG006598YS8_2021-03-24
2021-07-04 23:21:52 85      PD_BBG0043BYPB8_2021-03-24
2021-07-04 23:21:52 86      PDCO_BBG000BQY289_2021-03-24
2021-07-04 23:21:52 88      PEAK_BBG000BKYDP9_2021-03-24
2021-07-04 23:21:52 90      PEG_BBG000BQZMH4_2021-03-24
2021-07-04 23:21:52 92      PEGA_BBG000H1RYG7_2021-03-24
2021-07-04 23:21:52 94      PEN_BBG001BP92V1_2021-03-24
2021-07-04 23:21:52 95      PEP_BBG000DH7JK6_2021-03-24
2021-07-04 23:21:53 02      PETQ_BBG00H1CY328_2021-03-24
2021-07-04 23:21:53 03      PFE_BBG000BR2B91_2021-03-24
2021-07-04 23:21:53 09      PFG_BBG000NSCNT7_2021-03-24
2021-07-04 23:21:53 13      PFGC_BBG009XW2WB8_2021-03-24
2021-07-04 23:21:53 14      PFPT_BBG000RQ2GY7_2021-03-24
2021-07-04 23:21:53 15      PG_BBG000BR2TH3_2021-03-24
2021-07-04 23:21:53 22      PGNY_BBG002H1K1H1_2021-03-24
2021-07-04 23:21:53 24      PGR_BBG000BR37X2_2021-03-24
2021-07-04 23:21:53 28      PGTI_BBG000FX3Y66_2021-03-24
2021-07-04 23:21:53 29      PH_BBG000BR3KL6_2021-03-24
2021-07-04 23:21:53 30      PHM_BBG000BR54L0_2021-03-24
2021-07-04 23:21:53 33      PII_BBG000D5S4M0_2021-03-24
2021-07-04 23:21:53 34      PINC_BBG000G7QX50_2021-03-24
2021-07-04 23:21:53 35      PINS_BBG002583CV8_2021-03-24
2021-07-04 23:21:53 41      PIPR_BBG000FQXC75_2021-03-24
2021-07-04 23:21:53 42      PKG_BBG000BB8SW7_2021-03-24
2021-07-04 23:21:53 43      PKI_BBG000FXW512_2021-03-24
2021-07-04 23:21:53 44      PLAN_BBG002DZS299_2021-03-24
2021-07-04 23:21:53 47      PLAY_BBG001WWJTK5_2021-03-24
2021-07-04 23:21:53 51      PLCE_BBG000JK9DK4_2021-03-24
2021-07-04 23:21:53 53      PLD_BBG000B9Z0J8_2021-03-24
2021-07-04 23:21:53 55      PLNT_BBG009H04M17_2021-03-24
2021-07-04 23:21:53 57      PLTR_BBG000N7QR55_2021-03-24
2021-07-04 23:21:53 69      PLUS_BBG000HN7W02_2021-03-24
2021-07-04 23:21:53 70      PLXS_BBG000BRBX66_2021-03-24
2021-07-04 23:21:53 70      PM_BBG000J2XL74_2021-03-24
2021-07-04 23:21:53 74      PNC_BBG000BRD0D8_2021-03-24
2021-07-04 23:21:53 77      PNFP_BBG000C1XKF6_2021-03-24
2021-07-04 23:21:53 78      PNTG_BBG00P33SY72_2021-03-24
2021-07-04 23:21:53 79      PODD_BBG000R7XX87_2021-03-24
2021-07-04 23:21:53 81      POOL_BBG000BCVG28_2021-03-24
2021-07-04 23:21:53 82      POR_BBG000BCRMW7_2021-03-24
2021-07-04 23:21:53 83      POST_BBG001WTBC36_2021-03-24
2021-07-04 23:21:53 84      POWI_BBG000BTT3D1_2021-03-24
2021-07-04 23:21:53 86      PPC_BBG000BFLXV3_2021-03-24
2021-07-04 23:21:53 87      PPG_BBG000BRJ809_2021-03-24
2021-07-04 23:21:53 88      PPL_BBG000BRJL00_2021-03-24
2021-07-04 23:21:53 91      PRAA_BBG000BNTW77_2021-03-24
2021-07-04 23:21:53 92      PRAH_BBG007387YL8_2021-03-24
2021-07-04 23:21:53 93      PRFT_BBG000BVXFK6_2021-03-24
2021-07-04 23:21:53 95      PRG_BBG00VSH86G4_2021-03-24
2021-07-04 23:21:53 96      PRGS_BBG000C4QP94_2021-03-24
2021-07-04 23:21:53 97      PRI_BBG000T8ZF80_2021-03-24
2021-07-04 23:21:53 98      PRLB_BBG000BT13B3_2021-03-24
2021-07-04 23:21:54 00      PRSP_BBG00KMXKWF9_2021-03-24
2021-07-04 23:21:54 01      PRU_BBG000HCJMF9_2021-03-24
2021-07-04 23:21:54 03      PSA_BBG000BPPN67_2021-03-24
2021-07-04 23:21:54 05      PSN_BBG000C3TKY6_2021-03-24
2021-07-04 23:21:54 06      PSTG_BBG00212PVZ5_2021-03-24
2021-07-04 23:21:54 10      PSX_BBG00286S4N9_2021-03-24
2021-07-04 23:21:54 14      PTC_BBG000C2VBB0_2021-03-24
2021-07-04 23:21:54 15      PTCT_BBG000QT15P7_2021-03-24
2021-07-04 23:21:54 16      PTON_BBG00JG0FFZ2_2021-03-24
2021-07-04 23:21:54 25      PTR_BBG000BR85F1_2021-03-24
2021-07-04 23:21:54 26      PUMP_BBG00FYCQ352_2021-03-24
2021-07-04 23:21:54 28      PVH_BBG000BRRG02_2021-03-24
2021-07-04 23:21:54 31      PWR_BBG000BBL8V7_2021-03-24
2021-07-04 23:21:54 33      PXD_BBG000BXRPH1_2021-03-24
2021-07-04 23:21:54 35      PYPL_BBG0077VNXV6_2021-03-24
2021-07-04 23:21:54 45      PZZA_BBG000BFWF13_2021-03-24
2021-07-04 23:21:54 47      QADA_BBG001BP77C3_2021-03-24
2021-07-04 23:21:54 48      QCOM_BBG000CGC1X8_2021-03-24
2021-07-04 23:21:54 61      QDEL_BBG000C6GN04_2021-03-24
2021-07-04 23:21:54 66      QLYS_BBG000HT5G06_2021-03-24
2021-07-04 23:21:54 68      QNST_BBG000S9XXB8_2021-03-24
2021-07-04 23:21:54 69      QRTEA_BBG000PCQQL6_2021-03-24
2021-07-04 23:21:54 72      QRVO_BBG007TJF1N7_2021-03-24
2021-07-04 23:21:54 75      QTS_BBG0054B20Z8_2021-03-24
2021-07-04 23:21:54 76      QTWO_BBG005ZVK9P2_2021-03-24
2021-07-04 23:21:54 77      QUOT_BBG001QYNR63_2021-03-24
2021-07-04 23:21:54 78      R_BBG000BRVP70_2021-03-24
2021-07-04 23:21:54 79      RACE_BBG009PH3Q86_2021-03-24
2021-07-04 23:21:54 80      RAMP_BBG000BB4HM6_2021-03-24
2021-07-04 23:21:54 81      RARE_BBG001RWPDW6_2021-03-24
2021-07-04 23:21:54 83      RAVN_BBG000CXQTZ3_2021-03-24
2021-07-04 23:21:54 85      RBC_BBG000BRXTR8_2021-03-24
2021-07-04 23:21:54 86      RCL_BBG000BB5792_2021-03-24
2021-07-04 23:21:54 92      RDFN_BBG001Q7HP63_2021-03-24
2021-07-04 23:21:54 95      RDS.A_BBG000QXSSS6_2021-03-24
2021-07-04 23:21:54 99      RDY_BBG000NJ96L6_2021-03-24
2021-07-04 23:21:55 00      RE_BBG000C1XVK6_2021-03-24
2021-07-04 23:21:55 01      REG_BBG000BL46Q4_2021-03-24
2021-07-04 23:21:55 04      REGI_BBG0016SSV00_2021-03-24
2021-07-04 23:21:55 06      REGN_BBG000C734W3_2021-03-24
2021-07-04 23:21:55 11      RETA_BBG000R33BD1_2021-03-24
2021-07-04 23:21:55 12      RETA: SPYKE!. Candle: ID:2456, Time: 20:00, Close: 99.9
2021-07-04 23:21:55 13      REX_BBG000D2ZK61_2021-03-24
2021-07-04 23:21:55 14      REZI_BBG00HY28K89_2021-03-24
2021-07-04 23:21:55 15      RF_BBG000Q3JN03_2021-03-24
2021-07-04 23:21:55 18      RGA_BBG000BDLCQ0_2021-03-24
2021-07-04 23:21:55 20      RGEN_BBG000BS48J3_2021-03-24
2021-07-04 23:21:55 21      RGLD_BBG000BS5170_2021-03-24
2021-07-04 23:21:55 23      RGNX_BBG007Z9V591_2021-03-24
2021-07-04 23:21:55 25      RGR_BBG000C4FQG6_2021-03-24
2021-07-04 23:21:55 26      RH_BBG002293PJ4_2021-03-24
2021-07-04 23:21:55 27      RHI_BBG000BS5DR2_2021-03-24
2021-07-04 23:21:55 29      RIG_BBG000BH5LT6_2021-03-24
2021-07-04 23:21:55 38      RJF_BBG000BS73J1_2021-03-24
2021-07-04 23:21:55 40      RL_BBG000BS0ZF1_2021-03-24
2021-07-04 23:21:55 42      RMD_BBG000L4M7F1_2021-03-24
2021-07-04 23:21:55 43      RNG_BBG000J094P3_2021-03-24
2021-07-04 23:21:55 45      ROCK_BBG000BKQDQ7_2021-03-24
2021-07-04 23:21:55 47      ROG_BBG000BS9HN3_2021-03-24
2021-07-04 23:21:55 48      ROK_BBG000BBCDZ2_2021-03-24
2021-07-04 23:21:55 49      ROKU_BBG001ZZPQJ6_2021-03-24
2021-07-04 23:21:55 56      ROL_BBG000BSBBP1_2021-03-24
2021-07-04 23:21:55 58      ROLL_BBG000GMGNB3_2021-03-24
2021-07-04 23:21:55 59      ROP_BBG000F1ZSN5_2021-03-24
2021-07-04 23:21:55 61      ROST_BBG000BSBZH7_2021-03-24
2021-07-04 23:21:55 63      RPD_BBG009DFHWG6_2021-03-24
2021-07-04 23:21:55 65      RPM_BBG000DCNK80_2021-03-24
2021-07-04 23:21:55 67      RRBI_BBG000QKNLB2_2021-03-24
2021-07-04 23:21:55 67      RRC_BBG000FVXD63_2021-03-24
2021-07-04 23:21:55 69      RRGB_BBG000MXH9C1_2021-03-24
2021-07-04 23:21:55 70      RRGB: SPYKE!. Candle: ID:2188, Time: 21:35, Close: 36.23
2021-07-04 23:21:55 70      RS_BBG000CJ2181_2021-03-24
2021-07-04 23:21:55 72      RSG_BBG000BPXVJ6_2021-03-24
2021-07-04 23:21:55 74      RTX_BBG000BW8S60_2021-03-24
2021-07-04 23:21:55 78      RVLV_BBG00M4RHBD0_2021-03-24
2021-07-04 23:21:55 79      RVLV: SPYKE!. Candle: ID:2081, Time: 21:35, Close: 47.51
2021-07-04 23:21:55 80      RXN_BBG000H8R0N8_2021-03-24
2021-07-04 23:21:55 81      RYN_BBG000BG7L34_2021-03-24
2021-07-04 23:21:55 82      RYTM_BBG007DLZ601_2021-03-24
2021-07-04 23:21:55 84      SAFM_BBG000BSHJ96_2021-03-24
2021-07-04 23:21:55 85      SAGE_BBG0025X16Y5_2021-03-24
2021-07-04 23:21:55 87      SAIA_BBG000P5LMQ0_2021-03-24
2021-07-04 23:21:55 88      SAIC_BBG003BW05K6_2021-03-24
2021-07-04 23:21:55 89      SAIL_BBG00J0BBZL0_2021-03-24
2021-07-04 23:21:55 91      SAM_BBG000BCZBF1_2021-03-24
2021-07-04 23:21:55 91      SAVE_BBG000BF6RQ9_2021-03-24
2021-07-04 23:21:55 96      SAVE: SPYKE!. Candle: ID:5856, Time: 20:00, Close: 35.8
2021-07-04 23:21:55 97      SBAC_BBG000D2M0Z7_2021-03-24
2021-07-04 23:21:55 98      SBCF_BBG000KK3464_2021-03-24
2021-07-04 23:21:56 00      SBGI_BBG000F2XXP2_2021-03-24
2021-07-04 23:21:56 01      SBH_BBG000LR8515_2021-03-24
2021-07-04 23:21:56 03      SBRA_BBG000MTDW24_2021-03-24
2021-07-04 23:21:56 05      SBUX_BBG000CTQBF3_2021-03-24
2021-07-04 23:21:56 11      SCCO_BBG000BSHH72_2021-03-24
2021-07-04 23:21:56 14      SCHW_BBG000BSLZY7_2021-03-24
2021-07-04 23:21:56 20      SCI_BBG000BTHH16_2021-03-24
2021-07-04 23:21:56 21      SCSC_BBG000BHTPZ4_2021-03-24
2021-07-04 23:21:56 22      SDGR_BBG000T88BN2_2021-03-24
2021-07-04 23:21:56 26      SEDG_BBG0084BBZY6_2021-03-24
2021-07-04 23:21:56 28      SEE_BBG000C22QV7_2021-03-24
2021-07-04 23:21:56 33      SEIC_BBG000BSQLT9_2021-03-24
2021-07-04 23:21:56 35      SERV_TCS002WMH2F2_2021-03-24
2021-07-04 23:21:56 35      SF_BBG000BSS5C0_2021-03-24
2021-07-04 23:21:56 37      SFIX_BBG0046L1KL9_2021-03-24
2021-07-04 23:21:56 42      SFM_BBG001KFKQM7_2021-03-24
2021-07-04 23:21:56 45      SGEN_BBG000BH0FR6_2021-03-24
2021-07-04 23:21:56 51      SHAK_BBG0063GCHH8_2021-03-24
2021-07-04 23:21:56 53      SHEN_BBG000BTC2N0_2021-03-24
2021-07-04 23:21:56 54      SHI_BBG000BHR1H9_2021-03-24
2021-07-04 23:21:56 55      SHW_BBG000BSXQV7_2021-03-24
2021-07-04 23:21:56 57      SIG_BBG000C4ZZ10_2021-03-24
2021-07-04 23:21:56 61      SIGI_BBG000BSZ738_2021-03-24
2021-07-04 23:21:56 62      SITE_BBG009T22D49_2021-03-24
2021-07-04 23:21:56 63      SIVB_BBG000BT0CM2_2021-03-24
2021-07-04 23:21:56 65      SJI_BBG000BT0T72_2021-03-24
2021-07-04 23:21:56 67      SJM_BBG000BT1715_2021-03-24
2021-07-04 23:21:56 69      SKM_BBG000BLN497_2021-03-24
2021-07-04 23:21:56 70      SKX_BBG000C4HKK2_2021-03-24
2021-07-04 23:21:56 73      SLAB_BBG000BB99S3_2021-03-24
2021-07-04 23:21:56 74      SLB_BBG000BT41Q8_2021-03-24
2021-07-04 23:21:56 78      SLB: SPYKE!. Candle: ID:2, Time: 7:00, Close: 26.67
2021-07-04 23:21:56 78      SLB: BuyPending. Strategy: BuyTheDipPremarket. Price: 26.67. Lots: 9. ChangeOpenToCurrent: -6.39. changeFromLow: 0.72. Candle: ID:10, Time: 7:00, Close: 26.67.
2021-07-04 23:21:56 78      SLB: OrderID: dc3c61fc. PlacedOrder. Status: New. RejectReason: 
2021-07-04 23:21:56 78      SLB: OrderID: dc3c61fc fully executed
2021-07-04 23:21:56 78      SLB: Closing. Close price: 26.7. Lots: 9. CandleChange: -0.15%. ChangeFromCandleHigh: -0.15%. Profit: 0.03(0.11%). Candle: ID:36, Time: 7:15, Close: 26.7
2021-07-04 23:21:56 78      SLB: OrderID: 093a0b34. PlacedOrder. Status: New. RejectReason: 
2021-07-04 23:21:56 78      SLB: OrderID: 093a0b34 partially executed. Executed lots: 1. OrderStatus: 1/9 lots
2021-07-04 23:21:56 78      SLB: OrderID: 093a0b34 partially executed. Executed lots: 2. OrderStatus: 3/9 lots
2021-07-04 23:21:56 78      SLB: OrderID: 093a0b34 fully executed
2021-07-04 23:21:56 80      SLG_BBG000BVP5P2_2021-03-24
2021-07-04 23:21:56 82      SMAR_BBG00GQK3WB5_2021-03-24
2021-07-04 23:21:56 84      SMG_BBG000BT5PG5_2021-03-24
2021-07-04 23:21:56 85      SMPL_BBG00GVP5JL4_2021-03-24
2021-07-04 23:21:56 87      SMTC_BBG000DBKR53_2021-03-24
2021-07-04 23:21:56 88      SNA_BBG000BT7JW9_2021-03-24
2021-07-04 23:21:56 89      SNAP_BBG00441QMJ7_2021-03-24
2021-07-04 23:21:56 98      SNBR_BBG000DM2BF3_2021-03-24
2021-07-04 23:21:57 00      SNPS_BBG000BSFRF3_2021-03-24
2021-07-04 23:21:57 03      SNX_BBG000CL9JV4_2021-03-24
2021-07-04 23:21:57 05      SNY_BBG000BBD5N1_2021-03-24
2021-07-04 23:21:57 06      SO_BBG000BT9DW0_2021-03-24
2021-07-04 23:21:57 10      SOHU_BBG00L2DB535_2021-03-24
2021-07-04 23:21:57 11      SON_BBG000D7HF89_2021-03-24
2021-07-04 23:21:57 12      SONO_BBG001JZPSQ2_2021-03-24
2021-07-04 23:21:57 15      SP_BBG000BJ91B1_2021-03-24
2021-07-04 23:21:57 16      SPB@US_BBG000DS5588_2021-03-24
2021-07-04 23:21:57 18      SPCE_BBG00HTN2CQ3_2021-03-24
2021-07-04 23:21:57 42      SPG_BBG000BJ2D31_2021-03-24
2021-07-04 23:21:57 46      SPGI_BBG000BP1Q11_2021-03-24
2021-07-04 23:21:57 48      SPLK_BBG001C7TST4_2021-03-24
2021-07-04 23:21:57 53      SPOT_BBG003T4VFC2_2021-03-24
2021-07-04 23:21:57 55      SPR_BBG000PRJ2Z9_2021-03-24
2021-07-04 23:21:57 58      SPSC_BBG000PZGB75_2021-03-24
2021-07-04 23:21:57 59      SQ_BBG0018SLC07_2021-03-24
2021-07-04 23:21:57 69      SRC_BBG0027Z6X10_2021-03-24
2021-07-04 23:21:57 70      SRCL_BBG000H3FZM6_2021-03-24
2021-07-04 23:21:57 71      SRDX_BBG000BZ2QG2_2021-03-24
2021-07-04 23:21:57 72      SRE_BBG000C2ZCH8_2021-03-24
2021-07-04 23:21:57 74      SRI_BBG000BB9Q78_2021-03-24
2021-07-04 23:21:57 75      SRPT_BBG000BCJ161_2021-03-24
2021-07-04 23:21:57 80      SSD_BBG000JLC8L8_2021-03-24
2021-07-04 23:21:57 81      SSNC_BBG000RJ2J04_2021-03-24
2021-07-04 23:21:57 84      SSTK_BBG002ZCK2V9_2021-03-24
2021-07-04 23:21:57 85      STAA_BBG000C4QB95_2021-03-24
2021-07-04 23:21:57 87      STAG_BBG000BGLFP7_2021-03-24
2021-07-04 23:21:57 89      STLD_BBG000HGYNZ9_2021-03-24
2021-07-04 23:21:57 92      STMP_BBG000CZ4KF3_2021-03-24
2021-07-04 23:21:57 93      STRA_BBG000GRZDV1_2021-03-24
2021-07-04 23:21:57 95      STT_BBG000BKFBD7_2021-03-24
2021-07-04 23:21:57 97      STX_BBG000F0KF42_2021-03-24
2021-07-04 23:21:57 97      Warning: figi `BBG000F0KF42` for history data does not match actual figi `BBG0113JGQF0`. Ticker: STX. Will be used actual!
2021-07-04 23:21:58 00      STZ_BBG000J1QLT0_2021-03-24
2021-07-04 23:21:58 01      SUPN_BBG000BP0HX7_2021-03-24
2021-07-04 23:21:58 02      SWAV_BBG005XVXML5_2021-03-24
2021-07-04 23:21:58 04      SWBI_BBG000BM0QL7_2021-03-24
2021-07-04 23:21:58 06      SWCH_BBG00HPDM5Z2_2021-03-24
2021-07-04 23:21:58 08      SWI_BBG00M1CKSK7_2021-03-24
2021-07-04 23:21:58 09      SWK_BBG000BTQR96_2021-03-24
2021-07-04 23:21:58 10      SWKS_BBG000KLB4Q1_2021-03-24
2021-07-04 23:21:58 13      SWN_BBG000BTR593_2021-03-24
2021-07-04 23:21:58 16      SWX_BBG00FWP4JW4_2021-03-24
2021-07-04 23:21:58 17      SXI_BBG000BTT5B8_2021-03-24
2021-07-04 23:21:58 18      SXT_BBG000J79P80_2021-03-24
2021-07-04 23:21:58 19      SYF_BBG00658F3P3_2021-03-24
2021-07-04 23:21:58 24      SYK_BBG000DN7P92_2021-03-24
2021-07-04 23:21:58 25      SYKE_BBG000BBHPV4_2021-03-24
2021-07-04 23:21:58 26      SYNA_BBG000BQV1S2_2021-03-24
2021-07-04 23:21:58 28      SYNH_BBG0078Y1D92_2021-03-24
2021-07-04 23:21:58 29      SYY_BBG000BTVJ25_2021-03-24
2021-07-04 23:21:58 31      T_BBG000BSJK37_2021-03-24
2021-07-04 23:21:58 36      TAK_BBG000LF8708_2021-03-24
2021-07-04 23:21:58 37      TAL_BBG0016XJ8S0_2021-03-24
2021-07-04 23:21:58 40      TAP_BBG000BS7KS3_2021-03-24
2021-07-04 23:21:58 42      TCBI_BBG000DN4ZT1_2021-03-24
2021-07-04 23:21:58 43      TCBI: SPYKE!. Candle: ID:3, Time: 13:30, Close: 82.25
2021-07-04 23:21:58 44      TCMD_BBG001B12Z39_2021-03-24
2021-07-04 23:21:58 45      TCRR_BBG00FH3FM15_2021-03-24
2021-07-04 23:21:58 47      TCS_BBG005DXJS36_2021-03-24
2021-07-04 23:21:58 48      TCX_BBG000L69KL5_2021-03-24
2021-07-04 23:21:58 48      TDC_BBG000R0L5J4_2021-03-24
2021-07-04 23:21:58 51      TDG_BBG000L8CBX4_2021-03-24
2021-07-04 23:21:58 52      TDOC_BBG0019T5SG0_2021-03-24
2021-07-04 23:21:58 56      TDS_BBG000BV0VK7_2021-03-24
2021-07-04 23:21:58 58      TDY_BBG000BMT9T6_2021-03-24
2021-07-04 23:21:58 59      TECH_BBG000C15114_2021-03-24
2021-07-04 23:21:58 61      TEL_BBG000RGM5P1_2021-03-24
2021-07-04 23:21:58 62      TENB_BBG00LBLCD02_2021-03-24
2021-07-04 23:21:58 64      TER_BBG000BV4DR6_2021-03-24
2021-07-04 23:21:58 67      TFC_BBG000BYYLS8_2021-03-24
2021-07-04 23:21:58 71      TFX_BBG000BV59Y6_2021-03-24
2021-07-04 23:21:58 72      TGNA_BBG000BK5DP1_2021-03-24
2021-07-04 23:21:58 74      TGT_BBG000H8TVT2_2021-03-24
2021-07-04 23:21:58 77      THG_BBG000FJH8W0_2021-03-24
2021-07-04 23:21:58 78      THO_BBG000BV6R84_2021-03-24
2021-07-04 23:21:58 80      THRM_BBG000BQLM34_2021-03-24
2021-07-04 23:21:58 81      THS_BBG000GQGJT4_2021-03-24
2021-07-04 23:21:58 83      TJX_BBG000BV8DN6_2021-03-24
2021-07-04 23:21:58 87      TKR_BBG000BV95H9_2021-03-24
2021-07-04 23:21:58 88      TMHC_BBG003PGJHP5_2021-03-24
2021-07-04 23:21:58 89      TMO_BBG000BVDLH9_2021-03-24
2021-07-04 23:21:58 92      TMUS_BBG000NDV1D4_2021-03-24
2021-07-04 23:21:58 96      TMX_BBG002WMH2F2_2021-03-24
2021-07-04 23:21:58 97      TNC_BBG000JCZJS2_2021-03-24
2021-07-04 23:21:58 98      TNDM_BBG0019V9M65_2021-03-24
2021-07-04 23:21:58 99      TNET_BBG000BR2040_2021-03-24
2021-07-04 23:21:59 00      TOL_BBG000BVHBM1_2021-03-24
2021-07-04 23:21:59 03      TOT_BBG000CHZ857_2021-03-24
2021-07-04 23:21:59 03      Warning: figi `BBG000CHZ857` for history data does not match actual figi `IZHBULDINKDK`. Ticker: TOT. Will be used actual!
2021-07-04 23:21:59 06      TPH_BBG0016YQTR5_2021-03-24
2021-07-04 23:21:59 07      TPIC_BBG0016MQ7C5_2021-03-24
2021-07-04 23:21:59 08      TPIC: SPYKE!. Candle: ID:2924, Time: 20:25, Close: 46.93
2021-07-04 23:21:59 09      TPR_BBG000BY29C7_2021-03-24
2021-07-04 23:21:59 12      TPTX_BBG00NPL9WH7_2021-03-24
2021-07-04 23:21:59 13      TPX_BBG000PXGT62_2021-03-24
2021-07-04 23:21:59 15      TREE_BBG000TVRB50_2021-03-24
2021-07-04 23:21:59 17      TREX_BBG000BTGKK9_2021-03-24
2021-07-04 23:21:59 18      TRHC_BBG00BT7PPY8_2021-03-24
2021-07-04 23:21:59 19      TRIP_BBG001M8HHB7_2021-03-24
2021-07-04 23:21:59 25      TRMB_BBG000BNPS52_2021-03-24
2021-07-04 23:21:59 28      TROW_BBG000BVMPN3_2021-03-24
2021-07-04 23:21:59 31      TRU_BBG002Q7J5Z1_2021-03-24
2021-07-04 23:21:59 32      TRUP_BBG002BC7WC5_2021-03-24
2021-07-04 23:21:59 34      TRV_BBG000BJ81C1_2021-03-24
2021-07-04 23:21:59 36      TSCO_BBG000BLXZN1_2021-03-24
2021-07-04 23:21:59 38      TSLA_BBG000N9MNX3_2021-03-24
2021-07-04 23:21:59 97      TSM_BBG000BD8ZK0_2021-03-24
2021-07-04 23:22:00 13      TSN_BBG000DKCC19_2021-03-24
2021-07-04 23:22:00 16      TSS_BBG000C1JTL6_2021-03-24
2021-07-04 23:22:00 17      TT_BBG000BM6788_2021-03-24
2021-07-04 23:22:00 19      TTC_BBG000BVQRY3_2021-03-24
2021-07-04 23:22:00 21      TTD_BBG00629NGT2_2021-03-24
2021-07-04 23:22:00 26      TTEK_BBG000BYZ0Q5_2021-03-24
2021-07-04 23:22:00 27      TTM_BBG000PVGDH9_2021-03-24
2021-07-04 23:22:00 28      TTMI_BBG000BYQ0B1_2021-03-24
2021-07-04 23:22:00 30      TTWO_BBG000BS1YV5_2021-03-24
2021-07-04 23:22:00 32      TW_BBG00NK8H8T2_2021-03-24
2021-07-04 23:22:00 33      TWLO_BBG0029ZX840_2021-03-24
2021-07-04 23:22:00 36      TWNK_BBG00B6KGNN1_2021-03-24
2021-07-04 23:22:00 37      TWOU_BBG001KS9450_2021-03-24
2021-07-04 23:22:00 41      TWTR_BBG000H6HNW3_2021-03-24
2021-07-04 23:22:00 51      TXG_BBG007WX14X0_2021-03-24
2021-07-04 23:22:00 53      TXN_BBG000BVV7G1_2021-03-24
2021-07-04 23:22:00 60      TXRH_BBG000PSJMV7_2021-03-24
2021-07-04 23:22:00 62      TXT_BBG000BVVQQ8_2021-03-24
2021-07-04 23:22:00 63      TYL_BBG000BVWZF9_2021-03-24
2021-07-04 23:22:00 65      UA_BBG009DTD8H2_2021-03-24
2021-07-04 23:22:00 66      UAA_BBG000BXM6V2_2021-03-24
2021-07-04 23:22:00 69      UAL_BBG000M65M61_2021-03-24
2021-07-04 23:22:00 82      UBER_BBG002B04MT8_2021-03-24
2021-07-04 23:22:00 88      UCTT_BBG000HSLV70_2021-03-24
2021-07-04 23:22:00 91      UDR_BBG000C41023_2021-03-24
2021-07-04 23:22:00 93      UFPI_BBG000BL0T06_2021-03-24
2021-07-04 23:22:00 94      UFS_BBG000BHFHP8_2021-03-24
2021-07-04 23:22:00 95      UGI_BBG000BVYN55_2021-03-24
2021-07-04 23:22:00 96      UHS_BBG000CB8Q50_2021-03-24
2021-07-04 23:22:00 97      UI_BBG001R72SR9_2021-03-24
2021-07-04 23:22:00 98      ULTA_BBG00FWQ4VD6_2021-03-24
2021-07-04 23:22:01 01      UMBF_BBG000DD8WX1_2021-03-24
2021-07-04 23:22:01 03      UNF_BBG000BW29L1_2021-03-24
2021-07-04 23:22:01 03      UNH_BBG000CH5208_2021-03-24
2021-07-04 23:22:01 06      UNM_BBG000BW2QX0_2021-03-24
2021-07-04 23:22:01 08      UNP_BBG000BW3299_2021-03-24
2021-07-04 23:22:01 11      UNVR_BBG000BDHD29_2021-03-24
2021-07-04 23:22:01 13      UPS_BBG000L9CV04_2021-03-24
2021-07-04 23:22:01 16      UPWK_BBG00FBJ6390_2021-03-24
2021-07-04 23:22:01 19      URBN_BBG000BL79J3_2021-03-24
2021-07-04 23:22:01 21      URI_BBG000BXMFC3_2021-03-24
2021-07-04 23:22:01 22      USB_BBG000FFDM15_2021-03-24
2021-07-04 23:22:01 27      USFD_BBG00C6H6D40_2021-03-24
2021-07-04 23:22:01 28      USM_BBG000BW6P59_2021-03-24
2021-07-04 23:22:01 30      USNA_BBG000BX28M0_2021-03-24
2021-07-04 23:22:01 31      USPH_BBG000CSRSG6_2021-03-24
2021-07-04 23:22:01 32      UTHR_BBG000BV4XJ1_2021-03-24
2021-07-04 23:22:01 33      UTL_BBG000BW7X97_2021-03-24
2021-07-04 23:22:01 34      UTX_BBG0089KM290_2021-03-24
2021-07-04 23:22:01 34      V_BBG000PSKYX7_2021-03-24
2021-07-04 23:22:01 41      VAC_BBG001J2R5H3_2021-03-24
2021-07-04 23:22:01 42      VALE_BBG000BN5LG7_2021-03-24
2021-07-04 23:22:01 46      VC_BBG0016T3GQ0_2021-03-24
2021-07-04 23:22:01 48      VCEL_BBG000BDCM24_2021-03-24
2021-07-04 23:22:01 50      VCRA_BBG00179VSY7_2021-03-24
2021-07-04 23:22:01 51      VCYT_BBG001J2M542_2021-03-24
2021-07-04 23:22:01 53      VEEV_BBG001CGB489_2021-03-24
2021-07-04 23:22:01 56      VEON_BBG000QCW561_2021-03-24
2021-07-04 23:22:01 61      VFC_BBG000BWCKB6_2021-03-24
2021-07-04 23:22:01 65      VG_BBG000BRB5D9_2021-03-24
2021-07-04 23:22:01 67      VIAC_BBG000C496P7_2021-03-24
2021-07-04 23:22:01 85      VIAC: SPYKE!. Candle: ID:67, Time: 7:20, Close: 85
2021-07-04 23:22:01 85      VIAC: BuyPending. Strategy: BuyTheDipPremarket. Price: 83.51. Lots: 2. ChangeOpenToCurrent: -4.64. changeFromLow: 1.51. Candle: ID:277, Time: 8:00, Close: 83.51.
2021-07-04 23:22:01 85      VIAC: OrderID: b794e6af. PlacedOrder. Status: New. RejectReason: 
2021-07-04 23:22:01 85      VIAC: Cancel order. Did not bought. Candle: ID:290, Time: 8:05, Close: 84.48
2021-07-04 23:22:01 85      OrderID: b794e6af successfully canceled
2021-07-04 23:22:02 00      VICR_BBG000C3VHF1_2021-03-24
2021-07-04 23:22:02 01      VIE_BBG00K6P5XM1_2021-03-24
2021-07-04 23:22:02 02      VIPS_BBG002NLDLV8_2021-03-24
2021-07-04 23:22:02 12      VIR_BBG00H2QQ8T5_2021-03-24
2021-07-04 23:22:02 14      VIR: SPYKE!. Candle: ID:13, Time: 7:10, Close: 51.06
2021-07-04 23:22:02 15      VLO_BBG000BBGGQ1_2021-03-24
2021-07-04 23:22:02 18      VMC_BBG000BWGYF8_2021-03-24
2021-07-04 23:22:02 20      VMI_BBG000BWB7V4_2021-03-24
2021-07-04 23:22:02 21      VMW_BBG000BC9938_2021-03-24
2021-07-04 23:22:02 24      VNDA_BBG000HT5MG6_2021-03-24
2021-07-04 23:22:02 26      VNE_BBG00K4MPP27_2021-03-24
2021-07-04 23:22:02 28      VNO_BBG000BWHD54_2021-03-24
2021-07-04 23:22:02 31      VNT_BBG00RRGSJR4_2021-03-24
2021-07-04 23:22:02 32      VPG_BBG000PRQ0V9_2021-03-24
2021-07-04 23:22:02 33      VREX_BBG00CZNLR47_2021-03-24
2021-07-04 23:22:02 36      VRNS_BBG001Y04TN6_2021-03-24
2021-07-04 23:22:02 40      VRNT_BBG000BCBYT2_2021-03-24
2021-07-04 23:22:02 42      VRSK_BBG000BCZL41_2021-03-24
2021-07-04 23:22:02 45      VRSN_BBG000BGKHZ3_2021-03-24
2021-07-04 23:22:02 47      VRTS_BBG000DMFQS2_2021-03-24
2021-07-04 23:22:02 49      VRTV_BBG005XZHR97_2021-03-24
2021-07-04 23:22:02 50      VRTX_BBG000C1S2X2_2021-03-24
2021-07-04 23:22:02 53      VTR_BBG000FRVHB9_2021-03-24
2021-07-04 23:22:02 56      VTRS_BBG00Y4RQNH4_2021-03-24
2021-07-04 23:22:02 59      VZ_BBG000HS77T5_2021-03-24
2021-07-04 23:22:02 63      W_BBG001B17MV2_2021-03-24
2021-07-04 23:22:02 66      WAB_BBG000BDD940_2021-03-24
2021-07-04 23:22:02 68      WAL_BBG000Q1KFH4_2021-03-24
2021-07-04 23:22:02 69      WAT_BBG000FQRVM3_2021-03-24
2021-07-04 23:22:02 70      WB_BBG0065XPGX9_2021-03-24
2021-07-04 23:22:02 74      WBA_BBG000BWLMJ4_2021-03-24
2021-07-04 23:22:02 78      WCC_BBG000D0FNV3_2021-03-24
2021-07-04 23:22:02 80      WDAY_BBG000VC0T95_2021-03-24
2021-07-04 23:22:02 83      WDC_BBG000BWNFZ9_2021-03-24
2021-07-04 23:22:02 88      WDFC_BBG000BWNV93_2021-03-24
2021-07-04 23:22:02 89      WEC_BBG000BWP7D9_2021-03-24
2021-07-04 23:22:02 92      WELL_BBG000BKY1G5_2021-03-24
2021-07-04 23:22:02 94      WERN_BBG000BWPP85_2021-03-24
2021-07-04 23:22:02 96      WEX_BBG000BVZP59_2021-03-24
2021-07-04 23:22:02 97      WFC_BBG000BWQFY7_2021-03-24
2021-07-04 23:22:03 03      WGO_BBG000BWS3F3_2021-03-24
2021-07-04 23:22:03 05      WH_BBG00HCY3Q67_2021-03-24
2021-07-04 23:22:03 06      WHD_BBG00JRH1P95_2021-03-24
2021-07-04 23:22:03 08      WHR_BBG000BWSV34_2021-03-24
2021-07-04 23:22:03 09      WING_BBG008N298Y8_2021-03-24
2021-07-04 23:22:03 11      WK_BBG007BVZ8H9_2021-03-24
2021-07-04 23:22:03 13      WLK_BBG000PXZFW2_2021-03-24
2021-07-04 23:22:03 14      WLTW_BBG000DB3KT1_2021-03-24
2021-07-04 23:22:03 17      WM_BBG000BWVSR1_2021-03-24
2021-07-04 23:22:03 20      WMB_BBG000BWVCP8_2021-03-24
2021-07-04 23:22:03 23      WMT_BBG000BWXBC2_2021-03-24
2021-07-04 23:22:03 29      WOR_BBG000HL7499_2021-03-24
2021-07-04 23:22:03 31      WORK_BBG007G7V505_2021-03-24
2021-07-04 23:22:03 33      WRB_BBG000BD1HP2_2021-03-24
2021-07-04 23:22:03 34      WRK_BBG008NXC572_2021-03-24
2021-07-04 23:22:03 36      WRLD_BBG000C3G9J2_2021-03-24
2021-07-04 23:22:03 37      WSC_BBG00B0FS947_2021-03-24
2021-07-04 23:22:03 39      WSM_BBG000FSMWC3_2021-03-24
2021-07-04 23:22:03 42      WSO_BBG000DJN7L9_2021-03-24
2021-07-04 23:22:03 43      WST_BBG000BX24N8_2021-03-24
2021-07-04 23:22:03 45      WTFC_BBG000HD3DW5_2021-03-24
2021-07-04 23:22:03 46      WTS_BBG000C4Z6C2_2021-03-24
2021-07-04 23:22:03 48      WTTR_BBG00G4Y2DC1_2021-03-24
2021-07-04 23:22:03 49      WU_BBG000BB5373_2021-03-24
2021-07-04 23:22:03 52      WWD_BBG000BD53V2_2021-03-24
2021-07-04 23:22:03 54      WWE_BBG000F5YH15_2021-03-24
2021-07-04 23:22:03 55      WWW_BBG000BX2YN2_2021-03-24
2021-07-04 23:22:03 56      WY_BBG000BX3BL3_2021-03-24
2021-07-04 23:22:03 59      WYNN_BBG000LD9JQ8_2021-03-24
2021-07-04 23:22:03 63      XEC_BBG000D6L294_2021-03-24
2021-07-04 23:22:03 65      XEL_BBG000BCTQ65_2021-03-24
2021-07-04 23:22:03 69      XLNX_BBG000C0F570_2021-03-24
2021-07-04 23:22:03 74      XLRN_BBG000R5HWZ1_2021-03-24
2021-07-04 23:22:03 76      XNCR_BBG0026ZG4W0_2021-03-24
2021-07-04 23:22:03 77      XOM_BBG000GZQ728_2021-03-24
2021-07-04 23:22:03 88      XPO_BBG000L5CJF3_2021-03-24
2021-07-04 23:22:03 89      XRAY_BBG000BX57K1_2021-03-24
2021-07-04 23:22:03 91      XRX_BBG00NNG2ZJ8_2021-03-24
2021-07-04 23:22:03 94      XYL_BBG001D8R5D0_2021-03-24
2021-07-04 23:22:03 95      Y_BBG000BX6BJ3_2021-03-24
2021-07-04 23:22:03 96      YELP_BBG000Q2HM09_2021-03-24
2021-07-04 23:22:03 97      YETI_BBG00D8JC882_2021-03-24
2021-07-04 23:22:03 99      YEXT_BBG001MKZGY7_2021-03-24
2021-07-04 23:22:04 00      YUM_BBG000BH3GZ2_2021-03-24
2021-07-04 23:22:04 03      YUMC_BBG00B8N0HG1_2021-03-24
2021-07-04 23:22:04 04      YY_BBG003H0XV18_2021-03-24
2021-07-04 23:22:04 06      Z_BBG009NRSWJ4_2021-03-24
2021-07-04 23:22:04 11      ZBH_BBG000BKPL53_2021-03-24
2021-07-04 23:22:04 13      ZBRA_BBG000CC7LQ7_2021-03-24
2021-07-04 23:22:04 14      ZEN_BBG001HRFJG4_2021-03-24
2021-07-04 23:22:04 16      ZG_BBG000D13GN8_2021-03-24
2021-07-04 23:22:04 18      ZGNX_BBG000VDC3G9_2021-03-24
2021-07-04 23:22:04 21      ZI_BBG00S1HJ3M8_2021-03-24
2021-07-04 23:22:04 23      ZION_BBG000BX9WL1_2021-03-24
2021-07-04 23:22:04 27      ZM_BBG0042V6JM8_2021-03-24
2021-07-04 23:22:04 36      ZNH_BBG000BXQ7R1_2021-03-24
2021-07-04 23:22:04 37      ZS_BBG003338H34_2021-03-24
2021-07-04 23:22:04 41      ZTS_BBG0039320N9_2021-03-24
2021-07-04 23:22:04 43      ZUMZ_BBG000PYX812_2021-03-24
2021-07-04 23:22:04 44      ZUO_BBG000BT3HG5_2021-03-24
2021-07-04 23:22:04 45      ZYNE_BBG007BBS8B7_2021-03-24
2021-07-04 23:22:04 54      ZYXI_BBG000BJBXZ2_2021-03-24
2021-07-04 23:22:04 58      Total candles read: 5804517
2021-07-04 23:22:04 58      Start DisposeAsync...
2021-07-04 23:22:04 58      Trade statistic. Total/Pos/Neg/(ratio): 2/2/0/(0.0); Profit: 5.00/2.50; Volume: 0; MaxVolume: 484.70; Commission: 0.487200;
2021-07-04 23:22:04 59      BaseBot::DisposeAsync...
2021-07-04 23:22:04 59      BaseBot::DisposeAsync done!
2021-07-04 23:22:04 59      End DisposeAsync...
