2021-07-04 23:19:36 38      mode=TestTradeBot;CopyDDDDData=true;DumpQuotes=false;SubscribeQuotes=false;Strategies=BuyTheDipPremarket;Token=token.txt;ConfigPath=usd.json;OutputFolder=.\new\;CandlesPath=C:\tinkoff\TestData\RawQuotes\5m\uncompressed\quotes_2021-01-27;
2021-07-04 23:19:36 39      Trade bot created
2021-07-04 23:19:36 41      Fake connection created
2021-07-04 23:19:36 52      Loaded 142 liquid instruments
2021-07-04 23:19:37 13      List of disabled tickers: 
2021-07-04 23:19:37 14      AA_BBG00B3T3HD3_2021-01-27
2021-07-04 23:19:37 23      AAL_BBG005P7Q881_2021-01-27
2021-07-04 23:19:37 56      AAPL_BBG000B9XRY4_2021-01-27
2021-07-04 23:19:38 14      ABBV_BBG0025Y4RY4_2021-01-27
2021-07-04 23:19:38 26      ABNB_BBG001Y2XS07_2021-01-27
2021-07-04 23:19:38 39      ABT_BBG000B9ZXB4_2021-01-27
2021-07-04 23:19:38 44      ACAD_BBG000BHG9K0_2021-01-27
2021-07-04 23:19:38 47      ACH_BBG000CMRVH1_2021-01-27
2021-07-04 23:19:38 48      ADBE_BBG000BB5006_2021-01-27
2021-07-04 23:19:38 55      ADM_BBG000BB6WG8_2021-01-27
2021-07-04 23:19:38 57      ADP_BBG000JG0547_2021-01-27
2021-07-04 23:19:38 61      ADSK_BBG000BM7HL0_2021-01-27
2021-07-04 23:19:38 64      AES_BBG000C23KJ3_2021-01-27
2021-07-04 23:19:38 68      AFL_BBG000BBBNC6_2021-01-27
2021-07-04 23:19:38 71      AIG_BBG000BBDZG3_2021-01-27
2021-07-04 23:19:38 75      AKAM_BBG000BJQWD2_2021-01-27
2021-07-04 23:19:38 80      ALK_BBG000BBL0Y1_2021-01-27
2021-07-04 23:19:38 83      ALL_BBG000BVMGF2_2021-01-27
2021-07-04 23:19:38 85      ALXN_BBG000G30YX4_2021-01-27
2021-07-04 23:19:38 91      AMAT_BBG000BBPFB9_2021-01-27
2021-07-04 23:19:39 01      AMCX_BBG000H01H92_2021-01-27
2021-07-04 23:19:39 05      AMCX: SPYKE!. Candle: ID:790, Time: 10:30, Close: 67
2021-07-04 23:19:39 06      AMCX: SPYKE!. Candle: ID:1431, Time: 13:00, Close: 60.1
2021-07-04 23:19:39 06      AMCX: SPYKE!. Candle: ID:1654, Time: 13:25, Close: 70
2021-07-04 23:19:39 06      AMCX: SPYKE!. Candle: ID:2155, Time: 13:55, Close: 64.21
2021-07-04 23:19:39 08      AMD_BBG000BBQCY0_2021-01-27
2021-07-04 23:19:39 45      AMGN_BBG000BBS2Y0_2021-01-27
2021-07-04 23:19:39 52      AMZN_BBG000BVPV84_2021-01-27
2021-07-04 23:19:39 66      ANGI_BBG00HVKH3Q0_2021-01-27
2021-07-04 23:19:39 70      APA_BBG000BC2C10_2021-01-27
2021-07-04 23:19:39 70      Warning: figi `BBG000BC2C10` for history data does not match actual figi `BBG00YTS96G2`. Ticker: APA. Will be used actual!
2021-07-04 23:19:39 77      APLE_BBG006473QX9_2021-01-27
2021-07-04 23:19:39 78      APTV_BBG001QD41M9_2021-01-27
2021-07-04 23:19:39 80      ARCT_BBG00NNW8JK1_2021-01-27
2021-07-04 23:19:39 83      ARMK_BBG001KY4N87_2021-01-27
2021-07-04 23:19:39 84      ARWR_BBG000BRVKH0_2021-01-27
2021-07-04 23:19:39 86      ATRA_BBG005Q3MQY4_2021-01-27
2021-07-04 23:19:39 89      ATRA: SPYKE!. Candle: ID:3646, Time: 12:30, Close: 20.06
2021-07-04 23:19:39 89      ATRA: SPYKE!. Candle: ID:3656, Time: 12:30, Close: 20
2021-07-04 23:19:39 90      ATUS_BBG00GFMPRK0_2021-01-27
2021-07-04 23:19:39 93      ATUS: SPYKE!. Candle: ID:6466, Time: 22:30, Close: 32.3
2021-07-04 23:19:39 93      ATVI_BBG000CVWGS6_2021-01-27
2021-07-04 23:19:40 00      AVGO_BBG00KHY5S69_2021-01-27
2021-07-04 23:19:40 05      AXP_BBG000BCQZS4_2021-01-27
2021-07-04 23:19:40 10      BA_BBG000BCSST7_2021-01-27
2021-07-04 23:19:40 24      BABA_BBG006G2JVL2_2021-01-27
2021-07-04 23:19:40 46      BAC_BBG000BCTLF6_2021-01-27
2021-07-04 23:19:40 58      BAX_BBG000BCVJ77_2021-01-27
2021-07-04 23:19:40 61      BBY_BBG000BCWCG1_2021-01-27
2021-07-04 23:19:40 64      BBBY_BBG000CSY9H9_2021-01-27
2021-07-04 23:19:40 85      BBBY: SPYKE!. Candle: ID:836, Time: 7:50, Close: 43
2021-07-04 23:19:40 86      BBBY: BuyPending. Strategy: BuyTheDipPremarket. Price: 42.97. Lots: 5. ChangeOpenToCurrent: -4.34. changeFromLow: 0.54. Candle: ID:6584, Time: 11:05, Close: 42.97.
2021-07-04 23:19:40 86      BBBY: OrderID: 279bc4aa. PlacedOrder. Status: New. RejectReason: 
2021-07-04 23:19:40 86      BBBY: OrderID: 279bc4aa fully executed
2021-07-04 23:19:40 87      BBBY: Closing. Close price: 43.29. Lots: 5. CandleChange: 0.89%. ChangeFromCandleHigh: -3.09%. Profit: 0.32(0.74%). Candle: ID:7006, Time: 11:15, Close: 43.29
2021-07-04 23:19:40 87      BBBY: OrderID: bc528810. PlacedOrder. Status: New. RejectReason: 
2021-07-04 23:19:40 87      BBBY: OrderID: bc528810 fully executed
2021-07-04 23:19:40 88      BBBY: BuyPending. Strategy: BuyTheDipPremarket. Price: 40.63. Lots: 6. ChangeOpenToCurrent: -4.51. changeFromLow: 1.58. Candle: ID:7367, Time: 11:20, Close: 40.63.
2021-07-04 23:19:40 88      BBBY: OrderID: 7a425cd3. PlacedOrder. Status: New. RejectReason: 
2021-07-04 23:19:40 88      BBBY: OrderID: 7a425cd3 fully executed
2021-07-04 23:19:40 88      BBBY: Buy more. Price: 39.5. Lots: 6. changeFromLastBuy: -2.78. Candle: ID:7398, Time: 11:20, Close: 39.5.
2021-07-04 23:19:40 88      BBBY: OrderID: 2163cb26. PlacedOrder. Status: New. RejectReason: 
2021-07-04 23:19:40 88      BBBY: OrderID: 2163cb26 fully executed
2021-07-04 23:19:40 88      BBBY: Closing. Close price: 40.29. Lots: 12. CandleChange: 3.31%. ChangeFromCandleHigh: -1.01%. Profit: 0.23(0.57%). Candle: ID:7714, Time: 11:25, Close: 40.29
2021-07-04 23:19:40 88      BBBY: OrderID: ccab8c2f. PlacedOrder. Status: New. RejectReason: 
2021-07-04 23:19:40 88      BBBY: OrderID: ccab8c2f partially executed. Executed lots: 1. OrderStatus: 1/12 lots
2021-07-04 23:19:40 88      BBBY: OrderID: ccab8c2f partially executed. Executed lots: 10. OrderStatus: 11/12 lots
2021-07-04 23:19:40 88      BBBY: OrderID: ccab8c2f fully executed
2021-07-04 23:19:40 90      BBBY: SPYKE!. Candle: ID:24550, Time: 14:40, Close: 48
2021-07-04 23:19:40 90      BBBY: SPYKE!. Candle: ID:24565, Time: 14:40, Close: 50.28
2021-07-04 23:19:40 90      BBBY: SPYKE!. Candle: ID:24725, Time: 14:40, Close: 49
2021-07-04 23:19:40 90      BBBY: SPYKE!. Candle: ID:24739, Time: 14:40, Close: 49.46
2021-07-04 23:19:40 90      BBBY: SPYKE!. Candle: ID:24803, Time: 14:40, Close: 50
2021-07-04 23:19:40 90      BBBY: SPYKE!. Candle: ID:24817, Time: 14:40, Close: 53.32
2021-07-04 23:19:40 90      BBBY: SPYKE!. Candle: ID:24818, Time: 14:40, Close: 53.32
2021-07-04 23:19:40 90      BBBY: SPYKE!. Candle: ID:24823, Time: 14:40, Close: 50
2021-07-04 23:19:40 90      BBBY: SPYKE!. Candle: ID:24827, Time: 14:40, Close: 53.1
2021-07-04 23:19:40 90      BBBY: SPYKE!. Candle: ID:24828, Time: 14:40, Close: 53.09
2021-07-04 23:19:40 90      BBBY: SPYKE!. Candle: ID:24838, Time: 14:40, Close: 50
2021-07-04 23:19:40 90      BBBY: SPYKE!. Candle: ID:24839, Time: 14:40, Close: 50
2021-07-04 23:19:40 90      BBBY: SPYKE!. Candle: ID:24840, Time: 14:40, Close: 53.29
2021-07-04 23:19:40 90      BBBY: SPYKE!. Candle: ID:24841, Time: 14:40, Close: 53.5
2021-07-04 23:19:40 90      BBBY: SPYKE!. Candle: ID:24850, Time: 14:40, Close: 50
2021-07-04 23:19:40 90      BBBY: SPYKE!. Candle: ID:24853, Time: 14:40, Close: 53.7
2021-07-04 23:19:40 90      BBBY: SPYKE!. Candle: ID:24855, Time: 14:40, Close: 53.62
2021-07-04 23:19:40 90      BBBY: SPYKE!. Candle: ID:24864, Time: 14:40, Close: 50
2021-07-04 23:19:40 90      BBBY: SPYKE!. Candle: ID:24865, Time: 14:40, Close: 53.67
2021-07-04 23:19:40 90      BBBY: SPYKE!. Candle: ID:24866, Time: 14:40, Close: 53.69
2021-07-04 23:19:40 90      BBBY: SPYKE!. Candle: ID:24905, Time: 14:40, Close: 50.5
2021-07-04 23:19:40 90      BBBY: SPYKE!. Candle: ID:24906, Time: 14:40, Close: 53.59
2021-07-04 23:19:40 90      BBBY: SPYKE!. Candle: ID:24907, Time: 14:40, Close: 53.51
2021-07-04 23:19:40 90      BBBY: SPYKE!. Candle: ID:24914, Time: 14:40, Close: 50.5
2021-07-04 23:19:40 90      BBBY: SPYKE!. Candle: ID:24915, Time: 14:40, Close: 53.53
2021-07-04 23:19:40 90      BBBY: SPYKE!. Candle: ID:24917, Time: 14:40, Close: 50.5
2021-07-04 23:19:40 90      BBBY: SPYKE!. Candle: ID:24920, Time: 14:40, Close: 50.54
2021-07-04 23:19:40 90      BBBY: SPYKE!. Candle: ID:24960, Time: 14:40, Close: 50.55
2021-07-04 23:19:40 90      BBBY: SPYKE!. Candle: ID:24972, Time: 14:40, Close: 53.9
2021-07-04 23:19:40 90      BBBY: SPYKE!. Candle: ID:25028, Time: 14:40, Close: 53.3
2021-07-04 23:19:40 90      BBBY: SPYKE!. Candle: ID:25029, Time: 14:40, Close: 53.25
2021-07-04 23:19:40 90      BBBY: SPYKE!. Candle: ID:25031, Time: 14:40, Close: 50.73
2021-07-04 23:19:40 90      BBBY: SPYKE!. Candle: ID:25042, Time: 14:40, Close: 51.17
2021-07-04 23:19:40 90      BBBY: SPYKE!. Candle: ID:25294, Time: 14:40, Close: 49.64
2021-07-04 23:19:40 90      BBBY: SPYKE!. Candle: ID:25313, Time: 14:40, Close: 49.64
2021-07-04 23:19:40 91      BBBY: SPYKE!. Candle: ID:31021, Time: 14:50, Close: 48
2021-07-04 23:19:41 02      BBBY: SPYKE!. Candle: ID:109183, Time: 21:15, Close: 47
2021-07-04 23:19:41 02      BBBY: SPYKE!. Candle: ID:109192, Time: 21:15, Close: 49.1
2021-07-04 23:19:41 02      BBBY: SPYKE!. Candle: ID:109193, Time: 21:15, Close: 49.1
2021-07-04 23:19:41 02      BBBY: SPYKE!. Candle: ID:109194, Time: 21:15, Close: 46.38
2021-07-04 23:19:41 02      BBBY: SPYKE!. Candle: ID:109195, Time: 21:15, Close: 46.5
2021-07-04 23:19:41 02      BBBY: SPYKE!. Candle: ID:109206, Time: 21:15, Close: 47.47
2021-07-04 23:19:41 02      BBBY: SPYKE!. Candle: ID:109214, Time: 21:15, Close: 47.24
2021-07-04 23:19:41 03      BEN_BBG000BD0TF8_2021-01-27
2021-07-04 23:19:41 06      BEN: SPYKE!. Candle: ID:5881, Time: 22:30, Close: 28.52
2021-07-04 23:19:41 06      BEN: SPYKE!. Candle: ID:5883, Time: 22:35, Close: 28.48
2021-07-04 23:19:41 06      BEN: SPYKE!. Candle: ID:5884, Time: 22:35, Close: 26.97
2021-07-04 23:19:41 06      BEN: SPYKE!. Candle: ID:5885, Time: 22:35, Close: 28.46
2021-07-04 23:19:41 08      BHF_BBG00DYPZ4T0_2021-01-27
2021-07-04 23:19:41 24      BIDU_BBG000QXWHD1_2021-01-27
2021-07-04 23:19:41 35      BIIB_BBG000C17X76_2021-01-27
2021-07-04 23:19:41 38      BILI_BBG00K7T3037_2021-01-27
2021-07-04 23:19:41 46      BK_BBG000BD8PN9_2021-01-27
2021-07-04 23:19:41 50      BKR_BBG00GBVBK51_2021-01-27
2021-07-04 23:19:41 54      BLDR_BBG000BKD3K9_2021-01-27
2021-07-04 23:19:41 56      BLUE_BBG000QGWY50_2021-01-27
2021-07-04 23:19:41 58      BMRN_BBG000CZWZ05_2021-01-27
2021-07-04 23:19:41 61      BMY_BBG000DQLV23_2021-01-27
2021-07-04 23:19:41 67      BRK.B_BBG000DWG505_2021-01-27
2021-07-04 23:19:41 72      BSX_BBG000C0LW92_2021-01-27
2021-07-04 23:19:41 76      BTI_BBG000BWPXQ8_2021-01-27
2021-07-04 23:19:41 78      BUD_BBG000RYC984_2021-01-27
2021-07-04 23:19:41 80      BWA_BBG000BJ49H3_2021-01-27
2021-07-04 23:19:41 83      BYND_BBG003CVJP50_2021-01-27
2021-07-04 23:19:41 92      BZUN_BBG008HNS333_2021-01-27
2021-07-04 23:19:41 95      C_BBG000FY4S11_2021-01-27
2021-07-04 23:19:42 03      CAG_BBG000BDXGP9_2021-01-27
2021-07-04 23:19:42 06      CAH_BBG000D898T9_2021-01-27
2021-07-04 23:19:42 08      CARG_BBG00HQ77DS2_2021-01-27
2021-07-04 23:19:42 09      CARR_BBG00RP5HYS8_2021-01-27
2021-07-04 23:19:42 12      CAT_BBG000BF0K17_2021-01-27
2021-07-04 23:19:42 15      CB_BBG000BR14K5_2021-01-27
2021-07-04 23:19:42 17      CBRE_BBG000C04224_2021-01-27
2021-07-04 23:19:42 18      CCL_BBG000BF6LY3_2021-01-27
2021-07-04 23:19:42 32      CDNS_BBG000C13CD9_2021-01-27
2021-07-04 23:19:42 36      CDW_BBG001P63B80_2021-01-27
2021-07-04 23:19:42 39      CERN_BBG000BFDLV8_2021-01-27
2021-07-04 23:19:42 42      CF_BBG000BWJFZ4_2021-01-27
2021-07-04 23:19:42 45      CFG_BBG006Q0HY77_2021-01-27
2021-07-04 23:19:42 50      CGNX_BBG000BPBVW5_2021-01-27
2021-07-04 23:19:42 52      CHEF_BBG001MFW6D6_2021-01-27
2021-07-04 23:19:42 53      CHGG_BBG0014XR0N5_2021-01-27
2021-07-04 23:19:42 55      CHNG_BBG0059KNH10_2021-01-27
2021-07-04 23:19:42 56      CHRW_BBG000BTCH57_2021-01-27
2021-07-04 23:19:42 58      CHRW: SPYKE!. Candle: ID:13, Time: 14:25, Close: 90.75
2021-07-04 23:19:42 59      CHTR_BBG000VPGNR2_2021-01-27
2021-07-04 23:19:42 61      CHX_BBG00JH9TZ56_2021-01-27
2021-07-04 23:19:42 63      CIEN_BBG000BP1152_2021-01-27
2021-07-04 23:19:42 64      CINF_BBG000BFPK65_2021-01-27
2021-07-04 23:19:42 66      CL_BBG000BFQYY3_2021-01-27
2021-07-04 23:19:42 69      CLF_BBG000BFRF55_2021-01-27
2021-07-04 23:19:42 73      CLR_BBG000BHBGN6_2021-01-27
2021-07-04 23:19:42 75      CMA_BBG000C75N77_2021-01-27
2021-07-04 23:19:42 78      CMCSA_BBG000BFT2L4_2021-01-27
2021-07-04 23:19:42 87      CME_BBG000BHLYP4_2021-01-27
2021-07-04 23:19:42 89      CMS_BBG000BFVXX0_2021-01-27
2021-07-04 23:19:42 92      CNC_BBG000BDXCJ5_2021-01-27
2021-07-04 23:19:42 97      CNK_BBG000QDVR53_2021-01-27
2021-07-04 23:19:43 08      CNK: SPYKE!. Candle: ID:12872, Time: 14:30, Close: 24.85
2021-07-04 23:19:43 14      CNP_BBG000FDBX90_2021-01-27
2021-07-04 23:19:43 16      COF_BBG000BGKTF9_2021-01-27
2021-07-04 23:19:43 19      COG_BBG000C3GN47_2021-01-27
2021-07-04 23:19:43 22      COG: SPYKE!. Candle: ID:5727, Time: 22:30, Close: 19.22
2021-07-04 23:19:43 22      COG: SPYKE!. Candle: ID:5731, Time: 22:35, Close: 19.2
2021-07-04 23:19:43 23      COP_BBG000BQQH30_2021-01-27
2021-07-04 23:19:43 28      CORT_BBG000BKJG33_2021-01-27
2021-07-04 23:19:43 28      COST_BBG000F6H8W8_2021-01-27
2021-07-04 23:19:43 32      COTY_BBG000F395V1_2021-01-27
2021-07-04 23:19:43 36      COUP_BBG001J4BCN4_2021-01-27
2021-07-04 23:19:43 38      CPB_BBG000BG4202_2021-01-27
2021-07-04 23:19:43 42      CPRI_BBG0029SNR63_2021-01-27
2021-07-04 23:19:43 44      CPRT_BBG000BM9RH1_2021-01-27
2021-07-04 23:19:43 46      CREE_BBG000BG14P4_2021-01-27
2021-07-04 23:19:43 48      CRM_BBG000BN2DC2_2021-01-27
2021-07-04 23:19:43 53      CROX_BBG000BLY663_2021-01-27
2021-07-04 23:19:43 55      CRUS_BBG000C1DHF5_2021-01-27
2021-07-04 23:19:43 57      CRWD_BBG00BLYKS03_2021-01-27
2021-07-04 23:19:43 62      CSCO_BBG000C3J3C9_2021-01-27
2021-07-04 23:19:43 69      CSX_BBG000BGJRC8_2021-01-27
2021-07-04 23:19:43 75      CTSH_BBG000BBDV81_2021-01-27
2021-07-04 23:19:43 79      CTVA_BBG00BN969C1_2021-01-27
2021-07-04 23:19:43 81      CTXS_BBG000FQ6PY6_2021-01-27
2021-07-04 23:19:43 85      CVET_BBG00KR691K8_2021-01-27
2021-07-04 23:19:43 86      CVS_BBG000BGRY34_2021-01-27
2021-07-04 23:19:43 88      CVX_BBG000K4ND22_2021-01-27
2021-07-04 23:19:43 94      D_BBG000BGVW60_2021-01-27
2021-07-04 23:19:43 97      DAL_BBG000R7Z112_2021-01-27
2021-07-04 23:19:44 02      DBX_BBG0018SLDN0_2021-01-27
2021-07-04 23:19:44 08      DD_BBG00BN961G4_2021-01-27
2021-07-04 23:19:44 08      DDOG_BBG003NJHZT9_2021-01-27
2021-07-04 23:19:44 13      DFS_BBG000QBR5J5_2021-01-27
2021-07-04 23:19:44 15      DHI_BBG000DQTXY6_2021-01-27
2021-07-04 23:19:44 17      DHR_BBG000BH3JF8_2021-01-27
2021-07-04 23:19:44 20      DIS_BBG000BH4R78_2021-01-27
2021-07-04 23:19:44 31      DISCA_BBG000CHWP52_2021-01-27
2021-07-04 23:19:44 51      DISCK_BBG000VMWHH5_2021-01-27
2021-07-04 23:19:44 67      DKNG_BBG00TCBG714_2021-01-27
2021-07-04 23:19:44 76      DKS_BBG000F6ZWH2_2021-01-27
2021-07-04 23:19:44 79      DLTR_BBG000BSC0K9_2021-01-27
2021-07-04 23:19:44 81      DOCU_BBG000N7KJX8_2021-01-27
2021-07-04 23:19:44 86      DOW_BBG00BN96922_2021-01-27
2021-07-04 23:19:44 89      DRI_BBG000BBNYF6_2021-01-27
2021-07-04 23:19:44 91      DT_BBG00PNN7C40_2021-01-27
2021-07-04 23:19:44 93      DVN_BBG000BBVJZ8_2021-01-27
2021-07-04 23:19:44 98      DXC_BBG00FN64XT9_2021-01-27
2021-07-04 23:19:44 99      DXCM_BBG000QTF8K1_2021-01-27
2021-07-04 23:19:45 01      EA_BBG000BP0KQ8_2021-01-27
2021-07-04 23:19:45 04      EBAY_BBG000C43RR5_2021-01-27
2021-07-04 23:19:45 12      ED_BBG000BHLYS1_2021-01-27
2021-07-04 23:19:45 15      EDIT_BBG005MX5GZ2_2021-01-27
2021-07-04 23:19:45 19      EIX_BBG000D7RKJ5_2021-01-27
2021-07-04 23:19:45 22      ELAN_BBG00LJYS1P8_2021-01-27
2021-07-04 23:19:45 23      EMR_BBG000BHX7N2_2021-01-27
2021-07-04 23:19:45 26      ENDP_BBG000C0HQ54_2021-01-27
2021-07-04 23:19:45 27      ENPH_BBG001R3MNY9_2021-01-27
2021-07-04 23:19:45 32      ENTG_BBG000CTV4N4_2021-01-27
2021-07-04 23:19:45 34      EOG_BBG000BZ9223_2021-01-27
2021-07-04 23:19:45 37      EQT_BBG000BHZ5J9_2021-01-27
2021-07-04 23:19:45 41      ET_BBG000BM2FL9_2021-01-27
2021-07-04 23:19:45 45      ETRN_BBG00K53L394_2021-01-27
2021-07-04 23:19:45 47      ETSY_BBG000N7MXL8_2021-01-27
2021-07-04 23:19:45 52      EVH_BBG005CHLM96_2021-01-27
2021-07-04 23:19:45 54      EW_BBG000BRXP69_2021-01-27
2021-07-04 23:19:45 55      EWBC_BBG000CR20B1_2021-01-27
2021-07-04 23:19:45 57      EXAS_BBG000CWL0F5_2021-01-27
2021-07-04 23:19:45 59      EXC_BBG000J6XT05_2021-01-27
2021-07-04 23:19:45 63      EXEL_BBG000BQ4WF8_2021-01-27
2021-07-04 23:19:45 65      EXPD_BBG000BJ5GK2_2021-01-27
2021-07-04 23:19:45 67      EXPE_BBG000QY3XZ2_2021-01-27
2021-07-04 23:19:45 71      F_BBG000BQPC32_2021-01-27
2021-07-04 23:19:45 76      FANG_BBG002PHSYX9_2021-01-27
2021-07-04 23:19:45 79      FAST_BBG000BJ8YN7_2021-01-27
2021-07-04 23:19:45 82      FATE_BBG000QP35H2_2021-01-27
2021-07-04 23:19:45 83      FATE: SPYKE!. Candle: ID:265, Time: 14:30, Close: 86.88
2021-07-04 23:19:45 84      FB_BBG000MM2P62_2021-01-27
2021-07-04 23:19:46 09      FCX_BBG000BJDB15_2021-01-27
2021-07-04 23:19:46 18      FDX_BBG000BJF1Z8_2021-01-27
2021-07-04 23:19:46 22      FIS_BBG000BK2F42_2021-01-27
2021-07-04 23:19:46 24      FISV_BBG000BJKPG0_2021-01-27
2021-07-04 23:19:46 31      FITB_BBG000BJL3N0_2021-01-27
2021-07-04 23:19:46 36      FIVN_BBG001KHJM17_2021-01-27
2021-07-04 23:19:46 37      FL_BBG000BX8DC4_2021-01-27
2021-07-04 23:19:46 39      FLIR_BBG000BHK836_2021-01-27
2021-07-04 23:19:46 41      FLR_BBG000BB1TH9_2021-01-27
2021-07-04 23:19:46 42      FLR: SPYKE!. Candle: ID:34, Time: 9:00, Close: 19.5
2021-07-04 23:19:46 43      FOX_BBG00JHNKJY8_2021-01-27
2021-07-04 23:19:46 47      FOX: SPYKE!. Candle: ID:14098, Time: 22:40, Close: 33.31
2021-07-04 23:19:46 47      FOXA_BBG00JHNJW99_2021-01-27
2021-07-04 23:19:46 60      FRHC_BBG000N625H8_2021-01-27
2021-07-04 23:19:46 61      FSLR_BBG000BFL116_2021-01-27
2021-07-04 23:19:46 65      FSLY_BBG004NLQHL0_2021-01-27
2021-07-04 23:19:46 70      FTI_BBG00DL8NMV2_2021-01-27
2021-07-04 23:19:46 73      FTNT_BBG000BCMBG4_2021-01-27
2021-07-04 23:19:46 75      FTV_BBG00BLVZ228_2021-01-27
2021-07-04 23:19:46 77      GE_BBG000BK6MB5_2021-01-27
2021-07-04 23:19:46 84      GH_BBG006D97VY9_2021-01-27
2021-07-04 23:19:46 85      GILD_BBG000CKGBP2_2021-01-27
2021-07-04 23:19:46 90      GIS_BBG000BKCFC2_2021-01-27
2021-07-04 23:19:46 96      GLW_BBG000BKFZM4_2021-01-27
2021-07-04 23:19:46 99      GM_BBG000NDYB67_2021-01-27
2021-07-04 23:19:47 09      GOOG_BBG009S3NB30_2021-01-27
2021-07-04 23:19:47 17      GOOGL_BBG009S39JX6_2021-01-27
2021-07-04 23:19:47 31      GPS_BBG000BKLH74_2021-01-27
2021-07-04 23:19:47 35      GPS: SPYKE!. Candle: ID:16602, Time: 20:50, Close: 20.21
2021-07-04 23:19:47 36      GRMN_BBG000C4LN67_2021-01-27
2021-07-04 23:19:47 37      GRUB_BBG001KWG293_2021-01-27
2021-07-04 23:19:47 37      Warning: figi `BBG001KWG293` for history data does not match actual figi `BBG010R8C3Y4`. Ticker: GRUB. Will be used actual!
2021-07-04 23:19:47 38      GS_BBG000C6CFJ5_2021-01-27
2021-07-04 23:19:47 42      GSKY_BBG00KT2SCV8_2021-01-27
2021-07-04 23:19:47 44      GT_BBG000BKNX95_2021-01-27
2021-07-04 23:19:47 46      HA_BBG000BC4185_2021-01-27
2021-07-04 23:19:47 47      HAL_BBG000BKTFN2_2021-01-27
2021-07-04 23:19:47 51      HALO_BBG000CZ8W54_2021-01-27
2021-07-04 23:19:47 53      HAS_BBG000BKVJK4_2021-01-27
2021-07-04 23:19:47 54      HBAN_BBG000BKWSR6_2021-01-27
2021-07-04 23:19:47 57      HBI_BBG000D2ZTS8_2021-01-27
2021-07-04 23:19:47 59      HCA_BBG000QW7VC1_2021-01-27
2021-07-04 23:19:47 60      HD_BBG000BKZB36_2021-01-27
2021-07-04 23:19:47 63      HES_BBG000BBD070_2021-01-27
2021-07-04 23:19:47 65      HFC_BBG000BL9JQ1_2021-01-27
2021-07-04 23:19:47 67      HIG_BBG000G0Z878_2021-01-27
2021-07-04 23:19:47 68      HLT_BBG0058KMH30_2021-01-27
2021-07-04 23:19:47 71      HOG_BBG000BKZTP3_2021-01-27
2021-07-04 23:19:47 72      HOLX_BBG000C3NTN5_2021-01-27
2021-07-04 23:19:47 75      HON_BBG000H556T9_2021-01-27
2021-07-04 23:19:47 77      HP_BBG000BLCPY4_2021-01-27
2021-07-04 23:19:47 78      HPE_BBG0078W3NQ3_2021-01-27
2021-07-04 23:19:47 81      HPQ_BBG000KHWT55_2021-01-27
2021-07-04 23:19:47 83      HRB_BBG000BLDV98_2021-01-27
2021-07-04 23:19:47 85      HRB: SPYKE!. Candle: ID:76, Time: 8:45, Close: 17.15
2021-07-04 23:19:47 87      HRL_BBG000BLF8D2_2021-01-27
2021-07-04 23:19:47 89      HRTX_BBG000G2GJT7_2021-01-27
2021-07-04 23:19:47 91      HSIC_BBG000BNMMJ3_2021-01-27
2021-07-04 23:19:47 93      HST_BBG000BL8804_2021-01-27
2021-07-04 23:19:47 96      HTHT_BBG000QFPM65_2021-01-27
2021-07-04 23:19:47 97      HWM_BBG00DYNJGH9_2021-01-27
2021-07-04 23:19:48 00      IAC_BBG000BKQG80_2021-01-27
2021-07-04 23:19:48 00      Warning: figi `BBG000BKQG80` for history data does not match actual figi `BBG00S1LR2C3`. Ticker: IAC. Will be used actual!
2021-07-04 23:19:48 01      IBM_BBG000BLNNH6_2021-01-27
2021-07-04 23:19:48 07      IBN_BBG000DRM643_2021-01-27
2021-07-04 23:19:48 08      ICE_BBG000C1FB75_2021-01-27
2021-07-04 23:19:48 13      IIVI_BBG000BLW102_2021-01-27
2021-07-04 23:19:48 15      ILMN_BBG000DSMS70_2021-01-27
2021-07-04 23:19:48 17      INCY_BBG000BNPSQ9_2021-01-27
2021-07-04 23:19:48 19      INFO_BBG006G063F9_2021-01-27
2021-07-04 23:19:48 21      INTC_BBG000C0G1D1_2021-01-27
2021-07-04 23:19:48 35      INTU_BBG000BH5DV1_2021-01-27
2021-07-04 23:19:48 38      IOVA_BBG000FTLBV7_2021-01-27
2021-07-04 23:19:48 40      IP_BBG000BM5SR2_2021-01-27
2021-07-04 23:19:48 41      IPG_BBG000C90DH9_2021-01-27
2021-07-04 23:19:48 44      IR_BBG002R1CW27_2021-01-27
2021-07-04 23:19:48 46      IRM_BBG000KCZPC3_2021-01-27
2021-07-04 23:19:48 50      IVZ_BBG000BY2Y78_2021-01-27
2021-07-04 23:19:48 53      JBHT_BBG000BMDBZ1_2021-01-27
2021-07-04 23:19:48 54      JCI_BBG000BVWLJ6_2021-01-27
2021-07-04 23:19:48 57      JD_BBG005YHY0Q7_2021-01-27
2021-07-04 23:19:48 65      JNJ_BBG000BMHYD1_2021-01-27
2021-07-04 23:19:48 70      JNPR_BBG000BY33P5_2021-01-27
2021-07-04 23:19:48 74      JPM_BBG000DMBXR2_2021-01-27
2021-07-04 23:19:48 82      JWN_BBG000G8N9C6_2021-01-27
2021-07-04 23:19:48 85      K_BBG000BMKDM3_2021-01-27
2021-07-04 23:19:48 88      KDP_BBG000TJM7F0_2021-01-27
2021-07-04 23:19:48 93      KEY_BBG000BMQPL1_2021-01-27
2021-07-04 23:19:48 95      KHC_BBG005CPNTQ2_2021-01-27
2021-07-04 23:19:48 99      KIM_BBG000CN3S73_2021-01-27
2021-07-04 23:19:49 01      KLAC_BBG000BMTFR4_2021-01-27
2021-07-04 23:19:49 04      KMI_BBG0019JZ882_2021-01-27
2021-07-04 23:19:49 07      KNX_BBG000BFC848_2021-01-27
2021-07-04 23:19:49 09      KO_BBG000BMX289_2021-01-27
2021-07-04 23:19:49 16      KR_BBG000BMY992_2021-01-27
2021-07-04 23:19:49 24      LB_BBG000BNGTQ7_2021-01-27
2021-07-04 23:19:49 30      LEN_BBG000BN5HF7_2021-01-27
2021-07-04 23:19:49 32      LIN_BBG00GVR8YQ9_2021-01-27
2021-07-04 23:19:49 34      LITE_BBG0073F9RT7_2021-01-27
2021-07-04 23:19:49 36      LKQ_BBG000PXDL44_2021-01-27
2021-07-04 23:19:49 38      LLY_BBG000BNBDC2_2021-01-27
2021-07-04 23:19:49 41      LNT_BBG000DW4Q75_2021-01-27
2021-07-04 23:19:49 43      LOW_BBG000BNDN65_2021-01-27
2021-07-04 23:19:49 45      LPSN_BBG000BSV0W5_2021-01-27
2021-07-04 23:19:49 46      LRCX_BBG000BNFLM9_2021-01-27
2021-07-04 23:19:49 50      LTHM_BBG00LV3NRG0_2021-01-27
2021-07-04 23:19:49 52      LTHM: BuyPending. Strategy: BuyTheDipPremarket. Price: 19.1. Lots: 13. ChangeOpenToCurrent: -4.45. changeFromLow: 0.58. Candle: ID:1651, Time: 12:55, Close: 19.1.
2021-07-04 23:19:49 52      LTHM: OrderID: 97d9e2fb. PlacedOrder. Status: New. RejectReason: 
2021-07-04 23:19:49 52      LTHM: OrderID: 97d9e2fb partially executed. Executed lots: 1. OrderStatus: 1/13 lots
2021-07-04 23:19:49 52      LTHM: OrderID: 97d9e2fb fully executed
2021-07-04 23:19:49 52      LTHM: Closing. Close price: 19.18. Lots: 13. CandleChange: 1.05%. ChangeFromCandleHigh: -1.54%. Profit: 0.08(0.42%). Candle: ID:1826, Time: 13:00, Close: 19.18
2021-07-04 23:19:49 52      LTHM: OrderID: 48f87641. PlacedOrder. Status: New. RejectReason: 
2021-07-04 23:19:49 52      LTHM: OrderID: 48f87641 partially executed. Executed lots: 10. OrderStatus: 10/13 lots
2021-07-04 23:19:49 52      LTHM: OrderID: 48f87641 partially executed. Executed lots: 1. OrderStatus: 11/13 lots
2021-07-04 23:19:49 52      LTHM: OrderID: 48f87641 fully executed
2021-07-04 23:19:49 53      LULU_BBG000R8ZVD1_2021-01-27
2021-07-04 23:19:49 56      LUV_BBG000BNJHS8_2021-01-27
2021-07-04 23:19:49 59      LVS_BBG000JWD753_2021-01-27
2021-07-04 23:19:49 65      LYB_BBG000WCFV84_2021-01-27
2021-07-04 23:19:49 66      LYFT_BBG004M9ZHX5_2021-01-27
2021-07-04 23:19:49 71      LYV_BBG000FQ7YR4_2021-01-27
2021-07-04 23:19:49 73      M_BBG000C46HM9_2021-01-27
2021-07-04 23:19:49 81      MA_BBG000F1ZSQ2_2021-01-27
2021-07-04 23:19:49 86      MAC_BBG000BL9C59_2021-01-27
2021-07-04 23:19:49 96      MAR_BBG000BGD7W6_2021-01-27
2021-07-04 23:19:49 99      MAS_BBG000BNNKG9_2021-01-27
2021-07-04 23:19:50 00      MAT_BBG000BNNYW1_2021-01-27
2021-07-04 23:19:50 03      MBT_BBG000CSZKR2_2021-01-27
2021-07-04 23:19:50 08      MCD_BBG000BNSZP1_2021-01-27
2021-07-04 23:19:50 25      MCHP_BBG000BHCP19_2021-01-27
2021-07-04 23:19:50 29      MDLZ_BBG000D4LWF6_2021-01-27
2021-07-04 23:19:50 33      MDRX_BBG000BLDXH5_2021-01-27
2021-07-04 23:19:50 36      MDRX: SPYKE!. Candle: ID:3921, Time: 22:35, Close: 15.1
2021-07-04 23:19:50 36      MDRX: SPYKE!. Candle: ID:3930, Time: 22:40, Close: 16.83
2021-07-04 23:19:50 36      MDT_BBG000BNWG87_2021-01-27
2021-07-04 23:19:50 39      MET_BBG000BB6KF5_2021-01-27
2021-07-04 23:19:50 43      MFGP_BBG00HFWVGN0_2021-01-27
2021-07-04 23:19:50 46      MIDD_BBG000DQN9R3_2021-01-27
2021-07-04 23:19:50 47      MLCO_BBG000BHP8J4_2021-01-27
2021-07-04 23:19:50 49      MLHR_BBG000BP46T2_2021-01-27
2021-07-04 23:19:50 50      MMC_BBG000BP4MH0_2021-01-27
2021-07-04 23:19:50 52      MMM_BBG000BP52R2_2021-01-27
2021-07-04 23:19:50 56      MNST_BBG008NVB1C0_2021-01-27
2021-07-04 23:19:50 59      MO_BBG000BP6LJ8_2021-01-27
2021-07-04 23:19:50 64      MOMO_BBG007HTCQT0_2021-01-27
2021-07-04 23:19:50 73      MOS_BBG000BFXHL6_2021-01-27
2021-07-04 23:19:50 76      MPC_BBG001DCCGR8_2021-01-27
2021-07-04 23:19:50 80      MRK_BBG000BPD168_2021-01-27
2021-07-04 23:19:50 85      MRNA_BBG003PHHZT1_2021-01-27
2021-07-04 23:19:51 00      MRO_BBG000C8H633_2021-01-27
2021-07-04 23:19:51 02      MS_BBG000BLZRJ2_2021-01-27
2021-07-04 23:19:51 10      MSFT_BBG000BPH459_2021-01-27
2021-07-04 23:19:51 39      MTCH_BBG00B6WH9G3_2021-01-27
2021-07-04 23:19:51 46      MTG_BBG000CBMH27_2021-01-27
2021-07-04 23:19:51 47      MU_BBG000C5Z1S3_2021-01-27
2021-07-04 23:19:51 57      MUR_BBG000BPMH90_2021-01-27
2021-07-04 23:19:51 61      MXIM_BBG000BPNP00_2021-01-27
2021-07-04 23:19:51 65      MYGN_BBG000D9H9F1_2021-01-27
2021-07-04 23:19:51 66      NAVI_BBG004MN1R41_2021-01-27
2021-07-04 23:19:51 68      NEM_BBG000BPWXK1_2021-01-27
2021-07-04 23:19:51 72      NEO_BBG000BKH263_2021-01-27
2021-07-04 23:19:51 73      NET_BBG001WMKHH5_2021-01-27
2021-07-04 23:19:51 75      NET: BuyPending. Strategy: BuyTheDipPremarket. Price: 74.11. Lots: 3. ChangeOpenToCurrent: -6.31. changeFromLow: 0.56. Candle: ID:10, Time: 7:00, Close: 74.11.
2021-07-04 23:19:51 75      NET: OrderID: a074c80e. PlacedOrder. Status: New. RejectReason: 
2021-07-04 23:19:51 75      NET: OrderID: a074c80e fully executed
2021-07-04 23:19:51 75      NET: Closing. Close price: 77. Lots: 3. CandleChange: 1.38%. ChangeFromCandleHigh: -1.60%. Profit: 2.89(3.90%). Candle: ID:36, Time: 7:05, Close: 77
2021-07-04 23:19:51 75      NET: OrderID: e4c97455. PlacedOrder. Status: New. RejectReason: 
2021-07-04 23:19:51 75      NET: OrderID: e4c97455 partially executed. Executed lots: 2. OrderStatus: 2/3 lots
2021-07-04 23:19:51 75      NET: OrderID: e4c97455 fully executed
2021-07-04 23:19:51 77      NFLX_BBG000CL9VN6_2021-01-27
2021-07-04 23:19:51 89      NKE_BBG000C5HS04_2021-01-27
2021-07-04 23:19:51 94      NKTR_BBG000BHCYJ1_2021-01-27
2021-07-04 23:19:51 96      NLOK_BBG000BH2JM1_2021-01-27
2021-07-04 23:19:51 98      NLSN_BBG0088CYPX8_2021-01-27
2021-07-04 23:19:52 00      NMIH_BBG005DLMMZ6_2021-01-27
2021-07-04 23:19:52 01      NOK_BBG000BNGBW9_2021-01-27
2021-07-04 23:19:52 40      NOK: SPYKE!. Candle: ID:53503, Time: 16:40, Close: 8.81
2021-07-04 23:19:52 40      NOK: SPYKE!. Candle: ID:53504, Time: 16:40, Close: 8.81
2021-07-04 23:19:52 40      NOK: SPYKE!. Candle: ID:53505, Time: 16:40, Close: 8.81
2021-07-04 23:19:52 40      NOK: SPYKE!. Candle: ID:53517, Time: 16:40, Close: 6.48
2021-07-04 23:19:52 40      NOK: SPYKE!. Candle: ID:53518, Time: 16:40, Close: 6.49
2021-07-04 23:19:52 40      NOK: SPYKE!. Candle: ID:53519, Time: 16:40, Close: 6.49
2021-07-04 23:19:52 40      NOK: SPYKE!. Candle: ID:53530, Time: 16:40, Close: 8.81
2021-07-04 23:19:52 40      NOK: SPYKE!. Candle: ID:53531, Time: 16:40, Close: 8.81
2021-07-04 23:19:52 40      NOK: SPYKE!. Candle: ID:53532, Time: 16:40, Close: 8.81
2021-07-04 23:19:52 40      NOK: SPYKE!. Candle: ID:53556, Time: 16:40, Close: 6.5
2021-07-04 23:19:52 40      NOK: SPYKE!. Candle: ID:53557, Time: 16:40, Close: 6.5
2021-07-04 23:19:52 40      NOK: SPYKE!. Candle: ID:53566, Time: 16:40, Close: 8.81
2021-07-04 23:19:52 40      NOK: SPYKE!. Candle: ID:53576, Time: 16:40, Close: 8.81
2021-07-04 23:19:52 40      NOK: SPYKE!. Candle: ID:53604, Time: 16:40, Close: 6.5
2021-07-04 23:19:52 40      NOK: SPYKE!. Candle: ID:53605, Time: 16:40, Close: 6.5
2021-07-04 23:19:52 40      NOK: SPYKE!. Candle: ID:53607, Time: 16:40, Close: 8.81
2021-07-04 23:19:52 40      NOK: SPYKE!. Candle: ID:53618, Time: 16:40, Close: 6.5
2021-07-04 23:19:52 40      NOK: SPYKE!. Candle: ID:53619, Time: 16:40, Close: 6.5
2021-07-04 23:19:52 40      NOK: SPYKE!. Candle: ID:53621, Time: 16:40, Close: 8.81
2021-07-04 23:19:52 40      NOK: SPYKE!. Candle: ID:53622, Time: 16:40, Close: 8.81
2021-07-04 23:19:52 40      NOK: SPYKE!. Candle: ID:53690, Time: 16:40, Close: 6.53
2021-07-04 23:19:52 40      NOK: SPYKE!. Candle: ID:53693, Time: 16:40, Close: 8.81
2021-07-04 23:19:52 40      NOK: SPYKE!. Candle: ID:53709, Time: 16:40, Close: 6.59
2021-07-04 23:19:52 40      NOK: SPYKE!. Candle: ID:53710, Time: 16:40, Close: 6.59
2021-07-04 23:19:52 40      NOK: SPYKE!. Candle: ID:53711, Time: 16:40, Close: 8.81
2021-07-04 23:19:52 40      NOK: SPYKE!. Candle: ID:53712, Time: 16:40, Close: 8.81
2021-07-04 23:19:52 40      NOK: SPYKE!. Candle: ID:53713, Time: 16:40, Close: 8.81
2021-07-04 23:19:52 40      NOK: SPYKE!. Candle: ID:53733, Time: 16:40, Close: 8.81
2021-07-04 23:19:52 40      NOK: SPYKE!. Candle: ID:53734, Time: 16:40, Close: 8.81
2021-07-04 23:19:52 40      NOK: SPYKE!. Candle: ID:53735, Time: 16:40, Close: 8.81
2021-07-04 23:19:52 40      NOK: SPYKE!. Candle: ID:53739, Time: 16:40, Close: 6.6
2021-07-04 23:19:52 40      NOK: SPYKE!. Candle: ID:53744, Time: 16:40, Close: 8.81
2021-07-04 23:19:52 40      NOK: SPYKE!. Candle: ID:53745, Time: 16:40, Close: 8.81
2021-07-04 23:19:52 40      NOK: SPYKE!. Candle: ID:53749, Time: 16:40, Close: 8.81
2021-07-04 23:19:52 40      NOK: SPYKE!. Candle: ID:53750, Time: 16:40, Close: 8.81
2021-07-04 23:19:52 40      NOK: SPYKE!. Candle: ID:53751, Time: 16:40, Close: 8.81
2021-07-04 23:19:52 40      NOK: SPYKE!. Candle: ID:53757, Time: 16:40, Close: 6.6
2021-07-04 23:19:52 40      NOK: SPYKE!. Candle: ID:53762, Time: 16:40, Close: 6.62
2021-07-04 23:19:52 40      NOK: SPYKE!. Candle: ID:53763, Time: 16:40, Close: 6.63
2021-07-04 23:19:52 40      NOK: SPYKE!. Candle: ID:53768, Time: 16:40, Close: 6.64
2021-07-04 23:19:52 40      NOK: SPYKE!. Candle: ID:53769, Time: 16:40, Close: 6.65
2021-07-04 23:19:52 40      NOK: SPYKE!. Candle: ID:53773, Time: 16:40, Close: 8.8
2021-07-04 23:19:52 40      NOK: SPYKE!. Candle: ID:53775, Time: 16:40, Close: 6.65
2021-07-04 23:19:52 40      NOK: SPYKE!. Candle: ID:53780, Time: 16:40, Close: 8.81
2021-07-04 23:19:52 40      NOK: SPYKE!. Candle: ID:53781, Time: 16:40, Close: 6.65
2021-07-04 23:19:52 40      NOK: SPYKE!. Candle: ID:53782, Time: 16:40, Close: 6.65
2021-07-04 23:19:52 40      NOK: SPYKE!. Candle: ID:53785, Time: 16:40, Close: 6.65
2021-07-04 23:19:52 40      NOK: SPYKE!. Candle: ID:53786, Time: 16:40, Close: 6.65
2021-07-04 23:19:52 40      NOK: SPYKE!. Candle: ID:53788, Time: 16:40, Close: 6.65
2021-07-04 23:19:52 40      NOK: SPYKE!. Candle: ID:53789, Time: 16:40, Close: 6.66
2021-07-04 23:19:52 40      NOK: SPYKE!. Candle: ID:53790, Time: 16:40, Close: 8.8
2021-07-04 23:19:52 40      NOK: SPYKE!. Candle: ID:53793, Time: 16:40, Close: 6.7
2021-07-04 23:19:52 40      NOK: SPYKE!. Candle: ID:53794, Time: 16:40, Close: 6.7
2021-07-04 23:19:52 40      NOK: SPYKE!. Candle: ID:53882, Time: 16:40, Close: 7.5
2021-07-04 23:19:52 40      NOK: SPYKE!. Candle: ID:54190, Time: 16:45, Close: 7.63
2021-07-04 23:19:52 40      NOK: SPYKE!. Candle: ID:54205, Time: 16:45, Close: 7.55
2021-07-04 23:19:52 40      NOK: SPYKE!. Candle: ID:55260, Time: 16:45, Close: 8.55
2021-07-04 23:19:52 40      NOK: SPYKE!. Candle: ID:55261, Time: 16:45, Close: 8.55
2021-07-04 23:19:52 40      NOK: SPYKE!. Candle: ID:55273, Time: 16:45, Close: 7.31
2021-07-04 23:19:52 40      NOK: SPYKE!. Candle: ID:55274, Time: 16:45, Close: 8.1
2021-07-04 23:19:52 40      NOK: SPYKE!. Candle: ID:55298, Time: 16:45, Close: 7.31
2021-07-04 23:19:52 40      NOK: SPYKE!. Candle: ID:55366, Time: 16:45, Close: 8
2021-07-04 23:19:52 40      NOK: SPYKE!. Candle: ID:55387, Time: 16:45, Close: 8
2021-07-04 23:19:52 40      NOK: SPYKE!. Candle: ID:55390, Time: 16:45, Close: 7.4
2021-07-04 23:19:52 40      NOK: SPYKE!. Candle: ID:55391, Time: 16:45, Close: 8
2021-07-04 23:19:52 40      NOK: SPYKE!. Candle: ID:55409, Time: 16:45, Close: 7.43
2021-07-04 23:19:52 40      NOK: SPYKE!. Candle: ID:55412, Time: 16:45, Close: 7.74
2021-07-04 23:19:52 40      NOK: SPYKE!. Candle: ID:55421, Time: 16:45, Close: 8
2021-07-04 23:19:52 40      NOK: SPYKE!. Candle: ID:55425, Time: 16:45, Close: 7.43
2021-07-04 23:19:52 40      NOK: SPYKE!. Candle: ID:55431, Time: 16:45, Close: 7.74
2021-07-04 23:19:52 40      NOK: SPYKE!. Candle: ID:55444, Time: 16:45, Close: 7.5
2021-07-04 23:19:52 40      NOK: SPYKE!. Candle: ID:55448, Time: 16:45, Close: 7.74
2021-07-04 23:19:52 40      NOK: SPYKE!. Candle: ID:55455, Time: 16:45, Close: 7.74
2021-07-04 23:19:52 40      NOK: SPYKE!. Candle: ID:55460, Time: 16:45, Close: 7.5
2021-07-04 23:19:52 40      NOK: SPYKE!. Candle: ID:55477, Time: 16:45, Close: 7.5
2021-07-04 23:19:52 40      NOK: SPYKE!. Candle: ID:55488, Time: 16:45, Close: 8
2021-07-04 23:19:52 40      NOK: SPYKE!. Candle: ID:55500, Time: 16:45, Close: 7.74
2021-07-04 23:19:52 40      NOK: SPYKE!. Candle: ID:55504, Time: 16:45, Close: 8
2021-07-04 23:19:52 40      NOK: SPYKE!. Candle: ID:55512, Time: 16:45, Close: 8
2021-07-04 23:19:52 40      NOK: SPYKE!. Candle: ID:55520, Time: 16:45, Close: 7.73
2021-07-04 23:19:52 40      NOK: SPYKE!. Candle: ID:55536, Time: 16:45, Close: 7.73
2021-07-04 23:19:52 40      NOK: SPYKE!. Candle: ID:55542, Time: 16:45, Close: 7.74
2021-07-04 23:19:52 40      NOK: SPYKE!. Candle: ID:55549, Time: 16:45, Close: 8
2021-07-04 23:19:52 40      NOK: SPYKE!. Candle: ID:55556, Time: 16:45, Close: 7.73
2021-07-04 23:19:52 40      NOK: SPYKE!. Candle: ID:55569, Time: 16:45, Close: 8
2021-07-04 23:19:52 40      NOK: SPYKE!. Candle: ID:55578, Time: 16:45, Close: 7.74
2021-07-04 23:19:52 40      NOK: SPYKE!. Candle: ID:55585, Time: 16:45, Close: 7.74
2021-07-04 23:19:52 40      NOK: SPYKE!. Candle: ID:55602, Time: 16:45, Close: 8
2021-07-04 23:19:52 40      NOK: SPYKE!. Candle: ID:55613, Time: 16:45, Close: 8
2021-07-04 23:19:52 40      NOK: SPYKE!. Candle: ID:55632, Time: 16:45, Close: 7.74
2021-07-04 23:19:52 40      NOK: SPYKE!. Candle: ID:55645, Time: 16:45, Close: 8
2021-07-04 23:19:52 40      NOK: SPYKE!. Candle: ID:55648, Time: 16:45, Close: 7.74
2021-07-04 23:19:52 40      NOK: SPYKE!. Candle: ID:55695, Time: 16:45, Close: 7.7
2021-07-04 23:19:52 40      NOK: SPYKE!. Candle: ID:55720, Time: 16:45, Close: 8
2021-07-04 23:19:52 40      NOK: SPYKE!. Candle: ID:55742, Time: 16:45, Close: 7.52
2021-07-04 23:19:52 40      NOK: SPYKE!. Candle: ID:55745, Time: 16:45, Close: 7.31
2021-07-04 23:19:52 40      NOK: SPYKE!. Candle: ID:55786, Time: 16:45, Close: 7.23
2021-07-04 23:19:52 40      NOK: SPYKE!. Candle: ID:55789, Time: 16:45, Close: 7.5
2021-07-04 23:19:52 40      NOK: SPYKE!. Candle: ID:57102, Time: 16:50, Close: 6.82
2021-07-04 23:19:52 40      NOK: SPYKE!. Candle: ID:57104, Time: 16:50, Close: 7.29
2021-07-04 23:19:52 40      NOK: SPYKE!. Candle: ID:57111, Time: 16:50, Close: 7.38
2021-07-04 23:19:52 40      NOK: SPYKE!. Candle: ID:57112, Time: 16:50, Close: 7.41
2021-07-04 23:19:52 40      NOK: SPYKE!. Candle: ID:57196, Time: 16:50, Close: 7.35
2021-07-04 23:19:52 40      NOK: SPYKE!. Candle: ID:57554, Time: 16:50, Close: 7.45
2021-07-04 23:19:52 40      NOK: SPYKE!. Candle: ID:57559, Time: 16:50, Close: 7.45
2021-07-04 23:19:52 40      NOK: SPYKE!. Candle: ID:57571, Time: 16:50, Close: 7.12
2021-07-04 23:19:52 40      NOK: SPYKE!. Candle: ID:57574, Time: 16:50, Close: 7.39
2021-07-04 23:19:52 40      NOK: SPYKE!. Candle: ID:57575, Time: 16:50, Close: 7.46
2021-07-04 23:19:52 40      NOK: SPYKE!. Candle: ID:57578, Time: 16:50, Close: 7.12
2021-07-04 23:19:52 40      NOK: SPYKE!. Candle: ID:57581, Time: 16:50, Close: 7.43
2021-07-04 23:19:52 42      NOK: SPYKE!. Candle: ID:67301, Time: 17:00, Close: 6.65
2021-07-04 23:19:52 42      NOK: SPYKE!. Candle: ID:68192, Time: 17:05, Close: 6.02
2021-07-04 23:19:52 42      NOK: SPYKE!. Candle: ID:68193, Time: 17:05, Close: 6
2021-07-04 23:19:52 42      NOK: SPYKE!. Candle: ID:68197, Time: 17:05, Close: 6.17
2021-07-04 23:19:52 42      NOK: SPYKE!. Candle: ID:68199, Time: 17:05, Close: 5.85
2021-07-04 23:19:52 42      NOK: SPYKE!. Candle: ID:68200, Time: 17:05, Close: 6.36
2021-07-04 23:19:52 42      NOK: SPYKE!. Candle: ID:68201, Time: 17:05, Close: 6.51
2021-07-04 23:19:52 42      NOK: SPYKE!. Candle: ID:68202, Time: 17:05, Close: 6.49
2021-07-04 23:19:52 42      NOK: SPYKE!. Candle: ID:74503, Time: 17:15, Close: 6.89
2021-07-04 23:19:52 42      NOK: SPYKE!. Candle: ID:74509, Time: 17:15, Close: 6.89
2021-07-04 23:19:52 42      NOK: SPYKE!. Candle: ID:74524, Time: 17:15, Close: 6.52
2021-07-04 23:19:52 42      NOK: SPYKE!. Candle: ID:74526, Time: 17:15, Close: 6.89
2021-07-04 23:19:52 42      NOK: SPYKE!. Candle: ID:74533, Time: 17:15, Close: 6.89
2021-07-04 23:19:52 42      NOK: SPYKE!. Candle: ID:74535, Time: 17:15, Close: 6.89
2021-07-04 23:19:52 42      NOK: SPYKE!. Candle: ID:74557, Time: 17:15, Close: 6.89
2021-07-04 23:19:52 42      NOK: SPYKE!. Candle: ID:74589, Time: 17:15, Close: 6.89
2021-07-04 23:19:52 42      NOK: SPYKE!. Candle: ID:74590, Time: 17:15, Close: 6.89
2021-07-04 23:19:52 42      NOK: SPYKE!. Candle: ID:74593, Time: 17:15, Close: 6.54
2021-07-04 23:19:52 42      NOK: SPYKE!. Candle: ID:74594, Time: 17:15, Close: 6.52
2021-07-04 23:19:52 42      NOK: SPYKE!. Candle: ID:74597, Time: 17:15, Close: 6.89
2021-07-04 23:19:52 42      NOK: SPYKE!. Candle: ID:74599, Time: 17:15, Close: 6.88
2021-07-04 23:19:52 42      NOK: SPYKE!. Candle: ID:74603, Time: 17:15, Close: 6.88
2021-07-04 23:19:52 42      NOK: SPYKE!. Candle: ID:74606, Time: 17:15, Close: 6.88
2021-07-04 23:19:52 42      NOK: SPYKE!. Candle: ID:74607, Time: 17:15, Close: 6.88
2021-07-04 23:19:52 42      NOK: SPYKE!. Candle: ID:74608, Time: 17:15, Close: 6.54
2021-07-04 23:19:52 42      NOK: SPYKE!. Candle: ID:74609, Time: 17:15, Close: 6.53
2021-07-04 23:19:52 42      NOK: SPYKE!. Candle: ID:74613, Time: 17:15, Close: 6.88
2021-07-04 23:19:52 42      NOK: SPYKE!. Candle: ID:74618, Time: 17:15, Close: 6.52
2021-07-04 23:19:52 42      NOK: SPYKE!. Candle: ID:74619, Time: 17:15, Close: 6.52
2021-07-04 23:19:52 42      NOK: SPYKE!. Candle: ID:74627, Time: 17:15, Close: 6.88
2021-07-04 23:19:52 42      NOK: SPYKE!. Candle: ID:74628, Time: 17:15, Close: 6.88
2021-07-04 23:19:52 42      NOK: SPYKE!. Candle: ID:74629, Time: 17:15, Close: 6.54
2021-07-04 23:19:52 42      NOK: SPYKE!. Candle: ID:74631, Time: 17:15, Close: 6.54
2021-07-04 23:19:52 42      NOK: SPYKE!. Candle: ID:74643, Time: 17:15, Close: 6.58
2021-07-04 23:19:52 42      NOK: SPYKE!. Candle: ID:74649, Time: 17:15, Close: 6.86
2021-07-04 23:19:52 46      NOK: SPYKE!. Candle: ID:101828, Time: 18:30, Close: 6.72
2021-07-04 23:19:52 46      NOK: SPYKE!. Candle: ID:101854, Time: 18:30, Close: 6.74
2021-07-04 23:19:52 57      NOK: SPYKE!. Candle: ID:194225, Time: 21:00, Close: 6.55
2021-07-04 23:19:52 59      NOV_BBG000BJX8C8_2021-01-27
2021-07-04 23:19:52 62      NRG_BBG000D8RG11_2021-01-27
2021-07-04 23:19:52 65      NTAP_BBG000FP1N32_2021-01-27
2021-07-04 23:19:52 69      NTES_BBG000BX72V8_2021-01-27
2021-07-04 23:19:52 71      NTLA_BBG007KC7PB0_2021-01-27
2021-07-04 23:19:52 74      NTNX_BBG001NDW1Z7_2021-01-27
2021-07-04 23:19:52 76      NTRS_BBG000BQ74K1_2021-01-27
2021-07-04 23:19:52 78      NVDA_BBG000BBJQV0_2021-01-27
2021-07-04 23:19:52 89      NVTA_BBG005DJFD43_2021-01-27
2021-07-04 23:19:52 93      NWL_BBG000BQC9V2_2021-01-27
2021-07-04 23:19:52 96      NWSA_BBG0035LY913_2021-01-27
2021-07-04 23:19:52 98      NXPI_BBG000BND699_2021-01-27
2021-07-04 23:19:53 01      O_BBG000DHPN63_2021-01-27
2021-07-04 23:19:53 03      OIS_BBG000BDDN94_2021-01-27
2021-07-04 23:19:53 05      OKE_BBG000BQHGR6_2021-01-27
2021-07-04 23:19:53 07      OKTA_BBG001YV1SM4_2021-01-27
2021-07-04 23:19:53 10      OLLI_BBG0098VVDT9_2021-01-27
2021-07-04 23:19:53 12      OMC_BBG000BS9489_2021-01-27
2021-07-04 23:19:53 14      ON_BBG000DV7MX4_2021-01-27
2021-07-04 23:19:53 20      ORCL_BBG000BQLTW7_2021-01-27
2021-07-04 23:19:53 24      OSUR_BBG000J3D1Y8_2021-01-27
2021-07-04 23:19:53 25      OTIS_BBG00RP60KV0_2021-01-27
2021-07-04 23:19:53 26      OVV_BBG00R2NHQ65_2021-01-27
2021-07-04 23:19:53 28      OXY_BBG000BQQ2S6_2021-01-27
2021-07-04 23:19:53 33      PAGS_BBG00JM7QBR6_2021-01-27
2021-07-04 23:19:53 34      PBCT_BBG000BQT4L6_2021-01-27
2021-07-04 23:19:53 36      PBF_BBG002832GV8_2021-01-27
2021-07-04 23:19:53 42      PBF: SPYKE!. Candle: ID:19909, Time: 21:05, Close: 11.67
2021-07-04 23:19:53 42      PBF: SPYKE!. Candle: ID:19912, Time: 21:05, Close: 10.82
2021-07-04 23:19:53 42      PBI_BBG000BQTMJ9_2021-01-27
2021-07-04 23:19:53 57      PBI: SPYKE!. Candle: ID:9605, Time: 10:10, Close: 16.5
2021-07-04 23:19:53 57      PBI: SPYKE!. Candle: ID:9608, Time: 10:10, Close: 17.22
2021-07-04 23:19:53 57      PBI: SPYKE!. Candle: ID:9647, Time: 10:10, Close: 17.39
2021-07-04 23:19:53 57      PBI: SPYKE!. Candle: ID:9676, Time: 10:10, Close: 17.39
2021-07-04 23:19:53 57      PBI: SPYKE!. Candle: ID:9682, Time: 10:10, Close: 18.6
2021-07-04 23:19:53 57      PBI: SPYKE!. Candle: ID:9699, Time: 10:10, Close: 18.5
2021-07-04 23:19:53 57      PBI: SPYKE!. Candle: ID:9702, Time: 10:10, Close: 18.69
2021-07-04 23:19:53 57      PBI: SPYKE!. Candle: ID:9722, Time: 10:10, Close: 18.5
2021-07-04 23:19:53 57      PBI: SPYKE!. Candle: ID:9767, Time: 10:10, Close: 18.5
2021-07-04 23:19:53 57      PBI: SPYKE!. Candle: ID:9774, Time: 10:10, Close: 18.5
2021-07-04 23:19:53 57      PBI: SPYKE!. Candle: ID:9784, Time: 10:10, Close: 18.5
2021-07-04 23:19:53 57      PBI: SPYKE!. Candle: ID:14388, Time: 10:55, Close: 19.47
2021-07-04 23:19:53 57      PBI: SPYKE!. Candle: ID:14442, Time: 10:55, Close: 19.48
2021-07-04 23:19:53 57      PBI: SPYKE!. Candle: ID:14538, Time: 10:55, Close: 17.51
2021-07-04 23:19:53 57      PBI: SPYKE!. Candle: ID:14548, Time: 10:55, Close: 17.75
2021-07-04 23:19:53 57      PBI: SPYKE!. Candle: ID:14734, Time: 10:55, Close: 18
2021-07-04 23:19:53 57      PBI: SPYKE!. Candle: ID:14735, Time: 10:55, Close: 18.1
2021-07-04 23:19:53 58      PBI: SPYKE!. Candle: ID:16624, Time: 11:05, Close: 17.9
2021-07-04 23:19:53 59      PBI: SPYKE!. Candle: ID:20318, Time: 11:30, Close: 15
2021-07-04 23:19:53 59      PBI: SPYKE!. Candle: ID:20326, Time: 11:30, Close: 14
2021-07-04 23:19:53 59      PBI: SPYKE!. Candle: ID:20329, Time: 11:30, Close: 14.93
2021-07-04 23:19:53 59      PBI: SPYKE!. Candle: ID:20334, Time: 11:30, Close: 14.93
2021-07-04 23:19:53 59      PBI: SPYKE!. Candle: ID:20345, Time: 11:30, Close: 14.25
2021-07-04 23:19:53 59      PBI: SPYKE!. Candle: ID:20346, Time: 11:30, Close: 14.01
2021-07-04 23:19:53 59      PBI: SPYKE!. Candle: ID:20355, Time: 11:30, Close: 14.95
2021-07-04 23:19:53 59      PBI: SPYKE!. Candle: ID:20356, Time: 11:30, Close: 14.95
2021-07-04 23:19:53 59      PBI: SPYKE!. Candle: ID:20371, Time: 11:30, Close: 14.1
2021-07-04 23:19:53 59      PBI: SPYKE!. Candle: ID:20375, Time: 11:30, Close: 14.11
2021-07-04 23:19:53 59      PBI: SPYKE!. Candle: ID:20376, Time: 11:30, Close: 14.15
2021-07-04 23:19:53 59      PBI: SPYKE!. Candle: ID:20378, Time: 11:30, Close: 14.93
2021-07-04 23:19:53 59      PBI: SPYKE!. Candle: ID:20379, Time: 11:30, Close: 15
2021-07-04 23:19:53 59      PBI: SPYKE!. Candle: ID:20382, Time: 11:30, Close: 14.11
2021-07-04 23:19:53 59      PBI: SPYKE!. Candle: ID:20383, Time: 11:30, Close: 14.2
2021-07-04 23:19:53 59      PBI: SPYKE!. Candle: ID:20384, Time: 11:30, Close: 14.93
2021-07-04 23:19:53 59      PBI: SPYKE!. Candle: ID:20385, Time: 11:30, Close: 14.93
2021-07-04 23:19:53 59      PBI: SPYKE!. Candle: ID:20389, Time: 11:30, Close: 14.2
2021-07-04 23:19:53 59      PBI: SPYKE!. Candle: ID:20392, Time: 11:30, Close: 14.2
2021-07-04 23:19:53 59      PBI: SPYKE!. Candle: ID:20396, Time: 11:30, Close: 14.2
2021-07-04 23:19:53 59      PBI: SPYKE!. Candle: ID:20400, Time: 11:30, Close: 14.21
2021-07-04 23:19:53 59      PBI: SPYKE!. Candle: ID:20422, Time: 11:30, Close: 14.41
2021-07-04 23:19:53 59      PBI: SPYKE!. Candle: ID:20643, Time: 11:30, Close: 15
2021-07-04 23:19:53 59      PBI: SPYKE!. Candle: ID:20659, Time: 11:30, Close: 15.1
2021-07-04 23:19:53 59      PBI: SPYKE!. Candle: ID:20665, Time: 11:30, Close: 15.85
2021-07-04 23:19:53 59      PBI: SPYKE!. Candle: ID:20669, Time: 11:30, Close: 15.85
2021-07-04 23:19:53 59      PBI: SPYKE!. Candle: ID:20670, Time: 11:30, Close: 15.02
2021-07-04 23:19:53 59      PBI: SPYKE!. Candle: ID:20677, Time: 11:35, Close: 15.78
2021-07-04 23:19:53 59      PBI: SPYKE!. Candle: ID:20682, Time: 11:35, Close: 15
2021-07-04 23:19:53 62      PBI: SPYKE!. Candle: ID:33448, Time: 14:30, Close: 14.98
2021-07-04 23:19:53 62      PBI: SPYKE!. Candle: ID:33532, Time: 14:30, Close: 13.89
2021-07-04 23:19:53 62      PBI: SPYKE!. Candle: ID:33604, Time: 14:30, Close: 13.78
2021-07-04 23:19:53 62      PBI: SPYKE!. Candle: ID:33628, Time: 14:30, Close: 13.78
2021-07-04 23:19:53 62      PBI: SPYKE!. Candle: ID:33685, Time: 14:30, Close: 13.79
2021-07-04 23:19:53 62      PBI: SPYKE!. Candle: ID:33686, Time: 14:30, Close: 13.77
2021-07-04 23:19:53 62      PBI: SPYKE!. Candle: ID:33784, Time: 14:30, Close: 13.74
2021-07-04 23:19:53 62      PBI: SPYKE!. Candle: ID:33790, Time: 14:30, Close: 13.72
2021-07-04 23:19:53 62      PBI: SPYKE!. Candle: ID:33831, Time: 14:30, Close: 13.71
2021-07-04 23:19:53 62      PBI: SPYKE!. Candle: ID:34082, Time: 14:30, Close: 13.57
2021-07-04 23:19:53 62      PBI: SPYKE!. Candle: ID:34207, Time: 14:30, Close: 13.47
2021-07-04 23:19:53 62      PBI: SPYKE!. Candle: ID:34211, Time: 14:30, Close: 13.5
2021-07-04 23:19:53 62      PBI: SPYKE!. Candle: ID:34241, Time: 14:30, Close: 13.43
2021-07-04 23:19:53 62      PBI: SPYKE!. Candle: ID:34249, Time: 14:30, Close: 13.81
2021-07-04 23:19:53 62      PBI: SPYKE!. Candle: ID:34264, Time: 14:30, Close: 14
2021-07-04 23:19:53 62      PBI: SPYKE!. Candle: ID:34290, Time: 14:30, Close: 13.32
2021-07-04 23:19:53 62      PBI: SPYKE!. Candle: ID:34299, Time: 14:30, Close: 13.82
2021-07-04 23:19:53 62      PBI: SPYKE!. Candle: ID:34357, Time: 14:30, Close: 13.46
2021-07-04 23:19:53 62      PBI: SPYKE!. Candle: ID:34370, Time: 14:30, Close: 13.36
2021-07-04 23:19:53 62      PBI: SPYKE!. Candle: ID:34651, Time: 14:30, Close: 12.99
2021-07-04 23:19:53 62      PBI: SPYKE!. Candle: ID:34676, Time: 14:30, Close: 12.84
2021-07-04 23:19:53 62      PBI: SPYKE!. Candle: ID:34695, Time: 14:30, Close: 12.78
2021-07-04 23:19:53 62      PBI: SPYKE!. Candle: ID:34741, Time: 14:30, Close: 13.25
2021-07-04 23:19:53 62      PBI: SPYKE!. Candle: ID:34746, Time: 14:30, Close: 12.67
2021-07-04 23:19:53 62      PBI: SPYKE!. Candle: ID:34754, Time: 14:30, Close: 12.65
2021-07-04 23:19:53 62      PBI: SPYKE!. Candle: ID:34813, Time: 14:30, Close: 12.59
2021-07-04 23:19:53 66      PCAR_BBG000BQVTF5_2021-01-27
2021-07-04 23:19:53 69      PCG_BBG000BQWPC5_2021-01-27
2021-07-04 23:19:53 71      PDCO_BBG000BQY289_2021-01-27
2021-07-04 23:19:53 72      PEAK_BBG000BKYDP9_2021-01-27
2021-07-04 23:19:53 75      PEG_BBG000BQZMH4_2021-01-27
2021-07-04 23:19:53 77      PEP_BBG000DH7JK6_2021-01-27
2021-07-04 23:19:53 82      PFE_BBG000BR2B91_2021-01-27
2021-07-04 23:19:53 93      PFG_BBG000NSCNT7_2021-01-27
2021-07-04 23:19:53 95      PG_BBG000BR2TH3_2021-01-27
2021-07-04 23:19:54 01      PGR_BBG000BR37X2_2021-01-27
2021-07-04 23:19:54 03      PHM_BBG000BR54L0_2021-01-27
2021-07-04 23:19:54 05      PINS_BBG002583CV8_2021-01-27
2021-07-04 23:19:54 10      PINS: BuyPending. Strategy: BuyTheDipPremarket. Price: 67.84. Lots: 3. ChangeOpenToCurrent: -4.87. changeFromLow: 0.94. Candle: ID:10, Time: 7:00, Close: 67.84.
2021-07-04 23:19:54 10      PINS: OrderID: 76d674cb. PlacedOrder. Status: New. RejectReason: 
2021-07-04 23:19:54 10      PINS: OrderID: 76d674cb partially executed. Executed lots: 1. OrderStatus: 1/3 lots
2021-07-04 23:19:54 10      PINS: OrderID: 76d674cb fully executed
2021-07-04 23:19:54 10      PINS: Closing. Close price: 70. Lots: 3. CandleChange: -0.43%. ChangeFromCandleHigh: -0.48%. Profit: 2.16(3.18%). Candle: ID:82, Time: 7:05, Close: 70
2021-07-04 23:19:54 10      PINS: OrderID: 40dcf047. PlacedOrder. Status: New. RejectReason: 
2021-07-04 23:19:54 10      PINS: OrderID: 40dcf047 fully executed
2021-07-04 23:19:54 13      PLAN_BBG002DZS299_2021-01-27
2021-07-04 23:19:54 15      PLAY_BBG001WWJTK5_2021-01-27
2021-07-04 23:19:54 17      PLCE_BBG000JK9DK4_2021-01-27
2021-07-04 23:19:54 18      PLD_BBG000B9Z0J8_2021-01-27
2021-07-04 23:19:54 21      PLNT_BBG009H04M17_2021-01-27
2021-07-04 23:19:54 22      PM_BBG000J2XL74_2021-01-27
2021-07-04 23:19:54 24      PNC_BBG000BRD0D8_2021-01-27
2021-07-04 23:19:54 26      PPC_BBG000BFLXV3_2021-01-27
2021-07-04 23:19:54 27      PPL_BBG000BRJL00_2021-01-27
2021-07-04 23:19:54 29      PRU_BBG000HCJMF9_2021-01-27
2021-07-04 23:19:54 31      PSTG_BBG00212PVZ5_2021-01-27
2021-07-04 23:19:54 33      PSX_BBG00286S4N9_2021-01-27
2021-07-04 23:19:54 35      PTON_BBG00JG0FFZ2_2021-01-27
2021-07-04 23:19:54 39      PXD_BBG000BXRPH1_2021-01-27
2021-07-04 23:19:54 41      PYPL_BBG0077VNXV6_2021-01-27
2021-07-04 23:19:54 54      QCOM_BBG000CGC1X8_2021-01-27
2021-07-04 23:19:54 60      QDEL_BBG000C6GN04_2021-01-27
2021-07-04 23:19:54 62      QRTEA_BBG000PCQQL6_2021-01-27
2021-07-04 23:19:54 65      QRVO_BBG007TJF1N7_2021-01-27
2021-07-04 23:19:54 68      RCL_BBG000BB5792_2021-01-27
2021-07-04 23:19:54 70      RDFN_BBG001Q7HP63_2021-01-27
2021-07-04 23:19:54 71      RDS.A_BBG000QXSSS6_2021-01-27
2021-07-04 23:19:54 74      REG_BBG000BL46Q4_2021-01-27
2021-07-04 23:19:54 75      REGN_BBG000C734W3_2021-01-27
2021-07-04 23:19:54 78      RF_BBG000Q3JN03_2021-01-27
2021-07-04 23:19:54 81      ROKU_BBG001ZZPQJ6_2021-01-27
2021-07-04 23:19:54 87      ROST_BBG000BSBZH7_2021-01-27
2021-07-04 23:19:54 90      RRC_BBG000FVXD63_2021-01-27
2021-07-04 23:19:54 92      RRC: SPYKE!. Candle: ID:108, Time: 10:20, Close: 9.2
2021-07-04 23:19:54 92      RRC: SPYKE!. Candle: ID:109, Time: 10:20, Close: 9.45
2021-07-04 23:19:54 92      RRC: SPYKE!. Candle: ID:112, Time: 10:20, Close: 8.98
2021-07-04 23:19:54 94      RRGB_BBG000MXH9C1_2021-01-27
2021-07-04 23:19:54 94      RTX_BBG000BW8S60_2021-01-27
2021-07-04 23:19:54 99      SAVE_BBG000BF6RQ9_2021-01-27
2021-07-04 23:19:55 02      SBGI_BBG000F2XXP2_2021-01-27
2021-07-04 23:19:55 03      SBRA_BBG000MTDW24_2021-01-27
2021-07-04 23:19:55 05      SBUX_BBG000CTQBF3_2021-01-27
2021-07-04 23:19:55 16      SCHW_BBG000BSLZY7_2021-01-27
2021-07-04 23:19:55 21      SDGR_BBG000T88BN2_2021-01-27
2021-07-04 23:19:55 23      SEDG_BBG0084BBZY6_2021-01-27
2021-07-04 23:19:55 32      SFIX_BBG0046L1KL9_2021-01-27
2021-07-04 23:19:55 36      SFM_BBG001KFKQM7_2021-01-27
2021-07-04 23:19:55 39      SGEN_BBG000BH0FR6_2021-01-27
2021-07-04 23:19:55 43      SIG_BBG000C4ZZ10_2021-01-27
2021-07-04 23:19:55 45      SIG: SPYKE!. Candle: ID:4677, Time: 22:35, Close: 40.65
2021-07-04 23:19:55 46      SLB_BBG000BT41Q8_2021-01-27
2021-07-04 23:19:55 51      SLG_BBG000BVP5P2_2021-01-27
2021-07-04 23:19:55 55      SMAR_BBG00GQK3WB5_2021-01-27
2021-07-04 23:19:55 57      SNAP_BBG00441QMJ7_2021-01-27
2021-07-04 23:19:55 65      SNPS_BBG000BSFRF3_2021-01-27
2021-07-04 23:19:55 67      SNY_BBG000BBD5N1_2021-01-27
2021-07-04 23:19:55 69      SO_BBG000BT9DW0_2021-01-27
2021-07-04 23:19:55 72      SONO_BBG001JZPSQ2_2021-01-27
2021-07-04 23:19:55 74      SPCE_BBG00HTN2CQ3_2021-01-27
2021-07-04 23:19:56 34      SPG_BBG000BJ2D31_2021-01-27
2021-07-04 23:19:56 37      SPLK_BBG001C7TST4_2021-01-27
2021-07-04 23:19:56 42      SPR_BBG000PRJ2Z9_2021-01-27
2021-07-04 23:19:56 45      SQ_BBG0018SLC07_2021-01-27
2021-07-04 23:19:56 53      SSNC_BBG000RJ2J04_2021-01-27
2021-07-04 23:19:56 55      STLD_BBG000HGYNZ9_2021-01-27
2021-07-04 23:19:56 58      STT_BBG000BKFBD7_2021-01-27
2021-07-04 23:19:56 59      STX_BBG000F0KF42_2021-01-27
2021-07-04 23:19:56 59      Warning: figi `BBG000F0KF42` for history data does not match actual figi `BBG0113JGQF0`. Ticker: STX. Will be used actual!
2021-07-04 23:19:56 65      SWBI_BBG000BM0QL7_2021-01-27
2021-07-04 23:19:56 68      SWKS_BBG000KLB4Q1_2021-01-27
2021-07-04 23:19:56 71      SWN_BBG000BTR593_2021-01-27
2021-07-04 23:19:56 75      SYF_BBG00658F3P3_2021-01-27
2021-07-04 23:19:56 79      SYY_BBG000BTVJ25_2021-01-27
2021-07-04 23:19:56 80      T_BBG000BSJK37_2021-01-27
2021-07-04 23:19:56 90      TAL_BBG0016XJ8S0_2021-01-27
2021-07-04 23:19:56 92      TAP_BBG000BS7KS3_2021-01-27
2021-07-04 23:19:56 93      TDOC_BBG0019T5SG0_2021-01-27
2021-07-04 23:19:56 96      TENB_BBG00LBLCD02_2021-01-27
2021-07-04 23:19:56 97      TER_BBG000BV4DR6_2021-01-27
2021-07-04 23:19:57 01      TFC_BBG000BYYLS8_2021-01-27
2021-07-04 23:19:57 03      TGT_BBG000H8TVT2_2021-01-27
2021-07-04 23:19:57 07      TJX_BBG000BV8DN6_2021-01-27
2021-07-04 23:19:57 11      TMUS_BBG000NDV1D4_2021-01-27
2021-07-04 23:19:57 15      TOL_BBG000BVHBM1_2021-01-27
2021-07-04 23:19:57 16      TOT_BBG000CHZ857_2021-01-27
2021-07-04 23:19:57 16      Warning: figi `BBG000CHZ857` for history data does not match actual figi `IZHBULDINKDK`. Ticker: TOT. Will be used actual!
2021-07-04 23:19:57 18      TPR_BBG000BY29C7_2021-01-27
2021-07-04 23:19:57 21      TRIP_BBG001M8HHB7_2021-01-27
2021-07-04 23:19:57 24      TRMB_BBG000BNPS52_2021-01-27
2021-07-04 23:19:57 26      TROW_BBG000BVMPN3_2021-01-27
2021-07-04 23:19:57 28      TSCO_BBG000BLXZN1_2021-01-27
2021-07-04 23:19:57 30      TSLA_BBG000N9MNX3_2021-01-27
2021-07-04 23:19:57 73      TSM_BBG000BD8ZK0_2021-01-27
2021-07-04 23:19:57 81      TSN_BBG000DKCC19_2021-01-27
2021-07-04 23:19:57 83      TTD_BBG00629NGT2_2021-01-27
2021-07-04 23:19:57 85      TTM_BBG000PVGDH9_2021-01-27
2021-07-04 23:19:57 86      TTMI_BBG000BYQ0B1_2021-01-27
2021-07-04 23:19:57 88      TTWO_BBG000BS1YV5_2021-01-27
2021-07-04 23:19:57 90      TWLO_BBG0029ZX840_2021-01-27
2021-07-04 23:19:57 92      TWNK_BBG00B6KGNN1_2021-01-27
2021-07-04 23:19:57 93      TWOU_BBG001KS9450_2021-01-27
2021-07-04 23:19:57 94      TWTR_BBG000H6HNW3_2021-01-27
2021-07-04 23:19:58 01      TXN_BBG000BVV7G1_2021-01-27
2021-07-04 23:19:58 06      TXRH_BBG000PSJMV7_2021-01-27
2021-07-04 23:19:58 08      UA_BBG009DTD8H2_2021-01-27
2021-07-04 23:19:58 10      UAA_BBG000BXM6V2_2021-01-27
2021-07-04 23:19:58 12      UAL_BBG000M65M61_2021-01-27
2021-07-04 23:19:58 19      UBER_BBG002B04MT8_2021-01-27
2021-07-04 23:19:58 28      UDR_BBG000C41023_2021-01-27
2021-07-04 23:19:58 29      ULTA_BBG00FWQ4VD6_2021-01-27
2021-07-04 23:19:58 31      UNH_BBG000CH5208_2021-01-27
2021-07-04 23:19:58 34      UNM_BBG000BW2QX0_2021-01-27
2021-07-04 23:19:58 35      UNP_BBG000BW3299_2021-01-27
2021-07-04 23:19:58 37      UNVR_BBG000BDHD29_2021-01-27
2021-07-04 23:19:58 38      UPS_BBG000L9CV04_2021-01-27
2021-07-04 23:19:58 40      UPWK_BBG00FBJ6390_2021-01-27
2021-07-04 23:19:58 42      UPWK: SPYKE!. Candle: ID:5336, Time: 21:35, Close: 42.02
2021-07-04 23:19:58 42      URBN_BBG000BL79J3_2021-01-27
2021-07-04 23:19:58 44      USB_BBG000FFDM15_2021-01-27
2021-07-04 23:19:58 48      USFD_BBG00C6H6D40_2021-01-27
2021-07-04 23:19:58 49      V_BBG000PSKYX7_2021-01-27
2021-07-04 23:19:58 57      VALE_BBG000BN5LG7_2021-01-27
2021-07-04 23:19:58 60      VFC_BBG000BWCKB6_2021-01-27
2021-07-04 23:19:58 62      VG_BBG000BRB5D9_2021-01-27
2021-07-04 23:19:58 63      VG: SPYKE!. Candle: ID:3857, Time: 22:40, Close: 13.95
2021-07-04 23:19:58 64      VIAC_BBG000C496P7_2021-01-27
2021-07-04 23:19:58 68      VIAC: SPYKE!. Candle: ID:2415, Time: 14:45, Close: 56
2021-07-04 23:19:58 68      VIAC: SPYKE!. Candle: ID:2421, Time: 14:45, Close: 57.75
2021-07-04 23:19:58 68      VIAC: SPYKE!. Candle: ID:2422, Time: 14:45, Close: 57.75
2021-07-04 23:19:58 68      VIAC: SPYKE!. Candle: ID:2622, Time: 14:50, Close: 56.37
2021-07-04 23:19:58 68      VIAC: SPYKE!. Candle: ID:2623, Time: 14:50, Close: 55
2021-07-04 23:19:58 68      VIAC: SPYKE!. Candle: ID:2624, Time: 14:50, Close: 55
2021-07-04 23:19:58 68      VIAC: SPYKE!. Candle: ID:2689, Time: 14:55, Close: 53.26
2021-07-04 23:19:58 72      VIPS_BBG002NLDLV8_2021-01-27
2021-07-04 23:19:58 75      VLO_BBG000BBGGQ1_2021-01-27
2021-07-04 23:19:58 78      VNO_BBG000BWHD54_2021-01-27
2021-07-04 23:19:58 79      VRSK_BBG000BCZL41_2021-01-27
2021-07-04 23:19:58 81      VRTX_BBG000C1S2X2_2021-01-27
2021-07-04 23:19:58 84      VTR_BBG000FRVHB9_2021-01-27
2021-07-04 23:19:58 85      VZ_BBG000HS77T5_2021-01-27
2021-07-04 23:19:58 92      W_BBG001B17MV2_2021-01-27
2021-07-04 23:19:58 94      WB_BBG0065XPGX9_2021-01-27
2021-07-04 23:19:58 97      WBA_BBG000BWLMJ4_2021-01-27
2021-07-04 23:19:59 04      WDAY_BBG000VC0T95_2021-01-27
2021-07-04 23:19:59 07      WDC_BBG000BWNFZ9_2021-01-27
2021-07-04 23:19:59 13      WELL_BBG000BKY1G5_2021-01-27
2021-07-04 23:19:59 14      WERN_BBG000BWPP85_2021-01-27
2021-07-04 23:19:59 15      WERN: SPYKE!. Candle: ID:1841, Time: 21:05, Close: 43.29
2021-07-04 23:19:59 15      WERN: SPYKE!. Candle: ID:1842, Time: 21:05, Close: 43.57
2021-07-04 23:19:59 15      WFC_BBG000BWQFY7_2021-01-27
2021-07-04 23:19:59 22      WLTW_BBG000DB3KT1_2021-01-27
2021-07-04 23:19:59 24      WMB_BBG000BWVCP8_2021-01-27
2021-07-04 23:19:59 26      WMT_BBG000BWXBC2_2021-01-27
2021-07-04 23:19:59 31      WORK_BBG007G7V505_2021-01-27
2021-07-04 23:19:59 34      WRK_BBG008NXC572_2021-01-27
2021-07-04 23:19:59 35      WSC_BBG00B0FS947_2021-01-27
2021-07-04 23:19:59 37      WU_BBG000BB5373_2021-01-27
2021-07-04 23:19:59 40      WY_BBG000BX3BL3_2021-01-27
2021-07-04 23:19:59 42      WYNN_BBG000LD9JQ8_2021-01-27
2021-07-04 23:19:59 45      XEL_BBG000BCTQ65_2021-01-27
2021-07-04 23:19:59 48      XLNX_BBG000C0F570_2021-01-27
2021-07-04 23:19:59 52      XOM_BBG000GZQ728_2021-01-27
2021-07-04 23:19:59 60      XRAY_BBG000BX57K1_2021-01-27
2021-07-04 23:19:59 63      XRX_BBG00NNG2ZJ8_2021-01-27
2021-07-04 23:19:59 65      YUM_BBG000BH3GZ2_2021-01-27
2021-07-04 23:19:59 66      YUMC_BBG00B8N0HG1_2021-01-27
2021-07-04 23:19:59 68      YY_BBG003H0XV18_2021-01-27
2021-07-04 23:19:59 69      Z_BBG009NRSWJ4_2021-01-27
2021-07-04 23:19:59 74      ZGNX_BBG000VDC3G9_2021-01-27
2021-07-04 23:19:59 75      ZION_BBG000BX9WL1_2021-01-27
2021-07-04 23:19:59 78      ZM_BBG0042V6JM8_2021-01-27
2021-07-04 23:19:59 82      ZS_BBG003338H34_2021-01-27
2021-07-04 23:19:59 85      ZYNE_BBG007BBS8B7_2021-01-27
2021-07-04 23:19:59 90      ZYXI_BBG000BJBXZ2_2021-01-27
2021-07-04 23:19:59 93      ZYXI: BuyPending. Strategy: BuyTheDipPremarket. Price: 17.51. Lots: 14. ChangeOpenToCurrent: -4.32. changeFromLow: 0.86. Candle: ID:2255, Time: 11:55, Close: 17.51.
2021-07-04 23:19:59 93      ZYXI: OrderID: 788b94e7. PlacedOrder. Status: New. RejectReason: 
2021-07-04 23:19:59 94      ZYXI: OrderID: 788b94e7 fully executed
2021-07-04 23:19:59 94      ZYXI: Closing. Close price: 18.26. Lots: 14. CandleChange: -0.22%. ChangeFromCandleHigh: -0.49%. Profit: 0.75(4.28%). Candle: ID:2471, Time: 12:00, Close: 18.26
2021-07-04 23:19:59 94      ZYXI: OrderID: cfb30714. PlacedOrder. Status: New. RejectReason: 
2021-07-04 23:19:59 94      ZYXI: OrderID: cfb30714 partially executed. Executed lots: 1. OrderStatus: 1/14 lots
2021-07-04 23:19:59 94      ZYXI: OrderID: cfb30714 partially executed. Executed lots: 1. OrderStatus: 2/14 lots
2021-07-04 23:19:59 94      ZYXI: OrderID: cfb30714 partially executed. Executed lots: 5. OrderStatus: 7/14 lots
2021-07-04 23:19:59 94      ZYXI: OrderID: cfb30714 fully executed
2021-07-04 23:19:59 95      ZYXI: SPYKE!. Candle: ID:15914, Time: 21:25, Close: 20.7
2021-07-04 23:19:59 95      Total candles read: 6201265
2021-07-04 23:19:59 95      Start DisposeAsync...
2021-07-04 23:19:59 95      Trade statistic. Total/Pos/Neg/(ratio): 7/6/0/(0.0); Profit: 31.05/4.44; Volume: 0; MaxVolume: 480.72; Commission: 1.630385;
2021-07-04 23:19:59 96      BaseBot::DisposeAsync...
2021-07-04 23:19:59 96      BaseBot::DisposeAsync done!
2021-07-04 23:19:59 96      End DisposeAsync...
