2021-05-30 21:37:10 29      mode=TestTradeBot;DumpQuotes=false;SubscribeQuotes=false;Strategies=GoodGrowStrategy;Token=token.txt;ConfigPath=usd.json;CandlesPath=C:\tinkoff\TestData\RawQuotes\5m\uncompressed\new\quotes_2021-02-17;
2021-05-30 21:37:10 30      Trade bot created
2021-05-30 21:37:10 33      Fake connection created
2021-05-30 21:37:10 98      List of disabled tickers: 
2021-05-30 21:37:10 99      AA_BBG00B3T3HD3_2021-02-17
2021-05-30 21:37:11 08      AAL_BBG005P7Q881_2021-02-17
2021-05-30 21:37:11 13      AAL: BuyPending. Strategy: GoodGrowStrategy. Price: 18.17. StopLoss: 17.92. Candle: ID:4553, Time: 15:45, Close: 18.17. Details: Reason: DayMax: 17.81. Current change: +2.02%
2021-05-30 21:37:11 13      AAL: OrderID: 80999ccd. PlacedOrder. Status: New. RejectReason: 
2021-05-30 21:37:11 14      AAL: OrderID: 80999ccd fully executed
2021-05-30 21:37:11 14      AAL: Pulling stop loss to current price. Price: 18.14. MaxPrice: 18.3. Candle: ID:5372, Time: 16:00, Close: 18.3.
2021-05-30 21:37:11 14      AAL: Pulling stop loss to current price. Price: 18.2. MaxPrice: 18.3. Candle: ID:5936, Time: 16:10, Close: 18.29.
2021-05-30 21:37:11 14      AAL: SL reached. Pending. Close price: 18.19. Candle: ID:6037, Time: 16:10, Close: 18.19. Profit: 0.02(0.11%)
2021-05-30 21:37:11 14      AAL: OrderID: 8ff8930f. PlacedOrder. Status: New. RejectReason: 
2021-05-30 21:37:11 14      AAL: OrderID: 8ff8930f fully executed
2021-05-30 21:37:11 18      AAPL_BBG000B9XRY4_2021-02-17
2021-05-30 21:37:11 65      ABBV_BBG0025Y4RY4_2021-02-17
2021-05-30 21:37:11 74      ABNB_BBG001Y2XS07_2021-02-17
2021-05-30 21:37:11 81      ABT_BBG000B9ZXB4_2021-02-17
2021-05-30 21:37:11 84      ACAD_BBG000BHG9K0_2021-02-17
2021-05-30 21:37:11 88      ACH_BBG000CMRVH1_2021-02-17
2021-05-30 21:37:11 90      ADBE_BBG000BB5006_2021-02-17
2021-05-30 21:37:11 96      ADM_BBG000BB6WG8_2021-02-17
2021-05-30 21:37:11 97      ADP_BBG000JG0547_2021-02-17
2021-05-30 21:37:12 01      ADSK_BBG000BM7HL0_2021-02-17
2021-05-30 21:37:12 04      AES_BBG000C23KJ3_2021-02-17
2021-05-30 21:37:12 05      AFL_BBG000BBBNC6_2021-02-17
2021-05-30 21:37:12 08      AIG_BBG000BBDZG3_2021-02-17
2021-05-30 21:37:12 08      AIG: BuyPending. Strategy: GoodGrowStrategy. Price: 42.57. StopLoss: 41.31. Candle: ID:75, Time: 13:50, Close: 42.57. Details: Reason: DayMax: 41.61. Current change: +2.31%
2021-05-30 21:37:12 08      AIG: OrderID: 76a8b0cb. PlacedOrder. Status: New. RejectReason: 
2021-05-30 21:37:12 08      AIG: OrderID: 76a8b0cb fully executed
2021-05-30 21:37:12 08      AIG: Pulling stop loss to current price. Price: 42.48. MaxPrice: 42.65. Candle: ID:90, Time: 14:00, Close: 42.75.
2021-05-30 21:37:12 08      AIG: SL reached. Pending. Close price: 42.46. Candle: ID:92, Time: 14:00, Close: 42.46. Profit: -0.11(-0.26%)
2021-05-30 21:37:12 08      AIG: OrderID: 95ca4313. PlacedOrder. Status: New. RejectReason: 
2021-05-30 21:37:12 08      AIG: OrderID: 95ca4313 fully executed
2021-05-30 21:37:12 11      AKAM_BBG000BJQWD2_2021-02-17
2021-05-30 21:37:12 14      ALK_BBG000BBL0Y1_2021-02-17
2021-05-30 21:37:12 15      ALL_BBG000BVMGF2_2021-02-17
2021-05-30 21:37:12 18      ALXN_BBG000G30YX4_2021-02-17
2021-05-30 21:37:12 21      AMAT_BBG000BBPFB9_2021-02-17
2021-05-30 21:37:12 28      AMCX_BBG000H01H92_2021-02-17
2021-05-30 21:37:12 30      AMD_BBG000BBQCY0_2021-02-17
2021-05-30 21:37:12 50      AMGN_BBG000BBS2Y0_2021-02-17
2021-05-30 21:37:12 54      AMZN_BBG000BVPV84_2021-02-17
2021-05-30 21:37:12 63      ANGI_BBG00HVKH3Q0_2021-02-17
2021-05-30 21:37:12 65      APA_BBG000BC2C10_2021-02-17
2021-05-30 21:37:12 65      Warning: figi `BBG000BC2C10` for history data does not match actual figi `BBG00YTS96G2`. Ticker: APA. Will be used actual!
2021-05-30 21:37:12 69      APLE_BBG006473QX9_2021-02-17
2021-05-30 21:37:12 70      APTV_BBG001QD41M9_2021-02-17
2021-05-30 21:37:12 72      ARCT_BBG00NNW8JK1_2021-02-17
2021-05-30 21:37:12 75      ARMK_BBG001KY4N87_2021-02-17
2021-05-30 21:37:12 76      ARWR_BBG000BRVKH0_2021-02-17
2021-05-30 21:37:12 78      ATRA_BBG005Q3MQY4_2021-02-17
2021-05-30 21:37:12 81      ATUS_BBG00GFMPRK0_2021-02-17
2021-05-30 21:37:12 84      ATVI_BBG000CVWGS6_2021-02-17
2021-05-30 21:37:12 88      AVGO_BBG00KHY5S69_2021-02-17
2021-05-30 21:37:12 93      AXP_BBG000BCQZS4_2021-02-17
2021-05-30 21:37:12 97      BA_BBG000BCSST7_2021-02-17
2021-05-30 21:37:13 02      BABA_BBG006G2JVL2_2021-02-17
2021-05-30 21:37:13 15      BAC_BBG000BCTLF6_2021-02-17
2021-05-30 21:37:13 24      BAX_BBG000BCVJ77_2021-02-17
2021-05-30 21:37:13 26      BBBY_BBG000CSY9H9_2021-02-17
2021-05-30 21:37:13 30      BBY_BBG000BCWCG1_2021-02-17
2021-05-30 21:37:13 33      BEN_BBG000BD0TF8_2021-02-17
2021-05-30 21:37:13 36      BHF_BBG00DYPZ4T0_2021-02-17
2021-05-30 21:37:13 37      BIDU_BBG000QXWHD1_2021-02-17
2021-05-30 21:37:13 49      BIDU: BuyPending. Strategy: GoodGrowStrategy. Price: 317.74. StopLoss: 309.3. Candle: ID:24969, Time: 21:30, Close: 317.74. Details: Reason: DayMax: 311.29. Current change: +2.07%
2021-05-30 21:37:13 49      BIDU: OrderID: cac35227. PlacedOrder. Status: New. RejectReason: 
2021-05-30 21:37:13 49      BIDU: OrderID: cac35227 fully executed
2021-05-30 21:37:13 50      BIDU: Price does not grow. Try to set TakeProfit. Price: 317.10. Candle: ID:25564, Time: 21:50, Close: 316.6.
2021-05-30 21:37:13 50      BIDU: Price does not grow. Try to set TakeProfit. Price: 315.97. Candle: ID:25680, Time: 21:55, Close: 313.7.
2021-05-30 21:37:13 50      BIDU: TP reached. Pending. Close price: 316.35. Candle: ID:25720, Time: 21:55, Close: 316.35. Profit: -1.39(-0.44%)
2021-05-30 21:37:13 50      BIDU: OrderID: aeb9d05c. PlacedOrder. Status: New. RejectReason: 
2021-05-30 21:37:13 50      BIDU: OrderID: aeb9d05c fully executed
2021-05-30 21:37:13 50      BIIB_BBG000C17X76_2021-02-17
2021-05-30 21:37:13 54      BILI_BBG00K7T3037_2021-02-17
2021-05-30 21:37:13 56      BILI: BuyPending. Strategy: GoodGrowStrategy. Price: 151.4. StopLoss: 149.29. Candle: ID:1854, Time: 14:40, Close: 151.4. Details: Reason: DayMax: 148.39. Current change: +2.03%
2021-05-30 21:37:13 56      BILI: OrderID: 364ea3cd. PlacedOrder. Status: New. RejectReason: 
2021-05-30 21:37:13 56      BILI: OrderID: 364ea3cd fully executed
2021-05-30 21:37:13 57      BILI: Pulling stop loss to current price. Price: 151.64. MaxPrice: 152.99. Candle: ID:2414, Time: 14:55, Close: 153.08.
2021-05-30 21:37:13 57      BILI: SL reached. Pending. Close price: 151.56. Candle: ID:2738, Time: 15:00, Close: 151.56. Profit: 0.16(0.11%)
2021-05-30 21:37:13 57      BILI: OrderID: 02bca995. PlacedOrder. Status: New. RejectReason: 
2021-05-30 21:37:13 57      BILI: OrderID: 02bca995 fully executed
2021-05-30 21:37:13 60      BK_BBG000BD8PN9_2021-02-17
2021-05-30 21:37:13 65      BKR_BBG00GBVBK51_2021-02-17
2021-05-30 21:37:13 67      BLDR_BBG000BKD3K9_2021-02-17
2021-05-30 21:37:13 68      BLUE_BBG000QGWY50_2021-02-17
2021-05-30 21:37:13 79      BMRN_BBG000CZWZ05_2021-02-17
2021-05-30 21:37:13 81      BMY_BBG000DQLV23_2021-02-17
2021-05-30 21:37:13 90      BRK.B_BBG000DWG505_2021-02-17
2021-05-30 21:37:13 94      BSX_BBG000C0LW92_2021-02-17
2021-05-30 21:37:13 96      BTI_BBG000BWPXQ8_2021-02-17
2021-05-30 21:37:14 00      BUD_BBG000RYC984_2021-02-17
2021-05-30 21:37:14 02      BWA_BBG000BJ49H3_2021-02-17
2021-05-30 21:37:14 06      BYND_BBG003CVJP50_2021-02-17
2021-05-30 21:37:14 11      BZUN_BBG008HNS333_2021-02-17
2021-05-30 21:37:14 12      C_BBG000FY4S11_2021-02-17
2021-05-30 21:37:14 19      CAG_BBG000BDXGP9_2021-02-17
2021-05-30 21:37:14 21      CAH_BBG000D898T9_2021-02-17
2021-05-30 21:37:14 24      CARG_BBG00HQ77DS2_2021-02-17
2021-05-30 21:37:14 27      CARR_BBG00RP5HYS8_2021-02-17
2021-05-30 21:37:14 29      CAT_BBG000BF0K17_2021-02-17
2021-05-30 21:37:14 32      CB_BBG000BR14K5_2021-02-17
2021-05-30 21:37:14 33      CBRE_BBG000C04224_2021-02-17
2021-05-30 21:37:14 35      CCL_BBG000BF6LY3_2021-02-17
2021-05-30 21:37:14 43      CCL: BuyPending. Strategy: GoodGrowStrategy. Price: 22.9. StopLoss: 22.46. Candle: ID:7729, Time: 15:10, Close: 22.9. Details: Reason: Grow:1.22%;1.29%;0.31%;0.31%;
2021-05-30 21:37:14 43      CCL: OrderID: 38b003a2. PlacedOrder. Status: New. RejectReason: 
2021-05-30 21:37:14 43      CCL: OrderID: 38b003a2 fully executed
2021-05-30 21:37:14 43      CCL: Pulling stop loss to current price. Price: 22.75. MaxPrice: 22.96. Candle: ID:8357, Time: 15:15, Close: 22.97.
2021-05-30 21:37:14 43      CCL: SL reached. Pending. Close price: 22.74. Candle: ID:8888, Time: 15:20, Close: 22.74. Profit: -0.16(-0.70%)
2021-05-30 21:37:14 43      CCL: OrderID: 2702e419. PlacedOrder. Status: New. RejectReason: 
2021-05-30 21:37:14 43      CCL: OrderID: 2702e419 fully executed
2021-05-30 21:37:14 52      CDNS_BBG000C13CD9_2021-02-17
2021-05-30 21:37:14 55      CDW_BBG001P63B80_2021-02-17
2021-05-30 21:37:14 58      CERN_BBG000BFDLV8_2021-02-17
2021-05-30 21:37:14 63      CF_BBG000BWJFZ4_2021-02-17
2021-05-30 21:37:14 65      CFG_BBG006Q0HY77_2021-02-17
2021-05-30 21:37:14 69      CGNX_BBG000BPBVW5_2021-02-17
2021-05-30 21:37:14 70      CHEF_BBG001MFW6D6_2021-02-17
2021-05-30 21:37:14 71      CHGG_BBG0014XR0N5_2021-02-17
2021-05-30 21:37:14 74      CHNG_BBG0059KNH10_2021-02-17
2021-05-30 21:37:14 75      CHRW_BBG000BTCH57_2021-02-17
2021-05-30 21:37:14 77      CHTR_BBG000VPGNR2_2021-02-17
2021-05-30 21:37:14 79      CHX_BBG00JH9TZ56_2021-02-17
2021-05-30 21:37:14 80      CIEN_BBG000BP1152_2021-02-17
2021-05-30 21:37:14 82      CINF_BBG000BFPK65_2021-02-17
2021-05-30 21:37:14 84      CL_BBG000BFQYY3_2021-02-17
2021-05-30 21:37:14 86      CLF_BBG000BFRF55_2021-02-17
2021-05-30 21:37:14 88      CLF: BuyPending. Strategy: GoodGrowStrategy. Price: 17.32. StopLoss: 16.79. Candle: ID:1146, Time: 14:55, Close: 17.32. Details: Reason: DayMax: 16.97. Current change: +2.06%
2021-05-30 21:37:14 88      CLF: OrderID: 9cca150d. PlacedOrder. Status: New. RejectReason: 
2021-05-30 21:37:14 88      CLF: OrderID: 9cca150d fully executed
2021-05-30 21:37:14 88      CLF: Pulling stop loss to current price. Price: 16.84. MaxPrice: 17.32. Candle: ID:1159, Time: 15:00, Close: 17.31.
2021-05-30 21:37:14 88      CLF: Pulling stop loss to current price. Price: 17.26. MaxPrice: 17.59. Candle: ID:1504, Time: 15:10, Close: 17.6.
2021-05-30 21:37:14 88      CLF: Pulling stop loss to current price. Price: 17.57. MaxPrice: 17.59. Candle: ID:1826, Time: 15:20, Close: 17.6.
2021-05-30 21:37:14 88      CLF: SL reached. Pending. Close price: 17.56. Candle: ID:1870, Time: 15:20, Close: 17.56. Profit: 0.24(1.39%)
2021-05-30 21:37:14 88      CLF: OrderID: ed870572. PlacedOrder. Status: New. RejectReason: 
2021-05-30 21:37:14 88      CLF: OrderID: ed870572 fully executed
2021-05-30 21:37:14 90      CLR_BBG000BHBGN6_2021-02-17
2021-05-30 21:37:14 93      CMA_BBG000C75N77_2021-02-17
2021-05-30 21:37:14 95      CMCSA_BBG000BFT2L4_2021-02-17
2021-05-30 21:37:15 00      CME_BBG000BHLYP4_2021-02-17
2021-05-30 21:37:15 03      CMS_BBG000BFVXX0_2021-02-17
2021-05-30 21:37:15 05      CNC_BBG000BDXCJ5_2021-02-17
2021-05-30 21:37:15 07      CNK_BBG000QDVR53_2021-02-17
2021-05-30 21:37:15 10      CNP_BBG000FDBX90_2021-02-17
2021-05-30 21:37:15 13      COF_BBG000BGKTF9_2021-02-17
2021-05-30 21:37:15 16      COG_BBG000C3GN47_2021-02-17
2021-05-30 21:37:15 18      COG: BuyPending. Strategy: GoodGrowStrategy. Price: 18.53. StopLoss: 18.24. Candle: ID:2598, Time: 17:20, Close: 18.53. Details: Reason: Grow:0.33%;0.49%;0.65%;0.38%;
2021-05-30 21:37:15 18      COG: OrderID: 930a9f47. PlacedOrder. Status: New. RejectReason: 
2021-05-30 21:37:15 18      COG: OrderID: 930a9f47 fully executed
2021-05-30 21:37:15 18      COG: Pulling stop loss to current price. Price: 18.34. MaxPrice: 18.53. Candle: ID:2635, Time: 17:25, Close: 18.53.
2021-05-30 21:37:15 18      COG: Pulling stop loss to current price. Price: 18.46. MaxPrice: 18.56. Candle: ID:2718, Time: 17:30, Close: 18.58.
2021-05-30 21:37:15 18      COG: Pulling stop loss to current price. Price: 18.49. MaxPrice: 18.65. Candle: ID:2943, Time: 17:40, Close: 18.67.
2021-05-30 21:37:15 18      COG: Pulling stop loss to current price. Price: 18.51. MaxPrice: 18.68. Candle: ID:3045, Time: 17:45, Close: 18.69.
2021-05-30 21:37:15 18      COG: Pulling stop loss to current price. Price: 18.67. MaxPrice: 18.7. Candle: ID:3194, Time: 17:55, Close: 18.7.
2021-05-30 21:37:15 18      COG: SL reached. Pending. Close price: 18.66. Candle: ID:3271, Time: 17:55, Close: 18.66. Profit: 0.13(0.70%)
2021-05-30 21:37:15 18      COG: OrderID: 4511765b. PlacedOrder. Status: New. RejectReason: 
2021-05-30 21:37:15 18      COG: OrderID: 4511765b fully executed
2021-05-30 21:37:15 20      COP_BBG000BQQH30_2021-02-17
2021-05-30 21:37:15 27      CORT_BBG000BKJG33_2021-02-17
2021-05-30 21:37:15 28      COST_BBG000F6H8W8_2021-02-17
2021-05-30 21:37:15 32      COTY_BBG000F395V1_2021-02-17
2021-05-30 21:37:15 35      COUP_BBG001J4BCN4_2021-02-17
2021-05-30 21:37:15 38      CPB_BBG000BG4202_2021-02-17
2021-05-30 21:37:15 40      CPRI_BBG0029SNR63_2021-02-17
2021-05-30 21:37:15 42      CPRT_BBG000BM9RH1_2021-02-17
2021-05-30 21:37:15 44      CREE_BBG000BG14P4_2021-02-17
2021-05-30 21:37:15 48      CRM_BBG000BN2DC2_2021-02-17
2021-05-30 21:37:15 56      CROX_BBG000BLY663_2021-02-17
2021-05-30 21:37:15 59      CRUS_BBG000C1DHF5_2021-02-17
2021-05-30 21:37:15 60      CRWD_BBG00BLYKS03_2021-02-17
2021-05-30 21:37:15 64      CSCO_BBG000C3J3C9_2021-02-17
2021-05-30 21:37:15 68      CSX_BBG000BGJRC8_2021-02-17
2021-05-30 21:37:15 71      CTSH_BBG000BBDV81_2021-02-17
2021-05-30 21:37:15 75      CTVA_BBG00BN969C1_2021-02-17
2021-05-30 21:37:15 76      CTXS_BBG000FQ6PY6_2021-02-17
2021-05-30 21:37:15 78      CVET_BBG00KR691K8_2021-02-17
2021-05-30 21:37:15 78      CVET: BuyPending. Strategy: GoodGrowStrategy. Price: 38.93. StopLoss: 38.2. Candle: ID:72, Time: 14:40, Close: 38.93. Details: Reason: DayMax: 38.11. Current change: +2.15%
2021-05-30 21:37:15 79      CVET: OrderID: facc75e4. PlacedOrder. Status: New. RejectReason: 
2021-05-30 21:37:15 79      CVET: OrderID: facc75e4 fully executed
2021-05-30 21:37:15 79      CVET: Seems price is decreases. Closing by current price. Price: 38.75. Candle: ID:173, Time: 15:05, Close: 38.75.
2021-05-30 21:37:15 79      CVET: SL reached. Pending. Close price: 38.65. Candle: ID:174, Time: 15:05, Close: 38.65. Profit: -0.28(-0.72%)
2021-05-30 21:37:15 79      CVET: OrderID: 276e689b. PlacedOrder. Status: New. RejectReason: 
2021-05-30 21:37:15 79      CVET: OrderID: 276e689b fully executed
2021-05-30 21:37:15 80      CVS_BBG000BGRY34_2021-02-17
2021-05-30 21:37:15 82      CVS: BuyPending. Strategy: GoodGrowStrategy. Price: 71.45. StopLoss: 70.72. Candle: ID:1177, Time: 14:45, Close: 71.45. Details: Reason: Grow:0.74%;0.42%;0.31%;0.31%;
2021-05-30 21:37:15 82      CVS: OrderID: 16c5eb0e. PlacedOrder. Status: New. RejectReason: 
2021-05-30 21:37:15 82      CVS: OrderID: 16c5eb0e fully executed
2021-05-30 21:37:15 82      CVS: Pulling stop loss to current price. Price: 71. MaxPrice: 71.88. Candle: ID:1380, Time: 14:50, Close: 71.88.
2021-05-30 21:37:15 82      CVS: Pulling stop loss to current price. Price: 71.61. MaxPrice: 71.88. Candle: ID:1818, Time: 15:05, Close: 71.81.
2021-05-30 21:37:15 82      CVS: Pulling stop loss to current price. Price: 71.7. MaxPrice: 71.93. Candle: ID:2024, Time: 15:15, Close: 71.95.
2021-05-30 21:37:15 82      CVS: Pulling stop loss to current price. Price: 71.89. MaxPrice: 72. Candle: ID:2136, Time: 15:20, Close: 72.04.
2021-05-30 21:37:15 82      CVS: Pulling stop loss to current price. Price: 71.94. MaxPrice: 72.01. Candle: ID:2255, Time: 15:25, Close: 72.01.
2021-05-30 21:37:15 82      CVS: SL reached. Pending. Close price: 71.93. Candle: ID:2270, Time: 15:25, Close: 71.93. Profit: 0.48(0.67%)
2021-05-30 21:37:15 82      CVS: OrderID: c1a7cbe2. PlacedOrder. Status: New. RejectReason: 
2021-05-30 21:37:15 82      CVS: OrderID: c1a7cbe2 fully executed
2021-05-30 21:37:15 85      CVX_BBG000K4ND22_2021-02-17
2021-05-30 21:37:15 95      D_BBG000BGVW60_2021-02-17
2021-05-30 21:37:15 98      DAL_BBG000R7Z112_2021-02-17
2021-05-30 21:37:16 05      DBX_BBG0018SLDN0_2021-02-17
2021-05-30 21:37:16 08      DD_BBG00BN961G4_2021-02-17
2021-05-30 21:37:16 13      DDOG_BBG003NJHZT9_2021-02-17
2021-05-30 21:37:16 19      DFS_BBG000QBR5J5_2021-02-17
2021-05-30 21:37:16 22      DHI_BBG000DQTXY6_2021-02-17
2021-05-30 21:37:16 25      DHR_BBG000BH3JF8_2021-02-17
2021-05-30 21:37:16 27      DIS_BBG000BH4R78_2021-02-17
2021-05-30 21:37:16 35      DISCA_BBG000CHWP52_2021-02-17
2021-05-30 21:37:16 39      DISCK_BBG000VMWHH5_2021-02-17
2021-05-30 21:37:16 43      DKNG_BBG00TCBG714_2021-02-17
2021-05-30 21:37:16 51      DKS_BBG000F6ZWH2_2021-02-17
2021-05-30 21:37:16 52      DLTR_BBG000BSC0K9_2021-02-17
2021-05-30 21:37:16 55      DOCU_BBG000N7KJX8_2021-02-17
2021-05-30 21:37:16 59      DOW_BBG00BN96922_2021-02-17
2021-05-30 21:37:16 61      DRI_BBG000BBNYF6_2021-02-17
2021-05-30 21:37:16 63      DT_BBG00PNN7C40_2021-02-17
2021-05-30 21:37:16 64      DVN_BBG000BBVJZ8_2021-02-17
2021-05-30 21:37:16 65      DVN: BuyPending. Strategy: GoodGrowStrategy. Price: 21.17. StopLoss: 20.7. Candle: ID:279, Time: 12:45, Close: 21.17. Details: Reason: Grow:0.58%;0.43%;1.54%;0.62%;
2021-05-30 21:37:16 65      DVN: OrderID: 7e8d9d67. PlacedOrder. Status: New. RejectReason: 
2021-05-30 21:37:16 65      DVN: OrderID: 7e8d9d67 fully executed
2021-05-30 21:37:16 65      DVN: Pulling stop loss to current price. Price: 21.06. MaxPrice: 21.17. Candle: ID:287, Time: 13:00, Close: 21.16.
2021-05-30 21:37:16 65      DVN: SL reached. Pending. Close price: 21. Candle: ID:302, Time: 13:10, Close: 21. Profit: -0.17(-0.80%)
2021-05-30 21:37:16 65      DVN: OrderID: 0dc31d72. PlacedOrder. Status: New. RejectReason: 
2021-05-30 21:37:16 65      DVN: OrderID: 0dc31d72 fully executed
2021-05-30 21:37:16 66      DVN: BuyPending. Strategy: GoodGrowStrategy. Price: 21.27. StopLoss: 20.8. Candle: ID:1603, Time: 14:50, Close: 21.27. Details: Reason: Grow:1.02%;1.44%;0.43%;0.33%;
2021-05-30 21:37:16 66      DVN: OrderID: c7ea0bb4. PlacedOrder. Status: New. RejectReason: 
2021-05-30 21:37:16 66      DVN: OrderID: c7ea0bb4 fully executed
2021-05-30 21:37:16 66      DVN: Pulling stop loss to current price. Price: 21.11. MaxPrice: 21.41. Candle: ID:1859, Time: 14:55, Close: 21.4.
2021-05-30 21:37:16 66      DVN: Pulling stop loss to current price. Price: 21.2. MaxPrice: 21.45. Candle: ID:2003, Time: 15:00, Close: 21.47.
2021-05-30 21:37:16 66      DVN: Pulling stop loss to current price. Price: 21.38. MaxPrice: 21.68. Candle: ID:2231, Time: 15:05, Close: 21.69.
2021-05-30 21:37:16 66      DVN: Pulling stop loss to current price. Price: 21.46. MaxPrice: 21.83. Candle: ID:2492, Time: 15:10, Close: 21.85.
2021-05-30 21:37:16 66      DVN: Pulling stop loss to current price. Price: 21.79. MaxPrice: 21.93. Candle: ID:2784, Time: 15:20, Close: 21.94.
2021-05-30 21:37:16 66      DVN: SL reached. Pending. Close price: 21.78. Candle: ID:2856, Time: 15:20, Close: 21.78. Profit: 0.51(2.40%)
2021-05-30 21:37:16 66      DVN: OrderID: 45099380. PlacedOrder. Status: New. RejectReason: 
2021-05-30 21:37:16 66      DVN: OrderID: 45099380 fully executed
2021-05-30 21:37:16 69      DXC_BBG00FN64XT9_2021-02-17
2021-05-30 21:37:16 72      DXCM_BBG000QTF8K1_2021-02-17
2021-05-30 21:37:16 74      EA_BBG000BP0KQ8_2021-02-17
2021-05-30 21:37:16 78      EBAY_BBG000C43RR5_2021-02-17
2021-05-30 21:37:16 82      ED_BBG000BHLYS1_2021-02-17
2021-05-30 21:37:16 86      EDIT_BBG005MX5GZ2_2021-02-17
2021-05-30 21:37:16 90      EIX_BBG000D7RKJ5_2021-02-17
2021-05-30 21:37:16 92      ELAN_BBG00LJYS1P8_2021-02-17
2021-05-30 21:37:16 94      EMR_BBG000BHX7N2_2021-02-17
2021-05-30 21:37:16 96      ENDP_BBG000C0HQ54_2021-02-17
2021-05-30 21:37:16 96      ENDP: BuyPending. Strategy: GoodGrowStrategy. Price: 9.54. StopLoss: 9.33. Candle: ID:319, Time: 14:30, Close: 9.54. Details: Reason: DayMax: 9.35. Current change: +2.03%
2021-05-30 21:37:16 96      ENDP: OrderID: 270c2022. PlacedOrder. Status: New. RejectReason: 
2021-05-30 21:37:16 96      ENDP: OrderID: 270c2022 fully executed
2021-05-30 21:37:16 96      ENDP: Pulling stop loss to current price. Price: 9.34. MaxPrice: 9.8. Candle: ID:396, Time: 14:35, Close: 9.83.
2021-05-30 21:37:16 96      ENDP: Pulling stop loss to current price. Price: 9.57. MaxPrice: 9.82. Candle: ID:615, Time: 16:30, Close: 9.82.
2021-05-30 21:37:16 96      ENDP: Pulling stop loss to current price. Price: 9.58. MaxPrice: 9.82. Candle: ID:650, Time: 16:35, Close: 9.83.
2021-05-30 21:37:16 96      ENDP: Pulling stop loss to current price. Price: 9.69. MaxPrice: 9.86. Candle: ID:662, Time: 16:40, Close: 9.88.
2021-05-30 21:37:16 96      ENDP: Pulling stop loss to current price. Price: 9.74. MaxPrice: 9.87. Candle: ID:764, Time: 16:55, Close: 9.87.
2021-05-30 21:37:16 96      ENDP: Seems price is decreases. Closing by current price. Price: 9.83. Candle: ID:864, Time: 17:10, Close: 9.83.
2021-05-30 21:37:16 96      ENDP: SL reached. Pending. Close price: 9.81. Candle: ID:867, Time: 17:15, Close: 9.81. Profit: 0.27(2.83%)
2021-05-30 21:37:16 96      ENDP: OrderID: 56f8ebc3. PlacedOrder. Status: New. RejectReason: 
2021-05-30 21:37:16 96      ENDP: OrderID: 56f8ebc3 fully executed
2021-05-30 21:37:16 97      ENPH_BBG001R3MNY9_2021-02-17
2021-05-30 21:37:17 04      ENTG_BBG000CTV4N4_2021-02-17
2021-05-30 21:37:17 06      EOG_BBG000BZ9223_2021-02-17
2021-05-30 21:37:17 09      EQT_BBG000BHZ5J9_2021-02-17
2021-05-30 21:37:17 12      EQT: BuyPending. Strategy: GoodGrowStrategy. Price: 19.48. StopLoss: 19.19. Candle: ID:4022, Time: 17:20, Close: 19.48. Details: Reason: Grow:0.68%;0.36%;0.94%;0.41%;
2021-05-30 21:37:17 12      EQT: OrderID: af54cb35. PlacedOrder. Status: New. RejectReason: 
2021-05-30 21:37:17 12      EQT: OrderID: af54cb35 fully executed
2021-05-30 21:37:17 13      EQT: Pulling stop loss to current price. Price: 19.34. MaxPrice: 19.48. Candle: ID:4391, Time: 17:40, Close: 19.49.
2021-05-30 21:37:17 13      EQT: Pulling stop loss to current price. Price: 19.51. MaxPrice: 19.59. Candle: ID:4947, Time: 18:00, Close: 19.61.
2021-05-30 21:37:17 13      EQT: Seems price is decreases. Closing by current price. Price: 19.56. Candle: ID:5214, Time: 18:10, Close: 19.56.
2021-05-30 21:37:17 13      EQT: SL reached. Pending. Close price: 19.55. Candle: ID:5219, Time: 18:10, Close: 19.55. Profit: 0.07(0.36%)
2021-05-30 21:37:17 13      EQT: OrderID: 5fef0b93. PlacedOrder. Status: New. RejectReason: 
2021-05-30 21:37:17 13      EQT: OrderID: 5fef0b93 fully executed
2021-05-30 21:37:17 15      ET_BBG000BM2FL9_2021-02-17
2021-05-30 21:37:17 20      ETRN_BBG00K53L394_2021-02-17
2021-05-30 21:37:17 22      ETRN: BuyPending. Strategy: GoodGrowStrategy. Price: 7.41. StopLoss: 7.22. Candle: ID:1606, Time: 17:20, Close: 7.41. Details: Reason: DayMax: 7.26. Current change: +2.07%
2021-05-30 21:37:17 22      ETRN: OrderID: 48bd2407. PlacedOrder. Status: New. RejectReason: 
2021-05-30 21:37:17 22      ETRN: OrderID: 48bd2407 fully executed
2021-05-30 21:37:17 22      ETRN: Pulling stop loss to current price. Price: 7.27. MaxPrice: 7.41. Candle: ID:1679, Time: 17:25, Close: 7.41.
2021-05-30 21:37:17 22      ETRN: Pulling stop loss to current price. Price: 7.39. MaxPrice: 7.43. Candle: ID:1756, Time: 17:40, Close: 7.43.
2021-05-30 21:37:17 22      ETRN: Pulling stop loss to current price. Price: 7.4. MaxPrice: 7.43. Candle: ID:1808, Time: 17:50, Close: 7.43.
2021-05-30 21:37:17 22      ETRN: SL reached. Pending. Close price: 7.39. Candle: ID:1844, Time: 17:55, Close: 7.39. Profit: -0.02(-0.27%)
2021-05-30 21:37:17 22      ETRN: OrderID: fff27b7c. PlacedOrder. Status: New. RejectReason: 
2021-05-30 21:37:17 22      ETRN: OrderID: fff27b7c fully executed
2021-05-30 21:37:17 22      ETSY_BBG000N7MXL8_2021-02-17
2021-05-30 21:37:17 25      EVH_BBG005CHLM96_2021-02-17
2021-05-30 21:37:17 26      EW_BBG000BRXP69_2021-02-17
2021-05-30 21:37:17 28      EWBC_BBG000CR20B1_2021-02-17
2021-05-30 21:37:17 29      EXAS_BBG000CWL0F5_2021-02-17
2021-05-30 21:37:17 35      EXC_BBG000J6XT05_2021-02-17
2021-05-30 21:37:17 39      EXEL_BBG000BQ4WF8_2021-02-17
2021-05-30 21:37:17 42      EXPD_BBG000BJ5GK2_2021-02-17
2021-05-30 21:37:17 44      EXPE_BBG000QY3XZ2_2021-02-17
2021-05-30 21:37:17 49      F_BBG000BQPC32_2021-02-17
2021-05-30 21:37:17 50      F: BuyPending. Strategy: GoodGrowStrategy. Price: 11.79. StopLoss: 11.5. Candle: ID:423, Time: 10:00, Close: 11.79. Details: Reason: DayMax: 11.54. Current change: +2.17%
2021-05-30 21:37:17 50      F: OrderID: d4dd45a4. PlacedOrder. Status: New. RejectReason: 
2021-05-30 21:37:17 50      F: OrderID: d4dd45a4 fully executed
2021-05-30 21:37:17 50      F: Price does not grow. Try to set TakeProfit. Price: 11.70. Candle: ID:545, Time: 10:20, Close: 11.7.
2021-05-30 21:37:17 50      F: TP reached. Pending. Close price: 11.7. Candle: ID:547, Time: 10:20, Close: 11.7. Profit: -0.09(-0.76%)
2021-05-30 21:37:17 50      F: OrderID: 46fe5866. PlacedOrder. Status: New. RejectReason: 
2021-05-30 21:37:17 50      F: OrderID: 46fe5866 fully executed
2021-05-30 21:37:17 52      FANG_BBG002PHSYX9_2021-02-17
2021-05-30 21:37:17 55      FAST_BBG000BJ8YN7_2021-02-17
2021-05-30 21:37:17 58      FATE_BBG000QP35H2_2021-02-17
2021-05-30 21:37:17 60      FB_BBG000MM2P62_2021-02-17
2021-05-30 21:37:17 76      FCX_BBG000BJDB15_2021-02-17
2021-05-30 21:37:17 79      FCX: BuyPending. Strategy: GoodGrowStrategy. Price: 33.66. StopLoss: 32.99. Candle: ID:2093, Time: 14:50, Close: 33.66. Details: Reason: Grow:0.55%;0.52%;1.21%;0.30%;
2021-05-30 21:37:17 79      FCX: OrderID: e4465a8e. PlacedOrder. Status: New. RejectReason: 
2021-05-30 21:37:17 79      FCX: OrderID: e4465a8e fully executed
2021-05-30 21:37:17 79      FCX: Pulling stop loss to current price. Price: 33.16. MaxPrice: 33.67. Candle: ID:2401, Time: 14:55, Close: 33.68.
2021-05-30 21:37:17 79      FCX: Pulling stop loss to current price. Price: 33.56. MaxPrice: 34. Candle: ID:2777, Time: 15:00, Close: 34.02.
2021-05-30 21:37:17 79      FCX: Pulling stop loss to current price. Price: 33.93. MaxPrice: 34.36. Candle: ID:3477, Time: 15:10, Close: 34.37.
2021-05-30 21:37:17 79      FCX: Pulling stop loss to current price. Price: 33.94. MaxPrice: 34.47. Candle: ID:3877, Time: 15:15, Close: 34.48.
2021-05-30 21:37:17 80      FCX: SL reached. Pending. Close price: 33.92. Candle: ID:4560, Time: 15:20, Close: 33.92. Profit: 0.26(0.77%)
2021-05-30 21:37:17 80      FCX: OrderID: dc37fdcc. PlacedOrder. Status: New. RejectReason: 
2021-05-30 21:37:17 80      FCX: OrderID: dc37fdcc fully executed
2021-05-30 21:37:17 84      FDX_BBG000BJF1Z8_2021-02-17
2021-05-30 21:37:17 86      FIS_BBG000BK2F42_2021-02-17
2021-05-30 21:37:17 89      FISV_BBG000BJKPG0_2021-02-17
2021-05-30 21:37:17 94      FITB_BBG000BJL3N0_2021-02-17
2021-05-30 21:37:17 97      FIVN_BBG001KHJM17_2021-02-17
2021-05-30 21:37:17 99      FL_BBG000BX8DC4_2021-02-17
2021-05-30 21:37:18 01      FLIR_BBG000BHK836_2021-02-17
2021-05-30 21:37:18 03      FLR_BBG000BB1TH9_2021-02-17
2021-05-30 21:37:18 04      FLR: BuyPending. Strategy: GoodGrowStrategy. Price: 17.65. StopLoss: 17.4. Candle: ID:1255, Time: 19:05, Close: 17.65. Details: Reason: Grow:0.40%;0.63%;0.46%;0.40%;
2021-05-30 21:37:18 04      FLR: OrderID: 2ff14a2f. PlacedOrder. Status: New. RejectReason: 
2021-05-30 21:37:18 04      FLR: OrderID: 2ff14a2f fully executed
2021-05-30 21:37:18 04      FLR: Seems price is decreases. Closing by current price. Price: 17.5. Candle: ID:1291, Time: 19:20, Close: 17.5.
2021-05-30 21:37:18 04      FLR: SL reached. Pending. Close price: 17.49. Candle: ID:1297, Time: 19:20, Close: 17.49. Profit: -0.16(-0.91%)
2021-05-30 21:37:18 04      FLR: OrderID: e0932a4d. PlacedOrder. Status: New. RejectReason: 
2021-05-30 21:37:18 04      FLR: OrderID: e0932a4d fully executed
2021-05-30 21:37:18 05      FOX_BBG00JHNKJY8_2021-02-17
2021-05-30 21:37:18 07      FOXA_BBG00JHNJW99_2021-02-17
2021-05-30 21:37:18 09      FRHC_BBG000N625H8_2021-02-17
2021-05-30 21:37:18 11      FSLR_BBG000BFL116_2021-02-17
2021-05-30 21:37:18 17      FSLY_BBG004NLQHL0_2021-02-17
2021-05-30 21:37:18 22      FSLY: BuyPending. Strategy: GoodGrowStrategy. Price: 98. StopLoss: 94.78. Candle: ID:7557, Time: 21:05, Close: 98. Details: Reason: DayMax: 95.42. Current change: +2.70%
2021-05-30 21:37:18 22      FSLY: OrderID: dab14bb4. PlacedOrder. Status: New. RejectReason: 
2021-05-30 21:37:18 22      FSLY: OrderID: dab14bb4 fully executed
2021-05-30 21:37:18 22      FSLY: Pulling stop loss to current price. Price: 95.03. MaxPrice: 98. Candle: ID:7842, Time: 21:10, Close: 98.2.
2021-05-30 21:37:18 22      FSLY: SL reached. Pending. Close price: 95.02. Candle: ID:8118, Time: 21:10, Close: 95.02. Profit: -2.98(-3.04%)
2021-05-30 21:37:18 22      FSLY: OrderID: 03dc6411. PlacedOrder. Status: New. RejectReason: 
2021-05-30 21:37:18 22      FSLY: OrderID: 03dc6411 fully executed
2021-05-30 21:37:18 23      FTI_BBG00DL8NMV2_2021-02-17
2021-05-30 21:37:18 27      FTI: BuyPending. Strategy: GoodGrowStrategy. Price: 8.02. StopLoss: 7.83. Candle: ID:8870, Time: 21:40, Close: 8.02. Details: Reason: DayMax: 7.85. Current change: +2.17%
2021-05-30 21:37:18 27      FTI: OrderID: ffcfc1a5. PlacedOrder. Status: New. RejectReason: 
2021-05-30 21:37:18 27      FTI: OrderID: ffcfc1a5 fully executed
2021-05-30 21:37:18 27      FTI: Pulling stop loss to current price. Price: 7.89. MaxPrice: 8.12. Candle: ID:8902, Time: 21:45, Close: 8.15.
2021-05-30 21:37:18 27      FTI: SL reached. Pending. Close price: 7.87. Candle: ID:8948, Time: 21:50, Close: 7.87. Profit: -0.15(-1.87%)
2021-05-30 21:37:18 27      FTI: OrderID: 904fb95c. PlacedOrder. Status: New. RejectReason: 
2021-05-30 21:37:18 27      FTI: OrderID: 904fb95c fully executed
2021-05-30 21:37:18 27      FTNT_BBG000BCMBG4_2021-02-17
2021-05-30 21:37:18 29      FTV_BBG00BLVZ228_2021-02-17
2021-05-30 21:37:18 31      GE_BBG000BK6MB5_2021-02-17
2021-05-30 21:37:18 34      GH_BBG006D97VY9_2021-02-17
2021-05-30 21:37:18 37      GILD_BBG000CKGBP2_2021-02-17
2021-05-30 21:37:18 42      GIS_BBG000BKCFC2_2021-02-17
2021-05-30 21:37:18 43      GLW_BBG000BKFZM4_2021-02-17
2021-05-30 21:37:18 46      GM_BBG000NDYB67_2021-02-17
2021-05-30 21:37:18 54      GOOG_BBG009S3NB30_2021-02-17
2021-05-30 21:37:18 58      GOOGL_BBG009S39JX6_2021-02-17
2021-05-30 21:37:18 64      GPS_BBG000BKLH74_2021-02-17
2021-05-30 21:37:18 67      GRMN_BBG000C4LN67_2021-02-17
2021-05-30 21:37:18 70      GRUB_BBG001KWG293_2021-02-17
2021-05-30 21:37:18 71      GS_BBG000C6CFJ5_2021-02-17
2021-05-30 21:37:18 75      GSKY_BBG00KT2SCV8_2021-02-17
2021-05-30 21:37:18 78      GSKY: BuyPending. Strategy: GoodGrowStrategy. Price: 5.95. StopLoss: 5.81. Candle: ID:348, Time: 15:05, Close: 5.95. Details: Reason: DayMax: 5.83. Current change: +2.06%
2021-05-30 21:37:18 78      GSKY: OrderID: 16da8e03. PlacedOrder. Status: New. RejectReason: 
2021-05-30 21:37:18 78      GSKY: OrderID: 16da8e03 fully executed
2021-05-30 21:37:18 78      GSKY: Pulling stop loss to current price. Price: 5.82. MaxPrice: 6.12. Candle: ID:424, Time: 15:10, Close: 6.12.
2021-05-30 21:37:18 78      GSKY: Pulling stop loss to current price. Price: 5.84. MaxPrice: 6.32. Candle: ID:596, Time: 15:15, Close: 6.33.
2021-05-30 21:37:18 78      GSKY: Pulling stop loss to current price. Price: 6.09. MaxPrice: 6.45. Candle: ID:876, Time: 15:20, Close: 6.47.
2021-05-30 21:37:18 78      GSKY: Pulling stop loss to current price. Price: 6.32. MaxPrice: 6.46. Candle: ID:1130, Time: 15:45, Close: 6.46.
2021-05-30 21:37:18 78      GSKY: SL reached. Pending. Close price: 6.3. Candle: ID:1249, Time: 16:15, Close: 6.3. Profit: 0.35(5.88%)
2021-05-30 21:37:18 78      GSKY: OrderID: fc69668a. PlacedOrder. Status: New. RejectReason: 
2021-05-30 21:37:18 78      GSKY: OrderID: fc69668a fully executed
2021-05-30 21:37:18 78      GSKY: SPYKE!. Candle: ID:1792, Time: 17:10, Close: 6.7
2021-05-30 21:37:18 81      GT_BBG000BKNX95_2021-02-17
2021-05-30 21:37:18 85      HA_BBG000BC4185_2021-02-17
2021-05-30 21:37:18 86      HAL_BBG000BKTFN2_2021-02-17
2021-05-30 21:37:18 88      HALO_BBG000CZ8W54_2021-02-17
2021-05-30 21:37:18 90      HAS_BBG000BKVJK4_2021-02-17
2021-05-30 21:37:18 91      HBAN_BBG000BKWSR6_2021-02-17
2021-05-30 21:37:18 93      HBI_BBG000D2ZTS8_2021-02-17
2021-05-30 21:37:18 94      HCA_BBG000QW7VC1_2021-02-17
2021-05-30 21:37:18 95      HD_BBG000BKZB36_2021-02-17
2021-05-30 21:37:18 99      HES_BBG000BBD070_2021-02-17
2021-05-30 21:37:19 01      HFC_BBG000BL9JQ1_2021-02-17
2021-05-30 21:37:19 03      HIG_BBG000G0Z878_2021-02-17
2021-05-30 21:37:19 07      HLT_BBG0058KMH30_2021-02-17
2021-05-30 21:37:19 11      HOG_BBG000BKZTP3_2021-02-17
2021-05-30 21:37:19 12      HOG: BuyPending. Strategy: GoodGrowStrategy. Price: 36.24. StopLoss: 35.46. Candle: ID:1670, Time: 22:40, Close: 36.24. Details: Reason: DayMax: 35.18. Current change: +3.01%
2021-05-30 21:37:19 12      HOG: OrderID: 6a896bcf. PlacedOrder. Status: New. RejectReason: 
2021-05-30 21:37:19 12      OrderID: 6a896bcf successfully canceled
2021-05-30 21:37:19 12      HOLX_BBG000C3NTN5_2021-02-17
2021-05-30 21:37:19 14      HON_BBG000H556T9_2021-02-17
2021-05-30 21:37:19 17      HP_BBG000BLCPY4_2021-02-17
2021-05-30 21:37:19 19      HPE_BBG0078W3NQ3_2021-02-17
2021-05-30 21:37:19 21      HPQ_BBG000KHWT55_2021-02-17
2021-05-30 21:37:19 23      HRB_BBG000BLDV98_2021-02-17
2021-05-30 21:37:19 25      HRL_BBG000BLF8D2_2021-02-17
2021-05-30 21:37:19 26      HRTX_BBG000G2GJT7_2021-02-17
2021-05-30 21:37:19 28      HSIC_BBG000BNMMJ3_2021-02-17
2021-05-30 21:37:19 32      HST_BBG000BL8804_2021-02-17
2021-05-30 21:37:19 35      HTHT_BBG000QFPM65_2021-02-17
2021-05-30 21:37:19 38      HWM_BBG00DYNJGH9_2021-02-17
2021-05-30 21:37:19 40      IAC_BBG000BKQG80_2021-02-17
2021-05-30 21:37:19 41      IBM_BBG000BLNNH6_2021-02-17
2021-05-30 21:37:19 45      IBN_BBG000DRM643_2021-02-17
2021-05-30 21:37:19 46      ICE_BBG000C1FB75_2021-02-17
2021-05-30 21:37:19 49      IIVI_BBG000BLW102_2021-02-17
2021-05-30 21:37:19 52      ILMN_BBG000DSMS70_2021-02-17
2021-05-30 21:37:19 53      INCY_BBG000BNPSQ9_2021-02-17
2021-05-30 21:37:19 55      INFO_BBG006G063F9_2021-02-17
2021-05-30 21:37:19 57      INTC_BBG000C0G1D1_2021-02-17
2021-05-30 21:37:19 69      INTU_BBG000BH5DV1_2021-02-17
2021-05-30 21:37:19 72      IOVA_BBG000FTLBV7_2021-02-17
2021-05-30 21:37:19 75      IP_BBG000BM5SR2_2021-02-17
2021-05-30 21:37:19 77      IPG_BBG000C90DH9_2021-02-17
2021-05-30 21:37:19 80      IR_BBG002R1CW27_2021-02-17
2021-05-30 21:37:19 81      IRM_BBG000KCZPC3_2021-02-17
2021-05-30 21:37:19 83      IVZ_BBG000BY2Y78_2021-02-17
2021-05-30 21:37:19 85      JBHT_BBG000BMDBZ1_2021-02-17
2021-05-30 21:37:19 86      JCI_BBG000BVWLJ6_2021-02-17
2021-05-30 21:37:19 88      JCI: BuyPending. Strategy: GoodGrowStrategy. Price: 53.83. StopLoss: 52.72. Candle: ID:288, Time: 14:40, Close: 53.83. Details: Reason: Grow:0.65%;1.31%;0.43%;0.32%;
2021-05-30 21:37:19 88      JCI: OrderID: 26fe6595. PlacedOrder. Status: New. RejectReason: 
2021-05-30 21:37:19 88      JCI: OrderID: 26fe6595 fully executed
2021-05-30 21:37:19 88      JCI: Pulling stop loss to current price. Price: 53.43. MaxPrice: 53.98. Candle: ID:343, Time: 14:45, Close: 53.95.
2021-05-30 21:37:19 88      JCI: Pulling stop loss to current price. Price: 53.95. MaxPrice: 54.17. Candle: ID:741, Time: 15:00, Close: 54.12.
2021-05-30 21:37:19 88      JCI: Pulling stop loss to current price. Price: 53.96. MaxPrice: 54.17. Candle: ID:818, Time: 15:05, Close: 54.19.
2021-05-30 21:37:19 88      JCI: Pulling stop loss to current price. Price: 54.06. MaxPrice: 54.18. Candle: ID:1069, Time: 15:20, Close: 54.17.
2021-05-30 21:37:19 88      JCI: Pulling stop loss to current price. Price: 54.14. MaxPrice: 54.33. Candle: ID:1221, Time: 15:30, Close: 54.35.
2021-05-30 21:37:19 88      JCI: Pulling stop loss to current price. Price: 54.2. MaxPrice: 54.58. Candle: ID:1466, Time: 15:35, Close: 54.58.
2021-05-30 21:37:19 88      JCI: Pulling stop loss to current price. Price: 54.34. MaxPrice: 54.74. Candle: ID:1622, Time: 15:40, Close: 54.75.
2021-05-30 21:37:19 88      JCI: Pulling stop loss to current price. Price: 54.47. MaxPrice: 54.74. Candle: ID:2021, Time: 16:00, Close: 54.69.
2021-05-30 21:37:19 88      JCI: Pulling stop loss to current price. Price: 54.59. MaxPrice: 54.74. Candle: ID:2185, Time: 16:05, Close: 54.69.
2021-05-30 21:37:19 88      JCI: Pulling stop loss to current price. Price: 54.63. MaxPrice: 54.74. Candle: ID:2203, Time: 16:10, Close: 54.74.
2021-05-30 21:37:19 88      JCI: SL reached. Pending. Close price: 54.61. Candle: ID:2318, Time: 16:15, Close: 54.61. Profit: 0.78(1.45%)
2021-05-30 21:37:19 88      JCI: OrderID: c0a1f7a6. PlacedOrder. Status: New. RejectReason: 
2021-05-30 21:37:19 88      JCI: OrderID: c0a1f7a6 fully executed
2021-05-30 21:37:19 90      JD_BBG005YHY0Q7_2021-02-17
2021-05-30 21:37:20 04      JNJ_BBG000BMHYD1_2021-02-17
2021-05-30 21:37:20 07      JNPR_BBG000BY33P5_2021-02-17
2021-05-30 21:37:20 09      JPM_BBG000DMBXR2_2021-02-17
2021-05-30 21:37:20 18      JWN_BBG000G8N9C6_2021-02-17
2021-05-30 21:37:20 20      K_BBG000BMKDM3_2021-02-17
2021-05-30 21:37:20 22      KDP_BBG000TJM7F0_2021-02-17
2021-05-30 21:37:20 24      KEY_BBG000BMQPL1_2021-02-17
2021-05-30 21:37:20 25      KHC_BBG005CPNTQ2_2021-02-17
2021-05-30 21:37:20 29      KIM_BBG000CN3S73_2021-02-17
2021-05-30 21:37:20 31      KLAC_BBG000BMTFR4_2021-02-17
2021-05-30 21:37:20 34      KMI_BBG0019JZ882_2021-02-17
2021-05-30 21:37:20 37      KNX_BBG000BFC848_2021-02-17
2021-05-30 21:37:20 38      KO_BBG000BMX289_2021-02-17
2021-05-30 21:37:20 43      KR_BBG000BMY992_2021-02-17
2021-05-30 21:37:20 47      LB_BBG000BNGTQ7_2021-02-17
2021-05-30 21:37:20 49      LEN_BBG000BN5HF7_2021-02-17
2021-05-30 21:37:20 52      LIN_BBG00GVR8YQ9_2021-02-17
2021-05-30 21:37:20 54      LITE_BBG0073F9RT7_2021-02-17
2021-05-30 21:37:20 56      LKQ_BBG000PXDL44_2021-02-17
2021-05-30 21:37:20 57      LLY_BBG000BNBDC2_2021-02-17
2021-05-30 21:37:20 59      LNT_BBG000DW4Q75_2021-02-17
2021-05-30 21:37:20 61      LOW_BBG000BNDN65_2021-02-17
2021-05-30 21:37:20 63      LPSN_BBG000BSV0W5_2021-02-17
2021-05-30 21:37:20 64      LRCX_BBG000BNFLM9_2021-02-17
2021-05-30 21:37:20 65      LTHM_BBG00LV3NRG0_2021-02-17
2021-05-30 21:37:20 66      LTHM: BuyPending. Strategy: GoodGrowStrategy. Price: 22.95. StopLoss: 22.45. Candle: ID:700, Time: 12:15, Close: 22.95. Details: Reason: DayMax: 22.47. Current change: +2.14%
2021-05-30 21:37:20 66      LTHM: OrderID: 13287e2c. PlacedOrder. Status: New. RejectReason: 
2021-05-30 21:37:20 66      LTHM: OrderID: 13287e2c fully executed
2021-05-30 21:37:20 66      LTHM: Pulling stop loss to current price. Price: 22.76. MaxPrice: 22.95. Candle: ID:725, Time: 12:30, Close: 22.97.
2021-05-30 21:37:20 66      LTHM: Pulling stop loss to current price. Price: 22.79. MaxPrice: 22.97. Candle: ID:735, Time: 12:40, Close: 23.12.
2021-05-30 21:37:20 66      LTHM: SL reached. Pending. Close price: 22.78. Candle: ID:794, Time: 13:25, Close: 22.78. Profit: -0.17(-0.74%)
2021-05-30 21:37:20 66      LTHM: OrderID: 49159ff2. PlacedOrder. Status: New. RejectReason: 
2021-05-30 21:37:20 66      LTHM: OrderID: 49159ff2 fully executed
2021-05-30 21:37:20 67      LULU_BBG000R8ZVD1_2021-02-17
2021-05-30 21:37:20 69      LUMN_BBG000BGLRN3_2021-02-17
2021-05-30 21:37:20 71      LUV_BBG000BNJHS8_2021-02-17
2021-05-30 21:37:20 73      LVS_BBG000JWD753_2021-02-17
2021-05-30 21:37:20 76      LYB_BBG000WCFV84_2021-02-17
2021-05-30 21:37:20 78      LYFT_BBG004M9ZHX5_2021-02-17
2021-05-30 21:37:20 81      LYV_BBG000FQ7YR4_2021-02-17
2021-05-30 21:37:20 82      M_BBG000C46HM9_2021-02-17
2021-05-30 21:37:20 83      MA_BBG000F1ZSQ2_2021-02-17
2021-05-30 21:37:20 86      MAC_BBG000BL9C59_2021-02-17
2021-05-30 21:37:20 89      MAR_BBG000BGD7W6_2021-02-17
2021-05-30 21:37:20 95      MAS_BBG000BNNKG9_2021-02-17
2021-05-30 21:37:20 97      MAT_BBG000BNNYW1_2021-02-17
2021-05-30 21:37:20 98      MAT: BuyPending. Strategy: GoodGrowStrategy. Price: 19.18. StopLoss: 18.7. Candle: ID:507, Time: 14:50, Close: 19.18. Details: Reason: DayMax: 18.8. Current change: +2.02%
2021-05-30 21:37:20 98      MAT: OrderID: bddfd281. PlacedOrder. Status: New. RejectReason: 
2021-05-30 21:37:20 98      MAT: OrderID: bddfd281 fully executed
2021-05-30 21:37:20 98      MAT: Pulling stop loss to current price. Price: 18.72. MaxPrice: 19.18. Candle: ID:571, Time: 14:55, Close: 19.18.
2021-05-30 21:37:20 98      MAT: Seems price is decreases. Closing by current price. Price: 19. Candle: ID:742, Time: 15:05, Close: 19.
2021-05-30 21:37:20 98      MAT: SL reached. Pending. Close price: 18.99. Candle: ID:744, Time: 15:05, Close: 18.99. Profit: -0.19(-0.99%)
2021-05-30 21:37:20 98      MAT: OrderID: 69edb584. PlacedOrder. Status: New. RejectReason: 
2021-05-30 21:37:21 02      MAT: OrderID: 69edb584 fully executed
2021-05-30 21:37:21 03      MBT_BBG000CSZKR2_2021-02-17
2021-05-30 21:37:21 04      MCD_BBG000BNSZP1_2021-02-17
2021-05-30 21:37:21 08      MCHP_BBG000BHCP19_2021-02-17
2021-05-30 21:37:21 14      MDLZ_BBG000D4LWF6_2021-02-17
2021-05-30 21:37:21 18      MDRX_BBG000BLDXH5_2021-02-17
2021-05-30 21:37:21 19      MDT_BBG000BNWG87_2021-02-17
2021-05-30 21:37:21 22      MET_BBG000BB6KF5_2021-02-17
2021-05-30 21:37:21 25      MFGP_BBG00HFWVGN0_2021-02-17
2021-05-30 21:37:21 26      MFGP: SPYKE!. Candle: ID:3, Time: 7:00, Close: 6.33
2021-05-30 21:37:21 28      MIDD_BBG000DQN9R3_2021-02-17
2021-05-30 21:37:21 29      MLCO_BBG000BHP8J4_2021-02-17
2021-05-30 21:37:21 31      MLHR_BBG000BP46T2_2021-02-17
2021-05-30 21:37:21 31      MMC_BBG000BP4MH0_2021-02-17
2021-05-30 21:37:21 33      MMM_BBG000BP52R2_2021-02-17
2021-05-30 21:37:21 35      MNST_BBG008NVB1C0_2021-02-17
2021-05-30 21:37:21 36      MO_BBG000BP6LJ8_2021-02-17
2021-05-30 21:37:21 38      MOMO_BBG007HTCQT0_2021-02-17
2021-05-30 21:37:21 45      MOS_BBG000BFXHL6_2021-02-17
2021-05-30 21:37:21 48      MOS: BuyPending. Strategy: GoodGrowStrategy. Price: 31.36. StopLoss: 30.39. Candle: ID:4969, Time: 21:10, Close: 31.36. Details: Reason: DayMax: 30.59. Current change: +2.52%
2021-05-30 21:37:21 48      MOS: OrderID: a40b6531. PlacedOrder. Status: New. RejectReason: 
2021-05-30 21:37:21 48      MOS: OrderID: a40b6531 fully executed
2021-05-30 21:37:21 48      MOS: Seems price is decreases. Closing by current price. Price: 30.69. Candle: ID:4998, Time: 21:25, Close: 30.69.
2021-05-30 21:37:21 48      MOS: SL reached. Pending. Close price: 30.65. Candle: ID:4999, Time: 21:25, Close: 30.65. Profit: -0.71(-2.26%)
2021-05-30 21:37:21 48      MOS: OrderID: edd76e66. PlacedOrder. Status: New. RejectReason: 
2021-05-30 21:37:21 48      MOS: OrderID: edd76e66 fully executed
2021-05-30 21:37:21 48      MPC_BBG001DCCGR8_2021-02-17
2021-05-30 21:37:21 52      MRK_BBG000BPD168_2021-02-17
2021-05-30 21:37:21 58      MRNA_BBG003PHHZT1_2021-02-17
2021-05-30 21:37:21 66      MRO_BBG000C8H633_2021-02-17
2021-05-30 21:37:21 69      MS_BBG000BLZRJ2_2021-02-17
2021-05-30 21:37:21 73      MSFT_BBG000BPH459_2021-02-17
2021-05-30 21:37:21 87      MTCH_BBG00B6WH9G3_2021-02-17
2021-05-30 21:37:21 90      MTG_BBG000CBMH27_2021-02-17
2021-05-30 21:37:21 91      MU_BBG000C5Z1S3_2021-02-17
2021-05-30 21:37:21 98      MUR_BBG000BPMH90_2021-02-17
2021-05-30 21:37:21 99      MUR: BuyPending. Strategy: GoodGrowStrategy. Price: 15.25. StopLoss: 15.04. Candle: ID:612, Time: 15:10, Close: 15.25. Details: Reason: Grow:1.35%;0.33%;0.66%;0.33%;
2021-05-30 21:37:21 99      MUR: OrderID: 058b7880. PlacedOrder. Status: New. RejectReason: 
2021-05-30 21:37:21 99      MUR: OrderID: 058b7880 fully executed
2021-05-30 21:37:21 99      MUR: SL reached. Pending. Close price: 15.03. Candle: ID:685, Time: 15:15, Close: 15.03. Profit: -0.22(-1.44%)
2021-05-30 21:37:21 99      MUR: OrderID: e5b64cd1. PlacedOrder. Status: New. RejectReason: 
2021-05-30 21:37:21 99      MUR: OrderID: e5b64cd1 fully executed
2021-05-30 21:37:22 01      MXIM_BBG000BPNP00_2021-02-17
2021-05-30 21:37:22 01      MXIM: BuyPending. Strategy: GoodGrowStrategy. Price: 96.11. StopLoss: 94.56. Candle: ID:436, Time: 14:50, Close: 96.11. Details: Reason: DayMax: 94.22. Current change: +2.01%
2021-05-30 21:37:22 01      MXIM: OrderID: 9104fb0e. PlacedOrder. Status: New. RejectReason: 
2021-05-30 21:37:22 01      MXIM: OrderID: 9104fb0e fully executed
2021-05-30 21:37:22 01      MXIM: Pulling stop loss to current price. Price: 94.86. MaxPrice: 96.17. Candle: ID:479, Time: 14:55, Close: 96.24.
2021-05-30 21:37:22 01      MXIM: Pulling stop loss to current price. Price: 95.87. MaxPrice: 96.41. Candle: ID:578, Time: 15:00, Close: 96.4.
2021-05-30 21:37:22 01      MXIM: Pulling stop loss to current price. Price: 96.17. MaxPrice: 96.65. Candle: ID:695, Time: 15:05, Close: 96.62.
2021-05-30 21:37:22 01      MXIM: SL reached. Pending. Close price: 96.15. Candle: ID:879, Time: 15:10, Close: 96.15. Profit: 0.04(0.04%)
2021-05-30 21:37:22 01      MXIM: OrderID: 863b5886. PlacedOrder. Status: New. RejectReason: 
2021-05-30 21:37:22 01      MXIM: OrderID: 863b5886 fully executed
2021-05-30 21:37:22 03      MYGN_BBG000D9H9F1_2021-02-17
2021-05-30 21:37:22 03      MYGN: BuyPending. Strategy: GoodGrowStrategy. Price: 30.23. StopLoss: 29.76. Candle: ID:85, Time: 14:50, Close: 30.23. Details: Reason: DayMax: 29.52. Current change: +2.41%
2021-05-30 21:37:22 03      MYGN: OrderID: fe3e32a7. PlacedOrder. Status: New. RejectReason: 
2021-05-30 21:37:22 03      MYGN: OrderID: fe3e32a7 fully executed
2021-05-30 21:37:22 03      MYGN: SL reached. Pending. Close price: 29.62. Candle: ID:103, Time: 14:55, Close: 29.62. Profit: -0.61(-2.02%)
2021-05-30 21:37:22 03      MYGN: OrderID: ab793ca1. PlacedOrder. Status: New. RejectReason: 
2021-05-30 21:37:22 03      MYGN: OrderID: ab793ca1 fully executed
2021-05-30 21:37:22 04      NAVI_BBG004MN1R41_2021-02-17
2021-05-30 21:37:22 06      NEM_BBG000BPWXK1_2021-02-17
2021-05-30 21:37:22 13      NEO_BBG000BKH263_2021-02-17
2021-05-30 21:37:22 14      NET_BBG001WMKHH5_2021-02-17
2021-05-30 21:37:22 17      NET: BuyPending. Strategy: GoodGrowStrategy. Price: 84.63. StopLoss: 83.05. Candle: ID:4411, Time: 18:55, Close: 84.63. Details: Reason: DayMax: 82.93. Current change: +2.05%
2021-05-30 21:37:22 17      NET: OrderID: d535c990. PlacedOrder. Status: New. RejectReason: 
2021-05-30 21:37:22 17      NET: OrderID: d535c990 fully executed
2021-05-30 21:37:22 17      NET: Pulling stop loss to current price. Price: 83.15. MaxPrice: 84.77. Candle: ID:4657, Time: 19:05, Close: 84.79.
2021-05-30 21:37:22 17      NET: Seems price is decreases. Closing by current price. Price: 84.48. Candle: ID:4945, Time: 19:20, Close: 84.48.
2021-05-30 21:37:22 17      NET: SL reached. Pending. Close price: 84.43. Candle: ID:4948, Time: 19:20, Close: 84.43. Profit: -0.20(-0.24%)
2021-05-30 21:37:22 17      NET: OrderID: 863173a7. PlacedOrder. Status: New. RejectReason: 
2021-05-30 21:37:22 17      NET: OrderID: 863173a7 fully executed
2021-05-30 21:37:22 18      NFLX_BBG000CL9VN6_2021-02-17
2021-05-30 21:37:22 23      NKE_BBG000C5HS04_2021-02-17
2021-05-30 21:37:22 28      NKTR_BBG000BHCYJ1_2021-02-17
2021-05-30 21:37:22 29      NKTR: SPYKE!. Candle: ID:35, Time: 13:00, Close: 22.7
2021-05-30 21:37:22 30      NKTR: BuyPending. Strategy: GoodGrowStrategy. Price: 25.62. StopLoss: 25.05. Candle: ID:4983, Time: 19:35, Close: 25.62. Details: Reason: DayMax: 25.09. Current change: +2.11%
2021-05-30 21:37:22 30      NKTR: OrderID: 15450864. PlacedOrder. Status: New. RejectReason: 
2021-05-30 21:37:22 30      NKTR: OrderID: 15450864 fully executed
2021-05-30 21:37:22 30      NKTR: Seems price is decreases. Closing by current price. Price: 25.31. Candle: ID:5071, Time: 19:50, Close: 25.31.
2021-05-30 21:37:22 30      NKTR: SL reached. Pending. Close price: 25.3. Candle: ID:5076, Time: 19:50, Close: 25.3. Profit: -0.32(-1.25%)
2021-05-30 21:37:22 30      NKTR: OrderID: c3927238. PlacedOrder. Status: New. RejectReason: 
2021-05-30 21:37:22 30      NKTR: OrderID: c3927238 fully executed
2021-05-30 21:37:22 31      NLOK_BBG000BH2JM1_2021-02-17
2021-05-30 21:37:22 33      NLSN_BBG0088CYPX8_2021-02-17
2021-05-30 21:37:22 34      NMIH_BBG005DLMMZ6_2021-02-17
2021-05-30 21:37:22 34      NMIH: SPYKE!. Candle: ID:48, Time: 14:30, Close: 22.53
2021-05-30 21:37:22 35      NOK_BBG000BNGBW9_2021-02-17
2021-05-30 21:37:22 39      NOV_BBG000BJX8C8_2021-02-17
2021-05-30 21:37:22 41      NRG_BBG000D8RG11_2021-02-17
2021-05-30 21:37:22 44      NTAP_BBG000FP1N32_2021-02-17
2021-05-30 21:37:22 46      NTES_BBG000BX72V8_2021-02-17
2021-05-30 21:37:22 48      NTLA_BBG007KC7PB0_2021-02-17
2021-05-30 21:37:22 51      NTNX_BBG001NDW1Z7_2021-02-17
2021-05-30 21:37:22 52      NTRS_BBG000BQ74K1_2021-02-17
2021-05-30 21:37:22 54      NVDA_BBG000BBJQV0_2021-02-17
2021-05-30 21:37:22 59      NVTA_BBG005DJFD43_2021-02-17
2021-05-30 21:37:22 63      NWL_BBG000BQC9V2_2021-02-17
2021-05-30 21:37:22 64      NWSA_BBG0035LY913_2021-02-17
2021-05-30 21:37:22 67      NXPI_BBG000BND699_2021-02-17
2021-05-30 21:37:22 69      O_BBG000DHPN63_2021-02-17
2021-05-30 21:37:22 71      OIS_BBG000BDDN94_2021-02-17
2021-05-30 21:37:22 72      OKE_BBG000BQHGR6_2021-02-17
2021-05-30 21:37:22 74      OKTA_BBG001YV1SM4_2021-02-17
2021-05-30 21:37:22 76      OLLI_BBG0098VVDT9_2021-02-17
2021-05-30 21:37:22 76      OMC_BBG000BS9489_2021-02-17
2021-05-30 21:37:22 78      ON_BBG000DV7MX4_2021-02-17
2021-05-30 21:37:22 82      ORCL_BBG000BQLTW7_2021-02-17
2021-05-30 21:37:22 84      OSUR_BBG000J3D1Y8_2021-02-17
2021-05-30 21:37:22 85      OSUR: BuyPending. Strategy: GoodGrowStrategy. Price: 13.49. StopLoss: 13.2. Candle: ID:1934, Time: 21:30, Close: 13.49. Details: Reason: DayMax: 13.2. Current change: +2.20%
2021-05-30 21:37:22 85      OSUR: OrderID: 7de62988. PlacedOrder. Status: New. RejectReason: 
2021-05-30 21:37:22 85      OSUR: OrderID: 7de62988 fully executed
2021-05-30 21:37:22 85      OSUR: SPYKE!. Candle: ID:1938, Time: 21:30, Close: 13.84
2021-05-30 21:37:22 85      OSUR: SL reached. Pending. Close price: 13.17. Candle: ID:1960, Time: 21:40, Close: 13.17. Profit: -0.32(-2.37%)
2021-05-30 21:37:22 85      OSUR: OrderID: 52a99dd8. PlacedOrder. Status: New. RejectReason: 
2021-05-30 21:37:22 85      OSUR: OrderID: 52a99dd8 fully executed
2021-05-30 21:37:22 85      OTIS_BBG00RP60KV0_2021-02-17
2021-05-30 21:37:22 87      OVV_BBG00R2NHQ65_2021-02-17
2021-05-30 21:37:22 89      OXY_BBG000BQQ2S6_2021-02-17
2021-05-30 21:37:22 93      PAGS_BBG00JM7QBR6_2021-02-17
2021-05-30 21:37:22 94      PBCT_BBG000BQT4L6_2021-02-17
2021-05-30 21:37:22 96      PBF_BBG002832GV8_2021-02-17
2021-05-30 21:37:22 98      PBI_BBG000BQTMJ9_2021-02-17
2021-05-30 21:37:22 99      PCAR_BBG000BQVTF5_2021-02-17
2021-05-30 21:37:23 01      PCG_BBG000BQWPC5_2021-02-17
2021-05-30 21:37:23 02      PDCO_BBG000BQY289_2021-02-17
2021-05-30 21:37:23 03      PEAK_BBG000BKYDP9_2021-02-17
2021-05-30 21:37:23 04      PEG_BBG000BQZMH4_2021-02-17
2021-05-30 21:37:23 06      PEP_BBG000DH7JK6_2021-02-17
2021-05-30 21:37:23 10      PFE_BBG000BR2B91_2021-02-17
2021-05-30 21:37:23 16      PFG_BBG000NSCNT7_2021-02-17
2021-05-30 21:37:23 18      PG_BBG000BR2TH3_2021-02-17
2021-05-30 21:37:23 22      PGR_BBG000BR37X2_2021-02-17
2021-05-30 21:37:23 25      PHM_BBG000BR54L0_2021-02-17
2021-05-30 21:37:23 27      PINS_BBG002583CV8_2021-02-17
2021-05-30 21:37:23 31      PLAN_BBG002DZS299_2021-02-17
2021-05-30 21:37:23 33      PLAY_BBG001WWJTK5_2021-02-17
2021-05-30 21:37:23 34      PLAY: BuyPending. Strategy: GoodGrowStrategy. Price: 37.24. StopLoss: 36.7. Candle: ID:289, Time: 15:05, Close: 37.24. Details: Reason: Grow:0.96%;0.68%;0.54%;0.30%;
2021-05-30 21:37:23 34      PLAY: OrderID: 7eed60e1. PlacedOrder. Status: New. RejectReason: 
2021-05-30 21:37:23 34      PLAY: OrderID: 7eed60e1 fully executed
2021-05-30 21:37:23 34      PLAY: Pulling stop loss to current price. Price: 37.32. MaxPrice: 37.59. Candle: ID:389, Time: 15:30, Close: 37.59.
2021-05-30 21:37:23 34      PLAY: Pulling stop loss to current price. Price: 37.48. MaxPrice: 38.01. Candle: ID:463, Time: 15:40, Close: 38.04.
2021-05-30 21:37:23 34      PLAY: Seems price is decreases. Closing by current price. Price: 37.79. Candle: ID:518, Time: 15:50, Close: 37.79.
2021-05-30 21:37:23 34      PLAY: SL reached. Pending. Close price: 37.73. Candle: ID:534, Time: 15:50, Close: 37.73. Profit: 0.49(1.32%)
2021-05-30 21:37:23 34      PLAY: OrderID: 04644628. PlacedOrder. Status: New. RejectReason: 
2021-05-30 21:37:23 34      PLAY: OrderID: 04644628 fully executed
2021-05-30 21:37:23 35      PLCE_BBG000JK9DK4_2021-02-17
2021-05-30 21:37:23 36      PLD_BBG000B9Z0J8_2021-02-17
2021-05-30 21:37:23 37      PLNT_BBG009H04M17_2021-02-17
2021-05-30 21:37:23 38      PM_BBG000J2XL74_2021-02-17
2021-05-30 21:37:23 41      PNC_BBG000BRD0D8_2021-02-17
2021-05-30 21:37:23 43      PPC_BBG000BFLXV3_2021-02-17
2021-05-30 21:37:23 44      PPL_BBG000BRJL00_2021-02-17
2021-05-30 21:37:23 45      PRU_BBG000HCJMF9_2021-02-17
2021-05-30 21:37:23 48      PS_BBG00KMYC574_2021-02-17
2021-05-30 21:37:23 48      PSTG_BBG00212PVZ5_2021-02-17
2021-05-30 21:37:23 51      PSX_BBG00286S4N9_2021-02-17
2021-05-30 21:37:23 54      PTON_BBG00JG0FFZ2_2021-02-17
2021-05-30 21:37:23 61      PXD_BBG000BXRPH1_2021-02-17
2021-05-30 21:37:23 63      PYPL_BBG0077VNXV6_2021-02-17
2021-05-30 21:37:23 73      QCOM_BBG000CGC1X8_2021-02-17
2021-05-30 21:37:23 81      QDEL_BBG000C6GN04_2021-02-17
2021-05-30 21:37:23 82      QRTEA_BBG000PCQQL6_2021-02-17
2021-05-30 21:37:23 84      QRVO_BBG007TJF1N7_2021-02-17
2021-05-30 21:37:23 86      RCL_BBG000BB5792_2021-02-17
2021-05-30 21:37:23 88      RCL: BuyPending. Strategy: GoodGrowStrategy. Price: 74.62. StopLoss: 73.06. Candle: ID:1202, Time: 15:05, Close: 74.62. Details: Reason: Grow:0.32%;0.97%;0.66%;0.35%;
2021-05-30 21:37:23 88      RCL: OrderID: 314f3247. PlacedOrder. Status: New. RejectReason: 
2021-05-30 21:37:23 88      RCL: OrderID: 314f3247 fully executed
2021-05-30 21:37:23 88      RCL: Pulling stop loss to current price. Price: 73.9. MaxPrice: 74.62. Candle: ID:1229, Time: 15:10, Close: 74.64.
2021-05-30 21:37:23 88      RCL: Pulling stop loss to current price. Price: 74.36. MaxPrice: 74.9. Candle: ID:1342, Time: 15:15, Close: 74.88.
2021-05-30 21:37:23 88      RCL: Pulling stop loss to current price. Price: 74.63. MaxPrice: 75.42. Candle: ID:1580, Time: 15:30, Close: 75.51.
2021-05-30 21:37:23 88      RCL: Pulling stop loss to current price. Price: 74.66. MaxPrice: 75.58. Candle: ID:1683, Time: 15:35, Close: 75.65.
2021-05-30 21:37:23 88      RCL: Pulling stop loss to current price. Price: 75.43. MaxPrice: 75.63. Candle: ID:1770, Time: 15:40, Close: 75.62.
2021-05-30 21:37:23 88      RCL: Pulling stop loss to current price. Price: 75.62. MaxPrice: 75.89. Candle: ID:1897, Time: 15:45, Close: 75.9.
2021-05-30 21:37:23 88      RCL: SL reached. Pending. Close price: 75.6. Candle: ID:2228, Time: 15:55, Close: 75.6. Profit: 0.98(1.31%)
2021-05-30 21:37:23 88      RCL: OrderID: fc46d0ce. PlacedOrder. Status: New. RejectReason: 
2021-05-30 21:37:23 88      RCL: OrderID: fc46d0ce fully executed
2021-05-30 21:37:23 90      RDFN_BBG001Q7HP63_2021-02-17
2021-05-30 21:37:23 92      RDS.A_BBG000QXSSS6_2021-02-17
2021-05-30 21:37:23 95      REG_BBG000BL46Q4_2021-02-17
2021-05-30 21:37:23 97      REGN_BBG000C734W3_2021-02-17
2021-05-30 21:37:23 99      RF_BBG000Q3JN03_2021-02-17
2021-05-30 21:37:24 02      ROKU_BBG001ZZPQJ6_2021-02-17
2021-05-30 21:37:24 06      ROST_BBG000BSBZH7_2021-02-17
2021-05-30 21:37:24 08      RRC_BBG000FVXD63_2021-02-17
2021-05-30 21:37:24 10      RRC: BuyPending. Strategy: GoodGrowStrategy. Price: 11.36. StopLoss: 11.22. Candle: ID:3391, Time: 17:20, Close: 11.36. Details: Reason: Grow:1.45%;0.45%;0.53%;0.35%;
2021-05-30 21:37:24 10      RRC: OrderID: 9eea5ead. PlacedOrder. Status: New. RejectReason: 
2021-05-30 21:37:24 10      RRC: OrderID: 9eea5ead fully executed
2021-05-30 21:37:24 10      RRC: Pulling stop loss to current price. Price: 11.27. MaxPrice: 11.37. Candle: ID:3423, Time: 17:25, Close: 11.39.
2021-05-30 21:37:24 10      RRC: Pulling stop loss to current price. Price: 11.32. MaxPrice: 11.43. Candle: ID:3529, Time: 17:30, Close: 11.43.
2021-05-30 21:37:24 10      RRC: Pulling stop loss to current price. Price: 11.4. MaxPrice: 11.47. Candle: ID:3712, Time: 17:40, Close: 11.48.
2021-05-30 21:37:24 10      RRC: Pulling stop loss to current price. Price: 11.41. MaxPrice: 11.53. Candle: ID:3788, Time: 17:45, Close: 11.54.
2021-05-30 21:37:24 10      RRC: Pulling stop loss to current price. Price: 11.47. MaxPrice: 11.54. Candle: ID:3846, Time: 17:50, Close: 11.56.
2021-05-30 21:37:24 10      RRC: Pulling stop loss to current price. Price: 11.53. MaxPrice: 11.55. Candle: ID:3912, Time: 17:55, Close: 11.57.
2021-05-30 21:37:24 10      RRC: SL reached. Pending. Close price: 11.52. Candle: ID:3935, Time: 17:55, Close: 11.52. Profit: 0.16(1.41%)
2021-05-30 21:37:24 10      RRC: OrderID: 1b576ad0. PlacedOrder. Status: New. RejectReason: 
2021-05-30 21:37:24 10      RRC: OrderID: 1b576ad0 fully executed
2021-05-30 21:37:24 11      RRGB_BBG000MXH9C1_2021-02-17
2021-05-30 21:37:24 12      RTX_BBG000BW8S60_2021-02-17
2021-05-30 21:37:24 15      SAVE_BBG000BF6RQ9_2021-02-17
2021-05-30 21:37:24 16      SAVE: BuyPending. Strategy: GoodGrowStrategy. Price: 31.71. StopLoss: 31.29. Candle: ID:812, Time: 15:05, Close: 31.71. Details: Reason: Grow:0.32%;0.61%;0.35%;0.32%;
2021-05-30 21:37:24 16      SAVE: OrderID: 4cd34b9e. PlacedOrder. Status: New. RejectReason: 
2021-05-30 21:37:24 16      SAVE: OrderID: 4cd34b9e fully executed
2021-05-30 21:37:24 16      SAVE: Seems price is decreases. Closing by current price. Price: 31.62. Candle: ID:1016, Time: 15:25, Close: 31.62.
2021-05-30 21:37:24 16      SAVE: SL reached. Pending. Close price: 31.61. Candle: ID:1041, Time: 15:25, Close: 31.61. Profit: -0.10(-0.32%)
2021-05-30 21:37:24 16      SAVE: OrderID: d47a0a7c. PlacedOrder. Status: New. RejectReason: 
2021-05-30 21:37:24 16      SAVE: OrderID: d47a0a7c fully executed
2021-05-30 21:37:24 18      SBGI_BBG000F2XXP2_2021-02-17
2021-05-30 21:37:24 19      SBRA_BBG000MTDW24_2021-02-17
2021-05-30 21:37:24 20      SBUX_BBG000CTQBF3_2021-02-17
2021-05-30 21:37:24 23      SCHW_BBG000BSLZY7_2021-02-17
2021-05-30 21:37:24 27      SDGR_BBG000T88BN2_2021-02-17
2021-05-30 21:37:24 28      SEDG_BBG0084BBZY6_2021-02-17
2021-05-30 21:37:24 31      SFIX_BBG0046L1KL9_2021-02-17
2021-05-30 21:37:24 34      SFM_BBG001KFKQM7_2021-02-17
2021-05-30 21:37:24 35      SGEN_BBG000BH0FR6_2021-02-17
2021-05-30 21:37:24 37      SIG_BBG000C4ZZ10_2021-02-17
2021-05-30 21:37:24 39      SLB_BBG000BT41Q8_2021-02-17
2021-05-30 21:37:24 42      SLG_BBG000BVP5P2_2021-02-17
2021-05-30 21:37:24 43      SMAR_BBG00GQK3WB5_2021-02-17
2021-05-30 21:37:24 44      SNAP_BBG00441QMJ7_2021-02-17
2021-05-30 21:37:24 48      SNPS_BBG000BSFRF3_2021-02-17
2021-05-30 21:37:24 51      SNY_BBG000BBD5N1_2021-02-17
2021-05-30 21:37:24 53      SO_BBG000BT9DW0_2021-02-17
2021-05-30 21:37:24 56      SONO_BBG001JZPSQ2_2021-02-17
2021-05-30 21:37:24 58      SPCE_BBG00HTN2CQ3_2021-02-17
2021-05-30 21:37:24 76      SPG_BBG000BJ2D31_2021-02-17
2021-05-30 21:37:24 78      SPLK_BBG001C7TST4_2021-02-17
2021-05-30 21:37:24 81      SPR_BBG000PRJ2Z9_2021-02-17
2021-05-30 21:37:24 84      SQ_BBG0018SLC07_2021-02-17
2021-05-30 21:37:24 90      SSNC_BBG000RJ2J04_2021-02-17
2021-05-30 21:37:24 91      STLD_BBG000HGYNZ9_2021-02-17
2021-05-30 21:37:24 93      STT_BBG000BKFBD7_2021-02-17
2021-05-30 21:37:24 95      STX_BBG000F0KF42_2021-02-17
2021-05-30 21:37:24 95      Warning: figi `BBG000F0KF42` for history data does not match actual figi `BBG0113JGQF0`. Ticker: STX. Will be used actual!
2021-05-30 21:37:24 97      SWBI_BBG000BM0QL7_2021-02-17
2021-05-30 21:37:24 99      SWKS_BBG000KLB4Q1_2021-02-17
2021-05-30 21:37:25 02      SWN_BBG000BTR593_2021-02-17
2021-05-30 21:37:25 04      SYF_BBG00658F3P3_2021-02-17
2021-05-30 21:37:25 07      SYY_BBG000BTVJ25_2021-02-17
2021-05-30 21:37:25 10      T_BBG000BSJK37_2021-02-17
2021-05-30 21:37:25 16      TAL_BBG0016XJ8S0_2021-02-17
2021-05-30 21:37:25 17      TAP_BBG000BS7KS3_2021-02-17
2021-05-30 21:37:25 21      TDOC_BBG0019T5SG0_2021-02-17
2021-05-30 21:37:25 23      TDOC: BuyPending. Strategy: GoodGrowStrategy. Price: 286.23. StopLoss: 283.18. Candle: ID:3687, Time: 18:55, Close: 286.23. Details: Reason: Grow:0.40%;0.36%;0.40%;0.33%;
2021-05-30 21:37:25 23      TDOC: OrderID: 4cafab41. PlacedOrder. Status: New. RejectReason: 
2021-05-30 21:37:25 23      TDOC: OrderID: 4cafab41 fully executed
2021-05-30 21:37:25 23      TDOC: Pulling stop loss to current price. Price: 284.19. MaxPrice: 286.23. Candle: ID:3738, Time: 19:00, Close: 285.96.
2021-05-30 21:37:25 23      TDOC: Seems price is decreases. Closing by current price. Price: 284.56. Candle: ID:3897, Time: 19:15, Close: 284.56.
2021-05-30 21:37:25 23      TDOC: SL reached. Pending. Close price: 284.42. Candle: ID:3898, Time: 19:15, Close: 284.42. Profit: -1.81(-0.63%)
2021-05-30 21:37:25 23      TDOC: OrderID: f8a79994. PlacedOrder. Status: New. RejectReason: 
2021-05-30 21:37:25 23      TDOC: OrderID: f8a79994 fully executed
2021-05-30 21:37:25 24      TENB_BBG00LBLCD02_2021-02-17
2021-05-30 21:37:25 25      TER_BBG000BV4DR6_2021-02-17
2021-05-30 21:37:25 29      TFC_BBG000BYYLS8_2021-02-17
2021-05-30 21:37:25 31      TGT_BBG000H8TVT2_2021-02-17
2021-05-30 21:37:25 33      TJX_BBG000BV8DN6_2021-02-17
2021-05-30 21:37:25 36      TMUS_BBG000NDV1D4_2021-02-17
2021-05-30 21:37:25 40      TOL_BBG000BVHBM1_2021-02-17
2021-05-30 21:37:25 42      TOT_BBG000CHZ857_2021-02-17
2021-05-30 21:37:25 43      TPR_BBG000BY29C7_2021-02-17
2021-05-30 21:37:25 46      TRIP_BBG001M8HHB7_2021-02-17
2021-05-30 21:37:25 48      TRMB_BBG000BNPS52_2021-02-17
2021-05-30 21:37:25 50      TRMB: BuyPending. Strategy: GoodGrowStrategy. Price: 74.17. StopLoss: 72.48. Candle: ID:3501, Time: 22:25, Close: 74.17. Details: Reason: DayMax: 72.69. Current change: +2.04%
2021-05-30 21:37:25 50      TRMB: OrderID: 684eb2a3. PlacedOrder. Status: New. RejectReason: 
2021-05-30 21:37:25 50      TRMB: OrderID: 684eb2a3 fully executed
2021-05-30 21:37:25 50      TRMB: Closing daily orders. Close price: 74.15. Lots: 1. Profit: -0.02(-0.03%). Candle: ID:3501, Time: 22:30, Close: 74.17
2021-05-30 21:37:25 50      TROW_BBG000BVMPN3_2021-02-17
2021-05-30 21:37:25 52      TSCO_BBG000BLXZN1_2021-02-17
2021-05-30 21:37:25 54      TSLA_BBG000N9MNX3_2021-02-17
2021-05-30 21:37:25 84      TSM_BBG000BD8ZK0_2021-02-17
2021-05-30 21:37:25 91      TSN_BBG000DKCC19_2021-02-17
2021-05-30 21:37:25 93      TTD_BBG00629NGT2_2021-02-17
2021-05-30 21:37:25 95      TTM_BBG000PVGDH9_2021-02-17
2021-05-30 21:37:25 96      TTMI_BBG000BYQ0B1_2021-02-17
2021-05-30 21:37:25 97      TTWO_BBG000BS1YV5_2021-02-17
2021-05-30 21:37:25 99      TWLO_BBG0029ZX840_2021-02-17
2021-05-30 21:37:26 01      TWLO: SPYKE!. Candle: ID:4605, Time: 21:15, Close: 429.57
2021-05-30 21:37:26 01      TWLO: BuyPending. Strategy: GoodGrowStrategy. Price: 427. StopLoss: 412. Candle: ID:4609, Time: 21:15, Close: 427. Details: Reason: DayMax: 413.68. Current change: +3.22%
2021-05-30 21:37:26 01      TWLO: OrderID: 3d0454d1. PlacedOrder. Status: New. RejectReason: 
2021-05-30 21:37:26 01      TWLO: OrderID: 3d0454d1 fully executed
2021-05-30 21:37:26 01      TWLO: Pulling stop loss to current price. Price: 415. MaxPrice: 465.25. Candle: ID:5100, Time: 21:25, Close: 465.26.
2021-05-30 21:37:26 02      TWLO: Seems price is decreases. Closing by current price. Price: 455. Candle: ID:5503, Time: 21:50, Close: 455.
2021-05-30 21:37:26 02      TWLO: SL reached. Pending. Close price: 454.85. Candle: ID:5504, Time: 21:50, Close: 454.85. Profit: 27.85(6.52%)
2021-05-30 21:37:26 02      TWLO: OrderID: 22e42269. PlacedOrder. Status: New. RejectReason: 
2021-05-30 21:37:26 02      TWLO: OrderID: 22e42269 fully executed
2021-05-30 21:37:26 02      TWNK_BBG00B6KGNN1_2021-02-17
2021-05-30 21:37:26 03      TWOU_BBG001KS9450_2021-02-17
2021-05-30 21:37:26 04      TWTR_BBG000H6HNW3_2021-02-17
2021-05-30 21:37:26 11      TXN_BBG000BVV7G1_2021-02-17
2021-05-30 21:37:26 15      TXRH_BBG000PSJMV7_2021-02-17
2021-05-30 21:37:26 16      UA_BBG009DTD8H2_2021-02-17
2021-05-30 21:37:26 17      UAA_BBG000BXM6V2_2021-02-17
2021-05-30 21:37:26 19      UAL_BBG000M65M61_2021-02-17
2021-05-30 21:37:26 25      UBER_BBG002B04MT8_2021-02-17
2021-05-30 21:37:26 31      UDR_BBG000C41023_2021-02-17
2021-05-30 21:37:26 33      ULTA_BBG00FWQ4VD6_2021-02-17
2021-05-30 21:37:26 34      UNH_BBG000CH5208_2021-02-17
2021-05-30 21:37:26 36      UNM_BBG000BW2QX0_2021-02-17
2021-05-30 21:37:26 38      UNP_BBG000BW3299_2021-02-17
2021-05-30 21:37:26 40      UNVR_BBG000BDHD29_2021-02-17
2021-05-30 21:37:26 40      UPS_BBG000L9CV04_2021-02-17
2021-05-30 21:37:26 42      UPWK_BBG00FBJ6390_2021-02-17
2021-05-30 21:37:26 44      URBN_BBG000BL79J3_2021-02-17
2021-05-30 21:37:26 45      USB_BBG000FFDM15_2021-02-17
2021-05-30 21:37:26 48      USFD_BBG00C6H6D40_2021-02-17
2021-05-30 21:37:26 50      V_BBG000PSKYX7_2021-02-17
2021-05-30 21:37:26 54      VALE_BBG000BN5LG7_2021-02-17
2021-05-30 21:37:26 57      VFC_BBG000BWCKB6_2021-02-17
2021-05-30 21:37:26 59      VG_BBG000BRB5D9_2021-02-17
2021-05-30 21:37:26 60      VG: BuyPending. Strategy: GoodGrowStrategy. Price: 15.3. StopLoss: 14.85. Candle: ID:3538, Time: 21:25, Close: 15.3. Details: Reason: DayMax: 14.86. Current change: +2.96%
2021-05-30 21:37:26 60      VG: OrderID: 425a5654. PlacedOrder. Status: New. RejectReason: 
2021-05-30 21:37:26 60      VG: OrderID: 425a5654 fully executed
2021-05-30 21:37:26 60      VG: Closing daily orders. Close price: 15.17. Lots: 1. Profit: -0.13(-0.85%). Candle: ID:3552, Time: 22:35, Close: 15.19
2021-05-30 21:37:26 61      VIAC_BBG000C496P7_2021-02-17
2021-05-30 21:37:26 63      VIAC: BuyPending. Strategy: GoodGrowStrategy. Price: 60.25. StopLoss: 59.45. Candle: ID:956, Time: 14:45, Close: 60.25. Details: Reason: DayMax: 59.04. Current change: +2.05%
2021-05-30 21:37:26 63      VIAC: OrderID: da41d91e. PlacedOrder. Status: New. RejectReason: 
2021-05-30 21:37:26 63      VIAC: OrderID: da41d91e fully executed
2021-05-30 21:37:26 63      VIAC: Seems price is decreases. Closing by current price. Price: 59.91. Candle: ID:1339, Time: 15:00, Close: 59.91.
2021-05-30 21:37:26 63      VIAC: SL reached. Pending. Close price: 59.9. Candle: ID:1346, Time: 15:00, Close: 59.9. Profit: -0.35(-0.58%)
2021-05-30 21:37:26 63      VIAC: OrderID: b82ee91f. PlacedOrder. Status: New. RejectReason: 
2021-05-30 21:37:26 63      VIAC: OrderID: b82ee91f fully executed
2021-05-30 21:37:26 66      VIPS_BBG002NLDLV8_2021-02-17
2021-05-30 21:37:26 68      VLO_BBG000BBGGQ1_2021-02-17
2021-05-30 21:37:26 72      VNO_BBG000BWHD54_2021-02-17
2021-05-30 21:37:26 74      VRSK_BBG000BCZL41_2021-02-17
2021-05-30 21:37:26 75      VRTX_BBG000C1S2X2_2021-02-17
2021-05-30 21:37:26 79      VTR_BBG000FRVHB9_2021-02-17
2021-05-30 21:37:26 80      VZ_BBG000HS77T5_2021-02-17
2021-05-30 21:37:26 90      W_BBG001B17MV2_2021-02-17
2021-05-30 21:37:26 92      WB_BBG0065XPGX9_2021-02-17
2021-05-30 21:37:26 94      WBA_BBG000BWLMJ4_2021-02-17
2021-05-30 21:37:26 98      WDAY_BBG000VC0T95_2021-02-17
2021-05-30 21:37:26 99      WDC_BBG000BWNFZ9_2021-02-17
2021-05-30 21:37:27 01      WDC: BuyPending. Strategy: GoodGrowStrategy. Price: 68.05. StopLoss: 66.68. Candle: ID:953, Time: 14:55, Close: 68.05. Details: Reason: Grow:1.03%;0.88%;0.85%;0.32%;
2021-05-30 21:37:27 01      WDC: OrderID: db96c937. PlacedOrder. Status: New. RejectReason: 
2021-05-30 21:37:27 01      WDC: OrderID: db96c937 fully executed
2021-05-30 21:37:27 01      WDC: Pulling stop loss to current price. Price: 67.29. MaxPrice: 68.05. Candle: ID:1109, Time: 15:00, Close: 67.99.
2021-05-30 21:37:27 01      WDC: Pulling stop loss to current price. Price: 67.83. MaxPrice: 68.24. Candle: ID:1490, Time: 15:05, Close: 68.26.
2021-05-30 21:37:27 01      WDC: Pulling stop loss to current price. Price: 67.84. MaxPrice: 68.42. Candle: ID:1725, Time: 15:10, Close: 68.45.
2021-05-30 21:37:27 01      WDC: Pulling stop loss to current price. Price: 68.22. MaxPrice: 68.47. Candle: ID:1905, Time: 15:15, Close: 68.5.
2021-05-30 21:37:27 01      WDC: SL reached. Pending. Close price: 68.21. Candle: ID:2024, Time: 15:15, Close: 68.21. Profit: 0.16(0.24%)
2021-05-30 21:37:27 01      WDC: OrderID: 1ba0d6a9. PlacedOrder. Status: New. RejectReason: 
2021-05-30 21:37:27 01      WDC: OrderID: 1ba0d6a9 fully executed
2021-05-30 21:37:27 03      WELL_BBG000BKY1G5_2021-02-17
2021-05-30 21:37:27 06      WERN_BBG000BWPP85_2021-02-17
2021-05-30 21:37:27 06      WFC_BBG000BWQFY7_2021-02-17
2021-05-30 21:37:27 12      WFC: BuyPending. Strategy: GoodGrowStrategy. Price: 35.54. StopLoss: 34.56. Candle: ID:5544, Time: 15:30, Close: 35.54. Details: Reason: DayMax: 34.84. Current change: +2.01%
2021-05-30 21:37:27 12      WFC: OrderID: c7ea9951. PlacedOrder. Status: New. RejectReason: 
2021-05-30 21:37:27 12      WFC: OrderID: c7ea9951 fully executed
2021-05-30 21:37:27 12      WFC: Pulling stop loss to current price. Price: 34.58. MaxPrice: 36.85. Candle: ID:8556, Time: 15:40, Close: 36.87.
2021-05-30 21:37:27 12      WFC: Pulling stop loss to current price. Price: 36.15. MaxPrice: 37.06. Candle: ID:10462, Time: 15:45, Close: 37.06.
2021-05-30 21:37:27 13      WFC: Pulling stop loss to current price. Price: 36.86. MaxPrice: 37.28. Candle: ID:11383, Time: 15:50, Close: 37.3.
2021-05-30 21:37:27 13      WFC: SL reached. Pending. Close price: 36.85. Candle: ID:12529, Time: 15:55, Close: 36.85. Profit: 1.31(3.69%)
2021-05-30 21:37:27 13      WFC: OrderID: 5347d8b8. PlacedOrder. Status: New. RejectReason: 
2021-05-30 21:37:27 13      WFC: OrderID: 5347d8b8 fully executed
2021-05-30 21:37:27 17      WLTW_BBG000DB3KT1_2021-02-17
2021-05-30 21:37:27 19      WMB_BBG000BWVCP8_2021-02-17
2021-05-30 21:37:27 21      WMT_BBG000BWXBC2_2021-02-17
2021-05-30 21:37:27 25      WORK_BBG007G7V505_2021-02-17
2021-05-30 21:37:27 26      WORK: SPYKE!. Candle: ID:76, Time: 11:40, Close: 43.73
2021-05-30 21:37:27 28      WRK_BBG008NXC572_2021-02-17
2021-05-30 21:37:27 29      WSC_BBG00B0FS947_2021-02-17
2021-05-30 21:37:27 30      WU_BBG000BB5373_2021-02-17
2021-05-30 21:37:27 32      WY_BBG000BX3BL3_2021-02-17
2021-05-30 21:37:27 33      WYNN_BBG000LD9JQ8_2021-02-17
2021-05-30 21:37:27 36      XEL_BBG000BCTQ65_2021-02-17
2021-05-30 21:37:27 38      XLNX_BBG000C0F570_2021-02-17
2021-05-30 21:37:27 41      XOM_BBG000GZQ728_2021-02-17
2021-05-30 21:37:27 49      XRAY_BBG000BX57K1_2021-02-17
2021-05-30 21:37:27 50      XRX_BBG00NNG2ZJ8_2021-02-17
2021-05-30 21:37:27 52      YUM_BBG000BH3GZ2_2021-02-17
2021-05-30 21:37:27 53      YUMC_BBG00B8N0HG1_2021-02-17
2021-05-30 21:37:27 55      YY_BBG003H0XV18_2021-02-17
2021-05-30 21:37:27 57      Z_BBG009NRSWJ4_2021-02-17
2021-05-30 21:37:27 61      ZGNX_BBG000VDC3G9_2021-02-17
2021-05-30 21:37:27 63      ZION_BBG000BX9WL1_2021-02-17
2021-05-30 21:37:27 65      ZM_BBG0042V6JM8_2021-02-17
2021-05-30 21:37:27 70      ZS_BBG003338H34_2021-02-17
2021-05-30 21:37:27 74      ZYNE_BBG007BBS8B7_2021-02-17
2021-05-30 21:37:27 77      ZYNE: SPYKE!. Candle: ID:22, Time: 7:00, Close: 5.99
2021-05-30 21:37:27 77      ZYNE: SPYKE!. Candle: ID:67, Time: 7:00, Close: 5.99
2021-05-30 21:37:27 82      ZYXI_BBG000BJBXZ2_2021-02-17
2021-05-30 21:37:27 84      Total candles read: 2974038
2021-05-30 21:37:27 84      Start DisposeAsync...
2021-05-30 21:37:27 84      Trade statistic. Total/Pos/Neg: 41/18/23; Profit: 23.60; Volume: 0; MaxVolume: 450.32; Commission: 2.478870;
2021-05-30 21:37:27 85      BaseBot::DisposeAsync...
2021-05-30 21:37:27 85      BaseBot::DisposeAsync done!
2021-05-30 21:37:27 85      End DisposeAsync...
