2021-05-31 23:09:01 34      mode=TestTradeBot;DumpQuotes=false;SubscribeQuotes=false;Strategies=MorningOpenStrategy;Token=token.txt;ConfigPath=usd.json;CandlesPath=C:\tinkoff\TestData\RawQuotes\5m\uncompressed\quotes_2021-01-13;
2021-05-31 23:09:01 35      Trade bot created
2021-05-31 23:09:01 37      Fake connection created
2021-05-31 23:09:01 98      List of disabled tickers: 
2021-05-31 23:09:01 99      AA_BBG00B3T3HD3_2021-01-13
2021-05-31 23:09:02 05      AAL_BBG005P7Q881_2021-01-13
2021-05-31 23:09:02 10      AAPL_BBG000B9XRY4_2021-01-13
2021-05-31 23:09:02 34      ABBV_BBG0025Y4RY4_2021-01-13
2021-05-31 23:09:02 38      ABNB_BBG001Y2XS07_2021-01-13
2021-05-31 23:09:02 46      ABT_BBG000B9ZXB4_2021-01-13
2021-05-31 23:09:02 49      ACAD_BBG000BHG9K0_2021-01-13
2021-05-31 23:09:02 50      ACH_BBG000CMRVH1_2021-01-13
2021-05-31 23:09:02 51      ADBE_BBG000BB5006_2021-01-13
2021-05-31 23:09:02 56      ADM_BBG000BB6WG8_2021-01-13
2021-05-31 23:09:02 59      ADSK_BBG000BM7HL0_2021-01-13
2021-05-31 23:09:02 60      AES_BBG000C23KJ3_2021-01-13
2021-05-31 23:09:02 62      AFL_BBG000BBBNC6_2021-01-13
2021-05-31 23:09:02 63      AIG_BBG000BBDZG3_2021-01-13
2021-05-31 23:09:02 65      ALK_BBG000BBL0Y1_2021-01-13
2021-05-31 23:09:02 66      AMAT_BBG000BBPFB9_2021-01-13
2021-05-31 23:09:02 69      AMD_BBG000BBQCY0_2021-01-13
2021-05-31 23:09:02 76      AMGN_BBG000BBS2Y0_2021-01-13
2021-05-31 23:09:02 78      AMZN_BBG000BVPV84_2021-01-13
2021-05-31 23:09:02 84      ANGI_BBG00HVKH3Q0_2021-01-13
2021-05-31 23:09:02 86      APA_BBG000BC2C10_2021-01-13
2021-05-31 23:09:02 86      Warning: figi `BBG000BC2C10` for history data does not match actual figi `BBG00YTS96G2`. Ticker: APA. Will be used actual!
2021-05-31 23:09:02 88      APLE_BBG006473QX9_2021-01-13
2021-05-31 23:09:02 89      ARCT_BBG00NNW8JK1_2021-01-13
2021-05-31 23:09:02 93      ATRA_BBG005Q3MQY4_2021-01-13
2021-05-31 23:09:02 95      ATVI_BBG000CVWGS6_2021-01-13
2021-05-31 23:09:02 98      AVGO_BBG00KHY5S69_2021-01-13
2021-05-31 23:09:02 99      AXP_BBG000BCQZS4_2021-01-13
2021-05-31 23:09:03 01      BA_BBG000BCSST7_2021-01-13
2021-05-31 23:09:03 04      BABA_BBG006G2JVL2_2021-01-13
2021-05-31 23:09:03 24      BAC_BBG000BCTLF6_2021-01-13
2021-05-31 23:09:03 28      BBBY_BBG000CSY9H9_2021-01-13
2021-05-31 23:09:03 34      BBY_BBG000BCWCG1_2021-01-13
2021-05-31 23:09:03 36      BEN_BBG000BD0TF8_2021-01-13
2021-05-31 23:09:03 37      BIDU_BBG000QXWHD1_2021-01-13
2021-05-31 23:09:03 46      BIIB_BBG000C17X76_2021-01-13
2021-05-31 23:09:03 48      BILI_BBG00K7T3037_2021-01-13
2021-05-31 23:09:03 50      BK_BBG000BD8PN9_2021-01-13
2021-05-31 23:09:03 52      BKR_BBG00GBVBK51_2021-01-13
2021-05-31 23:09:03 53      BLDR_BBG000BKD3K9_2021-01-13
2021-05-31 23:09:03 55      BLUE_BBG000QGWY50_2021-01-13
2021-05-31 23:09:03 56      BMRN_BBG000CZWZ05_2021-01-13
2021-05-31 23:09:03 58      BMY_BBG000DQLV23_2021-01-13
2021-05-31 23:09:03 61      BRK.B_BBG000DWG505_2021-01-13
2021-05-31 23:09:03 63      BSX_BBG000C0LW92_2021-01-13
2021-05-31 23:09:03 65      BTI_BBG000BWPXQ8_2021-01-13
2021-05-31 23:09:03 66      BYND_BBG003CVJP50_2021-01-13
2021-05-31 23:09:03 69      BZUN_BBG008HNS333_2021-01-13
2021-05-31 23:09:03 70      C_BBG000FY4S11_2021-01-13
2021-05-31 23:09:03 75      CAG_BBG000BDXGP9_2021-01-13
2021-05-31 23:09:03 77      CAH_BBG000D898T9_2021-01-13
2021-05-31 23:09:03 78      CARG_BBG00HQ77DS2_2021-01-13
2021-05-31 23:09:03 78      CARR_BBG00RP5HYS8_2021-01-13
2021-05-31 23:09:03 80      CAT_BBG000BF0K17_2021-01-13
2021-05-31 23:09:03 82      CBRE_BBG000C04224_2021-01-13
2021-05-31 23:09:03 84      CCL_BBG000BF6LY3_2021-01-13
2021-05-31 23:09:03 88      CDW_BBG001P63B80_2021-01-13
2021-05-31 23:09:03 89      CF_BBG000BWJFZ4_2021-01-13
2021-05-31 23:09:03 90      CF: SPYKE!. Candle: ID:2985, Time: 22:35, Close: 46.94
2021-05-31 23:09:03 90      CFG_BBG006Q0HY77_2021-01-13
2021-05-31 23:09:03 91      CHGG_BBG0014XR0N5_2021-01-13
2021-05-31 23:09:03 92      CHNG_BBG0059KNH10_2021-01-13
2021-05-31 23:09:03 94      CHX_BBG00JH9TZ56_2021-01-13
2021-05-31 23:09:03 95      CL_BBG000BFQYY3_2021-01-13
2021-05-31 23:09:03 97      CLF_BBG000BFRF55_2021-01-13
2021-05-31 23:09:03 99      CLR_BBG000BHBGN6_2021-01-13
2021-05-31 23:09:04 00      CMA_BBG000C75N77_2021-01-13
2021-05-31 23:09:04 02      CMCSA_BBG000BFT2L4_2021-01-13
2021-05-31 23:09:04 05      CMS_BBG000BFVXX0_2021-01-13
2021-05-31 23:09:04 06      CNC_BBG000BDXCJ5_2021-01-13
2021-05-31 23:09:04 08      CNK_BBG000QDVR53_2021-01-13
2021-05-31 23:09:04 12      CNP_BBG000FDBX90_2021-01-13
2021-05-31 23:09:04 13      COG_BBG000C3GN47_2021-01-13
2021-05-31 23:09:04 15      COP_BBG000BQQH30_2021-01-13
2021-05-31 23:09:04 19      CORT_BBG000BKJG33_2021-01-13
2021-05-31 23:09:04 20      COST_BBG000F6H8W8_2021-01-13
2021-05-31 23:09:04 23      COTY_BBG000F395V1_2021-01-13
2021-05-31 23:09:04 26      CPB_BBG000BG4202_2021-01-13
2021-05-31 23:09:04 27      CRM_BBG000BN2DC2_2021-01-13
2021-05-31 23:09:04 29      CROX_BBG000BLY663_2021-01-13
2021-05-31 23:09:04 30      CRUS_BBG000C1DHF5_2021-01-13
2021-05-31 23:09:04 31      CSCO_BBG000C3J3C9_2021-01-13
2021-05-31 23:09:04 34      CSX_BBG000BGJRC8_2021-01-13
2021-05-31 23:09:04 36      CTSH_BBG000BBDV81_2021-01-13
2021-05-31 23:09:04 39      CTVA_BBG00BN969C1_2021-01-13
2021-05-31 23:09:04 40      CVS_BBG000BGRY34_2021-01-13
2021-05-31 23:09:04 43      CVX_BBG000K4ND22_2021-01-13
2021-05-31 23:09:04 47      D_BBG000BGVW60_2021-01-13
2021-05-31 23:09:04 49      DAL_BBG000R7Z112_2021-01-13
2021-05-31 23:09:04 52      DBX_BBG0018SLDN0_2021-01-13
2021-05-31 23:09:04 55      DFS_BBG000QBR5J5_2021-01-13
2021-05-31 23:09:04 56      DHI_BBG000DQTXY6_2021-01-13
2021-05-31 23:09:04 57      DHR_BBG000BH3JF8_2021-01-13
2021-05-31 23:09:04 58      DIS_BBG000BH4R78_2021-01-13
2021-05-31 23:09:04 61      DISCA_BBG000CHWP52_2021-01-13
2021-05-31 23:09:04 64      DKNG_BBG00TCBG714_2021-01-13
2021-05-31 23:09:04 68      DOCU_BBG000N7KJX8_2021-01-13
2021-05-31 23:09:04 71      DOW_BBG00BN96922_2021-01-13
2021-05-31 23:09:04 73      DT_BBG00PNN7C40_2021-01-13
2021-05-31 23:09:04 74      DVN_BBG000BBVJZ8_2021-01-13
2021-05-31 23:09:04 76      DXC_BBG00FN64XT9_2021-01-13
2021-05-31 23:09:04 76      DXCM_BBG000QTF8K1_2021-01-13
2021-05-31 23:09:04 78      EA_BBG000BP0KQ8_2021-01-13
2021-05-31 23:09:04 80      EBAY_BBG000C43RR5_2021-01-13
2021-05-31 23:09:04 83      ED_BBG000BHLYS1_2021-01-13
2021-05-31 23:09:04 84      EDIT_BBG005MX5GZ2_2021-01-13
2021-05-31 23:09:04 86      ELAN_BBG00LJYS1P8_2021-01-13
2021-05-31 23:09:04 86      EMR_BBG000BHX7N2_2021-01-13
2021-05-31 23:09:04 88      ENDP_BBG000C0HQ54_2021-01-13
2021-05-31 23:09:04 88      ENPH_BBG001R3MNY9_2021-01-13
2021-05-31 23:09:04 90      EOG_BBG000BZ9223_2021-01-13
2021-05-31 23:09:04 92      EQT_BBG000BHZ5J9_2021-01-13
2021-05-31 23:09:04 95      ET_BBG000BM2FL9_2021-01-13
2021-05-31 23:09:04 97      ETRN_BBG00K53L394_2021-01-13
2021-05-31 23:09:04 98      ETSY_BBG000N7MXL8_2021-01-13
2021-05-31 23:09:05 02      EVH_BBG005CHLM96_2021-01-13
2021-05-31 23:09:05 03      EW_BBG000BRXP69_2021-01-13
2021-05-31 23:09:05 04      EXEL_BBG000BQ4WF8_2021-01-13
2021-05-31 23:09:05 06      EXPD_BBG000BJ5GK2_2021-01-13
2021-05-31 23:09:05 07      F_BBG000BQPC32_2021-01-13
2021-05-31 23:09:05 11      FANG_BBG002PHSYX9_2021-01-13
2021-05-31 23:09:05 14      FATE_BBG000QP35H2_2021-01-13
2021-05-31 23:09:05 15      FB_BBG000MM2P62_2021-01-13
2021-05-31 23:09:05 30      FCX_BBG000BJDB15_2021-01-13
2021-05-31 23:09:05 34      FDX_BBG000BJF1Z8_2021-01-13
2021-05-31 23:09:05 36      FIS_BBG000BK2F42_2021-01-13
2021-05-31 23:09:05 39      FISV_BBG000BJKPG0_2021-01-13
2021-05-31 23:09:05 43      FL_BBG000BX8DC4_2021-01-13
2021-05-31 23:09:05 45      FLIR_BBG000BHK836_2021-01-13
2021-05-31 23:09:05 47      FOX_BBG00JHNKJY8_2021-01-13
2021-05-31 23:09:05 47      FOXA_BBG00JHNJW99_2021-01-13
2021-05-31 23:09:05 47      FRHC_BBG000N625H8_2021-01-13
2021-05-31 23:09:05 49      FSLR_BBG000BFL116_2021-01-13
2021-05-31 23:09:05 50      FSLY_BBG004NLQHL0_2021-01-13
2021-05-31 23:09:05 53      FTI_BBG00DL8NMV2_2021-01-13
2021-05-31 23:09:05 55      FTNT_BBG000BCMBG4_2021-01-13
2021-05-31 23:09:05 57      FTV_BBG00BLVZ228_2021-01-13
2021-05-31 23:09:05 57      GE_BBG000BK6MB5_2021-01-13
2021-05-31 23:09:05 62      GILD_BBG000CKGBP2_2021-01-13
2021-05-31 23:09:05 66      GIS_BBG000BKCFC2_2021-01-13
2021-05-31 23:09:05 69      GLW_BBG000BKFZM4_2021-01-13
2021-05-31 23:09:05 70      GM_BBG000NDYB67_2021-01-13
2021-05-31 23:09:05 78      GOOG_BBG009S3NB30_2021-01-13
2021-05-31 23:09:05 81      GOOGL_BBG009S39JX6_2021-01-13
2021-05-31 23:09:05 86      GPS_BBG000BKLH74_2021-01-13
2021-05-31 23:09:05 89      GRMN_BBG000C4LN67_2021-01-13
2021-05-31 23:09:05 90      GS_BBG000C6CFJ5_2021-01-13
2021-05-31 23:09:05 91      GSKY_BBG00KT2SCV8_2021-01-13
2021-05-31 23:09:05 93      GT_BBG000BKNX95_2021-01-13
2021-05-31 23:09:05 94      HA_BBG000BC4185_2021-01-13
2021-05-31 23:09:05 95      HAL_BBG000BKTFN2_2021-01-13
2021-05-31 23:09:05 96      HAS_BBG000BKVJK4_2021-01-13
2021-05-31 23:09:05 97      HBAN_BBG000BKWSR6_2021-01-13
2021-05-31 23:09:05 98      HBI_BBG000D2ZTS8_2021-01-13
2021-05-31 23:09:05 99      HCA_BBG000QW7VC1_2021-01-13
2021-05-31 23:09:06 00      HD_BBG000BKZB36_2021-01-13
2021-05-31 23:09:06 02      HFC_BBG000BL9JQ1_2021-01-13
2021-05-31 23:09:06 03      HIG_BBG000G0Z878_2021-01-13
2021-05-31 23:09:06 04      HLT_BBG0058KMH30_2021-01-13
2021-05-31 23:09:06 06      HOG_BBG000BKZTP3_2021-01-13
2021-05-31 23:09:06 07      HP_BBG000BLCPY4_2021-01-13
2021-05-31 23:09:06 08      HPE_BBG0078W3NQ3_2021-01-13
2021-05-31 23:09:06 09      HPQ_BBG000KHWT55_2021-01-13
2021-05-31 23:09:06 11      HRB_BBG000BLDV98_2021-01-13
2021-05-31 23:09:06 12      HRL_BBG000BLF8D2_2021-01-13
2021-05-31 23:09:06 13      HRTX_BBG000G2GJT7_2021-01-13
2021-05-31 23:09:06 14      HSIC_BBG000BNMMJ3_2021-01-13
2021-05-31 23:09:06 15      HST_BBG000BL8804_2021-01-13
2021-05-31 23:09:06 16      HWM_BBG00DYNJGH9_2021-01-13
2021-05-31 23:09:06 17      IBM_BBG000BLNNH6_2021-01-13
2021-05-31 23:09:06 21      IBN_BBG000DRM643_2021-01-13
2021-05-31 23:09:06 22      IIVI_BBG000BLW102_2021-01-13
2021-05-31 23:09:06 23      IIVI: SPYKE!. Candle: ID:35, Time: 13:00, Close: 90.44
2021-05-31 23:09:06 23      INCY_BBG000BNPSQ9_2021-01-13
2021-05-31 23:09:06 25      INTC_BBG000C0G1D1_2021-01-13
2021-05-31 23:09:06 53      INTU_BBG000BH5DV1_2021-01-13
2021-05-31 23:09:06 55      IOVA_BBG000FTLBV7_2021-01-13
2021-05-31 23:09:06 56      IP_BBG000BM5SR2_2021-01-13
2021-05-31 23:09:06 58      IR_BBG002R1CW27_2021-01-13
2021-05-31 23:09:06 59      IRM_BBG000KCZPC3_2021-01-13
2021-05-31 23:09:06 60      IVZ_BBG000BY2Y78_2021-01-13
2021-05-31 23:09:06 61      JBHT_BBG000BMDBZ1_2021-01-13
2021-05-31 23:09:06 62      JCI_BBG000BVWLJ6_2021-01-13
2021-05-31 23:09:06 63      JD_BBG005YHY0Q7_2021-01-13
2021-05-31 23:09:06 66      JNJ_BBG000BMHYD1_2021-01-13
2021-05-31 23:09:06 70      JPM_BBG000DMBXR2_2021-01-13
2021-05-31 23:09:06 76      JWN_BBG000G8N9C6_2021-01-13
2021-05-31 23:09:06 80      K_BBG000BMKDM3_2021-01-13
2021-05-31 23:09:06 82      KDP_BBG000TJM7F0_2021-01-13
2021-05-31 23:09:06 83      KEY_BBG000BMQPL1_2021-01-13
2021-05-31 23:09:06 85      KHC_BBG005CPNTQ2_2021-01-13
2021-05-31 23:09:06 88      KIM_BBG000CN3S73_2021-01-13
2021-05-31 23:09:06 89      KMI_BBG0019JZ882_2021-01-13
2021-05-31 23:09:06 91      KO_BBG000BMX289_2021-01-13
2021-05-31 23:09:06 94      KR_BBG000BMY992_2021-01-13
2021-05-31 23:09:06 98      LITE_BBG0073F9RT7_2021-01-13
2021-05-31 23:09:06 99      LNT_BBG000DW4Q75_2021-01-13
2021-05-31 23:09:07 00      LRCX_BBG000BNFLM9_2021-01-13
2021-05-31 23:09:07 02      LTHM_BBG00LV3NRG0_2021-01-13
2021-05-31 23:09:07 04      LUMN_BBG000BGLRN3_2021-01-13
2021-05-31 23:09:07 06      LUV_BBG000BNJHS8_2021-01-13
2021-05-31 23:09:07 07      LVS_BBG000JWD753_2021-01-13
2021-05-31 23:09:07 10      LYB_BBG000WCFV84_2021-01-13
2021-05-31 23:09:07 11      LYFT_BBG004M9ZHX5_2021-01-13
2021-05-31 23:09:07 13      LYV_BBG000FQ7YR4_2021-01-13
2021-05-31 23:09:07 13      M_BBG000C46HM9_2021-01-13
2021-05-31 23:09:07 17      MA_BBG000F1ZSQ2_2021-01-13
2021-05-31 23:09:07 19      MAC_BBG000BL9C59_2021-01-13
2021-05-31 23:09:07 20      MAR_BBG000BGD7W6_2021-01-13
2021-05-31 23:09:07 22      MAS_BBG000BNNKG9_2021-01-13
2021-05-31 23:09:07 23      MBT_BBG000CSZKR2_2021-01-13
2021-05-31 23:09:07 23      MCD_BBG000BNSZP1_2021-01-13
2021-05-31 23:09:07 25      MDRX_BBG000BLDXH5_2021-01-13
2021-05-31 23:09:07 26      MFGP_BBG00HFWVGN0_2021-01-13
2021-05-31 23:09:07 27      MIDD_BBG000DQN9R3_2021-01-13
2021-05-31 23:09:07 27      MLCO_BBG000BHP8J4_2021-01-13
2021-05-31 23:09:07 28      MLCO: SPYKE!. Candle: ID:3014, Time: 22:30, Close: 17.7
2021-05-31 23:09:07 28      MMC_BBG000BP4MH0_2021-01-13
2021-05-31 23:09:07 29      MMM_BBG000BP52R2_2021-01-13
2021-05-31 23:09:07 30      MNST_BBG008NVB1C0_2021-01-13
2021-05-31 23:09:07 31      MO_BBG000BP6LJ8_2021-01-13
2021-05-31 23:09:07 33      MOMO_BBG007HTCQT0_2021-01-13
2021-05-31 23:09:07 41      MOS_BBG000BFXHL6_2021-01-13
2021-05-31 23:09:07 43      MPC_BBG001DCCGR8_2021-01-13
2021-05-31 23:09:07 45      MRK_BBG000BPD168_2021-01-13
2021-05-31 23:09:07 48      MRNA_BBG003PHHZT1_2021-01-13
2021-05-31 23:09:07 59      MRO_BBG000C8H633_2021-01-13
2021-05-31 23:09:07 60      MRO: SPYKE!. Candle: ID:402, Time: 12:30, Close: 8.46
2021-05-31 23:09:07 61      MS_BBG000BLZRJ2_2021-01-13
2021-05-31 23:09:07 66      MSFT_BBG000BPH459_2021-01-13
2021-05-31 23:09:07 79      MU_BBG000C5Z1S3_2021-01-13
2021-05-31 23:09:07 84      MUR_BBG000BPMH90_2021-01-13
2021-05-31 23:09:07 85      NAVI_BBG004MN1R41_2021-01-13
2021-05-31 23:09:07 86      NEM_BBG000BPWXK1_2021-01-13
2021-05-31 23:09:07 88      NEO_BBG000BKH263_2021-01-13
2021-05-31 23:09:07 89      NET_BBG001WMKHH5_2021-01-13
2021-05-31 23:09:07 91      NFLX_BBG000CL9VN6_2021-01-13
2021-05-31 23:09:07 97      NKE_BBG000C5HS04_2021-01-13
2021-05-31 23:09:07 99      NLOK_BBG000BH2JM1_2021-01-13
2021-05-31 23:09:08 01      NLSN_BBG0088CYPX8_2021-01-13
2021-05-31 23:09:08 02      NOK_BBG000BNGBW9_2021-01-13
2021-05-31 23:09:08 04      NOV_BBG000BJX8C8_2021-01-13
2021-05-31 23:09:08 05      NRG_BBG000D8RG11_2021-01-13
2021-05-31 23:09:08 06      NTAP_BBG000FP1N32_2021-01-13
2021-05-31 23:09:08 07      NTES_BBG000BX72V8_2021-01-13
2021-05-31 23:09:08 09      NTLA_BBG007KC7PB0_2021-01-13
2021-05-31 23:09:08 10      NTNX_BBG001NDW1Z7_2021-01-13
2021-05-31 23:09:08 12      NTRS_BBG000BQ74K1_2021-01-13
2021-05-31 23:09:08 14      NVDA_BBG000BBJQV0_2021-01-13
2021-05-31 23:09:08 19      NVTA_BBG005DJFD43_2021-01-13
2021-05-31 23:09:08 22      NWL_BBG000BQC9V2_2021-01-13
2021-05-31 23:09:08 23      NWSA_BBG0035LY913_2021-01-13
2021-05-31 23:09:08 23      NXPI_BBG000BND699_2021-01-13
2021-05-31 23:09:08 25      O_BBG000DHPN63_2021-01-13
2021-05-31 23:09:08 27      OIS_BBG000BDDN94_2021-01-13
2021-05-31 23:09:08 28      OKE_BBG000BQHGR6_2021-01-13
2021-05-31 23:09:08 30      ON_BBG000DV7MX4_2021-01-13
2021-05-31 23:09:08 32      ORCL_BBG000BQLTW7_2021-01-13
2021-05-31 23:09:08 34      OSUR_BBG000J3D1Y8_2021-01-13
2021-05-31 23:09:08 35      OVV_BBG00R2NHQ65_2021-01-13
2021-05-31 23:09:08 36      OXY_BBG000BQQ2S6_2021-01-13
2021-05-31 23:09:08 39      PAGS_BBG00JM7QBR6_2021-01-13
2021-05-31 23:09:08 39      PBCT_BBG000BQT4L6_2021-01-13
2021-05-31 23:09:08 41      PBF_BBG002832GV8_2021-01-13
2021-05-31 23:09:08 42      PBI_BBG000BQTMJ9_2021-01-13
2021-05-31 23:09:08 43      PCG_BBG000BQWPC5_2021-01-13
2021-05-31 23:09:08 44      PDCO_BBG000BQY289_2021-01-13
2021-05-31 23:09:08 45      PEP_BBG000DH7JK6_2021-01-13
2021-05-31 23:09:08 47      PFE_BBG000BR2B91_2021-01-13
2021-05-31 23:09:08 52      PG_BBG000BR2TH3_2021-01-13
2021-05-31 23:09:08 55      PGR_BBG000BR37X2_2021-01-13
2021-05-31 23:09:08 57      PHM_BBG000BR54L0_2021-01-13
2021-05-31 23:09:08 58      PINS_BBG002583CV8_2021-01-13
2021-05-31 23:09:08 60      PLAY_BBG001WWJTK5_2021-01-13
2021-05-31 23:09:08 61      PLCE_BBG000JK9DK4_2021-01-13
2021-05-31 23:09:08 62      PLCE: SPYKE!. Candle: ID:67, Time: 13:45, Close: 56
2021-05-31 23:09:08 62      PLCE: SPYKE!. Candle: ID:89, Time: 13:55, Close: 53.15
2021-05-31 23:09:08 62      PLNT_BBG009H04M17_2021-01-13
2021-05-31 23:09:08 62      PM_BBG000J2XL74_2021-01-13
2021-05-31 23:09:08 64      PPC_BBG000BFLXV3_2021-01-13
2021-05-31 23:09:08 65      PPL_BBG000BRJL00_2021-01-13
2021-05-31 23:09:08 66      PRU_BBG000HCJMF9_2021-01-13
2021-05-31 23:09:08 67      PSTG_BBG00212PVZ5_2021-01-13
2021-05-31 23:09:08 68      PSX_BBG00286S4N9_2021-01-13
2021-05-31 23:09:08 69      PTON_BBG00JG0FFZ2_2021-01-13
2021-05-31 23:09:08 73      PYPL_BBG0077VNXV6_2021-01-13
2021-05-31 23:09:08 77      QCOM_BBG000CGC1X8_2021-01-13
2021-05-31 23:09:08 82      QDEL_BBG000C6GN04_2021-01-13
2021-05-31 23:09:08 85      RCL_BBG000BB5792_2021-01-13
2021-05-31 23:09:08 87      RDS.A_BBG000QXSSS6_2021-01-13
2021-05-31 23:09:08 89      REG_BBG000BL46Q4_2021-01-13
2021-05-31 23:09:08 91      REGN_BBG000C734W3_2021-01-13
2021-05-31 23:09:08 92      RF_BBG000Q3JN03_2021-01-13
2021-05-31 23:09:08 94      ROKU_BBG001ZZPQJ6_2021-01-13
2021-05-31 23:09:08 96      RRC_BBG000FVXD63_2021-01-13
2021-05-31 23:09:08 99      RRGB_BBG000MXH9C1_2021-01-13
2021-05-31 23:09:08 99      RTX_BBG000BW8S60_2021-01-13
2021-05-31 23:09:09 01      SAVE_BBG000BF6RQ9_2021-01-13
2021-05-31 23:09:09 03      SBGI_BBG000F2XXP2_2021-01-13
2021-05-31 23:09:09 03      SBUX_BBG000CTQBF3_2021-01-13
2021-05-31 23:09:09 06      SCHW_BBG000BSLZY7_2021-01-13
2021-05-31 23:09:09 09      SEDG_BBG0084BBZY6_2021-01-13
2021-05-31 23:09:09 11      SIG_BBG000C4ZZ10_2021-01-13
2021-05-31 23:09:09 12      SLB_BBG000BT41Q8_2021-01-13
2021-05-31 23:09:09 14      SLG_BBG000BVP5P2_2021-01-13
2021-05-31 23:09:09 15      SMAR_BBG00GQK3WB5_2021-01-13
2021-05-31 23:09:09 15      SNAP_BBG00441QMJ7_2021-01-13
2021-05-31 23:09:09 18      SNY_BBG000BBD5N1_2021-01-13
2021-05-31 23:09:09 19      SO_BBG000BT9DW0_2021-01-13
2021-05-31 23:09:09 20      SPCE_BBG00HTN2CQ3_2021-01-13
2021-05-31 23:09:09 26      SPG_BBG000BJ2D31_2021-01-13
2021-05-31 23:09:09 27      SPLK_BBG001C7TST4_2021-01-13
2021-05-31 23:09:09 30      SPR_BBG000PRJ2Z9_2021-01-13
2021-05-31 23:09:09 32      SQ_BBG0018SLC07_2021-01-13
2021-05-31 23:09:09 36      STLD_BBG000HGYNZ9_2021-01-13
2021-05-31 23:09:09 39      STX_BBG000F0KF42_2021-01-13
2021-05-31 23:09:09 39      Warning: figi `BBG000F0KF42` for history data does not match actual figi `BBG0113JGQF0`. Ticker: STX. Will be used actual!
2021-05-31 23:09:09 41      SWBI_BBG000BM0QL7_2021-01-13
2021-05-31 23:09:09 42      SWKS_BBG000KLB4Q1_2021-01-13
2021-05-31 23:09:09 44      SWN_BBG000BTR593_2021-01-13
2021-05-31 23:09:09 46      SYF_BBG00658F3P3_2021-01-13
2021-05-31 23:09:09 47      T_BBG000BSJK37_2021-01-13
2021-05-31 23:09:09 51      TAL_BBG0016XJ8S0_2021-01-13
2021-05-31 23:09:09 52      TDOC_BBG0019T5SG0_2021-01-13
2021-05-31 23:09:09 53      TER_BBG000BV4DR6_2021-01-13
2021-05-31 23:09:09 55      TGT_BBG000H8TVT2_2021-01-13
2021-05-31 23:09:09 56      TJX_BBG000BV8DN6_2021-01-13
2021-05-31 23:09:09 58      TMUS_BBG000NDV1D4_2021-01-13
2021-05-31 23:09:09 60      TOT_BBG000CHZ857_2021-01-13
2021-05-31 23:09:09 61      TPR_BBG000BY29C7_2021-01-13
2021-05-31 23:09:09 62      TRIP_BBG001M8HHB7_2021-01-13
2021-05-31 23:09:09 63      TRMB_BBG000BNPS52_2021-01-13
2021-05-31 23:09:09 64      TROW_BBG000BVMPN3_2021-01-13
2021-05-31 23:09:09 65      TSLA_BBG000N9MNX3_2021-01-13
2021-05-31 23:09:09 91      TSM_BBG000BD8ZK0_2021-01-13
2021-05-31 23:09:10 00      TSN_BBG000DKCC19_2021-01-13
2021-05-31 23:09:10 01      TTD_BBG00629NGT2_2021-01-13
2021-05-31 23:09:10 03      TTM_BBG000PVGDH9_2021-01-13
2021-05-31 23:09:10 04      TTWO_BBG000BS1YV5_2021-01-13
2021-05-31 23:09:10 05      TWLO_BBG0029ZX840_2021-01-13
2021-05-31 23:09:10 08      TWOU_BBG001KS9450_2021-01-13
2021-05-31 23:09:10 08      TWTR_BBG000H6HNW3_2021-01-13
2021-05-31 23:09:10 13      TXN_BBG000BVV7G1_2021-01-13
2021-05-31 23:09:10 16      TXRH_BBG000PSJMV7_2021-01-13
2021-05-31 23:09:10 16      UAA_BBG000BXM6V2_2021-01-13
2021-05-31 23:09:10 17      UAL_BBG000M65M61_2021-01-13
2021-05-31 23:09:10 21      UBER_BBG002B04MT8_2021-01-13
2021-05-31 23:09:10 25      UNVR_BBG000BDHD29_2021-01-13
2021-05-31 23:09:10 25      UPWK_BBG00FBJ6390_2021-01-13
2021-05-31 23:09:10 27      USB_BBG000FFDM15_2021-01-13
2021-05-31 23:09:10 29      V_BBG000PSKYX7_2021-01-13
2021-05-31 23:09:10 31      VALE_BBG000BN5LG7_2021-01-13
2021-05-31 23:09:10 35      VIPS_BBG002NLDLV8_2021-01-13
2021-05-31 23:09:10 36      VLO_BBG000BBGGQ1_2021-01-13
2021-05-31 23:09:10 38      VNO_BBG000BWHD54_2021-01-13
2021-05-31 23:09:10 40      VRSK_BBG000BCZL41_2021-01-13
2021-05-31 23:09:10 41      VRTX_BBG000C1S2X2_2021-01-13
2021-05-31 23:09:10 43      VZ_BBG000HS77T5_2021-01-13
2021-05-31 23:09:10 45      W_BBG001B17MV2_2021-01-13
2021-05-31 23:09:10 47      WBA_BBG000BWLMJ4_2021-01-13
2021-05-31 23:09:10 50      WDC_BBG000BWNFZ9_2021-01-13
2021-05-31 23:09:10 53      WERN_BBG000BWPP85_2021-01-13
2021-05-31 23:09:10 53      WFC_BBG000BWQFY7_2021-01-13
2021-05-31 23:09:10 58      WLTW_BBG000DB3KT1_2021-01-13
2021-05-31 23:09:10 58      WMB_BBG000BWVCP8_2021-01-13
2021-05-31 23:09:10 60      WMT_BBG000BWXBC2_2021-01-13
2021-05-31 23:09:10 61      WSC_BBG00B0FS947_2021-01-13
2021-05-31 23:09:10 62      XLNX_BBG000C0F570_2021-01-13
2021-05-31 23:09:10 66      XOM_BBG000GZQ728_2021-01-13
2021-05-31 23:09:10 70      XRX_BBG00NNG2ZJ8_2021-01-13
2021-05-31 23:09:10 71      YY_BBG003H0XV18_2021-01-13
2021-05-31 23:09:10 72      Z_BBG009NRSWJ4_2021-01-13
2021-05-31 23:09:10 73      ZGNX_BBG000VDC3G9_2021-01-13
2021-05-31 23:09:10 75      ZM_BBG0042V6JM8_2021-01-13
2021-05-31 23:09:10 84      ZS_BBG003338H34_2021-01-13
2021-05-31 23:09:10 86      ZYNE_BBG007BBS8B7_2021-01-13
2021-05-31 23:09:10 88      ZYXI_BBG000BJBXZ2_2021-01-13
2021-05-31 23:09:10 90      Total candles read: 2176247
2021-05-31 23:09:10 90      Start DisposeAsync...
2021-05-31 23:09:10 90      Trade statistic. Total/Pos/Neg: 0/0/0; Profit: 0; Volume: 0; MaxVolume: 0; Commission: 0;
2021-05-31 23:09:10 91      BaseBot::DisposeAsync...
2021-05-31 23:09:10 91      BaseBot::DisposeAsync done!
2021-05-31 23:09:10 91      End DisposeAsync...
