2021-05-30 21:43:46 27      mode=TestTradeBot;DumpQuotes=false;SubscribeQuotes=false;Strategies=MorningOpenStrategy;Token=token.txt;ConfigPath=usd.json;CandlesPath=C:\tinkoff\TestData\RawQuotes\5m\uncompressed\new\quotes_2021-03-11;
2021-05-30 21:43:46 28      Trade bot created
2021-05-30 21:43:46 29      Fake connection created
2021-05-30 21:43:46 99      List of disabled tickers: 
2021-05-30 21:43:47 00      A_BBG000C2V3D6_2021-03-11
2021-05-30 21:43:47 04      AA_BBG00B3T3HD3_2021-03-11
2021-05-30 21:43:47 08      AAL_BBG005P7Q881_2021-03-11
2021-05-30 21:43:47 17      AAN_BBG00WCNDCZ6_2021-03-11
2021-05-30 21:43:47 17      AAON_BBG000C2LZP3_2021-03-11
2021-05-30 21:43:47 18      AAP_BBG000F7RCJ1_2021-03-11
2021-05-30 21:43:47 19      AAPL_BBG000B9XRY4_2021-03-11
2021-05-30 21:43:47 52      ABBV_BBG0025Y4RY4_2021-03-11
2021-05-30 21:43:47 56      ABC_BBG000MDCQC2_2021-03-11
2021-05-30 21:43:47 57      ABG_BBG000BKDWB5_2021-03-11
2021-05-30 21:43:47 58      ABMD_BBG000C101X4_2021-03-11
2021-05-30 21:43:47 58      ABNB_BBG001Y2XS07_2021-03-11
2021-05-30 21:43:47 62      ABT_BBG000B9ZXB4_2021-03-11
2021-05-30 21:43:47 65      ACAD_BBG000BHG9K0_2021-03-11
2021-05-30 21:43:47 67      ACAD: BuyPending. Strategy: MorningOpenStrategy. Price: 26.5. Lots: 9. ChangeOpenToCurrent: -2.32. ChangePrevCloseToCurrent: -1.23. Candle: ID:9, Time: 7:00, Close: 26.5.
2021-05-30 21:43:47 68      ACAD: OrderID: 9d166bee. PlacedOrder. Status: New. RejectReason: 
2021-05-30 21:43:47 68      ACAD: Cancel order. Did not bought at market open. Candle: ID:138, Time: 7:05, Close: 26.93
2021-05-30 21:43:47 68      OrderID: 9d166bee successfully canceled
2021-05-30 21:43:47 71      ACH_BBG000CMRVH1_2021-03-11
2021-05-30 21:43:47 73      ACM_BBG000F61RJ8_2021-03-11
2021-05-30 21:43:47 74      ACMR_BBG00HPSG933_2021-03-11
2021-05-30 21:43:47 74      ACMR: SPYKE!. Candle: ID:68, Time: 12:40, Close: 94.9
2021-05-30 21:43:47 74      ACN_BBG000D9D830_2021-03-11
2021-05-30 21:43:47 77      ADBE_BBG000BB5006_2021-03-11
2021-05-30 21:43:47 81      ADM_BBG000BB6WG8_2021-03-11
2021-05-30 21:43:47 82      ADP_BBG000JG0547_2021-03-11
2021-05-30 21:43:47 84      ADPT_BBG001J2PFF5_2021-03-11
2021-05-30 21:43:47 86      ADS_BBG000BFNR17_2021-03-11
2021-05-30 21:43:47 87      ADSK_BBG000BM7HL0_2021-03-11
2021-05-30 21:43:47 90      ADUS_BBG000NJGX84_2021-03-11
2021-05-30 21:43:47 91      AEE_BBG000B9X8C0_2021-03-11
2021-05-30 21:43:47 92      AEIS_BBG000FKMP26_2021-03-11
2021-05-30 21:43:47 94      AEO_BBG000BGXZB5_2021-03-11
2021-05-30 21:43:47 96      AERI_BBG001KJ7WJ5_2021-03-11
2021-05-30 21:43:47 98      AES_BBG000C23KJ3_2021-03-11
2021-05-30 21:43:48 00      AFG_BBG000DPKKK0_2021-03-11
2021-05-30 21:43:48 01      AFL_BBG000BBBNC6_2021-03-11
2021-05-30 21:43:48 02      AGCO_BBG000DCCZW2_2021-03-11
2021-05-30 21:43:48 03      AGIO_BBG000QY4ZD0_2021-03-11
2021-05-30 21:43:48 04      AIG_BBG000BBDZG3_2021-03-11
2021-05-30 21:43:48 06      AIR_BBG000BBGQF1_2021-03-11
2021-05-30 21:43:48 06      AIRC_BBG00XK3WVD0_2021-03-11
2021-05-30 21:43:48 07      AIT_BBG000BBHHP9_2021-03-11
2021-05-30 21:43:48 07      AIV_BBG000DD3510_2021-03-11
2021-05-30 21:43:48 09      AIZ_BBG000BZX1N5_2021-03-11
2021-05-30 21:43:48 09      AJG_BBG000BBHXQ3_2021-03-11
2021-05-30 21:43:48 10      AJRD_BBG000BKRHQ7_2021-03-11
2021-05-30 21:43:48 11      AKAM_BBG000BJQWD2_2021-03-11
2021-05-30 21:43:48 13      ALB_BBG000BJ26K7_2021-03-11
2021-05-30 21:43:48 14      ALGN_BBG000BRNLL2_2021-03-11
2021-05-30 21:43:48 15      ALGT_BBG000LJS6B8_2021-03-11
2021-05-30 21:43:48 16      ALK_BBG000BBL0Y1_2021-03-11
2021-05-30 21:43:48 17      ALL_BBG000BVMGF2_2021-03-11
2021-05-30 21:43:48 19      ALLE_BBG003PS7JV1_2021-03-11
2021-05-30 21:43:48 20      ALLK_BBG003QBJKN0_2021-03-11
2021-05-30 21:43:48 21      ALLO_BBG00KHRRDX3_2021-03-11
2021-05-30 21:43:48 23      ALLY_BBG000BC2R71_2021-03-11
2021-05-30 21:43:48 25      ALNY_BBG000BFGNJ5_2021-03-11
2021-05-30 21:43:48 27      ALRM_BBG007GNPYY7_2021-03-11
2021-05-30 21:43:48 27      ALSN_BBG001KY3845_2021-03-11
2021-05-30 21:43:48 28      ALTR_BBG000PN9NB9_2021-03-11
2021-05-30 21:43:48 29      ALXN_BBG000G30YX4_2021-03-11
2021-05-30 21:43:48 31      AMAT_BBG000BBPFB9_2021-03-11
2021-05-30 21:43:48 36      AMCX_BBG000H01H92_2021-03-11
2021-05-30 21:43:48 37      AMD_BBG000BBQCY0_2021-03-11
2021-05-30 21:43:48 54      AME_BBG000B9XG87_2021-03-11
2021-05-30 21:43:48 55      AMED_BBG000B9ZV28_2021-03-11
2021-05-30 21:43:48 56      AMG_BBG000C060M4_2021-03-11
2021-05-30 21:43:48 57      AMGN_BBG000BBS2Y0_2021-03-11
2021-05-30 21:43:48 59      AMN_BBG000BCT197_2021-03-11
2021-05-30 21:43:48 60      AMP_BBG000G3QLY3_2021-03-11
2021-05-30 21:43:48 62      AMT_BBG000B9XYV2_2021-03-11
2021-05-30 21:43:48 64      AMWD_BBG000BBX657_2021-03-11
2021-05-30 21:43:48 65      AMZN_BBG000BVPV84_2021-03-11
2021-05-30 21:43:48 71      AN_BBG000BBXLW4_2021-03-11
2021-05-30 21:43:48 72      ANAB_BBG0026ZDHR0_2021-03-11
2021-05-30 21:43:48 76      ANDE_BBG000BF8CN3_2021-03-11
2021-05-30 21:43:48 77      ANET_BBG000N2HDY5_2021-03-11
2021-05-30 21:43:48 78      ANF_BBG000H9G7X2_2021-03-11
2021-05-30 21:43:48 79      ANGI_BBG00HVKH3Q0_2021-03-11
2021-05-30 21:43:48 80      ANIK_BBG000BBKZD8_2021-03-11
2021-05-30 21:43:48 80      ANIP_BBG000KK1L04_2021-03-11
2021-05-30 21:43:48 81      ANSS_BBG000GXZ4W7_2021-03-11
2021-05-30 21:43:48 83      ANTM_BBG000BCG930_2021-03-11
2021-05-30 21:43:48 84      AON_BBG00SSQFPK6_2021-03-11
2021-05-30 21:43:48 85      AOS_BBG000BC1L02_2021-03-11
2021-05-30 21:43:48 87      AOUT_BBG00QV8FS02_2021-03-11
2021-05-30 21:43:48 88      APA_BBG00YTS96G2_2021-03-11
2021-05-30 21:43:48 89      APA: SPYKE!. Candle: ID:4, Time: 7:00, Close: 20.44
2021-05-30 21:43:48 89      APA: BuyPending. Strategy: MorningOpenStrategy. Price: 21. Lots: 11. ChangeOpenToCurrent: -2.37. ChangePrevCloseToCurrent: -3.00. Candle: ID:9, Time: 7:00, Close: 21.
2021-05-30 21:43:48 89      APA: OrderID: fa9e32e1. PlacedOrder. Status: New. RejectReason: 
2021-05-30 21:43:48 89      APA: OrderID: fa9e32e1 partially executed. Executed lots: 8. OrderStatus: 8/11 lots
2021-05-30 21:43:48 90      APA: OrderID: fa9e32e1 partially executed. Executed lots: 2. OrderStatus: 10/11 lots
2021-05-30 21:43:48 90      APA: OrderID: fa9e32e1 fully executed
2021-05-30 21:43:48 90      APA: Morning closing. Close price: 21.55. Lots: 11. CandleChange: -0.23%. ChangeFromCandleHigh: -0.23%. Profit: 0.55(2.62%). Candle: ID:34, Time: 7:05, Close: 21.55
2021-05-30 21:43:48 90      APA: OrderID: 892c9e61. PlacedOrder. Status: New. RejectReason: 
2021-05-30 21:43:48 90      APA: OrderID: 892c9e61 partially executed. Executed lots: 6. OrderStatus: 6/11 lots
2021-05-30 21:43:48 90      APA: OrderID: 892c9e61 partially executed. Executed lots: 1. OrderStatus: 7/11 lots
2021-05-30 21:43:48 90      APA: OrderID: 892c9e61 partially executed. Executed lots: 1. OrderStatus: 8/11 lots
2021-05-30 21:43:48 90      APA: OrderID: 892c9e61 partially executed. Executed lots: 2. OrderStatus: 10/11 lots
2021-05-30 21:43:48 90      APA: OrderID: 892c9e61 fully executed
2021-05-30 21:43:48 92      APD_BBG000BC4JJ4_2021-03-11
2021-05-30 21:43:48 93      APEI_BBG000RVD346_2021-03-11
2021-05-30 21:43:48 93      APEI: SPYKE!. Candle: ID:58, Time: 7:50, Close: 32.45
2021-05-30 21:43:48 93      APEI: SPYKE!. Candle: ID:62, Time: 7:55, Close: 30.01
2021-05-30 21:43:48 94      APLE_BBG006473QX9_2021-03-11
2021-05-30 21:43:48 95      APLT_BBG000DD0489_2021-03-11
2021-05-30 21:43:48 95      APPF_BBG008GC8CP6_2021-03-11
2021-05-30 21:43:48 96      APPN_BBG001C7PMJ2_2021-03-11
2021-05-30 21:43:48 97      APPS_BBG000HZ3562_2021-03-11
2021-05-30 21:43:48 99      APPS: SPYKE!. Candle: ID:29, Time: 7:20, Close: 77
2021-05-30 21:43:49 02      APTV_BBG001QD41M9_2021-03-11
2021-05-30 21:43:49 03      ARCC_BBG000PD6X77_2021-03-11
2021-05-30 21:43:49 04      ARCT_BBG00NNW8JK1_2021-03-11
2021-05-30 21:43:49 06      ARE_BBG000BC33T9_2021-03-11
2021-05-30 21:43:49 07      ARMK_BBG001KY4N87_2021-03-11
2021-05-30 21:43:49 09      ARNA_BBG000BKXBV7_2021-03-11
2021-05-30 21:43:49 10      ARNC_BBG00R45JYB7_2021-03-11
2021-05-30 21:43:49 11      ARNC: SPYKE!. Candle: ID:2765, Time: 21:00, Close: 31
2021-05-30 21:43:49 11      ARQT_BBG00QN8K4M4_2021-03-11
2021-05-30 21:43:49 12      ARVN_BBG00LW7YK82_2021-03-11
2021-05-30 21:43:49 12      ARVN: SPYKE!. Candle: ID:27, Time: 14:30, Close: 74.29
2021-05-30 21:43:49 13      ARW_BBG000BCD3D5_2021-03-11
2021-05-30 21:43:49 14      ARWR_BBG000BRVKH0_2021-03-11
2021-05-30 21:43:49 15      ASGN_BBG000CRN8N8_2021-03-11
2021-05-30 21:43:49 16      ASH_BBG00D0Y81M1_2021-03-11
2021-05-30 21:43:49 17      ASIX_BBG00CWTTQ41_2021-03-11
2021-05-30 21:43:49 17      ATEX_BBG0081NLHR0_2021-03-11
2021-05-30 21:43:49 18      ATGE_BBG000DQBZJ7_2021-03-11
2021-05-30 21:43:49 18      ATKR_BBG000QTFDQ4_2021-03-11
2021-05-30 21:43:49 19      ATR_BBG000BGX2S0_2021-03-11
2021-05-30 21:43:49 19      ATRA_BBG005Q3MQY4_2021-03-11
2021-05-30 21:43:49 21      ATRC_BBG000BL6CB5_2021-03-11
2021-05-30 21:43:49 21      ATRI_BBG000DTT624_2021-03-11
2021-05-30 21:43:49 22      ATRO_BBG000BCLBY5_2021-03-11
2021-05-30 21:43:49 22      ATUS_BBG00GFMPRK0_2021-03-11
2021-05-30 21:43:49 24      ATVI_BBG000CVWGS6_2021-03-11
2021-05-30 21:43:49 27      AVAV_BBG000GX14P2_2021-03-11
2021-05-30 21:43:49 28      AVB_BBG000BLPBL5_2021-03-11
2021-05-30 21:43:49 29      AVGO_BBG00KHY5S69_2021-03-11
2021-05-30 21:43:49 34      AVLR_BBG000R4Y9C1_2021-03-11
2021-05-30 21:43:49 35      AVNS_BBG005L86G05_2021-03-11
2021-05-30 21:43:49 36      AVNT_BBG000C8NJ10_2021-03-11
2021-05-30 21:43:49 37      AVTR_BBG00G2HHYD7_2021-03-11
2021-05-30 21:43:49 39      AVY_BBG000BCQ4P6_2021-03-11
2021-05-30 21:43:49 39      AWI_BBG000DW4LB1_2021-03-11
2021-05-30 21:43:49 40      AWK_BBG000TRJ294_2021-03-11
2021-05-30 21:43:49 41      AWR_BBG000F964B6_2021-03-11
2021-05-30 21:43:49 42      AX_BBG000QPHD08_2021-03-11
2021-05-30 21:43:49 42      AXGN_BBG000BN46R9_2021-03-11
2021-05-30 21:43:49 43      AXP_BBG000BCQZS4_2021-03-11
2021-05-30 21:43:49 45      AXSM_BBG00B6G7GL7_2021-03-11
2021-05-30 21:43:49 46      AYI_BBG000BJ5HK0_2021-03-11
2021-05-30 21:43:49 48      AYX_BBG000BGZT72_2021-03-11
2021-05-30 21:43:49 52      AZO_BBG000C7LMS8_2021-03-11
2021-05-30 21:43:49 53      AZPN_BBG000DFMXT3_2021-03-11
2021-05-30 21:43:49 54      BA_BBG000BCSST7_2021-03-11
2021-05-30 21:43:49 64      BABA_BBG006G2JVL2_2021-03-11
2021-05-30 21:43:49 74      BAC_BBG000BCTLF6_2021-03-11
2021-05-30 21:43:49 79      BAH_BBG000R2YFG7_2021-03-11
2021-05-30 21:43:49 79      BAND_BBG001K003W2_2021-03-11
2021-05-30 21:43:49 80      BAX_BBG000BCVJ77_2021-03-11
2021-05-30 21:43:49 84      BBBY_BBG000CSY9H9_2021-03-11
2021-05-30 21:43:49 86      BBIO_BBG00P9KDZK6_2021-03-11
2021-05-30 21:43:49 87      BBSI_BBG000BHJSC4_2021-03-11
2021-05-30 21:43:49 87      BBY_BBG000BCWCG1_2021-03-11
2021-05-30 21:43:49 89      BC_BBG000BCWSS3_2021-03-11
2021-05-30 21:43:49 91      BCO_BBG000DR5QP5_2021-03-11
2021-05-30 21:43:49 91      BCPC_BBG000BCY878_2021-03-11
2021-05-30 21:43:49 92      BDC_BBG000Q4XNV1_2021-03-11
2021-05-30 21:43:49 92      BDTX_BBG00MS4Y0W9_2021-03-11
2021-05-30 21:43:49 93      BDX_BBG000BCZYD3_2021-03-11
2021-05-30 21:43:49 94      BECN_BBG000BKTXF2_2021-03-11
2021-05-30 21:43:49 95      BEN_BBG000BD0TF8_2021-03-11
2021-05-30 21:43:49 97      BERY_BBG000Q1R1Y9_2021-03-11
2021-05-30 21:43:49 98      BF.B_BBG000BD2NY8_2021-03-11
2021-05-30 21:43:49 98      BFAM_BBG003LFWP05_2021-03-11
2021-05-30 21:43:49 99      BGS_BBG000RKXRQ1_2021-03-11
2021-05-30 21:43:50 00      BH_BBG00JPRDQH1_2021-03-11
2021-05-30 21:43:50 00      BHF_BBG00DYPZ4T0_2021-03-11
2021-05-30 21:43:50 01      BIDU_BBG000QXWHD1_2021-03-11
2021-05-30 21:43:50 14      BIG_BBG000J0D904_2021-03-11
2021-05-30 21:43:50 15      BIIB_BBG000C17X76_2021-03-11
2021-05-30 21:43:50 17      BILI_BBG00K7T3037_2021-03-11
2021-05-30 21:43:50 24      BILL_BBG00QVJV6V4_2021-03-11
2021-05-30 21:43:50 26      BIO_BBG000DY28W5_2021-03-11
2021-05-30 21:43:50 27      BJRI_BBG000H9LNX1_2021-03-11
2021-05-30 21:43:50 28      BK_BBG000BD8PN9_2021-03-11
2021-05-30 21:43:50 30      BKI_BBG00GX77LW3_2021-03-11
2021-05-30 21:43:50 32      BKNG_BBG000BLBVN4_2021-03-11
2021-05-30 21:43:50 33      BKR_BBG00GBVBK51_2021-03-11
2021-05-30 21:43:50 36      BL_BBG0029KJVB0_2021-03-11
2021-05-30 21:43:50 37      BLD_BBG0077VS2C0_2021-03-11
2021-05-30 21:43:50 38      BLDR_BBG000BKD3K9_2021-03-11
2021-05-30 21:43:50 39      BLK_BBG000C2PW58_2021-03-11
2021-05-30 21:43:50 41      BLKB_BBG000BGGTW5_2021-03-11
2021-05-30 21:43:50 42      BLL_BBG000BDDNH5_2021-03-11
2021-05-30 21:43:50 43      BLUE_BBG000QGWY50_2021-03-11
2021-05-30 21:43:50 45      BLUE: BuyPending. Strategy: MorningOpenStrategy. Price: 32.01. Lots: 7. ChangeOpenToCurrent: -2.17. ChangePrevCloseToCurrent: -1.66. Candle: ID:12, Time: 7:00, Close: 32.01.
2021-05-30 21:43:50 45      BLUE: OrderID: 38641de1. PlacedOrder. Status: New. RejectReason: 
2021-05-30 21:43:50 45      BLUE: OrderID: 38641de1 fully executed
2021-05-30 21:43:50 45      BLUE: Buy more. Price: 31. Lots: 8. changeFromLastBuy: -3.16. Candle: ID:30, Time: 7:00, Close: 31.
2021-05-30 21:43:50 45      BLUE: OrderID: de7c2b07. PlacedOrder. Status: New. RejectReason: 
2021-05-30 21:43:50 45      BLUE: Morning closing. Close price: 32.37. Lots: 7. CandleChange: -0.22%. ChangeFromCandleHigh: -0.22%. Profit: 0.36(1.12%). Candle: ID:162, Time: 7:05, Close: 32.37
2021-05-30 21:43:50 45      BLUE: OrderID: 28a75d1d. PlacedOrder. Status: New. RejectReason: 
2021-05-30 21:43:50 45      BLUE: OrderID: de7c2b07 automatically canceling...
2021-05-30 21:43:50 45      BLUE: OrderID: 28a75d1d fully executed
2021-05-30 21:43:50 45      OrderID: de7c2b07 successfully canceled
2021-05-30 21:43:50 46      BMI_BBG000BDGHD9_2021-03-11
2021-05-30 21:43:50 47      BMRN_BBG000CZWZ05_2021-03-11
2021-05-30 21:43:50 50      BMY_BBG000DQLV23_2021-03-11
2021-05-30 21:43:50 55      BOH_BBG000C8D8G9_2021-03-11
2021-05-30 21:43:50 56      BOKF_BBG000CFZ003_2021-03-11
2021-05-30 21:43:50 57      BOOT_BBG0077SYZV6_2021-03-11
2021-05-30 21:43:50 58      BOX_BBG000PMSK08_2021-03-11
2021-05-30 21:43:50 59      BPMC_BBG001MC8YF7_2021-03-11
2021-05-30 21:43:50 60      BR_BBG000PPFKQ7_2021-03-11
2021-05-30 21:43:50 61      BRC_BBG000BDNV95_2021-03-11
2021-05-30 21:43:50 61      BRK.B_BBG000DWG505_2021-03-11
2021-05-30 21:43:50 65      BRKR_BBG000CL1FG7_2021-03-11
2021-05-30 21:43:50 65      BRO_BBG000BWSGF4_2021-03-11
2021-05-30 21:43:50 66      BSX_BBG000C0LW92_2021-03-11
2021-05-30 21:43:50 68      BTAI_BBG00K20GVD2_2021-03-11
2021-05-30 21:43:50 69      BTAI: SPYKE!. Candle: ID:466, Time: 12:15, Close: 50
2021-05-30 21:43:50 70      BTI_BBG000BWPXQ8_2021-03-11
2021-05-30 21:43:50 71      BUD_BBG000RYC984_2021-03-11
2021-05-30 21:43:50 73      BURL_BBG004S641N5_2021-03-11
2021-05-30 21:43:50 74      BWA_BBG000BJ49H3_2021-03-11
2021-05-30 21:43:50 76      BWXT_BBG000D86F25_2021-03-11
2021-05-30 21:43:50 76      BX_BBG000BH0106_2021-03-11
2021-05-30 21:43:50 78      BXP_BBG000BS5CM9_2021-03-11
2021-05-30 21:43:50 79      BYND_BBG003CVJP50_2021-03-11
2021-05-30 21:43:50 83      BZUN_BBG008HNS333_2021-03-11
2021-05-30 21:43:50 84      C_BBG000FY4S11_2021-03-11
2021-05-30 21:43:50 89      CABO_BBG000F02T51_2021-03-11
2021-05-30 21:43:50 90      CACC_BBG000CS0D96_2021-03-11
2021-05-30 21:43:50 91      CAG_BBG000BDXGP9_2021-03-11
2021-05-30 21:43:50 94      CAH_BBG000D898T9_2021-03-11
2021-05-30 21:43:50 95      CALM_BBG000CDMJW6_2021-03-11
2021-05-30 21:43:50 96      CARA_BBG001J2QYS9_2021-03-11
2021-05-30 21:43:50 97      CARG_BBG00HQ77DS2_2021-03-11
2021-05-30 21:43:50 98      CARR_BBG00RP5HYS8_2021-03-11
2021-05-30 21:43:50 99      CARS_BBG000HGTH33_2021-03-11
2021-05-30 21:43:51 00      CASY_BBG000BF0672_2021-03-11
2021-05-30 21:43:51 01      CAT_BBG000BF0K17_2021-03-11
2021-05-30 21:43:51 04      CB_BBG000BR14K5_2021-03-11
2021-05-30 21:43:51 06      CBRE_BBG000C04224_2021-03-11
2021-05-30 21:43:51 07      CBRL_BBG000BF33K1_2021-03-11
2021-05-30 21:43:51 08      CBSH_BBG000BF3G77_2021-03-11
2021-05-30 21:43:51 09      CBU_BBG000BF4D19_2021-03-11
2021-05-30 21:43:51 10      CCI_BBG000FV1Z23_2021-03-11
2021-05-30 21:43:51 12      CCK_BBG000BF6756_2021-03-11
2021-05-30 21:43:51 12      CCL_BBG000BF6LY3_2021-03-11
2021-05-30 21:43:51 19      CCOI_BBG000D0SMY8_2021-03-11
2021-05-30 21:43:51 20      CCXI_BBG000PTSB12_2021-03-11
2021-05-30 21:43:51 21      CDK_BBG006B6PVN9_2021-03-11
2021-05-30 21:43:51 23      CDLX_BBG00225ZDD0_2021-03-11
2021-05-30 21:43:51 23      CDLX: SPYKE!. Candle: ID:20, Time: 14:30, Close: 131.35
2021-05-30 21:43:51 23      CDNA_BBG006JS5785_2021-03-11
2021-05-30 21:43:51 25      CDNS_BBG000C13CD9_2021-03-11
2021-05-30 21:43:51 29      CDW_BBG001P63B80_2021-03-11
2021-05-30 21:43:51 31      CE_BBG000JYP7L8_2021-03-11
2021-05-30 21:43:51 32      CEA_BBG000BCFNR4_2021-03-11
2021-05-30 21:43:51 33      CENT_BBG000BFD605_2021-03-11
2021-05-30 21:43:51 33      CENTA_BBG000KTYB56_2021-03-11
2021-05-30 21:43:51 34      CERN_BBG000BFDLV8_2021-03-11
2021-05-30 21:43:51 36      CEVA_BBG000BN3P07_2021-03-11
2021-05-30 21:43:51 38      CF_BBG000BWJFZ4_2021-03-11
2021-05-30 21:43:51 39      CFG_BBG006Q0HY77_2021-03-11
2021-05-30 21:43:51 42      CFR_BBG000C2PL98_2021-03-11
2021-05-30 21:43:51 43      CFX_BBG000C5Z443_2021-03-11
2021-05-30 21:43:51 45      CGEN_BBG000B9ZLB0_2021-03-11
2021-05-30 21:43:51 46      CGNX_BBG000BPBVW5_2021-03-11
2021-05-30 21:43:51 48      CHD_BBG000BFJT36_2021-03-11
2021-05-30 21:43:51 49      CHDN_BBG000BGXMG9_2021-03-11
2021-05-30 21:43:51 50      CHE_BBG000C19QW1_2021-03-11
2021-05-30 21:43:51 51      CHEF_BBG001MFW6D6_2021-03-11
2021-05-30 21:43:51 52      CHGG_BBG0014XR0N5_2021-03-11
2021-05-30 21:43:51 56      CHH_BBG000BPBTL2_2021-03-11
2021-05-30 21:43:51 57      CHKP_BBG000K82ZT8_2021-03-11
2021-05-30 21:43:51 59      CHNG_BBG0059KNH10_2021-03-11
2021-05-30 21:43:51 59      CHRW_BBG000BTCH57_2021-03-11
2021-05-30 21:43:51 61      CHTR_BBG000VPGNR2_2021-03-11
2021-05-30 21:43:51 63      CHWY_BBG00P19DKZ6_2021-03-11
2021-05-30 21:43:51 64      CHX_BBG00JH9TZ56_2021-03-11
2021-05-30 21:43:51 65      CI_BBG00KXRCDP0_2021-03-11
2021-05-30 21:43:51 67      CIEN_BBG000BP1152_2021-03-11
2021-05-30 21:43:51 68      CINF_BBG000BFPK65_2021-03-11
2021-05-30 21:43:51 69      CL_BBG000BFQYY3_2021-03-11
2021-05-30 21:43:51 71      CLDR_BBG000DRJFC8_2021-03-11
2021-05-30 21:43:51 75      CLDT_BBG000PT6BR8_2021-03-11
2021-05-30 21:43:51 75      CLF_BBG000BFRF55_2021-03-11
2021-05-30 21:43:51 78      CLGX_BBG000C2H3F0_2021-03-11
2021-05-30 21:43:51 78      CLH_BBG000BFRRX8_2021-03-11
2021-05-30 21:43:51 79      CLR_BBG000BHBGN6_2021-03-11
2021-05-30 21:43:51 81      CLX_BBG000BFS7D3_2021-03-11
2021-05-30 21:43:51 82      CMA_BBG000C75N77_2021-03-11
2021-05-30 21:43:51 84      CMC_BBG000BFSND8_2021-03-11
2021-05-30 21:43:51 85      CMCO_BBG000BCWWV0_2021-03-11
2021-05-30 21:43:51 86      CMCSA_BBG000BFT2L4_2021-03-11
2021-05-30 21:43:51 91      CME_BBG000BHLYP4_2021-03-11
2021-05-30 21:43:51 94      CMG_BBG000QX74T1_2021-03-11
2021-05-30 21:43:51 94      CMI_BBG000BGPTV6_2021-03-11
2021-05-30 21:43:51 95      CMP_BBG000C42WS4_2021-03-11
2021-05-30 21:43:51 96      CMS_BBG000BFVXX0_2021-03-11
2021-05-30 21:43:51 98      CNC_BBG000BDXCJ5_2021-03-11
2021-05-30 21:43:51 99      CNK_BBG000QDVR53_2021-03-11
2021-05-30 21:43:52 03      CNP_BBG000FDBX90_2021-03-11
2021-05-30 21:43:52 05      CNS_BBG000BB0WG4_2021-03-11
2021-05-30 21:43:52 06      CNST_BBG000R1H6P8_2021-03-11
2021-05-30 21:43:52 07      CNXC_BBG00RCNQMX3_2021-03-11
2021-05-30 21:43:52 07      CNXN_BBG000BX74M4_2021-03-11
2021-05-30 21:43:52 08      COF_BBG000BGKTF9_2021-03-11
2021-05-30 21:43:52 09      COG_BBG000C3GN47_2021-03-11
2021-05-30 21:43:52 11      COHR_BBG000BG1DH3_2021-03-11
2021-05-30 21:43:52 12      COKE_BBG000BG1SX2_2021-03-11
2021-05-30 21:43:52 13      COLM_BBG000BKKQ84_2021-03-11
2021-05-30 21:43:52 14      CONE_BBG0038V5TX1_2021-03-11
2021-05-30 21:43:52 15      COO_BBG000BG3445_2021-03-11
2021-05-30 21:43:52 16      COP_BBG000BQQH30_2021-03-11
2021-05-30 21:43:52 21      CORR_BBG000CN80Y9_2021-03-11
2021-05-30 21:43:52 23      CORT_BBG000BKJG33_2021-03-11
2021-05-30 21:43:52 24      COST_BBG000F6H8W8_2021-03-11
2021-05-30 21:43:52 29      COTY_BBG000F395V1_2021-03-11
2021-05-30 21:43:52 30      COUP_BBG001J4BCN4_2021-03-11
2021-05-30 21:43:52 32      CPB_BBG000BG4202_2021-03-11
2021-05-30 21:43:52 34      CPRI_BBG0029SNR63_2021-03-11
2021-05-30 21:43:52 36      CPRT_BBG000BM9RH1_2021-03-11
2021-05-30 21:43:52 38      CPS_BBG000PSXT64_2021-03-11
2021-05-30 21:43:52 38      CR_BBG000BG7423_2021-03-11
2021-05-30 21:43:52 39      CREE_BBG000BG14P4_2021-03-11
2021-05-30 21:43:52 43      CRI_BBG000CTM4J9_2021-03-11
2021-05-30 21:43:52 44      CRL_BBG000BG5BL8_2021-03-11
2021-05-30 21:43:52 44      CRM_BBG000BN2DC2_2021-03-11
2021-05-30 21:43:52 49      CRMT_BBG000CM6L31_2021-03-11
2021-05-30 21:43:52 50      CROX_BBG000BLY663_2021-03-11
2021-05-30 21:43:52 52      CRS_BBG000BGCQT9_2021-03-11
2021-05-30 21:43:52 53      CRTX_BBG00BTK1DT8_2021-03-11
2021-05-30 21:43:52 53      CRTX: BuyPending. Strategy: MorningOpenStrategy. Price: 40.99. Lots: 6. ChangeOpenToCurrent: 0.69. ChangePrevCloseToCurrent: -2.84. Candle: ID:9, Time: 7:00, Close: 40.99.
2021-05-30 21:43:52 53      CRTX: OrderID: bcedc455. PlacedOrder. Status: New. RejectReason: 
2021-05-30 21:43:52 53      CRTX: OrderID: bcedc455 partially executed. Executed lots: 5. OrderStatus: 5/6 lots
2021-05-30 21:43:52 53      CRTX: OrderID: bcedc455 fully executed
2021-05-30 21:43:52 54      CRTX: Morning closing. Close price: 41.61. Lots: 6. CandleChange: -0.88%. ChangeFromCandleHigh: -0.93%. Profit: 0.62(1.51%). Candle: ID:31, Time: 7:05, Close: 41.61
2021-05-30 21:43:52 54      CRTX: OrderID: fe942e0a. PlacedOrder. Status: New. RejectReason: 
2021-05-30 21:43:52 54      CRTX: OrderID: fe942e0a partially executed. Executed lots: 2. OrderStatus: 2/6 lots
2021-05-30 21:43:52 54      CRTX: OrderID: fe942e0a partially executed. Executed lots: 2. OrderStatus: 4/6 lots
2021-05-30 21:43:52 54      CRTX: OrderID: fe942e0a partially executed. Executed lots: 1. OrderStatus: 5/6 lots
2021-05-30 21:43:52 54      CRTX: OrderID: fe942e0a fully executed
2021-05-30 21:43:52 54      CRUS_BBG000C1DHF5_2021-03-11
2021-05-30 21:43:52 56      CRVL_BBG000CVKZY0_2021-03-11
2021-05-30 21:43:52 56      CRWD_BBG00BLYKS03_2021-03-11
2021-05-30 21:43:52 59      CSCO_BBG000C3J3C9_2021-03-11
2021-05-30 21:43:52 65      CSGP_BBG000D7JKW9_2021-03-11
2021-05-30 21:43:52 66      CSGS_BBG000G3TQV2_2021-03-11
2021-05-30 21:43:52 67      CSII_BBG000NWQ9S5_2021-03-11
2021-05-30 21:43:52 68      CSL_BBG000BGGBT8_2021-03-11
2021-05-30 21:43:52 69      CSOD_BBG0016X4XN6_2021-03-11
2021-05-30 21:43:52 70      CSWI_BBG007NLG4L3_2021-03-11
2021-05-30 21:43:52 71      CSX_BBG000BGJRC8_2021-03-11
2021-05-30 21:43:52 74      CTAS_BBG000H3YXF8_2021-03-11
2021-05-30 21:43:52 76      CTB_BBG000BGKXV2_2021-03-11
2021-05-30 21:43:52 77      CTLT_BBG005XR47P5_2021-03-11
2021-05-30 21:43:52 78      CTSH_BBG000BBDV81_2021-03-11
2021-05-30 21:43:52 80      CTVA_BBG00BN969C1_2021-03-11
2021-05-30 21:43:52 82      CTXS_BBG000FQ6PY6_2021-03-11
2021-05-30 21:43:52 83      CVCO_BBG000K4WS65_2021-03-11
2021-05-30 21:43:52 83      CVET_BBG00KR691K8_2021-03-11
2021-05-30 21:43:52 85      CVGW_BBG000BGPQW1_2021-03-11
2021-05-30 21:43:52 85      CVGW: SPYKE!. Candle: ID:31, Time: 14:40, Close: 83.84
2021-05-30 21:43:52 85      CVLT_BBG000BG88X9_2021-03-11
2021-05-30 21:43:52 86      CVNA_BBG00GCTWDJ3_2021-03-11
2021-05-30 21:43:52 88      CVS_BBG000BGRY34_2021-03-11
2021-05-30 21:43:52 90      CVX_BBG000K4ND22_2021-03-11
2021-05-30 21:43:52 96      CW_BBG000BGSPS5_2021-03-11
2021-05-30 21:43:52 97      CWST_BBG000BT0J38_2021-03-11
2021-05-30 21:43:52 98      CWT_BBG000D8KTN6_2021-03-11
2021-05-30 21:43:52 98      D_BBG000BGVW60_2021-03-11
2021-05-30 21:43:53 01      DAL_BBG000R7Z112_2021-03-11
2021-05-30 21:43:53 05      DAR_BBG000BN8ZK8_2021-03-11
2021-05-30 21:43:53 06      DBX_BBG0018SLDN0_2021-03-11
2021-05-30 21:43:53 09      DCI_BBG000BGZP70_2021-03-11
2021-05-30 21:43:53 10      DCPH_BBG00HMJ9H54_2021-03-11
2021-05-30 21:43:53 11      DD_BBG00BN961G4_2021-03-11
2021-05-30 21:43:53 12      DDOG_BBG003NJHZT9_2021-03-11
2021-05-30 21:43:53 15      DDS_BBG000BS4MP5_2021-03-11
2021-05-30 21:43:53 16      DE_BBG000BH1NH9_2021-03-11
2021-05-30 21:43:53 17      DECK_BBG000BKXYX5_2021-03-11
2021-05-30 21:43:53 18      DELL_BBG00DW3SZS1_2021-03-11
2021-05-30 21:43:53 20      DFS_BBG000QBR5J5_2021-03-11
2021-05-30 21:43:53 22      DG_BBG000NV1KK7_2021-03-11
2021-05-30 21:43:53 25      DGX_BBG000BN84F3_2021-03-11
2021-05-30 21:43:53 26      DHI_BBG000DQTXY6_2021-03-11
2021-05-30 21:43:53 28      DHR_BBG000BH3JF8_2021-03-11
2021-05-30 21:43:53 30      DIOD_BBG000G25P51_2021-03-11
2021-05-30 21:43:53 31      DIS_BBG000BH4R78_2021-03-11
2021-05-30 21:43:53 36      DISCA_BBG000CHWP52_2021-03-11
2021-05-30 21:43:53 42      DISCB_BBG000F7L5N7_2021-03-11
2021-05-30 21:43:53 43      DISCK_BBG000VMWHH5_2021-03-11
2021-05-30 21:43:53 47      DK_BBG00FZYFVC5_2021-03-11
2021-05-30 21:43:53 48      DKNG_BBG00TCBG714_2021-03-11
2021-05-30 21:43:53 54      DKS_BBG000F6ZWH2_2021-03-11
2021-05-30 21:43:53 56      DLB_BBG000DGLTG5_2021-03-11
2021-05-30 21:43:53 57      DLR_BBG000Q5ZRM7_2021-03-11
2021-05-30 21:43:53 57      DLTH_BBG002GBMZG4_2021-03-11
2021-05-30 21:43:53 58      DLTH: SPYKE!. Candle: ID:50, Time: 10:15, Close: 15.16
2021-05-30 21:43:53 58      DLTH: SPYKE!. Candle: ID:51, Time: 10:15, Close: 15.35
2021-05-30 21:43:53 58      DLTH: SPYKE!. Candle: ID:52, Time: 10:15, Close: 15.7
2021-05-30 21:43:53 58      DLTH: SPYKE!. Candle: ID:53, Time: 10:15, Close: 15.9
2021-05-30 21:43:53 58      DLTH: SPYKE!. Candle: ID:103, Time: 14:30, Close: 14.6
2021-05-30 21:43:53 58      DLTR_BBG000BSC0K9_2021-03-11
2021-05-30 21:43:53 60      DLX_BBG000BH6360_2021-03-11
2021-05-30 21:43:53 60      DNLI_BBG008P7F869_2021-03-11
2021-05-30 21:43:53 61      DNOW_BBG005BLN209_2021-03-11
2021-05-30 21:43:53 62      DOCU_BBG000N7KJX8_2021-03-11
2021-05-30 21:43:53 67      DORM_BBG000BM22F5_2021-03-11
2021-05-30 21:43:53 68      DOV_BBG000BHB3M6_2021-03-11
2021-05-30 21:43:53 70      DOW_BBG00BN96922_2021-03-11
2021-05-30 21:43:53 72      DPZ_BBG000P458P3_2021-03-11
2021-05-30 21:43:53 74      DRE_BBG000BHD8S7_2021-03-11
2021-05-30 21:43:53 76      DRI_BBG000BBNYF6_2021-03-11
2021-05-30 21:43:53 77      DRNA_BBG001J1DB23_2021-03-11
2021-05-30 21:43:53 78      DRQ_BBG000BVDBY2_2021-03-11
2021-05-30 21:43:53 79      DT_BBG00PNN7C40_2021-03-11
2021-05-30 21:43:53 80      DVA_BBG000MQ1SN9_2021-03-11
2021-05-30 21:43:53 82      DVN_BBG000BBVJZ8_2021-03-11
2021-05-30 21:43:53 86      DXC_BBG00FN64XT9_2021-03-11
2021-05-30 21:43:53 88      DXCM_BBG000QTF8K1_2021-03-11
2021-05-30 21:43:53 89      DY_BBG000C4SKT1_2021-03-11
2021-05-30 21:43:53 90      EA_BBG000BP0KQ8_2021-03-11
2021-05-30 21:43:53 92      EAT_BBG000BK28N7_2021-03-11
2021-05-30 21:43:53 94      EBAY_BBG000C43RR5_2021-03-11
2021-05-30 21:43:53 98      EBS_BBG000GW06J7_2021-03-11
2021-05-30 21:43:53 98      ECHO_BBG000RFP8W6_2021-03-11
2021-05-30 21:43:53 99      ECL_BBG000BHKYH4_2021-03-11
2021-05-30 21:43:54 00      ECPG_BBG000F369C7_2021-03-11
2021-05-30 21:43:54 01      ED_BBG000BHLYS1_2021-03-11
2021-05-30 21:43:54 02      EDIT_BBG005MX5GZ2_2021-03-11
2021-05-30 21:43:54 05      EEFT_BBG000BMNBY1_2021-03-11
2021-05-30 21:43:54 06      EFX_BBG000BHPL78_2021-03-11
2021-05-30 21:43:54 06      EGHT_BBG000BCGHH7_2021-03-11
2021-05-30 21:43:54 07      EGRX_BBG005Y3XWH9_2021-03-11
2021-05-30 21:43:54 08      EHTH_BBG000P5JQX6_2021-03-11
2021-05-30 21:43:54 12      EIX_BBG000D7RKJ5_2021-03-11
2021-05-30 21:43:54 14      EL_BBG000FKJRC5_2021-03-11
2021-05-30 21:43:54 16      ELAN_BBG00LJYS1P8_2021-03-11
2021-05-30 21:43:54 18      ELS_BBG000BB7SX7_2021-03-11
2021-05-30 21:43:54 19      EME_BBG000BBRPL4_2021-03-11
2021-05-30 21:43:54 20      EMN_BBG000BLW530_2021-03-11
2021-05-30 21:43:54 22      EMR_BBG000BHX7N2_2021-03-11
2021-05-30 21:43:54 23      ENDP_BBG000C0HQ54_2021-03-11
2021-05-30 21:43:54 24      ENPH_BBG001R3MNY9_2021-03-11
2021-05-30 21:43:54 28      ENR_BBG006FCB019_2021-03-11
2021-05-30 21:43:54 29      ENS_BBG000PWTD92_2021-03-11
2021-05-30 21:43:54 30      ENTA_BBG001V9NSB4_2021-03-11
2021-05-30 21:43:54 31      ENTG_BBG000CTV4N4_2021-03-11
2021-05-30 21:43:54 34      ENV_BBG000Q4NZ54_2021-03-11
2021-05-30 21:43:54 35      EOG_BBG000BZ9223_2021-03-11
2021-05-30 21:43:54 37      EPAM_BBG000MHTV89_2021-03-11
2021-05-30 21:43:54 38      EPAY_BBG000BRNH31_2021-03-11
2021-05-30 21:43:54 38      EPC_BBG000BRW644_2021-03-11
2021-05-30 21:43:54 39      EQIX_BBG000MBDGM6_2021-03-11
2021-05-30 21:43:54 41      EQT_BBG000BHZ5J9_2021-03-11
2021-05-30 21:43:54 43      ERIE_BBG000BBTJZ1_2021-03-11
2021-05-30 21:43:54 44      ES_BBG000BQ87N0_2021-03-11
2021-05-30 21:43:54 45      ESPR_BBG004KB3S72_2021-03-11
2021-05-30 21:43:54 46      ESS_BBG000CGJMB9_2021-03-11
2021-05-30 21:43:54 47      ET_BBG000BM2FL9_2021-03-11
2021-05-30 21:43:54 47      ET: BuyPending. Strategy: MorningOpenStrategy. Price: 8.5. Lots: 29. ChangeOpenToCurrent: -2.30. ChangePrevCloseToCurrent: -0.93. Candle: ID:11, Time: 7:00, Close: 8.5.
2021-05-30 21:43:54 47      ET: OrderID: e679e144. PlacedOrder. Status: New. RejectReason: 
2021-05-30 21:43:54 47      ET: OrderID: e679e144 partially executed. Executed lots: 1. OrderStatus: 1/29 lots
2021-05-30 21:43:54 47      ET: OrderID: e679e144 partially executed. Executed lots: 2. OrderStatus: 3/29 lots
2021-05-30 21:43:54 47      ET: OrderID: e679e144 fully executed
2021-05-30 21:43:54 47      ET: Morning closing. Close price: 8.61. Lots: 29. CandleChange: -0.23%. ChangeFromCandleHigh: -0.23%. Profit: 0.11(1.29%). Candle: ID:181, Time: 7:15, Close: 8.61
2021-05-30 21:43:54 47      ET: OrderID: b60b62e2. PlacedOrder. Status: New. RejectReason: 
2021-05-30 21:43:54 47      ET: OrderID: b60b62e2 partially executed. Executed lots: 1. OrderStatus: 1/29 lots
2021-05-30 21:43:54 47      ET: OrderID: b60b62e2 partially executed. Executed lots: 2. OrderStatus: 3/29 lots
2021-05-30 21:43:54 47      ET: OrderID: b60b62e2 partially executed. Executed lots: 4. OrderStatus: 7/29 lots
2021-05-30 21:43:54 47      ET: OrderID: b60b62e2 fully executed
2021-05-30 21:43:54 49      ETN_BBG000BJ3PD2_2021-03-11
2021-05-30 21:43:54 51      ETR_BBG000C1FQS9_2021-03-11
2021-05-30 21:43:54 53      ETRN_BBG00K53L394_2021-03-11
2021-05-30 21:43:54 55      ETSY_BBG000N7MXL8_2021-03-11
2021-05-30 21:43:54 59      EVBG_BBG0022FMPD5_2021-03-11
2021-05-30 21:43:54 60      EVER_BBG00F17NDH7_2021-03-11
2021-05-30 21:43:54 60      EVER: SPYKE!. Candle: ID:52, Time: 14:05, Close: 41
2021-05-30 21:43:54 61      EVH_BBG005CHLM96_2021-03-11
2021-05-30 21:43:54 61      EVR_BBG000BP30Y0_2021-03-11
2021-05-30 21:43:54 62      EVRG_BBG00H433CR2_2021-03-11
2021-05-30 21:43:54 63      EW_BBG000BRXP69_2021-03-11
2021-05-30 21:43:54 64      EWBC_BBG000CR20B1_2021-03-11
2021-05-30 21:43:54 65      EXAS_BBG000CWL0F5_2021-03-11
2021-05-30 21:43:54 67      EXC_BBG000J6XT05_2021-03-11
2021-05-30 21:43:54 69      EXEL_BBG000BQ4WF8_2021-03-11
2021-05-30 21:43:54 70      EXLS_BBG000NS3P30_2021-03-11
2021-05-30 21:43:54 71      EXP_BBG000BJW241_2021-03-11
2021-05-30 21:43:54 72      EXPD_BBG000BJ5GK2_2021-03-11
2021-05-30 21:43:54 73      EXPE_BBG000QY3XZ2_2021-03-11
2021-05-30 21:43:54 76      EXR_BBG000PV27K3_2021-03-11
2021-05-30 21:43:54 77      EYE_BBG00HVQF9K2_2021-03-11
2021-05-30 21:43:54 78      F_BBG000BQPC32_2021-03-11
2021-05-30 21:43:54 82      FANG_BBG002PHSYX9_2021-03-11
2021-05-30 21:43:54 86      FARO_BBG000BJD7C2_2021-03-11
2021-05-30 21:43:54 87      FAST_BBG000BJ8YN7_2021-03-11
2021-05-30 21:43:54 89      FATE_BBG000QP35H2_2021-03-11
2021-05-30 21:43:54 91      FB_BBG000MM2P62_2021-03-11
2021-05-30 21:43:55 09      FBHS_BBG001B4BV87_2021-03-11
2021-05-30 21:43:55 10      FCFS_BBG000DNF659_2021-03-11
2021-05-30 21:43:55 11      FCN_BBG000K88H58_2021-03-11
2021-05-30 21:43:55 12      FCX_BBG000BJDB15_2021-03-11
2021-05-30 21:43:55 20      FDS_BBG000BDJL83_2021-03-11
2021-05-30 21:43:55 21      FDX_BBG000BJF1Z8_2021-03-11
2021-05-30 21:43:55 24      FELE_BBG000BJGGV8_2021-03-11
2021-05-30 21:43:55 24      FFIV_BBG000CXYSZ6_2021-03-11
2021-05-30 21:43:55 26      FGEN_BBG000FW5ZL6_2021-03-11
2021-05-30 21:43:55 27      FICO_BBG000DW76Y6_2021-03-11
2021-05-30 21:43:55 28      FIS_BBG000BK2F42_2021-03-11
2021-05-30 21:43:55 30      FISV_BBG000BJKPG0_2021-03-11
2021-05-30 21:43:55 34      FITB_BBG000BJL3N0_2021-03-11
2021-05-30 21:43:55 38      FIVN_BBG001KHJM17_2021-03-11
2021-05-30 21:43:55 39      FIZZ_BBG000BF8CB6_2021-03-11
2021-05-30 21:43:55 40      FL_BBG000BX8DC4_2021-03-11
2021-05-30 21:43:55 41      FLIR_BBG000BHK836_2021-03-11
2021-05-30 21:43:55 43      FLOW_BBG007FL7ZD2_2021-03-11
2021-05-30 21:43:55 44      FLR_BBG000BB1TH9_2021-03-11
2021-05-30 21:43:55 45      FLS_BBG000FFH4P5_2021-03-11
2021-05-30 21:43:55 46      FLT_BBG000GPXKX9_2021-03-11
2021-05-30 21:43:55 47      FLWS_BBG000BBR9P6_2021-03-11
2021-05-30 21:43:55 48      FMC_BBG000BJP882_2021-03-11
2021-05-30 21:43:55 49      FND_BBG007GJ2F81_2021-03-11
2021-05-30 21:43:55 49      FNKO_BBG00HXSHDQ9_2021-03-11
2021-05-30 21:43:55 51      FNKO: SPYKE!. Candle: ID:4983, Time: 21:05, Close: 15.9
2021-05-30 21:43:55 51      FNKO: SPYKE!. Candle: ID:5049, Time: 21:05, Close: 15.97
2021-05-30 21:43:55 51      FNKO: SPYKE!. Candle: ID:5054, Time: 21:05, Close: 16
2021-05-30 21:43:55 51      FNKO: SPYKE!. Candle: ID:5060, Time: 21:05, Close: 16.16
2021-05-30 21:43:55 51      FOCS_BBG00L0YTFN8_2021-03-11
2021-05-30 21:43:55 52      FOE_BBG000BJQK11_2021-03-11
2021-05-30 21:43:55 53      FOLD_BBG000PLF6N0_2021-03-11
2021-05-30 21:43:55 56      FORM_BBG000D1Y3P1_2021-03-11
2021-05-30 21:43:55 56      FORR_BBG000HGNYG8_2021-03-11
2021-05-30 21:43:55 57      FOX_BBG00JHNKJY8_2021-03-11
2021-05-30 21:43:55 58      FOXA_BBG00JHNJW99_2021-03-11
2021-05-30 21:43:55 60      FOXF_BBG004T7VS53_2021-03-11
2021-05-30 21:43:55 60      FRHC_BBG000N625H8_2021-03-11
2021-05-30 21:43:55 61      FRPH_BBG000HCVWW4_2021-03-11
2021-05-30 21:43:55 61      FRPT_BBG001D0HB36_2021-03-11
2021-05-30 21:43:55 62      FRPT: SPYKE!. Candle: ID:24, Time: 14:25, Close: 153.01
2021-05-30 21:43:55 63      FSLR_BBG000BFL116_2021-03-11
2021-05-30 21:43:55 66      FSLY_BBG004NLQHL0_2021-03-11
2021-05-30 21:43:55 69      FTCH_BBG00LSD4456_2021-03-11
2021-05-30 21:43:55 71      FTI_BBG00DL8NMV2_2021-03-11
2021-05-30 21:43:55 74      FTNT_BBG000BCMBG4_2021-03-11
2021-05-30 21:43:55 78      FTV_BBG00BLVZ228_2021-03-11
2021-05-30 21:43:55 80      FUL_BBG000BJZ7V7_2021-03-11
2021-05-30 21:43:55 80      GATX_BBG000BKGXQ4_2021-03-11
2021-05-30 21:43:55 81      GBCI_BBG000C3KB84_2021-03-11
2021-05-30 21:43:55 82      GBT_BBG00341H6M0_2021-03-11
2021-05-30 21:43:55 83      GBX_BBG000CF5097_2021-03-11
2021-05-30 21:43:55 83      GCO_BBG000BK5S78_2021-03-11
2021-05-30 21:43:55 84      GCP_BBG0082W8Q12_2021-03-11
2021-05-30 21:43:55 85      GD_BBG000BK67C7_2021-03-11
2021-05-30 21:43:55 87      GDDY_BBG006MDLY05_2021-03-11
2021-05-30 21:43:55 88      GDOT_BBG000QDJT53_2021-03-11
2021-05-30 21:43:55 89      GE_BBG000BK6MB5_2021-03-11
2021-05-30 21:43:56 00      GEF_BBG000BLFNC0_2021-03-11
2021-05-30 21:43:56 02      GGG_BBG000BK9W84_2021-03-11
2021-05-30 21:43:56 03      GH_BBG006D97VY9_2021-03-11
2021-05-30 21:43:56 04      GHC_BBG000C3FGH9_2021-03-11
2021-05-30 21:43:56 04      GILD_BBG000CKGBP2_2021-03-11
2021-05-30 21:43:56 10      GIS_BBG000BKCFC2_2021-03-11
2021-05-30 21:43:56 12      GKOS_BBG000WG2LQ1_2021-03-11
2021-05-30 21:43:56 13      GL_BBG000BVD6X4_2021-03-11
2021-05-30 21:43:56 14      GLW_BBG000BKFZM4_2021-03-11
2021-05-30 21:43:56 16      GM_BBG000NDYB67_2021-03-11
2021-05-30 21:43:56 21      GMED_BBG002V87SD0_2021-03-11
2021-05-30 21:43:56 22      GMS_BBG009Q036D0_2021-03-11
2021-05-30 21:43:56 23      GNL_BBG004HXD0G8_2021-03-11
2021-05-30 21:43:56 23      GNRC_BBG000PQ4W72_2021-03-11
2021-05-30 21:43:56 24      GO_BBG00P4R3079_2021-03-11
2021-05-30 21:43:56 25      GOOG_BBG009S3NB30_2021-03-11
2021-05-30 21:43:56 30      GOOGL_BBG009S39JX6_2021-03-11
2021-05-30 21:43:56 35      GOSS_BBG00MVWLLM2_2021-03-11
2021-05-30 21:43:56 37      GPC_BBG000BKL348_2021-03-11
2021-05-30 21:43:56 38      GPI_BBG000BB88K4_2021-03-11
2021-05-30 21:43:56 38      GPN_BBG000CX0P89_2021-03-11
2021-05-30 21:43:56 40      GPS_BBG000BKLH74_2021-03-11
2021-05-30 21:43:56 43      GRA_BBG000BB8PG1_2021-03-11
2021-05-30 21:43:56 44      GRMN_BBG000C4LN67_2021-03-11
2021-05-30 21:43:56 45      GRUB_BBG001KWG293_2021-03-11
2021-05-30 21:43:56 46      GS_BBG000C6CFJ5_2021-03-11
2021-05-30 21:43:56 48      GSH_BBG000GLG0G0_2021-03-11
2021-05-30 21:43:56 49      GSKY_BBG00KT2SCV8_2021-03-11
2021-05-30 21:43:56 50      GT_BBG000BKNX95_2021-03-11
2021-05-30 21:43:56 52      GTHX_BBG005F1DK91_2021-03-11
2021-05-30 21:43:56 58      GTLS_BBG000P1K2X6_2021-03-11
2021-05-30 21:43:56 58      GTN_BBG000DSQLQ0_2021-03-11
2021-05-30 21:43:56 60      GVA_BBG000DVB833_2021-03-11
2021-05-30 21:43:56 60      GWRE_BBG001C7PM75_2021-03-11
2021-05-30 21:43:56 61      GWW_BBG000BKR1D6_2021-03-11
2021-05-30 21:43:56 62      H_BBG000CVRFS4_2021-03-11
2021-05-30 21:43:56 62      HA_BBG000BC4185_2021-03-11
2021-05-30 21:43:56 63      HAE_BBG000C7TF41_2021-03-11
2021-05-30 21:43:56 64      HAIN_BBG000BQW085_2021-03-11
2021-05-30 21:43:56 64      HAL_BBG000BKTFN2_2021-03-11
2021-05-30 21:43:56 67      HALO_BBG000CZ8W54_2021-03-11
2021-05-30 21:43:56 68      HAS_BBG000BKVJK4_2021-03-11
2021-05-30 21:43:56 69      HBAN_BBG000BKWSR6_2021-03-11
2021-05-30 21:43:56 71      HBI_BBG000D2ZTS8_2021-03-11
2021-05-30 21:43:56 72      HCA_BBG000QW7VC1_2021-03-11
2021-05-30 21:43:56 73      HCCI_BBG000CCFB17_2021-03-11
2021-05-30 21:43:56 73      HCCI: SPYKE!. Candle: ID:27, Time: 14:30, Close: 28.8
2021-05-30 21:43:56 73      HCSG_BBG000BKYVF0_2021-03-11
2021-05-30 21:43:56 74      HD_BBG000BKZB36_2021-03-11
2021-05-30 21:43:56 76      HEAR_BBG000BM6N47_2021-03-11
2021-05-30 21:43:56 77      HEI_BBG000BL16Q7_2021-03-11
2021-05-30 21:43:56 78      HES_BBG000BBD070_2021-03-11
2021-05-30 21:43:56 79      HFC_BBG000BL9JQ1_2021-03-11
2021-05-30 21:43:56 80      HGV_BBG00CBYY6M1_2021-03-11
2021-05-30 21:43:56 81      HHC_BBG000MJRJJ2_2021-03-11
2021-05-30 21:43:56 82      HHR_BBG00KHGQ0H4_2021-03-11
2021-05-30 21:43:56 82      HIBB_BBG000H001V3_2021-03-11
2021-05-30 21:43:56 83      HIG_BBG000G0Z878_2021-03-11
2021-05-30 21:43:56 84      HII_BBG001KJ2HM9_2021-03-11
2021-05-30 21:43:56 85      HLT_BBG0058KMH30_2021-03-11
2021-05-30 21:43:56 87      HNP_BBG000BX5YM0_2021-03-11
2021-05-30 21:43:56 87      HOG_BBG000BKZTP3_2021-03-11
2021-05-30 21:43:56 88      HOLX_BBG000C3NTN5_2021-03-11
2021-05-30 21:43:56 90      HON_BBG000H556T9_2021-03-11
2021-05-30 21:43:56 93      HP_BBG000BLCPY4_2021-03-11
2021-05-30 21:43:56 95      HPE_BBG0078W3NQ3_2021-03-11
2021-05-30 21:43:56 96      HPQ_BBG000KHWT55_2021-03-11
2021-05-30 21:43:56 99      HQY_BBG000TYXCT9_2021-03-11
2021-05-30 21:43:57 00      HRB_BBG000BLDV98_2021-03-11
2021-05-30 21:43:57 02      HRC_BBG000BKWCS0_2021-03-11
2021-05-30 21:43:57 04      HRL_BBG000BLF8D2_2021-03-11
2021-05-30 21:43:57 05      HRTX_BBG000G2GJT7_2021-03-11
2021-05-30 21:43:57 07      HSC_BBG000BLH3P8_2021-03-11
2021-05-30 21:43:57 08      HSIC_BBG000BNMMJ3_2021-03-11
2021-05-30 21:43:57 09      HSKA_BBG000BWFH48_2021-03-11
2021-05-30 21:43:57 10      HST_BBG000BL8804_2021-03-11
2021-05-30 21:43:57 11      HSY_BBG000BLHRS2_2021-03-11
2021-05-30 21:43:57 13      HTA_BBG000PRJCX9_2021-03-11
2021-05-30 21:43:57 13      HTHT_BBG000QFPM65_2021-03-11
2021-05-30 21:43:57 15      HUBB_BBG000BLK267_2021-03-11
2021-05-30 21:43:57 16      HUBG_BBG000G9W6L0_2021-03-11
2021-05-30 21:43:57 17      HUBS_BBG000N7MZ06_2021-03-11
2021-05-30 21:43:57 18      HUM_BBG000BLKK03_2021-03-11
2021-05-30 21:43:57 20      HURN_BBG000PV2M48_2021-03-11
2021-05-30 21:43:57 20      HWM_BBG00DYNJGH9_2021-03-11
2021-05-30 21:43:57 22      HXL_BBG000BLMDQ9_2021-03-11
2021-05-30 21:43:57 23      IAC_BBG000BKQG80_2021-03-11
2021-05-30 21:43:57 24      IART_BBG000BZJQL8_2021-03-11
2021-05-30 21:43:57 25      IBKR_BBG000LV0836_2021-03-11
2021-05-30 21:43:57 26      IBM_BBG000BLNNH6_2021-03-11
2021-05-30 21:43:57 30      IBN_BBG000DRM643_2021-03-11
2021-05-30 21:43:57 31      IBP_BBG005TJKDZ6_2021-03-11
2021-05-30 21:43:57 31      ICE_BBG000C1FB75_2021-03-11
2021-05-30 21:43:57 34      ICPT_BBG001J1QN87_2021-03-11
2021-05-30 21:43:57 37      ICUI_BBG000CQV2N4_2021-03-11
2021-05-30 21:43:57 38      IDCC_BBG000HLJ7M4_2021-03-11
2021-05-30 21:43:57 38      IDXX_BBG000BLRT07_2021-03-11
2021-05-30 21:43:57 40      IEX_BBG000C1HN22_2021-03-11
2021-05-30 21:43:57 41      IFF_BBG000BLSL58_2021-03-11
2021-05-30 21:43:57 42      IGMS_BBG00PNR1BT2_2021-03-11
2021-05-30 21:43:57 42      IGMS: SPYKE!. Candle: ID:29, Time: 14:30, Close: 85.49
2021-05-30 21:43:57 43      IIPR_BBG00F0SW7N8_2021-03-11
2021-05-30 21:43:57 43      IIVI_BBG000BLW102_2021-03-11
2021-05-30 21:43:57 45      ILMN_BBG000DSMS70_2021-03-11
2021-05-30 21:43:57 46      INCY_BBG000BNPSQ9_2021-03-11
2021-05-30 21:43:57 48      INDB_BBG000BM0597_2021-03-11
2021-05-30 21:43:57 49      INFO_BBG006G063F9_2021-03-11
2021-05-30 21:43:57 50      INGN_BBG0021PH456_2021-03-11
2021-05-30 21:43:57 51      INGR_BBG000BXPZB7_2021-03-11
2021-05-30 21:43:57 52      INMD_BBG00PPS73P4_2021-03-11
2021-05-30 21:43:57 54      INSP_BBG00209SZJ7_2021-03-11
2021-05-30 21:43:57 54      INTC_BBG000C0G1D1_2021-03-11
2021-05-30 21:43:57 63      INTU_BBG000BH5DV1_2021-03-11
2021-05-30 21:43:57 66      INVH_BBG00FQH6BS9_2021-03-11
2021-05-30 21:43:57 67      IONS_BBG000JH6683_2021-03-11
2021-05-30 21:43:57 68      IOSP_BBG000BMFNP4_2021-03-11
2021-05-30 21:43:57 69      IOVA_BBG000FTLBV7_2021-03-11
2021-05-30 21:43:57 71      IP_BBG000BM5SR2_2021-03-11
2021-05-30 21:43:57 72      IPAR_BBG000GCSWR5_2021-03-11
2021-05-30 21:43:57 72      IPG_BBG000C90DH9_2021-03-11
2021-05-30 21:43:57 73      IPGP_BBG000DCGRL8_2021-03-11
2021-05-30 21:43:57 74      IQV_BBG00333FYS2_2021-03-11
2021-05-30 21:43:57 75      IR_BBG002R1CW27_2021-03-11
2021-05-30 21:43:57 76      IRBT_BBG000HXJB21_2021-03-11
2021-05-30 21:43:57 77      IRDM_BBG000VC0FC1_2021-03-11
2021-05-30 21:43:57 78      IRM_BBG000KCZPC3_2021-03-11
2021-05-30 21:43:57 79      IRTC_BBG001J19V24_2021-03-11
2021-05-30 21:43:57 80      ISRG_BBG000BJPDZ1_2021-03-11
2021-05-30 21:43:57 81      IT_BBG000BB65D0_2021-03-11
2021-05-30 21:43:57 82      ITCI_BBG0026ZFZC4_2021-03-11
2021-05-30 21:43:57 82      ITCI: SPYKE!. Candle: ID:49, Time: 13:40, Close: 37.64
2021-05-30 21:43:57 83      ITGR_BBG000BW6JV4_2021-03-11
2021-05-30 21:43:57 83      ITRI_BBG000BD2167_2021-03-11
2021-05-30 21:43:57 85      ITT_BBG00CVQZQ96_2021-03-11
2021-05-30 21:43:57 86      ITW_BBG000BMBL90_2021-03-11
2021-05-30 21:43:57 87      IVZ_BBG000BY2Y78_2021-03-11
2021-05-30 21:43:57 88      J_BBG000BMFFQ0_2021-03-11
2021-05-30 21:43:57 89      JACK_BBG000GZYVY1_2021-03-11
2021-05-30 21:43:57 90      JBHT_BBG000BMDBZ1_2021-03-11
2021-05-30 21:43:57 91      JBSS_BBG000CHPMY5_2021-03-11
2021-05-30 21:43:57 91      JBT_BBG000VLBCQ1_2021-03-11
2021-05-30 21:43:57 92      JCI_BBG000BVWLJ6_2021-03-11
2021-05-30 21:43:57 94      JCOM_BBG000F3CWW7_2021-03-11
2021-05-30 21:43:57 95      JD_BBG005YHY0Q7_2021-03-11
2021-05-30 21:43:58 07      JEF_BBG000BNHSP9_2021-03-11
2021-05-30 21:43:58 07      JELD_BBG0019GM953_2021-03-11
2021-05-30 21:43:58 09      JJSF_BBG000BMGPW0_2021-03-11
2021-05-30 21:43:58 09      JKHY_BBG000BMH2Q7_2021-03-11
2021-05-30 21:43:58 11      JLL_BBG000C2L2L0_2021-03-11
2021-05-30 21:43:58 12      JNJ_BBG000BMHYD1_2021-03-11
2021-05-30 21:43:58 16      JNPR_BBG000BY33P5_2021-03-11
2021-05-30 21:43:58 17      JOBS_BBG000BJD1D4_2021-03-11
2021-05-30 21:43:58 18      JOUT_BBG000HCXFS4_2021-03-11
2021-05-30 21:43:58 18      JPM_BBG000DMBXR2_2021-03-11
2021-05-30 21:43:58 25      JWN_BBG000G8N9C6_2021-03-11
2021-05-30 21:43:58 26      K_BBG000BMKDM3_2021-03-11
2021-05-30 21:43:58 28      KALU_BBG000PKZDX4_2021-03-11
2021-05-30 21:43:58 29      KBH_BBG000BMLWX8_2021-03-11
2021-05-30 21:43:58 30      KDP_BBG000TJM7F0_2021-03-11
2021-05-30 21:43:58 33      KEP_BBG000BCWG90_2021-03-11
2021-05-30 21:43:58 34      KEX_BBG000BMQCP6_2021-03-11
2021-05-30 21:43:58 35      KEY_BBG000BMQPL1_2021-03-11
2021-05-30 21:43:58 36      KEYS_BBG0059FN811_2021-03-11
2021-05-30 21:43:58 37      KFY_BBG000C5QMB5_2021-03-11
2021-05-30 21:43:58 38      KHC_BBG005CPNTQ2_2021-03-11
2021-05-30 21:43:58 41      KIDS_BBG00HFFRW39_2021-03-11
2021-05-30 21:43:58 41      KIDS: SPYKE!. Candle: ID:24, Time: 14:30, Close: 47.26
2021-05-30 21:43:58 41      KIM_BBG000CN3S73_2021-03-11
2021-05-30 21:43:58 42      KLAC_BBG000BMTFR4_2021-03-11
2021-05-30 21:43:58 45      KMB_BBG000BMW2Z0_2021-03-11
2021-05-30 21:43:58 46      KMI_BBG0019JZ882_2021-03-11
2021-05-30 21:43:58 48      KMPR_BBG000H3GDJ8_2021-03-11
2021-05-30 21:43:58 49      KMT_BBG000BMWKC5_2021-03-11
2021-05-30 21:43:58 50      KMX_BBG000BLMZK6_2021-03-11
2021-05-30 21:43:58 51      KNSL_BBG00D8JD9Z9_2021-03-11
2021-05-30 21:43:58 52      KNX_BBG000BFC848_2021-03-11
2021-05-30 21:43:58 53      KO_BBG000BMX289_2021-03-11
2021-05-30 21:43:58 57      KOD_BBG00BVR0D02_2021-03-11
2021-05-30 21:43:58 58      KR_BBG000BMY992_2021-03-11
2021-05-30 21:43:58 61      KRG_BBG000BC2KW8_2021-03-11
2021-05-30 21:43:58 63      KRTX_BBG00NN875G0_2021-03-11
2021-05-30 21:43:58 64      KRYS_BBG00HDGRHH7_2021-03-11
2021-05-30 21:43:58 64      KSU_BBG000BMZ7P7_2021-03-11
2021-05-30 21:43:58 65      KTB_BBG00LPTHYD5_2021-03-11
2021-05-30 21:43:58 66      KWR_BBG000DZS2L9_2021-03-11
2021-05-30 21:43:58 67      L_BBG000C45984_2021-03-11
2021-05-30 21:43:58 68      LAD_BBG000K3BC83_2021-03-11
2021-05-30 21:43:58 69      LANC_BBG000BN1M88_2021-03-11
2021-05-30 21:43:58 70      LASR_BBG0020BCPX5_2021-03-11
2021-05-30 21:43:58 71      LB_BBG000BNGTQ7_2021-03-11
2021-05-30 21:43:58 73      LBRDK_BBG006GNSZW5_2021-03-11
2021-05-30 21:43:58 74      LCII_BBG000DNLMB0_2021-03-11
2021-05-30 21:43:58 75      LDOS_BBG000C23PB0_2021-03-11
2021-05-30 21:43:58 76      LEA_BBG000PTLGZ1_2021-03-11
2021-05-30 21:43:58 77      LECO_BBG000BB72K8_2021-03-11
2021-05-30 21:43:58 78      LEG_BBG000BN53G7_2021-03-11
2021-05-30 21:43:58 79      LEGH_BBG00MJDR6J9_2021-03-11
2021-05-30 21:43:58 79      LEN_BBG000BN5HF7_2021-03-11
2021-05-30 21:43:58 81      LEVI_BBG000BQDF10_2021-03-11
2021-05-30 21:43:58 82      LFC_BBG000BBK4B9_2021-03-11
2021-05-30 21:43:58 82      LFUS_BBG000BGFGT8_2021-03-11
2021-05-30 21:43:58 83      LGIH_BBG0056655S1_2021-03-11
2021-05-30 21:43:58 83      LGND_BBG000BKF014_2021-03-11
2021-05-30 21:43:58 84      LH_BBG000D9DMK0_2021-03-11
2021-05-30 21:43:58 85      LHCG_BBG000G7W420_2021-03-11
2021-05-30 21:43:58 86      LHX_BBG000BLGFJ9_2021-03-11
2021-05-30 21:43:58 87      LII_BBG000BB5B84_2021-03-11
2021-05-30 21:43:58 87      LIN_BBG00GVR8YQ9_2021-03-11
2021-05-30 21:43:58 89      LITE_BBG0073F9RT7_2021-03-11
2021-05-30 21:43:58 90      LKQ_BBG000PXDL44_2021-03-11
2021-05-30 21:43:58 92      LLY_BBG000BNBDC2_2021-03-11
2021-05-30 21:43:58 94      LMT_BBG000C1BW00_2021-03-11
2021-05-30 21:43:58 95      LNN_BBG000FJS1S8_2021-03-11
2021-05-30 21:43:58 96      LNT_BBG000DW4Q75_2021-03-11
2021-05-30 21:43:58 97      LNTH_BBG006Q52RD0_2021-03-11
2021-05-30 21:43:58 98      LOPE_BBG000FV28W9_2021-03-11
2021-05-30 21:43:58 99      LOW_BBG000BNDN65_2021-03-11
2021-05-30 21:43:59 02      LPL_BBG000FJ0RK9_2021-03-11
2021-05-30 21:43:59 03      LPLA_BBG000P2TYL8_2021-03-11
2021-05-30 21:43:59 04      LPSN_BBG000BSV0W5_2021-03-11
2021-05-30 21:43:59 06      LRCX_BBG000BNFLM9_2021-03-11
2021-05-30 21:43:59 09      LRN_BBG000QSXPZ9_2021-03-11
2021-05-30 21:43:59 10      LSCC_BBG000C2D1C1_2021-03-11
2021-05-30 21:43:59 12      LSTR_BBG000BB2KN0_2021-03-11
2021-05-30 21:43:59 12      LTHM_BBG00LV3NRG0_2021-03-11
2021-05-30 21:43:59 14      LULU_BBG000R8ZVD1_2021-03-11
2021-05-30 21:43:59 16      LUMN_BBG000BGLRN3_2021-03-11
2021-05-30 21:43:59 17      LUV_BBG000BNJHS8_2021-03-11
2021-05-30 21:43:59 20      LVS_BBG000JWD753_2021-03-11
2021-05-30 21:43:59 22      LW_BBG003CVMLQ2_2021-03-11
2021-05-30 21:43:59 23      LYB_BBG000WCFV84_2021-03-11
2021-05-30 21:43:59 24      LYFT_BBG004M9ZHX5_2021-03-11
2021-05-30 21:43:59 26      LYV_BBG000FQ7YR4_2021-03-11
2021-05-30 21:43:59 27      M_BBG000C46HM9_2021-03-11
2021-05-30 21:43:59 29      MA_BBG000F1ZSQ2_2021-03-11
2021-05-30 21:43:59 31      MAA_BBG000BLMY92_2021-03-11
2021-05-30 21:43:59 32      MAC_BBG000BL9C59_2021-03-11
2021-05-30 21:43:59 34      MAN_BBG000BNMHS4_2021-03-11
2021-05-30 21:43:59 35      MANH_BBG000BFV758_2021-03-11
2021-05-30 21:43:59 36      MANT_BBG000BGF8B5_2021-03-11
2021-05-30 21:43:59 36      MANU_BBG0035WV4N9_2021-03-11
2021-05-30 21:43:59 37      MAR_BBG000BGD7W6_2021-03-11
2021-05-30 21:43:59 40      MAS_BBG000BNNKG9_2021-03-11
2021-05-30 21:43:59 41      MASI_BBG000C3W281_2021-03-11
2021-05-30 21:43:59 42      MAT_BBG000BNNYW1_2021-03-11
2021-05-30 21:43:59 43      MATX_BBG000BBK401_2021-03-11
2021-05-30 21:43:59 44      MBT_BBG000CSZKR2_2021-03-11
2021-05-30 21:43:59 44      MBUU_BBG005PXTR70_2021-03-11
2021-05-30 21:43:59 45      MCD_BBG000BNSZP1_2021-03-11
2021-05-30 21:43:59 47      MCHP_BBG000BHCP19_2021-03-11
2021-05-30 21:43:59 49      MCK_BBG000DYGNW7_2021-03-11
2021-05-30 21:43:59 50      MCO_BBG000F86GP6_2021-03-11
2021-05-30 21:43:59 51      MCRI_BBG000BJ0932_2021-03-11
2021-05-30 21:43:59 52      MD_BBG000H8LGK2_2021-03-11
2021-05-30 21:43:59 53      MDB_BBG0022FDRY8_2021-03-11
2021-05-30 21:43:59 56      MDGL_BBG000QS6NV8_2021-03-11
2021-05-30 21:43:59 56      MDLA_BBG001BPKGT0_2021-03-11
2021-05-30 21:43:59 57      MDLZ_BBG000D4LWF6_2021-03-11
2021-05-30 21:43:59 59      MDRX_BBG000BLDXH5_2021-03-11
2021-05-30 21:43:59 61      MDT_BBG000BNWG87_2021-03-11
2021-05-30 21:43:59 63      MED_BBG000BWBW76_2021-03-11
2021-05-30 21:43:59 64      MEDP_BBG0065B7K59_2021-03-11
2021-05-30 21:43:59 64      MEI_BBG000BNY197_2021-03-11
2021-05-30 21:43:59 65      MELI_BBG000GQPB11_2021-03-11
2021-05-30 21:43:59 67      MET_BBG000BB6KF5_2021-03-11
2021-05-30 21:43:59 69      MFGP_BBG00HFWVGN0_2021-03-11
2021-05-30 21:43:59 70      MFGP: BuyPending. Strategy: MorningOpenStrategy. Price: 6.53. Lots: 38. ChangeOpenToCurrent: -1.51. ChangePrevCloseToCurrent: -2.10. Candle: ID:10, Time: 4:00, Close: 6.53.
2021-05-30 21:43:59 70      MFGP: OrderID: 270c67eb. PlacedOrder. Status: New. RejectReason: 
2021-05-30 21:43:59 70      MFGP: OrderID: 270c67eb fully executed
2021-05-30 21:43:59 70      MFGP: Morning closing by timeout. Close price: 6.58. Lots: 38. Profit: 0.05(0.77%). Candle: ID:128, Time: 4:20, Close: 6.58
2021-05-30 21:43:59 70      MFGP: OrderID: c1416702. PlacedOrder. Status: New. RejectReason: 
2021-05-30 21:43:59 70      MFGP: OrderID: c1416702 partially executed. Executed lots: 4. OrderStatus: 4/38 lots
2021-05-30 21:43:59 70      MFGP: OrderID: c1416702 partially executed. Executed lots: 17. OrderStatus: 21/38 lots
2021-05-30 21:43:59 70      MFGP: OrderID: c1416702 partially executed. Executed lots: 1. OrderStatus: 22/38 lots
2021-05-30 21:43:59 70      MFGP: OrderID: c1416702 fully executed
2021-05-30 21:43:59 72      MGLN_BBG000BD6DD9_2021-03-11
2021-05-30 21:43:59 72      MGM_BBG000C2BXK4_2021-03-11
2021-05-30 21:43:59 76      MGY_BBG00GNC8DL2_2021-03-11
2021-05-30 21:43:59 77      MHK_BBG000FLZN98_2021-03-11
2021-05-30 21:43:59 78      MHO_BBG000BL9MZ4_2021-03-11
2021-05-30 21:43:59 78      MIDD_BBG000DQN9R3_2021-03-11
2021-05-30 21:43:59 79      MKC_BBG000G6Y5W4_2021-03-11
2021-05-30 21:43:59 80      MKL_BBG000FC7366_2021-03-11
2021-05-30 21:43:59 81      MKSI_BBG000BVMG26_2021-03-11
2021-05-30 21:43:59 81      MKTX_BBG000BJBZ23_2021-03-11
2021-05-30 21:43:59 82      MLAB_BBG000BP3PW7_2021-03-11
2021-05-30 21:43:59 83      MLCO_BBG000BHP8J4_2021-03-11
2021-05-30 21:43:59 84      MLHR_BBG000BP46T2_2021-03-11
2021-05-30 21:43:59 84      MLM_BBG000BGYMH7_2021-03-11
2021-05-30 21:43:59 85      MMC_BBG000BP4MH0_2021-03-11
2021-05-30 21:43:59 86      MMI_BBG005GBRSR6_2021-03-11
2021-05-30 21:43:59 87      MMM_BBG000BP52R2_2021-03-11
2021-05-30 21:43:59 88      MMS_BBG000BC5WJ4_2021-03-11
2021-05-30 21:43:59 89      MMSI_BBG000C42VX0_2021-03-11
2021-05-30 21:43:59 90      MNRO_BBG000C0BZD1_2021-03-11
2021-05-30 21:43:59 90      MNST_BBG008NVB1C0_2021-03-11
2021-05-30 21:43:59 92      MO_BBG000BP6LJ8_2021-03-11
2021-05-30 21:43:59 94      MOH_BBG000MBHNC8_2021-03-11
2021-05-30 21:43:59 95      MOMO_BBG007HTCQT0_2021-03-11
2021-05-30 21:43:59 99      MORN_BBG000CGQ4F7_2021-03-11
2021-05-30 21:43:59 99      MOS_BBG000BFXHL6_2021-03-11
2021-05-30 21:44:00 01      MOV_BBG000BL30Y9_2021-03-11
2021-05-30 21:44:00 02      MPC_BBG001DCCGR8_2021-03-11
2021-05-30 21:44:00 05      MPWR_BBG000C30L48_2021-03-11
2021-05-30 21:44:00 06      MRC_BBG000BKLTM1_2021-03-11
2021-05-30 21:44:00 06      MRK_BBG000BPD168_2021-03-11
2021-05-30 21:44:00 09      MRNA_BBG003PHHZT1_2021-03-11
2021-05-30 21:44:00 15      MRO_BBG000C8H633_2021-03-11
2021-05-30 21:44:00 17      MRTX_BBG004TPGBP5_2021-03-11
2021-05-30 21:44:00 18      MS_BBG000BLZRJ2_2021-03-11
2021-05-30 21:44:00 21      MSA_BBG000BPDXF8_2021-03-11
2021-05-30 21:44:00 22      MSCI_BBG000RTDY25_2021-03-11
2021-05-30 21:44:00 22      MSFT_BBG000BPH459_2021-03-11
2021-05-30 21:44:00 40      MSGE_BBG00L9HLWV8_2021-03-11
2021-05-30 21:44:00 40      MSGN_BBG000NS03H7_2021-03-11
2021-05-30 21:44:00 41      MSGS_BBG007FG0C23_2021-03-11
2021-05-30 21:44:00 41      MSI_BBG000BP8Z50_2021-03-11
2021-05-30 21:44:00 43      MSM_BBG000BCLYL9_2021-03-11
2021-05-30 21:44:00 43      MSTR_BBG000GQJPZ0_2021-03-11
2021-05-30 21:44:00 46      MTB_BBG000D9KWL9_2021-03-11
2021-05-30 21:44:00 47      MTCH_BBG00B6WH9G3_2021-03-11
2021-05-30 21:44:00 49      MTD_BBG000BZCKH3_2021-03-11
2021-05-30 21:44:00 50      MTG_BBG000CBMH27_2021-03-11
2021-05-30 21:44:00 50      MTH_BBG000F4F1N0_2021-03-11
2021-05-30 21:44:00 51      MTN_BBG000BCMWM1_2021-03-11
2021-05-30 21:44:00 52      MTN: SPYKE!. Candle: ID:2010, Time: 21:10, Close: 316
2021-05-30 21:44:00 52      MTOR_BBG000BH92D1_2021-03-11
2021-05-30 21:44:00 53      MTRN_BBG000BDTT76_2021-03-11
2021-05-30 21:44:00 53      MTSC_BBG000BPL8G3_2021-03-11
2021-05-30 21:44:00 54      MU_BBG000C5Z1S3_2021-03-11
2021-05-30 21:44:00 61      MUR_BBG000BPMH90_2021-03-11
2021-05-30 21:44:00 63      MUSA_BBG001Z0Q6T5_2021-03-11
2021-05-30 21:44:00 64      MXIM_BBG000BPNP00_2021-03-11
2021-05-30 21:44:00 68      MXL_BBG000BB6R33_2021-03-11
2021-05-30 21:44:00 68      MYGN_BBG000D9H9F1_2021-03-11
2021-05-30 21:44:00 69      MYRG_BBG000BC7VW9_2021-03-11
2021-05-30 21:44:00 70      NARI_BBG009J8K7M0_2021-03-11
2021-05-30 21:44:00 71      NATI_BBG000DZK6N6_2021-03-11
2021-05-30 21:44:00 72      NAVI_BBG004MN1R41_2021-03-11
2021-05-30 21:44:00 73      NBIX_BBG000GJS7C1_2021-03-11
2021-05-30 21:44:00 74      NCBS_BBG000QK0TG5_2021-03-11
2021-05-30 21:44:00 74      NCR_BBG000BMXK89_2021-03-11
2021-05-30 21:44:00 75      NDAQ_BBG000F5VVB6_2021-03-11
2021-05-30 21:44:00 77      NDSN_BBG000BPWGR1_2021-03-11
2021-05-30 21:44:00 77      NEE_BBG000BJSBJ0_2021-03-11
2021-05-30 21:44:00 80      NEM_BBG000BPWXK1_2021-03-11
2021-05-30 21:44:00 83      NEO_BBG000BKH263_2021-03-11
2021-05-30 21:44:00 84      NEOG_BBG000C1BCK2_2021-03-11
2021-05-30 21:44:00 85      NET_BBG001WMKHH5_2021-03-11
2021-05-30 21:44:00 88      NEU_BBG000BJ5SS8_2021-03-11
2021-05-30 21:44:00 89      NEWR_BBG001NFKJ68_2021-03-11
2021-05-30 21:44:00 90      NFLX_BBG000CL9VN6_2021-03-11
2021-05-30 21:44:00 95      NGVT_BBG009LM28K6_2021-03-11
2021-05-30 21:44:00 95      NJR_BBG000BPZVW9_2021-03-11
2021-05-30 21:44:00 96      NKE_BBG000C5HS04_2021-03-11
2021-05-30 21:44:00 99      NKTR_BBG000BHCYJ1_2021-03-11
2021-05-30 21:44:00 99      NLOK_BBG000BH2JM1_2021-03-11
2021-05-30 21:44:01 01      NLSN_BBG0088CYPX8_2021-03-11
2021-05-30 21:44:01 02      NMIH_BBG005DLMMZ6_2021-03-11
2021-05-30 21:44:01 02      NOC_BBG000BQ2C28_2021-03-11
2021-05-30 21:44:01 04      NOK_BBG000BNGBW9_2021-03-11
2021-05-30 21:44:01 08      NOV_BBG000BJX8C8_2021-03-11
2021-05-30 21:44:01 09      NOW_BBG000M1R011_2021-03-11
2021-05-30 21:44:01 11      NP_BBG000QCQ764_2021-03-11
2021-05-30 21:44:01 12      NPK_BBG000BQ4GG2_2021-03-11
2021-05-30 21:44:01 12      NRG_BBG000D8RG11_2021-03-11
2021-05-30 21:44:01 14      NSC_BBG000BQ5DS5_2021-03-11
2021-05-30 21:44:01 15      NSP_BBG000BJ41X2_2021-03-11
2021-05-30 21:44:01 15      NTAP_BBG000FP1N32_2021-03-11
2021-05-30 21:44:01 17      NTCO_BBG00R4ZKPN5_2021-03-11
2021-05-30 21:44:01 18      NTCT_BBG000C136Z8_2021-03-11
2021-05-30 21:44:01 18      NTES_BBG000BX72V8_2021-03-11
2021-05-30 21:44:01 20      NTGR_BBG000C4GBR6_2021-03-11
2021-05-30 21:44:01 21      NTLA_BBG007KC7PB0_2021-03-11
2021-05-30 21:44:01 23      NTNX_BBG001NDW1Z7_2021-03-11
2021-05-30 21:44:01 23      NTNX: SPYKE!. Candle: ID:17, Time: 8:15, Close: 28.5
2021-05-30 21:44:01 24      NTRA_BBG001J1BQ86_2021-03-11
2021-05-30 21:44:01 25      NTRS_BBG000BQ74K1_2021-03-11
2021-05-30 21:44:01 26      NTUS_BBG000DPZHS3_2021-03-11
2021-05-30 21:44:01 27      NUE_BBG000BQ8KV2_2021-03-11
2021-05-30 21:44:01 28      NUS_BBG000HG21Y3_2021-03-11
2021-05-30 21:44:01 29      NUVA_BBG000LNL298_2021-03-11
2021-05-30 21:44:01 29      NVDA_BBG000BBJQV0_2021-03-11
2021-05-30 21:44:01 37      NVEE_BBG005BT60Y8_2021-03-11
2021-05-30 21:44:01 38      NVR_BBG000BQBYR3_2021-03-11
2021-05-30 21:44:01 39      NVRO_BBG001K61W36_2021-03-11
2021-05-30 21:44:01 39      NVTA_BBG005DJFD43_2021-03-11
2021-05-30 21:44:01 41      NWE_BBG000Q1NMJ4_2021-03-11
2021-05-30 21:44:01 42      NWL_BBG000BQC9V2_2021-03-11
2021-05-30 21:44:01 43      NWLI_BBG008HNHZ07_2021-03-11
2021-05-30 21:44:01 44      NWS_BBG0035M2ZB7_2021-03-11
2021-05-30 21:44:01 45      NWSA_BBG0035LY913_2021-03-11
2021-05-30 21:44:01 46      NXPI_BBG000BND699_2021-03-11
2021-05-30 21:44:01 48      NXST_BBG000DZJVH0_2021-03-11
2021-05-30 21:44:01 49      NYT_BBG000FFC0B3_2021-03-11
2021-05-30 21:44:01 50      O_BBG000DHPN63_2021-03-11
2021-05-30 21:44:01 52      OC_BBG000M44VW8_2021-03-11
2021-05-30 21:44:01 52      ODFL_BBG000CHSS88_2021-03-11
2021-05-30 21:44:01 53      OFIX_BBG000G1C210_2021-03-11
2021-05-30 21:44:01 53      OHI_BBG000BGBTC2_2021-03-11
2021-05-30 21:44:01 54      OI_BBG00R2JZG39_2021-03-11
2021-05-30 21:44:01 55      OII_BBG000CPBCL8_2021-03-11
2021-05-30 21:44:01 55      OIS_BBG000BDDN94_2021-03-11
2021-05-30 21:44:01 56      OKE_BBG000BQHGR6_2021-03-11
2021-05-30 21:44:01 58      OKTA_BBG001YV1SM4_2021-03-11
2021-05-30 21:44:01 62      OLED_BBG000BLRP41_2021-03-11
2021-05-30 21:44:01 64      OLLI_BBG0098VVDT9_2021-03-11
2021-05-30 21:44:01 65      OMC_BBG000BS9489_2021-03-11
2021-05-30 21:44:01 66      OMCL_BBG000BTNGZ4_2021-03-11
2021-05-30 21:44:01 67      ON_BBG000DV7MX4_2021-03-11
2021-05-30 21:44:01 70      ONTO_BBG000BPRN29_2021-03-11
2021-05-30 21:44:01 71      ORCL_BBG000BQLTW7_2021-03-11
2021-05-30 21:44:01 77      ORLY_BBG000BGYWY6_2021-03-11
2021-05-30 21:44:01 78      OSIS_BBG000BWPR54_2021-03-11
2021-05-30 21:44:01 79      OSK_BBG000CC53X1_2021-03-11
2021-05-30 21:44:01 79      OSUR_BBG000J3D1Y8_2021-03-11
2021-05-30 21:44:01 83      OTIS_BBG00RP60KV0_2021-03-11
2021-05-30 21:44:01 84      OVV_BBG00R2NHQ65_2021-03-11
2021-05-30 21:44:01 85      OXY_BBG000BQQ2S6_2021-03-11
2021-05-30 21:44:01 90      PAGS_BBG00JM7QBR6_2021-03-11
2021-05-30 21:44:01 91      PANW_BBG0014GJCT9_2021-03-11
2021-05-30 21:44:01 92      PATK_BBG000BQSBB2_2021-03-11
2021-05-30 21:44:01 93      PAYC_BBG0064N0ZZ5_2021-03-11
2021-05-30 21:44:01 93      PB_BBG000BHY4D9_2021-03-11
2021-05-30 21:44:01 94      PBCT_BBG000BQT4L6_2021-03-11
2021-05-30 21:44:01 95      PBF_BBG002832GV8_2021-03-11
2021-05-30 21:44:01 97      PBH_BBG000QM0RZ4_2021-03-11
2021-05-30 21:44:01 97      PBI_BBG000BQTMJ9_2021-03-11
2021-05-30 21:44:01 98      PCAR_BBG000BQVTF5_2021-03-11
2021-05-30 21:44:02 00      PCG_BBG000BQWPC5_2021-03-11
2021-05-30 21:44:02 01      PCRX_BBG0018FQNS6_2021-03-11
2021-05-30 21:44:02 02      PCTY_BBG006598YS8_2021-03-11
2021-05-30 21:44:02 02      PD_BBG0043BYPB8_2021-03-11
2021-05-30 21:44:02 04      PDCO_BBG000BQY289_2021-03-11
2021-05-30 21:44:02 04      PEAK_BBG000BKYDP9_2021-03-11
2021-05-30 21:44:02 05      PEG_BBG000BQZMH4_2021-03-11
2021-05-30 21:44:02 07      PEGA_BBG000H1RYG7_2021-03-11
2021-05-30 21:44:02 07      PEN_BBG001BP92V1_2021-03-11
2021-05-30 21:44:02 08      PEP_BBG000DH7JK6_2021-03-11
2021-05-30 21:44:02 11      PETQ_BBG00H1CY328_2021-03-11
2021-05-30 21:44:02 12      PFE_BBG000BR2B91_2021-03-11
2021-05-30 21:44:02 15      PFG_BBG000NSCNT7_2021-03-11
2021-05-30 21:44:02 17      PFGC_BBG009XW2WB8_2021-03-11
2021-05-30 21:44:02 18      PFPT_BBG000RQ2GY7_2021-03-11
2021-05-30 21:44:02 19      PG_BBG000BR2TH3_2021-03-11
2021-05-30 21:44:02 24      PGNY_BBG002H1K1H1_2021-03-11
2021-05-30 21:44:02 25      PGR_BBG000BR37X2_2021-03-11
2021-05-30 21:44:02 27      PGTI_BBG000FX3Y66_2021-03-11
2021-05-30 21:44:02 27      PH_BBG000BR3KL6_2021-03-11
2021-05-30 21:44:02 28      PHM_BBG000BR54L0_2021-03-11
2021-05-30 21:44:02 30      PII_BBG000D5S4M0_2021-03-11
2021-05-30 21:44:02 30      PINC_BBG000G7QX50_2021-03-11
2021-05-30 21:44:02 31      PINS_BBG002583CV8_2021-03-11
2021-05-30 21:44:02 36      PIPR_BBG000FQXC75_2021-03-11
2021-05-30 21:44:02 36      PKG_BBG000BB8SW7_2021-03-11
2021-05-30 21:44:02 37      PKI_BBG000FXW512_2021-03-11
2021-05-30 21:44:02 38      PLAN_BBG002DZS299_2021-03-11
2021-05-30 21:44:02 40      PLAY_BBG001WWJTK5_2021-03-11
2021-05-30 21:44:02 41      PLCE_BBG000JK9DK4_2021-03-11
2021-05-30 21:44:02 42      PLD_BBG000B9Z0J8_2021-03-11
2021-05-30 21:44:02 43      PLNT_BBG009H04M17_2021-03-11
2021-05-30 21:44:02 44      PLTR_BBG000N7QR55_2021-03-11
2021-05-30 21:44:02 49      PLTR: SPYKE!. Candle: ID:5, Time: 7:00, Close: 25.69
2021-05-30 21:44:02 53      PLUS_BBG000HN7W02_2021-03-11
2021-05-30 21:44:02 53      PLXS_BBG000BRBX66_2021-03-11
2021-05-30 21:44:02 54      PM_BBG000J2XL74_2021-03-11
2021-05-30 21:44:02 56      PNC_BBG000BRD0D8_2021-03-11
2021-05-30 21:44:02 57      PNFP_BBG000C1XKF6_2021-03-11
2021-05-30 21:44:02 58      PNTG_BBG00P33SY72_2021-03-11
2021-05-30 21:44:02 58      PODD_BBG000R7XX87_2021-03-11
2021-05-30 21:44:02 59      POOL_BBG000BCVG28_2021-03-11
2021-05-30 21:44:02 60      POR_BBG000BCRMW7_2021-03-11
2021-05-30 21:44:02 61      POST_BBG001WTBC36_2021-03-11
2021-05-30 21:44:02 62      POWI_BBG000BTT3D1_2021-03-11
2021-05-30 21:44:02 62      PPC_BBG000BFLXV3_2021-03-11
2021-05-30 21:44:02 63      PPG_BBG000BRJ809_2021-03-11
2021-05-30 21:44:02 64      PPL_BBG000BRJL00_2021-03-11
2021-05-30 21:44:02 65      PRAA_BBG000BNTW77_2021-03-11
2021-05-30 21:44:02 66      PRAH_BBG007387YL8_2021-03-11
2021-05-30 21:44:02 67      PRFT_BBG000BVXFK6_2021-03-11
2021-05-30 21:44:02 67      PRG_BBG00VSH86G4_2021-03-11
2021-05-30 21:44:02 68      PRGS_BBG000C4QP94_2021-03-11
2021-05-30 21:44:02 69      PRI_BBG000T8ZF80_2021-03-11
2021-05-30 21:44:02 69      PRLB_BBG000BT13B3_2021-03-11
2021-05-30 21:44:02 70      PRSP_BBG00KMXKWF9_2021-03-11
2021-05-30 21:44:02 70      PRU_BBG000HCJMF9_2021-03-11
2021-05-30 21:44:02 72      PS_BBG00KMYC574_2021-03-11
2021-05-30 21:44:02 73      PSA_BBG000BPPN67_2021-03-11
2021-05-30 21:44:02 73      PSN_BBG000C3TKY6_2021-03-11
2021-05-30 21:44:02 74      PSTG_BBG00212PVZ5_2021-03-11
2021-05-30 21:44:02 77      PSX_BBG00286S4N9_2021-03-11
2021-05-30 21:44:02 79      PTC_BBG000C2VBB0_2021-03-11
2021-05-30 21:44:02 80      PTCT_BBG000QT15P7_2021-03-11
2021-05-30 21:44:02 80      PTON_BBG00JG0FFZ2_2021-03-11
2021-05-30 21:44:02 85      PTR_BBG000BR85F1_2021-03-11
2021-05-30 21:44:02 85      PUMP_BBG00FYCQ352_2021-03-11
2021-05-30 21:44:02 86      PVH_BBG000BRRG02_2021-03-11
2021-05-30 21:44:02 87      PWR_BBG000BBL8V7_2021-03-11
2021-05-30 21:44:02 88      PXD_BBG000BXRPH1_2021-03-11
2021-05-30 21:44:02 89      PYPL_BBG0077VNXV6_2021-03-11
2021-05-30 21:44:02 97      PZZA_BBG000BFWF13_2021-03-11
2021-05-30 21:44:02 97      QADA_BBG001BP77C3_2021-03-11
2021-05-30 21:44:02 98      QCOM_BBG000CGC1X8_2021-03-11
2021-05-30 21:44:03 06      QDEL_BBG000C6GN04_2021-03-11
2021-05-30 21:44:03 09      QLYS_BBG000HT5G06_2021-03-11
2021-05-30 21:44:03 11      QNST_BBG000S9XXB8_2021-03-11
2021-05-30 21:44:03 12      QRTEA_BBG000PCQQL6_2021-03-11
2021-05-30 21:44:03 13      QRVO_BBG007TJF1N7_2021-03-11
2021-05-30 21:44:03 15      QTS_BBG0054B20Z8_2021-03-11
2021-05-30 21:44:03 15      QTWO_BBG005ZVK9P2_2021-03-11
2021-05-30 21:44:03 16      QUOT_BBG001QYNR63_2021-03-11
2021-05-30 21:44:03 17      R_BBG000BRVP70_2021-03-11
2021-05-30 21:44:03 18      RACE_BBG009PH3Q86_2021-03-11
2021-05-30 21:44:03 18      RAMP_BBG000BB4HM6_2021-03-11
2021-05-30 21:44:03 18      RAMP: SPYKE!. Candle: ID:11, Time: 7:30, Close: 57
2021-05-30 21:44:03 19      RARE_BBG001RWPDW6_2021-03-11
2021-05-30 21:44:03 20      RAVN_BBG000CXQTZ3_2021-03-11
2021-05-30 21:44:03 21      RBC_BBG000BRXTR8_2021-03-11
2021-05-30 21:44:03 21      RCL_BBG000BB5792_2021-03-11
2021-05-30 21:44:03 23      RDFN_BBG001Q7HP63_2021-03-11
2021-05-30 21:44:03 25      RDS.A_BBG000QXSSS6_2021-03-11
2021-05-30 21:44:03 26      RDY_BBG000NJ96L6_2021-03-11
2021-05-30 21:44:03 27      RE_BBG000C1XVK6_2021-03-11
2021-05-30 21:44:03 27      REG_BBG000BL46Q4_2021-03-11
2021-05-30 21:44:03 29      REGI_BBG0016SSV00_2021-03-11
2021-05-30 21:44:03 30      REGN_BBG000C734W3_2021-03-11
2021-05-30 21:44:03 32      RETA_BBG000R33BD1_2021-03-11
2021-05-30 21:44:03 34      REX_BBG000D2ZK61_2021-03-11
2021-05-30 21:44:03 34      REZI_BBG00HY28K89_2021-03-11
2021-05-30 21:44:03 35      RF_BBG000Q3JN03_2021-03-11
2021-05-30 21:44:03 36      RGA_BBG000BDLCQ0_2021-03-11
2021-05-30 21:44:03 37      RGEN_BBG000BS48J3_2021-03-11
2021-05-30 21:44:03 38      RGLD_BBG000BS5170_2021-03-11
2021-05-30 21:44:03 39      RGNX_BBG007Z9V591_2021-03-11
2021-05-30 21:44:03 40      RGR_BBG000C4FQG6_2021-03-11
2021-05-30 21:44:03 40      RH_BBG002293PJ4_2021-03-11
2021-05-30 21:44:03 41      RHI_BBG000BS5DR2_2021-03-11
2021-05-30 21:44:03 42      RIG_BBG000BH5LT6_2021-03-11
2021-05-30 21:44:03 47      RJF_BBG000BS73J1_2021-03-11
2021-05-30 21:44:03 47      RL_BBG000BS0ZF1_2021-03-11
2021-05-30 21:44:03 48      RMD_BBG000L4M7F1_2021-03-11
2021-05-30 21:44:03 49      RNG_BBG000J094P3_2021-03-11
2021-05-30 21:44:03 50      ROCK_BBG000BKQDQ7_2021-03-11
2021-05-30 21:44:03 51      ROG_BBG000BS9HN3_2021-03-11
2021-05-30 21:44:03 51      ROK_BBG000BBCDZ2_2021-03-11
2021-05-30 21:44:03 52      ROKU_BBG001ZZPQJ6_2021-03-11
2021-05-30 21:44:03 55      ROL_BBG000BSBBP1_2021-03-11
2021-05-30 21:44:03 56      ROLL_BBG000GMGNB3_2021-03-11
2021-05-30 21:44:03 57      ROP_BBG000F1ZSN5_2021-03-11
2021-05-30 21:44:03 58      ROST_BBG000BSBZH7_2021-03-11
2021-05-30 21:44:03 60      RP_BBG000CN5CJ3_2021-03-11
2021-05-30 21:44:03 61      RPD_BBG009DFHWG6_2021-03-11
2021-05-30 21:44:03 61      RPM_BBG000DCNK80_2021-03-11
2021-05-30 21:44:03 62      RRBI_BBG000QKNLB2_2021-03-11
2021-05-30 21:44:03 62      RRC_BBG000FVXD63_2021-03-11
2021-05-30 21:44:03 64      RRGB_BBG000MXH9C1_2021-03-11
2021-05-30 21:44:03 64      RS_BBG000CJ2181_2021-03-11
2021-05-30 21:44:03 65      RSG_BBG000BPXVJ6_2021-03-11
2021-05-30 21:44:03 66      RTX_BBG000BW8S60_2021-03-11
2021-05-30 21:44:03 68      RVLV_BBG00M4RHBD0_2021-03-11
2021-05-30 21:44:03 68      RXN_BBG000H8R0N8_2021-03-11
2021-05-30 21:44:03 69      RYN_BBG000BG7L34_2021-03-11
2021-05-30 21:44:03 69      RYTM_BBG007DLZ601_2021-03-11
2021-05-30 21:44:03 70      RYTM: SPYKE!. Candle: ID:3, Time: 7:00, Close: 26.93
2021-05-30 21:44:03 70      SAFM_BBG000BSHJ96_2021-03-11
2021-05-30 21:44:03 71      SAGE_BBG0025X16Y5_2021-03-11
2021-05-30 21:44:03 72      SAIA_BBG000P5LMQ0_2021-03-11
2021-05-30 21:44:03 72      SAIC_BBG003BW05K6_2021-03-11
2021-05-30 21:44:03 73      SAIL_BBG00J0BBZL0_2021-03-11
2021-05-30 21:44:03 74      SAM_BBG000BCZBF1_2021-03-11
2021-05-30 21:44:03 74      SAVE_BBG000BF6RQ9_2021-03-11
2021-05-30 21:44:03 76      SBAC_BBG000D2M0Z7_2021-03-11
2021-05-30 21:44:03 77      SBCF_BBG000KK3464_2021-03-11
2021-05-30 21:44:03 77      SBGI_BBG000F2XXP2_2021-03-11
2021-05-30 21:44:03 78      SBH_BBG000LR8515_2021-03-11
2021-05-30 21:44:03 79      SBRA_BBG000MTDW24_2021-03-11
2021-05-30 21:44:03 80      SBUX_BBG000CTQBF3_2021-03-11
2021-05-30 21:44:03 83      SCCO_BBG000BSHH72_2021-03-11
2021-05-30 21:44:03 84      SCHW_BBG000BSLZY7_2021-03-11
2021-05-30 21:44:03 86      SCI_BBG000BTHH16_2021-03-11
2021-05-30 21:44:03 88      SCSC_BBG000BHTPZ4_2021-03-11
2021-05-30 21:44:03 89      SDGR_BBG000T88BN2_2021-03-11
2021-05-30 21:44:03 92      SEDG_BBG0084BBZY6_2021-03-11
2021-05-30 21:44:03 95      SEE_BBG000C22QV7_2021-03-11
2021-05-30 21:44:03 96      SEIC_BBG000BSQLT9_2021-03-11
2021-05-30 21:44:03 97      SF_BBG000BSS5C0_2021-03-11
2021-05-30 21:44:03 98      SFIX_BBG0046L1KL9_2021-03-11
2021-05-30 21:44:04 00      SFM_BBG001KFKQM7_2021-03-11
2021-05-30 21:44:04 01      SGEN_BBG000BH0FR6_2021-03-11
2021-05-30 21:44:04 02      SHAK_BBG0063GCHH8_2021-03-11
2021-05-30 21:44:04 03      SHEN_BBG000BTC2N0_2021-03-11
2021-05-30 21:44:04 04      SHI_BBG000BHR1H9_2021-03-11
2021-05-30 21:44:04 04      SHW_BBG000BSXQV7_2021-03-11
2021-05-30 21:44:04 05      SIG_BBG000C4ZZ10_2021-03-11
2021-05-30 21:44:04 06      SIGI_BBG000BSZ738_2021-03-11
2021-05-30 21:44:04 06      SITE_BBG009T22D49_2021-03-11
2021-05-30 21:44:04 07      SIVB_BBG000BT0CM2_2021-03-11
2021-05-30 21:44:04 08      SJI_BBG000BT0T72_2021-03-11
2021-05-30 21:44:04 09      SJM_BBG000BT1715_2021-03-11
2021-05-30 21:44:04 10      SKM_BBG000BLN497_2021-03-11
2021-05-30 21:44:04 10      SKX_BBG000C4HKK2_2021-03-11
2021-05-30 21:44:04 11      SLAB_BBG000BB99S3_2021-03-11
2021-05-30 21:44:04 12      SLB_BBG000BT41Q8_2021-03-11
2021-05-30 21:44:04 15      SLG_BBG000BVP5P2_2021-03-11
2021-05-30 21:44:04 15      SMAR_BBG00GQK3WB5_2021-03-11
2021-05-30 21:44:04 16      SMG_BBG000BT5PG5_2021-03-11
2021-05-30 21:44:04 17      SMPL_BBG00GVP5JL4_2021-03-11
2021-05-30 21:44:04 18      SMTC_BBG000DBKR53_2021-03-11
2021-05-30 21:44:04 18      SNA_BBG000BT7JW9_2021-03-11
2021-05-30 21:44:04 19      SNAP_BBG00441QMJ7_2021-03-11
2021-05-30 21:44:04 24      SNBR_BBG000DM2BF3_2021-03-11
2021-05-30 21:44:04 25      SNPS_BBG000BSFRF3_2021-03-11
2021-05-30 21:44:04 27      SNX_BBG000CL9JV4_2021-03-11
2021-05-30 21:44:04 28      SNY_BBG000BBD5N1_2021-03-11
2021-05-30 21:44:04 29      SO_BBG000BT9DW0_2021-03-11
2021-05-30 21:44:04 31      SOHU_BBG00L2DB535_2021-03-11
2021-05-30 21:44:04 31      SON_BBG000D7HF89_2021-03-11
2021-05-30 21:44:04 32      SONO_BBG001JZPSQ2_2021-03-11
2021-05-30 21:44:04 34      SP_BBG000BJ91B1_2021-03-11
2021-05-30 21:44:04 34      SPB@US_BBG000DS5588_2021-03-11
2021-05-30 21:44:04 35      SPCE_BBG00HTN2CQ3_2021-03-11
2021-05-30 21:44:04 54      SPG_BBG000BJ2D31_2021-03-11
2021-05-30 21:44:04 56      SPGI_BBG000BP1Q11_2021-03-11
2021-05-30 21:44:04 57      SPLK_BBG001C7TST4_2021-03-11
2021-05-30 21:44:04 60      SPOT_BBG003T4VFC2_2021-03-11
2021-05-30 21:44:04 62      SPR_BBG000PRJ2Z9_2021-03-11
2021-05-30 21:44:04 64      SPSC_BBG000PZGB75_2021-03-11
2021-05-30 21:44:04 64      SQ_BBG0018SLC07_2021-03-11
2021-05-30 21:44:04 69      SRC_BBG0027Z6X10_2021-03-11
2021-05-30 21:44:04 69      SRCL_BBG000H3FZM6_2021-03-11
2021-05-30 21:44:04 70      SRDX_BBG000BZ2QG2_2021-03-11
2021-05-30 21:44:04 70      SRE_BBG000C2ZCH8_2021-03-11
2021-05-30 21:44:04 72      SRI_BBG000BB9Q78_2021-03-11
2021-05-30 21:44:04 72      SRPT_BBG000BCJ161_2021-03-11
2021-05-30 21:44:04 74      SSD_BBG000JLC8L8_2021-03-11
2021-05-30 21:44:04 75      SSNC_BBG000RJ2J04_2021-03-11
2021-05-30 21:44:04 76      SSTK_BBG002ZCK2V9_2021-03-11
2021-05-30 21:44:04 77      STAA_BBG000C4QB95_2021-03-11
2021-05-30 21:44:04 78      STAG_BBG000BGLFP7_2021-03-11
2021-05-30 21:44:04 78      STLD_BBG000HGYNZ9_2021-03-11
2021-05-30 21:44:04 80      STMP_BBG000CZ4KF3_2021-03-11
2021-05-30 21:44:04 81      STRA_BBG000GRZDV1_2021-03-11
2021-05-30 21:44:04 82      STT_BBG000BKFBD7_2021-03-11
2021-05-30 21:44:04 83      STX_BBG000F0KF42_2021-03-11
2021-05-30 21:44:04 83      Warning: figi `BBG000F0KF42` for history data does not match actual figi `BBG0113JGQF0`. Ticker: STX. Will be used actual!
2021-05-30 21:44:04 85      STZ_BBG000J1QLT0_2021-03-11
2021-05-30 21:44:04 86      SUPN_BBG000BP0HX7_2021-03-11
2021-05-30 21:44:04 87      SWAV_BBG005XVXML5_2021-03-11
2021-05-30 21:44:04 87      SWBI_BBG000BM0QL7_2021-03-11
2021-05-30 21:44:04 89      SWCH_BBG00HPDM5Z2_2021-03-11
2021-05-30 21:44:04 90      SWI_BBG00M1CKSK7_2021-03-11
2021-05-30 21:44:04 91      SWK_BBG000BTQR96_2021-03-11
2021-05-30 21:44:04 92      SWKS_BBG000KLB4Q1_2021-03-11
2021-05-30 21:44:04 94      SWN_BBG000BTR593_2021-03-11
2021-05-30 21:44:04 97      SWX_BBG00FWP4JW4_2021-03-11
2021-05-30 21:44:04 97      SXI_BBG000BTT5B8_2021-03-11
2021-05-30 21:44:04 98      SXT_BBG000J79P80_2021-03-11
2021-05-30 21:44:04 98      SYF_BBG00658F3P3_2021-03-11
2021-05-30 21:44:05 00      SYK_BBG000DN7P92_2021-03-11
2021-05-30 21:44:05 01      SYKE_BBG000BBHPV4_2021-03-11
2021-05-30 21:44:05 02      SYNA_BBG000BQV1S2_2021-03-11
2021-05-30 21:44:05 03      SYNH_BBG0078Y1D92_2021-03-11
2021-05-30 21:44:05 03      SYY_BBG000BTVJ25_2021-03-11
2021-05-30 21:44:05 05      T_BBG000BSJK37_2021-03-11
2021-05-30 21:44:05 08      TAK_BBG000LF8708_2021-03-11
2021-05-30 21:44:05 09      TAL_BBG0016XJ8S0_2021-03-11
2021-05-30 21:44:05 11      TAP_BBG000BS7KS3_2021-03-11
2021-05-30 21:44:05 12      TCBI_BBG000DN4ZT1_2021-03-11
2021-05-30 21:44:05 13      TCBI: SPYKE!. Candle: ID:19, Time: 14:30, Close: 85.79
2021-05-30 21:44:05 14      TCMD_BBG001B12Z39_2021-03-11
2021-05-30 21:44:05 15      TCRR_BBG00FH3FM15_2021-03-11
2021-05-30 21:44:05 15      TCS_BBG005DXJS36_2021-03-11
2021-05-30 21:44:05 16      TCS: BuyPending. Strategy: MorningOpenStrategy. Price: 50.6. Lots: 4. ChangeOpenToCurrent: -2.50. ChangePrevCloseToCurrent: 0. Candle: ID:78, Time: 7:00, Close: 50.6.
2021-05-30 21:44:05 16      TCS: OrderID: b9f6e831. PlacedOrder. Status: New. RejectReason: 
2021-05-30 21:44:05 16      TCS: OrderID: b9f6e831 partially executed. Executed lots: 2. OrderStatus: 2/4 lots
2021-05-30 21:44:05 16      TCS: OrderID: b9f6e831 fully executed
2021-05-30 21:44:05 16      TCS: Buy more. Price: 49.55. Lots: 5. changeFromLastBuy: -2.08. Candle: ID:136, Time: 7:00, Close: 49.55.
2021-05-30 21:44:05 16      TCS: OrderID: 27c59c83. PlacedOrder. Status: New. RejectReason: 
2021-05-30 21:44:05 16      TCS: OrderID: 27c59c83 fully executed
2021-05-30 21:44:05 16      TCS: Morning closing. Close price: 50.06. Lots: 9. CandleChange: -0.02%. ChangeFromCandleHigh: -0.02%. Profit: 0.05(0.10%). Candle: ID:358, Time: 7:10, Close: 50.06
2021-05-30 21:44:05 16      TCS: OrderID: 9c1fa407. PlacedOrder. Status: New. RejectReason: 
2021-05-30 21:44:05 16      TCS: OrderID: 9c1fa407 partially executed. Executed lots: 1. OrderStatus: 1/9 lots
2021-05-30 21:44:05 16      TCS: OrderID: 9c1fa407 partially executed. Executed lots: 1. OrderStatus: 2/9 lots
2021-05-30 21:44:05 16      TCS: OrderID: 9c1fa407 fully executed
2021-05-30 21:44:05 17      TCX_BBG000L69KL5_2021-03-11
2021-05-30 21:44:05 17      TDC_BBG000R0L5J4_2021-03-11
2021-05-30 21:44:05 18      TDG_BBG000L8CBX4_2021-03-11
2021-05-30 21:44:05 18      TDOC_BBG0019T5SG0_2021-03-11
2021-05-30 21:44:05 21      TDS_BBG000BV0VK7_2021-03-11
2021-05-30 21:44:05 22      TDY_BBG000BMT9T6_2021-03-11
2021-05-30 21:44:05 23      TECH_BBG000C15114_2021-03-11
2021-05-30 21:44:05 24      TEL_BBG000RGM5P1_2021-03-11
2021-05-30 21:44:05 25      TENB_BBG00LBLCD02_2021-03-11
2021-05-30 21:44:05 26      TER_BBG000BV4DR6_2021-03-11
2021-05-30 21:44:05 29      TFC_BBG000BYYLS8_2021-03-11
2021-05-30 21:44:05 31      TFX_BBG000BV59Y6_2021-03-11
2021-05-30 21:44:05 32      TGNA_BBG000BK5DP1_2021-03-11
2021-05-30 21:44:05 32      TGT_BBG000H8TVT2_2021-03-11
2021-05-30 21:44:05 34      THG_BBG000FJH8W0_2021-03-11
2021-05-30 21:44:05 34      THO_BBG000BV6R84_2021-03-11
2021-05-30 21:44:05 35      THRM_BBG000BQLM34_2021-03-11
2021-05-30 21:44:05 35      THS_BBG000GQGJT4_2021-03-11
2021-05-30 21:44:05 36      TJX_BBG000BV8DN6_2021-03-11
2021-05-30 21:44:05 38      TKR_BBG000BV95H9_2021-03-11
2021-05-30 21:44:05 39      TMHC_BBG003PGJHP5_2021-03-11
2021-05-30 21:44:05 40      TMO_BBG000BVDLH9_2021-03-11
2021-05-30 21:44:05 41      TMUS_BBG000NDV1D4_2021-03-11
2021-05-30 21:44:05 45      TMX_BBG002WMH2F2_2021-03-11
2021-05-30 21:44:05 46      TNC_BBG000JCZJS2_2021-03-11
2021-05-30 21:44:05 46      TNDM_BBG0019V9M65_2021-03-11
2021-05-30 21:44:05 46      TNDM: SPYKE!. Candle: ID:112, Time: 14:40, Close: 85.98
2021-05-30 21:44:05 47      TNET_BBG000BR2040_2021-03-11
2021-05-30 21:44:05 47      TOL_BBG000BVHBM1_2021-03-11
2021-05-30 21:44:05 48      TOT_BBG000CHZ857_2021-03-11
2021-05-30 21:44:05 49      TPH_BBG0016YQTR5_2021-03-11
2021-05-30 21:44:05 50      TPIC_BBG0016MQ7C5_2021-03-11
2021-05-30 21:44:05 52      TPR_BBG000BY29C7_2021-03-11
2021-05-30 21:44:05 53      TPTX_BBG00NPL9WH7_2021-03-11
2021-05-30 21:44:05 54      TPTX: SPYKE!. Candle: ID:24, Time: 14:30, Close: 108.44
2021-05-30 21:44:05 54      TPX_BBG000PXGT62_2021-03-11
2021-05-30 21:44:05 55      TREE_BBG000TVRB50_2021-03-11
2021-05-30 21:44:05 56      TREX_BBG000BTGKK9_2021-03-11
2021-05-30 21:44:05 57      TRHC_BBG00BT7PPY8_2021-03-11
2021-05-30 21:44:05 58      TRIP_BBG001M8HHB7_2021-03-11
2021-05-30 21:44:05 61      TRMB_BBG000BNPS52_2021-03-11
2021-05-30 21:44:05 62      TROW_BBG000BVMPN3_2021-03-11
2021-05-30 21:44:05 63      TRU_BBG002Q7J5Z1_2021-03-11
2021-05-30 21:44:05 64      TRUP_BBG002BC7WC5_2021-03-11
2021-05-30 21:44:05 65      TRV_BBG000BJ81C1_2021-03-11
2021-05-30 21:44:05 67      TSCO_BBG000BLXZN1_2021-03-11
2021-05-30 21:44:05 70      TSLA_BBG000N9MNX3_2021-03-11
2021-05-30 21:44:06 01      TSM_BBG000BD8ZK0_2021-03-11
2021-05-30 21:44:06 08      TSN_BBG000DKCC19_2021-03-11
2021-05-30 21:44:06 10      TT_BBG000BM6788_2021-03-11
2021-05-30 21:44:06 10      TTC_BBG000BVQRY3_2021-03-11
2021-05-30 21:44:06 11      TTD_BBG00629NGT2_2021-03-11
2021-05-30 21:44:06 12      TTEK_BBG000BYZ0Q5_2021-03-11
2021-05-30 21:44:06 13      TTM_BBG000PVGDH9_2021-03-11
2021-05-30 21:44:06 14      TTMI_BBG000BYQ0B1_2021-03-11
2021-05-30 21:44:06 15      TTWO_BBG000BS1YV5_2021-03-11
2021-05-30 21:44:06 17      TW_BBG00NK8H8T2_2021-03-11
2021-05-30 21:44:06 17      TWLO_BBG0029ZX840_2021-03-11
2021-05-30 21:44:06 19      TWNK_BBG00B6KGNN1_2021-03-11
2021-05-30 21:44:06 19      TWOU_BBG001KS9450_2021-03-11
2021-05-30 21:44:06 21      TWTR_BBG000H6HNW3_2021-03-11
2021-05-30 21:44:06 29      TXG_BBG007WX14X0_2021-03-11
2021-05-30 21:44:06 31      TXN_BBG000BVV7G1_2021-03-11
2021-05-30 21:44:06 34      TXRH_BBG000PSJMV7_2021-03-11
2021-05-30 21:44:06 36      TXT_BBG000BVVQQ8_2021-03-11
2021-05-30 21:44:06 37      TYL_BBG000BVWZF9_2021-03-11
2021-05-30 21:44:06 38      UA_BBG009DTD8H2_2021-03-11
2021-05-30 21:44:06 39      UAA_BBG000BXM6V2_2021-03-11
2021-05-30 21:44:06 40      UAL_BBG000M65M61_2021-03-11
2021-05-30 21:44:06 46      UBER_BBG002B04MT8_2021-03-11
2021-05-30 21:44:06 50      UCTT_BBG000HSLV70_2021-03-11
2021-05-30 21:44:06 51      UDR_BBG000C41023_2021-03-11
2021-05-30 21:44:06 52      UFPI_BBG000BL0T06_2021-03-11
2021-05-30 21:44:06 53      UFS_BBG000BHFHP8_2021-03-11
2021-05-30 21:44:06 54      UGI_BBG000BVYN55_2021-03-11
2021-05-30 21:44:06 54      UHS_BBG000CB8Q50_2021-03-11
2021-05-30 21:44:06 55      UI_BBG001R72SR9_2021-03-11
2021-05-30 21:44:06 56      ULTA_BBG00FWQ4VD6_2021-03-11
2021-05-30 21:44:06 57      ULTA: SPYKE!. Candle: ID:3536, Time: 21:05, Close: 344.29
2021-05-30 21:44:06 57      UMBF_BBG000DD8WX1_2021-03-11
2021-05-30 21:44:06 58      UNF_BBG000BW29L1_2021-03-11
2021-05-30 21:44:06 59      UNH_BBG000CH5208_2021-03-11
2021-05-30 21:44:06 60      UNM_BBG000BW2QX0_2021-03-11
2021-05-30 21:44:06 61      UNP_BBG000BW3299_2021-03-11
2021-05-30 21:44:06 63      UNVR_BBG000BDHD29_2021-03-11
2021-05-30 21:44:06 63      UPS_BBG000L9CV04_2021-03-11
2021-05-30 21:44:06 65      UPWK_BBG00FBJ6390_2021-03-11
2021-05-30 21:44:06 67      URBN_BBG000BL79J3_2021-03-11
2021-05-30 21:44:06 68      URI_BBG000BXMFC3_2021-03-11
2021-05-30 21:44:06 69      USB_BBG000FFDM15_2021-03-11
2021-05-30 21:44:06 71      USFD_BBG00C6H6D40_2021-03-11
2021-05-30 21:44:06 72      USM_BBG000BW6P59_2021-03-11
2021-05-30 21:44:06 72      USNA_BBG000BX28M0_2021-03-11
2021-05-30 21:44:06 73      USPH_BBG000CSRSG6_2021-03-11
2021-05-30 21:44:06 73      UTHR_BBG000BV4XJ1_2021-03-11
2021-05-30 21:44:06 74      UTL_BBG000BW7X97_2021-03-11
2021-05-30 21:44:06 74      V_BBG000PSKYX7_2021-03-11
2021-05-30 21:44:06 78      VAC_BBG001J2R5H3_2021-03-11
2021-05-30 21:44:06 79      VALE_BBG000BN5LG7_2021-03-11
2021-05-30 21:44:06 81      VC_BBG0016T3GQ0_2021-03-11
2021-05-30 21:44:06 82      VCEL_BBG000BDCM24_2021-03-11
2021-05-30 21:44:06 83      VCRA_BBG00179VSY7_2021-03-11
2021-05-30 21:44:06 83      VCYT_BBG001J2M542_2021-03-11
2021-05-30 21:44:06 85      VEEV_BBG001CGB489_2021-03-11
2021-05-30 21:44:06 86      VEON_BBG000QCW561_2021-03-11
2021-05-30 21:44:06 88      VFC_BBG000BWCKB6_2021-03-11
2021-05-30 21:44:06 90      VG_BBG000BRB5D9_2021-03-11
2021-05-30 21:44:06 91      VIAC_BBG000C496P7_2021-03-11
2021-05-30 21:44:06 96      VICR_BBG000C3VHF1_2021-03-11
2021-05-30 21:44:06 97      VIE_BBG00K6P5XM1_2021-03-11
2021-05-30 21:44:06 97      VIPS_BBG002NLDLV8_2021-03-11
2021-05-30 21:44:06 99      VIR_BBG00H2QQ8T5_2021-03-11
2021-05-30 21:44:07 04      VIR: SPYKE!. Candle: ID:2, Time: 7:00, Close: 50
2021-05-30 21:44:07 04      VIR: SPYKE!. Candle: ID:3, Time: 7:00, Close: 50.36
2021-05-30 21:44:07 04      VIR: SPYKE!. Candle: ID:1712, Time: 9:05, Close: 59.99
2021-05-30 21:44:07 04      VIR: SPYKE!. Candle: ID:2971, Time: 10:05, Close: 60.16
2021-05-30 21:44:07 04      VIR: SPYKE!. Candle: ID:4934, Time: 11:35, Close: 68.2
2021-05-30 21:44:07 04      VIR: SPYKE!. Candle: ID:4938, Time: 11:35, Close: 66.56
2021-05-30 21:44:07 04      VIR: SPYKE!. Candle: ID:4939, Time: 11:35, Close: 65.26
2021-05-30 21:44:07 04      VIR: SPYKE!. Candle: ID:4947, Time: 11:35, Close: 68
2021-05-30 21:44:07 04      VIR: SPYKE!. Candle: ID:4949, Time: 11:35, Close: 70
2021-05-30 21:44:07 04      VIR: SPYKE!. Candle: ID:5509, Time: 12:10, Close: 69
2021-05-30 21:44:07 04      VIR: SPYKE!. Candle: ID:5510, Time: 12:10, Close: 72.94
2021-05-30 21:44:07 04      VIR: SPYKE!. Candle: ID:8461, Time: 13:25, Close: 68.5
2021-05-30 21:44:07 04      VIR: SPYKE!. Candle: ID:8462, Time: 13:25, Close: 71.95
2021-05-30 21:44:07 04      VIR: SPYKE!. Candle: ID:8502, Time: 13:25, Close: 67.1
2021-05-30 21:44:07 05      VIR: SPYKE!. Candle: ID:10895, Time: 14:30, Close: 68.05
2021-05-30 21:44:07 05      VIR: SPYKE!. Candle: ID:11250, Time: 14:30, Close: 65.53
2021-05-30 21:44:07 05      VIR: SPYKE!. Candle: ID:11269, Time: 14:30, Close: 65.32
2021-05-30 21:44:07 05      VIR: SPYKE!. Candle: ID:11325, Time: 14:30, Close: 65.25
2021-05-30 21:44:07 05      VIR: SPYKE!. Candle: ID:11334, Time: 14:30, Close: 65.9
2021-05-30 21:44:07 05      VIR: SPYKE!. Candle: ID:11335, Time: 14:30, Close: 65.9
2021-05-30 21:44:07 05      VIR: SPYKE!. Candle: ID:11367, Time: 14:30, Close: 65.29
2021-05-30 21:44:07 05      VIR: SPYKE!. Candle: ID:11377, Time: 14:30, Close: 65.05
2021-05-30 21:44:07 05      VIR: SPYKE!. Candle: ID:11428, Time: 14:30, Close: 63.37
2021-05-30 21:44:07 05      VIR: SPYKE!. Candle: ID:11432, Time: 14:30, Close: 60.21
2021-05-30 21:44:07 05      VIR: SPYKE!. Candle: ID:11434, Time: 14:30, Close: 60.2
2021-05-30 21:44:07 07      VLO_BBG000BBGGQ1_2021-03-11
2021-05-30 21:44:07 09      VMC_BBG000BWGYF8_2021-03-11
2021-05-30 21:44:07 10      VMI_BBG000BWB7V4_2021-03-11
2021-05-30 21:44:07 10      VMW_BBG000BC9938_2021-03-11
2021-05-30 21:44:07 11      VNDA_BBG000HT5MG6_2021-03-11
2021-05-30 21:44:07 12      VNE_BBG00K4MPP27_2021-03-11
2021-05-30 21:44:07 12      VNO_BBG000BWHD54_2021-03-11
2021-05-30 21:44:07 13      VNT_BBG00RRGSJR4_2021-03-11
2021-05-30 21:44:07 14      VPG_BBG000PRQ0V9_2021-03-11
2021-05-30 21:44:07 15      VREX_BBG00CZNLR47_2021-03-11
2021-05-30 21:44:07 15      VRNS_BBG001Y04TN6_2021-03-11
2021-05-30 21:44:07 16      VRNT_BBG000BCBYT2_2021-03-11
2021-05-30 21:44:07 16      VRSK_BBG000BCZL41_2021-03-11
2021-05-30 21:44:07 18      VRSN_BBG000BGKHZ3_2021-03-11
2021-05-30 21:44:07 19      VRTS_BBG000DMFQS2_2021-03-11
2021-05-30 21:44:07 20      VRTV_BBG005XZHR97_2021-03-11
2021-05-30 21:44:07 20      VRTX_BBG000C1S2X2_2021-03-11
2021-05-30 21:44:07 22      VTR_BBG000FRVHB9_2021-03-11
2021-05-30 21:44:07 23      VTRS_BBG00Y4RQNH4_2021-03-11
2021-05-30 21:44:07 26      VZ_BBG000HS77T5_2021-03-11
2021-05-30 21:44:07 30      W_BBG001B17MV2_2021-03-11
2021-05-30 21:44:07 31      WAB_BBG000BDD940_2021-03-11
2021-05-30 21:44:07 32      WAL_BBG000Q1KFH4_2021-03-11
2021-05-30 21:44:07 32      WAT_BBG000FQRVM3_2021-03-11
2021-05-30 21:44:07 33      WB_BBG0065XPGX9_2021-03-11
2021-05-30 21:44:07 34      WBA_BBG000BWLMJ4_2021-03-11
2021-05-30 21:44:07 37      WCC_BBG000D0FNV3_2021-03-11
2021-05-30 21:44:07 38      WDAY_BBG000VC0T95_2021-03-11
2021-05-30 21:44:07 40      WDC_BBG000BWNFZ9_2021-03-11
2021-05-30 21:44:07 43      WDFC_BBG000BWNV93_2021-03-11
2021-05-30 21:44:07 44      WEC_BBG000BWP7D9_2021-03-11
2021-05-30 21:44:07 45      WELL_BBG000BKY1G5_2021-03-11
2021-05-30 21:44:07 46      WERN_BBG000BWPP85_2021-03-11
2021-05-30 21:44:07 47      WEX_BBG000BVZP59_2021-03-11
2021-05-30 21:44:07 48      WFC_BBG000BWQFY7_2021-03-11
2021-05-30 21:44:07 52      WGO_BBG000BWS3F3_2021-03-11
2021-05-30 21:44:07 53      WH_BBG00HCY3Q67_2021-03-11
2021-05-30 21:44:07 53      WHD_BBG00JRH1P95_2021-03-11
2021-05-30 21:44:07 54      WHR_BBG000BWSV34_2021-03-11
2021-05-30 21:44:07 54      WING_BBG008N298Y8_2021-03-11
2021-05-30 21:44:07 55      WK_BBG007BVZ8H9_2021-03-11
2021-05-30 21:44:07 56      WLK_BBG000PXZFW2_2021-03-11
2021-05-30 21:44:07 57      WLTW_BBG000DB3KT1_2021-03-11
2021-05-30 21:44:07 58      WM_BBG000BWVSR1_2021-03-11
2021-05-30 21:44:07 59      WMB_BBG000BWVCP8_2021-03-11
2021-05-30 21:44:07 61      WMT_BBG000BWXBC2_2021-03-11
2021-05-30 21:44:07 64      WOR_BBG000HL7499_2021-03-11
2021-05-30 21:44:07 65      WORK_BBG007G7V505_2021-03-11
2021-05-30 21:44:07 66      WRB_BBG000BD1HP2_2021-03-11
2021-05-30 21:44:07 67      WRK_BBG008NXC572_2021-03-11
2021-05-30 21:44:07 68      WRLD_BBG000C3G9J2_2021-03-11
2021-05-30 21:44:07 68      WSC_BBG00B0FS947_2021-03-11
2021-05-30 21:44:07 69      WSM_BBG000FSMWC3_2021-03-11
2021-05-30 21:44:07 70      WSO_BBG000DJN7L9_2021-03-11
2021-05-30 21:44:07 71      WST_BBG000BX24N8_2021-03-11
2021-05-30 21:44:07 71      WTFC_BBG000HD3DW5_2021-03-11
2021-05-30 21:44:07 72      WTS_BBG000C4Z6C2_2021-03-11
2021-05-30 21:44:07 72      WTTR_BBG00G4Y2DC1_2021-03-11
2021-05-30 21:44:07 73      WTTR: SPYKE!. Candle: ID:31, Time: 7:10, Close: 6.75
2021-05-30 21:44:07 73      WU_BBG000BB5373_2021-03-11
2021-05-30 21:44:07 74      WWD_BBG000BD53V2_2021-03-11
2021-05-30 21:44:07 75      WWE_BBG000F5YH15_2021-03-11
2021-05-30 21:44:07 76      WWW_BBG000BX2YN2_2021-03-11
2021-05-30 21:44:07 76      WY_BBG000BX3BL3_2021-03-11
2021-05-30 21:44:07 78      WYNN_BBG000LD9JQ8_2021-03-11
2021-05-30 21:44:07 80      XEC_BBG000D6L294_2021-03-11
2021-05-30 21:44:07 81      XEL_BBG000BCTQ65_2021-03-11
2021-05-30 21:44:07 83      XLNX_BBG000C0F570_2021-03-11
2021-05-30 21:44:07 88      XLRN_BBG000R5HWZ1_2021-03-11
2021-05-30 21:44:07 89      XNCR_BBG0026ZG4W0_2021-03-11
2021-05-30 21:44:07 90      XOM_BBG000GZQ728_2021-03-11
2021-05-30 21:44:07 94      XPO_BBG000L5CJF3_2021-03-11
2021-05-30 21:44:07 96      XRAY_BBG000BX57K1_2021-03-11
2021-05-30 21:44:07 97      XRX_BBG00NNG2ZJ8_2021-03-11
2021-05-30 21:44:07 98      XYL_BBG001D8R5D0_2021-03-11
2021-05-30 21:44:07 98      Y_BBG000BX6BJ3_2021-03-11
2021-05-30 21:44:07 99      YELP_BBG000Q2HM09_2021-03-11
2021-05-30 21:44:07 99      YETI_BBG00D8JC882_2021-03-11
2021-05-30 21:44:08 00      YEXT_BBG001MKZGY7_2021-03-11
2021-05-30 21:44:08 01      YUM_BBG000BH3GZ2_2021-03-11
2021-05-30 21:44:08 03      YUMC_BBG00B8N0HG1_2021-03-11
2021-05-30 21:44:08 04      YY_BBG003H0XV18_2021-03-11
2021-05-30 21:44:08 06      Z_BBG009NRSWJ4_2021-03-11
2021-05-30 21:44:08 09      ZBH_BBG000BKPL53_2021-03-11
2021-05-30 21:44:08 10      ZBRA_BBG000CC7LQ7_2021-03-11
2021-05-30 21:44:08 11      ZEN_BBG001HRFJG4_2021-03-11
2021-05-30 21:44:08 12      ZG_BBG000D13GN8_2021-03-11
2021-05-30 21:44:08 13      ZGNX_BBG000VDC3G9_2021-03-11
2021-05-30 21:44:08 14      ZI_BBG00S1HJ3M8_2021-03-11
2021-05-30 21:44:08 16      ZION_BBG000BX9WL1_2021-03-11
2021-05-30 21:44:08 17      ZM_BBG0042V6JM8_2021-03-11
2021-05-30 21:44:08 21      ZNH_BBG000BXQ7R1_2021-03-11
2021-05-30 21:44:08 21      ZS_BBG003338H34_2021-03-11
2021-05-30 21:44:08 23      ZTS_BBG0039320N9_2021-03-11
2021-05-30 21:44:08 24      ZUMZ_BBG000PYX812_2021-03-11
2021-05-30 21:44:08 25      ZUO_BBG000BT3HG5_2021-03-11
2021-05-30 21:44:08 26      ZYNE_BBG007BBS8B7_2021-03-11
2021-05-30 21:44:08 31      ZYXI_BBG000BJBXZ2_2021-03-11
2021-05-30 21:44:08 33      Total candles read: 5004662
2021-05-30 21:44:08 34      Start DisposeAsync...
2021-05-30 21:44:08 34      Trade statistic. Total/Pos/Neg: 7/6/0; Profit: 17.83; Volume: 0; MaxVolume: 701.01; Commission: 1.654655;
2021-05-30 21:44:08 34      BaseBot::DisposeAsync...
2021-05-30 21:44:08 34      BaseBot::DisposeAsync done!
2021-05-30 21:44:08 34      End DisposeAsync...
