2021-05-30 21:43:10 30      mode=TestTradeBot;DumpQuotes=false;SubscribeQuotes=false;Strategies=MorningOpenStrategy;Token=token.txt;ConfigPath=usd.json;CandlesPath=C:\tinkoff\TestData\RawQuotes\5m\uncompressed\new\quotes_2021-02-26;
2021-05-30 21:43:10 31      Trade bot created
2021-05-30 21:43:10 33      Fake connection created
2021-05-30 21:43:10 99      List of disabled tickers: 
2021-05-30 21:43:11 00      AA_BBG00B3T3HD3_2021-02-26
2021-05-30 21:43:11 07      AAL_BBG005P7Q881_2021-02-26
2021-05-30 21:43:11 11      AAL: BuyPending. Strategy: MorningOpenStrategy. Price: 20.18. Lots: 12. ChangeOpenToCurrent: 0. ChangePrevCloseToCurrent: -2.04. Candle: ID:26, Time: 7:00, Close: 20.18.
2021-05-30 21:43:11 11      AAL: OrderID: e51ba49b. PlacedOrder. Status: New. RejectReason: 
2021-05-30 21:43:11 11      AAL: OrderID: e51ba49b fully executed
2021-05-30 21:43:11 12      AAL: Morning closing by timeout. Close price: 19.93. Lots: 12. Profit: -0.25(-1.24%). Candle: ID:411, Time: 7:20, Close: 19.93
2021-05-30 21:43:11 12      AAL: OrderID: 74753392. PlacedOrder. Status: New. RejectReason: 
2021-05-30 21:43:11 12      AAL: OrderID: 74753392 partially executed. Executed lots: 1. OrderStatus: 1/12 lots
2021-05-30 21:43:11 12      AAL: OrderID: 74753392 fully executed
2021-05-30 21:43:11 17      AAPL_BBG000B9XRY4_2021-02-26
2021-05-30 21:43:11 78      ABBV_BBG0025Y4RY4_2021-02-26
2021-05-30 21:43:11 84      ABNB_BBG001Y2XS07_2021-02-26
2021-05-30 21:43:11 89      ABNB: SPYKE!. Candle: ID:624, Time: 12:50, Close: 182
2021-05-30 21:43:11 94      ABT_BBG000B9ZXB4_2021-02-26
2021-05-30 21:43:11 98      ACAD_BBG000BHG9K0_2021-02-26
2021-05-30 21:43:11 99      ACH_BBG000CMRVH1_2021-02-26
2021-05-30 21:43:12 00      ADBE_BBG000BB5006_2021-02-26
2021-05-30 21:43:12 06      ADM_BBG000BB6WG8_2021-02-26
2021-05-30 21:43:12 08      ADP_BBG000JG0547_2021-02-26
2021-05-30 21:43:12 12      ADSK_BBG000BM7HL0_2021-02-26
2021-05-30 21:43:12 15      AES_BBG000C23KJ3_2021-02-26
2021-05-30 21:43:12 18      AFL_BBG000BBBNC6_2021-02-26
2021-05-30 21:43:12 21      AIG_BBG000BBDZG3_2021-02-26
2021-05-30 21:43:12 24      AKAM_BBG000BJQWD2_2021-02-26
2021-05-30 21:43:12 27      ALK_BBG000BBL0Y1_2021-02-26
2021-05-30 21:43:12 29      ALL_BBG000BVMGF2_2021-02-26
2021-05-30 21:43:12 32      ALXN_BBG000G30YX4_2021-02-26
2021-05-30 21:43:12 34      AMAT_BBG000BBPFB9_2021-02-26
2021-05-30 21:43:12 41      AMCX_BBG000H01H92_2021-02-26
2021-05-30 21:43:12 44      AMD_BBG000BBQCY0_2021-02-26
2021-05-30 21:43:12 56      AMD: BuyPending. Strategy: MorningOpenStrategy. Price: 80. Lots: 3. ChangeOpenToCurrent: -1.54. ChangePrevCloseToCurrent: -2.50. Candle: ID:12, Time: 7:00, Close: 80.
2021-05-30 21:43:12 56      AMD: OrderID: 2d738306. PlacedOrder. Status: New. RejectReason: 
2021-05-30 21:43:12 56      AMD: OrderID: 2d738306 partially executed. Executed lots: 1. OrderStatus: 1/3 lots
2021-05-30 21:43:12 56      AMD: OrderID: 2d738306 fully executed
2021-05-30 21:43:12 56      AMD: Morning closing. Close price: 80.81. Lots: 3. CandleChange: -0.16%. ChangeFromCandleHigh: -0.23%. Profit: 0.81(1.01%). Candle: ID:292, Time: 7:05, Close: 80.81
2021-05-30 21:43:12 56      AMD: OrderID: edc5ac1d. PlacedOrder. Status: New. RejectReason: 
2021-05-30 21:43:12 56      AMD: OrderID: edc5ac1d partially executed. Executed lots: 1. OrderStatus: 1/3 lots
2021-05-30 21:43:12 56      AMD: OrderID: edc5ac1d fully executed
2021-05-30 21:43:12 66      AMGN_BBG000BBS2Y0_2021-02-26
2021-05-30 21:43:12 69      AMZN_BBG000BVPV84_2021-02-26
2021-05-30 21:43:12 80      ANGI_BBG00HVKH3Q0_2021-02-26
2021-05-30 21:43:12 82      APA_BBG000BC2C10_2021-02-26
2021-05-30 21:43:12 82      Warning: figi `BBG000BC2C10` for history data does not match actual figi `BBG00YTS96G2`. Ticker: APA. Will be used actual!
2021-05-30 21:43:12 84      APA: BuyPending. Strategy: MorningOpenStrategy. Price: 19.56. Lots: 12. ChangeOpenToCurrent: -1.61. ChangePrevCloseToCurrent: -2.20. Candle: ID:9, Time: 7:00, Close: 19.56.
2021-05-30 21:43:12 84      APA: OrderID: 52ac0eca. PlacedOrder. Status: New. RejectReason: 
2021-05-30 21:43:12 84      APA: Cancel order. Did not bought at market open. Candle: ID:22, Time: 7:05, Close: 19.78
2021-05-30 21:43:12 84      OrderID: 52ac0eca successfully canceled
2021-05-30 21:43:12 86      APLE_BBG006473QX9_2021-02-26
2021-05-30 21:43:12 87      APTV_BBG001QD41M9_2021-02-26
2021-05-30 21:43:12 89      ARCT_BBG00NNW8JK1_2021-02-26
2021-05-30 21:43:12 91      ARCT: BuyPending. Strategy: MorningOpenStrategy. Price: 50.31. Lots: 4. ChangeOpenToCurrent: -2.48. ChangePrevCloseToCurrent: -2.48. Candle: ID:11, Time: 7:00, Close: 50.31.
2021-05-30 21:43:12 91      ARCT: OrderID: 7bf31811. PlacedOrder. Status: New. RejectReason: 
2021-05-30 21:43:12 91      ARCT: OrderID: 7bf31811 fully executed
2021-05-30 21:43:12 91      ARCT: Morning closing by timeout. Close price: 49.7. Lots: 4. Profit: -0.61(-1.21%). Candle: ID:177, Time: 7:20, Close: 49.7
2021-05-30 21:43:12 91      ARCT: OrderID: 82c6347f. PlacedOrder. Status: New. RejectReason: 
2021-05-30 21:43:12 91      ARCT: OrderID: 82c6347f partially executed. Executed lots: 1. OrderStatus: 1/4 lots
2021-05-30 21:43:12 91      ARCT: OrderID: 82c6347f fully executed
2021-05-30 21:43:12 92      ARMK_BBG001KY4N87_2021-02-26
2021-05-30 21:43:12 93      ARWR_BBG000BRVKH0_2021-02-26
2021-05-30 21:43:12 95      ATRA_BBG005Q3MQY4_2021-02-26
2021-05-30 21:43:12 97      ATUS_BBG00GFMPRK0_2021-02-26
2021-05-30 21:43:12 98      ATVI_BBG000CVWGS6_2021-02-26
2021-05-30 21:43:13 01      ATVI: BuyPending. Strategy: MorningOpenStrategy. Price: 93. Lots: 2. ChangeOpenToCurrent: -0.60. ChangePrevCloseToCurrent: -2.09. Candle: ID:26, Time: 7:00, Close: 93.
2021-05-30 21:43:13 01      ATVI: OrderID: 5ee0257a. PlacedOrder. Status: New. RejectReason: 
2021-05-30 21:43:13 01      ATVI: OrderID: 5ee0257a fully executed
2021-05-30 21:43:13 01      ATVI: Morning closing by timeout. Close price: 93.2. Lots: 2. Profit: 0.20(0.22%). Candle: ID:118, Time: 7:20, Close: 93.2
2021-05-30 21:43:13 01      ATVI: OrderID: b6d9272d. PlacedOrder. Status: New. RejectReason: 
2021-05-30 21:43:13 01      ATVI: OrderID: b6d9272d fully executed
2021-05-30 21:43:13 03      AVGO_BBG00KHY5S69_2021-02-26
2021-05-30 21:43:13 07      AXP_BBG000BCQZS4_2021-02-26
2021-05-30 21:43:13 10      BA_BBG000BCSST7_2021-02-26
2021-05-30 21:43:13 16      BABA_BBG006G2JVL2_2021-02-26
2021-05-30 21:43:13 29      BAC_BBG000BCTLF6_2021-02-26
2021-05-30 21:43:13 37      BAX_BBG000BCVJ77_2021-02-26
2021-05-30 21:43:13 41      BBBY_BBG000CSY9H9_2021-02-26
2021-05-30 21:43:13 42      BBBY: BuyPending. Strategy: MorningOpenStrategy. Price: 25.71. Lots: 9. ChangeOpenToCurrent: -1.15. ChangePrevCloseToCurrent: -2.21. Candle: ID:12, Time: 7:00, Close: 25.71.
2021-05-30 21:43:13 42      BBBY: OrderID: a0c650d2. PlacedOrder. Status: New. RejectReason: 
2021-05-30 21:43:13 42      BBBY: OrderID: a0c650d2 partially executed. Executed lots: 1. OrderStatus: 1/9 lots
2021-05-30 21:43:13 42      BBBY: OrderID: a0c650d2 partially executed. Executed lots: 2. OrderStatus: 3/9 lots
2021-05-30 21:43:13 42      BBBY: OrderID: a0c650d2 fully executed
2021-05-30 21:43:13 42      BBBY: Morning closing by timeout. Close price: 25.49. Lots: 9. Profit: -0.22(-0.86%). Candle: ID:103, Time: 7:20, Close: 25.49
2021-05-30 21:43:13 42      BBBY: OrderID: c2c7229c. PlacedOrder. Status: New. RejectReason: 
2021-05-30 21:43:13 42      BBBY: OrderID: c2c7229c partially executed. Executed lots: 1. OrderStatus: 1/9 lots
2021-05-30 21:43:13 42      BBBY: OrderID: c2c7229c partially executed. Executed lots: 1. OrderStatus: 2/9 lots
2021-05-30 21:43:13 42      BBBY: OrderID: c2c7229c partially executed. Executed lots: 1. OrderStatus: 3/9 lots
2021-05-30 21:43:13 42      BBBY: OrderID: c2c7229c partially executed. Executed lots: 3. OrderStatus: 6/9 lots
2021-05-30 21:43:13 42      BBBY: OrderID: c2c7229c fully executed
2021-05-30 21:43:13 44      BBY_BBG000BCWCG1_2021-02-26
2021-05-30 21:43:13 49      BEN_BBG000BD0TF8_2021-02-26
2021-05-30 21:43:13 51      BHF_BBG00DYPZ4T0_2021-02-26
2021-05-30 21:43:13 52      BIDU_BBG000QXWHD1_2021-02-26
2021-05-30 21:43:13 59      BIDU: BuyPending. Strategy: MorningOpenStrategy. Price: 280.1. Lots: 1. ChangeOpenToCurrent: -0.53. ChangePrevCloseToCurrent: -3.41. Candle: ID:9, Time: 7:00, Close: 280.1.
2021-05-30 21:43:13 59      BIDU: OrderID: 54b7e3fd. PlacedOrder. Status: New. RejectReason: 
2021-05-30 21:43:13 59      BIDU: OrderID: 54b7e3fd fully executed
2021-05-30 21:43:13 59      BIDU: Morning closing by timeout. Close price: 274.55. Lots: 1. Profit: -5.55(-1.98%). Candle: ID:804, Time: 7:20, Close: 274.55
2021-05-30 21:43:13 59      BIDU: OrderID: ae2eef1a. PlacedOrder. Status: New. RejectReason: 
2021-05-30 21:43:13 59      BIDU: OrderID: ae2eef1a fully executed
2021-05-30 21:43:13 66      BIIB_BBG000C17X76_2021-02-26
2021-05-30 21:43:13 70      BILI_BBG00K7T3037_2021-02-26
2021-05-30 21:43:13 76      BILI: BuyPending. Strategy: MorningOpenStrategy. Price: 125. Lots: 2. ChangeOpenToCurrent: -0.15. ChangePrevCloseToCurrent: -3.33. Candle: ID:16, Time: 7:00, Close: 125.
2021-05-30 21:43:13 76      BILI: OrderID: ea896e4a. PlacedOrder. Status: New. RejectReason: 
2021-05-30 21:43:13 76      BILI: OrderID: ea896e4a fully executed
2021-05-30 21:43:13 76      BILI: Morning closing by timeout. Close price: 124.95. Lots: 2. Profit: -0.05(-0.04%). Candle: ID:159, Time: 7:25, Close: 124.95
2021-05-30 21:43:13 76      BILI: OrderID: 96369674. PlacedOrder. Status: New. RejectReason: 
2021-05-30 21:43:13 76      BILI: OrderID: 96369674 partially executed. Executed lots: 1. OrderStatus: 1/2 lots
2021-05-30 21:43:13 76      BILI: OrderID: 96369674 fully executed
2021-05-30 21:43:13 79      BK_BBG000BD8PN9_2021-02-26
2021-05-30 21:43:13 82      BKR_BBG00GBVBK51_2021-02-26
2021-05-30 21:43:13 85      BLDR_BBG000BKD3K9_2021-02-26
2021-05-30 21:43:13 89      BLUE_BBG000QGWY50_2021-02-26
2021-05-30 21:43:13 96      BMRN_BBG000CZWZ05_2021-02-26
2021-05-30 21:43:13 99      BMY_BBG000DQLV23_2021-02-26
2021-05-30 21:43:14 03      BRK.B_BBG000DWG505_2021-02-26
2021-05-30 21:43:14 09      BSX_BBG000C0LW92_2021-02-26
2021-05-30 21:43:14 12      BTI_BBG000BWPXQ8_2021-02-26
2021-05-30 21:43:14 16      BUD_BBG000RYC984_2021-02-26
2021-05-30 21:43:14 18      BWA_BBG000BJ49H3_2021-02-26
2021-05-30 21:43:14 20      BYND_BBG003CVJP50_2021-02-26
2021-05-30 21:43:14 29      BZUN_BBG008HNS333_2021-02-26
2021-05-30 21:43:14 30      C_BBG000FY4S11_2021-02-26
2021-05-30 21:43:14 40      CAG_BBG000BDXGP9_2021-02-26
2021-05-30 21:43:14 43      CAH_BBG000D898T9_2021-02-26
2021-05-30 21:43:14 45      CARG_BBG00HQ77DS2_2021-02-26
2021-05-30 21:43:14 46      CARR_BBG00RP5HYS8_2021-02-26
2021-05-30 21:43:14 48      CAT_BBG000BF0K17_2021-02-26
2021-05-30 21:43:14 51      CB_BBG000BR14K5_2021-02-26
2021-05-30 21:43:14 53      CBRE_BBG000C04224_2021-02-26
2021-05-30 21:43:14 53      CBRE: SPYKE!. Candle: ID:35, Time: 13:25, Close: 70.72
2021-05-30 21:43:14 54      CCL_BBG000BF6LY3_2021-02-26
2021-05-30 21:43:14 63      CCL: BuyPending. Strategy: MorningOpenStrategy. Price: 24.81. Lots: 10. ChangeOpenToCurrent: -2.05. ChangePrevCloseToCurrent: -2.05. Candle: ID:20, Time: 7:00, Close: 24.81.
2021-05-30 21:43:14 63      CCL: OrderID: 93e891c5. PlacedOrder. Status: New. RejectReason: 
2021-05-30 21:43:14 63      CCL: OrderID: 93e891c5 partially executed. Executed lots: 4. OrderStatus: 4/10 lots
2021-05-30 21:43:14 63      CCL: OrderID: 93e891c5 partially executed. Executed lots: 1. OrderStatus: 5/10 lots
2021-05-30 21:43:14 63      CCL: OrderID: 93e891c5 partially executed. Executed lots: 4. OrderStatus: 9/10 lots
2021-05-30 21:43:14 63      CCL: OrderID: 93e891c5 fully executed
2021-05-30 21:43:14 63      CCL: Morning closing by timeout. Close price: 24.74. Lots: 10. Profit: -0.07(-0.28%). Candle: ID:612, Time: 7:20, Close: 24.74
2021-05-30 21:43:14 63      CCL: OrderID: e9bd9200. PlacedOrder. Status: New. RejectReason: 
2021-05-30 21:43:14 63      CCL: OrderID: e9bd9200 partially executed. Executed lots: 3. OrderStatus: 3/10 lots
2021-05-30 21:43:14 63      CCL: OrderID: e9bd9200 fully executed
2021-05-30 21:43:14 68      CDNS_BBG000C13CD9_2021-02-26
2021-05-30 21:43:14 72      CDW_BBG001P63B80_2021-02-26
2021-05-30 21:43:14 74      CERN_BBG000BFDLV8_2021-02-26
2021-05-30 21:43:14 78      CF_BBG000BWJFZ4_2021-02-26
2021-05-30 21:43:14 80      CFG_BBG006Q0HY77_2021-02-26
2021-05-30 21:43:14 85      CGNX_BBG000BPBVW5_2021-02-26
2021-05-30 21:43:14 87      CHEF_BBG001MFW6D6_2021-02-26
2021-05-30 21:43:14 88      CHGG_BBG0014XR0N5_2021-02-26
2021-05-30 21:43:14 90      CHNG_BBG0059KNH10_2021-02-26
2021-05-30 21:43:14 91      CHRW_BBG000BTCH57_2021-02-26
2021-05-30 21:43:14 93      CHTR_BBG000VPGNR2_2021-02-26
2021-05-30 21:43:14 95      CHX_BBG00JH9TZ56_2021-02-26
2021-05-30 21:43:14 97      CIEN_BBG000BP1152_2021-02-26
2021-05-30 21:43:14 98      CINF_BBG000BFPK65_2021-02-26
2021-05-30 21:43:15 00      CL_BBG000BFQYY3_2021-02-26
2021-05-30 21:43:15 03      CLF_BBG000BFRF55_2021-02-26
2021-05-30 21:43:15 05      CLF: BuyPending. Strategy: MorningOpenStrategy. Price: 14.1. Lots: 17. ChangeOpenToCurrent: -1.88. ChangePrevCloseToCurrent: -2.15. Candle: ID:9, Time: 7:00, Close: 14.1.
2021-05-30 21:43:15 06      CLF: OrderID: 32fba367. PlacedOrder. Status: New. RejectReason: 
2021-05-30 21:43:15 06      CLF: OrderID: 32fba367 partially executed. Executed lots: 12. OrderStatus: 12/17 lots
2021-05-30 21:43:15 06      CLF: OrderID: 32fba367 fully executed
2021-05-30 21:43:15 06      CLF: Morning closing. Close price: 14.33. Lots: 17. CandleChange: -0.07%. ChangeFromCandleHigh: -0.07%. Profit: 0.23(1.63%). Candle: ID:90, Time: 7:35, Close: 14.33
2021-05-30 21:43:15 06      CLF: OrderID: dec460c6. PlacedOrder. Status: New. RejectReason: 
2021-05-30 21:43:15 06      CLF: OrderID: dec460c6 partially executed. Executed lots: 5. OrderStatus: 5/17 lots
2021-05-30 21:43:15 06      CLF: OrderID: dec460c6 partially executed. Executed lots: 3. OrderStatus: 8/17 lots
2021-05-30 21:43:15 06      CLF: OrderID: dec460c6 partially executed. Executed lots: 3. OrderStatus: 11/17 lots
2021-05-30 21:43:15 06      CLF: OrderID: dec460c6 partially executed. Executed lots: 2. OrderStatus: 13/17 lots
2021-05-30 21:43:15 06      CLF: OrderID: dec460c6 partially executed. Executed lots: 1. OrderStatus: 14/17 lots
2021-05-30 21:43:15 06      CLF: OrderID: dec460c6 partially executed. Executed lots: 2. OrderStatus: 16/17 lots
2021-05-30 21:43:15 06      CLF: OrderID: dec460c6 fully executed
2021-05-30 21:43:15 08      CLR_BBG000BHBGN6_2021-02-26
2021-05-30 21:43:15 10      CMA_BBG000C75N77_2021-02-26
2021-05-30 21:43:15 11      CMCSA_BBG000BFT2L4_2021-02-26
2021-05-30 21:43:15 21      CME_BBG000BHLYP4_2021-02-26
2021-05-30 21:43:15 26      CMS_BBG000BFVXX0_2021-02-26
2021-05-30 21:43:15 28      CNC_BBG000BDXCJ5_2021-02-26
2021-05-30 21:43:15 31      CNK_BBG000QDVR53_2021-02-26
2021-05-30 21:43:15 32      CNK: BuyPending. Strategy: MorningOpenStrategy. Price: 22.55. Lots: 11. ChangeOpenToCurrent: -1.83. ChangePrevCloseToCurrent: -2.04. Candle: ID:10, Time: 7:00, Close: 22.55.
2021-05-30 21:43:15 32      CNK: OrderID: 7e047ff2. PlacedOrder. Status: New. RejectReason: 
2021-05-30 21:43:15 32      CNK: OrderID: 7e047ff2 partially executed. Executed lots: 1. OrderStatus: 1/11 lots
2021-05-30 21:43:15 32      CNK: OrderID: 7e047ff2 fully executed
2021-05-30 21:43:15 32      CNK: Buy more. Price: 22.09. Lots: 11. changeFromLastBuy: -2.04. Candle: ID:42, Time: 7:00, Close: 22.09.
2021-05-30 21:43:15 32      CNK: OrderID: fa4b1e8b. PlacedOrder. Status: New. RejectReason: 
2021-05-30 21:43:15 32      CNK: OrderID: fa4b1e8b fully executed
2021-05-30 21:43:15 33      CNK: Morning closing. Close price: 22.6. Lots: 22. CandleChange: 1.12%. ChangeFromCandleHigh: -1.14%. Profit: 0.28(1.25%). Candle: ID:195, Time: 7:05, Close: 22.6
2021-05-30 21:43:15 33      CNK: OrderID: 99e41b07. PlacedOrder. Status: New. RejectReason: 
2021-05-30 21:43:15 33      CNK: OrderID: 99e41b07 partially executed. Executed lots: 11. OrderStatus: 11/22 lots
2021-05-30 21:43:15 33      CNK: OrderID: 99e41b07 partially executed. Executed lots: 1. OrderStatus: 12/22 lots
2021-05-30 21:43:15 33      CNK: OrderID: 99e41b07 partially executed. Executed lots: 5. OrderStatus: 17/22 lots
2021-05-30 21:43:15 33      CNK: OrderID: 99e41b07 fully executed
2021-05-30 21:43:15 35      CNP_BBG000FDBX90_2021-02-26
2021-05-30 21:43:15 38      COF_BBG000BGKTF9_2021-02-26
2021-05-30 21:43:15 42      COG_BBG000C3GN47_2021-02-26
2021-05-30 21:43:15 44      COP_BBG000BQQH30_2021-02-26
2021-05-30 21:43:15 52      CORT_BBG000BKJG33_2021-02-26
2021-05-30 21:43:15 53      COST_BBG000F6H8W8_2021-02-26
2021-05-30 21:43:15 57      COTY_BBG000F395V1_2021-02-26
2021-05-30 21:43:15 58      COTY: BuyPending. Strategy: MorningOpenStrategy. Price: 7.59. Lots: 32. ChangeOpenToCurrent: -0.78. ChangePrevCloseToCurrent: -2.06. Candle: ID:9, Time: 7:00, Close: 7.59.
2021-05-30 21:43:15 58      COTY: OrderID: a018d700. PlacedOrder. Status: New. RejectReason: 
2021-05-30 21:43:15 58      COTY: OrderID: a018d700 partially executed. Executed lots: 27. OrderStatus: 27/32 lots
2021-05-30 21:43:15 58      COTY: OrderID: a018d700 fully executed
2021-05-30 21:43:15 58      COTY: Morning closing by timeout. Close price: 7.33. Lots: 32. Profit: -0.26(-3.43%). Candle: ID:335, Time: 7:20, Close: 7.33
2021-05-30 21:43:15 58      COTY: OrderID: adbcc27f. PlacedOrder. Status: New. RejectReason: 
2021-05-30 21:43:15 58      COTY: OrderID: adbcc27f fully executed
2021-05-30 21:43:15 59      COUP_BBG001J4BCN4_2021-02-26
2021-05-30 21:43:15 61      CPB_BBG000BG4202_2021-02-26
2021-05-30 21:43:15 62      CPRI_BBG0029SNR63_2021-02-26
2021-05-30 21:43:15 63      CPRT_BBG000BM9RH1_2021-02-26
2021-05-30 21:43:15 65      CREE_BBG000BG14P4_2021-02-26
2021-05-30 21:43:15 68      CRM_BBG000BN2DC2_2021-02-26
2021-05-30 21:43:15 79      CROX_BBG000BLY663_2021-02-26
2021-05-30 21:43:15 81      CRUS_BBG000C1DHF5_2021-02-26
2021-05-30 21:43:15 82      CRWD_BBG00BLYKS03_2021-02-26
2021-05-30 21:43:15 86      CSCO_BBG000C3J3C9_2021-02-26
2021-05-30 21:43:15 94      CSX_BBG000BGJRC8_2021-02-26
2021-05-30 21:43:15 99      CTSH_BBG000BBDV81_2021-02-26
2021-05-30 21:43:16 04      CTVA_BBG00BN969C1_2021-02-26
2021-05-30 21:43:16 06      CTXS_BBG000FQ6PY6_2021-02-26
2021-05-30 21:43:16 09      CVET_BBG00KR691K8_2021-02-26
2021-05-30 21:43:16 11      CVS_BBG000BGRY34_2021-02-26
2021-05-30 21:43:16 14      CVX_BBG000K4ND22_2021-02-26
2021-05-30 21:43:16 22      D_BBG000BGVW60_2021-02-26
2021-05-30 21:43:16 26      DAL_BBG000R7Z112_2021-02-26
2021-05-30 21:43:16 30      DAL: BuyPending. Strategy: MorningOpenStrategy. Price: 46.61. Lots: 5. ChangeOpenToCurrent: -0.87. ChangePrevCloseToCurrent: -2.59. Candle: ID:16, Time: 7:00, Close: 46.61.
2021-05-30 21:43:16 30      DAL: OrderID: b3d746e0. PlacedOrder. Status: New. RejectReason: 
2021-05-30 21:43:16 30      DAL: OrderID: b3d746e0 fully executed
2021-05-30 21:43:16 30      DAL: Morning closing by timeout. Close price: 46.32. Lots: 5. Profit: -0.29(-0.62%). Candle: ID:201, Time: 7:20, Close: 46.32
2021-05-30 21:43:16 30      DAL: OrderID: dbd97520. PlacedOrder. Status: New. RejectReason: 
2021-05-30 21:43:16 30      DAL: OrderID: dbd97520 partially executed. Executed lots: 2. OrderStatus: 2/5 lots
2021-05-30 21:43:16 30      DAL: OrderID: dbd97520 partially executed. Executed lots: 1. OrderStatus: 3/5 lots
2021-05-30 21:43:16 30      DAL: OrderID: dbd97520 partially executed. Executed lots: 1. OrderStatus: 4/5 lots
2021-05-30 21:43:16 30      DAL: OrderID: dbd97520 fully executed
2021-05-30 21:43:16 34      DBX_BBG0018SLDN0_2021-02-26
2021-05-30 21:43:16 38      DD_BBG00BN961G4_2021-02-26
2021-05-30 21:43:16 42      DDOG_BBG003NJHZT9_2021-02-26
2021-05-30 21:43:16 47      DFS_BBG000QBR5J5_2021-02-26
2021-05-30 21:43:16 50      DHI_BBG000DQTXY6_2021-02-26
2021-05-30 21:43:16 54      DHR_BBG000BH3JF8_2021-02-26
2021-05-30 21:43:16 57      DIS_BBG000BH4R78_2021-02-26
2021-05-30 21:43:16 66      DISCA_BBG000CHWP52_2021-02-26
2021-05-30 21:43:16 72      DISCK_BBG000VMWHH5_2021-02-26
2021-05-30 21:43:16 77      DKNG_BBG00TCBG714_2021-02-26
2021-05-30 21:43:16 89      DKS_BBG000F6ZWH2_2021-02-26
2021-05-30 21:43:16 91      DLTR_BBG000BSC0K9_2021-02-26
2021-05-30 21:43:16 95      DOCU_BBG000N7KJX8_2021-02-26
2021-05-30 21:43:17 03      DOW_BBG00BN96922_2021-02-26
2021-05-30 21:43:17 06      DRI_BBG000BBNYF6_2021-02-26
2021-05-30 21:43:17 07      DT_BBG00PNN7C40_2021-02-26
2021-05-30 21:43:17 10      DVN_BBG000BBVJZ8_2021-02-26
2021-05-30 21:43:17 16      DXC_BBG00FN64XT9_2021-02-26
2021-05-30 21:43:17 18      DXCM_BBG000QTF8K1_2021-02-26
2021-05-30 21:43:17 21      EA_BBG000BP0KQ8_2021-02-26
2021-05-30 21:43:17 25      EBAY_BBG000C43RR5_2021-02-26
2021-05-30 21:43:17 30      ED_BBG000BHLYS1_2021-02-26
2021-05-30 21:43:17 33      EDIT_BBG005MX5GZ2_2021-02-26
2021-05-30 21:43:17 37      EIX_BBG000D7RKJ5_2021-02-26
2021-05-30 21:43:17 39      ELAN_BBG00LJYS1P8_2021-02-26
2021-05-30 21:43:17 42      EMR_BBG000BHX7N2_2021-02-26
2021-05-30 21:43:17 45      ENDP_BBG000C0HQ54_2021-02-26
2021-05-30 21:43:17 45      ENDP: SPYKE!. Candle: ID:10, Time: 7:00, Close: 9.12
2021-05-30 21:43:17 45      ENDP: BuyPending. Strategy: MorningOpenStrategy. Price: 8.59. Lots: 29. ChangeOpenToCurrent: -2.39. ChangePrevCloseToCurrent: 0.12. Candle: ID:15, Time: 7:00, Close: 8.59.
2021-05-30 21:43:17 45      ENDP: OrderID: 727350f3. PlacedOrder. Status: New. RejectReason: 
2021-05-30 21:43:17 45      ENDP: OrderID: 727350f3 fully executed
2021-05-30 21:43:17 45      ENDP: Morning closing. Close price: 8.65. Lots: 29. CandleChange: -0.57%. ChangeFromCandleHigh: -0.57%. Profit: 0.06(0.70%). Candle: ID:44, Time: 7:05, Close: 8.65
2021-05-30 21:43:17 45      ENDP: OrderID: 2787ee58. PlacedOrder. Status: New. RejectReason: 
2021-05-30 21:43:17 45      ENDP: OrderID: 2787ee58 partially executed. Executed lots: 1. OrderStatus: 1/29 lots
2021-05-30 21:43:17 45      ENDP: OrderID: 2787ee58 fully executed
2021-05-30 21:43:17 47      ENPH_BBG001R3MNY9_2021-02-26
2021-05-30 21:43:17 50      ENPH: BuyPending. Strategy: MorningOpenStrategy. Price: 163.31. Lots: 1. ChangeOpenToCurrent: -2.59. ChangePrevCloseToCurrent: -3.04. Candle: ID:14, Time: 7:00, Close: 163.31.
2021-05-30 21:43:17 50      ENPH: OrderID: cbf32bdc. PlacedOrder. Status: New. RejectReason: 
2021-05-30 21:43:17 50      ENPH: OrderID: cbf32bdc fully executed
2021-05-30 21:43:17 50      ENPH: Morning closing by timeout. Close price: 162.12. Lots: 1. Profit: -1.19(-0.73%). Candle: ID:77, Time: 7:20, Close: 162.12
2021-05-30 21:43:17 50      ENPH: OrderID: 5a4c202c. PlacedOrder. Status: New. RejectReason: 
2021-05-30 21:43:17 50      ENPH: OrderID: 5a4c202c fully executed
2021-05-30 21:43:17 53      ENTG_BBG000CTV4N4_2021-02-26
2021-05-30 21:43:17 55      EOG_BBG000BZ9223_2021-02-26
2021-05-30 21:43:17 62      EQT_BBG000BHZ5J9_2021-02-26
2021-05-30 21:43:17 64      ET_BBG000BM2FL9_2021-02-26
2021-05-30 21:43:17 66      ET: BuyPending. Strategy: MorningOpenStrategy. Price: 7.89. Lots: 31. ChangeOpenToCurrent: -0.50. ChangePrevCloseToCurrent: -2.11. Candle: ID:23, Time: 7:00, Close: 7.89.
2021-05-30 21:43:17 66      ET: OrderID: 33483b4b. PlacedOrder. Status: New. RejectReason: 
2021-05-30 21:43:17 66      ET: OrderID: 33483b4b fully executed
2021-05-30 21:43:17 66      ET: Buy more. Price: 7.73. Lots: 32. changeFromLastBuy: -2.03. Candle: ID:67, Time: 7:00, Close: 7.73.
2021-05-30 21:43:17 66      ET: OrderID: dfb4c041. PlacedOrder. Status: New. RejectReason: 
2021-05-30 21:43:17 66      ET: OrderID: dfb4c041 partially executed. Executed lots: 30. OrderStatus: 30/32 lots
2021-05-30 21:43:17 66      ET: OrderID: dfb4c041 fully executed
2021-05-30 21:43:17 66      ET: Morning closing. Close price: 7.81. Lots: 63. CandleChange: 1.56%. ChangeFromCandleHigh: -1.01%. Profit: 0.01(0.13%). Candle: ID:191, Time: 7:05, Close: 7.81
2021-05-30 21:43:17 66      ET: OrderID: 70a9bd27. PlacedOrder. Status: New. RejectReason: 
2021-05-30 21:43:17 66      ET: OrderID: 70a9bd27 partially executed. Executed lots: 3. OrderStatus: 3/63 lots
2021-05-30 21:43:17 66      ET: OrderID: 70a9bd27 partially executed. Executed lots: 8. OrderStatus: 11/63 lots
2021-05-30 21:43:17 66      ET: OrderID: 70a9bd27 partially executed. Executed lots: 17. OrderStatus: 28/63 lots
2021-05-30 21:43:17 66      ET: OrderID: 70a9bd27 fully executed
2021-05-30 21:43:17 68      ETRN_BBG00K53L394_2021-02-26
2021-05-30 21:43:17 71      ETSY_BBG000N7MXL8_2021-02-26
2021-05-30 21:43:17 79      EVH_BBG005CHLM96_2021-02-26
2021-05-30 21:43:17 79      EVH: SPYKE!. Candle: ID:100, Time: 14:30, Close: 21.53
2021-05-30 21:43:17 79      EVH: SPYKE!. Candle: ID:102, Time: 14:30, Close: 21.4
2021-05-30 21:43:17 80      EW_BBG000BRXP69_2021-02-26
2021-05-30 21:43:17 83      EWBC_BBG000CR20B1_2021-02-26
2021-05-30 21:43:17 84      EXAS_BBG000CWL0F5_2021-02-26
2021-05-30 21:43:17 87      EXC_BBG000J6XT05_2021-02-26
2021-05-30 21:43:17 92      EXEL_BBG000BQ4WF8_2021-02-26
2021-05-30 21:43:17 94      EXPD_BBG000BJ5GK2_2021-02-26
2021-05-30 21:43:17 95      EXPE_BBG000QY3XZ2_2021-02-26
2021-05-30 21:43:17 99      F_BBG000BQPC32_2021-02-26
2021-05-30 21:43:18 03      FANG_BBG002PHSYX9_2021-02-26
2021-05-30 21:43:18 07      FAST_BBG000BJ8YN7_2021-02-26
2021-05-30 21:43:18 11      FATE_BBG000QP35H2_2021-02-26
2021-05-30 21:43:18 15      FB_BBG000MM2P62_2021-02-26
2021-05-30 21:43:18 41      FCX_BBG000BJDB15_2021-02-26
2021-05-30 21:43:18 50      FCX: BuyPending. Strategy: MorningOpenStrategy. Price: 34.31. Lots: 7. ChangeOpenToCurrent: -2.11. ChangePrevCloseToCurrent: -2.97. Candle: ID:9, Time: 7:00, Close: 34.31.
2021-05-30 21:43:18 50      FCX: OrderID: 2dacf19d. PlacedOrder. Status: New. RejectReason: 
2021-05-30 21:43:18 50      FCX: Cancel order. Did not bought at market open. Candle: ID:17, Time: 7:05, Close: 34.7
2021-05-30 21:43:18 50      OrderID: 2dacf19d successfully canceled
2021-05-30 21:43:18 57      FDX_BBG000BJF1Z8_2021-02-26
2021-05-30 21:43:18 59      FIS_BBG000BK2F42_2021-02-26
2021-05-30 21:43:18 61      FISV_BBG000BJKPG0_2021-02-26
2021-05-30 21:43:18 68      FITB_BBG000BJL3N0_2021-02-26
2021-05-30 21:43:18 74      FIVN_BBG001KHJM17_2021-02-26
2021-05-30 21:43:18 77      FL_BBG000BX8DC4_2021-02-26
2021-05-30 21:43:18 80      FLIR_BBG000BHK836_2021-02-26
2021-05-30 21:43:18 83      FLR_BBG000BB1TH9_2021-02-26
2021-05-30 21:43:18 84      FLR: SPYKE!. Candle: ID:100, Time: 12:45, Close: 19.38
2021-05-30 21:43:18 86      FOX_BBG00JHNKJY8_2021-02-26
2021-05-30 21:43:18 87      FOXA_BBG00JHNJW99_2021-02-26
2021-05-30 21:43:18 90      FRHC_BBG000N625H8_2021-02-26
2021-05-30 21:43:18 92      FSLR_BBG000BFL116_2021-02-26
2021-05-30 21:43:18 96      FSLY_BBG004NLQHL0_2021-02-26
2021-05-30 21:43:18 97      FSLY: BuyPending. Strategy: MorningOpenStrategy. Price: 70. Lots: 3. ChangeOpenToCurrent: -2.23. ChangePrevCloseToCurrent: -2.51. Candle: ID:17, Time: 7:00, Close: 70.
2021-05-30 21:43:18 97      FSLY: OrderID: 26f55975. PlacedOrder. Status: New. RejectReason: 
2021-05-30 21:43:18 97      FSLY: OrderID: 26f55975 fully executed
2021-05-30 21:43:18 98      FSLY: Morning closing by timeout. Close price: 70.3. Lots: 3. Profit: 0.30(0.43%). Candle: ID:118, Time: 7:20, Close: 70.3
2021-05-30 21:43:18 98      FSLY: OrderID: e93cd79e. PlacedOrder. Status: New. RejectReason: 
2021-05-30 21:43:18 98      FSLY: OrderID: e93cd79e partially executed. Executed lots: 1. OrderStatus: 1/3 lots
2021-05-30 21:43:18 98      FSLY: OrderID: e93cd79e partially executed. Executed lots: 1. OrderStatus: 2/3 lots
2021-05-30 21:43:18 98      FSLY: OrderID: e93cd79e fully executed
2021-05-30 21:43:18 99      FTI_BBG00DL8NMV2_2021-02-26
2021-05-30 21:43:19 03      FTNT_BBG000BCMBG4_2021-02-26
2021-05-30 21:43:19 06      FTV_BBG00BLVZ228_2021-02-26
2021-05-30 21:43:19 08      GE_BBG000BK6MB5_2021-02-26
2021-05-30 21:43:19 12      GH_BBG006D97VY9_2021-02-26
2021-05-30 21:43:19 14      GILD_BBG000CKGBP2_2021-02-26
2021-05-30 21:43:19 20      GIS_BBG000BKCFC2_2021-02-26
2021-05-30 21:43:19 23      GLW_BBG000BKFZM4_2021-02-26
2021-05-30 21:43:19 27      GM_BBG000NDYB67_2021-02-26
2021-05-30 21:43:19 33      GOOG_BBG009S3NB30_2021-02-26
2021-05-30 21:43:19 40      GOOGL_BBG009S39JX6_2021-02-26
2021-05-30 21:43:19 48      GPS_BBG000BKLH74_2021-02-26
2021-05-30 21:43:19 53      GRMN_BBG000C4LN67_2021-02-26
2021-05-30 21:43:19 55      GRUB_BBG001KWG293_2021-02-26
2021-05-30 21:43:19 56      GS_BBG000C6CFJ5_2021-02-26
2021-05-30 21:43:19 61      GSKY_BBG00KT2SCV8_2021-02-26
2021-05-30 21:43:19 63      GT_BBG000BKNX95_2021-02-26
2021-05-30 21:43:19 67      HA_BBG000BC4185_2021-02-26
2021-05-30 21:43:19 68      HAL_BBG000BKTFN2_2021-02-26
2021-05-30 21:43:19 73      HALO_BBG000CZ8W54_2021-02-26
2021-05-30 21:43:19 75      HAS_BBG000BKVJK4_2021-02-26
2021-05-30 21:43:19 77      HBAN_BBG000BKWSR6_2021-02-26
2021-05-30 21:43:19 79      HBI_BBG000D2ZTS8_2021-02-26
2021-05-30 21:43:19 81      HCA_BBG000QW7VC1_2021-02-26
2021-05-30 21:43:19 82      HD_BBG000BKZB36_2021-02-26
2021-05-30 21:43:19 87      HES_BBG000BBD070_2021-02-26
2021-05-30 21:43:19 88      HFC_BBG000BL9JQ1_2021-02-26
2021-05-30 21:43:19 90      HIG_BBG000G0Z878_2021-02-26
2021-05-30 21:43:19 92      HLT_BBG0058KMH30_2021-02-26
2021-05-30 21:43:19 97      HOG_BBG000BKZTP3_2021-02-26
2021-05-30 21:43:19 99      HOLX_BBG000C3NTN5_2021-02-26
2021-05-30 21:43:20 02      HON_BBG000H556T9_2021-02-26
2021-05-30 21:43:20 05      HP_BBG000BLCPY4_2021-02-26
2021-05-30 21:43:20 07      HPE_BBG0078W3NQ3_2021-02-26
2021-05-30 21:43:20 09      HPQ_BBG000KHWT55_2021-02-26
2021-05-30 21:43:20 14      HRB_BBG000BLDV98_2021-02-26
2021-05-30 21:43:20 16      HRL_BBG000BLF8D2_2021-02-26
2021-05-30 21:43:20 17      HRTX_BBG000G2GJT7_2021-02-26
2021-05-30 21:43:20 19      HSIC_BBG000BNMMJ3_2021-02-26
2021-05-30 21:43:20 20      HST_BBG000BL8804_2021-02-26
2021-05-30 21:43:20 23      HTHT_BBG000QFPM65_2021-02-26
2021-05-30 21:43:20 25      HWM_BBG00DYNJGH9_2021-02-26
2021-05-30 21:43:20 27      IAC_BBG000BKQG80_2021-02-26
2021-05-30 21:43:20 28      IBM_BBG000BLNNH6_2021-02-26
2021-05-30 21:43:20 34      IBN_BBG000DRM643_2021-02-26
2021-05-30 21:43:20 35      IBN: BuyPending. Strategy: MorningOpenStrategy. Price: 16.6. Lots: 15. ChangeOpenToCurrent: -2.30. ChangePrevCloseToCurrent: -2.98. Candle: ID:9, Time: 7:00, Close: 16.6.
2021-05-30 21:43:20 35      IBN: OrderID: 0d86a12a. PlacedOrder. Status: New. RejectReason: 
2021-05-30 21:43:20 35      IBN: OrderID: 0d86a12a fully executed
2021-05-30 21:43:20 35      IBN: Morning closing by timeout. Close price: 16.45. Lots: 15. Profit: -0.15(-0.90%). Candle: ID:47, Time: 7:20, Close: 16.45
2021-05-30 21:43:20 35      IBN: OrderID: 7fb8d038. PlacedOrder. Status: New. RejectReason: 
2021-05-30 21:43:20 35      IBN: OrderID: 7fb8d038 partially executed. Executed lots: 1. OrderStatus: 1/15 lots
2021-05-30 21:43:20 35      IBN: OrderID: 7fb8d038 fully executed
2021-05-30 21:43:20 36      ICE_BBG000C1FB75_2021-02-26
2021-05-30 21:43:20 38      IIVI_BBG000BLW102_2021-02-26
2021-05-30 21:43:20 39      IIVI: BuyPending. Strategy: MorningOpenStrategy. Price: 78.52. Lots: 3. ChangeOpenToCurrent: -2.46. ChangePrevCloseToCurrent: -5.01. Candle: ID:9, Time: 7:00, Close: 78.52.
2021-05-30 21:43:20 39      IIVI: OrderID: 58aaba1a. PlacedOrder. Status: New. RejectReason: 
2021-05-30 21:43:20 39      IIVI: OrderID: 58aaba1a fully executed
2021-05-30 21:43:20 39      IIVI: Morning closing by timeout. Close price: 78.53. Lots: 3. Profit: 0.01(0.01%). Candle: ID:25, Time: 7:20, Close: 78.53
2021-05-30 21:43:20 39      IIVI: OrderID: 1aee8e97. PlacedOrder. Status: New. RejectReason: 
2021-05-30 21:43:20 39      IIVI: OrderID: 1aee8e97 partially executed. Executed lots: 1. OrderStatus: 1/3 lots
2021-05-30 21:43:20 39      IIVI: OrderID: 1aee8e97 partially executed. Executed lots: 1. OrderStatus: 2/3 lots
2021-05-30 21:43:20 39      IIVI: OrderID: 1aee8e97 fully executed
2021-05-30 21:43:20 40      ILMN_BBG000DSMS70_2021-02-26
2021-05-30 21:43:20 43      INCY_BBG000BNPSQ9_2021-02-26
2021-05-30 21:43:20 45      INFO_BBG006G063F9_2021-02-26
2021-05-30 21:43:20 47      INTC_BBG000C0G1D1_2021-02-26
2021-05-30 21:43:20 65      INTU_BBG000BH5DV1_2021-02-26
2021-05-30 21:43:20 69      IOVA_BBG000FTLBV7_2021-02-26
2021-05-30 21:43:20 72      IP_BBG000BM5SR2_2021-02-26
2021-05-30 21:43:20 75      IPG_BBG000C90DH9_2021-02-26
2021-05-30 21:43:20 76      IPG: BuyPending. Strategy: MorningOpenStrategy. Price: 25.5. Lots: 9. ChangeOpenToCurrent: -0.04. ChangePrevCloseToCurrent: -2.41. Candle: ID:10, Time: 7:00, Close: 25.5.
2021-05-30 21:43:20 76      IPG: OrderID: a70bd5b0. PlacedOrder. Status: New. RejectReason: 
2021-05-30 21:43:20 76      IPG: OrderID: a70bd5b0 fully executed
2021-05-30 21:43:20 76      IPG: Morning closing by timeout. Close price: 25.73. Lots: 9. Profit: 0.23(0.90%). Candle: ID:55, Time: 9:40, Close: 25.73
2021-05-30 21:43:20 76      IPG: OrderID: ed80ce03. PlacedOrder. Status: New. RejectReason: 
2021-05-30 21:43:20 76      IPG: OrderID: ed80ce03 fully executed
2021-05-30 21:43:20 77      IR_BBG002R1CW27_2021-02-26
2021-05-30 21:43:20 79      IRM_BBG000KCZPC3_2021-02-26
2021-05-30 21:43:20 82      IVZ_BBG000BY2Y78_2021-02-26
2021-05-30 21:43:20 83      JBHT_BBG000BMDBZ1_2021-02-26
2021-05-30 21:43:20 84      JCI_BBG000BVWLJ6_2021-02-26
2021-05-30 21:43:20 87      JD_BBG005YHY0Q7_2021-02-26
2021-05-30 21:43:21 03      JNJ_BBG000BMHYD1_2021-02-26
2021-05-30 21:43:21 10      JNPR_BBG000BY33P5_2021-02-26
2021-05-30 21:43:21 14      JPM_BBG000DMBXR2_2021-02-26
2021-05-30 21:43:21 32      JWN_BBG000G8N9C6_2021-02-26
2021-05-30 21:43:21 35      K_BBG000BMKDM3_2021-02-26
2021-05-30 21:43:21 37      KDP_BBG000TJM7F0_2021-02-26
2021-05-30 21:43:21 42      KEY_BBG000BMQPL1_2021-02-26
2021-05-30 21:43:21 45      KHC_BBG005CPNTQ2_2021-02-26
2021-05-30 21:43:21 48      KIM_BBG000CN3S73_2021-02-26
2021-05-30 21:43:21 51      KLAC_BBG000BMTFR4_2021-02-26
2021-05-30 21:43:21 54      KMI_BBG0019JZ882_2021-02-26
2021-05-30 21:43:21 56      KNX_BBG000BFC848_2021-02-26
2021-05-30 21:43:21 58      KO_BBG000BMX289_2021-02-26
2021-05-30 21:43:21 65      KR_BBG000BMY992_2021-02-26
2021-05-30 21:43:21 68      LB_BBG000BNGTQ7_2021-02-26
2021-05-30 21:43:21 70      LEN_BBG000BN5HF7_2021-02-26
2021-05-30 21:43:21 73      LIN_BBG00GVR8YQ9_2021-02-26
2021-05-30 21:43:21 75      LITE_BBG0073F9RT7_2021-02-26
2021-05-30 21:43:21 77      LKQ_BBG000PXDL44_2021-02-26
2021-05-30 21:43:21 80      LLY_BBG000BNBDC2_2021-02-26
2021-05-30 21:43:21 84      LNT_BBG000DW4Q75_2021-02-26
2021-05-30 21:43:21 87      LOW_BBG000BNDN65_2021-02-26
2021-05-30 21:43:21 91      LPSN_BBG000BSV0W5_2021-02-26
2021-05-30 21:43:21 92      LPSN: SPYKE!. Candle: ID:61, Time: 9:00, Close: 61.76
2021-05-30 21:43:21 93      LRCX_BBG000BNFLM9_2021-02-26
2021-05-30 21:43:21 96      LTHM_BBG00LV3NRG0_2021-02-26
2021-05-30 21:43:21 98      LTHM: BuyPending. Strategy: MorningOpenStrategy. Price: 18.25. Lots: 13. ChangeOpenToCurrent: -1.24. ChangePrevCloseToCurrent: -2.67. Candle: ID:13, Time: 7:00, Close: 18.25.
2021-05-30 21:43:21 98      LTHM: OrderID: ac0f142d. PlacedOrder. Status: New. RejectReason: 
2021-05-30 21:43:21 98      LTHM: OrderID: ac0f142d fully executed
2021-05-30 21:43:21 98      LTHM: Morning closing by timeout. Close price: 18.24. Lots: 13. Profit: -0.01(-0.05%). Candle: ID:205, Time: 7:20, Close: 18.24
2021-05-30 21:43:21 98      LTHM: OrderID: 0d5a2efe. PlacedOrder. Status: New. RejectReason: 
2021-05-30 21:43:21 98      LTHM: OrderID: 0d5a2efe partially executed. Executed lots: 1. OrderStatus: 1/13 lots
2021-05-30 21:43:21 98      LTHM: OrderID: 0d5a2efe partially executed. Executed lots: 4. OrderStatus: 5/13 lots
2021-05-30 21:43:21 98      LTHM: OrderID: 0d5a2efe fully executed
2021-05-30 21:43:21 99      LULU_BBG000R8ZVD1_2021-02-26
2021-05-30 21:43:22 01      LUMN_BBG000BGLRN3_2021-02-26
2021-05-30 21:43:22 03      LUV_BBG000BNJHS8_2021-02-26
2021-05-30 21:43:22 08      LVS_BBG000JWD753_2021-02-26
2021-05-30 21:43:22 11      LYB_BBG000WCFV84_2021-02-26
2021-05-30 21:43:22 13      LYFT_BBG004M9ZHX5_2021-02-26
2021-05-30 21:43:22 18      LYV_BBG000FQ7YR4_2021-02-26
2021-05-30 21:43:22 20      M_BBG000C46HM9_2021-02-26
2021-05-30 21:43:22 20      M: BuyPending. Strategy: MorningOpenStrategy. Price: 15.3. Lots: 16. ChangeOpenToCurrent: -0.71. ChangePrevCloseToCurrent: -2.05. Candle: ID:41, Time: 7:00, Close: 15.3.
2021-05-30 21:43:22 20      M: OrderID: 2188ca72. PlacedOrder. Status: New. RejectReason: 
2021-05-30 21:43:22 20      M: OrderID: 2188ca72 partially executed. Executed lots: 1. OrderStatus: 1/16 lots
2021-05-30 21:43:22 20      M: OrderID: 2188ca72 partially executed. Executed lots: 4. OrderStatus: 5/16 lots
2021-05-30 21:43:22 20      M: OrderID: 2188ca72 fully executed
2021-05-30 21:43:22 21      M: Morning closing by timeout. Close price: 14.9. Lots: 16. Profit: -0.40(-2.61%). Candle: ID:303, Time: 7:20, Close: 14.9
2021-05-30 21:43:22 21      M: OrderID: 95ad301e. PlacedOrder. Status: New. RejectReason: 
2021-05-30 21:43:22 21      M: OrderID: 95ad301e partially executed. Executed lots: 8. OrderStatus: 8/16 lots
2021-05-30 21:43:22 21      M: OrderID: 95ad301e fully executed
2021-05-30 21:43:22 21      MA_BBG000F1ZSQ2_2021-02-26
2021-05-30 21:43:22 24      MAC_BBG000BL9C59_2021-02-26
2021-05-30 21:43:22 26      MAC: BuyPending. Strategy: MorningOpenStrategy. Price: 12.98. Lots: 19. ChangeOpenToCurrent: -2.04. ChangePrevCloseToCurrent: -1.96. Candle: ID:29, Time: 7:00, Close: 12.98.
2021-05-30 21:43:22 26      MAC: OrderID: 71832260. PlacedOrder. Status: New. RejectReason: 
2021-05-30 21:43:22 26      MAC: OrderID: 71832260 partially executed. Executed lots: 18. OrderStatus: 18/19 lots
2021-05-30 21:43:22 26      MAC: OrderID: 71832260 fully executed
2021-05-30 21:43:22 26      MAC: Morning closing by timeout. Close price: 12.93. Lots: 19. Profit: -0.05(-0.39%). Candle: ID:203, Time: 7:20, Close: 12.93
2021-05-30 21:43:22 26      MAC: OrderID: 6f55544c. PlacedOrder. Status: New. RejectReason: 
2021-05-30 21:43:22 26      MAC: OrderID: 6f55544c fully executed
2021-05-30 21:43:22 27      MAR_BBG000BGD7W6_2021-02-26
2021-05-30 21:43:22 33      MAS_BBG000BNNKG9_2021-02-26
2021-05-30 21:43:22 34      MAT_BBG000BNNYW1_2021-02-26
2021-05-30 21:43:22 36      MBT_BBG000CSZKR2_2021-02-26
2021-05-30 21:43:22 37      MCD_BBG000BNSZP1_2021-02-26
2021-05-30 21:43:22 43      MCHP_BBG000BHCP19_2021-02-26
2021-05-30 21:43:22 47      MDLZ_BBG000D4LWF6_2021-02-26
2021-05-30 21:43:22 52      MDRX_BBG000BLDXH5_2021-02-26
2021-05-30 21:43:22 54      MDT_BBG000BNWG87_2021-02-26
2021-05-30 21:43:22 58      MET_BBG000BB6KF5_2021-02-26
2021-05-30 21:43:22 61      MFGP_BBG00HFWVGN0_2021-02-26
2021-05-30 21:43:22 62      MFGP: BuyPending. Strategy: MorningOpenStrategy. Price: 5.92. Lots: 42. ChangeOpenToCurrent: -2.95. ChangePrevCloseToCurrent: -1.33. Candle: ID:9, Time: 7:00, Close: 5.92.
2021-05-30 21:43:22 62      MFGP: OrderID: 5d2eabcc. PlacedOrder. Status: New. RejectReason: 
2021-05-30 21:43:22 62      MFGP: OrderID: 5d2eabcc fully executed
2021-05-30 21:43:22 62      MFGP: Buy more. Price: 5.8. Lots: 43. changeFromLastBuy: -2.03. Candle: ID:29, Time: 7:00, Close: 5.8.
2021-05-30 21:43:22 62      MFGP: OrderID: a4f960f5. PlacedOrder. Status: New. RejectReason: 
2021-05-30 21:43:22 62      MFGP: OrderID: a4f960f5 fully executed
2021-05-30 21:43:22 62      MFGP: Morning closing. Close price: 5.89. Lots: 85. CandleChange: 0%. ChangeFromCandleHigh: -1.01%. Profit: 0.04(0.68%). Candle: ID:93, Time: 7:05, Close: 5.89
2021-05-30 21:43:22 62      MFGP: OrderID: 5c1708e8. PlacedOrder. Status: New. RejectReason: 
2021-05-30 21:43:22 62      MFGP: OrderID: 5c1708e8 partially executed. Executed lots: 1. OrderStatus: 1/85 lots
2021-05-30 21:43:22 62      MFGP: OrderID: 5c1708e8 partially executed. Executed lots: 1. OrderStatus: 2/85 lots
2021-05-30 21:43:22 62      MFGP: OrderID: 5c1708e8 fully executed
2021-05-30 21:43:22 63      MIDD_BBG000DQN9R3_2021-02-26
2021-05-30 21:43:22 65      MLCO_BBG000BHP8J4_2021-02-26
2021-05-30 21:43:22 67      MLHR_BBG000BP46T2_2021-02-26
2021-05-30 21:43:22 68      MMC_BBG000BP4MH0_2021-02-26
2021-05-30 21:43:22 69      MMM_BBG000BP52R2_2021-02-26
2021-05-30 21:43:22 71      MNST_BBG008NVB1C0_2021-02-26
2021-05-30 21:43:22 74      MO_BBG000BP6LJ8_2021-02-26
2021-05-30 21:43:22 77      MOMO_BBG007HTCQT0_2021-02-26
2021-05-30 21:43:22 81      MOMO: BuyPending. Strategy: MorningOpenStrategy. Price: 15.69. Lots: 15. ChangeOpenToCurrent: -3.03. ChangePrevCloseToCurrent: -3.03. Candle: ID:9, Time: 7:00, Close: 15.69.
2021-05-30 21:43:22 81      MOMO: OrderID: 7fde6ee9. PlacedOrder. Status: New. RejectReason: 
2021-05-30 21:43:22 81      MOMO: OrderID: 7fde6ee9 partially executed. Executed lots: 1. OrderStatus: 1/15 lots
2021-05-30 21:43:22 81      MOMO: Morning closing. Close price: 15.94. Lots: 1. CandleChange: -0.06%. ChangeFromCandleHigh: -0.06%. Profit: 0.25(1.59%). Candle: ID:700, Time: 7:10, Close: 15.94
2021-05-30 21:43:22 81      MOMO: OrderID: b8cbe6e4. PlacedOrder. Status: New. RejectReason: 
2021-05-30 21:43:22 81      MOMO: OrderID: 7fde6ee9 automatically canceling...
2021-05-30 21:43:22 81      MOMO: OrderID: b8cbe6e4 fully executed
2021-05-30 21:43:22 81      OrderID: 7fde6ee9 successfully canceled
2021-05-30 21:43:22 84      MOS_BBG000BFXHL6_2021-02-26
2021-05-30 21:43:22 87      MPC_BBG001DCCGR8_2021-02-26
2021-05-30 21:43:22 93      MRK_BBG000BPD168_2021-02-26
2021-05-30 21:43:23 01      MRNA_BBG003PHHZT1_2021-02-26
2021-05-30 21:43:23 09      MRNA: BuyPending. Strategy: MorningOpenStrategy. Price: 144.99. Lots: 1. ChangeOpenToCurrent: -2.49. ChangePrevCloseToCurrent: -2.49. Candle: ID:24, Time: 7:00, Close: 144.99.
2021-05-30 21:43:23 09      MRNA: OrderID: 25daa21f. PlacedOrder. Status: New. RejectReason: 
2021-05-30 21:43:23 09      MRNA: OrderID: 25daa21f fully executed
2021-05-30 21:43:23 09      MRNA: Morning closing. Close price: 148.07. Lots: 1. CandleChange: -0.19%. ChangeFromCandleHigh: -0.28%. Profit: 3.08(2.12%). Candle: ID:92, Time: 7:05, Close: 148.07
2021-05-30 21:43:23 09      MRNA: OrderID: f0d594e8. PlacedOrder. Status: New. RejectReason: 
2021-05-30 21:43:23 09      MRNA: OrderID: f0d594e8 fully executed
2021-05-30 21:43:23 13      MRO_BBG000C8H633_2021-02-26
2021-05-30 21:43:23 14      MRO: BuyPending. Strategy: MorningOpenStrategy. Price: 11.02. Lots: 22. ChangeOpenToCurrent: -0.09. ChangePrevCloseToCurrent: -2.56. Candle: ID:9, Time: 7:00, Close: 11.02.
2021-05-30 21:43:23 14      MRO: OrderID: 2aa31953. PlacedOrder. Status: New. RejectReason: 
2021-05-30 21:43:23 14      MRO: OrderID: 2aa31953 partially executed. Executed lots: 9. OrderStatus: 9/22 lots
2021-05-30 21:43:23 14      MRO: OrderID: 2aa31953 fully executed
2021-05-30 21:43:23 14      MRO: Morning closing. Close price: 11.16. Lots: 22. CandleChange: -0.36%. ChangeFromCandleHigh: -0.80%. Profit: 0.14(1.27%). Candle: ID:43, Time: 7:10, Close: 11.16
2021-05-30 21:43:23 14      MRO: OrderID: cdf445b9. PlacedOrder. Status: New. RejectReason: 
2021-05-30 21:43:23 14      MRO: OrderID: cdf445b9 partially executed. Executed lots: 1. OrderStatus: 1/22 lots
2021-05-30 21:43:23 14      MRO: OrderID: cdf445b9 partially executed. Executed lots: 2. OrderStatus: 3/22 lots
2021-05-30 21:43:23 14      MRO: OrderID: cdf445b9 partially executed. Executed lots: 4. OrderStatus: 7/22 lots
2021-05-30 21:43:23 14      MRO: OrderID: cdf445b9 fully executed
2021-05-30 21:43:23 17      MS_BBG000BLZRJ2_2021-02-26
2021-05-30 21:43:23 28      MSFT_BBG000BPH459_2021-02-26
2021-05-30 21:43:23 65      MTCH_BBG00B6WH9G3_2021-02-26
2021-05-30 21:43:23 72      MTG_BBG000CBMH27_2021-02-26
2021-05-30 21:43:23 73      MU_BBG000C5Z1S3_2021-02-26
2021-05-30 21:43:23 88      MUR_BBG000BPMH90_2021-02-26
2021-05-30 21:43:23 89      MXIM_BBG000BPNP00_2021-02-26
2021-05-30 21:43:23 93      MYGN_BBG000D9H9F1_2021-02-26
2021-05-30 21:43:23 94      NAVI_BBG004MN1R41_2021-02-26
2021-05-30 21:43:23 96      NEM_BBG000BPWXK1_2021-02-26
2021-05-30 21:43:24 01      NEO_BBG000BKH263_2021-02-26
2021-05-30 21:43:24 02      NET_BBG001WMKHH5_2021-02-26
2021-05-30 21:43:24 05      NFLX_BBG000CL9VN6_2021-02-26
2021-05-30 21:43:24 12      NKE_BBG000C5HS04_2021-02-26
2021-05-30 21:43:24 15      NKTR_BBG000BHCYJ1_2021-02-26
2021-05-30 21:43:24 17      NLOK_BBG000BH2JM1_2021-02-26
2021-05-30 21:43:24 21      NLSN_BBG0088CYPX8_2021-02-26
2021-05-30 21:43:24 22      NLSN: SPYKE!. Candle: ID:4544, Time: 22:35, Close: 22.12
2021-05-30 21:43:24 23      NMIH_BBG005DLMMZ6_2021-02-26
2021-05-30 21:43:24 25      NOK_BBG000BNGBW9_2021-02-26
2021-05-30 21:43:24 30      NOV_BBG000BJX8C8_2021-02-26
2021-05-30 21:43:24 31      NOV: SPYKE!. Candle: ID:13, Time: 8:35, Close: 14.27
2021-05-30 21:43:24 31      NOV: SPYKE!. Candle: ID:20, Time: 8:35, Close: 14.21
2021-05-30 21:43:24 33      NRG_BBG000D8RG11_2021-02-26
2021-05-30 21:43:24 39      NTAP_BBG000FP1N32_2021-02-26
2021-05-30 21:43:24 44      NTES_BBG000BX72V8_2021-02-26
2021-05-30 21:43:24 49      NTLA_BBG007KC7PB0_2021-02-26
2021-05-30 21:43:24 51      NTNX_BBG001NDW1Z7_2021-02-26
2021-05-30 21:43:24 52      NTNX: SPYKE!. Candle: ID:34, Time: 7:55, Close: 32.18
2021-05-30 21:43:24 53      NTRS_BBG000BQ74K1_2021-02-26
2021-05-30 21:43:24 56      NVDA_BBG000BBJQV0_2021-02-26
2021-05-30 21:43:24 63      NVDA: BuyPending. Strategy: MorningOpenStrategy. Price: 520.25. Lots: 1. ChangeOpenToCurrent: -2.02. ChangePrevCloseToCurrent: -2.03. Candle: ID:106, Time: 7:00, Close: 520.25.
2021-05-30 21:43:24 63      NVDA: OrderID: 08892728. PlacedOrder. Status: New. RejectReason: 
2021-05-30 21:43:24 63      NVDA: OrderID: 08892728 fully executed
2021-05-30 21:43:24 63      NVDA: Morning closing. Close price: 529.01. Lots: 1. CandleChange: -0.08%. ChangeFromCandleHigh: -0.19%. Profit: 8.76(1.68%). Candle: ID:175, Time: 7:05, Close: 529.01
2021-05-30 21:43:24 63      NVDA: OrderID: 1e3bc323. PlacedOrder. Status: New. RejectReason: 
2021-05-30 21:43:24 63      NVDA: OrderID: 1e3bc323 fully executed
2021-05-30 21:43:24 70      NVTA_BBG005DJFD43_2021-02-26
2021-05-30 21:43:24 73      NWL_BBG000BQC9V2_2021-02-26
2021-05-30 21:43:24 75      NWSA_BBG0035LY913_2021-02-26
2021-05-30 21:43:24 77      NXPI_BBG000BND699_2021-02-26
2021-05-30 21:43:24 81      O_BBG000DHPN63_2021-02-26
2021-05-30 21:43:24 83      OIS_BBG000BDDN94_2021-02-26
2021-05-30 21:43:24 85      OKE_BBG000BQHGR6_2021-02-26
2021-05-30 21:43:24 87      OKTA_BBG001YV1SM4_2021-02-26
2021-05-30 21:43:24 89      OLLI_BBG0098VVDT9_2021-02-26
2021-05-30 21:43:24 90      OMC_BBG000BS9489_2021-02-26
2021-05-30 21:43:24 91      ON_BBG000DV7MX4_2021-02-26
2021-05-30 21:43:24 96      ORCL_BBG000BQLTW7_2021-02-26
2021-05-30 21:43:25 01      OSUR_BBG000J3D1Y8_2021-02-26
2021-05-30 21:43:25 03      OTIS_BBG00RP60KV0_2021-02-26
2021-05-30 21:43:25 04      OVV_BBG00R2NHQ65_2021-02-26
2021-05-30 21:43:25 05      OXY_BBG000BQQ2S6_2021-02-26
2021-05-30 21:43:25 10      PAGS_BBG00JM7QBR6_2021-02-26
2021-05-30 21:43:25 12      PBCT_BBG000BQT4L6_2021-02-26
2021-05-30 21:43:25 15      PBF_BBG002832GV8_2021-02-26
2021-05-30 21:43:25 17      PBF: BuyPending. Strategy: MorningOpenStrategy. Price: 14.38. Lots: 17. ChangeOpenToCurrent: -2.31. ChangePrevCloseToCurrent: -2.31. Candle: ID:11, Time: 7:00, Close: 14.38.
2021-05-30 21:43:25 17      PBF: OrderID: d46ae02a. PlacedOrder. Status: New. RejectReason: 
2021-05-30 21:43:25 17      PBF: OrderID: d46ae02a fully executed
2021-05-30 21:43:25 17      PBF: Morning closing by timeout. Close price: 14.48. Lots: 17. Profit: 0.10(0.70%). Candle: ID:176, Time: 7:35, Close: 14.48
2021-05-30 21:43:25 17      PBF: OrderID: a220c27f. PlacedOrder. Status: New. RejectReason: 
2021-05-30 21:43:25 17      PBF: OrderID: a220c27f partially executed. Executed lots: 1. OrderStatus: 1/17 lots
2021-05-30 21:43:25 17      PBF: OrderID: a220c27f fully executed
2021-05-30 21:43:25 18      PBI_BBG000BQTMJ9_2021-02-26
2021-05-30 21:43:25 20      PCAR_BBG000BQVTF5_2021-02-26
2021-05-30 21:43:25 23      PCG_BBG000BQWPC5_2021-02-26
2021-05-30 21:43:25 25      PDCO_BBG000BQY289_2021-02-26
2021-05-30 21:43:25 27      PEAK_BBG000BKYDP9_2021-02-26
2021-05-30 21:43:25 30      PEG_BBG000BQZMH4_2021-02-26
2021-05-30 21:43:25 32      PEP_BBG000DH7JK6_2021-02-26
2021-05-30 21:43:25 40      PFE_BBG000BR2B91_2021-02-26
2021-05-30 21:43:25 48      PFG_BBG000NSCNT7_2021-02-26
2021-05-30 21:43:25 51      PG_BBG000BR2TH3_2021-02-26
2021-05-30 21:43:25 58      PGR_BBG000BR37X2_2021-02-26
2021-05-30 21:43:25 61      PHM_BBG000BR54L0_2021-02-26
2021-05-30 21:43:25 63      PINS_BBG002583CV8_2021-02-26
2021-05-30 21:43:25 66      PINS: BuyPending. Strategy: MorningOpenStrategy. Price: 76.85. Lots: 3. ChangeOpenToCurrent: -1.47. ChangePrevCloseToCurrent: -2.10. Candle: ID:26, Time: 7:00, Close: 76.85.
2021-05-30 21:43:25 66      PINS: OrderID: a3b11f92. PlacedOrder. Status: New. RejectReason: 
2021-05-30 21:43:25 66      PINS: OrderID: a3b11f92 partially executed. Executed lots: 1. OrderStatus: 1/3 lots
2021-05-30 21:43:25 66      PINS: OrderID: a3b11f92 fully executed
2021-05-30 21:43:25 66      PINS: Morning closing by timeout. Close price: 76.5. Lots: 3. Profit: -0.35(-0.46%). Candle: ID:162, Time: 7:20, Close: 76.5
2021-05-30 21:43:25 66      PINS: OrderID: e015156e. PlacedOrder. Status: New. RejectReason: 
2021-05-30 21:43:25 66      PINS: OrderID: e015156e partially executed. Executed lots: 1. OrderStatus: 1/3 lots
2021-05-30 21:43:25 66      PINS: OrderID: e015156e partially executed. Executed lots: 1. OrderStatus: 2/3 lots
2021-05-30 21:43:25 66      PINS: OrderID: e015156e fully executed
2021-05-30 21:43:25 68      PLAN_BBG002DZS299_2021-02-26
2021-05-30 21:43:25 71      PLAY_BBG001WWJTK5_2021-02-26
2021-05-30 21:43:25 74      PLCE_BBG000JK9DK4_2021-02-26
2021-05-30 21:43:25 75      PLD_BBG000B9Z0J8_2021-02-26
2021-05-30 21:43:25 78      PLNT_BBG009H04M17_2021-02-26
2021-05-30 21:43:25 79      PM_BBG000J2XL74_2021-02-26
2021-05-30 21:43:25 81      PNC_BBG000BRD0D8_2021-02-26
2021-05-30 21:43:25 83      PPC_BBG000BFLXV3_2021-02-26
2021-05-30 21:43:25 84      PPL_BBG000BRJL00_2021-02-26
2021-05-30 21:43:25 86      PRU_BBG000HCJMF9_2021-02-26
2021-05-30 21:43:25 89      PS_BBG00KMYC574_2021-02-26
2021-05-30 21:43:25 89      PSTG_BBG00212PVZ5_2021-02-26
2021-05-30 21:43:25 93      PSX_BBG00286S4N9_2021-02-26
2021-05-30 21:43:25 97      PTON_BBG00JG0FFZ2_2021-02-26
2021-05-30 21:43:26 04      PXD_BBG000BXRPH1_2021-02-26
2021-05-30 21:43:26 09      PYPL_BBG0077VNXV6_2021-02-26
2021-05-30 21:43:26 15      PYPL: BuyPending. Strategy: MorningOpenStrategy. Price: 250. Lots: 1. ChangeOpenToCurrent: -2.19. ChangePrevCloseToCurrent: -0.99. Candle: ID:20, Time: 7:00, Close: 250.
2021-05-30 21:43:26 15      PYPL: OrderID: dc25b2b7. PlacedOrder. Status: New. RejectReason: 
2021-05-30 21:43:26 15      PYPL: OrderID: dc25b2b7 fully executed
2021-05-30 21:43:26 15      PYPL: Morning closing by timeout. Close price: 243.58. Lots: 1. Profit: -6.42(-2.57%). Candle: ID:337, Time: 7:20, Close: 243.58
2021-05-30 21:43:26 15      PYPL: OrderID: 857d8242. PlacedOrder. Status: New. RejectReason: 
2021-05-30 21:43:26 15      PYPL: OrderID: 857d8242 fully executed
2021-05-30 21:43:26 19      QCOM_BBG000CGC1X8_2021-02-26
2021-05-30 21:43:26 26      QCOM: BuyPending. Strategy: MorningOpenStrategy. Price: 132.01. Lots: 1. ChangeOpenToCurrent: -0.50. ChangePrevCloseToCurrent: -2.20. Candle: ID:95, Time: 7:00, Close: 132.01.
2021-05-30 21:43:26 26      QCOM: OrderID: 22665c24. PlacedOrder. Status: New. RejectReason: 
2021-05-30 21:43:26 26      QCOM: OrderID: 22665c24 fully executed
2021-05-30 21:43:26 26      QCOM: Morning closing by timeout. Close price: 131.72. Lots: 1. Profit: -0.29(-0.22%). Candle: ID:437, Time: 7:25, Close: 131.72
2021-05-30 21:43:26 26      QCOM: OrderID: b8622059. PlacedOrder. Status: New. RejectReason: 
2021-05-30 21:43:26 26      QCOM: OrderID: b8622059 fully executed
2021-05-30 21:43:26 31      QDEL_BBG000C6GN04_2021-02-26
2021-05-30 21:43:26 33      QRTEA_BBG000PCQQL6_2021-02-26
2021-05-30 21:43:26 34      QRTEA: SPYKE!. Candle: ID:107, Time: 12:35, Close: 12.12
2021-05-30 21:43:26 34      QRTEA: SPYKE!. Candle: ID:118, Time: 12:45, Close: 12.15
2021-05-30 21:43:26 34      QRTEA: SPYKE!. Candle: ID:176, Time: 13:05, Close: 13.2
2021-05-30 21:43:26 34      QRTEA: SPYKE!. Candle: ID:205, Time: 13:20, Close: 12.6
2021-05-30 21:43:26 34      QRTEA: SPYKE!. Candle: ID:213, Time: 13:30, Close: 12.55
2021-05-30 21:43:26 35      QRVO_BBG007TJF1N7_2021-02-26
2021-05-30 21:43:26 39      RCL_BBG000BB5792_2021-02-26
2021-05-30 21:43:26 41      RCL: BuyPending. Strategy: MorningOpenStrategy. Price: 89.5. Lots: 2. ChangeOpenToCurrent: 1.16. ChangePrevCloseToCurrent: -2.18. Candle: ID:9, Time: 7:00, Close: 89.5.
2021-05-30 21:43:26 41      RCL: OrderID: 5546c315. PlacedOrder. Status: New. RejectReason: 
2021-05-30 21:43:26 41      RCL: OrderID: 5546c315 fully executed
2021-05-30 21:43:26 41      RCL: Morning closing by timeout. Close price: 88.6. Lots: 2. Profit: -0.90(-1.01%). Candle: ID:79, Time: 7:20, Close: 88.6
2021-05-30 21:43:26 41      RCL: OrderID: 03e09678. PlacedOrder. Status: New. RejectReason: 
2021-05-30 21:43:26 41      RCL: OrderID: 03e09678 fully executed
2021-05-30 21:43:26 42      RDFN_BBG001Q7HP63_2021-02-26
2021-05-30 21:43:26 45      RDS.A_BBG000QXSSS6_2021-02-26
2021-05-30 21:43:26 48      REG_BBG000BL46Q4_2021-02-26
2021-05-30 21:43:26 51      REGN_BBG000C734W3_2021-02-26
2021-05-30 21:43:26 53      RF_BBG000Q3JN03_2021-02-26
2021-05-30 21:43:26 56      ROKU_BBG001ZZPQJ6_2021-02-26
2021-05-30 21:43:26 63      ROST_BBG000BSBZH7_2021-02-26
2021-05-30 21:43:26 66      RRC_BBG000FVXD63_2021-02-26
2021-05-30 21:43:26 68      RRGB_BBG000MXH9C1_2021-02-26
2021-05-30 21:43:26 69      RTX_BBG000BW8S60_2021-02-26
2021-05-30 21:43:26 74      SAVE_BBG000BF6RQ9_2021-02-26
2021-05-30 21:43:26 76      SAVE: BuyPending. Strategy: MorningOpenStrategy. Price: 34.03. Lots: 7. ChangeOpenToCurrent: -2.18. ChangePrevCloseToCurrent: -3.87. Candle: ID:9, Time: 7:00, Close: 34.03.
2021-05-30 21:43:26 76      SAVE: OrderID: 2c30e74d. PlacedOrder. Status: New. RejectReason: 
2021-05-30 21:43:26 76      SAVE: Cancel order. Did not bought at market open. Candle: ID:31, Time: 7:05, Close: 34.18
2021-05-30 21:43:26 76      OrderID: 2c30e74d successfully canceled
2021-05-30 21:43:26 78      SBGI_BBG000F2XXP2_2021-02-26
2021-05-30 21:43:26 80      SBRA_BBG000MTDW24_2021-02-26
2021-05-30 21:43:26 81      SBUX_BBG000CTQBF3_2021-02-26
2021-05-30 21:43:26 92      SCHW_BBG000BSLZY7_2021-02-26
2021-05-30 21:43:26 96      SDGR_BBG000T88BN2_2021-02-26
2021-05-30 21:43:26 98      SEDG_BBG0084BBZY6_2021-02-26
2021-05-30 21:43:27 01      SFIX_BBG0046L1KL9_2021-02-26
2021-05-30 21:43:27 03      SFM_BBG001KFKQM7_2021-02-26
2021-05-30 21:43:27 04      SGEN_BBG000BH0FR6_2021-02-26
2021-05-30 21:43:27 06      SIG_BBG000C4ZZ10_2021-02-26
2021-05-30 21:43:27 07      SLB_BBG000BT41Q8_2021-02-26
2021-05-30 21:43:27 10      SLB: SPYKE!. Candle: ID:240, Time: 12:10, Close: 27
2021-05-30 21:43:27 12      SLG_BBG000BVP5P2_2021-02-26
2021-05-30 21:43:27 14      SMAR_BBG00GQK3WB5_2021-02-26
2021-05-30 21:43:27 15      SNAP_BBG00441QMJ7_2021-02-26
2021-05-30 21:43:27 21      SNAP: BuyPending. Strategy: MorningOpenStrategy. Price: 60.93. Lots: 4. ChangeOpenToCurrent: -2.39. ChangePrevCloseToCurrent: -3.21. Candle: ID:23, Time: 7:00, Close: 60.93.
2021-05-30 21:43:27 21      SNAP: OrderID: 2a753f0a. PlacedOrder. Status: New. RejectReason: 
2021-05-30 21:43:27 21      SNAP: OrderID: 2a753f0a fully executed
2021-05-30 21:43:27 21      SNAP: Morning closing. Close price: 61.79. Lots: 4. CandleChange: -0.02%. ChangeFromCandleHigh: -0.50%. Profit: 0.86(1.41%). Candle: ID:37, Time: 7:05, Close: 61.79
2021-05-30 21:43:27 21      SNAP: OrderID: a9bd0848. PlacedOrder. Status: New. RejectReason: 
2021-05-30 21:43:27 21      SNAP: OrderID: a9bd0848 partially executed. Executed lots: 1. OrderStatus: 1/4 lots
2021-05-30 21:43:27 21      SNAP: OrderID: a9bd0848 fully executed
2021-05-30 21:43:27 25      SNPS_BBG000BSFRF3_2021-02-26
2021-05-30 21:43:27 28      SNY_BBG000BBD5N1_2021-02-26
2021-05-30 21:43:27 29      SO_BBG000BT9DW0_2021-02-26
2021-05-30 21:43:27 32      SONO_BBG001JZPSQ2_2021-02-26
2021-05-30 21:43:27 34      SONO: SPYKE!. Candle: ID:6672, Time: 22:25, Close: 41
2021-05-30 21:43:27 34      SONO: SPYKE!. Candle: ID:6673, Time: 22:25, Close: 41.41
2021-05-30 21:43:27 34      SONO: SPYKE!. Candle: ID:6674, Time: 22:25, Close: 39.19
2021-05-30 21:43:27 34      SONO: SPYKE!. Candle: ID:6677, Time: 22:25, Close: 41
2021-05-30 21:43:27 34      SPCE_BBG00HTN2CQ3_2021-02-26
2021-05-30 21:43:27 50      SPCE: BuyPending. Strategy: MorningOpenStrategy. Price: 35.57. Lots: 7. ChangeOpenToCurrent: -2.55. ChangePrevCloseToCurrent: -2.01. Candle: ID:17, Time: 7:00, Close: 35.57.
2021-05-30 21:43:27 50      SPCE: OrderID: d699afdc. PlacedOrder. Status: New. RejectReason: 
2021-05-30 21:43:27 50      SPCE: OrderID: d699afdc fully executed
2021-05-30 21:43:27 50      SPCE: Morning closing. Close price: 35.93. Lots: 7. CandleChange: 0.79%. ChangeFromCandleHigh: -1.05%. Profit: 0.36(1.01%). Candle: ID:3990, Time: 7:15, Close: 35.93
2021-05-30 21:43:27 50      SPCE: OrderID: 5a3aa990. PlacedOrder. Status: New. RejectReason: 
2021-05-30 21:43:27 50      SPCE: OrderID: 5a3aa990 fully executed
2021-05-30 21:43:27 63      SPG_BBG000BJ2D31_2021-02-26
2021-05-30 21:43:27 64      SPG: BuyPending. Strategy: MorningOpenStrategy. Price: 110. Lots: 2. ChangeOpenToCurrent: -2.22. ChangePrevCloseToCurrent: -3.93. Candle: ID:9, Time: 7:00, Close: 110.
2021-05-30 21:43:27 64      SPG: OrderID: b5f61bab. PlacedOrder. Status: New. RejectReason: 
2021-05-30 21:43:27 64      SPG: OrderID: b5f61bab fully executed
2021-05-30 21:43:27 64      SPG: Morning closing. Close price: 110.39. Lots: 2. CandleChange: -0.23%. ChangeFromCandleHigh: -0.23%. Profit: 0.39(0.35%). Candle: ID:26, Time: 7:05, Close: 110.39
2021-05-30 21:43:27 64      SPG: OrderID: 99e9d70a. PlacedOrder. Status: New. RejectReason: 
2021-05-30 21:43:27 64      SPG: OrderID: 99e9d70a fully executed
2021-05-30 21:43:27 65      SPLK_BBG001C7TST4_2021-02-26
2021-05-30 21:43:27 70      SPR_BBG000PRJ2Z9_2021-02-26
2021-05-30 21:43:27 71      SPR: BuyPending. Strategy: MorningOpenStrategy. Price: 42.53. Lots: 5. ChangeOpenToCurrent: 1.09. ChangePrevCloseToCurrent: -2.54. Candle: ID:15, Time: 7:00, Close: 42.53.
2021-05-30 21:43:27 71      SPR: OrderID: 3002ecc6. PlacedOrder. Status: New. RejectReason: 
2021-05-30 21:43:27 71      SPR: OrderID: 3002ecc6 partially executed. Executed lots: 1. OrderStatus: 1/5 lots
2021-05-30 21:43:27 71      SPR: OrderID: 3002ecc6 fully executed
2021-05-30 21:43:27 71      SPR: Morning closing. Close price: 42.67. Lots: 5. CandleChange: -0.14%. ChangeFromCandleHigh: -0.14%. Profit: 0.14(0.33%). Candle: ID:32, Time: 7:05, Close: 42.67
2021-05-30 21:43:27 71      SPR: OrderID: b9a4ef70. PlacedOrder. Status: New. RejectReason: 
2021-05-30 21:43:27 71      SPR: OrderID: b9a4ef70 partially executed. Executed lots: 4. OrderStatus: 4/5 lots
2021-05-30 21:43:27 71      SPR: OrderID: b9a4ef70 fully executed
2021-05-30 21:43:27 72      SQ_BBG0018SLC07_2021-02-26
2021-05-30 21:43:27 78      SQ: BuyPending. Strategy: MorningOpenStrategy. Price: 218.51. Lots: 1. ChangeOpenToCurrent: -2.45. ChangePrevCloseToCurrent: -2.52. Candle: ID:32, Time: 7:00, Close: 218.51.
2021-05-30 21:43:27 78      SQ: OrderID: 310a0a30. PlacedOrder. Status: New. RejectReason: 
2021-05-30 21:43:27 78      SQ: OrderID: 310a0a30 fully executed
2021-05-30 21:43:27 78      SQ: Buy more. Price: 212. Lots: 1. changeFromLastBuy: -2.98. Candle: ID:34, Time: 7:00, Close: 212.
2021-05-30 21:43:27 78      SQ: OrderID: 8aef9daa. PlacedOrder. Status: New. RejectReason: 
2021-05-30 21:43:27 78      SQ: Morning closing. Close price: 219.21. Lots: 1. CandleChange: -0.13%. ChangeFromCandleHigh: -0.13%. Profit: 0.70(0.32%). Candle: ID:129, Time: 7:05, Close: 219.21
2021-05-30 21:43:27 78      SQ: OrderID: 12301fa5. PlacedOrder. Status: New. RejectReason: 
2021-05-30 21:43:27 78      SQ: OrderID: 8aef9daa automatically canceling...
2021-05-30 21:43:27 78      SQ: OrderID: 12301fa5 fully executed
2021-05-30 21:43:27 78      OrderID: 8aef9daa successfully canceled
2021-05-30 21:43:27 81      SSNC_BBG000RJ2J04_2021-02-26
2021-05-30 21:43:27 84      STLD_BBG000HGYNZ9_2021-02-26
2021-05-30 21:43:27 86      STT_BBG000BKFBD7_2021-02-26
2021-05-30 21:43:27 87      STX_BBG000F0KF42_2021-02-26
2021-05-30 21:43:27 87      Warning: figi `BBG000F0KF42` for history data does not match actual figi `BBG0113JGQF0`. Ticker: STX. Will be used actual!
2021-05-30 21:43:27 91      SWBI_BBG000BM0QL7_2021-02-26
2021-05-30 21:43:27 92      SWKS_BBG000KLB4Q1_2021-02-26
2021-05-30 21:43:27 95      SWN_BBG000BTR593_2021-02-26
2021-05-30 21:43:27 98      SYF_BBG00658F3P3_2021-02-26
2021-05-30 21:43:28 02      SYY_BBG000BTVJ25_2021-02-26
2021-05-30 21:43:28 04      T_BBG000BSJK37_2021-02-26
2021-05-30 21:43:28 15      TAL_BBG0016XJ8S0_2021-02-26
2021-05-30 21:43:28 17      TAP_BBG000BS7KS3_2021-02-26
2021-05-30 21:43:28 18      TDOC_BBG0019T5SG0_2021-02-26
2021-05-30 21:43:28 25      TENB_BBG00LBLCD02_2021-02-26
2021-05-30 21:43:28 26      TER_BBG000BV4DR6_2021-02-26
2021-05-30 21:43:28 30      TFC_BBG000BYYLS8_2021-02-26
2021-05-30 21:43:28 34      TGT_BBG000H8TVT2_2021-02-26
2021-05-30 21:43:28 37      TJX_BBG000BV8DN6_2021-02-26
2021-05-30 21:43:28 40      TMUS_BBG000NDV1D4_2021-02-26
2021-05-30 21:43:28 44      TOL_BBG000BVHBM1_2021-02-26
2021-05-30 21:43:28 45      TOT_BBG000CHZ857_2021-02-26
2021-05-30 21:43:28 48      TPR_BBG000BY29C7_2021-02-26
2021-05-30 21:43:28 50      TRIP_BBG001M8HHB7_2021-02-26
2021-05-30 21:43:28 55      TRIP: SPYKE!. Candle: ID:58, Time: 7:10, Close: 40.17
2021-05-30 21:43:28 57      TRMB_BBG000BNPS52_2021-02-26
2021-05-30 21:43:28 59      TROW_BBG000BVMPN3_2021-02-26
2021-05-30 21:43:28 61      TSCO_BBG000BLXZN1_2021-02-26
2021-05-30 21:43:28 63      TSLA_BBG000N9MNX3_2021-02-26
2021-05-30 21:43:28 93      TSLA: BuyPending. Strategy: MorningOpenStrategy. Price: 660.25. Lots: 1. ChangeOpenToCurrent: 0.19. ChangePrevCloseToCurrent: -2.83. Candle: ID:9, Time: 7:00, Close: 660.25.
2021-05-30 21:43:28 93      TSLA: OrderID: 2c39699f. PlacedOrder. Status: New. RejectReason: 
2021-05-30 21:43:28 93      TSLA: OrderID: 2c39699f fully executed
2021-05-30 21:43:28 93      TSLA: Morning closing. Close price: 666.2. Lots: 1. CandleChange: -0.25%. ChangeFromCandleHigh: -0.25%. Profit: 5.95(0.90%). Candle: ID:520, Time: 7:05, Close: 666.2
2021-05-30 21:43:28 93      TSLA: OrderID: df069c20. PlacedOrder. Status: New. RejectReason: 
2021-05-30 21:43:28 93      TSLA: OrderID: df069c20 fully executed
2021-05-30 21:43:29 12      TSM_BBG000BD8ZK0_2021-02-26
2021-05-30 21:43:29 18      TSM: BuyPending. Strategy: MorningOpenStrategy. Price: 122.58. Lots: 2. ChangeOpenToCurrent: -1.28. ChangePrevCloseToCurrent: -2.46. Candle: ID:9, Time: 7:00, Close: 122.58.
2021-05-30 21:43:29 18      TSM: OrderID: 9f99668c. PlacedOrder. Status: New. RejectReason: 
2021-05-30 21:43:29 18      TSM: OrderID: 9f99668c fully executed
2021-05-30 21:43:29 18      TSM: Morning closing by timeout. Close price: 121.87. Lots: 2. Profit: -0.71(-0.58%). Candle: ID:392, Time: 7:20, Close: 121.87
2021-05-30 21:43:29 18      TSM: OrderID: a84d5554. PlacedOrder. Status: New. RejectReason: 
2021-05-30 21:43:29 18      TSM: OrderID: a84d5554 partially executed. Executed lots: 1. OrderStatus: 1/2 lots
2021-05-30 21:43:29 18      TSM: OrderID: a84d5554 fully executed
2021-05-30 21:43:29 21      TSN_BBG000DKCC19_2021-02-26
2021-05-30 21:43:29 23      TTD_BBG00629NGT2_2021-02-26
2021-05-30 21:43:29 25      TTM_BBG000PVGDH9_2021-02-26
2021-05-30 21:43:29 26      TTMI_BBG000BYQ0B1_2021-02-26
2021-05-30 21:43:29 26      TTWO_BBG000BS1YV5_2021-02-26
2021-05-30 21:43:29 29      TWLO_BBG0029ZX840_2021-02-26
2021-05-30 21:43:29 30      TWNK_BBG00B6KGNN1_2021-02-26
2021-05-30 21:43:29 31      TWOU_BBG001KS9450_2021-02-26
2021-05-30 21:43:29 33      TWTR_BBG000H6HNW3_2021-02-26
2021-05-30 21:43:29 43      TXN_BBG000BVV7G1_2021-02-26
2021-05-30 21:43:29 49      TXRH_BBG000PSJMV7_2021-02-26
2021-05-30 21:43:29 50      UA_BBG009DTD8H2_2021-02-26
2021-05-30 21:43:29 51      UAA_BBG000BXM6V2_2021-02-26
2021-05-30 21:43:29 53      UAL_BBG000M65M61_2021-02-26
2021-05-30 21:43:29 56      UAL: BuyPending. Strategy: MorningOpenStrategy. Price: 49.9. Lots: 5. ChangeOpenToCurrent: -1.31. ChangePrevCloseToCurrent: -3.01. Candle: ID:9, Time: 7:00, Close: 49.9.
2021-05-30 21:43:29 56      UAL: OrderID: 96b23628. PlacedOrder. Status: New. RejectReason: 
2021-05-30 21:43:29 56      UAL: OrderID: 96b23628 fully executed
2021-05-30 21:43:29 56      UAL: Buy more. Price: 48.88. Lots: 5. changeFromLastBuy: -2.04. Candle: ID:51, Time: 7:00, Close: 48.88.
2021-05-30 21:43:29 56      UAL: OrderID: a4ce421f. PlacedOrder. Status: New. RejectReason: 
2021-05-30 21:43:29 56      UAL: OrderID: a4ce421f fully executed
2021-05-30 21:43:29 57      UAL: Morning closing. Close price: 50. Lots: 10. CandleChange: -0.20%. ChangeFromCandleHigh: -0.24%. Profit: 0.61(1.24%). Candle: ID:171, Time: 7:10, Close: 50
2021-05-30 21:43:29 57      UAL: OrderID: 8f88256a. PlacedOrder. Status: New. RejectReason: 
2021-05-30 21:43:29 57      UAL: OrderID: 8f88256a partially executed. Executed lots: 2. OrderStatus: 2/10 lots
2021-05-30 21:43:29 57      UAL: OrderID: 8f88256a fully executed
2021-05-30 21:43:29 60      UBER_BBG002B04MT8_2021-02-26
2021-05-30 21:43:29 66      UDR_BBG000C41023_2021-02-26
2021-05-30 21:43:29 68      ULTA_BBG00FWQ4VD6_2021-02-26
2021-05-30 21:43:29 70      UNH_BBG000CH5208_2021-02-26
2021-05-30 21:43:29 72      UNM_BBG000BW2QX0_2021-02-26
2021-05-30 21:43:29 75      UNP_BBG000BW3299_2021-02-26
2021-05-30 21:43:29 76      UNVR_BBG000BDHD29_2021-02-26
2021-05-30 21:43:29 77      UPS_BBG000L9CV04_2021-02-26
2021-05-30 21:43:29 79      UPWK_BBG00FBJ6390_2021-02-26
2021-05-30 21:43:29 82      URBN_BBG000BL79J3_2021-02-26
2021-05-30 21:43:29 83      USB_BBG000FFDM15_2021-02-26
2021-05-30 21:43:29 87      USFD_BBG00C6H6D40_2021-02-26
2021-05-30 21:43:29 88      V_BBG000PSKYX7_2021-02-26
2021-05-30 21:43:29 92      VALE_BBG000BN5LG7_2021-02-26
2021-05-30 21:43:29 94      VALE: BuyPending. Strategy: MorningOpenStrategy. Price: 16.8. Lots: 14. ChangeOpenToCurrent: -1.98. ChangePrevCloseToCurrent: -2.67. Candle: ID:11, Time: 7:00, Close: 16.8.
2021-05-30 21:43:29 94      VALE: OrderID: df41d487. PlacedOrder. Status: New. RejectReason: 
2021-05-30 21:43:29 94      VALE: OrderID: df41d487 fully executed
2021-05-30 21:43:29 94      VALE: Morning closing. Close price: 16.97. Lots: 14. CandleChange: -0.06%. ChangeFromCandleHigh: -0.06%. Profit: 0.17(1.01%). Candle: ID:92, Time: 7:10, Close: 16.97
2021-05-30 21:43:29 94      VALE: OrderID: 7176eb5f. PlacedOrder. Status: New. RejectReason: 
2021-05-30 21:43:29 94      VALE: OrderID: 7176eb5f partially executed. Executed lots: 5. OrderStatus: 5/14 lots
2021-05-30 21:43:29 94      VALE: OrderID: 7176eb5f fully executed
2021-05-30 21:43:29 96      VFC_BBG000BWCKB6_2021-02-26
2021-05-30 21:43:29 97      VG_BBG000BRB5D9_2021-02-26
2021-05-30 21:43:29 98      VIAC_BBG000C496P7_2021-02-26
2021-05-30 21:43:30 03      VIPS_BBG002NLDLV8_2021-02-26
2021-05-30 21:43:30 04      VIPS: BuyPending. Strategy: MorningOpenStrategy. Price: 37.19. Lots: 6. ChangeOpenToCurrent: 0. ChangePrevCloseToCurrent: -2.13. Candle: ID:9, Time: 7:00, Close: 37.19.
2021-05-30 21:43:30 04      VIPS: OrderID: b394cd97. PlacedOrder. Status: New. RejectReason: 
2021-05-30 21:43:30 04      VIPS: OrderID: b394cd97 partially executed. Executed lots: 5. OrderStatus: 5/6 lots
2021-05-30 21:43:30 04      VIPS: OrderID: b394cd97 fully executed
2021-05-30 21:43:30 04      VIPS: Morning closing by timeout. Close price: 36.55. Lots: 6. Profit: -0.64(-1.72%). Candle: ID:157, Time: 7:20, Close: 36.55
2021-05-30 21:43:30 04      VIPS: OrderID: 8656f198. PlacedOrder. Status: New. RejectReason: 
2021-05-30 21:43:30 04      VIPS: OrderID: 8656f198 partially executed. Executed lots: 1. OrderStatus: 1/6 lots
2021-05-30 21:43:30 04      VIPS: OrderID: 8656f198 partially executed. Executed lots: 3. OrderStatus: 4/6 lots
2021-05-30 21:43:30 04      VIPS: OrderID: 8656f198 fully executed
2021-05-30 21:43:30 06      VLO_BBG000BBGGQ1_2021-02-26
2021-05-30 21:43:30 10      VNO_BBG000BWHD54_2021-02-26
2021-05-30 21:43:30 11      VRSK_BBG000BCZL41_2021-02-26
2021-05-30 21:43:30 14      VRTX_BBG000C1S2X2_2021-02-26
2021-05-30 21:43:30 17      VTR_BBG000FRVHB9_2021-02-26
2021-05-30 21:43:30 18      VZ_BBG000HS77T5_2021-02-26
2021-05-30 21:43:30 22      W_BBG001B17MV2_2021-02-26
2021-05-30 21:43:30 25      WB_BBG0065XPGX9_2021-02-26
2021-05-30 21:43:30 26      WBA_BBG000BWLMJ4_2021-02-26
2021-05-30 21:43:30 29      WDAY_BBG000VC0T95_2021-02-26
2021-05-30 21:43:30 33      WDC_BBG000BWNFZ9_2021-02-26
2021-05-30 21:43:30 36      WELL_BBG000BKY1G5_2021-02-26
2021-05-30 21:43:30 39      WERN_BBG000BWPP85_2021-02-26
2021-05-30 21:43:30 40      WFC_BBG000BWQFY7_2021-02-26
2021-05-30 21:43:30 48      WLTW_BBG000DB3KT1_2021-02-26
2021-05-30 21:43:30 49      WMB_BBG000BWVCP8_2021-02-26
2021-05-30 21:43:30 51      WMT_BBG000BWXBC2_2021-02-26
2021-05-30 21:43:30 55      WORK_BBG007G7V505_2021-02-26
2021-05-30 21:43:30 58      WRK_BBG008NXC572_2021-02-26
2021-05-30 21:43:30 59      WSC_BBG00B0FS947_2021-02-26
2021-05-30 21:43:30 60      WSC: SPYKE!. Candle: ID:39, Time: 14:30, Close: 27.67
2021-05-30 21:43:30 60      WU_BBG000BB5373_2021-02-26
2021-05-30 21:43:30 62      WY_BBG000BX3BL3_2021-02-26
2021-05-30 21:43:30 64      WYNN_BBG000LD9JQ8_2021-02-26
2021-05-30 21:43:30 67      XEL_BBG000BCTQ65_2021-02-26
2021-05-30 21:43:30 70      XLNX_BBG000C0F570_2021-02-26
2021-05-30 21:43:30 73      XOM_BBG000GZQ728_2021-02-26
2021-05-30 21:43:30 82      XRAY_BBG000BX57K1_2021-02-26
2021-05-30 21:43:30 84      XRX_BBG00NNG2ZJ8_2021-02-26
2021-05-30 21:43:30 87      YUM_BBG000BH3GZ2_2021-02-26
2021-05-30 21:43:30 91      YUMC_BBG00B8N0HG1_2021-02-26
2021-05-30 21:43:30 93      YY_BBG003H0XV18_2021-02-26
2021-05-30 21:43:30 94      Z_BBG009NRSWJ4_2021-02-26
2021-05-30 21:43:30 99      ZGNX_BBG000VDC3G9_2021-02-26
2021-05-30 21:43:30 99      ZGNX: BuyPending. Strategy: MorningOpenStrategy. Price: 21.47. Lots: 11. ChangeOpenToCurrent: -2.45. ChangePrevCloseToCurrent: -2.50. Candle: ID:9, Time: 7:00, Close: 21.47.
2021-05-30 21:43:30 99      ZGNX: OrderID: c58226b9. PlacedOrder. Status: New. RejectReason: 
2021-05-30 21:43:30 99      ZGNX: OrderID: c58226b9 partially executed. Executed lots: 1. OrderStatus: 1/11 lots
2021-05-30 21:43:30 99      ZGNX: OrderID: c58226b9 fully executed
2021-05-30 21:43:30 99      ZGNX: Morning closing by timeout. Close price: 21.62. Lots: 11. Profit: 0.15(0.70%). Candle: ID:156, Time: 7:20, Close: 21.62
2021-05-30 21:43:30 99      ZGNX: OrderID: ffbcd364. PlacedOrder. Status: New. RejectReason: 
2021-05-30 21:43:30 99      ZGNX: OrderID: ffbcd364 fully executed
2021-05-30 21:43:31 00      ZION_BBG000BX9WL1_2021-02-26
2021-05-30 21:43:31 03      ZM_BBG0042V6JM8_2021-02-26
2021-05-30 21:43:31 09      ZS_BBG003338H34_2021-02-26
2021-05-30 21:43:31 12      ZYNE_BBG007BBS8B7_2021-02-26
2021-05-30 21:43:31 18      ZYNE: BuyPending. Strategy: MorningOpenStrategy. Price: 4.31. Lots: 58. ChangeOpenToCurrent: 0.70. ChangePrevCloseToCurrent: -2.93. Candle: ID:9, Time: 7:00, Close: 4.31.
2021-05-30 21:43:31 18      ZYNE: OrderID: 48bc7c02. PlacedOrder. Status: New. RejectReason: 
2021-05-30 21:43:31 18      ZYNE: OrderID: 48bc7c02 partially executed. Executed lots: 25. OrderStatus: 25/58 lots
2021-05-30 21:43:31 18      ZYNE: OrderID: 48bc7c02 partially executed. Executed lots: 11. OrderStatus: 36/58 lots
2021-05-30 21:43:31 18      ZYNE: OrderID: 48bc7c02 fully executed
2021-05-30 21:43:31 18      ZYNE: Morning closing. Close price: 4.37. Lots: 58. CandleChange: -0.23%. ChangeFromCandleHigh: -0.23%. Profit: 0.06(1.39%). Candle: ID:910, Time: 7:10, Close: 4.37
2021-05-30 21:43:31 18      ZYNE: OrderID: 69cc4836. PlacedOrder. Status: New. RejectReason: 
2021-05-30 21:43:31 18      ZYNE: OrderID: 69cc4836 partially executed. Executed lots: 8. OrderStatus: 8/58 lots
2021-05-30 21:43:31 18      ZYNE: OrderID: 69cc4836 partially executed. Executed lots: 2. OrderStatus: 10/58 lots
2021-05-30 21:43:31 18      ZYNE: OrderID: 69cc4836 fully executed
2021-05-30 21:43:31 20      ZYXI_BBG000BJBXZ2_2021-02-26
2021-05-30 21:43:31 25      ZYXI: BuyPending. Strategy: MorningOpenStrategy. Price: 17.09. Lots: 14. ChangeOpenToCurrent: -4.74. ChangePrevCloseToCurrent: -3.39. Candle: ID:9, Time: 7:00, Close: 17.09.
2021-05-30 21:43:31 25      ZYXI: OrderID: f389a692. PlacedOrder. Status: New. RejectReason: 
2021-05-30 21:43:31 25      ZYXI: OrderID: f389a692 fully executed
2021-05-30 21:43:31 25      ZYXI: Morning closing. Close price: 17.31. Lots: 14. CandleChange: 0%. ChangeFromCandleHigh: -1.09%. Profit: 0.22(1.29%). Candle: ID:59, Time: 7:05, Close: 17.31
2021-05-30 21:43:31 25      ZYXI: OrderID: 282d32fb. PlacedOrder. Status: New. RejectReason: 
2021-05-30 21:43:31 25      ZYXI: OrderID: 282d32fb partially executed. Executed lots: 1. OrderStatus: 1/14 lots
2021-05-30 21:43:31 25      ZYXI: OrderID: 282d32fb fully executed
2021-05-30 21:43:31 25      ZYXI: SPYKE!. Candle: ID:1991, Time: 14:30, Close: 15.65
2021-05-30 21:43:31 25      ZYXI: SPYKE!. Candle: ID:2164, Time: 14:30, Close: 16.12
2021-05-30 21:43:31 27      Total candles read: 5430375
2021-05-30 21:43:31 27      Start DisposeAsync...
2021-05-30 21:43:31 28      Trade statistic. Total/Pos/Neg: 49/26/19; Profit: 20.04; Volume: 0; MaxVolume: 5306.52; Commission: 11.835800;
2021-05-30 21:43:31 28      BaseBot::DisposeAsync...
2021-05-30 21:43:31 28      BaseBot::DisposeAsync done!
2021-05-30 21:43:31 28      End DisposeAsync...
