2021-07-04 23:34:09 34      mode=TestTradeBot;CopyDDDDData=true;DumpQuotes=false;SubscribeQuotes=false;Strategies=MorningOpenStrategy;Token=token.txt;ConfigPath=usd.json;OutputFolder=.\new\;CandlesPath=C:\tinkoff\TestData\RawQuotes\5m\uncompressed\quotes_2021-04-21;
2021-07-04 23:34:09 34      Trade bot created
2021-07-04 23:34:09 36      Fake connection created
2021-07-04 23:34:09 47      Loaded 142 liquid instruments
2021-07-04 23:34:10 05      List of disabled tickers: 
2021-07-04 23:34:10 06      A_BBG000C2V3D6_2021-04-21
2021-07-04 23:34:10 11      AA_BBG00B3T3HD3_2021-04-21
2021-07-04 23:34:10 16      AAL_BBG005P7Q881_2021-04-21
2021-07-04 23:34:10 25      AAN_BBG00WCNDCZ6_2021-04-21
2021-07-04 23:34:10 26      AAON_BBG000C2LZP3_2021-04-21
2021-07-04 23:34:10 27      AAP_BBG000F7RCJ1_2021-04-21
2021-07-04 23:34:10 29      AAPL_BBG000B9XRY4_2021-04-21
2021-07-04 23:34:10 51      ABBV_BBG0025Y4RY4_2021-04-21
2021-07-04 23:34:10 55      ABC_BBG000MDCQC2_2021-04-21
2021-07-04 23:34:10 56      ABG_BBG000BKDWB5_2021-04-21
2021-07-04 23:34:10 57      ABMD_BBG000C101X4_2021-04-21
2021-07-04 23:34:10 58      ABNB_BBG001Y2XS07_2021-04-21
2021-07-04 23:34:10 63      ABT_BBG000B9ZXB4_2021-04-21
2021-07-04 23:34:10 66      ACAD_BBG000BHG9K0_2021-04-21
2021-07-04 23:34:10 67      ACAD: BuyPending. Strategy: MorningOpenStrategy. Price: 20.6. Lots: 12. ChangeOpenToCurrent: -2.04. ChangePrevCloseToCurrent: -0.48. Candle: ID:23, Time: 7:00, Close: 20.6.
2021-07-04 23:34:10 67      ACAD: OrderID: 714e6a99. PlacedOrder. Status: New. RejectReason: 
2021-07-04 23:34:10 67      ACAD: Cancel order. Did not bought at market open. Candle: ID:26, Time: 7:05, Close: 20.77
2021-07-04 23:34:10 67      OrderID: 714e6a99 successfully canceled
2021-07-04 23:34:10 68      ACH_BBG000CMRVH1_2021-04-21
2021-07-04 23:34:10 70      ACM_BBG000F61RJ8_2021-04-21
2021-07-04 23:34:10 71      ACMR_BBG00HPSG933_2021-04-21
2021-07-04 23:34:10 72      ACN_BBG000D9D830_2021-04-21
2021-07-04 23:34:10 73      ADBE_BBG000BB5006_2021-04-21
2021-07-04 23:34:10 77      ADM_BBG000BB6WG8_2021-04-21
2021-07-04 23:34:10 79      ADP_BBG000JG0547_2021-04-21
2021-07-04 23:34:10 80      ADPT_BBG001J2PFF5_2021-04-21
2021-07-04 23:34:10 81      ADS_BBG000BFNR17_2021-04-21
2021-07-04 23:34:10 83      ADSK_BBG000BM7HL0_2021-04-21
2021-07-04 23:34:10 84      ADUS_BBG000NJGX84_2021-04-21
2021-07-04 23:34:10 85      AEE_BBG000B9X8C0_2021-04-21
2021-07-04 23:34:10 86      AEIS_BBG000FKMP26_2021-04-21
2021-07-04 23:34:10 87      AEO_BBG000BGXZB5_2021-04-21
2021-07-04 23:34:10 89      AERI_BBG001KJ7WJ5_2021-04-21
2021-07-04 23:34:10 90      AES_BBG000C23KJ3_2021-04-21
2021-07-04 23:34:10 92      AFG_BBG000DPKKK0_2021-04-21
2021-07-04 23:34:10 93      AFL_BBG000BBBNC6_2021-04-21
2021-07-04 23:34:10 94      AGCO_BBG000DCCZW2_2021-04-21
2021-07-04 23:34:10 95      AGIO_BBG000QY4ZD0_2021-04-21
2021-07-04 23:34:10 96      AIG_BBG000BBDZG3_2021-04-21
2021-07-04 23:34:10 98      AIR_BBG000BBGQF1_2021-04-21
2021-07-04 23:34:10 99      AIRC_BBG00XK3WVD0_2021-04-21
2021-07-04 23:34:11 00      AIT_BBG000BBHHP9_2021-04-21
2021-07-04 23:34:11 01      AIV_BBG000DD3510_2021-04-21
2021-07-04 23:34:11 02      AIZ_BBG000BZX1N5_2021-04-21
2021-07-04 23:34:11 03      AJG_BBG000BBHXQ3_2021-04-21
2021-07-04 23:34:11 04      AJRD_BBG000BKRHQ7_2021-04-21
2021-07-04 23:34:11 05      AKAM_BBG000BJQWD2_2021-04-21
2021-07-04 23:34:11 06      ALB_BBG000BJ26K7_2021-04-21
2021-07-04 23:34:11 07      ALGN_BBG000BRNLL2_2021-04-21
2021-07-04 23:34:11 09      ALGT_BBG000LJS6B8_2021-04-21
2021-07-04 23:34:11 10      ALK_BBG000BBL0Y1_2021-04-21
2021-07-04 23:34:11 11      ALL_BBG000BVMGF2_2021-04-21
2021-07-04 23:34:11 13      ALLE_BBG003PS7JV1_2021-04-21
2021-07-04 23:34:11 14      ALLK_BBG003QBJKN0_2021-04-21
2021-07-04 23:34:11 15      ALLO_BBG00KHRRDX3_2021-04-21
2021-07-04 23:34:11 16      ALLY_BBG000BC2R71_2021-04-21
2021-07-04 23:34:11 18      ALNY_BBG000BFGNJ5_2021-04-21
2021-07-04 23:34:11 19      ALRM_BBG007GNPYY7_2021-04-21
2021-07-04 23:34:11 20      ALSN_BBG001KY3845_2021-04-21
2021-07-04 23:34:11 22      ALTR_BBG000PN9NB9_2021-04-21
2021-07-04 23:34:11 23      ALXN_BBG000G30YX4_2021-04-21
2021-07-04 23:34:11 24      AMAT_BBG000BBPFB9_2021-04-21
2021-07-04 23:34:11 35      AMCX_BBG000H01H92_2021-04-21
2021-07-04 23:34:11 36      AMD_BBG000BBQCY0_2021-04-21
2021-07-04 23:34:11 52      AME_BBG000B9XG87_2021-04-21
2021-07-04 23:34:11 53      AMED_BBG000B9ZV28_2021-04-21
2021-07-04 23:34:11 55      AMG_BBG000C060M4_2021-04-21
2021-07-04 23:34:11 55      AMGN_BBG000BBS2Y0_2021-04-21
2021-07-04 23:34:11 59      AMN_BBG000BCT197_2021-04-21
2021-07-04 23:34:11 59      AMP_BBG000G3QLY3_2021-04-21
2021-07-04 23:34:11 60      AMT_BBG000B9XYV2_2021-04-21
2021-07-04 23:34:11 62      AMWD_BBG000BBX657_2021-04-21
2021-07-04 23:34:11 63      AMZN_BBG000BVPV84_2021-04-21
2021-07-04 23:34:11 70      AN_BBG000BBXLW4_2021-04-21
2021-07-04 23:34:11 71      ANAB_BBG0026ZDHR0_2021-04-21
2021-07-04 23:34:11 72      ANDE_BBG000BF8CN3_2021-04-21
2021-07-04 23:34:11 73      ANET_BBG000N2HDY5_2021-04-21
2021-07-04 23:34:11 74      ANF_BBG000H9G7X2_2021-04-21
2021-07-04 23:34:11 75      ANGI_BBG00HVKH3Q0_2021-04-21
2021-07-04 23:34:11 77      ANIK_BBG000BBKZD8_2021-04-21
2021-07-04 23:34:11 78      ANIP_BBG000KK1L04_2021-04-21
2021-07-04 23:34:11 79      ANSS_BBG000GXZ4W7_2021-04-21
2021-07-04 23:34:11 80      ANTM_BBG000BCG930_2021-04-21
2021-07-04 23:34:11 81      AON_BBG00SSQFPK6_2021-04-21
2021-07-04 23:34:11 83      AOS_BBG000BC1L02_2021-04-21
2021-07-04 23:34:11 84      AOUT_BBG00QV8FS02_2021-04-21
2021-07-04 23:34:11 85      APA_BBG00YTS96G2_2021-04-21
2021-07-04 23:34:11 86      APA: SPYKE!. Candle: ID:142, Time: 9:25, Close: 16
2021-07-04 23:34:11 88      APD_BBG000BC4JJ4_2021-04-21
2021-07-04 23:34:11 89      APEI_BBG000RVD346_2021-04-21
2021-07-04 23:34:11 89      APH_BBG000B9YJ35_2021-04-21
2021-07-04 23:34:11 91      APLE_BBG006473QX9_2021-04-21
2021-07-04 23:34:11 92      APLT_BBG000DD0489_2021-04-21
2021-07-04 23:34:11 93      APPF_BBG008GC8CP6_2021-04-21
2021-07-04 23:34:11 94      APPN_BBG001C7PMJ2_2021-04-21
2021-07-04 23:34:11 95      APPS_BBG000HZ3562_2021-04-21
2021-07-04 23:34:11 98      APTV_BBG001QD41M9_2021-04-21
2021-07-04 23:34:12 00      ARCC_BBG000PD6X77_2021-04-21
2021-07-04 23:34:12 01      ARCT_BBG00NNW8JK1_2021-04-21
2021-07-04 23:34:12 02      ARE_BBG000BC33T9_2021-04-21
2021-07-04 23:34:12 04      ARMK_BBG001KY4N87_2021-04-21
2021-07-04 23:34:12 04      ARNA_BBG000BKXBV7_2021-04-21
2021-07-04 23:34:12 05      ARNC_BBG00R45JYB7_2021-04-21
2021-07-04 23:34:12 06      ARQT_BBG00QN8K4M4_2021-04-21
2021-07-04 23:34:12 07      ARVN_BBG00LW7YK82_2021-04-21
2021-07-04 23:34:12 08      ARW_BBG000BCD3D5_2021-04-21
2021-07-04 23:34:12 09      ARWR_BBG000BRVKH0_2021-04-21
2021-07-04 23:34:12 10      ASGN_BBG000CRN8N8_2021-04-21
2021-07-04 23:34:12 11      ASH_BBG00D0Y81M1_2021-04-21
2021-07-04 23:34:12 11      ASIX_BBG00CWTTQ41_2021-04-21
2021-07-04 23:34:12 12      ATEX_BBG0081NLHR0_2021-04-21
2021-07-04 23:34:12 13      ATGE_BBG000DQBZJ7_2021-04-21
2021-07-04 23:34:12 13      ATKR_BBG000QTFDQ4_2021-04-21
2021-07-04 23:34:12 14      ATR_BBG000BGX2S0_2021-04-21
2021-07-04 23:34:12 15      ATRA_BBG005Q3MQY4_2021-04-21
2021-07-04 23:34:12 16      ATRC_BBG000BL6CB5_2021-04-21
2021-07-04 23:34:12 17      ATRI_BBG000DTT624_2021-04-21
2021-07-04 23:34:12 18      ATRO_BBG000BCLBY5_2021-04-21
2021-07-04 23:34:12 19      ATUS_BBG00GFMPRK0_2021-04-21
2021-07-04 23:34:12 21      ATVI_BBG000CVWGS6_2021-04-21
2021-07-04 23:34:12 25      AVAV_BBG000GX14P2_2021-04-21
2021-07-04 23:34:12 26      AVB_BBG000BLPBL5_2021-04-21
2021-07-04 23:34:12 28      AVGO_BBG00KHY5S69_2021-04-21
2021-07-04 23:34:12 32      AVLR_BBG000R4Y9C1_2021-04-21
2021-07-04 23:34:12 33      AVNS_BBG005L86G05_2021-04-21
2021-07-04 23:34:12 33      AVNT_BBG000C8NJ10_2021-04-21
2021-07-04 23:34:12 34      AVTR_BBG00G2HHYD7_2021-04-21
2021-07-04 23:34:12 36      AVY_BBG000BCQ4P6_2021-04-21
2021-07-04 23:34:12 37      AWI_BBG000DW4LB1_2021-04-21
2021-07-04 23:34:12 38      AWK_BBG000TRJ294_2021-04-21
2021-07-04 23:34:12 39      AWR_BBG000F964B6_2021-04-21
2021-07-04 23:34:12 40      AX_BBG000QPHD08_2021-04-21
2021-07-04 23:34:12 41      AXGN_BBG000BN46R9_2021-04-21
2021-07-04 23:34:12 42      AXP_BBG000BCQZS4_2021-04-21
2021-07-04 23:34:12 44      AXSM_BBG00B6G7GL7_2021-04-21
2021-07-04 23:34:12 45      AYI_BBG000BJ5HK0_2021-04-21
2021-07-04 23:34:12 46      AYX_BBG000BGZT72_2021-04-21
2021-07-04 23:34:12 48      AZO_BBG000C7LMS8_2021-04-21
2021-07-04 23:34:12 49      AZPN_BBG000DFMXT3_2021-04-21
2021-07-04 23:34:12 50      BA_BBG000BCSST7_2021-04-21
2021-07-04 23:34:12 57      BABA_BBG006G2JVL2_2021-04-21
2021-07-04 23:34:12 65      BAC_BBG000BCTLF6_2021-04-21
2021-07-04 23:34:12 71      BAH_BBG000R2YFG7_2021-04-21
2021-07-04 23:34:12 72      BAND_BBG001K003W2_2021-04-21
2021-07-04 23:34:12 72      BAX_BBG000BCVJ77_2021-04-21
2021-07-04 23:34:12 74      BBIO_BBG00P9KDZK6_2021-04-21
2021-07-04 23:34:12 76      BBSI_BBG000BHJSC4_2021-04-21
2021-07-04 23:34:12 77      BBY_BBG000BCWCG1_2021-04-21
2021-07-04 23:34:12 78      BBBY_BBG000CSY9H9_2021-04-21
2021-07-04 23:34:12 82      BC_BBG000BCWSS3_2021-04-21
2021-07-04 23:34:12 83      BCO_BBG000DR5QP5_2021-04-21
2021-07-04 23:34:12 83      BCPC_BBG000BCY878_2021-04-21
2021-07-04 23:34:12 84      BDC_BBG000Q4XNV1_2021-04-21
2021-07-04 23:34:12 86      BDTX_BBG00MS4Y0W9_2021-04-21
2021-07-04 23:34:12 87      BDX_BBG000BCZYD3_2021-04-21
2021-07-04 23:34:12 88      BECN_BBG000BKTXF2_2021-04-21
2021-07-04 23:34:12 89      BEN_BBG000BD0TF8_2021-04-21
2021-07-04 23:34:12 91      BERY_BBG000Q1R1Y9_2021-04-21
2021-07-04 23:34:12 92      BF.B_BBG000BD2NY8_2021-04-21
2021-07-04 23:34:12 94      BFAM_BBG003LFWP05_2021-04-21
2021-07-04 23:34:12 94      BFYT_BBG003QRSQD3_2021-04-21
2021-07-04 23:34:12 95      BGS_BBG000RKXRQ1_2021-04-21
2021-07-04 23:34:12 96      BH_BBG00JPRDQH1_2021-04-21
2021-07-04 23:34:12 97      BHF_BBG00DYPZ4T0_2021-04-21
2021-07-04 23:34:12 98      BIDU_BBG000QXWHD1_2021-04-21
2021-07-04 23:34:13 03      BIG_BBG000J0D904_2021-04-21
2021-07-04 23:34:13 04      BIIB_BBG000C17X76_2021-04-21
2021-07-04 23:34:13 07      BILI_BBG00K7T3037_2021-04-21
2021-07-04 23:34:13 10      BILL_BBG00QVJV6V4_2021-04-21
2021-07-04 23:34:13 11      BIO_BBG000DY28W5_2021-04-21
2021-07-04 23:34:13 12      BJRI_BBG000H9LNX1_2021-04-21
2021-07-04 23:34:13 13      BK_BBG000BD8PN9_2021-04-21
2021-07-04 23:34:13 16      BKI_BBG00GX77LW3_2021-04-21
2021-07-04 23:34:13 18      BKNG_BBG000BLBVN4_2021-04-21
2021-07-04 23:34:13 19      BKR_BBG00GBVBK51_2021-04-21
2021-07-04 23:34:13 22      BL_BBG0029KJVB0_2021-04-21
2021-07-04 23:34:13 23      BLD_BBG0077VS2C0_2021-04-21
2021-07-04 23:34:13 24      BLDR_BBG000BKD3K9_2021-04-21
2021-07-04 23:34:13 26      BLK_BBG000C2PW58_2021-04-21
2021-07-04 23:34:13 27      BLKB_BBG000BGGTW5_2021-04-21
2021-07-04 23:34:13 28      BLL_BBG000BDDNH5_2021-04-21
2021-07-04 23:34:13 29      BLUE_BBG000QGWY50_2021-04-21
2021-07-04 23:34:13 30      BMI_BBG000BDGHD9_2021-04-21
2021-07-04 23:34:13 31      BMRN_BBG000CZWZ05_2021-04-21
2021-07-04 23:34:13 33      BMY_BBG000DQLV23_2021-04-21
2021-07-04 23:34:13 35      BOH_BBG000C8D8G9_2021-04-21
2021-07-04 23:34:13 36      BOKF_BBG000CFZ003_2021-04-21
2021-07-04 23:34:13 37      BOOT_BBG0077SYZV6_2021-04-21
2021-07-04 23:34:13 38      BOX_BBG000PMSK08_2021-04-21
2021-07-04 23:34:13 39      BPMC_BBG001MC8YF7_2021-04-21
2021-07-04 23:34:13 40      BR_BBG000PPFKQ7_2021-04-21
2021-07-04 23:34:13 41      BRC_BBG000BDNV95_2021-04-21
2021-07-04 23:34:13 43      BRK.B_BBG000DWG505_2021-04-21
2021-07-04 23:34:13 45      BRKR_BBG000CL1FG7_2021-04-21
2021-07-04 23:34:13 46      BRO_BBG000BWSGF4_2021-04-21
2021-07-04 23:34:13 47      BSX_BBG000C0LW92_2021-04-21
2021-07-04 23:34:13 50      BTAI_BBG00K20GVD2_2021-04-21
2021-07-04 23:34:13 51      BTI_BBG000BWPXQ8_2021-04-21
2021-07-04 23:34:13 53      BUD_BBG000RYC984_2021-04-21
2021-07-04 23:34:13 55      BURL_BBG004S641N5_2021-04-21
2021-07-04 23:34:13 55      BWA_BBG000BJ49H3_2021-04-21
2021-07-04 23:34:13 57      BWXT_BBG000D86F25_2021-04-21
2021-07-04 23:34:13 58      BX_BBG000BH0106_2021-04-21
2021-07-04 23:34:13 60      BXP_BBG000BS5CM9_2021-04-21
2021-07-04 23:34:13 61      BYND_BBG003CVJP50_2021-04-21
2021-07-04 23:34:13 63      BZUN_BBG008HNS333_2021-04-21
2021-07-04 23:34:13 64      C_BBG000FY4S11_2021-04-21
2021-07-04 23:34:13 69      CABO_BBG000F02T51_2021-04-21
2021-07-04 23:34:13 70      CACC_BBG000CS0D96_2021-04-21
2021-07-04 23:34:13 71      CAG_BBG000BDXGP9_2021-04-21
2021-07-04 23:34:13 72      CAH_BBG000D898T9_2021-04-21
2021-07-04 23:34:13 74      CALM_BBG000CDMJW6_2021-04-21
2021-07-04 23:34:13 75      CARA_BBG001J2QYS9_2021-04-21
2021-07-04 23:34:13 76      CARG_BBG00HQ77DS2_2021-04-21
2021-07-04 23:34:13 77      CARR_BBG00RP5HYS8_2021-04-21
2021-07-04 23:34:13 79      CARS_BBG000HGTH33_2021-04-21
2021-07-04 23:34:13 80      CASY_BBG000BF0672_2021-04-21
2021-07-04 23:34:13 81      CAT_BBG000BF0K17_2021-04-21
2021-07-04 23:34:13 83      CB_BBG000BR14K5_2021-04-21
2021-07-04 23:34:13 85      CBRE_BBG000C04224_2021-04-21
2021-07-04 23:34:13 86      CBRL_BBG000BF33K1_2021-04-21
2021-07-04 23:34:13 87      CBSH_BBG000BF3G77_2021-04-21
2021-07-04 23:34:13 88      CBU_BBG000BF4D19_2021-04-21
2021-07-04 23:34:13 89      CCI_BBG000FV1Z23_2021-04-21
2021-07-04 23:34:13 91      CCK_BBG000BF6756_2021-04-21
2021-07-04 23:34:13 92      CCL_BBG000BF6LY3_2021-04-21
2021-07-04 23:34:13 98      CCOI_BBG000D0SMY8_2021-04-21
2021-07-04 23:34:13 99      CCXI_BBG000PTSB12_2021-04-21
2021-07-04 23:34:14 00      CDK_BBG006B6PVN9_2021-04-21
2021-07-04 23:34:14 01      CDLX_BBG00225ZDD0_2021-04-21
2021-07-04 23:34:14 03      CDNA_BBG006JS5785_2021-04-21
2021-07-04 23:34:14 04      CDNS_BBG000C13CD9_2021-04-21
2021-07-04 23:34:14 07      CDW_BBG001P63B80_2021-04-21
2021-07-04 23:34:14 08      CE_BBG000JYP7L8_2021-04-21
2021-07-04 23:34:14 09      CEA_BBG000BCFNR4_2021-04-21
2021-07-04 23:34:14 10      CENT_BBG000BFD605_2021-04-21
2021-07-04 23:34:14 11      CENTA_BBG000KTYB56_2021-04-21
2021-07-04 23:34:14 11      CERN_BBG000BFDLV8_2021-04-21
2021-07-04 23:34:14 13      CEVA_BBG000BN3P07_2021-04-21
2021-07-04 23:34:14 14      CF_BBG000BWJFZ4_2021-04-21
2021-07-04 23:34:14 15      CFG_BBG006Q0HY77_2021-04-21
2021-07-04 23:34:14 17      CFR_BBG000C2PL98_2021-04-21
2021-07-04 23:34:14 18      CFX_BBG000C5Z443_2021-04-21
2021-07-04 23:34:14 20      CGEN_BBG000B9ZLB0_2021-04-21
2021-07-04 23:34:14 21      CGNX_BBG000BPBVW5_2021-04-21
2021-07-04 23:34:14 22      CHD_BBG000BFJT36_2021-04-21
2021-07-04 23:34:14 23      CHDN_BBG000BGXMG9_2021-04-21
2021-07-04 23:34:14 25      CHE_BBG000C19QW1_2021-04-21
2021-07-04 23:34:14 26      CHEF_BBG001MFW6D6_2021-04-21
2021-07-04 23:34:14 27      CHGG_BBG0014XR0N5_2021-04-21
2021-07-04 23:34:14 29      CHH_BBG000BPBTL2_2021-04-21
2021-07-04 23:34:14 29      CHKP_BBG000K82ZT8_2021-04-21
2021-07-04 23:34:14 32      CHNG_BBG0059KNH10_2021-04-21
2021-07-04 23:34:14 33      CHRW_BBG000BTCH57_2021-04-21
2021-07-04 23:34:14 35      CHTR_BBG000VPGNR2_2021-04-21
2021-07-04 23:34:14 37      CHWY_BBG00P19DKZ6_2021-04-21
2021-07-04 23:34:14 38      CHX_BBG00JH9TZ56_2021-04-21
2021-07-04 23:34:14 40      CI_BBG00KXRCDP0_2021-04-21
2021-07-04 23:34:14 41      CIEN_BBG000BP1152_2021-04-21
2021-07-04 23:34:14 43      CINF_BBG000BFPK65_2021-04-21
2021-07-04 23:34:14 44      CL_BBG000BFQYY3_2021-04-21
2021-07-04 23:34:14 45      CLDR_BBG000DRJFC8_2021-04-21
2021-07-04 23:34:14 47      CLDT_BBG000PT6BR8_2021-04-21
2021-07-04 23:34:14 48      CLF_BBG000BFRF55_2021-04-21
2021-07-04 23:34:14 50      CLGX_BBG000C2H3F0_2021-04-21
2021-07-04 23:34:14 51      CLH_BBG000BFRRX8_2021-04-21
2021-07-04 23:34:14 52      CLR_BBG000BHBGN6_2021-04-21
2021-07-04 23:34:14 53      CLX_BBG000BFS7D3_2021-04-21
2021-07-04 23:34:14 54      CMA_BBG000C75N77_2021-04-21
2021-07-04 23:34:14 56      CMC_BBG000BFSND8_2021-04-21
2021-07-04 23:34:14 56      CMCO_BBG000BCWWV0_2021-04-21
2021-07-04 23:34:14 57      CMCSA_BBG000BFT2L4_2021-04-21
2021-07-04 23:34:14 61      CME_BBG000BHLYP4_2021-04-21
2021-07-04 23:34:14 62      CMG_BBG000QX74T1_2021-04-21
2021-07-04 23:34:14 63      CMI_BBG000BGPTV6_2021-04-21
2021-07-04 23:34:14 64      CMP_BBG000C42WS4_2021-04-21
2021-07-04 23:34:14 65      CMS_BBG000BFVXX0_2021-04-21
2021-07-04 23:34:14 67      CNC_BBG000BDXCJ5_2021-04-21
2021-07-04 23:34:14 69      CNK_BBG000QDVR53_2021-04-21
2021-07-04 23:34:14 71      CNP_BBG000FDBX90_2021-04-21
2021-07-04 23:34:14 73      CNS_BBG000BB0WG4_2021-04-21
2021-07-04 23:34:14 74      CNST_BBG000R1H6P8_2021-04-21
2021-07-04 23:34:14 75      CNXC_BBG00RCNQMX3_2021-04-21
2021-07-04 23:34:14 76      CNXN_BBG000BX74M4_2021-04-21
2021-07-04 23:34:14 76      COF_BBG000BGKTF9_2021-04-21
2021-07-04 23:34:14 78      COG_BBG000C3GN47_2021-04-21
2021-07-04 23:34:14 79      COHR_BBG000BG1DH3_2021-04-21
2021-07-04 23:34:14 80      COKE_BBG000BG1SX2_2021-04-21
2021-07-04 23:34:14 80      COLM_BBG000BKKQ84_2021-04-21
2021-07-04 23:34:14 82      CONE_BBG0038V5TX1_2021-04-21
2021-07-04 23:34:14 83      COO_BBG000BG3445_2021-04-21
2021-07-04 23:34:14 84      COP_BBG000BQQH30_2021-04-21
2021-07-04 23:34:14 88      CORR_BBG000CN80Y9_2021-04-21
2021-07-04 23:34:14 90      CORT_BBG000BKJG33_2021-04-21
2021-07-04 23:34:14 91      COST_BBG000F6H8W8_2021-04-21
2021-07-04 23:34:14 93      COTY_BBG000F395V1_2021-04-21
2021-07-04 23:34:14 94      COUP_BBG001J4BCN4_2021-04-21
2021-07-04 23:34:14 95      CPB_BBG000BG4202_2021-04-21
2021-07-04 23:34:14 96      CPRI_BBG0029SNR63_2021-04-21
2021-07-04 23:34:14 98      CPRT_BBG000BM9RH1_2021-04-21
2021-07-04 23:34:15 00      CPS_BBG000PSXT64_2021-04-21
2021-07-04 23:34:15 01      CR_BBG000BG7423_2021-04-21
2021-07-04 23:34:15 01      CREE_BBG000BG14P4_2021-04-21
2021-07-04 23:34:15 03      CRI_BBG000CTM4J9_2021-04-21
2021-07-04 23:34:15 04      CRL_BBG000BG5BL8_2021-04-21
2021-07-04 23:34:15 05      CRM_BBG000BN2DC2_2021-04-21
2021-07-04 23:34:15 08      CRMT_BBG000CM6L31_2021-04-21
2021-07-04 23:34:15 09      CROX_BBG000BLY663_2021-04-21
2021-07-04 23:34:15 11      CRS_BBG000BGCQT9_2021-04-21
2021-07-04 23:34:15 12      CRTX_BBG00BTK1DT8_2021-04-21
2021-07-04 23:34:15 13      CRUS_BBG000C1DHF5_2021-04-21
2021-07-04 23:34:15 14      CRVL_BBG000CVKZY0_2021-04-21
2021-07-04 23:34:15 15      CRWD_BBG00BLYKS03_2021-04-21
2021-07-04 23:34:15 17      CSCO_BBG000C3J3C9_2021-04-21
2021-07-04 23:34:15 21      CSGP_BBG000D7JKW9_2021-04-21
2021-07-04 23:34:15 22      CSGS_BBG000G3TQV2_2021-04-21
2021-07-04 23:34:15 23      CSII_BBG000NWQ9S5_2021-04-21
2021-07-04 23:34:15 24      CSL_BBG000BGGBT8_2021-04-21
2021-07-04 23:34:15 25      CSOD_BBG0016X4XN6_2021-04-21
2021-07-04 23:34:15 26      CSWI_BBG007NLG4L3_2021-04-21
2021-07-04 23:34:15 26      CSX_BBG000BGJRC8_2021-04-21
2021-07-04 23:34:15 31      CTAS_BBG000H3YXF8_2021-04-21
2021-07-04 23:34:15 32      CTB_BBG000BGKXV2_2021-04-21
2021-07-04 23:34:15 33      CTLT_BBG005XR47P5_2021-04-21
2021-07-04 23:34:15 34      CTSH_BBG000BBDV81_2021-04-21
2021-07-04 23:34:15 37      CTVA_BBG00BN969C1_2021-04-21
2021-07-04 23:34:15 39      CTXS_BBG000FQ6PY6_2021-04-21
2021-07-04 23:34:15 41      CVCO_BBG000K4WS65_2021-04-21
2021-07-04 23:34:15 42      CVET_BBG00KR691K8_2021-04-21
2021-07-04 23:34:15 43      CVGW_BBG000BGPQW1_2021-04-21
2021-07-04 23:34:15 44      CVLT_BBG000BG88X9_2021-04-21
2021-07-04 23:34:15 45      CVNA_BBG00GCTWDJ3_2021-04-21
2021-07-04 23:34:15 46      CVS_BBG000BGRY34_2021-04-21
2021-07-04 23:34:15 48      CVX_BBG000K4ND22_2021-04-21
2021-07-04 23:34:15 52      CW_BBG000BGSPS5_2021-04-21
2021-07-04 23:34:15 53      CWST_BBG000BT0J38_2021-04-21
2021-07-04 23:34:15 54      CWT_BBG000D8KTN6_2021-04-21
2021-07-04 23:34:15 55      CY_BBG000BXNJ07_2021-04-21
2021-07-04 23:34:15 55      D_BBG000BGVW60_2021-04-21
2021-07-04 23:34:15 57      DAL_BBG000R7Z112_2021-04-21
2021-07-04 23:34:15 62      DAR_BBG000BN8ZK8_2021-04-21
2021-07-04 23:34:15 63      DBX_BBG0018SLDN0_2021-04-21
2021-07-04 23:34:15 65      DCI_BBG000BGZP70_2021-04-21
2021-07-04 23:34:15 66      DCPH_BBG00HMJ9H54_2021-04-21
2021-07-04 23:34:15 67      DD_BBG00BN961G4_2021-04-21
2021-07-04 23:34:15 68      DDOG_BBG003NJHZT9_2021-04-21
2021-07-04 23:34:15 70      DDS_BBG000BS4MP5_2021-04-21
2021-07-04 23:34:15 71      DE_BBG000BH1NH9_2021-04-21
2021-07-04 23:34:15 73      DECK_BBG000BKXYX5_2021-04-21
2021-07-04 23:34:15 74      DELL_BBG00DW3SZS1_2021-04-21
2021-07-04 23:34:15 76      DFS_BBG000QBR5J5_2021-04-21
2021-07-04 23:34:15 78      DG_BBG000NV1KK7_2021-04-21
2021-07-04 23:34:15 79      DGX_BBG000BN84F3_2021-04-21
2021-07-04 23:34:15 80      DHI_BBG000DQTXY6_2021-04-21
2021-07-04 23:34:15 82      DHR_BBG000BH3JF8_2021-04-21
2021-07-04 23:34:15 83      DIOD_BBG000G25P51_2021-04-21
2021-07-04 23:34:15 84      DIS_BBG000BH4R78_2021-04-21
2021-07-04 23:34:15 89      DISCA_BBG000CHWP52_2021-04-21
2021-07-04 23:34:15 98      DISCB_BBG000F7L5N7_2021-04-21
2021-07-04 23:34:16 00      DISCK_BBG000VMWHH5_2021-04-21
2021-07-04 23:34:16 04      DK_BBG00FZYFVC5_2021-04-21
2021-07-04 23:34:16 05      DKNG_BBG00TCBG714_2021-04-21
2021-07-04 23:34:16 08      DKNG: BuyPending. Strategy: MorningOpenStrategy. Price: 55. Lots: 4. ChangeOpenToCurrent: -2.79. ChangePrevCloseToCurrent: -0.81. Candle: ID:7, Time: 7:00, Close: 55.
2021-07-04 23:34:16 08      DKNG: OrderID: 2401a583. PlacedOrder. Status: New. RejectReason: 
2021-07-04 23:34:16 08      DKNG: Cancel order. Did not bought at market open. Candle: ID:9, Time: 7:05, Close: 55.06
2021-07-04 23:34:16 08      OrderID: 2401a583 successfully canceled
2021-07-04 23:34:16 12      DKS_BBG000F6ZWH2_2021-04-21
2021-07-04 23:34:16 13      DLB_BBG000DGLTG5_2021-04-21
2021-07-04 23:34:16 13      DLR_BBG000Q5ZRM7_2021-04-21
2021-07-04 23:34:16 14      DLTH_BBG002GBMZG4_2021-04-21
2021-07-04 23:34:16 15      DLTR_BBG000BSC0K9_2021-04-21
2021-07-04 23:34:16 16      DLX_BBG000BH6360_2021-04-21
2021-07-04 23:34:16 17      DNLI_BBG008P7F869_2021-04-21
2021-07-04 23:34:16 18      DNOW_BBG005BLN209_2021-04-21
2021-07-04 23:34:16 18      DNOW: SPYKE!. Candle: ID:19, Time: 13:20, Close: 9.3
2021-07-04 23:34:16 18      DOCU_BBG000N7KJX8_2021-04-21
2021-07-04 23:34:16 21      DORM_BBG000BM22F5_2021-04-21
2021-07-04 23:34:16 22      DOV_BBG000BHB3M6_2021-04-21
2021-07-04 23:34:16 24      DOW_BBG00BN96922_2021-04-21
2021-07-04 23:34:16 26      DPZ_BBG000P458P3_2021-04-21
2021-07-04 23:34:16 27      DRE_BBG000BHD8S7_2021-04-21
2021-07-04 23:34:16 29      DRI_BBG000BBNYF6_2021-04-21
2021-07-04 23:34:16 30      DRNA_BBG001J1DB23_2021-04-21
2021-07-04 23:34:16 31      DRQ_BBG000BVDBY2_2021-04-21
2021-07-04 23:34:16 32      DT_BBG00PNN7C40_2021-04-21
2021-07-04 23:34:16 34      DVA_BBG000MQ1SN9_2021-04-21
2021-07-04 23:34:16 35      DVN_BBG000BBVJZ8_2021-04-21
2021-07-04 23:34:16 37      DXC_BBG00FN64XT9_2021-04-21
2021-07-04 23:34:16 38      DXCM_BBG000QTF8K1_2021-04-21
2021-07-04 23:34:16 39      DY_BBG000C4SKT1_2021-04-21
2021-07-04 23:34:16 40      EA_BBG000BP0KQ8_2021-04-21
2021-07-04 23:34:16 42      EAT_BBG000BK28N7_2021-04-21
2021-07-04 23:34:16 43      EBAY_BBG000C43RR5_2021-04-21
2021-07-04 23:34:16 46      EBS_BBG000GW06J7_2021-04-21
2021-07-04 23:34:16 47      ECHO_BBG000RFP8W6_2021-04-21
2021-07-04 23:34:16 48      ECL_BBG000BHKYH4_2021-04-21
2021-07-04 23:34:16 49      ECPG_BBG000F369C7_2021-04-21
2021-07-04 23:34:16 50      ED_BBG000BHLYS1_2021-04-21
2021-07-04 23:34:16 51      EDIT_BBG005MX5GZ2_2021-04-21
2021-07-04 23:34:16 53      EEFT_BBG000BMNBY1_2021-04-21
2021-07-04 23:34:16 54      EFX_BBG000BHPL78_2021-04-21
2021-07-04 23:34:16 55      EGHT_BBG000BCGHH7_2021-04-21
2021-07-04 23:34:16 56      EGRX_BBG005Y3XWH9_2021-04-21
2021-07-04 23:34:16 57      EHTH_BBG000P5JQX6_2021-04-21
2021-07-04 23:34:16 58      EIX_BBG000D7RKJ5_2021-04-21
2021-07-04 23:34:16 59      EL_BBG000FKJRC5_2021-04-21
2021-07-04 23:34:16 60      ELAN_BBG00LJYS1P8_2021-04-21
2021-07-04 23:34:16 61      ELS_BBG000BB7SX7_2021-04-21
2021-07-04 23:34:16 62      EME_BBG000BBRPL4_2021-04-21
2021-07-04 23:34:16 62      EMN_BBG000BLW530_2021-04-21
2021-07-04 23:34:16 63      EMR_BBG000BHX7N2_2021-04-21
2021-07-04 23:34:16 65      ENDP_BBG000C0HQ54_2021-04-21
2021-07-04 23:34:16 66      ENPH_BBG001R3MNY9_2021-04-21
2021-07-04 23:34:16 69      ENR_BBG006FCB019_2021-04-21
2021-07-04 23:34:16 70      ENS_BBG000PWTD92_2021-04-21
2021-07-04 23:34:16 70      ENTA_BBG001V9NSB4_2021-04-21
2021-07-04 23:34:16 71      ENTG_BBG000CTV4N4_2021-04-21
2021-07-04 23:34:16 73      ENV_BBG000Q4NZ54_2021-04-21
2021-07-04 23:34:16 73      EOG_BBG000BZ9223_2021-04-21
2021-07-04 23:34:16 75      EPAM_BBG000MHTV89_2021-04-21
2021-07-04 23:34:16 76      EPAY_BBG000BRNH31_2021-04-21
2021-07-04 23:34:16 77      EPC_BBG000BRW644_2021-04-21
2021-07-04 23:34:16 78      EQIX_BBG000MBDGM6_2021-04-21
2021-07-04 23:34:16 79      EQT_BBG000BHZ5J9_2021-04-21
2021-07-04 23:34:16 81      ERIE_BBG000BBTJZ1_2021-04-21
2021-07-04 23:34:16 82      ES_BBG000BQ87N0_2021-04-21
2021-07-04 23:34:16 83      ESPR_BBG004KB3S72_2021-04-21
2021-07-04 23:34:16 84      ESS_BBG000CGJMB9_2021-04-21
2021-07-04 23:34:16 85      ET_BBG000BM2FL9_2021-04-21
2021-07-04 23:34:16 86      ETN_BBG000BJ3PD2_2021-04-21
2021-07-04 23:34:16 88      ETR_BBG000C1FQS9_2021-04-21
2021-07-04 23:34:16 88      ETRN_BBG00K53L394_2021-04-21
2021-07-04 23:34:16 90      ETSY_BBG000N7MXL8_2021-04-21
2021-07-04 23:34:16 91      EVBG_BBG0022FMPD5_2021-04-21
2021-07-04 23:34:16 92      EVER_BBG00F17NDH7_2021-04-21
2021-07-04 23:34:16 93      EVH_BBG005CHLM96_2021-04-21
2021-07-04 23:34:16 94      EVR_BBG000BP30Y0_2021-04-21
2021-07-04 23:34:16 95      EVRG_BBG00H433CR2_2021-04-21
2021-07-04 23:34:16 96      EW_BBG000BRXP69_2021-04-21
2021-07-04 23:34:16 99      EWBC_BBG000CR20B1_2021-04-21
2021-07-04 23:34:17 00      EXAS_BBG000CWL0F5_2021-04-21
2021-07-04 23:34:17 02      EXC_BBG000J6XT05_2021-04-21
2021-07-04 23:34:17 04      EXEL_BBG000BQ4WF8_2021-04-21
2021-07-04 23:34:17 06      EXLS_BBG000NS3P30_2021-04-21
2021-07-04 23:34:17 07      EXP_BBG000BJW241_2021-04-21
2021-07-04 23:34:17 08      EXPD_BBG000BJ5GK2_2021-04-21
2021-07-04 23:34:17 09      EXPE_BBG000QY3XZ2_2021-04-21
2021-07-04 23:34:17 11      EXR_BBG000PV27K3_2021-04-21
2021-07-04 23:34:17 12      EYE_BBG00HVQF9K2_2021-04-21
2021-07-04 23:34:17 13      F_BBG000BQPC32_2021-04-21
2021-07-04 23:34:17 16      FANG_BBG002PHSYX9_2021-04-21
2021-07-04 23:34:17 18      FARO_BBG000BJD7C2_2021-04-21
2021-07-04 23:34:17 18      FAST_BBG000BJ8YN7_2021-04-21
2021-07-04 23:34:17 20      FATE_BBG000QP35H2_2021-04-21
2021-07-04 23:34:17 21      FB_BBG000MM2P62_2021-04-21
2021-07-04 23:34:17 29      FBHS_BBG001B4BV87_2021-04-21
2021-07-04 23:34:17 31      FCFS_BBG000DNF659_2021-04-21
2021-07-04 23:34:17 31      FCN_BBG000K88H58_2021-04-21
2021-07-04 23:34:17 32      FCX_BBG000BJDB15_2021-04-21
2021-07-04 23:34:17 36      FDS_BBG000BDJL83_2021-04-21
2021-07-04 23:34:17 37      FDX_BBG000BJF1Z8_2021-04-21
2021-07-04 23:34:17 39      FELE_BBG000BJGGV8_2021-04-21
2021-07-04 23:34:17 40      FFIV_BBG000CXYSZ6_2021-04-21
2021-07-04 23:34:17 41      FGEN_BBG000FW5ZL6_2021-04-21
2021-07-04 23:34:17 44      FICO_BBG000DW76Y6_2021-04-21
2021-07-04 23:34:17 45      FIS_BBG000BK2F42_2021-04-21
2021-07-04 23:34:17 47      FISV_BBG000BJKPG0_2021-04-21
2021-07-04 23:34:17 52      FITB_BBG000BJL3N0_2021-04-21
2021-07-04 23:34:17 55      FIVN_BBG001KHJM17_2021-04-21
2021-07-04 23:34:17 56      FIZZ_BBG000BF8CB6_2021-04-21
2021-07-04 23:34:17 57      FL_BBG000BX8DC4_2021-04-21
2021-07-04 23:34:17 58      FLIR_BBG000BHK836_2021-04-21
2021-07-04 23:34:17 59      FLOW_BBG007FL7ZD2_2021-04-21
2021-07-04 23:34:17 59      FLR_BBG000BB1TH9_2021-04-21
2021-07-04 23:34:17 60      FLS_BBG000FFH4P5_2021-04-21
2021-07-04 23:34:17 61      FLT_BBG000GPXKX9_2021-04-21
2021-07-04 23:34:17 62      FLWS_BBG000BBR9P6_2021-04-21
2021-07-04 23:34:17 64      FMC_BBG000BJP882_2021-04-21
2021-07-04 23:34:17 65      FND_BBG007GJ2F81_2021-04-21
2021-07-04 23:34:17 66      FNKO_BBG00HXSHDQ9_2021-04-21
2021-07-04 23:34:17 68      FOCS_BBG00L0YTFN8_2021-04-21
2021-07-04 23:34:17 69      FOE_BBG000BJQK11_2021-04-21
2021-07-04 23:34:17 69      FOLD_BBG000PLF6N0_2021-04-21
2021-07-04 23:34:17 71      FORM_BBG000D1Y3P1_2021-04-21
2021-07-04 23:34:17 72      FORR_BBG000HGNYG8_2021-04-21
2021-07-04 23:34:17 72      FOX_BBG00JHNKJY8_2021-04-21
2021-07-04 23:34:17 75      FOXA_BBG00JHNJW99_2021-04-21
2021-07-04 23:34:17 77      FOXF_BBG004T7VS53_2021-04-21
2021-07-04 23:34:17 78      FRHC_BBG000N625H8_2021-04-21
2021-07-04 23:34:17 79      FRPH_BBG000HCVWW4_2021-04-21
2021-07-04 23:34:17 80      FRPT_BBG001D0HB36_2021-04-21
2021-07-04 23:34:17 81      FSLR_BBG000BFL116_2021-04-21
2021-07-04 23:34:17 84      FSLY_BBG004NLQHL0_2021-04-21
2021-07-04 23:34:17 86      FTCH_BBG00LSD4456_2021-04-21
2021-07-04 23:34:17 89      FTI_BBG00DL8NMV2_2021-04-21
2021-07-04 23:34:17 91      FTNT_BBG000BCMBG4_2021-04-21
2021-07-04 23:34:17 92      FTV_BBG00BLVZ228_2021-04-21
2021-07-04 23:34:17 94      FUL_BBG000BJZ7V7_2021-04-21
2021-07-04 23:34:17 95      GATX_BBG000BKGXQ4_2021-04-21
2021-07-04 23:34:17 95      GBCI_BBG000C3KB84_2021-04-21
2021-07-04 23:34:17 97      GBT_BBG00341H6M0_2021-04-21
2021-07-04 23:34:17 98      GBX_BBG000CF5097_2021-04-21
2021-07-04 23:34:17 99      GCO_BBG000BK5S78_2021-04-21
2021-07-04 23:34:18 00      GCP_BBG0082W8Q12_2021-04-21
2021-07-04 23:34:18 01      GD_BBG000BK67C7_2021-04-21
2021-07-04 23:34:18 02      GDDY_BBG006MDLY05_2021-04-21
2021-07-04 23:34:18 04      GDOT_BBG000QDJT53_2021-04-21
2021-07-04 23:34:18 04      GE_BBG000BK6MB5_2021-04-21
2021-07-04 23:34:18 07      GEF_BBG000BLFNC0_2021-04-21
2021-07-04 23:34:18 08      GGG_BBG000BK9W84_2021-04-21
2021-07-04 23:34:18 09      GH_BBG006D97VY9_2021-04-21
2021-07-04 23:34:18 10      GHC_BBG000C3FGH9_2021-04-21
2021-07-04 23:34:18 11      GILD_BBG000CKGBP2_2021-04-21
2021-07-04 23:34:18 13      GIS_BBG000BKCFC2_2021-04-21
2021-07-04 23:34:18 16      GKOS_BBG000WG2LQ1_2021-04-21
2021-07-04 23:34:18 16      GL_BBG000BVD6X4_2021-04-21
2021-07-04 23:34:18 17      GLW_BBG000BKFZM4_2021-04-21
2021-07-04 23:34:18 19      GM_BBG000NDYB67_2021-04-21
2021-07-04 23:34:18 23      GMED_BBG002V87SD0_2021-04-21
2021-07-04 23:34:18 24      GMS_BBG009Q036D0_2021-04-21
2021-07-04 23:34:18 24      GNL_BBG004HXD0G8_2021-04-21
2021-07-04 23:34:18 25      GNRC_BBG000PQ4W72_2021-04-21
2021-07-04 23:34:18 26      GO_BBG00P4R3079_2021-04-21
2021-07-04 23:34:18 27      GOOG_BBG009S3NB30_2021-04-21
2021-07-04 23:34:18 30      GOOGL_BBG009S39JX6_2021-04-21
2021-07-04 23:34:18 34      GOSS_BBG00MVWLLM2_2021-04-21
2021-07-04 23:34:18 36      GPC_BBG000BKL348_2021-04-21
2021-07-04 23:34:18 37      GPI_BBG000BB88K4_2021-04-21
2021-07-04 23:34:18 38      GPN_BBG000CX0P89_2021-04-21
2021-07-04 23:34:18 38      GPS_BBG000BKLH74_2021-04-21
2021-07-04 23:34:18 40      GRA_BBG000BB8PG1_2021-04-21
2021-07-04 23:34:18 41      GRMN_BBG000C4LN67_2021-04-21
2021-07-04 23:34:18 42      GRUB_BBG001KWG293_2021-04-21
2021-07-04 23:34:18 42      Warning: figi `BBG001KWG293` for history data does not match actual figi `BBG010R8C3Y4`. Ticker: GRUB. Will be used actual!
2021-07-04 23:34:18 44      GS_BBG000C6CFJ5_2021-04-21
2021-07-04 23:34:18 46      GSH_BBG000GLG0G0_2021-04-21
2021-07-04 23:34:18 47      GSKY_BBG00KT2SCV8_2021-04-21
2021-07-04 23:34:18 48      GT_BBG000BKNX95_2021-04-21
2021-07-04 23:34:18 50      GTHX_BBG005F1DK91_2021-04-21
2021-07-04 23:34:18 52      GTLS_BBG000P1K2X6_2021-04-21
2021-07-04 23:34:18 53      GTLS: SPYKE!. Candle: ID:1076, Time: 22:10, Close: 133.14
2021-07-04 23:34:18 53      GTN_BBG000DSQLQ0_2021-04-21
2021-07-04 23:34:18 54      GVA_BBG000DVB833_2021-04-21
2021-07-04 23:34:18 55      GWRE_BBG001C7PM75_2021-04-21
2021-07-04 23:34:18 56      GWW_BBG000BKR1D6_2021-04-21
2021-07-04 23:34:18 57      H_BBG000CVRFS4_2021-04-21
2021-07-04 23:34:18 58      HA_BBG000BC4185_2021-04-21
2021-07-04 23:34:18 59      HAE_BBG000C7TF41_2021-04-21
2021-07-04 23:34:18 61      HAIN_BBG000BQW085_2021-04-21
2021-07-04 23:34:18 62      HAL_BBG000BKTFN2_2021-04-21
2021-07-04 23:34:18 66      HALO_BBG000CZ8W54_2021-04-21
2021-07-04 23:34:18 67      HAS_BBG000BKVJK4_2021-04-21
2021-07-04 23:34:18 69      HBAN_BBG000BKWSR6_2021-04-21
2021-07-04 23:34:18 71      HBI_BBG000D2ZTS8_2021-04-21
2021-07-04 23:34:18 73      HCA_BBG000QW7VC1_2021-04-21
2021-07-04 23:34:18 74      HCCI_BBG000CCFB17_2021-04-21
2021-07-04 23:34:18 75      HCSG_BBG000BKYVF0_2021-04-21
2021-07-04 23:34:18 75      HCSG: SPYKE!. Candle: ID:25, Time: 13:30, Close: 30.01
2021-07-04 23:34:18 76      HD_BBG000BKZB36_2021-04-21
2021-07-04 23:34:18 80      HEAR_BBG000BM6N47_2021-04-21
2021-07-04 23:34:18 82      HEI_BBG000BL16Q7_2021-04-21
2021-07-04 23:34:18 83      HES_BBG000BBD070_2021-04-21
2021-07-04 23:34:18 85      HFC_BBG000BL9JQ1_2021-04-21
2021-07-04 23:34:18 87      HGV_BBG00CBYY6M1_2021-04-21
2021-07-04 23:34:18 88      HHC_BBG000MJRJJ2_2021-04-21
2021-07-04 23:34:18 89      HHR_BBG00KHGQ0H4_2021-04-21
2021-07-04 23:34:18 90      HIBB_BBG000H001V3_2021-04-21
2021-07-04 23:34:18 91      HIG_BBG000G0Z878_2021-04-21
2021-07-04 23:34:18 92      HII_BBG001KJ2HM9_2021-04-21
2021-07-04 23:34:18 93      HIIQ_TCS003QRSQD3_2021-04-21
2021-07-04 23:34:18 94      HLT_BBG0058KMH30_2021-04-21
2021-07-04 23:34:18 96      HNP_BBG000BX5YM0_2021-04-21
2021-07-04 23:34:18 97      HOG_BBG000BKZTP3_2021-04-21
2021-07-04 23:34:18 99      HOLX_BBG000C3NTN5_2021-04-21
2021-07-04 23:34:19 00      HON_BBG000H556T9_2021-04-21
2021-07-04 23:34:19 02      HP_BBG000BLCPY4_2021-04-21
2021-07-04 23:34:19 03      HPE_BBG0078W3NQ3_2021-04-21
2021-07-04 23:34:19 05      HPQ_BBG000KHWT55_2021-04-21
2021-07-04 23:34:19 07      HQY_BBG000TYXCT9_2021-04-21
2021-07-04 23:34:19 08      HRB_BBG000BLDV98_2021-04-21
2021-07-04 23:34:19 09      HRC_BBG000BKWCS0_2021-04-21
2021-07-04 23:34:19 10      HRL_BBG000BLF8D2_2021-04-21
2021-07-04 23:34:19 12      HRTX_BBG000G2GJT7_2021-04-21
2021-07-04 23:34:19 13      HSC_BBG000BLH3P8_2021-04-21
2021-07-04 23:34:19 14      HSIC_BBG000BNMMJ3_2021-04-21
2021-07-04 23:34:19 15      HSKA_BBG000BWFH48_2021-04-21
2021-07-04 23:34:19 15      HST_BBG000BL8804_2021-04-21
2021-07-04 23:34:19 17      HSY_BBG000BLHRS2_2021-04-21
2021-07-04 23:34:19 19      HTA_BBG000PRJCX9_2021-04-21
2021-07-04 23:34:19 20      HTHT_BBG000QFPM65_2021-04-21
2021-07-04 23:34:19 21      HUBB_BBG000BLK267_2021-04-21
2021-07-04 23:34:19 22      HUBG_BBG000G9W6L0_2021-04-21
2021-07-04 23:34:19 23      HUBS_BBG000N7MZ06_2021-04-21
2021-07-04 23:34:19 23      HUM_BBG000BLKK03_2021-04-21
2021-07-04 23:34:19 24      HURN_BBG000PV2M48_2021-04-21
2021-07-04 23:34:19 25      HWM_BBG00DYNJGH9_2021-04-21
2021-07-04 23:34:19 27      HXL_BBG000BLMDQ9_2021-04-21
2021-07-04 23:34:19 27      IAC_BBG000BKQG80_2021-04-21
2021-07-04 23:34:19 28      Warning: figi `BBG000BKQG80` for history data does not match actual figi `BBG00S1LR2C3`. Ticker: IAC. Will be used actual!
2021-07-04 23:34:19 29      IART_BBG000BZJQL8_2021-04-21
2021-07-04 23:34:19 29      IBKR_BBG000LV0836_2021-04-21
2021-07-04 23:34:19 31      IBM_BBG000BLNNH6_2021-04-21
2021-07-04 23:34:19 36      IBN_BBG000DRM643_2021-04-21
2021-07-04 23:34:19 38      IBP_BBG005TJKDZ6_2021-04-21
2021-07-04 23:34:19 39      ICE_BBG000C1FB75_2021-04-21
2021-07-04 23:34:19 40      ICPT_BBG001J1QN87_2021-04-21
2021-07-04 23:34:19 40      ICPT: BuyPending. Strategy: MorningOpenStrategy. Price: 20.61. Lots: 12. ChangeOpenToCurrent: -2.14. ChangePrevCloseToCurrent: -0.67. Candle: ID:9, Time: 7:00, Close: 20.61.
2021-07-04 23:34:19 41      ICPT: OrderID: 5bfd67c9. PlacedOrder. Status: New. RejectReason: 
2021-07-04 23:34:19 41      ICPT: OrderID: 5bfd67c9 fully executed
2021-07-04 23:34:19 41      ICPT: Morning closing by timeout. Close price: 20.55. Lots: 12. Profit: -0.06(-0.29%). Candle: ID:54, Time: 7:35, Close: 20.55
2021-07-04 23:34:19 41      ICPT: OrderID: 581e6c4e. PlacedOrder. Status: New. RejectReason: 
2021-07-04 23:34:19 41      ICPT: OrderID: 581e6c4e partially executed. Executed lots: 1. OrderStatus: 1/12 lots
2021-07-04 23:34:19 41      ICPT: OrderID: 581e6c4e partially executed. Executed lots: 3. OrderStatus: 4/12 lots
2021-07-04 23:34:19 41      ICPT: OrderID: 581e6c4e partially executed. Executed lots: 3. OrderStatus: 7/12 lots
2021-07-04 23:34:19 41      ICPT: OrderID: 581e6c4e fully executed
2021-07-04 23:34:19 43      ICUI_BBG000CQV2N4_2021-04-21
2021-07-04 23:34:19 43      IDCC_BBG000HLJ7M4_2021-04-21
2021-07-04 23:34:19 44      IDXX_BBG000BLRT07_2021-04-21
2021-07-04 23:34:19 45      IEX_BBG000C1HN22_2021-04-21
2021-07-04 23:34:19 46      IFF_BBG000BLSL58_2021-04-21
2021-07-04 23:34:19 47      IGMS_BBG00PNR1BT2_2021-04-21
2021-07-04 23:34:19 48      IIPR_BBG00F0SW7N8_2021-04-21
2021-07-04 23:34:19 49      IIVI_BBG000BLW102_2021-04-21
2021-07-04 23:34:19 51      ILMN_BBG000DSMS70_2021-04-21
2021-07-04 23:34:19 52      INCY_BBG000BNPSQ9_2021-04-21
2021-07-04 23:34:19 53      INDB_BBG000BM0597_2021-04-21
2021-07-04 23:34:19 54      INFO_BBG006G063F9_2021-04-21
2021-07-04 23:34:19 56      INGN_BBG0021PH456_2021-04-21
2021-07-04 23:34:19 56      INGR_BBG000BXPZB7_2021-04-21
2021-07-04 23:34:19 57      INMD_BBG00PPS73P4_2021-04-21
2021-07-04 23:34:19 58      INSP_BBG00209SZJ7_2021-04-21
2021-07-04 23:34:19 59      INTC_BBG000C0G1D1_2021-04-21
2021-07-04 23:34:19 67      INTU_BBG000BH5DV1_2021-04-21
2021-07-04 23:34:19 69      INVH_BBG00FQH6BS9_2021-04-21
2021-07-04 23:34:19 71      IONS_BBG000JH6683_2021-04-21
2021-07-04 23:34:19 72      IOSP_BBG000BMFNP4_2021-04-21
2021-07-04 23:34:19 72      IOVA_BBG000FTLBV7_2021-04-21
2021-07-04 23:34:19 73      IP_BBG000BM5SR2_2021-04-21
2021-07-04 23:34:19 75      IPAR_BBG000GCSWR5_2021-04-21
2021-07-04 23:34:19 76      IPG_BBG000C90DH9_2021-04-21
2021-07-04 23:34:19 77      IPGP_BBG000DCGRL8_2021-04-21
2021-07-04 23:34:19 78      IQV_BBG00333FYS2_2021-04-21
2021-07-04 23:34:19 79      IR_BBG002R1CW27_2021-04-21
2021-07-04 23:34:19 80      IRBT_BBG000HXJB21_2021-04-21
2021-07-04 23:34:19 81      IRDM_BBG000VC0FC1_2021-04-21
2021-07-04 23:34:19 83      IRM_BBG000KCZPC3_2021-04-21
2021-07-04 23:34:19 84      IRTC_BBG001J19V24_2021-04-21
2021-07-04 23:34:19 85      ISRG_BBG000BJPDZ1_2021-04-21
2021-07-04 23:34:19 88      IT_BBG000BB65D0_2021-04-21
2021-07-04 23:34:19 89      ITCI_BBG0026ZFZC4_2021-04-21
2021-07-04 23:34:19 91      ITGR_BBG000BW6JV4_2021-04-21
2021-07-04 23:34:19 91      ITRI_BBG000BD2167_2021-04-21
2021-07-04 23:34:19 92      ITT_BBG00CVQZQ96_2021-04-21
2021-07-04 23:34:19 93      ITW_BBG000BMBL90_2021-04-21
2021-07-04 23:34:19 94      IVZ_BBG000BY2Y78_2021-04-21
2021-07-04 23:34:19 95      J_BBG000BMFFQ0_2021-04-21
2021-07-04 23:34:19 96      JACK_BBG000GZYVY1_2021-04-21
2021-07-04 23:34:19 97      JBHT_BBG000BMDBZ1_2021-04-21
2021-07-04 23:34:19 98      JBSS_BBG000CHPMY5_2021-04-21
2021-07-04 23:34:19 99      JBT_BBG000VLBCQ1_2021-04-21
2021-07-04 23:34:19 99      JCI_BBG000BVWLJ6_2021-04-21
2021-07-04 23:34:20 01      JCOM_BBG000F3CWW7_2021-04-21
2021-07-04 23:34:20 03      JD_BBG005YHY0Q7_2021-04-21
2021-07-04 23:34:20 09      JEF_BBG000BNHSP9_2021-04-21
2021-07-04 23:34:20 10      JELD_BBG0019GM953_2021-04-21
2021-07-04 23:34:20 11      JJSF_BBG000BMGPW0_2021-04-21
2021-07-04 23:34:20 12      JKHY_BBG000BMH2Q7_2021-04-21
2021-07-04 23:34:20 13      JLL_BBG000C2L2L0_2021-04-21
2021-07-04 23:34:20 14      JNJ_BBG000BMHYD1_2021-04-21
2021-07-04 23:34:20 17      JNPR_BBG000BY33P5_2021-04-21
2021-07-04 23:34:20 19      JOBS_BBG000BJD1D4_2021-04-21
2021-07-04 23:34:20 20      JOUT_BBG000HCXFS4_2021-04-21
2021-07-04 23:34:20 21      JPM_BBG000DMBXR2_2021-04-21
2021-07-04 23:34:20 26      JWN_BBG000G8N9C6_2021-04-21
2021-07-04 23:34:20 28      K_BBG000BMKDM3_2021-04-21
2021-07-04 23:34:20 29      KALU_BBG000PKZDX4_2021-04-21
2021-07-04 23:34:20 30      KBH_BBG000BMLWX8_2021-04-21
2021-07-04 23:34:20 31      KDP_BBG000TJM7F0_2021-04-21
2021-07-04 23:34:20 33      KEP_BBG000BCWG90_2021-04-21
2021-07-04 23:34:20 33      KEX_BBG000BMQCP6_2021-04-21
2021-07-04 23:34:20 34      KEY_BBG000BMQPL1_2021-04-21
2021-07-04 23:34:20 36      KEYS_BBG0059FN811_2021-04-21
2021-07-04 23:34:20 37      KFY_BBG000C5QMB5_2021-04-21
2021-07-04 23:34:20 38      KHC_BBG005CPNTQ2_2021-04-21
2021-07-04 23:34:20 40      KIDS_BBG00HFFRW39_2021-04-21
2021-07-04 23:34:20 41      KIM_BBG000CN3S73_2021-04-21
2021-07-04 23:34:20 42      KLAC_BBG000BMTFR4_2021-04-21
2021-07-04 23:34:20 45      KMB_BBG000BMW2Z0_2021-04-21
2021-07-04 23:34:20 46      KMI_BBG0019JZ882_2021-04-21
2021-07-04 23:34:20 48      KMPR_BBG000H3GDJ8_2021-04-21
2021-07-04 23:34:20 49      KMT_BBG000BMWKC5_2021-04-21
2021-07-04 23:34:20 50      KMX_BBG000BLMZK6_2021-04-21
2021-07-04 23:34:20 51      KNSL_BBG00D8JD9Z9_2021-04-21
2021-07-04 23:34:20 52      KNX_BBG000BFC848_2021-04-21
2021-07-04 23:34:20 54      KO_BBG000BMX289_2021-04-21
2021-07-04 23:34:20 57      KOD_BBG00BVR0D02_2021-04-21
2021-07-04 23:34:20 58      KR_BBG000BMY992_2021-04-21
2021-07-04 23:34:20 60      KRG_BBG000BC2KW8_2021-04-21
2021-07-04 23:34:20 61      KRTX_BBG00NN875G0_2021-04-21
2021-07-04 23:34:20 62      KRYS_BBG00HDGRHH7_2021-04-21
2021-07-04 23:34:20 62      KSU_BBG000BMZ7P7_2021-04-21
2021-07-04 23:34:20 64      KTB_BBG00LPTHYD5_2021-04-21
2021-07-04 23:34:20 66      KWR_BBG000DZS2L9_2021-04-21
2021-07-04 23:34:20 66      L_BBG000C45984_2021-04-21
2021-07-04 23:34:20 67      LAD_BBG000K3BC83_2021-04-21
2021-07-04 23:34:20 68      LANC_BBG000BN1M88_2021-04-21
2021-07-04 23:34:20 70      LASR_BBG0020BCPX5_2021-04-21
2021-07-04 23:34:20 70      LASR: SPYKE!. Candle: ID:78, Time: 13:30, Close: 28.69
2021-07-04 23:34:20 70      LASR: SPYKE!. Candle: ID:79, Time: 13:30, Close: 28.67
2021-07-04 23:34:20 71      LB_BBG000BNGTQ7_2021-04-21
2021-07-04 23:34:20 73      LBRDK_BBG006GNSZW5_2021-04-21
2021-07-04 23:34:20 74      LCII_BBG000DNLMB0_2021-04-21
2021-07-04 23:34:20 75      LDOS_BBG000C23PB0_2021-04-21
2021-07-04 23:34:20 76      LEA_BBG000PTLGZ1_2021-04-21
2021-07-04 23:34:20 76      LECO_BBG000BB72K8_2021-04-21
2021-07-04 23:34:20 77      LEG_BBG000BN53G7_2021-04-21
2021-07-04 23:34:20 78      LEGH_BBG00MJDR6J9_2021-04-21
2021-07-04 23:34:20 79      LEN_BBG000BN5HF7_2021-04-21
2021-07-04 23:34:20 81      LEVI_BBG000BQDF10_2021-04-21
2021-07-04 23:34:20 82      LFC_BBG000BBK4B9_2021-04-21
2021-07-04 23:34:20 83      LFUS_BBG000BGFGT8_2021-04-21
2021-07-04 23:34:20 84      LGIH_BBG0056655S1_2021-04-21
2021-07-04 23:34:20 85      LGND_BBG000BKF014_2021-04-21
2021-07-04 23:34:20 86      LH_BBG000D9DMK0_2021-04-21
2021-07-04 23:34:20 87      LHCG_BBG000G7W420_2021-04-21
2021-07-04 23:34:20 87      LHX_BBG000BLGFJ9_2021-04-21
2021-07-04 23:34:20 88      LII_BBG000BB5B84_2021-04-21
2021-07-04 23:34:20 89      LIN_BBG00GVR8YQ9_2021-04-21
2021-07-04 23:34:20 91      LITE_BBG0073F9RT7_2021-04-21
2021-07-04 23:34:20 92      LKQ_BBG000PXDL44_2021-04-21
2021-07-04 23:34:20 93      LLY_BBG000BNBDC2_2021-04-21
2021-07-04 23:34:20 94      LMT_BBG000C1BW00_2021-04-21
2021-07-04 23:34:20 95      LNN_BBG000FJS1S8_2021-04-21
2021-07-04 23:34:20 96      LNT_BBG000DW4Q75_2021-04-21
2021-07-04 23:34:20 97      LNTH_BBG006Q52RD0_2021-04-21
2021-07-04 23:34:20 98      LOPE_BBG000FV28W9_2021-04-21
2021-07-04 23:34:20 99      LOW_BBG000BNDN65_2021-04-21
2021-07-04 23:34:21 01      LPL_BBG000FJ0RK9_2021-04-21
2021-07-04 23:34:21 02      LPLA_BBG000P2TYL8_2021-04-21
2021-07-04 23:34:21 03      LPSN_BBG000BSV0W5_2021-04-21
2021-07-04 23:34:21 04      LRCX_BBG000BNFLM9_2021-04-21
2021-07-04 23:34:21 07      LRN_BBG000QSXPZ9_2021-04-21
2021-07-04 23:34:21 08      LRN: BuyPending. Strategy: MorningOpenStrategy. Price: 31.53. Lots: 7. ChangeOpenToCurrent: -1.87. ChangePrevCloseToCurrent: -2.02. Candle: ID:8, Time: 7:00, Close: 31.53.
2021-07-04 23:34:21 08      LRN: OrderID: 29f77379. PlacedOrder. Status: New. RejectReason: 
2021-07-04 23:34:21 08      LRN: OrderID: 29f77379 fully executed
2021-07-04 23:34:21 08      LRN: Morning closing by timeout. Close price: 31.72. Lots: 7. Profit: 0.19(0.60%). Candle: ID:30, Time: 7:20, Close: 31.72
2021-07-04 23:34:21 08      LRN: OrderID: adcf6b38. PlacedOrder. Status: New. RejectReason: 
2021-07-04 23:34:21 08      LRN: OrderID: adcf6b38 partially executed. Executed lots: 2. OrderStatus: 2/7 lots
2021-07-04 23:34:21 08      LRN: OrderID: adcf6b38 partially executed. Executed lots: 2. OrderStatus: 4/7 lots
2021-07-04 23:34:21 08      LRN: OrderID: adcf6b38 partially executed. Executed lots: 1. OrderStatus: 5/7 lots
2021-07-04 23:34:21 08      LRN: OrderID: adcf6b38 partially executed. Executed lots: 1. OrderStatus: 6/7 lots
2021-07-04 23:34:21 08      LRN: OrderID: adcf6b38 fully executed
2021-07-04 23:34:21 09      LSCC_BBG000C2D1C1_2021-04-21
2021-07-04 23:34:21 11      LSTR_BBG000BB2KN0_2021-04-21
2021-07-04 23:34:21 12      LTHM_BBG00LV3NRG0_2021-04-21
2021-07-04 23:34:21 13      LULU_BBG000R8ZVD1_2021-04-21
2021-07-04 23:34:21 15      LUMN_BBG000BGLRN3_2021-04-21
2021-07-04 23:34:21 17      LUV_BBG000BNJHS8_2021-04-21
2021-07-04 23:34:21 20      LVS_BBG000JWD753_2021-04-21
2021-07-04 23:34:21 22      LW_BBG003CVMLQ2_2021-04-21
2021-07-04 23:34:21 23      LYB_BBG000WCFV84_2021-04-21
2021-07-04 23:34:21 24      LYFT_BBG004M9ZHX5_2021-04-21
2021-07-04 23:34:21 27      LYV_BBG000FQ7YR4_2021-04-21
2021-07-04 23:34:21 29      M_BBG000C46HM9_2021-04-21
2021-07-04 23:34:21 30      MA_BBG000F1ZSQ2_2021-04-21
2021-07-04 23:34:21 33      MAA_BBG000BLMY92_2021-04-21
2021-07-04 23:34:21 33      MAC_BBG000BL9C59_2021-04-21
2021-07-04 23:34:21 35      MAN_BBG000BNMHS4_2021-04-21
2021-07-04 23:34:21 35      MANH_BBG000BFV758_2021-04-21
2021-07-04 23:34:21 37      MANT_BBG000BGF8B5_2021-04-21
2021-07-04 23:34:21 37      MANU_BBG0035WV4N9_2021-04-21
2021-07-04 23:34:21 38      MAR_BBG000BGD7W6_2021-04-21
2021-07-04 23:34:21 41      MAS_BBG000BNNKG9_2021-04-21
2021-07-04 23:34:21 42      MASI_BBG000C3W281_2021-04-21
2021-07-04 23:34:21 43      MAT_BBG000BNNYW1_2021-04-21
2021-07-04 23:34:21 44      MATX_BBG000BBK401_2021-04-21
2021-07-04 23:34:21 45      MBT_BBG000CSZKR2_2021-04-21
2021-07-04 23:34:21 46      MBUU_BBG005PXTR70_2021-04-21
2021-07-04 23:34:21 47      MCD_BBG000BNSZP1_2021-04-21
2021-07-04 23:34:21 49      MCHP_BBG000BHCP19_2021-04-21
2021-07-04 23:34:21 52      MCK_BBG000DYGNW7_2021-04-21
2021-07-04 23:34:21 54      MCO_BBG000F86GP6_2021-04-21
2021-07-04 23:34:21 55      MCRI_BBG000BJ0932_2021-04-21
2021-07-04 23:34:21 56      MD_BBG000H8LGK2_2021-04-21
2021-07-04 23:34:21 57      MDB_BBG0022FDRY8_2021-04-21
2021-07-04 23:34:21 59      MDGL_BBG000QS6NV8_2021-04-21
2021-07-04 23:34:21 60      MDLA_BBG001BPKGT0_2021-04-21
2021-07-04 23:34:21 61      MDLZ_BBG000D4LWF6_2021-04-21
2021-07-04 23:34:21 64      MDRX_BBG000BLDXH5_2021-04-21
2021-07-04 23:34:21 66      MDT_BBG000BNWG87_2021-04-21
2021-07-04 23:34:21 69      MED_BBG000BWBW76_2021-04-21
2021-07-04 23:34:21 72      MEDP_BBG0065B7K59_2021-04-21
2021-07-04 23:34:21 73      MEI_BBG000BNY197_2021-04-21
2021-07-04 23:34:21 74      MELI_BBG000GQPB11_2021-04-21
2021-07-04 23:34:21 76      MET_BBG000BB6KF5_2021-04-21
2021-07-04 23:34:21 77      MFGP_BBG00HFWVGN0_2021-04-21
2021-07-04 23:34:21 78      MGLN_BBG000BD6DD9_2021-04-21
2021-07-04 23:34:21 79      MGM_BBG000C2BXK4_2021-04-21
2021-07-04 23:34:21 82      MGY_BBG00GNC8DL2_2021-04-21
2021-07-04 23:34:21 83      MGY: SPYKE!. Candle: ID:2, Time: 7:00, Close: 9.94
2021-07-04 23:34:21 83      MGY: SPYKE!. Candle: ID:5, Time: 7:00, Close: 11.05
2021-07-04 23:34:21 83      MGY: BuyPending. Strategy: MorningOpenStrategy2. Price: 10.31. Lots: 24. ChangeOpenToCurrent: -4.36. ChangePrevCloseToCurrent: -4.36. Candle: ID:22, Time: 7:25, Close: 10.31.
2021-07-04 23:34:21 83      MGY: OrderID: a46b32d7. PlacedOrder. Status: New. RejectReason: 
2021-07-04 23:34:21 83      MGY: Cancel order. Did not bought at market open. Candle: ID:25, Time: 7:30, Close: 10.76
2021-07-04 23:34:21 83      OrderID: a46b32d7 successfully canceled
2021-07-04 23:34:21 84      MHK_BBG000FLZN98_2021-04-21
2021-07-04 23:34:21 84      MHO_BBG000BL9MZ4_2021-04-21
2021-07-04 23:34:21 85      MIDD_BBG000DQN9R3_2021-04-21
2021-07-04 23:34:21 90      MINI_BBG000BGTX98_2021-04-21
2021-07-04 23:34:21 90      MKC_BBG000G6Y5W4_2021-04-21
2021-07-04 23:34:21 92      MKL_BBG000FC7366_2021-04-21
2021-07-04 23:34:21 93      MKSI_BBG000BVMG26_2021-04-21
2021-07-04 23:34:21 94      MKTX_BBG000BJBZ23_2021-04-21
2021-07-04 23:34:21 96      MLAB_BBG000BP3PW7_2021-04-21
2021-07-04 23:34:21 96      MLCO_BBG000BHP8J4_2021-04-21
2021-07-04 23:34:21 98      MLHR_BBG000BP46T2_2021-04-21
2021-07-04 23:34:21 99      MLM_BBG000BGYMH7_2021-04-21
2021-07-04 23:34:22 00      MMC_BBG000BP4MH0_2021-04-21
2021-07-04 23:34:22 02      MMI_BBG005GBRSR6_2021-04-21
2021-07-04 23:34:22 02      MMM_BBG000BP52R2_2021-04-21
2021-07-04 23:34:22 04      MMS_BBG000BC5WJ4_2021-04-21
2021-07-04 23:34:22 05      MMSI_BBG000C42VX0_2021-04-21
2021-07-04 23:34:22 06      MNRO_BBG000C0BZD1_2021-04-21
2021-07-04 23:34:22 07      MNST_BBG008NVB1C0_2021-04-21
2021-07-04 23:34:22 08      MO_BBG000BP6LJ8_2021-04-21
2021-07-04 23:34:22 11      MOH_BBG000MBHNC8_2021-04-21
2021-07-04 23:34:22 12      MOMO_BBG007HTCQT0_2021-04-21
2021-07-04 23:34:22 15      MORN_BBG000CGQ4F7_2021-04-21
2021-07-04 23:34:22 16      MOS_BBG000BFXHL6_2021-04-21
2021-07-04 23:34:22 17      MOV_BBG000BL30Y9_2021-04-21
2021-07-04 23:34:22 18      MPC_BBG001DCCGR8_2021-04-21
2021-07-04 23:34:22 19      MPWR_BBG000C30L48_2021-04-21
2021-07-04 23:34:22 21      MRC_BBG000BKLTM1_2021-04-21
2021-07-04 23:34:22 21      MRC: BuyPending. Strategy: MorningOpenStrategy2. Price: 8.55. Lots: 29. ChangeOpenToCurrent: -6.96. ChangePrevCloseToCurrent: -6.96. Candle: ID:8, Time: 7:15, Close: 8.55.
2021-07-04 23:34:22 21      MRC: OrderID: 44d1dde7. PlacedOrder. Status: New. RejectReason: 
2021-07-04 23:34:22 21      MRC: Cancel order. Did not bought at market open. Candle: ID:10, Time: 7:25, Close: 8.68
2021-07-04 23:34:22 21      OrderID: 44d1dde7 successfully canceled
2021-07-04 23:34:22 21      MRC: BuyPending. Strategy: MorningOpenStrategy2. Price: 8.68. Lots: 28. ChangeOpenToCurrent: -5.55. ChangePrevCloseToCurrent: -5.55. Candle: ID:11, Time: 7:25, Close: 8.68.
2021-07-04 23:34:22 21      MRC: OrderID: 62d97ddd. PlacedOrder. Status: New. RejectReason: 
2021-07-04 23:34:22 21      MRC: OrderID: 62d97ddd partially executed. Executed lots: 5. OrderStatus: 5/28 lots
2021-07-04 23:34:22 21      MRC: OrderID: 62d97ddd partially executed. Executed lots: 1. OrderStatus: 6/28 lots
2021-07-04 23:34:22 21      MRC: OrderID: 62d97ddd partially executed. Executed lots: 4. OrderStatus: 10/28 lots
2021-07-04 23:34:22 21      MRC: OrderID: 62d97ddd partially executed. Executed lots: 2. OrderStatus: 12/28 lots
2021-07-04 23:34:22 21      MRC: OrderID: 62d97ddd partially executed. Executed lots: 4. OrderStatus: 16/28 lots
2021-07-04 23:34:22 21      MRC: Morning closing by timeout. Close price: 8.71. Lots: 16. Profit: 0.03(0.35%). Candle: ID:32, Time: 8:00, Close: 8.71
2021-07-04 23:34:22 21      MRC: OrderID: b970bba0. PlacedOrder. Status: New. RejectReason: 
2021-07-04 23:34:22 21      MRC: OrderID: 62d97ddd automatically canceling...
2021-07-04 23:34:22 21      MRC: OrderID: b970bba0 fully executed
2021-07-04 23:34:22 21      OrderID: 62d97ddd successfully canceled
2021-07-04 23:34:22 22      MRK_BBG000BPD168_2021-04-21
2021-07-04 23:34:22 25      MRNA_BBG003PHHZT1_2021-04-21
2021-07-04 23:34:22 31      MRO_BBG000C8H633_2021-04-21
2021-07-04 23:34:22 34      MRTX_BBG004TPGBP5_2021-04-21
2021-07-04 23:34:22 35      MS_BBG000BLZRJ2_2021-04-21
2021-07-04 23:34:22 41      MSA_BBG000BPDXF8_2021-04-21
2021-07-04 23:34:22 41      MSCI_BBG000RTDY25_2021-04-21
2021-07-04 23:34:22 42      MSFT_BBG000BPH459_2021-04-21
2021-07-04 23:34:22 54      MSGE_BBG00L9HLWV8_2021-04-21
2021-07-04 23:34:22 55      MSGN_BBG000NS03H7_2021-04-21
2021-07-04 23:34:22 56      MSGS_BBG007FG0C23_2021-04-21
2021-07-04 23:34:22 57      MSI_BBG000BP8Z50_2021-04-21
2021-07-04 23:34:22 59      MSM_BBG000BCLYL9_2021-04-21
2021-07-04 23:34:22 60      MSTR_BBG000GQJPZ0_2021-04-21
2021-07-04 23:34:22 62      MTB_BBG000D9KWL9_2021-04-21
2021-07-04 23:34:22 63      MTCH_BBG00B6WH9G3_2021-04-21
2021-07-04 23:34:22 65      MTD_BBG000BZCKH3_2021-04-21
2021-07-04 23:34:22 67      MTG_BBG000CBMH27_2021-04-21
2021-07-04 23:34:22 68      MTH_BBG000F4F1N0_2021-04-21
2021-07-04 23:34:22 68      MTN_BBG000BCMWM1_2021-04-21
2021-07-04 23:34:22 69      MTOR_BBG000BH92D1_2021-04-21
2021-07-04 23:34:22 70      MTRN_BBG000BDTT76_2021-04-21
2021-07-04 23:34:22 70      MU_BBG000C5Z1S3_2021-04-21
2021-07-04 23:34:22 77      MUR_BBG000BPMH90_2021-04-21
2021-07-04 23:34:22 79      MUSA_BBG001Z0Q6T5_2021-04-21
2021-07-04 23:34:22 79      MXIM_BBG000BPNP00_2021-04-21
2021-07-04 23:34:22 82      MXL_BBG000BB6R33_2021-04-21
2021-07-04 23:34:22 83      MYGN_BBG000D9H9F1_2021-04-21
2021-07-04 23:34:22 84      MYRG_BBG000BC7VW9_2021-04-21
2021-07-04 23:34:22 85      NARI_BBG009J8K7M0_2021-04-21
2021-07-04 23:34:22 86      NATI_BBG000DZK6N6_2021-04-21
2021-07-04 23:34:22 87      NAVI_BBG004MN1R41_2021-04-21
2021-07-04 23:34:22 88      NBIX_BBG000GJS7C1_2021-04-21
2021-07-04 23:34:22 89      NCBS_BBG000QK0TG5_2021-04-21
2021-07-04 23:34:22 90      NCR_BBG000BMXK89_2021-04-21
2021-07-04 23:34:22 91      NDAQ_BBG000F5VVB6_2021-04-21
2021-07-04 23:34:22 93      NDSN_BBG000BPWGR1_2021-04-21
2021-07-04 23:34:22 94      NEE_BBG000BJSBJ0_2021-04-21
2021-07-04 23:34:22 97      NEM_BBG000BPWXK1_2021-04-21
2021-07-04 23:34:22 99      NEO_BBG000BKH263_2021-04-21
2021-07-04 23:34:23 01      NEOG_BBG000C1BCK2_2021-04-21
2021-07-04 23:34:23 01      NET_BBG001WMKHH5_2021-04-21
2021-07-04 23:34:23 02      NEU_BBG000BJ5SS8_2021-04-21
2021-07-04 23:34:23 03      NEWR_BBG001NFKJ68_2021-04-21
2021-07-04 23:34:23 04      NFLX_BBG000CL9VN6_2021-04-21
2021-07-04 23:34:23 20      NGVT_BBG009LM28K6_2021-04-21
2021-07-04 23:34:23 21      NJR_BBG000BPZVW9_2021-04-21
2021-07-04 23:34:23 22      NKE_BBG000C5HS04_2021-04-21
2021-07-04 23:34:23 26      NKTR_BBG000BHCYJ1_2021-04-21
2021-07-04 23:34:23 27      NLOK_BBG000BH2JM1_2021-04-21
2021-07-04 23:34:23 30      NLSN_BBG0088CYPX8_2021-04-21
2021-07-04 23:34:23 31      NMIH_BBG005DLMMZ6_2021-04-21
2021-07-04 23:34:23 32      NOC_BBG000BQ2C28_2021-04-21
2021-07-04 23:34:23 34      NOK_BBG000BNGBW9_2021-04-21
2021-07-04 23:34:23 36      NOV_BBG000BJX8C8_2021-04-21
2021-07-04 23:34:23 39      NOW_BBG000M1R011_2021-04-21
2021-07-04 23:34:23 41      NP_BBG000QCQ764_2021-04-21
2021-07-04 23:34:23 42      NPK_BBG000BQ4GG2_2021-04-21
2021-07-04 23:34:23 42      NRG_BBG000D8RG11_2021-04-21
2021-07-04 23:34:23 43      NSC_BBG000BQ5DS5_2021-04-21
2021-07-04 23:34:23 45      NSP_BBG000BJ41X2_2021-04-21
2021-07-04 23:34:23 45      NTAP_BBG000FP1N32_2021-04-21
2021-07-04 23:34:23 47      NTCO_BBG00R4ZKPN5_2021-04-21
2021-07-04 23:34:23 47      NTCT_BBG000C136Z8_2021-04-21
2021-07-04 23:34:23 48      NTES_BBG000BX72V8_2021-04-21
2021-07-04 23:34:23 50      NTGR_BBG000C4GBR6_2021-04-21
2021-07-04 23:34:23 51      NTLA_BBG007KC7PB0_2021-04-21
2021-07-04 23:34:23 53      NTNX_BBG001NDW1Z7_2021-04-21
2021-07-04 23:34:23 54      NTRA_BBG001J1BQ86_2021-04-21
2021-07-04 23:34:23 55      NTRS_BBG000BQ74K1_2021-04-21
2021-07-04 23:34:23 56      NTUS_BBG000DPZHS3_2021-04-21
2021-07-04 23:34:23 57      NUE_BBG000BQ8KV2_2021-04-21
2021-07-04 23:34:23 59      NUS_BBG000HG21Y3_2021-04-21
2021-07-04 23:34:23 59      NUVA_BBG000LNL298_2021-04-21
2021-07-04 23:34:23 60      NVDA_BBG000BBJQV0_2021-04-21
2021-07-04 23:34:23 66      NVEE_BBG005BT60Y8_2021-04-21
2021-07-04 23:34:23 67      NVR_BBG000BQBYR3_2021-04-21
2021-07-04 23:34:23 67      NVRO_BBG001K61W36_2021-04-21
2021-07-04 23:34:23 68      NVTA_BBG005DJFD43_2021-04-21
2021-07-04 23:34:23 70      NWE_BBG000Q1NMJ4_2021-04-21
2021-07-04 23:34:23 71      NWE: SPYKE!. Candle: ID:5, Time: 11:00, Close: 63.57
2021-07-04 23:34:23 71      NWL_BBG000BQC9V2_2021-04-21
2021-07-04 23:34:23 72      NWLI_BBG008HNHZ07_2021-04-21
2021-07-04 23:34:23 73      NWS_BBG0035M2ZB7_2021-04-21
2021-07-04 23:34:23 74      NWSA_BBG0035LY913_2021-04-21
2021-07-04 23:34:23 75      NXPI_BBG000BND699_2021-04-21
2021-07-04 23:34:23 78      NXST_BBG000DZJVH0_2021-04-21
2021-07-04 23:34:23 79      NYT_BBG000FFC0B3_2021-04-21
2021-07-04 23:34:23 81      O_BBG000DHPN63_2021-04-21
2021-07-04 23:34:23 83      OC_BBG000M44VW8_2021-04-21
2021-07-04 23:34:23 84      ODFL_BBG000CHSS88_2021-04-21
2021-07-04 23:34:23 86      OFIX_BBG000G1C210_2021-04-21
2021-07-04 23:34:23 86      OHI_BBG000BGBTC2_2021-04-21
2021-07-04 23:34:23 87      OI_BBG00R2JZG39_2021-04-21
2021-07-04 23:34:23 88      OII_BBG000CPBCL8_2021-04-21
2021-07-04 23:34:23 88      OII: SPYKE!. Candle: ID:1057, Time: 20:30, Close: 9.8
2021-07-04 23:34:23 89      OIS_BBG000BDDN94_2021-04-21
2021-07-04 23:34:23 90      OKE_BBG000BQHGR6_2021-04-21
2021-07-04 23:34:23 91      OKTA_BBG001YV1SM4_2021-04-21
2021-07-04 23:34:23 94      OLED_BBG000BLRP41_2021-04-21
2021-07-04 23:34:23 94      OLLI_BBG0098VVDT9_2021-04-21
2021-07-04 23:34:23 96      OMC_BBG000BS9489_2021-04-21
2021-07-04 23:34:23 97      OMCL_BBG000BTNGZ4_2021-04-21
2021-07-04 23:34:23 98      ON_BBG000DV7MX4_2021-04-21
2021-07-04 23:34:24 01      ONTO_BBG000BPRN29_2021-04-21
2021-07-04 23:34:24 02      ORCL_BBG000BQLTW7_2021-04-21
2021-07-04 23:34:24 05      ORLY_BBG000BGYWY6_2021-04-21
2021-07-04 23:34:24 07      OSIS_BBG000BWPR54_2021-04-21
2021-07-04 23:34:24 08      OSK_BBG000CC53X1_2021-04-21
2021-07-04 23:34:24 08      OSUR_BBG000J3D1Y8_2021-04-21
2021-07-04 23:34:24 10      OTIS_BBG00RP60KV0_2021-04-21
2021-07-04 23:34:24 11      OVV_BBG00R2NHQ65_2021-04-21
2021-07-04 23:34:24 12      OXY_BBG000BQQ2S6_2021-04-21
2021-07-04 23:34:24 16      PAGS_BBG00JM7QBR6_2021-04-21
2021-07-04 23:34:24 17      PANW_BBG0014GJCT9_2021-04-21
2021-07-04 23:34:24 18      PATK_BBG000BQSBB2_2021-04-21
2021-07-04 23:34:24 19      PAYC_BBG0064N0ZZ5_2021-04-21
2021-07-04 23:34:24 19      PB_BBG000BHY4D9_2021-04-21
2021-07-04 23:34:24 20      PBCT_BBG000BQT4L6_2021-04-21
2021-07-04 23:34:24 22      PBF_BBG002832GV8_2021-04-21
2021-07-04 23:34:24 23      PBH_BBG000QM0RZ4_2021-04-21
2021-07-04 23:34:24 24      PBI_BBG000BQTMJ9_2021-04-21
2021-07-04 23:34:24 25      PCAR_BBG000BQVTF5_2021-04-21
2021-07-04 23:34:24 27      PCG_BBG000BQWPC5_2021-04-21
2021-07-04 23:34:24 28      PCRX_BBG0018FQNS6_2021-04-21
2021-07-04 23:34:24 29      PCTY_BBG006598YS8_2021-04-21
2021-07-04 23:34:24 30      PD_BBG0043BYPB8_2021-04-21
2021-07-04 23:34:24 31      PDCO_BBG000BQY289_2021-04-21
2021-07-04 23:34:24 32      PEAK_BBG000BKYDP9_2021-04-21
2021-07-04 23:34:24 33      PEG_BBG000BQZMH4_2021-04-21
2021-07-04 23:34:24 34      PEGA_BBG000H1RYG7_2021-04-21
2021-07-04 23:34:24 35      PEN_BBG001BP92V1_2021-04-21
2021-07-04 23:34:24 36      PEP_BBG000DH7JK6_2021-04-21
2021-07-04 23:34:24 41      PETQ_BBG00H1CY328_2021-04-21
2021-07-04 23:34:24 41      PFE_BBG000BR2B91_2021-04-21
2021-07-04 23:34:24 46      PFG_BBG000NSCNT7_2021-04-21
2021-07-04 23:34:24 47      PFGC_BBG009XW2WB8_2021-04-21
2021-07-04 23:34:24 48      PFPT_BBG000RQ2GY7_2021-04-21
2021-07-04 23:34:24 49      PG_BBG000BR2TH3_2021-04-21
2021-07-04 23:34:24 53      PGNY_BBG002H1K1H1_2021-04-21
2021-07-04 23:34:24 54      PGR_BBG000BR37X2_2021-04-21
2021-07-04 23:34:24 56      PGTI_BBG000FX3Y66_2021-04-21
2021-07-04 23:34:24 57      PH_BBG000BR3KL6_2021-04-21
2021-07-04 23:34:24 58      PHM_BBG000BR54L0_2021-04-21
2021-07-04 23:34:24 60      PII_BBG000D5S4M0_2021-04-21
2021-07-04 23:34:24 60      PINC_BBG000G7QX50_2021-04-21
2021-07-04 23:34:24 61      PINS_BBG002583CV8_2021-04-21
2021-07-04 23:34:24 65      PIPR_BBG000FQXC75_2021-04-21
2021-07-04 23:34:24 65      PKG_BBG000BB8SW7_2021-04-21
2021-07-04 23:34:24 66      PKI_BBG000FXW512_2021-04-21
2021-07-04 23:34:24 67      PLAN_BBG002DZS299_2021-04-21
2021-07-04 23:34:24 68      PLAY_BBG001WWJTK5_2021-04-21
2021-07-04 23:34:24 70      PLCE_BBG000JK9DK4_2021-04-21
2021-07-04 23:34:24 71      PLD_BBG000B9Z0J8_2021-04-21
2021-07-04 23:34:24 72      PLNT_BBG009H04M17_2021-04-21
2021-07-04 23:34:24 73      PLTR_BBG000N7QR55_2021-04-21
2021-07-04 23:34:24 77      PLUS_BBG000HN7W02_2021-04-21
2021-07-04 23:34:24 78      PLXS_BBG000BRBX66_2021-04-21
2021-07-04 23:34:24 79      PM_BBG000J2XL74_2021-04-21
2021-07-04 23:34:24 82      PNC_BBG000BRD0D8_2021-04-21
2021-07-04 23:34:24 83      PNFP_BBG000C1XKF6_2021-04-21
2021-07-04 23:34:24 84      PNTG_BBG00P33SY72_2021-04-21
2021-07-04 23:34:24 85      PODD_BBG000R7XX87_2021-04-21
2021-07-04 23:34:24 85      POOL_BBG000BCVG28_2021-04-21
2021-07-04 23:34:24 86      POR_BBG000BCRMW7_2021-04-21
2021-07-04 23:34:24 87      POST_BBG001WTBC36_2021-04-21
2021-07-04 23:34:24 88      POWI_BBG000BTT3D1_2021-04-21
2021-07-04 23:34:24 89      PPC_BBG000BFLXV3_2021-04-21
2021-07-04 23:34:24 90      PPG_BBG000BRJ809_2021-04-21
2021-07-04 23:34:24 91      PPL_BBG000BRJL00_2021-04-21
2021-07-04 23:34:24 92      PRAA_BBG000BNTW77_2021-04-21
2021-07-04 23:34:24 93      PRAH_BBG007387YL8_2021-04-21
2021-07-04 23:34:24 94      PRFT_BBG000BVXFK6_2021-04-21
2021-07-04 23:34:24 95      PRG_BBG00VSH86G4_2021-04-21
2021-07-04 23:34:24 95      PRGS_BBG000C4QP94_2021-04-21
2021-07-04 23:34:24 96      PRI_BBG000T8ZF80_2021-04-21
2021-07-04 23:34:24 97      PRLB_BBG000BT13B3_2021-04-21
2021-07-04 23:34:24 98      PRSP_BBG00KMXKWF9_2021-04-21
2021-07-04 23:34:24 99      PRU_BBG000HCJMF9_2021-04-21
2021-07-04 23:34:25 01      PSA_BBG000BPPN67_2021-04-21
2021-07-04 23:34:25 02      PSN_BBG000C3TKY6_2021-04-21
2021-07-04 23:34:25 03      PSTG_BBG00212PVZ5_2021-04-21
2021-07-04 23:34:25 04      PSX_BBG00286S4N9_2021-04-21
2021-07-04 23:34:25 05      PTC_BBG000C2VBB0_2021-04-21
2021-07-04 23:34:25 06      PTCT_BBG000QT15P7_2021-04-21
2021-07-04 23:34:25 07      PTON_BBG00JG0FFZ2_2021-04-21
2021-07-04 23:34:25 14      PTR_BBG000BR85F1_2021-04-21
2021-07-04 23:34:25 14      PUMP_BBG00FYCQ352_2021-04-21
2021-07-04 23:34:25 16      PVH_BBG000BRRG02_2021-04-21
2021-07-04 23:34:25 17      PWR_BBG000BBL8V7_2021-04-21
2021-07-04 23:34:25 18      PXD_BBG000BXRPH1_2021-04-21
2021-07-04 23:34:25 19      PYPL_BBG0077VNXV6_2021-04-21
2021-07-04 23:34:25 24      PZZA_BBG000BFWF13_2021-04-21
2021-07-04 23:34:25 24      QADA_BBG001BP77C3_2021-04-21
2021-07-04 23:34:25 25      QCOM_BBG000CGC1X8_2021-04-21
2021-07-04 23:34:25 29      QDEL_BBG000C6GN04_2021-04-21
2021-07-04 23:34:25 30      QLYS_BBG000HT5G06_2021-04-21
2021-07-04 23:34:25 31      QNST_BBG000S9XXB8_2021-04-21
2021-07-04 23:34:25 32      QRTEA_BBG000PCQQL6_2021-04-21
2021-07-04 23:34:25 33      QRVO_BBG007TJF1N7_2021-04-21
2021-07-04 23:34:25 35      QTS_BBG0054B20Z8_2021-04-21
2021-07-04 23:34:25 35      QTWO_BBG005ZVK9P2_2021-04-21
2021-07-04 23:34:25 36      QUOT_BBG001QYNR63_2021-04-21
2021-07-04 23:34:25 37      R_BBG000BRVP70_2021-04-21
2021-07-04 23:34:25 38      RACE_BBG009PH3Q86_2021-04-21
2021-07-04 23:34:25 38      RAMP_BBG000BB4HM6_2021-04-21
2021-07-04 23:34:25 39      RAMP: SPYKE!. Candle: ID:3, Time: 7:00, Close: 44.29
2021-07-04 23:34:25 39      RARE_BBG001RWPDW6_2021-04-21
2021-07-04 23:34:25 40      RAVN_BBG000CXQTZ3_2021-04-21
2021-07-04 23:34:25 41      RBC_BBG000BRXTR8_2021-04-21
2021-07-04 23:34:25 42      RCL_BBG000BB5792_2021-04-21
2021-07-04 23:34:25 44      RDFN_BBG001Q7HP63_2021-04-21
2021-07-04 23:34:25 44      RDFN: BuyPending. Strategy: MorningOpenStrategy2. Price: 58.8. Lots: 4. ChangeOpenToCurrent: -4.73. ChangePrevCloseToCurrent: -4.73. Candle: ID:2, Time: 7:15, Close: 58.8.
2021-07-04 23:34:25 44      RDFN: OrderID: cb63e7e1. PlacedOrder. Status: New. RejectReason: 
2021-07-04 23:34:25 44      RDFN: Cancel order. Did not bought at market open. Candle: ID:4, Time: 7:20, Close: 60.87
2021-07-04 23:34:25 44      OrderID: cb63e7e1 successfully canceled
2021-07-04 23:34:25 45      RDS.A_BBG000QXSSS6_2021-04-21
2021-07-04 23:34:25 46      RDY_BBG000NJ96L6_2021-04-21
2021-07-04 23:34:25 47      RE_BBG000C1XVK6_2021-04-21
2021-07-04 23:34:25 48      REG_BBG000BL46Q4_2021-04-21
2021-07-04 23:34:25 49      REGI_BBG0016SSV00_2021-04-21
2021-07-04 23:34:25 51      REGN_BBG000C734W3_2021-04-21
2021-07-04 23:34:25 52      RETA_BBG000R33BD1_2021-04-21
2021-07-04 23:34:25 53      REX_BBG000D2ZK61_2021-04-21
2021-07-04 23:34:25 54      REZI_BBG00HY28K89_2021-04-21
2021-07-04 23:34:25 54      RF_BBG000Q3JN03_2021-04-21
2021-07-04 23:34:25 55      RGA_BBG000BDLCQ0_2021-04-21
2021-07-04 23:34:25 56      RGEN_BBG000BS48J3_2021-04-21
2021-07-04 23:34:25 57      RGLD_BBG000BS5170_2021-04-21
2021-07-04 23:34:25 58      RGNX_BBG007Z9V591_2021-04-21
2021-07-04 23:34:25 59      RGR_BBG000C4FQG6_2021-04-21
2021-07-04 23:34:25 59      RH_BBG002293PJ4_2021-04-21
2021-07-04 23:34:25 60      RHI_BBG000BS5DR2_2021-04-21
2021-07-04 23:34:25 61      RIG_BBG000BH5LT6_2021-04-21
2021-07-04 23:34:25 64      RJF_BBG000BS73J1_2021-04-21
2021-07-04 23:34:25 65      RL_BBG000BS0ZF1_2021-04-21
2021-07-04 23:34:25 66      RMD_BBG000L4M7F1_2021-04-21
2021-07-04 23:34:25 66      RNG_BBG000J094P3_2021-04-21
2021-07-04 23:34:25 68      ROCK_BBG000BKQDQ7_2021-04-21
2021-07-04 23:34:25 69      ROG_BBG000BS9HN3_2021-04-21
2021-07-04 23:34:25 69      ROK_BBG000BBCDZ2_2021-04-21
2021-07-04 23:34:25 70      ROKU_BBG001ZZPQJ6_2021-04-21
2021-07-04 23:34:25 74      ROL_BBG000BSBBP1_2021-04-21
2021-07-04 23:34:25 75      ROLL_BBG000GMGNB3_2021-04-21
2021-07-04 23:34:25 76      ROP_BBG000F1ZSN5_2021-04-21
2021-07-04 23:34:25 77      ROST_BBG000BSBZH7_2021-04-21
2021-07-04 23:34:25 79      RPD_BBG009DFHWG6_2021-04-21
2021-07-04 23:34:25 80      RPM_BBG000DCNK80_2021-04-21
2021-07-04 23:34:25 81      RRBI_BBG000QKNLB2_2021-04-21
2021-07-04 23:34:25 81      RRC_BBG000FVXD63_2021-04-21
2021-07-04 23:34:25 82      RRGB_BBG000MXH9C1_2021-04-21
2021-07-04 23:34:25 83      RS_BBG000CJ2181_2021-04-21
2021-07-04 23:34:25 84      RSG_BBG000BPXVJ6_2021-04-21
2021-07-04 23:34:25 85      RTX_BBG000BW8S60_2021-04-21
2021-07-04 23:34:25 87      RVLV_BBG00M4RHBD0_2021-04-21
2021-07-04 23:34:25 88      RXN_BBG000H8R0N8_2021-04-21
2021-07-04 23:34:25 89      RYN_BBG000BG7L34_2021-04-21
2021-07-04 23:34:25 90      RYTM_BBG007DLZ601_2021-04-21
2021-07-04 23:34:25 90      SAFM_BBG000BSHJ96_2021-04-21
2021-07-04 23:34:25 91      SAGE_BBG0025X16Y5_2021-04-21
2021-07-04 23:34:25 92      SAIA_BBG000P5LMQ0_2021-04-21
2021-07-04 23:34:25 93      SAIC_BBG003BW05K6_2021-04-21
2021-07-04 23:34:25 94      SAIL_BBG00J0BBZL0_2021-04-21
2021-07-04 23:34:25 95      SAM_BBG000BCZBF1_2021-04-21
2021-07-04 23:34:25 95      SAVE_BBG000BF6RQ9_2021-04-21
2021-07-04 23:34:25 97      SBAC_BBG000D2M0Z7_2021-04-21
2021-07-04 23:34:25 99      SBCF_BBG000KK3464_2021-04-21
2021-07-04 23:34:26 00      SBGI_BBG000F2XXP2_2021-04-21
2021-07-04 23:34:26 01      SBH_BBG000LR8515_2021-04-21
2021-07-04 23:34:26 01      SBRA_BBG000MTDW24_2021-04-21
2021-07-04 23:34:26 02      SBUX_BBG000CTQBF3_2021-04-21
2021-07-04 23:34:26 06      SCCO_BBG000BSHH72_2021-04-21
2021-07-04 23:34:26 07      SCHW_BBG000BSLZY7_2021-04-21
2021-07-04 23:34:26 10      SCI_BBG000BTHH16_2021-04-21
2021-07-04 23:34:26 11      SCSC_BBG000BHTPZ4_2021-04-21
2021-07-04 23:34:26 12      SDGR_BBG000T88BN2_2021-04-21
2021-07-04 23:34:26 13      SEDG_BBG0084BBZY6_2021-04-21
2021-07-04 23:34:26 15      SEE_BBG000C22QV7_2021-04-21
2021-07-04 23:34:26 16      SEIC_BBG000BSQLT9_2021-04-21
2021-07-04 23:34:26 17      SERV_TCS002WMH2F2_2021-04-21
2021-07-04 23:34:26 18      SF_BBG000BSS5C0_2021-04-21
2021-07-04 23:34:26 19      SFIX_BBG0046L1KL9_2021-04-21
2021-07-04 23:34:26 20      SFM_BBG001KFKQM7_2021-04-21
2021-07-04 23:34:26 21      SGEN_BBG000BH0FR6_2021-04-21
2021-07-04 23:34:26 22      SHAK_BBG0063GCHH8_2021-04-21
2021-07-04 23:34:26 23      SHEN_BBG000BTC2N0_2021-04-21
2021-07-04 23:34:26 24      SHI_BBG000BHR1H9_2021-04-21
2021-07-04 23:34:26 24      SHW_BBG000BSXQV7_2021-04-21
2021-07-04 23:34:26 25      SIG_BBG000C4ZZ10_2021-04-21
2021-07-04 23:34:26 26      SIGI_BBG000BSZ738_2021-04-21
2021-07-04 23:34:26 27      SITE_BBG009T22D49_2021-04-21
2021-07-04 23:34:26 27      SIVB_BBG000BT0CM2_2021-04-21
2021-07-04 23:34:26 28      SJI_BBG000BT0T72_2021-04-21
2021-07-04 23:34:26 29      SJM_BBG000BT1715_2021-04-21
2021-07-04 23:34:26 30      SKM_BBG000BLN497_2021-04-21
2021-07-04 23:34:26 31      SKX_BBG000C4HKK2_2021-04-21
2021-07-04 23:34:26 32      SLAB_BBG000BB99S3_2021-04-21
2021-07-04 23:34:26 32      SLB_BBG000BT41Q8_2021-04-21
2021-07-04 23:34:26 35      SLG_BBG000BVP5P2_2021-04-21
2021-07-04 23:34:26 36      SMAR_BBG00GQK3WB5_2021-04-21
2021-07-04 23:34:26 37      SMG_BBG000BT5PG5_2021-04-21
2021-07-04 23:34:26 38      SMPL_BBG00GVP5JL4_2021-04-21
2021-07-04 23:34:26 39      SMTC_BBG000DBKR53_2021-04-21
2021-07-04 23:34:26 39      SNA_BBG000BT7JW9_2021-04-21
2021-07-04 23:34:26 40      SNAP_BBG00441QMJ7_2021-04-21
2021-07-04 23:34:26 43      SNBR_BBG000DM2BF3_2021-04-21
2021-07-04 23:34:26 44      SNBR: SPYKE!. Candle: ID:2006, Time: 20:00, Close: 123.39
2021-07-04 23:34:26 45      SNPS_BBG000BSFRF3_2021-04-21
2021-07-04 23:34:26 46      SNX_BBG000CL9JV4_2021-04-21
2021-07-04 23:34:26 47      SNY_BBG000BBD5N1_2021-04-21
2021-07-04 23:34:26 48      SO_BBG000BT9DW0_2021-04-21
2021-07-04 23:34:26 49      SOHU_BBG00L2DB535_2021-04-21
2021-07-04 23:34:26 50      SON_BBG000D7HF89_2021-04-21
2021-07-04 23:34:26 51      SONO_BBG001JZPSQ2_2021-04-21
2021-07-04 23:34:26 52      SP_BBG000BJ91B1_2021-04-21
2021-07-04 23:34:26 52      SPB@US_BBG000DS5588_2021-04-21
2021-07-04 23:34:26 53      SPCE_BBG00HTN2CQ3_2021-04-21
2021-07-04 23:34:26 65      SPG_BBG000BJ2D31_2021-04-21
2021-07-04 23:34:26 67      SPGI_BBG000BP1Q11_2021-04-21
2021-07-04 23:34:26 68      SPLK_BBG001C7TST4_2021-04-21
2021-07-04 23:34:26 71      SPOT_BBG003T4VFC2_2021-04-21
2021-07-04 23:34:26 72      SPR_BBG000PRJ2Z9_2021-04-21
2021-07-04 23:34:26 73      SPSC_BBG000PZGB75_2021-04-21
2021-07-04 23:34:26 74      SQ_BBG0018SLC07_2021-04-21
2021-07-04 23:34:26 78      SRC_BBG0027Z6X10_2021-04-21
2021-07-04 23:34:26 79      SRCL_BBG000H3FZM6_2021-04-21
2021-07-04 23:34:26 80      SRDX_BBG000BZ2QG2_2021-04-21
2021-07-04 23:34:26 80      SRE_BBG000C2ZCH8_2021-04-21
2021-07-04 23:34:26 81      SRI_BBG000BB9Q78_2021-04-21
2021-07-04 23:34:26 82      SRPT_BBG000BCJ161_2021-04-21
2021-07-04 23:34:26 83      SSD_BBG000JLC8L8_2021-04-21
2021-07-04 23:34:26 84      SSNC_BBG000RJ2J04_2021-04-21
2021-07-04 23:34:26 84      SSTK_BBG002ZCK2V9_2021-04-21
2021-07-04 23:34:26 85      STAA_BBG000C4QB95_2021-04-21
2021-07-04 23:34:26 86      STAG_BBG000BGLFP7_2021-04-21
2021-07-04 23:34:26 87      STLD_BBG000HGYNZ9_2021-04-21
2021-07-04 23:34:26 90      STMP_BBG000CZ4KF3_2021-04-21
2021-07-04 23:34:26 91      STRA_BBG000GRZDV1_2021-04-21
2021-07-04 23:34:26 92      STT_BBG000BKFBD7_2021-04-21
2021-07-04 23:34:26 93      STX_BBG000F0KF42_2021-04-21
2021-07-04 23:34:26 93      Warning: figi `BBG000F0KF42` for history data does not match actual figi `BBG0113JGQF0`. Ticker: STX. Will be used actual!
2021-07-04 23:34:26 95      STZ_BBG000J1QLT0_2021-04-21
2021-07-04 23:34:26 96      SUPN_BBG000BP0HX7_2021-04-21
2021-07-04 23:34:26 96      SWAV_BBG005XVXML5_2021-04-21
2021-07-04 23:34:26 97      SWBI_BBG000BM0QL7_2021-04-21
2021-07-04 23:34:26 98      SWCH_BBG00HPDM5Z2_2021-04-21
2021-07-04 23:34:26 99      SWI_BBG00M1CKSK7_2021-04-21
2021-07-04 23:34:26 99      SWK_BBG000BTQR96_2021-04-21
2021-07-04 23:34:27 00      SWKS_BBG000KLB4Q1_2021-04-21
2021-07-04 23:34:27 02      SWN_BBG000BTR593_2021-04-21
2021-07-04 23:34:27 04      SWX_BBG00FWP4JW4_2021-04-21
2021-07-04 23:34:27 04      SXI_BBG000BTT5B8_2021-04-21
2021-07-04 23:34:27 05      SXT_BBG000J79P80_2021-04-21
2021-07-04 23:34:27 05      SYF_BBG00658F3P3_2021-04-21
2021-07-04 23:34:27 07      SYK_BBG000DN7P92_2021-04-21
2021-07-04 23:34:27 08      SYKE_BBG000BBHPV4_2021-04-21
2021-07-04 23:34:27 09      SYNA_BBG000BQV1S2_2021-04-21
2021-07-04 23:34:27 09      SYNH_BBG0078Y1D92_2021-04-21
2021-07-04 23:34:27 10      SYY_BBG000BTVJ25_2021-04-21
2021-07-04 23:34:27 11      T_BBG000BSJK37_2021-04-21
2021-07-04 23:34:27 14      TAK_BBG000LF8708_2021-04-21
2021-07-04 23:34:27 15      TAL_BBG0016XJ8S0_2021-04-21
2021-07-04 23:34:27 16      TAP_BBG000BS7KS3_2021-04-21
2021-07-04 23:34:27 17      TCBI_BBG000DN4ZT1_2021-04-21
2021-07-04 23:34:27 18      TCMD_BBG001B12Z39_2021-04-21
2021-07-04 23:34:27 19      TCRR_BBG00FH3FM15_2021-04-21
2021-07-04 23:34:27 20      TCS_BBG005DXJS36_2021-04-21
2021-07-04 23:34:27 20      TCS: BuyPending. Strategy: MorningOpenStrategy. Price: 57.52. Lots: 4. ChangeOpenToCurrent: -3.31. ChangePrevCloseToCurrent: 0.42. Candle: ID:8, Time: 7:00, Close: 57.52.
2021-07-04 23:34:27 20      TCS: OrderID: f844c426. PlacedOrder. Status: New. RejectReason: 
2021-07-04 23:34:27 20      TCS: OrderID: f844c426 partially executed. Executed lots: 2. OrderStatus: 2/4 lots
2021-07-04 23:34:27 20      TCS: OrderID: f844c426 partially executed. Executed lots: 1. OrderStatus: 3/4 lots
2021-07-04 23:34:27 20      TCS: OrderID: f844c426 fully executed
2021-07-04 23:34:27 20      TCS: Morning closing by timeout. Close price: 56.92. Lots: 4. Profit: -0.60(-1.04%). Candle: ID:303, Time: 7:25, Close: 56.92
2021-07-04 23:34:27 20      TCS: OrderID: 4dd793e1. PlacedOrder. Status: New. RejectReason: 
2021-07-04 23:34:27 20      TCS: OrderID: 4dd793e1 partially executed. Executed lots: 1. OrderStatus: 1/4 lots
2021-07-04 23:34:27 20      TCS: OrderID: 4dd793e1 partially executed. Executed lots: 2. OrderStatus: 3/4 lots
2021-07-04 23:34:27 21      TCS: OrderID: 4dd793e1 fully executed
2021-07-04 23:34:27 21      TCX_BBG000L69KL5_2021-04-21
2021-07-04 23:34:27 22      TDC_BBG000R0L5J4_2021-04-21
2021-07-04 23:34:27 23      TDC: SPYKE!. Candle: ID:2011, Time: 20:30, Close: 44.24
2021-07-04 23:34:27 23      TDC: SPYKE!. Candle: ID:2017, Time: 20:30, Close: 50.6
2021-07-04 23:34:27 23      TDC: SPYKE!. Candle: ID:2018, Time: 20:30, Close: 48
2021-07-04 23:34:27 23      TDC: SPYKE!. Candle: ID:2020, Time: 20:30, Close: 48.09
2021-07-04 23:34:27 23      TDC: SPYKE!. Candle: ID:2021, Time: 20:30, Close: 50.6
2021-07-04 23:34:27 24      TDG_BBG000L8CBX4_2021-04-21
2021-07-04 23:34:27 25      TDOC_BBG0019T5SG0_2021-04-21
2021-07-04 23:34:27 26      TDS_BBG000BV0VK7_2021-04-21
2021-07-04 23:34:27 27      TDY_BBG000BMT9T6_2021-04-21
2021-07-04 23:34:27 28      TECH_BBG000C15114_2021-04-21
2021-07-04 23:34:27 29      TEL_BBG000RGM5P1_2021-04-21
2021-07-04 23:34:27 30      TENB_BBG00LBLCD02_2021-04-21
2021-07-04 23:34:27 31      TER_BBG000BV4DR6_2021-04-21
2021-07-04 23:34:27 33      TFC_BBG000BYYLS8_2021-04-21
2021-07-04 23:34:27 35      TFX_BBG000BV59Y6_2021-04-21
2021-07-04 23:34:27 36      TGNA_BBG000BK5DP1_2021-04-21
2021-07-04 23:34:27 37      TGT_BBG000H8TVT2_2021-04-21
2021-07-04 23:34:27 39      THG_BBG000FJH8W0_2021-04-21
2021-07-04 23:34:27 39      THO_BBG000BV6R84_2021-04-21
2021-07-04 23:34:27 40      THRM_BBG000BQLM34_2021-04-21
2021-07-04 23:34:27 41      THS_BBG000GQGJT4_2021-04-21
2021-07-04 23:34:27 41      TJX_BBG000BV8DN6_2021-04-21
2021-07-04 23:34:27 43      TKR_BBG000BV95H9_2021-04-21
2021-07-04 23:34:27 44      TMHC_BBG003PGJHP5_2021-04-21
2021-07-04 23:34:27 44      TMO_BBG000BVDLH9_2021-04-21
2021-07-04 23:34:27 46      TMUS_BBG000NDV1D4_2021-04-21
2021-07-04 23:34:27 48      TMX_BBG002WMH2F2_2021-04-21
2021-07-04 23:34:27 49      TNC_BBG000JCZJS2_2021-04-21
2021-07-04 23:34:27 49      TNDM_BBG0019V9M65_2021-04-21
2021-07-04 23:34:27 50      TNET_BBG000BR2040_2021-04-21
2021-07-04 23:34:27 51      TOL_BBG000BVHBM1_2021-04-21
2021-07-04 23:34:27 52      TOT_BBG000CHZ857_2021-04-21
2021-07-04 23:34:27 52      Warning: figi `BBG000CHZ857` for history data does not match actual figi `IZHBULDINKDK`. Ticker: TOT. Will be used actual!
2021-07-04 23:34:27 53      TPH_BBG0016YQTR5_2021-04-21
2021-07-04 23:34:27 54      TPIC_BBG0016MQ7C5_2021-04-21
2021-07-04 23:34:27 55      TPR_BBG000BY29C7_2021-04-21
2021-07-04 23:34:27 56      TPTX_BBG00NPL9WH7_2021-04-21
2021-07-04 23:34:27 57      TPX_BBG000PXGT62_2021-04-21
2021-07-04 23:34:27 58      TREE_BBG000TVRB50_2021-04-21
2021-07-04 23:34:27 59      TREX_BBG000BTGKK9_2021-04-21
2021-07-04 23:34:27 60      TRHC_BBG00BT7PPY8_2021-04-21
2021-07-04 23:34:27 60      TRIP_BBG001M8HHB7_2021-04-21
2021-07-04 23:34:27 63      TRMB_BBG000BNPS52_2021-04-21
2021-07-04 23:34:27 64      TROW_BBG000BVMPN3_2021-04-21
2021-07-04 23:34:27 65      TRU_BBG002Q7J5Z1_2021-04-21
2021-07-04 23:34:27 66      TRUP_BBG002BC7WC5_2021-04-21
2021-07-04 23:34:27 67      TRV_BBG000BJ81C1_2021-04-21
2021-07-04 23:34:27 67      TSCO_BBG000BLXZN1_2021-04-21
2021-07-04 23:34:27 69      TSLA_BBG000N9MNX3_2021-04-21
2021-07-04 23:34:27 91      TSM_BBG000BD8ZK0_2021-04-21
2021-07-04 23:34:27 96      TSN_BBG000DKCC19_2021-04-21
2021-07-04 23:34:27 98      TSS_BBG000C1JTL6_2021-04-21
2021-07-04 23:34:27 98      TT_BBG000BM6788_2021-04-21
2021-07-04 23:34:27 99      TTC_BBG000BVQRY3_2021-04-21
2021-07-04 23:34:28 00      TTD_BBG00629NGT2_2021-04-21
2021-07-04 23:34:28 01      TTEK_BBG000BYZ0Q5_2021-04-21
2021-07-04 23:34:28 02      TTM_BBG000PVGDH9_2021-04-21
2021-07-04 23:34:28 03      TTMI_BBG000BYQ0B1_2021-04-21
2021-07-04 23:34:28 03      TTWO_BBG000BS1YV5_2021-04-21
2021-07-04 23:34:28 05      TW_BBG00NK8H8T2_2021-04-21
2021-07-04 23:34:28 06      TWLO_BBG0029ZX840_2021-04-21
2021-07-04 23:34:28 07      TWNK_BBG00B6KGNN1_2021-04-21
2021-07-04 23:34:28 08      TWOU_BBG001KS9450_2021-04-21
2021-07-04 23:34:28 09      TWTR_BBG000H6HNW3_2021-04-21
2021-07-04 23:34:28 12      TXG_BBG007WX14X0_2021-04-21
2021-07-04 23:34:28 12      TXN_BBG000BVV7G1_2021-04-21
2021-07-04 23:34:28 16      TXRH_BBG000PSJMV7_2021-04-21
2021-07-04 23:34:28 17      TXT_BBG000BVVQQ8_2021-04-21
2021-07-04 23:34:28 18      TYL_BBG000BVWZF9_2021-04-21
2021-07-04 23:34:28 18      UA_BBG009DTD8H2_2021-04-21
2021-07-04 23:34:28 20      UAA_BBG000BXM6V2_2021-04-21
2021-07-04 23:34:28 21      UAL_BBG000M65M61_2021-04-21
2021-07-04 23:34:28 29      UBER_BBG002B04MT8_2021-04-21
2021-07-04 23:34:28 32      UCTT_BBG000HSLV70_2021-04-21
2021-07-04 23:34:28 33      UDR_BBG000C41023_2021-04-21
2021-07-04 23:34:28 34      UFPI_BBG000BL0T06_2021-04-21
2021-07-04 23:34:28 34      UFS_BBG000BHFHP8_2021-04-21
2021-07-04 23:34:28 36      UGI_BBG000BVYN55_2021-04-21
2021-07-04 23:34:28 37      UHS_BBG000CB8Q50_2021-04-21
2021-07-04 23:34:28 37      UI_BBG001R72SR9_2021-04-21
2021-07-04 23:34:28 38      ULTA_BBG00FWQ4VD6_2021-04-21
2021-07-04 23:34:28 39      UMBF_BBG000DD8WX1_2021-04-21
2021-07-04 23:34:28 40      UNF_BBG000BW29L1_2021-04-21
2021-07-04 23:34:28 40      UNH_BBG000CH5208_2021-04-21
2021-07-04 23:34:28 42      UNM_BBG000BW2QX0_2021-04-21
2021-07-04 23:34:28 43      UNP_BBG000BW3299_2021-04-21
2021-07-04 23:34:28 46      UNVR_BBG000BDHD29_2021-04-21
2021-07-04 23:34:28 47      UPS_BBG000L9CV04_2021-04-21
2021-07-04 23:34:28 48      UPWK_BBG00FBJ6390_2021-04-21
2021-07-04 23:34:28 49      URBN_BBG000BL79J3_2021-04-21
2021-07-04 23:34:28 51      URI_BBG000BXMFC3_2021-04-21
2021-07-04 23:34:28 51      USB_BBG000FFDM15_2021-04-21
2021-07-04 23:34:28 53      USFD_BBG00C6H6D40_2021-04-21
2021-07-04 23:34:28 54      USM_BBG000BW6P59_2021-04-21
2021-07-04 23:34:28 54      USNA_BBG000BX28M0_2021-04-21
2021-07-04 23:34:28 55      USPH_BBG000CSRSG6_2021-04-21
2021-07-04 23:34:28 55      UTHR_BBG000BV4XJ1_2021-04-21
2021-07-04 23:34:28 56      UTL_BBG000BW7X97_2021-04-21
2021-07-04 23:34:28 57      UTX_BBG0089KM290_2021-04-21
2021-07-04 23:34:28 57      V_BBG000PSKYX7_2021-04-21
2021-07-04 23:34:28 61      VAC_BBG001J2R5H3_2021-04-21
2021-07-04 23:34:28 61      VALE_BBG000BN5LG7_2021-04-21
2021-07-04 23:34:28 62      VC_BBG0016T3GQ0_2021-04-21
2021-07-04 23:34:28 63      VCEL_BBG000BDCM24_2021-04-21
2021-07-04 23:34:28 64      VCRA_BBG00179VSY7_2021-04-21
2021-07-04 23:34:28 65      VCYT_BBG001J2M542_2021-04-21
2021-07-04 23:34:28 66      VEEV_BBG001CGB489_2021-04-21
2021-07-04 23:34:28 66      VEON_BBG000QCW561_2021-04-21
2021-07-04 23:34:28 68      VFC_BBG000BWCKB6_2021-04-21
2021-07-04 23:34:28 69      VG_BBG000BRB5D9_2021-04-21
2021-07-04 23:34:28 70      VIAC_BBG000C496P7_2021-04-21
2021-07-04 23:34:28 77      VICR_BBG000C3VHF1_2021-04-21
2021-07-04 23:34:28 78      VIE_BBG00K6P5XM1_2021-04-21
2021-07-04 23:34:28 78      VIPS_BBG002NLDLV8_2021-04-21
2021-07-04 23:34:28 87      VIR_BBG00H2QQ8T5_2021-04-21
2021-07-04 23:34:28 87      VIR: SPYKE!. Candle: ID:19, Time: 7:20, Close: 45.65
2021-07-04 23:34:28 87      VIR: BuyPending. Strategy: MorningOpenStrategy2. Price: 45.65. Lots: 5. ChangeOpenToCurrent: -5.66. ChangePrevCloseToCurrent: -5.66. Candle: ID:19, Time: 7:20, Close: 45.65.
2021-07-04 23:34:28 87      VIR: OrderID: 0f05091d. PlacedOrder. Status: New. RejectReason: 
2021-07-04 23:34:28 87      VIR: OrderID: 0f05091d fully executed
2021-07-04 23:34:28 87      VIR: SPYKE!. Candle: ID:22, Time: 7:20, Close: 47.98
2021-07-04 23:34:28 87      VIR: Morning closing. Close price: 47.8. Lots: 5. CandleChange: -0.06%. ChangeFromCandleHigh: -0.10%. Profit: 2.15(4.71%). Candle: ID:36, Time: 7:25, Close: 47.8
2021-07-04 23:34:28 87      VIR: OrderID: cdecc9d8. PlacedOrder. Status: New. RejectReason: 
2021-07-04 23:34:28 87      VIR: OrderID: cdecc9d8 fully executed
2021-07-04 23:34:28 88      VLO_BBG000BBGGQ1_2021-04-21
2021-07-04 23:34:28 90      VMC_BBG000BWGYF8_2021-04-21
2021-07-04 23:34:28 91      VMI_BBG000BWB7V4_2021-04-21
2021-07-04 23:34:28 91      VMW_BBG000BC9938_2021-04-21
2021-07-04 23:34:28 92      VNDA_BBG000HT5MG6_2021-04-21
2021-07-04 23:34:28 93      VNE_BBG00K4MPP27_2021-04-21
2021-07-04 23:34:28 94      VNO_BBG000BWHD54_2021-04-21
2021-07-04 23:34:28 95      VNT_BBG00RRGSJR4_2021-04-21
2021-07-04 23:34:28 95      VPG_BBG000PRQ0V9_2021-04-21
2021-07-04 23:34:28 97      VREX_BBG00CZNLR47_2021-04-21
2021-07-04 23:34:28 97      VRNS_BBG001Y04TN6_2021-04-21
2021-07-04 23:34:28 98      VRNT_BBG000BCBYT2_2021-04-21
2021-07-04 23:34:28 99      VRSK_BBG000BCZL41_2021-04-21
2021-07-04 23:34:29 00      VRSN_BBG000BGKHZ3_2021-04-21
2021-07-04 23:34:29 01      VRTS_BBG000DMFQS2_2021-04-21
2021-07-04 23:34:29 02      VRTV_BBG005XZHR97_2021-04-21
2021-07-04 23:34:29 02      VRTX_BBG000C1S2X2_2021-04-21
2021-07-04 23:34:29 04      VTR_BBG000FRVHB9_2021-04-21
2021-07-04 23:34:29 05      VTRS_BBG00Y4RQNH4_2021-04-21
2021-07-04 23:34:29 06      VZ_BBG000HS77T5_2021-04-21
2021-07-04 23:34:29 08      W_BBG001B17MV2_2021-04-21
2021-07-04 23:34:29 16      WAB_BBG000BDD940_2021-04-21
2021-07-04 23:34:29 17      WAL_BBG000Q1KFH4_2021-04-21
2021-07-04 23:34:29 17      WAT_BBG000FQRVM3_2021-04-21
2021-07-04 23:34:29 18      WB_BBG0065XPGX9_2021-04-21
2021-07-04 23:34:29 19      WBA_BBG000BWLMJ4_2021-04-21
2021-07-04 23:34:29 21      WCC_BBG000D0FNV3_2021-04-21
2021-07-04 23:34:29 22      WDAY_BBG000VC0T95_2021-04-21
2021-07-04 23:34:29 23      WDC_BBG000BWNFZ9_2021-04-21
2021-07-04 23:34:29 25      WDFC_BBG000BWNV93_2021-04-21
2021-07-04 23:34:29 26      WEC_BBG000BWP7D9_2021-04-21
2021-07-04 23:34:29 27      WELL_BBG000BKY1G5_2021-04-21
2021-07-04 23:34:29 28      WERN_BBG000BWPP85_2021-04-21
2021-07-04 23:34:29 29      WEX_BBG000BVZP59_2021-04-21
2021-07-04 23:34:29 29      WFC_BBG000BWQFY7_2021-04-21
2021-07-04 23:34:29 32      WGO_BBG000BWS3F3_2021-04-21
2021-07-04 23:34:29 33      WH_BBG00HCY3Q67_2021-04-21
2021-07-04 23:34:29 34      WHD_BBG00JRH1P95_2021-04-21
2021-07-04 23:34:29 35      WHR_BBG000BWSV34_2021-04-21
2021-07-04 23:34:29 36      WHR: SPYKE!. Candle: ID:1590, Time: 20:05, Close: 244.5
2021-07-04 23:34:29 36      WHR: SPYKE!. Candle: ID:1595, Time: 20:05, Close: 252.99
2021-07-04 23:34:29 36      WING_BBG008N298Y8_2021-04-21
2021-07-04 23:34:29 37      WK_BBG007BVZ8H9_2021-04-21
2021-07-04 23:34:29 37      WLK_BBG000PXZFW2_2021-04-21
2021-07-04 23:34:29 38      WLTW_BBG000DB3KT1_2021-04-21
2021-07-04 23:34:29 39      WM_BBG000BWVSR1_2021-04-21
2021-07-04 23:34:29 40      WMB_BBG000BWVCP8_2021-04-21
2021-07-04 23:34:29 41      WMT_BBG000BWXBC2_2021-04-21
2021-07-04 23:34:29 44      WOR_BBG000HL7499_2021-04-21
2021-07-04 23:34:29 45      WORK_BBG007G7V505_2021-04-21
2021-07-04 23:34:29 46      WRB_BBG000BD1HP2_2021-04-21
2021-07-04 23:34:29 47      WRK_BBG008NXC572_2021-04-21
2021-07-04 23:34:29 47      WRLD_BBG000C3G9J2_2021-04-21
2021-07-04 23:34:29 48      WSC_BBG00B0FS947_2021-04-21
2021-07-04 23:34:29 49      WSM_BBG000FSMWC3_2021-04-21
2021-07-04 23:34:29 50      WSO_BBG000DJN7L9_2021-04-21
2021-07-04 23:34:29 50      WST_BBG000BX24N8_2021-04-21
2021-07-04 23:34:29 51      WST: SPYKE!. Candle: ID:3, Time: 12:50, Close: 320.43
2021-07-04 23:34:29 51      WTFC_BBG000HD3DW5_2021-04-21
2021-07-04 23:34:29 52      WTS_BBG000C4Z6C2_2021-04-21
2021-07-04 23:34:29 52      WTTR_BBG00G4Y2DC1_2021-04-21
2021-07-04 23:34:29 53      WU_BBG000BB5373_2021-04-21
2021-07-04 23:34:29 54      WWD_BBG000BD53V2_2021-04-21
2021-07-04 23:34:29 55      WWE_BBG000F5YH15_2021-04-21
2021-07-04 23:34:29 55      WWW_BBG000BX2YN2_2021-04-21
2021-07-04 23:34:29 56      WY_BBG000BX3BL3_2021-04-21
2021-07-04 23:34:29 57      WYNN_BBG000LD9JQ8_2021-04-21
2021-07-04 23:34:29 59      XEC_BBG000D6L294_2021-04-21
2021-07-04 23:34:29 60      XEL_BBG000BCTQ65_2021-04-21
2021-07-04 23:34:29 61      XLNX_BBG000C0F570_2021-04-21
2021-07-04 23:34:29 64      XLRN_BBG000R5HWZ1_2021-04-21
2021-07-04 23:34:29 64      XNCR_BBG0026ZG4W0_2021-04-21
2021-07-04 23:34:29 65      XOM_BBG000GZQ728_2021-04-21
2021-07-04 23:34:29 68      XPO_BBG000L5CJF3_2021-04-21
2021-07-04 23:34:29 69      XRAY_BBG000BX57K1_2021-04-21
2021-07-04 23:34:29 70      XRX_BBG00NNG2ZJ8_2021-04-21
2021-07-04 23:34:29 71      XYL_BBG001D8R5D0_2021-04-21
2021-07-04 23:34:29 72      Y_BBG000BX6BJ3_2021-04-21
2021-07-04 23:34:29 72      YELP_BBG000Q2HM09_2021-04-21
2021-07-04 23:34:29 73      YETI_BBG00D8JC882_2021-04-21
2021-07-04 23:34:29 74      YEXT_BBG001MKZGY7_2021-04-21
2021-07-04 23:34:29 74      YUM_BBG000BH3GZ2_2021-04-21
2021-07-04 23:34:29 76      YUMC_BBG00B8N0HG1_2021-04-21
2021-07-04 23:34:29 76      YY_BBG003H0XV18_2021-04-21
2021-07-04 23:34:29 77      Z_BBG009NRSWJ4_2021-04-21
2021-07-04 23:34:29 79      ZBH_BBG000BKPL53_2021-04-21
2021-07-04 23:34:29 80      ZBRA_BBG000CC7LQ7_2021-04-21
2021-07-04 23:34:29 81      ZEN_BBG001HRFJG4_2021-04-21
2021-07-04 23:34:29 82      ZG_BBG000D13GN8_2021-04-21
2021-07-04 23:34:29 83      ZGNX_BBG000VDC3G9_2021-04-21
2021-07-04 23:34:29 84      ZI_BBG00S1HJ3M8_2021-04-21
2021-07-04 23:34:29 85      ZION_BBG000BX9WL1_2021-04-21
2021-07-04 23:34:29 87      ZM_BBG0042V6JM8_2021-04-21
2021-07-04 23:34:29 89      ZNH_BBG000BXQ7R1_2021-04-21
2021-07-04 23:34:29 89      ZS_BBG003338H34_2021-04-21
2021-07-04 23:34:29 91      ZTS_BBG0039320N9_2021-04-21
2021-07-04 23:34:29 92      ZUMZ_BBG000PYX812_2021-04-21
2021-07-04 23:34:29 92      ZUO_BBG000BT3HG5_2021-04-21
2021-07-04 23:34:29 96      ZYNE_BBG007BBS8B7_2021-04-21
2021-07-04 23:34:30 01      ZYNE: SPYKE!. Candle: ID:16588, Time: 19:50, Close: 4.45
2021-07-04 23:34:30 01      ZYNE: SPYKE!. Candle: ID:16623, Time: 19:50, Close: 4.5
2021-07-04 23:34:30 01      ZYNE: SPYKE!. Candle: ID:16736, Time: 19:50, Close: 4.51
2021-07-04 23:34:30 01      ZYNE: SPYKE!. Candle: ID:16737, Time: 19:50, Close: 4.51
2021-07-04 23:34:30 01      ZYNE: SPYKE!. Candle: ID:16777, Time: 19:50, Close: 4.51
2021-07-04 23:34:30 01      ZYNE: SPYKE!. Candle: ID:16778, Time: 19:50, Close: 4.51
2021-07-04 23:34:30 01      ZYNE: SPYKE!. Candle: ID:16837, Time: 19:50, Close: 4.42
2021-07-04 23:34:30 01      ZYNE: SPYKE!. Candle: ID:20519, Time: 20:00, Close: 4.41
2021-07-04 23:34:30 02      ZYXI_BBG000BJBXZ2_2021-04-21
2021-07-04 23:34:30 03      Total candles read: 3680982
2021-07-04 23:34:30 03      Start DisposeAsync...
2021-07-04 23:34:30 03      Trade statistic. Total/Pos/Neg/(ratio): 5/3/2/(1.5); Profit: 9.44/1.89; Volume: 0; MaxVolume: 705.65; Commission: 1.069960;
2021-07-04 23:34:30 03      BaseBot::DisposeAsync...
2021-07-04 23:34:30 04      BaseBot::DisposeAsync done!
2021-07-04 23:34:30 04      End DisposeAsync...
