2021-05-31 23:11:13 27      mode=TestTradeBot;DumpQuotes=false;SubscribeQuotes=false;Strategies=MorningOpenStrategy;Token=token.txt;ConfigPath=usd.json;CandlesPath=C:\tinkoff\TestData\RawQuotes\5m\uncompressed\new\quotes_2021-03-10;
2021-05-31 23:11:13 28      Trade bot created
2021-05-31 23:11:13 30      Fake connection created
2021-05-31 23:11:13 92      List of disabled tickers: 
2021-05-31 23:11:13 93      A_BBG000C2V3D6_2021-03-10
2021-05-31 23:11:13 98      AA_BBG00B3T3HD3_2021-03-10
2021-05-31 23:11:14 02      AAL_BBG005P7Q881_2021-03-10
2021-05-31 23:11:14 09      AAN_BBG00WCNDCZ6_2021-03-10
2021-05-31 23:11:14 11      AAON_BBG000C2LZP3_2021-03-10
2021-05-31 23:11:14 11      AAP_BBG000F7RCJ1_2021-03-10
2021-05-31 23:11:14 13      AAPL_BBG000B9XRY4_2021-03-10
2021-05-31 23:11:14 55      ABBV_BBG0025Y4RY4_2021-03-10
2021-05-31 23:11:14 58      ABC_BBG000MDCQC2_2021-03-10
2021-05-31 23:11:14 60      ABG_BBG000BKDWB5_2021-03-10
2021-05-31 23:11:14 61      ABMD_BBG000C101X4_2021-03-10
2021-05-31 23:11:14 62      ABNB_BBG001Y2XS07_2021-03-10
2021-05-31 23:11:14 67      ABT_BBG000B9ZXB4_2021-03-10
2021-05-31 23:11:14 70      ACAD_BBG000BHG9K0_2021-03-10
2021-05-31 23:11:14 77      ACH_BBG000CMRVH1_2021-03-10
2021-05-31 23:11:14 79      ACM_BBG000F61RJ8_2021-03-10
2021-05-31 23:11:14 80      ACMR_BBG00HPSG933_2021-03-10
2021-05-31 23:11:14 81      ACN_BBG000D9D830_2021-03-10
2021-05-31 23:11:14 83      ADBE_BBG000BB5006_2021-03-10
2021-05-31 23:11:14 88      ADM_BBG000BB6WG8_2021-03-10
2021-05-31 23:11:14 89      ADP_BBG000JG0547_2021-03-10
2021-05-31 23:11:14 91      ADPT_BBG001J2PFF5_2021-03-10
2021-05-31 23:11:14 95      ADS_BBG000BFNR17_2021-03-10
2021-05-31 23:11:14 96      ADSK_BBG000BM7HL0_2021-03-10
2021-05-31 23:11:14 99      ADUS_BBG000NJGX84_2021-03-10
2021-05-31 23:11:15 00      AEE_BBG000B9X8C0_2021-03-10
2021-05-31 23:11:15 01      AEIS_BBG000FKMP26_2021-03-10
2021-05-31 23:11:15 02      AEO_BBG000BGXZB5_2021-03-10
2021-05-31 23:11:15 05      AERI_BBG001KJ7WJ5_2021-03-10
2021-05-31 23:11:15 06      AES_BBG000C23KJ3_2021-03-10
2021-05-31 23:11:15 08      AFG_BBG000DPKKK0_2021-03-10
2021-05-31 23:11:15 09      AFL_BBG000BBBNC6_2021-03-10
2021-05-31 23:11:15 10      AGCO_BBG000DCCZW2_2021-03-10
2021-05-31 23:11:15 11      AGIO_BBG000QY4ZD0_2021-03-10
2021-05-31 23:11:15 12      AIG_BBG000BBDZG3_2021-03-10
2021-05-31 23:11:15 14      AIR_BBG000BBGQF1_2021-03-10
2021-05-31 23:11:15 15      AIRC_BBG00XK3WVD0_2021-03-10
2021-05-31 23:11:15 15      AIT_BBG000BBHHP9_2021-03-10
2021-05-31 23:11:15 16      AIV_BBG000DD3510_2021-03-10
2021-05-31 23:11:15 17      AIZ_BBG000BZX1N5_2021-03-10
2021-05-31 23:11:15 18      AJG_BBG000BBHXQ3_2021-03-10
2021-05-31 23:11:15 19      AJRD_BBG000BKRHQ7_2021-03-10
2021-05-31 23:11:15 20      AKAM_BBG000BJQWD2_2021-03-10
2021-05-31 23:11:15 22      ALB_BBG000BJ26K7_2021-03-10
2021-05-31 23:11:15 23      ALGN_BBG000BRNLL2_2021-03-10
2021-05-31 23:11:15 24      ALGT_BBG000LJS6B8_2021-03-10
2021-05-31 23:11:15 25      ALK_BBG000BBL0Y1_2021-03-10
2021-05-31 23:11:15 26      ALL_BBG000BVMGF2_2021-03-10
2021-05-31 23:11:15 28      ALLE_BBG003PS7JV1_2021-03-10
2021-05-31 23:11:15 28      ALLK_BBG003QBJKN0_2021-03-10
2021-05-31 23:11:15 29      ALLO_BBG00KHRRDX3_2021-03-10
2021-05-31 23:11:15 30      ALLY_BBG000BC2R71_2021-03-10
2021-05-31 23:11:15 32      ALNY_BBG000BFGNJ5_2021-03-10
2021-05-31 23:11:15 33      ALRM_BBG007GNPYY7_2021-03-10
2021-05-31 23:11:15 34      ALSN_BBG001KY3845_2021-03-10
2021-05-31 23:11:15 35      ALTR_BBG000PN9NB9_2021-03-10
2021-05-31 23:11:15 35      ALXN_BBG000G30YX4_2021-03-10
2021-05-31 23:11:15 38      AMAT_BBG000BBPFB9_2021-03-10
2021-05-31 23:11:15 44      AMCX_BBG000H01H92_2021-03-10
2021-05-31 23:11:15 45      AMD_BBG000BBQCY0_2021-03-10
2021-05-31 23:11:15 63      AME_BBG000B9XG87_2021-03-10
2021-05-31 23:11:15 64      AMED_BBG000B9ZV28_2021-03-10
2021-05-31 23:11:15 65      AMG_BBG000C060M4_2021-03-10
2021-05-31 23:11:15 66      AMGN_BBG000BBS2Y0_2021-03-10
2021-05-31 23:11:15 69      AMN_BBG000BCT197_2021-03-10
2021-05-31 23:11:15 69      AMP_BBG000G3QLY3_2021-03-10
2021-05-31 23:11:15 70      AMT_BBG000B9XYV2_2021-03-10
2021-05-31 23:11:15 72      AMWD_BBG000BBX657_2021-03-10
2021-05-31 23:11:15 73      AMZN_BBG000BVPV84_2021-03-10
2021-05-31 23:11:15 79      AN_BBG000BBXLW4_2021-03-10
2021-05-31 23:11:15 79      ANAB_BBG0026ZDHR0_2021-03-10
2021-05-31 23:11:15 80      ANDE_BBG000BF8CN3_2021-03-10
2021-05-31 23:11:15 81      ANET_BBG000N2HDY5_2021-03-10
2021-05-31 23:11:15 82      ANF_BBG000H9G7X2_2021-03-10
2021-05-31 23:11:15 83      ANGI_BBG00HVKH3Q0_2021-03-10
2021-05-31 23:11:15 85      ANIK_BBG000BBKZD8_2021-03-10
2021-05-31 23:11:15 85      ANIP_BBG000KK1L04_2021-03-10
2021-05-31 23:11:15 86      ANSS_BBG000GXZ4W7_2021-03-10
2021-05-31 23:11:15 87      ANTM_BBG000BCG930_2021-03-10
2021-05-31 23:11:15 88      AON_BBG00SSQFPK6_2021-03-10
2021-05-31 23:11:15 89      AOS_BBG000BC1L02_2021-03-10
2021-05-31 23:11:15 90      AOUT_BBG00QV8FS02_2021-03-10
2021-05-31 23:11:15 91      APA_BBG00YTS96G2_2021-03-10
2021-05-31 23:11:15 94      APD_BBG000BC4JJ4_2021-03-10
2021-05-31 23:11:15 95      APEI_BBG000RVD346_2021-03-10
2021-05-31 23:11:15 95      APEI: SPYKE!. Candle: ID:330, Time: 14:25, Close: 31
2021-05-31 23:11:15 95      APEI: SPYKE!. Candle: ID:331, Time: 14:25, Close: 31.5
2021-05-31 23:11:15 95      APEI: SPYKE!. Candle: ID:332, Time: 14:30, Close: 31.73
2021-05-31 23:11:15 95      APEI: SPYKE!. Candle: ID:337, Time: 14:30, Close: 31.67
2021-05-31 23:11:15 96      APLE_BBG006473QX9_2021-03-10
2021-05-31 23:11:15 98      APLT_BBG000DD0489_2021-03-10
2021-05-31 23:11:15 99      APPF_BBG008GC8CP6_2021-03-10
2021-05-31 23:11:16 00      APPN_BBG001C7PMJ2_2021-03-10
2021-05-31 23:11:16 02      APPS_BBG000HZ3562_2021-03-10
2021-05-31 23:11:16 08      APTV_BBG001QD41M9_2021-03-10
2021-05-31 23:11:16 10      ARCC_BBG000PD6X77_2021-03-10
2021-05-31 23:11:16 12      ARCT_BBG00NNW8JK1_2021-03-10
2021-05-31 23:11:16 13      ARE_BBG000BC33T9_2021-03-10
2021-05-31 23:11:16 15      ARMK_BBG001KY4N87_2021-03-10
2021-05-31 23:11:16 16      ARNA_BBG000BKXBV7_2021-03-10
2021-05-31 23:11:16 17      ARNC_BBG00R45JYB7_2021-03-10
2021-05-31 23:11:16 18      ARQT_BBG00QN8K4M4_2021-03-10
2021-05-31 23:11:16 19      ARVN_BBG00LW7YK82_2021-03-10
2021-05-31 23:11:16 19      ARW_BBG000BCD3D5_2021-03-10
2021-05-31 23:11:16 21      ARWR_BBG000BRVKH0_2021-03-10
2021-05-31 23:11:16 22      ASGN_BBG000CRN8N8_2021-03-10
2021-05-31 23:11:16 22      ASH_BBG00D0Y81M1_2021-03-10
2021-05-31 23:11:16 23      ASIX_BBG00CWTTQ41_2021-03-10
2021-05-31 23:11:16 24      ATEX_BBG0081NLHR0_2021-03-10
2021-05-31 23:11:16 24      ATGE_BBG000DQBZJ7_2021-03-10
2021-05-31 23:11:16 25      ATKR_BBG000QTFDQ4_2021-03-10
2021-05-31 23:11:16 25      ATR_BBG000BGX2S0_2021-03-10
2021-05-31 23:11:16 26      ATRA_BBG005Q3MQY4_2021-03-10
2021-05-31 23:11:16 27      ATRC_BBG000BL6CB5_2021-03-10
2021-05-31 23:11:16 28      ATRI_BBG000DTT624_2021-03-10
2021-05-31 23:11:16 29      ATRO_BBG000BCLBY5_2021-03-10
2021-05-31 23:11:16 29      ATUS_BBG00GFMPRK0_2021-03-10
2021-05-31 23:11:16 31      ATVI_BBG000CVWGS6_2021-03-10
2021-05-31 23:11:16 33      AVAV_BBG000GX14P2_2021-03-10
2021-05-31 23:11:16 34      AVB_BBG000BLPBL5_2021-03-10
2021-05-31 23:11:16 35      AVGO_BBG00KHY5S69_2021-03-10
2021-05-31 23:11:16 40      AVLR_BBG000R4Y9C1_2021-03-10
2021-05-31 23:11:16 41      AVNS_BBG005L86G05_2021-03-10
2021-05-31 23:11:16 42      AVNT_BBG000C8NJ10_2021-03-10
2021-05-31 23:11:16 43      AVTR_BBG00G2HHYD7_2021-03-10
2021-05-31 23:11:16 45      AVY_BBG000BCQ4P6_2021-03-10
2021-05-31 23:11:16 46      AWI_BBG000DW4LB1_2021-03-10
2021-05-31 23:11:16 46      AWK_BBG000TRJ294_2021-03-10
2021-05-31 23:11:16 48      AWR_BBG000F964B6_2021-03-10
2021-05-31 23:11:16 49      AX_BBG000QPHD08_2021-03-10
2021-05-31 23:11:16 49      AXGN_BBG000BN46R9_2021-03-10
2021-05-31 23:11:16 50      AXP_BBG000BCQZS4_2021-03-10
2021-05-31 23:11:16 53      AXSM_BBG00B6G7GL7_2021-03-10
2021-05-31 23:11:16 54      AYI_BBG000BJ5HK0_2021-03-10
2021-05-31 23:11:16 55      AYX_BBG000BGZT72_2021-03-10
2021-05-31 23:11:16 59      AZO_BBG000C7LMS8_2021-03-10
2021-05-31 23:11:16 59      AZPN_BBG000DFMXT3_2021-03-10
2021-05-31 23:11:16 60      BA_BBG000BCSST7_2021-03-10
2021-05-31 23:11:16 71      BABA_BBG006G2JVL2_2021-03-10
2021-05-31 23:11:16 79      BAC_BBG000BCTLF6_2021-03-10
2021-05-31 23:11:16 84      BAH_BBG000R2YFG7_2021-03-10
2021-05-31 23:11:16 85      BAND_BBG001K003W2_2021-03-10
2021-05-31 23:11:16 88      BAX_BBG000BCVJ77_2021-03-10
2021-05-31 23:11:16 89      BBBY_BBG000CSY9H9_2021-03-10
2021-05-31 23:11:16 92      BBIO_BBG00P9KDZK6_2021-03-10
2021-05-31 23:11:16 93      BBSI_BBG000BHJSC4_2021-03-10
2021-05-31 23:11:16 94      BBY_BBG000BCWCG1_2021-03-10
2021-05-31 23:11:16 96      BC_BBG000BCWSS3_2021-03-10
2021-05-31 23:11:16 96      BCO_BBG000DR5QP5_2021-03-10
2021-05-31 23:11:16 96      BCO: SPYKE!. Candle: ID:20, Time: 13:20, Close: 76.87
2021-05-31 23:11:16 97      BCPC_BBG000BCY878_2021-03-10
2021-05-31 23:11:16 98      BDC_BBG000Q4XNV1_2021-03-10
2021-05-31 23:11:16 99      BDTX_BBG00MS4Y0W9_2021-03-10
2021-05-31 23:11:16 99      BDX_BBG000BCZYD3_2021-03-10
2021-05-31 23:11:17 01      BECN_BBG000BKTXF2_2021-03-10
2021-05-31 23:11:17 01      BEN_BBG000BD0TF8_2021-03-10
2021-05-31 23:11:17 04      BERY_BBG000Q1R1Y9_2021-03-10
2021-05-31 23:11:17 05      BF.B_BBG000BD2NY8_2021-03-10
2021-05-31 23:11:17 06      BFAM_BBG003LFWP05_2021-03-10
2021-05-31 23:11:17 07      BGS_BBG000RKXRQ1_2021-03-10
2021-05-31 23:11:17 08      BH_BBG00JPRDQH1_2021-03-10
2021-05-31 23:11:17 09      BHF_BBG00DYPZ4T0_2021-03-10
2021-05-31 23:11:17 10      BIDU_BBG000QXWHD1_2021-03-10
2021-05-31 23:11:17 29      BIG_BBG000J0D904_2021-03-10
2021-05-31 23:11:17 30      BIIB_BBG000C17X76_2021-03-10
2021-05-31 23:11:17 33      BILI_BBG00K7T3037_2021-03-10
2021-05-31 23:11:17 43      BILL_BBG00QVJV6V4_2021-03-10
2021-05-31 23:11:17 44      BIO_BBG000DY28W5_2021-03-10
2021-05-31 23:11:17 45      BJRI_BBG000H9LNX1_2021-03-10
2021-05-31 23:11:17 46      BK_BBG000BD8PN9_2021-03-10
2021-05-31 23:11:17 48      BKI_BBG00GX77LW3_2021-03-10
2021-05-31 23:11:17 48      BKNG_BBG000BLBVN4_2021-03-10
2021-05-31 23:11:17 50      BKR_BBG00GBVBK51_2021-03-10
2021-05-31 23:11:17 52      BL_BBG0029KJVB0_2021-03-10
2021-05-31 23:11:17 55      BLD_BBG0077VS2C0_2021-03-10
2021-05-31 23:11:17 55      BLDR_BBG000BKD3K9_2021-03-10
2021-05-31 23:11:17 57      BLK_BBG000C2PW58_2021-03-10
2021-05-31 23:11:17 58      BLKB_BBG000BGGTW5_2021-03-10
2021-05-31 23:11:17 59      BLL_BBG000BDDNH5_2021-03-10
2021-05-31 23:11:17 61      BLUE_BBG000QGWY50_2021-03-10
2021-05-31 23:11:17 64      BLUE: SPYKE!. Candle: ID:1377, Time: 12:05, Close: 31.01
2021-05-31 23:11:17 67      BMI_BBG000BDGHD9_2021-03-10
2021-05-31 23:11:17 67      BMRN_BBG000CZWZ05_2021-03-10
2021-05-31 23:11:17 69      BMY_BBG000DQLV23_2021-03-10
2021-05-31 23:11:17 73      BOH_BBG000C8D8G9_2021-03-10
2021-05-31 23:11:17 74      BOKF_BBG000CFZ003_2021-03-10
2021-05-31 23:11:17 74      BOOT_BBG0077SYZV6_2021-03-10
2021-05-31 23:11:17 75      BOX_BBG000PMSK08_2021-03-10
2021-05-31 23:11:17 77      BPMC_BBG001MC8YF7_2021-03-10
2021-05-31 23:11:17 78      BR_BBG000PPFKQ7_2021-03-10
2021-05-31 23:11:17 79      BRC_BBG000BDNV95_2021-03-10
2021-05-31 23:11:17 79      BRK.B_BBG000DWG505_2021-03-10
2021-05-31 23:11:17 83      BRKR_BBG000CL1FG7_2021-03-10
2021-05-31 23:11:17 84      BRO_BBG000BWSGF4_2021-03-10
2021-05-31 23:11:17 86      BSX_BBG000C0LW92_2021-03-10
2021-05-31 23:11:17 88      BTAI_BBG00K20GVD2_2021-03-10
2021-05-31 23:11:17 90      BTI_BBG000BWPXQ8_2021-03-10
2021-05-31 23:11:17 91      BUD_BBG000RYC984_2021-03-10
2021-05-31 23:11:17 93      BURL_BBG004S641N5_2021-03-10
2021-05-31 23:11:17 94      BWA_BBG000BJ49H3_2021-03-10
2021-05-31 23:11:17 95      BWXT_BBG000D86F25_2021-03-10
2021-05-31 23:11:17 96      BX_BBG000BH0106_2021-03-10
2021-05-31 23:11:17 97      BXP_BBG000BS5CM9_2021-03-10
2021-05-31 23:11:17 98      BYND_BBG003CVJP50_2021-03-10
2021-05-31 23:11:18 01      BZUN_BBG008HNS333_2021-03-10
2021-05-31 23:11:18 01      C_BBG000FY4S11_2021-03-10
2021-05-31 23:11:18 07      CABO_BBG000F02T51_2021-03-10
2021-05-31 23:11:18 08      CACC_BBG000CS0D96_2021-03-10
2021-05-31 23:11:18 10      CAG_BBG000BDXGP9_2021-03-10
2021-05-31 23:11:18 12      CAH_BBG000D898T9_2021-03-10
2021-05-31 23:11:18 13      CALM_BBG000CDMJW6_2021-03-10
2021-05-31 23:11:18 13      CARA_BBG001J2QYS9_2021-03-10
2021-05-31 23:11:18 14      CARG_BBG00HQ77DS2_2021-03-10
2021-05-31 23:11:18 15      CARR_BBG00RP5HYS8_2021-03-10
2021-05-31 23:11:18 18      CARS_BBG000HGTH33_2021-03-10
2021-05-31 23:11:18 19      CASY_BBG000BF0672_2021-03-10
2021-05-31 23:11:18 20      CAT_BBG000BF0K17_2021-03-10
2021-05-31 23:11:18 22      CB_BBG000BR14K5_2021-03-10
2021-05-31 23:11:18 23      CBRE_BBG000C04224_2021-03-10
2021-05-31 23:11:18 25      CBRL_BBG000BF33K1_2021-03-10
2021-05-31 23:11:18 26      CBSH_BBG000BF3G77_2021-03-10
2021-05-31 23:11:18 28      CBU_BBG000BF4D19_2021-03-10
2021-05-31 23:11:18 28      CCI_BBG000FV1Z23_2021-03-10
2021-05-31 23:11:18 30      CCK_BBG000BF6756_2021-03-10
2021-05-31 23:11:18 31      CCL_BBG000BF6LY3_2021-03-10
2021-05-31 23:11:18 40      CCOI_BBG000D0SMY8_2021-03-10
2021-05-31 23:11:18 41      CCXI_BBG000PTSB12_2021-03-10
2021-05-31 23:11:18 42      CDK_BBG006B6PVN9_2021-03-10
2021-05-31 23:11:18 44      CDLX_BBG00225ZDD0_2021-03-10
2021-05-31 23:11:18 45      CDNA_BBG006JS5785_2021-03-10
2021-05-31 23:11:18 48      CDNS_BBG000C13CD9_2021-03-10
2021-05-31 23:11:18 52      CDW_BBG001P63B80_2021-03-10
2021-05-31 23:11:18 53      CE_BBG000JYP7L8_2021-03-10
2021-05-31 23:11:18 54      CEA_BBG000BCFNR4_2021-03-10
2021-05-31 23:11:18 55      CENT_BBG000BFD605_2021-03-10
2021-05-31 23:11:18 56      CENTA_BBG000KTYB56_2021-03-10
2021-05-31 23:11:18 56      CERN_BBG000BFDLV8_2021-03-10
2021-05-31 23:11:18 58      CEVA_BBG000BN3P07_2021-03-10
2021-05-31 23:11:18 59      CEVA: SPYKE!. Candle: ID:80, Time: 14:20, Close: 57
2021-05-31 23:11:18 59      CF_BBG000BWJFZ4_2021-03-10
2021-05-31 23:11:18 60      CFG_BBG006Q0HY77_2021-03-10
2021-05-31 23:11:18 66      CFR_BBG000C2PL98_2021-03-10
2021-05-31 23:11:18 67      CFX_BBG000C5Z443_2021-03-10
2021-05-31 23:11:18 68      CGEN_BBG000B9ZLB0_2021-03-10
2021-05-31 23:11:18 70      CGNX_BBG000BPBVW5_2021-03-10
2021-05-31 23:11:18 71      CHD_BBG000BFJT36_2021-03-10
2021-05-31 23:11:18 73      CHDN_BBG000BGXMG9_2021-03-10
2021-05-31 23:11:18 74      CHE_BBG000C19QW1_2021-03-10
2021-05-31 23:11:18 74      CHEF_BBG001MFW6D6_2021-03-10
2021-05-31 23:11:18 75      CHGG_BBG0014XR0N5_2021-03-10
2021-05-31 23:11:18 77      CHH_BBG000BPBTL2_2021-03-10
2021-05-31 23:11:18 77      CHKP_BBG000K82ZT8_2021-03-10
2021-05-31 23:11:18 79      CHNG_BBG0059KNH10_2021-03-10
2021-05-31 23:11:18 81      CHRW_BBG000BTCH57_2021-03-10
2021-05-31 23:11:18 81      CHTR_BBG000VPGNR2_2021-03-10
2021-05-31 23:11:18 84      CHWY_BBG00P19DKZ6_2021-03-10
2021-05-31 23:11:18 86      CHX_BBG00JH9TZ56_2021-03-10
2021-05-31 23:11:18 87      CI_BBG00KXRCDP0_2021-03-10
2021-05-31 23:11:18 88      CIEN_BBG000BP1152_2021-03-10
2021-05-31 23:11:18 89      CINF_BBG000BFPK65_2021-03-10
2021-05-31 23:11:18 90      CL_BBG000BFQYY3_2021-03-10
2021-05-31 23:11:18 92      CLDR_BBG000DRJFC8_2021-03-10
2021-05-31 23:11:18 94      CLDR: SPYKE!. Candle: ID:5918, Time: 21:05, Close: 14.05
2021-05-31 23:11:18 94      CLDR: SPYKE!. Candle: ID:5925, Time: 21:05, Close: 13.5
2021-05-31 23:11:18 94      CLDR: SPYKE!. Candle: ID:5932, Time: 21:05, Close: 12.75
2021-05-31 23:11:18 95      CLDT_BBG000PT6BR8_2021-03-10
2021-05-31 23:11:18 95      CLF_BBG000BFRF55_2021-03-10
2021-05-31 23:11:18 98      CLGX_BBG000C2H3F0_2021-03-10
2021-05-31 23:11:18 99      CLH_BBG000BFRRX8_2021-03-10
2021-05-31 23:11:18 99      CLR_BBG000BHBGN6_2021-03-10
2021-05-31 23:11:19 00      CLX_BBG000BFS7D3_2021-03-10
2021-05-31 23:11:19 02      CMA_BBG000C75N77_2021-03-10
2021-05-31 23:11:19 03      CMC_BBG000BFSND8_2021-03-10
2021-05-31 23:11:19 04      CMCO_BBG000BCWWV0_2021-03-10
2021-05-31 23:11:19 05      CMCSA_BBG000BFT2L4_2021-03-10
2021-05-31 23:11:19 13      CME_BBG000BHLYP4_2021-03-10
2021-05-31 23:11:19 15      CMG_BBG000QX74T1_2021-03-10
2021-05-31 23:11:19 16      CMI_BBG000BGPTV6_2021-03-10
2021-05-31 23:11:19 17      CMP_BBG000C42WS4_2021-03-10
2021-05-31 23:11:19 19      CMS_BBG000BFVXX0_2021-03-10
2021-05-31 23:11:19 21      CNC_BBG000BDXCJ5_2021-03-10
2021-05-31 23:11:19 23      CNK_BBG000QDVR53_2021-03-10
2021-05-31 23:11:19 27      CNP_BBG000FDBX90_2021-03-10
2021-05-31 23:11:19 29      CNS_BBG000BB0WG4_2021-03-10
2021-05-31 23:11:19 30      CNST_BBG000R1H6P8_2021-03-10
2021-05-31 23:11:19 31      CNXC_BBG00RCNQMX3_2021-03-10
2021-05-31 23:11:19 31      CNXN_BBG000BX74M4_2021-03-10
2021-05-31 23:11:19 32      COF_BBG000BGKTF9_2021-03-10
2021-05-31 23:11:19 34      COG_BBG000C3GN47_2021-03-10
2021-05-31 23:11:19 36      COHR_BBG000BG1DH3_2021-03-10
2021-05-31 23:11:19 37      COKE_BBG000BG1SX2_2021-03-10
2021-05-31 23:11:19 37      COLM_BBG000BKKQ84_2021-03-10
2021-05-31 23:11:19 38      CONE_BBG0038V5TX1_2021-03-10
2021-05-31 23:11:19 39      COO_BBG000BG3445_2021-03-10
2021-05-31 23:11:19 40      COP_BBG000BQQH30_2021-03-10
2021-05-31 23:11:19 45      CORR_BBG000CN80Y9_2021-03-10
2021-05-31 23:11:19 48      CORT_BBG000BKJG33_2021-03-10
2021-05-31 23:11:19 49      COST_BBG000F6H8W8_2021-03-10
2021-05-31 23:11:19 55      COTY_BBG000F395V1_2021-03-10
2021-05-31 23:11:19 56      COTY: BuyPending. Strategy: MorningOpenStrategy. Price: 8.28. Lots: 30. ChangeOpenToCurrent: -2.59. ChangePrevCloseToCurrent: -3.04. Candle: ID:9, Time: 4:00, Close: 8.28.
2021-05-31 23:11:19 56      COTY: OrderID: bd10c448. PlacedOrder. Status: New. RejectReason: 
2021-05-31 23:11:19 57      COTY: OrderID: bd10c448 fully executed
2021-05-31 23:11:19 57      COTY: Morning closing. Close price: 8.39. Lots: 30. CandleChange: -0.12%. ChangeFromCandleHigh: -0.47%. Profit: 0.11(1.33%). Candle: ID:69, Time: 4:05, Close: 8.39
2021-05-31 23:11:19 57      COTY: OrderID: b4c181bf. PlacedOrder. Status: New. RejectReason: 
2021-05-31 23:11:19 57      COTY: OrderID: b4c181bf partially executed. Executed lots: 1. OrderStatus: 1/30 lots
2021-05-31 23:11:19 57      COTY: OrderID: b4c181bf partially executed. Executed lots: 5. OrderStatus: 6/30 lots
2021-05-31 23:11:19 57      COTY: OrderID: b4c181bf partially executed. Executed lots: 1. OrderStatus: 7/30 lots
2021-05-31 23:11:19 57      COTY: OrderID: b4c181bf partially executed. Executed lots: 3. OrderStatus: 10/30 lots
2021-05-31 23:11:19 57      COTY: OrderID: b4c181bf partially executed. Executed lots: 4. OrderStatus: 14/30 lots
2021-05-31 23:11:19 57      COTY: OrderID: b4c181bf partially executed. Executed lots: 6. OrderStatus: 20/30 lots
2021-05-31 23:11:19 57      COTY: OrderID: b4c181bf fully executed
2021-05-31 23:11:19 59      COUP_BBG001J4BCN4_2021-03-10
2021-05-31 23:11:19 63      CPB_BBG000BG4202_2021-03-10
2021-05-31 23:11:19 66      CPRI_BBG0029SNR63_2021-03-10
2021-05-31 23:11:19 67      CPRT_BBG000BM9RH1_2021-03-10
2021-05-31 23:11:19 69      CPS_BBG000PSXT64_2021-03-10
2021-05-31 23:11:19 69      CR_BBG000BG7423_2021-03-10
2021-05-31 23:11:19 70      CREE_BBG000BG14P4_2021-03-10
2021-05-31 23:11:19 72      CRI_BBG000CTM4J9_2021-03-10
2021-05-31 23:11:19 73      CRL_BBG000BG5BL8_2021-03-10
2021-05-31 23:11:19 74      CRM_BBG000BN2DC2_2021-03-10
2021-05-31 23:11:19 78      CRMT_BBG000CM6L31_2021-03-10
2021-05-31 23:11:19 79      CROX_BBG000BLY663_2021-03-10
2021-05-31 23:11:19 80      CRS_BBG000BGCQT9_2021-03-10
2021-05-31 23:11:19 81      CRTX_BBG00BTK1DT8_2021-03-10
2021-05-31 23:11:19 81      CRTX: SPYKE!. Candle: ID:221, Time: 14:30, Close: 40.44
2021-05-31 23:11:19 82      CRUS_BBG000C1DHF5_2021-03-10
2021-05-31 23:11:19 83      CRVL_BBG000CVKZY0_2021-03-10
2021-05-31 23:11:19 83      CRWD_BBG00BLYKS03_2021-03-10
2021-05-31 23:11:19 88      CSCO_BBG000C3J3C9_2021-03-10
2021-05-31 23:11:19 96      CSGP_BBG000D7JKW9_2021-03-10
2021-05-31 23:11:19 97      CSGS_BBG000G3TQV2_2021-03-10
2021-05-31 23:11:19 98      CSII_BBG000NWQ9S5_2021-03-10
2021-05-31 23:11:19 99      CSL_BBG000BGGBT8_2021-03-10
2021-05-31 23:11:20 00      CSOD_BBG0016X4XN6_2021-03-10
2021-05-31 23:11:20 00      CSWI_BBG007NLG4L3_2021-03-10
2021-05-31 23:11:20 01      CSX_BBG000BGJRC8_2021-03-10
2021-05-31 23:11:20 03      CTAS_BBG000H3YXF8_2021-03-10
2021-05-31 23:11:20 06      CTB_BBG000BGKXV2_2021-03-10
2021-05-31 23:11:20 06      CTLT_BBG005XR47P5_2021-03-10
2021-05-31 23:11:20 07      CTSH_BBG000BBDV81_2021-03-10
2021-05-31 23:11:20 10      CTVA_BBG00BN969C1_2021-03-10
2021-05-31 23:11:20 11      CTXS_BBG000FQ6PY6_2021-03-10
2021-05-31 23:11:20 13      CVCO_BBG000K4WS65_2021-03-10
2021-05-31 23:11:20 14      CVET_BBG00KR691K8_2021-03-10
2021-05-31 23:11:20 16      CVGW_BBG000BGPQW1_2021-03-10
2021-05-31 23:11:20 17      CVLT_BBG000BG88X9_2021-03-10
2021-05-31 23:11:20 18      CVNA_BBG00GCTWDJ3_2021-03-10
2021-05-31 23:11:20 19      CVS_BBG000BGRY34_2021-03-10
2021-05-31 23:11:20 23      CVX_BBG000K4ND22_2021-03-10
2021-05-31 23:11:20 32      CW_BBG000BGSPS5_2021-03-10
2021-05-31 23:11:20 32      CWST_BBG000BT0J38_2021-03-10
2021-05-31 23:11:20 33      CWT_BBG000D8KTN6_2021-03-10
2021-05-31 23:11:20 34      D_BBG000BGVW60_2021-03-10
2021-05-31 23:11:20 39      DAL_BBG000R7Z112_2021-03-10
2021-05-31 23:11:20 44      DAR_BBG000BN8ZK8_2021-03-10
2021-05-31 23:11:20 46      DBX_BBG0018SLDN0_2021-03-10
2021-05-31 23:11:20 52      DCI_BBG000BGZP70_2021-03-10
2021-05-31 23:11:20 53      DCPH_BBG00HMJ9H54_2021-03-10
2021-05-31 23:11:20 54      DD_BBG00BN961G4_2021-03-10
2021-05-31 23:11:20 56      DDOG_BBG003NJHZT9_2021-03-10
2021-05-31 23:11:20 60      DDS_BBG000BS4MP5_2021-03-10
2021-05-31 23:11:20 61      DE_BBG000BH1NH9_2021-03-10
2021-05-31 23:11:20 62      DECK_BBG000BKXYX5_2021-03-10
2021-05-31 23:11:20 63      DELL_BBG00DW3SZS1_2021-03-10
2021-05-31 23:11:20 65      DFS_BBG000QBR5J5_2021-03-10
2021-05-31 23:11:20 67      DG_BBG000NV1KK7_2021-03-10
2021-05-31 23:11:20 69      DGX_BBG000BN84F3_2021-03-10
2021-05-31 23:11:20 71      DHI_BBG000DQTXY6_2021-03-10
2021-05-31 23:11:20 73      DHR_BBG000BH3JF8_2021-03-10
2021-05-31 23:11:20 75      DIOD_BBG000G25P51_2021-03-10
2021-05-31 23:11:20 77      DIS_BBG000BH4R78_2021-03-10
2021-05-31 23:11:20 84      DISCA_BBG000CHWP52_2021-03-10
2021-05-31 23:11:20 91      DISCB_BBG000F7L5N7_2021-03-10
2021-05-31 23:11:20 91      DISCB: SPYKE!. Candle: ID:95, Time: 17:30, Close: 65.75
2021-05-31 23:11:20 91      DISCB: SPYKE!. Candle: ID:130, Time: 20:25, Close: 69.7
2021-05-31 23:11:20 91      DISCB: SPYKE!. Candle: ID:131, Time: 20:25, Close: 71
2021-05-31 23:11:20 91      DISCB: SPYKE!. Candle: ID:153, Time: 21:00, Close: 67.21
2021-05-31 23:11:20 91      DISCB: SPYKE!. Candle: ID:154, Time: 21:00, Close: 67.21
2021-05-31 23:11:20 91      DISCK_BBG000VMWHH5_2021-03-10
2021-05-31 23:11:20 97      DK_BBG00FZYFVC5_2021-03-10
2021-05-31 23:11:20 98      DKNG_BBG00TCBG714_2021-03-10
2021-05-31 23:11:21 17      DKS_BBG000F6ZWH2_2021-03-10
2021-05-31 23:11:21 20      DLB_BBG000DGLTG5_2021-03-10
2021-05-31 23:11:21 21      DLR_BBG000Q5ZRM7_2021-03-10
2021-05-31 23:11:21 23      DLTH_BBG002GBMZG4_2021-03-10
2021-05-31 23:11:21 24      DLTR_BBG000BSC0K9_2021-03-10
2021-05-31 23:11:21 27      DLX_BBG000BH6360_2021-03-10
2021-05-31 23:11:21 27      DNLI_BBG008P7F869_2021-03-10
2021-05-31 23:11:21 29      DNOW_BBG005BLN209_2021-03-10
2021-05-31 23:11:21 30      DOCU_BBG000N7KJX8_2021-03-10
2021-05-31 23:11:21 35      DORM_BBG000BM22F5_2021-03-10
2021-05-31 23:11:21 35      DOV_BBG000BHB3M6_2021-03-10
2021-05-31 23:11:21 37      DOW_BBG00BN96922_2021-03-10
2021-05-31 23:11:21 39      DPZ_BBG000P458P3_2021-03-10
2021-05-31 23:11:21 41      DRE_BBG000BHD8S7_2021-03-10
2021-05-31 23:11:21 43      DRI_BBG000BBNYF6_2021-03-10
2021-05-31 23:11:21 45      DRNA_BBG001J1DB23_2021-03-10
2021-05-31 23:11:21 46      DRQ_BBG000BVDBY2_2021-03-10
2021-05-31 23:11:21 47      DT_BBG00PNN7C40_2021-03-10
2021-05-31 23:11:21 48      DVA_BBG000MQ1SN9_2021-03-10
2021-05-31 23:11:21 49      DVN_BBG000BBVJZ8_2021-03-10
2021-05-31 23:11:21 54      DXC_BBG00FN64XT9_2021-03-10
2021-05-31 23:11:21 56      DXCM_BBG000QTF8K1_2021-03-10
2021-05-31 23:11:21 58      DY_BBG000C4SKT1_2021-03-10
2021-05-31 23:11:21 59      EA_BBG000BP0KQ8_2021-03-10
2021-05-31 23:11:21 62      EAT_BBG000BK28N7_2021-03-10
2021-05-31 23:11:21 63      EBAY_BBG000C43RR5_2021-03-10
2021-05-31 23:11:21 69      EBS_BBG000GW06J7_2021-03-10
2021-05-31 23:11:21 70      ECHO_BBG000RFP8W6_2021-03-10
2021-05-31 23:11:21 71      ECL_BBG000BHKYH4_2021-03-10
2021-05-31 23:11:21 73      ECPG_BBG000F369C7_2021-03-10
2021-05-31 23:11:21 74      ED_BBG000BHLYS1_2021-03-10
2021-05-31 23:11:21 77      EDIT_BBG005MX5GZ2_2021-03-10
2021-05-31 23:11:21 80      EEFT_BBG000BMNBY1_2021-03-10
2021-05-31 23:11:21 82      EFX_BBG000BHPL78_2021-03-10
2021-05-31 23:11:21 83      EGHT_BBG000BCGHH7_2021-03-10
2021-05-31 23:11:21 85      EGRX_BBG005Y3XWH9_2021-03-10
2021-05-31 23:11:21 85      EHTH_BBG000P5JQX6_2021-03-10
2021-05-31 23:11:21 88      EIX_BBG000D7RKJ5_2021-03-10
2021-05-31 23:11:21 90      EL_BBG000FKJRC5_2021-03-10
2021-05-31 23:11:21 92      ELAN_BBG00LJYS1P8_2021-03-10
2021-05-31 23:11:21 93      ELS_BBG000BB7SX7_2021-03-10
2021-05-31 23:11:21 94      EME_BBG000BBRPL4_2021-03-10
2021-05-31 23:11:21 95      EMN_BBG000BLW530_2021-03-10
2021-05-31 23:11:21 96      EMR_BBG000BHX7N2_2021-03-10
2021-05-31 23:11:21 98      ENDP_BBG000C0HQ54_2021-03-10
2021-05-31 23:11:22 00      ENPH_BBG001R3MNY9_2021-03-10
2021-05-31 23:11:22 07      ENR_BBG006FCB019_2021-03-10
2021-05-31 23:11:22 08      ENS_BBG000PWTD92_2021-03-10
2021-05-31 23:11:22 09      ENTA_BBG001V9NSB4_2021-03-10
2021-05-31 23:11:22 10      ENTG_BBG000CTV4N4_2021-03-10
2021-05-31 23:11:22 11      ENTG: SPYKE!. Candle: ID:19, Time: 14:25, Close: 103.75
2021-05-31 23:11:22 12      ENV_BBG000Q4NZ54_2021-03-10
2021-05-31 23:11:22 13      EOG_BBG000BZ9223_2021-03-10
2021-05-31 23:11:22 16      EPAM_BBG000MHTV89_2021-03-10
2021-05-31 23:11:22 18      EPAY_BBG000BRNH31_2021-03-10
2021-05-31 23:11:22 19      EPC_BBG000BRW644_2021-03-10
2021-05-31 23:11:22 20      EQIX_BBG000MBDGM6_2021-03-10
2021-05-31 23:11:22 22      EQT_BBG000BHZ5J9_2021-03-10
2021-05-31 23:11:22 25      ERIE_BBG000BBTJZ1_2021-03-10
2021-05-31 23:11:22 26      ES_BBG000BQ87N0_2021-03-10
2021-05-31 23:11:22 27      ESPR_BBG004KB3S72_2021-03-10
2021-05-31 23:11:22 28      ESS_BBG000CGJMB9_2021-03-10
2021-05-31 23:11:22 29      ET_BBG000BM2FL9_2021-03-10
2021-05-31 23:11:22 32      ETN_BBG000BJ3PD2_2021-03-10
2021-05-31 23:11:22 35      ETR_BBG000C1FQS9_2021-03-10
2021-05-31 23:11:22 37      ETRN_BBG00K53L394_2021-03-10
2021-05-31 23:11:22 38      ETSY_BBG000N7MXL8_2021-03-10
2021-05-31 23:11:22 42      EVBG_BBG0022FMPD5_2021-03-10
2021-05-31 23:11:22 43      EVER_BBG00F17NDH7_2021-03-10
2021-05-31 23:11:22 44      EVH_BBG005CHLM96_2021-03-10
2021-05-31 23:11:22 44      EVR_BBG000BP30Y0_2021-03-10
2021-05-31 23:11:22 45      EVRG_BBG00H433CR2_2021-03-10
2021-05-31 23:11:22 46      EW_BBG000BRXP69_2021-03-10
2021-05-31 23:11:22 48      EWBC_BBG000CR20B1_2021-03-10
2021-05-31 23:11:22 50      EXAS_BBG000CWL0F5_2021-03-10
2021-05-31 23:11:22 52      EXC_BBG000J6XT05_2021-03-10
2021-05-31 23:11:22 55      EXEL_BBG000BQ4WF8_2021-03-10
2021-05-31 23:11:22 57      EXLS_BBG000NS3P30_2021-03-10
2021-05-31 23:11:22 57      EXP_BBG000BJW241_2021-03-10
2021-05-31 23:11:22 58      EXPD_BBG000BJ5GK2_2021-03-10
2021-05-31 23:11:22 60      EXPE_BBG000QY3XZ2_2021-03-10
2021-05-31 23:11:22 62      EXR_BBG000PV27K3_2021-03-10
2021-05-31 23:11:22 63      EYE_BBG00HVQF9K2_2021-03-10
2021-05-31 23:11:22 64      F_BBG000BQPC32_2021-03-10
2021-05-31 23:11:22 67      FANG_BBG002PHSYX9_2021-03-10
2021-05-31 23:11:22 69      FARO_BBG000BJD7C2_2021-03-10
2021-05-31 23:11:22 70      FAST_BBG000BJ8YN7_2021-03-10
2021-05-31 23:11:22 72      FATE_BBG000QP35H2_2021-03-10
2021-05-31 23:11:22 73      FB_BBG000MM2P62_2021-03-10
2021-05-31 23:11:22 85      FBHS_BBG001B4BV87_2021-03-10
2021-05-31 23:11:22 85      FCFS_BBG000DNF659_2021-03-10
2021-05-31 23:11:22 86      FCN_BBG000K88H58_2021-03-10
2021-05-31 23:11:22 87      FCX_BBG000BJDB15_2021-03-10
2021-05-31 23:11:22 95      FDS_BBG000BDJL83_2021-03-10
2021-05-31 23:11:22 96      FDX_BBG000BJF1Z8_2021-03-10
2021-05-31 23:11:22 97      FELE_BBG000BJGGV8_2021-03-10
2021-05-31 23:11:23 01      FFIV_BBG000CXYSZ6_2021-03-10
2021-05-31 23:11:23 02      FGEN_BBG000FW5ZL6_2021-03-10
2021-05-31 23:11:23 04      FICO_BBG000DW76Y6_2021-03-10
2021-05-31 23:11:23 05      FIS_BBG000BK2F42_2021-03-10
2021-05-31 23:11:23 07      FISV_BBG000BJKPG0_2021-03-10
2021-05-31 23:11:23 11      FITB_BBG000BJL3N0_2021-03-10
2021-05-31 23:11:23 16      FIVN_BBG001KHJM17_2021-03-10
2021-05-31 23:11:23 19      FIZZ_BBG000BF8CB6_2021-03-10
2021-05-31 23:11:23 20      FL_BBG000BX8DC4_2021-03-10
2021-05-31 23:11:23 21      FLIR_BBG000BHK836_2021-03-10
2021-05-31 23:11:23 23      FLOW_BBG007FL7ZD2_2021-03-10
2021-05-31 23:11:23 23      FLR_BBG000BB1TH9_2021-03-10
2021-05-31 23:11:23 25      FLS_BBG000FFH4P5_2021-03-10
2021-05-31 23:11:23 26      FLT_BBG000GPXKX9_2021-03-10
2021-05-31 23:11:23 27      FLWS_BBG000BBR9P6_2021-03-10
2021-05-31 23:11:23 28      FMC_BBG000BJP882_2021-03-10
2021-05-31 23:11:23 30      FND_BBG007GJ2F81_2021-03-10
2021-05-31 23:11:23 31      FNKO_BBG00HXSHDQ9_2021-03-10
2021-05-31 23:11:23 32      FOCS_BBG00L0YTFN8_2021-03-10
2021-05-31 23:11:23 34      FOE_BBG000BJQK11_2021-03-10
2021-05-31 23:11:23 35      FOLD_BBG000PLF6N0_2021-03-10
2021-05-31 23:11:23 38      FORM_BBG000D1Y3P1_2021-03-10
2021-05-31 23:11:23 39      FORR_BBG000HGNYG8_2021-03-10
2021-05-31 23:11:23 39      FOX_BBG00JHNKJY8_2021-03-10
2021-05-31 23:11:23 40      FOXA_BBG00JHNJW99_2021-03-10
2021-05-31 23:11:23 42      FOXF_BBG004T7VS53_2021-03-10
2021-05-31 23:11:23 44      FRHC_BBG000N625H8_2021-03-10
2021-05-31 23:11:23 46      FRPH_BBG000HCVWW4_2021-03-10
2021-05-31 23:11:23 46      FRPT_BBG001D0HB36_2021-03-10
2021-05-31 23:11:23 48      FSLR_BBG000BFL116_2021-03-10
2021-05-31 23:11:23 53      FSLY_BBG004NLQHL0_2021-03-10
2021-05-31 23:11:23 56      FTCH_BBG00LSD4456_2021-03-10
2021-05-31 23:11:23 61      FTI_BBG00DL8NMV2_2021-03-10
2021-05-31 23:11:23 62      FTNT_BBG000BCMBG4_2021-03-10
2021-05-31 23:11:23 65      FTV_BBG00BLVZ228_2021-03-10
2021-05-31 23:11:23 67      FUL_BBG000BJZ7V7_2021-03-10
2021-05-31 23:11:23 67      GATX_BBG000BKGXQ4_2021-03-10
2021-05-31 23:11:23 68      GBCI_BBG000C3KB84_2021-03-10
2021-05-31 23:11:23 69      GBT_BBG00341H6M0_2021-03-10
2021-05-31 23:11:23 70      GBX_BBG000CF5097_2021-03-10
2021-05-31 23:11:23 70      GCO_BBG000BK5S78_2021-03-10
2021-05-31 23:11:23 71      GCP_BBG0082W8Q12_2021-03-10
2021-05-31 23:11:23 71      GD_BBG000BK67C7_2021-03-10
2021-05-31 23:11:23 72      GDDY_BBG006MDLY05_2021-03-10
2021-05-31 23:11:23 73      GDOT_BBG000QDJT53_2021-03-10
2021-05-31 23:11:23 74      GE_BBG000BK6MB5_2021-03-10
2021-05-31 23:11:23 83      GEF_BBG000BLFNC0_2021-03-10
2021-05-31 23:11:23 84      GGG_BBG000BK9W84_2021-03-10
2021-05-31 23:11:23 85      GH_BBG006D97VY9_2021-03-10
2021-05-31 23:11:23 86      GH: SPYKE!. Candle: ID:26, Time: 13:20, Close: 126.56
2021-05-31 23:11:23 87      GHC_BBG000C3FGH9_2021-03-10
2021-05-31 23:11:23 87      GILD_BBG000CKGBP2_2021-03-10
2021-05-31 23:11:23 91      GIS_BBG000BKCFC2_2021-03-10
2021-05-31 23:11:23 94      GKOS_BBG000WG2LQ1_2021-03-10
2021-05-31 23:11:23 94      GL_BBG000BVD6X4_2021-03-10
2021-05-31 23:11:23 95      GLW_BBG000BKFZM4_2021-03-10
2021-05-31 23:11:23 97      GM_BBG000NDYB67_2021-03-10
2021-05-31 23:11:24 04      GMED_BBG002V87SD0_2021-03-10
2021-05-31 23:11:24 04      GMS_BBG009Q036D0_2021-03-10
2021-05-31 23:11:24 05      GNL_BBG004HXD0G8_2021-03-10
2021-05-31 23:11:24 05      GNRC_BBG000PQ4W72_2021-03-10
2021-05-31 23:11:24 06      GO_BBG00P4R3079_2021-03-10
2021-05-31 23:11:24 07      GOOG_BBG009S3NB30_2021-03-10
2021-05-31 23:11:24 12      GOOGL_BBG009S39JX6_2021-03-10
2021-05-31 23:11:24 19      GOSS_BBG00MVWLLM2_2021-03-10
2021-05-31 23:11:24 21      GPC_BBG000BKL348_2021-03-10
2021-05-31 23:11:24 22      GPI_BBG000BB88K4_2021-03-10
2021-05-31 23:11:24 23      GPN_BBG000CX0P89_2021-03-10
2021-05-31 23:11:24 26      GPS_BBG000BKLH74_2021-03-10
2021-05-31 23:11:24 30      GRA_BBG000BB8PG1_2021-03-10
2021-05-31 23:11:24 31      GRMN_BBG000C4LN67_2021-03-10
2021-05-31 23:11:24 33      GRUB_BBG001KWG293_2021-03-10
2021-05-31 23:11:24 34      GS_BBG000C6CFJ5_2021-03-10
2021-05-31 23:11:24 37      GSH_BBG000GLG0G0_2021-03-10
2021-05-31 23:11:24 37      GSKY_BBG00KT2SCV8_2021-03-10
2021-05-31 23:11:24 38      GSKY: SPYKE!. Candle: ID:1102, Time: 14:15, Close: 6.01
2021-05-31 23:11:24 38      GSKY: SPYKE!. Candle: ID:1322, Time: 14:20, Close: 6.6
2021-05-31 23:11:24 40      GT_BBG000BKNX95_2021-03-10
2021-05-31 23:11:24 42      GTHX_BBG005F1DK91_2021-03-10
2021-05-31 23:11:24 45      GTLS_BBG000P1K2X6_2021-03-10
2021-05-31 23:11:24 46      GTN_BBG000DSQLQ0_2021-03-10
2021-05-31 23:11:24 47      GVA_BBG000DVB833_2021-03-10
2021-05-31 23:11:24 48      GWRE_BBG001C7PM75_2021-03-10
2021-05-31 23:11:24 48      GWW_BBG000BKR1D6_2021-03-10
2021-05-31 23:11:24 49      H_BBG000CVRFS4_2021-03-10
2021-05-31 23:11:24 50      HA_BBG000BC4185_2021-03-10
2021-05-31 23:11:24 51      HAE_BBG000C7TF41_2021-03-10
2021-05-31 23:11:24 52      HAIN_BBG000BQW085_2021-03-10
2021-05-31 23:11:24 53      HAL_BBG000BKTFN2_2021-03-10
2021-05-31 23:11:24 55      HALO_BBG000CZ8W54_2021-03-10
2021-05-31 23:11:24 57      HAS_BBG000BKVJK4_2021-03-10
2021-05-31 23:11:24 58      HBAN_BBG000BKWSR6_2021-03-10
2021-05-31 23:11:24 60      HBI_BBG000D2ZTS8_2021-03-10
2021-05-31 23:11:24 61      HCA_BBG000QW7VC1_2021-03-10
2021-05-31 23:11:24 62      HCCI_BBG000CCFB17_2021-03-10
2021-05-31 23:11:24 62      HCSG_BBG000BKYVF0_2021-03-10
2021-05-31 23:11:24 63      HD_BBG000BKZB36_2021-03-10
2021-05-31 23:11:24 65      HEAR_BBG000BM6N47_2021-03-10
2021-05-31 23:11:24 66      HEI_BBG000BL16Q7_2021-03-10
2021-05-31 23:11:24 67      HES_BBG000BBD070_2021-03-10
2021-05-31 23:11:24 68      HFC_BBG000BL9JQ1_2021-03-10
2021-05-31 23:11:24 69      HGV_BBG00CBYY6M1_2021-03-10
2021-05-31 23:11:24 70      HHC_BBG000MJRJJ2_2021-03-10
2021-05-31 23:11:24 71      HHR_BBG00KHGQ0H4_2021-03-10
2021-05-31 23:11:24 72      HIBB_BBG000H001V3_2021-03-10
2021-05-31 23:11:24 73      HIG_BBG000G0Z878_2021-03-10
2021-05-31 23:11:24 75      HII_BBG001KJ2HM9_2021-03-10
2021-05-31 23:11:24 76      HLT_BBG0058KMH30_2021-03-10
2021-05-31 23:11:24 78      HNP_BBG000BX5YM0_2021-03-10
2021-05-31 23:11:24 79      HOG_BBG000BKZTP3_2021-03-10
2021-05-31 23:11:24 80      HOLX_BBG000C3NTN5_2021-03-10
2021-05-31 23:11:24 83      HON_BBG000H556T9_2021-03-10
2021-05-31 23:11:24 87      HP_BBG000BLCPY4_2021-03-10
2021-05-31 23:11:24 88      HPE_BBG0078W3NQ3_2021-03-10
2021-05-31 23:11:24 90      HPQ_BBG000KHWT55_2021-03-10
2021-05-31 23:11:24 92      HQY_BBG000TYXCT9_2021-03-10
2021-05-31 23:11:24 93      HRB_BBG000BLDV98_2021-03-10
2021-05-31 23:11:24 94      HRC_BBG000BKWCS0_2021-03-10
2021-05-31 23:11:24 95      HRL_BBG000BLF8D2_2021-03-10
2021-05-31 23:11:24 96      HRTX_BBG000G2GJT7_2021-03-10
2021-05-31 23:11:24 97      HSC_BBG000BLH3P8_2021-03-10
2021-05-31 23:11:24 98      HSIC_BBG000BNMMJ3_2021-03-10
2021-05-31 23:11:24 99      HSKA_BBG000BWFH48_2021-03-10
2021-05-31 23:11:25 00      HST_BBG000BL8804_2021-03-10
2021-05-31 23:11:25 02      HSY_BBG000BLHRS2_2021-03-10
2021-05-31 23:11:25 03      HTA_BBG000PRJCX9_2021-03-10
2021-05-31 23:11:25 04      HTHT_BBG000QFPM65_2021-03-10
2021-05-31 23:11:25 06      HUBB_BBG000BLK267_2021-03-10
2021-05-31 23:11:25 07      HUBG_BBG000G9W6L0_2021-03-10
2021-05-31 23:11:25 07      HUBS_BBG000N7MZ06_2021-03-10
2021-05-31 23:11:25 09      HUM_BBG000BLKK03_2021-03-10
2021-05-31 23:11:25 10      HURN_BBG000PV2M48_2021-03-10
2021-05-31 23:11:25 10      HWM_BBG00DYNJGH9_2021-03-10
2021-05-31 23:11:25 13      HXL_BBG000BLMDQ9_2021-03-10
2021-05-31 23:11:25 14      IAC_BBG000BKQG80_2021-03-10
2021-05-31 23:11:25 15      IART_BBG000BZJQL8_2021-03-10
2021-05-31 23:11:25 17      IBKR_BBG000LV0836_2021-03-10
2021-05-31 23:11:25 18      IBM_BBG000BLNNH6_2021-03-10
2021-05-31 23:11:25 24      IBN_BBG000DRM643_2021-03-10
2021-05-31 23:11:25 25      IBP_BBG005TJKDZ6_2021-03-10
2021-05-31 23:11:25 25      ICE_BBG000C1FB75_2021-03-10
2021-05-31 23:11:25 27      ICPT_BBG001J1QN87_2021-03-10
2021-05-31 23:11:25 28      ICPT: SPYKE!. Candle: ID:448, Time: 13:00, Close: 22.04
2021-05-31 23:11:25 29      ICUI_BBG000CQV2N4_2021-03-10
2021-05-31 23:11:25 31      IDCC_BBG000HLJ7M4_2021-03-10
2021-05-31 23:11:25 32      IDXX_BBG000BLRT07_2021-03-10
2021-05-31 23:11:25 34      IEX_BBG000C1HN22_2021-03-10
2021-05-31 23:11:25 35      IFF_BBG000BLSL58_2021-03-10
2021-05-31 23:11:25 36      IGMS_BBG00PNR1BT2_2021-03-10
2021-05-31 23:11:25 37      IIPR_BBG00F0SW7N8_2021-03-10
2021-05-31 23:11:25 38      IIVI_BBG000BLW102_2021-03-10
2021-05-31 23:11:25 40      ILMN_BBG000DSMS70_2021-03-10
2021-05-31 23:11:25 42      INCY_BBG000BNPSQ9_2021-03-10
2021-05-31 23:11:25 44      INDB_BBG000BM0597_2021-03-10
2021-05-31 23:11:25 45      INFO_BBG006G063F9_2021-03-10
2021-05-31 23:11:25 47      INGN_BBG0021PH456_2021-03-10
2021-05-31 23:11:25 48      INGR_BBG000BXPZB7_2021-03-10
2021-05-31 23:11:25 49      INMD_BBG00PPS73P4_2021-03-10
2021-05-31 23:11:25 50      INSP_BBG00209SZJ7_2021-03-10
2021-05-31 23:11:25 51      INTC_BBG000C0G1D1_2021-03-10
2021-05-31 23:11:25 64      INTU_BBG000BH5DV1_2021-03-10
2021-05-31 23:11:25 67      INVH_BBG00FQH6BS9_2021-03-10
2021-05-31 23:11:25 70      IONS_BBG000JH6683_2021-03-10
2021-05-31 23:11:25 71      IOSP_BBG000BMFNP4_2021-03-10
2021-05-31 23:11:25 71      IOVA_BBG000FTLBV7_2021-03-10
2021-05-31 23:11:25 75      IP_BBG000BM5SR2_2021-03-10
2021-05-31 23:11:25 77      IPAR_BBG000GCSWR5_2021-03-10
2021-05-31 23:11:25 77      IPG_BBG000C90DH9_2021-03-10
2021-05-31 23:11:25 79      IPGP_BBG000DCGRL8_2021-03-10
2021-05-31 23:11:25 79      IQV_BBG00333FYS2_2021-03-10
2021-05-31 23:11:25 80      IR_BBG002R1CW27_2021-03-10
2021-05-31 23:11:25 81      IRBT_BBG000HXJB21_2021-03-10
2021-05-31 23:11:25 82      IRDM_BBG000VC0FC1_2021-03-10
2021-05-31 23:11:25 84      IRM_BBG000KCZPC3_2021-03-10
2021-05-31 23:11:25 85      IRTC_BBG001J19V24_2021-03-10
2021-05-31 23:11:25 86      ISRG_BBG000BJPDZ1_2021-03-10
2021-05-31 23:11:25 87      IT_BBG000BB65D0_2021-03-10
2021-05-31 23:11:25 88      ITCI_BBG0026ZFZC4_2021-03-10
2021-05-31 23:11:25 89      ITGR_BBG000BW6JV4_2021-03-10
2021-05-31 23:11:25 90      ITRI_BBG000BD2167_2021-03-10
2021-05-31 23:11:25 93      ITT_BBG00CVQZQ96_2021-03-10
2021-05-31 23:11:25 93      ITW_BBG000BMBL90_2021-03-10
2021-05-31 23:11:25 94      IVZ_BBG000BY2Y78_2021-03-10
2021-05-31 23:11:25 96      J_BBG000BMFFQ0_2021-03-10
2021-05-31 23:11:25 97      JACK_BBG000GZYVY1_2021-03-10
2021-05-31 23:11:25 98      JBHT_BBG000BMDBZ1_2021-03-10
2021-05-31 23:11:25 99      JBSS_BBG000CHPMY5_2021-03-10
2021-05-31 23:11:25 99      JBT_BBG000VLBCQ1_2021-03-10
2021-05-31 23:11:26 00      JCI_BBG000BVWLJ6_2021-03-10
2021-05-31 23:11:26 02      JCOM_BBG000F3CWW7_2021-03-10
2021-05-31 23:11:26 03      JD_BBG005YHY0Q7_2021-03-10
2021-05-31 23:11:26 10      JEF_BBG000BNHSP9_2021-03-10
2021-05-31 23:11:26 11      JELD_BBG0019GM953_2021-03-10
2021-05-31 23:11:26 11      JJSF_BBG000BMGPW0_2021-03-10
2021-05-31 23:11:26 12      JKHY_BBG000BMH2Q7_2021-03-10
2021-05-31 23:11:26 13      JLL_BBG000C2L2L0_2021-03-10
2021-05-31 23:11:26 14      JNJ_BBG000BMHYD1_2021-03-10
2021-05-31 23:11:26 17      JNPR_BBG000BY33P5_2021-03-10
2021-05-31 23:11:26 19      JOBS_BBG000BJD1D4_2021-03-10
2021-05-31 23:11:26 20      JOUT_BBG000HCXFS4_2021-03-10
2021-05-31 23:11:26 21      JPM_BBG000DMBXR2_2021-03-10
2021-05-31 23:11:26 30      JWN_BBG000G8N9C6_2021-03-10
2021-05-31 23:11:26 31      K_BBG000BMKDM3_2021-03-10
2021-05-31 23:11:26 33      KALU_BBG000PKZDX4_2021-03-10
2021-05-31 23:11:26 34      KBH_BBG000BMLWX8_2021-03-10
2021-05-31 23:11:26 35      KDP_BBG000TJM7F0_2021-03-10
2021-05-31 23:11:26 40      KEP_BBG000BCWG90_2021-03-10
2021-05-31 23:11:26 41      KEX_BBG000BMQCP6_2021-03-10
2021-05-31 23:11:26 42      KEY_BBG000BMQPL1_2021-03-10
2021-05-31 23:11:26 45      KEYS_BBG0059FN811_2021-03-10
2021-05-31 23:11:26 46      KFY_BBG000C5QMB5_2021-03-10
2021-05-31 23:11:26 47      KHC_BBG005CPNTQ2_2021-03-10
2021-05-31 23:11:26 51      KIDS_BBG00HFFRW39_2021-03-10
2021-05-31 23:11:26 52      KIM_BBG000CN3S73_2021-03-10
2021-05-31 23:11:26 55      KLAC_BBG000BMTFR4_2021-03-10
2021-05-31 23:11:26 59      KMB_BBG000BMW2Z0_2021-03-10
2021-05-31 23:11:26 61      KMI_BBG0019JZ882_2021-03-10
2021-05-31 23:11:26 64      KMPR_BBG000H3GDJ8_2021-03-10
2021-05-31 23:11:26 65      KMT_BBG000BMWKC5_2021-03-10
2021-05-31 23:11:26 65      KMX_BBG000BLMZK6_2021-03-10
2021-05-31 23:11:26 67      KNSL_BBG00D8JD9Z9_2021-03-10
2021-05-31 23:11:26 68      KNX_BBG000BFC848_2021-03-10
2021-05-31 23:11:26 70      KO_BBG000BMX289_2021-03-10
2021-05-31 23:11:26 74      KOD_BBG00BVR0D02_2021-03-10
2021-05-31 23:11:26 75      KR_BBG000BMY992_2021-03-10
2021-05-31 23:11:26 78      KRG_BBG000BC2KW8_2021-03-10
2021-05-31 23:11:26 79      KRTX_BBG00NN875G0_2021-03-10
2021-05-31 23:11:26 80      KRYS_BBG00HDGRHH7_2021-03-10
2021-05-31 23:11:26 81      KSU_BBG000BMZ7P7_2021-03-10
2021-05-31 23:11:26 82      KTB_BBG00LPTHYD5_2021-03-10
2021-05-31 23:11:26 82      KWR_BBG000DZS2L9_2021-03-10
2021-05-31 23:11:26 83      L_BBG000C45984_2021-03-10
2021-05-31 23:11:26 84      LAD_BBG000K3BC83_2021-03-10
2021-05-31 23:11:26 85      LANC_BBG000BN1M88_2021-03-10
2021-05-31 23:11:26 85      LASR_BBG0020BCPX5_2021-03-10
2021-05-31 23:11:26 86      LB_BBG000BNGTQ7_2021-03-10
2021-05-31 23:11:26 87      LBRDK_BBG006GNSZW5_2021-03-10
2021-05-31 23:11:26 89      LCII_BBG000DNLMB0_2021-03-10
2021-05-31 23:11:26 90      LDOS_BBG000C23PB0_2021-03-10
2021-05-31 23:11:26 90      LEA_BBG000PTLGZ1_2021-03-10
2021-05-31 23:11:26 92      LECO_BBG000BB72K8_2021-03-10
2021-05-31 23:11:26 93      LEG_BBG000BN53G7_2021-03-10
2021-05-31 23:11:26 94      LEGH_BBG00MJDR6J9_2021-03-10
2021-05-31 23:11:26 94      LEN_BBG000BN5HF7_2021-03-10
2021-05-31 23:11:26 96      LEVI_BBG000BQDF10_2021-03-10
2021-05-31 23:11:26 97      LFC_BBG000BBK4B9_2021-03-10
2021-05-31 23:11:26 97      LFUS_BBG000BGFGT8_2021-03-10
2021-05-31 23:11:26 98      LGIH_BBG0056655S1_2021-03-10
2021-05-31 23:11:26 99      LGND_BBG000BKF014_2021-03-10
2021-05-31 23:11:27 00      LH_BBG000D9DMK0_2021-03-10
2021-05-31 23:11:27 01      LHCG_BBG000G7W420_2021-03-10
2021-05-31 23:11:27 02      LHX_BBG000BLGFJ9_2021-03-10
2021-05-31 23:11:27 03      LII_BBG000BB5B84_2021-03-10
2021-05-31 23:11:27 03      LIN_BBG00GVR8YQ9_2021-03-10
2021-05-31 23:11:27 05      LITE_BBG0073F9RT7_2021-03-10
2021-05-31 23:11:27 08      LKQ_BBG000PXDL44_2021-03-10
2021-05-31 23:11:27 11      LLY_BBG000BNBDC2_2021-03-10
2021-05-31 23:11:27 13      LMT_BBG000C1BW00_2021-03-10
2021-05-31 23:11:27 15      LNN_BBG000FJS1S8_2021-03-10
2021-05-31 23:11:27 16      LNT_BBG000DW4Q75_2021-03-10
2021-05-31 23:11:27 18      LNTH_BBG006Q52RD0_2021-03-10
2021-05-31 23:11:27 19      LOPE_BBG000FV28W9_2021-03-10
2021-05-31 23:11:27 20      LOW_BBG000BNDN65_2021-03-10
2021-05-31 23:11:27 22      LPL_BBG000FJ0RK9_2021-03-10
2021-05-31 23:11:27 22      LPLA_BBG000P2TYL8_2021-03-10
2021-05-31 23:11:27 23      LPSN_BBG000BSV0W5_2021-03-10
2021-05-31 23:11:27 25      LRCX_BBG000BNFLM9_2021-03-10
2021-05-31 23:11:27 28      LRN_BBG000QSXPZ9_2021-03-10
2021-05-31 23:11:27 29      LSCC_BBG000C2D1C1_2021-03-10
2021-05-31 23:11:27 30      LSTR_BBG000BB2KN0_2021-03-10
2021-05-31 23:11:27 31      LSTR: SPYKE!. Candle: ID:17, Time: 14:30, Close: 157.07
2021-05-31 23:11:27 31      LTHM_BBG00LV3NRG0_2021-03-10
2021-05-31 23:11:27 33      LULU_BBG000R8ZVD1_2021-03-10
2021-05-31 23:11:27 36      LUMN_BBG000BGLRN3_2021-03-10
2021-05-31 23:11:27 37      LUV_BBG000BNJHS8_2021-03-10
2021-05-31 23:11:27 40      LVS_BBG000JWD753_2021-03-10
2021-05-31 23:11:27 42      LW_BBG003CVMLQ2_2021-03-10
2021-05-31 23:11:27 44      LYB_BBG000WCFV84_2021-03-10
2021-05-31 23:11:27 45      LYFT_BBG004M9ZHX5_2021-03-10
2021-05-31 23:11:27 52      LYV_BBG000FQ7YR4_2021-03-10
2021-05-31 23:11:27 54      M_BBG000C46HM9_2021-03-10
2021-05-31 23:11:27 56      MA_BBG000F1ZSQ2_2021-03-10
2021-05-31 23:11:27 58      MAA_BBG000BLMY92_2021-03-10
2021-05-31 23:11:27 59      MAC_BBG000BL9C59_2021-03-10
2021-05-31 23:11:27 63      MAN_BBG000BNMHS4_2021-03-10
2021-05-31 23:11:27 64      MANH_BBG000BFV758_2021-03-10
2021-05-31 23:11:27 65      MANT_BBG000BGF8B5_2021-03-10
2021-05-31 23:11:27 66      MANU_BBG0035WV4N9_2021-03-10
2021-05-31 23:11:27 67      MAR_BBG000BGD7W6_2021-03-10
2021-05-31 23:11:27 70      MAS_BBG000BNNKG9_2021-03-10
2021-05-31 23:11:27 72      MASI_BBG000C3W281_2021-03-10
2021-05-31 23:11:27 73      MAT_BBG000BNNYW1_2021-03-10
2021-05-31 23:11:27 76      MATX_BBG000BBK401_2021-03-10
2021-05-31 23:11:27 77      MBT_BBG000CSZKR2_2021-03-10
2021-05-31 23:11:27 78      MBUU_BBG005PXTR70_2021-03-10
2021-05-31 23:11:27 79      MCD_BBG000BNSZP1_2021-03-10
2021-05-31 23:11:27 82      MCHP_BBG000BHCP19_2021-03-10
2021-05-31 23:11:27 86      MCK_BBG000DYGNW7_2021-03-10
2021-05-31 23:11:27 88      MCO_BBG000F86GP6_2021-03-10
2021-05-31 23:11:27 89      MCRI_BBG000BJ0932_2021-03-10
2021-05-31 23:11:27 90      MD_BBG000H8LGK2_2021-03-10
2021-05-31 23:11:27 91      MDB_BBG0022FDRY8_2021-03-10
2021-05-31 23:11:27 94      MDGL_BBG000QS6NV8_2021-03-10
2021-05-31 23:11:27 95      MDLA_BBG001BPKGT0_2021-03-10
2021-05-31 23:11:27 97      MDLZ_BBG000D4LWF6_2021-03-10
2021-05-31 23:11:28 00      MDRX_BBG000BLDXH5_2021-03-10
2021-05-31 23:11:28 02      MDT_BBG000BNWG87_2021-03-10
2021-05-31 23:11:28 05      MED_BBG000BWBW76_2021-03-10
2021-05-31 23:11:28 05      MEDP_BBG0065B7K59_2021-03-10
2021-05-31 23:11:28 06      MEI_BBG000BNY197_2021-03-10
2021-05-31 23:11:28 07      MELI_BBG000GQPB11_2021-03-10
2021-05-31 23:11:28 08      MET_BBG000BB6KF5_2021-03-10
2021-05-31 23:11:28 11      MFGP_BBG00HFWVGN0_2021-03-10
2021-05-31 23:11:28 13      MGLN_BBG000BD6DD9_2021-03-10
2021-05-31 23:11:28 14      MGM_BBG000C2BXK4_2021-03-10
2021-05-31 23:11:28 16      MGY_BBG00GNC8DL2_2021-03-10
2021-05-31 23:11:28 17      MHK_BBG000FLZN98_2021-03-10
2021-05-31 23:11:28 18      MHO_BBG000BL9MZ4_2021-03-10
2021-05-31 23:11:28 19      MIDD_BBG000DQN9R3_2021-03-10
2021-05-31 23:11:28 20      MKC_BBG000G6Y5W4_2021-03-10
2021-05-31 23:11:28 21      MKL_BBG000FC7366_2021-03-10
2021-05-31 23:11:28 22      MKSI_BBG000BVMG26_2021-03-10
2021-05-31 23:11:28 24      MKTX_BBG000BJBZ23_2021-03-10
2021-05-31 23:11:28 25      MLAB_BBG000BP3PW7_2021-03-10
2021-05-31 23:11:28 25      MLCO_BBG000BHP8J4_2021-03-10
2021-05-31 23:11:28 26      MLHR_BBG000BP46T2_2021-03-10
2021-05-31 23:11:28 27      MLM_BBG000BGYMH7_2021-03-10
2021-05-31 23:11:28 28      MMC_BBG000BP4MH0_2021-03-10
2021-05-31 23:11:28 29      MMI_BBG005GBRSR6_2021-03-10
2021-05-31 23:11:28 30      MMM_BBG000BP52R2_2021-03-10
2021-05-31 23:11:28 31      MMS_BBG000BC5WJ4_2021-03-10
2021-05-31 23:11:28 32      MMSI_BBG000C42VX0_2021-03-10
2021-05-31 23:11:28 33      MNRO_BBG000C0BZD1_2021-03-10
2021-05-31 23:11:28 34      MNST_BBG008NVB1C0_2021-03-10
2021-05-31 23:11:28 35      MO_BBG000BP6LJ8_2021-03-10
2021-05-31 23:11:28 39      MOH_BBG000MBHNC8_2021-03-10
2021-05-31 23:11:28 40      MOMO_BBG007HTCQT0_2021-03-10
2021-05-31 23:11:28 46      MORN_BBG000CGQ4F7_2021-03-10
2021-05-31 23:11:28 47      MOS_BBG000BFXHL6_2021-03-10
2021-05-31 23:11:28 50      MOV_BBG000BL30Y9_2021-03-10
2021-05-31 23:11:28 51      MPC_BBG001DCCGR8_2021-03-10
2021-05-31 23:11:28 55      MPWR_BBG000C30L48_2021-03-10
2021-05-31 23:11:28 57      MRC_BBG000BKLTM1_2021-03-10
2021-05-31 23:11:28 59      MRK_BBG000BPD168_2021-03-10
2021-05-31 23:11:28 63      MRNA_BBG003PHHZT1_2021-03-10
2021-05-31 23:11:28 68      MRO_BBG000C8H633_2021-03-10
2021-05-31 23:11:28 70      MRTX_BBG004TPGBP5_2021-03-10
2021-05-31 23:11:28 71      MS_BBG000BLZRJ2_2021-03-10
2021-05-31 23:11:28 75      MSA_BBG000BPDXF8_2021-03-10
2021-05-31 23:11:28 76      MSCI_BBG000RTDY25_2021-03-10
2021-05-31 23:11:28 76      MSFT_BBG000BPH459_2021-03-10
2021-05-31 23:11:29 08      MSGE_BBG00L9HLWV8_2021-03-10
2021-05-31 23:11:29 09      MSGN_BBG000NS03H7_2021-03-10
2021-05-31 23:11:29 09      MSGN: SPYKE!. Candle: ID:721, Time: 21:10, Close: 19.83
2021-05-31 23:11:29 09      MSGN: SPYKE!. Candle: ID:727, Time: 21:10, Close: 23.46
2021-05-31 23:11:29 09      MSGN: SPYKE!. Candle: ID:728, Time: 21:10, Close: 21.99
2021-05-31 23:11:29 09      MSGN: SPYKE!. Candle: ID:732, Time: 21:10, Close: 23
2021-05-31 23:11:29 09      MSGN: SPYKE!. Candle: ID:741, Time: 21:15, Close: 22.49
2021-05-31 23:11:29 09      MSGN: SPYKE!. Candle: ID:862, Time: 22:15, Close: 20.22
2021-05-31 23:11:29 09      MSGS_BBG007FG0C23_2021-03-10
2021-05-31 23:11:29 10      MSI_BBG000BP8Z50_2021-03-10
2021-05-31 23:11:29 11      MSM_BBG000BCLYL9_2021-03-10
2021-05-31 23:11:29 12      MSTR_BBG000GQJPZ0_2021-03-10
2021-05-31 23:11:29 17      MTB_BBG000D9KWL9_2021-03-10
2021-05-31 23:11:29 18      MTCH_BBG00B6WH9G3_2021-03-10
2021-05-31 23:11:29 21      MTD_BBG000BZCKH3_2021-03-10
2021-05-31 23:11:29 22      MTG_BBG000CBMH27_2021-03-10
2021-05-31 23:11:29 23      MTH_BBG000F4F1N0_2021-03-10
2021-05-31 23:11:29 23      MTN_BBG000BCMWM1_2021-03-10
2021-05-31 23:11:29 24      MTOR_BBG000BH92D1_2021-03-10
2021-05-31 23:11:29 25      MTRN_BBG000BDTT76_2021-03-10
2021-05-31 23:11:29 25      MTSC_BBG000BPL8G3_2021-03-10
2021-05-31 23:11:29 26      MU_BBG000C5Z1S3_2021-03-10
2021-05-31 23:11:29 38      MUR_BBG000BPMH90_2021-03-10
2021-05-31 23:11:29 39      MUSA_BBG001Z0Q6T5_2021-03-10
2021-05-31 23:11:29 39      MXIM_BBG000BPNP00_2021-03-10
2021-05-31 23:11:29 43      MXL_BBG000BB6R33_2021-03-10
2021-05-31 23:11:29 44      MYGN_BBG000D9H9F1_2021-03-10
2021-05-31 23:11:29 45      MYRG_BBG000BC7VW9_2021-03-10
2021-05-31 23:11:29 45      NARI_BBG009J8K7M0_2021-03-10
2021-05-31 23:11:29 47      NATI_BBG000DZK6N6_2021-03-10
2021-05-31 23:11:29 48      NAVI_BBG004MN1R41_2021-03-10
2021-05-31 23:11:29 49      NBIX_BBG000GJS7C1_2021-03-10
2021-05-31 23:11:29 50      NCBS_BBG000QK0TG5_2021-03-10
2021-05-31 23:11:29 50      NCR_BBG000BMXK89_2021-03-10
2021-05-31 23:11:29 51      NDAQ_BBG000F5VVB6_2021-03-10
2021-05-31 23:11:29 52      NDSN_BBG000BPWGR1_2021-03-10
2021-05-31 23:11:29 53      NEE_BBG000BJSBJ0_2021-03-10
2021-05-31 23:11:29 57      NEM_BBG000BPWXK1_2021-03-10
2021-05-31 23:11:29 59      NEO_BBG000BKH263_2021-03-10
2021-05-31 23:11:29 61      NEOG_BBG000C1BCK2_2021-03-10
2021-05-31 23:11:29 61      NET_BBG001WMKHH5_2021-03-10
2021-05-31 23:11:29 64      NEU_BBG000BJ5SS8_2021-03-10
2021-05-31 23:11:29 64      NEWR_BBG001NFKJ68_2021-03-10
2021-05-31 23:11:29 65      NFLX_BBG000CL9VN6_2021-03-10
2021-05-31 23:11:29 70      NGVT_BBG009LM28K6_2021-03-10
2021-05-31 23:11:29 71      NJR_BBG000BPZVW9_2021-03-10
2021-05-31 23:11:29 72      NKE_BBG000C5HS04_2021-03-10
2021-05-31 23:11:29 75      NKTR_BBG000BHCYJ1_2021-03-10
2021-05-31 23:11:29 76      NLOK_BBG000BH2JM1_2021-03-10
2021-05-31 23:11:29 78      NLSN_BBG0088CYPX8_2021-03-10
2021-05-31 23:11:29 79      NMIH_BBG005DLMMZ6_2021-03-10
2021-05-31 23:11:29 80      NOC_BBG000BQ2C28_2021-03-10
2021-05-31 23:11:29 82      NOK_BBG000BNGBW9_2021-03-10
2021-05-31 23:11:29 85      NOV_BBG000BJX8C8_2021-03-10
2021-05-31 23:11:29 86      NOW_BBG000M1R011_2021-03-10
2021-05-31 23:11:29 88      NP_BBG000QCQ764_2021-03-10
2021-05-31 23:11:29 89      NPK_BBG000BQ4GG2_2021-03-10
2021-05-31 23:11:29 89      NRG_BBG000D8RG11_2021-03-10
2021-05-31 23:11:29 91      NSC_BBG000BQ5DS5_2021-03-10
2021-05-31 23:11:29 92      NSP_BBG000BJ41X2_2021-03-10
2021-05-31 23:11:29 93      NTAP_BBG000FP1N32_2021-03-10
2021-05-31 23:11:29 95      NTCO_BBG00R4ZKPN5_2021-03-10
2021-05-31 23:11:29 96      NTCT_BBG000C136Z8_2021-03-10
2021-05-31 23:11:29 96      NTES_BBG000BX72V8_2021-03-10
2021-05-31 23:11:29 99      NTGR_BBG000C4GBR6_2021-03-10
2021-05-31 23:11:29 99      NTLA_BBG007KC7PB0_2021-03-10
2021-05-31 23:11:30 01      NTNX_BBG001NDW1Z7_2021-03-10
2021-05-31 23:11:30 03      NTRA_BBG001J1BQ86_2021-03-10
2021-05-31 23:11:30 04      NTRS_BBG000BQ74K1_2021-03-10
2021-05-31 23:11:30 05      NTUS_BBG000DPZHS3_2021-03-10
2021-05-31 23:11:30 06      NUE_BBG000BQ8KV2_2021-03-10
2021-05-31 23:11:30 07      NUS_BBG000HG21Y3_2021-03-10
2021-05-31 23:11:30 08      NUVA_BBG000LNL298_2021-03-10
2021-05-31 23:11:30 09      NVDA_BBG000BBJQV0_2021-03-10
2021-05-31 23:11:30 21      NVEE_BBG005BT60Y8_2021-03-10
2021-05-31 23:11:30 21      NVEE: SPYKE!. Candle: ID:557, Time: 21:45, Close: 100
2021-05-31 23:11:30 21      NVR_BBG000BQBYR3_2021-03-10
2021-05-31 23:11:30 22      NVRO_BBG001K61W36_2021-03-10
2021-05-31 23:11:30 23      NVTA_BBG005DJFD43_2021-03-10
2021-05-31 23:11:30 25      NWE_BBG000Q1NMJ4_2021-03-10
2021-05-31 23:11:30 26      NWL_BBG000BQC9V2_2021-03-10
2021-05-31 23:11:30 28      NWLI_BBG008HNHZ07_2021-03-10
2021-05-31 23:11:30 28      NWS_BBG0035M2ZB7_2021-03-10
2021-05-31 23:11:30 29      NWSA_BBG0035LY913_2021-03-10
2021-05-31 23:11:30 31      NXPI_BBG000BND699_2021-03-10
2021-05-31 23:11:30 33      NXST_BBG000DZJVH0_2021-03-10
2021-05-31 23:11:30 34      NYT_BBG000FFC0B3_2021-03-10
2021-05-31 23:11:30 35      O_BBG000DHPN63_2021-03-10
2021-05-31 23:11:30 37      OC_BBG000M44VW8_2021-03-10
2021-05-31 23:11:30 38      ODFL_BBG000CHSS88_2021-03-10
2021-05-31 23:11:30 39      OFIX_BBG000G1C210_2021-03-10
2021-05-31 23:11:30 40      OHI_BBG000BGBTC2_2021-03-10
2021-05-31 23:11:30 40      OI_BBG00R2JZG39_2021-03-10
2021-05-31 23:11:30 41      OII_BBG000CPBCL8_2021-03-10
2021-05-31 23:11:30 42      OIS_BBG000BDDN94_2021-03-10
2021-05-31 23:11:30 43      OKE_BBG000BQHGR6_2021-03-10
2021-05-31 23:11:30 44      OKTA_BBG001YV1SM4_2021-03-10
2021-05-31 23:11:30 48      OLED_BBG000BLRP41_2021-03-10
2021-05-31 23:11:30 49      OLLI_BBG0098VVDT9_2021-03-10
2021-05-31 23:11:30 51      OMC_BBG000BS9489_2021-03-10
2021-05-31 23:11:30 51      OMCL_BBG000BTNGZ4_2021-03-10
2021-05-31 23:11:30 52      ON_BBG000DV7MX4_2021-03-10
2021-05-31 23:11:30 56      ONTO_BBG000BPRN29_2021-03-10
2021-05-31 23:11:30 57      ORCL_BBG000BQLTW7_2021-03-10
2021-05-31 23:11:30 61      ORLY_BBG000BGYWY6_2021-03-10
2021-05-31 23:11:30 62      OSIS_BBG000BWPR54_2021-03-10
2021-05-31 23:11:30 63      OSK_BBG000CC53X1_2021-03-10
2021-05-31 23:11:30 63      OSUR_BBG000J3D1Y8_2021-03-10
2021-05-31 23:11:30 68      OTIS_BBG00RP60KV0_2021-03-10
2021-05-31 23:11:30 68      OVV_BBG00R2NHQ65_2021-03-10
2021-05-31 23:11:30 69      OXY_BBG000BQQ2S6_2021-03-10
2021-05-31 23:11:30 74      PAGS_BBG00JM7QBR6_2021-03-10
2021-05-31 23:11:30 75      PANW_BBG0014GJCT9_2021-03-10
2021-05-31 23:11:30 77      PATK_BBG000BQSBB2_2021-03-10
2021-05-31 23:11:30 77      PAYC_BBG0064N0ZZ5_2021-03-10
2021-05-31 23:11:30 78      PB_BBG000BHY4D9_2021-03-10
2021-05-31 23:11:30 79      PBCT_BBG000BQT4L6_2021-03-10
2021-05-31 23:11:30 80      PBF_BBG002832GV8_2021-03-10
2021-05-31 23:11:30 83      PBH_BBG000QM0RZ4_2021-03-10
2021-05-31 23:11:30 84      PBI_BBG000BQTMJ9_2021-03-10
2021-05-31 23:11:30 85      PCAR_BBG000BQVTF5_2021-03-10
2021-05-31 23:11:30 87      PCG_BBG000BQWPC5_2021-03-10
2021-05-31 23:11:30 88      PCRX_BBG0018FQNS6_2021-03-10
2021-05-31 23:11:30 89      PCTY_BBG006598YS8_2021-03-10
2021-05-31 23:11:30 90      PD_BBG0043BYPB8_2021-03-10
2021-05-31 23:11:30 91      PDCO_BBG000BQY289_2021-03-10
2021-05-31 23:11:30 92      PEAK_BBG000BKYDP9_2021-03-10
2021-05-31 23:11:30 93      PEG_BBG000BQZMH4_2021-03-10
2021-05-31 23:11:30 94      PEGA_BBG000H1RYG7_2021-03-10
2021-05-31 23:11:30 95      PEN_BBG001BP92V1_2021-03-10
2021-05-31 23:11:30 96      PEP_BBG000DH7JK6_2021-03-10
2021-05-31 23:11:31 03      PETQ_BBG00H1CY328_2021-03-10
2021-05-31 23:11:31 03      PFE_BBG000BR2B91_2021-03-10
2021-05-31 23:11:31 06      PFG_BBG000NSCNT7_2021-03-10
2021-05-31 23:11:31 08      PFGC_BBG009XW2WB8_2021-03-10
2021-05-31 23:11:31 09      PFPT_BBG000RQ2GY7_2021-03-10
2021-05-31 23:11:31 10      PG_BBG000BR2TH3_2021-03-10
2021-05-31 23:11:31 16      PGNY_BBG002H1K1H1_2021-03-10
2021-05-31 23:11:31 17      PGR_BBG000BR37X2_2021-03-10
2021-05-31 23:11:31 20      PGTI_BBG000FX3Y66_2021-03-10
2021-05-31 23:11:31 21      PH_BBG000BR3KL6_2021-03-10
2021-05-31 23:11:31 21      PHM_BBG000BR54L0_2021-03-10
2021-05-31 23:11:31 23      PII_BBG000D5S4M0_2021-03-10
2021-05-31 23:11:31 24      PINC_BBG000G7QX50_2021-03-10
2021-05-31 23:11:31 25      PINS_BBG002583CV8_2021-03-10
2021-05-31 23:11:31 30      PIPR_BBG000FQXC75_2021-03-10
2021-05-31 23:11:31 31      PKG_BBG000BB8SW7_2021-03-10
2021-05-31 23:11:31 31      PKI_BBG000FXW512_2021-03-10
2021-05-31 23:11:31 33      PLAN_BBG002DZS299_2021-03-10
2021-05-31 23:11:31 35      PLAY_BBG001WWJTK5_2021-03-10
2021-05-31 23:11:31 37      PLCE_BBG000JK9DK4_2021-03-10
2021-05-31 23:11:31 38      PLD_BBG000B9Z0J8_2021-03-10
2021-05-31 23:11:31 40      PLNT_BBG009H04M17_2021-03-10
2021-05-31 23:11:31 41      PLTR_BBG000N7QR55_2021-03-10
2021-05-31 23:11:31 53      PLUS_BBG000HN7W02_2021-03-10
2021-05-31 23:11:31 53      PLXS_BBG000BRBX66_2021-03-10
2021-05-31 23:11:31 54      PM_BBG000J2XL74_2021-03-10
2021-05-31 23:11:31 56      PNC_BBG000BRD0D8_2021-03-10
2021-05-31 23:11:31 58      PNFP_BBG000C1XKF6_2021-03-10
2021-05-31 23:11:31 59      PNTG_BBG00P33SY72_2021-03-10
2021-05-31 23:11:31 59      PODD_BBG000R7XX87_2021-03-10
2021-05-31 23:11:31 60      POOL_BBG000BCVG28_2021-03-10
2021-05-31 23:11:31 61      POR_BBG000BCRMW7_2021-03-10
2021-05-31 23:11:31 62      POST_BBG001WTBC36_2021-03-10
2021-05-31 23:11:31 63      POWI_BBG000BTT3D1_2021-03-10
2021-05-31 23:11:31 64      PPC_BBG000BFLXV3_2021-03-10
2021-05-31 23:11:31 64      PPG_BBG000BRJ809_2021-03-10
2021-05-31 23:11:31 65      PPL_BBG000BRJL00_2021-03-10
2021-05-31 23:11:31 67      PRAA_BBG000BNTW77_2021-03-10
2021-05-31 23:11:31 67      PRAH_BBG007387YL8_2021-03-10
2021-05-31 23:11:31 68      PRFT_BBG000BVXFK6_2021-03-10
2021-05-31 23:11:31 69      PRG_BBG00VSH86G4_2021-03-10
2021-05-31 23:11:31 70      PRGS_BBG000C4QP94_2021-03-10
2021-05-31 23:11:31 70      PRI_BBG000T8ZF80_2021-03-10
2021-05-31 23:11:31 71      PRLB_BBG000BT13B3_2021-03-10
2021-05-31 23:11:31 71      PRSP_BBG00KMXKWF9_2021-03-10
2021-05-31 23:11:31 72      PRU_BBG000HCJMF9_2021-03-10
2021-05-31 23:11:31 75      PSA_BBG000BPPN67_2021-03-10
2021-05-31 23:11:31 76      PSN_BBG000C3TKY6_2021-03-10
2021-05-31 23:11:31 76      PSTG_BBG00212PVZ5_2021-03-10
2021-05-31 23:11:31 79      PSX_BBG00286S4N9_2021-03-10
2021-05-31 23:11:31 81      PTC_BBG000C2VBB0_2021-03-10
2021-05-31 23:11:31 83      PTCT_BBG000QT15P7_2021-03-10
2021-05-31 23:11:31 84      PTON_BBG00JG0FFZ2_2021-03-10
2021-05-31 23:11:31 89      PTR_BBG000BR85F1_2021-03-10
2021-05-31 23:11:31 89      PUMP_BBG00FYCQ352_2021-03-10
2021-05-31 23:11:31 90      PVH_BBG000BRRG02_2021-03-10
2021-05-31 23:11:31 91      PWR_BBG000BBL8V7_2021-03-10
2021-05-31 23:11:31 92      PXD_BBG000BXRPH1_2021-03-10
2021-05-31 23:11:31 94      PYPL_BBG0077VNXV6_2021-03-10
2021-05-31 23:11:31 98      PYPL: BuyPending. Strategy: MorningOpenStrategy. Price: 237.61. Lots: 1. ChangeOpenToCurrent: -2.82. ChangePrevCloseToCurrent: -2.49. Candle: ID:16, Time: 4:00, Close: 237.61.
2021-05-31 23:11:31 98      PYPL: OrderID: e6bc96b4. PlacedOrder. Status: New. RejectReason: 
2021-05-31 23:11:31 99      PYPL: Cancel order. Did not bought at market open. Candle: ID:37, Time: 4:05, Close: 240.88
2021-05-31 23:11:31 99      OrderID: e6bc96b4 successfully canceled
2021-05-31 23:11:32 03      PZZA_BBG000BFWF13_2021-03-10
2021-05-31 23:11:32 04      QADA_BBG001BP77C3_2021-03-10
2021-05-31 23:11:32 04      QCOM_BBG000CGC1X8_2021-03-10
2021-05-31 23:11:32 15      QDEL_BBG000C6GN04_2021-03-10
2021-05-31 23:11:32 18      QLYS_BBG000HT5G06_2021-03-10
2021-05-31 23:11:32 19      QNST_BBG000S9XXB8_2021-03-10
2021-05-31 23:11:32 20      QRTEA_BBG000PCQQL6_2021-03-10
2021-05-31 23:11:32 22      QRVO_BBG007TJF1N7_2021-03-10
2021-05-31 23:11:32 24      QTS_BBG0054B20Z8_2021-03-10
2021-05-31 23:11:32 25      QTWO_BBG005ZVK9P2_2021-03-10
2021-05-31 23:11:32 25      QUOT_BBG001QYNR63_2021-03-10
2021-05-31 23:11:32 26      R_BBG000BRVP70_2021-03-10
2021-05-31 23:11:32 27      RACE_BBG009PH3Q86_2021-03-10
2021-05-31 23:11:32 27      RAMP_BBG000BB4HM6_2021-03-10
2021-05-31 23:11:32 28      RARE_BBG001RWPDW6_2021-03-10
2021-05-31 23:11:32 29      RAVN_BBG000CXQTZ3_2021-03-10
2021-05-31 23:11:32 29      RBC_BBG000BRXTR8_2021-03-10
2021-05-31 23:11:32 30      RCL_BBG000BB5792_2021-03-10
2021-05-31 23:11:32 32      RDFN_BBG001Q7HP63_2021-03-10
2021-05-31 23:11:32 35      RDS.A_BBG000QXSSS6_2021-03-10
2021-05-31 23:11:32 37      RDY_BBG000NJ96L6_2021-03-10
2021-05-31 23:11:32 37      RE_BBG000C1XVK6_2021-03-10
2021-05-31 23:11:32 38      REG_BBG000BL46Q4_2021-03-10
2021-05-31 23:11:32 39      REGI_BBG0016SSV00_2021-03-10
2021-05-31 23:11:32 41      REGN_BBG000C734W3_2021-03-10
2021-05-31 23:11:32 43      RETA_BBG000R33BD1_2021-03-10
2021-05-31 23:11:32 44      REX_BBG000D2ZK61_2021-03-10
2021-05-31 23:11:32 44      REZI_BBG00HY28K89_2021-03-10
2021-05-31 23:11:32 44      REZI: SPYKE!. Candle: ID:40, Time: 13:45, Close: 29.01
2021-05-31 23:11:32 45      RF_BBG000Q3JN03_2021-03-10
2021-05-31 23:11:32 46      RGA_BBG000BDLCQ0_2021-03-10
2021-05-31 23:11:32 47      RGEN_BBG000BS48J3_2021-03-10
2021-05-31 23:11:32 48      RGLD_BBG000BS5170_2021-03-10
2021-05-31 23:11:32 49      RGNX_BBG007Z9V591_2021-03-10
2021-05-31 23:11:32 50      RGR_BBG000C4FQG6_2021-03-10
2021-05-31 23:11:32 50      RH_BBG002293PJ4_2021-03-10
2021-05-31 23:11:32 51      RHI_BBG000BS5DR2_2021-03-10
2021-05-31 23:11:32 51      RIG_BBG000BH5LT6_2021-03-10
2021-05-31 23:11:32 58      RJF_BBG000BS73J1_2021-03-10
2021-05-31 23:11:32 58      RL_BBG000BS0ZF1_2021-03-10
2021-05-31 23:11:32 60      RMD_BBG000L4M7F1_2021-03-10
2021-05-31 23:11:32 60      RNG_BBG000J094P3_2021-03-10
2021-05-31 23:11:32 62      ROCK_BBG000BKQDQ7_2021-03-10
2021-05-31 23:11:32 63      ROG_BBG000BS9HN3_2021-03-10
2021-05-31 23:11:32 63      ROK_BBG000BBCDZ2_2021-03-10
2021-05-31 23:11:32 64      ROKU_BBG001ZZPQJ6_2021-03-10
2021-05-31 23:11:32 68      ROL_BBG000BSBBP1_2021-03-10
2021-05-31 23:11:32 68      ROLL_BBG000GMGNB3_2021-03-10
2021-05-31 23:11:32 69      ROP_BBG000F1ZSN5_2021-03-10
2021-05-31 23:11:32 70      ROST_BBG000BSBZH7_2021-03-10
2021-05-31 23:11:32 73      RP_BBG000CN5CJ3_2021-03-10
2021-05-31 23:11:32 73      RPD_BBG009DFHWG6_2021-03-10
2021-05-31 23:11:32 74      RPM_BBG000DCNK80_2021-03-10
2021-05-31 23:11:32 75      RRBI_BBG000QKNLB2_2021-03-10
2021-05-31 23:11:32 75      RRC_BBG000FVXD63_2021-03-10
2021-05-31 23:11:32 78      RRGB_BBG000MXH9C1_2021-03-10
2021-05-31 23:11:32 78      RS_BBG000CJ2181_2021-03-10
2021-05-31 23:11:32 79      RSG_BBG000BPXVJ6_2021-03-10
2021-05-31 23:11:32 80      RTX_BBG000BW8S60_2021-03-10
2021-05-31 23:11:32 83      RVLV_BBG00M4RHBD0_2021-03-10
2021-05-31 23:11:32 84      RXN_BBG000H8R0N8_2021-03-10
2021-05-31 23:11:32 84      RYN_BBG000BG7L34_2021-03-10
2021-05-31 23:11:32 85      RYTM_BBG007DLZ601_2021-03-10
2021-05-31 23:11:32 86      SAFM_BBG000BSHJ96_2021-03-10
2021-05-31 23:11:32 86      SAGE_BBG0025X16Y5_2021-03-10
2021-05-31 23:11:32 87      SAIA_BBG000P5LMQ0_2021-03-10
2021-05-31 23:11:32 88      SAIC_BBG003BW05K6_2021-03-10
2021-05-31 23:11:32 88      SAIL_BBG00J0BBZL0_2021-03-10
2021-05-31 23:11:32 89      SAM_BBG000BCZBF1_2021-03-10
2021-05-31 23:11:32 90      SAVE_BBG000BF6RQ9_2021-03-10
2021-05-31 23:11:32 91      SAVE: BuyPending. Strategy: MorningOpenStrategy. Price: 36.9. Lots: 6. ChangeOpenToCurrent: -2.12. ChangePrevCloseToCurrent: -0.57. Candle: ID:9, Time: 4:00, Close: 36.9.
2021-05-31 23:11:32 91      SAVE: OrderID: 9ad326b5. PlacedOrder. Status: New. RejectReason: 
2021-05-31 23:11:32 91      SAVE: OrderID: 9ad326b5 fully executed
2021-05-31 23:11:32 91      SAVE: Morning closing by timeout. Close price: 37.11. Lots: 6. Profit: 0.21(0.57%). Candle: ID:46, Time: 5:30, Close: 37.11
2021-05-31 23:11:32 91      SAVE: OrderID: eb02d1fd. PlacedOrder. Status: New. RejectReason: 
2021-05-31 23:11:32 91      SAVE: OrderID: eb02d1fd partially executed. Executed lots: 2. OrderStatus: 2/6 lots
2021-05-31 23:11:32 91      SAVE: OrderID: eb02d1fd fully executed
2021-05-31 23:11:32 92      SBAC_BBG000D2M0Z7_2021-03-10
2021-05-31 23:11:32 94      SBCF_BBG000KK3464_2021-03-10
2021-05-31 23:11:32 95      SBGI_BBG000F2XXP2_2021-03-10
2021-05-31 23:11:32 96      SBH_BBG000LR8515_2021-03-10
2021-05-31 23:11:32 98      SBRA_BBG000MTDW24_2021-03-10
2021-05-31 23:11:32 99      SBUX_BBG000CTQBF3_2021-03-10
2021-05-31 23:11:33 03      SCCO_BBG000BSHH72_2021-03-10
2021-05-31 23:11:33 04      SCHW_BBG000BSLZY7_2021-03-10
2021-05-31 23:11:33 06      SCI_BBG000BTHH16_2021-03-10
2021-05-31 23:11:33 07      SCSC_BBG000BHTPZ4_2021-03-10
2021-05-31 23:11:33 07      SDGR_BBG000T88BN2_2021-03-10
2021-05-31 23:11:33 09      SEDG_BBG0084BBZY6_2021-03-10
2021-05-31 23:11:33 11      SEE_BBG000C22QV7_2021-03-10
2021-05-31 23:11:33 12      SEIC_BBG000BSQLT9_2021-03-10
2021-05-31 23:11:33 13      SF_BBG000BSS5C0_2021-03-10
2021-05-31 23:11:33 13      SFIX_BBG0046L1KL9_2021-03-10
2021-05-31 23:11:33 16      SFM_BBG001KFKQM7_2021-03-10
2021-05-31 23:11:33 18      SGEN_BBG000BH0FR6_2021-03-10
2021-05-31 23:11:33 19      SHAK_BBG0063GCHH8_2021-03-10
2021-05-31 23:11:33 20      SHEN_BBG000BTC2N0_2021-03-10
2021-05-31 23:11:33 21      SHI_BBG000BHR1H9_2021-03-10
2021-05-31 23:11:33 21      SHW_BBG000BSXQV7_2021-03-10
2021-05-31 23:11:33 22      SIG_BBG000C4ZZ10_2021-03-10
2021-05-31 23:11:33 23      SIGI_BBG000BSZ738_2021-03-10
2021-05-31 23:11:33 24      SITE_BBG009T22D49_2021-03-10
2021-05-31 23:11:33 25      SIVB_BBG000BT0CM2_2021-03-10
2021-05-31 23:11:33 26      SJI_BBG000BT0T72_2021-03-10
2021-05-31 23:11:33 26      SJM_BBG000BT1715_2021-03-10
2021-05-31 23:11:33 27      SKM_BBG000BLN497_2021-03-10
2021-05-31 23:11:33 28      SKX_BBG000C4HKK2_2021-03-10
2021-05-31 23:11:33 29      SLAB_BBG000BB99S3_2021-03-10
2021-05-31 23:11:33 30      SLB_BBG000BT41Q8_2021-03-10
2021-05-31 23:11:33 34      SLG_BBG000BVP5P2_2021-03-10
2021-05-31 23:11:33 35      SMAR_BBG00GQK3WB5_2021-03-10
2021-05-31 23:11:33 36      SMG_BBG000BT5PG5_2021-03-10
2021-05-31 23:11:33 37      SMPL_BBG00GVP5JL4_2021-03-10
2021-05-31 23:11:33 38      SMTC_BBG000DBKR53_2021-03-10
2021-05-31 23:11:33 39      SNA_BBG000BT7JW9_2021-03-10
2021-05-31 23:11:33 40      SNAP_BBG00441QMJ7_2021-03-10
2021-05-31 23:11:33 45      SNBR_BBG000DM2BF3_2021-03-10
2021-05-31 23:11:33 47      SNPS_BBG000BSFRF3_2021-03-10
2021-05-31 23:11:33 48      SNX_BBG000CL9JV4_2021-03-10
2021-05-31 23:11:33 49      SNY_BBG000BBD5N1_2021-03-10
2021-05-31 23:11:33 51      SO_BBG000BT9DW0_2021-03-10
2021-05-31 23:11:33 54      SOHU_BBG00L2DB535_2021-03-10
2021-05-31 23:11:33 55      SON_BBG000D7HF89_2021-03-10
2021-05-31 23:11:33 56      SONO_BBG001JZPSQ2_2021-03-10
2021-05-31 23:11:33 59      SP_BBG000BJ91B1_2021-03-10
2021-05-31 23:11:33 60      SPB@US_BBG000DS5588_2021-03-10
2021-05-31 23:11:33 60      SPCE_BBG00HTN2CQ3_2021-03-10
2021-05-31 23:11:33 72      SPCE: BuyPending. Strategy: MorningOpenStrategy. Price: 30.17. Lots: 8. ChangeOpenToCurrent: -4.22. ChangePrevCloseToCurrent: -0.95. Candle: ID:9, Time: 4:00, Close: 30.17.
2021-05-31 23:11:33 72      SPCE: OrderID: 6c94ff01. PlacedOrder. Status: New. RejectReason: 
2021-05-31 23:11:33 72      SPCE: OrderID: 6c94ff01 fully executed
2021-05-31 23:11:33 72      SPCE: Buy more. Price: 29.2. Lots: 8. changeFromLastBuy: -3.22. Candle: ID:14, Time: 4:00, Close: 29.2.
2021-05-31 23:11:33 72      SPCE: OrderID: ee024cd9. PlacedOrder. Status: New. RejectReason: 
2021-05-31 23:11:33 72      SPCE: OrderID: ee024cd9 fully executed
2021-05-31 23:11:33 72      SPCE: SPYKE!. Candle: ID:20, Time: 4:00, Close: 28.81
2021-05-31 23:11:33 72      SPCE: SPYKE!. Candle: ID:63, Time: 4:00, Close: 28.93
2021-05-31 23:11:33 72      SPCE: Morning closing. Close price: 30.19. Lots: 16. CandleChange: -0.03%. ChangeFromCandleHigh: -0.10%. Profit: 0.51(1.72%). Candle: ID:314, Time: 4:05, Close: 30.19
2021-05-31 23:11:33 72      SPCE: OrderID: 5b56be11. PlacedOrder. Status: New. RejectReason: 
2021-05-31 23:11:33 72      SPCE: OrderID: 5b56be11 fully executed
2021-05-31 23:11:33 73      SPCE: SPYKE!. Candle: ID:5499, Time: 7:45, Close: 32.4
2021-05-31 23:11:33 81      SPG_BBG000BJ2D31_2021-03-10
2021-05-31 23:11:33 83      SPGI_BBG000BP1Q11_2021-03-10
2021-05-31 23:11:33 85      SPLK_BBG001C7TST4_2021-03-10
2021-05-31 23:11:33 88      SPOT_BBG003T4VFC2_2021-03-10
2021-05-31 23:11:33 89      SPR_BBG000PRJ2Z9_2021-03-10
2021-05-31 23:11:33 91      SPSC_BBG000PZGB75_2021-03-10
2021-05-31 23:11:33 92      SQ_BBG0018SLC07_2021-03-10
2021-05-31 23:11:33 98      SRC_BBG0027Z6X10_2021-03-10
2021-05-31 23:11:33 99      SRCL_BBG000H3FZM6_2021-03-10
2021-05-31 23:11:33 99      SRDX_BBG000BZ2QG2_2021-03-10
2021-05-31 23:11:34 00      SRE_BBG000C2ZCH8_2021-03-10
2021-05-31 23:11:34 01      SRI_BBG000BB9Q78_2021-03-10
2021-05-31 23:11:34 02      SRPT_BBG000BCJ161_2021-03-10
2021-05-31 23:11:34 03      SSD_BBG000JLC8L8_2021-03-10
2021-05-31 23:11:34 04      SSNC_BBG000RJ2J04_2021-03-10
2021-05-31 23:11:34 05      SSTK_BBG002ZCK2V9_2021-03-10
2021-05-31 23:11:34 06      STAA_BBG000C4QB95_2021-03-10
2021-05-31 23:11:34 06      STAG_BBG000BGLFP7_2021-03-10
2021-05-31 23:11:34 08      STLD_BBG000HGYNZ9_2021-03-10
2021-05-31 23:11:34 10      STMP_BBG000CZ4KF3_2021-03-10
2021-05-31 23:11:34 11      STRA_BBG000GRZDV1_2021-03-10
2021-05-31 23:11:34 12      STT_BBG000BKFBD7_2021-03-10
2021-05-31 23:11:34 14      STX_BBG000F0KF42_2021-03-10
2021-05-31 23:11:34 14      Warning: figi `BBG000F0KF42` for history data does not match actual figi `BBG0113JGQF0`. Ticker: STX. Will be used actual!
2021-05-31 23:11:34 16      STZ_BBG000J1QLT0_2021-03-10
2021-05-31 23:11:34 17      SUPN_BBG000BP0HX7_2021-03-10
2021-05-31 23:11:34 18      SWAV_BBG005XVXML5_2021-03-10
2021-05-31 23:11:34 19      SWBI_BBG000BM0QL7_2021-03-10
2021-05-31 23:11:34 20      SWCH_BBG00HPDM5Z2_2021-03-10
2021-05-31 23:11:34 23      SWI_BBG00M1CKSK7_2021-03-10
2021-05-31 23:11:34 24      SWK_BBG000BTQR96_2021-03-10
2021-05-31 23:11:34 25      SWKS_BBG000KLB4Q1_2021-03-10
2021-05-31 23:11:34 28      SWN_BBG000BTR593_2021-03-10
2021-05-31 23:11:34 32      SWX_BBG00FWP4JW4_2021-03-10
2021-05-31 23:11:34 33      SXI_BBG000BTT5B8_2021-03-10
2021-05-31 23:11:34 33      SXT_BBG000J79P80_2021-03-10
2021-05-31 23:11:34 34      SYF_BBG00658F3P3_2021-03-10
2021-05-31 23:11:34 36      SYK_BBG000DN7P92_2021-03-10
2021-05-31 23:11:34 37      SYKE_BBG000BBHPV4_2021-03-10
2021-05-31 23:11:34 38      SYNA_BBG000BQV1S2_2021-03-10
2021-05-31 23:11:34 39      SYNH_BBG0078Y1D92_2021-03-10
2021-05-31 23:11:34 40      SYY_BBG000BTVJ25_2021-03-10
2021-05-31 23:11:34 41      T_BBG000BSJK37_2021-03-10
2021-05-31 23:11:34 45      TAK_BBG000LF8708_2021-03-10
2021-05-31 23:11:34 46      TAL_BBG0016XJ8S0_2021-03-10
2021-05-31 23:11:34 49      TAP_BBG000BS7KS3_2021-03-10
2021-05-31 23:11:34 50      TCBI_BBG000DN4ZT1_2021-03-10
2021-05-31 23:11:34 51      TCMD_BBG001B12Z39_2021-03-10
2021-05-31 23:11:34 51      TCRR_BBG00FH3FM15_2021-03-10
2021-05-31 23:11:34 52      TCS_BBG005DXJS36_2021-03-10
2021-05-31 23:11:34 53      TCX_BBG000L69KL5_2021-03-10
2021-05-31 23:11:34 53      TDC_BBG000R0L5J4_2021-03-10
2021-05-31 23:11:34 55      TDG_BBG000L8CBX4_2021-03-10
2021-05-31 23:11:34 55      TDOC_BBG0019T5SG0_2021-03-10
2021-05-31 23:11:34 59      TDS_BBG000BV0VK7_2021-03-10
2021-05-31 23:11:34 60      TDY_BBG000BMT9T6_2021-03-10
2021-05-31 23:11:34 61      TECH_BBG000C15114_2021-03-10
2021-05-31 23:11:34 62      TEL_BBG000RGM5P1_2021-03-10
2021-05-31 23:11:34 63      TENB_BBG00LBLCD02_2021-03-10
2021-05-31 23:11:34 64      TER_BBG000BV4DR6_2021-03-10
2021-05-31 23:11:34 68      TFC_BBG000BYYLS8_2021-03-10
2021-05-31 23:11:34 72      TFX_BBG000BV59Y6_2021-03-10
2021-05-31 23:11:34 74      TGNA_BBG000BK5DP1_2021-03-10
2021-05-31 23:11:34 75      TGT_BBG000H8TVT2_2021-03-10
2021-05-31 23:11:34 77      THG_BBG000FJH8W0_2021-03-10
2021-05-31 23:11:34 78      THO_BBG000BV6R84_2021-03-10
2021-05-31 23:11:34 78      THO: SPYKE!. Candle: ID:19, Time: 14:05, Close: 125.78
2021-05-31 23:11:34 78      THO: SPYKE!. Candle: ID:25, Time: 14:30, Close: 132.85
2021-05-31 23:11:34 78      THO: SPYKE!. Candle: ID:26, Time: 14:30, Close: 133.8
2021-05-31 23:11:34 78      THRM_BBG000BQLM34_2021-03-10
2021-05-31 23:11:34 79      THS_BBG000GQGJT4_2021-03-10
2021-05-31 23:11:34 80      TJX_BBG000BV8DN6_2021-03-10
2021-05-31 23:11:34 83      TKR_BBG000BV95H9_2021-03-10
2021-05-31 23:11:34 84      TMHC_BBG003PGJHP5_2021-03-10
2021-05-31 23:11:34 85      TMO_BBG000BVDLH9_2021-03-10
2021-05-31 23:11:34 86      TMUS_BBG000NDV1D4_2021-03-10
2021-05-31 23:11:34 89      TMX_BBG002WMH2F2_2021-03-10
2021-05-31 23:11:34 90      TNC_BBG000JCZJS2_2021-03-10
2021-05-31 23:11:34 90      TNDM_BBG0019V9M65_2021-03-10
2021-05-31 23:11:34 91      TNET_BBG000BR2040_2021-03-10
2021-05-31 23:11:34 91      TOL_BBG000BVHBM1_2021-03-10
2021-05-31 23:11:34 93      TOT_BBG000CHZ857_2021-03-10
2021-05-31 23:11:34 94      TPH_BBG0016YQTR5_2021-03-10
2021-05-31 23:11:34 95      TPIC_BBG0016MQ7C5_2021-03-10
2021-05-31 23:11:34 96      TPIC: SPYKE!. Candle: ID:584, Time: 14:25, Close: 56.99
2021-05-31 23:11:34 97      TPR_BBG000BY29C7_2021-03-10
2021-05-31 23:11:34 99      TPTX_BBG00NPL9WH7_2021-03-10
2021-05-31 23:11:34 99      TPX_BBG000PXGT62_2021-03-10
2021-05-31 23:11:35 01      TREE_BBG000TVRB50_2021-03-10
2021-05-31 23:11:35 01      TREX_BBG000BTGKK9_2021-03-10
2021-05-31 23:11:35 02      TRHC_BBG00BT7PPY8_2021-03-10
2021-05-31 23:11:35 03      TRIP_BBG001M8HHB7_2021-03-10
2021-05-31 23:11:35 05      TRMB_BBG000BNPS52_2021-03-10
2021-05-31 23:11:35 07      TROW_BBG000BVMPN3_2021-03-10
2021-05-31 23:11:35 09      TRU_BBG002Q7J5Z1_2021-03-10
2021-05-31 23:11:35 10      TRUP_BBG002BC7WC5_2021-03-10
2021-05-31 23:11:35 11      TRV_BBG000BJ81C1_2021-03-10
2021-05-31 23:11:35 12      TSCO_BBG000BLXZN1_2021-03-10
2021-05-31 23:11:35 14      TSLA_BBG000N9MNX3_2021-03-10
2021-05-31 23:11:35 46      TSLA: BuyPending. Strategy: MorningOpenStrategy. Price: 672. Lots: 1. ChangeOpenToCurrent: -2.05. ChangePrevCloseToCurrent: -1.69. Candle: ID:24, Time: 4:00, Close: 672.
2021-05-31 23:11:35 46      TSLA: OrderID: 04cc093d. PlacedOrder. Status: New. RejectReason: 
2021-05-31 23:11:35 46      TSLA: OrderID: 04cc093d fully executed
2021-05-31 23:11:35 46      TSLA: Morning closing. Close price: 684.01. Lots: 1. CandleChange: -0.12%. ChangeFromCandleHigh: -0.12%. Profit: 12.01(1.79%). Candle: ID:559, Time: 4:15, Close: 684.01
2021-05-31 23:11:35 46      TSLA: OrderID: 50240d99. PlacedOrder. Status: New. RejectReason: 
2021-05-31 23:11:35 46      TSLA: OrderID: 50240d99 fully executed
2021-05-31 23:11:35 47      TSLA: SPYKE!. Candle: ID:2834, Time: 7:45, Close: 698.5
2021-05-31 23:11:35 70      TSM_BBG000BD8ZK0_2021-03-10
2021-05-31 23:11:35 78      TSN_BBG000DKCC19_2021-03-10
2021-05-31 23:11:35 79      TT_BBG000BM6788_2021-03-10
2021-05-31 23:11:35 80      TTC_BBG000BVQRY3_2021-03-10
2021-05-31 23:11:35 81      TTD_BBG00629NGT2_2021-03-10
2021-05-31 23:11:35 82      TTEK_BBG000BYZ0Q5_2021-03-10
2021-05-31 23:11:35 86      TTM_BBG000PVGDH9_2021-03-10
2021-05-31 23:11:35 87      TTMI_BBG000BYQ0B1_2021-03-10
2021-05-31 23:11:35 88      TTWO_BBG000BS1YV5_2021-03-10
2021-05-31 23:11:35 91      TW_BBG00NK8H8T2_2021-03-10
2021-05-31 23:11:35 91      TWLO_BBG0029ZX840_2021-03-10
2021-05-31 23:11:35 94      TWNK_BBG00B6KGNN1_2021-03-10
2021-05-31 23:11:35 95      TWOU_BBG001KS9450_2021-03-10
2021-05-31 23:11:35 96      TWTR_BBG000H6HNW3_2021-03-10
2021-05-31 23:11:36 04      TXG_BBG007WX14X0_2021-03-10
2021-05-31 23:11:36 06      TXN_BBG000BVV7G1_2021-03-10
2021-05-31 23:11:36 09      TXRH_BBG000PSJMV7_2021-03-10
2021-05-31 23:11:36 11      TXT_BBG000BVVQQ8_2021-03-10
2021-05-31 23:11:36 12      TYL_BBG000BVWZF9_2021-03-10
2021-05-31 23:11:36 12      UA_BBG009DTD8H2_2021-03-10
2021-05-31 23:11:36 13      UAA_BBG000BXM6V2_2021-03-10
2021-05-31 23:11:36 15      UAL_BBG000M65M61_2021-03-10
2021-05-31 23:11:36 19      UBER_BBG002B04MT8_2021-03-10
2021-05-31 23:11:36 26      UCTT_BBG000HSLV70_2021-03-10
2021-05-31 23:11:36 27      UDR_BBG000C41023_2021-03-10
2021-05-31 23:11:36 28      UFPI_BBG000BL0T06_2021-03-10
2021-05-31 23:11:36 29      UFS_BBG000BHFHP8_2021-03-10
2021-05-31 23:11:36 30      UGI_BBG000BVYN55_2021-03-10
2021-05-31 23:11:36 30      UHS_BBG000CB8Q50_2021-03-10
2021-05-31 23:11:36 31      UI_BBG001R72SR9_2021-03-10
2021-05-31 23:11:36 32      ULTA_BBG00FWQ4VD6_2021-03-10
2021-05-31 23:11:36 34      UMBF_BBG000DD8WX1_2021-03-10
2021-05-31 23:11:36 35      UNF_BBG000BW29L1_2021-03-10
2021-05-31 23:11:36 35      UNH_BBG000CH5208_2021-03-10
2021-05-31 23:11:36 37      UNM_BBG000BW2QX0_2021-03-10
2021-05-31 23:11:36 38      UNP_BBG000BW3299_2021-03-10
2021-05-31 23:11:36 40      UNVR_BBG000BDHD29_2021-03-10
2021-05-31 23:11:36 40      UPS_BBG000L9CV04_2021-03-10
2021-05-31 23:11:36 42      UPWK_BBG00FBJ6390_2021-03-10
2021-05-31 23:11:36 44      URBN_BBG000BL79J3_2021-03-10
2021-05-31 23:11:36 45      URI_BBG000BXMFC3_2021-03-10
2021-05-31 23:11:36 46      USB_BBG000FFDM15_2021-03-10
2021-05-31 23:11:36 49      USFD_BBG00C6H6D40_2021-03-10
2021-05-31 23:11:36 50      USM_BBG000BW6P59_2021-03-10
2021-05-31 23:11:36 51      USNA_BBG000BX28M0_2021-03-10
2021-05-31 23:11:36 51      USPH_BBG000CSRSG6_2021-03-10
2021-05-31 23:11:36 52      UTHR_BBG000BV4XJ1_2021-03-10
2021-05-31 23:11:36 52      UTL_BBG000BW7X97_2021-03-10
2021-05-31 23:11:36 53      V_BBG000PSKYX7_2021-03-10
2021-05-31 23:11:36 57      VAC_BBG001J2R5H3_2021-03-10
2021-05-31 23:11:36 58      VALE_BBG000BN5LG7_2021-03-10
2021-05-31 23:11:36 61      VC_BBG0016T3GQ0_2021-03-10
2021-05-31 23:11:36 62      VCEL_BBG000BDCM24_2021-03-10
2021-05-31 23:11:36 63      VCRA_BBG00179VSY7_2021-03-10
2021-05-31 23:11:36 64      VCYT_BBG001J2M542_2021-03-10
2021-05-31 23:11:36 66      VEEV_BBG001CGB489_2021-03-10
2021-05-31 23:11:36 66      VEON_BBG000QCW561_2021-03-10
2021-05-31 23:11:36 69      VFC_BBG000BWCKB6_2021-03-10
2021-05-31 23:11:36 71      VG_BBG000BRB5D9_2021-03-10
2021-05-31 23:11:36 72      VIAC_BBG000C496P7_2021-03-10
2021-05-31 23:11:36 77      VICR_BBG000C3VHF1_2021-03-10
2021-05-31 23:11:36 78      VIE_BBG00K6P5XM1_2021-03-10
2021-05-31 23:11:36 78      VIPS_BBG002NLDLV8_2021-03-10
2021-05-31 23:11:36 80      VIR_BBG00H2QQ8T5_2021-03-10
2021-05-31 23:11:36 82      VLO_BBG000BBGGQ1_2021-03-10
2021-05-31 23:11:36 84      VMC_BBG000BWGYF8_2021-03-10
2021-05-31 23:11:36 85      VMI_BBG000BWB7V4_2021-03-10
2021-05-31 23:11:36 85      VMW_BBG000BC9938_2021-03-10
2021-05-31 23:11:36 86      VNDA_BBG000HT5MG6_2021-03-10
2021-05-31 23:11:36 87      VNE_BBG00K4MPP27_2021-03-10
2021-05-31 23:11:36 88      VNO_BBG000BWHD54_2021-03-10
2021-05-31 23:11:36 89      VNT_BBG00RRGSJR4_2021-03-10
2021-05-31 23:11:36 90      VPG_BBG000PRQ0V9_2021-03-10
2021-05-31 23:11:36 91      VREX_BBG00CZNLR47_2021-03-10
2021-05-31 23:11:36 91      VRNS_BBG001Y04TN6_2021-03-10
2021-05-31 23:11:36 91      VRNT_BBG000BCBYT2_2021-03-10
2021-05-31 23:11:36 93      VRSK_BBG000BCZL41_2021-03-10
2021-05-31 23:11:36 94      VRSN_BBG000BGKHZ3_2021-03-10
2021-05-31 23:11:36 95      VRTS_BBG000DMFQS2_2021-03-10
2021-05-31 23:11:36 96      VRTV_BBG005XZHR97_2021-03-10
2021-05-31 23:11:36 96      VRTX_BBG000C1S2X2_2021-03-10
2021-05-31 23:11:36 99      VTR_BBG000FRVHB9_2021-03-10
2021-05-31 23:11:37 00      VTRS_BBG00Y4RQNH4_2021-03-10
2021-05-31 23:11:37 02      VZ_BBG000HS77T5_2021-03-10
2021-05-31 23:11:37 06      W_BBG001B17MV2_2021-03-10
2021-05-31 23:11:37 09      WAB_BBG000BDD940_2021-03-10
2021-05-31 23:11:37 10      WAL_BBG000Q1KFH4_2021-03-10
2021-05-31 23:11:37 11      WAT_BBG000FQRVM3_2021-03-10
2021-05-31 23:11:37 12      WB_BBG0065XPGX9_2021-03-10
2021-05-31 23:11:37 13      WBA_BBG000BWLMJ4_2021-03-10
2021-05-31 23:11:37 16      WCC_BBG000D0FNV3_2021-03-10
2021-05-31 23:11:37 16      WDAY_BBG000VC0T95_2021-03-10
2021-05-31 23:11:37 19      WDC_BBG000BWNFZ9_2021-03-10
2021-05-31 23:11:37 22      WDFC_BBG000BWNV93_2021-03-10
2021-05-31 23:11:37 23      WEC_BBG000BWP7D9_2021-03-10
2021-05-31 23:11:37 24      WELL_BBG000BKY1G5_2021-03-10
2021-05-31 23:11:37 25      WERN_BBG000BWPP85_2021-03-10
2021-05-31 23:11:37 26      WEX_BBG000BVZP59_2021-03-10
2021-05-31 23:11:37 27      WFC_BBG000BWQFY7_2021-03-10
2021-05-31 23:11:37 32      WGO_BBG000BWS3F3_2021-03-10
2021-05-31 23:11:37 32      WH_BBG00HCY3Q67_2021-03-10
2021-05-31 23:11:37 33      WHD_BBG00JRH1P95_2021-03-10
2021-05-31 23:11:37 35      WHR_BBG000BWSV34_2021-03-10
2021-05-31 23:11:37 36      WING_BBG008N298Y8_2021-03-10
2021-05-31 23:11:37 37      WK_BBG007BVZ8H9_2021-03-10
2021-05-31 23:11:37 37      WLK_BBG000PXZFW2_2021-03-10
2021-05-31 23:11:37 38      WLTW_BBG000DB3KT1_2021-03-10
2021-05-31 23:11:37 39      WM_BBG000BWVSR1_2021-03-10
2021-05-31 23:11:37 40      WMB_BBG000BWVCP8_2021-03-10
2021-05-31 23:11:37 42      WMT_BBG000BWXBC2_2021-03-10
2021-05-31 23:11:37 47      WOR_BBG000HL7499_2021-03-10
2021-05-31 23:11:37 47      WORK_BBG007G7V505_2021-03-10
2021-05-31 23:11:37 49      WRB_BBG000BD1HP2_2021-03-10
2021-05-31 23:11:37 50      WRK_BBG008NXC572_2021-03-10
2021-05-31 23:11:37 51      WRLD_BBG000C3G9J2_2021-03-10
2021-05-31 23:11:37 51      WSC_BBG00B0FS947_2021-03-10
2021-05-31 23:11:37 52      WSM_BBG000FSMWC3_2021-03-10
2021-05-31 23:11:37 53      WSO_BBG000DJN7L9_2021-03-10
2021-05-31 23:11:37 54      WST_BBG000BX24N8_2021-03-10
2021-05-31 23:11:37 55      WTFC_BBG000HD3DW5_2021-03-10
2021-05-31 23:11:37 56      WTS_BBG000C4Z6C2_2021-03-10
2021-05-31 23:11:37 56      WTTR_BBG00G4Y2DC1_2021-03-10
2021-05-31 23:11:37 57      WU_BBG000BB5373_2021-03-10
2021-05-31 23:11:37 58      WWD_BBG000BD53V2_2021-03-10
2021-05-31 23:11:37 59      WWE_BBG000F5YH15_2021-03-10
2021-05-31 23:11:37 60      WWW_BBG000BX2YN2_2021-03-10
2021-05-31 23:11:37 60      WY_BBG000BX3BL3_2021-03-10
2021-05-31 23:11:37 62      WYNN_BBG000LD9JQ8_2021-03-10
2021-05-31 23:11:37 64      XEC_BBG000D6L294_2021-03-10
2021-05-31 23:11:37 65      XEL_BBG000BCTQ65_2021-03-10
2021-05-31 23:11:37 68      XLNX_BBG000C0F570_2021-03-10
2021-05-31 23:11:37 70      XLRN_BBG000R5HWZ1_2021-03-10
2021-05-31 23:11:37 71      XNCR_BBG0026ZG4W0_2021-03-10
2021-05-31 23:11:37 72      XOM_BBG000GZQ728_2021-03-10
2021-05-31 23:11:37 78      XPO_BBG000L5CJF3_2021-03-10
2021-05-31 23:11:37 79      XRAY_BBG000BX57K1_2021-03-10
2021-05-31 23:11:37 81      XRX_BBG00NNG2ZJ8_2021-03-10
2021-05-31 23:11:37 81      XYL_BBG001D8R5D0_2021-03-10
2021-05-31 23:11:37 82      Y_BBG000BX6BJ3_2021-03-10
2021-05-31 23:11:37 83      YELP_BBG000Q2HM09_2021-03-10
2021-05-31 23:11:37 83      YETI_BBG00D8JC882_2021-03-10
2021-05-31 23:11:37 84      YEXT_BBG001MKZGY7_2021-03-10
2021-05-31 23:11:37 85      YUM_BBG000BH3GZ2_2021-03-10
2021-05-31 23:11:37 87      YUMC_BBG00B8N0HG1_2021-03-10
2021-05-31 23:11:37 87      YY_BBG003H0XV18_2021-03-10
2021-05-31 23:11:37 89      Z_BBG009NRSWJ4_2021-03-10
2021-05-31 23:11:37 93      ZBH_BBG000BKPL53_2021-03-10
2021-05-31 23:11:37 94      ZBRA_BBG000CC7LQ7_2021-03-10
2021-05-31 23:11:37 95      ZEN_BBG001HRFJG4_2021-03-10
2021-05-31 23:11:37 96      ZG_BBG000D13GN8_2021-03-10
2021-05-31 23:11:37 97      ZGNX_BBG000VDC3G9_2021-03-10
2021-05-31 23:11:37 99      ZI_BBG00S1HJ3M8_2021-03-10
2021-05-31 23:11:38 00      ZION_BBG000BX9WL1_2021-03-10
2021-05-31 23:11:38 01      ZM_BBG0042V6JM8_2021-03-10
2021-05-31 23:11:38 06      ZNH_BBG000BXQ7R1_2021-03-10
2021-05-31 23:11:38 07      ZS_BBG003338H34_2021-03-10
2021-05-31 23:11:38 09      ZTS_BBG0039320N9_2021-03-10
2021-05-31 23:11:38 10      ZUMZ_BBG000PYX812_2021-03-10
2021-05-31 23:11:38 11      ZUO_BBG000BT3HG5_2021-03-10
2021-05-31 23:11:38 12      ZYNE_BBG007BBS8B7_2021-03-10
2021-05-31 23:11:38 16      ZYXI_BBG000BJBXZ2_2021-03-10
2021-05-31 23:11:38 19      Total candles read: 5901183
2021-05-31 23:11:38 19      Start DisposeAsync...
2021-05-31 23:11:38 19      Trade statistic. Total/Pos/Neg: 5/4/0; Profit: 24.73; Volume: 0; MaxVolume: 1146.88; Commission: 1.629045;
2021-05-31 23:11:38 19      BaseBot::DisposeAsync...
2021-05-31 23:11:38 19      BaseBot::DisposeAsync done!
2021-05-31 23:11:38 19      End DisposeAsync...
