2021-06-11 21:56:39 39      mode=TestTradeBot;DumpQuotes=false;SubscribeQuotes=false;Strategies=MorningOpenStrategy;Token=token.txt;ConfigPath=usd.json;OutputFolder=.\new\;CandlesPath=C:\tinkoff\TestData\RawQuotes\5m\uncompressed\quotes_2021-03-18;
2021-06-11 21:56:39 40      Trade bot created
2021-06-11 21:56:39 42      Fake connection created
2021-06-11 21:56:42 98       Error! Unknown ticker: EV
2021-06-11 21:56:42 98       Error! Unknown ticker: IMMU
2021-06-11 21:56:42 99       Error! Unknown ticker: LM
2021-06-11 21:56:42 99       Error! Unknown ticker: LOGM
2021-06-11 21:56:42 99       Error! Unknown ticker: LVGO
2021-06-11 21:56:42 99       Error! Unknown ticker: MTSC
2021-06-11 21:56:42 99       Error! Unknown ticker: MYL
2021-06-11 21:56:42 99       Error! Unknown ticker: MYOK
2021-06-11 21:56:42 99       Error! Unknown ticker: NBL
2021-06-11 21:56:42 99       Error! Unknown ticker: PRSC
2021-06-11 21:56:42 99       Error! Unknown ticker: PS
2021-06-11 21:56:42 99       Error! Unknown ticker: RP
2021-06-11 21:56:42 99       Error! Unknown ticker: SINA
2021-06-11 21:56:42 99       Error! Unknown ticker: TECD
2021-06-11 21:56:43 00       Error! Unknown ticker: TIF
2021-06-11 21:56:43 00       Error! Unknown ticker: VAR
2021-06-11 21:56:43 00       Error! Unknown ticker: VRTU
2021-06-11 21:56:43 00       Error! Unknown ticker: WYND
2021-06-11 21:56:43 01      List of disabled tickers: 
2021-06-11 21:56:43 02      A_BBG000C2V3D6_2021-03-18
2021-06-11 21:56:43 09      AA_BBG00B3T3HD3_2021-03-18
2021-06-11 21:56:43 14      AAL_BBG005P7Q881_2021-03-18
2021-06-11 21:56:43 19      AAL: BuyPending. Strategy: MorningOpenStrategy. Price: 24.61. Lots: 10. ChangeOpenToCurrent: -2.53. ChangePrevCloseToCurrent: -2.42. Candle: ID:17, Time: 4:00, Close: 24.61.
2021-06-11 21:56:43 19      AAL: OrderID: 3c0138de. PlacedOrder. Status: New. RejectReason: 
2021-06-11 21:56:43 19      AAL: OrderID: 3c0138de fully executed
2021-06-11 21:56:43 20      AAL: SPYKE!. Candle: ID:18, Time: 4:00, Close: 24.08
2021-06-11 21:56:43 20      AAL: Buy more. Price: 24.08. Lots: 10. changeFromLastBuy: -2.15. Candle: ID:18, Time: 4:00, Close: 24.08.
2021-06-11 21:56:43 20      AAL: OrderID: d38cc89c. PlacedOrder. Status: New. RejectReason: 
2021-06-11 21:56:43 20      AAL: Morning closing. Close price: 25.1. Lots: 10. CandleChange: -0.04%. ChangeFromCandleHigh: -0.32%. Profit: 0.49(1.99%). Candle: ID:84, Time: 4:05, Close: 25.1
2021-06-11 21:56:43 20      AAL: OrderID: cb626a1b. PlacedOrder. Status: New. RejectReason: 
2021-06-11 21:56:43 20      AAL: OrderID: d38cc89c automatically canceling...
2021-06-11 21:56:43 20      AAL: OrderID: cb626a1b partially executed. Executed lots: 1. OrderStatus: 1/10 lots
2021-06-11 21:56:43 20      OrderID: d38cc89c successfully canceled
2021-06-11 21:56:43 20      AAL: OrderID: cb626a1b partially executed. Executed lots: 8. OrderStatus: 9/10 lots
2021-06-11 21:56:43 20      AAL: OrderID: cb626a1b fully executed
2021-06-11 21:56:43 29      AAN_BBG00WCNDCZ6_2021-03-18
2021-06-11 21:56:43 30      AAON_BBG000C2LZP3_2021-03-18
2021-06-11 21:56:43 31      AAP_BBG000F7RCJ1_2021-03-18
2021-06-11 21:56:43 33      AAPL_BBG000B9XRY4_2021-03-18
2021-06-11 21:56:43 79      ABBV_BBG0025Y4RY4_2021-03-18
2021-06-11 21:56:43 84      ABC_BBG000MDCQC2_2021-03-18
2021-06-11 21:56:43 86      ABG_BBG000BKDWB5_2021-03-18
2021-06-11 21:56:43 87      ABMD_BBG000C101X4_2021-03-18
2021-06-11 21:56:43 88      ABNB_BBG001Y2XS07_2021-03-18
2021-06-11 21:56:43 96      ABT_BBG000B9ZXB4_2021-03-18
2021-06-11 21:56:44 00      ACAD_BBG000BHG9K0_2021-03-18
2021-06-11 21:56:44 04      ACH_BBG000CMRVH1_2021-03-18
2021-06-11 21:56:44 04      ACH: BuyPending. Strategy: MorningOpenStrategy. Price: 12.82. Lots: 19. ChangeOpenToCurrent: -0.62. ChangePrevCloseToCurrent: -2.14. Candle: ID:9, Time: 7:00, Close: 12.82.
2021-06-11 21:56:44 04      ACH: OrderID: eaa0239c. PlacedOrder. Status: New. RejectReason: 
2021-06-11 21:56:44 04      ACH: Cancel order. Did not bought at market open. Candle: ID:31, Time: 7:05, Close: 12.91
2021-06-11 21:56:44 04      OrderID: eaa0239c successfully canceled
2021-06-11 21:56:44 05      ACM_BBG000F61RJ8_2021-03-18
2021-06-11 21:56:44 07      ACMR_BBG00HPSG933_2021-03-18
2021-06-11 21:56:44 08      ACN_BBG000D9D830_2021-03-18
2021-06-11 21:56:44 10      ADBE_BBG000BB5006_2021-03-18
2021-06-11 21:56:44 17      ADM_BBG000BB6WG8_2021-03-18
2021-06-11 21:56:44 19      ADP_BBG000JG0547_2021-03-18
2021-06-11 21:56:44 21      ADPT_BBG001J2PFF5_2021-03-18
2021-06-11 21:56:44 23      ADS_BBG000BFNR17_2021-03-18
2021-06-11 21:56:44 24      ADSK_BBG000BM7HL0_2021-03-18
2021-06-11 21:56:44 27      ADUS_BBG000NJGX84_2021-03-18
2021-06-11 21:56:44 28      AEE_BBG000B9X8C0_2021-03-18
2021-06-11 21:56:44 30      AEIS_BBG000FKMP26_2021-03-18
2021-06-11 21:56:44 31      AEO_BBG000BGXZB5_2021-03-18
2021-06-11 21:56:44 33      AERI_BBG001KJ7WJ5_2021-03-18
2021-06-11 21:56:44 33      AES_BBG000C23KJ3_2021-03-18
2021-06-11 21:56:44 36      AFG_BBG000DPKKK0_2021-03-18
2021-06-11 21:56:44 37      AFL_BBG000BBBNC6_2021-03-18
2021-06-11 21:56:44 39      AGCO_BBG000DCCZW2_2021-03-18
2021-06-11 21:56:44 41      AGIO_BBG000QY4ZD0_2021-03-18
2021-06-11 21:56:44 41      AGIO: BuyPending. Strategy: MorningOpenStrategy. Price: 50.81. Lots: 4. ChangeOpenToCurrent: 0.08. ChangePrevCloseToCurrent: -2.25. Candle: ID:9, Time: 7:00, Close: 50.81.
2021-06-11 21:56:44 41      AGIO: OrderID: 8fe11c32. PlacedOrder. Status: New. RejectReason: 
2021-06-11 21:56:44 41      AGIO: OrderID: 8fe11c32 fully executed
2021-06-11 21:56:44 41      AGIO: Morning closing by timeout. Close price: 50.96. Lots: 4. Profit: 0.15(0.30%). Candle: ID:28, Time: 7:20, Close: 50.96
2021-06-11 21:56:44 41      AGIO: OrderID: 15d71e13. PlacedOrder. Status: New. RejectReason: 
2021-06-11 21:56:44 41      AGIO: OrderID: 15d71e13 fully executed
2021-06-11 21:56:44 42      AIG_BBG000BBDZG3_2021-03-18
2021-06-11 21:56:44 44      AIR_BBG000BBGQF1_2021-03-18
2021-06-11 21:56:44 45      AIRC_BBG00XK3WVD0_2021-03-18
2021-06-11 21:56:44 46      AIT_BBG000BBHHP9_2021-03-18
2021-06-11 21:56:44 47      AIV_BBG000DD3510_2021-03-18
2021-06-11 21:56:44 48      AIV_old_TCS3748R7540_2021-03-18
2021-06-11 21:56:44 49      Warning: figi `old` for history data does not match actual figi `BBG000DD3510`. Ticker: AIV. Will be used actual!
2021-06-11 21:56:44 49      AIZ_BBG000BZX1N5_2021-03-18
2021-06-11 21:56:44 50      AJG_BBG000BBHXQ3_2021-03-18
2021-06-11 21:56:44 52      AJRD_BBG000BKRHQ7_2021-03-18
2021-06-11 21:56:44 53      AKAM_BBG000BJQWD2_2021-03-18
2021-06-11 21:56:44 56      ALB_BBG000BJ26K7_2021-03-18
2021-06-11 21:56:44 57      ALGN_BBG000BRNLL2_2021-03-18
2021-06-11 21:56:44 60      ALGT_BBG000LJS6B8_2021-03-18
2021-06-11 21:56:44 61      ALK_BBG000BBL0Y1_2021-03-18
2021-06-11 21:56:44 62      ALL_BBG000BVMGF2_2021-03-18
2021-06-11 21:56:44 63      ALLE_BBG003PS7JV1_2021-03-18
2021-06-11 21:56:44 64      ALLK_BBG003QBJKN0_2021-03-18
2021-06-11 21:56:44 66      ALLO_BBG00KHRRDX3_2021-03-18
2021-06-11 21:56:44 67      ALLY_BBG000BC2R71_2021-03-18
2021-06-11 21:56:44 69      ALNY_BBG000BFGNJ5_2021-03-18
2021-06-11 21:56:44 70      ALRM_BBG007GNPYY7_2021-03-18
2021-06-11 21:56:44 71      ALSN_BBG001KY3845_2021-03-18
2021-06-11 21:56:44 73      ALTR_BBG000PN9NB9_2021-03-18
2021-06-11 21:56:44 74      ALXN_BBG000G30YX4_2021-03-18
2021-06-11 21:56:44 76      AMAT_BBG000BBPFB9_2021-03-18
2021-06-11 21:56:44 82      AMCX_BBG000H01H92_2021-03-18
2021-06-11 21:56:44 83      AMD_BBG000BBQCY0_2021-03-18
2021-06-11 21:56:44 99      AME_BBG000B9XG87_2021-03-18
2021-06-11 21:56:45 00      AMED_BBG000B9ZV28_2021-03-18
2021-06-11 21:56:45 01      AMG_BBG000C060M4_2021-03-18
2021-06-11 21:56:45 02      AMGN_BBG000BBS2Y0_2021-03-18
2021-06-11 21:56:45 07      AMN_BBG000BCT197_2021-03-18
2021-06-11 21:56:45 08      AMP_BBG000G3QLY3_2021-03-18
2021-06-11 21:56:45 10      AMT_BBG000B9XYV2_2021-03-18
2021-06-11 21:56:45 11      AMWD_BBG000BBX657_2021-03-18
2021-06-11 21:56:45 12      AMZN_BBG000BVPV84_2021-03-18
2021-06-11 21:56:45 20      AN_BBG000BBXLW4_2021-03-18
2021-06-11 21:56:45 21      ANAB_BBG0026ZDHR0_2021-03-18
2021-06-11 21:56:45 23      ANDE_BBG000BF8CN3_2021-03-18
2021-06-11 21:56:45 24      ANET_BBG000N2HDY5_2021-03-18
2021-06-11 21:56:45 25      ANF_BBG000H9G7X2_2021-03-18
2021-06-11 21:56:45 27      ANGI_BBG00HVKH3Q0_2021-03-18
2021-06-11 21:56:45 28      ANIK_BBG000BBKZD8_2021-03-18
2021-06-11 21:56:45 29      ANIP_BBG000KK1L04_2021-03-18
2021-06-11 21:56:45 30      ANSS_BBG000GXZ4W7_2021-03-18
2021-06-11 21:56:45 32      ANTM_BBG000BCG930_2021-03-18
2021-06-11 21:56:45 33      AON_BBG00SSQFPK6_2021-03-18
2021-06-11 21:56:45 35      AOS_BBG000BC1L02_2021-03-18
2021-06-11 21:56:45 37      AOUT_BBG00QV8FS02_2021-03-18
2021-06-11 21:56:45 37      AOUT: BuyPending. Strategy: MorningOpenStrategy. Price: 25.08. Lots: 9. ChangeOpenToCurrent: 3.21. ChangePrevCloseToCurrent: -3.80. Candle: ID:20, Time: 7:00, Close: 25.08.
2021-06-11 21:56:45 37      AOUT: OrderID: 3dc7574c. PlacedOrder. Status: New. RejectReason: 
2021-06-11 21:56:45 37      AOUT: OrderID: 3dc7574c partially executed. Executed lots: 1. OrderStatus: 1/9 lots
2021-06-11 21:56:45 37      AOUT: OrderID: 3dc7574c partially executed. Executed lots: 1. OrderStatus: 2/9 lots
2021-06-11 21:56:45 37      AOUT: OrderID: 3dc7574c partially executed. Executed lots: 2. OrderStatus: 4/9 lots
2021-06-11 21:56:45 37      AOUT: OrderID: 3dc7574c partially executed. Executed lots: 1. OrderStatus: 5/9 lots
2021-06-11 21:56:45 37      AOUT: OrderID: 3dc7574c partially executed. Executed lots: 1. OrderStatus: 6/9 lots
2021-06-11 21:56:45 37      AOUT: OrderID: 3dc7574c partially executed. Executed lots: 1. OrderStatus: 7/9 lots
2021-06-11 21:56:45 37      AOUT: OrderID: 3dc7574c fully executed
2021-06-11 21:56:45 37      AOUT: Morning closing. Close price: 25.31. Lots: 9. CandleChange: 1.24%. ChangeFromCandleHigh: -1.13%. Profit: 0.23(0.92%). Candle: ID:45, Time: 7:05, Close: 25.31
2021-06-11 21:56:45 37      AOUT: OrderID: f499236f. PlacedOrder. Status: New. RejectReason: 
2021-06-11 21:56:45 37      AOUT: OrderID: f499236f partially executed. Executed lots: 2. OrderStatus: 2/9 lots
2021-06-11 21:56:45 37      AOUT: OrderID: f499236f partially executed. Executed lots: 2. OrderStatus: 4/9 lots
2021-06-11 21:56:45 37      AOUT: OrderID: f499236f fully executed
2021-06-11 21:56:45 37      AOUT: SPYKE!. Candle: ID:129, Time: 8:05, Close: 26.5
2021-06-11 21:56:45 38      APA_BBG00YTS96G2_2021-03-18
2021-06-11 21:56:45 39      APA: SPYKE!. Candle: ID:9, Time: 7:00, Close: 20.78
2021-06-11 21:56:45 39      APA: SPYKE!. Candle: ID:104, Time: 9:50, Close: 20.75
2021-06-11 21:56:45 41      APD_BBG000BC4JJ4_2021-03-18
2021-06-11 21:56:45 42      APEI_BBG000RVD346_2021-03-18
2021-06-11 21:56:45 43      APEI: SPYKE!. Candle: ID:30, Time: 7:10, Close: 34.2
2021-06-11 21:56:45 44      APH_BBG000B9YJ35_2021-03-18
2021-06-11 21:56:45 46      APLE_BBG006473QX9_2021-03-18
2021-06-11 21:56:45 47      APLT_BBG000DD0489_2021-03-18
2021-06-11 21:56:45 47      APLT: SPYKE!. Candle: ID:555, Time: 16:55, Close: 21.98
2021-06-11 21:56:45 47      APLT: SPYKE!. Candle: ID:571, Time: 17:00, Close: 22.57
2021-06-11 21:56:45 48      APPF_BBG008GC8CP6_2021-03-18
2021-06-11 21:56:45 50      APPN_BBG001C7PMJ2_2021-03-18
2021-06-11 21:56:45 51      APPS_BBG000HZ3562_2021-03-18
2021-06-11 21:56:45 55      APTV_BBG001QD41M9_2021-03-18
2021-06-11 21:56:45 56      ARCC_BBG000PD6X77_2021-03-18
2021-06-11 21:56:45 57      ARCT_BBG00NNW8JK1_2021-03-18
2021-06-11 21:56:45 59      ARE_BBG000BC33T9_2021-03-18
2021-06-11 21:56:45 60      ARMK_BBG001KY4N87_2021-03-18
2021-06-11 21:56:45 62      ARNA_BBG000BKXBV7_2021-03-18
2021-06-11 21:56:45 63      ARNC_BBG00R45JYB7_2021-03-18
2021-06-11 21:56:45 63      ARNC: SPYKE!. Candle: ID:13, Time: 7:15, Close: 31.9
2021-06-11 21:56:45 64      ARQT_BBG00QN8K4M4_2021-03-18
2021-06-11 21:56:45 65      ARVN_BBG00LW7YK82_2021-03-18
2021-06-11 21:56:45 66      ARW_BBG000BCD3D5_2021-03-18
2021-06-11 21:56:45 66      ARWR_BBG000BRVKH0_2021-03-18
2021-06-11 21:56:45 68      ASGN_BBG000CRN8N8_2021-03-18
2021-06-11 21:56:45 68      ASH_BBG00D0Y81M1_2021-03-18
2021-06-11 21:56:45 69      ASIX_BBG00CWTTQ41_2021-03-18
2021-06-11 21:56:45 70      ATEX_BBG0081NLHR0_2021-03-18
2021-06-11 21:56:45 70      ATGE_BBG000DQBZJ7_2021-03-18
2021-06-11 21:56:45 71      ATKR_BBG000QTFDQ4_2021-03-18
2021-06-11 21:56:45 72      ATR_BBG000BGX2S0_2021-03-18
2021-06-11 21:56:45 72      ATRA_BBG005Q3MQY4_2021-03-18
2021-06-11 21:56:45 75      ATRC_BBG000BL6CB5_2021-03-18
2021-06-11 21:56:45 76      ATRI_BBG000DTT624_2021-03-18
2021-06-11 21:56:45 76      ATRO_BBG000BCLBY5_2021-03-18
2021-06-11 21:56:45 78      ATUS_BBG00GFMPRK0_2021-03-18
2021-06-11 21:56:45 79      ATVI_BBG000CVWGS6_2021-03-18
2021-06-11 21:56:45 84      AVAV_BBG000GX14P2_2021-03-18
2021-06-11 21:56:45 85      AVB_BBG000BLPBL5_2021-03-18
2021-06-11 21:56:45 86      AVGO_BBG00KHY5S69_2021-03-18
2021-06-11 21:56:45 90      AVLR_BBG000R4Y9C1_2021-03-18
2021-06-11 21:56:45 91      AVNS_BBG005L86G05_2021-03-18
2021-06-11 21:56:45 92      AVNT_BBG000C8NJ10_2021-03-18
2021-06-11 21:56:45 93      AVTR_BBG00G2HHYD7_2021-03-18
2021-06-11 21:56:45 94      AVY_BBG000BCQ4P6_2021-03-18
2021-06-11 21:56:45 95      AWI_BBG000DW4LB1_2021-03-18
2021-06-11 21:56:45 96      AWK_BBG000TRJ294_2021-03-18
2021-06-11 21:56:45 98      AWR_BBG000F964B6_2021-03-18
2021-06-11 21:56:45 99      AX_BBG000QPHD08_2021-03-18
2021-06-11 21:56:45 99      AXGN_BBG000BN46R9_2021-03-18
2021-06-11 21:56:46 00      AXP_BBG000BCQZS4_2021-03-18
2021-06-11 21:56:46 04      AXSM_BBG00B6G7GL7_2021-03-18
2021-06-11 21:56:46 05      AYI_BBG000BJ5HK0_2021-03-18
2021-06-11 21:56:46 06      AYX_BBG000BGZT72_2021-03-18
2021-06-11 21:56:46 10      AZO_BBG000C7LMS8_2021-03-18
2021-06-11 21:56:46 11      AZPN_BBG000DFMXT3_2021-03-18
2021-06-11 21:56:46 12      BA_BBG000BCSST7_2021-03-18
2021-06-11 21:56:46 19      BABA_BBG006G2JVL2_2021-03-18
2021-06-11 21:56:46 30      BAC_BBG000BCTLF6_2021-03-18
2021-06-11 21:56:46 40      BAH_BBG000R2YFG7_2021-03-18
2021-06-11 21:56:46 42      BAND_BBG001K003W2_2021-03-18
2021-06-11 21:56:46 44      BAX_BBG000BCVJ77_2021-03-18
2021-06-11 21:56:46 46      BBIO_BBG00P9KDZK6_2021-03-18
2021-06-11 21:56:46 47      BBSI_BBG000BHJSC4_2021-03-18
2021-06-11 21:56:46 47      BBY_BBG000BCWCG1_2021-03-18
2021-06-11 21:56:46 50      BC_BBG000BCWSS3_2021-03-18
2021-06-11 21:56:46 51      BCO_BBG000DR5QP5_2021-03-18
2021-06-11 21:56:46 52      BCPC_BBG000BCY878_2021-03-18
2021-06-11 21:56:46 53      BDC_BBG000Q4XNV1_2021-03-18
2021-06-11 21:56:46 54      BDTX_BBG00MS4Y0W9_2021-03-18
2021-06-11 21:56:46 55      BDX_BBG000BCZYD3_2021-03-18
2021-06-11 21:56:46 56      BECN_BBG000BKTXF2_2021-03-18
2021-06-11 21:56:46 58      BEN_BBG000BD0TF8_2021-03-18
2021-06-11 21:56:46 59      BERY_BBG000Q1R1Y9_2021-03-18
2021-06-11 21:56:46 60      BF.B_BBG000BD2NY8_2021-03-18
2021-06-11 21:56:46 61      BFAM_BBG003LFWP05_2021-03-18
2021-06-11 21:56:46 62      BFYT_BBG003QRSQD3_2021-03-18
2021-06-11 21:56:46 62      BGS_BBG000RKXRQ1_2021-03-18
2021-06-11 21:56:46 63      BH_BBG00JPRDQH1_2021-03-18
2021-06-11 21:56:46 64      BHF_BBG00DYPZ4T0_2021-03-18
2021-06-11 21:56:46 65      BIDU_BBG000QXWHD1_2021-03-18
2021-06-11 21:56:46 76      BIG_BBG000J0D904_2021-03-18
2021-06-11 21:56:46 78      BIIB_BBG000C17X76_2021-03-18
2021-06-11 21:56:46 79      BILI_BBG00K7T3037_2021-03-18
2021-06-11 21:56:46 85      BILL_BBG00QVJV6V4_2021-03-18
2021-06-11 21:56:46 86      BIO_BBG000DY28W5_2021-03-18
2021-06-11 21:56:46 87      BJRI_BBG000H9LNX1_2021-03-18
2021-06-11 21:56:46 88      BK_BBG000BD8PN9_2021-03-18
2021-06-11 21:56:46 91      BKI_BBG00GX77LW3_2021-03-18
2021-06-11 21:56:46 92      BKNG_BBG000BLBVN4_2021-03-18
2021-06-11 21:56:46 93      BKR_BBG00GBVBK51_2021-03-18
2021-06-11 21:56:46 95      BL_BBG0029KJVB0_2021-03-18
2021-06-11 21:56:46 97      BLD_BBG0077VS2C0_2021-03-18
2021-06-11 21:56:46 98      BLDR_BBG000BKD3K9_2021-03-18
2021-06-11 21:56:46 99      BLK_BBG000C2PW58_2021-03-18
2021-06-11 21:56:47 01      BLKB_BBG000BGGTW5_2021-03-18
2021-06-11 21:56:47 02      BLL_BBG000BDDNH5_2021-03-18
2021-06-11 21:56:47 04      BLUE_BBG000QGWY50_2021-03-18
2021-06-11 21:56:47 06      BMI_BBG000BDGHD9_2021-03-18
2021-06-11 21:56:47 07      BMRN_BBG000CZWZ05_2021-03-18
2021-06-11 21:56:47 08      BMY_BBG000DQLV23_2021-03-18
2021-06-11 21:56:47 13      BOH_BBG000C8D8G9_2021-03-18
2021-06-11 21:56:47 13      BOKF_BBG000CFZ003_2021-03-18
2021-06-11 21:56:47 14      BOOT_BBG0077SYZV6_2021-03-18
2021-06-11 21:56:47 16      BOX_BBG000PMSK08_2021-03-18
2021-06-11 21:56:47 17      BPMC_BBG001MC8YF7_2021-03-18
2021-06-11 21:56:47 18      BR_BBG000PPFKQ7_2021-03-18
2021-06-11 21:56:47 19      BRC_BBG000BDNV95_2021-03-18
2021-06-11 21:56:47 20      BRK.B_BBG000DWG505_2021-03-18
2021-06-11 21:56:47 24      BRKR_BBG000CL1FG7_2021-03-18
2021-06-11 21:56:47 25      BRO_BBG000BWSGF4_2021-03-18
2021-06-11 21:56:47 26      BSX_BBG000C0LW92_2021-03-18
2021-06-11 21:56:47 29      BTAI_BBG00K20GVD2_2021-03-18
2021-06-11 21:56:47 30      BTI_BBG000BWPXQ8_2021-03-18
2021-06-11 21:56:47 32      BUD_BBG000RYC984_2021-03-18
2021-06-11 21:56:47 34      BURL_BBG004S641N5_2021-03-18
2021-06-11 21:56:47 35      BWA_BBG000BJ49H3_2021-03-18
2021-06-11 21:56:47 37      BWXT_BBG000D86F25_2021-03-18
2021-06-11 21:56:47 38      BX_BBG000BH0106_2021-03-18
2021-06-11 21:56:47 41      BXP_BBG000BS5CM9_2021-03-18
2021-06-11 21:56:47 42      BYND_BBG003CVJP50_2021-03-18
2021-06-11 21:56:47 46      BZUN_BBG008HNS333_2021-03-18
2021-06-11 21:56:47 46      C_BBG000FY4S11_2021-03-18
2021-06-11 21:56:47 54      CABO_BBG000F02T51_2021-03-18
2021-06-11 21:56:47 55      CACC_BBG000CS0D96_2021-03-18
2021-06-11 21:56:47 56      CAG_BBG000BDXGP9_2021-03-18
2021-06-11 21:56:47 58      CAH_BBG000D898T9_2021-03-18
2021-06-11 21:56:47 60      CALM_BBG000CDMJW6_2021-03-18
2021-06-11 21:56:47 60      CALM: SPYKE!. Candle: ID:6, Time: 12:00, Close: 39.69
2021-06-11 21:56:47 61      CARA_BBG001J2QYS9_2021-03-18
2021-06-11 21:56:47 62      CARG_BBG00HQ77DS2_2021-03-18
2021-06-11 21:56:47 64      CARR_BBG00RP5HYS8_2021-03-18
2021-06-11 21:56:47 67      CARS_BBG000HGTH33_2021-03-18
2021-06-11 21:56:47 68      CASY_BBG000BF0672_2021-03-18
2021-06-11 21:56:47 69      CAT_BBG000BF0K17_2021-03-18
2021-06-11 21:56:47 72      CB_BBG000BR14K5_2021-03-18
2021-06-11 21:56:47 75      CBRE_BBG000C04224_2021-03-18
2021-06-11 21:56:47 76      CBRL_BBG000BF33K1_2021-03-18
2021-06-11 21:56:47 77      CBSH_BBG000BF3G77_2021-03-18
2021-06-11 21:56:47 78      CBU_BBG000BF4D19_2021-03-18
2021-06-11 21:56:47 79      CCI_BBG000FV1Z23_2021-03-18
2021-06-11 21:56:47 81      CCK_BBG000BF6756_2021-03-18
2021-06-11 21:56:47 82      CCL_BBG000BF6LY3_2021-03-18
2021-06-11 21:56:47 93      CCOI_BBG000D0SMY8_2021-03-18
2021-06-11 21:56:47 93      CCXI_BBG000PTSB12_2021-03-18
2021-06-11 21:56:47 95      CDK_BBG006B6PVN9_2021-03-18
2021-06-11 21:56:47 96      CDLX_BBG00225ZDD0_2021-03-18
2021-06-11 21:56:47 97      CDNA_BBG006JS5785_2021-03-18
2021-06-11 21:56:47 98      CDNA: SPYKE!. Candle: ID:24, Time: 13:30, Close: 69.19
2021-06-11 21:56:47 98      CDNS_BBG000C13CD9_2021-03-18
2021-06-11 21:56:48 01      CDW_BBG001P63B80_2021-03-18
2021-06-11 21:56:48 03      CE_BBG000JYP7L8_2021-03-18
2021-06-11 21:56:48 04      CEA_BBG000BCFNR4_2021-03-18
2021-06-11 21:56:48 05      CENT_BBG000BFD605_2021-03-18
2021-06-11 21:56:48 06      CENTA_BBG000KTYB56_2021-03-18
2021-06-11 21:56:48 07      CERN_BBG000BFDLV8_2021-03-18
2021-06-11 21:56:48 09      CEVA_BBG000BN3P07_2021-03-18
2021-06-11 21:56:48 10      CF_BBG000BWJFZ4_2021-03-18
2021-06-11 21:56:48 12      CFG_BBG006Q0HY77_2021-03-18
2021-06-11 21:56:48 16      CFR_BBG000C2PL98_2021-03-18
2021-06-11 21:56:48 17      CFX_BBG000C5Z443_2021-03-18
2021-06-11 21:56:48 20      CGEN_BBG000B9ZLB0_2021-03-18
2021-06-11 21:56:48 21      CGNX_BBG000BPBVW5_2021-03-18
2021-06-11 21:56:48 24      CHD_BBG000BFJT36_2021-03-18
2021-06-11 21:56:48 25      CHDN_BBG000BGXMG9_2021-03-18
2021-06-11 21:56:48 26      CHE_BBG000C19QW1_2021-03-18
2021-06-11 21:56:48 27      CHEF_BBG001MFW6D6_2021-03-18
2021-06-11 21:56:48 28      CHGG_BBG0014XR0N5_2021-03-18
2021-06-11 21:56:48 29      CHH_BBG000BPBTL2_2021-03-18
2021-06-11 21:56:48 31      CHKP_BBG000K82ZT8_2021-03-18
2021-06-11 21:56:48 33      CHNG_BBG0059KNH10_2021-03-18
2021-06-11 21:56:48 34      CHRW_BBG000BTCH57_2021-03-18
2021-06-11 21:56:48 36      CHTR_BBG000VPGNR2_2021-03-18
2021-06-11 21:56:48 39      CHWY_BBG00P19DKZ6_2021-03-18
2021-06-11 21:56:48 40      CHWY: SPYKE!. Candle: ID:127, Time: 8:35, Close: 80.01
2021-06-11 21:56:48 42      CHX_BBG00JH9TZ56_2021-03-18
2021-06-11 21:56:48 43      CI_BBG00KXRCDP0_2021-03-18
2021-06-11 21:56:48 46      CIEN_BBG000BP1152_2021-03-18
2021-06-11 21:56:48 47      CINF_BBG000BFPK65_2021-03-18
2021-06-11 21:56:48 49      CL_BBG000BFQYY3_2021-03-18
2021-06-11 21:56:48 51      CLDR_BBG000DRJFC8_2021-03-18
2021-06-11 21:56:48 53      CLDT_BBG000PT6BR8_2021-03-18
2021-06-11 21:56:48 54      CLF_BBG000BFRF55_2021-03-18
2021-06-11 21:56:48 56      CLGX_BBG000C2H3F0_2021-03-18
2021-06-11 21:56:48 57      CLH_BBG000BFRRX8_2021-03-18
2021-06-11 21:56:48 58      CLR_BBG000BHBGN6_2021-03-18
2021-06-11 21:56:48 60      CLX_BBG000BFS7D3_2021-03-18
2021-06-11 21:56:48 63      CMA_BBG000C75N77_2021-03-18
2021-06-11 21:56:48 65      CMC_BBG000BFSND8_2021-03-18
2021-06-11 21:56:48 67      CMCO_BBG000BCWWV0_2021-03-18
2021-06-11 21:56:48 68      CMCSA_BBG000BFT2L4_2021-03-18
2021-06-11 21:56:48 74      CME_BBG000BHLYP4_2021-03-18
2021-06-11 21:56:48 77      CMG_BBG000QX74T1_2021-03-18
2021-06-11 21:56:48 78      CMI_BBG000BGPTV6_2021-03-18
2021-06-11 21:56:48 79      CMP_BBG000C42WS4_2021-03-18
2021-06-11 21:56:48 80      CMS_BBG000BFVXX0_2021-03-18
2021-06-11 21:56:48 82      CNC_BBG000BDXCJ5_2021-03-18
2021-06-11 21:56:48 85      CNK_BBG000QDVR53_2021-03-18
2021-06-11 21:56:48 89      CNP_BBG000FDBX90_2021-03-18
2021-06-11 21:56:48 90      CNS_BBG000BB0WG4_2021-03-18
2021-06-11 21:56:48 91      CNST_BBG000R1H6P8_2021-03-18
2021-06-11 21:56:48 93      CNXC_BBG00RCNQMX3_2021-03-18
2021-06-11 21:56:48 94      CNXN_BBG000BX74M4_2021-03-18
2021-06-11 21:56:48 94      COF_BBG000BGKTF9_2021-03-18
2021-06-11 21:56:48 96      COG_BBG000C3GN47_2021-03-18
2021-06-11 21:56:48 98      COHR_BBG000BG1DH3_2021-03-18
2021-06-11 21:56:48 99      COKE_BBG000BG1SX2_2021-03-18
2021-06-11 21:56:49 01      COLM_BBG000BKKQ84_2021-03-18
2021-06-11 21:56:49 02      CONE_BBG0038V5TX1_2021-03-18
2021-06-11 21:56:49 03      COO_BBG000BG3445_2021-03-18
2021-06-11 21:56:49 04      COP_BBG000BQQH30_2021-03-18
2021-06-11 21:56:49 10      CORR_BBG000CN80Y9_2021-03-18
2021-06-11 21:56:49 12      CORT_BBG000BKJG33_2021-03-18
2021-06-11 21:56:49 13      COST_BBG000F6H8W8_2021-03-18
2021-06-11 21:56:49 19      COTY_BBG000F395V1_2021-03-18
2021-06-11 21:56:49 21      COUP_BBG001J4BCN4_2021-03-18
2021-06-11 21:56:49 25      CPB_BBG000BG4202_2021-03-18
2021-06-11 21:56:49 28      CPRI_BBG0029SNR63_2021-03-18
2021-06-11 21:56:49 29      CPRT_BBG000BM9RH1_2021-03-18
2021-06-11 21:56:49 32      CPS_BBG000PSXT64_2021-03-18
2021-06-11 21:56:49 33      CR_BBG000BG7423_2021-03-18
2021-06-11 21:56:49 33      CREE_BBG000BG14P4_2021-03-18
2021-06-11 21:56:49 36      CRI_BBG000CTM4J9_2021-03-18
2021-06-11 21:56:49 37      CRL_BBG000BG5BL8_2021-03-18
2021-06-11 21:56:49 38      CRM_BBG000BN2DC2_2021-03-18
2021-06-11 21:56:49 44      CRMT_BBG000CM6L31_2021-03-18
2021-06-11 21:56:49 44      CRMT: SPYKE!. Candle: ID:4, Time: 13:30, Close: 160.33
2021-06-11 21:56:49 44      CROX_BBG000BLY663_2021-03-18
2021-06-11 21:56:49 46      CRS_BBG000BGCQT9_2021-03-18
2021-06-11 21:56:49 47      CRTX_BBG00BTK1DT8_2021-03-18
2021-06-11 21:56:49 48      CRUS_BBG000C1DHF5_2021-03-18
2021-06-11 21:56:49 50      CRVL_BBG000CVKZY0_2021-03-18
2021-06-11 21:56:49 51      CRWD_BBG00BLYKS03_2021-03-18
2021-06-11 21:56:49 61      CSCO_BBG000C3J3C9_2021-03-18
2021-06-11 21:56:49 67      CSGP_BBG000D7JKW9_2021-03-18
2021-06-11 21:56:49 69      CSGS_BBG000G3TQV2_2021-03-18
2021-06-11 21:56:49 70      CSII_BBG000NWQ9S5_2021-03-18
2021-06-11 21:56:49 71      CSL_BBG000BGGBT8_2021-03-18
2021-06-11 21:56:49 71      CSOD_BBG0016X4XN6_2021-03-18
2021-06-11 21:56:49 73      CSWI_BBG007NLG4L3_2021-03-18
2021-06-11 21:56:49 73      CSX_BBG000BGJRC8_2021-03-18
2021-06-11 21:56:49 78      CTAS_BBG000H3YXF8_2021-03-18
2021-06-11 21:56:49 80      CTB_BBG000BGKXV2_2021-03-18
2021-06-11 21:56:49 82      CTLT_BBG005XR47P5_2021-03-18
2021-06-11 21:56:49 83      CTSH_BBG000BBDV81_2021-03-18
2021-06-11 21:56:49 86      CTVA_BBG00BN969C1_2021-03-18
2021-06-11 21:56:49 87      CTXS_BBG000FQ6PY6_2021-03-18
2021-06-11 21:56:49 90      CVCO_BBG000K4WS65_2021-03-18
2021-06-11 21:56:49 90      CVET_BBG00KR691K8_2021-03-18
2021-06-11 21:56:49 91      CVGW_BBG000BGPQW1_2021-03-18
2021-06-11 21:56:49 92      CVLT_BBG000BG88X9_2021-03-18
2021-06-11 21:56:49 93      CVNA_BBG00GCTWDJ3_2021-03-18
2021-06-11 21:56:49 95      CVS_BBG000BGRY34_2021-03-18
2021-06-11 21:56:49 97      CVX_BBG000K4ND22_2021-03-18
2021-06-11 21:56:50 04      CW_BBG000BGSPS5_2021-03-18
2021-06-11 21:56:50 05      CWST_BBG000BT0J38_2021-03-18
2021-06-11 21:56:50 07      CWT_BBG000D8KTN6_2021-03-18
2021-06-11 21:56:50 07      CY_BBG000BXNJ07_2021-03-18
2021-06-11 21:56:50 08      D_BBG000BGVW60_2021-03-18
2021-06-11 21:56:50 10      DAL_BBG000R7Z112_2021-03-18
2021-06-11 21:56:50 15      DAR_BBG000BN8ZK8_2021-03-18
2021-06-11 21:56:50 17      DBX_BBG0018SLDN0_2021-03-18
2021-06-11 21:56:50 22      DCI_BBG000BGZP70_2021-03-18
2021-06-11 21:56:50 23      DCPH_BBG00HMJ9H54_2021-03-18
2021-06-11 21:56:50 24      DD_BBG00BN961G4_2021-03-18
2021-06-11 21:56:50 28      DDOG_BBG003NJHZT9_2021-03-18
2021-06-11 21:56:50 31      DDS_BBG000BS4MP5_2021-03-18
2021-06-11 21:56:50 32      DE_BBG000BH1NH9_2021-03-18
2021-06-11 21:56:50 34      DECK_BBG000BKXYX5_2021-03-18
2021-06-11 21:56:50 35      DELL_BBG00DW3SZS1_2021-03-18
2021-06-11 21:56:50 37      DFS_BBG000QBR5J5_2021-03-18
2021-06-11 21:56:50 40      DG_BBG000NV1KK7_2021-03-18
2021-06-11 21:56:50 45      DGX_BBG000BN84F3_2021-03-18
2021-06-11 21:56:50 46      DHI_BBG000DQTXY6_2021-03-18
2021-06-11 21:56:50 49      DHR_BBG000BH3JF8_2021-03-18
2021-06-11 21:56:50 52      DIOD_BBG000G25P51_2021-03-18
2021-06-11 21:56:50 53      DIS_BBG000BH4R78_2021-03-18
2021-06-11 21:56:50 61      DISCA_BBG000CHWP52_2021-03-18
2021-06-11 21:56:50 67      DISCB_BBG000F7L5N7_2021-03-18
2021-06-11 21:56:50 68      DISCB: SPYKE!. Candle: ID:105, Time: 15:55, Close: 80.9
2021-06-11 21:56:50 68      DISCB: SPYKE!. Candle: ID:195, Time: 20:00, Close: 90
2021-06-11 21:56:50 68      DISCB: SPYKE!. Candle: ID:196, Time: 20:00, Close: 90
2021-06-11 21:56:50 68      DISCK_BBG000VMWHH5_2021-03-18
2021-06-11 21:56:50 74      DK_BBG00FZYFVC5_2021-03-18
2021-06-11 21:56:50 76      DKNG_BBG00TCBG714_2021-03-18
2021-06-11 21:56:50 85      DKS_BBG000F6ZWH2_2021-03-18
2021-06-11 21:56:50 86      DLB_BBG000DGLTG5_2021-03-18
2021-06-11 21:56:50 88      DLR_BBG000Q5ZRM7_2021-03-18
2021-06-11 21:56:50 89      DLTH_BBG002GBMZG4_2021-03-18
2021-06-11 21:56:50 90      DLTR_BBG000BSC0K9_2021-03-18
2021-06-11 21:56:50 93      DLX_BBG000BH6360_2021-03-18
2021-06-11 21:56:50 94      DNLI_BBG008P7F869_2021-03-18
2021-06-11 21:56:50 96      DNOW_BBG005BLN209_2021-03-18
2021-06-11 21:56:50 97      DOCU_BBG000N7KJX8_2021-03-18
2021-06-11 21:56:51 01      DORM_BBG000BM22F5_2021-03-18
2021-06-11 21:56:51 02      DOV_BBG000BHB3M6_2021-03-18
2021-06-11 21:56:51 03      DOW_BBG00BN96922_2021-03-18
2021-06-11 21:56:51 07      DPZ_BBG000P458P3_2021-03-18
2021-06-11 21:56:51 08      DRE_BBG000BHD8S7_2021-03-18
2021-06-11 21:56:51 09      DRI_BBG000BBNYF6_2021-03-18
2021-06-11 21:56:51 12      DRNA_BBG001J1DB23_2021-03-18
2021-06-11 21:56:51 13      DRQ_BBG000BVDBY2_2021-03-18
2021-06-11 21:56:51 14      DT_BBG00PNN7C40_2021-03-18
2021-06-11 21:56:51 17      DVA_BBG000MQ1SN9_2021-03-18
2021-06-11 21:56:51 18      DVN_BBG000BBVJZ8_2021-03-18
2021-06-11 21:56:51 23      DXC_BBG00FN64XT9_2021-03-18
2021-06-11 21:56:51 25      DXCM_BBG000QTF8K1_2021-03-18
2021-06-11 21:56:51 27      DY_BBG000C4SKT1_2021-03-18
2021-06-11 21:56:51 29      EA_BBG000BP0KQ8_2021-03-18
2021-06-11 21:56:51 33      EAT_BBG000BK28N7_2021-03-18
2021-06-11 21:56:51 34      EBAY_BBG000C43RR5_2021-03-18
2021-06-11 21:56:51 40      EBS_BBG000GW06J7_2021-03-18
2021-06-11 21:56:51 41      ECHO_BBG000RFP8W6_2021-03-18
2021-06-11 21:56:51 42      ECL_BBG000BHKYH4_2021-03-18
2021-06-11 21:56:51 44      ECPG_BBG000F369C7_2021-03-18
2021-06-11 21:56:51 46      ED_BBG000BHLYS1_2021-03-18
2021-06-11 21:56:51 48      EDIT_BBG005MX5GZ2_2021-03-18
2021-06-11 21:56:51 51      EEFT_BBG000BMNBY1_2021-03-18
2021-06-11 21:56:51 53      EFX_BBG000BHPL78_2021-03-18
2021-06-11 21:56:51 54      EGHT_BBG000BCGHH7_2021-03-18
2021-06-11 21:56:51 56      EGRX_BBG005Y3XWH9_2021-03-18
2021-06-11 21:56:51 56      EHTH_BBG000P5JQX6_2021-03-18
2021-06-11 21:56:51 58      EIX_BBG000D7RKJ5_2021-03-18
2021-06-11 21:56:51 60      EL_BBG000FKJRC5_2021-03-18
2021-06-11 21:56:51 62      ELAN_BBG00LJYS1P8_2021-03-18
2021-06-11 21:56:51 64      ELS_BBG000BB7SX7_2021-03-18
2021-06-11 21:56:51 65      EME_BBG000BBRPL4_2021-03-18
2021-06-11 21:56:51 66      EMN_BBG000BLW530_2021-03-18
2021-06-11 21:56:51 67      EMR_BBG000BHX7N2_2021-03-18
2021-06-11 21:56:51 70      ENDP_BBG000C0HQ54_2021-03-18
2021-06-11 21:56:51 72      ENPH_BBG001R3MNY9_2021-03-18
2021-06-11 21:56:51 77      ENR_BBG006FCB019_2021-03-18
2021-06-11 21:56:51 78      ENS_BBG000PWTD92_2021-03-18
2021-06-11 21:56:51 78      ENTA_BBG001V9NSB4_2021-03-18
2021-06-11 21:56:51 80      ENTG_BBG000CTV4N4_2021-03-18
2021-06-11 21:56:51 81      ENV_BBG000Q4NZ54_2021-03-18
2021-06-11 21:56:51 82      EOG_BBG000BZ9223_2021-03-18
2021-06-11 21:56:51 86      EPAM_BBG000MHTV89_2021-03-18
2021-06-11 21:56:51 87      EPAY_BBG000BRNH31_2021-03-18
2021-06-11 21:56:51 88      EPC_BBG000BRW644_2021-03-18
2021-06-11 21:56:51 89      EQIX_BBG000MBDGM6_2021-03-18
2021-06-11 21:56:51 91      EQT_BBG000BHZ5J9_2021-03-18
2021-06-11 21:56:51 94      ERIE_BBG000BBTJZ1_2021-03-18
2021-06-11 21:56:51 95      ES_BBG000BQ87N0_2021-03-18
2021-06-11 21:56:51 96      ESPR_BBG004KB3S72_2021-03-18
2021-06-11 21:56:51 97      ESPR: BuyPending. Strategy: MorningOpenStrategy. Price: 30.31. Lots: 8. ChangeOpenToCurrent: -2.13. ChangePrevCloseToCurrent: 0. Candle: ID:31, Time: 7:00, Close: 30.31.
2021-06-11 21:56:51 97      ESPR: OrderID: b0560b87. PlacedOrder. Status: New. RejectReason: 
2021-06-11 21:56:51 97      ESPR: OrderID: b0560b87 partially executed. Executed lots: 1. OrderStatus: 1/8 lots
2021-06-11 21:56:51 97      ESPR: OrderID: b0560b87 fully executed
2021-06-11 21:56:51 97      ESPR: Morning closing by timeout. Close price: 30.45. Lots: 8. Profit: 0.14(0.46%). Candle: ID:109, Time: 7:40, Close: 30.45
2021-06-11 21:56:51 97      ESPR: OrderID: 8aa9f100. PlacedOrder. Status: New. RejectReason: 
2021-06-11 21:56:51 97      ESPR: OrderID: 8aa9f100 partially executed. Executed lots: 6. OrderStatus: 6/8 lots
2021-06-11 21:56:52 04      OrderID: 8aa9f100 successfully canceled
2021-06-11 21:56:52 04      ESPR: Closing daily orders. Close price: 28.98. Lots: 2. Profit: -1.33(-4.39%). Candle: ID:3053, Time: 22:25, Close: 29
2021-06-11 21:56:52 04      ESS_BBG000CGJMB9_2021-03-18
2021-06-11 21:56:52 06      ET_BBG000BM2FL9_2021-03-18
2021-06-11 21:56:52 08      ETN_BBG000BJ3PD2_2021-03-18
2021-06-11 21:56:52 12      ETR_BBG000C1FQS9_2021-03-18
2021-06-11 21:56:52 13      ETRN_BBG00K53L394_2021-03-18
2021-06-11 21:56:52 15      ETSY_BBG000N7MXL8_2021-03-18
2021-06-11 21:56:52 20      EVBG_BBG0022FMPD5_2021-03-18
2021-06-11 21:56:52 21      EVER_BBG00F17NDH7_2021-03-18
2021-06-11 21:56:52 23      EVH_BBG005CHLM96_2021-03-18
2021-06-11 21:56:52 24      EVR_BBG000BP30Y0_2021-03-18
2021-06-11 21:56:52 25      EVRG_BBG00H433CR2_2021-03-18
2021-06-11 21:56:52 26      EW_BBG000BRXP69_2021-03-18
2021-06-11 21:56:52 29      EWBC_BBG000CR20B1_2021-03-18
2021-06-11 21:56:52 30      EXAS_BBG000CWL0F5_2021-03-18
2021-06-11 21:56:52 33      EXC_BBG000J6XT05_2021-03-18
2021-06-11 21:56:52 37      EXEL_BBG000BQ4WF8_2021-03-18
2021-06-11 21:56:52 40      EXLS_BBG000NS3P30_2021-03-18
2021-06-11 21:56:52 41      EXP_BBG000BJW241_2021-03-18
2021-06-11 21:56:52 43      EXPD_BBG000BJ5GK2_2021-03-18
2021-06-11 21:56:52 45      EXPE_BBG000QY3XZ2_2021-03-18
2021-06-11 21:56:52 48      EXR_BBG000PV27K3_2021-03-18
2021-06-11 21:56:52 49      EYE_BBG00HVQF9K2_2021-03-18
2021-06-11 21:56:52 51      F_BBG000BQPC32_2021-03-18
2021-06-11 21:56:52 57      FANG_BBG002PHSYX9_2021-03-18
2021-06-11 21:56:52 60      FARO_BBG000BJD7C2_2021-03-18
2021-06-11 21:56:52 61      FAST_BBG000BJ8YN7_2021-03-18
2021-06-11 21:56:52 63      FATE_BBG000QP35H2_2021-03-18
2021-06-11 21:56:52 65      FB_BBG000MM2P62_2021-03-18
2021-06-11 21:56:52 84      FBHS_BBG001B4BV87_2021-03-18
2021-06-11 21:56:52 87      FCFS_BBG000DNF659_2021-03-18
2021-06-11 21:56:52 88      FCN_BBG000K88H58_2021-03-18
2021-06-11 21:56:52 89      FCX_BBG000BJDB15_2021-03-18
2021-06-11 21:56:52 97      FDS_BBG000BDJL83_2021-03-18
2021-06-11 21:56:52 98      FDX_BBG000BJF1Z8_2021-03-18
2021-06-11 21:56:53 01      FELE_BBG000BJGGV8_2021-03-18
2021-06-11 21:56:53 03      FFIV_BBG000CXYSZ6_2021-03-18
2021-06-11 21:56:53 05      FGEN_BBG000FW5ZL6_2021-03-18
2021-06-11 21:56:53 07      FICO_BBG000DW76Y6_2021-03-18
2021-06-11 21:56:53 08      FIS_BBG000BK2F42_2021-03-18
2021-06-11 21:56:53 10      FISV_BBG000BJKPG0_2021-03-18
2021-06-11 21:56:53 13      FITB_BBG000BJL3N0_2021-03-18
2021-06-11 21:56:53 20      FIVN_BBG001KHJM17_2021-03-18
2021-06-11 21:56:53 22      FIZZ_BBG000BF8CB6_2021-03-18
2021-06-11 21:56:53 25      FL_BBG000BX8DC4_2021-03-18
2021-06-11 21:56:53 26      FL: SPYKE!. Candle: ID:3092, Time: 20:50, Close: 55
2021-06-11 21:56:53 26      FLIR_BBG000BHK836_2021-03-18
2021-06-11 21:56:53 28      FLOW_BBG007FL7ZD2_2021-03-18
2021-06-11 21:56:53 30      FLR_BBG000BB1TH9_2021-03-18
2021-06-11 21:56:53 32      FLS_BBG000FFH4P5_2021-03-18
2021-06-11 21:56:53 34      FLT_BBG000GPXKX9_2021-03-18
2021-06-11 21:56:53 35      FLWS_BBG000BBR9P6_2021-03-18
2021-06-11 21:56:53 37      FMC_BBG000BJP882_2021-03-18
2021-06-11 21:56:53 38      FND_BBG007GJ2F81_2021-03-18
2021-06-11 21:56:53 39      FNKO_BBG00HXSHDQ9_2021-03-18
2021-06-11 21:56:53 41      FOCS_BBG00L0YTFN8_2021-03-18
2021-06-11 21:56:53 42      FOE_BBG000BJQK11_2021-03-18
2021-06-11 21:56:53 43      FOLD_BBG000PLF6N0_2021-03-18
2021-06-11 21:56:53 46      FORM_BBG000D1Y3P1_2021-03-18
2021-06-11 21:56:53 48      FORR_BBG000HGNYG8_2021-03-18
2021-06-11 21:56:53 48      FOX_BBG00JHNKJY8_2021-03-18
2021-06-11 21:56:53 49      FOX: BuyPending. Strategy: MorningOpenStrategy. Price: 40.18. Lots: 6. ChangeOpenToCurrent: -2.64. ChangePrevCloseToCurrent: -1.18. Candle: ID:10, Time: 7:00, Close: 40.18.
2021-06-11 21:56:53 49      FOX: OrderID: b2aa1bc5. PlacedOrder. Status: New. RejectReason: 
2021-06-11 21:56:53 49      FOX: Cancel order. Did not bought at market open. Candle: ID:27, Time: 7:05, Close: 40.73
2021-06-11 21:56:53 49      OrderID: b2aa1bc5 successfully canceled
2021-06-11 21:56:53 50      FOXA_BBG00JHNJW99_2021-03-18
2021-06-11 21:56:53 53      FOXF_BBG004T7VS53_2021-03-18
2021-06-11 21:56:53 54      FRHC_BBG000N625H8_2021-03-18
2021-06-11 21:56:53 55      FRPH_BBG000HCVWW4_2021-03-18
2021-06-11 21:56:53 56      FRPT_BBG001D0HB36_2021-03-18
2021-06-11 21:56:53 57      FSLR_BBG000BFL116_2021-03-18
2021-06-11 21:56:53 60      FSLY_BBG004NLQHL0_2021-03-18
2021-06-11 21:56:53 62      FSLY: SPYKE!. Candle: ID:10, Time: 7:00, Close: 77.3
2021-06-11 21:56:53 62      FSLY: SPYKE!. Candle: ID:11, Time: 7:00, Close: 79.4
2021-06-11 21:56:53 63      FTCH_BBG00LSD4456_2021-03-18
2021-06-11 21:56:53 68      FTI_BBG00DL8NMV2_2021-03-18
2021-06-11 21:56:53 71      FTNT_BBG000BCMBG4_2021-03-18
2021-06-11 21:56:53 73      FTV_BBG00BLVZ228_2021-03-18
2021-06-11 21:56:53 75      FUL_BBG000BJZ7V7_2021-03-18
2021-06-11 21:56:53 76      GATX_BBG000BKGXQ4_2021-03-18
2021-06-11 21:56:53 78      GBCI_BBG000C3KB84_2021-03-18
2021-06-11 21:56:53 79      GBT_BBG00341H6M0_2021-03-18
2021-06-11 21:56:53 80      GBX_BBG000CF5097_2021-03-18
2021-06-11 21:56:53 81      GCO_BBG000BK5S78_2021-03-18
2021-06-11 21:56:53 82      GCP_BBG0082W8Q12_2021-03-18
2021-06-11 21:56:53 83      GD_BBG000BK67C7_2021-03-18
2021-06-11 21:56:53 84      GDDY_BBG006MDLY05_2021-03-18
2021-06-11 21:56:53 86      GDOT_BBG000QDJT53_2021-03-18
2021-06-11 21:56:53 87      GE_BBG000BK6MB5_2021-03-18
2021-06-11 21:56:53 92      GEF_BBG000BLFNC0_2021-03-18
2021-06-11 21:56:53 95      GGG_BBG000BK9W84_2021-03-18
2021-06-11 21:56:54 00      GH_BBG006D97VY9_2021-03-18
2021-06-11 21:56:54 03      GHC_BBG000C3FGH9_2021-03-18
2021-06-11 21:56:54 04      GILD_BBG000CKGBP2_2021-03-18
2021-06-11 21:56:54 10      GIS_BBG000BKCFC2_2021-03-18
2021-06-11 21:56:54 14      GKOS_BBG000WG2LQ1_2021-03-18
2021-06-11 21:56:54 15      GL_BBG000BVD6X4_2021-03-18
2021-06-11 21:56:54 17      GLW_BBG000BKFZM4_2021-03-18
2021-06-11 21:56:54 19      GM_BBG000NDYB67_2021-03-18
2021-06-11 21:56:54 30      GMED_BBG002V87SD0_2021-03-18
2021-06-11 21:56:54 31      GMS_BBG009Q036D0_2021-03-18
2021-06-11 21:56:54 31      GNL_BBG004HXD0G8_2021-03-18
2021-06-11 21:56:54 32      GNRC_BBG000PQ4W72_2021-03-18
2021-06-11 21:56:54 33      GO_BBG00P4R3079_2021-03-18
2021-06-11 21:56:54 34      GOOG_BBG009S3NB30_2021-03-18
2021-06-11 21:56:54 39      GOOGL_BBG009S39JX6_2021-03-18
2021-06-11 21:56:54 46      GOSS_BBG00MVWLLM2_2021-03-18
2021-06-11 21:56:54 48      GPC_BBG000BKL348_2021-03-18
2021-06-11 21:56:54 49      GPI_BBG000BB88K4_2021-03-18
2021-06-11 21:56:54 50      GPN_BBG000CX0P89_2021-03-18
2021-06-11 21:56:54 53      GPS_BBG000BKLH74_2021-03-18
2021-06-11 21:56:54 58      GRA_BBG000BB8PG1_2021-03-18
2021-06-11 21:56:54 58      GRMN_BBG000C4LN67_2021-03-18
2021-06-11 21:56:54 60      GRUB_BBG001KWG293_2021-03-18
2021-06-11 21:56:54 61      GS_BBG000C6CFJ5_2021-03-18
2021-06-11 21:56:54 65      GSH_BBG000GLG0G0_2021-03-18
2021-06-11 21:56:54 66      GSKY_BBG00KT2SCV8_2021-03-18
2021-06-11 21:56:54 67      GT_BBG000BKNX95_2021-03-18
2021-06-11 21:56:54 70      GTHX_BBG005F1DK91_2021-03-18
2021-06-11 21:56:54 73      GTLS_BBG000P1K2X6_2021-03-18
2021-06-11 21:56:54 74      GTN_BBG000DSQLQ0_2021-03-18
2021-06-11 21:56:54 76      GVA_BBG000DVB833_2021-03-18
2021-06-11 21:56:54 76      GWRE_BBG001C7PM75_2021-03-18
2021-06-11 21:56:54 78      GWW_BBG000BKR1D6_2021-03-18
2021-06-11 21:56:54 79      H_BBG000CVRFS4_2021-03-18
2021-06-11 21:56:54 80      HA_BBG000BC4185_2021-03-18
2021-06-11 21:56:54 81      HAE_BBG000C7TF41_2021-03-18
2021-06-11 21:56:54 82      HAIN_BBG000BQW085_2021-03-18
2021-06-11 21:56:54 83      HAL_BBG000BKTFN2_2021-03-18
2021-06-11 21:56:54 87      HALO_BBG000CZ8W54_2021-03-18
2021-06-11 21:56:54 89      HAS_BBG000BKVJK4_2021-03-18
2021-06-11 21:56:54 91      HBAN_BBG000BKWSR6_2021-03-18
2021-06-11 21:56:54 93      HBI_BBG000D2ZTS8_2021-03-18
2021-06-11 21:56:54 95      HCA_BBG000QW7VC1_2021-03-18
2021-06-11 21:56:54 96      HCCI_BBG000CCFB17_2021-03-18
2021-06-11 21:56:54 96      HCCI: SPYKE!. Candle: ID:2, Time: 8:10, Close: 29.09
2021-06-11 21:56:54 96      HCCI: SPYKE!. Candle: ID:11, Time: 13:30, Close: 28.23
2021-06-11 21:56:54 96      HCSG_BBG000BKYVF0_2021-03-18
2021-06-11 21:56:54 97      HD_BBG000BKZB36_2021-03-18
2021-06-11 21:56:55 00      HEAR_BBG000BM6N47_2021-03-18
2021-06-11 21:56:55 02      HEI_BBG000BL16Q7_2021-03-18
2021-06-11 21:56:55 03      HES_BBG000BBD070_2021-03-18
2021-06-11 21:56:55 05      HFC_BBG000BL9JQ1_2021-03-18
2021-06-11 21:56:55 07      HGV_BBG00CBYY6M1_2021-03-18
2021-06-11 21:56:55 08      HHC_BBG000MJRJJ2_2021-03-18
2021-06-11 21:56:55 09      HHR_BBG00KHGQ0H4_2021-03-18
2021-06-11 21:56:55 10      HHR: SPYKE!. Candle: ID:621, Time: 12:25, Close: 32.58
2021-06-11 21:56:55 10      HHR: SPYKE!. Candle: ID:681, Time: 12:30, Close: 33.52
2021-06-11 21:56:55 10      HHR: SPYKE!. Candle: ID:685, Time: 12:30, Close: 32.25
2021-06-11 21:56:55 11      HIBB_BBG000H001V3_2021-03-18
2021-06-11 21:56:55 12      HIG_BBG000G0Z878_2021-03-18
2021-06-11 21:56:55 20      HII_BBG001KJ2HM9_2021-03-18
2021-06-11 21:56:55 22      HIIQ_TCS003QRSQD3_2021-03-18
2021-06-11 21:56:55 22      HLT_BBG0058KMH30_2021-03-18
2021-06-11 21:56:55 24      HNP_BBG000BX5YM0_2021-03-18
2021-06-11 21:56:55 25      HOG_BBG000BKZTP3_2021-03-18
2021-06-11 21:56:55 26      HOLX_BBG000C3NTN5_2021-03-18
2021-06-11 21:56:55 28      HON_BBG000H556T9_2021-03-18
2021-06-11 21:56:55 31      HP_BBG000BLCPY4_2021-03-18
2021-06-11 21:56:55 32      HPE_BBG0078W3NQ3_2021-03-18
2021-06-11 21:56:55 35      HPQ_BBG000KHWT55_2021-03-18
2021-06-11 21:56:55 37      HQY_BBG000TYXCT9_2021-03-18
2021-06-11 21:56:55 39      HRB_BBG000BLDV98_2021-03-18
2021-06-11 21:56:55 41      HRC_BBG000BKWCS0_2021-03-18
2021-06-11 21:56:55 42      HRL_BBG000BLF8D2_2021-03-18
2021-06-11 21:56:55 43      HRTX_BBG000G2GJT7_2021-03-18
2021-06-11 21:56:55 46      HSC_BBG000BLH3P8_2021-03-18
2021-06-11 21:56:55 47      HSIC_BBG000BNMMJ3_2021-03-18
2021-06-11 21:56:55 49      HSKA_BBG000BWFH48_2021-03-18
2021-06-11 21:56:55 50      HST_BBG000BL8804_2021-03-18
2021-06-11 21:56:55 51      HSY_BBG000BLHRS2_2021-03-18
2021-06-11 21:56:55 52      HTA_BBG000PRJCX9_2021-03-18
2021-06-11 21:56:55 53      HTHT_BBG000QFPM65_2021-03-18
2021-06-11 21:56:55 54      HUBB_BBG000BLK267_2021-03-18
2021-06-11 21:56:55 56      HUBG_BBG000G9W6L0_2021-03-18
2021-06-11 21:56:55 56      HUBS_BBG000N7MZ06_2021-03-18
2021-06-11 21:56:55 58      HUM_BBG000BLKK03_2021-03-18
2021-06-11 21:56:55 60      HURN_BBG000PV2M48_2021-03-18
2021-06-11 21:56:55 60      HWM_BBG00DYNJGH9_2021-03-18
2021-06-11 21:56:55 62      HXL_BBG000BLMDQ9_2021-03-18
2021-06-11 21:56:55 63      IAC_BBG000BKQG80_2021-03-18
2021-06-11 21:56:55 64      IAC_old_TCS000BKQG80_2021-03-18
2021-06-11 21:56:55 64      Warning: figi `old` for history data does not match actual figi `BBG000BKQG80`. Ticker: IAC. Will be used actual!
2021-06-11 21:56:55 64      IART_BBG000BZJQL8_2021-03-18
2021-06-11 21:56:55 65      IBKR_BBG000LV0836_2021-03-18
2021-06-11 21:56:55 66      IBM_BBG000BLNNH6_2021-03-18
2021-06-11 21:56:55 71      IBN_BBG000DRM643_2021-03-18
2021-06-11 21:56:55 72      IBP_BBG005TJKDZ6_2021-03-18
2021-06-11 21:56:55 73      ICE_BBG000C1FB75_2021-03-18
2021-06-11 21:56:55 75      ICPT_BBG001J1QN87_2021-03-18
2021-06-11 21:56:55 77      ICUI_BBG000CQV2N4_2021-03-18
2021-06-11 21:56:55 78      IDCC_BBG000HLJ7M4_2021-03-18
2021-06-11 21:56:55 79      IDXX_BBG000BLRT07_2021-03-18
2021-06-11 21:56:55 81      IEX_BBG000C1HN22_2021-03-18
2021-06-11 21:56:55 83      IFF_BBG000BLSL58_2021-03-18
2021-06-11 21:56:55 84      IGMS_BBG00PNR1BT2_2021-03-18
2021-06-11 21:56:55 84      IGMS: SPYKE!. Candle: ID:6, Time: 11:35, Close: 85.09
2021-06-11 21:56:55 85      IIPR_BBG00F0SW7N8_2021-03-18
2021-06-11 21:56:55 86      IIVI_BBG000BLW102_2021-03-18
2021-06-11 21:56:55 89      ILMN_BBG000DSMS70_2021-03-18
2021-06-11 21:56:55 91      INCY_BBG000BNPSQ9_2021-03-18
2021-06-11 21:56:55 94      INDB_BBG000BM0597_2021-03-18
2021-06-11 21:56:55 94      INFO_BBG006G063F9_2021-03-18
2021-06-11 21:56:55 95      INGN_BBG0021PH456_2021-03-18
2021-06-11 21:56:55 96      INGR_BBG000BXPZB7_2021-03-18
2021-06-11 21:56:55 97      INMD_BBG00PPS73P4_2021-03-18
2021-06-11 21:56:55 98      INSP_BBG00209SZJ7_2021-03-18
2021-06-11 21:56:55 99      INTC_BBG000C0G1D1_2021-03-18
2021-06-11 21:56:56 08      INTU_BBG000BH5DV1_2021-03-18
2021-06-11 21:56:56 13      INVH_BBG00FQH6BS9_2021-03-18
2021-06-11 21:56:56 15      IONS_BBG000JH6683_2021-03-18
2021-06-11 21:56:56 17      IOSP_BBG000BMFNP4_2021-03-18
2021-06-11 21:56:56 18      IOVA_BBG000FTLBV7_2021-03-18
2021-06-11 21:56:56 21      IP_BBG000BM5SR2_2021-03-18
2021-06-11 21:56:56 23      IPAR_BBG000GCSWR5_2021-03-18
2021-06-11 21:56:56 24      IPG_BBG000C90DH9_2021-03-18
2021-06-11 21:56:56 25      IPGP_BBG000DCGRL8_2021-03-18
2021-06-11 21:56:56 26      IQV_BBG00333FYS2_2021-03-18
2021-06-11 21:56:56 28      IR_BBG002R1CW27_2021-03-18
2021-06-11 21:56:56 29      IRBT_BBG000HXJB21_2021-03-18
2021-06-11 21:56:56 30      IRDM_BBG000VC0FC1_2021-03-18
2021-06-11 21:56:56 31      IRDM: SPYKE!. Candle: ID:3030, Time: 21:20, Close: 39.71
2021-06-11 21:56:56 32      IRM_BBG000KCZPC3_2021-03-18
2021-06-11 21:56:56 33      IRTC_BBG001J19V24_2021-03-18
2021-06-11 21:56:56 34      ISRG_BBG000BJPDZ1_2021-03-18
2021-06-11 21:56:56 36      IT_BBG000BB65D0_2021-03-18
2021-06-11 21:56:56 37      ITCI_BBG0026ZFZC4_2021-03-18
2021-06-11 21:56:56 38      ITGR_BBG000BW6JV4_2021-03-18
2021-06-11 21:56:56 39      ITRI_BBG000BD2167_2021-03-18
2021-06-11 21:56:56 40      ITT_BBG00CVQZQ96_2021-03-18
2021-06-11 21:56:56 41      ITW_BBG000BMBL90_2021-03-18
2021-06-11 21:56:56 42      IVZ_BBG000BY2Y78_2021-03-18
2021-06-11 21:56:56 44      J_BBG000BMFFQ0_2021-03-18
2021-06-11 21:56:56 45      JACK_BBG000GZYVY1_2021-03-18
2021-06-11 21:56:56 46      JBHT_BBG000BMDBZ1_2021-03-18
2021-06-11 21:56:56 47      JBSS_BBG000CHPMY5_2021-03-18
2021-06-11 21:56:56 47      JBT_BBG000VLBCQ1_2021-03-18
2021-06-11 21:56:56 49      JCI_BBG000BVWLJ6_2021-03-18
2021-06-11 21:56:56 51      JCOM_BBG000F3CWW7_2021-03-18
2021-06-11 21:56:56 53      JD_BBG005YHY0Q7_2021-03-18
2021-06-11 21:56:56 62      JEF_BBG000BNHSP9_2021-03-18
2021-06-11 21:56:56 63      JELD_BBG0019GM953_2021-03-18
2021-06-11 21:56:56 63      JJSF_BBG000BMGPW0_2021-03-18
2021-06-11 21:56:56 64      JKHY_BBG000BMH2Q7_2021-03-18
2021-06-11 21:56:56 66      JLL_BBG000C2L2L0_2021-03-18
2021-06-11 21:56:56 66      JNJ_BBG000BMHYD1_2021-03-18
2021-06-11 21:56:56 70      JNPR_BBG000BY33P5_2021-03-18
2021-06-11 21:56:56 71      JOBS_BBG000BJD1D4_2021-03-18
2021-06-11 21:56:56 72      JOUT_BBG000HCXFS4_2021-03-18
2021-06-11 21:56:56 73      JPM_BBG000DMBXR2_2021-03-18
2021-06-11 21:56:56 82      JWN_BBG000G8N9C6_2021-03-18
2021-06-11 21:56:56 84      K_BBG000BMKDM3_2021-03-18
2021-06-11 21:56:56 85      KALU_BBG000PKZDX4_2021-03-18
2021-06-11 21:56:56 86      KBH_BBG000BMLWX8_2021-03-18
2021-06-11 21:56:56 88      KDP_BBG000TJM7F0_2021-03-18
2021-06-11 21:56:56 91      KEP_BBG000BCWG90_2021-03-18
2021-06-11 21:56:56 92      KEX_BBG000BMQCP6_2021-03-18
2021-06-11 21:56:56 93      KEY_BBG000BMQPL1_2021-03-18
2021-06-11 21:56:56 96      KEYS_BBG0059FN811_2021-03-18
2021-06-11 21:56:56 97      KFY_BBG000C5QMB5_2021-03-18
2021-06-11 21:56:56 99      KHC_BBG005CPNTQ2_2021-03-18
2021-06-11 21:56:57 02      KIDS_BBG00HFFRW39_2021-03-18
2021-06-11 21:56:57 03      KIM_BBG000CN3S73_2021-03-18
2021-06-11 21:56:57 05      KLAC_BBG000BMTFR4_2021-03-18
2021-06-11 21:56:57 08      KMB_BBG000BMW2Z0_2021-03-18
2021-06-11 21:56:57 10      KMI_BBG0019JZ882_2021-03-18
2021-06-11 21:56:57 11      KMPR_BBG000H3GDJ8_2021-03-18
2021-06-11 21:56:57 12      KMT_BBG000BMWKC5_2021-03-18
2021-06-11 21:56:57 13      KMX_BBG000BLMZK6_2021-03-18
2021-06-11 21:56:57 14      KNSL_BBG00D8JD9Z9_2021-03-18
2021-06-11 21:56:57 15      KNX_BBG000BFC848_2021-03-18
2021-06-11 21:56:57 17      KO_BBG000BMX289_2021-03-18
2021-06-11 21:56:57 20      KOD_BBG00BVR0D02_2021-03-18
2021-06-11 21:56:57 21      KR_BBG000BMY992_2021-03-18
2021-06-11 21:56:57 23      KRG_BBG000BC2KW8_2021-03-18
2021-06-11 21:56:57 24      KRTX_BBG00NN875G0_2021-03-18
2021-06-11 21:56:57 25      KRYS_BBG00HDGRHH7_2021-03-18
2021-06-11 21:56:57 25      KSU_BBG000BMZ7P7_2021-03-18
2021-06-11 21:56:57 26      KTB_BBG00LPTHYD5_2021-03-18
2021-06-11 21:56:57 28      KWR_BBG000DZS2L9_2021-03-18
2021-06-11 21:56:57 28      L_BBG000C45984_2021-03-18
2021-06-11 21:56:57 29      LAD_BBG000K3BC83_2021-03-18
2021-06-11 21:56:57 30      LANC_BBG000BN1M88_2021-03-18
2021-06-11 21:56:57 31      LASR_BBG0020BCPX5_2021-03-18
2021-06-11 21:56:57 32      LB_BBG000BNGTQ7_2021-03-18
2021-06-11 21:56:57 34      LBRDK_BBG006GNSZW5_2021-03-18
2021-06-11 21:56:57 36      LCII_BBG000DNLMB0_2021-03-18
2021-06-11 21:56:57 36      LDOS_BBG000C23PB0_2021-03-18
2021-06-11 21:56:57 37      LEA_BBG000PTLGZ1_2021-03-18
2021-06-11 21:56:57 38      LECO_BBG000BB72K8_2021-03-18
2021-06-11 21:56:57 39      LEG_BBG000BN53G7_2021-03-18
2021-06-11 21:56:57 40      LEGH_BBG00MJDR6J9_2021-03-18
2021-06-11 21:56:57 40      LEN_BBG000BN5HF7_2021-03-18
2021-06-11 21:56:57 42      LEVI_BBG000BQDF10_2021-03-18
2021-06-11 21:56:57 43      LFC_BBG000BBK4B9_2021-03-18
2021-06-11 21:56:57 44      LFUS_BBG000BGFGT8_2021-03-18
2021-06-11 21:56:57 45      LGIH_BBG0056655S1_2021-03-18
2021-06-11 21:56:57 47      LGND_BBG000BKF014_2021-03-18
2021-06-11 21:56:57 47      LH_BBG000D9DMK0_2021-03-18
2021-06-11 21:56:57 48      LHCG_BBG000G7W420_2021-03-18
2021-06-11 21:56:57 50      LHX_BBG000BLGFJ9_2021-03-18
2021-06-11 21:56:57 51      LII_BBG000BB5B84_2021-03-18
2021-06-11 21:56:57 52      LIN_BBG00GVR8YQ9_2021-03-18
2021-06-11 21:56:57 53      LITE_BBG0073F9RT7_2021-03-18
2021-06-11 21:56:57 55      LKQ_BBG000PXDL44_2021-03-18
2021-06-11 21:56:57 57      LLY_BBG000BNBDC2_2021-03-18
2021-06-11 21:56:57 60      LMT_BBG000C1BW00_2021-03-18
2021-06-11 21:56:57 63      LNN_BBG000FJS1S8_2021-03-18
2021-06-11 21:56:57 64      LNT_BBG000DW4Q75_2021-03-18
2021-06-11 21:56:57 66      LNTH_BBG006Q52RD0_2021-03-18
2021-06-11 21:56:57 66      LOPE_BBG000FV28W9_2021-03-18
2021-06-11 21:56:57 67      LOW_BBG000BNDN65_2021-03-18
2021-06-11 21:56:57 69      LPL_BBG000FJ0RK9_2021-03-18
2021-06-11 21:56:57 70      LPLA_BBG000P2TYL8_2021-03-18
2021-06-11 21:56:57 72      LPSN_BBG000BSV0W5_2021-03-18
2021-06-11 21:56:57 73      LRCX_BBG000BNFLM9_2021-03-18
2021-06-11 21:56:57 77      LRN_BBG000QSXPZ9_2021-03-18
2021-06-11 21:56:57 78      LRN: SPYKE!. Candle: ID:1468, Time: 21:05, Close: 28.8
2021-06-11 21:56:57 78      LRN_old_TCS000QSXPZ9_2021-03-18
2021-06-11 21:56:57 78      Warning: figi `old` for history data does not match actual figi `BBG000QSXPZ9`. Ticker: LRN. Will be used actual!
2021-06-11 21:56:57 78      LSCC_BBG000C2D1C1_2021-03-18
2021-06-11 21:56:57 79      LSTR_BBG000BB2KN0_2021-03-18
2021-06-11 21:56:57 80      LTHM_BBG00LV3NRG0_2021-03-18
2021-06-11 21:56:57 82      LULU_BBG000R8ZVD1_2021-03-18
2021-06-11 21:56:57 84      LUMN_BBG000BGLRN3_2021-03-18
2021-06-11 21:56:57 86      LUV_BBG000BNJHS8_2021-03-18
2021-06-11 21:56:57 89      LVS_BBG000JWD753_2021-03-18
2021-06-11 21:56:57 91      LW_BBG003CVMLQ2_2021-03-18
2021-06-11 21:56:57 92      LYB_BBG000WCFV84_2021-03-18
2021-06-11 21:56:57 94      LYFT_BBG004M9ZHX5_2021-03-18
2021-06-11 21:56:57 98      LYV_BBG000FQ7YR4_2021-03-18
2021-06-11 21:56:58 00      M_BBG000C46HM9_2021-03-18
2021-06-11 21:56:58 02      MA_BBG000F1ZSQ2_2021-03-18
2021-06-11 21:56:58 08      MAA_BBG000BLMY92_2021-03-18
2021-06-11 21:56:58 09      MAC_BBG000BL9C59_2021-03-18
2021-06-11 21:56:58 13      MAN_BBG000BNMHS4_2021-03-18
2021-06-11 21:56:58 14      MANH_BBG000BFV758_2021-03-18
2021-06-11 21:56:58 15      MANT_BBG000BGF8B5_2021-03-18
2021-06-11 21:56:58 16      MANU_BBG0035WV4N9_2021-03-18
2021-06-11 21:56:58 17      MAR_BBG000BGD7W6_2021-03-18
2021-06-11 21:56:58 21      MAS_BBG000BNNKG9_2021-03-18
2021-06-11 21:56:58 23      MASI_BBG000C3W281_2021-03-18
2021-06-11 21:56:58 25      MAT_BBG000BNNYW1_2021-03-18
2021-06-11 21:56:58 26      MATX_BBG000BBK401_2021-03-18
2021-06-11 21:56:58 28      MBT_BBG000CSZKR2_2021-03-18
2021-06-11 21:56:58 29      MBUU_BBG005PXTR70_2021-03-18
2021-06-11 21:56:58 30      MCD_BBG000BNSZP1_2021-03-18
2021-06-11 21:56:58 32      MCHP_BBG000BHCP19_2021-03-18
2021-06-11 21:56:58 38      MCK_BBG000DYGNW7_2021-03-18
2021-06-11 21:56:58 39      MCO_BBG000F86GP6_2021-03-18
2021-06-11 21:56:58 40      MCRI_BBG000BJ0932_2021-03-18
2021-06-11 21:56:58 40      MCRI: SPYKE!. Candle: ID:9, Time: 13:30, Close: 67.08
2021-06-11 21:56:58 40      MCRI: SPYKE!. Candle: ID:10, Time: 13:30, Close: 66.41
2021-06-11 21:56:58 41      MD_BBG000H8LGK2_2021-03-18
2021-06-11 21:56:58 42      MDB_BBG0022FDRY8_2021-03-18
2021-06-11 21:56:58 44      MDGL_BBG000QS6NV8_2021-03-18
2021-06-11 21:56:58 46      MDLA_BBG001BPKGT0_2021-03-18
2021-06-11 21:56:58 47      MDLZ_BBG000D4LWF6_2021-03-18
2021-06-11 21:56:58 50      MDRX_BBG000BLDXH5_2021-03-18
2021-06-11 21:56:58 53      MDT_BBG000BNWG87_2021-03-18
2021-06-11 21:56:58 58      MED_BBG000BWBW76_2021-03-18
2021-06-11 21:56:58 59      MEDP_BBG0065B7K59_2021-03-18
2021-06-11 21:56:58 60      MEI_BBG000BNY197_2021-03-18
2021-06-11 21:56:58 60      MELI_BBG000GQPB11_2021-03-18
2021-06-11 21:56:58 63      MET_BBG000BB6KF5_2021-03-18
2021-06-11 21:56:58 67      MFGP_BBG00HFWVGN0_2021-03-18
2021-06-11 21:56:58 70      MGLN_BBG000BD6DD9_2021-03-18
2021-06-11 21:56:58 70      MGM_BBG000C2BXK4_2021-03-18
2021-06-11 21:56:58 75      MGY_BBG00GNC8DL2_2021-03-18
2021-06-11 21:56:58 76      MGY: SPYKE!. Candle: ID:30, Time: 11:00, Close: 11.61
2021-06-11 21:56:58 76      MGY: SPYKE!. Candle: ID:31, Time: 11:00, Close: 11.44
2021-06-11 21:56:58 77      MHK_BBG000FLZN98_2021-03-18
2021-06-11 21:56:58 79      MHO_BBG000BL9MZ4_2021-03-18
2021-06-11 21:56:58 79      MIDD_BBG000DQN9R3_2021-03-18
2021-06-11 21:56:58 80      MINI_BBG000BGTX98_2021-03-18
2021-06-11 21:56:58 81      MKC_BBG000G6Y5W4_2021-03-18
2021-06-11 21:56:58 82      MKL_BBG000FC7366_2021-03-18
2021-06-11 21:56:58 84      MKSI_BBG000BVMG26_2021-03-18
2021-06-11 21:56:58 85      MKTX_BBG000BJBZ23_2021-03-18
2021-06-11 21:56:58 86      MLAB_BBG000BP3PW7_2021-03-18
2021-06-11 21:56:58 87      MLCO_BBG000BHP8J4_2021-03-18
2021-06-11 21:56:58 89      MLHR_BBG000BP46T2_2021-03-18
2021-06-11 21:56:58 90      MLM_BBG000BGYMH7_2021-03-18
2021-06-11 21:56:58 91      MMC_BBG000BP4MH0_2021-03-18
2021-06-11 21:56:58 93      MMI_BBG005GBRSR6_2021-03-18
2021-06-11 21:56:58 94      MMM_BBG000BP52R2_2021-03-18
2021-06-11 21:56:58 96      MMS_BBG000BC5WJ4_2021-03-18
2021-06-11 21:56:58 97      MMSI_BBG000C42VX0_2021-03-18
2021-06-11 21:56:58 98      MNRO_BBG000C0BZD1_2021-03-18
2021-06-11 21:56:58 99      MNST_BBG008NVB1C0_2021-03-18
2021-06-11 21:56:59 02      MO_BBG000BP6LJ8_2021-03-18
2021-06-11 21:56:59 06      MOH_BBG000MBHNC8_2021-03-18
2021-06-11 21:56:59 07      MOMO_BBG007HTCQT0_2021-03-18
2021-06-11 21:56:59 14      MORN_BBG000CGQ4F7_2021-03-18
2021-06-11 21:56:59 15      MOS_BBG000BFXHL6_2021-03-18
2021-06-11 21:56:59 20      MOV_BBG000BL30Y9_2021-03-18
2021-06-11 21:56:59 20      MPC_BBG001DCCGR8_2021-03-18
2021-06-11 21:56:59 26      MPWR_BBG000C30L48_2021-03-18
2021-06-11 21:56:59 27      MRC_BBG000BKLTM1_2021-03-18
2021-06-11 21:56:59 28      MRK_BBG000BPD168_2021-03-18
2021-06-11 21:56:59 34      MRNA_BBG003PHHZT1_2021-03-18
2021-06-11 21:56:59 43      MRO_BBG000C8H633_2021-03-18
2021-06-11 21:56:59 46      MRTX_BBG004TPGBP5_2021-03-18
2021-06-11 21:56:59 48      MS_BBG000BLZRJ2_2021-03-18
2021-06-11 21:56:59 55      MSA_BBG000BPDXF8_2021-03-18
2021-06-11 21:56:59 56      MSCI_BBG000RTDY25_2021-03-18
2021-06-11 21:56:59 57      MSFT_BBG000BPH459_2021-03-18
2021-06-11 21:56:59 86      MSGE_BBG00L9HLWV8_2021-03-18
2021-06-11 21:56:59 87      MSGN_BBG000NS03H7_2021-03-18
2021-06-11 21:56:59 88      MSGS_BBG007FG0C23_2021-03-18
2021-06-11 21:56:59 88      MSI_BBG000BP8Z50_2021-03-18
2021-06-11 21:56:59 90      MSM_BBG000BCLYL9_2021-03-18
2021-06-11 21:56:59 91      MSTR_BBG000GQJPZ0_2021-03-18
2021-06-11 21:56:59 96      MTB_BBG000D9KWL9_2021-03-18
2021-06-11 21:56:59 98      MTCH_BBG00B6WH9G3_2021-03-18
2021-06-11 21:57:00 02      MTCH_old_TCS00B6WH9G3_2021-03-18
2021-06-11 21:57:00 02      Warning: figi `old` for history data does not match actual figi `BBG00B6WH9G3`. Ticker: MTCH. Will be used actual!
2021-06-11 21:57:00 03      MTD_BBG000BZCKH3_2021-03-18
2021-06-11 21:57:00 04      MTG_BBG000CBMH27_2021-03-18
2021-06-11 21:57:00 05      MTH_BBG000F4F1N0_2021-03-18
2021-06-11 21:57:00 06      MTN_BBG000BCMWM1_2021-03-18
2021-06-11 21:57:00 07      MTOR_BBG000BH92D1_2021-03-18
2021-06-11 21:57:00 08      MTRN_BBG000BDTT76_2021-03-18
2021-06-11 21:57:00 09      MU_BBG000C5Z1S3_2021-03-18
2021-06-11 21:57:00 21      MUR_BBG000BPMH90_2021-03-18
2021-06-11 21:57:00 24      MUSA_BBG001Z0Q6T5_2021-03-18
2021-06-11 21:57:00 25      MXIM_BBG000BPNP00_2021-03-18
2021-06-11 21:57:00 28      MXL_BBG000BB6R33_2021-03-18
2021-06-11 21:57:00 29      MYGN_BBG000D9H9F1_2021-03-18
2021-06-11 21:57:00 30      MYRG_BBG000BC7VW9_2021-03-18
2021-06-11 21:57:00 31      NARI_BBG009J8K7M0_2021-03-18
2021-06-11 21:57:00 34      NATI_BBG000DZK6N6_2021-03-18
2021-06-11 21:57:00 35      NAVI_BBG004MN1R41_2021-03-18
2021-06-11 21:57:00 37      NBIX_BBG000GJS7C1_2021-03-18
2021-06-11 21:57:00 38      NCBS_BBG000QK0TG5_2021-03-18
2021-06-11 21:57:00 39      NCR_BBG000BMXK89_2021-03-18
2021-06-11 21:57:00 40      NDAQ_BBG000F5VVB6_2021-03-18
2021-06-11 21:57:00 42      NDSN_BBG000BPWGR1_2021-03-18
2021-06-11 21:57:00 43      NEE_BBG000BJSBJ0_2021-03-18
2021-06-11 21:57:00 48      NEM_BBG000BPWXK1_2021-03-18
2021-06-11 21:57:00 54      NEO_BBG000BKH263_2021-03-18
2021-06-11 21:57:00 56      NEOG_BBG000C1BCK2_2021-03-18
2021-06-11 21:57:00 56      NET_BBG001WMKHH5_2021-03-18
2021-06-11 21:57:00 59      NEU_BBG000BJ5SS8_2021-03-18
2021-06-11 21:57:00 60      NEWR_BBG001NFKJ68_2021-03-18
2021-06-11 21:57:00 61      NFLX_BBG000CL9VN6_2021-03-18
2021-06-11 21:57:00 67      NGVT_BBG009LM28K6_2021-03-18
2021-06-11 21:57:00 68      NJR_BBG000BPZVW9_2021-03-18
2021-06-11 21:57:00 69      NKE_BBG000C5HS04_2021-03-18
2021-06-11 21:57:00 76      NKTR_BBG000BHCYJ1_2021-03-18
2021-06-11 21:57:00 78      NLOK_BBG000BH2JM1_2021-03-18
2021-06-11 21:57:00 79      NLSN_BBG0088CYPX8_2021-03-18
2021-06-11 21:57:00 81      NMIH_BBG005DLMMZ6_2021-03-18
2021-06-11 21:57:00 83      NOC_BBG000BQ2C28_2021-03-18
2021-06-11 21:57:00 85      NOK_BBG000BNGBW9_2021-03-18
2021-06-11 21:57:00 99      NOV_BBG000BJX8C8_2021-03-18
2021-06-11 21:57:01 01      NOW_BBG000M1R011_2021-03-18
2021-06-11 21:57:01 04      NP_BBG000QCQ764_2021-03-18
2021-06-11 21:57:01 05      NPK_BBG000BQ4GG2_2021-03-18
2021-06-11 21:57:01 06      NRG_BBG000D8RG11_2021-03-18
2021-06-11 21:57:01 12      NSC_BBG000BQ5DS5_2021-03-18
2021-06-11 21:57:01 14      NSP_BBG000BJ41X2_2021-03-18
2021-06-11 21:57:01 15      NTAP_BBG000FP1N32_2021-03-18
2021-06-11 21:57:01 17      NTCO_BBG00R4ZKPN5_2021-03-18
2021-06-11 21:57:01 18      NTCT_BBG000C136Z8_2021-03-18
2021-06-11 21:57:01 19      NTES_BBG000BX72V8_2021-03-18
2021-06-11 21:57:01 24      NTGR_BBG000C4GBR6_2021-03-18
2021-06-11 21:57:01 25      NTLA_BBG007KC7PB0_2021-03-18
2021-06-11 21:57:01 27      NTNX_BBG001NDW1Z7_2021-03-18
2021-06-11 21:57:01 30      NTRA_BBG001J1BQ86_2021-03-18
2021-06-11 21:57:01 31      NTRS_BBG000BQ74K1_2021-03-18
2021-06-11 21:57:01 33      NTUS_BBG000DPZHS3_2021-03-18
2021-06-11 21:57:01 34      NUE_BBG000BQ8KV2_2021-03-18
2021-06-11 21:57:01 37      NUS_BBG000HG21Y3_2021-03-18
2021-06-11 21:57:01 38      NUVA_BBG000LNL298_2021-03-18
2021-06-11 21:57:01 39      NVDA_BBG000BBJQV0_2021-03-18
2021-06-11 21:57:01 53      NVEE_BBG005BT60Y8_2021-03-18
2021-06-11 21:57:01 54      NVR_BBG000BQBYR3_2021-03-18
2021-06-11 21:57:01 55      NVRO_BBG001K61W36_2021-03-18
2021-06-11 21:57:01 56      NVTA_BBG005DJFD43_2021-03-18
2021-06-11 21:57:01 59      NWE_BBG000Q1NMJ4_2021-03-18
2021-06-11 21:57:01 60      NWL_BBG000BQC9V2_2021-03-18
2021-06-11 21:57:01 62      NWLI_BBG008HNHZ07_2021-03-18
2021-06-11 21:57:01 63      NWS_BBG0035M2ZB7_2021-03-18
2021-06-11 21:57:01 65      NWSA_BBG0035LY913_2021-03-18
2021-06-11 21:57:01 69      NXPI_BBG000BND699_2021-03-18
2021-06-11 21:57:01 74      NXST_BBG000DZJVH0_2021-03-18
2021-06-11 21:57:01 76      NYT_BBG000FFC0B3_2021-03-18
2021-06-11 21:57:01 77      O_BBG000DHPN63_2021-03-18
2021-06-11 21:57:01 80      OC_BBG000M44VW8_2021-03-18
2021-06-11 21:57:01 81      ODFL_BBG000CHSS88_2021-03-18
2021-06-11 21:57:01 83      OFIX_BBG000G1C210_2021-03-18
2021-06-11 21:57:01 83      OHI_BBG000BGBTC2_2021-03-18
2021-06-11 21:57:01 85      OI_BBG00R2JZG39_2021-03-18
2021-06-11 21:57:01 86      OII_BBG000CPBCL8_2021-03-18
2021-06-11 21:57:01 87      OIS_BBG000BDDN94_2021-03-18
2021-06-11 21:57:01 90      OKE_BBG000BQHGR6_2021-03-18
2021-06-11 21:57:01 92      OKTA_BBG001YV1SM4_2021-03-18
2021-06-11 21:57:01 96      OLED_BBG000BLRP41_2021-03-18
2021-06-11 21:57:01 98      OLLI_BBG0098VVDT9_2021-03-18
2021-06-11 21:57:02 01      OMC_BBG000BS9489_2021-03-18
2021-06-11 21:57:02 03      OMCL_BBG000BTNGZ4_2021-03-18
2021-06-11 21:57:02 04      ON_BBG000DV7MX4_2021-03-18
2021-06-11 21:57:02 09      ONTO_BBG000BPRN29_2021-03-18
2021-06-11 21:57:02 10      ORCL_BBG000BQLTW7_2021-03-18
2021-06-11 21:57:02 16      ORLY_BBG000BGYWY6_2021-03-18
2021-06-11 21:57:02 18      OSIS_BBG000BWPR54_2021-03-18
2021-06-11 21:57:02 19      OSK_BBG000CC53X1_2021-03-18
2021-06-11 21:57:02 20      OSUR_BBG000J3D1Y8_2021-03-18
2021-06-11 21:57:02 22      OTIS_BBG00RP60KV0_2021-03-18
2021-06-11 21:57:02 23      OVV_BBG00R2NHQ65_2021-03-18
2021-06-11 21:57:02 26      OXY_BBG000BQQ2S6_2021-03-18
2021-06-11 21:57:02 29      OXY: BuyPending. Strategy: MorningOpenStrategy. Price: 28.76. Lots: 8. ChangeOpenToCurrent: -2.51. ChangePrevCloseToCurrent: -1.13. Candle: ID:9, Time: 4:00, Close: 28.76.
2021-06-11 21:57:02 29      OXY: OrderID: 24842956. PlacedOrder. Status: New. RejectReason: 
2021-06-11 21:57:02 29      OXY: Cancel order. Did not bought at market open. Candle: ID:14, Time: 4:05, Close: 28.79
2021-06-11 21:57:02 29      OrderID: 24842956 successfully canceled
2021-06-11 21:57:02 32      PAGS_BBG00JM7QBR6_2021-03-18
2021-06-11 21:57:02 34      PANW_BBG0014GJCT9_2021-03-18
2021-06-11 21:57:02 36      PATK_BBG000BQSBB2_2021-03-18
2021-06-11 21:57:02 37      PAYC_BBG0064N0ZZ5_2021-03-18
2021-06-11 21:57:02 39      PB_BBG000BHY4D9_2021-03-18
2021-06-11 21:57:02 40      PBCT_BBG000BQT4L6_2021-03-18
2021-06-11 21:57:02 43      PBF_BBG002832GV8_2021-03-18
2021-06-11 21:57:02 47      PBH_BBG000QM0RZ4_2021-03-18
2021-06-11 21:57:02 48      PBI_BBG000BQTMJ9_2021-03-18
2021-06-11 21:57:02 49      PCAR_BBG000BQVTF5_2021-03-18
2021-06-11 21:57:02 52      PCG_BBG000BQWPC5_2021-03-18
2021-06-11 21:57:02 53      PCRX_BBG0018FQNS6_2021-03-18
2021-06-11 21:57:02 55      PCTY_BBG006598YS8_2021-03-18
2021-06-11 21:57:02 57      PD_BBG0043BYPB8_2021-03-18
2021-06-11 21:57:02 59      PDCO_BBG000BQY289_2021-03-18
2021-06-11 21:57:02 61      PEAK_BBG000BKYDP9_2021-03-18
2021-06-11 21:57:02 64      PEG_BBG000BQZMH4_2021-03-18
2021-06-11 21:57:02 66      PEGA_BBG000H1RYG7_2021-03-18
2021-06-11 21:57:02 68      PEN_BBG001BP92V1_2021-03-18
2021-06-11 21:57:02 69      PEP_BBG000DH7JK6_2021-03-18
2021-06-11 21:57:02 76      PETQ_BBG00H1CY328_2021-03-18
2021-06-11 21:57:02 77      PFE_BBG000BR2B91_2021-03-18
2021-06-11 21:57:02 81      PFG_BBG000NSCNT7_2021-03-18
2021-06-11 21:57:02 84      PFGC_BBG009XW2WB8_2021-03-18
2021-06-11 21:57:02 85      PFPT_BBG000RQ2GY7_2021-03-18
2021-06-11 21:57:02 87      PG_BBG000BR2TH3_2021-03-18
2021-06-11 21:57:02 93      PGNY_BBG002H1K1H1_2021-03-18
2021-06-11 21:57:02 95      PGR_BBG000BR37X2_2021-03-18
2021-06-11 21:57:02 97      PGTI_BBG000FX3Y66_2021-03-18
2021-06-11 21:57:02 98      PH_BBG000BR3KL6_2021-03-18
2021-06-11 21:57:02 99      PHM_BBG000BR54L0_2021-03-18
2021-06-11 21:57:03 04      PII_BBG000D5S4M0_2021-03-18
2021-06-11 21:57:03 05      PINC_BBG000G7QX50_2021-03-18
2021-06-11 21:57:03 06      PINS_BBG002583CV8_2021-03-18
2021-06-11 21:57:03 11      PIPR_BBG000FQXC75_2021-03-18
2021-06-11 21:57:03 11      PKG_BBG000BB8SW7_2021-03-18
2021-06-11 21:57:03 12      PKI_BBG000FXW512_2021-03-18
2021-06-11 21:57:03 14      PLAN_BBG002DZS299_2021-03-18
2021-06-11 21:57:03 16      PLAY_BBG001WWJTK5_2021-03-18
2021-06-11 21:57:03 18      PLCE_BBG000JK9DK4_2021-03-18
2021-06-11 21:57:03 19      PLD_BBG000B9Z0J8_2021-03-18
2021-06-11 21:57:03 21      PLNT_BBG009H04M17_2021-03-18
2021-06-11 21:57:03 22      PLTR_BBG000N7QR55_2021-03-18
2021-06-11 21:57:03 33      PLUS_BBG000HN7W02_2021-03-18
2021-06-11 21:57:03 34      PLXS_BBG000BRBX66_2021-03-18
2021-06-11 21:57:03 35      PM_BBG000J2XL74_2021-03-18
2021-06-11 21:57:03 39      PNC_BBG000BRD0D8_2021-03-18
2021-06-11 21:57:03 44      PNFP_BBG000C1XKF6_2021-03-18
2021-06-11 21:57:03 45      PNTG_BBG00P33SY72_2021-03-18
2021-06-11 21:57:03 46      PODD_BBG000R7XX87_2021-03-18
2021-06-11 21:57:03 47      POOL_BBG000BCVG28_2021-03-18
2021-06-11 21:57:03 49      POR_BBG000BCRMW7_2021-03-18
2021-06-11 21:57:03 50      POST_BBG001WTBC36_2021-03-18
2021-06-11 21:57:03 51      POWI_BBG000BTT3D1_2021-03-18
2021-06-11 21:57:03 52      PPC_BBG000BFLXV3_2021-03-18
2021-06-11 21:57:03 53      PPG_BBG000BRJ809_2021-03-18
2021-06-11 21:57:03 54      PPL_BBG000BRJL00_2021-03-18
2021-06-11 21:57:03 58      PRAA_BBG000BNTW77_2021-03-18
2021-06-11 21:57:03 59      PRAH_BBG007387YL8_2021-03-18
2021-06-11 21:57:03 61      PRFT_BBG000BVXFK6_2021-03-18
2021-06-11 21:57:03 62      PRG_BBG00VSH86G4_2021-03-18
2021-06-11 21:57:03 63      PRGS_BBG000C4QP94_2021-03-18
2021-06-11 21:57:03 64      PRI_BBG000T8ZF80_2021-03-18
2021-06-11 21:57:03 65      PRLB_BBG000BT13B3_2021-03-18
2021-06-11 21:57:03 66      PRSP_BBG00KMXKWF9_2021-03-18
2021-06-11 21:57:03 67      PRU_BBG000HCJMF9_2021-03-18
2021-06-11 21:57:03 70      PSA_BBG000BPPN67_2021-03-18
2021-06-11 21:57:03 71      PSN_BBG000C3TKY6_2021-03-18
2021-06-11 21:57:03 72      PSTG_BBG00212PVZ5_2021-03-18
2021-06-11 21:57:03 75      PSX_BBG00286S4N9_2021-03-18
2021-06-11 21:57:03 79      PTC_BBG000C2VBB0_2021-03-18
2021-06-11 21:57:03 81      PTCT_BBG000QT15P7_2021-03-18
2021-06-11 21:57:03 82      PTON_BBG00JG0FFZ2_2021-03-18
2021-06-11 21:57:03 88      PTR_BBG000BR85F1_2021-03-18
2021-06-11 21:57:03 88      PUMP_BBG00FYCQ352_2021-03-18
2021-06-11 21:57:03 90      PVH_BBG000BRRG02_2021-03-18
2021-06-11 21:57:03 91      PWR_BBG000BBL8V7_2021-03-18
2021-06-11 21:57:03 92      PXD_BBG000BXRPH1_2021-03-18
2021-06-11 21:57:03 94      PYPL_BBG0077VNXV6_2021-03-18
2021-06-11 21:57:04 07      PZZA_BBG000BFWF13_2021-03-18
2021-06-11 21:57:04 08      QADA_BBG001BP77C3_2021-03-18
2021-06-11 21:57:04 09      QCOM_BBG000CGC1X8_2021-03-18
2021-06-11 21:57:04 18      QDEL_BBG000C6GN04_2021-03-18
2021-06-11 21:57:04 22      QLYS_BBG000HT5G06_2021-03-18
2021-06-11 21:57:04 23      QNST_BBG000S9XXB8_2021-03-18
2021-06-11 21:57:04 24      QRTEA_BBG000PCQQL6_2021-03-18
2021-06-11 21:57:04 25      QRVO_BBG007TJF1N7_2021-03-18
2021-06-11 21:57:04 29      QTS_BBG0054B20Z8_2021-03-18
2021-06-11 21:57:04 30      QTWO_BBG005ZVK9P2_2021-03-18
2021-06-11 21:57:04 31      QUOT_BBG001QYNR63_2021-03-18
2021-06-11 21:57:04 32      R_BBG000BRVP70_2021-03-18
2021-06-11 21:57:04 34      RACE_BBG009PH3Q86_2021-03-18
2021-06-11 21:57:04 35      RAMP_BBG000BB4HM6_2021-03-18
2021-06-11 21:57:04 36      RARE_BBG001RWPDW6_2021-03-18
2021-06-11 21:57:04 37      RAVN_BBG000CXQTZ3_2021-03-18
2021-06-11 21:57:04 38      RBC_BBG000BRXTR8_2021-03-18
2021-06-11 21:57:04 39      RCL_BBG000BB5792_2021-03-18
2021-06-11 21:57:04 41      RDFN_BBG001Q7HP63_2021-03-18
2021-06-11 21:57:04 44      RDS.A_BBG000QXSSS6_2021-03-18
2021-06-11 21:57:04 46      RDY_BBG000NJ96L6_2021-03-18
2021-06-11 21:57:04 47      RE_BBG000C1XVK6_2021-03-18
2021-06-11 21:57:04 48      REG_BBG000BL46Q4_2021-03-18
2021-06-11 21:57:04 50      REGI_BBG0016SSV00_2021-03-18
2021-06-11 21:57:04 54      REGN_BBG000C734W3_2021-03-18
2021-06-11 21:57:04 57      RETA_BBG000R33BD1_2021-03-18
2021-06-11 21:57:04 59      REX_BBG000D2ZK61_2021-03-18
2021-06-11 21:57:04 59      REZI_BBG00HY28K89_2021-03-18
2021-06-11 21:57:04 60      RF_BBG000Q3JN03_2021-03-18
2021-06-11 21:57:04 63      RGA_BBG000BDLCQ0_2021-03-18
2021-06-11 21:57:04 64      RGEN_BBG000BS48J3_2021-03-18
2021-06-11 21:57:04 66      RGLD_BBG000BS5170_2021-03-18
2021-06-11 21:57:04 68      RGNX_BBG007Z9V591_2021-03-18
2021-06-11 21:57:04 69      RGR_BBG000C4FQG6_2021-03-18
2021-06-11 21:57:04 70      RH_BBG002293PJ4_2021-03-18
2021-06-11 21:57:04 71      RHI_BBG000BS5DR2_2021-03-18
2021-06-11 21:57:04 72      RIG_BBG000BH5LT6_2021-03-18
2021-06-11 21:57:04 79      RJF_BBG000BS73J1_2021-03-18
2021-06-11 21:57:04 81      RL_BBG000BS0ZF1_2021-03-18
2021-06-11 21:57:04 83      RMD_BBG000L4M7F1_2021-03-18
2021-06-11 21:57:04 84      RNG_BBG000J094P3_2021-03-18
2021-06-11 21:57:04 86      ROCK_BBG000BKQDQ7_2021-03-18
2021-06-11 21:57:04 88      ROG_BBG000BS9HN3_2021-03-18
2021-06-11 21:57:04 89      ROK_BBG000BBCDZ2_2021-03-18
2021-06-11 21:57:04 91      ROKU_BBG001ZZPQJ6_2021-03-18
2021-06-11 21:57:04 95      ROL_BBG000BSBBP1_2021-03-18
2021-06-11 21:57:04 96      ROLL_BBG000GMGNB3_2021-03-18
2021-06-11 21:57:04 97      ROP_BBG000F1ZSN5_2021-03-18
2021-06-11 21:57:04 98      ROST_BBG000BSBZH7_2021-03-18
2021-06-11 21:57:05 01      RPD_BBG009DFHWG6_2021-03-18
2021-06-11 21:57:05 04      RPM_BBG000DCNK80_2021-03-18
2021-06-11 21:57:05 05      RRBI_BBG000QKNLB2_2021-03-18
2021-06-11 21:57:05 06      RRC_BBG000FVXD63_2021-03-18
2021-06-11 21:57:05 09      RRGB_BBG000MXH9C1_2021-03-18
2021-06-11 21:57:05 09      RS_BBG000CJ2181_2021-03-18
2021-06-11 21:57:05 11      RSG_BBG000BPXVJ6_2021-03-18
2021-06-11 21:57:05 13      RTX_BBG000BW8S60_2021-03-18
2021-06-11 21:57:05 16      RVLV_BBG00M4RHBD0_2021-03-18
2021-06-11 21:57:05 17      RXN_BBG000H8R0N8_2021-03-18
2021-06-11 21:57:05 18      RYN_BBG000BG7L34_2021-03-18
2021-06-11 21:57:05 19      RYTM_BBG007DLZ601_2021-03-18
2021-06-11 21:57:05 21      SAFM_BBG000BSHJ96_2021-03-18
2021-06-11 21:57:05 22      SAGE_BBG0025X16Y5_2021-03-18
2021-06-11 21:57:05 24      SAIA_BBG000P5LMQ0_2021-03-18
2021-06-11 21:57:05 25      SAIC_BBG003BW05K6_2021-03-18
2021-06-11 21:57:05 26      SAIL_BBG00J0BBZL0_2021-03-18
2021-06-11 21:57:05 28      SAM_BBG000BCZBF1_2021-03-18
2021-06-11 21:57:05 28      SAVE_BBG000BF6RQ9_2021-03-18
2021-06-11 21:57:05 32      SBAC_BBG000D2M0Z7_2021-03-18
2021-06-11 21:57:05 33      SBCF_BBG000KK3464_2021-03-18
2021-06-11 21:57:05 35      SBGI_BBG000F2XXP2_2021-03-18
2021-06-11 21:57:05 36      SBH_BBG000LR8515_2021-03-18
2021-06-11 21:57:05 37      SBH: SPYKE!. Candle: ID:2038, Time: 20:10, Close: 20.99
2021-06-11 21:57:05 37      SBRA_BBG000MTDW24_2021-03-18
2021-06-11 21:57:05 39      SBUX_BBG000CTQBF3_2021-03-18
2021-06-11 21:57:05 45      SCCO_BBG000BSHH72_2021-03-18
2021-06-11 21:57:05 46      SCHW_BBG000BSLZY7_2021-03-18
2021-06-11 21:57:05 50      SCI_BBG000BTHH16_2021-03-18
2021-06-11 21:57:05 51      SCSC_BBG000BHTPZ4_2021-03-18
2021-06-11 21:57:05 52      SDGR_BBG000T88BN2_2021-03-18
2021-06-11 21:57:05 55      SEDG_BBG0084BBZY6_2021-03-18
2021-06-11 21:57:05 58      SEE_BBG000C22QV7_2021-03-18
2021-06-11 21:57:05 60      SEIC_BBG000BSQLT9_2021-03-18
2021-06-11 21:57:05 61      SERV_TCS002WMH2F2_2021-03-18
2021-06-11 21:57:05 61      SF_BBG000BSS5C0_2021-03-18
2021-06-11 21:57:05 62      SFIX_BBG0046L1KL9_2021-03-18
2021-06-11 21:57:05 65      SFM_BBG001KFKQM7_2021-03-18
2021-06-11 21:57:05 67      SGEN_BBG000BH0FR6_2021-03-18
2021-06-11 21:57:05 68      SGEN_old_TCS000BH0FR6_2021-03-18
2021-06-11 21:57:05 68      Warning: figi `old` for history data does not match actual figi `BBG000BH0FR6`. Ticker: SGEN. Will be used actual!
2021-06-11 21:57:05 69      SHAK_BBG0063GCHH8_2021-03-18
2021-06-11 21:57:05 70      SHEN_BBG000BTC2N0_2021-03-18
2021-06-11 21:57:05 71      SHI_BBG000BHR1H9_2021-03-18
2021-06-11 21:57:05 71      SHW_BBG000BSXQV7_2021-03-18
2021-06-11 21:57:05 73      SIG_BBG000C4ZZ10_2021-03-18
2021-06-11 21:57:05 75      SIGI_BBG000BSZ738_2021-03-18
2021-06-11 21:57:05 76      SITE_BBG009T22D49_2021-03-18
2021-06-11 21:57:05 76      SIVB_BBG000BT0CM2_2021-03-18
2021-06-11 21:57:05 79      SJI_BBG000BT0T72_2021-03-18
2021-06-11 21:57:05 82      SJM_BBG000BT1715_2021-03-18
2021-06-11 21:57:05 83      SKM_BBG000BLN497_2021-03-18
2021-06-11 21:57:05 83      SKX_BBG000C4HKK2_2021-03-18
2021-06-11 21:57:05 85      SLAB_BBG000BB99S3_2021-03-18
2021-06-11 21:57:05 86      SLAB: SPYKE!. Candle: ID:3, Time: 13:30, Close: 148.25
2021-06-11 21:57:05 86      SLB_BBG000BT41Q8_2021-03-18
2021-06-11 21:57:05 90      SLG_BBG000BVP5P2_2021-03-18
2021-06-11 21:57:05 91      SMAR_BBG00GQK3WB5_2021-03-18
2021-06-11 21:57:05 93      SMG_BBG000BT5PG5_2021-03-18
2021-06-11 21:57:05 94      SMPL_BBG00GVP5JL4_2021-03-18
2021-06-11 21:57:05 95      SMTC_BBG000DBKR53_2021-03-18
2021-06-11 21:57:05 97      SNA_BBG000BT7JW9_2021-03-18
2021-06-11 21:57:05 98      SNAP_BBG00441QMJ7_2021-03-18
2021-06-11 21:57:06 05      SNBR_BBG000DM2BF3_2021-03-18
2021-06-11 21:57:06 07      SNPS_BBG000BSFRF3_2021-03-18
2021-06-11 21:57:06 10      SNX_BBG000CL9JV4_2021-03-18
2021-06-11 21:57:06 11      SNY_BBG000BBD5N1_2021-03-18
2021-06-11 21:57:06 12      SO_BBG000BT9DW0_2021-03-18
2021-06-11 21:57:06 16      SOHU_BBG00L2DB535_2021-03-18
2021-06-11 21:57:06 17      SON_BBG000D7HF89_2021-03-18
2021-06-11 21:57:06 18      SONO_BBG001JZPSQ2_2021-03-18
2021-06-11 21:57:06 20      SONO: SPYKE!. Candle: ID:7089, Time: 20:05, Close: 40.4
2021-06-11 21:57:06 20      SONO: SPYKE!. Candle: ID:7091, Time: 20:05, Close: 42.25
2021-06-11 21:57:06 20      SONO: SPYKE!. Candle: ID:7102, Time: 20:25, Close: 41.91
2021-06-11 21:57:06 21      SP_BBG000BJ91B1_2021-03-18
2021-06-11 21:57:06 22      SPB@US_BBG000DS5588_2021-03-18
2021-06-11 21:57:06 23      SPCE_BBG00HTN2CQ3_2021-03-18
2021-06-11 21:57:06 39      SPG_BBG000BJ2D31_2021-03-18
2021-06-11 21:57:06 41      SPGI_BBG000BP1Q11_2021-03-18
2021-06-11 21:57:06 43      SPLK_BBG001C7TST4_2021-03-18
2021-06-11 21:57:06 47      SPOT_BBG003T4VFC2_2021-03-18
2021-06-11 21:57:06 50      SPR_BBG000PRJ2Z9_2021-03-18
2021-06-11 21:57:06 53      SPSC_BBG000PZGB75_2021-03-18
2021-06-11 21:57:06 54      SQ_BBG0018SLC07_2021-03-18
2021-06-11 21:57:06 62      SRC_BBG0027Z6X10_2021-03-18
2021-06-11 21:57:06 63      SRCL_BBG000H3FZM6_2021-03-18
2021-06-11 21:57:06 64      SRDX_BBG000BZ2QG2_2021-03-18
2021-06-11 21:57:06 65      SRE_BBG000C2ZCH8_2021-03-18
2021-06-11 21:57:06 67      SRI_BBG000BB9Q78_2021-03-18
2021-06-11 21:57:06 67      SRPT_BBG000BCJ161_2021-03-18
2021-06-11 21:57:06 71      SSD_BBG000JLC8L8_2021-03-18
2021-06-11 21:57:06 72      SSNC_BBG000RJ2J04_2021-03-18
2021-06-11 21:57:06 74      SSTK_BBG002ZCK2V9_2021-03-18
2021-06-11 21:57:06 75      STAA_BBG000C4QB95_2021-03-18
2021-06-11 21:57:06 76      STAG_BBG000BGLFP7_2021-03-18
2021-06-11 21:57:06 77      STLD_BBG000HGYNZ9_2021-03-18
2021-06-11 21:57:06 80      STMP_BBG000CZ4KF3_2021-03-18
2021-06-11 21:57:06 82      STRA_BBG000GRZDV1_2021-03-18
2021-06-11 21:57:06 83      STT_BBG000BKFBD7_2021-03-18
2021-06-11 21:57:06 85      STX_BBG000F0KF42_2021-03-18
2021-06-11 21:57:06 85      Warning: figi `BBG000F0KF42` for history data does not match actual figi `BBG0113JGQF0`. Ticker: STX. Will be used actual!
2021-06-11 21:57:06 88      STZ_BBG000J1QLT0_2021-03-18
2021-06-11 21:57:06 90      SUPN_BBG000BP0HX7_2021-03-18
2021-06-11 21:57:06 90      SWAV_BBG005XVXML5_2021-03-18
2021-06-11 21:57:06 91      SWBI_BBG000BM0QL7_2021-03-18
2021-06-11 21:57:06 93      SWCH_BBG00HPDM5Z2_2021-03-18
2021-06-11 21:57:06 95      SWI_BBG00M1CKSK7_2021-03-18
2021-06-11 21:57:06 96      SWK_BBG000BTQR96_2021-03-18
2021-06-11 21:57:06 98      SWKS_BBG000KLB4Q1_2021-03-18
2021-06-11 21:57:07 01      SWN_BBG000BTR593_2021-03-18
2021-06-11 21:57:07 04      SWX_BBG00FWP4JW4_2021-03-18
2021-06-11 21:57:07 06      SXI_BBG000BTT5B8_2021-03-18
2021-06-11 21:57:07 06      SXT_BBG000J79P80_2021-03-18
2021-06-11 21:57:07 07      SYF_BBG00658F3P3_2021-03-18
2021-06-11 21:57:07 12      SYK_BBG000DN7P92_2021-03-18
2021-06-11 21:57:07 14      SYKE_BBG000BBHPV4_2021-03-18
2021-06-11 21:57:07 15      SYNA_BBG000BQV1S2_2021-03-18
2021-06-11 21:57:07 16      SYNH_BBG0078Y1D92_2021-03-18
2021-06-11 21:57:07 17      SYNH: SPYKE!. Candle: ID:8, Time: 13:30, Close: 76.6
2021-06-11 21:57:07 18      SYY_BBG000BTVJ25_2021-03-18
2021-06-11 21:57:07 20      T_BBG000BSJK37_2021-03-18
2021-06-11 21:57:07 24      TAK_BBG000LF8708_2021-03-18
2021-06-11 21:57:07 25      TAL_BBG0016XJ8S0_2021-03-18
2021-06-11 21:57:07 28      TAP_BBG000BS7KS3_2021-03-18
2021-06-11 21:57:07 30      TCBI_BBG000DN4ZT1_2021-03-18
2021-06-11 21:57:07 31      TCMD_BBG001B12Z39_2021-03-18
2021-06-11 21:57:07 33      TCRR_BBG00FH3FM15_2021-03-18
2021-06-11 21:57:07 34      TCS_BBG005DXJS36_2021-03-18
2021-06-11 21:57:07 35      TCX_BBG000L69KL5_2021-03-18
2021-06-11 21:57:07 36      TDC_BBG000R0L5J4_2021-03-18
2021-06-11 21:57:07 38      TDG_BBG000L8CBX4_2021-03-18
2021-06-11 21:57:07 39      TDOC_BBG0019T5SG0_2021-03-18
2021-06-11 21:57:07 43      TDS_BBG000BV0VK7_2021-03-18
2021-06-11 21:57:07 45      TDY_BBG000BMT9T6_2021-03-18
2021-06-11 21:57:07 46      TECH_BBG000C15114_2021-03-18
2021-06-11 21:57:07 47      TEL_BBG000RGM5P1_2021-03-18
2021-06-11 21:57:07 49      TENB_BBG00LBLCD02_2021-03-18
2021-06-11 21:57:07 51      TER_BBG000BV4DR6_2021-03-18
2021-06-11 21:57:07 53      TFC_BBG000BYYLS8_2021-03-18
2021-06-11 21:57:07 57      TFX_BBG000BV59Y6_2021-03-18
2021-06-11 21:57:07 58      TGNA_BBG000BK5DP1_2021-03-18
2021-06-11 21:57:07 59      TGT_BBG000H8TVT2_2021-03-18
2021-06-11 21:57:07 62      THG_BBG000FJH8W0_2021-03-18
2021-06-11 21:57:07 63      THO_BBG000BV6R84_2021-03-18
2021-06-11 21:57:07 65      THRM_BBG000BQLM34_2021-03-18
2021-06-11 21:57:07 66      THS_BBG000GQGJT4_2021-03-18
2021-06-11 21:57:07 67      TJX_BBG000BV8DN6_2021-03-18
2021-06-11 21:57:07 70      TKR_BBG000BV95H9_2021-03-18
2021-06-11 21:57:07 70      TMHC_BBG003PGJHP5_2021-03-18
2021-06-11 21:57:07 72      TMO_BBG000BVDLH9_2021-03-18
2021-06-11 21:57:07 74      TMUS_BBG000NDV1D4_2021-03-18
2021-06-11 21:57:07 77      TMX_BBG002WMH2F2_2021-03-18
2021-06-11 21:57:07 78      TNC_BBG000JCZJS2_2021-03-18
2021-06-11 21:57:07 79      TNDM_BBG0019V9M65_2021-03-18
2021-06-11 21:57:07 81      TNET_BBG000BR2040_2021-03-18
2021-06-11 21:57:07 82      TOL_BBG000BVHBM1_2021-03-18
2021-06-11 21:57:07 85      TOT_BBG000CHZ857_2021-03-18
2021-06-11 21:57:07 87      TPH_BBG0016YQTR5_2021-03-18
2021-06-11 21:57:07 89      TPIC_BBG0016MQ7C5_2021-03-18
2021-06-11 21:57:07 91      TPR_BBG000BY29C7_2021-03-18
2021-06-11 21:57:07 94      TPTX_BBG00NPL9WH7_2021-03-18
2021-06-11 21:57:07 95      TPX_BBG000PXGT62_2021-03-18
2021-06-11 21:57:07 97      TREE_BBG000TVRB50_2021-03-18
2021-06-11 21:57:07 98      TREX_BBG000BTGKK9_2021-03-18
2021-06-11 21:57:08 00      TRHC_BBG00BT7PPY8_2021-03-18
2021-06-11 21:57:08 02      TRIP_BBG001M8HHB7_2021-03-18
2021-06-11 21:57:08 06      TRMB_BBG000BNPS52_2021-03-18
2021-06-11 21:57:08 12      TROW_BBG000BVMPN3_2021-03-18
2021-06-11 21:57:08 15      TRU_BBG002Q7J5Z1_2021-03-18
2021-06-11 21:57:08 16      TRUP_BBG002BC7WC5_2021-03-18
2021-06-11 21:57:08 18      TRV_BBG000BJ81C1_2021-03-18
2021-06-11 21:57:08 20      TSCO_BBG000BLXZN1_2021-03-18
2021-06-11 21:57:08 23      TSLA_BBG000N9MNX3_2021-03-18
2021-06-11 21:57:08 75      TSM_BBG000BD8ZK0_2021-03-18
2021-06-11 21:57:08 83      TSN_BBG000DKCC19_2021-03-18
2021-06-11 21:57:08 85      TSS_BBG000C1JTL6_2021-03-18
2021-06-11 21:57:08 86      TT_BBG000BM6788_2021-03-18
2021-06-11 21:57:08 87      TTC_BBG000BVQRY3_2021-03-18
2021-06-11 21:57:08 89      TTD_BBG00629NGT2_2021-03-18
2021-06-11 21:57:08 91      TTEK_BBG000BYZ0Q5_2021-03-18
2021-06-11 21:57:08 93      TTM_BBG000PVGDH9_2021-03-18
2021-06-11 21:57:08 94      TTMI_BBG000BYQ0B1_2021-03-18
2021-06-11 21:57:08 95      TTWO_BBG000BS1YV5_2021-03-18
2021-06-11 21:57:08 98      TW_BBG00NK8H8T2_2021-03-18
2021-06-11 21:57:08 99      TWLO_BBG0029ZX840_2021-03-18
2021-06-11 21:57:09 03      TWNK_BBG00B6KGNN1_2021-03-18
2021-06-11 21:57:09 05      TWOU_BBG001KS9450_2021-03-18
2021-06-11 21:57:09 07      TWTR_BBG000H6HNW3_2021-03-18
2021-06-11 21:57:09 14      TXG_BBG007WX14X0_2021-03-18
2021-06-11 21:57:09 17      TXN_BBG000BVV7G1_2021-03-18
2021-06-11 21:57:09 21      TXRH_BBG000PSJMV7_2021-03-18
2021-06-11 21:57:09 25      TXT_BBG000BVVQQ8_2021-03-18
2021-06-11 21:57:09 26      TYL_BBG000BVWZF9_2021-03-18
2021-06-11 21:57:09 27      UA_BBG009DTD8H2_2021-03-18
2021-06-11 21:57:09 29      UAA_BBG000BXM6V2_2021-03-18
2021-06-11 21:57:09 32      UAL_BBG000M65M61_2021-03-18
2021-06-11 21:57:09 42      UBER_BBG002B04MT8_2021-03-18
2021-06-11 21:57:09 49      UCTT_BBG000HSLV70_2021-03-18
2021-06-11 21:57:09 50      UDR_BBG000C41023_2021-03-18
2021-06-11 21:57:09 53      UFPI_BBG000BL0T06_2021-03-18
2021-06-11 21:57:09 54      UFS_BBG000BHFHP8_2021-03-18
2021-06-11 21:57:09 55      UGI_BBG000BVYN55_2021-03-18
2021-06-11 21:57:09 56      UHS_BBG000CB8Q50_2021-03-18
2021-06-11 21:57:09 58      UI_BBG001R72SR9_2021-03-18
2021-06-11 21:57:09 58      ULTA_BBG00FWQ4VD6_2021-03-18
2021-06-11 21:57:09 60      UMBF_BBG000DD8WX1_2021-03-18
2021-06-11 21:57:09 62      UNF_BBG000BW29L1_2021-03-18
2021-06-11 21:57:09 65      UNH_BBG000CH5208_2021-03-18
2021-06-11 21:57:09 68      UNM_BBG000BW2QX0_2021-03-18
2021-06-11 21:57:09 70      UNP_BBG000BW3299_2021-03-18
2021-06-11 21:57:09 72      UNVR_BBG000BDHD29_2021-03-18
2021-06-11 21:57:09 74      UPS_BBG000L9CV04_2021-03-18
2021-06-11 21:57:09 78      UPWK_BBG00FBJ6390_2021-03-18
2021-06-11 21:57:09 81      URBN_BBG000BL79J3_2021-03-18
2021-06-11 21:57:09 84      URI_BBG000BXMFC3_2021-03-18
2021-06-11 21:57:09 85      USB_BBG000FFDM15_2021-03-18
2021-06-11 21:57:09 90      USFD_BBG00C6H6D40_2021-03-18
2021-06-11 21:57:09 92      USM_BBG000BW6P59_2021-03-18
2021-06-11 21:57:09 93      USNA_BBG000BX28M0_2021-03-18
2021-06-11 21:57:09 93      USPH_BBG000CSRSG6_2021-03-18
2021-06-11 21:57:09 94      UTHR_BBG000BV4XJ1_2021-03-18
2021-06-11 21:57:09 96      UTL_BBG000BW7X97_2021-03-18
2021-06-11 21:57:09 96      UTX_BBG0089KM290_2021-03-18
2021-06-11 21:57:09 97      V_BBG000PSKYX7_2021-03-18
2021-06-11 21:57:10 03      VAC_BBG001J2R5H3_2021-03-18
2021-06-11 21:57:10 04      VALE_BBG000BN5LG7_2021-03-18
2021-06-11 21:57:10 07      VC_BBG0016T3GQ0_2021-03-18
2021-06-11 21:57:10 11      VCEL_BBG000BDCM24_2021-03-18
2021-06-11 21:57:10 15      VCRA_BBG00179VSY7_2021-03-18
2021-06-11 21:57:10 17      VCYT_BBG001J2M542_2021-03-18
2021-06-11 21:57:10 21      VEEV_BBG001CGB489_2021-03-18
2021-06-11 21:57:10 24      VEON_BBG000QCW561_2021-03-18
2021-06-11 21:57:10 27      VFC_BBG000BWCKB6_2021-03-18
2021-06-11 21:57:10 33      VG_BBG000BRB5D9_2021-03-18
2021-06-11 21:57:10 36      VIAC_BBG000C496P7_2021-03-18
2021-06-11 21:57:10 48      VICR_BBG000C3VHF1_2021-03-18
2021-06-11 21:57:10 49      VIE_BBG00K6P5XM1_2021-03-18
2021-06-11 21:57:10 49      VIPS_BBG002NLDLV8_2021-03-18
2021-06-11 21:57:10 53      VIR_BBG00H2QQ8T5_2021-03-18
2021-06-11 21:57:10 57      VLO_BBG000BBGGQ1_2021-03-18
2021-06-11 21:57:10 65      VMC_BBG000BWGYF8_2021-03-18
2021-06-11 21:57:10 66      VMI_BBG000BWB7V4_2021-03-18
2021-06-11 21:57:10 68      VMW_BBG000BC9938_2021-03-18
2021-06-11 21:57:10 70      VNDA_BBG000HT5MG6_2021-03-18
2021-06-11 21:57:10 71      VNE_BBG00K4MPP27_2021-03-18
2021-06-11 21:57:10 75      VNO_BBG000BWHD54_2021-03-18
2021-06-11 21:57:10 77      VNT_BBG00RRGSJR4_2021-03-18
2021-06-11 21:57:10 81      VPG_BBG000PRQ0V9_2021-03-18
2021-06-11 21:57:10 82      VREX_BBG00CZNLR47_2021-03-18
2021-06-11 21:57:10 83      VRNS_BBG001Y04TN6_2021-03-18
2021-06-11 21:57:10 84      VRNT_BBG000BCBYT2_2021-03-18
2021-06-11 21:57:10 87      VRSK_BBG000BCZL41_2021-03-18
2021-06-11 21:57:10 90      VRSN_BBG000BGKHZ3_2021-03-18
2021-06-11 21:57:10 93      VRTS_BBG000DMFQS2_2021-03-18
2021-06-11 21:57:10 94      VRTV_BBG005XZHR97_2021-03-18
2021-06-11 21:57:10 96      VRTX_BBG000C1S2X2_2021-03-18
2021-06-11 21:57:10 99      VTR_BBG000FRVHB9_2021-03-18
2021-06-11 21:57:11 01      VTRS_BBG00Y4RQNH4_2021-03-18
2021-06-11 21:57:11 07      VZ_BBG000HS77T5_2021-03-18
2021-06-11 21:57:11 13      W_BBG001B17MV2_2021-03-18
2021-06-11 21:57:11 17      WAB_BBG000BDD940_2021-03-18
2021-06-11 21:57:11 20      WAL_BBG000Q1KFH4_2021-03-18
2021-06-11 21:57:11 23      WAT_BBG000FQRVM3_2021-03-18
2021-06-11 21:57:11 26      WAT: SPYKE!. Candle: ID:9, Time: 13:35, Close: 265.5
2021-06-11 21:57:11 26      WB_BBG0065XPGX9_2021-03-18
2021-06-11 21:57:11 34      WBA_BBG000BWLMJ4_2021-03-18
2021-06-11 21:57:11 37      WCC_BBG000D0FNV3_2021-03-18
2021-06-11 21:57:11 38      WDAY_BBG000VC0T95_2021-03-18
2021-06-11 21:57:11 41      WDC_BBG000BWNFZ9_2021-03-18
2021-06-11 21:57:11 44      WDFC_BBG000BWNV93_2021-03-18
2021-06-11 21:57:11 47      WEC_BBG000BWP7D9_2021-03-18
2021-06-11 21:57:11 50      WELL_BBG000BKY1G5_2021-03-18
2021-06-11 21:57:11 52      WERN_BBG000BWPP85_2021-03-18
2021-06-11 21:57:11 54      WEX_BBG000BVZP59_2021-03-18
2021-06-11 21:57:11 55      WFC_BBG000BWQFY7_2021-03-18
2021-06-11 21:57:11 67      WGO_BBG000BWS3F3_2021-03-18
2021-06-11 21:57:11 69      WH_BBG00HCY3Q67_2021-03-18
2021-06-11 21:57:11 70      WHD_BBG00JRH1P95_2021-03-18
2021-06-11 21:57:11 71      WHR_BBG000BWSV34_2021-03-18
2021-06-11 21:57:11 74      WING_BBG008N298Y8_2021-03-18
2021-06-11 21:57:11 76      WK_BBG007BVZ8H9_2021-03-18
2021-06-11 21:57:11 78      WLK_BBG000PXZFW2_2021-03-18
2021-06-11 21:57:11 79      WLTW_BBG000DB3KT1_2021-03-18
2021-06-11 21:57:11 81      WM_BBG000BWVSR1_2021-03-18
2021-06-11 21:57:11 86      WMB_BBG000BWVCP8_2021-03-18
2021-06-11 21:57:11 87      WMT_BBG000BWXBC2_2021-03-18
2021-06-11 21:57:11 92      WOR_BBG000HL7499_2021-03-18
2021-06-11 21:57:11 93      WORK_BBG007G7V505_2021-03-18
2021-06-11 21:57:11 95      WRB_BBG000BD1HP2_2021-03-18
2021-06-11 21:57:11 96      WRK_BBG008NXC572_2021-03-18
2021-06-11 21:57:11 98      WRLD_BBG000C3G9J2_2021-03-18
2021-06-11 21:57:11 99      WSC_BBG00B0FS947_2021-03-18
2021-06-11 21:57:12 00      WSM_BBG000FSMWC3_2021-03-18
2021-06-11 21:57:12 03      WSO_BBG000DJN7L9_2021-03-18
2021-06-11 21:57:12 04      WST_BBG000BX24N8_2021-03-18
2021-06-11 21:57:12 06      WTFC_BBG000HD3DW5_2021-03-18
2021-06-11 21:57:12 07      WTS_BBG000C4Z6C2_2021-03-18
2021-06-11 21:57:12 08      WTTR_BBG00G4Y2DC1_2021-03-18
2021-06-11 21:57:12 08      WTTR: BuyPending. Strategy: MorningOpenStrategy. Price: 6.03. Lots: 41. ChangeOpenToCurrent: -2.43. ChangePrevCloseToCurrent: 0. Candle: ID:9, Time: 7:00, Close: 6.03.
2021-06-11 21:57:12 08      WTTR: OrderID: b09c680b. PlacedOrder. Status: New. RejectReason: 
2021-06-11 21:57:12 08      WTTR: OrderID: b09c680b partially executed. Executed lots: 1. OrderStatus: 1/41 lots
2021-06-11 21:57:12 08      WTTR: OrderID: b09c680b partially executed. Executed lots: 1. OrderStatus: 2/41 lots
2021-06-11 21:57:12 08      WTTR: OrderID: b09c680b partially executed. Executed lots: 2. OrderStatus: 4/41 lots
2021-06-11 21:57:12 08      WTTR: OrderID: b09c680b partially executed. Executed lots: 2. OrderStatus: 6/41 lots
2021-06-11 21:57:12 08      WTTR: OrderID: b09c680b partially executed. Executed lots: 3. OrderStatus: 9/41 lots
2021-06-11 21:57:12 08      WTTR: OrderID: b09c680b partially executed. Executed lots: 2. OrderStatus: 11/41 lots
2021-06-11 21:57:12 08      WTTR: OrderID: b09c680b partially executed. Executed lots: 1. OrderStatus: 12/41 lots
2021-06-11 21:57:12 08      WTTR: OrderID: b09c680b partially executed. Executed lots: 1. OrderStatus: 13/41 lots
2021-06-11 21:57:12 08      WTTR: OrderID: b09c680b partially executed. Executed lots: 1. OrderStatus: 14/41 lots
2021-06-11 21:57:12 08      WTTR: OrderID: b09c680b partially executed. Executed lots: 1. OrderStatus: 15/41 lots
2021-06-11 21:57:12 08      WTTR: OrderID: b09c680b partially executed. Executed lots: 1. OrderStatus: 16/41 lots
2021-06-11 21:57:12 08      WTTR: OrderID: b09c680b fully executed
2021-06-11 21:57:12 08      WTTR: Morning closing by timeout. Close price: 6. Lots: 41. Profit: -0.03(-0.50%). Candle: ID:66, Time: 7:25, Close: 6
2021-06-11 21:57:12 08      WTTR: OrderID: 5ad9fbf2. PlacedOrder. Status: New. RejectReason: 
2021-06-11 21:57:12 09      WTTR: OrderID: 5ad9fbf2 fully executed
2021-06-11 21:57:12 09      WU_BBG000BB5373_2021-03-18
2021-06-11 21:57:12 12      WWD_BBG000BD53V2_2021-03-18
2021-06-11 21:57:12 13      WWE_BBG000F5YH15_2021-03-18
2021-06-11 21:57:12 14      WWW_BBG000BX2YN2_2021-03-18
2021-06-11 21:57:12 16      WY_BBG000BX3BL3_2021-03-18
2021-06-11 21:57:12 18      WYNN_BBG000LD9JQ8_2021-03-18
2021-06-11 21:57:12 21      XEC_BBG000D6L294_2021-03-18
2021-06-11 21:57:12 23      XEL_BBG000BCTQ65_2021-03-18
2021-06-11 21:57:12 27      XLNX_BBG000C0F570_2021-03-18
2021-06-11 21:57:12 33      XLRN_BBG000R5HWZ1_2021-03-18
2021-06-11 21:57:12 34      XNCR_BBG0026ZG4W0_2021-03-18
2021-06-11 21:57:12 36      XOM_BBG000GZQ728_2021-03-18
2021-06-11 21:57:12 47      XPO_BBG000L5CJF3_2021-03-18
2021-06-11 21:57:12 48      XRAY_BBG000BX57K1_2021-03-18
2021-06-11 21:57:12 51      XRX_BBG00NNG2ZJ8_2021-03-18
2021-06-11 21:57:12 52      XYL_BBG001D8R5D0_2021-03-18
2021-06-11 21:57:12 54      Y_BBG000BX6BJ3_2021-03-18
2021-06-11 21:57:12 56      YELP_BBG000Q2HM09_2021-03-18
2021-06-11 21:57:12 57      YETI_BBG00D8JC882_2021-03-18
2021-06-11 21:57:12 58      YEXT_BBG001MKZGY7_2021-03-18
2021-06-11 21:57:12 59      YUM_BBG000BH3GZ2_2021-03-18
2021-06-11 21:57:12 62      YUMC_BBG00B8N0HG1_2021-03-18
2021-06-11 21:57:12 63      YY_BBG003H0XV18_2021-03-18
2021-06-11 21:57:12 64      Z_BBG009NRSWJ4_2021-03-18
2021-06-11 21:57:12 70      ZBH_BBG000BKPL53_2021-03-18
2021-06-11 21:57:12 72      ZBRA_BBG000CC7LQ7_2021-03-18
2021-06-11 21:57:12 74      ZEN_BBG001HRFJG4_2021-03-18
2021-06-11 21:57:12 76      ZG_BBG000D13GN8_2021-03-18
2021-06-11 21:57:12 78      ZGNX_BBG000VDC3G9_2021-03-18
2021-06-11 21:57:12 80      ZI_BBG00S1HJ3M8_2021-03-18
2021-06-11 21:57:12 82      ZION_BBG000BX9WL1_2021-03-18
2021-06-11 21:57:12 85      ZM_BBG0042V6JM8_2021-03-18
2021-06-11 21:57:12 92      ZNH_BBG000BXQ7R1_2021-03-18
2021-06-11 21:57:12 93      ZS_BBG003338H34_2021-03-18
2021-06-11 21:57:12 97      ZTS_BBG0039320N9_2021-03-18
2021-06-11 21:57:12 99      ZUMZ_BBG000PYX812_2021-03-18
2021-06-11 21:57:13 00      ZUO_BBG000BT3HG5_2021-03-18
2021-06-11 21:57:13 01      ZYNE_BBG007BBS8B7_2021-03-18
2021-06-11 21:57:13 11      ZYXI_BBG000BJBXZ2_2021-03-18
2021-06-11 21:57:13 12      Total candles read: 5942512
2021-06-11 21:57:13 13      Start DisposeAsync...
2021-06-11 21:57:13 13      Trade statistic. Total/Pos/Neg/(ratio): 5/3/2/(1.5); Profit: 4.50/0.90; Volume: 0; MaxVolume: 247.23; Commission: 1.167020;
2021-06-11 21:57:13 13      BaseBot::DisposeAsync...
2021-06-11 21:57:13 13      BaseBot::DisposeAsync done!
2021-06-11 21:57:13 13      End DisposeAsync...
