2021-07-04 23:33:05 30      mode=TestTradeBot;CopyDDDDData=true;DumpQuotes=false;SubscribeQuotes=false;Strategies=MorningOpenStrategy;Token=token.txt;ConfigPath=usd.json;OutputFolder=.\new\;CandlesPath=C:\tinkoff\TestData\RawQuotes\5m\uncompressed\quotes_2021-03-22;
2021-07-04 23:33:05 30      Trade bot created
2021-07-04 23:33:05 32      Fake connection created
2021-07-04 23:33:05 43      Loaded 142 liquid instruments
2021-07-04 23:33:06 02      List of disabled tickers: 
2021-07-04 23:33:06 03      A_BBG000C2V3D6_2021-03-22
2021-07-04 23:33:06 09      AA_BBG00B3T3HD3_2021-03-22
2021-07-04 23:33:06 13      AAL_BBG005P7Q881_2021-03-22
2021-07-04 23:33:06 23      AAN_BBG00WCNDCZ6_2021-03-22
2021-07-04 23:33:06 24      AAON_BBG000C2LZP3_2021-03-22
2021-07-04 23:33:06 25      AAP_BBG000F7RCJ1_2021-03-22
2021-07-04 23:33:06 27      AAPL_BBG000B9XRY4_2021-03-22
2021-07-04 23:33:06 61      ABBV_BBG0025Y4RY4_2021-03-22
2021-07-04 23:33:06 67      ABC_BBG000MDCQC2_2021-03-22
2021-07-04 23:33:06 68      ABG_BBG000BKDWB5_2021-03-22
2021-07-04 23:33:06 68      ABMD_BBG000C101X4_2021-03-22
2021-07-04 23:33:06 69      ABNB_BBG001Y2XS07_2021-03-22
2021-07-04 23:33:06 74      ABT_BBG000B9ZXB4_2021-03-22
2021-07-04 23:33:06 77      ACAD_BBG000BHG9K0_2021-03-22
2021-07-04 23:33:06 80      ACH_BBG000CMRVH1_2021-03-22
2021-07-04 23:33:06 81      ACM_BBG000F61RJ8_2021-03-22
2021-07-04 23:33:06 82      ACMR_BBG00HPSG933_2021-03-22
2021-07-04 23:33:06 83      ACN_BBG000D9D830_2021-03-22
2021-07-04 23:33:06 85      ADBE_BBG000BB5006_2021-03-22
2021-07-04 23:33:06 90      ADM_BBG000BB6WG8_2021-03-22
2021-07-04 23:33:06 92      ADP_BBG000JG0547_2021-03-22
2021-07-04 23:33:06 94      ADPT_BBG001J2PFF5_2021-03-22
2021-07-04 23:33:06 96      ADS_BBG000BFNR17_2021-03-22
2021-07-04 23:33:06 97      ADSK_BBG000BM7HL0_2021-03-22
2021-07-04 23:33:07 01      ADUS_BBG000NJGX84_2021-03-22
2021-07-04 23:33:07 02      AEE_BBG000B9X8C0_2021-03-22
2021-07-04 23:33:07 04      AEIS_BBG000FKMP26_2021-03-22
2021-07-04 23:33:07 05      AEO_BBG000BGXZB5_2021-03-22
2021-07-04 23:33:07 08      AERI_BBG001KJ7WJ5_2021-03-22
2021-07-04 23:33:07 09      AES_BBG000C23KJ3_2021-03-22
2021-07-04 23:33:07 11      AFG_BBG000DPKKK0_2021-03-22
2021-07-04 23:33:07 12      AFL_BBG000BBBNC6_2021-03-22
2021-07-04 23:33:07 15      AGCO_BBG000DCCZW2_2021-03-22
2021-07-04 23:33:07 16      AGIO_BBG000QY4ZD0_2021-03-22
2021-07-04 23:33:07 16      AIG_BBG000BBDZG3_2021-03-22
2021-07-04 23:33:07 19      AIR_BBG000BBGQF1_2021-03-22
2021-07-04 23:33:07 20      AIRC_BBG00XK3WVD0_2021-03-22
2021-07-04 23:33:07 21      AIT_BBG000BBHHP9_2021-03-22
2021-07-04 23:33:07 22      AIV_BBG000DD3510_2021-03-22
2021-07-04 23:33:07 25      AIZ_BBG000BZX1N5_2021-03-22
2021-07-04 23:33:07 27      AJG_BBG000BBHXQ3_2021-03-22
2021-07-04 23:33:07 29      AJRD_BBG000BKRHQ7_2021-03-22
2021-07-04 23:33:07 30      AKAM_BBG000BJQWD2_2021-03-22
2021-07-04 23:33:07 32      ALB_BBG000BJ26K7_2021-03-22
2021-07-04 23:33:07 33      ALGN_BBG000BRNLL2_2021-03-22
2021-07-04 23:33:07 35      ALGT_BBG000LJS6B8_2021-03-22
2021-07-04 23:33:07 36      ALK_BBG000BBL0Y1_2021-03-22
2021-07-04 23:33:07 38      ALL_BBG000BVMGF2_2021-03-22
2021-07-04 23:33:07 40      ALLE_BBG003PS7JV1_2021-03-22
2021-07-04 23:33:07 41      ALLK_BBG003QBJKN0_2021-03-22
2021-07-04 23:33:07 42      ALLO_BBG00KHRRDX3_2021-03-22
2021-07-04 23:33:07 44      ALLY_BBG000BC2R71_2021-03-22
2021-07-04 23:33:07 46      ALNY_BBG000BFGNJ5_2021-03-22
2021-07-04 23:33:07 47      ALRM_BBG007GNPYY7_2021-03-22
2021-07-04 23:33:07 49      ALSN_BBG001KY3845_2021-03-22
2021-07-04 23:33:07 50      ALTR_BBG000PN9NB9_2021-03-22
2021-07-04 23:33:07 51      ALXN_BBG000G30YX4_2021-03-22
2021-07-04 23:33:07 53      AMAT_BBG000BBPFB9_2021-03-22
2021-07-04 23:33:07 61      AMCX_BBG000H01H92_2021-03-22
2021-07-04 23:33:07 62      AMD_BBG000BBQCY0_2021-03-22
2021-07-04 23:33:07 78      AME_BBG000B9XG87_2021-03-22
2021-07-04 23:33:07 79      AMED_BBG000B9ZV28_2021-03-22
2021-07-04 23:33:07 80      AMG_BBG000C060M4_2021-03-22
2021-07-04 23:33:07 82      AMGN_BBG000BBS2Y0_2021-03-22
2021-07-04 23:33:07 84      AMN_BBG000BCT197_2021-03-22
2021-07-04 23:33:07 85      AMP_BBG000G3QLY3_2021-03-22
2021-07-04 23:33:07 86      AMT_BBG000B9XYV2_2021-03-22
2021-07-04 23:33:07 88      AMWD_BBG000BBX657_2021-03-22
2021-07-04 23:33:07 89      AMZN_BBG000BVPV84_2021-03-22
2021-07-04 23:33:07 97      AN_BBG000BBXLW4_2021-03-22
2021-07-04 23:33:07 98      ANAB_BBG0026ZDHR0_2021-03-22
2021-07-04 23:33:08 00      ANDE_BBG000BF8CN3_2021-03-22
2021-07-04 23:33:08 01      ANET_BBG000N2HDY5_2021-03-22
2021-07-04 23:33:08 02      ANF_BBG000H9G7X2_2021-03-22
2021-07-04 23:33:08 04      ANGI_BBG00HVKH3Q0_2021-03-22
2021-07-04 23:33:08 05      ANIK_BBG000BBKZD8_2021-03-22
2021-07-04 23:33:08 06      ANIP_BBG000KK1L04_2021-03-22
2021-07-04 23:33:08 07      ANSS_BBG000GXZ4W7_2021-03-22
2021-07-04 23:33:08 09      ANTM_BBG000BCG930_2021-03-22
2021-07-04 23:33:08 11      AON_BBG00SSQFPK6_2021-03-22
2021-07-04 23:33:08 13      AOS_BBG000BC1L02_2021-03-22
2021-07-04 23:33:08 14      AOUT_BBG00QV8FS02_2021-03-22
2021-07-04 23:33:08 15      APA_BBG00YTS96G2_2021-03-22
2021-07-04 23:33:08 18      APD_BBG000BC4JJ4_2021-03-22
2021-07-04 23:33:08 20      APEI_BBG000RVD346_2021-03-22
2021-07-04 23:33:08 20      APEI: SPYKE!. Candle: ID:71, Time: 11:35, Close: 37.01
2021-07-04 23:33:08 20      APH_BBG000B9YJ35_2021-03-22
2021-07-04 23:33:08 22      APLE_BBG006473QX9_2021-03-22
2021-07-04 23:33:08 23      APLT_BBG000DD0489_2021-03-22
2021-07-04 23:33:08 24      APPF_BBG008GC8CP6_2021-03-22
2021-07-04 23:33:08 25      APPN_BBG001C7PMJ2_2021-03-22
2021-07-04 23:33:08 26      APPS_BBG000HZ3562_2021-03-22
2021-07-04 23:33:08 31      APTV_BBG001QD41M9_2021-03-22
2021-07-04 23:33:08 33      ARCC_BBG000PD6X77_2021-03-22
2021-07-04 23:33:08 34      ARCT_BBG00NNW8JK1_2021-03-22
2021-07-04 23:33:08 36      ARE_BBG000BC33T9_2021-03-22
2021-07-04 23:33:08 38      ARMK_BBG001KY4N87_2021-03-22
2021-07-04 23:33:08 39      ARNA_BBG000BKXBV7_2021-03-22
2021-07-04 23:33:08 40      ARNC_BBG00R45JYB7_2021-03-22
2021-07-04 23:33:08 41      ARQT_BBG00QN8K4M4_2021-03-22
2021-07-04 23:33:08 41      ARQT: SPYKE!. Candle: ID:9, Time: 9:20, Close: 32.1
2021-07-04 23:33:08 41      ARQT: SPYKE!. Candle: ID:43, Time: 13:30, Close: 31.31
2021-07-04 23:33:08 42      ARVN_BBG00LW7YK82_2021-03-22
2021-07-04 23:33:08 42      ARVN: SPYKE!. Candle: ID:23, Time: 13:30, Close: 67.05
2021-07-04 23:33:08 43      ARW_BBG000BCD3D5_2021-03-22
2021-07-04 23:33:08 44      ARWR_BBG000BRVKH0_2021-03-22
2021-07-04 23:33:08 46      ASGN_BBG000CRN8N8_2021-03-22
2021-07-04 23:33:08 46      ASH_BBG00D0Y81M1_2021-03-22
2021-07-04 23:33:08 47      ASIX_BBG00CWTTQ41_2021-03-22
2021-07-04 23:33:08 48      ATEX_BBG0081NLHR0_2021-03-22
2021-07-04 23:33:08 49      ATGE_BBG000DQBZJ7_2021-03-22
2021-07-04 23:33:08 50      ATKR_BBG000QTFDQ4_2021-03-22
2021-07-04 23:33:08 51      ATR_BBG000BGX2S0_2021-03-22
2021-07-04 23:33:08 52      ATRA_BBG005Q3MQY4_2021-03-22
2021-07-04 23:33:08 54      ATRC_BBG000BL6CB5_2021-03-22
2021-07-04 23:33:08 55      ATRI_BBG000DTT624_2021-03-22
2021-07-04 23:33:08 55      ATRO_BBG000BCLBY5_2021-03-22
2021-07-04 23:33:08 56      ATUS_BBG00GFMPRK0_2021-03-22
2021-07-04 23:33:08 58      ATVI_BBG000CVWGS6_2021-03-22
2021-07-04 23:33:08 62      AVAV_BBG000GX14P2_2021-03-22
2021-07-04 23:33:08 63      AVB_BBG000BLPBL5_2021-03-22
2021-07-04 23:33:08 64      AVGO_BBG00KHY5S69_2021-03-22
2021-07-04 23:33:08 70      AVLR_BBG000R4Y9C1_2021-03-22
2021-07-04 23:33:08 71      AVNS_BBG005L86G05_2021-03-22
2021-07-04 23:33:08 72      AVNT_BBG000C8NJ10_2021-03-22
2021-07-04 23:33:08 73      AVTR_BBG00G2HHYD7_2021-03-22
2021-07-04 23:33:08 75      AVY_BBG000BCQ4P6_2021-03-22
2021-07-04 23:33:08 76      AWI_BBG000DW4LB1_2021-03-22
2021-07-04 23:33:08 77      AWK_BBG000TRJ294_2021-03-22
2021-07-04 23:33:08 78      AWR_BBG000F964B6_2021-03-22
2021-07-04 23:33:08 79      AX_BBG000QPHD08_2021-03-22
2021-07-04 23:33:08 80      AXGN_BBG000BN46R9_2021-03-22
2021-07-04 23:33:08 81      AXP_BBG000BCQZS4_2021-03-22
2021-07-04 23:33:08 82      AXSM_BBG00B6G7GL7_2021-03-22
2021-07-04 23:33:08 83      AYI_BBG000BJ5HK0_2021-03-22
2021-07-04 23:33:08 84      AYX_BBG000BGZT72_2021-03-22
2021-07-04 23:33:08 88      AZO_BBG000C7LMS8_2021-03-22
2021-07-04 23:33:08 89      AZPN_BBG000DFMXT3_2021-03-22
2021-07-04 23:33:08 90      BA_BBG000BCSST7_2021-03-22
2021-07-04 23:33:08 96      BABA_BBG006G2JVL2_2021-03-22
2021-07-04 23:33:09 06      BAC_BBG000BCTLF6_2021-03-22
2021-07-04 23:33:09 14      BAH_BBG000R2YFG7_2021-03-22
2021-07-04 23:33:09 15      BAND_BBG001K003W2_2021-03-22
2021-07-04 23:33:09 17      BAX_BBG000BCVJ77_2021-03-22
2021-07-04 23:33:09 19      BBIO_BBG00P9KDZK6_2021-03-22
2021-07-04 23:33:09 20      BBSI_BBG000BHJSC4_2021-03-22
2021-07-04 23:33:09 21      BBY_BBG000BCWCG1_2021-03-22
2021-07-04 23:33:09 23      BBBY_BBG000CSY9H9_2021-03-22
2021-07-04 23:33:09 26      BC_BBG000BCWSS3_2021-03-22
2021-07-04 23:33:09 27      BCO_BBG000DR5QP5_2021-03-22
2021-07-04 23:33:09 28      BCPC_BBG000BCY878_2021-03-22
2021-07-04 23:33:09 29      BDC_BBG000Q4XNV1_2021-03-22
2021-07-04 23:33:09 30      BDTX_BBG00MS4Y0W9_2021-03-22
2021-07-04 23:33:09 31      BDX_BBG000BCZYD3_2021-03-22
2021-07-04 23:33:09 33      BECN_BBG000BKTXF2_2021-03-22
2021-07-04 23:33:09 34      BEN_BBG000BD0TF8_2021-03-22
2021-07-04 23:33:09 35      BERY_BBG000Q1R1Y9_2021-03-22
2021-07-04 23:33:09 37      BF.B_BBG000BD2NY8_2021-03-22
2021-07-04 23:33:09 38      BFAM_BBG003LFWP05_2021-03-22
2021-07-04 23:33:09 39      BFYT_BBG003QRSQD3_2021-03-22
2021-07-04 23:33:09 40      BGS_BBG000RKXRQ1_2021-03-22
2021-07-04 23:33:09 41      BH_BBG00JPRDQH1_2021-03-22
2021-07-04 23:33:09 42      BHF_BBG00DYPZ4T0_2021-03-22
2021-07-04 23:33:09 43      BIDU_BBG000QXWHD1_2021-03-22
2021-07-04 23:33:09 50      BIG_BBG000J0D904_2021-03-22
2021-07-04 23:33:09 51      BIIB_BBG000C17X76_2021-03-22
2021-07-04 23:33:09 54      BILI_BBG00K7T3037_2021-03-22
2021-07-04 23:33:09 60      BILL_BBG00QVJV6V4_2021-03-22
2021-07-04 23:33:09 62      BIO_BBG000DY28W5_2021-03-22
2021-07-04 23:33:09 63      BJRI_BBG000H9LNX1_2021-03-22
2021-07-04 23:33:09 64      BK_BBG000BD8PN9_2021-03-22
2021-07-04 23:33:09 67      BKI_BBG00GX77LW3_2021-03-22
2021-07-04 23:33:09 68      BKNG_BBG000BLBVN4_2021-03-22
2021-07-04 23:33:09 70      BKR_BBG00GBVBK51_2021-03-22
2021-07-04 23:33:09 73      BL_BBG0029KJVB0_2021-03-22
2021-07-04 23:33:09 74      BLD_BBG0077VS2C0_2021-03-22
2021-07-04 23:33:09 75      BLDR_BBG000BKD3K9_2021-03-22
2021-07-04 23:33:09 78      BLK_BBG000C2PW58_2021-03-22
2021-07-04 23:33:09 79      BLKB_BBG000BGGTW5_2021-03-22
2021-07-04 23:33:09 80      BLL_BBG000BDDNH5_2021-03-22
2021-07-04 23:33:09 83      BLUE_BBG000QGWY50_2021-03-22
2021-07-04 23:33:09 85      BMI_BBG000BDGHD9_2021-03-22
2021-07-04 23:33:09 86      BMRN_BBG000CZWZ05_2021-03-22
2021-07-04 23:33:09 88      BMY_BBG000DQLV23_2021-03-22
2021-07-04 23:33:09 93      BOH_BBG000C8D8G9_2021-03-22
2021-07-04 23:33:09 94      BOKF_BBG000CFZ003_2021-03-22
2021-07-04 23:33:09 95      BOOT_BBG0077SYZV6_2021-03-22
2021-07-04 23:33:09 96      BOX_BBG000PMSK08_2021-03-22
2021-07-04 23:33:10 00      BOX: SPYKE!. Candle: ID:3092, Time: 15:45, Close: 25.1
2021-07-04 23:33:10 00      BOX: SPYKE!. Candle: ID:3144, Time: 15:45, Close: 24
2021-07-04 23:33:10 02      BPMC_BBG001MC8YF7_2021-03-22
2021-07-04 23:33:10 03      BR_BBG000PPFKQ7_2021-03-22
2021-07-04 23:33:10 04      BRC_BBG000BDNV95_2021-03-22
2021-07-04 23:33:10 05      BRK.B_BBG000DWG505_2021-03-22
2021-07-04 23:33:10 09      BRKR_BBG000CL1FG7_2021-03-22
2021-07-04 23:33:10 10      BRO_BBG000BWSGF4_2021-03-22
2021-07-04 23:33:10 11      BSX_BBG000C0LW92_2021-03-22
2021-07-04 23:33:10 13      BTAI_BBG00K20GVD2_2021-03-22
2021-07-04 23:33:10 15      BTI_BBG000BWPXQ8_2021-03-22
2021-07-04 23:33:10 17      BUD_BBG000RYC984_2021-03-22
2021-07-04 23:33:10 19      BURL_BBG004S641N5_2021-03-22
2021-07-04 23:33:10 20      BWA_BBG000BJ49H3_2021-03-22
2021-07-04 23:33:10 22      BWXT_BBG000D86F25_2021-03-22
2021-07-04 23:33:10 23      BX_BBG000BH0106_2021-03-22
2021-07-04 23:33:10 25      BXP_BBG000BS5CM9_2021-03-22
2021-07-04 23:33:10 26      BYND_BBG003CVJP50_2021-03-22
2021-07-04 23:33:10 29      BZUN_BBG008HNS333_2021-03-22
2021-07-04 23:33:10 31      C_BBG000FY4S11_2021-03-22
2021-07-04 23:33:10 37      CABO_BBG000F02T51_2021-03-22
2021-07-04 23:33:10 38      CACC_BBG000CS0D96_2021-03-22
2021-07-04 23:33:10 40      CAG_BBG000BDXGP9_2021-03-22
2021-07-04 23:33:10 44      CAH_BBG000D898T9_2021-03-22
2021-07-04 23:33:10 46      CALM_BBG000CDMJW6_2021-03-22
2021-07-04 23:33:10 51      CARA_BBG001J2QYS9_2021-03-22
2021-07-04 23:33:10 53      CARG_BBG00HQ77DS2_2021-03-22
2021-07-04 23:33:10 55      CARR_BBG00RP5HYS8_2021-03-22
2021-07-04 23:33:10 59      CARS_BBG000HGTH33_2021-03-22
2021-07-04 23:33:10 60      CASY_BBG000BF0672_2021-03-22
2021-07-04 23:33:10 65      CAT_BBG000BF0K17_2021-03-22
2021-07-04 23:33:10 69      CB_BBG000BR14K5_2021-03-22
2021-07-04 23:33:10 72      CBRE_BBG000C04224_2021-03-22
2021-07-04 23:33:10 74      CBRL_BBG000BF33K1_2021-03-22
2021-07-04 23:33:10 75      CBSH_BBG000BF3G77_2021-03-22
2021-07-04 23:33:10 76      CBU_BBG000BF4D19_2021-03-22
2021-07-04 23:33:10 77      CCI_BBG000FV1Z23_2021-03-22
2021-07-04 23:33:10 80      CCK_BBG000BF6756_2021-03-22
2021-07-04 23:33:10 81      CCL_BBG000BF6LY3_2021-03-22
2021-07-04 23:33:10 90      CCOI_BBG000D0SMY8_2021-03-22
2021-07-04 23:33:10 92      CCXI_BBG000PTSB12_2021-03-22
2021-07-04 23:33:10 93      CDK_BBG006B6PVN9_2021-03-22
2021-07-04 23:33:10 94      CDLX_BBG00225ZDD0_2021-03-22
2021-07-04 23:33:10 95      CDNA_BBG006JS5785_2021-03-22
2021-07-04 23:33:10 97      CDNS_BBG000C13CD9_2021-03-22
2021-07-04 23:33:11 00      CDW_BBG001P63B80_2021-03-22
2021-07-04 23:33:11 02      CE_BBG000JYP7L8_2021-03-22
2021-07-04 23:33:11 04      CEA_BBG000BCFNR4_2021-03-22
2021-07-04 23:33:11 04      CENT_BBG000BFD605_2021-03-22
2021-07-04 23:33:11 05      CENTA_BBG000KTYB56_2021-03-22
2021-07-04 23:33:11 06      CERN_BBG000BFDLV8_2021-03-22
2021-07-04 23:33:11 09      CEVA_BBG000BN3P07_2021-03-22
2021-07-04 23:33:11 09      CF_BBG000BWJFZ4_2021-03-22
2021-07-04 23:33:11 11      CFG_BBG006Q0HY77_2021-03-22
2021-07-04 23:33:11 14      CFR_BBG000C2PL98_2021-03-22
2021-07-04 23:33:11 15      CFX_BBG000C5Z443_2021-03-22
2021-07-04 23:33:11 16      CGEN_BBG000B9ZLB0_2021-03-22
2021-07-04 23:33:11 18      CGNX_BBG000BPBVW5_2021-03-22
2021-07-04 23:33:11 19      CHD_BBG000BFJT36_2021-03-22
2021-07-04 23:33:11 21      CHDN_BBG000BGXMG9_2021-03-22
2021-07-04 23:33:11 22      CHE_BBG000C19QW1_2021-03-22
2021-07-04 23:33:11 23      CHEF_BBG001MFW6D6_2021-03-22
2021-07-04 23:33:11 24      CHGG_BBG0014XR0N5_2021-03-22
2021-07-04 23:33:11 26      CHH_BBG000BPBTL2_2021-03-22
2021-07-04 23:33:11 27      CHKP_BBG000K82ZT8_2021-03-22
2021-07-04 23:33:11 29      CHNG_BBG0059KNH10_2021-03-22
2021-07-04 23:33:11 30      CHRW_BBG000BTCH57_2021-03-22
2021-07-04 23:33:11 32      CHTR_BBG000VPGNR2_2021-03-22
2021-07-04 23:33:11 35      CHWY_BBG00P19DKZ6_2021-03-22
2021-07-04 23:33:11 37      CHX_BBG00JH9TZ56_2021-03-22
2021-07-04 23:33:11 40      CI_BBG00KXRCDP0_2021-03-22
2021-07-04 23:33:11 41      CIEN_BBG000BP1152_2021-03-22
2021-07-04 23:33:11 43      CINF_BBG000BFPK65_2021-03-22
2021-07-04 23:33:11 45      CL_BBG000BFQYY3_2021-03-22
2021-07-04 23:33:11 48      CLDR_BBG000DRJFC8_2021-03-22
2021-07-04 23:33:11 50      CLDT_BBG000PT6BR8_2021-03-22
2021-07-04 23:33:11 50      CLF_BBG000BFRF55_2021-03-22
2021-07-04 23:33:11 53      CLGX_BBG000C2H3F0_2021-03-22
2021-07-04 23:33:11 54      CLH_BBG000BFRRX8_2021-03-22
2021-07-04 23:33:11 56      CLR_BBG000BHBGN6_2021-03-22
2021-07-04 23:33:11 57      CLX_BBG000BFS7D3_2021-03-22
2021-07-04 23:33:11 59      CMA_BBG000C75N77_2021-03-22
2021-07-04 23:33:11 61      CMC_BBG000BFSND8_2021-03-22
2021-07-04 23:33:11 62      CMCO_BBG000BCWWV0_2021-03-22
2021-07-04 23:33:11 63      CMCSA_BBG000BFT2L4_2021-03-22
2021-07-04 23:33:11 70      CME_BBG000BHLYP4_2021-03-22
2021-07-04 23:33:11 73      CMG_BBG000QX74T1_2021-03-22
2021-07-04 23:33:11 74      CMI_BBG000BGPTV6_2021-03-22
2021-07-04 23:33:11 76      CMP_BBG000C42WS4_2021-03-22
2021-07-04 23:33:11 77      CMS_BBG000BFVXX0_2021-03-22
2021-07-04 23:33:11 79      CNC_BBG000BDXCJ5_2021-03-22
2021-07-04 23:33:11 82      CNK_BBG000QDVR53_2021-03-22
2021-07-04 23:33:11 87      CNP_BBG000FDBX90_2021-03-22
2021-07-04 23:33:11 89      CNS_BBG000BB0WG4_2021-03-22
2021-07-04 23:33:11 90      CNST_BBG000R1H6P8_2021-03-22
2021-07-04 23:33:11 91      CNXC_BBG00RCNQMX3_2021-03-22
2021-07-04 23:33:11 92      CNXC: SPYKE!. Candle: ID:15, Time: 13:25, Close: 132.44
2021-07-04 23:33:11 92      CNXN_BBG000BX74M4_2021-03-22
2021-07-04 23:33:11 94      COF_BBG000BGKTF9_2021-03-22
2021-07-04 23:33:11 96      COG_BBG000C3GN47_2021-03-22
2021-07-04 23:33:11 98      COHR_BBG000BG1DH3_2021-03-22
2021-07-04 23:33:12 00      COKE_BBG000BG1SX2_2021-03-22
2021-07-04 23:33:12 01      COLM_BBG000BKKQ84_2021-03-22
2021-07-04 23:33:12 02      CONE_BBG0038V5TX1_2021-03-22
2021-07-04 23:33:12 03      COO_BBG000BG3445_2021-03-22
2021-07-04 23:33:12 04      COP_BBG000BQQH30_2021-03-22
2021-07-04 23:33:12 09      CORR_BBG000CN80Y9_2021-03-22
2021-07-04 23:33:12 10      CORT_BBG000BKJG33_2021-03-22
2021-07-04 23:33:12 12      COST_BBG000F6H8W8_2021-03-22
2021-07-04 23:33:12 17      COTY_BBG000F395V1_2021-03-22
2021-07-04 23:33:12 18      COUP_BBG001J4BCN4_2021-03-22
2021-07-04 23:33:12 21      CPB_BBG000BG4202_2021-03-22
2021-07-04 23:33:12 23      CPRI_BBG0029SNR63_2021-03-22
2021-07-04 23:33:12 26      CPRT_BBG000BM9RH1_2021-03-22
2021-07-04 23:33:12 28      CPS_BBG000PSXT64_2021-03-22
2021-07-04 23:33:12 29      CR_BBG000BG7423_2021-03-22
2021-07-04 23:33:12 30      CREE_BBG000BG14P4_2021-03-22
2021-07-04 23:33:12 33      CRI_BBG000CTM4J9_2021-03-22
2021-07-04 23:33:12 34      CRL_BBG000BG5BL8_2021-03-22
2021-07-04 23:33:12 35      CRM_BBG000BN2DC2_2021-03-22
2021-07-04 23:33:12 40      CRMT_BBG000CM6L31_2021-03-22
2021-07-04 23:33:12 40      CRMT: SPYKE!. Candle: ID:3, Time: 13:30, Close: 154.66
2021-07-04 23:33:12 41      CROX_BBG000BLY663_2021-03-22
2021-07-04 23:33:12 43      CRS_BBG000BGCQT9_2021-03-22
2021-07-04 23:33:12 44      CRTX_BBG00BTK1DT8_2021-03-22
2021-07-04 23:33:12 45      CRUS_BBG000C1DHF5_2021-03-22
2021-07-04 23:33:12 46      CRVL_BBG000CVKZY0_2021-03-22
2021-07-04 23:33:12 47      CRWD_BBG00BLYKS03_2021-03-22
2021-07-04 23:33:12 50      CSCO_BBG000C3J3C9_2021-03-22
2021-07-04 23:33:12 58      CSGP_BBG000D7JKW9_2021-03-22
2021-07-04 23:33:12 59      CSGS_BBG000G3TQV2_2021-03-22
2021-07-04 23:33:12 60      CSII_BBG000NWQ9S5_2021-03-22
2021-07-04 23:33:12 61      CSL_BBG000BGGBT8_2021-03-22
2021-07-04 23:33:12 62      CSOD_BBG0016X4XN6_2021-03-22
2021-07-04 23:33:12 64      CSWI_BBG007NLG4L3_2021-03-22
2021-07-04 23:33:12 64      CSX_BBG000BGJRC8_2021-03-22
2021-07-04 23:33:12 71      CTAS_BBG000H3YXF8_2021-03-22
2021-07-04 23:33:12 72      CTB_BBG000BGKXV2_2021-03-22
2021-07-04 23:33:12 73      CTLT_BBG005XR47P5_2021-03-22
2021-07-04 23:33:12 74      CTSH_BBG000BBDV81_2021-03-22
2021-07-04 23:33:12 77      CTVA_BBG00BN969C1_2021-03-22
2021-07-04 23:33:12 79      CTXS_BBG000FQ6PY6_2021-03-22
2021-07-04 23:33:12 80      CVCO_BBG000K4WS65_2021-03-22
2021-07-04 23:33:12 81      CVET_BBG00KR691K8_2021-03-22
2021-07-04 23:33:12 82      CVGW_BBG000BGPQW1_2021-03-22
2021-07-04 23:33:12 83      CVLT_BBG000BG88X9_2021-03-22
2021-07-04 23:33:12 84      CVNA_BBG00GCTWDJ3_2021-03-22
2021-07-04 23:33:12 86      CVS_BBG000BGRY34_2021-03-22
2021-07-04 23:33:12 88      CVX_BBG000K4ND22_2021-03-22
2021-07-04 23:33:12 94      CW_BBG000BGSPS5_2021-03-22
2021-07-04 23:33:12 95      CWST_BBG000BT0J38_2021-03-22
2021-07-04 23:33:12 96      CWT_BBG000D8KTN6_2021-03-22
2021-07-04 23:33:12 97      CY_BBG000BXNJ07_2021-03-22
2021-07-04 23:33:12 97      D_BBG000BGVW60_2021-03-22
2021-07-04 23:33:13 00      DAL_BBG000R7Z112_2021-03-22
2021-07-04 23:33:13 05      DAR_BBG000BN8ZK8_2021-03-22
2021-07-04 23:33:13 07      DBX_BBG0018SLDN0_2021-03-22
2021-07-04 23:33:13 10      DCI_BBG000BGZP70_2021-03-22
2021-07-04 23:33:13 10      DCPH_BBG00HMJ9H54_2021-03-22
2021-07-04 23:33:13 12      DD_BBG00BN961G4_2021-03-22
2021-07-04 23:33:13 14      DDOG_BBG003NJHZT9_2021-03-22
2021-07-04 23:33:13 20      DDS_BBG000BS4MP5_2021-03-22
2021-07-04 23:33:13 21      DE_BBG000BH1NH9_2021-03-22
2021-07-04 23:33:13 23      DECK_BBG000BKXYX5_2021-03-22
2021-07-04 23:33:13 24      DELL_BBG00DW3SZS1_2021-03-22
2021-07-04 23:33:13 26      DFS_BBG000QBR5J5_2021-03-22
2021-07-04 23:33:13 28      DG_BBG000NV1KK7_2021-03-22
2021-07-04 23:33:13 31      DGX_BBG000BN84F3_2021-03-22
2021-07-04 23:33:13 32      DHI_BBG000DQTXY6_2021-03-22
2021-07-04 23:33:13 34      DHR_BBG000BH3JF8_2021-03-22
2021-07-04 23:33:13 37      DIOD_BBG000G25P51_2021-03-22
2021-07-04 23:33:13 38      DIS_BBG000BH4R78_2021-03-22
2021-07-04 23:33:13 44      DISCA_BBG000CHWP52_2021-03-22
2021-07-04 23:33:13 51      DISCB_BBG000F7L5N7_2021-03-22
2021-07-04 23:33:13 51      DISCB: SPYKE!. Candle: ID:258, Time: 20:00, Close: 88.9
2021-07-04 23:33:13 51      DISCB: SPYKE!. Candle: ID:259, Time: 20:00, Close: 88.9
2021-07-04 23:33:13 52      DISCK_BBG000VMWHH5_2021-03-22
2021-07-04 23:33:13 57      DK_BBG00FZYFVC5_2021-03-22
2021-07-04 23:33:13 58      DKNG_BBG00TCBG714_2021-03-22
2021-07-04 23:33:13 69      DKS_BBG000F6ZWH2_2021-03-22
2021-07-04 23:33:13 71      DLB_BBG000DGLTG5_2021-03-22
2021-07-04 23:33:13 72      DLR_BBG000Q5ZRM7_2021-03-22
2021-07-04 23:33:13 73      DLTH_BBG002GBMZG4_2021-03-22
2021-07-04 23:33:13 74      DLTR_BBG000BSC0K9_2021-03-22
2021-07-04 23:33:13 77      DLX_BBG000BH6360_2021-03-22
2021-07-04 23:33:13 78      DNLI_BBG008P7F869_2021-03-22
2021-07-04 23:33:13 80      DNOW_BBG005BLN209_2021-03-22
2021-07-04 23:33:13 81      DOCU_BBG000N7KJX8_2021-03-22
2021-07-04 23:33:13 85      DORM_BBG000BM22F5_2021-03-22
2021-07-04 23:33:13 86      DOV_BBG000BHB3M6_2021-03-22
2021-07-04 23:33:13 88      DOW_BBG00BN96922_2021-03-22
2021-07-04 23:33:13 90      DPZ_BBG000P458P3_2021-03-22
2021-07-04 23:33:13 92      DRE_BBG000BHD8S7_2021-03-22
2021-07-04 23:33:13 94      DRI_BBG000BBNYF6_2021-03-22
2021-07-04 23:33:13 97      DRNA_BBG001J1DB23_2021-03-22
2021-07-04 23:33:13 98      DRQ_BBG000BVDBY2_2021-03-22
2021-07-04 23:33:13 99      DT_BBG00PNN7C40_2021-03-22
2021-07-04 23:33:14 00      DVA_BBG000MQ1SN9_2021-03-22
2021-07-04 23:33:14 01      DVN_BBG000BBVJZ8_2021-03-22
2021-07-04 23:33:14 04      DXC_BBG00FN64XT9_2021-03-22
2021-07-04 23:33:14 06      DXCM_BBG000QTF8K1_2021-03-22
2021-07-04 23:33:14 08      DY_BBG000C4SKT1_2021-03-22
2021-07-04 23:33:14 09      EA_BBG000BP0KQ8_2021-03-22
2021-07-04 23:33:14 12      EAT_BBG000BK28N7_2021-03-22
2021-07-04 23:33:14 14      EBAY_BBG000C43RR5_2021-03-22
2021-07-04 23:33:14 18      EBS_BBG000GW06J7_2021-03-22
2021-07-04 23:33:14 19      ECHO_BBG000RFP8W6_2021-03-22
2021-07-04 23:33:14 20      ECL_BBG000BHKYH4_2021-03-22
2021-07-04 23:33:14 22      ECPG_BBG000F369C7_2021-03-22
2021-07-04 23:33:14 23      ED_BBG000BHLYS1_2021-03-22
2021-07-04 23:33:14 25      EDIT_BBG005MX5GZ2_2021-03-22
2021-07-04 23:33:14 28      EEFT_BBG000BMNBY1_2021-03-22
2021-07-04 23:33:14 29      EFX_BBG000BHPL78_2021-03-22
2021-07-04 23:33:14 30      EGHT_BBG000BCGHH7_2021-03-22
2021-07-04 23:33:14 31      EGRX_BBG005Y3XWH9_2021-03-22
2021-07-04 23:33:14 32      EHTH_BBG000P5JQX6_2021-03-22
2021-07-04 23:33:14 35      EHTH: SPYKE!. Candle: ID:4713, Time: 20:00, Close: 71.45
2021-07-04 23:33:14 35      EIX_BBG000D7RKJ5_2021-03-22
2021-07-04 23:33:14 37      EL_BBG000FKJRC5_2021-03-22
2021-07-04 23:33:14 39      ELAN_BBG00LJYS1P8_2021-03-22
2021-07-04 23:33:14 41      ELS_BBG000BB7SX7_2021-03-22
2021-07-04 23:33:14 42      EME_BBG000BBRPL4_2021-03-22
2021-07-04 23:33:14 43      EMN_BBG000BLW530_2021-03-22
2021-07-04 23:33:14 44      EMR_BBG000BHX7N2_2021-03-22
2021-07-04 23:33:14 46      ENDP_BBG000C0HQ54_2021-03-22
2021-07-04 23:33:14 47      ENPH_BBG001R3MNY9_2021-03-22
2021-07-04 23:33:14 52      ENR_BBG006FCB019_2021-03-22
2021-07-04 23:33:14 53      ENS_BBG000PWTD92_2021-03-22
2021-07-04 23:33:14 54      ENTA_BBG001V9NSB4_2021-03-22
2021-07-04 23:33:14 55      ENTG_BBG000CTV4N4_2021-03-22
2021-07-04 23:33:14 57      ENV_BBG000Q4NZ54_2021-03-22
2021-07-04 23:33:14 58      EOG_BBG000BZ9223_2021-03-22
2021-07-04 23:33:14 60      EPAM_BBG000MHTV89_2021-03-22
2021-07-04 23:33:14 60      EPAY_BBG000BRNH31_2021-03-22
2021-07-04 23:33:14 61      EPC_BBG000BRW644_2021-03-22
2021-07-04 23:33:14 62      EQIX_BBG000MBDGM6_2021-03-22
2021-07-04 23:33:14 63      EQT_BBG000BHZ5J9_2021-03-22
2021-07-04 23:33:14 65      ERIE_BBG000BBTJZ1_2021-03-22
2021-07-04 23:33:14 66      ES_BBG000BQ87N0_2021-03-22
2021-07-04 23:33:14 68      ESPR_BBG004KB3S72_2021-03-22
2021-07-04 23:33:14 69      ESS_BBG000CGJMB9_2021-03-22
2021-07-04 23:33:14 70      ET_BBG000BM2FL9_2021-03-22
2021-07-04 23:33:14 73      ETN_BBG000BJ3PD2_2021-03-22
2021-07-04 23:33:14 75      ETR_BBG000C1FQS9_2021-03-22
2021-07-04 23:33:14 76      ETRN_BBG00K53L394_2021-03-22
2021-07-04 23:33:14 78      ETSY_BBG000N7MXL8_2021-03-22
2021-07-04 23:33:14 82      EVBG_BBG0022FMPD5_2021-03-22
2021-07-04 23:33:14 84      EVER_BBG00F17NDH7_2021-03-22
2021-07-04 23:33:14 85      EVH_BBG005CHLM96_2021-03-22
2021-07-04 23:33:14 85      EVR_BBG000BP30Y0_2021-03-22
2021-07-04 23:33:14 87      EVRG_BBG00H433CR2_2021-03-22
2021-07-04 23:33:14 88      EW_BBG000BRXP69_2021-03-22
2021-07-04 23:33:14 90      EWBC_BBG000CR20B1_2021-03-22
2021-07-04 23:33:14 92      EXAS_BBG000CWL0F5_2021-03-22
2021-07-04 23:33:14 94      EXC_BBG000J6XT05_2021-03-22
2021-07-04 23:33:14 98      EXEL_BBG000BQ4WF8_2021-03-22
2021-07-04 23:33:15 00      EXLS_BBG000NS3P30_2021-03-22
2021-07-04 23:33:15 01      EXP_BBG000BJW241_2021-03-22
2021-07-04 23:33:15 02      EXPD_BBG000BJ5GK2_2021-03-22
2021-07-04 23:33:15 04      EXPE_BBG000QY3XZ2_2021-03-22
2021-07-04 23:33:15 07      EXR_BBG000PV27K3_2021-03-22
2021-07-04 23:33:15 08      EYE_BBG00HVQF9K2_2021-03-22
2021-07-04 23:33:15 10      F_BBG000BQPC32_2021-03-22
2021-07-04 23:33:15 14      FANG_BBG002PHSYX9_2021-03-22
2021-07-04 23:33:15 17      FARO_BBG000BJD7C2_2021-03-22
2021-07-04 23:33:15 18      FAST_BBG000BJ8YN7_2021-03-22
2021-07-04 23:33:15 21      FATE_BBG000QP35H2_2021-03-22
2021-07-04 23:33:15 22      FB_BBG000MM2P62_2021-03-22
2021-07-04 23:33:15 45      FBHS_BBG001B4BV87_2021-03-22
2021-07-04 23:33:15 46      FCFS_BBG000DNF659_2021-03-22
2021-07-04 23:33:15 47      FCN_BBG000K88H58_2021-03-22
2021-07-04 23:33:15 49      FCX_BBG000BJDB15_2021-03-22
2021-07-04 23:33:15 55      FDS_BBG000BDJL83_2021-03-22
2021-07-04 23:33:15 56      FDX_BBG000BJF1Z8_2021-03-22
2021-07-04 23:33:15 60      FELE_BBG000BJGGV8_2021-03-22
2021-07-04 23:33:15 61      FFIV_BBG000CXYSZ6_2021-03-22
2021-07-04 23:33:15 63      FGEN_BBG000FW5ZL6_2021-03-22
2021-07-04 23:33:15 65      FICO_BBG000DW76Y6_2021-03-22
2021-07-04 23:33:15 66      FIS_BBG000BK2F42_2021-03-22
2021-07-04 23:33:15 69      FISV_BBG000BJKPG0_2021-03-22
2021-07-04 23:33:15 71      FITB_BBG000BJL3N0_2021-03-22
2021-07-04 23:33:15 77      FIVN_BBG001KHJM17_2021-03-22
2021-07-04 23:33:15 78      FIZZ_BBG000BF8CB6_2021-03-22
2021-07-04 23:33:15 80      FL_BBG000BX8DC4_2021-03-22
2021-07-04 23:33:15 81      FLIR_BBG000BHK836_2021-03-22
2021-07-04 23:33:15 83      FLOW_BBG007FL7ZD2_2021-03-22
2021-07-04 23:33:15 84      FLR_BBG000BB1TH9_2021-03-22
2021-07-04 23:33:15 85      FLS_BBG000FFH4P5_2021-03-22
2021-07-04 23:33:15 87      FLT_BBG000GPXKX9_2021-03-22
2021-07-04 23:33:15 88      FLWS_BBG000BBR9P6_2021-03-22
2021-07-04 23:33:15 89      FMC_BBG000BJP882_2021-03-22
2021-07-04 23:33:15 90      FND_BBG007GJ2F81_2021-03-22
2021-07-04 23:33:15 92      FNKO_BBG00HXSHDQ9_2021-03-22
2021-07-04 23:33:15 94      FOCS_BBG00L0YTFN8_2021-03-22
2021-07-04 23:33:15 95      FOE_BBG000BJQK11_2021-03-22
2021-07-04 23:33:15 96      FOLD_BBG000PLF6N0_2021-03-22
2021-07-04 23:33:15 99      FORM_BBG000D1Y3P1_2021-03-22
2021-07-04 23:33:16 00      FORR_BBG000HGNYG8_2021-03-22
2021-07-04 23:33:16 01      FOX_BBG00JHNKJY8_2021-03-22
2021-07-04 23:33:16 03      FOXA_BBG00JHNJW99_2021-03-22
2021-07-04 23:33:16 06      FOXF_BBG004T7VS53_2021-03-22
2021-07-04 23:33:16 06      FRHC_BBG000N625H8_2021-03-22
2021-07-04 23:33:16 07      FRPH_BBG000HCVWW4_2021-03-22
2021-07-04 23:33:16 08      FRPT_BBG001D0HB36_2021-03-22
2021-07-04 23:33:16 09      FSLR_BBG000BFL116_2021-03-22
2021-07-04 23:33:16 12      FSLY_BBG004NLQHL0_2021-03-22
2021-07-04 23:33:16 15      FTCH_BBG00LSD4456_2021-03-22
2021-07-04 23:33:16 19      FTI_BBG00DL8NMV2_2021-03-22
2021-07-04 23:33:16 22      FTNT_BBG000BCMBG4_2021-03-22
2021-07-04 23:33:16 25      FTV_BBG00BLVZ228_2021-03-22
2021-07-04 23:33:16 26      FUL_BBG000BJZ7V7_2021-03-22
2021-07-04 23:33:16 28      GATX_BBG000BKGXQ4_2021-03-22
2021-07-04 23:33:16 30      GBCI_BBG000C3KB84_2021-03-22
2021-07-04 23:33:16 32      GBT_BBG00341H6M0_2021-03-22
2021-07-04 23:33:16 34      GBX_BBG000CF5097_2021-03-22
2021-07-04 23:33:16 36      GCO_BBG000BK5S78_2021-03-22
2021-07-04 23:33:16 37      GCP_BBG0082W8Q12_2021-03-22
2021-07-04 23:33:16 38      GD_BBG000BK67C7_2021-03-22
2021-07-04 23:33:16 40      GDDY_BBG006MDLY05_2021-03-22
2021-07-04 23:33:16 42      GDOT_BBG000QDJT53_2021-03-22
2021-07-04 23:33:16 42      GE_BBG000BK6MB5_2021-03-22
2021-07-04 23:33:16 48      GEF_BBG000BLFNC0_2021-03-22
2021-07-04 23:33:16 50      GGG_BBG000BK9W84_2021-03-22
2021-07-04 23:33:16 51      GH_BBG006D97VY9_2021-03-22
2021-07-04 23:33:16 53      GHC_BBG000C3FGH9_2021-03-22
2021-07-04 23:33:16 54      GILD_BBG000CKGBP2_2021-03-22
2021-07-04 23:33:16 59      GIS_BBG000BKCFC2_2021-03-22
2021-07-04 23:33:16 63      GKOS_BBG000WG2LQ1_2021-03-22
2021-07-04 23:33:16 65      GL_BBG000BVD6X4_2021-03-22
2021-07-04 23:33:16 66      GLW_BBG000BKFZM4_2021-03-22
2021-07-04 23:33:16 68      GM_BBG000NDYB67_2021-03-22
2021-07-04 23:33:16 78      GMED_BBG002V87SD0_2021-03-22
2021-07-04 23:33:16 79      GMS_BBG009Q036D0_2021-03-22
2021-07-04 23:33:16 81      GNL_BBG004HXD0G8_2021-03-22
2021-07-04 23:33:16 82      GNRC_BBG000PQ4W72_2021-03-22
2021-07-04 23:33:16 83      GO_BBG00P4R3079_2021-03-22
2021-07-04 23:33:16 85      GOOG_BBG009S3NB30_2021-03-22
2021-07-04 23:33:16 92      GOOGL_BBG009S39JX6_2021-03-22
2021-07-04 23:33:17 00      GOSS_BBG00MVWLLM2_2021-03-22
2021-07-04 23:33:17 03      GPC_BBG000BKL348_2021-03-22
2021-07-04 23:33:17 04      GPI_BBG000BB88K4_2021-03-22
2021-07-04 23:33:17 04      GPN_BBG000CX0P89_2021-03-22
2021-07-04 23:33:17 07      GPS_BBG000BKLH74_2021-03-22
2021-07-04 23:33:17 10      GRA_BBG000BB8PG1_2021-03-22
2021-07-04 23:33:17 11      GRMN_BBG000C4LN67_2021-03-22
2021-07-04 23:33:17 12      GRUB_BBG001KWG293_2021-03-22
2021-07-04 23:33:17 12      Warning: figi `BBG001KWG293` for history data does not match actual figi `BBG010R8C3Y4`. Ticker: GRUB. Will be used actual!
2021-07-04 23:33:17 13      GS_BBG000C6CFJ5_2021-03-22
2021-07-04 23:33:17 16      GSH_BBG000GLG0G0_2021-03-22
2021-07-04 23:33:17 17      GSKY_BBG00KT2SCV8_2021-03-22
2021-07-04 23:33:17 18      GT_BBG000BKNX95_2021-03-22
2021-07-04 23:33:17 20      GTHX_BBG005F1DK91_2021-03-22
2021-07-04 23:33:17 23      GTLS_BBG000P1K2X6_2021-03-22
2021-07-04 23:33:17 24      GTN_BBG000DSQLQ0_2021-03-22
2021-07-04 23:33:17 25      GVA_BBG000DVB833_2021-03-22
2021-07-04 23:33:17 25      GWRE_BBG001C7PM75_2021-03-22
2021-07-04 23:33:17 27      GWW_BBG000BKR1D6_2021-03-22
2021-07-04 23:33:17 28      H_BBG000CVRFS4_2021-03-22
2021-07-04 23:33:17 29      HA_BBG000BC4185_2021-03-22
2021-07-04 23:33:17 30      HAE_BBG000C7TF41_2021-03-22
2021-07-04 23:33:17 31      HAIN_BBG000BQW085_2021-03-22
2021-07-04 23:33:17 32      HAL_BBG000BKTFN2_2021-03-22
2021-07-04 23:33:17 35      HALO_BBG000CZ8W54_2021-03-22
2021-07-04 23:33:17 37      HAS_BBG000BKVJK4_2021-03-22
2021-07-04 23:33:17 39      HBAN_BBG000BKWSR6_2021-03-22
2021-07-04 23:33:17 42      HBI_BBG000D2ZTS8_2021-03-22
2021-07-04 23:33:17 43      HCA_BBG000QW7VC1_2021-03-22
2021-07-04 23:33:17 45      HCCI_BBG000CCFB17_2021-03-22
2021-07-04 23:33:17 45      HCSG_BBG000BKYVF0_2021-03-22
2021-07-04 23:33:17 46      HD_BBG000BKZB36_2021-03-22
2021-07-04 23:33:17 49      HEAR_BBG000BM6N47_2021-03-22
2021-07-04 23:33:17 51      HEI_BBG000BL16Q7_2021-03-22
2021-07-04 23:33:17 51      HES_BBG000BBD070_2021-03-22
2021-07-04 23:33:17 53      HFC_BBG000BL9JQ1_2021-03-22
2021-07-04 23:33:17 56      HGV_BBG00CBYY6M1_2021-03-22
2021-07-04 23:33:17 57      HHC_BBG000MJRJJ2_2021-03-22
2021-07-04 23:33:17 58      HHR_BBG00KHGQ0H4_2021-03-22
2021-07-04 23:33:17 59      HIBB_BBG000H001V3_2021-03-22
2021-07-04 23:33:17 59      HIG_BBG000G0Z878_2021-03-22
2021-07-04 23:33:17 62      HII_BBG001KJ2HM9_2021-03-22
2021-07-04 23:33:17 63      HIIQ_TCS003QRSQD3_2021-03-22
2021-07-04 23:33:17 63      HLT_BBG0058KMH30_2021-03-22
2021-07-04 23:33:17 65      HNP_BBG000BX5YM0_2021-03-22
2021-07-04 23:33:17 66      HNP: SPYKE!. Candle: ID:43, Time: 8:10, Close: 13.81
2021-07-04 23:33:17 66      HOG_BBG000BKZTP3_2021-03-22
2021-07-04 23:33:17 68      HOLX_BBG000C3NTN5_2021-03-22
2021-07-04 23:33:17 70      HON_BBG000H556T9_2021-03-22
2021-07-04 23:33:17 72      HP_BBG000BLCPY4_2021-03-22
2021-07-04 23:33:17 73      HPE_BBG0078W3NQ3_2021-03-22
2021-07-04 23:33:17 75      HPQ_BBG000KHWT55_2021-03-22
2021-07-04 23:33:17 78      HQY_BBG000TYXCT9_2021-03-22
2021-07-04 23:33:17 80      HRB_BBG000BLDV98_2021-03-22
2021-07-04 23:33:17 82      HRC_BBG000BKWCS0_2021-03-22
2021-07-04 23:33:17 83      HRL_BBG000BLF8D2_2021-03-22
2021-07-04 23:33:17 85      HRTX_BBG000G2GJT7_2021-03-22
2021-07-04 23:33:17 87      HSC_BBG000BLH3P8_2021-03-22
2021-07-04 23:33:17 88      HSIC_BBG000BNMMJ3_2021-03-22
2021-07-04 23:33:17 90      HSKA_BBG000BWFH48_2021-03-22
2021-07-04 23:33:17 91      HST_BBG000BL8804_2021-03-22
2021-07-04 23:33:17 93      HSY_BBG000BLHRS2_2021-03-22
2021-07-04 23:33:17 94      HTA_BBG000PRJCX9_2021-03-22
2021-07-04 23:33:17 95      HTHT_BBG000QFPM65_2021-03-22
2021-07-04 23:33:17 97      HUBB_BBG000BLK267_2021-03-22
2021-07-04 23:33:17 98      HUBG_BBG000G9W6L0_2021-03-22
2021-07-04 23:33:17 99      HUBS_BBG000N7MZ06_2021-03-22
2021-07-04 23:33:18 00      HUM_BBG000BLKK03_2021-03-22
2021-07-04 23:33:18 02      HURN_BBG000PV2M48_2021-03-22
2021-07-04 23:33:18 03      HWM_BBG00DYNJGH9_2021-03-22
2021-07-04 23:33:18 04      HXL_BBG000BLMDQ9_2021-03-22
2021-07-04 23:33:18 05      IAC_BBG000BKQG80_2021-03-22
2021-07-04 23:33:18 05      Warning: figi `BBG000BKQG80` for history data does not match actual figi `BBG00S1LR2C3`. Ticker: IAC. Will be used actual!
2021-07-04 23:33:18 07      IART_BBG000BZJQL8_2021-03-22
2021-07-04 23:33:18 08      IBKR_BBG000LV0836_2021-03-22
2021-07-04 23:33:18 09      IBM_BBG000BLNNH6_2021-03-22
2021-07-04 23:33:18 13      IBN_BBG000DRM643_2021-03-22
2021-07-04 23:33:18 14      IBP_BBG005TJKDZ6_2021-03-22
2021-07-04 23:33:18 15      ICE_BBG000C1FB75_2021-03-22
2021-07-04 23:33:18 17      ICPT_BBG001J1QN87_2021-03-22
2021-07-04 23:33:18 20      ICUI_BBG000CQV2N4_2021-03-22
2021-07-04 23:33:18 21      IDCC_BBG000HLJ7M4_2021-03-22
2021-07-04 23:33:18 22      IDXX_BBG000BLRT07_2021-03-22
2021-07-04 23:33:18 24      IEX_BBG000C1HN22_2021-03-22
2021-07-04 23:33:18 25      IFF_BBG000BLSL58_2021-03-22
2021-07-04 23:33:18 26      IGMS_BBG00PNR1BT2_2021-03-22
2021-07-04 23:33:18 27      IIPR_BBG00F0SW7N8_2021-03-22
2021-07-04 23:33:18 28      IIVI_BBG000BLW102_2021-03-22
2021-07-04 23:33:18 31      ILMN_BBG000DSMS70_2021-03-22
2021-07-04 23:33:18 33      INCY_BBG000BNPSQ9_2021-03-22
2021-07-04 23:33:18 35      INDB_BBG000BM0597_2021-03-22
2021-07-04 23:33:18 36      INFO_BBG006G063F9_2021-03-22
2021-07-04 23:33:18 38      INGN_BBG0021PH456_2021-03-22
2021-07-04 23:33:18 39      INGR_BBG000BXPZB7_2021-03-22
2021-07-04 23:33:18 40      INMD_BBG00PPS73P4_2021-03-22
2021-07-04 23:33:18 41      INSP_BBG00209SZJ7_2021-03-22
2021-07-04 23:33:18 41      INTC_BBG000C0G1D1_2021-03-22
2021-07-04 23:33:18 53      INTU_BBG000BH5DV1_2021-03-22
2021-07-04 23:33:18 57      INVH_BBG00FQH6BS9_2021-03-22
2021-07-04 23:33:18 59      IONS_BBG000JH6683_2021-03-22
2021-07-04 23:33:18 60      IONS: SPYKE!. Candle: ID:2136, Time: 20:30, Close: 43.97
2021-07-04 23:33:18 60      IONS: SPYKE!. Candle: ID:2137, Time: 20:30, Close: 43.97
2021-07-04 23:33:18 60      IONS: SPYKE!. Candle: ID:2140, Time: 20:30, Close: 43.97
2021-07-04 23:33:18 60      IONS: SPYKE!. Candle: ID:2141, Time: 20:30, Close: 43.97
2021-07-04 23:33:18 60      IONS: SPYKE!. Candle: ID:2148, Time: 20:30, Close: 41.56
2021-07-04 23:33:18 60      IONS: SPYKE!. Candle: ID:2152, Time: 20:30, Close: 41.25
2021-07-04 23:33:18 60      IONS: SPYKE!. Candle: ID:2157, Time: 20:30, Close: 42.5
2021-07-04 23:33:18 60      IONS: SPYKE!. Candle: ID:2159, Time: 20:30, Close: 40.01
2021-07-04 23:33:18 60      IONS: SPYKE!. Candle: ID:2160, Time: 20:30, Close: 42.84
2021-07-04 23:33:18 60      IONS: SPYKE!. Candle: ID:2166, Time: 20:30, Close: 41.11
2021-07-04 23:33:18 60      IONS: SPYKE!. Candle: ID:2176, Time: 20:30, Close: 44.37
2021-07-04 23:33:18 60      IONS: SPYKE!. Candle: ID:2765, Time: 21:10, Close: 48
2021-07-04 23:33:18 61      IOSP_BBG000BMFNP4_2021-03-22
2021-07-04 23:33:18 62      IOVA_BBG000FTLBV7_2021-03-22
2021-07-04 23:33:18 63      IP_BBG000BM5SR2_2021-03-22
2021-07-04 23:33:18 66      IPAR_BBG000GCSWR5_2021-03-22
2021-07-04 23:33:18 67      IPG_BBG000C90DH9_2021-03-22
2021-07-04 23:33:18 68      IPGP_BBG000DCGRL8_2021-03-22
2021-07-04 23:33:18 70      IQV_BBG00333FYS2_2021-03-22
2021-07-04 23:33:18 71      IR_BBG002R1CW27_2021-03-22
2021-07-04 23:33:18 72      IRBT_BBG000HXJB21_2021-03-22
2021-07-04 23:33:18 74      IRDM_BBG000VC0FC1_2021-03-22
2021-07-04 23:33:18 76      IRM_BBG000KCZPC3_2021-03-22
2021-07-04 23:33:18 77      IRTC_BBG001J19V24_2021-03-22
2021-07-04 23:33:18 78      ISRG_BBG000BJPDZ1_2021-03-22
2021-07-04 23:33:18 81      IT_BBG000BB65D0_2021-03-22
2021-07-04 23:33:18 82      ITCI_BBG0026ZFZC4_2021-03-22
2021-07-04 23:33:18 83      ITGR_BBG000BW6JV4_2021-03-22
2021-07-04 23:33:18 84      ITRI_BBG000BD2167_2021-03-22
2021-07-04 23:33:18 85      ITT_BBG00CVQZQ96_2021-03-22
2021-07-04 23:33:18 86      ITW_BBG000BMBL90_2021-03-22
2021-07-04 23:33:18 87      IVZ_BBG000BY2Y78_2021-03-22
2021-07-04 23:33:18 89      J_BBG000BMFFQ0_2021-03-22
2021-07-04 23:33:18 90      JACK_BBG000GZYVY1_2021-03-22
2021-07-04 23:33:18 91      JBHT_BBG000BMDBZ1_2021-03-22
2021-07-04 23:33:18 93      JBSS_BBG000CHPMY5_2021-03-22
2021-07-04 23:33:18 94      JBT_BBG000VLBCQ1_2021-03-22
2021-07-04 23:33:18 95      JCI_BBG000BVWLJ6_2021-03-22
2021-07-04 23:33:18 97      JCOM_BBG000F3CWW7_2021-03-22
2021-07-04 23:33:18 98      JD_BBG005YHY0Q7_2021-03-22
2021-07-04 23:33:19 05      JEF_BBG000BNHSP9_2021-03-22
2021-07-04 23:33:19 06      JELD_BBG0019GM953_2021-03-22
2021-07-04 23:33:19 07      JJSF_BBG000BMGPW0_2021-03-22
2021-07-04 23:33:19 08      JKHY_BBG000BMH2Q7_2021-03-22
2021-07-04 23:33:19 10      JLL_BBG000C2L2L0_2021-03-22
2021-07-04 23:33:19 11      JNJ_BBG000BMHYD1_2021-03-22
2021-07-04 23:33:19 15      JNPR_BBG000BY33P5_2021-03-22
2021-07-04 23:33:19 16      JOBS_BBG000BJD1D4_2021-03-22
2021-07-04 23:33:19 18      JOUT_BBG000HCXFS4_2021-03-22
2021-07-04 23:33:19 19      JPM_BBG000DMBXR2_2021-03-22
2021-07-04 23:33:19 26      JWN_BBG000G8N9C6_2021-03-22
2021-07-04 23:33:19 28      K_BBG000BMKDM3_2021-03-22
2021-07-04 23:33:19 32      KALU_BBG000PKZDX4_2021-03-22
2021-07-04 23:33:19 33      KBH_BBG000BMLWX8_2021-03-22
2021-07-04 23:33:19 35      KDP_BBG000TJM7F0_2021-03-22
2021-07-04 23:33:19 38      KEP_BBG000BCWG90_2021-03-22
2021-07-04 23:33:19 39      KEX_BBG000BMQCP6_2021-03-22
2021-07-04 23:33:19 40      KEY_BBG000BMQPL1_2021-03-22
2021-07-04 23:33:19 43      KEYS_BBG0059FN811_2021-03-22
2021-07-04 23:33:19 44      KFY_BBG000C5QMB5_2021-03-22
2021-07-04 23:33:19 45      KHC_BBG005CPNTQ2_2021-03-22
2021-07-04 23:33:19 48      KIDS_BBG00HFFRW39_2021-03-22
2021-07-04 23:33:19 49      KIM_BBG000CN3S73_2021-03-22
2021-07-04 23:33:19 51      KLAC_BBG000BMTFR4_2021-03-22
2021-07-04 23:33:19 54      KMB_BBG000BMW2Z0_2021-03-22
2021-07-04 23:33:19 56      KMI_BBG0019JZ882_2021-03-22
2021-07-04 23:33:19 60      KMPR_BBG000H3GDJ8_2021-03-22
2021-07-04 23:33:19 60      KMT_BBG000BMWKC5_2021-03-22
2021-07-04 23:33:19 61      KMX_BBG000BLMZK6_2021-03-22
2021-07-04 23:33:19 62      KNSL_BBG00D8JD9Z9_2021-03-22
2021-07-04 23:33:19 64      KNX_BBG000BFC848_2021-03-22
2021-07-04 23:33:19 65      KO_BBG000BMX289_2021-03-22
2021-07-04 23:33:19 68      KOD_BBG00BVR0D02_2021-03-22
2021-07-04 23:33:19 69      KR_BBG000BMY992_2021-03-22
2021-07-04 23:33:19 72      KRG_BBG000BC2KW8_2021-03-22
2021-07-04 23:33:19 72      KRTX_BBG00NN875G0_2021-03-22
2021-07-04 23:33:19 73      KRTX: SPYKE!. Candle: ID:9, Time: 12:45, Close: 127.06
2021-07-04 23:33:19 73      KRYS_BBG00HDGRHH7_2021-03-22
2021-07-04 23:33:19 74      KSU_BBG000BMZ7P7_2021-03-22
2021-07-04 23:33:19 79      KTB_BBG00LPTHYD5_2021-03-22
2021-07-04 23:33:19 80      KWR_BBG000DZS2L9_2021-03-22
2021-07-04 23:33:19 81      L_BBG000C45984_2021-03-22
2021-07-04 23:33:19 82      LAD_BBG000K3BC83_2021-03-22
2021-07-04 23:33:19 83      LANC_BBG000BN1M88_2021-03-22
2021-07-04 23:33:19 84      LASR_BBG0020BCPX5_2021-03-22
2021-07-04 23:33:19 85      LB_BBG000BNGTQ7_2021-03-22
2021-07-04 23:33:19 86      LBRDK_BBG006GNSZW5_2021-03-22
2021-07-04 23:33:19 88      LCII_BBG000DNLMB0_2021-03-22
2021-07-04 23:33:19 89      LDOS_BBG000C23PB0_2021-03-22
2021-07-04 23:33:19 90      LEA_BBG000PTLGZ1_2021-03-22
2021-07-04 23:33:19 91      LECO_BBG000BB72K8_2021-03-22
2021-07-04 23:33:19 93      LEG_BBG000BN53G7_2021-03-22
2021-07-04 23:33:19 94      LEGH_BBG00MJDR6J9_2021-03-22
2021-07-04 23:33:19 95      LEN_BBG000BN5HF7_2021-03-22
2021-07-04 23:33:19 96      LEVI_BBG000BQDF10_2021-03-22
2021-07-04 23:33:19 98      LFC_BBG000BBK4B9_2021-03-22
2021-07-04 23:33:19 99      LFUS_BBG000BGFGT8_2021-03-22
2021-07-04 23:33:20 00      LGIH_BBG0056655S1_2021-03-22
2021-07-04 23:33:20 01      LGND_BBG000BKF014_2021-03-22
2021-07-04 23:33:20 02      LH_BBG000D9DMK0_2021-03-22
2021-07-04 23:33:20 03      LHCG_BBG000G7W420_2021-03-22
2021-07-04 23:33:20 04      LHX_BBG000BLGFJ9_2021-03-22
2021-07-04 23:33:20 06      LII_BBG000BB5B84_2021-03-22
2021-07-04 23:33:20 07      LIN_BBG00GVR8YQ9_2021-03-22
2021-07-04 23:33:20 08      LITE_BBG0073F9RT7_2021-03-22
2021-07-04 23:33:20 10      LKQ_BBG000PXDL44_2021-03-22
2021-07-04 23:33:20 12      LLY_BBG000BNBDC2_2021-03-22
2021-07-04 23:33:20 14      LMT_BBG000C1BW00_2021-03-22
2021-07-04 23:33:20 16      LNN_BBG000FJS1S8_2021-03-22
2021-07-04 23:33:20 17      LNT_BBG000DW4Q75_2021-03-22
2021-07-04 23:33:20 19      LNTH_BBG006Q52RD0_2021-03-22
2021-07-04 23:33:20 20      LOPE_BBG000FV28W9_2021-03-22
2021-07-04 23:33:20 21      LOW_BBG000BNDN65_2021-03-22
2021-07-04 23:33:20 24      LPL_BBG000FJ0RK9_2021-03-22
2021-07-04 23:33:20 25      LPLA_BBG000P2TYL8_2021-03-22
2021-07-04 23:33:20 27      LPSN_BBG000BSV0W5_2021-03-22
2021-07-04 23:33:20 28      LRCX_BBG000BNFLM9_2021-03-22
2021-07-04 23:33:20 32      LRN_BBG000QSXPZ9_2021-03-22
2021-07-04 23:33:20 33      LSCC_BBG000C2D1C1_2021-03-22
2021-07-04 23:33:20 35      LSTR_BBG000BB2KN0_2021-03-22
2021-07-04 23:33:20 36      LTHM_BBG00LV3NRG0_2021-03-22
2021-07-04 23:33:20 37      LULU_BBG000R8ZVD1_2021-03-22
2021-07-04 23:33:20 40      LUMN_BBG000BGLRN3_2021-03-22
2021-07-04 23:33:20 41      LUV_BBG000BNJHS8_2021-03-22
2021-07-04 23:33:20 44      LVS_BBG000JWD753_2021-03-22
2021-07-04 23:33:20 46      LW_BBG003CVMLQ2_2021-03-22
2021-07-04 23:33:20 47      LYB_BBG000WCFV84_2021-03-22
2021-07-04 23:33:20 49      LYFT_BBG004M9ZHX5_2021-03-22
2021-07-04 23:33:20 54      LYV_BBG000FQ7YR4_2021-03-22
2021-07-04 23:33:20 56      M_BBG000C46HM9_2021-03-22
2021-07-04 23:33:20 59      MA_BBG000F1ZSQ2_2021-03-22
2021-07-04 23:33:20 62      MAA_BBG000BLMY92_2021-03-22
2021-07-04 23:33:20 63      MAC_BBG000BL9C59_2021-03-22
2021-07-04 23:33:20 66      MAN_BBG000BNMHS4_2021-03-22
2021-07-04 23:33:20 67      MANH_BBG000BFV758_2021-03-22
2021-07-04 23:33:20 68      MANT_BBG000BGF8B5_2021-03-22
2021-07-04 23:33:20 69      MANU_BBG0035WV4N9_2021-03-22
2021-07-04 23:33:20 70      MAR_BBG000BGD7W6_2021-03-22
2021-07-04 23:33:20 73      MAS_BBG000BNNKG9_2021-03-22
2021-07-04 23:33:20 74      MASI_BBG000C3W281_2021-03-22
2021-07-04 23:33:20 75      MAT_BBG000BNNYW1_2021-03-22
2021-07-04 23:33:20 78      MATX_BBG000BBK401_2021-03-22
2021-07-04 23:33:20 78      MBT_BBG000CSZKR2_2021-03-22
2021-07-04 23:33:20 80      MBUU_BBG005PXTR70_2021-03-22
2021-07-04 23:33:20 81      MCD_BBG000BNSZP1_2021-03-22
2021-07-04 23:33:20 84      MCHP_BBG000BHCP19_2021-03-22
2021-07-04 23:33:20 88      MCK_BBG000DYGNW7_2021-03-22
2021-07-04 23:33:20 89      MCO_BBG000F86GP6_2021-03-22
2021-07-04 23:33:20 90      MCRI_BBG000BJ0932_2021-03-22
2021-07-04 23:33:20 91      MD_BBG000H8LGK2_2021-03-22
2021-07-04 23:33:20 92      MDB_BBG0022FDRY8_2021-03-22
2021-07-04 23:33:20 94      MDGL_BBG000QS6NV8_2021-03-22
2021-07-04 23:33:20 95      MDLA_BBG001BPKGT0_2021-03-22
2021-07-04 23:33:20 96      MDLZ_BBG000D4LWF6_2021-03-22
2021-07-04 23:33:21 00      MDRX_BBG000BLDXH5_2021-03-22
2021-07-04 23:33:21 01      MDT_BBG000BNWG87_2021-03-22
2021-07-04 23:33:21 05      MED_BBG000BWBW76_2021-03-22
2021-07-04 23:33:21 05      MEDP_BBG0065B7K59_2021-03-22
2021-07-04 23:33:21 07      MEI_BBG000BNY197_2021-03-22
2021-07-04 23:33:21 08      MELI_BBG000GQPB11_2021-03-22
2021-07-04 23:33:21 09      MET_BBG000BB6KF5_2021-03-22
2021-07-04 23:33:21 13      MFGP_BBG00HFWVGN0_2021-03-22
2021-07-04 23:33:21 14      MGLN_BBG000BD6DD9_2021-03-22
2021-07-04 23:33:21 15      MGM_BBG000C2BXK4_2021-03-22
2021-07-04 23:33:21 21      MGY_BBG00GNC8DL2_2021-03-22
2021-07-04 23:33:21 23      MHK_BBG000FLZN98_2021-03-22
2021-07-04 23:33:21 24      MHO_BBG000BL9MZ4_2021-03-22
2021-07-04 23:33:21 26      MIDD_BBG000DQN9R3_2021-03-22
2021-07-04 23:33:21 27      MINI_BBG000BGTX98_2021-03-22
2021-07-04 23:33:21 28      MKC_BBG000G6Y5W4_2021-03-22
2021-07-04 23:33:21 29      MKL_BBG000FC7366_2021-03-22
2021-07-04 23:33:21 30      MKSI_BBG000BVMG26_2021-03-22
2021-07-04 23:33:21 31      MKTX_BBG000BJBZ23_2021-03-22
2021-07-04 23:33:21 32      MLAB_BBG000BP3PW7_2021-03-22
2021-07-04 23:33:21 33      MLCO_BBG000BHP8J4_2021-03-22
2021-07-04 23:33:21 35      MLHR_BBG000BP46T2_2021-03-22
2021-07-04 23:33:21 36      MLM_BBG000BGYMH7_2021-03-22
2021-07-04 23:33:21 37      MMC_BBG000BP4MH0_2021-03-22
2021-07-04 23:33:21 39      MMI_BBG005GBRSR6_2021-03-22
2021-07-04 23:33:21 40      MMM_BBG000BP52R2_2021-03-22
2021-07-04 23:33:21 42      MMS_BBG000BC5WJ4_2021-03-22
2021-07-04 23:33:21 43      MMSI_BBG000C42VX0_2021-03-22
2021-07-04 23:33:21 45      MNRO_BBG000C0BZD1_2021-03-22
2021-07-04 23:33:21 45      MNST_BBG008NVB1C0_2021-03-22
2021-07-04 23:33:21 47      MO_BBG000BP6LJ8_2021-03-22
2021-07-04 23:33:21 50      MOH_BBG000MBHNC8_2021-03-22
2021-07-04 23:33:21 52      MOMO_BBG007HTCQT0_2021-03-22
2021-07-04 23:33:21 60      MORN_BBG000CGQ4F7_2021-03-22
2021-07-04 23:33:21 61      MOS_BBG000BFXHL6_2021-03-22
2021-07-04 23:33:21 65      MOV_BBG000BL30Y9_2021-03-22
2021-07-04 23:33:21 65      MPC_BBG001DCCGR8_2021-03-22
2021-07-04 23:33:21 69      MPWR_BBG000C30L48_2021-03-22
2021-07-04 23:33:21 71      MRC_BBG000BKLTM1_2021-03-22
2021-07-04 23:33:21 72      MRK_BBG000BPD168_2021-03-22
2021-07-04 23:33:21 77      MRNA_BBG003PHHZT1_2021-03-22
2021-07-04 23:33:21 86      MRO_BBG000C8H633_2021-03-22
2021-07-04 23:33:21 88      MRTX_BBG004TPGBP5_2021-03-22
2021-07-04 23:33:21 90      MS_BBG000BLZRJ2_2021-03-22
2021-07-04 23:33:21 94      MSA_BBG000BPDXF8_2021-03-22
2021-07-04 23:33:21 95      MSCI_BBG000RTDY25_2021-03-22
2021-07-04 23:33:21 96      MSFT_BBG000BPH459_2021-03-22
2021-07-04 23:33:22 17      MSGE_BBG00L9HLWV8_2021-03-22
2021-07-04 23:33:22 17      MSGN_BBG000NS03H7_2021-03-22
2021-07-04 23:33:22 18      MSGS_BBG007FG0C23_2021-03-22
2021-07-04 23:33:22 19      MSI_BBG000BP8Z50_2021-03-22
2021-07-04 23:33:22 21      MSM_BBG000BCLYL9_2021-03-22
2021-07-04 23:33:22 21      MSTR_BBG000GQJPZ0_2021-03-22
2021-07-04 23:33:22 26      MTB_BBG000D9KWL9_2021-03-22
2021-07-04 23:33:22 27      MTCH_BBG00B6WH9G3_2021-03-22
2021-07-04 23:33:22 29      MTD_BBG000BZCKH3_2021-03-22
2021-07-04 23:33:22 30      MTG_BBG000CBMH27_2021-03-22
2021-07-04 23:33:22 31      MTH_BBG000F4F1N0_2021-03-22
2021-07-04 23:33:22 32      MTN_BBG000BCMWM1_2021-03-22
2021-07-04 23:33:22 33      MTOR_BBG000BH92D1_2021-03-22
2021-07-04 23:33:22 34      MTRN_BBG000BDTT76_2021-03-22
2021-07-04 23:33:22 34      MU_BBG000C5Z1S3_2021-03-22
2021-07-04 23:33:22 45      MUR_BBG000BPMH90_2021-03-22
2021-07-04 23:33:22 48      MUSA_BBG001Z0Q6T5_2021-03-22
2021-07-04 23:33:22 51      MXIM_BBG000BPNP00_2021-03-22
2021-07-04 23:33:22 54      MXL_BBG000BB6R33_2021-03-22
2021-07-04 23:33:22 55      MYGN_BBG000D9H9F1_2021-03-22
2021-07-04 23:33:22 56      MYRG_BBG000BC7VW9_2021-03-22
2021-07-04 23:33:22 57      NARI_BBG009J8K7M0_2021-03-22
2021-07-04 23:33:22 58      NATI_BBG000DZK6N6_2021-03-22
2021-07-04 23:33:22 59      NAVI_BBG004MN1R41_2021-03-22
2021-07-04 23:33:22 60      NBIX_BBG000GJS7C1_2021-03-22
2021-07-04 23:33:22 61      NCBS_BBG000QK0TG5_2021-03-22
2021-07-04 23:33:22 62      NCR_BBG000BMXK89_2021-03-22
2021-07-04 23:33:22 63      NDAQ_BBG000F5VVB6_2021-03-22
2021-07-04 23:33:22 65      NDSN_BBG000BPWGR1_2021-03-22
2021-07-04 23:33:22 66      NEE_BBG000BJSBJ0_2021-03-22
2021-07-04 23:33:22 71      NEM_BBG000BPWXK1_2021-03-22
2021-07-04 23:33:22 75      NEO_BBG000BKH263_2021-03-22
2021-07-04 23:33:22 76      NEOG_BBG000C1BCK2_2021-03-22
2021-07-04 23:33:22 77      NET_BBG001WMKHH5_2021-03-22
2021-07-04 23:33:22 80      NEU_BBG000BJ5SS8_2021-03-22
2021-07-04 23:33:22 81      NEWR_BBG001NFKJ68_2021-03-22
2021-07-04 23:33:22 82      NFLX_BBG000CL9VN6_2021-03-22
2021-07-04 23:33:22 87      NGVT_BBG009LM28K6_2021-03-22
2021-07-04 23:33:22 88      NJR_BBG000BPZVW9_2021-03-22
2021-07-04 23:33:22 89      NKE_BBG000C5HS04_2021-03-22
2021-07-04 23:33:22 92      NKTR_BBG000BHCYJ1_2021-03-22
2021-07-04 23:33:22 93      NLOK_BBG000BH2JM1_2021-03-22
2021-07-04 23:33:22 96      NLSN_BBG0088CYPX8_2021-03-22
2021-07-04 23:33:22 97      NMIH_BBG005DLMMZ6_2021-03-22
2021-07-04 23:33:22 98      NOC_BBG000BQ2C28_2021-03-22
2021-07-04 23:33:23 00      NOK_BBG000BNGBW9_2021-03-22
2021-07-04 23:33:23 04      NOV_BBG000BJX8C8_2021-03-22
2021-07-04 23:33:23 07      NOW_BBG000M1R011_2021-03-22
2021-07-04 23:33:23 08      NP_BBG000QCQ764_2021-03-22
2021-07-04 23:33:23 09      NPK_BBG000BQ4GG2_2021-03-22
2021-07-04 23:33:23 09      NRG_BBG000D8RG11_2021-03-22
2021-07-04 23:33:23 15      NSC_BBG000BQ5DS5_2021-03-22
2021-07-04 23:33:23 18      NSP_BBG000BJ41X2_2021-03-22
2021-07-04 23:33:23 18      NTAP_BBG000FP1N32_2021-03-22
2021-07-04 23:33:23 20      NTCO_BBG00R4ZKPN5_2021-03-22
2021-07-04 23:33:23 21      NTCT_BBG000C136Z8_2021-03-22
2021-07-04 23:33:23 22      NTES_BBG000BX72V8_2021-03-22
2021-07-04 23:33:23 24      NTGR_BBG000C4GBR6_2021-03-22
2021-07-04 23:33:23 25      NTLA_BBG007KC7PB0_2021-03-22
2021-07-04 23:33:23 27      NTNX_BBG001NDW1Z7_2021-03-22
2021-07-04 23:33:23 29      NTRA_BBG001J1BQ86_2021-03-22
2021-07-04 23:33:23 30      NTRS_BBG000BQ74K1_2021-03-22
2021-07-04 23:33:23 32      NTUS_BBG000DPZHS3_2021-03-22
2021-07-04 23:33:23 32      NUE_BBG000BQ8KV2_2021-03-22
2021-07-04 23:33:23 34      NUS_BBG000HG21Y3_2021-03-22
2021-07-04 23:33:23 36      NUVA_BBG000LNL298_2021-03-22
2021-07-04 23:33:23 37      NVDA_BBG000BBJQV0_2021-03-22
2021-07-04 23:33:23 47      NVEE_BBG005BT60Y8_2021-03-22
2021-07-04 23:33:23 47      NVR_BBG000BQBYR3_2021-03-22
2021-07-04 23:33:23 48      NVRO_BBG001K61W36_2021-03-22
2021-07-04 23:33:23 49      NVTA_BBG005DJFD43_2021-03-22
2021-07-04 23:33:23 52      NWE_BBG000Q1NMJ4_2021-03-22
2021-07-04 23:33:23 52      NWL_BBG000BQC9V2_2021-03-22
2021-07-04 23:33:23 54      NWLI_BBG008HNHZ07_2021-03-22
2021-07-04 23:33:23 55      NWS_BBG0035M2ZB7_2021-03-22
2021-07-04 23:33:23 57      NWSA_BBG0035LY913_2021-03-22
2021-07-04 23:33:23 60      NXPI_BBG000BND699_2021-03-22
2021-07-04 23:33:23 65      NXST_BBG000DZJVH0_2021-03-22
2021-07-04 23:33:23 66      NYT_BBG000FFC0B3_2021-03-22
2021-07-04 23:33:23 68      O_BBG000DHPN63_2021-03-22
2021-07-04 23:33:23 70      OC_BBG000M44VW8_2021-03-22
2021-07-04 23:33:23 71      ODFL_BBG000CHSS88_2021-03-22
2021-07-04 23:33:23 73      OFIX_BBG000G1C210_2021-03-22
2021-07-04 23:33:23 74      OHI_BBG000BGBTC2_2021-03-22
2021-07-04 23:33:23 75      OI_BBG00R2JZG39_2021-03-22
2021-07-04 23:33:23 76      OII_BBG000CPBCL8_2021-03-22
2021-07-04 23:33:23 78      OIS_BBG000BDDN94_2021-03-22
2021-07-04 23:33:23 80      OKE_BBG000BQHGR6_2021-03-22
2021-07-04 23:33:23 82      OKTA_BBG001YV1SM4_2021-03-22
2021-07-04 23:33:23 85      OLED_BBG000BLRP41_2021-03-22
2021-07-04 23:33:23 87      OLLI_BBG0098VVDT9_2021-03-22
2021-07-04 23:33:23 89      OMC_BBG000BS9489_2021-03-22
2021-07-04 23:33:23 90      OMCL_BBG000BTNGZ4_2021-03-22
2021-07-04 23:33:23 91      ON_BBG000DV7MX4_2021-03-22
2021-07-04 23:33:23 96      ONTO_BBG000BPRN29_2021-03-22
2021-07-04 23:33:23 97      ORCL_BBG000BQLTW7_2021-03-22
2021-07-04 23:33:24 00      ORLY_BBG000BGYWY6_2021-03-22
2021-07-04 23:33:24 01      OSIS_BBG000BWPR54_2021-03-22
2021-07-04 23:33:24 02      OSK_BBG000CC53X1_2021-03-22
2021-07-04 23:33:24 03      OSUR_BBG000J3D1Y8_2021-03-22
2021-07-04 23:33:24 05      OTIS_BBG00RP60KV0_2021-03-22
2021-07-04 23:33:24 07      OVV_BBG00R2NHQ65_2021-03-22
2021-07-04 23:33:24 08      OXY_BBG000BQQ2S6_2021-03-22
2021-07-04 23:33:24 13      PAGS_BBG00JM7QBR6_2021-03-22
2021-07-04 23:33:24 14      PANW_BBG0014GJCT9_2021-03-22
2021-07-04 23:33:24 16      PATK_BBG000BQSBB2_2021-03-22
2021-07-04 23:33:24 16      PAYC_BBG0064N0ZZ5_2021-03-22
2021-07-04 23:33:24 18      PB_BBG000BHY4D9_2021-03-22
2021-07-04 23:33:24 19      PBCT_BBG000BQT4L6_2021-03-22
2021-07-04 23:33:24 20      PBF_BBG002832GV8_2021-03-22
2021-07-04 23:33:24 23      PBH_BBG000QM0RZ4_2021-03-22
2021-07-04 23:33:24 24      PBI_BBG000BQTMJ9_2021-03-22
2021-07-04 23:33:24 26      PCAR_BBG000BQVTF5_2021-03-22
2021-07-04 23:33:24 27      PCG_BBG000BQWPC5_2021-03-22
2021-07-04 23:33:24 29      PCRX_BBG0018FQNS6_2021-03-22
2021-07-04 23:33:24 30      PCTY_BBG006598YS8_2021-03-22
2021-07-04 23:33:24 31      PD_BBG0043BYPB8_2021-03-22
2021-07-04 23:33:24 32      PDCO_BBG000BQY289_2021-03-22
2021-07-04 23:33:24 32      PDCO: SPYKE!. Candle: ID:7, Time: 13:25, Close: 32.02
2021-07-04 23:33:24 33      PEAK_BBG000BKYDP9_2021-03-22
2021-07-04 23:33:24 35      PEG_BBG000BQZMH4_2021-03-22
2021-07-04 23:33:24 37      PEGA_BBG000H1RYG7_2021-03-22
2021-07-04 23:33:24 38      PEN_BBG001BP92V1_2021-03-22
2021-07-04 23:33:24 39      PEP_BBG000DH7JK6_2021-03-22
2021-07-04 23:33:24 45      PETQ_BBG00H1CY328_2021-03-22
2021-07-04 23:33:24 46      PFE_BBG000BR2B91_2021-03-22
2021-07-04 23:33:24 51      PFG_BBG000NSCNT7_2021-03-22
2021-07-04 23:33:24 53      PFGC_BBG009XW2WB8_2021-03-22
2021-07-04 23:33:24 54      PFPT_BBG000RQ2GY7_2021-03-22
2021-07-04 23:33:24 55      PG_BBG000BR2TH3_2021-03-22
2021-07-04 23:33:24 60      PGNY_BBG002H1K1H1_2021-03-22
2021-07-04 23:33:24 61      PGR_BBG000BR37X2_2021-03-22
2021-07-04 23:33:24 64      PGTI_BBG000FX3Y66_2021-03-22
2021-07-04 23:33:24 64      PH_BBG000BR3KL6_2021-03-22
2021-07-04 23:33:24 65      PHM_BBG000BR54L0_2021-03-22
2021-07-04 23:33:24 68      PII_BBG000D5S4M0_2021-03-22
2021-07-04 23:33:24 69      PINC_BBG000G7QX50_2021-03-22
2021-07-04 23:33:24 70      PINS_BBG002583CV8_2021-03-22
2021-07-04 23:33:24 74      PIPR_BBG000FQXC75_2021-03-22
2021-07-04 23:33:24 75      PKG_BBG000BB8SW7_2021-03-22
2021-07-04 23:33:24 76      PKI_BBG000FXW512_2021-03-22
2021-07-04 23:33:24 77      PLAN_BBG002DZS299_2021-03-22
2021-07-04 23:33:24 79      PLAY_BBG001WWJTK5_2021-03-22
2021-07-04 23:33:24 81      PLCE_BBG000JK9DK4_2021-03-22
2021-07-04 23:33:24 82      PLD_BBG000B9Z0J8_2021-03-22
2021-07-04 23:33:24 84      PLNT_BBG009H04M17_2021-03-22
2021-07-04 23:33:24 85      PLTR_BBG000N7QR55_2021-03-22
2021-07-04 23:33:24 92      PLUS_BBG000HN7W02_2021-03-22
2021-07-04 23:33:24 93      PLXS_BBG000BRBX66_2021-03-22
2021-07-04 23:33:24 94      PM_BBG000J2XL74_2021-03-22
2021-07-04 23:33:24 96      PNC_BBG000BRD0D8_2021-03-22
2021-07-04 23:33:24 98      PNFP_BBG000C1XKF6_2021-03-22
2021-07-04 23:33:24 99      PNTG_BBG00P33SY72_2021-03-22
2021-07-04 23:33:25 00      PODD_BBG000R7XX87_2021-03-22
2021-07-04 23:33:25 01      POOL_BBG000BCVG28_2021-03-22
2021-07-04 23:33:25 02      POR_BBG000BCRMW7_2021-03-22
2021-07-04 23:33:25 03      POST_BBG001WTBC36_2021-03-22
2021-07-04 23:33:25 04      POWI_BBG000BTT3D1_2021-03-22
2021-07-04 23:33:25 05      PPC_BBG000BFLXV3_2021-03-22
2021-07-04 23:33:25 06      PPG_BBG000BRJ809_2021-03-22
2021-07-04 23:33:25 08      PPL_BBG000BRJL00_2021-03-22
2021-07-04 23:33:25 10      PRAA_BBG000BNTW77_2021-03-22
2021-07-04 23:33:25 11      PRAH_BBG007387YL8_2021-03-22
2021-07-04 23:33:25 11      PRAH: SPYKE!. Candle: ID:1417, Time: 20:10, Close: 155.42
2021-07-04 23:33:25 12      PRFT_BBG000BVXFK6_2021-03-22
2021-07-04 23:33:25 13      PRG_BBG00VSH86G4_2021-03-22
2021-07-04 23:33:25 14      PRGS_BBG000C4QP94_2021-03-22
2021-07-04 23:33:25 15      PRI_BBG000T8ZF80_2021-03-22
2021-07-04 23:33:25 16      PRLB_BBG000BT13B3_2021-03-22
2021-07-04 23:33:25 17      PRSP_BBG00KMXKWF9_2021-03-22
2021-07-04 23:33:25 18      PRU_BBG000HCJMF9_2021-03-22
2021-07-04 23:33:25 19      PSA_BBG000BPPN67_2021-03-22
2021-07-04 23:33:25 20      PSN_BBG000C3TKY6_2021-03-22
2021-07-04 23:33:25 21      PSTG_BBG00212PVZ5_2021-03-22
2021-07-04 23:33:25 23      PSX_BBG00286S4N9_2021-03-22
2021-07-04 23:33:25 26      PTC_BBG000C2VBB0_2021-03-22
2021-07-04 23:33:25 28      PTCT_BBG000QT15P7_2021-03-22
2021-07-04 23:33:25 29      PTON_BBG00JG0FFZ2_2021-03-22
2021-07-04 23:33:25 34      PTR_BBG000BR85F1_2021-03-22
2021-07-04 23:33:25 35      PUMP_BBG00FYCQ352_2021-03-22
2021-07-04 23:33:25 36      PVH_BBG000BRRG02_2021-03-22
2021-07-04 23:33:25 37      PWR_BBG000BBL8V7_2021-03-22
2021-07-04 23:33:25 39      PXD_BBG000BXRPH1_2021-03-22
2021-07-04 23:33:25 40      PYPL_BBG0077VNXV6_2021-03-22
2021-07-04 23:33:25 46      PZZA_BBG000BFWF13_2021-03-22
2021-07-04 23:33:25 48      QADA_BBG001BP77C3_2021-03-22
2021-07-04 23:33:25 48      QCOM_BBG000CGC1X8_2021-03-22
2021-07-04 23:33:25 56      QDEL_BBG000C6GN04_2021-03-22
2021-07-04 23:33:25 59      QLYS_BBG000HT5G06_2021-03-22
2021-07-04 23:33:25 61      QNST_BBG000S9XXB8_2021-03-22
2021-07-04 23:33:25 61      QRTEA_BBG000PCQQL6_2021-03-22
2021-07-04 23:33:25 63      QRVO_BBG007TJF1N7_2021-03-22
2021-07-04 23:33:25 66      QTS_BBG0054B20Z8_2021-03-22
2021-07-04 23:33:25 68      QTWO_BBG005ZVK9P2_2021-03-22
2021-07-04 23:33:25 68      QUOT_BBG001QYNR63_2021-03-22
2021-07-04 23:33:25 69      R_BBG000BRVP70_2021-03-22
2021-07-04 23:33:25 70      RACE_BBG009PH3Q86_2021-03-22
2021-07-04 23:33:25 71      RAMP_BBG000BB4HM6_2021-03-22
2021-07-04 23:33:25 73      RARE_BBG001RWPDW6_2021-03-22
2021-07-04 23:33:25 74      RAVN_BBG000CXQTZ3_2021-03-22
2021-07-04 23:33:25 74      RAVN: SPYKE!. Candle: ID:1820, Time: 20:40, Close: 31.02
2021-07-04 23:33:25 74      RAVN: SPYKE!. Candle: ID:1823, Time: 20:40, Close: 33
2021-07-04 23:33:25 74      RAVN: SPYKE!. Candle: ID:1832, Time: 20:40, Close: 31.1
2021-07-04 23:33:25 75      RBC_BBG000BRXTR8_2021-03-22
2021-07-04 23:33:25 76      RCL_BBG000BB5792_2021-03-22
2021-07-04 23:33:25 78      RDFN_BBG001Q7HP63_2021-03-22
2021-07-04 23:33:25 81      RDS.A_BBG000QXSSS6_2021-03-22
2021-07-04 23:33:25 84      RDY_BBG000NJ96L6_2021-03-22
2021-07-04 23:33:25 84      RE_BBG000C1XVK6_2021-03-22
2021-07-04 23:33:25 85      REG_BBG000BL46Q4_2021-03-22
2021-07-04 23:33:25 87      REGI_BBG0016SSV00_2021-03-22
2021-07-04 23:33:25 90      REGN_BBG000C734W3_2021-03-22
2021-07-04 23:33:25 92      RETA_BBG000R33BD1_2021-03-22
2021-07-04 23:33:25 94      REX_BBG000D2ZK61_2021-03-22
2021-07-04 23:33:25 95      REZI_BBG00HY28K89_2021-03-22
2021-07-04 23:33:25 96      RF_BBG000Q3JN03_2021-03-22
2021-07-04 23:33:26 00      RGA_BBG000BDLCQ0_2021-03-22
2021-07-04 23:33:26 00      RGEN_BBG000BS48J3_2021-03-22
2021-07-04 23:33:26 03      RGLD_BBG000BS5170_2021-03-22
2021-07-04 23:33:26 05      RGNX_BBG007Z9V591_2021-03-22
2021-07-04 23:33:26 06      RGR_BBG000C4FQG6_2021-03-22
2021-07-04 23:33:26 07      RH_BBG002293PJ4_2021-03-22
2021-07-04 23:33:26 08      RHI_BBG000BS5DR2_2021-03-22
2021-07-04 23:33:26 09      RIG_BBG000BH5LT6_2021-03-22
2021-07-04 23:33:26 14      RJF_BBG000BS73J1_2021-03-22
2021-07-04 23:33:26 16      RL_BBG000BS0ZF1_2021-03-22
2021-07-04 23:33:26 18      RMD_BBG000L4M7F1_2021-03-22
2021-07-04 23:33:26 19      RNG_BBG000J094P3_2021-03-22
2021-07-04 23:33:26 21      ROCK_BBG000BKQDQ7_2021-03-22
2021-07-04 23:33:26 22      ROG_BBG000BS9HN3_2021-03-22
2021-07-04 23:33:26 23      ROK_BBG000BBCDZ2_2021-03-22
2021-07-04 23:33:26 24      ROKU_BBG001ZZPQJ6_2021-03-22
2021-07-04 23:33:26 27      ROL_BBG000BSBBP1_2021-03-22
2021-07-04 23:33:26 29      ROLL_BBG000GMGNB3_2021-03-22
2021-07-04 23:33:26 30      ROP_BBG000F1ZSN5_2021-03-22
2021-07-04 23:33:26 31      ROST_BBG000BSBZH7_2021-03-22
2021-07-04 23:33:26 33      RPD_BBG009DFHWG6_2021-03-22
2021-07-04 23:33:26 34      RPM_BBG000DCNK80_2021-03-22
2021-07-04 23:33:26 35      RRBI_BBG000QKNLB2_2021-03-22
2021-07-04 23:33:26 36      RRC_BBG000FVXD63_2021-03-22
2021-07-04 23:33:26 38      RRGB_BBG000MXH9C1_2021-03-22
2021-07-04 23:33:26 38      RS_BBG000CJ2181_2021-03-22
2021-07-04 23:33:26 39      RSG_BBG000BPXVJ6_2021-03-22
2021-07-04 23:33:26 41      RTX_BBG000BW8S60_2021-03-22
2021-07-04 23:33:26 45      RVLV_BBG00M4RHBD0_2021-03-22
2021-07-04 23:33:26 46      RVLV: SPYKE!. Candle: ID:31, Time: 12:50, Close: 52.29
2021-07-04 23:33:26 46      RXN_BBG000H8R0N8_2021-03-22
2021-07-04 23:33:26 47      RYN_BBG000BG7L34_2021-03-22
2021-07-04 23:33:26 48      RYTM_BBG007DLZ601_2021-03-22
2021-07-04 23:33:26 50      SAFM_BBG000BSHJ96_2021-03-22
2021-07-04 23:33:26 51      SAGE_BBG0025X16Y5_2021-03-22
2021-07-04 23:33:26 52      SAIA_BBG000P5LMQ0_2021-03-22
2021-07-04 23:33:26 53      SAIC_BBG003BW05K6_2021-03-22
2021-07-04 23:33:26 54      SAIL_BBG00J0BBZL0_2021-03-22
2021-07-04 23:33:26 55      SAM_BBG000BCZBF1_2021-03-22
2021-07-04 23:33:26 56      SAVE_BBG000BF6RQ9_2021-03-22
2021-07-04 23:33:26 59      SBAC_BBG000D2M0Z7_2021-03-22
2021-07-04 23:33:26 61      SBCF_BBG000KK3464_2021-03-22
2021-07-04 23:33:26 62      SBGI_BBG000F2XXP2_2021-03-22
2021-07-04 23:33:26 63      SBH_BBG000LR8515_2021-03-22
2021-07-04 23:33:26 65      SBRA_BBG000MTDW24_2021-03-22
2021-07-04 23:33:26 66      SBUX_BBG000CTQBF3_2021-03-22
2021-07-04 23:33:26 70      SCCO_BBG000BSHH72_2021-03-22
2021-07-04 23:33:26 71      SCHW_BBG000BSLZY7_2021-03-22
2021-07-04 23:33:26 73      SCI_BBG000BTHH16_2021-03-22
2021-07-04 23:33:26 74      SCSC_BBG000BHTPZ4_2021-03-22
2021-07-04 23:33:26 75      SDGR_BBG000T88BN2_2021-03-22
2021-07-04 23:33:26 77      SEDG_BBG0084BBZY6_2021-03-22
2021-07-04 23:33:26 79      SEE_BBG000C22QV7_2021-03-22
2021-07-04 23:33:26 80      SEIC_BBG000BSQLT9_2021-03-22
2021-07-04 23:33:26 81      SERV_TCS002WMH2F2_2021-03-22
2021-07-04 23:33:26 82      SF_BBG000BSS5C0_2021-03-22
2021-07-04 23:33:26 83      SFIX_BBG0046L1KL9_2021-03-22
2021-07-04 23:33:26 85      SFM_BBG001KFKQM7_2021-03-22
2021-07-04 23:33:26 86      SGEN_BBG000BH0FR6_2021-03-22
2021-07-04 23:33:26 88      SHAK_BBG0063GCHH8_2021-03-22
2021-07-04 23:33:26 89      SHEN_BBG000BTC2N0_2021-03-22
2021-07-04 23:33:26 90      SHI_BBG000BHR1H9_2021-03-22
2021-07-04 23:33:26 91      SHW_BBG000BSXQV7_2021-03-22
2021-07-04 23:33:26 92      SIG_BBG000C4ZZ10_2021-03-22
2021-07-04 23:33:26 93      SIGI_BBG000BSZ738_2021-03-22
2021-07-04 23:33:26 94      SITE_BBG009T22D49_2021-03-22
2021-07-04 23:33:26 95      SIVB_BBG000BT0CM2_2021-03-22
2021-07-04 23:33:26 97      SJI_BBG000BT0T72_2021-03-22
2021-07-04 23:33:26 98      SJM_BBG000BT1715_2021-03-22
2021-07-04 23:33:27 00      SKM_BBG000BLN497_2021-03-22
2021-07-04 23:33:27 00      SKX_BBG000C4HKK2_2021-03-22
2021-07-04 23:33:27 01      SLAB_BBG000BB99S3_2021-03-22
2021-07-04 23:33:27 03      SLB_BBG000BT41Q8_2021-03-22
2021-07-04 23:33:27 06      SLG_BBG000BVP5P2_2021-03-22
2021-07-04 23:33:27 08      SMAR_BBG00GQK3WB5_2021-03-22
2021-07-04 23:33:27 09      SMG_BBG000BT5PG5_2021-03-22
2021-07-04 23:33:27 11      SMPL_BBG00GVP5JL4_2021-03-22
2021-07-04 23:33:27 13      SMTC_BBG000DBKR53_2021-03-22
2021-07-04 23:33:27 14      SNA_BBG000BT7JW9_2021-03-22
2021-07-04 23:33:27 15      SNAP_BBG00441QMJ7_2021-03-22
2021-07-04 23:33:27 25      SNBR_BBG000DM2BF3_2021-03-22
2021-07-04 23:33:27 26      SNPS_BBG000BSFRF3_2021-03-22
2021-07-04 23:33:27 29      SNX_BBG000CL9JV4_2021-03-22
2021-07-04 23:33:27 29      SNX: SPYKE!. Candle: ID:319, Time: 13:25, Close: 114.1
2021-07-04 23:33:27 29      SNX: SPYKE!. Candle: ID:320, Time: 13:25, Close: 115.85
2021-07-04 23:33:27 30      SNY_BBG000BBD5N1_2021-03-22
2021-07-04 23:33:27 33      SO_BBG000BT9DW0_2021-03-22
2021-07-04 23:33:27 35      SOHU_BBG00L2DB535_2021-03-22
2021-07-04 23:33:27 36      SON_BBG000D7HF89_2021-03-22
2021-07-04 23:33:27 37      SONO_BBG001JZPSQ2_2021-03-22
2021-07-04 23:33:27 39      SP_BBG000BJ91B1_2021-03-22
2021-07-04 23:33:27 40      SPB@US_BBG000DS5588_2021-03-22
2021-07-04 23:33:27 41      SPCE_BBG00HTN2CQ3_2021-03-22
2021-07-04 23:33:27 55      SPG_BBG000BJ2D31_2021-03-22
2021-07-04 23:33:27 56      SPGI_BBG000BP1Q11_2021-03-22
2021-07-04 23:33:27 58      SPLK_BBG001C7TST4_2021-03-22
2021-07-04 23:33:27 63      SPOT_BBG003T4VFC2_2021-03-22
2021-07-04 23:33:27 65      SPR_BBG000PRJ2Z9_2021-03-22
2021-07-04 23:33:27 67      SPSC_BBG000PZGB75_2021-03-22
2021-07-04 23:33:27 67      SQ_BBG0018SLC07_2021-03-22
2021-07-04 23:33:27 72      SRC_BBG0027Z6X10_2021-03-22
2021-07-04 23:33:27 74      SRCL_BBG000H3FZM6_2021-03-22
2021-07-04 23:33:27 76      SRDX_BBG000BZ2QG2_2021-03-22
2021-07-04 23:33:27 77      SRE_BBG000C2ZCH8_2021-03-22
2021-07-04 23:33:27 79      SRI_BBG000BB9Q78_2021-03-22
2021-07-04 23:33:27 80      SRPT_BBG000BCJ161_2021-03-22
2021-07-04 23:33:27 83      SSD_BBG000JLC8L8_2021-03-22
2021-07-04 23:33:27 84      SSNC_BBG000RJ2J04_2021-03-22
2021-07-04 23:33:27 86      SSTK_BBG002ZCK2V9_2021-03-22
2021-07-04 23:33:27 86      STAA_BBG000C4QB95_2021-03-22
2021-07-04 23:33:27 88      STAG_BBG000BGLFP7_2021-03-22
2021-07-04 23:33:27 89      STLD_BBG000HGYNZ9_2021-03-22
2021-07-04 23:33:27 91      STMP_BBG000CZ4KF3_2021-03-22
2021-07-04 23:33:27 92      STRA_BBG000GRZDV1_2021-03-22
2021-07-04 23:33:27 93      STT_BBG000BKFBD7_2021-03-22
2021-07-04 23:33:27 95      STX_BBG000F0KF42_2021-03-22
2021-07-04 23:33:27 95      Warning: figi `BBG000F0KF42` for history data does not match actual figi `BBG0113JGQF0`. Ticker: STX. Will be used actual!
2021-07-04 23:33:27 97      STZ_BBG000J1QLT0_2021-03-22
2021-07-04 23:33:27 99      SUPN_BBG000BP0HX7_2021-03-22
2021-07-04 23:33:28 00      SWAV_BBG005XVXML5_2021-03-22
2021-07-04 23:33:28 01      SWBI_BBG000BM0QL7_2021-03-22
2021-07-04 23:33:28 03      SWCH_BBG00HPDM5Z2_2021-03-22
2021-07-04 23:33:28 04      SWI_BBG00M1CKSK7_2021-03-22
2021-07-04 23:33:28 05      SWK_BBG000BTQR96_2021-03-22
2021-07-04 23:33:28 07      SWKS_BBG000KLB4Q1_2021-03-22
2021-07-04 23:33:28 10      SWN_BBG000BTR593_2021-03-22
2021-07-04 23:33:28 13      SWX_BBG00FWP4JW4_2021-03-22
2021-07-04 23:33:28 14      SXI_BBG000BTT5B8_2021-03-22
2021-07-04 23:33:28 15      SXT_BBG000J79P80_2021-03-22
2021-07-04 23:33:28 16      SYF_BBG00658F3P3_2021-03-22
2021-07-04 23:33:28 19      SYK_BBG000DN7P92_2021-03-22
2021-07-04 23:33:28 20      SYKE_BBG000BBHPV4_2021-03-22
2021-07-04 23:33:28 21      SYNA_BBG000BQV1S2_2021-03-22
2021-07-04 23:33:28 22      SYNH_BBG0078Y1D92_2021-03-22
2021-07-04 23:33:28 23      SYY_BBG000BTVJ25_2021-03-22
2021-07-04 23:33:28 25      T_BBG000BSJK37_2021-03-22
2021-07-04 23:33:28 28      TAK_BBG000LF8708_2021-03-22
2021-07-04 23:33:28 30      TAL_BBG0016XJ8S0_2021-03-22
2021-07-04 23:33:28 32      TAP_BBG000BS7KS3_2021-03-22
2021-07-04 23:33:28 33      TCBI_BBG000DN4ZT1_2021-03-22
2021-07-04 23:33:28 35      TCMD_BBG001B12Z39_2021-03-22
2021-07-04 23:33:28 35      TCRR_BBG00FH3FM15_2021-03-22
2021-07-04 23:33:28 37      TCS_BBG005DXJS36_2021-03-22
2021-07-04 23:33:28 38      TCX_BBG000L69KL5_2021-03-22
2021-07-04 23:33:28 39      TDC_BBG000R0L5J4_2021-03-22
2021-07-04 23:33:28 40      TDG_BBG000L8CBX4_2021-03-22
2021-07-04 23:33:28 41      TDOC_BBG0019T5SG0_2021-03-22
2021-07-04 23:33:28 45      TDS_BBG000BV0VK7_2021-03-22
2021-07-04 23:33:28 46      TDY_BBG000BMT9T6_2021-03-22
2021-07-04 23:33:28 47      TECH_BBG000C15114_2021-03-22
2021-07-04 23:33:28 48      TEL_BBG000RGM5P1_2021-03-22
2021-07-04 23:33:28 50      TENB_BBG00LBLCD02_2021-03-22
2021-07-04 23:33:28 52      TER_BBG000BV4DR6_2021-03-22
2021-07-04 23:33:28 54      TFC_BBG000BYYLS8_2021-03-22
2021-07-04 23:33:28 58      TFX_BBG000BV59Y6_2021-03-22
2021-07-04 23:33:28 59      TGNA_BBG000BK5DP1_2021-03-22
2021-07-04 23:33:28 60      TGT_BBG000H8TVT2_2021-03-22
2021-07-04 23:33:28 62      THG_BBG000FJH8W0_2021-03-22
2021-07-04 23:33:28 63      THO_BBG000BV6R84_2021-03-22
2021-07-04 23:33:28 64      THRM_BBG000BQLM34_2021-03-22
2021-07-04 23:33:28 65      THS_BBG000GQGJT4_2021-03-22
2021-07-04 23:33:28 66      TJX_BBG000BV8DN6_2021-03-22
2021-07-04 23:33:28 69      TKR_BBG000BV95H9_2021-03-22
2021-07-04 23:33:28 70      TMHC_BBG003PGJHP5_2021-03-22
2021-07-04 23:33:28 72      TMO_BBG000BVDLH9_2021-03-22
2021-07-04 23:33:28 74      TMUS_BBG000NDV1D4_2021-03-22
2021-07-04 23:33:28 78      TMX_BBG002WMH2F2_2021-03-22
2021-07-04 23:33:28 78      TNC_BBG000JCZJS2_2021-03-22
2021-07-04 23:33:28 80      TNDM_BBG0019V9M65_2021-03-22
2021-07-04 23:33:28 82      TNET_BBG000BR2040_2021-03-22
2021-07-04 23:33:28 82      TOL_BBG000BVHBM1_2021-03-22
2021-07-04 23:33:28 84      TOT_BBG000CHZ857_2021-03-22
2021-07-04 23:33:28 84      Warning: figi `BBG000CHZ857` for history data does not match actual figi `IZHBULDINKDK`. Ticker: TOT. Will be used actual!
2021-07-04 23:33:28 86      TPH_BBG0016YQTR5_2021-03-22
2021-07-04 23:33:28 87      TPIC_BBG0016MQ7C5_2021-03-22
2021-07-04 23:33:28 89      TPR_BBG000BY29C7_2021-03-22
2021-07-04 23:33:28 91      TPTX_BBG00NPL9WH7_2021-03-22
2021-07-04 23:33:28 92      TPX_BBG000PXGT62_2021-03-22
2021-07-04 23:33:28 94      TREE_BBG000TVRB50_2021-03-22
2021-07-04 23:33:28 95      TREX_BBG000BTGKK9_2021-03-22
2021-07-04 23:33:28 97      TRHC_BBG00BT7PPY8_2021-03-22
2021-07-04 23:33:28 98      TRIP_BBG001M8HHB7_2021-03-22
2021-07-04 23:33:29 04      TRMB_BBG000BNPS52_2021-03-22
2021-07-04 23:33:29 06      TROW_BBG000BVMPN3_2021-03-22
2021-07-04 23:33:29 09      TRU_BBG002Q7J5Z1_2021-03-22
2021-07-04 23:33:29 10      TRUP_BBG002BC7WC5_2021-03-22
2021-07-04 23:33:29 11      TRV_BBG000BJ81C1_2021-03-22
2021-07-04 23:33:29 13      TSCO_BBG000BLXZN1_2021-03-22
2021-07-04 23:33:29 15      TSLA_BBG000N9MNX3_2021-03-22
2021-07-04 23:33:29 70      TSM_BBG000BD8ZK0_2021-03-22
2021-07-04 23:33:29 76      TSN_BBG000DKCC19_2021-03-22
2021-07-04 23:33:29 79      TSS_BBG000C1JTL6_2021-03-22
2021-07-04 23:33:29 80      TT_BBG000BM6788_2021-03-22
2021-07-04 23:33:29 81      TTC_BBG000BVQRY3_2021-03-22
2021-07-04 23:33:29 82      TTD_BBG00629NGT2_2021-03-22
2021-07-04 23:33:29 84      TTEK_BBG000BYZ0Q5_2021-03-22
2021-07-04 23:33:29 85      TTM_BBG000PVGDH9_2021-03-22
2021-07-04 23:33:29 86      TTMI_BBG000BYQ0B1_2021-03-22
2021-07-04 23:33:29 87      TTWO_BBG000BS1YV5_2021-03-22
2021-07-04 23:33:29 90      TW_BBG00NK8H8T2_2021-03-22
2021-07-04 23:33:29 92      TWLO_BBG0029ZX840_2021-03-22
2021-07-04 23:33:29 93      TWNK_BBG00B6KGNN1_2021-03-22
2021-07-04 23:33:29 95      TWOU_BBG001KS9450_2021-03-22
2021-07-04 23:33:29 97      TWTR_BBG000H6HNW3_2021-03-22
2021-07-04 23:33:30 04      TXG_BBG007WX14X0_2021-03-22
2021-07-04 23:33:30 05      TXN_BBG000BVV7G1_2021-03-22
2021-07-04 23:33:30 10      TXRH_BBG000PSJMV7_2021-03-22
2021-07-04 23:33:30 11      TXT_BBG000BVVQQ8_2021-03-22
2021-07-04 23:33:30 12      TYL_BBG000BVWZF9_2021-03-22
2021-07-04 23:33:30 14      UA_BBG009DTD8H2_2021-03-22
2021-07-04 23:33:30 15      UAA_BBG000BXM6V2_2021-03-22
2021-07-04 23:33:30 18      UAL_BBG000M65M61_2021-03-22
2021-07-04 23:33:30 28      UBER_BBG002B04MT8_2021-03-22
2021-07-04 23:33:30 34      UCTT_BBG000HSLV70_2021-03-22
2021-07-04 23:33:30 35      UDR_BBG000C41023_2021-03-22
2021-07-04 23:33:30 37      UFPI_BBG000BL0T06_2021-03-22
2021-07-04 23:33:30 38      UFS_BBG000BHFHP8_2021-03-22
2021-07-04 23:33:30 40      UGI_BBG000BVYN55_2021-03-22
2021-07-04 23:33:30 41      UHS_BBG000CB8Q50_2021-03-22
2021-07-04 23:33:30 43      UI_BBG001R72SR9_2021-03-22
2021-07-04 23:33:30 44      ULTA_BBG00FWQ4VD6_2021-03-22
2021-07-04 23:33:30 45      UMBF_BBG000DD8WX1_2021-03-22
2021-07-04 23:33:30 47      UNF_BBG000BW29L1_2021-03-22
2021-07-04 23:33:30 47      UNH_BBG000CH5208_2021-03-22
2021-07-04 23:33:30 50      UNM_BBG000BW2QX0_2021-03-22
2021-07-04 23:33:30 52      UNP_BBG000BW3299_2021-03-22
2021-07-04 23:33:30 56      UNVR_BBG000BDHD29_2021-03-22
2021-07-04 23:33:30 57      UPS_BBG000L9CV04_2021-03-22
2021-07-04 23:33:30 60      UPWK_BBG00FBJ6390_2021-03-22
2021-07-04 23:33:30 63      URBN_BBG000BL79J3_2021-03-22
2021-07-04 23:33:30 64      URI_BBG000BXMFC3_2021-03-22
2021-07-04 23:33:30 65      USB_BBG000FFDM15_2021-03-22
2021-07-04 23:33:30 70      USFD_BBG00C6H6D40_2021-03-22
2021-07-04 23:33:30 72      USM_BBG000BW6P59_2021-03-22
2021-07-04 23:33:30 73      USNA_BBG000BX28M0_2021-03-22
2021-07-04 23:33:30 73      USPH_BBG000CSRSG6_2021-03-22
2021-07-04 23:33:30 74      UTHR_BBG000BV4XJ1_2021-03-22
2021-07-04 23:33:30 75      UTL_BBG000BW7X97_2021-03-22
2021-07-04 23:33:30 76      UTX_BBG0089KM290_2021-03-22
2021-07-04 23:33:30 77      V_BBG000PSKYX7_2021-03-22
2021-07-04 23:33:30 86      VAC_BBG001J2R5H3_2021-03-22
2021-07-04 23:33:30 88      VALE_BBG000BN5LG7_2021-03-22
2021-07-04 23:33:30 91      VC_BBG0016T3GQ0_2021-03-22
2021-07-04 23:33:30 93      VCEL_BBG000BDCM24_2021-03-22
2021-07-04 23:33:30 96      VCRA_BBG00179VSY7_2021-03-22
2021-07-04 23:33:30 96      VCYT_BBG001J2M542_2021-03-22
2021-07-04 23:33:30 98      VEEV_BBG001CGB489_2021-03-22
2021-07-04 23:33:30 99      VEON_BBG000QCW561_2021-03-22
2021-07-04 23:33:31 01      VFC_BBG000BWCKB6_2021-03-22
2021-07-04 23:33:31 04      VG_BBG000BRB5D9_2021-03-22
2021-07-04 23:33:31 05      VIAC_BBG000C496P7_2021-03-22
2021-07-04 23:33:31 12      VICR_BBG000C3VHF1_2021-03-22
2021-07-04 23:33:31 13      VIE_BBG00K6P5XM1_2021-03-22
2021-07-04 23:33:31 13      VIPS_BBG002NLDLV8_2021-03-22
2021-07-04 23:33:31 18      VIR_BBG00H2QQ8T5_2021-03-22
2021-07-04 23:33:31 20      VLO_BBG000BBGGQ1_2021-03-22
2021-07-04 23:33:31 25      VMC_BBG000BWGYF8_2021-03-22
2021-07-04 23:33:31 27      VMI_BBG000BWB7V4_2021-03-22
2021-07-04 23:33:31 28      VMW_BBG000BC9938_2021-03-22
2021-07-04 23:33:31 29      VNDA_BBG000HT5MG6_2021-03-22
2021-07-04 23:33:31 30      VNE_BBG00K4MPP27_2021-03-22
2021-07-04 23:33:31 31      VNO_BBG000BWHD54_2021-03-22
2021-07-04 23:33:31 33      VNT_BBG00RRGSJR4_2021-03-22
2021-07-04 23:33:31 34      VPG_BBG000PRQ0V9_2021-03-22
2021-07-04 23:33:31 35      VREX_BBG00CZNLR47_2021-03-22
2021-07-04 23:33:31 36      VRNS_BBG001Y04TN6_2021-03-22
2021-07-04 23:33:31 40      VRNT_BBG000BCBYT2_2021-03-22
2021-07-04 23:33:31 42      VRSK_BBG000BCZL41_2021-03-22
2021-07-04 23:33:31 44      VRSN_BBG000BGKHZ3_2021-03-22
2021-07-04 23:33:31 47      VRTS_BBG000DMFQS2_2021-03-22
2021-07-04 23:33:31 47      VRTV_BBG005XZHR97_2021-03-22
2021-07-04 23:33:31 48      VRTX_BBG000C1S2X2_2021-03-22
2021-07-04 23:33:31 51      VTR_BBG000FRVHB9_2021-03-22
2021-07-04 23:33:31 53      VTRS_BBG00Y4RQNH4_2021-03-22
2021-07-04 23:33:31 56      VZ_BBG000HS77T5_2021-03-22
2021-07-04 23:33:31 59      W_BBG001B17MV2_2021-03-22
2021-07-04 23:33:31 62      WAB_BBG000BDD940_2021-03-22
2021-07-04 23:33:31 63      WAL_BBG000Q1KFH4_2021-03-22
2021-07-04 23:33:31 64      WAT_BBG000FQRVM3_2021-03-22
2021-07-04 23:33:31 65      WB_BBG0065XPGX9_2021-03-22
2021-07-04 23:33:31 67      WBA_BBG000BWLMJ4_2021-03-22
2021-07-04 23:33:31 70      WCC_BBG000D0FNV3_2021-03-22
2021-07-04 23:33:31 71      WDAY_BBG000VC0T95_2021-03-22
2021-07-04 23:33:31 73      WDC_BBG000BWNFZ9_2021-03-22
2021-07-04 23:33:31 76      WDFC_BBG000BWNV93_2021-03-22
2021-07-04 23:33:31 77      WEC_BBG000BWP7D9_2021-03-22
2021-07-04 23:33:31 79      WELL_BBG000BKY1G5_2021-03-22
2021-07-04 23:33:31 81      WERN_BBG000BWPP85_2021-03-22
2021-07-04 23:33:31 83      WEX_BBG000BVZP59_2021-03-22
2021-07-04 23:33:31 86      WFC_BBG000BWQFY7_2021-03-22
2021-07-04 23:33:31 93      WGO_BBG000BWS3F3_2021-03-22
2021-07-04 23:33:31 95      WH_BBG00HCY3Q67_2021-03-22
2021-07-04 23:33:31 96      WHD_BBG00JRH1P95_2021-03-22
2021-07-04 23:33:31 98      WHR_BBG000BWSV34_2021-03-22
2021-07-04 23:33:31 99      WING_BBG008N298Y8_2021-03-22
2021-07-04 23:33:32 01      WK_BBG007BVZ8H9_2021-03-22
2021-07-04 23:33:32 02      WLK_BBG000PXZFW2_2021-03-22
2021-07-04 23:33:32 04      WLTW_BBG000DB3KT1_2021-03-22
2021-07-04 23:33:32 06      WM_BBG000BWVSR1_2021-03-22
2021-07-04 23:33:32 08      WMB_BBG000BWVCP8_2021-03-22
2021-07-04 23:33:32 12      WMT_BBG000BWXBC2_2021-03-22
2021-07-04 23:33:32 17      WOR_BBG000HL7499_2021-03-22
2021-07-04 23:33:32 19      WORK_BBG007G7V505_2021-03-22
2021-07-04 23:33:32 22      WRB_BBG000BD1HP2_2021-03-22
2021-07-04 23:33:32 23      WRK_BBG008NXC572_2021-03-22
2021-07-04 23:33:32 26      WRLD_BBG000C3G9J2_2021-03-22
2021-07-04 23:33:32 27      WSC_BBG00B0FS947_2021-03-22
2021-07-04 23:33:32 29      WSM_BBG000FSMWC3_2021-03-22
2021-07-04 23:33:32 32      WSO_BBG000DJN7L9_2021-03-22
2021-07-04 23:33:32 33      WST_BBG000BX24N8_2021-03-22
2021-07-04 23:33:32 34      WTFC_BBG000HD3DW5_2021-03-22
2021-07-04 23:33:32 36      WTS_BBG000C4Z6C2_2021-03-22
2021-07-04 23:33:32 37      WTTR_BBG00G4Y2DC1_2021-03-22
2021-07-04 23:33:32 39      WU_BBG000BB5373_2021-03-22
2021-07-04 23:33:32 41      WWD_BBG000BD53V2_2021-03-22
2021-07-04 23:33:32 42      WWE_BBG000F5YH15_2021-03-22
2021-07-04 23:33:32 43      WWW_BBG000BX2YN2_2021-03-22
2021-07-04 23:33:32 44      WY_BBG000BX3BL3_2021-03-22
2021-07-04 23:33:32 46      WYNN_BBG000LD9JQ8_2021-03-22
2021-07-04 23:33:32 49      XEC_BBG000D6L294_2021-03-22
2021-07-04 23:33:32 51      XEL_BBG000BCTQ65_2021-03-22
2021-07-04 23:33:32 55      XLNX_BBG000C0F570_2021-03-22
2021-07-04 23:33:32 58      XLRN_BBG000R5HWZ1_2021-03-22
2021-07-04 23:33:32 60      XNCR_BBG0026ZG4W0_2021-03-22
2021-07-04 23:33:32 61      XOM_BBG000GZQ728_2021-03-22
2021-07-04 23:33:32 68      XPO_BBG000L5CJF3_2021-03-22
2021-07-04 23:33:32 69      XRAY_BBG000BX57K1_2021-03-22
2021-07-04 23:33:32 72      XRX_BBG00NNG2ZJ8_2021-03-22
2021-07-04 23:33:32 74      XYL_BBG001D8R5D0_2021-03-22
2021-07-04 23:33:32 76      Y_BBG000BX6BJ3_2021-03-22
2021-07-04 23:33:32 76      YELP_BBG000Q2HM09_2021-03-22
2021-07-04 23:33:32 78      YETI_BBG00D8JC882_2021-03-22
2021-07-04 23:33:32 79      YEXT_BBG001MKZGY7_2021-03-22
2021-07-04 23:33:32 80      YUM_BBG000BH3GZ2_2021-03-22
2021-07-04 23:33:32 82      YUMC_BBG00B8N0HG1_2021-03-22
2021-07-04 23:33:32 84      YY_BBG003H0XV18_2021-03-22
2021-07-04 23:33:32 85      Z_BBG009NRSWJ4_2021-03-22
2021-07-04 23:33:32 89      ZBH_BBG000BKPL53_2021-03-22
2021-07-04 23:33:32 91      ZBRA_BBG000CC7LQ7_2021-03-22
2021-07-04 23:33:32 92      ZEN_BBG001HRFJG4_2021-03-22
2021-07-04 23:33:32 94      ZG_BBG000D13GN8_2021-03-22
2021-07-04 23:33:32 96      ZGNX_BBG000VDC3G9_2021-03-22
2021-07-04 23:33:32 98      ZI_BBG00S1HJ3M8_2021-03-22
2021-07-04 23:33:33 01      ZION_BBG000BX9WL1_2021-03-22
2021-07-04 23:33:33 04      ZM_BBG0042V6JM8_2021-03-22
2021-07-04 23:33:33 09      ZNH_BBG000BXQ7R1_2021-03-22
2021-07-04 23:33:33 10      ZS_BBG003338H34_2021-03-22
2021-07-04 23:33:33 13      ZTS_BBG0039320N9_2021-03-22
2021-07-04 23:33:33 14      ZUMZ_BBG000PYX812_2021-03-22
2021-07-04 23:33:33 16      ZUO_BBG000BT3HG5_2021-03-22
2021-07-04 23:33:33 18      ZYNE_BBG007BBS8B7_2021-03-22
2021-07-04 23:33:33 25      ZYXI_BBG000BJBXZ2_2021-03-22
2021-07-04 23:33:33 27      Total candles read: 4655591
2021-07-04 23:33:33 27      Start DisposeAsync...
2021-07-04 23:33:33 27      Trade statistic. Total/Pos/Neg/(ratio): 0/0/0/(0.0); Profit: 0/0.0; Volume: 0; MaxVolume: 0; Commission: 0;
2021-07-04 23:33:33 28      BaseBot::DisposeAsync...
2021-07-04 23:33:33 28      BaseBot::DisposeAsync done!
2021-07-04 23:33:33 28      End DisposeAsync...
