2021-06-24 22:53:00 38      mode=TestTradeBot;CopyDDDDData=true;DumpQuotes=false;SubscribeQuotes=false;Strategies=MorningOpenStrategy;Token=token.txt;ConfigPath=usd.json;OutputFolder=.\new\;CandlesPath=C:\tinkoff\TestData\RawQuotes\5m\uncompressed\quotes_2021-03-22;
2021-06-24 22:53:00 39      Trade bot created
2021-06-24 22:53:00 41      Fake connection created
2021-06-24 22:53:00 52      Loaded 141 liquid instruments
2021-06-24 22:53:03 34      List of disabled tickers: 
2021-06-24 22:53:03 36      A_BBG000C2V3D6_2021-03-22
2021-06-24 22:53:03 44      AA_BBG00B3T3HD3_2021-03-22
2021-06-24 22:53:03 50      AAL_BBG005P7Q881_2021-03-22
2021-06-24 22:53:03 64      AAN_BBG00WCNDCZ6_2021-03-22
2021-06-24 22:53:03 67      AAON_BBG000C2LZP3_2021-03-22
2021-06-24 22:53:03 69      AAP_BBG000F7RCJ1_2021-03-22
2021-06-24 22:53:03 71      AAPL_BBG000B9XRY4_2021-03-22
2021-06-24 22:53:04 10      ABBV_BBG0025Y4RY4_2021-03-22
2021-06-24 22:53:04 16      ABC_BBG000MDCQC2_2021-03-22
2021-06-24 22:53:04 18      ABG_BBG000BKDWB5_2021-03-22
2021-06-24 22:53:04 18      ABMD_BBG000C101X4_2021-03-22
2021-06-24 22:53:04 20      ABNB_BBG001Y2XS07_2021-03-22
2021-06-24 22:53:04 29      ABT_BBG000B9ZXB4_2021-03-22
2021-06-24 22:53:04 32      ACAD_BBG000BHG9K0_2021-03-22
2021-06-24 22:53:04 37      ACH_BBG000CMRVH1_2021-03-22
2021-06-24 22:53:04 39      ACM_BBG000F61RJ8_2021-03-22
2021-06-24 22:53:04 41      ACMR_BBG00HPSG933_2021-03-22
2021-06-24 22:53:04 43      ACN_BBG000D9D830_2021-03-22
2021-06-24 22:53:04 46      ADBE_BBG000BB5006_2021-03-22
2021-06-24 22:53:04 55      ADM_BBG000BB6WG8_2021-03-22
2021-06-24 22:53:04 57      ADP_BBG000JG0547_2021-03-22
2021-06-24 22:53:04 61      ADPT_BBG001J2PFF5_2021-03-22
2021-06-24 22:53:04 63      ADS_BBG000BFNR17_2021-03-22
2021-06-24 22:53:04 66      ADSK_BBG000BM7HL0_2021-03-22
2021-06-24 22:53:04 68      ADUS_BBG000NJGX84_2021-03-22
2021-06-24 22:53:04 69      AEE_BBG000B9X8C0_2021-03-22
2021-06-24 22:53:04 71      AEIS_BBG000FKMP26_2021-03-22
2021-06-24 22:53:04 73      AEO_BBG000BGXZB5_2021-03-22
2021-06-24 22:53:04 76      AERI_BBG001KJ7WJ5_2021-03-22
2021-06-24 22:53:04 77      AES_BBG000C23KJ3_2021-03-22
2021-06-24 22:53:04 82      AFG_BBG000DPKKK0_2021-03-22
2021-06-24 22:53:04 83      AFL_BBG000BBBNC6_2021-03-22
2021-06-24 22:53:04 86      AGCO_BBG000DCCZW2_2021-03-22
2021-06-24 22:53:04 87      AGIO_BBG000QY4ZD0_2021-03-22
2021-06-24 22:53:04 89      AIG_BBG000BBDZG3_2021-03-22
2021-06-24 22:53:04 91      AIR_BBG000BBGQF1_2021-03-22
2021-06-24 22:53:04 92      AIRC_BBG00XK3WVD0_2021-03-22
2021-06-24 22:53:04 94      AIT_BBG000BBHHP9_2021-03-22
2021-06-24 22:53:04 95      AIV_BBG000DD3510_2021-03-22
2021-06-24 22:53:05 00      AIZ_BBG000BZX1N5_2021-03-22
2021-06-24 22:53:05 01      AJG_BBG000BBHXQ3_2021-03-22
2021-06-24 22:53:05 04      AJRD_BBG000BKRHQ7_2021-03-22
2021-06-24 22:53:05 05      AKAM_BBG000BJQWD2_2021-03-22
2021-06-24 22:53:05 08      ALB_BBG000BJ26K7_2021-03-22
2021-06-24 22:53:05 10      ALGN_BBG000BRNLL2_2021-03-22
2021-06-24 22:53:05 12      ALGT_BBG000LJS6B8_2021-03-22
2021-06-24 22:53:05 13      ALK_BBG000BBL0Y1_2021-03-22
2021-06-24 22:53:05 15      ALL_BBG000BVMGF2_2021-03-22
2021-06-24 22:53:05 34      ALLE_BBG003PS7JV1_2021-03-22
2021-06-24 22:53:05 35      ALLK_BBG003QBJKN0_2021-03-22
2021-06-24 22:53:05 36      ALLO_BBG00KHRRDX3_2021-03-22
2021-06-24 22:53:05 37      ALLY_BBG000BC2R71_2021-03-22
2021-06-24 22:53:05 40      ALNY_BBG000BFGNJ5_2021-03-22
2021-06-24 22:53:05 42      ALRM_BBG007GNPYY7_2021-03-22
2021-06-24 22:53:05 44      ALSN_BBG001KY3845_2021-03-22
2021-06-24 22:53:05 45      ALTR_BBG000PN9NB9_2021-03-22
2021-06-24 22:53:05 46      ALXN_BBG000G30YX4_2021-03-22
2021-06-24 22:53:05 49      AMAT_BBG000BBPFB9_2021-03-22
2021-06-24 22:53:05 60      AMCX_BBG000H01H92_2021-03-22
2021-06-24 22:53:05 62      AMD_BBG000BBQCY0_2021-03-22
2021-06-24 22:53:05 85      AME_BBG000B9XG87_2021-03-22
2021-06-24 22:53:05 86      AMED_BBG000B9ZV28_2021-03-22
2021-06-24 22:53:05 88      AMG_BBG000C060M4_2021-03-22
2021-06-24 22:53:05 90      AMGN_BBG000BBS2Y0_2021-03-22
2021-06-24 22:53:05 93      AMN_BBG000BCT197_2021-03-22
2021-06-24 22:53:05 95      AMP_BBG000G3QLY3_2021-03-22
2021-06-24 22:53:05 97      AMT_BBG000B9XYV2_2021-03-22
2021-06-24 22:53:05 99      AMWD_BBG000BBX657_2021-03-22
2021-06-24 22:53:06 00      AMZN_BBG000BVPV84_2021-03-22
2021-06-24 22:53:06 13      AN_BBG000BBXLW4_2021-03-22
2021-06-24 22:53:06 14      ANAB_BBG0026ZDHR0_2021-03-22
2021-06-24 22:53:06 16      ANDE_BBG000BF8CN3_2021-03-22
2021-06-24 22:53:06 18      ANET_BBG000N2HDY5_2021-03-22
2021-06-24 22:53:06 20      ANF_BBG000H9G7X2_2021-03-22
2021-06-24 22:53:06 21      ANGI_BBG00HVKH3Q0_2021-03-22
2021-06-24 22:53:06 23      ANIK_BBG000BBKZD8_2021-03-22
2021-06-24 22:53:06 25      ANIP_BBG000KK1L04_2021-03-22
2021-06-24 22:53:06 25      ANSS_BBG000GXZ4W7_2021-03-22
2021-06-24 22:53:06 28      ANTM_BBG000BCG930_2021-03-22
2021-06-24 22:53:06 30      AON_BBG00SSQFPK6_2021-03-22
2021-06-24 22:53:06 33      AOS_BBG000BC1L02_2021-03-22
2021-06-24 22:53:06 34      AOUT_BBG00QV8FS02_2021-03-22
2021-06-24 22:53:06 36      APA_BBG00YTS96G2_2021-03-22
2021-06-24 22:53:06 39      APD_BBG000BC4JJ4_2021-03-22
2021-06-24 22:53:06 41      APEI_BBG000RVD346_2021-03-22
2021-06-24 22:53:06 42      APEI: SPYKE!. Candle: ID:71, Time: 11:35, Close: 37.01
2021-06-24 22:53:06 43      APH_BBG000B9YJ35_2021-03-22
2021-06-24 22:53:06 45      APLE_BBG006473QX9_2021-03-22
2021-06-24 22:53:06 46      APLT_BBG000DD0489_2021-03-22
2021-06-24 22:53:06 47      APPF_BBG008GC8CP6_2021-03-22
2021-06-24 22:53:06 48      APPN_BBG001C7PMJ2_2021-03-22
2021-06-24 22:53:06 50      APPS_BBG000HZ3562_2021-03-22
2021-06-24 22:53:06 55      APTV_BBG001QD41M9_2021-03-22
2021-06-24 22:53:06 57      ARCC_BBG000PD6X77_2021-03-22
2021-06-24 22:53:06 58      ARCT_BBG00NNW8JK1_2021-03-22
2021-06-24 22:53:06 60      ARE_BBG000BC33T9_2021-03-22
2021-06-24 22:53:06 61      ARMK_BBG001KY4N87_2021-03-22
2021-06-24 22:53:06 63      ARNA_BBG000BKXBV7_2021-03-22
2021-06-24 22:53:06 64      ARNC_BBG00R45JYB7_2021-03-22
2021-06-24 22:53:06 65      ARQT_BBG00QN8K4M4_2021-03-22
2021-06-24 22:53:06 66      ARQT: SPYKE!. Candle: ID:9, Time: 9:20, Close: 32.1
2021-06-24 22:53:06 66      ARQT: SPYKE!. Candle: ID:43, Time: 13:30, Close: 31.31
2021-06-24 22:53:06 66      ARVN_BBG00LW7YK82_2021-03-22
2021-06-24 22:53:06 67      ARVN: SPYKE!. Candle: ID:23, Time: 13:30, Close: 67.05
2021-06-24 22:53:06 68      ARW_BBG000BCD3D5_2021-03-22
2021-06-24 22:53:06 69      ARWR_BBG000BRVKH0_2021-03-22
2021-06-24 22:53:06 70      ASGN_BBG000CRN8N8_2021-03-22
2021-06-24 22:53:06 71      ASH_BBG00D0Y81M1_2021-03-22
2021-06-24 22:53:06 72      ASIX_BBG00CWTTQ41_2021-03-22
2021-06-24 22:53:06 73      ATEX_BBG0081NLHR0_2021-03-22
2021-06-24 22:53:06 74      ATGE_BBG000DQBZJ7_2021-03-22
2021-06-24 22:53:06 75      ATKR_BBG000QTFDQ4_2021-03-22
2021-06-24 22:53:06 77      ATR_BBG000BGX2S0_2021-03-22
2021-06-24 22:53:06 78      ATRA_BBG005Q3MQY4_2021-03-22
2021-06-24 22:53:06 80      ATRC_BBG000BL6CB5_2021-03-22
2021-06-24 22:53:06 82      ATRI_BBG000DTT624_2021-03-22
2021-06-24 22:53:06 82      ATRO_BBG000BCLBY5_2021-03-22
2021-06-24 22:53:06 84      ATUS_BBG00GFMPRK0_2021-03-22
2021-06-24 22:53:06 85      ATVI_BBG000CVWGS6_2021-03-22
2021-06-24 22:53:06 90      AVAV_BBG000GX14P2_2021-03-22
2021-06-24 22:53:06 92      AVB_BBG000BLPBL5_2021-03-22
2021-06-24 22:53:06 93      AVGO_BBG00KHY5S69_2021-03-22
2021-06-24 22:53:06 98      AVLR_BBG000R4Y9C1_2021-03-22
2021-06-24 22:53:07 00      AVNS_BBG005L86G05_2021-03-22
2021-06-24 22:53:07 01      AVNT_BBG000C8NJ10_2021-03-22
2021-06-24 22:53:07 03      AVTR_BBG00G2HHYD7_2021-03-22
2021-06-24 22:53:07 05      AVY_BBG000BCQ4P6_2021-03-22
2021-06-24 22:53:07 06      AWI_BBG000DW4LB1_2021-03-22
2021-06-24 22:53:07 07      AWK_BBG000TRJ294_2021-03-22
2021-06-24 22:53:07 09      AWR_BBG000F964B6_2021-03-22
2021-06-24 22:53:07 10      AX_BBG000QPHD08_2021-03-22
2021-06-24 22:53:07 11      AXGN_BBG000BN46R9_2021-03-22
2021-06-24 22:53:07 12      AXP_BBG000BCQZS4_2021-03-22
2021-06-24 22:53:07 15      AXSM_BBG00B6G7GL7_2021-03-22
2021-06-24 22:53:07 16      AYI_BBG000BJ5HK0_2021-03-22
2021-06-24 22:53:07 18      AYX_BBG000BGZT72_2021-03-22
2021-06-24 22:53:07 22      AZO_BBG000C7LMS8_2021-03-22
2021-06-24 22:53:07 24      AZPN_BBG000DFMXT3_2021-03-22
2021-06-24 22:53:07 25      BA_BBG000BCSST7_2021-03-22
2021-06-24 22:53:07 35      BABA_BBG006G2JVL2_2021-03-22
2021-06-24 22:53:07 48      BAC_BBG000BCTLF6_2021-03-22
2021-06-24 22:53:07 57      BAH_BBG000R2YFG7_2021-03-22
2021-06-24 22:53:07 58      BAND_BBG001K003W2_2021-03-22
2021-06-24 22:53:07 60      BAX_BBG000BCVJ77_2021-03-22
2021-06-24 22:53:07 63      BBIO_BBG00P9KDZK6_2021-03-22
2021-06-24 22:53:07 65      BBSI_BBG000BHJSC4_2021-03-22
2021-06-24 22:53:07 66      BBY_BBG000BCWCG1_2021-03-22
2021-06-24 22:53:07 69      BBBY_BBG000CSY9H9_2021-03-22
2021-06-24 22:53:07 72      BC_BBG000BCWSS3_2021-03-22
2021-06-24 22:53:07 74      BCO_BBG000DR5QP5_2021-03-22
2021-06-24 22:53:07 75      BCPC_BBG000BCY878_2021-03-22
2021-06-24 22:53:07 76      BDC_BBG000Q4XNV1_2021-03-22
2021-06-24 22:53:07 77      BDTX_BBG00MS4Y0W9_2021-03-22
2021-06-24 22:53:07 78      BDX_BBG000BCZYD3_2021-03-22
2021-06-24 22:53:07 80      BECN_BBG000BKTXF2_2021-03-22
2021-06-24 22:53:07 81      BEN_BBG000BD0TF8_2021-03-22
2021-06-24 22:53:07 84      BERY_BBG000Q1R1Y9_2021-03-22
2021-06-24 22:53:07 85      BF.B_BBG000BD2NY8_2021-03-22
2021-06-24 22:53:07 87      BFAM_BBG003LFWP05_2021-03-22
2021-06-24 22:53:07 88      BFYT_BBG003QRSQD3_2021-03-22
2021-06-24 22:53:07 88      BGS_BBG000RKXRQ1_2021-03-22
2021-06-24 22:53:07 89      BH_BBG00JPRDQH1_2021-03-22
2021-06-24 22:53:07 90      BHF_BBG00DYPZ4T0_2021-03-22
2021-06-24 22:53:07 92      BIDU_BBG000QXWHD1_2021-03-22
2021-06-24 22:53:08 01      BIG_BBG000J0D904_2021-03-22
2021-06-24 22:53:08 03      BIIB_BBG000C17X76_2021-03-22
2021-06-24 22:53:08 05      BILI_BBG00K7T3037_2021-03-22
2021-06-24 22:53:08 11      BILL_BBG00QVJV6V4_2021-03-22
2021-06-24 22:53:08 13      BIO_BBG000DY28W5_2021-03-22
2021-06-24 22:53:08 14      BJRI_BBG000H9LNX1_2021-03-22
2021-06-24 22:53:08 16      BK_BBG000BD8PN9_2021-03-22
2021-06-24 22:53:08 19      BKI_BBG00GX77LW3_2021-03-22
2021-06-24 22:53:08 20      BKNG_BBG000BLBVN4_2021-03-22
2021-06-24 22:53:08 23      BKR_BBG00GBVBK51_2021-03-22
2021-06-24 22:53:08 28      BL_BBG0029KJVB0_2021-03-22
2021-06-24 22:53:08 29      BLD_BBG0077VS2C0_2021-03-22
2021-06-24 22:53:08 30      BLDR_BBG000BKD3K9_2021-03-22
2021-06-24 22:53:08 32      BLK_BBG000C2PW58_2021-03-22
2021-06-24 22:53:08 34      BLKB_BBG000BGGTW5_2021-03-22
2021-06-24 22:53:08 36      BLL_BBG000BDDNH5_2021-03-22
2021-06-24 22:53:08 39      BLUE_BBG000QGWY50_2021-03-22
2021-06-24 22:53:08 42      BMI_BBG000BDGHD9_2021-03-22
2021-06-24 22:53:08 43      BMRN_BBG000CZWZ05_2021-03-22
2021-06-24 22:53:08 45      BMY_BBG000DQLV23_2021-03-22
2021-06-24 22:53:08 50      BOH_BBG000C8D8G9_2021-03-22
2021-06-24 22:53:08 51      BOKF_BBG000CFZ003_2021-03-22
2021-06-24 22:53:08 53      BOOT_BBG0077SYZV6_2021-03-22
2021-06-24 22:53:08 54      BOX_BBG000PMSK08_2021-03-22
2021-06-24 22:53:08 59      BOX: SPYKE!. Candle: ID:3092, Time: 15:45, Close: 25.1
2021-06-24 22:53:08 59      BOX: SPYKE!. Candle: ID:3144, Time: 15:45, Close: 24
2021-06-24 22:53:08 62      BPMC_BBG001MC8YF7_2021-03-22
2021-06-24 22:53:08 64      BR_BBG000PPFKQ7_2021-03-22
2021-06-24 22:53:08 65      BRC_BBG000BDNV95_2021-03-22
2021-06-24 22:53:08 66      BRK.B_BBG000DWG505_2021-03-22
2021-06-24 22:53:08 71      BRKR_BBG000CL1FG7_2021-03-22
2021-06-24 22:53:08 74      BRO_BBG000BWSGF4_2021-03-22
2021-06-24 22:53:08 75      BSX_BBG000C0LW92_2021-03-22
2021-06-24 22:53:08 78      BTAI_BBG00K20GVD2_2021-03-22
2021-06-24 22:53:08 81      BTI_BBG000BWPXQ8_2021-03-22
2021-06-24 22:53:08 83      BUD_BBG000RYC984_2021-03-22
2021-06-24 22:53:08 85      BURL_BBG004S641N5_2021-03-22
2021-06-24 22:53:08 87      BWA_BBG000BJ49H3_2021-03-22
2021-06-24 22:53:08 89      BWXT_BBG000D86F25_2021-03-22
2021-06-24 22:53:08 90      BX_BBG000BH0106_2021-03-22
2021-06-24 22:53:08 92      BXP_BBG000BS5CM9_2021-03-22
2021-06-24 22:53:08 94      BYND_BBG003CVJP50_2021-03-22
2021-06-24 22:53:08 98      BZUN_BBG008HNS333_2021-03-22
2021-06-24 22:53:09 00      C_BBG000FY4S11_2021-03-22
2021-06-24 22:53:09 07      CABO_BBG000F02T51_2021-03-22
2021-06-24 22:53:09 08      CACC_BBG000CS0D96_2021-03-22
2021-06-24 22:53:09 09      CAG_BBG000BDXGP9_2021-03-22
2021-06-24 22:53:09 12      CAH_BBG000D898T9_2021-03-22
2021-06-24 22:53:09 14      CALM_BBG000CDMJW6_2021-03-22
2021-06-24 22:53:09 16      CARA_BBG001J2QYS9_2021-03-22
2021-06-24 22:53:09 17      CARG_BBG00HQ77DS2_2021-03-22
2021-06-24 22:53:09 19      CARR_BBG00RP5HYS8_2021-03-22
2021-06-24 22:53:09 23      CARS_BBG000HGTH33_2021-03-22
2021-06-24 22:53:09 24      CASY_BBG000BF0672_2021-03-22
2021-06-24 22:53:09 26      CAT_BBG000BF0K17_2021-03-22
2021-06-24 22:53:09 29      CB_BBG000BR14K5_2021-03-22
2021-06-24 22:53:09 31      CBRE_BBG000C04224_2021-03-22
2021-06-24 22:53:09 34      CBRL_BBG000BF33K1_2021-03-22
2021-06-24 22:53:09 35      CBSH_BBG000BF3G77_2021-03-22
2021-06-24 22:53:09 36      CBU_BBG000BF4D19_2021-03-22
2021-06-24 22:53:09 37      CCI_BBG000FV1Z23_2021-03-22
2021-06-24 22:53:09 39      CCK_BBG000BF6756_2021-03-22
2021-06-24 22:53:09 40      CCL_BBG000BF6LY3_2021-03-22
2021-06-24 22:53:09 51      CCOI_BBG000D0SMY8_2021-03-22
2021-06-24 22:53:09 52      CCXI_BBG000PTSB12_2021-03-22
2021-06-24 22:53:09 54      CDK_BBG006B6PVN9_2021-03-22
2021-06-24 22:53:09 55      CDLX_BBG00225ZDD0_2021-03-22
2021-06-24 22:53:09 57      CDNA_BBG006JS5785_2021-03-22
2021-06-24 22:53:09 59      CDNS_BBG000C13CD9_2021-03-22
2021-06-24 22:53:09 63      CDW_BBG001P63B80_2021-03-22
2021-06-24 22:53:09 65      CE_BBG000JYP7L8_2021-03-22
2021-06-24 22:53:09 67      CEA_BBG000BCFNR4_2021-03-22
2021-06-24 22:53:09 68      CENT_BBG000BFD605_2021-03-22
2021-06-24 22:53:09 69      CENTA_BBG000KTYB56_2021-03-22
2021-06-24 22:53:09 70      CERN_BBG000BFDLV8_2021-03-22
2021-06-24 22:53:09 72      CEVA_BBG000BN3P07_2021-03-22
2021-06-24 22:53:09 73      CF_BBG000BWJFZ4_2021-03-22
2021-06-24 22:53:09 75      CFG_BBG006Q0HY77_2021-03-22
2021-06-24 22:53:09 79      CFR_BBG000C2PL98_2021-03-22
2021-06-24 22:53:09 80      CFX_BBG000C5Z443_2021-03-22
2021-06-24 22:53:09 81      CGEN_BBG000B9ZLB0_2021-03-22
2021-06-24 22:53:09 83      CGNX_BBG000BPBVW5_2021-03-22
2021-06-24 22:53:09 85      CHD_BBG000BFJT36_2021-03-22
2021-06-24 22:53:09 87      CHDN_BBG000BGXMG9_2021-03-22
2021-06-24 22:53:09 88      CHE_BBG000C19QW1_2021-03-22
2021-06-24 22:53:09 89      CHEF_BBG001MFW6D6_2021-03-22
2021-06-24 22:53:09 90      CHGG_BBG0014XR0N5_2021-03-22
2021-06-24 22:53:09 92      CHH_BBG000BPBTL2_2021-03-22
2021-06-24 22:53:09 93      CHKP_BBG000K82ZT8_2021-03-22
2021-06-24 22:53:09 95      CHNG_BBG0059KNH10_2021-03-22
2021-06-24 22:53:09 96      CHRW_BBG000BTCH57_2021-03-22
2021-06-24 22:53:09 98      CHTR_BBG000VPGNR2_2021-03-22
2021-06-24 22:53:10 02      CHWY_BBG00P19DKZ6_2021-03-22
2021-06-24 22:53:10 05      CHX_BBG00JH9TZ56_2021-03-22
2021-06-24 22:53:10 08      CI_BBG00KXRCDP0_2021-03-22
2021-06-24 22:53:10 10      CIEN_BBG000BP1152_2021-03-22
2021-06-24 22:53:10 11      CINF_BBG000BFPK65_2021-03-22
2021-06-24 22:53:10 14      CL_BBG000BFQYY3_2021-03-22
2021-06-24 22:53:10 17      CLDR_BBG000DRJFC8_2021-03-22
2021-06-24 22:53:10 19      CLDT_BBG000PT6BR8_2021-03-22
2021-06-24 22:53:10 20      CLF_BBG000BFRF55_2021-03-22
2021-06-24 22:53:10 23      CLGX_BBG000C2H3F0_2021-03-22
2021-06-24 22:53:10 25      CLH_BBG000BFRRX8_2021-03-22
2021-06-24 22:53:10 26      CLR_BBG000BHBGN6_2021-03-22
2021-06-24 22:53:10 28      CLX_BBG000BFS7D3_2021-03-22
2021-06-24 22:53:10 30      CMA_BBG000C75N77_2021-03-22
2021-06-24 22:53:10 33      CMC_BBG000BFSND8_2021-03-22
2021-06-24 22:53:10 35      CMCO_BBG000BCWWV0_2021-03-22
2021-06-24 22:53:10 36      CMCSA_BBG000BFT2L4_2021-03-22
2021-06-24 22:53:10 44      CME_BBG000BHLYP4_2021-03-22
2021-06-24 22:53:10 48      CMG_BBG000QX74T1_2021-03-22
2021-06-24 22:53:10 49      CMI_BBG000BGPTV6_2021-03-22
2021-06-24 22:53:10 51      CMP_BBG000C42WS4_2021-03-22
2021-06-24 22:53:10 52      CMS_BBG000BFVXX0_2021-03-22
2021-06-24 22:53:10 55      CNC_BBG000BDXCJ5_2021-03-22
2021-06-24 22:53:10 58      CNK_BBG000QDVR53_2021-03-22
2021-06-24 22:53:10 63      CNP_BBG000FDBX90_2021-03-22
2021-06-24 22:53:10 65      CNS_BBG000BB0WG4_2021-03-22
2021-06-24 22:53:10 66      CNST_BBG000R1H6P8_2021-03-22
2021-06-24 22:53:10 67      CNXC_BBG00RCNQMX3_2021-03-22
2021-06-24 22:53:10 68      CNXC: SPYKE!. Candle: ID:15, Time: 13:25, Close: 132.44
2021-06-24 22:53:10 68      CNXN_BBG000BX74M4_2021-03-22
2021-06-24 22:53:10 69      COF_BBG000BGKTF9_2021-03-22
2021-06-24 22:53:10 71      COG_BBG000C3GN47_2021-03-22
2021-06-24 22:53:10 74      COHR_BBG000BG1DH3_2021-03-22
2021-06-24 22:53:10 75      COKE_BBG000BG1SX2_2021-03-22
2021-06-24 22:53:10 77      COLM_BBG000BKKQ84_2021-03-22
2021-06-24 22:53:10 78      CONE_BBG0038V5TX1_2021-03-22
2021-06-24 22:53:10 79      COO_BBG000BG3445_2021-03-22
2021-06-24 22:53:10 81      COP_BBG000BQQH30_2021-03-22
2021-06-24 22:53:10 86      CORR_BBG000CN80Y9_2021-03-22
2021-06-24 22:53:10 88      CORT_BBG000BKJG33_2021-03-22
2021-06-24 22:53:10 89      COST_BBG000F6H8W8_2021-03-22
2021-06-24 22:53:10 96      COTY_BBG000F395V1_2021-03-22
2021-06-24 22:53:10 98      COUP_BBG001J4BCN4_2021-03-22
2021-06-24 22:53:11 01      CPB_BBG000BG4202_2021-03-22
2021-06-24 22:53:11 04      CPRI_BBG0029SNR63_2021-03-22
2021-06-24 22:53:11 07      CPRT_BBG000BM9RH1_2021-03-22
2021-06-24 22:53:11 09      CPS_BBG000PSXT64_2021-03-22
2021-06-24 22:53:11 11      CR_BBG000BG7423_2021-03-22
2021-06-24 22:53:11 12      CREE_BBG000BG14P4_2021-03-22
2021-06-24 22:53:11 14      CRI_BBG000CTM4J9_2021-03-22
2021-06-24 22:53:11 16      CRL_BBG000BG5BL8_2021-03-22
2021-06-24 22:53:11 17      CRM_BBG000BN2DC2_2021-03-22
2021-06-24 22:53:11 22      CRMT_BBG000CM6L31_2021-03-22
2021-06-24 22:53:11 22      CRMT: SPYKE!. Candle: ID:3, Time: 13:30, Close: 154.66
2021-06-24 22:53:11 23      CROX_BBG000BLY663_2021-03-22
2021-06-24 22:53:11 25      CRS_BBG000BGCQT9_2021-03-22
2021-06-24 22:53:11 26      CRTX_BBG00BTK1DT8_2021-03-22
2021-06-24 22:53:11 28      CRUS_BBG000C1DHF5_2021-03-22
2021-06-24 22:53:11 29      CRVL_BBG000CVKZY0_2021-03-22
2021-06-24 22:53:11 30      CRWD_BBG00BLYKS03_2021-03-22
2021-06-24 22:53:11 36      CSCO_BBG000C3J3C9_2021-03-22
2021-06-24 22:53:11 45      CSGP_BBG000D7JKW9_2021-03-22
2021-06-24 22:53:11 46      CSGS_BBG000G3TQV2_2021-03-22
2021-06-24 22:53:11 47      CSII_BBG000NWQ9S5_2021-03-22
2021-06-24 22:53:11 48      CSL_BBG000BGGBT8_2021-03-22
2021-06-24 22:53:11 50      CSOD_BBG0016X4XN6_2021-03-22
2021-06-24 22:53:11 51      CSWI_BBG007NLG4L3_2021-03-22
2021-06-24 22:53:11 52      CSX_BBG000BGJRC8_2021-03-22
2021-06-24 22:53:11 59      CTAS_BBG000H3YXF8_2021-03-22
2021-06-24 22:53:11 63      CTB_BBG000BGKXV2_2021-03-22
2021-06-24 22:53:11 65      CTLT_BBG005XR47P5_2021-03-22
2021-06-24 22:53:11 67      CTSH_BBG000BBDV81_2021-03-22
2021-06-24 22:53:11 73      CTVA_BBG00BN969C1_2021-03-22
2021-06-24 22:53:11 76      CTXS_BBG000FQ6PY6_2021-03-22
2021-06-24 22:53:11 79      CVCO_BBG000K4WS65_2021-03-22
2021-06-24 22:53:11 80      CVET_BBG00KR691K8_2021-03-22
2021-06-24 22:53:11 82      CVGW_BBG000BGPQW1_2021-03-22
2021-06-24 22:53:11 83      CVLT_BBG000BG88X9_2021-03-22
2021-06-24 22:53:11 85      CVNA_BBG00GCTWDJ3_2021-03-22
2021-06-24 22:53:11 86      CVS_BBG000BGRY34_2021-03-22
2021-06-24 22:53:11 89      CVX_BBG000K4ND22_2021-03-22
2021-06-24 22:53:11 96      CW_BBG000BGSPS5_2021-03-22
2021-06-24 22:53:11 97      CWST_BBG000BT0J38_2021-03-22
2021-06-24 22:53:11 99      CWT_BBG000D8KTN6_2021-03-22
2021-06-24 22:53:12 00      CY_BBG000BXNJ07_2021-03-22
2021-06-24 22:53:12 00      D_BBG000BGVW60_2021-03-22
2021-06-24 22:53:12 03      DAL_BBG000R7Z112_2021-03-22
2021-06-24 22:53:12 11      DAR_BBG000BN8ZK8_2021-03-22
2021-06-24 22:53:12 13      DBX_BBG0018SLDN0_2021-03-22
2021-06-24 22:53:12 18      DCI_BBG000BGZP70_2021-03-22
2021-06-24 22:53:12 19      DCPH_BBG00HMJ9H54_2021-03-22
2021-06-24 22:53:12 21      DD_BBG00BN961G4_2021-03-22
2021-06-24 22:53:12 24      DDOG_BBG003NJHZT9_2021-03-22
2021-06-24 22:53:12 27      DDS_BBG000BS4MP5_2021-03-22
2021-06-24 22:53:12 29      DE_BBG000BH1NH9_2021-03-22
2021-06-24 22:53:12 31      DECK_BBG000BKXYX5_2021-03-22
2021-06-24 22:53:12 33      DELL_BBG00DW3SZS1_2021-03-22
2021-06-24 22:53:12 35      DFS_BBG000QBR5J5_2021-03-22
2021-06-24 22:53:12 38      DG_BBG000NV1KK7_2021-03-22
2021-06-24 22:53:12 42      DGX_BBG000BN84F3_2021-03-22
2021-06-24 22:53:12 44      DHI_BBG000DQTXY6_2021-03-22
2021-06-24 22:53:12 46      DHR_BBG000BH3JF8_2021-03-22
2021-06-24 22:53:12 49      DIOD_BBG000G25P51_2021-03-22
2021-06-24 22:53:12 50      DIS_BBG000BH4R78_2021-03-22
2021-06-24 22:53:12 57      DISCA_BBG000CHWP52_2021-03-22
2021-06-24 22:53:12 66      DISCB_BBG000F7L5N7_2021-03-22
2021-06-24 22:53:12 67      DISCB: SPYKE!. Candle: ID:258, Time: 20:00, Close: 88.9
2021-06-24 22:53:12 67      DISCB: SPYKE!. Candle: ID:259, Time: 20:00, Close: 88.9
2021-06-24 22:53:12 68      DISCK_BBG000VMWHH5_2021-03-22
2021-06-24 22:53:12 74      DK_BBG00FZYFVC5_2021-03-22
2021-06-24 22:53:12 76      DKNG_BBG00TCBG714_2021-03-22
2021-06-24 22:53:12 89      DKS_BBG000F6ZWH2_2021-03-22
2021-06-24 22:53:12 90      DLB_BBG000DGLTG5_2021-03-22
2021-06-24 22:53:12 91      DLR_BBG000Q5ZRM7_2021-03-22
2021-06-24 22:53:12 93      DLTH_BBG002GBMZG4_2021-03-22
2021-06-24 22:53:12 95      DLTR_BBG000BSC0K9_2021-03-22
2021-06-24 22:53:12 98      DLX_BBG000BH6360_2021-03-22
2021-06-24 22:53:13 00      DNLI_BBG008P7F869_2021-03-22
2021-06-24 22:53:13 02      DNOW_BBG005BLN209_2021-03-22
2021-06-24 22:53:13 03      DOCU_BBG000N7KJX8_2021-03-22
2021-06-24 22:53:13 10      DORM_BBG000BM22F5_2021-03-22
2021-06-24 22:53:13 11      DOV_BBG000BHB3M6_2021-03-22
2021-06-24 22:53:13 13      DOW_BBG00BN96922_2021-03-22
2021-06-24 22:53:13 16      DPZ_BBG000P458P3_2021-03-22
2021-06-24 22:53:13 18      DRE_BBG000BHD8S7_2021-03-22
2021-06-24 22:53:13 20      DRI_BBG000BBNYF6_2021-03-22
2021-06-24 22:53:13 23      DRNA_BBG001J1DB23_2021-03-22
2021-06-24 22:53:13 24      DRQ_BBG000BVDBY2_2021-03-22
2021-06-24 22:53:13 25      DT_BBG00PNN7C40_2021-03-22
2021-06-24 22:53:13 27      DVA_BBG000MQ1SN9_2021-03-22
2021-06-24 22:53:13 28      DVN_BBG000BBVJZ8_2021-03-22
2021-06-24 22:53:13 31      DXC_BBG00FN64XT9_2021-03-22
2021-06-24 22:53:13 33      DXCM_BBG000QTF8K1_2021-03-22
2021-06-24 22:53:13 35      DY_BBG000C4SKT1_2021-03-22
2021-06-24 22:53:13 36      EA_BBG000BP0KQ8_2021-03-22
2021-06-24 22:53:13 40      EAT_BBG000BK28N7_2021-03-22
2021-06-24 22:53:13 42      EBAY_BBG000C43RR5_2021-03-22
2021-06-24 22:53:13 48      EBS_BBG000GW06J7_2021-03-22
2021-06-24 22:53:13 49      ECHO_BBG000RFP8W6_2021-03-22
2021-06-24 22:53:13 51      ECL_BBG000BHKYH4_2021-03-22
2021-06-24 22:53:13 53      ECPG_BBG000F369C7_2021-03-22
2021-06-24 22:53:13 55      ED_BBG000BHLYS1_2021-03-22
2021-06-24 22:53:13 57      EDIT_BBG005MX5GZ2_2021-03-22
2021-06-24 22:53:13 60      EEFT_BBG000BMNBY1_2021-03-22
2021-06-24 22:53:13 62      EFX_BBG000BHPL78_2021-03-22
2021-06-24 22:53:13 63      EGHT_BBG000BCGHH7_2021-03-22
2021-06-24 22:53:13 65      EGRX_BBG005Y3XWH9_2021-03-22
2021-06-24 22:53:13 66      EHTH_BBG000P5JQX6_2021-03-22
2021-06-24 22:53:13 68      EHTH: SPYKE!. Candle: ID:4713, Time: 20:00, Close: 71.45
2021-06-24 22:53:13 69      EIX_BBG000D7RKJ5_2021-03-22
2021-06-24 22:53:13 71      EL_BBG000FKJRC5_2021-03-22
2021-06-24 22:53:13 73      ELAN_BBG00LJYS1P8_2021-03-22
2021-06-24 22:53:13 76      ELS_BBG000BB7SX7_2021-03-22
2021-06-24 22:53:13 77      EME_BBG000BBRPL4_2021-03-22
2021-06-24 22:53:13 78      EMN_BBG000BLW530_2021-03-22
2021-06-24 22:53:13 80      EMR_BBG000BHX7N2_2021-03-22
2021-06-24 22:53:13 84      ENDP_BBG000C0HQ54_2021-03-22
2021-06-24 22:53:13 85      ENPH_BBG001R3MNY9_2021-03-22
2021-06-24 22:53:13 91      ENR_BBG006FCB019_2021-03-22
2021-06-24 22:53:13 92      ENS_BBG000PWTD92_2021-03-22
2021-06-24 22:53:13 94      ENTA_BBG001V9NSB4_2021-03-22
2021-06-24 22:53:13 94      ENTG_BBG000CTV4N4_2021-03-22
2021-06-24 22:53:13 96      ENV_BBG000Q4NZ54_2021-03-22
2021-06-24 22:53:13 98      EOG_BBG000BZ9223_2021-03-22
2021-06-24 22:53:14 00      EPAM_BBG000MHTV89_2021-03-22
2021-06-24 22:53:14 01      EPAY_BBG000BRNH31_2021-03-22
2021-06-24 22:53:14 02      EPC_BBG000BRW644_2021-03-22
2021-06-24 22:53:14 04      EQIX_BBG000MBDGM6_2021-03-22
2021-06-24 22:53:14 06      EQT_BBG000BHZ5J9_2021-03-22
2021-06-24 22:53:14 08      ERIE_BBG000BBTJZ1_2021-03-22
2021-06-24 22:53:14 09      ES_BBG000BQ87N0_2021-03-22
2021-06-24 22:53:14 12      ESPR_BBG004KB3S72_2021-03-22
2021-06-24 22:53:14 14      ESS_BBG000CGJMB9_2021-03-22
2021-06-24 22:53:14 15      ET_BBG000BM2FL9_2021-03-22
2021-06-24 22:53:14 18      ETN_BBG000BJ3PD2_2021-03-22
2021-06-24 22:53:14 21      ETR_BBG000C1FQS9_2021-03-22
2021-06-24 22:53:14 22      ETRN_BBG00K53L394_2021-03-22
2021-06-24 22:53:14 24      ETSY_BBG000N7MXL8_2021-03-22
2021-06-24 22:53:14 28      EVBG_BBG0022FMPD5_2021-03-22
2021-06-24 22:53:14 30      EVER_BBG00F17NDH7_2021-03-22
2021-06-24 22:53:14 31      EVH_BBG005CHLM96_2021-03-22
2021-06-24 22:53:14 33      EVR_BBG000BP30Y0_2021-03-22
2021-06-24 22:53:14 34      EVRG_BBG00H433CR2_2021-03-22
2021-06-24 22:53:14 36      EW_BBG000BRXP69_2021-03-22
2021-06-24 22:53:14 37      EWBC_BBG000CR20B1_2021-03-22
2021-06-24 22:53:14 40      EXAS_BBG000CWL0F5_2021-03-22
2021-06-24 22:53:14 42      EXC_BBG000J6XT05_2021-03-22
2021-06-24 22:53:14 47      EXEL_BBG000BQ4WF8_2021-03-22
2021-06-24 22:53:14 48      EXLS_BBG000NS3P30_2021-03-22
2021-06-24 22:53:14 50      EXP_BBG000BJW241_2021-03-22
2021-06-24 22:53:14 55      EXPD_BBG000BJ5GK2_2021-03-22
2021-06-24 22:53:14 58      EXPE_BBG000QY3XZ2_2021-03-22
2021-06-24 22:53:14 61      EXR_BBG000PV27K3_2021-03-22
2021-06-24 22:53:14 63      EYE_BBG00HVQF9K2_2021-03-22
2021-06-24 22:53:14 65      F_BBG000BQPC32_2021-03-22
2021-06-24 22:53:14 68      FANG_BBG002PHSYX9_2021-03-22
2021-06-24 22:53:14 73      FARO_BBG000BJD7C2_2021-03-22
2021-06-24 22:53:14 75      FAST_BBG000BJ8YN7_2021-03-22
2021-06-24 22:53:14 78      FATE_BBG000QP35H2_2021-03-22
2021-06-24 22:53:14 81      FB_BBG000MM2P62_2021-03-22
2021-06-24 22:53:15 04      FBHS_BBG001B4BV87_2021-03-22
2021-06-24 22:53:15 05      FCFS_BBG000DNF659_2021-03-22
2021-06-24 22:53:15 07      FCN_BBG000K88H58_2021-03-22
2021-06-24 22:53:15 08      FCX_BBG000BJDB15_2021-03-22
2021-06-24 22:53:15 15      FDS_BBG000BDJL83_2021-03-22
2021-06-24 22:53:15 16      FDX_BBG000BJF1Z8_2021-03-22
2021-06-24 22:53:15 22      FELE_BBG000BJGGV8_2021-03-22
2021-06-24 22:53:15 23      FFIV_BBG000CXYSZ6_2021-03-22
2021-06-24 22:53:15 25      FGEN_BBG000FW5ZL6_2021-03-22
2021-06-24 22:53:15 27      FICO_BBG000DW76Y6_2021-03-22
2021-06-24 22:53:15 29      FIS_BBG000BK2F42_2021-03-22
2021-06-24 22:53:15 31      FISV_BBG000BJKPG0_2021-03-22
2021-06-24 22:53:15 35      FITB_BBG000BJL3N0_2021-03-22
2021-06-24 22:53:15 41      FIVN_BBG001KHJM17_2021-03-22
2021-06-24 22:53:15 45      FIZZ_BBG000BF8CB6_2021-03-22
2021-06-24 22:53:15 46      FL_BBG000BX8DC4_2021-03-22
2021-06-24 22:53:15 48      FLIR_BBG000BHK836_2021-03-22
2021-06-24 22:53:15 51      FLOW_BBG007FL7ZD2_2021-03-22
2021-06-24 22:53:15 51      FLR_BBG000BB1TH9_2021-03-22
2021-06-24 22:53:15 53      FLS_BBG000FFH4P5_2021-03-22
2021-06-24 22:53:15 55      FLT_BBG000GPXKX9_2021-03-22
2021-06-24 22:53:15 56      FLWS_BBG000BBR9P6_2021-03-22
2021-06-24 22:53:15 58      FMC_BBG000BJP882_2021-03-22
2021-06-24 22:53:15 59      FND_BBG007GJ2F81_2021-03-22
2021-06-24 22:53:15 60      FNKO_BBG00HXSHDQ9_2021-03-22
2021-06-24 22:53:15 62      FOCS_BBG00L0YTFN8_2021-03-22
2021-06-24 22:53:15 63      FOE_BBG000BJQK11_2021-03-22
2021-06-24 22:53:15 64      FOLD_BBG000PLF6N0_2021-03-22
2021-06-24 22:53:15 67      FORM_BBG000D1Y3P1_2021-03-22
2021-06-24 22:53:15 68      FORR_BBG000HGNYG8_2021-03-22
2021-06-24 22:53:15 69      FOX_BBG00JHNKJY8_2021-03-22
2021-06-24 22:53:15 71      FOXA_BBG00JHNJW99_2021-03-22
2021-06-24 22:53:15 74      FOXF_BBG004T7VS53_2021-03-22
2021-06-24 22:53:15 75      FRHC_BBG000N625H8_2021-03-22
2021-06-24 22:53:15 76      FRPH_BBG000HCVWW4_2021-03-22
2021-06-24 22:53:15 77      FRPT_BBG001D0HB36_2021-03-22
2021-06-24 22:53:15 78      FSLR_BBG000BFL116_2021-03-22
2021-06-24 22:53:15 82      FSLY_BBG004NLQHL0_2021-03-22
2021-06-24 22:53:15 85      FTCH_BBG00LSD4456_2021-03-22
2021-06-24 22:53:15 90      FTI_BBG00DL8NMV2_2021-03-22
2021-06-24 22:53:15 92      FTNT_BBG000BCMBG4_2021-03-22
2021-06-24 22:53:15 95      FTV_BBG00BLVZ228_2021-03-22
2021-06-24 22:53:15 97      FUL_BBG000BJZ7V7_2021-03-22
2021-06-24 22:53:15 98      GATX_BBG000BKGXQ4_2021-03-22
2021-06-24 22:53:15 99      GBCI_BBG000C3KB84_2021-03-22
2021-06-24 22:53:16 01      GBT_BBG00341H6M0_2021-03-22
2021-06-24 22:53:16 02      GBX_BBG000CF5097_2021-03-22
2021-06-24 22:53:16 03      GCO_BBG000BK5S78_2021-03-22
2021-06-24 22:53:16 04      GCP_BBG0082W8Q12_2021-03-22
2021-06-24 22:53:16 05      GD_BBG000BK67C7_2021-03-22
2021-06-24 22:53:16 07      GDDY_BBG006MDLY05_2021-03-22
2021-06-24 22:53:16 09      GDOT_BBG000QDJT53_2021-03-22
2021-06-24 22:53:16 09      GE_BBG000BK6MB5_2021-03-22
2021-06-24 22:53:16 16      GEF_BBG000BLFNC0_2021-03-22
2021-06-24 22:53:16 17      GGG_BBG000BK9W84_2021-03-22
2021-06-24 22:53:16 18      GH_BBG006D97VY9_2021-03-22
2021-06-24 22:53:16 19      GHC_BBG000C3FGH9_2021-03-22
2021-06-24 22:53:16 20      GILD_BBG000CKGBP2_2021-03-22
2021-06-24 22:53:16 25      GIS_BBG000BKCFC2_2021-03-22
2021-06-24 22:53:16 29      GKOS_BBG000WG2LQ1_2021-03-22
2021-06-24 22:53:16 30      GL_BBG000BVD6X4_2021-03-22
2021-06-24 22:53:16 32      GLW_BBG000BKFZM4_2021-03-22
2021-06-24 22:53:16 35      GM_BBG000NDYB67_2021-03-22
2021-06-24 22:53:16 47      GMED_BBG002V87SD0_2021-03-22
2021-06-24 22:53:16 48      GMS_BBG009Q036D0_2021-03-22
2021-06-24 22:53:16 50      GNL_BBG004HXD0G8_2021-03-22
2021-06-24 22:53:16 51      GNRC_BBG000PQ4W72_2021-03-22
2021-06-24 22:53:16 53      GO_BBG00P4R3079_2021-03-22
2021-06-24 22:53:16 54      GOOG_BBG009S3NB30_2021-03-22
2021-06-24 22:53:16 63      GOOGL_BBG009S39JX6_2021-03-22
2021-06-24 22:53:16 71      GOSS_BBG00MVWLLM2_2021-03-22
2021-06-24 22:53:16 73      GPC_BBG000BKL348_2021-03-22
2021-06-24 22:53:16 77      GPI_BBG000BB88K4_2021-03-22
2021-06-24 22:53:16 78      GPN_BBG000CX0P89_2021-03-22
2021-06-24 22:53:16 80      GPS_BBG000BKLH74_2021-03-22
2021-06-24 22:53:16 83      GRA_BBG000BB8PG1_2021-03-22
2021-06-24 22:53:16 84      GRMN_BBG000C4LN67_2021-03-22
2021-06-24 22:53:16 87      GRUB_BBG001KWG293_2021-03-22
2021-06-24 22:53:16 87      Warning: figi `BBG001KWG293` for history data does not match actual figi `BBG010R8C3Y4`. Ticker: GRUB. Will be used actual!
2021-06-24 22:53:16 88      GS_BBG000C6CFJ5_2021-03-22
2021-06-24 22:53:16 91      GSH_BBG000GLG0G0_2021-03-22
2021-06-24 22:53:16 91      GSKY_BBG00KT2SCV8_2021-03-22
2021-06-24 22:53:16 92      GT_BBG000BKNX95_2021-03-22
2021-06-24 22:53:16 95      GTHX_BBG005F1DK91_2021-03-22
2021-06-24 22:53:16 98      GTLS_BBG000P1K2X6_2021-03-22
2021-06-24 22:53:16 99      GTN_BBG000DSQLQ0_2021-03-22
2021-06-24 22:53:17 00      GVA_BBG000DVB833_2021-03-22
2021-06-24 22:53:17 01      GWRE_BBG001C7PM75_2021-03-22
2021-06-24 22:53:17 02      GWW_BBG000BKR1D6_2021-03-22
2021-06-24 22:53:17 03      H_BBG000CVRFS4_2021-03-22
2021-06-24 22:53:17 05      HA_BBG000BC4185_2021-03-22
2021-06-24 22:53:17 06      HAE_BBG000C7TF41_2021-03-22
2021-06-24 22:53:17 07      HAIN_BBG000BQW085_2021-03-22
2021-06-24 22:53:17 09      HAL_BBG000BKTFN2_2021-03-22
2021-06-24 22:53:17 12      HALO_BBG000CZ8W54_2021-03-22
2021-06-24 22:53:17 14      HAS_BBG000BKVJK4_2021-03-22
2021-06-24 22:53:17 16      HBAN_BBG000BKWSR6_2021-03-22
2021-06-24 22:53:17 19      HBI_BBG000D2ZTS8_2021-03-22
2021-06-24 22:53:17 21      HCA_BBG000QW7VC1_2021-03-22
2021-06-24 22:53:17 22      HCCI_BBG000CCFB17_2021-03-22
2021-06-24 22:53:17 23      HCSG_BBG000BKYVF0_2021-03-22
2021-06-24 22:53:17 24      HD_BBG000BKZB36_2021-03-22
2021-06-24 22:53:17 28      HEAR_BBG000BM6N47_2021-03-22
2021-06-24 22:53:17 30      HEI_BBG000BL16Q7_2021-03-22
2021-06-24 22:53:17 31      HES_BBG000BBD070_2021-03-22
2021-06-24 22:53:17 34      HFC_BBG000BL9JQ1_2021-03-22
2021-06-24 22:53:17 37      HGV_BBG00CBYY6M1_2021-03-22
2021-06-24 22:53:17 38      HHC_BBG000MJRJJ2_2021-03-22
2021-06-24 22:53:17 39      HHR_BBG00KHGQ0H4_2021-03-22
2021-06-24 22:53:17 40      HIBB_BBG000H001V3_2021-03-22
2021-06-24 22:53:17 41      HIG_BBG000G0Z878_2021-03-22
2021-06-24 22:53:17 44      HII_BBG001KJ2HM9_2021-03-22
2021-06-24 22:53:17 45      HIIQ_TCS003QRSQD3_2021-03-22
2021-06-24 22:53:17 46      HLT_BBG0058KMH30_2021-03-22
2021-06-24 22:53:17 49      HNP_BBG000BX5YM0_2021-03-22
2021-06-24 22:53:17 49      HNP: SPYKE!. Candle: ID:43, Time: 8:10, Close: 13.81
2021-06-24 22:53:17 49      HOG_BBG000BKZTP3_2021-03-22
2021-06-24 22:53:17 52      HOLX_BBG000C3NTN5_2021-03-22
2021-06-24 22:53:17 54      HON_BBG000H556T9_2021-03-22
2021-06-24 22:53:17 57      HP_BBG000BLCPY4_2021-03-22
2021-06-24 22:53:17 58      HPE_BBG0078W3NQ3_2021-03-22
2021-06-24 22:53:17 60      HPQ_BBG000KHWT55_2021-03-22
2021-06-24 22:53:17 63      HQY_BBG000TYXCT9_2021-03-22
2021-06-24 22:53:17 65      HRB_BBG000BLDV98_2021-03-22
2021-06-24 22:53:17 66      HRC_BBG000BKWCS0_2021-03-22
2021-06-24 22:53:17 68      HRL_BBG000BLF8D2_2021-03-22
2021-06-24 22:53:17 70      HRTX_BBG000G2GJT7_2021-03-22
2021-06-24 22:53:17 72      HSC_BBG000BLH3P8_2021-03-22
2021-06-24 22:53:17 73      HSIC_BBG000BNMMJ3_2021-03-22
2021-06-24 22:53:17 75      HSKA_BBG000BWFH48_2021-03-22
2021-06-24 22:53:17 76      HST_BBG000BL8804_2021-03-22
2021-06-24 22:53:17 80      HSY_BBG000BLHRS2_2021-03-22
2021-06-24 22:53:17 81      HTA_BBG000PRJCX9_2021-03-22
2021-06-24 22:53:17 82      HTHT_BBG000QFPM65_2021-03-22
2021-06-24 22:53:17 84      HUBB_BBG000BLK267_2021-03-22
2021-06-24 22:53:17 85      HUBG_BBG000G9W6L0_2021-03-22
2021-06-24 22:53:17 86      HUBS_BBG000N7MZ06_2021-03-22
2021-06-24 22:53:17 88      HUM_BBG000BLKK03_2021-03-22
2021-06-24 22:53:17 89      HURN_BBG000PV2M48_2021-03-22
2021-06-24 22:53:17 90      HWM_BBG00DYNJGH9_2021-03-22
2021-06-24 22:53:17 92      HXL_BBG000BLMDQ9_2021-03-22
2021-06-24 22:53:17 94      IAC_BBG000BKQG80_2021-03-22
2021-06-24 22:53:17 96      IART_BBG000BZJQL8_2021-03-22
2021-06-24 22:53:17 97      IBKR_BBG000LV0836_2021-03-22
2021-06-24 22:53:17 98      IBM_BBG000BLNNH6_2021-03-22
2021-06-24 22:53:18 02      IBN_BBG000DRM643_2021-03-22
2021-06-24 22:53:18 04      IBP_BBG005TJKDZ6_2021-03-22
2021-06-24 22:53:18 05      ICE_BBG000C1FB75_2021-03-22
2021-06-24 22:53:18 07      ICPT_BBG001J1QN87_2021-03-22
2021-06-24 22:53:18 09      ICUI_BBG000CQV2N4_2021-03-22
2021-06-24 22:53:18 10      IDCC_BBG000HLJ7M4_2021-03-22
2021-06-24 22:53:18 11      IDXX_BBG000BLRT07_2021-03-22
2021-06-24 22:53:18 13      IEX_BBG000C1HN22_2021-03-22
2021-06-24 22:53:18 14      IFF_BBG000BLSL58_2021-03-22
2021-06-24 22:53:18 15      IGMS_BBG00PNR1BT2_2021-03-22
2021-06-24 22:53:18 16      IIPR_BBG00F0SW7N8_2021-03-22
2021-06-24 22:53:18 17      IIVI_BBG000BLW102_2021-03-22
2021-06-24 22:53:18 21      ILMN_BBG000DSMS70_2021-03-22
2021-06-24 22:53:18 24      INCY_BBG000BNPSQ9_2021-03-22
2021-06-24 22:53:18 26      INDB_BBG000BM0597_2021-03-22
2021-06-24 22:53:18 27      INFO_BBG006G063F9_2021-03-22
2021-06-24 22:53:18 29      INGN_BBG0021PH456_2021-03-22
2021-06-24 22:53:18 30      INGR_BBG000BXPZB7_2021-03-22
2021-06-24 22:53:18 32      INMD_BBG00PPS73P4_2021-03-22
2021-06-24 22:53:18 33      INSP_BBG00209SZJ7_2021-03-22
2021-06-24 22:53:18 34      INTC_BBG000C0G1D1_2021-03-22
2021-06-24 22:53:18 49      INTU_BBG000BH5DV1_2021-03-22
2021-06-24 22:53:18 52      INVH_BBG00FQH6BS9_2021-03-22
2021-06-24 22:53:18 54      IONS_BBG000JH6683_2021-03-22
2021-06-24 22:53:18 55      IONS: SPYKE!. Candle: ID:2136, Time: 20:30, Close: 43.97
2021-06-24 22:53:18 55      IONS: SPYKE!. Candle: ID:2137, Time: 20:30, Close: 43.97
2021-06-24 22:53:18 55      IONS: SPYKE!. Candle: ID:2140, Time: 20:30, Close: 43.97
2021-06-24 22:53:18 55      IONS: SPYKE!. Candle: ID:2141, Time: 20:30, Close: 43.97
2021-06-24 22:53:18 55      IONS: SPYKE!. Candle: ID:2148, Time: 20:30, Close: 41.56
2021-06-24 22:53:18 55      IONS: SPYKE!. Candle: ID:2152, Time: 20:30, Close: 41.25
2021-06-24 22:53:18 55      IONS: SPYKE!. Candle: ID:2157, Time: 20:30, Close: 42.5
2021-06-24 22:53:18 55      IONS: SPYKE!. Candle: ID:2159, Time: 20:30, Close: 40.01
2021-06-24 22:53:18 55      IONS: SPYKE!. Candle: ID:2160, Time: 20:30, Close: 42.84
2021-06-24 22:53:18 55      IONS: SPYKE!. Candle: ID:2166, Time: 20:30, Close: 41.11
2021-06-24 22:53:18 55      IONS: SPYKE!. Candle: ID:2176, Time: 20:30, Close: 44.37
2021-06-24 22:53:18 55      IONS: SPYKE!. Candle: ID:2765, Time: 21:10, Close: 48
2021-06-24 22:53:18 56      IOSP_BBG000BMFNP4_2021-03-22
2021-06-24 22:53:18 57      IOVA_BBG000FTLBV7_2021-03-22
2021-06-24 22:53:18 60      IP_BBG000BM5SR2_2021-03-22
2021-06-24 22:53:18 63      IPAR_BBG000GCSWR5_2021-03-22
2021-06-24 22:53:18 64      IPG_BBG000C90DH9_2021-03-22
2021-06-24 22:53:18 66      IPGP_BBG000DCGRL8_2021-03-22
2021-06-24 22:53:18 67      IQV_BBG00333FYS2_2021-03-22
2021-06-24 22:53:18 69      IR_BBG002R1CW27_2021-03-22
2021-06-24 22:53:18 71      IRBT_BBG000HXJB21_2021-03-22
2021-06-24 22:53:18 73      IRDM_BBG000VC0FC1_2021-03-22
2021-06-24 22:53:18 75      IRM_BBG000KCZPC3_2021-03-22
2021-06-24 22:53:18 76      IRTC_BBG001J19V24_2021-03-22
2021-06-24 22:53:18 77      ISRG_BBG000BJPDZ1_2021-03-22
2021-06-24 22:53:18 80      IT_BBG000BB65D0_2021-03-22
2021-06-24 22:53:18 81      ITCI_BBG0026ZFZC4_2021-03-22
2021-06-24 22:53:18 82      ITGR_BBG000BW6JV4_2021-03-22
2021-06-24 22:53:18 83      ITRI_BBG000BD2167_2021-03-22
2021-06-24 22:53:18 85      ITT_BBG00CVQZQ96_2021-03-22
2021-06-24 22:53:18 86      ITW_BBG000BMBL90_2021-03-22
2021-06-24 22:53:18 87      IVZ_BBG000BY2Y78_2021-03-22
2021-06-24 22:53:18 89      J_BBG000BMFFQ0_2021-03-22
2021-06-24 22:53:18 90      JACK_BBG000GZYVY1_2021-03-22
2021-06-24 22:53:18 92      JBHT_BBG000BMDBZ1_2021-03-22
2021-06-24 22:53:18 94      JBSS_BBG000CHPMY5_2021-03-22
2021-06-24 22:53:18 95      JBT_BBG000VLBCQ1_2021-03-22
2021-06-24 22:53:18 96      JCI_BBG000BVWLJ6_2021-03-22
2021-06-24 22:53:18 99      JCOM_BBG000F3CWW7_2021-03-22
2021-06-24 22:53:19 01      JD_BBG005YHY0Q7_2021-03-22
2021-06-24 22:53:19 09      JEF_BBG000BNHSP9_2021-03-22
2021-06-24 22:53:19 11      JELD_BBG0019GM953_2021-03-22
2021-06-24 22:53:19 12      JJSF_BBG000BMGPW0_2021-03-22
2021-06-24 22:53:19 13      JKHY_BBG000BMH2Q7_2021-03-22
2021-06-24 22:53:19 15      JLL_BBG000C2L2L0_2021-03-22
2021-06-24 22:53:19 16      JNJ_BBG000BMHYD1_2021-03-22
2021-06-24 22:53:19 22      JNPR_BBG000BY33P5_2021-03-22
2021-06-24 22:53:19 24      JOBS_BBG000BJD1D4_2021-03-22
2021-06-24 22:53:19 25      JOUT_BBG000HCXFS4_2021-03-22
2021-06-24 22:53:19 26      JPM_BBG000DMBXR2_2021-03-22
2021-06-24 22:53:19 35      JWN_BBG000G8N9C6_2021-03-22
2021-06-24 22:53:19 38      K_BBG000BMKDM3_2021-03-22
2021-06-24 22:53:19 41      KALU_BBG000PKZDX4_2021-03-22
2021-06-24 22:53:19 42      KBH_BBG000BMLWX8_2021-03-22
2021-06-24 22:53:19 44      KDP_BBG000TJM7F0_2021-03-22
2021-06-24 22:53:19 47      KEP_BBG000BCWG90_2021-03-22
2021-06-24 22:53:19 48      KEX_BBG000BMQCP6_2021-03-22
2021-06-24 22:53:19 49      KEY_BBG000BMQPL1_2021-03-22
2021-06-24 22:53:19 52      KEYS_BBG0059FN811_2021-03-22
2021-06-24 22:53:19 53      KFY_BBG000C5QMB5_2021-03-22
2021-06-24 22:53:19 54      KHC_BBG005CPNTQ2_2021-03-22
2021-06-24 22:53:19 57      KIDS_BBG00HFFRW39_2021-03-22
2021-06-24 22:53:19 58      KIM_BBG000CN3S73_2021-03-22
2021-06-24 22:53:19 60      KLAC_BBG000BMTFR4_2021-03-22
2021-06-24 22:53:19 63      KMB_BBG000BMW2Z0_2021-03-22
2021-06-24 22:53:19 65      KMI_BBG0019JZ882_2021-03-22
2021-06-24 22:53:19 68      KMPR_BBG000H3GDJ8_2021-03-22
2021-06-24 22:53:19 68      KMT_BBG000BMWKC5_2021-03-22
2021-06-24 22:53:19 70      KMX_BBG000BLMZK6_2021-03-22
2021-06-24 22:53:19 71      KNSL_BBG00D8JD9Z9_2021-03-22
2021-06-24 22:53:19 73      KNX_BBG000BFC848_2021-03-22
2021-06-24 22:53:19 74      KO_BBG000BMX289_2021-03-22
2021-06-24 22:53:19 78      KOD_BBG00BVR0D02_2021-03-22
2021-06-24 22:53:19 79      KR_BBG000BMY992_2021-03-22
2021-06-24 22:53:19 82      KRG_BBG000BC2KW8_2021-03-22
2021-06-24 22:53:19 83      KRTX_BBG00NN875G0_2021-03-22
2021-06-24 22:53:19 84      KRTX: SPYKE!. Candle: ID:9, Time: 12:45, Close: 127.06
2021-06-24 22:53:19 85      KRYS_BBG00HDGRHH7_2021-03-22
2021-06-24 22:53:19 86      KSU_BBG000BMZ7P7_2021-03-22
2021-06-24 22:53:19 91      KTB_BBG00LPTHYD5_2021-03-22
2021-06-24 22:53:19 92      KWR_BBG000DZS2L9_2021-03-22
2021-06-24 22:53:19 93      L_BBG000C45984_2021-03-22
2021-06-24 22:53:19 94      LAD_BBG000K3BC83_2021-03-22
2021-06-24 22:53:19 95      LANC_BBG000BN1M88_2021-03-22
2021-06-24 22:53:19 96      LASR_BBG0020BCPX5_2021-03-22
2021-06-24 22:53:19 97      LB_BBG000BNGTQ7_2021-03-22
2021-06-24 22:53:20 00      LBRDK_BBG006GNSZW5_2021-03-22
2021-06-24 22:53:20 02      LCII_BBG000DNLMB0_2021-03-22
2021-06-24 22:53:20 03      LDOS_BBG000C23PB0_2021-03-22
2021-06-24 22:53:20 05      LEA_BBG000PTLGZ1_2021-03-22
2021-06-24 22:53:20 06      LECO_BBG000BB72K8_2021-03-22
2021-06-24 22:53:20 08      LEG_BBG000BN53G7_2021-03-22
2021-06-24 22:53:20 09      LEGH_BBG00MJDR6J9_2021-03-22
2021-06-24 22:53:20 10      LEN_BBG000BN5HF7_2021-03-22
2021-06-24 22:53:20 12      LEVI_BBG000BQDF10_2021-03-22
2021-06-24 22:53:20 14      LFC_BBG000BBK4B9_2021-03-22
2021-06-24 22:53:20 15      LFUS_BBG000BGFGT8_2021-03-22
2021-06-24 22:53:20 17      LGIH_BBG0056655S1_2021-03-22
2021-06-24 22:53:20 19      LGND_BBG000BKF014_2021-03-22
2021-06-24 22:53:20 22      LH_BBG000D9DMK0_2021-03-22
2021-06-24 22:53:20 24      LHCG_BBG000G7W420_2021-03-22
2021-06-24 22:53:20 25      LHX_BBG000BLGFJ9_2021-03-22
2021-06-24 22:53:20 27      LII_BBG000BB5B84_2021-03-22
2021-06-24 22:53:20 29      LIN_BBG00GVR8YQ9_2021-03-22
2021-06-24 22:53:20 31      LITE_BBG0073F9RT7_2021-03-22
2021-06-24 22:53:20 34      LKQ_BBG000PXDL44_2021-03-22
2021-06-24 22:53:20 37      LLY_BBG000BNBDC2_2021-03-22
2021-06-24 22:53:20 40      LMT_BBG000C1BW00_2021-03-22
2021-06-24 22:53:20 42      LNN_BBG000FJS1S8_2021-03-22
2021-06-24 22:53:20 45      LNT_BBG000DW4Q75_2021-03-22
2021-06-24 22:53:20 50      LNTH_BBG006Q52RD0_2021-03-22
2021-06-24 22:53:20 52      LOPE_BBG000FV28W9_2021-03-22
2021-06-24 22:53:20 53      LOW_BBG000BNDN65_2021-03-22
2021-06-24 22:53:20 56      LPL_BBG000FJ0RK9_2021-03-22
2021-06-24 22:53:20 58      LPLA_BBG000P2TYL8_2021-03-22
2021-06-24 22:53:20 60      LPSN_BBG000BSV0W5_2021-03-22
2021-06-24 22:53:20 61      LRCX_BBG000BNFLM9_2021-03-22
2021-06-24 22:53:20 64      LRN_BBG000QSXPZ9_2021-03-22
2021-06-24 22:53:20 65      LSCC_BBG000C2D1C1_2021-03-22
2021-06-24 22:53:20 67      LSTR_BBG000BB2KN0_2021-03-22
2021-06-24 22:53:20 68      LTHM_BBG00LV3NRG0_2021-03-22
2021-06-24 22:53:20 69      LULU_BBG000R8ZVD1_2021-03-22
2021-06-24 22:53:20 72      LUMN_BBG000BGLRN3_2021-03-22
2021-06-24 22:53:20 74      LUV_BBG000BNJHS8_2021-03-22
2021-06-24 22:53:20 78      LVS_BBG000JWD753_2021-03-22
2021-06-24 22:53:20 80      LW_BBG003CVMLQ2_2021-03-22
2021-06-24 22:53:20 81      LYB_BBG000WCFV84_2021-03-22
2021-06-24 22:53:20 82      LYFT_BBG004M9ZHX5_2021-03-22
2021-06-24 22:53:20 86      LYV_BBG000FQ7YR4_2021-03-22
2021-06-24 22:53:20 87      M_BBG000C46HM9_2021-03-22
2021-06-24 22:53:20 90      MA_BBG000F1ZSQ2_2021-03-22
2021-06-24 22:53:20 94      MAA_BBG000BLMY92_2021-03-22
2021-06-24 22:53:20 95      MAC_BBG000BL9C59_2021-03-22
2021-06-24 22:53:20 98      MAN_BBG000BNMHS4_2021-03-22
2021-06-24 22:53:20 99      MANH_BBG000BFV758_2021-03-22
2021-06-24 22:53:21 01      MANT_BBG000BGF8B5_2021-03-22
2021-06-24 22:53:21 01      MANU_BBG0035WV4N9_2021-03-22
2021-06-24 22:53:21 02      MAR_BBG000BGD7W6_2021-03-22
2021-06-24 22:53:21 06      MAS_BBG000BNNKG9_2021-03-22
2021-06-24 22:53:21 08      MASI_BBG000C3W281_2021-03-22
2021-06-24 22:53:21 09      MAT_BBG000BNNYW1_2021-03-22
2021-06-24 22:53:21 10      MATX_BBG000BBK401_2021-03-22
2021-06-24 22:53:21 11      MBT_BBG000CSZKR2_2021-03-22
2021-06-24 22:53:21 12      MBUU_BBG005PXTR70_2021-03-22
2021-06-24 22:53:21 13      MCD_BBG000BNSZP1_2021-03-22
2021-06-24 22:53:21 15      MCHP_BBG000BHCP19_2021-03-22
2021-06-24 22:53:21 18      MCK_BBG000DYGNW7_2021-03-22
2021-06-24 22:53:21 19      MCO_BBG000F86GP6_2021-03-22
2021-06-24 22:53:21 20      MCRI_BBG000BJ0932_2021-03-22
2021-06-24 22:53:21 21      MD_BBG000H8LGK2_2021-03-22
2021-06-24 22:53:21 23      MDB_BBG0022FDRY8_2021-03-22
2021-06-24 22:53:21 24      MDGL_BBG000QS6NV8_2021-03-22
2021-06-24 22:53:21 25      MDLA_BBG001BPKGT0_2021-03-22
2021-06-24 22:53:21 27      MDLZ_BBG000D4LWF6_2021-03-22
2021-06-24 22:53:21 32      MDRX_BBG000BLDXH5_2021-03-22
2021-06-24 22:53:21 33      MDT_BBG000BNWG87_2021-03-22
2021-06-24 22:53:21 37      MED_BBG000BWBW76_2021-03-22
2021-06-24 22:53:21 37      MEDP_BBG0065B7K59_2021-03-22
2021-06-24 22:53:21 38      MEI_BBG000BNY197_2021-03-22
2021-06-24 22:53:21 40      MELI_BBG000GQPB11_2021-03-22
2021-06-24 22:53:21 41      MET_BBG000BB6KF5_2021-03-22
2021-06-24 22:53:21 44      MFGP_BBG00HFWVGN0_2021-03-22
2021-06-24 22:53:21 46      MGLN_BBG000BD6DD9_2021-03-22
2021-06-24 22:53:21 46      MGM_BBG000C2BXK4_2021-03-22
2021-06-24 22:53:21 50      MGY_BBG00GNC8DL2_2021-03-22
2021-06-24 22:53:21 51      MHK_BBG000FLZN98_2021-03-22
2021-06-24 22:53:21 53      MHO_BBG000BL9MZ4_2021-03-22
2021-06-24 22:53:21 54      MIDD_BBG000DQN9R3_2021-03-22
2021-06-24 22:53:21 55      MINI_BBG000BGTX98_2021-03-22
2021-06-24 22:53:21 55      MKC_BBG000G6Y5W4_2021-03-22
2021-06-24 22:53:21 57      MKL_BBG000FC7366_2021-03-22
2021-06-24 22:53:21 58      MKSI_BBG000BVMG26_2021-03-22
2021-06-24 22:53:21 59      MKTX_BBG000BJBZ23_2021-03-22
2021-06-24 22:53:21 61      MLAB_BBG000BP3PW7_2021-03-22
2021-06-24 22:53:21 61      MLCO_BBG000BHP8J4_2021-03-22
2021-06-24 22:53:21 63      MLHR_BBG000BP46T2_2021-03-22
2021-06-24 22:53:21 64      MLM_BBG000BGYMH7_2021-03-22
2021-06-24 22:53:21 66      MMC_BBG000BP4MH0_2021-03-22
2021-06-24 22:53:21 67      MMI_BBG005GBRSR6_2021-03-22
2021-06-24 22:53:21 68      MMM_BBG000BP52R2_2021-03-22
2021-06-24 22:53:21 69      MMS_BBG000BC5WJ4_2021-03-22
2021-06-24 22:53:21 70      MMSI_BBG000C42VX0_2021-03-22
2021-06-24 22:53:21 71      MNRO_BBG000C0BZD1_2021-03-22
2021-06-24 22:53:21 72      MNST_BBG008NVB1C0_2021-03-22
2021-06-24 22:53:21 74      MO_BBG000BP6LJ8_2021-03-22
2021-06-24 22:53:21 77      MOH_BBG000MBHNC8_2021-03-22
2021-06-24 22:53:21 78      MOMO_BBG007HTCQT0_2021-03-22
2021-06-24 22:53:21 85      MORN_BBG000CGQ4F7_2021-03-22
2021-06-24 22:53:21 86      MOS_BBG000BFXHL6_2021-03-22
2021-06-24 22:53:21 89      MOV_BBG000BL30Y9_2021-03-22
2021-06-24 22:53:21 89      MPC_BBG001DCCGR8_2021-03-22
2021-06-24 22:53:21 93      MPWR_BBG000C30L48_2021-03-22
2021-06-24 22:53:21 94      MRC_BBG000BKLTM1_2021-03-22
2021-06-24 22:53:21 95      MRK_BBG000BPD168_2021-03-22
2021-06-24 22:53:22 00      MRNA_BBG003PHHZT1_2021-03-22
2021-06-24 22:53:22 07      MRO_BBG000C8H633_2021-03-22
2021-06-24 22:53:22 10      MRTX_BBG004TPGBP5_2021-03-22
2021-06-24 22:53:22 11      MS_BBG000BLZRJ2_2021-03-22
2021-06-24 22:53:22 15      MSA_BBG000BPDXF8_2021-03-22
2021-06-24 22:53:22 16      MSCI_BBG000RTDY25_2021-03-22
2021-06-24 22:53:22 17      MSFT_BBG000BPH459_2021-03-22
2021-06-24 22:53:22 35      MSGE_BBG00L9HLWV8_2021-03-22
2021-06-24 22:53:22 36      MSGN_BBG000NS03H7_2021-03-22
2021-06-24 22:53:22 37      MSGS_BBG007FG0C23_2021-03-22
2021-06-24 22:53:22 38      MSI_BBG000BP8Z50_2021-03-22
2021-06-24 22:53:22 40      MSM_BBG000BCLYL9_2021-03-22
2021-06-24 22:53:22 41      MSTR_BBG000GQJPZ0_2021-03-22
2021-06-24 22:53:22 45      MTB_BBG000D9KWL9_2021-03-22
2021-06-24 22:53:22 47      MTCH_BBG00B6WH9G3_2021-03-22
2021-06-24 22:53:22 51      MTD_BBG000BZCKH3_2021-03-22
2021-06-24 22:53:22 52      MTG_BBG000CBMH27_2021-03-22
2021-06-24 22:53:22 54      MTH_BBG000F4F1N0_2021-03-22
2021-06-24 22:53:22 55      MTN_BBG000BCMWM1_2021-03-22
2021-06-24 22:53:22 56      MTOR_BBG000BH92D1_2021-03-22
2021-06-24 22:53:22 57      MTRN_BBG000BDTT76_2021-03-22
2021-06-24 22:53:22 58      MU_BBG000C5Z1S3_2021-03-22
2021-06-24 22:53:22 70      MUR_BBG000BPMH90_2021-03-22
2021-06-24 22:53:22 72      MUSA_BBG001Z0Q6T5_2021-03-22
2021-06-24 22:53:22 74      MXIM_BBG000BPNP00_2021-03-22
2021-06-24 22:53:22 78      MXL_BBG000BB6R33_2021-03-22
2021-06-24 22:53:22 79      MYGN_BBG000D9H9F1_2021-03-22
2021-06-24 22:53:22 81      MYRG_BBG000BC7VW9_2021-03-22
2021-06-24 22:53:22 82      NARI_BBG009J8K7M0_2021-03-22
2021-06-24 22:53:22 83      NATI_BBG000DZK6N6_2021-03-22
2021-06-24 22:53:22 84      NAVI_BBG004MN1R41_2021-03-22
2021-06-24 22:53:22 85      NBIX_BBG000GJS7C1_2021-03-22
2021-06-24 22:53:22 87      NCBS_BBG000QK0TG5_2021-03-22
2021-06-24 22:53:22 87      NCR_BBG000BMXK89_2021-03-22
2021-06-24 22:53:22 89      NDAQ_BBG000F5VVB6_2021-03-22
2021-06-24 22:53:22 90      NDSN_BBG000BPWGR1_2021-03-22
2021-06-24 22:53:22 91      NEE_BBG000BJSBJ0_2021-03-22
2021-06-24 22:53:22 96      NEM_BBG000BPWXK1_2021-03-22
2021-06-24 22:53:23 00      NEO_BBG000BKH263_2021-03-22
2021-06-24 22:53:23 02      NEOG_BBG000C1BCK2_2021-03-22
2021-06-24 22:53:23 03      NET_BBG001WMKHH5_2021-03-22
2021-06-24 22:53:23 05      NEU_BBG000BJ5SS8_2021-03-22
2021-06-24 22:53:23 06      NEWR_BBG001NFKJ68_2021-03-22
2021-06-24 22:53:23 07      NFLX_BBG000CL9VN6_2021-03-22
2021-06-24 22:53:23 13      NGVT_BBG009LM28K6_2021-03-22
2021-06-24 22:53:23 14      NJR_BBG000BPZVW9_2021-03-22
2021-06-24 22:53:23 15      NKE_BBG000C5HS04_2021-03-22
2021-06-24 22:53:23 19      NKTR_BBG000BHCYJ1_2021-03-22
2021-06-24 22:53:23 20      NLOK_BBG000BH2JM1_2021-03-22
2021-06-24 22:53:23 23      NLSN_BBG0088CYPX8_2021-03-22
2021-06-24 22:53:23 24      NMIH_BBG005DLMMZ6_2021-03-22
2021-06-24 22:53:23 24      NOC_BBG000BQ2C28_2021-03-22
2021-06-24 22:53:23 27      NOK_BBG000BNGBW9_2021-03-22
2021-06-24 22:53:23 33      NOV_BBG000BJX8C8_2021-03-22
2021-06-24 22:53:23 36      NOW_BBG000M1R011_2021-03-22
2021-06-24 22:53:23 38      NP_BBG000QCQ764_2021-03-22
2021-06-24 22:53:23 39      NPK_BBG000BQ4GG2_2021-03-22
2021-06-24 22:53:23 40      NRG_BBG000D8RG11_2021-03-22
2021-06-24 22:53:23 46      NSC_BBG000BQ5DS5_2021-03-22
2021-06-24 22:53:23 49      NSP_BBG000BJ41X2_2021-03-22
2021-06-24 22:53:23 49      NTAP_BBG000FP1N32_2021-03-22
2021-06-24 22:53:23 51      NTCO_BBG00R4ZKPN5_2021-03-22
2021-06-24 22:53:23 52      NTCT_BBG000C136Z8_2021-03-22
2021-06-24 22:53:23 53      NTES_BBG000BX72V8_2021-03-22
2021-06-24 22:53:23 55      NTGR_BBG000C4GBR6_2021-03-22
2021-06-24 22:53:23 56      NTLA_BBG007KC7PB0_2021-03-22
2021-06-24 22:53:23 60      NTNX_BBG001NDW1Z7_2021-03-22
2021-06-24 22:53:23 61      NTRA_BBG001J1BQ86_2021-03-22
2021-06-24 22:53:23 62      NTRS_BBG000BQ74K1_2021-03-22
2021-06-24 22:53:23 65      NTUS_BBG000DPZHS3_2021-03-22
2021-06-24 22:53:23 66      NUE_BBG000BQ8KV2_2021-03-22
2021-06-24 22:53:23 68      NUS_BBG000HG21Y3_2021-03-22
2021-06-24 22:53:23 70      NUVA_BBG000LNL298_2021-03-22
2021-06-24 22:53:23 71      NVDA_BBG000BBJQV0_2021-03-22
2021-06-24 22:53:23 82      NVEE_BBG005BT60Y8_2021-03-22
2021-06-24 22:53:23 83      NVR_BBG000BQBYR3_2021-03-22
2021-06-24 22:53:23 84      NVRO_BBG001K61W36_2021-03-22
2021-06-24 22:53:23 85      NVTA_BBG005DJFD43_2021-03-22
2021-06-24 22:53:23 88      NWE_BBG000Q1NMJ4_2021-03-22
2021-06-24 22:53:23 89      NWL_BBG000BQC9V2_2021-03-22
2021-06-24 22:53:23 91      NWLI_BBG008HNHZ07_2021-03-22
2021-06-24 22:53:23 92      NWS_BBG0035M2ZB7_2021-03-22
2021-06-24 22:53:23 93      NWSA_BBG0035LY913_2021-03-22
2021-06-24 22:53:23 95      NXPI_BBG000BND699_2021-03-22
2021-06-24 22:53:24 00      NXST_BBG000DZJVH0_2021-03-22
2021-06-24 22:53:24 01      NYT_BBG000FFC0B3_2021-03-22
2021-06-24 22:53:24 02      O_BBG000DHPN63_2021-03-22
2021-06-24 22:53:24 04      OC_BBG000M44VW8_2021-03-22
2021-06-24 22:53:24 06      ODFL_BBG000CHSS88_2021-03-22
2021-06-24 22:53:24 08      OFIX_BBG000G1C210_2021-03-22
2021-06-24 22:53:24 09      OHI_BBG000BGBTC2_2021-03-22
2021-06-24 22:53:24 10      OI_BBG00R2JZG39_2021-03-22
2021-06-24 22:53:24 12      OII_BBG000CPBCL8_2021-03-22
2021-06-24 22:53:24 13      OIS_BBG000BDDN94_2021-03-22
2021-06-24 22:53:24 15      OKE_BBG000BQHGR6_2021-03-22
2021-06-24 22:53:24 18      OKTA_BBG001YV1SM4_2021-03-22
2021-06-24 22:53:24 21      OLED_BBG000BLRP41_2021-03-22
2021-06-24 22:53:24 22      OLLI_BBG0098VVDT9_2021-03-22
2021-06-24 22:53:24 25      OMC_BBG000BS9489_2021-03-22
2021-06-24 22:53:24 27      OMCL_BBG000BTNGZ4_2021-03-22
2021-06-24 22:53:24 28      ON_BBG000DV7MX4_2021-03-22
2021-06-24 22:53:24 33      ONTO_BBG000BPRN29_2021-03-22
2021-06-24 22:53:24 35      ORCL_BBG000BQLTW7_2021-03-22
2021-06-24 22:53:24 38      ORLY_BBG000BGYWY6_2021-03-22
2021-06-24 22:53:24 40      OSIS_BBG000BWPR54_2021-03-22
2021-06-24 22:53:24 41      OSK_BBG000CC53X1_2021-03-22
2021-06-24 22:53:24 42      OSUR_BBG000J3D1Y8_2021-03-22
2021-06-24 22:53:24 44      OTIS_BBG00RP60KV0_2021-03-22
2021-06-24 22:53:24 45      OVV_BBG00R2NHQ65_2021-03-22
2021-06-24 22:53:24 47      OXY_BBG000BQQ2S6_2021-03-22
2021-06-24 22:53:24 51      PAGS_BBG00JM7QBR6_2021-03-22
2021-06-24 22:53:24 52      PANW_BBG0014GJCT9_2021-03-22
2021-06-24 22:53:24 53      PATK_BBG000BQSBB2_2021-03-22
2021-06-24 22:53:24 54      PAYC_BBG0064N0ZZ5_2021-03-22
2021-06-24 22:53:24 56      PB_BBG000BHY4D9_2021-03-22
2021-06-24 22:53:24 57      PBCT_BBG000BQT4L6_2021-03-22
2021-06-24 22:53:24 59      PBF_BBG002832GV8_2021-03-22
2021-06-24 22:53:24 62      PBH_BBG000QM0RZ4_2021-03-22
2021-06-24 22:53:24 63      PBI_BBG000BQTMJ9_2021-03-22
2021-06-24 22:53:24 66      PCAR_BBG000BQVTF5_2021-03-22
2021-06-24 22:53:24 68      PCG_BBG000BQWPC5_2021-03-22
2021-06-24 22:53:24 70      PCRX_BBG0018FQNS6_2021-03-22
2021-06-24 22:53:24 71      PCTY_BBG006598YS8_2021-03-22
2021-06-24 22:53:24 72      PD_BBG0043BYPB8_2021-03-22
2021-06-24 22:53:24 74      PDCO_BBG000BQY289_2021-03-22
2021-06-24 22:53:24 75      PDCO: SPYKE!. Candle: ID:7, Time: 13:25, Close: 32.02
2021-06-24 22:53:24 76      PEAK_BBG000BKYDP9_2021-03-22
2021-06-24 22:53:24 77      PEG_BBG000BQZMH4_2021-03-22
2021-06-24 22:53:24 80      PEGA_BBG000H1RYG7_2021-03-22
2021-06-24 22:53:24 81      PEN_BBG001BP92V1_2021-03-22
2021-06-24 22:53:24 82      PEP_BBG000DH7JK6_2021-03-22
2021-06-24 22:53:24 89      PETQ_BBG00H1CY328_2021-03-22
2021-06-24 22:53:24 90      PFE_BBG000BR2B91_2021-03-22
2021-06-24 22:53:24 95      PFG_BBG000NSCNT7_2021-03-22
2021-06-24 22:53:24 96      PFGC_BBG009XW2WB8_2021-03-22
2021-06-24 22:53:24 97      PFPT_BBG000RQ2GY7_2021-03-22
2021-06-24 22:53:24 99      PG_BBG000BR2TH3_2021-03-22
2021-06-24 22:53:25 04      PGNY_BBG002H1K1H1_2021-03-22
2021-06-24 22:53:25 05      PGR_BBG000BR37X2_2021-03-22
2021-06-24 22:53:25 07      PGTI_BBG000FX3Y66_2021-03-22
2021-06-24 22:53:25 08      PH_BBG000BR3KL6_2021-03-22
2021-06-24 22:53:25 09      PHM_BBG000BR54L0_2021-03-22
2021-06-24 22:53:25 12      PII_BBG000D5S4M0_2021-03-22
2021-06-24 22:53:25 13      PINC_BBG000G7QX50_2021-03-22
2021-06-24 22:53:25 14      PINS_BBG002583CV8_2021-03-22
2021-06-24 22:53:25 19      PIPR_BBG000FQXC75_2021-03-22
2021-06-24 22:53:25 20      PKG_BBG000BB8SW7_2021-03-22
2021-06-24 22:53:25 22      PKI_BBG000FXW512_2021-03-22
2021-06-24 22:53:25 24      PLAN_BBG002DZS299_2021-03-22
2021-06-24 22:53:25 26      PLAY_BBG001WWJTK5_2021-03-22
2021-06-24 22:53:25 28      PLCE_BBG000JK9DK4_2021-03-22
2021-06-24 22:53:25 29      PLD_BBG000B9Z0J8_2021-03-22
2021-06-24 22:53:25 32      PLNT_BBG009H04M17_2021-03-22
2021-06-24 22:53:25 33      PLTR_BBG000N7QR55_2021-03-22
2021-06-24 22:53:25 43      PLUS_BBG000HN7W02_2021-03-22
2021-06-24 22:53:25 44      PLXS_BBG000BRBX66_2021-03-22
2021-06-24 22:53:25 45      PM_BBG000J2XL74_2021-03-22
2021-06-24 22:53:25 48      PNC_BBG000BRD0D8_2021-03-22
2021-06-24 22:53:25 51      PNFP_BBG000C1XKF6_2021-03-22
2021-06-24 22:53:25 53      PNTG_BBG00P33SY72_2021-03-22
2021-06-24 22:53:25 54      PODD_BBG000R7XX87_2021-03-22
2021-06-24 22:53:25 55      POOL_BBG000BCVG28_2021-03-22
2021-06-24 22:53:25 57      POR_BBG000BCRMW7_2021-03-22
2021-06-24 22:53:25 59      POST_BBG001WTBC36_2021-03-22
2021-06-24 22:53:25 60      POWI_BBG000BTT3D1_2021-03-22
2021-06-24 22:53:25 61      PPC_BBG000BFLXV3_2021-03-22
2021-06-24 22:53:25 62      PPG_BBG000BRJ809_2021-03-22
2021-06-24 22:53:25 64      PPL_BBG000BRJL00_2021-03-22
2021-06-24 22:53:25 66      PRAA_BBG000BNTW77_2021-03-22
2021-06-24 22:53:25 67      PRAH_BBG007387YL8_2021-03-22
2021-06-24 22:53:25 68      PRAH: SPYKE!. Candle: ID:1417, Time: 20:10, Close: 155.42
2021-06-24 22:53:25 69      PRFT_BBG000BVXFK6_2021-03-22
2021-06-24 22:53:25 70      PRG_BBG00VSH86G4_2021-03-22
2021-06-24 22:53:25 71      PRGS_BBG000C4QP94_2021-03-22
2021-06-24 22:53:25 72      PRI_BBG000T8ZF80_2021-03-22
2021-06-24 22:53:25 74      PRLB_BBG000BT13B3_2021-03-22
2021-06-24 22:53:25 76      PRSP_BBG00KMXKWF9_2021-03-22
2021-06-24 22:53:25 77      PRU_BBG000HCJMF9_2021-03-22
2021-06-24 22:53:25 80      PSA_BBG000BPPN67_2021-03-22
2021-06-24 22:53:25 82      PSN_BBG000C3TKY6_2021-03-22
2021-06-24 22:53:25 84      PSTG_BBG00212PVZ5_2021-03-22
2021-06-24 22:53:25 87      PSX_BBG00286S4N9_2021-03-22
2021-06-24 22:53:25 90      PTC_BBG000C2VBB0_2021-03-22
2021-06-24 22:53:25 92      PTCT_BBG000QT15P7_2021-03-22
2021-06-24 22:53:25 94      PTON_BBG00JG0FFZ2_2021-03-22
2021-06-24 22:53:25 99      PTR_BBG000BR85F1_2021-03-22
2021-06-24 22:53:26 01      PUMP_BBG00FYCQ352_2021-03-22
2021-06-24 22:53:26 02      PVH_BBG000BRRG02_2021-03-22
2021-06-24 22:53:26 04      PWR_BBG000BBL8V7_2021-03-22
2021-06-24 22:53:26 05      PXD_BBG000BXRPH1_2021-03-22
2021-06-24 22:53:26 08      PYPL_BBG0077VNXV6_2021-03-22
2021-06-24 22:53:26 17      PZZA_BBG000BFWF13_2021-03-22
2021-06-24 22:53:26 20      QADA_BBG001BP77C3_2021-03-22
2021-06-24 22:53:26 21      QCOM_BBG000CGC1X8_2021-03-22
2021-06-24 22:53:26 29      QDEL_BBG000C6GN04_2021-03-22
2021-06-24 22:53:26 32      QLYS_BBG000HT5G06_2021-03-22
2021-06-24 22:53:26 33      QNST_BBG000S9XXB8_2021-03-22
2021-06-24 22:53:26 34      QRTEA_BBG000PCQQL6_2021-03-22
2021-06-24 22:53:26 36      QRVO_BBG007TJF1N7_2021-03-22
2021-06-24 22:53:26 39      QTS_BBG0054B20Z8_2021-03-22
2021-06-24 22:53:26 40      QTWO_BBG005ZVK9P2_2021-03-22
2021-06-24 22:53:26 41      QUOT_BBG001QYNR63_2021-03-22
2021-06-24 22:53:26 43      R_BBG000BRVP70_2021-03-22
2021-06-24 22:53:26 44      RACE_BBG009PH3Q86_2021-03-22
2021-06-24 22:53:26 45      RAMP_BBG000BB4HM6_2021-03-22
2021-06-24 22:53:26 46      RARE_BBG001RWPDW6_2021-03-22
2021-06-24 22:53:26 48      RAVN_BBG000CXQTZ3_2021-03-22
2021-06-24 22:53:26 49      RAVN: SPYKE!. Candle: ID:1820, Time: 20:40, Close: 31.02
2021-06-24 22:53:26 49      RAVN: SPYKE!. Candle: ID:1823, Time: 20:40, Close: 33
2021-06-24 22:53:26 49      RAVN: SPYKE!. Candle: ID:1832, Time: 20:40, Close: 31.1
2021-06-24 22:53:26 49      RBC_BBG000BRXTR8_2021-03-22
2021-06-24 22:53:26 50      RCL_BBG000BB5792_2021-03-22
2021-06-24 22:53:26 53      RDFN_BBG001Q7HP63_2021-03-22
2021-06-24 22:53:26 56      RDS.A_BBG000QXSSS6_2021-03-22
2021-06-24 22:53:26 59      RDY_BBG000NJ96L6_2021-03-22
2021-06-24 22:53:26 60      RE_BBG000C1XVK6_2021-03-22
2021-06-24 22:53:26 61      REG_BBG000BL46Q4_2021-03-22
2021-06-24 22:53:26 63      REGI_BBG0016SSV00_2021-03-22
2021-06-24 22:53:26 66      REGN_BBG000C734W3_2021-03-22
2021-06-24 22:53:26 69      RETA_BBG000R33BD1_2021-03-22
2021-06-24 22:53:26 71      REX_BBG000D2ZK61_2021-03-22
2021-06-24 22:53:26 72      REZI_BBG00HY28K89_2021-03-22
2021-06-24 22:53:26 73      RF_BBG000Q3JN03_2021-03-22
2021-06-24 22:53:26 76      RGA_BBG000BDLCQ0_2021-03-22
2021-06-24 22:53:26 78      RGEN_BBG000BS48J3_2021-03-22
2021-06-24 22:53:26 79      RGLD_BBG000BS5170_2021-03-22
2021-06-24 22:53:26 81      RGNX_BBG007Z9V591_2021-03-22
2021-06-24 22:53:26 83      RGR_BBG000C4FQG6_2021-03-22
2021-06-24 22:53:26 84      RH_BBG002293PJ4_2021-03-22
2021-06-24 22:53:26 85      RHI_BBG000BS5DR2_2021-03-22
2021-06-24 22:53:26 86      RIG_BBG000BH5LT6_2021-03-22
2021-06-24 22:53:26 93      RJF_BBG000BS73J1_2021-03-22
2021-06-24 22:53:26 95      RL_BBG000BS0ZF1_2021-03-22
2021-06-24 22:53:26 97      RMD_BBG000L4M7F1_2021-03-22
2021-06-24 22:53:26 98      RNG_BBG000J094P3_2021-03-22
2021-06-24 22:53:27 00      ROCK_BBG000BKQDQ7_2021-03-22
2021-06-24 22:53:27 02      ROG_BBG000BS9HN3_2021-03-22
2021-06-24 22:53:27 02      ROK_BBG000BBCDZ2_2021-03-22
2021-06-24 22:53:27 04      ROKU_BBG001ZZPQJ6_2021-03-22
2021-06-24 22:53:27 08      ROL_BBG000BSBBP1_2021-03-22
2021-06-24 22:53:27 11      ROLL_BBG000GMGNB3_2021-03-22
2021-06-24 22:53:27 11      ROP_BBG000F1ZSN5_2021-03-22
2021-06-24 22:53:27 13      ROST_BBG000BSBZH7_2021-03-22
2021-06-24 22:53:27 16      RPD_BBG009DFHWG6_2021-03-22
2021-06-24 22:53:27 18      RPM_BBG000DCNK80_2021-03-22
2021-06-24 22:53:27 19      RRBI_BBG000QKNLB2_2021-03-22
2021-06-24 22:53:27 20      RRC_BBG000FVXD63_2021-03-22
2021-06-24 22:53:27 23      RRGB_BBG000MXH9C1_2021-03-22
2021-06-24 22:53:27 24      RS_BBG000CJ2181_2021-03-22
2021-06-24 22:53:27 25      RSG_BBG000BPXVJ6_2021-03-22
2021-06-24 22:53:27 27      RTX_BBG000BW8S60_2021-03-22
2021-06-24 22:53:27 33      RVLV_BBG00M4RHBD0_2021-03-22
2021-06-24 22:53:27 33      RVLV: SPYKE!. Candle: ID:31, Time: 12:50, Close: 52.29
2021-06-24 22:53:27 34      RXN_BBG000H8R0N8_2021-03-22
2021-06-24 22:53:27 35      RYN_BBG000BG7L34_2021-03-22
2021-06-24 22:53:27 36      RYTM_BBG007DLZ601_2021-03-22
2021-06-24 22:53:27 38      SAFM_BBG000BSHJ96_2021-03-22
2021-06-24 22:53:27 39      SAGE_BBG0025X16Y5_2021-03-22
2021-06-24 22:53:27 41      SAIA_BBG000P5LMQ0_2021-03-22
2021-06-24 22:53:27 42      SAIC_BBG003BW05K6_2021-03-22
2021-06-24 22:53:27 44      SAIL_BBG00J0BBZL0_2021-03-22
2021-06-24 22:53:27 45      SAM_BBG000BCZBF1_2021-03-22
2021-06-24 22:53:27 46      SAVE_BBG000BF6RQ9_2021-03-22
2021-06-24 22:53:27 50      SBAC_BBG000D2M0Z7_2021-03-22
2021-06-24 22:53:27 51      SBCF_BBG000KK3464_2021-03-22
2021-06-24 22:53:27 52      SBGI_BBG000F2XXP2_2021-03-22
2021-06-24 22:53:27 54      SBH_BBG000LR8515_2021-03-22
2021-06-24 22:53:27 55      SBRA_BBG000MTDW24_2021-03-22
2021-06-24 22:53:27 56      SBUX_BBG000CTQBF3_2021-03-22
2021-06-24 22:53:27 62      SCCO_BBG000BSHH72_2021-03-22
2021-06-24 22:53:27 63      SCHW_BBG000BSLZY7_2021-03-22
2021-06-24 22:53:27 66      SCI_BBG000BTHH16_2021-03-22
2021-06-24 22:53:27 67      SCSC_BBG000BHTPZ4_2021-03-22
2021-06-24 22:53:27 68      SDGR_BBG000T88BN2_2021-03-22
2021-06-24 22:53:27 70      SEDG_BBG0084BBZY6_2021-03-22
2021-06-24 22:53:27 72      SEE_BBG000C22QV7_2021-03-22
2021-06-24 22:53:27 74      SEIC_BBG000BSQLT9_2021-03-22
2021-06-24 22:53:27 75      SERV_TCS002WMH2F2_2021-03-22
2021-06-24 22:53:27 76      SF_BBG000BSS5C0_2021-03-22
2021-06-24 22:53:27 77      SFIX_BBG0046L1KL9_2021-03-22
2021-06-24 22:53:27 79      SFM_BBG001KFKQM7_2021-03-22
2021-06-24 22:53:27 81      SGEN_BBG000BH0FR6_2021-03-22
2021-06-24 22:53:27 83      SHAK_BBG0063GCHH8_2021-03-22
2021-06-24 22:53:27 84      SHEN_BBG000BTC2N0_2021-03-22
2021-06-24 22:53:27 85      SHI_BBG000BHR1H9_2021-03-22
2021-06-24 22:53:27 86      SHW_BBG000BSXQV7_2021-03-22
2021-06-24 22:53:27 87      SIG_BBG000C4ZZ10_2021-03-22
2021-06-24 22:53:27 89      SIGI_BBG000BSZ738_2021-03-22
2021-06-24 22:53:27 90      SITE_BBG009T22D49_2021-03-22
2021-06-24 22:53:27 91      SIVB_BBG000BT0CM2_2021-03-22
2021-06-24 22:53:27 93      SJI_BBG000BT0T72_2021-03-22
2021-06-24 22:53:27 95      SJM_BBG000BT1715_2021-03-22
2021-06-24 22:53:27 97      SKM_BBG000BLN497_2021-03-22
2021-06-24 22:53:27 98      SKX_BBG000C4HKK2_2021-03-22
2021-06-24 22:53:28 00      SLAB_BBG000BB99S3_2021-03-22
2021-06-24 22:53:28 01      SLB_BBG000BT41Q8_2021-03-22
2021-06-24 22:53:28 08      SLG_BBG000BVP5P2_2021-03-22
2021-06-24 22:53:28 09      SMAR_BBG00GQK3WB5_2021-03-22
2021-06-24 22:53:28 11      SMG_BBG000BT5PG5_2021-03-22
2021-06-24 22:53:28 12      SMPL_BBG00GVP5JL4_2021-03-22
2021-06-24 22:53:28 13      SMTC_BBG000DBKR53_2021-03-22
2021-06-24 22:53:28 31      SNA_BBG000BT7JW9_2021-03-22
2021-06-24 22:53:28 33      SNAP_BBG00441QMJ7_2021-03-22
2021-06-24 22:53:28 42      SNBR_BBG000DM2BF3_2021-03-22
2021-06-24 22:53:28 44      SNPS_BBG000BSFRF3_2021-03-22
2021-06-24 22:53:28 48      SNX_BBG000CL9JV4_2021-03-22
2021-06-24 22:53:28 49      SNX: SPYKE!. Candle: ID:319, Time: 13:25, Close: 114.1
2021-06-24 22:53:28 49      SNX: SPYKE!. Candle: ID:320, Time: 13:25, Close: 115.85
2021-06-24 22:53:28 49      SNY_BBG000BBD5N1_2021-03-22
2021-06-24 22:53:28 52      SO_BBG000BT9DW0_2021-03-22
2021-06-24 22:53:28 54      SOHU_BBG00L2DB535_2021-03-22
2021-06-24 22:53:28 55      SON_BBG000D7HF89_2021-03-22
2021-06-24 22:53:28 56      SONO_BBG001JZPSQ2_2021-03-22
2021-06-24 22:53:28 59      SP_BBG000BJ91B1_2021-03-22
2021-06-24 22:53:28 60      SPB@US_BBG000DS5588_2021-03-22
2021-06-24 22:53:28 61      SPCE_BBG00HTN2CQ3_2021-03-22
2021-06-24 22:53:28 77      SPG_BBG000BJ2D31_2021-03-22
2021-06-24 22:53:28 79      SPGI_BBG000BP1Q11_2021-03-22
2021-06-24 22:53:28 82      SPLK_BBG001C7TST4_2021-03-22
2021-06-24 22:53:28 88      SPOT_BBG003T4VFC2_2021-03-22
2021-06-24 22:53:28 89      SPR_BBG000PRJ2Z9_2021-03-22
2021-06-24 22:53:28 92      SPSC_BBG000PZGB75_2021-03-22
2021-06-24 22:53:28 93      SQ_BBG0018SLC07_2021-03-22
2021-06-24 22:53:28 99      SRC_BBG0027Z6X10_2021-03-22
2021-06-24 22:53:29 02      SRCL_BBG000H3FZM6_2021-03-22
2021-06-24 22:53:29 05      SRDX_BBG000BZ2QG2_2021-03-22
2021-06-24 22:53:29 05      SRE_BBG000C2ZCH8_2021-03-22
2021-06-24 22:53:29 08      SRI_BBG000BB9Q78_2021-03-22
2021-06-24 22:53:29 09      SRPT_BBG000BCJ161_2021-03-22
2021-06-24 22:53:29 12      SSD_BBG000JLC8L8_2021-03-22
2021-06-24 22:53:29 13      SSNC_BBG000RJ2J04_2021-03-22
2021-06-24 22:53:29 17      SSTK_BBG002ZCK2V9_2021-03-22
2021-06-24 22:53:29 18      STAA_BBG000C4QB95_2021-03-22
2021-06-24 22:53:29 20      STAG_BBG000BGLFP7_2021-03-22
2021-06-24 22:53:29 22      STLD_BBG000HGYNZ9_2021-03-22
2021-06-24 22:53:29 25      STMP_BBG000CZ4KF3_2021-03-22
2021-06-24 22:53:29 26      STRA_BBG000GRZDV1_2021-03-22
2021-06-24 22:53:29 27      STT_BBG000BKFBD7_2021-03-22
2021-06-24 22:53:29 29      STX_BBG000F0KF42_2021-03-22
2021-06-24 22:53:29 44      Warning: figi `BBG000F0KF42` for history data does not match actual figi `BBG0113JGQF0`. Ticker: STX. Will be used actual!
2021-06-24 22:53:29 47      STZ_BBG000J1QLT0_2021-03-22
2021-06-24 22:53:29 50      SUPN_BBG000BP0HX7_2021-03-22
2021-06-24 22:53:29 51      SWAV_BBG005XVXML5_2021-03-22
2021-06-24 22:53:29 52      SWBI_BBG000BM0QL7_2021-03-22
2021-06-24 22:53:29 55      SWCH_BBG00HPDM5Z2_2021-03-22
2021-06-24 22:53:29 56      SWI_BBG00M1CKSK7_2021-03-22
2021-06-24 22:53:29 57      SWK_BBG000BTQR96_2021-03-22
2021-06-24 22:53:29 59      SWKS_BBG000KLB4Q1_2021-03-22
2021-06-24 22:53:29 62      SWN_BBG000BTR593_2021-03-22
2021-06-24 22:53:29 66      SWX_BBG00FWP4JW4_2021-03-22
2021-06-24 22:53:29 67      SXI_BBG000BTT5B8_2021-03-22
2021-06-24 22:53:29 68      SXT_BBG000J79P80_2021-03-22
2021-06-24 22:53:29 69      SYF_BBG00658F3P3_2021-03-22
2021-06-24 22:53:29 72      SYK_BBG000DN7P92_2021-03-22
2021-06-24 22:53:29 74      SYKE_BBG000BBHPV4_2021-03-22
2021-06-24 22:53:29 75      SYNA_BBG000BQV1S2_2021-03-22
2021-06-24 22:53:29 77      SYNH_BBG0078Y1D92_2021-03-22
2021-06-24 22:53:29 78      SYY_BBG000BTVJ25_2021-03-22
2021-06-24 22:53:29 81      T_BBG000BSJK37_2021-03-22
2021-06-24 22:53:29 85      TAK_BBG000LF8708_2021-03-22
2021-06-24 22:53:29 87      TAL_BBG0016XJ8S0_2021-03-22
2021-06-24 22:53:29 89      TAP_BBG000BS7KS3_2021-03-22
2021-06-24 22:53:29 91      TCBI_BBG000DN4ZT1_2021-03-22
2021-06-24 22:53:29 93      TCMD_BBG001B12Z39_2021-03-22
2021-06-24 22:53:29 94      TCRR_BBG00FH3FM15_2021-03-22
2021-06-24 22:53:29 96      TCS_BBG005DXJS36_2021-03-22
2021-06-24 22:53:29 97      TCX_BBG000L69KL5_2021-03-22
2021-06-24 22:53:29 98      TDC_BBG000R0L5J4_2021-03-22
2021-06-24 22:53:29 99      TDG_BBG000L8CBX4_2021-03-22
2021-06-24 22:53:30 01      TDOC_BBG0019T5SG0_2021-03-22
2021-06-24 22:53:30 05      TDS_BBG000BV0VK7_2021-03-22
2021-06-24 22:53:30 06      TDY_BBG000BMT9T6_2021-03-22
2021-06-24 22:53:30 07      TECH_BBG000C15114_2021-03-22
2021-06-24 22:53:30 10      TEL_BBG000RGM5P1_2021-03-22
2021-06-24 22:53:30 12      TENB_BBG00LBLCD02_2021-03-22
2021-06-24 22:53:30 14      TER_BBG000BV4DR6_2021-03-22
2021-06-24 22:53:30 18      TFC_BBG000BYYLS8_2021-03-22
2021-06-24 22:53:30 22      TFX_BBG000BV59Y6_2021-03-22
2021-06-24 22:53:30 23      TGNA_BBG000BK5DP1_2021-03-22
2021-06-24 22:53:30 25      TGT_BBG000H8TVT2_2021-03-22
2021-06-24 22:53:30 27      THG_BBG000FJH8W0_2021-03-22
2021-06-24 22:53:30 29      THO_BBG000BV6R84_2021-03-22
2021-06-24 22:53:30 30      THRM_BBG000BQLM34_2021-03-22
2021-06-24 22:53:30 31      THS_BBG000GQGJT4_2021-03-22
2021-06-24 22:53:30 32      TJX_BBG000BV8DN6_2021-03-22
2021-06-24 22:53:30 35      TKR_BBG000BV95H9_2021-03-22
2021-06-24 22:53:30 36      TMHC_BBG003PGJHP5_2021-03-22
2021-06-24 22:53:30 38      TMO_BBG000BVDLH9_2021-03-22
2021-06-24 22:53:30 40      TMUS_BBG000NDV1D4_2021-03-22
2021-06-24 22:53:30 45      TMX_BBG002WMH2F2_2021-03-22
2021-06-24 22:53:30 46      TNC_BBG000JCZJS2_2021-03-22
2021-06-24 22:53:30 47      TNDM_BBG0019V9M65_2021-03-22
2021-06-24 22:53:30 49      TNET_BBG000BR2040_2021-03-22
2021-06-24 22:53:30 51      TOL_BBG000BVHBM1_2021-03-22
2021-06-24 22:53:30 53      TOT_BBG000CHZ857_2021-03-22
2021-06-24 22:53:30 53      Warning: figi `BBG000CHZ857` for history data does not match actual figi `IZHBULDINKDK`. Ticker: TOT. Will be used actual!
2021-06-24 22:53:30 57      TPH_BBG0016YQTR5_2021-03-22
2021-06-24 22:53:30 60      TPIC_BBG0016MQ7C5_2021-03-22
2021-06-24 22:53:30 62      TPR_BBG000BY29C7_2021-03-22
2021-06-24 22:53:30 66      TPTX_BBG00NPL9WH7_2021-03-22
2021-06-24 22:53:30 67      TPX_BBG000PXGT62_2021-03-22
2021-06-24 22:53:30 71      TREE_BBG000TVRB50_2021-03-22
2021-06-24 22:53:30 72      TREX_BBG000BTGKK9_2021-03-22
2021-06-24 22:53:30 74      TRHC_BBG00BT7PPY8_2021-03-22
2021-06-24 22:53:30 75      TRIP_BBG001M8HHB7_2021-03-22
2021-06-24 22:53:30 84      TRMB_BBG000BNPS52_2021-03-22
2021-06-24 22:53:30 87      TROW_BBG000BVMPN3_2021-03-22
2021-06-24 22:53:30 90      TRU_BBG002Q7J5Z1_2021-03-22
2021-06-24 22:53:30 92      TRUP_BBG002BC7WC5_2021-03-22
2021-06-24 22:53:30 94      TRV_BBG000BJ81C1_2021-03-22
2021-06-24 22:53:30 96      TSCO_BBG000BLXZN1_2021-03-22
2021-06-24 22:53:30 99      TSLA_BBG000N9MNX3_2021-03-22
2021-06-24 22:53:31 67      TSM_BBG000BD8ZK0_2021-03-22
2021-06-24 22:53:31 83      TSN_BBG000DKCC19_2021-03-22
2021-06-24 22:53:31 87      TSS_BBG000C1JTL6_2021-03-22
2021-06-24 22:53:31 88      TT_BBG000BM6788_2021-03-22
2021-06-24 22:53:31 90      TTC_BBG000BVQRY3_2021-03-22
2021-06-24 22:53:31 91      TTD_BBG00629NGT2_2021-03-22
2021-06-24 22:53:31 93      TTEK_BBG000BYZ0Q5_2021-03-22
2021-06-24 22:53:31 95      TTM_BBG000PVGDH9_2021-03-22
2021-06-24 22:53:31 96      TTMI_BBG000BYQ0B1_2021-03-22
2021-06-24 22:53:31 98      TTWO_BBG000BS1YV5_2021-03-22
2021-06-24 22:53:32 00      TW_BBG00NK8H8T2_2021-03-22
2021-06-24 22:53:32 02      TWLO_BBG0029ZX840_2021-03-22
2021-06-24 22:53:32 04      TWNK_BBG00B6KGNN1_2021-03-22
2021-06-24 22:53:32 06      TWOU_BBG001KS9450_2021-03-22
2021-06-24 22:53:32 09      TWTR_BBG000H6HNW3_2021-03-22
2021-06-24 22:53:32 19      TXG_BBG007WX14X0_2021-03-22
2021-06-24 22:53:32 21      TXN_BBG000BVV7G1_2021-03-22
2021-06-24 22:53:32 27      TXRH_BBG000PSJMV7_2021-03-22
2021-06-24 22:53:32 29      TXT_BBG000BVVQQ8_2021-03-22
2021-06-24 22:53:32 30      TYL_BBG000BVWZF9_2021-03-22
2021-06-24 22:53:32 31      UA_BBG009DTD8H2_2021-03-22
2021-06-24 22:53:32 33      UAA_BBG000BXM6V2_2021-03-22
2021-06-24 22:53:32 36      UAL_BBG000M65M61_2021-03-22
2021-06-24 22:53:32 46      UBER_BBG002B04MT8_2021-03-22
2021-06-24 22:53:32 54      UCTT_BBG000HSLV70_2021-03-22
2021-06-24 22:53:32 56      UDR_BBG000C41023_2021-03-22
2021-06-24 22:53:32 58      UFPI_BBG000BL0T06_2021-03-22
2021-06-24 22:53:32 59      UFS_BBG000BHFHP8_2021-03-22
2021-06-24 22:53:32 61      UGI_BBG000BVYN55_2021-03-22
2021-06-24 22:53:32 62      UHS_BBG000CB8Q50_2021-03-22
2021-06-24 22:53:32 64      UI_BBG001R72SR9_2021-03-22
2021-06-24 22:53:32 66      ULTA_BBG00FWQ4VD6_2021-03-22
2021-06-24 22:53:32 69      UMBF_BBG000DD8WX1_2021-03-22
2021-06-24 22:53:32 70      UNF_BBG000BW29L1_2021-03-22
2021-06-24 22:53:32 71      UNH_BBG000CH5208_2021-03-22
2021-06-24 22:53:32 74      UNM_BBG000BW2QX0_2021-03-22
2021-06-24 22:53:32 76      UNP_BBG000BW3299_2021-03-22
2021-06-24 22:53:32 81      UNVR_BBG000BDHD29_2021-03-22
2021-06-24 22:53:32 83      UPS_BBG000L9CV04_2021-03-22
2021-06-24 22:53:32 87      UPWK_BBG00FBJ6390_2021-03-22
2021-06-24 22:53:32 91      URBN_BBG000BL79J3_2021-03-22
2021-06-24 22:53:32 93      URI_BBG000BXMFC3_2021-03-22
2021-06-24 22:53:32 95      USB_BBG000FFDM15_2021-03-22
2021-06-24 22:53:32 99      USFD_BBG00C6H6D40_2021-03-22
2021-06-24 22:53:33 02      USM_BBG000BW6P59_2021-03-22
2021-06-24 22:53:33 02      USNA_BBG000BX28M0_2021-03-22
2021-06-24 22:53:33 03      USPH_BBG000CSRSG6_2021-03-22
2021-06-24 22:53:33 04      UTHR_BBG000BV4XJ1_2021-03-22
2021-06-24 22:53:33 05      UTL_BBG000BW7X97_2021-03-22
2021-06-24 22:53:33 06      UTX_BBG0089KM290_2021-03-22
2021-06-24 22:53:33 07      V_BBG000PSKYX7_2021-03-22
2021-06-24 22:53:33 19      VAC_BBG001J2R5H3_2021-03-22
2021-06-24 22:53:33 20      VALE_BBG000BN5LG7_2021-03-22
2021-06-24 22:53:33 24      VC_BBG0016T3GQ0_2021-03-22
2021-06-24 22:53:33 26      VCEL_BBG000BDCM24_2021-03-22
2021-06-24 22:53:33 29      VCRA_BBG00179VSY7_2021-03-22
2021-06-24 22:53:33 29      VCYT_BBG001J2M542_2021-03-22
2021-06-24 22:53:33 32      VEEV_BBG001CGB489_2021-03-22
2021-06-24 22:53:33 33      VEON_BBG000QCW561_2021-03-22
2021-06-24 22:53:33 37      VFC_BBG000BWCKB6_2021-03-22
2021-06-24 22:53:33 41      VG_BBG000BRB5D9_2021-03-22
2021-06-24 22:53:33 42      VIAC_BBG000C496P7_2021-03-22
2021-06-24 22:53:33 51      VICR_BBG000C3VHF1_2021-03-22
2021-06-24 22:53:33 52      VIE_BBG00K6P5XM1_2021-03-22
2021-06-24 22:53:33 53      VIPS_BBG002NLDLV8_2021-03-22
2021-06-24 22:53:33 62      VIR_BBG00H2QQ8T5_2021-03-22
2021-06-24 22:53:33 63      VLO_BBG000BBGGQ1_2021-03-22
2021-06-24 22:53:33 71      VMC_BBG000BWGYF8_2021-03-22
2021-06-24 22:53:33 75      VMI_BBG000BWB7V4_2021-03-22
2021-06-24 22:53:33 76      VMW_BBG000BC9938_2021-03-22
2021-06-24 22:53:33 78      VNDA_BBG000HT5MG6_2021-03-22
2021-06-24 22:53:33 79      VNE_BBG00K4MPP27_2021-03-22
2021-06-24 22:53:33 80      VNO_BBG000BWHD54_2021-03-22
2021-06-24 22:53:33 84      VNT_BBG00RRGSJR4_2021-03-22
2021-06-24 22:53:33 85      VPG_BBG000PRQ0V9_2021-03-22
2021-06-24 22:53:33 86      VREX_BBG00CZNLR47_2021-03-22
2021-06-24 22:53:33 88      VRNS_BBG001Y04TN6_2021-03-22
2021-06-24 22:53:33 92      VRNT_BBG000BCBYT2_2021-03-22
2021-06-24 22:53:33 95      VRSK_BBG000BCZL41_2021-03-22
2021-06-24 22:53:33 97      VRSN_BBG000BGKHZ3_2021-03-22
2021-06-24 22:53:34 00      VRTS_BBG000DMFQS2_2021-03-22
2021-06-24 22:53:34 01      VRTV_BBG005XZHR97_2021-03-22
2021-06-24 22:53:34 02      VRTX_BBG000C1S2X2_2021-03-22
2021-06-24 22:53:34 07      VTR_BBG000FRVHB9_2021-03-22
2021-06-24 22:53:34 09      VTRS_BBG00Y4RQNH4_2021-03-22
2021-06-24 22:53:34 13      VZ_BBG000HS77T5_2021-03-22
2021-06-24 22:53:34 17      W_BBG001B17MV2_2021-03-22
2021-06-24 22:53:34 20      WAB_BBG000BDD940_2021-03-22
2021-06-24 22:53:34 22      WAL_BBG000Q1KFH4_2021-03-22
2021-06-24 22:53:34 24      WAT_BBG000FQRVM3_2021-03-22
2021-06-24 22:53:34 26      WB_BBG0065XPGX9_2021-03-22
2021-06-24 22:53:34 28      WBA_BBG000BWLMJ4_2021-03-22
2021-06-24 22:53:34 31      WCC_BBG000D0FNV3_2021-03-22
2021-06-24 22:53:34 33      WDAY_BBG000VC0T95_2021-03-22
2021-06-24 22:53:34 35      WDC_BBG000BWNFZ9_2021-03-22
2021-06-24 22:53:34 40      WDFC_BBG000BWNV93_2021-03-22
2021-06-24 22:53:34 41      WEC_BBG000BWP7D9_2021-03-22
2021-06-24 22:53:34 44      WELL_BBG000BKY1G5_2021-03-22
2021-06-24 22:53:34 46      WERN_BBG000BWPP85_2021-03-22
2021-06-24 22:53:34 47      WEX_BBG000BVZP59_2021-03-22
2021-06-24 22:53:34 49      WFC_BBG000BWQFY7_2021-03-22
2021-06-24 22:53:34 57      WGO_BBG000BWS3F3_2021-03-22
2021-06-24 22:53:34 58      WH_BBG00HCY3Q67_2021-03-22
2021-06-24 22:53:34 59      WHD_BBG00JRH1P95_2021-03-22
2021-06-24 22:53:34 63      WHR_BBG000BWSV34_2021-03-22
2021-06-24 22:53:34 64      WING_BBG008N298Y8_2021-03-22
2021-06-24 22:53:34 67      WK_BBG007BVZ8H9_2021-03-22
2021-06-24 22:53:34 69      WLK_BBG000PXZFW2_2021-03-22
2021-06-24 22:53:34 70      WLTW_BBG000DB3KT1_2021-03-22
2021-06-24 22:53:34 72      WM_BBG000BWVSR1_2021-03-22
2021-06-24 22:53:34 75      WMB_BBG000BWVCP8_2021-03-22
2021-06-24 22:53:34 78      WMT_BBG000BWXBC2_2021-03-22
2021-06-24 22:53:34 87      WOR_BBG000HL7499_2021-03-22
2021-06-24 22:53:34 88      WORK_BBG007G7V505_2021-03-22
2021-06-24 22:53:34 92      WRB_BBG000BD1HP2_2021-03-22
2021-06-24 22:53:34 93      WRK_BBG008NXC572_2021-03-22
2021-06-24 22:53:34 96      WRLD_BBG000C3G9J2_2021-03-22
2021-06-24 22:53:34 97      WSC_BBG00B0FS947_2021-03-22
2021-06-24 22:53:35 00      WSM_BBG000FSMWC3_2021-03-22
2021-06-24 22:53:35 02      WSO_BBG000DJN7L9_2021-03-22
2021-06-24 22:53:35 03      WST_BBG000BX24N8_2021-03-22
2021-06-24 22:53:35 05      WTFC_BBG000HD3DW5_2021-03-22
2021-06-24 22:53:35 07      WTS_BBG000C4Z6C2_2021-03-22
2021-06-24 22:53:35 08      WTTR_BBG00G4Y2DC1_2021-03-22
2021-06-24 22:53:35 10      WU_BBG000BB5373_2021-03-22
2021-06-24 22:53:35 12      WWD_BBG000BD53V2_2021-03-22
2021-06-24 22:53:35 13      WWE_BBG000F5YH15_2021-03-22
2021-06-24 22:53:35 15      WWW_BBG000BX2YN2_2021-03-22
2021-06-24 22:53:35 17      WY_BBG000BX3BL3_2021-03-22
2021-06-24 22:53:35 19      WYNN_BBG000LD9JQ8_2021-03-22
2021-06-24 22:53:35 22      XEC_BBG000D6L294_2021-03-22
2021-06-24 22:53:35 26      XEL_BBG000BCTQ65_2021-03-22
2021-06-24 22:53:35 31      XLNX_BBG000C0F570_2021-03-22
2021-06-24 22:53:35 37      XLRN_BBG000R5HWZ1_2021-03-22
2021-06-24 22:53:35 38      XNCR_BBG0026ZG4W0_2021-03-22
2021-06-24 22:53:35 39      XOM_BBG000GZQ728_2021-03-22
2021-06-24 22:53:35 49      XPO_BBG000L5CJF3_2021-03-22
2021-06-24 22:53:35 50      XRAY_BBG000BX57K1_2021-03-22
2021-06-24 22:53:35 53      XRX_BBG00NNG2ZJ8_2021-03-22
2021-06-24 22:53:35 55      XYL_BBG001D8R5D0_2021-03-22
2021-06-24 22:53:35 58      Y_BBG000BX6BJ3_2021-03-22
2021-06-24 22:53:35 60      YELP_BBG000Q2HM09_2021-03-22
2021-06-24 22:53:35 61      YETI_BBG00D8JC882_2021-03-22
2021-06-24 22:53:35 63      YEXT_BBG001MKZGY7_2021-03-22
2021-06-24 22:53:35 64      YUM_BBG000BH3GZ2_2021-03-22
2021-06-24 22:53:35 67      YUMC_BBG00B8N0HG1_2021-03-22
2021-06-24 22:53:35 69      YY_BBG003H0XV18_2021-03-22
2021-06-24 22:53:35 70      Z_BBG009NRSWJ4_2021-03-22
2021-06-24 22:53:35 74      ZBH_BBG000BKPL53_2021-03-22
2021-06-24 22:53:35 76      ZBRA_BBG000CC7LQ7_2021-03-22
2021-06-24 22:53:35 78      ZEN_BBG001HRFJG4_2021-03-22
2021-06-24 22:53:35 80      ZG_BBG000D13GN8_2021-03-22
2021-06-24 22:53:35 82      ZGNX_BBG000VDC3G9_2021-03-22
2021-06-24 22:53:35 85      ZI_BBG00S1HJ3M8_2021-03-22
2021-06-24 22:53:35 88      ZION_BBG000BX9WL1_2021-03-22
2021-06-24 22:53:35 91      ZM_BBG0042V6JM8_2021-03-22
2021-06-24 22:53:36 00      ZNH_BBG000BXQ7R1_2021-03-22
2021-06-24 22:53:36 01      ZS_BBG003338H34_2021-03-22
2021-06-24 22:53:36 06      ZTS_BBG0039320N9_2021-03-22
2021-06-24 22:53:36 08      ZUMZ_BBG000PYX812_2021-03-22
2021-06-24 22:53:36 11      ZUO_BBG000BT3HG5_2021-03-22
2021-06-24 22:53:36 14      ZYNE_BBG007BBS8B7_2021-03-22
2021-06-24 22:53:36 29      ZYXI_BBG000BJBXZ2_2021-03-22
2021-06-24 22:53:36 30      Total candles read: 4655591
2021-06-24 22:53:36 31      Start DisposeAsync...
2021-06-24 22:53:36 31      Trade statistic. Total/Pos/Neg/(ratio): 0/0/0/(0.0); Profit: 0/0.0; Volume: 0; MaxVolume: 0; Commission: 0;
2021-06-24 22:53:36 31      BaseBot::DisposeAsync...
2021-06-24 22:53:36 31      BaseBot::DisposeAsync done!
2021-06-24 22:53:36 31      End DisposeAsync...
