2021-05-30 21:43:44 33      mode=TestTradeBot;DumpQuotes=false;SubscribeQuotes=false;Strategies=MorningOpenStrategy;Token=token.txt;ConfigPath=usd.json;CandlesPath=C:\tinkoff\TestData\RawQuotes\5m\uncompressed\new\quotes_2021-03-10;
2021-05-30 21:43:44 34      Trade bot created
2021-05-30 21:43:44 36      Fake connection created
2021-05-30 21:43:45 02      List of disabled tickers: 
2021-05-30 21:43:45 03      A_BBG000C2V3D6_2021-03-10
2021-05-30 21:43:45 08      AA_BBG00B3T3HD3_2021-03-10
2021-05-30 21:43:45 12      AAL_BBG005P7Q881_2021-03-10
2021-05-30 21:43:45 19      AAN_BBG00WCNDCZ6_2021-03-10
2021-05-30 21:43:45 21      AAON_BBG000C2LZP3_2021-03-10
2021-05-30 21:43:45 21      AAP_BBG000F7RCJ1_2021-03-10
2021-05-30 21:43:45 22      AAPL_BBG000B9XRY4_2021-03-10
2021-05-30 21:43:45 66      ABBV_BBG0025Y4RY4_2021-03-10
2021-05-30 21:43:45 71      ABC_BBG000MDCQC2_2021-03-10
2021-05-30 21:43:45 72      ABG_BBG000BKDWB5_2021-03-10
2021-05-30 21:43:45 73      ABMD_BBG000C101X4_2021-03-10
2021-05-30 21:43:45 74      ABNB_BBG001Y2XS07_2021-03-10
2021-05-30 21:43:45 78      ABT_BBG000B9ZXB4_2021-03-10
2021-05-30 21:43:45 80      ACAD_BBG000BHG9K0_2021-03-10
2021-05-30 21:43:45 87      ACH_BBG000CMRVH1_2021-03-10
2021-05-30 21:43:45 88      ACM_BBG000F61RJ8_2021-03-10
2021-05-30 21:43:45 89      ACMR_BBG00HPSG933_2021-03-10
2021-05-30 21:43:45 90      ACN_BBG000D9D830_2021-03-10
2021-05-30 21:43:45 93      ADBE_BBG000BB5006_2021-03-10
2021-05-30 21:43:45 96      ADM_BBG000BB6WG8_2021-03-10
2021-05-30 21:43:45 98      ADP_BBG000JG0547_2021-03-10
2021-05-30 21:43:45 99      ADPT_BBG001J2PFF5_2021-03-10
2021-05-30 21:43:46 01      ADS_BBG000BFNR17_2021-03-10
2021-05-30 21:43:46 02      ADSK_BBG000BM7HL0_2021-03-10
2021-05-30 21:43:46 06      ADUS_BBG000NJGX84_2021-03-10
2021-05-30 21:43:46 06      AEE_BBG000B9X8C0_2021-03-10
2021-05-30 21:43:46 07      AEIS_BBG000FKMP26_2021-03-10
2021-05-30 21:43:46 08      AEO_BBG000BGXZB5_2021-03-10
2021-05-30 21:43:46 10      AERI_BBG001KJ7WJ5_2021-03-10
2021-05-30 21:43:46 11      AES_BBG000C23KJ3_2021-03-10
2021-05-30 21:43:46 13      AFG_BBG000DPKKK0_2021-03-10
2021-05-30 21:43:46 13      AFL_BBG000BBBNC6_2021-03-10
2021-05-30 21:43:46 15      AGCO_BBG000DCCZW2_2021-03-10
2021-05-30 21:43:46 16      AGIO_BBG000QY4ZD0_2021-03-10
2021-05-30 21:43:46 17      AIG_BBG000BBDZG3_2021-03-10
2021-05-30 21:43:46 19      AIR_BBG000BBGQF1_2021-03-10
2021-05-30 21:43:46 20      AIRC_BBG00XK3WVD0_2021-03-10
2021-05-30 21:43:46 21      AIT_BBG000BBHHP9_2021-03-10
2021-05-30 21:43:46 21      AIV_BBG000DD3510_2021-03-10
2021-05-30 21:43:46 22      AIZ_BBG000BZX1N5_2021-03-10
2021-05-30 21:43:46 24      AJG_BBG000BBHXQ3_2021-03-10
2021-05-30 21:43:46 24      AJRD_BBG000BKRHQ7_2021-03-10
2021-05-30 21:43:46 25      AKAM_BBG000BJQWD2_2021-03-10
2021-05-30 21:43:46 28      ALB_BBG000BJ26K7_2021-03-10
2021-05-30 21:43:46 29      ALGN_BBG000BRNLL2_2021-03-10
2021-05-30 21:43:46 31      ALGT_BBG000LJS6B8_2021-03-10
2021-05-30 21:43:46 32      ALK_BBG000BBL0Y1_2021-03-10
2021-05-30 21:43:46 33      ALL_BBG000BVMGF2_2021-03-10
2021-05-30 21:43:46 34      ALLE_BBG003PS7JV1_2021-03-10
2021-05-30 21:43:46 35      ALLK_BBG003QBJKN0_2021-03-10
2021-05-30 21:43:46 36      ALLO_BBG00KHRRDX3_2021-03-10
2021-05-30 21:43:46 37      ALLY_BBG000BC2R71_2021-03-10
2021-05-30 21:43:46 39      ALNY_BBG000BFGNJ5_2021-03-10
2021-05-30 21:43:46 40      ALRM_BBG007GNPYY7_2021-03-10
2021-05-30 21:43:46 41      ALSN_BBG001KY3845_2021-03-10
2021-05-30 21:43:46 42      ALTR_BBG000PN9NB9_2021-03-10
2021-05-30 21:43:46 43      ALXN_BBG000G30YX4_2021-03-10
2021-05-30 21:43:46 45      AMAT_BBG000BBPFB9_2021-03-10
2021-05-30 21:43:46 52      AMCX_BBG000H01H92_2021-03-10
2021-05-30 21:43:46 53      AMD_BBG000BBQCY0_2021-03-10
2021-05-30 21:43:46 68      AME_BBG000B9XG87_2021-03-10
2021-05-30 21:43:46 69      AMED_BBG000B9ZV28_2021-03-10
2021-05-30 21:43:46 70      AMG_BBG000C060M4_2021-03-10
2021-05-30 21:43:46 71      AMGN_BBG000BBS2Y0_2021-03-10
2021-05-30 21:43:46 73      AMN_BBG000BCT197_2021-03-10
2021-05-30 21:43:46 74      AMP_BBG000G3QLY3_2021-03-10
2021-05-30 21:43:46 76      AMT_BBG000B9XYV2_2021-03-10
2021-05-30 21:43:46 78      AMWD_BBG000BBX657_2021-03-10
2021-05-30 21:43:46 78      AMZN_BBG000BVPV84_2021-03-10
2021-05-30 21:43:46 86      AN_BBG000BBXLW4_2021-03-10
2021-05-30 21:43:46 87      ANAB_BBG0026ZDHR0_2021-03-10
2021-05-30 21:43:46 88      ANDE_BBG000BF8CN3_2021-03-10
2021-05-30 21:43:46 89      ANET_BBG000N2HDY5_2021-03-10
2021-05-30 21:43:46 89      ANF_BBG000H9G7X2_2021-03-10
2021-05-30 21:43:46 91      ANGI_BBG00HVKH3Q0_2021-03-10
2021-05-30 21:43:46 92      ANIK_BBG000BBKZD8_2021-03-10
2021-05-30 21:43:46 92      ANIP_BBG000KK1L04_2021-03-10
2021-05-30 21:43:46 93      ANSS_BBG000GXZ4W7_2021-03-10
2021-05-30 21:43:46 95      ANTM_BBG000BCG930_2021-03-10
2021-05-30 21:43:46 96      AON_BBG00SSQFPK6_2021-03-10
2021-05-30 21:43:46 97      AOS_BBG000BC1L02_2021-03-10
2021-05-30 21:43:46 98      AOUT_BBG00QV8FS02_2021-03-10
2021-05-30 21:43:46 98      APA_BBG00YTS96G2_2021-03-10
2021-05-30 21:43:47 01      APD_BBG000BC4JJ4_2021-03-10
2021-05-30 21:43:47 02      APEI_BBG000RVD346_2021-03-10
2021-05-30 21:43:47 03      APEI: SPYKE!. Candle: ID:330, Time: 14:25, Close: 31
2021-05-30 21:43:47 03      APEI: SPYKE!. Candle: ID:331, Time: 14:25, Close: 31.5
2021-05-30 21:43:47 03      APEI: SPYKE!. Candle: ID:332, Time: 14:30, Close: 31.73
2021-05-30 21:43:47 03      APEI: SPYKE!. Candle: ID:337, Time: 14:30, Close: 31.67
2021-05-30 21:43:47 03      APLE_BBG006473QX9_2021-03-10
2021-05-30 21:43:47 04      APLT_BBG000DD0489_2021-03-10
2021-05-30 21:43:47 05      APPF_BBG008GC8CP6_2021-03-10
2021-05-30 21:43:47 06      APPN_BBG001C7PMJ2_2021-03-10
2021-05-30 21:43:47 07      APPS_BBG000HZ3562_2021-03-10
2021-05-30 21:43:47 11      APTV_BBG001QD41M9_2021-03-10
2021-05-30 21:43:47 12      ARCC_BBG000PD6X77_2021-03-10
2021-05-30 21:43:47 13      ARCT_BBG00NNW8JK1_2021-03-10
2021-05-30 21:43:47 15      ARE_BBG000BC33T9_2021-03-10
2021-05-30 21:43:47 16      ARMK_BBG001KY4N87_2021-03-10
2021-05-30 21:43:47 17      ARNA_BBG000BKXBV7_2021-03-10
2021-05-30 21:43:47 18      ARNC_BBG00R45JYB7_2021-03-10
2021-05-30 21:43:47 19      ARQT_BBG00QN8K4M4_2021-03-10
2021-05-30 21:43:47 20      ARVN_BBG00LW7YK82_2021-03-10
2021-05-30 21:43:47 20      ARW_BBG000BCD3D5_2021-03-10
2021-05-30 21:43:47 21      ARWR_BBG000BRVKH0_2021-03-10
2021-05-30 21:43:47 22      ASGN_BBG000CRN8N8_2021-03-10
2021-05-30 21:43:47 22      ASH_BBG00D0Y81M1_2021-03-10
2021-05-30 21:43:47 23      ASIX_BBG00CWTTQ41_2021-03-10
2021-05-30 21:43:47 24      ATEX_BBG0081NLHR0_2021-03-10
2021-05-30 21:43:47 24      ATGE_BBG000DQBZJ7_2021-03-10
2021-05-30 21:43:47 25      ATKR_BBG000QTFDQ4_2021-03-10
2021-05-30 21:43:47 25      ATR_BBG000BGX2S0_2021-03-10
2021-05-30 21:43:47 26      ATRA_BBG005Q3MQY4_2021-03-10
2021-05-30 21:43:47 27      ATRC_BBG000BL6CB5_2021-03-10
2021-05-30 21:43:47 28      ATRI_BBG000DTT624_2021-03-10
2021-05-30 21:43:47 29      ATRO_BBG000BCLBY5_2021-03-10
2021-05-30 21:43:47 30      ATUS_BBG00GFMPRK0_2021-03-10
2021-05-30 21:43:47 31      ATVI_BBG000CVWGS6_2021-03-10
2021-05-30 21:43:47 34      AVAV_BBG000GX14P2_2021-03-10
2021-05-30 21:43:47 35      AVB_BBG000BLPBL5_2021-03-10
2021-05-30 21:43:47 36      AVGO_BBG00KHY5S69_2021-03-10
2021-05-30 21:43:47 40      AVLR_BBG000R4Y9C1_2021-03-10
2021-05-30 21:43:47 42      AVNS_BBG005L86G05_2021-03-10
2021-05-30 21:43:47 42      AVNT_BBG000C8NJ10_2021-03-10
2021-05-30 21:43:47 43      AVTR_BBG00G2HHYD7_2021-03-10
2021-05-30 21:43:47 44      AVY_BBG000BCQ4P6_2021-03-10
2021-05-30 21:43:47 45      AWI_BBG000DW4LB1_2021-03-10
2021-05-30 21:43:47 46      AWK_BBG000TRJ294_2021-03-10
2021-05-30 21:43:47 47      AWR_BBG000F964B6_2021-03-10
2021-05-30 21:43:47 48      AX_BBG000QPHD08_2021-03-10
2021-05-30 21:43:47 49      AXGN_BBG000BN46R9_2021-03-10
2021-05-30 21:43:47 49      AXP_BBG000BCQZS4_2021-03-10
2021-05-30 21:43:47 52      AXSM_BBG00B6G7GL7_2021-03-10
2021-05-30 21:43:47 53      AYI_BBG000BJ5HK0_2021-03-10
2021-05-30 21:43:47 54      AYX_BBG000BGZT72_2021-03-10
2021-05-30 21:43:47 57      AZO_BBG000C7LMS8_2021-03-10
2021-05-30 21:43:47 58      AZPN_BBG000DFMXT3_2021-03-10
2021-05-30 21:43:47 59      BA_BBG000BCSST7_2021-03-10
2021-05-30 21:43:47 67      BABA_BBG006G2JVL2_2021-03-10
2021-05-30 21:43:47 74      BAC_BBG000BCTLF6_2021-03-10
2021-05-30 21:43:47 81      BAH_BBG000R2YFG7_2021-03-10
2021-05-30 21:43:47 81      BAND_BBG001K003W2_2021-03-10
2021-05-30 21:43:47 82      BAX_BBG000BCVJ77_2021-03-10
2021-05-30 21:43:47 84      BBBY_BBG000CSY9H9_2021-03-10
2021-05-30 21:43:47 87      BBIO_BBG00P9KDZK6_2021-03-10
2021-05-30 21:43:47 88      BBSI_BBG000BHJSC4_2021-03-10
2021-05-30 21:43:47 89      BBY_BBG000BCWCG1_2021-03-10
2021-05-30 21:43:47 91      BC_BBG000BCWSS3_2021-03-10
2021-05-30 21:43:47 92      BCO_BBG000DR5QP5_2021-03-10
2021-05-30 21:43:47 92      BCO: SPYKE!. Candle: ID:20, Time: 13:20, Close: 76.87
2021-05-30 21:43:47 92      BCPC_BBG000BCY878_2021-03-10
2021-05-30 21:43:47 93      BDC_BBG000Q4XNV1_2021-03-10
2021-05-30 21:43:47 94      BDTX_BBG00MS4Y0W9_2021-03-10
2021-05-30 21:43:47 94      BDX_BBG000BCZYD3_2021-03-10
2021-05-30 21:43:47 96      BECN_BBG000BKTXF2_2021-03-10
2021-05-30 21:43:47 97      BEN_BBG000BD0TF8_2021-03-10
2021-05-30 21:43:48 01      BERY_BBG000Q1R1Y9_2021-03-10
2021-05-30 21:43:48 01      BF.B_BBG000BD2NY8_2021-03-10
2021-05-30 21:43:48 02      BFAM_BBG003LFWP05_2021-03-10
2021-05-30 21:43:48 03      BGS_BBG000RKXRQ1_2021-03-10
2021-05-30 21:43:48 04      BH_BBG00JPRDQH1_2021-03-10
2021-05-30 21:43:48 04      BHF_BBG00DYPZ4T0_2021-03-10
2021-05-30 21:43:48 05      BIDU_BBG000QXWHD1_2021-03-10
2021-05-30 21:43:48 20      BIG_BBG000J0D904_2021-03-10
2021-05-30 21:43:48 21      BIIB_BBG000C17X76_2021-03-10
2021-05-30 21:43:48 24      BILI_BBG00K7T3037_2021-03-10
2021-05-30 21:43:48 33      BILL_BBG00QVJV6V4_2021-03-10
2021-05-30 21:43:48 34      BIO_BBG000DY28W5_2021-03-10
2021-05-30 21:43:48 35      BJRI_BBG000H9LNX1_2021-03-10
2021-05-30 21:43:48 35      BK_BBG000BD8PN9_2021-03-10
2021-05-30 21:43:48 37      BKI_BBG00GX77LW3_2021-03-10
2021-05-30 21:43:48 38      BKNG_BBG000BLBVN4_2021-03-10
2021-05-30 21:43:48 39      BKR_BBG00GBVBK51_2021-03-10
2021-05-30 21:43:48 43      BL_BBG0029KJVB0_2021-03-10
2021-05-30 21:43:48 46      BLD_BBG0077VS2C0_2021-03-10
2021-05-30 21:43:48 47      BLDR_BBG000BKD3K9_2021-03-10
2021-05-30 21:43:48 49      BLK_BBG000C2PW58_2021-03-10
2021-05-30 21:43:48 51      BLKB_BBG000BGGTW5_2021-03-10
2021-05-30 21:43:48 52      BLL_BBG000BDDNH5_2021-03-10
2021-05-30 21:43:48 53      BLUE_BBG000QGWY50_2021-03-10
2021-05-30 21:43:48 57      BLUE: SPYKE!. Candle: ID:1377, Time: 12:05, Close: 31.01
2021-05-30 21:43:48 60      BMI_BBG000BDGHD9_2021-03-10
2021-05-30 21:43:48 61      BMRN_BBG000CZWZ05_2021-03-10
2021-05-30 21:43:48 62      BMY_BBG000DQLV23_2021-03-10
2021-05-30 21:43:48 65      BOH_BBG000C8D8G9_2021-03-10
2021-05-30 21:43:48 66      BOKF_BBG000CFZ003_2021-03-10
2021-05-30 21:43:48 67      BOOT_BBG0077SYZV6_2021-03-10
2021-05-30 21:43:48 67      BOX_BBG000PMSK08_2021-03-10
2021-05-30 21:43:48 69      BPMC_BBG001MC8YF7_2021-03-10
2021-05-30 21:43:48 70      BR_BBG000PPFKQ7_2021-03-10
2021-05-30 21:43:48 71      BRC_BBG000BDNV95_2021-03-10
2021-05-30 21:43:48 71      BRK.B_BBG000DWG505_2021-03-10
2021-05-30 21:43:48 75      BRKR_BBG000CL1FG7_2021-03-10
2021-05-30 21:43:48 76      BRO_BBG000BWSGF4_2021-03-10
2021-05-30 21:43:48 76      BSX_BBG000C0LW92_2021-03-10
2021-05-30 21:43:48 78      BTAI_BBG00K20GVD2_2021-03-10
2021-05-30 21:43:48 79      BTI_BBG000BWPXQ8_2021-03-10
2021-05-30 21:43:48 81      BUD_BBG000RYC984_2021-03-10
2021-05-30 21:43:48 82      BURL_BBG004S641N5_2021-03-10
2021-05-30 21:43:48 83      BWA_BBG000BJ49H3_2021-03-10
2021-05-30 21:43:48 85      BWXT_BBG000D86F25_2021-03-10
2021-05-30 21:43:48 85      BX_BBG000BH0106_2021-03-10
2021-05-30 21:43:48 88      BXP_BBG000BS5CM9_2021-03-10
2021-05-30 21:43:48 89      BYND_BBG003CVJP50_2021-03-10
2021-05-30 21:43:48 92      BZUN_BBG008HNS333_2021-03-10
2021-05-30 21:43:48 93      C_BBG000FY4S11_2021-03-10
2021-05-30 21:43:48 99      CABO_BBG000F02T51_2021-03-10
2021-05-30 21:43:49 00      CACC_BBG000CS0D96_2021-03-10
2021-05-30 21:43:49 01      CAG_BBG000BDXGP9_2021-03-10
2021-05-30 21:43:49 03      CAH_BBG000D898T9_2021-03-10
2021-05-30 21:43:49 04      CALM_BBG000CDMJW6_2021-03-10
2021-05-30 21:43:49 04      CARA_BBG001J2QYS9_2021-03-10
2021-05-30 21:43:49 05      CARG_BBG00HQ77DS2_2021-03-10
2021-05-30 21:43:49 06      CARR_BBG00RP5HYS8_2021-03-10
2021-05-30 21:43:49 09      CARS_BBG000HGTH33_2021-03-10
2021-05-30 21:43:49 10      CASY_BBG000BF0672_2021-03-10
2021-05-30 21:43:49 11      CAT_BBG000BF0K17_2021-03-10
2021-05-30 21:43:49 13      CB_BBG000BR14K5_2021-03-10
2021-05-30 21:43:49 14      CBRE_BBG000C04224_2021-03-10
2021-05-30 21:43:49 16      CBRL_BBG000BF33K1_2021-03-10
2021-05-30 21:43:49 16      CBSH_BBG000BF3G77_2021-03-10
2021-05-30 21:43:49 18      CBU_BBG000BF4D19_2021-03-10
2021-05-30 21:43:49 18      CCI_BBG000FV1Z23_2021-03-10
2021-05-30 21:43:49 19      CCK_BBG000BF6756_2021-03-10
2021-05-30 21:43:49 20      CCL_BBG000BF6LY3_2021-03-10
2021-05-30 21:43:49 28      CCOI_BBG000D0SMY8_2021-03-10
2021-05-30 21:43:49 29      CCXI_BBG000PTSB12_2021-03-10
2021-05-30 21:43:49 30      CDK_BBG006B6PVN9_2021-03-10
2021-05-30 21:43:49 31      CDLX_BBG00225ZDD0_2021-03-10
2021-05-30 21:43:49 32      CDNA_BBG006JS5785_2021-03-10
2021-05-30 21:43:49 34      CDNS_BBG000C13CD9_2021-03-10
2021-05-30 21:43:49 37      CDW_BBG001P63B80_2021-03-10
2021-05-30 21:43:49 38      CE_BBG000JYP7L8_2021-03-10
2021-05-30 21:43:49 39      CEA_BBG000BCFNR4_2021-03-10
2021-05-30 21:43:49 39      CENT_BBG000BFD605_2021-03-10
2021-05-30 21:43:49 40      CENTA_BBG000KTYB56_2021-03-10
2021-05-30 21:43:49 41      CERN_BBG000BFDLV8_2021-03-10
2021-05-30 21:43:49 42      CEVA_BBG000BN3P07_2021-03-10
2021-05-30 21:43:49 42      CEVA: SPYKE!. Candle: ID:80, Time: 14:20, Close: 57
2021-05-30 21:43:49 43      CF_BBG000BWJFZ4_2021-03-10
2021-05-30 21:43:49 45      CFG_BBG006Q0HY77_2021-03-10
2021-05-30 21:43:49 49      CFR_BBG000C2PL98_2021-03-10
2021-05-30 21:43:49 50      CFX_BBG000C5Z443_2021-03-10
2021-05-30 21:43:49 51      CGEN_BBG000B9ZLB0_2021-03-10
2021-05-30 21:43:49 53      CGNX_BBG000BPBVW5_2021-03-10
2021-05-30 21:43:49 55      CHD_BBG000BFJT36_2021-03-10
2021-05-30 21:43:49 56      CHDN_BBG000BGXMG9_2021-03-10
2021-05-30 21:43:49 56      CHE_BBG000C19QW1_2021-03-10
2021-05-30 21:43:49 57      CHEF_BBG001MFW6D6_2021-03-10
2021-05-30 21:43:49 58      CHGG_BBG0014XR0N5_2021-03-10
2021-05-30 21:43:49 59      CHH_BBG000BPBTL2_2021-03-10
2021-05-30 21:43:49 59      CHKP_BBG000K82ZT8_2021-03-10
2021-05-30 21:43:49 61      CHNG_BBG0059KNH10_2021-03-10
2021-05-30 21:43:49 62      CHRW_BBG000BTCH57_2021-03-10
2021-05-30 21:43:49 63      CHTR_BBG000VPGNR2_2021-03-10
2021-05-30 21:43:49 65      CHWY_BBG00P19DKZ6_2021-03-10
2021-05-30 21:43:49 67      CHX_BBG00JH9TZ56_2021-03-10
2021-05-30 21:43:49 68      CI_BBG00KXRCDP0_2021-03-10
2021-05-30 21:43:49 70      CIEN_BBG000BP1152_2021-03-10
2021-05-30 21:43:49 70      CINF_BBG000BFPK65_2021-03-10
2021-05-30 21:43:49 72      CL_BBG000BFQYY3_2021-03-10
2021-05-30 21:43:49 75      CLDR_BBG000DRJFC8_2021-03-10
2021-05-30 21:43:49 77      CLDR: SPYKE!. Candle: ID:5918, Time: 21:05, Close: 14.05
2021-05-30 21:43:49 77      CLDR: SPYKE!. Candle: ID:5925, Time: 21:05, Close: 13.5
2021-05-30 21:43:49 77      CLDR: SPYKE!. Candle: ID:5932, Time: 21:05, Close: 12.75
2021-05-30 21:43:49 78      CLDT_BBG000PT6BR8_2021-03-10
2021-05-30 21:43:49 78      CLF_BBG000BFRF55_2021-03-10
2021-05-30 21:43:49 81      CLGX_BBG000C2H3F0_2021-03-10
2021-05-30 21:43:49 82      CLH_BBG000BFRRX8_2021-03-10
2021-05-30 21:43:49 82      CLR_BBG000BHBGN6_2021-03-10
2021-05-30 21:43:49 84      CLX_BBG000BFS7D3_2021-03-10
2021-05-30 21:43:49 85      CMA_BBG000C75N77_2021-03-10
2021-05-30 21:43:49 87      CMC_BBG000BFSND8_2021-03-10
2021-05-30 21:43:49 88      CMCO_BBG000BCWWV0_2021-03-10
2021-05-30 21:43:49 88      CMCSA_BBG000BFT2L4_2021-03-10
2021-05-30 21:43:49 94      CME_BBG000BHLYP4_2021-03-10
2021-05-30 21:43:49 97      CMG_BBG000QX74T1_2021-03-10
2021-05-30 21:43:49 98      CMI_BBG000BGPTV6_2021-03-10
2021-05-30 21:43:49 99      CMP_BBG000C42WS4_2021-03-10
2021-05-30 21:43:49 99      CMS_BBG000BFVXX0_2021-03-10
2021-05-30 21:43:50 02      CNC_BBG000BDXCJ5_2021-03-10
2021-05-30 21:43:50 03      CNK_BBG000QDVR53_2021-03-10
2021-05-30 21:43:50 07      CNP_BBG000FDBX90_2021-03-10
2021-05-30 21:43:50 09      CNS_BBG000BB0WG4_2021-03-10
2021-05-30 21:43:50 10      CNST_BBG000R1H6P8_2021-03-10
2021-05-30 21:43:50 11      CNXC_BBG00RCNQMX3_2021-03-10
2021-05-30 21:43:50 12      CNXN_BBG000BX74M4_2021-03-10
2021-05-30 21:43:50 13      COF_BBG000BGKTF9_2021-03-10
2021-05-30 21:43:50 14      COG_BBG000C3GN47_2021-03-10
2021-05-30 21:43:50 16      COHR_BBG000BG1DH3_2021-03-10
2021-05-30 21:43:50 17      COKE_BBG000BG1SX2_2021-03-10
2021-05-30 21:43:50 17      COLM_BBG000BKKQ84_2021-03-10
2021-05-30 21:43:50 18      CONE_BBG0038V5TX1_2021-03-10
2021-05-30 21:43:50 19      COO_BBG000BG3445_2021-03-10
2021-05-30 21:43:50 20      COP_BBG000BQQH30_2021-03-10
2021-05-30 21:43:50 25      CORR_BBG000CN80Y9_2021-03-10
2021-05-30 21:43:50 27      CORT_BBG000BKJG33_2021-03-10
2021-05-30 21:43:50 28      COST_BBG000F6H8W8_2021-03-10
2021-05-30 21:43:50 33      COTY_BBG000F395V1_2021-03-10
2021-05-30 21:43:50 34      COTY: BuyPending. Strategy: MorningOpenStrategy. Price: 8.28. Lots: 30. ChangeOpenToCurrent: -2.59. ChangePrevCloseToCurrent: -3.04. Candle: ID:9, Time: 4:00, Close: 8.28.
2021-05-30 21:43:50 34      COTY: OrderID: 7290897a. PlacedOrder. Status: New. RejectReason: 
2021-05-30 21:43:50 34      COTY: OrderID: 7290897a fully executed
2021-05-30 21:43:50 35      COTY: Morning closing. Close price: 8.39. Lots: 30. CandleChange: -0.12%. ChangeFromCandleHigh: -0.47%. Profit: 0.11(1.33%). Candle: ID:69, Time: 4:05, Close: 8.39
2021-05-30 21:43:50 35      COTY: OrderID: a23f57b4. PlacedOrder. Status: New. RejectReason: 
2021-05-30 21:43:50 35      COTY: OrderID: a23f57b4 partially executed. Executed lots: 1. OrderStatus: 1/30 lots
2021-05-30 21:43:50 35      COTY: OrderID: a23f57b4 partially executed. Executed lots: 5. OrderStatus: 6/30 lots
2021-05-30 21:43:50 35      COTY: OrderID: a23f57b4 partially executed. Executed lots: 1. OrderStatus: 7/30 lots
2021-05-30 21:43:50 35      COTY: OrderID: a23f57b4 partially executed. Executed lots: 3. OrderStatus: 10/30 lots
2021-05-30 21:43:50 35      COTY: OrderID: a23f57b4 partially executed. Executed lots: 4. OrderStatus: 14/30 lots
2021-05-30 21:43:50 35      COTY: OrderID: a23f57b4 partially executed. Executed lots: 6. OrderStatus: 20/30 lots
2021-05-30 21:43:50 35      COTY: OrderID: a23f57b4 fully executed
2021-05-30 21:43:50 38      COUP_BBG001J4BCN4_2021-03-10
2021-05-30 21:43:50 40      CPB_BBG000BG4202_2021-03-10
2021-05-30 21:43:50 42      CPRI_BBG0029SNR63_2021-03-10
2021-05-30 21:43:50 44      CPRT_BBG000BM9RH1_2021-03-10
2021-05-30 21:43:50 46      CPS_BBG000PSXT64_2021-03-10
2021-05-30 21:43:50 46      CR_BBG000BG7423_2021-03-10
2021-05-30 21:43:50 47      CREE_BBG000BG14P4_2021-03-10
2021-05-30 21:43:50 50      CRI_BBG000CTM4J9_2021-03-10
2021-05-30 21:43:50 51      CRL_BBG000BG5BL8_2021-03-10
2021-05-30 21:43:50 52      CRM_BBG000BN2DC2_2021-03-10
2021-05-30 21:43:50 57      CRMT_BBG000CM6L31_2021-03-10
2021-05-30 21:43:50 58      CROX_BBG000BLY663_2021-03-10
2021-05-30 21:43:50 60      CRS_BBG000BGCQT9_2021-03-10
2021-05-30 21:43:50 61      CRTX_BBG00BTK1DT8_2021-03-10
2021-05-30 21:43:50 61      CRTX: SPYKE!. Candle: ID:221, Time: 14:30, Close: 40.44
2021-05-30 21:43:50 62      CRUS_BBG000C1DHF5_2021-03-10
2021-05-30 21:43:50 63      CRVL_BBG000CVKZY0_2021-03-10
2021-05-30 21:43:50 64      CRWD_BBG00BLYKS03_2021-03-10
2021-05-30 21:43:50 67      CSCO_BBG000C3J3C9_2021-03-10
2021-05-30 21:43:50 73      CSGP_BBG000D7JKW9_2021-03-10
2021-05-30 21:43:50 75      CSGS_BBG000G3TQV2_2021-03-10
2021-05-30 21:43:50 75      CSII_BBG000NWQ9S5_2021-03-10
2021-05-30 21:43:50 76      CSL_BBG000BGGBT8_2021-03-10
2021-05-30 21:43:50 76      CSOD_BBG0016X4XN6_2021-03-10
2021-05-30 21:43:50 77      CSWI_BBG007NLG4L3_2021-03-10
2021-05-30 21:43:50 78      CSX_BBG000BGJRC8_2021-03-10
2021-05-30 21:43:50 81      CTAS_BBG000H3YXF8_2021-03-10
2021-05-30 21:43:50 83      CTB_BBG000BGKXV2_2021-03-10
2021-05-30 21:43:50 83      CTLT_BBG005XR47P5_2021-03-10
2021-05-30 21:43:50 85      CTSH_BBG000BBDV81_2021-03-10
2021-05-30 21:43:50 87      CTVA_BBG00BN969C1_2021-03-10
2021-05-30 21:43:50 88      CTXS_BBG000FQ6PY6_2021-03-10
2021-05-30 21:43:50 90      CVCO_BBG000K4WS65_2021-03-10
2021-05-30 21:43:50 91      CVET_BBG00KR691K8_2021-03-10
2021-05-30 21:43:50 92      CVGW_BBG000BGPQW1_2021-03-10
2021-05-30 21:43:50 93      CVLT_BBG000BG88X9_2021-03-10
2021-05-30 21:43:50 94      CVNA_BBG00GCTWDJ3_2021-03-10
2021-05-30 21:43:50 95      CVS_BBG000BGRY34_2021-03-10
2021-05-30 21:43:50 99      CVX_BBG000K4ND22_2021-03-10
2021-05-30 21:43:51 07      CW_BBG000BGSPS5_2021-03-10
2021-05-30 21:43:51 09      CWST_BBG000BT0J38_2021-03-10
2021-05-30 21:43:51 09      CWT_BBG000D8KTN6_2021-03-10
2021-05-30 21:43:51 10      D_BBG000BGVW60_2021-03-10
2021-05-30 21:43:51 14      DAL_BBG000R7Z112_2021-03-10
2021-05-30 21:43:51 17      DAR_BBG000BN8ZK8_2021-03-10
2021-05-30 21:43:51 19      DBX_BBG0018SLDN0_2021-03-10
2021-05-30 21:43:51 24      DCI_BBG000BGZP70_2021-03-10
2021-05-30 21:43:51 24      DCPH_BBG00HMJ9H54_2021-03-10
2021-05-30 21:43:51 26      DD_BBG00BN961G4_2021-03-10
2021-05-30 21:43:51 28      DDOG_BBG003NJHZT9_2021-03-10
2021-05-30 21:43:51 31      DDS_BBG000BS4MP5_2021-03-10
2021-05-30 21:43:51 32      DE_BBG000BH1NH9_2021-03-10
2021-05-30 21:43:51 34      DECK_BBG000BKXYX5_2021-03-10
2021-05-30 21:43:51 35      DELL_BBG00DW3SZS1_2021-03-10
2021-05-30 21:43:51 38      DFS_BBG000QBR5J5_2021-03-10
2021-05-30 21:43:51 39      DG_BBG000NV1KK7_2021-03-10
2021-05-30 21:43:51 41      DGX_BBG000BN84F3_2021-03-10
2021-05-30 21:43:51 42      DHI_BBG000DQTXY6_2021-03-10
2021-05-30 21:43:51 44      DHR_BBG000BH3JF8_2021-03-10
2021-05-30 21:43:51 46      DIOD_BBG000G25P51_2021-03-10
2021-05-30 21:43:51 47      DIS_BBG000BH4R78_2021-03-10
2021-05-30 21:43:51 57      DISCA_BBG000CHWP52_2021-03-10
2021-05-30 21:43:51 63      DISCB_BBG000F7L5N7_2021-03-10
2021-05-30 21:43:51 63      DISCB: SPYKE!. Candle: ID:95, Time: 17:30, Close: 65.75
2021-05-30 21:43:51 63      DISCB: SPYKE!. Candle: ID:130, Time: 20:25, Close: 69.7
2021-05-30 21:43:51 63      DISCB: SPYKE!. Candle: ID:131, Time: 20:25, Close: 71
2021-05-30 21:43:51 63      DISCB: SPYKE!. Candle: ID:153, Time: 21:00, Close: 67.21
2021-05-30 21:43:51 63      DISCB: SPYKE!. Candle: ID:154, Time: 21:00, Close: 67.21
2021-05-30 21:43:51 64      DISCK_BBG000VMWHH5_2021-03-10
2021-05-30 21:43:51 71      DK_BBG00FZYFVC5_2021-03-10
2021-05-30 21:43:51 72      DKNG_BBG00TCBG714_2021-03-10
2021-05-30 21:43:51 86      DKS_BBG000F6ZWH2_2021-03-10
2021-05-30 21:43:51 88      DLB_BBG000DGLTG5_2021-03-10
2021-05-30 21:43:51 89      DLR_BBG000Q5ZRM7_2021-03-10
2021-05-30 21:43:51 91      DLTH_BBG002GBMZG4_2021-03-10
2021-05-30 21:43:51 91      DLTR_BBG000BSC0K9_2021-03-10
2021-05-30 21:43:51 93      DLX_BBG000BH6360_2021-03-10
2021-05-30 21:43:51 93      DNLI_BBG008P7F869_2021-03-10
2021-05-30 21:43:51 96      DNOW_BBG005BLN209_2021-03-10
2021-05-30 21:43:51 97      DOCU_BBG000N7KJX8_2021-03-10
2021-05-30 21:43:52 00      DORM_BBG000BM22F5_2021-03-10
2021-05-30 21:43:52 02      DOV_BBG000BHB3M6_2021-03-10
2021-05-30 21:43:52 03      DOW_BBG00BN96922_2021-03-10
2021-05-30 21:43:52 06      DPZ_BBG000P458P3_2021-03-10
2021-05-30 21:43:52 08      DRE_BBG000BHD8S7_2021-03-10
2021-05-30 21:43:52 09      DRI_BBG000BBNYF6_2021-03-10
2021-05-30 21:43:52 11      DRNA_BBG001J1DB23_2021-03-10
2021-05-30 21:43:52 12      DRQ_BBG000BVDBY2_2021-03-10
2021-05-30 21:43:52 13      DT_BBG00PNN7C40_2021-03-10
2021-05-30 21:43:52 15      DVA_BBG000MQ1SN9_2021-03-10
2021-05-30 21:43:52 16      DVN_BBG000BBVJZ8_2021-03-10
2021-05-30 21:43:52 21      DXC_BBG00FN64XT9_2021-03-10
2021-05-30 21:43:52 22      DXCM_BBG000QTF8K1_2021-03-10
2021-05-30 21:43:52 24      DY_BBG000C4SKT1_2021-03-10
2021-05-30 21:43:52 25      EA_BBG000BP0KQ8_2021-03-10
2021-05-30 21:43:52 27      EAT_BBG000BK28N7_2021-03-10
2021-05-30 21:43:52 28      EBAY_BBG000C43RR5_2021-03-10
2021-05-30 21:43:52 33      EBS_BBG000GW06J7_2021-03-10
2021-05-30 21:43:52 35      ECHO_BBG000RFP8W6_2021-03-10
2021-05-30 21:43:52 36      ECL_BBG000BHKYH4_2021-03-10
2021-05-30 21:43:52 36      ECPG_BBG000F369C7_2021-03-10
2021-05-30 21:43:52 37      ED_BBG000BHLYS1_2021-03-10
2021-05-30 21:43:52 40      EDIT_BBG005MX5GZ2_2021-03-10
2021-05-30 21:43:52 43      EEFT_BBG000BMNBY1_2021-03-10
2021-05-30 21:43:52 44      EFX_BBG000BHPL78_2021-03-10
2021-05-30 21:43:52 45      EGHT_BBG000BCGHH7_2021-03-10
2021-05-30 21:43:52 46      EGRX_BBG005Y3XWH9_2021-03-10
2021-05-30 21:43:52 47      EHTH_BBG000P5JQX6_2021-03-10
2021-05-30 21:43:52 49      EIX_BBG000D7RKJ5_2021-03-10
2021-05-30 21:43:52 51      EL_BBG000FKJRC5_2021-03-10
2021-05-30 21:43:52 53      ELAN_BBG00LJYS1P8_2021-03-10
2021-05-30 21:43:52 55      ELS_BBG000BB7SX7_2021-03-10
2021-05-30 21:43:52 56      EME_BBG000BBRPL4_2021-03-10
2021-05-30 21:43:52 57      EMN_BBG000BLW530_2021-03-10
2021-05-30 21:43:52 59      EMR_BBG000BHX7N2_2021-03-10
2021-05-30 21:43:52 61      ENDP_BBG000C0HQ54_2021-03-10
2021-05-30 21:43:52 63      ENPH_BBG001R3MNY9_2021-03-10
2021-05-30 21:43:52 67      ENR_BBG006FCB019_2021-03-10
2021-05-30 21:43:52 68      ENS_BBG000PWTD92_2021-03-10
2021-05-30 21:43:52 69      ENTA_BBG001V9NSB4_2021-03-10
2021-05-30 21:43:52 69      ENTG_BBG000CTV4N4_2021-03-10
2021-05-30 21:43:52 70      ENTG: SPYKE!. Candle: ID:19, Time: 14:25, Close: 103.75
2021-05-30 21:43:52 71      ENV_BBG000Q4NZ54_2021-03-10
2021-05-30 21:43:52 72      EOG_BBG000BZ9223_2021-03-10
2021-05-30 21:43:52 76      EPAM_BBG000MHTV89_2021-03-10
2021-05-30 21:43:52 77      EPAY_BBG000BRNH31_2021-03-10
2021-05-30 21:43:52 77      EPC_BBG000BRW644_2021-03-10
2021-05-30 21:43:52 78      EQIX_BBG000MBDGM6_2021-03-10
2021-05-30 21:43:52 80      EQT_BBG000BHZ5J9_2021-03-10
2021-05-30 21:43:52 83      ERIE_BBG000BBTJZ1_2021-03-10
2021-05-30 21:43:52 83      ES_BBG000BQ87N0_2021-03-10
2021-05-30 21:43:52 85      ESPR_BBG004KB3S72_2021-03-10
2021-05-30 21:43:52 86      ESS_BBG000CGJMB9_2021-03-10
2021-05-30 21:43:52 86      ET_BBG000BM2FL9_2021-03-10
2021-05-30 21:43:52 90      ETN_BBG000BJ3PD2_2021-03-10
2021-05-30 21:43:52 91      ETR_BBG000C1FQS9_2021-03-10
2021-05-30 21:43:52 93      ETRN_BBG00K53L394_2021-03-10
2021-05-30 21:43:52 94      ETSY_BBG000N7MXL8_2021-03-10
2021-05-30 21:43:52 98      EVBG_BBG0022FMPD5_2021-03-10
2021-05-30 21:43:52 98      EVER_BBG00F17NDH7_2021-03-10
2021-05-30 21:43:52 99      EVH_BBG005CHLM96_2021-03-10
2021-05-30 21:43:53 00      EVR_BBG000BP30Y0_2021-03-10
2021-05-30 21:43:53 01      EVRG_BBG00H433CR2_2021-03-10
2021-05-30 21:43:53 02      EW_BBG000BRXP69_2021-03-10
2021-05-30 21:43:53 03      EWBC_BBG000CR20B1_2021-03-10
2021-05-30 21:43:53 05      EXAS_BBG000CWL0F5_2021-03-10
2021-05-30 21:43:53 07      EXC_BBG000J6XT05_2021-03-10
2021-05-30 21:43:53 10      EXEL_BBG000BQ4WF8_2021-03-10
2021-05-30 21:43:53 11      EXLS_BBG000NS3P30_2021-03-10
2021-05-30 21:43:53 12      EXP_BBG000BJW241_2021-03-10
2021-05-30 21:43:53 13      EXPD_BBG000BJ5GK2_2021-03-10
2021-05-30 21:43:53 14      EXPE_BBG000QY3XZ2_2021-03-10
2021-05-30 21:43:53 16      EXR_BBG000PV27K3_2021-03-10
2021-05-30 21:43:53 17      EYE_BBG00HVQF9K2_2021-03-10
2021-05-30 21:43:53 19      F_BBG000BQPC32_2021-03-10
2021-05-30 21:43:53 23      FANG_BBG002PHSYX9_2021-03-10
2021-05-30 21:43:53 26      FARO_BBG000BJD7C2_2021-03-10
2021-05-30 21:43:53 27      FAST_BBG000BJ8YN7_2021-03-10
2021-05-30 21:43:53 29      FATE_BBG000QP35H2_2021-03-10
2021-05-30 21:43:53 30      FB_BBG000MM2P62_2021-03-10
2021-05-30 21:43:53 44      FBHS_BBG001B4BV87_2021-03-10
2021-05-30 21:43:53 45      FCFS_BBG000DNF659_2021-03-10
2021-05-30 21:43:53 46      FCN_BBG000K88H58_2021-03-10
2021-05-30 21:43:53 46      FCX_BBG000BJDB15_2021-03-10
2021-05-30 21:43:53 54      FDS_BBG000BDJL83_2021-03-10
2021-05-30 21:43:53 55      FDX_BBG000BJF1Z8_2021-03-10
2021-05-30 21:43:53 57      FELE_BBG000BJGGV8_2021-03-10
2021-05-30 21:43:53 58      FFIV_BBG000CXYSZ6_2021-03-10
2021-05-30 21:43:53 59      FGEN_BBG000FW5ZL6_2021-03-10
2021-05-30 21:43:53 61      FICO_BBG000DW76Y6_2021-03-10
2021-05-30 21:43:53 62      FIS_BBG000BK2F42_2021-03-10
2021-05-30 21:43:53 64      FISV_BBG000BJKPG0_2021-03-10
2021-05-30 21:43:53 68      FITB_BBG000BJL3N0_2021-03-10
2021-05-30 21:43:53 72      FIVN_BBG001KHJM17_2021-03-10
2021-05-30 21:43:53 73      FIZZ_BBG000BF8CB6_2021-03-10
2021-05-30 21:43:53 74      FL_BBG000BX8DC4_2021-03-10
2021-05-30 21:43:53 76      FLIR_BBG000BHK836_2021-03-10
2021-05-30 21:43:53 78      FLOW_BBG007FL7ZD2_2021-03-10
2021-05-30 21:43:53 78      FLR_BBG000BB1TH9_2021-03-10
2021-05-30 21:43:53 79      FLS_BBG000FFH4P5_2021-03-10
2021-05-30 21:43:53 81      FLT_BBG000GPXKX9_2021-03-10
2021-05-30 21:43:53 82      FLWS_BBG000BBR9P6_2021-03-10
2021-05-30 21:43:53 83      FMC_BBG000BJP882_2021-03-10
2021-05-30 21:43:53 85      FND_BBG007GJ2F81_2021-03-10
2021-05-30 21:43:53 86      FNKO_BBG00HXSHDQ9_2021-03-10
2021-05-30 21:43:53 88      FOCS_BBG00L0YTFN8_2021-03-10
2021-05-30 21:43:53 89      FOE_BBG000BJQK11_2021-03-10
2021-05-30 21:43:53 89      FOLD_BBG000PLF6N0_2021-03-10
2021-05-30 21:43:53 93      FORM_BBG000D1Y3P1_2021-03-10
2021-05-30 21:43:53 95      FORR_BBG000HGNYG8_2021-03-10
2021-05-30 21:43:53 96      FOX_BBG00JHNKJY8_2021-03-10
2021-05-30 21:43:53 97      FOXA_BBG00JHNJW99_2021-03-10
2021-05-30 21:43:53 99      FOXF_BBG004T7VS53_2021-03-10
2021-05-30 21:43:54 00      FRHC_BBG000N625H8_2021-03-10
2021-05-30 21:43:54 01      FRPH_BBG000HCVWW4_2021-03-10
2021-05-30 21:43:54 03      FRPT_BBG001D0HB36_2021-03-10
2021-05-30 21:43:54 04      FSLR_BBG000BFL116_2021-03-10
2021-05-30 21:43:54 08      FSLY_BBG004NLQHL0_2021-03-10
2021-05-30 21:43:54 11      FTCH_BBG00LSD4456_2021-03-10
2021-05-30 21:43:54 14      FTI_BBG00DL8NMV2_2021-03-10
2021-05-30 21:43:54 17      FTNT_BBG000BCMBG4_2021-03-10
2021-05-30 21:43:54 19      FTV_BBG00BLVZ228_2021-03-10
2021-05-30 21:43:54 20      FUL_BBG000BJZ7V7_2021-03-10
2021-05-30 21:43:54 20      GATX_BBG000BKGXQ4_2021-03-10
2021-05-30 21:43:54 21      GBCI_BBG000C3KB84_2021-03-10
2021-05-30 21:43:54 23      GBT_BBG00341H6M0_2021-03-10
2021-05-30 21:43:54 24      GBX_BBG000CF5097_2021-03-10
2021-05-30 21:43:54 25      GCO_BBG000BK5S78_2021-03-10
2021-05-30 21:43:54 26      GCP_BBG0082W8Q12_2021-03-10
2021-05-30 21:43:54 26      GD_BBG000BK67C7_2021-03-10
2021-05-30 21:43:54 27      GDDY_BBG006MDLY05_2021-03-10
2021-05-30 21:43:54 28      GDOT_BBG000QDJT53_2021-03-10
2021-05-30 21:43:54 29      GE_BBG000BK6MB5_2021-03-10
2021-05-30 21:43:54 36      GEF_BBG000BLFNC0_2021-03-10
2021-05-30 21:43:54 37      GGG_BBG000BK9W84_2021-03-10
2021-05-30 21:43:54 38      GH_BBG006D97VY9_2021-03-10
2021-05-30 21:43:54 39      GH: SPYKE!. Candle: ID:26, Time: 13:20, Close: 126.56
2021-05-30 21:43:54 39      GHC_BBG000C3FGH9_2021-03-10
2021-05-30 21:43:54 40      GILD_BBG000CKGBP2_2021-03-10
2021-05-30 21:43:54 45      GIS_BBG000BKCFC2_2021-03-10
2021-05-30 21:43:54 50      GKOS_BBG000WG2LQ1_2021-03-10
2021-05-30 21:43:54 50      GL_BBG000BVD6X4_2021-03-10
2021-05-30 21:43:54 51      GLW_BBG000BKFZM4_2021-03-10
2021-05-30 21:43:54 55      GM_BBG000NDYB67_2021-03-10
2021-05-30 21:43:54 62      GMED_BBG002V87SD0_2021-03-10
2021-05-30 21:43:54 63      GMS_BBG009Q036D0_2021-03-10
2021-05-30 21:43:54 63      GNL_BBG004HXD0G8_2021-03-10
2021-05-30 21:43:54 64      GNRC_BBG000PQ4W72_2021-03-10
2021-05-30 21:43:54 65      GO_BBG00P4R3079_2021-03-10
2021-05-30 21:43:54 66      GOOG_BBG009S3NB30_2021-03-10
2021-05-30 21:43:54 70      GOOGL_BBG009S39JX6_2021-03-10
2021-05-30 21:43:54 77      GOSS_BBG00MVWLLM2_2021-03-10
2021-05-30 21:43:54 79      GPC_BBG000BKL348_2021-03-10
2021-05-30 21:43:54 81      GPI_BBG000BB88K4_2021-03-10
2021-05-30 21:43:54 82      GPN_BBG000CX0P89_2021-03-10
2021-05-30 21:43:54 83      GPS_BBG000BKLH74_2021-03-10
2021-05-30 21:43:54 88      GRA_BBG000BB8PG1_2021-03-10
2021-05-30 21:43:54 89      GRMN_BBG000C4LN67_2021-03-10
2021-05-30 21:43:54 91      GRUB_BBG001KWG293_2021-03-10
2021-05-30 21:43:54 93      GS_BBG000C6CFJ5_2021-03-10
2021-05-30 21:43:54 97      GSH_BBG000GLG0G0_2021-03-10
2021-05-30 21:43:54 97      GSKY_BBG00KT2SCV8_2021-03-10
2021-05-30 21:43:54 99      GSKY: SPYKE!. Candle: ID:1102, Time: 14:15, Close: 6.01
2021-05-30 21:43:54 99      GSKY: SPYKE!. Candle: ID:1322, Time: 14:20, Close: 6.6
2021-05-30 21:43:55 00      GT_BBG000BKNX95_2021-03-10
2021-05-30 21:43:55 02      GTHX_BBG005F1DK91_2021-03-10
2021-05-30 21:43:55 05      GTLS_BBG000P1K2X6_2021-03-10
2021-05-30 21:43:55 05      GTN_BBG000DSQLQ0_2021-03-10
2021-05-30 21:43:55 06      GVA_BBG000DVB833_2021-03-10
2021-05-30 21:43:55 07      GWRE_BBG001C7PM75_2021-03-10
2021-05-30 21:43:55 08      GWW_BBG000BKR1D6_2021-03-10
2021-05-30 21:43:55 09      H_BBG000CVRFS4_2021-03-10
2021-05-30 21:43:55 11      HA_BBG000BC4185_2021-03-10
2021-05-30 21:43:55 12      HAE_BBG000C7TF41_2021-03-10
2021-05-30 21:43:55 13      HAIN_BBG000BQW085_2021-03-10
2021-05-30 21:43:55 14      HAL_BBG000BKTFN2_2021-03-10
2021-05-30 21:43:55 18      HALO_BBG000CZ8W54_2021-03-10
2021-05-30 21:43:55 20      HAS_BBG000BKVJK4_2021-03-10
2021-05-30 21:43:55 21      HBAN_BBG000BKWSR6_2021-03-10
2021-05-30 21:43:55 23      HBI_BBG000D2ZTS8_2021-03-10
2021-05-30 21:43:55 25      HCA_BBG000QW7VC1_2021-03-10
2021-05-30 21:43:55 25      HCCI_BBG000CCFB17_2021-03-10
2021-05-30 21:43:55 26      HCSG_BBG000BKYVF0_2021-03-10
2021-05-30 21:43:55 27      HD_BBG000BKZB36_2021-03-10
2021-05-30 21:43:55 30      HEAR_BBG000BM6N47_2021-03-10
2021-05-30 21:43:55 31      HEI_BBG000BL16Q7_2021-03-10
2021-05-30 21:43:55 31      HES_BBG000BBD070_2021-03-10
2021-05-30 21:43:55 33      HFC_BBG000BL9JQ1_2021-03-10
2021-05-30 21:43:55 34      HGV_BBG00CBYY6M1_2021-03-10
2021-05-30 21:43:55 35      HHC_BBG000MJRJJ2_2021-03-10
2021-05-30 21:43:55 35      HHR_BBG00KHGQ0H4_2021-03-10
2021-05-30 21:43:55 36      HIBB_BBG000H001V3_2021-03-10
2021-05-30 21:43:55 37      HIG_BBG000G0Z878_2021-03-10
2021-05-30 21:43:55 38      HII_BBG001KJ2HM9_2021-03-10
2021-05-30 21:43:55 39      HLT_BBG0058KMH30_2021-03-10
2021-05-30 21:43:55 41      HNP_BBG000BX5YM0_2021-03-10
2021-05-30 21:43:55 41      HOG_BBG000BKZTP3_2021-03-10
2021-05-30 21:43:55 43      HOLX_BBG000C3NTN5_2021-03-10
2021-05-30 21:43:55 46      HON_BBG000H556T9_2021-03-10
2021-05-30 21:43:55 49      HP_BBG000BLCPY4_2021-03-10
2021-05-30 21:43:55 50      HPE_BBG0078W3NQ3_2021-03-10
2021-05-30 21:43:55 51      HPQ_BBG000KHWT55_2021-03-10
2021-05-30 21:43:55 54      HQY_BBG000TYXCT9_2021-03-10
2021-05-30 21:43:55 55      HRB_BBG000BLDV98_2021-03-10
2021-05-30 21:43:55 56      HRC_BBG000BKWCS0_2021-03-10
2021-05-30 21:43:55 57      HRL_BBG000BLF8D2_2021-03-10
2021-05-30 21:43:55 58      HRTX_BBG000G2GJT7_2021-03-10
2021-05-30 21:43:55 59      HSC_BBG000BLH3P8_2021-03-10
2021-05-30 21:43:55 60      HSIC_BBG000BNMMJ3_2021-03-10
2021-05-30 21:43:55 62      HSKA_BBG000BWFH48_2021-03-10
2021-05-30 21:43:55 63      HST_BBG000BL8804_2021-03-10
2021-05-30 21:43:55 64      HSY_BBG000BLHRS2_2021-03-10
2021-05-30 21:43:55 66      HTA_BBG000PRJCX9_2021-03-10
2021-05-30 21:43:55 66      HTHT_BBG000QFPM65_2021-03-10
2021-05-30 21:43:55 68      HUBB_BBG000BLK267_2021-03-10
2021-05-30 21:43:55 69      HUBG_BBG000G9W6L0_2021-03-10
2021-05-30 21:43:55 71      HUBS_BBG000N7MZ06_2021-03-10
2021-05-30 21:43:55 72      HUM_BBG000BLKK03_2021-03-10
2021-05-30 21:43:55 74      HURN_BBG000PV2M48_2021-03-10
2021-05-30 21:43:55 74      HWM_BBG00DYNJGH9_2021-03-10
2021-05-30 21:43:55 76      HXL_BBG000BLMDQ9_2021-03-10
2021-05-30 21:43:55 77      IAC_BBG000BKQG80_2021-03-10
2021-05-30 21:43:55 78      IART_BBG000BZJQL8_2021-03-10
2021-05-30 21:43:55 79      IBKR_BBG000LV0836_2021-03-10
2021-05-30 21:43:55 80      IBM_BBG000BLNNH6_2021-03-10
2021-05-30 21:43:55 85      IBN_BBG000DRM643_2021-03-10
2021-05-30 21:43:55 86      IBP_BBG005TJKDZ6_2021-03-10
2021-05-30 21:43:55 87      ICE_BBG000C1FB75_2021-03-10
2021-05-30 21:43:55 89      ICPT_BBG001J1QN87_2021-03-10
2021-05-30 21:43:55 90      ICPT: SPYKE!. Candle: ID:448, Time: 13:00, Close: 22.04
2021-05-30 21:43:55 91      ICUI_BBG000CQV2N4_2021-03-10
2021-05-30 21:43:55 92      IDCC_BBG000HLJ7M4_2021-03-10
2021-05-30 21:43:55 93      IDXX_BBG000BLRT07_2021-03-10
2021-05-30 21:43:55 95      IEX_BBG000C1HN22_2021-03-10
2021-05-30 21:43:55 96      IFF_BBG000BLSL58_2021-03-10
2021-05-30 21:43:55 97      IGMS_BBG00PNR1BT2_2021-03-10
2021-05-30 21:43:55 98      IIPR_BBG00F0SW7N8_2021-03-10
2021-05-30 21:43:55 99      IIVI_BBG000BLW102_2021-03-10
2021-05-30 21:43:56 02      ILMN_BBG000DSMS70_2021-03-10
2021-05-30 21:43:56 04      INCY_BBG000BNPSQ9_2021-03-10
2021-05-30 21:43:56 06      INDB_BBG000BM0597_2021-03-10
2021-05-30 21:43:56 08      INFO_BBG006G063F9_2021-03-10
2021-05-30 21:43:56 09      INGN_BBG0021PH456_2021-03-10
2021-05-30 21:43:56 10      INGR_BBG000BXPZB7_2021-03-10
2021-05-30 21:43:56 11      INMD_BBG00PPS73P4_2021-03-10
2021-05-30 21:43:56 13      INSP_BBG00209SZJ7_2021-03-10
2021-05-30 21:43:56 14      INTC_BBG000C0G1D1_2021-03-10
2021-05-30 21:43:56 27      INTU_BBG000BH5DV1_2021-03-10
2021-05-30 21:43:56 31      INVH_BBG00FQH6BS9_2021-03-10
2021-05-30 21:43:56 33      IONS_BBG000JH6683_2021-03-10
2021-05-30 21:43:56 34      IOSP_BBG000BMFNP4_2021-03-10
2021-05-30 21:43:56 35      IOVA_BBG000FTLBV7_2021-03-10
2021-05-30 21:43:56 38      IP_BBG000BM5SR2_2021-03-10
2021-05-30 21:43:56 40      IPAR_BBG000GCSWR5_2021-03-10
2021-05-30 21:43:56 41      IPG_BBG000C90DH9_2021-03-10
2021-05-30 21:43:56 43      IPGP_BBG000DCGRL8_2021-03-10
2021-05-30 21:43:56 44      IQV_BBG00333FYS2_2021-03-10
2021-05-30 21:43:56 45      IR_BBG002R1CW27_2021-03-10
2021-05-30 21:43:56 46      IRBT_BBG000HXJB21_2021-03-10
2021-05-30 21:43:56 48      IRDM_BBG000VC0FC1_2021-03-10
2021-05-30 21:43:56 50      IRM_BBG000KCZPC3_2021-03-10
2021-05-30 21:43:56 51      IRTC_BBG001J19V24_2021-03-10
2021-05-30 21:43:56 52      ISRG_BBG000BJPDZ1_2021-03-10
2021-05-30 21:43:56 53      IT_BBG000BB65D0_2021-03-10
2021-05-30 21:43:56 54      ITCI_BBG0026ZFZC4_2021-03-10
2021-05-30 21:43:56 55      ITGR_BBG000BW6JV4_2021-03-10
2021-05-30 21:43:56 55      ITRI_BBG000BD2167_2021-03-10
2021-05-30 21:43:56 57      ITT_BBG00CVQZQ96_2021-03-10
2021-05-30 21:43:56 58      ITW_BBG000BMBL90_2021-03-10
2021-05-30 21:43:56 59      IVZ_BBG000BY2Y78_2021-03-10
2021-05-30 21:43:56 60      J_BBG000BMFFQ0_2021-03-10
2021-05-30 21:43:56 61      JACK_BBG000GZYVY1_2021-03-10
2021-05-30 21:43:56 62      JBHT_BBG000BMDBZ1_2021-03-10
2021-05-30 21:43:56 64      JBSS_BBG000CHPMY5_2021-03-10
2021-05-30 21:43:56 65      JBT_BBG000VLBCQ1_2021-03-10
2021-05-30 21:43:56 66      JCI_BBG000BVWLJ6_2021-03-10
2021-05-30 21:43:56 68      JCOM_BBG000F3CWW7_2021-03-10
2021-05-30 21:43:56 69      JD_BBG005YHY0Q7_2021-03-10
2021-05-30 21:43:56 76      JEF_BBG000BNHSP9_2021-03-10
2021-05-30 21:43:56 77      JELD_BBG0019GM953_2021-03-10
2021-05-30 21:43:56 77      JJSF_BBG000BMGPW0_2021-03-10
2021-05-30 21:43:56 78      JKHY_BBG000BMH2Q7_2021-03-10
2021-05-30 21:43:56 79      JLL_BBG000C2L2L0_2021-03-10
2021-05-30 21:43:56 79      JNJ_BBG000BMHYD1_2021-03-10
2021-05-30 21:43:56 83      JNPR_BBG000BY33P5_2021-03-10
2021-05-30 21:43:56 84      JOBS_BBG000BJD1D4_2021-03-10
2021-05-30 21:43:56 85      JOUT_BBG000HCXFS4_2021-03-10
2021-05-30 21:43:56 85      JPM_BBG000DMBXR2_2021-03-10
2021-05-30 21:43:56 94      JWN_BBG000G8N9C6_2021-03-10
2021-05-30 21:43:56 97      K_BBG000BMKDM3_2021-03-10
2021-05-30 21:43:56 99      KALU_BBG000PKZDX4_2021-03-10
2021-05-30 21:43:56 99      KBH_BBG000BMLWX8_2021-03-10
2021-05-30 21:43:57 01      KDP_BBG000TJM7F0_2021-03-10
2021-05-30 21:43:57 04      KEP_BBG000BCWG90_2021-03-10
2021-05-30 21:43:57 05      KEX_BBG000BMQCP6_2021-03-10
2021-05-30 21:43:57 06      KEY_BBG000BMQPL1_2021-03-10
2021-05-30 21:43:57 09      KEYS_BBG0059FN811_2021-03-10
2021-05-30 21:43:57 10      KFY_BBG000C5QMB5_2021-03-10
2021-05-30 21:43:57 11      KHC_BBG005CPNTQ2_2021-03-10
2021-05-30 21:43:57 14      KIDS_BBG00HFFRW39_2021-03-10
2021-05-30 21:43:57 15      KIM_BBG000CN3S73_2021-03-10
2021-05-30 21:43:57 17      KLAC_BBG000BMTFR4_2021-03-10
2021-05-30 21:43:57 20      KMB_BBG000BMW2Z0_2021-03-10
2021-05-30 21:43:57 21      KMI_BBG0019JZ882_2021-03-10
2021-05-30 21:43:57 24      KMPR_BBG000H3GDJ8_2021-03-10
2021-05-30 21:43:57 24      KMT_BBG000BMWKC5_2021-03-10
2021-05-30 21:43:57 25      KMX_BBG000BLMZK6_2021-03-10
2021-05-30 21:43:57 26      KNSL_BBG00D8JD9Z9_2021-03-10
2021-05-30 21:43:57 27      KNX_BBG000BFC848_2021-03-10
2021-05-30 21:43:57 28      KO_BBG000BMX289_2021-03-10
2021-05-30 21:43:57 32      KOD_BBG00BVR0D02_2021-03-10
2021-05-30 21:43:57 33      KR_BBG000BMY992_2021-03-10
2021-05-30 21:43:57 35      KRG_BBG000BC2KW8_2021-03-10
2021-05-30 21:43:57 36      KRTX_BBG00NN875G0_2021-03-10
2021-05-30 21:43:57 36      KRYS_BBG00HDGRHH7_2021-03-10
2021-05-30 21:43:57 37      KSU_BBG000BMZ7P7_2021-03-10
2021-05-30 21:43:57 38      KTB_BBG00LPTHYD5_2021-03-10
2021-05-30 21:43:57 39      KWR_BBG000DZS2L9_2021-03-10
2021-05-30 21:43:57 39      L_BBG000C45984_2021-03-10
2021-05-30 21:43:57 40      LAD_BBG000K3BC83_2021-03-10
2021-05-30 21:43:57 41      LANC_BBG000BN1M88_2021-03-10
2021-05-30 21:43:57 42      LASR_BBG0020BCPX5_2021-03-10
2021-05-30 21:43:57 43      LB_BBG000BNGTQ7_2021-03-10
2021-05-30 21:43:57 44      LBRDK_BBG006GNSZW5_2021-03-10
2021-05-30 21:43:57 46      LCII_BBG000DNLMB0_2021-03-10
2021-05-30 21:43:57 46      LDOS_BBG000C23PB0_2021-03-10
2021-05-30 21:43:57 47      LEA_BBG000PTLGZ1_2021-03-10
2021-05-30 21:43:57 48      LECO_BBG000BB72K8_2021-03-10
2021-05-30 21:43:57 49      LEG_BBG000BN53G7_2021-03-10
2021-05-30 21:43:57 51      LEGH_BBG00MJDR6J9_2021-03-10
2021-05-30 21:43:57 51      LEN_BBG000BN5HF7_2021-03-10
2021-05-30 21:43:57 54      LEVI_BBG000BQDF10_2021-03-10
2021-05-30 21:43:57 55      LFC_BBG000BBK4B9_2021-03-10
2021-05-30 21:43:57 56      LFUS_BBG000BGFGT8_2021-03-10
2021-05-30 21:43:57 56      LGIH_BBG0056655S1_2021-03-10
2021-05-30 21:43:57 57      LGND_BBG000BKF014_2021-03-10
2021-05-30 21:43:57 58      LH_BBG000D9DMK0_2021-03-10
2021-05-30 21:43:57 59      LHCG_BBG000G7W420_2021-03-10
2021-05-30 21:43:57 60      LHX_BBG000BLGFJ9_2021-03-10
2021-05-30 21:43:57 61      LII_BBG000BB5B84_2021-03-10
2021-05-30 21:43:57 61      LIN_BBG00GVR8YQ9_2021-03-10
2021-05-30 21:43:57 63      LITE_BBG0073F9RT7_2021-03-10
2021-05-30 21:43:57 65      LKQ_BBG000PXDL44_2021-03-10
2021-05-30 21:43:57 67      LLY_BBG000BNBDC2_2021-03-10
2021-05-30 21:43:57 69      LMT_BBG000C1BW00_2021-03-10
2021-05-30 21:43:57 70      LNN_BBG000FJS1S8_2021-03-10
2021-05-30 21:43:57 70      LNT_BBG000DW4Q75_2021-03-10
2021-05-30 21:43:57 72      LNTH_BBG006Q52RD0_2021-03-10
2021-05-30 21:43:57 73      LOPE_BBG000FV28W9_2021-03-10
2021-05-30 21:43:57 74      LOW_BBG000BNDN65_2021-03-10
2021-05-30 21:43:57 76      LPL_BBG000FJ0RK9_2021-03-10
2021-05-30 21:43:57 77      LPLA_BBG000P2TYL8_2021-03-10
2021-05-30 21:43:57 78      LPSN_BBG000BSV0W5_2021-03-10
2021-05-30 21:43:57 79      LRCX_BBG000BNFLM9_2021-03-10
2021-05-30 21:43:57 83      LRN_BBG000QSXPZ9_2021-03-10
2021-05-30 21:43:57 84      LSCC_BBG000C2D1C1_2021-03-10
2021-05-30 21:43:57 85      LSTR_BBG000BB2KN0_2021-03-10
2021-05-30 21:43:57 85      LSTR: SPYKE!. Candle: ID:17, Time: 14:30, Close: 157.07
2021-05-30 21:43:57 86      LTHM_BBG00LV3NRG0_2021-03-10
2021-05-30 21:43:57 88      LULU_BBG000R8ZVD1_2021-03-10
2021-05-30 21:43:57 91      LUMN_BBG000BGLRN3_2021-03-10
2021-05-30 21:43:57 92      LUV_BBG000BNJHS8_2021-03-10
2021-05-30 21:43:57 94      LVS_BBG000JWD753_2021-03-10
2021-05-30 21:43:57 97      LW_BBG003CVMLQ2_2021-03-10
2021-05-30 21:43:57 98      LYB_BBG000WCFV84_2021-03-10
2021-05-30 21:43:58 00      LYFT_BBG004M9ZHX5_2021-03-10
2021-05-30 21:43:58 05      LYV_BBG000FQ7YR4_2021-03-10
2021-05-30 21:43:58 06      M_BBG000C46HM9_2021-03-10
2021-05-30 21:43:58 09      MA_BBG000F1ZSQ2_2021-03-10
2021-05-30 21:43:58 14      MAA_BBG000BLMY92_2021-03-10
2021-05-30 21:43:58 15      MAC_BBG000BL9C59_2021-03-10
2021-05-30 21:43:58 18      MAN_BBG000BNMHS4_2021-03-10
2021-05-30 21:43:58 19      MANH_BBG000BFV758_2021-03-10
2021-05-30 21:43:58 20      MANT_BBG000BGF8B5_2021-03-10
2021-05-30 21:43:58 20      MANU_BBG0035WV4N9_2021-03-10
2021-05-30 21:43:58 21      MAR_BBG000BGD7W6_2021-03-10
2021-05-30 21:43:58 24      MAS_BBG000BNNKG9_2021-03-10
2021-05-30 21:43:58 25      MASI_BBG000C3W281_2021-03-10
2021-05-30 21:43:58 27      MAT_BBG000BNNYW1_2021-03-10
2021-05-30 21:43:58 29      MATX_BBG000BBK401_2021-03-10
2021-05-30 21:43:58 30      MBT_BBG000CSZKR2_2021-03-10
2021-05-30 21:43:58 32      MBUU_BBG005PXTR70_2021-03-10
2021-05-30 21:43:58 33      MCD_BBG000BNSZP1_2021-03-10
2021-05-30 21:43:58 35      MCHP_BBG000BHCP19_2021-03-10
2021-05-30 21:43:58 39      MCK_BBG000DYGNW7_2021-03-10
2021-05-30 21:43:58 41      MCO_BBG000F86GP6_2021-03-10
2021-05-30 21:43:58 42      MCRI_BBG000BJ0932_2021-03-10
2021-05-30 21:43:58 43      MD_BBG000H8LGK2_2021-03-10
2021-05-30 21:43:58 43      MDB_BBG0022FDRY8_2021-03-10
2021-05-30 21:43:58 46      MDGL_BBG000QS6NV8_2021-03-10
2021-05-30 21:43:58 47      MDLA_BBG001BPKGT0_2021-03-10
2021-05-30 21:43:58 48      MDLZ_BBG000D4LWF6_2021-03-10
2021-05-30 21:43:58 54      MDRX_BBG000BLDXH5_2021-03-10
2021-05-30 21:43:58 55      MDT_BBG000BNWG87_2021-03-10
2021-05-30 21:43:58 59      MED_BBG000BWBW76_2021-03-10
2021-05-30 21:43:58 60      MEDP_BBG0065B7K59_2021-03-10
2021-05-30 21:43:58 61      MEI_BBG000BNY197_2021-03-10
2021-05-30 21:43:58 62      MELI_BBG000GQPB11_2021-03-10
2021-05-30 21:43:58 63      MET_BBG000BB6KF5_2021-03-10
2021-05-30 21:43:58 65      MFGP_BBG00HFWVGN0_2021-03-10
2021-05-30 21:43:58 69      MGLN_BBG000BD6DD9_2021-03-10
2021-05-30 21:43:58 70      MGM_BBG000C2BXK4_2021-03-10
2021-05-30 21:43:58 74      MGY_BBG00GNC8DL2_2021-03-10
2021-05-30 21:43:58 75      MHK_BBG000FLZN98_2021-03-10
2021-05-30 21:43:58 76      MHO_BBG000BL9MZ4_2021-03-10
2021-05-30 21:43:58 77      MIDD_BBG000DQN9R3_2021-03-10
2021-05-30 21:43:58 77      MKC_BBG000G6Y5W4_2021-03-10
2021-05-30 21:43:58 79      MKL_BBG000FC7366_2021-03-10
2021-05-30 21:43:58 79      MKSI_BBG000BVMG26_2021-03-10
2021-05-30 21:43:58 80      MKTX_BBG000BJBZ23_2021-03-10
2021-05-30 21:43:58 81      MLAB_BBG000BP3PW7_2021-03-10
2021-05-30 21:43:58 82      MLCO_BBG000BHP8J4_2021-03-10
2021-05-30 21:43:58 83      MLHR_BBG000BP46T2_2021-03-10
2021-05-30 21:43:58 84      MLM_BBG000BGYMH7_2021-03-10
2021-05-30 21:43:58 84      MMC_BBG000BP4MH0_2021-03-10
2021-05-30 21:43:58 85      MMI_BBG005GBRSR6_2021-03-10
2021-05-30 21:43:58 86      MMM_BBG000BP52R2_2021-03-10
2021-05-30 21:43:58 87      MMS_BBG000BC5WJ4_2021-03-10
2021-05-30 21:43:58 88      MMSI_BBG000C42VX0_2021-03-10
2021-05-30 21:43:58 89      MNRO_BBG000C0BZD1_2021-03-10
2021-05-30 21:43:58 89      MNST_BBG008NVB1C0_2021-03-10
2021-05-30 21:43:58 91      MO_BBG000BP6LJ8_2021-03-10
2021-05-30 21:43:58 94      MOH_BBG000MBHNC8_2021-03-10
2021-05-30 21:43:58 94      MOMO_BBG007HTCQT0_2021-03-10
2021-05-30 21:43:59 00      MORN_BBG000CGQ4F7_2021-03-10
2021-05-30 21:43:59 01      MOS_BBG000BFXHL6_2021-03-10
2021-05-30 21:43:59 04      MOV_BBG000BL30Y9_2021-03-10
2021-05-30 21:43:59 05      MPC_BBG001DCCGR8_2021-03-10
2021-05-30 21:43:59 10      MPWR_BBG000C30L48_2021-03-10
2021-05-30 21:43:59 13      MRC_BBG000BKLTM1_2021-03-10
2021-05-30 21:43:59 14      MRK_BBG000BPD168_2021-03-10
2021-05-30 21:43:59 18      MRNA_BBG003PHHZT1_2021-03-10
2021-05-30 21:43:59 24      MRO_BBG000C8H633_2021-03-10
2021-05-30 21:43:59 26      MRTX_BBG004TPGBP5_2021-03-10
2021-05-30 21:43:59 27      MS_BBG000BLZRJ2_2021-03-10
2021-05-30 21:43:59 30      MSA_BBG000BPDXF8_2021-03-10
2021-05-30 21:43:59 31      MSCI_BBG000RTDY25_2021-03-10
2021-05-30 21:43:59 31      MSFT_BBG000BPH459_2021-03-10
2021-05-30 21:43:59 64      MSGE_BBG00L9HLWV8_2021-03-10
2021-05-30 21:43:59 64      MSGN_BBG000NS03H7_2021-03-10
2021-05-30 21:43:59 64      MSGN: SPYKE!. Candle: ID:721, Time: 21:10, Close: 19.83
2021-05-30 21:43:59 64      MSGN: SPYKE!. Candle: ID:727, Time: 21:10, Close: 23.46
2021-05-30 21:43:59 64      MSGN: SPYKE!. Candle: ID:728, Time: 21:10, Close: 21.99
2021-05-30 21:43:59 64      MSGN: SPYKE!. Candle: ID:732, Time: 21:10, Close: 23
2021-05-30 21:43:59 64      MSGN: SPYKE!. Candle: ID:741, Time: 21:15, Close: 22.49
2021-05-30 21:43:59 64      MSGN: SPYKE!. Candle: ID:862, Time: 22:15, Close: 20.22
2021-05-30 21:43:59 65      MSGS_BBG007FG0C23_2021-03-10
2021-05-30 21:43:59 66      MSI_BBG000BP8Z50_2021-03-10
2021-05-30 21:43:59 69      MSM_BBG000BCLYL9_2021-03-10
2021-05-30 21:43:59 69      MSTR_BBG000GQJPZ0_2021-03-10
2021-05-30 21:43:59 74      MTB_BBG000D9KWL9_2021-03-10
2021-05-30 21:43:59 75      MTCH_BBG00B6WH9G3_2021-03-10
2021-05-30 21:43:59 77      MTD_BBG000BZCKH3_2021-03-10
2021-05-30 21:43:59 78      MTG_BBG000CBMH27_2021-03-10
2021-05-30 21:43:59 80      MTH_BBG000F4F1N0_2021-03-10
2021-05-30 21:43:59 80      MTN_BBG000BCMWM1_2021-03-10
2021-05-30 21:43:59 81      MTOR_BBG000BH92D1_2021-03-10
2021-05-30 21:43:59 82      MTRN_BBG000BDTT76_2021-03-10
2021-05-30 21:43:59 82      MTSC_BBG000BPL8G3_2021-03-10
2021-05-30 21:43:59 83      MU_BBG000C5Z1S3_2021-03-10
2021-05-30 21:43:59 94      MUR_BBG000BPMH90_2021-03-10
2021-05-30 21:43:59 95      MUSA_BBG001Z0Q6T5_2021-03-10
2021-05-30 21:43:59 96      MXIM_BBG000BPNP00_2021-03-10
2021-05-30 21:43:59 99      MXL_BBG000BB6R33_2021-03-10
2021-05-30 21:43:59 99      MYGN_BBG000D9H9F1_2021-03-10
2021-05-30 21:44:00 00      MYRG_BBG000BC7VW9_2021-03-10
2021-05-30 21:44:00 01      NARI_BBG009J8K7M0_2021-03-10
2021-05-30 21:44:00 04      NATI_BBG000DZK6N6_2021-03-10
2021-05-30 21:44:00 05      NAVI_BBG004MN1R41_2021-03-10
2021-05-30 21:44:00 06      NBIX_BBG000GJS7C1_2021-03-10
2021-05-30 21:44:00 08      NCBS_BBG000QK0TG5_2021-03-10
2021-05-30 21:44:00 08      NCR_BBG000BMXK89_2021-03-10
2021-05-30 21:44:00 09      NDAQ_BBG000F5VVB6_2021-03-10
2021-05-30 21:44:00 10      NDSN_BBG000BPWGR1_2021-03-10
2021-05-30 21:44:00 11      NEE_BBG000BJSBJ0_2021-03-10
2021-05-30 21:44:00 14      NEM_BBG000BPWXK1_2021-03-10
2021-05-30 21:44:00 18      NEO_BBG000BKH263_2021-03-10
2021-05-30 21:44:00 19      NEOG_BBG000C1BCK2_2021-03-10
2021-05-30 21:44:00 19      NET_BBG001WMKHH5_2021-03-10
2021-05-30 21:44:00 22      NEU_BBG000BJ5SS8_2021-03-10
2021-05-30 21:44:00 22      NEWR_BBG001NFKJ68_2021-03-10
2021-05-30 21:44:00 24      NFLX_BBG000CL9VN6_2021-03-10
2021-05-30 21:44:00 30      NGVT_BBG009LM28K6_2021-03-10
2021-05-30 21:44:00 30      NJR_BBG000BPZVW9_2021-03-10
2021-05-30 21:44:00 32      NKE_BBG000C5HS04_2021-03-10
2021-05-30 21:44:00 35      NKTR_BBG000BHCYJ1_2021-03-10
2021-05-30 21:44:00 36      NLOK_BBG000BH2JM1_2021-03-10
2021-05-30 21:44:00 38      NLSN_BBG0088CYPX8_2021-03-10
2021-05-30 21:44:00 39      NMIH_BBG005DLMMZ6_2021-03-10
2021-05-30 21:44:00 40      NOC_BBG000BQ2C28_2021-03-10
2021-05-30 21:44:00 41      NOK_BBG000BNGBW9_2021-03-10
2021-05-30 21:44:00 44      NOV_BBG000BJX8C8_2021-03-10
2021-05-30 21:44:00 46      NOW_BBG000M1R011_2021-03-10
2021-05-30 21:44:00 47      NP_BBG000QCQ764_2021-03-10
2021-05-30 21:44:00 48      NPK_BBG000BQ4GG2_2021-03-10
2021-05-30 21:44:00 48      NRG_BBG000D8RG11_2021-03-10
2021-05-30 21:44:00 50      NSC_BBG000BQ5DS5_2021-03-10
2021-05-30 21:44:00 52      NSP_BBG000BJ41X2_2021-03-10
2021-05-30 21:44:00 53      NTAP_BBG000FP1N32_2021-03-10
2021-05-30 21:44:00 55      NTCO_BBG00R4ZKPN5_2021-03-10
2021-05-30 21:44:00 56      NTCT_BBG000C136Z8_2021-03-10
2021-05-30 21:44:00 57      NTES_BBG000BX72V8_2021-03-10
2021-05-30 21:44:00 60      NTGR_BBG000C4GBR6_2021-03-10
2021-05-30 21:44:00 61      NTLA_BBG007KC7PB0_2021-03-10
2021-05-30 21:44:00 63      NTNX_BBG001NDW1Z7_2021-03-10
2021-05-30 21:44:00 64      NTRA_BBG001J1BQ86_2021-03-10
2021-05-30 21:44:00 66      NTRS_BBG000BQ74K1_2021-03-10
2021-05-30 21:44:00 68      NTUS_BBG000DPZHS3_2021-03-10
2021-05-30 21:44:00 68      NUE_BBG000BQ8KV2_2021-03-10
2021-05-30 21:44:00 69      NUS_BBG000HG21Y3_2021-03-10
2021-05-30 21:44:00 70      NUVA_BBG000LNL298_2021-03-10
2021-05-30 21:44:00 71      NVDA_BBG000BBJQV0_2021-03-10
2021-05-30 21:44:00 84      NVEE_BBG005BT60Y8_2021-03-10
2021-05-30 21:44:00 85      NVEE: SPYKE!. Candle: ID:557, Time: 21:45, Close: 100
2021-05-30 21:44:00 85      NVR_BBG000BQBYR3_2021-03-10
2021-05-30 21:44:00 86      NVRO_BBG001K61W36_2021-03-10
2021-05-30 21:44:00 87      NVTA_BBG005DJFD43_2021-03-10
2021-05-30 21:44:00 90      NWE_BBG000Q1NMJ4_2021-03-10
2021-05-30 21:44:00 91      NWL_BBG000BQC9V2_2021-03-10
2021-05-30 21:44:00 93      NWLI_BBG008HNHZ07_2021-03-10
2021-05-30 21:44:00 93      NWS_BBG0035M2ZB7_2021-03-10
2021-05-30 21:44:00 94      NWSA_BBG0035LY913_2021-03-10
2021-05-30 21:44:00 96      NXPI_BBG000BND699_2021-03-10
2021-05-30 21:44:00 98      NXST_BBG000DZJVH0_2021-03-10
2021-05-30 21:44:00 99      NYT_BBG000FFC0B3_2021-03-10
2021-05-30 21:44:01 00      O_BBG000DHPN63_2021-03-10
2021-05-30 21:44:01 02      OC_BBG000M44VW8_2021-03-10
2021-05-30 21:44:01 03      ODFL_BBG000CHSS88_2021-03-10
2021-05-30 21:44:01 04      OFIX_BBG000G1C210_2021-03-10
2021-05-30 21:44:01 04      OHI_BBG000BGBTC2_2021-03-10
2021-05-30 21:44:01 05      OI_BBG00R2JZG39_2021-03-10
2021-05-30 21:44:01 06      OII_BBG000CPBCL8_2021-03-10
2021-05-30 21:44:01 07      OIS_BBG000BDDN94_2021-03-10
2021-05-30 21:44:01 08      OKE_BBG000BQHGR6_2021-03-10
2021-05-30 21:44:01 09      OKTA_BBG001YV1SM4_2021-03-10
2021-05-30 21:44:01 12      OLED_BBG000BLRP41_2021-03-10
2021-05-30 21:44:01 13      OLLI_BBG0098VVDT9_2021-03-10
2021-05-30 21:44:01 14      OMC_BBG000BS9489_2021-03-10
2021-05-30 21:44:01 16      OMCL_BBG000BTNGZ4_2021-03-10
2021-05-30 21:44:01 17      ON_BBG000DV7MX4_2021-03-10
2021-05-30 21:44:01 20      ONTO_BBG000BPRN29_2021-03-10
2021-05-30 21:44:01 20      ORCL_BBG000BQLTW7_2021-03-10
2021-05-30 21:44:01 24      ORLY_BBG000BGYWY6_2021-03-10
2021-05-30 21:44:01 26      OSIS_BBG000BWPR54_2021-03-10
2021-05-30 21:44:01 26      OSK_BBG000CC53X1_2021-03-10
2021-05-30 21:44:01 27      OSUR_BBG000J3D1Y8_2021-03-10
2021-05-30 21:44:01 31      OTIS_BBG00RP60KV0_2021-03-10
2021-05-30 21:44:01 32      OVV_BBG00R2NHQ65_2021-03-10
2021-05-30 21:44:01 33      OXY_BBG000BQQ2S6_2021-03-10
2021-05-30 21:44:01 38      PAGS_BBG00JM7QBR6_2021-03-10
2021-05-30 21:44:01 39      PANW_BBG0014GJCT9_2021-03-10
2021-05-30 21:44:01 40      PATK_BBG000BQSBB2_2021-03-10
2021-05-30 21:44:01 41      PAYC_BBG0064N0ZZ5_2021-03-10
2021-05-30 21:44:01 42      PB_BBG000BHY4D9_2021-03-10
2021-05-30 21:44:01 42      PBCT_BBG000BQT4L6_2021-03-10
2021-05-30 21:44:01 44      PBF_BBG002832GV8_2021-03-10
2021-05-30 21:44:01 46      PBH_BBG000QM0RZ4_2021-03-10
2021-05-30 21:44:01 46      PBI_BBG000BQTMJ9_2021-03-10
2021-05-30 21:44:01 48      PCAR_BBG000BQVTF5_2021-03-10
2021-05-30 21:44:01 49      PCG_BBG000BQWPC5_2021-03-10
2021-05-30 21:44:01 50      PCRX_BBG0018FQNS6_2021-03-10
2021-05-30 21:44:01 51      PCTY_BBG006598YS8_2021-03-10
2021-05-30 21:44:01 52      PD_BBG0043BYPB8_2021-03-10
2021-05-30 21:44:01 53      PDCO_BBG000BQY289_2021-03-10
2021-05-30 21:44:01 54      PEAK_BBG000BKYDP9_2021-03-10
2021-05-30 21:44:01 55      PEG_BBG000BQZMH4_2021-03-10
2021-05-30 21:44:01 57      PEGA_BBG000H1RYG7_2021-03-10
2021-05-30 21:44:01 58      PEN_BBG001BP92V1_2021-03-10
2021-05-30 21:44:01 59      PEP_BBG000DH7JK6_2021-03-10
2021-05-30 21:44:01 66      PETQ_BBG00H1CY328_2021-03-10
2021-05-30 21:44:01 66      PFE_BBG000BR2B91_2021-03-10
2021-05-30 21:44:01 70      PFG_BBG000NSCNT7_2021-03-10
2021-05-30 21:44:01 71      PFGC_BBG009XW2WB8_2021-03-10
2021-05-30 21:44:01 72      PFPT_BBG000RQ2GY7_2021-03-10
2021-05-30 21:44:01 74      PG_BBG000BR2TH3_2021-03-10
2021-05-30 21:44:01 79      PGNY_BBG002H1K1H1_2021-03-10
2021-05-30 21:44:01 80      PGR_BBG000BR37X2_2021-03-10
2021-05-30 21:44:01 82      PGTI_BBG000FX3Y66_2021-03-10
2021-05-30 21:44:01 82      PH_BBG000BR3KL6_2021-03-10
2021-05-30 21:44:01 83      PHM_BBG000BR54L0_2021-03-10
2021-05-30 21:44:01 85      PII_BBG000D5S4M0_2021-03-10
2021-05-30 21:44:01 85      PINC_BBG000G7QX50_2021-03-10
2021-05-30 21:44:01 87      PINS_BBG002583CV8_2021-03-10
2021-05-30 21:44:01 91      PIPR_BBG000FQXC75_2021-03-10
2021-05-30 21:44:01 91      PKG_BBG000BB8SW7_2021-03-10
2021-05-30 21:44:01 92      PKI_BBG000FXW512_2021-03-10
2021-05-30 21:44:01 93      PLAN_BBG002DZS299_2021-03-10
2021-05-30 21:44:01 95      PLAY_BBG001WWJTK5_2021-03-10
2021-05-30 21:44:01 96      PLCE_BBG000JK9DK4_2021-03-10
2021-05-30 21:44:01 97      PLD_BBG000B9Z0J8_2021-03-10
2021-05-30 21:44:01 99      PLNT_BBG009H04M17_2021-03-10
2021-05-30 21:44:01 99      PLTR_BBG000N7QR55_2021-03-10
2021-05-30 21:44:02 11      PLUS_BBG000HN7W02_2021-03-10
2021-05-30 21:44:02 12      PLXS_BBG000BRBX66_2021-03-10
2021-05-30 21:44:02 12      PM_BBG000J2XL74_2021-03-10
2021-05-30 21:44:02 15      PNC_BBG000BRD0D8_2021-03-10
2021-05-30 21:44:02 17      PNFP_BBG000C1XKF6_2021-03-10
2021-05-30 21:44:02 18      PNTG_BBG00P33SY72_2021-03-10
2021-05-30 21:44:02 18      PODD_BBG000R7XX87_2021-03-10
2021-05-30 21:44:02 20      POOL_BBG000BCVG28_2021-03-10
2021-05-30 21:44:02 21      POR_BBG000BCRMW7_2021-03-10
2021-05-30 21:44:02 22      POST_BBG001WTBC36_2021-03-10
2021-05-30 21:44:02 23      POWI_BBG000BTT3D1_2021-03-10
2021-05-30 21:44:02 24      PPC_BBG000BFLXV3_2021-03-10
2021-05-30 21:44:02 24      PPG_BBG000BRJ809_2021-03-10
2021-05-30 21:44:02 26      PPL_BBG000BRJL00_2021-03-10
2021-05-30 21:44:02 27      PRAA_BBG000BNTW77_2021-03-10
2021-05-30 21:44:02 28      PRAH_BBG007387YL8_2021-03-10
2021-05-30 21:44:02 29      PRFT_BBG000BVXFK6_2021-03-10
2021-05-30 21:44:02 29      PRG_BBG00VSH86G4_2021-03-10
2021-05-30 21:44:02 30      PRGS_BBG000C4QP94_2021-03-10
2021-05-30 21:44:02 30      PRI_BBG000T8ZF80_2021-03-10
2021-05-30 21:44:02 31      PRLB_BBG000BT13B3_2021-03-10
2021-05-30 21:44:02 32      PRSP_BBG00KMXKWF9_2021-03-10
2021-05-30 21:44:02 32      PRU_BBG000HCJMF9_2021-03-10
2021-05-30 21:44:02 35      PSA_BBG000BPPN67_2021-03-10
2021-05-30 21:44:02 36      PSN_BBG000C3TKY6_2021-03-10
2021-05-30 21:44:02 36      PSTG_BBG00212PVZ5_2021-03-10
2021-05-30 21:44:02 40      PSX_BBG00286S4N9_2021-03-10
2021-05-30 21:44:02 42      PTC_BBG000C2VBB0_2021-03-10
2021-05-30 21:44:02 44      PTCT_BBG000QT15P7_2021-03-10
2021-05-30 21:44:02 44      PTON_BBG00JG0FFZ2_2021-03-10
2021-05-30 21:44:02 50      PTR_BBG000BR85F1_2021-03-10
2021-05-30 21:44:02 51      PUMP_BBG00FYCQ352_2021-03-10
2021-05-30 21:44:02 52      PVH_BBG000BRRG02_2021-03-10
2021-05-30 21:44:02 52      PWR_BBG000BBL8V7_2021-03-10
2021-05-30 21:44:02 53      PXD_BBG000BXRPH1_2021-03-10
2021-05-30 21:44:02 55      PYPL_BBG0077VNXV6_2021-03-10
2021-05-30 21:44:02 60      PYPL: BuyPending. Strategy: MorningOpenStrategy. Price: 237.61. Lots: 1. ChangeOpenToCurrent: -2.82. ChangePrevCloseToCurrent: -2.49. Candle: ID:16, Time: 4:00, Close: 237.61.
2021-05-30 21:44:02 60      PYPL: OrderID: dd2cda14. PlacedOrder. Status: New. RejectReason: 
2021-05-30 21:44:02 60      PYPL: Cancel order. Did not bought at market open. Candle: ID:37, Time: 4:05, Close: 240.88
2021-05-30 21:44:02 60      OrderID: dd2cda14 successfully canceled
2021-05-30 21:44:02 64      PZZA_BBG000BFWF13_2021-03-10
2021-05-30 21:44:02 65      QADA_BBG001BP77C3_2021-03-10
2021-05-30 21:44:02 65      QCOM_BBG000CGC1X8_2021-03-10
2021-05-30 21:44:02 76      QDEL_BBG000C6GN04_2021-03-10
2021-05-30 21:44:02 79      QLYS_BBG000HT5G06_2021-03-10
2021-05-30 21:44:02 81      QNST_BBG000S9XXB8_2021-03-10
2021-05-30 21:44:02 81      QRTEA_BBG000PCQQL6_2021-03-10
2021-05-30 21:44:02 83      QRVO_BBG007TJF1N7_2021-03-10
2021-05-30 21:44:02 85      QTS_BBG0054B20Z8_2021-03-10
2021-05-30 21:44:02 86      QTWO_BBG005ZVK9P2_2021-03-10
2021-05-30 21:44:02 86      QUOT_BBG001QYNR63_2021-03-10
2021-05-30 21:44:02 87      R_BBG000BRVP70_2021-03-10
2021-05-30 21:44:02 88      RACE_BBG009PH3Q86_2021-03-10
2021-05-30 21:44:02 89      RAMP_BBG000BB4HM6_2021-03-10
2021-05-30 21:44:02 90      RARE_BBG001RWPDW6_2021-03-10
2021-05-30 21:44:02 90      RAVN_BBG000CXQTZ3_2021-03-10
2021-05-30 21:44:02 91      RBC_BBG000BRXTR8_2021-03-10
2021-05-30 21:44:02 91      RCL_BBG000BB5792_2021-03-10
2021-05-30 21:44:02 93      RDFN_BBG001Q7HP63_2021-03-10
2021-05-30 21:44:02 96      RDS.A_BBG000QXSSS6_2021-03-10
2021-05-30 21:44:02 98      RDY_BBG000NJ96L6_2021-03-10
2021-05-30 21:44:02 99      RE_BBG000C1XVK6_2021-03-10
2021-05-30 21:44:02 99      REG_BBG000BL46Q4_2021-03-10
2021-05-30 21:44:03 02      REGI_BBG0016SSV00_2021-03-10
2021-05-30 21:44:03 03      REGN_BBG000C734W3_2021-03-10
2021-05-30 21:44:03 05      RETA_BBG000R33BD1_2021-03-10
2021-05-30 21:44:03 06      REX_BBG000D2ZK61_2021-03-10
2021-05-30 21:44:03 06      REZI_BBG00HY28K89_2021-03-10
2021-05-30 21:44:03 06      REZI: SPYKE!. Candle: ID:40, Time: 13:45, Close: 29.01
2021-05-30 21:44:03 07      RF_BBG000Q3JN03_2021-03-10
2021-05-30 21:44:03 08      RGA_BBG000BDLCQ0_2021-03-10
2021-05-30 21:44:03 09      RGEN_BBG000BS48J3_2021-03-10
2021-05-30 21:44:03 10      RGLD_BBG000BS5170_2021-03-10
2021-05-30 21:44:03 11      RGNX_BBG007Z9V591_2021-03-10
2021-05-30 21:44:03 11      RGR_BBG000C4FQG6_2021-03-10
2021-05-30 21:44:03 12      RH_BBG002293PJ4_2021-03-10
2021-05-30 21:44:03 13      RHI_BBG000BS5DR2_2021-03-10
2021-05-30 21:44:03 13      RIG_BBG000BH5LT6_2021-03-10
2021-05-30 21:44:03 19      RJF_BBG000BS73J1_2021-03-10
2021-05-30 21:44:03 20      RL_BBG000BS0ZF1_2021-03-10
2021-05-30 21:44:03 21      RMD_BBG000L4M7F1_2021-03-10
2021-05-30 21:44:03 22      RNG_BBG000J094P3_2021-03-10
2021-05-30 21:44:03 23      ROCK_BBG000BKQDQ7_2021-03-10
2021-05-30 21:44:03 24      ROG_BBG000BS9HN3_2021-03-10
2021-05-30 21:44:03 24      ROK_BBG000BBCDZ2_2021-03-10
2021-05-30 21:44:03 26      ROKU_BBG001ZZPQJ6_2021-03-10
2021-05-30 21:44:03 29      ROL_BBG000BSBBP1_2021-03-10
2021-05-30 21:44:03 30      ROLL_BBG000GMGNB3_2021-03-10
2021-05-30 21:44:03 31      ROP_BBG000F1ZSN5_2021-03-10
2021-05-30 21:44:03 31      ROST_BBG000BSBZH7_2021-03-10
2021-05-30 21:44:03 36      RP_BBG000CN5CJ3_2021-03-10
2021-05-30 21:44:03 36      RPD_BBG009DFHWG6_2021-03-10
2021-05-30 21:44:03 37      RPM_BBG000DCNK80_2021-03-10
2021-05-30 21:44:03 38      RRBI_BBG000QKNLB2_2021-03-10
2021-05-30 21:44:03 38      RRC_BBG000FVXD63_2021-03-10
2021-05-30 21:44:03 41      RRGB_BBG000MXH9C1_2021-03-10
2021-05-30 21:44:03 41      RS_BBG000CJ2181_2021-03-10
2021-05-30 21:44:03 42      RSG_BBG000BPXVJ6_2021-03-10
2021-05-30 21:44:03 43      RTX_BBG000BW8S60_2021-03-10
2021-05-30 21:44:03 46      RVLV_BBG00M4RHBD0_2021-03-10
2021-05-30 21:44:03 46      RXN_BBG000H8R0N8_2021-03-10
2021-05-30 21:44:03 47      RYN_BBG000BG7L34_2021-03-10
2021-05-30 21:44:03 48      RYTM_BBG007DLZ601_2021-03-10
2021-05-30 21:44:03 49      SAFM_BBG000BSHJ96_2021-03-10
2021-05-30 21:44:03 49      SAGE_BBG0025X16Y5_2021-03-10
2021-05-30 21:44:03 50      SAIA_BBG000P5LMQ0_2021-03-10
2021-05-30 21:44:03 50      SAIC_BBG003BW05K6_2021-03-10
2021-05-30 21:44:03 51      SAIL_BBG00J0BBZL0_2021-03-10
2021-05-30 21:44:03 52      SAM_BBG000BCZBF1_2021-03-10
2021-05-30 21:44:03 52      SAVE_BBG000BF6RQ9_2021-03-10
2021-05-30 21:44:03 53      SAVE: BuyPending. Strategy: MorningOpenStrategy. Price: 36.9. Lots: 6. ChangeOpenToCurrent: -2.12. ChangePrevCloseToCurrent: -0.57. Candle: ID:9, Time: 4:00, Close: 36.9.
2021-05-30 21:44:03 53      SAVE: OrderID: a3425bda. PlacedOrder. Status: New. RejectReason: 
2021-05-30 21:44:03 53      SAVE: OrderID: a3425bda fully executed
2021-05-30 21:44:03 53      SAVE: Morning closing by timeout. Close price: 37.11. Lots: 6. Profit: 0.21(0.57%). Candle: ID:46, Time: 5:30, Close: 37.11
2021-05-30 21:44:03 53      SAVE: OrderID: 9db77633. PlacedOrder. Status: New. RejectReason: 
2021-05-30 21:44:03 53      SAVE: OrderID: 9db77633 partially executed. Executed lots: 2. OrderStatus: 2/6 lots
2021-05-30 21:44:03 53      SAVE: OrderID: 9db77633 fully executed
2021-05-30 21:44:03 54      SBAC_BBG000D2M0Z7_2021-03-10
2021-05-30 21:44:03 55      SBCF_BBG000KK3464_2021-03-10
2021-05-30 21:44:03 56      SBGI_BBG000F2XXP2_2021-03-10
2021-05-30 21:44:03 57      SBH_BBG000LR8515_2021-03-10
2021-05-30 21:44:03 58      SBRA_BBG000MTDW24_2021-03-10
2021-05-30 21:44:03 59      SBUX_BBG000CTQBF3_2021-03-10
2021-05-30 21:44:03 63      SCCO_BBG000BSHH72_2021-03-10
2021-05-30 21:44:03 63      SCHW_BBG000BSLZY7_2021-03-10
2021-05-30 21:44:03 66      SCI_BBG000BTHH16_2021-03-10
2021-05-30 21:44:03 67      SCSC_BBG000BHTPZ4_2021-03-10
2021-05-30 21:44:03 68      SDGR_BBG000T88BN2_2021-03-10
2021-05-30 21:44:03 69      SEDG_BBG0084BBZY6_2021-03-10
2021-05-30 21:44:03 71      SEE_BBG000C22QV7_2021-03-10
2021-05-30 21:44:03 72      SEIC_BBG000BSQLT9_2021-03-10
2021-05-30 21:44:03 73      SF_BBG000BSS5C0_2021-03-10
2021-05-30 21:44:03 74      SFIX_BBG0046L1KL9_2021-03-10
2021-05-30 21:44:03 76      SFM_BBG001KFKQM7_2021-03-10
2021-05-30 21:44:03 78      SGEN_BBG000BH0FR6_2021-03-10
2021-05-30 21:44:03 79      SHAK_BBG0063GCHH8_2021-03-10
2021-05-30 21:44:03 80      SHEN_BBG000BTC2N0_2021-03-10
2021-05-30 21:44:03 81      SHI_BBG000BHR1H9_2021-03-10
2021-05-30 21:44:03 81      SHW_BBG000BSXQV7_2021-03-10
2021-05-30 21:44:03 82      SIG_BBG000C4ZZ10_2021-03-10
2021-05-30 21:44:03 83      SIGI_BBG000BSZ738_2021-03-10
2021-05-30 21:44:03 84      SITE_BBG009T22D49_2021-03-10
2021-05-30 21:44:03 85      SIVB_BBG000BT0CM2_2021-03-10
2021-05-30 21:44:03 86      SJI_BBG000BT0T72_2021-03-10
2021-05-30 21:44:03 86      SJM_BBG000BT1715_2021-03-10
2021-05-30 21:44:03 88      SKM_BBG000BLN497_2021-03-10
2021-05-30 21:44:03 89      SKX_BBG000C4HKK2_2021-03-10
2021-05-30 21:44:03 90      SLAB_BBG000BB99S3_2021-03-10
2021-05-30 21:44:03 92      SLB_BBG000BT41Q8_2021-03-10
2021-05-30 21:44:03 97      SLG_BBG000BVP5P2_2021-03-10
2021-05-30 21:44:03 99      SMAR_BBG00GQK3WB5_2021-03-10
2021-05-30 21:44:04 00      SMG_BBG000BT5PG5_2021-03-10
2021-05-30 21:44:04 00      SMPL_BBG00GVP5JL4_2021-03-10
2021-05-30 21:44:04 02      SMTC_BBG000DBKR53_2021-03-10
2021-05-30 21:44:04 02      SNA_BBG000BT7JW9_2021-03-10
2021-05-30 21:44:04 03      SNAP_BBG00441QMJ7_2021-03-10
2021-05-30 21:44:04 09      SNBR_BBG000DM2BF3_2021-03-10
2021-05-30 21:44:04 10      SNPS_BBG000BSFRF3_2021-03-10
2021-05-30 21:44:04 12      SNX_BBG000CL9JV4_2021-03-10
2021-05-30 21:44:04 12      SNY_BBG000BBD5N1_2021-03-10
2021-05-30 21:44:04 13      SO_BBG000BT9DW0_2021-03-10
2021-05-30 21:44:04 15      SOHU_BBG00L2DB535_2021-03-10
2021-05-30 21:44:04 16      SON_BBG000D7HF89_2021-03-10
2021-05-30 21:44:04 17      SONO_BBG001JZPSQ2_2021-03-10
2021-05-30 21:44:04 20      SP_BBG000BJ91B1_2021-03-10
2021-05-30 21:44:04 21      SPB@US_BBG000DS5588_2021-03-10
2021-05-30 21:44:04 21      SPCE_BBG00HTN2CQ3_2021-03-10
2021-05-30 21:44:04 34      SPCE: BuyPending. Strategy: MorningOpenStrategy. Price: 30.17. Lots: 8. ChangeOpenToCurrent: -4.22. ChangePrevCloseToCurrent: -0.95. Candle: ID:9, Time: 4:00, Close: 30.17.
2021-05-30 21:44:04 34      SPCE: OrderID: 604c663b. PlacedOrder. Status: New. RejectReason: 
2021-05-30 21:44:04 34      SPCE: OrderID: 604c663b fully executed
2021-05-30 21:44:04 34      SPCE: Buy more. Price: 29.2. Lots: 8. changeFromLastBuy: -3.22. Candle: ID:14, Time: 4:00, Close: 29.2.
2021-05-30 21:44:04 34      SPCE: OrderID: 9289d307. PlacedOrder. Status: New. RejectReason: 
2021-05-30 21:44:04 34      SPCE: OrderID: 9289d307 fully executed
2021-05-30 21:44:04 34      SPCE: SPYKE!. Candle: ID:20, Time: 4:00, Close: 28.81
2021-05-30 21:44:04 34      SPCE: SPYKE!. Candle: ID:63, Time: 4:00, Close: 28.93
2021-05-30 21:44:04 34      SPCE: Morning closing. Close price: 30.19. Lots: 16. CandleChange: -0.03%. ChangeFromCandleHigh: -0.10%. Profit: 0.51(1.72%). Candle: ID:314, Time: 4:05, Close: 30.19
2021-05-30 21:44:04 34      SPCE: OrderID: 6813b448. PlacedOrder. Status: New. RejectReason: 
2021-05-30 21:44:04 34      SPCE: OrderID: 6813b448 fully executed
2021-05-30 21:44:04 34      SPCE: SPYKE!. Candle: ID:5499, Time: 7:45, Close: 32.4
2021-05-30 21:44:04 44      SPG_BBG000BJ2D31_2021-03-10
2021-05-30 21:44:04 46      SPGI_BBG000BP1Q11_2021-03-10
2021-05-30 21:44:04 47      SPLK_BBG001C7TST4_2021-03-10
2021-05-30 21:44:04 53      SPOT_BBG003T4VFC2_2021-03-10
2021-05-30 21:44:04 55      SPR_BBG000PRJ2Z9_2021-03-10
2021-05-30 21:44:04 56      SPSC_BBG000PZGB75_2021-03-10
2021-05-30 21:44:04 57      SQ_BBG0018SLC07_2021-03-10
2021-05-30 21:44:04 64      SRC_BBG0027Z6X10_2021-03-10
2021-05-30 21:44:04 65      SRCL_BBG000H3FZM6_2021-03-10
2021-05-30 21:44:04 66      SRDX_BBG000BZ2QG2_2021-03-10
2021-05-30 21:44:04 67      SRE_BBG000C2ZCH8_2021-03-10
2021-05-30 21:44:04 68      SRI_BBG000BB9Q78_2021-03-10
2021-05-30 21:44:04 68      SRPT_BBG000BCJ161_2021-03-10
2021-05-30 21:44:04 70      SSD_BBG000JLC8L8_2021-03-10
2021-05-30 21:44:04 71      SSNC_BBG000RJ2J04_2021-03-10
2021-05-30 21:44:04 72      SSTK_BBG002ZCK2V9_2021-03-10
2021-05-30 21:44:04 73      STAA_BBG000C4QB95_2021-03-10
2021-05-30 21:44:04 73      STAG_BBG000BGLFP7_2021-03-10
2021-05-30 21:44:04 75      STLD_BBG000HGYNZ9_2021-03-10
2021-05-30 21:44:04 77      STMP_BBG000CZ4KF3_2021-03-10
2021-05-30 21:44:04 78      STRA_BBG000GRZDV1_2021-03-10
2021-05-30 21:44:04 78      STT_BBG000BKFBD7_2021-03-10
2021-05-30 21:44:04 80      STX_BBG000F0KF42_2021-03-10
2021-05-30 21:44:04 80      Warning: figi `BBG000F0KF42` for history data does not match actual figi `BBG0113JGQF0`. Ticker: STX. Will be used actual!
2021-05-30 21:44:04 81      STZ_BBG000J1QLT0_2021-03-10
2021-05-30 21:44:04 83      SUPN_BBG000BP0HX7_2021-03-10
2021-05-30 21:44:04 84      SWAV_BBG005XVXML5_2021-03-10
2021-05-30 21:44:04 84      SWBI_BBG000BM0QL7_2021-03-10
2021-05-30 21:44:04 86      SWCH_BBG00HPDM5Z2_2021-03-10
2021-05-30 21:44:04 87      SWI_BBG00M1CKSK7_2021-03-10
2021-05-30 21:44:04 88      SWK_BBG000BTQR96_2021-03-10
2021-05-30 21:44:04 89      SWKS_BBG000KLB4Q1_2021-03-10
2021-05-30 21:44:04 92      SWN_BBG000BTR593_2021-03-10
2021-05-30 21:44:04 96      SWX_BBG00FWP4JW4_2021-03-10
2021-05-30 21:44:04 97      SXI_BBG000BTT5B8_2021-03-10
2021-05-30 21:44:04 97      SXT_BBG000J79P80_2021-03-10
2021-05-30 21:44:04 98      SYF_BBG00658F3P3_2021-03-10
2021-05-30 21:44:05 01      SYK_BBG000DN7P92_2021-03-10
2021-05-30 21:44:05 01      SYKE_BBG000BBHPV4_2021-03-10
2021-05-30 21:44:05 02      SYNA_BBG000BQV1S2_2021-03-10
2021-05-30 21:44:05 03      SYNH_BBG0078Y1D92_2021-03-10
2021-05-30 21:44:05 04      SYY_BBG000BTVJ25_2021-03-10
2021-05-30 21:44:05 06      T_BBG000BSJK37_2021-03-10
2021-05-30 21:44:05 10      TAK_BBG000LF8708_2021-03-10
2021-05-30 21:44:05 11      TAL_BBG0016XJ8S0_2021-03-10
2021-05-30 21:44:05 14      TAP_BBG000BS7KS3_2021-03-10
2021-05-30 21:44:05 15      TCBI_BBG000DN4ZT1_2021-03-10
2021-05-30 21:44:05 16      TCMD_BBG001B12Z39_2021-03-10
2021-05-30 21:44:05 17      TCRR_BBG00FH3FM15_2021-03-10
2021-05-30 21:44:05 18      TCS_BBG005DXJS36_2021-03-10
2021-05-30 21:44:05 19      TCX_BBG000L69KL5_2021-03-10
2021-05-30 21:44:05 20      TDC_BBG000R0L5J4_2021-03-10
2021-05-30 21:44:05 21      TDG_BBG000L8CBX4_2021-03-10
2021-05-30 21:44:05 22      TDOC_BBG0019T5SG0_2021-03-10
2021-05-30 21:44:05 25      TDS_BBG000BV0VK7_2021-03-10
2021-05-30 21:44:05 27      TDY_BBG000BMT9T6_2021-03-10
2021-05-30 21:44:05 28      TECH_BBG000C15114_2021-03-10
2021-05-30 21:44:05 28      TEL_BBG000RGM5P1_2021-03-10
2021-05-30 21:44:05 29      TENB_BBG00LBLCD02_2021-03-10
2021-05-30 21:44:05 31      TER_BBG000BV4DR6_2021-03-10
2021-05-30 21:44:05 34      TFC_BBG000BYYLS8_2021-03-10
2021-05-30 21:44:05 36      TFX_BBG000BV59Y6_2021-03-10
2021-05-30 21:44:05 37      TGNA_BBG000BK5DP1_2021-03-10
2021-05-30 21:44:05 38      TGT_BBG000H8TVT2_2021-03-10
2021-05-30 21:44:05 39      THG_BBG000FJH8W0_2021-03-10
2021-05-30 21:44:05 40      THO_BBG000BV6R84_2021-03-10
2021-05-30 21:44:05 40      THO: SPYKE!. Candle: ID:19, Time: 14:05, Close: 125.78
2021-05-30 21:44:05 40      THO: SPYKE!. Candle: ID:25, Time: 14:30, Close: 132.85
2021-05-30 21:44:05 40      THO: SPYKE!. Candle: ID:26, Time: 14:30, Close: 133.8
2021-05-30 21:44:05 41      THRM_BBG000BQLM34_2021-03-10
2021-05-30 21:44:05 42      THS_BBG000GQGJT4_2021-03-10
2021-05-30 21:44:05 42      TJX_BBG000BV8DN6_2021-03-10
2021-05-30 21:44:05 45      TKR_BBG000BV95H9_2021-03-10
2021-05-30 21:44:05 46      TMHC_BBG003PGJHP5_2021-03-10
2021-05-30 21:44:05 47      TMO_BBG000BVDLH9_2021-03-10
2021-05-30 21:44:05 48      TMUS_BBG000NDV1D4_2021-03-10
2021-05-30 21:44:05 51      TMX_BBG002WMH2F2_2021-03-10
2021-05-30 21:44:05 51      TNC_BBG000JCZJS2_2021-03-10
2021-05-30 21:44:05 52      TNDM_BBG0019V9M65_2021-03-10
2021-05-30 21:44:05 53      TNET_BBG000BR2040_2021-03-10
2021-05-30 21:44:05 53      TOL_BBG000BVHBM1_2021-03-10
2021-05-30 21:44:05 55      TOT_BBG000CHZ857_2021-03-10
2021-05-30 21:44:05 56      TPH_BBG0016YQTR5_2021-03-10
2021-05-30 21:44:05 57      TPIC_BBG0016MQ7C5_2021-03-10
2021-05-30 21:44:05 58      TPIC: SPYKE!. Candle: ID:584, Time: 14:25, Close: 56.99
2021-05-30 21:44:05 59      TPR_BBG000BY29C7_2021-03-10
2021-05-30 21:44:05 60      TPTX_BBG00NPL9WH7_2021-03-10
2021-05-30 21:44:05 61      TPX_BBG000PXGT62_2021-03-10
2021-05-30 21:44:05 62      TREE_BBG000TVRB50_2021-03-10
2021-05-30 21:44:05 63      TREX_BBG000BTGKK9_2021-03-10
2021-05-30 21:44:05 64      TRHC_BBG00BT7PPY8_2021-03-10
2021-05-30 21:44:05 65      TRIP_BBG001M8HHB7_2021-03-10
2021-05-30 21:44:05 68      TRMB_BBG000BNPS52_2021-03-10
2021-05-30 21:44:05 69      TROW_BBG000BVMPN3_2021-03-10
2021-05-30 21:44:05 72      TRU_BBG002Q7J5Z1_2021-03-10
2021-05-30 21:44:05 72      TRUP_BBG002BC7WC5_2021-03-10
2021-05-30 21:44:05 73      TRV_BBG000BJ81C1_2021-03-10
2021-05-30 21:44:05 74      TSCO_BBG000BLXZN1_2021-03-10
2021-05-30 21:44:05 76      TSLA_BBG000N9MNX3_2021-03-10
2021-05-30 21:44:06 08      TSLA: BuyPending. Strategy: MorningOpenStrategy. Price: 672. Lots: 1. ChangeOpenToCurrent: -2.05. ChangePrevCloseToCurrent: -1.69. Candle: ID:24, Time: 4:00, Close: 672.
2021-05-30 21:44:06 08      TSLA: OrderID: 11ef7bad. PlacedOrder. Status: New. RejectReason: 
2021-05-30 21:44:06 08      TSLA: OrderID: 11ef7bad fully executed
2021-05-30 21:44:06 09      TSLA: Morning closing. Close price: 684.01. Lots: 1. CandleChange: -0.12%. ChangeFromCandleHigh: -0.12%. Profit: 12.01(1.79%). Candle: ID:559, Time: 4:15, Close: 684.01
2021-05-30 21:44:06 09      TSLA: OrderID: 7386dd7b. PlacedOrder. Status: New. RejectReason: 
2021-05-30 21:44:06 09      TSLA: OrderID: 7386dd7b fully executed
2021-05-30 21:44:06 09      TSLA: SPYKE!. Candle: ID:2834, Time: 7:45, Close: 698.5
2021-05-30 21:44:06 34      TSM_BBG000BD8ZK0_2021-03-10
2021-05-30 21:44:06 42      TSN_BBG000DKCC19_2021-03-10
2021-05-30 21:44:06 43      TT_BBG000BM6788_2021-03-10
2021-05-30 21:44:06 44      TTC_BBG000BVQRY3_2021-03-10
2021-05-30 21:44:06 45      TTD_BBG00629NGT2_2021-03-10
2021-05-30 21:44:06 46      TTEK_BBG000BYZ0Q5_2021-03-10
2021-05-30 21:44:06 47      TTM_BBG000PVGDH9_2021-03-10
2021-05-30 21:44:06 48      TTMI_BBG000BYQ0B1_2021-03-10
2021-05-30 21:44:06 49      TTWO_BBG000BS1YV5_2021-03-10
2021-05-30 21:44:06 51      TW_BBG00NK8H8T2_2021-03-10
2021-05-30 21:44:06 52      TWLO_BBG0029ZX840_2021-03-10
2021-05-30 21:44:06 55      TWNK_BBG00B6KGNN1_2021-03-10
2021-05-30 21:44:06 55      TWOU_BBG001KS9450_2021-03-10
2021-05-30 21:44:06 57      TWTR_BBG000H6HNW3_2021-03-10
2021-05-30 21:44:06 65      TXG_BBG007WX14X0_2021-03-10
2021-05-30 21:44:06 66      TXN_BBG000BVV7G1_2021-03-10
2021-05-30 21:44:06 71      TXRH_BBG000PSJMV7_2021-03-10
2021-05-30 21:44:06 72      TXT_BBG000BVVQQ8_2021-03-10
2021-05-30 21:44:06 73      TYL_BBG000BVWZF9_2021-03-10
2021-05-30 21:44:06 74      UA_BBG009DTD8H2_2021-03-10
2021-05-30 21:44:06 74      UAA_BBG000BXM6V2_2021-03-10
2021-05-30 21:44:06 76      UAL_BBG000M65M61_2021-03-10
2021-05-30 21:44:06 80      UBER_BBG002B04MT8_2021-03-10
2021-05-30 21:44:06 88      UCTT_BBG000HSLV70_2021-03-10
2021-05-30 21:44:06 89      UDR_BBG000C41023_2021-03-10
2021-05-30 21:44:06 91      UFPI_BBG000BL0T06_2021-03-10
2021-05-30 21:44:06 92      UFS_BBG000BHFHP8_2021-03-10
2021-05-30 21:44:06 93      UGI_BBG000BVYN55_2021-03-10
2021-05-30 21:44:06 94      UHS_BBG000CB8Q50_2021-03-10
2021-05-30 21:44:06 94      UI_BBG001R72SR9_2021-03-10
2021-05-30 21:44:06 95      ULTA_BBG00FWQ4VD6_2021-03-10
2021-05-30 21:44:06 96      UMBF_BBG000DD8WX1_2021-03-10
2021-05-30 21:44:06 97      UNF_BBG000BW29L1_2021-03-10
2021-05-30 21:44:06 97      UNH_BBG000CH5208_2021-03-10
2021-05-30 21:44:06 99      UNM_BBG000BW2QX0_2021-03-10
2021-05-30 21:44:07 01      UNP_BBG000BW3299_2021-03-10
2021-05-30 21:44:07 02      UNVR_BBG000BDHD29_2021-03-10
2021-05-30 21:44:07 03      UPS_BBG000L9CV04_2021-03-10
2021-05-30 21:44:07 05      UPWK_BBG00FBJ6390_2021-03-10
2021-05-30 21:44:07 07      URBN_BBG000BL79J3_2021-03-10
2021-05-30 21:44:07 08      URI_BBG000BXMFC3_2021-03-10
2021-05-30 21:44:07 09      USB_BBG000FFDM15_2021-03-10
2021-05-30 21:44:07 11      USFD_BBG00C6H6D40_2021-03-10
2021-05-30 21:44:07 12      USM_BBG000BW6P59_2021-03-10
2021-05-30 21:44:07 13      USNA_BBG000BX28M0_2021-03-10
2021-05-30 21:44:07 13      USPH_BBG000CSRSG6_2021-03-10
2021-05-30 21:44:07 14      UTHR_BBG000BV4XJ1_2021-03-10
2021-05-30 21:44:07 15      UTL_BBG000BW7X97_2021-03-10
2021-05-30 21:44:07 15      V_BBG000PSKYX7_2021-03-10
2021-05-30 21:44:07 19      VAC_BBG001J2R5H3_2021-03-10
2021-05-30 21:44:07 20      VALE_BBG000BN5LG7_2021-03-10
2021-05-30 21:44:07 22      VC_BBG0016T3GQ0_2021-03-10
2021-05-30 21:44:07 23      VCEL_BBG000BDCM24_2021-03-10
2021-05-30 21:44:07 23      VCRA_BBG00179VSY7_2021-03-10
2021-05-30 21:44:07 24      VCYT_BBG001J2M542_2021-03-10
2021-05-30 21:44:07 25      VEEV_BBG001CGB489_2021-03-10
2021-05-30 21:44:07 26      VEON_BBG000QCW561_2021-03-10
2021-05-30 21:44:07 29      VFC_BBG000BWCKB6_2021-03-10
2021-05-30 21:44:07 31      VG_BBG000BRB5D9_2021-03-10
2021-05-30 21:44:07 32      VIAC_BBG000C496P7_2021-03-10
2021-05-30 21:44:07 37      VICR_BBG000C3VHF1_2021-03-10
2021-05-30 21:44:07 38      VIE_BBG00K6P5XM1_2021-03-10
2021-05-30 21:44:07 38      VIPS_BBG002NLDLV8_2021-03-10
2021-05-30 21:44:07 40      VIR_BBG00H2QQ8T5_2021-03-10
2021-05-30 21:44:07 42      VLO_BBG000BBGGQ1_2021-03-10
2021-05-30 21:44:07 47      VMC_BBG000BWGYF8_2021-03-10
2021-05-30 21:44:07 48      VMI_BBG000BWB7V4_2021-03-10
2021-05-30 21:44:07 49      VMW_BBG000BC9938_2021-03-10
2021-05-30 21:44:07 50      VNDA_BBG000HT5MG6_2021-03-10
2021-05-30 21:44:07 51      VNE_BBG00K4MPP27_2021-03-10
2021-05-30 21:44:07 52      VNO_BBG000BWHD54_2021-03-10
2021-05-30 21:44:07 52      VNT_BBG00RRGSJR4_2021-03-10
2021-05-30 21:44:07 53      VPG_BBG000PRQ0V9_2021-03-10
2021-05-30 21:44:07 54      VREX_BBG00CZNLR47_2021-03-10
2021-05-30 21:44:07 54      VRNS_BBG001Y04TN6_2021-03-10
2021-05-30 21:44:07 55      VRNT_BBG000BCBYT2_2021-03-10
2021-05-30 21:44:07 56      VRSK_BBG000BCZL41_2021-03-10
2021-05-30 21:44:07 57      VRSN_BBG000BGKHZ3_2021-03-10
2021-05-30 21:44:07 59      VRTS_BBG000DMFQS2_2021-03-10
2021-05-30 21:44:07 59      VRTV_BBG005XZHR97_2021-03-10
2021-05-30 21:44:07 60      VRTX_BBG000C1S2X2_2021-03-10
2021-05-30 21:44:07 62      VTR_BBG000FRVHB9_2021-03-10
2021-05-30 21:44:07 63      VTRS_BBG00Y4RQNH4_2021-03-10
2021-05-30 21:44:07 66      VZ_BBG000HS77T5_2021-03-10
2021-05-30 21:44:07 69      W_BBG001B17MV2_2021-03-10
2021-05-30 21:44:07 70      WAB_BBG000BDD940_2021-03-10
2021-05-30 21:44:07 71      WAL_BBG000Q1KFH4_2021-03-10
2021-05-30 21:44:07 72      WAT_BBG000FQRVM3_2021-03-10
2021-05-30 21:44:07 73      WB_BBG0065XPGX9_2021-03-10
2021-05-30 21:44:07 74      WBA_BBG000BWLMJ4_2021-03-10
2021-05-30 21:44:07 77      WCC_BBG000D0FNV3_2021-03-10
2021-05-30 21:44:07 77      WDAY_BBG000VC0T95_2021-03-10
2021-05-30 21:44:07 80      WDC_BBG000BWNFZ9_2021-03-10
2021-05-30 21:44:07 82      WDFC_BBG000BWNV93_2021-03-10
2021-05-30 21:44:07 83      WEC_BBG000BWP7D9_2021-03-10
2021-05-30 21:44:07 84      WELL_BBG000BKY1G5_2021-03-10
2021-05-30 21:44:07 85      WERN_BBG000BWPP85_2021-03-10
2021-05-30 21:44:07 86      WEX_BBG000BVZP59_2021-03-10
2021-05-30 21:44:07 87      WFC_BBG000BWQFY7_2021-03-10
2021-05-30 21:44:07 92      WGO_BBG000BWS3F3_2021-03-10
2021-05-30 21:44:07 93      WH_BBG00HCY3Q67_2021-03-10
2021-05-30 21:44:07 94      WHD_BBG00JRH1P95_2021-03-10
2021-05-30 21:44:07 95      WHR_BBG000BWSV34_2021-03-10
2021-05-30 21:44:07 96      WING_BBG008N298Y8_2021-03-10
2021-05-30 21:44:07 97      WK_BBG007BVZ8H9_2021-03-10
2021-05-30 21:44:07 97      WLK_BBG000PXZFW2_2021-03-10
2021-05-30 21:44:07 98      WLTW_BBG000DB3KT1_2021-03-10
2021-05-30 21:44:07 99      WM_BBG000BWVSR1_2021-03-10
2021-05-30 21:44:08 01      WMB_BBG000BWVCP8_2021-03-10
2021-05-30 21:44:08 03      WMT_BBG000BWXBC2_2021-03-10
2021-05-30 21:44:08 08      WOR_BBG000HL7499_2021-03-10
2021-05-30 21:44:08 09      WORK_BBG007G7V505_2021-03-10
2021-05-30 21:44:08 10      WRB_BBG000BD1HP2_2021-03-10
2021-05-30 21:44:08 11      WRK_BBG008NXC572_2021-03-10
2021-05-30 21:44:08 13      WRLD_BBG000C3G9J2_2021-03-10
2021-05-30 21:44:08 13      WSC_BBG00B0FS947_2021-03-10
2021-05-30 21:44:08 14      WSM_BBG000FSMWC3_2021-03-10
2021-05-30 21:44:08 15      WSO_BBG000DJN7L9_2021-03-10
2021-05-30 21:44:08 16      WST_BBG000BX24N8_2021-03-10
2021-05-30 21:44:08 16      WTFC_BBG000HD3DW5_2021-03-10
2021-05-30 21:44:08 17      WTS_BBG000C4Z6C2_2021-03-10
2021-05-30 21:44:08 18      WTTR_BBG00G4Y2DC1_2021-03-10
2021-05-30 21:44:08 18      WU_BBG000BB5373_2021-03-10
2021-05-30 21:44:08 19      WWD_BBG000BD53V2_2021-03-10
2021-05-30 21:44:08 20      WWE_BBG000F5YH15_2021-03-10
2021-05-30 21:44:08 21      WWW_BBG000BX2YN2_2021-03-10
2021-05-30 21:44:08 22      WY_BBG000BX3BL3_2021-03-10
2021-05-30 21:44:08 23      WYNN_BBG000LD9JQ8_2021-03-10
2021-05-30 21:44:08 25      XEC_BBG000D6L294_2021-03-10
2021-05-30 21:44:08 26      XEL_BBG000BCTQ65_2021-03-10
2021-05-30 21:44:08 29      XLNX_BBG000C0F570_2021-03-10
2021-05-30 21:44:08 31      XLRN_BBG000R5HWZ1_2021-03-10
2021-05-30 21:44:08 31      XNCR_BBG0026ZG4W0_2021-03-10
2021-05-30 21:44:08 32      XOM_BBG000GZQ728_2021-03-10
2021-05-30 21:44:08 39      XPO_BBG000L5CJF3_2021-03-10
2021-05-30 21:44:08 39      XRAY_BBG000BX57K1_2021-03-10
2021-05-30 21:44:08 41      XRX_BBG00NNG2ZJ8_2021-03-10
2021-05-30 21:44:08 42      XYL_BBG001D8R5D0_2021-03-10
2021-05-30 21:44:08 43      Y_BBG000BX6BJ3_2021-03-10
2021-05-30 21:44:08 43      YELP_BBG000Q2HM09_2021-03-10
2021-05-30 21:44:08 44      YETI_BBG00D8JC882_2021-03-10
2021-05-30 21:44:08 45      YEXT_BBG001MKZGY7_2021-03-10
2021-05-30 21:44:08 45      YUM_BBG000BH3GZ2_2021-03-10
2021-05-30 21:44:08 47      YUMC_BBG00B8N0HG1_2021-03-10
2021-05-30 21:44:08 48      YY_BBG003H0XV18_2021-03-10
2021-05-30 21:44:08 49      Z_BBG009NRSWJ4_2021-03-10
2021-05-30 21:44:08 53      ZBH_BBG000BKPL53_2021-03-10
2021-05-30 21:44:08 54      ZBRA_BBG000CC7LQ7_2021-03-10
2021-05-30 21:44:08 55      ZEN_BBG001HRFJG4_2021-03-10
2021-05-30 21:44:08 56      ZG_BBG000D13GN8_2021-03-10
2021-05-30 21:44:08 58      ZGNX_BBG000VDC3G9_2021-03-10
2021-05-30 21:44:08 59      ZI_BBG00S1HJ3M8_2021-03-10
2021-05-30 21:44:08 60      ZION_BBG000BX9WL1_2021-03-10
2021-05-30 21:44:08 62      ZM_BBG0042V6JM8_2021-03-10
2021-05-30 21:44:08 68      ZNH_BBG000BXQ7R1_2021-03-10
2021-05-30 21:44:08 68      ZS_BBG003338H34_2021-03-10
2021-05-30 21:44:08 70      ZTS_BBG0039320N9_2021-03-10
2021-05-30 21:44:08 71      ZUMZ_BBG000PYX812_2021-03-10
2021-05-30 21:44:08 72      ZUO_BBG000BT3HG5_2021-03-10
2021-05-30 21:44:08 72      ZYNE_BBG007BBS8B7_2021-03-10
2021-05-30 21:44:08 78      ZYXI_BBG000BJBXZ2_2021-03-10
2021-05-30 21:44:08 80      Total candles read: 5901183
2021-05-30 21:44:08 80      Start DisposeAsync...
2021-05-30 21:44:08 80      Trade statistic. Total/Pos/Neg: 5/4/0; Profit: 24.73; Volume: 0; MaxVolume: 1146.88; Commission: 1.629045;
2021-05-30 21:44:08 80      BaseBot::DisposeAsync...
2021-05-30 21:44:08 81      BaseBot::DisposeAsync done!
2021-05-30 21:44:08 81      End DisposeAsync...
