2021-06-08 00:53:37 37      mode=TestTradeBot;DumpQuotes=false;SubscribeQuotes=false;Strategies=MorningOpenStrategy;Token=token.txt;ConfigPath=usd.json;OutputFolder=.\test\;CandlesPath=C:\tinkoff\TestData\RawQuotes\5m\uncompressed\quotes_2021-03-18;
2021-06-08 00:53:37 38      Trade bot created
2021-06-08 00:53:37 41      Fake connection created
2021-06-08 00:53:38 15      List of disabled tickers: 
2021-06-08 00:53:38 17      A_BBG000C2V3D6_2021-03-18
2021-06-08 00:53:38 25      AA_BBG00B3T3HD3_2021-03-18
2021-06-08 00:53:38 30      AAL_BBG005P7Q881_2021-03-18
2021-06-08 00:53:38 36      AAL: BuyPending. Strategy: MorningOpenStrategy. Price: 24.61. Lots: 10. ChangeOpenToCurrent: -2.53. ChangePrevCloseToCurrent: -2.42. Candle: ID:17, Time: 4:00, Close: 24.61.
2021-06-08 00:53:38 37      AAL: OrderID: 3e00e66b. PlacedOrder. Status: New. RejectReason: 
2021-06-08 00:53:38 37      AAL: OrderID: 3e00e66b fully executed
2021-06-08 00:53:38 37      AAL: SPYKE!. Candle: ID:18, Time: 4:00, Close: 24.08
2021-06-08 00:53:38 37      AAL: Buy more. Price: 24.08. Lots: 10. changeFromLastBuy: -2.15. Candle: ID:18, Time: 4:00, Close: 24.08.
2021-06-08 00:53:38 37      AAL: OrderID: 2ff16f47. PlacedOrder. Status: New. RejectReason: 
2021-06-08 00:53:38 37      AAL: Morning closing. Close price: 25.1. Lots: 10. CandleChange: -0.04%. ChangeFromCandleHigh: -0.32%. Profit: 0.49(1.99%). Candle: ID:84, Time: 4:05, Close: 25.1
2021-06-08 00:53:38 37      AAL: OrderID: bfd16fba. PlacedOrder. Status: New. RejectReason: 
2021-06-08 00:53:38 37      AAL: OrderID: 2ff16f47 automatically canceling...
2021-06-08 00:53:38 37      AAL: OrderID: bfd16fba partially executed. Executed lots: 1. OrderStatus: 1/10 lots
2021-06-08 00:53:38 37      OrderID: 2ff16f47 successfully canceled
2021-06-08 00:53:38 37      AAL: OrderID: bfd16fba partially executed. Executed lots: 8. OrderStatus: 9/10 lots
2021-06-08 00:53:38 37      AAL: OrderID: bfd16fba fully executed
2021-06-08 00:53:38 46      Exception happened while copiyng file. Error: Could not find a part of the path 'C:\tinkoff\Configuration\test\AAL_BBG005P7Q881_2021-03-18.csv'.
2021-06-08 00:53:38 47      AAN_BBG00WCNDCZ6_2021-03-18
2021-06-08 00:53:38 48      AAON_BBG000C2LZP3_2021-03-18
2021-06-08 00:53:38 49      AAP_BBG000F7RCJ1_2021-03-18
2021-06-08 00:53:38 51      AAPL_BBG000B9XRY4_2021-03-18
2021-06-08 00:53:39 05      ABBV_BBG0025Y4RY4_2021-03-18
2021-06-08 00:53:39 10      ABC_BBG000MDCQC2_2021-03-18
2021-06-08 00:53:39 11      ABG_BBG000BKDWB5_2021-03-18
2021-06-08 00:53:39 12      ABMD_BBG000C101X4_2021-03-18
2021-06-08 00:53:39 14      ABNB_BBG001Y2XS07_2021-03-18
2021-06-08 00:53:39 19      ABT_BBG000B9ZXB4_2021-03-18
2021-06-08 00:53:39 23      ACAD_BBG000BHG9K0_2021-03-18
2021-06-08 00:53:39 27      ACH_BBG000CMRVH1_2021-03-18
2021-06-08 00:53:39 28      ACH: BuyPending. Strategy: MorningOpenStrategy. Price: 12.82. Lots: 19. ChangeOpenToCurrent: -0.62. ChangePrevCloseToCurrent: -2.14. Candle: ID:9, Time: 7:00, Close: 12.82.
2021-06-08 00:53:39 28      ACH: OrderID: 8211cf56. PlacedOrder. Status: New. RejectReason: 
2021-06-08 00:53:39 28      ACH: Cancel order. Did not bought at market open. Candle: ID:31, Time: 7:05, Close: 12.91
2021-06-08 00:53:39 28      OrderID: 8211cf56 successfully canceled
2021-06-08 00:53:39 29      ACM_BBG000F61RJ8_2021-03-18
2021-06-08 00:53:39 31      ACMR_BBG00HPSG933_2021-03-18
2021-06-08 00:53:39 32      ACN_BBG000D9D830_2021-03-18
2021-06-08 00:53:39 35      ADBE_BBG000BB5006_2021-03-18
2021-06-08 00:53:39 41      ADM_BBG000BB6WG8_2021-03-18
2021-06-08 00:53:39 42      ADP_BBG000JG0547_2021-03-18
2021-06-08 00:53:39 45      ADPT_BBG001J2PFF5_2021-03-18
2021-06-08 00:53:39 48      ADS_BBG000BFNR17_2021-03-18
2021-06-08 00:53:39 49      ADSK_BBG000BM7HL0_2021-03-18
2021-06-08 00:53:39 53      ADUS_BBG000NJGX84_2021-03-18
2021-06-08 00:53:39 53      AEE_BBG000B9X8C0_2021-03-18
2021-06-08 00:53:39 55      AEIS_BBG000FKMP26_2021-03-18
2021-06-08 00:53:39 56      AEO_BBG000BGXZB5_2021-03-18
2021-06-08 00:53:39 58      AERI_BBG001KJ7WJ5_2021-03-18
2021-06-08 00:53:39 60      AES_BBG000C23KJ3_2021-03-18
2021-06-08 00:53:39 62      AFG_BBG000DPKKK0_2021-03-18
2021-06-08 00:53:39 63      AFL_BBG000BBBNC6_2021-03-18
2021-06-08 00:53:39 66      AGCO_BBG000DCCZW2_2021-03-18
2021-06-08 00:53:39 68      AGIO_BBG000QY4ZD0_2021-03-18
2021-06-08 00:53:39 69      AGIO: BuyPending. Strategy: MorningOpenStrategy. Price: 50.81. Lots: 4. ChangeOpenToCurrent: 0.08. ChangePrevCloseToCurrent: -2.25. Candle: ID:9, Time: 7:00, Close: 50.81.
2021-06-08 00:53:39 69      AGIO: OrderID: a850907e. PlacedOrder. Status: New. RejectReason: 
2021-06-08 00:53:39 69      AGIO: OrderID: a850907e fully executed
2021-06-08 00:53:39 69      AGIO: Morning closing by timeout. Close price: 50.96. Lots: 4. Profit: 0.15(0.30%). Candle: ID:28, Time: 7:20, Close: 50.96
2021-06-08 00:53:39 69      AGIO: OrderID: 53aaaf9c. PlacedOrder. Status: New. RejectReason: 
2021-06-08 00:53:39 69      AGIO: OrderID: 53aaaf9c fully executed
2021-06-08 00:53:39 69      Exception happened while copiyng file. Error: Could not find a part of the path 'C:\tinkoff\Configuration\test\AGIO_BBG000QY4ZD0_2021-03-18.csv'.
2021-06-08 00:53:39 70      AIG_BBG000BBDZG3_2021-03-18
2021-06-08 00:53:39 72      AIR_BBG000BBGQF1_2021-03-18
2021-06-08 00:53:39 73      AIRC_BBG00XK3WVD0_2021-03-18
2021-06-08 00:53:39 74      AIT_BBG000BBHHP9_2021-03-18
2021-06-08 00:53:39 75      AIV_BBG000DD3510_2021-03-18
2021-06-08 00:53:39 76      AIV_old_TCS3748R7540_2021-03-18
2021-06-08 00:53:39 76      Warning: figi `old` for history data does not match actual figi `BBG000DD3510`. Ticker: AIV. Will be used actual!
2021-06-08 00:53:39 77      AIZ_BBG000BZX1N5_2021-03-18
2021-06-08 00:53:39 78      AJG_BBG000BBHXQ3_2021-03-18
2021-06-08 00:53:39 79      AJRD_BBG000BKRHQ7_2021-03-18
2021-06-08 00:53:39 81      AKAM_BBG000BJQWD2_2021-03-18
2021-06-08 00:53:39 83      ALB_BBG000BJ26K7_2021-03-18
2021-06-08 00:53:39 85      ALGN_BBG000BRNLL2_2021-03-18
2021-06-08 00:53:39 87      ALGT_BBG000LJS6B8_2021-03-18
2021-06-08 00:53:39 88      ALK_BBG000BBL0Y1_2021-03-18
2021-06-08 00:53:39 89      ALL_BBG000BVMGF2_2021-03-18
2021-06-08 00:53:39 92      ALLE_BBG003PS7JV1_2021-03-18
2021-06-08 00:53:39 93      ALLK_BBG003QBJKN0_2021-03-18
2021-06-08 00:53:39 95      ALLO_BBG00KHRRDX3_2021-03-18
2021-06-08 00:53:39 96      ALLY_BBG000BC2R71_2021-03-18
2021-06-08 00:53:39 99      ALNY_BBG000BFGNJ5_2021-03-18
2021-06-08 00:53:40 01      ALRM_BBG007GNPYY7_2021-03-18
2021-06-08 00:53:40 03      ALSN_BBG001KY3845_2021-03-18
2021-06-08 00:53:40 04      ALTR_BBG000PN9NB9_2021-03-18
2021-06-08 00:53:40 05      ALXN_BBG000G30YX4_2021-03-18
2021-06-08 00:53:40 08      AMAT_BBG000BBPFB9_2021-03-18
2021-06-08 00:53:40 15      AMCX_BBG000H01H92_2021-03-18
2021-06-08 00:53:40 17      AMD_BBG000BBQCY0_2021-03-18
2021-06-08 00:53:40 39      AME_BBG000B9XG87_2021-03-18
2021-06-08 00:53:40 40      AMED_BBG000B9ZV28_2021-03-18
2021-06-08 00:53:40 42      AMG_BBG000C060M4_2021-03-18
2021-06-08 00:53:40 43      AMGN_BBG000BBS2Y0_2021-03-18
2021-06-08 00:53:40 48      AMN_BBG000BCT197_2021-03-18
2021-06-08 00:53:40 49      AMP_BBG000G3QLY3_2021-03-18
2021-06-08 00:53:40 51      AMT_BBG000B9XYV2_2021-03-18
2021-06-08 00:53:40 53      AMWD_BBG000BBX657_2021-03-18
2021-06-08 00:53:40 54      AMZN_BBG000BVPV84_2021-03-18
2021-06-08 00:53:40 63      AN_BBG000BBXLW4_2021-03-18
2021-06-08 00:53:40 65      ANAB_BBG0026ZDHR0_2021-03-18
2021-06-08 00:53:40 66      ANDE_BBG000BF8CN3_2021-03-18
2021-06-08 00:53:40 67      ANET_BBG000N2HDY5_2021-03-18
2021-06-08 00:53:40 69      ANF_BBG000H9G7X2_2021-03-18
2021-06-08 00:53:40 70      ANGI_BBG00HVKH3Q0_2021-03-18
2021-06-08 00:53:40 71      ANIK_BBG000BBKZD8_2021-03-18
2021-06-08 00:53:40 72      ANIP_BBG000KK1L04_2021-03-18
2021-06-08 00:53:40 73      ANSS_BBG000GXZ4W7_2021-03-18
2021-06-08 00:53:40 74      ANTM_BBG000BCG930_2021-03-18
2021-06-08 00:53:40 76      AON_BBG00SSQFPK6_2021-03-18
2021-06-08 00:53:40 77      AOS_BBG000BC1L02_2021-03-18
2021-06-08 00:53:40 79      AOUT_BBG00QV8FS02_2021-03-18
2021-06-08 00:53:40 80      AOUT: BuyPending. Strategy: MorningOpenStrategy. Price: 25.08. Lots: 9. ChangeOpenToCurrent: 3.21. ChangePrevCloseToCurrent: -3.80. Candle: ID:20, Time: 7:00, Close: 25.08.
2021-06-08 00:53:40 80      AOUT: OrderID: 55ac9d92. PlacedOrder. Status: New. RejectReason: 
2021-06-08 00:53:40 80      AOUT: OrderID: 55ac9d92 partially executed. Executed lots: 1. OrderStatus: 1/9 lots
2021-06-08 00:53:40 80      AOUT: OrderID: 55ac9d92 partially executed. Executed lots: 1. OrderStatus: 2/9 lots
2021-06-08 00:53:40 80      AOUT: OrderID: 55ac9d92 partially executed. Executed lots: 2. OrderStatus: 4/9 lots
2021-06-08 00:53:40 80      AOUT: OrderID: 55ac9d92 partially executed. Executed lots: 1. OrderStatus: 5/9 lots
2021-06-08 00:53:40 80      AOUT: OrderID: 55ac9d92 partially executed. Executed lots: 1. OrderStatus: 6/9 lots
2021-06-08 00:53:40 80      AOUT: OrderID: 55ac9d92 partially executed. Executed lots: 1. OrderStatus: 7/9 lots
2021-06-08 00:53:40 80      AOUT: OrderID: 55ac9d92 fully executed
2021-06-08 00:53:40 80      AOUT: Morning closing. Close price: 25.31. Lots: 9. CandleChange: 1.24%. ChangeFromCandleHigh: -1.13%. Profit: 0.23(0.92%). Candle: ID:45, Time: 7:05, Close: 25.31
2021-06-08 00:53:40 80      AOUT: OrderID: 72dbba01. PlacedOrder. Status: New. RejectReason: 
2021-06-08 00:53:40 80      AOUT: OrderID: 72dbba01 partially executed. Executed lots: 2. OrderStatus: 2/9 lots
2021-06-08 00:53:40 80      AOUT: OrderID: 72dbba01 partially executed. Executed lots: 2. OrderStatus: 4/9 lots
2021-06-08 00:53:40 80      AOUT: OrderID: 72dbba01 fully executed
2021-06-08 00:53:40 80      AOUT: SPYKE!. Candle: ID:129, Time: 8:05, Close: 26.5
2021-06-08 00:53:40 80      Exception happened while copiyng file. Error: Could not find a part of the path 'C:\tinkoff\Configuration\test\AOUT_BBG00QV8FS02_2021-03-18.csv'.
2021-06-08 00:53:40 80      APA_BBG00YTS96G2_2021-03-18
2021-06-08 00:53:40 82      APA: SPYKE!. Candle: ID:9, Time: 7:00, Close: 20.78
2021-06-08 00:53:40 82      APA: SPYKE!. Candle: ID:104, Time: 9:50, Close: 20.75
2021-06-08 00:53:40 84      APD_BBG000BC4JJ4_2021-03-18
2021-06-08 00:53:40 86      APEI_BBG000RVD346_2021-03-18
2021-06-08 00:53:40 87      APEI: SPYKE!. Candle: ID:30, Time: 7:10, Close: 34.2
2021-06-08 00:53:40 87      APH_BBG000B9YJ35_2021-03-18
2021-06-08 00:53:40 89      APLE_BBG006473QX9_2021-03-18
2021-06-08 00:53:40 91      APLT_BBG000DD0489_2021-03-18
2021-06-08 00:53:40 92      APLT: SPYKE!. Candle: ID:555, Time: 16:55, Close: 21.98
2021-06-08 00:53:40 92      APLT: SPYKE!. Candle: ID:571, Time: 17:00, Close: 22.57
2021-06-08 00:53:40 92      APPF_BBG008GC8CP6_2021-03-18
2021-06-08 00:53:40 93      APPN_BBG001C7PMJ2_2021-03-18
2021-06-08 00:53:40 96      APPS_BBG000HZ3562_2021-03-18
2021-06-08 00:53:40 99      APTV_BBG001QD41M9_2021-03-18
2021-06-08 00:53:41 00      ARCC_BBG000PD6X77_2021-03-18
2021-06-08 00:53:41 02      ARCT_BBG00NNW8JK1_2021-03-18
2021-06-08 00:53:41 04      ARE_BBG000BC33T9_2021-03-18
2021-06-08 00:53:41 05      ARMK_BBG001KY4N87_2021-03-18
2021-06-08 00:53:41 06      ARNA_BBG000BKXBV7_2021-03-18
2021-06-08 00:53:41 07      ARNC_BBG00R45JYB7_2021-03-18
2021-06-08 00:53:41 08      ARNC: SPYKE!. Candle: ID:13, Time: 7:15, Close: 31.9
2021-06-08 00:53:41 08      ARQT_BBG00QN8K4M4_2021-03-18
2021-06-08 00:53:41 09      ARVN_BBG00LW7YK82_2021-03-18
2021-06-08 00:53:41 10      ARW_BBG000BCD3D5_2021-03-18
2021-06-08 00:53:41 11      ARWR_BBG000BRVKH0_2021-03-18
2021-06-08 00:53:41 12      ASGN_BBG000CRN8N8_2021-03-18
2021-06-08 00:53:41 13      ASH_BBG00D0Y81M1_2021-03-18
2021-06-08 00:53:41 14      ASIX_BBG00CWTTQ41_2021-03-18
2021-06-08 00:53:41 15      ATEX_BBG0081NLHR0_2021-03-18
2021-06-08 00:53:41 15      ATGE_BBG000DQBZJ7_2021-03-18
2021-06-08 00:53:41 16      ATKR_BBG000QTFDQ4_2021-03-18
2021-06-08 00:53:41 17      ATR_BBG000BGX2S0_2021-03-18
2021-06-08 00:53:41 18      ATRA_BBG005Q3MQY4_2021-03-18
2021-06-08 00:53:41 22      ATRC_BBG000BL6CB5_2021-03-18
2021-06-08 00:53:41 23      ATRI_BBG000DTT624_2021-03-18
2021-06-08 00:53:41 24      ATRO_BBG000BCLBY5_2021-03-18
2021-06-08 00:53:41 26      ATUS_BBG00GFMPRK0_2021-03-18
2021-06-08 00:53:41 29      ATVI_BBG000CVWGS6_2021-03-18
2021-06-08 00:53:41 34      AVAV_BBG000GX14P2_2021-03-18
2021-06-08 00:53:41 35      AVB_BBG000BLPBL5_2021-03-18
2021-06-08 00:53:41 37      AVGO_BBG00KHY5S69_2021-03-18
2021-06-08 00:53:41 41      AVLR_BBG000R4Y9C1_2021-03-18
2021-06-08 00:53:41 43      AVNS_BBG005L86G05_2021-03-18
2021-06-08 00:53:41 44      AVNT_BBG000C8NJ10_2021-03-18
2021-06-08 00:53:41 45      AVTR_BBG00G2HHYD7_2021-03-18
2021-06-08 00:53:41 47      AVY_BBG000BCQ4P6_2021-03-18
2021-06-08 00:53:41 49      AWI_BBG000DW4LB1_2021-03-18
2021-06-08 00:53:41 50      AWK_BBG000TRJ294_2021-03-18
2021-06-08 00:53:41 51      AWR_BBG000F964B6_2021-03-18
2021-06-08 00:53:41 52      AX_BBG000QPHD08_2021-03-18
2021-06-08 00:53:41 53      AXGN_BBG000BN46R9_2021-03-18
2021-06-08 00:53:41 54      AXP_BBG000BCQZS4_2021-03-18
2021-06-08 00:53:41 58      AXSM_BBG00B6G7GL7_2021-03-18
2021-06-08 00:53:41 59      AYI_BBG000BJ5HK0_2021-03-18
2021-06-08 00:53:41 60      AYX_BBG000BGZT72_2021-03-18
2021-06-08 00:53:41 64      AZO_BBG000C7LMS8_2021-03-18
2021-06-08 00:53:41 65      AZPN_BBG000DFMXT3_2021-03-18
2021-06-08 00:53:41 66      BA_BBG000BCSST7_2021-03-18
2021-06-08 00:53:41 74      BABA_BBG006G2JVL2_2021-03-18
2021-06-08 00:53:41 89      BAC_BBG000BCTLF6_2021-03-18
2021-06-08 00:53:41 99      BAH_BBG000R2YFG7_2021-03-18
2021-06-08 00:53:42 00      BAND_BBG001K003W2_2021-03-18
2021-06-08 00:53:42 02      BAX_BBG000BCVJ77_2021-03-18
2021-06-08 00:53:42 04      BBIO_BBG00P9KDZK6_2021-03-18
2021-06-08 00:53:42 05      BBSI_BBG000BHJSC4_2021-03-18
2021-06-08 00:53:42 06      BBY_BBG000BCWCG1_2021-03-18
2021-06-08 00:53:42 08      BC_BBG000BCWSS3_2021-03-18
2021-06-08 00:53:42 11      BCO_BBG000DR5QP5_2021-03-18
2021-06-08 00:53:42 12      BCPC_BBG000BCY878_2021-03-18
2021-06-08 00:53:42 12      BDC_BBG000Q4XNV1_2021-03-18
2021-06-08 00:53:42 13      BDTX_BBG00MS4Y0W9_2021-03-18
2021-06-08 00:53:42 14      BDX_BBG000BCZYD3_2021-03-18
2021-06-08 00:53:42 16      BECN_BBG000BKTXF2_2021-03-18
2021-06-08 00:53:42 17      BEN_BBG000BD0TF8_2021-03-18
2021-06-08 00:53:42 19      BERY_BBG000Q1R1Y9_2021-03-18
2021-06-08 00:53:42 20      BF.B_BBG000BD2NY8_2021-03-18
2021-06-08 00:53:42 21      BFAM_BBG003LFWP05_2021-03-18
2021-06-08 00:53:42 22      BFYT_BBG003QRSQD3_2021-03-18
2021-06-08 00:53:42 22      BGS_BBG000RKXRQ1_2021-03-18
2021-06-08 00:53:42 24      BH_BBG00JPRDQH1_2021-03-18
2021-06-08 00:53:42 24      BHF_BBG00DYPZ4T0_2021-03-18
2021-06-08 00:53:42 26      BIDU_BBG000QXWHD1_2021-03-18
2021-06-08 00:53:42 38      BIG_BBG000J0D904_2021-03-18
2021-06-08 00:53:42 40      BIIB_BBG000C17X76_2021-03-18
2021-06-08 00:53:42 43      BILI_BBG00K7T3037_2021-03-18
2021-06-08 00:53:42 48      BILL_BBG00QVJV6V4_2021-03-18
2021-06-08 00:53:42 50      BIO_BBG000DY28W5_2021-03-18
2021-06-08 00:53:42 51      BJRI_BBG000H9LNX1_2021-03-18
2021-06-08 00:53:42 52      BK_BBG000BD8PN9_2021-03-18
2021-06-08 00:53:42 57      BKI_BBG00GX77LW3_2021-03-18
2021-06-08 00:53:42 58      BKNG_BBG000BLBVN4_2021-03-18
2021-06-08 00:53:42 60      BKR_BBG00GBVBK51_2021-03-18
2021-06-08 00:53:42 62      BL_BBG0029KJVB0_2021-03-18
2021-06-08 00:53:42 64      BLD_BBG0077VS2C0_2021-03-18
2021-06-08 00:53:42 65      BLDR_BBG000BKD3K9_2021-03-18
2021-06-08 00:53:42 67      BLK_BBG000C2PW58_2021-03-18
2021-06-08 00:53:42 68      BLKB_BBG000BGGTW5_2021-03-18
2021-06-08 00:53:42 70      BLL_BBG000BDDNH5_2021-03-18
2021-06-08 00:53:42 71      BLUE_BBG000QGWY50_2021-03-18
2021-06-08 00:53:42 73      BMI_BBG000BDGHD9_2021-03-18
2021-06-08 00:53:42 74      BMRN_BBG000CZWZ05_2021-03-18
2021-06-08 00:53:42 76      BMY_BBG000DQLV23_2021-03-18
2021-06-08 00:53:42 79      BOH_BBG000C8D8G9_2021-03-18
2021-06-08 00:53:42 80      BOKF_BBG000CFZ003_2021-03-18
2021-06-08 00:53:42 82      BOOT_BBG0077SYZV6_2021-03-18
2021-06-08 00:53:42 83      BOX_BBG000PMSK08_2021-03-18
2021-06-08 00:53:42 84      BPMC_BBG001MC8YF7_2021-03-18
2021-06-08 00:53:42 85      BR_BBG000PPFKQ7_2021-03-18
2021-06-08 00:53:42 86      BRC_BBG000BDNV95_2021-03-18
2021-06-08 00:53:42 87      BRK.B_BBG000DWG505_2021-03-18
2021-06-08 00:53:42 91      BRKR_BBG000CL1FG7_2021-03-18
2021-06-08 00:53:42 92      BRO_BBG000BWSGF4_2021-03-18
2021-06-08 00:53:42 93      BSX_BBG000C0LW92_2021-03-18
2021-06-08 00:53:42 95      BTAI_BBG00K20GVD2_2021-03-18
2021-06-08 00:53:42 96      BTI_BBG000BWPXQ8_2021-03-18
2021-06-08 00:53:42 98      BUD_BBG000RYC984_2021-03-18
2021-06-08 00:53:43 00      BURL_BBG004S641N5_2021-03-18
2021-06-08 00:53:43 01      BWA_BBG000BJ49H3_2021-03-18
2021-06-08 00:53:43 02      BWXT_BBG000D86F25_2021-03-18
2021-06-08 00:53:43 03      BX_BBG000BH0106_2021-03-18
2021-06-08 00:53:43 05      BXP_BBG000BS5CM9_2021-03-18
2021-06-08 00:53:43 06      BYND_BBG003CVJP50_2021-03-18
2021-06-08 00:53:43 10      BZUN_BBG008HNS333_2021-03-18
2021-06-08 00:53:43 11      C_BBG000FY4S11_2021-03-18
2021-06-08 00:53:43 19      CABO_BBG000F02T51_2021-03-18
2021-06-08 00:53:43 20      CACC_BBG000CS0D96_2021-03-18
2021-06-08 00:53:43 22      CAG_BBG000BDXGP9_2021-03-18
2021-06-08 00:53:43 23      CAH_BBG000D898T9_2021-03-18
2021-06-08 00:53:43 25      CALM_BBG000CDMJW6_2021-03-18
2021-06-08 00:53:43 26      CALM: SPYKE!. Candle: ID:6, Time: 12:00, Close: 39.69
2021-06-08 00:53:43 27      CARA_BBG001J2QYS9_2021-03-18
2021-06-08 00:53:43 28      CARG_BBG00HQ77DS2_2021-03-18
2021-06-08 00:53:43 29      CARR_BBG00RP5HYS8_2021-03-18
2021-06-08 00:53:43 33      CARS_BBG000HGTH33_2021-03-18
2021-06-08 00:53:43 34      CASY_BBG000BF0672_2021-03-18
2021-06-08 00:53:43 35      CAT_BBG000BF0K17_2021-03-18
2021-06-08 00:53:43 39      CB_BBG000BR14K5_2021-03-18
2021-06-08 00:53:43 42      CBRE_BBG000C04224_2021-03-18
2021-06-08 00:53:43 43      CBRL_BBG000BF33K1_2021-03-18
2021-06-08 00:53:43 45      CBSH_BBG000BF3G77_2021-03-18
2021-06-08 00:53:43 46      CBU_BBG000BF4D19_2021-03-18
2021-06-08 00:53:43 47      CCI_BBG000FV1Z23_2021-03-18
2021-06-08 00:53:43 48      CCK_BBG000BF6756_2021-03-18
2021-06-08 00:53:43 49      CCL_BBG000BF6LY3_2021-03-18
2021-06-08 00:53:43 63      CCOI_BBG000D0SMY8_2021-03-18
2021-06-08 00:53:43 64      CCXI_BBG000PTSB12_2021-03-18
2021-06-08 00:53:43 65      CDK_BBG006B6PVN9_2021-03-18
2021-06-08 00:53:43 66      CDLX_BBG00225ZDD0_2021-03-18
2021-06-08 00:53:43 68      CDNA_BBG006JS5785_2021-03-18
2021-06-08 00:53:43 68      CDNA: SPYKE!. Candle: ID:24, Time: 13:30, Close: 69.19
2021-06-08 00:53:43 69      CDNS_BBG000C13CD9_2021-03-18
2021-06-08 00:53:43 73      CDW_BBG001P63B80_2021-03-18
2021-06-08 00:53:43 75      CE_BBG000JYP7L8_2021-03-18
2021-06-08 00:53:43 76      CEA_BBG000BCFNR4_2021-03-18
2021-06-08 00:53:43 77      CENT_BBG000BFD605_2021-03-18
2021-06-08 00:53:43 78      CENTA_BBG000KTYB56_2021-03-18
2021-06-08 00:53:43 79      CERN_BBG000BFDLV8_2021-03-18
2021-06-08 00:53:43 81      CEVA_BBG000BN3P07_2021-03-18
2021-06-08 00:53:43 82      CF_BBG000BWJFZ4_2021-03-18
2021-06-08 00:53:43 84      CFG_BBG006Q0HY77_2021-03-18
2021-06-08 00:53:43 88      CFR_BBG000C2PL98_2021-03-18
2021-06-08 00:53:43 89      CFX_BBG000C5Z443_2021-03-18
2021-06-08 00:53:43 91      CGEN_BBG000B9ZLB0_2021-03-18
2021-06-08 00:53:43 94      CGNX_BBG000BPBVW5_2021-03-18
2021-06-08 00:53:43 95      CHD_BBG000BFJT36_2021-03-18
2021-06-08 00:53:43 98      CHDN_BBG000BGXMG9_2021-03-18
2021-06-08 00:53:43 99      CHE_BBG000C19QW1_2021-03-18
2021-06-08 00:53:44 00      CHEF_BBG001MFW6D6_2021-03-18
2021-06-08 00:53:44 01      CHGG_BBG0014XR0N5_2021-03-18
2021-06-08 00:53:44 03      CHH_BBG000BPBTL2_2021-03-18
2021-06-08 00:53:44 04      CHKP_BBG000K82ZT8_2021-03-18
2021-06-08 00:53:44 06      CHNG_BBG0059KNH10_2021-03-18
2021-06-08 00:53:44 07      CHRW_BBG000BTCH57_2021-03-18
2021-06-08 00:53:44 08      CHTR_BBG000VPGNR2_2021-03-18
2021-06-08 00:53:44 11      CHWY_BBG00P19DKZ6_2021-03-18
2021-06-08 00:53:44 12      CHWY: SPYKE!. Candle: ID:127, Time: 8:35, Close: 80.01
2021-06-08 00:53:44 13      CHX_BBG00JH9TZ56_2021-03-18
2021-06-08 00:53:44 15      CI_BBG00KXRCDP0_2021-03-18
2021-06-08 00:53:44 17      CIEN_BBG000BP1152_2021-03-18
2021-06-08 00:53:44 19      CINF_BBG000BFPK65_2021-03-18
2021-06-08 00:53:44 20      CL_BBG000BFQYY3_2021-03-18
2021-06-08 00:53:44 23      CLDR_BBG000DRJFC8_2021-03-18
2021-06-08 00:53:44 26      CLDT_BBG000PT6BR8_2021-03-18
2021-06-08 00:53:44 27      CLF_BBG000BFRF55_2021-03-18
2021-06-08 00:53:44 31      CLGX_BBG000C2H3F0_2021-03-18
2021-06-08 00:53:44 32      CLH_BBG000BFRRX8_2021-03-18
2021-06-08 00:53:44 33      CLR_BBG000BHBGN6_2021-03-18
2021-06-08 00:53:44 35      CLX_BBG000BFS7D3_2021-03-18
2021-06-08 00:53:44 37      CMA_BBG000C75N77_2021-03-18
2021-06-08 00:53:44 39      CMC_BBG000BFSND8_2021-03-18
2021-06-08 00:53:44 40      CMCO_BBG000BCWWV0_2021-03-18
2021-06-08 00:53:44 41      CMCSA_BBG000BFT2L4_2021-03-18
2021-06-08 00:53:44 47      CME_BBG000BHLYP4_2021-03-18
2021-06-08 00:53:44 50      CMG_BBG000QX74T1_2021-03-18
2021-06-08 00:53:44 51      CMI_BBG000BGPTV6_2021-03-18
2021-06-08 00:53:44 53      CMP_BBG000C42WS4_2021-03-18
2021-06-08 00:53:44 54      CMS_BBG000BFVXX0_2021-03-18
2021-06-08 00:53:44 56      CNC_BBG000BDXCJ5_2021-03-18
2021-06-08 00:53:44 59      CNK_BBG000QDVR53_2021-03-18
2021-06-08 00:53:44 63      CNP_BBG000FDBX90_2021-03-18
2021-06-08 00:53:44 65      CNS_BBG000BB0WG4_2021-03-18
2021-06-08 00:53:44 66      CNST_BBG000R1H6P8_2021-03-18
2021-06-08 00:53:44 67      CNXC_BBG00RCNQMX3_2021-03-18
2021-06-08 00:53:44 68      CNXN_BBG000BX74M4_2021-03-18
2021-06-08 00:53:44 68      COF_BBG000BGKTF9_2021-03-18
2021-06-08 00:53:44 71      COG_BBG000C3GN47_2021-03-18
2021-06-08 00:53:44 74      COHR_BBG000BG1DH3_2021-03-18
2021-06-08 00:53:44 75      COKE_BBG000BG1SX2_2021-03-18
2021-06-08 00:53:44 76      COLM_BBG000BKKQ84_2021-03-18
2021-06-08 00:53:44 77      CONE_BBG0038V5TX1_2021-03-18
2021-06-08 00:53:44 78      COO_BBG000BG3445_2021-03-18
2021-06-08 00:53:44 79      COP_BBG000BQQH30_2021-03-18
2021-06-08 00:53:44 85      CORR_BBG000CN80Y9_2021-03-18
2021-06-08 00:53:44 86      CORT_BBG000BKJG33_2021-03-18
2021-06-08 00:53:44 88      COST_BBG000F6H8W8_2021-03-18
2021-06-08 00:53:44 93      COTY_BBG000F395V1_2021-03-18
2021-06-08 00:53:44 96      COUP_BBG001J4BCN4_2021-03-18
2021-06-08 00:53:45 00      CPB_BBG000BG4202_2021-03-18
2021-06-08 00:53:45 01      CPRI_BBG0029SNR63_2021-03-18
2021-06-08 00:53:45 03      CPRT_BBG000BM9RH1_2021-03-18
2021-06-08 00:53:45 05      CPS_BBG000PSXT64_2021-03-18
2021-06-08 00:53:45 05      CR_BBG000BG7423_2021-03-18
2021-06-08 00:53:45 06      CREE_BBG000BG14P4_2021-03-18
2021-06-08 00:53:45 08      CRI_BBG000CTM4J9_2021-03-18
2021-06-08 00:53:45 09      CRL_BBG000BG5BL8_2021-03-18
2021-06-08 00:53:45 10      CRM_BBG000BN2DC2_2021-03-18
2021-06-08 00:53:45 14      CRMT_BBG000CM6L31_2021-03-18
2021-06-08 00:53:45 15      CRMT: SPYKE!. Candle: ID:4, Time: 13:30, Close: 160.33
2021-06-08 00:53:45 15      CROX_BBG000BLY663_2021-03-18
2021-06-08 00:53:45 17      CRS_BBG000BGCQT9_2021-03-18
2021-06-08 00:53:45 18      CRTX_BBG00BTK1DT8_2021-03-18
2021-06-08 00:53:45 20      CRUS_BBG000C1DHF5_2021-03-18
2021-06-08 00:53:45 22      CRVL_BBG000CVKZY0_2021-03-18
2021-06-08 00:53:45 23      CRWD_BBG00BLYKS03_2021-03-18
2021-06-08 00:53:45 31      CSCO_BBG000C3J3C9_2021-03-18
2021-06-08 00:53:45 37      CSGP_BBG000D7JKW9_2021-03-18
2021-06-08 00:53:45 39      CSGS_BBG000G3TQV2_2021-03-18
2021-06-08 00:53:45 40      CSII_BBG000NWQ9S5_2021-03-18
2021-06-08 00:53:45 41      CSL_BBG000BGGBT8_2021-03-18
2021-06-08 00:53:45 42      CSOD_BBG0016X4XN6_2021-03-18
2021-06-08 00:53:45 43      CSWI_BBG007NLG4L3_2021-03-18
2021-06-08 00:53:45 44      CSX_BBG000BGJRC8_2021-03-18
2021-06-08 00:53:45 49      CTAS_BBG000H3YXF8_2021-03-18
2021-06-08 00:53:45 50      CTB_BBG000BGKXV2_2021-03-18
2021-06-08 00:53:45 51      CTLT_BBG005XR47P5_2021-03-18
2021-06-08 00:53:45 52      CTSH_BBG000BBDV81_2021-03-18
2021-06-08 00:53:45 55      CTVA_BBG00BN969C1_2021-03-18
2021-06-08 00:53:45 56      CTXS_BBG000FQ6PY6_2021-03-18
2021-06-08 00:53:45 59      CVCO_BBG000K4WS65_2021-03-18
2021-06-08 00:53:45 60      CVET_BBG00KR691K8_2021-03-18
2021-06-08 00:53:45 61      CVGW_BBG000BGPQW1_2021-03-18
2021-06-08 00:53:45 62      CVLT_BBG000BG88X9_2021-03-18
2021-06-08 00:53:45 63      CVNA_BBG00GCTWDJ3_2021-03-18
2021-06-08 00:53:45 64      CVS_BBG000BGRY34_2021-03-18
2021-06-08 00:53:45 67      CVX_BBG000K4ND22_2021-03-18
2021-06-08 00:53:45 74      CW_BBG000BGSPS5_2021-03-18
2021-06-08 00:53:45 76      CWST_BBG000BT0J38_2021-03-18
2021-06-08 00:53:45 77      CWT_BBG000D8KTN6_2021-03-18
2021-06-08 00:53:45 77      CY_BBG000BXNJ07_2021-03-18
2021-06-08 00:53:45 78      D_BBG000BGVW60_2021-03-18
2021-06-08 00:53:45 80      DAL_BBG000R7Z112_2021-03-18
2021-06-08 00:53:45 86      DAR_BBG000BN8ZK8_2021-03-18
2021-06-08 00:53:45 87      DBX_BBG0018SLDN0_2021-03-18
2021-06-08 00:53:45 91      DCI_BBG000BGZP70_2021-03-18
2021-06-08 00:53:45 93      DCPH_BBG00HMJ9H54_2021-03-18
2021-06-08 00:53:45 94      DD_BBG00BN961G4_2021-03-18
2021-06-08 00:53:45 97      DDOG_BBG003NJHZT9_2021-03-18
2021-06-08 00:53:46 03      DDS_BBG000BS4MP5_2021-03-18
2021-06-08 00:53:46 04      DE_BBG000BH1NH9_2021-03-18
2021-06-08 00:53:46 05      DECK_BBG000BKXYX5_2021-03-18
2021-06-08 00:53:46 07      DELL_BBG00DW3SZS1_2021-03-18
2021-06-08 00:53:46 09      DFS_BBG000QBR5J5_2021-03-18
2021-06-08 00:53:46 12      DG_BBG000NV1KK7_2021-03-18
2021-06-08 00:53:46 18      DGX_BBG000BN84F3_2021-03-18
2021-06-08 00:53:46 20      DHI_BBG000DQTXY6_2021-03-18
2021-06-08 00:53:46 22      DHR_BBG000BH3JF8_2021-03-18
2021-06-08 00:53:46 25      DIOD_BBG000G25P51_2021-03-18
2021-06-08 00:53:46 27      DIS_BBG000BH4R78_2021-03-18
2021-06-08 00:53:46 33      DISCA_BBG000CHWP52_2021-03-18
2021-06-08 00:53:46 38      DISCB_BBG000F7L5N7_2021-03-18
2021-06-08 00:53:46 39      DISCB: SPYKE!. Candle: ID:105, Time: 15:55, Close: 80.9
2021-06-08 00:53:46 39      DISCB: SPYKE!. Candle: ID:195, Time: 20:00, Close: 90
2021-06-08 00:53:46 39      DISCB: SPYKE!. Candle: ID:196, Time: 20:00, Close: 90
2021-06-08 00:53:46 39      DISCK_BBG000VMWHH5_2021-03-18
2021-06-08 00:53:46 44      DK_BBG00FZYFVC5_2021-03-18
2021-06-08 00:53:46 46      DKNG_BBG00TCBG714_2021-03-18
2021-06-08 00:53:46 54      DKS_BBG000F6ZWH2_2021-03-18
2021-06-08 00:53:46 56      DLB_BBG000DGLTG5_2021-03-18
2021-06-08 00:53:46 57      DLR_BBG000Q5ZRM7_2021-03-18
2021-06-08 00:53:46 59      DLTH_BBG002GBMZG4_2021-03-18
2021-06-08 00:53:46 60      DLTR_BBG000BSC0K9_2021-03-18
2021-06-08 00:53:46 64      DLX_BBG000BH6360_2021-03-18
2021-06-08 00:53:46 65      DNLI_BBG008P7F869_2021-03-18
2021-06-08 00:53:46 66      DNOW_BBG005BLN209_2021-03-18
2021-06-08 00:53:46 68      DOCU_BBG000N7KJX8_2021-03-18
2021-06-08 00:53:46 72      DORM_BBG000BM22F5_2021-03-18
2021-06-08 00:53:46 73      DOV_BBG000BHB3M6_2021-03-18
2021-06-08 00:53:46 74      DOW_BBG00BN96922_2021-03-18
2021-06-08 00:53:46 77      DPZ_BBG000P458P3_2021-03-18
2021-06-08 00:53:46 79      DRE_BBG000BHD8S7_2021-03-18
2021-06-08 00:53:46 80      DRI_BBG000BBNYF6_2021-03-18
2021-06-08 00:53:46 83      DRNA_BBG001J1DB23_2021-03-18
2021-06-08 00:53:46 84      DRQ_BBG000BVDBY2_2021-03-18
2021-06-08 00:53:46 85      DT_BBG00PNN7C40_2021-03-18
2021-06-08 00:53:46 87      DVA_BBG000MQ1SN9_2021-03-18
2021-06-08 00:53:46 88      DVN_BBG000BBVJZ8_2021-03-18
2021-06-08 00:53:46 93      DXC_BBG00FN64XT9_2021-03-18
2021-06-08 00:53:46 94      DXCM_BBG000QTF8K1_2021-03-18
2021-06-08 00:53:46 96      DY_BBG000C4SKT1_2021-03-18
2021-06-08 00:53:46 97      EA_BBG000BP0KQ8_2021-03-18
2021-06-08 00:53:47 00      EAT_BBG000BK28N7_2021-03-18
2021-06-08 00:53:47 01      EBAY_BBG000C43RR5_2021-03-18
2021-06-08 00:53:47 06      EBS_BBG000GW06J7_2021-03-18
2021-06-08 00:53:47 07      ECHO_BBG000RFP8W6_2021-03-18
2021-06-08 00:53:47 07      ECL_BBG000BHKYH4_2021-03-18
2021-06-08 00:53:47 09      ECPG_BBG000F369C7_2021-03-18
2021-06-08 00:53:47 10      ED_BBG000BHLYS1_2021-03-18
2021-06-08 00:53:47 13      EDIT_BBG005MX5GZ2_2021-03-18
2021-06-08 00:53:47 15      EEFT_BBG000BMNBY1_2021-03-18
2021-06-08 00:53:47 18      EFX_BBG000BHPL78_2021-03-18
2021-06-08 00:53:47 20      EGHT_BBG000BCGHH7_2021-03-18
2021-06-08 00:53:47 22      EGRX_BBG005Y3XWH9_2021-03-18
2021-06-08 00:53:47 23      EHTH_BBG000P5JQX6_2021-03-18
2021-06-08 00:53:47 25      EIX_BBG000D7RKJ5_2021-03-18
2021-06-08 00:53:47 27      EL_BBG000FKJRC5_2021-03-18
2021-06-08 00:53:47 29      ELAN_BBG00LJYS1P8_2021-03-18
2021-06-08 00:53:47 31      ELS_BBG000BB7SX7_2021-03-18
2021-06-08 00:53:47 32      EME_BBG000BBRPL4_2021-03-18
2021-06-08 00:53:47 33      EMN_BBG000BLW530_2021-03-18
2021-06-08 00:53:47 35      EMR_BBG000BHX7N2_2021-03-18
2021-06-08 00:53:47 37      ENDP_BBG000C0HQ54_2021-03-18
2021-06-08 00:53:47 38      ENPH_BBG001R3MNY9_2021-03-18
2021-06-08 00:53:47 44      ENR_BBG006FCB019_2021-03-18
2021-06-08 00:53:47 45      ENS_BBG000PWTD92_2021-03-18
2021-06-08 00:53:47 45      ENTA_BBG001V9NSB4_2021-03-18
2021-06-08 00:53:47 46      ENTG_BBG000CTV4N4_2021-03-18
2021-06-08 00:53:47 48      ENV_BBG000Q4NZ54_2021-03-18
2021-06-08 00:53:47 49      EOG_BBG000BZ9223_2021-03-18
2021-06-08 00:53:47 53      EPAM_BBG000MHTV89_2021-03-18
2021-06-08 00:53:47 54      EPAY_BBG000BRNH31_2021-03-18
2021-06-08 00:53:47 55      EPC_BBG000BRW644_2021-03-18
2021-06-08 00:53:47 56      EQIX_BBG000MBDGM6_2021-03-18
2021-06-08 00:53:47 58      EQT_BBG000BHZ5J9_2021-03-18
2021-06-08 00:53:47 61      ERIE_BBG000BBTJZ1_2021-03-18
2021-06-08 00:53:47 62      ES_BBG000BQ87N0_2021-03-18
2021-06-08 00:53:47 64      ESPR_BBG004KB3S72_2021-03-18
2021-06-08 00:53:47 64      ESPR: BuyPending. Strategy: MorningOpenStrategy. Price: 30.31. Lots: 8. ChangeOpenToCurrent: -2.13. ChangePrevCloseToCurrent: 0. Candle: ID:31, Time: 7:00, Close: 30.31.
2021-06-08 00:53:47 65      ESPR: OrderID: f0ed19d6. PlacedOrder. Status: New. RejectReason: 
2021-06-08 00:53:47 65      ESPR: OrderID: f0ed19d6 partially executed. Executed lots: 1. OrderStatus: 1/8 lots
2021-06-08 00:53:47 65      ESPR: OrderID: f0ed19d6 fully executed
2021-06-08 00:53:47 65      ESPR: Morning closing by timeout. Close price: 30.45. Lots: 8. Profit: 0.14(0.46%). Candle: ID:109, Time: 7:40, Close: 30.45
2021-06-08 00:53:47 65      ESPR: OrderID: 9b424ab6. PlacedOrder. Status: New. RejectReason: 
2021-06-08 00:53:47 65      ESPR: OrderID: 9b424ab6 partially executed. Executed lots: 6. OrderStatus: 6/8 lots
2021-06-08 00:53:47 73      OrderID: 9b424ab6 successfully canceled
2021-06-08 00:53:47 73      ESPR: Closing daily orders. Close price: 28.98. Lots: 2. Profit: -1.33(-4.39%). Candle: ID:3053, Time: 22:25, Close: 29
2021-06-08 00:53:47 73      Exception happened while copiyng file. Error: Could not find a part of the path 'C:\tinkoff\Configuration\test\ESPR_BBG004KB3S72_2021-03-18.csv'.
2021-06-08 00:53:47 73      ESS_BBG000CGJMB9_2021-03-18
2021-06-08 00:53:47 75      ET_BBG000BM2FL9_2021-03-18
2021-06-08 00:53:47 78      ETN_BBG000BJ3PD2_2021-03-18
2021-06-08 00:53:47 81      ETR_BBG000C1FQS9_2021-03-18
2021-06-08 00:53:47 83      ETRN_BBG00K53L394_2021-03-18
2021-06-08 00:53:47 84      ETSY_BBG000N7MXL8_2021-03-18
2021-06-08 00:53:47 89      EV_BBG000DBVBY4_2021-03-18
2021-06-08 00:53:47 89      EVBG_BBG0022FMPD5_2021-03-18
2021-06-08 00:53:47 92      EVER_BBG00F17NDH7_2021-03-18
2021-06-08 00:53:47 93      EVH_BBG005CHLM96_2021-03-18
2021-06-08 00:53:47 94      EVR_BBG000BP30Y0_2021-03-18
2021-06-08 00:53:47 95      EVRG_BBG00H433CR2_2021-03-18
2021-06-08 00:53:47 96      EW_BBG000BRXP69_2021-03-18
2021-06-08 00:53:47 98      EWBC_BBG000CR20B1_2021-03-18
2021-06-08 00:53:48 00      EXAS_BBG000CWL0F5_2021-03-18
2021-06-08 00:53:48 02      EXC_BBG000J6XT05_2021-03-18
2021-06-08 00:53:48 06      EXEL_BBG000BQ4WF8_2021-03-18
2021-06-08 00:53:48 07      EXLS_BBG000NS3P30_2021-03-18
2021-06-08 00:53:48 08      EXP_BBG000BJW241_2021-03-18
2021-06-08 00:53:48 09      EXPD_BBG000BJ5GK2_2021-03-18
2021-06-08 00:53:48 11      EXPE_BBG000QY3XZ2_2021-03-18
2021-06-08 00:53:48 15      EXR_BBG000PV27K3_2021-03-18
2021-06-08 00:53:48 16      EYE_BBG00HVQF9K2_2021-03-18
2021-06-08 00:53:48 18      F_BBG000BQPC32_2021-03-18
2021-06-08 00:53:48 25      FANG_BBG002PHSYX9_2021-03-18
2021-06-08 00:53:48 29      FARO_BBG000BJD7C2_2021-03-18
2021-06-08 00:53:48 31      FAST_BBG000BJ8YN7_2021-03-18
2021-06-08 00:53:48 33      FATE_BBG000QP35H2_2021-03-18
2021-06-08 00:53:48 36      FB_BBG000MM2P62_2021-03-18
2021-06-08 00:53:48 59      FBHS_BBG001B4BV87_2021-03-18
2021-06-08 00:53:48 63      FCFS_BBG000DNF659_2021-03-18
2021-06-08 00:53:48 64      FCN_BBG000K88H58_2021-03-18
2021-06-08 00:53:48 65      FCX_BBG000BJDB15_2021-03-18
2021-06-08 00:53:48 73      FDS_BBG000BDJL83_2021-03-18
2021-06-08 00:53:48 74      FDX_BBG000BJF1Z8_2021-03-18
2021-06-08 00:53:48 79      FELE_BBG000BJGGV8_2021-03-18
2021-06-08 00:53:48 80      FFIV_BBG000CXYSZ6_2021-03-18
2021-06-08 00:53:48 82      FGEN_BBG000FW5ZL6_2021-03-18
2021-06-08 00:53:48 84      FICO_BBG000DW76Y6_2021-03-18
2021-06-08 00:53:48 85      FIS_BBG000BK2F42_2021-03-18
2021-06-08 00:53:48 88      FISV_BBG000BJKPG0_2021-03-18
2021-06-08 00:53:48 93      FITB_BBG000BJL3N0_2021-03-18
2021-06-08 00:53:49 01      FIVN_BBG001KHJM17_2021-03-18
2021-06-08 00:53:49 03      FIZZ_BBG000BF8CB6_2021-03-18
2021-06-08 00:53:49 04      FL_BBG000BX8DC4_2021-03-18
2021-06-08 00:53:49 06      FL: SPYKE!. Candle: ID:3092, Time: 20:50, Close: 55
2021-06-08 00:53:49 06      FLIR_BBG000BHK836_2021-03-18
2021-06-08 00:53:49 08      FLOW_BBG007FL7ZD2_2021-03-18
2021-06-08 00:53:49 09      FLR_BBG000BB1TH9_2021-03-18
2021-06-08 00:53:49 12      FLS_BBG000FFH4P5_2021-03-18
2021-06-08 00:53:49 14      FLT_BBG000GPXKX9_2021-03-18
2021-06-08 00:53:49 15      FLWS_BBG000BBR9P6_2021-03-18
2021-06-08 00:53:49 17      FMC_BBG000BJP882_2021-03-18
2021-06-08 00:53:49 18      FND_BBG007GJ2F81_2021-03-18
2021-06-08 00:53:49 19      FNKO_BBG00HXSHDQ9_2021-03-18
2021-06-08 00:53:49 22      FOCS_BBG00L0YTFN8_2021-03-18
2021-06-08 00:53:49 23      FOE_BBG000BJQK11_2021-03-18
2021-06-08 00:53:49 24      FOLD_BBG000PLF6N0_2021-03-18
2021-06-08 00:53:49 28      FORM_BBG000D1Y3P1_2021-03-18
2021-06-08 00:53:49 30      FORR_BBG000HGNYG8_2021-03-18
2021-06-08 00:53:49 31      FOX_BBG00JHNKJY8_2021-03-18
2021-06-08 00:53:49 32      FOX: BuyPending. Strategy: MorningOpenStrategy. Price: 40.18. Lots: 6. ChangeOpenToCurrent: -2.64. ChangePrevCloseToCurrent: -1.18. Candle: ID:10, Time: 7:00, Close: 40.18.
2021-06-08 00:53:49 32      FOX: OrderID: 7a0585d1. PlacedOrder. Status: New. RejectReason: 
2021-06-08 00:53:49 32      FOX: Cancel order. Did not bought at market open. Candle: ID:27, Time: 7:05, Close: 40.73
2021-06-08 00:53:49 32      OrderID: 7a0585d1 successfully canceled
2021-06-08 00:53:49 34      FOXA_BBG00JHNJW99_2021-03-18
2021-06-08 00:53:49 37      FOXF_BBG004T7VS53_2021-03-18
2021-06-08 00:53:49 38      FRHC_BBG000N625H8_2021-03-18
2021-06-08 00:53:49 39      FRPH_BBG000HCVWW4_2021-03-18
2021-06-08 00:53:49 41      FRPT_BBG001D0HB36_2021-03-18
2021-06-08 00:53:49 42      FSLR_BBG000BFL116_2021-03-18
2021-06-08 00:53:49 46      FSLY_BBG004NLQHL0_2021-03-18
2021-06-08 00:53:49 47      FSLY: SPYKE!. Candle: ID:10, Time: 7:00, Close: 77.3
2021-06-08 00:53:49 47      FSLY: SPYKE!. Candle: ID:11, Time: 7:00, Close: 79.4
2021-06-08 00:53:49 50      FTCH_BBG00LSD4456_2021-03-18
2021-06-08 00:53:49 55      FTI_BBG00DL8NMV2_2021-03-18
2021-06-08 00:53:49 59      FTNT_BBG000BCMBG4_2021-03-18
2021-06-08 00:53:49 62      FTV_BBG00BLVZ228_2021-03-18
2021-06-08 00:53:49 64      FUL_BBG000BJZ7V7_2021-03-18
2021-06-08 00:53:49 65      GATX_BBG000BKGXQ4_2021-03-18
2021-06-08 00:53:49 66      GBCI_BBG000C3KB84_2021-03-18
2021-06-08 00:53:49 68      GBT_BBG00341H6M0_2021-03-18
2021-06-08 00:53:49 70      GBX_BBG000CF5097_2021-03-18
2021-06-08 00:53:49 71      GCO_BBG000BK5S78_2021-03-18
2021-06-08 00:53:49 71      GCP_BBG0082W8Q12_2021-03-18
2021-06-08 00:53:49 72      GD_BBG000BK67C7_2021-03-18
2021-06-08 00:53:49 74      GDDY_BBG006MDLY05_2021-03-18
2021-06-08 00:53:49 76      GDOT_BBG000QDJT53_2021-03-18
2021-06-08 00:53:49 77      GE_BBG000BK6MB5_2021-03-18
2021-06-08 00:53:49 83      GEF_BBG000BLFNC0_2021-03-18
2021-06-08 00:53:49 84      GGG_BBG000BK9W84_2021-03-18
2021-06-08 00:53:49 85      GH_BBG006D97VY9_2021-03-18
2021-06-08 00:53:49 87      GHC_BBG000C3FGH9_2021-03-18
2021-06-08 00:53:49 87      GILD_BBG000CKGBP2_2021-03-18
2021-06-08 00:53:49 91      GIS_BBG000BKCFC2_2021-03-18
2021-06-08 00:53:49 95      GKOS_BBG000WG2LQ1_2021-03-18
2021-06-08 00:53:49 96      GL_BBG000BVD6X4_2021-03-18
2021-06-08 00:53:49 97      GLW_BBG000BKFZM4_2021-03-18
2021-06-08 00:53:49 99      GM_BBG000NDYB67_2021-03-18
2021-06-08 00:53:50 12      GMED_BBG002V87SD0_2021-03-18
2021-06-08 00:53:50 13      GMS_BBG009Q036D0_2021-03-18
2021-06-08 00:53:50 14      GNL_BBG004HXD0G8_2021-03-18
2021-06-08 00:53:50 15      GNRC_BBG000PQ4W72_2021-03-18
2021-06-08 00:53:50 17      GO_BBG00P4R3079_2021-03-18
2021-06-08 00:53:50 18      GOOG_BBG009S3NB30_2021-03-18
2021-06-08 00:53:50 25      GOOGL_BBG009S39JX6_2021-03-18
2021-06-08 00:53:50 33      GOSS_BBG00MVWLLM2_2021-03-18
2021-06-08 00:53:50 36      GPC_BBG000BKL348_2021-03-18
2021-06-08 00:53:50 37      GPI_BBG000BB88K4_2021-03-18
2021-06-08 00:53:50 38      GPN_BBG000CX0P89_2021-03-18
2021-06-08 00:53:50 41      GPS_BBG000BKLH74_2021-03-18
2021-06-08 00:53:50 46      GRA_BBG000BB8PG1_2021-03-18
2021-06-08 00:53:50 48      GRMN_BBG000C4LN67_2021-03-18
2021-06-08 00:53:50 50      GRUB_BBG001KWG293_2021-03-18
2021-06-08 00:53:50 51      GS_BBG000C6CFJ5_2021-03-18
2021-06-08 00:53:50 56      GSH_BBG000GLG0G0_2021-03-18
2021-06-08 00:53:50 57      GSKY_BBG00KT2SCV8_2021-03-18
2021-06-08 00:53:50 58      GT_BBG000BKNX95_2021-03-18
2021-06-08 00:53:50 62      GTHX_BBG005F1DK91_2021-03-18
2021-06-08 00:53:50 66      GTLS_BBG000P1K2X6_2021-03-18
2021-06-08 00:53:50 66      GTN_BBG000DSQLQ0_2021-03-18
2021-06-08 00:53:50 68      GVA_BBG000DVB833_2021-03-18
2021-06-08 00:53:50 68      GWRE_BBG001C7PM75_2021-03-18
2021-06-08 00:53:50 70      GWW_BBG000BKR1D6_2021-03-18
2021-06-08 00:53:50 71      H_BBG000CVRFS4_2021-03-18
2021-06-08 00:53:50 72      HA_BBG000BC4185_2021-03-18
2021-06-08 00:53:50 73      HAE_BBG000C7TF41_2021-03-18
2021-06-08 00:53:50 74      HAIN_BBG000BQW085_2021-03-18
2021-06-08 00:53:50 75      HAL_BBG000BKTFN2_2021-03-18
2021-06-08 00:53:50 79      HALO_BBG000CZ8W54_2021-03-18
2021-06-08 00:53:50 81      HAS_BBG000BKVJK4_2021-03-18
2021-06-08 00:53:50 83      HBAN_BBG000BKWSR6_2021-03-18
2021-06-08 00:53:50 86      HBI_BBG000D2ZTS8_2021-03-18
2021-06-08 00:53:50 88      HCA_BBG000QW7VC1_2021-03-18
2021-06-08 00:53:50 90      HCCI_BBG000CCFB17_2021-03-18
2021-06-08 00:53:50 90      HCCI: SPYKE!. Candle: ID:2, Time: 8:10, Close: 29.09
2021-06-08 00:53:50 90      HCCI: SPYKE!. Candle: ID:11, Time: 13:30, Close: 28.23
2021-06-08 00:53:50 91      HCSG_BBG000BKYVF0_2021-03-18
2021-06-08 00:53:50 92      HD_BBG000BKZB36_2021-03-18
2021-06-08 00:53:50 96      HEAR_BBG000BM6N47_2021-03-18
2021-06-08 00:53:50 99      HEI_BBG000BL16Q7_2021-03-18
2021-06-08 00:53:51 00      HES_BBG000BBD070_2021-03-18
2021-06-08 00:53:51 03      HFC_BBG000BL9JQ1_2021-03-18
2021-06-08 00:53:51 05      HGV_BBG00CBYY6M1_2021-03-18
2021-06-08 00:53:51 06      HHC_BBG000MJRJJ2_2021-03-18
2021-06-08 00:53:51 07      HHR_BBG00KHGQ0H4_2021-03-18
2021-06-08 00:53:51 08      HHR: SPYKE!. Candle: ID:621, Time: 12:25, Close: 32.58
2021-06-08 00:53:51 08      HHR: SPYKE!. Candle: ID:681, Time: 12:30, Close: 33.52
2021-06-08 00:53:51 08      HHR: SPYKE!. Candle: ID:685, Time: 12:30, Close: 32.25
2021-06-08 00:53:51 09      HIBB_BBG000H001V3_2021-03-18
2021-06-08 00:53:51 10      HIG_BBG000G0Z878_2021-03-18
2021-06-08 00:53:51 18      HII_BBG001KJ2HM9_2021-03-18
2021-06-08 00:53:51 20      HIIQ_TCS003QRSQD3_2021-03-18
2021-06-08 00:53:51 21      HLT_BBG0058KMH30_2021-03-18
2021-06-08 00:53:51 24      HNP_BBG000BX5YM0_2021-03-18
2021-06-08 00:53:51 24      HOG_BBG000BKZTP3_2021-03-18
2021-06-08 00:53:51 26      HOLX_BBG000C3NTN5_2021-03-18
2021-06-08 00:53:51 28      HON_BBG000H556T9_2021-03-18
2021-06-08 00:53:51 32      HP_BBG000BLCPY4_2021-03-18
2021-06-08 00:53:51 33      HPE_BBG0078W3NQ3_2021-03-18
2021-06-08 00:53:51 36      HPQ_BBG000KHWT55_2021-03-18
2021-06-08 00:53:51 39      HQY_BBG000TYXCT9_2021-03-18
2021-06-08 00:53:51 41      HRB_BBG000BLDV98_2021-03-18
2021-06-08 00:53:51 43      HRC_BBG000BKWCS0_2021-03-18
2021-06-08 00:53:51 44      HRL_BBG000BLF8D2_2021-03-18
2021-06-08 00:53:51 45      HRTX_BBG000G2GJT7_2021-03-18
2021-06-08 00:53:51 48      HSC_BBG000BLH3P8_2021-03-18
2021-06-08 00:53:51 49      HSIC_BBG000BNMMJ3_2021-03-18
2021-06-08 00:53:51 51      HSKA_BBG000BWFH48_2021-03-18
2021-06-08 00:53:51 51      HST_BBG000BL8804_2021-03-18
2021-06-08 00:53:51 53      HSY_BBG000BLHRS2_2021-03-18
2021-06-08 00:53:51 55      HTA_BBG000PRJCX9_2021-03-18
2021-06-08 00:53:51 56      HTHT_BBG000QFPM65_2021-03-18
2021-06-08 00:53:51 57      HUBB_BBG000BLK267_2021-03-18
2021-06-08 00:53:51 58      HUBG_BBG000G9W6L0_2021-03-18
2021-06-08 00:53:51 59      HUBS_BBG000N7MZ06_2021-03-18
2021-06-08 00:53:51 61      HUM_BBG000BLKK03_2021-03-18
2021-06-08 00:53:51 62      HURN_BBG000PV2M48_2021-03-18
2021-06-08 00:53:51 63      HWM_BBG00DYNJGH9_2021-03-18
2021-06-08 00:53:51 65      HXL_BBG000BLMDQ9_2021-03-18
2021-06-08 00:53:51 66      IAC_BBG000BKQG80_2021-03-18
2021-06-08 00:53:51 68      IAC_old_TCS000BKQG80_2021-03-18
2021-06-08 00:53:51 68      Warning: figi `old` for history data does not match actual figi `BBG000BKQG80`. Ticker: IAC. Will be used actual!
2021-06-08 00:53:51 68      IART_BBG000BZJQL8_2021-03-18
2021-06-08 00:53:51 69      IBKR_BBG000LV0836_2021-03-18
2021-06-08 00:53:51 71      IBM_BBG000BLNNH6_2021-03-18
2021-06-08 00:53:51 75      IBN_BBG000DRM643_2021-03-18
2021-06-08 00:53:51 76      IBP_BBG005TJKDZ6_2021-03-18
2021-06-08 00:53:51 77      ICE_BBG000C1FB75_2021-03-18
2021-06-08 00:53:51 79      ICPT_BBG001J1QN87_2021-03-18
2021-06-08 00:53:51 81      ICUI_BBG000CQV2N4_2021-03-18
2021-06-08 00:53:51 83      IDCC_BBG000HLJ7M4_2021-03-18
2021-06-08 00:53:51 84      IDXX_BBG000BLRT07_2021-03-18
2021-06-08 00:53:51 85      IEX_BBG000C1HN22_2021-03-18
2021-06-08 00:53:51 87      IFF_BBG000BLSL58_2021-03-18
2021-06-08 00:53:51 88      IGMS_BBG00PNR1BT2_2021-03-18
2021-06-08 00:53:51 88      IGMS: SPYKE!. Candle: ID:6, Time: 11:35, Close: 85.09
2021-06-08 00:53:51 89      IIPR_BBG00F0SW7N8_2021-03-18
2021-06-08 00:53:51 90      IIVI_BBG000BLW102_2021-03-18
2021-06-08 00:53:51 94      ILMN_BBG000DSMS70_2021-03-18
2021-06-08 00:53:51 97      IMMU_BBG000BLXT19_2021-03-18
2021-06-08 00:53:51 98      INCY_BBG000BNPSQ9_2021-03-18
2021-06-08 00:53:52 00      INDB_BBG000BM0597_2021-03-18
2021-06-08 00:53:52 01      INFO_BBG006G063F9_2021-03-18
2021-06-08 00:53:52 02      INGN_BBG0021PH456_2021-03-18
2021-06-08 00:53:52 03      INGR_BBG000BXPZB7_2021-03-18
2021-06-08 00:53:52 05      INMD_BBG00PPS73P4_2021-03-18
2021-06-08 00:53:52 06      INSP_BBG00209SZJ7_2021-03-18
2021-06-08 00:53:52 07      INTC_BBG000C0G1D1_2021-03-18
2021-06-08 00:53:52 21      INTU_BBG000BH5DV1_2021-03-18
2021-06-08 00:53:52 26      INVH_BBG00FQH6BS9_2021-03-18
2021-06-08 00:53:52 29      IONS_BBG000JH6683_2021-03-18
2021-06-08 00:53:52 31      IOSP_BBG000BMFNP4_2021-03-18
2021-06-08 00:53:52 31      IOVA_BBG000FTLBV7_2021-03-18
2021-06-08 00:53:52 34      IP_BBG000BM5SR2_2021-03-18
2021-06-08 00:53:52 36      IPAR_BBG000GCSWR5_2021-03-18
2021-06-08 00:53:52 37      IPG_BBG000C90DH9_2021-03-18
2021-06-08 00:53:52 40      IPGP_BBG000DCGRL8_2021-03-18
2021-06-08 00:53:52 41      IQV_BBG00333FYS2_2021-03-18
2021-06-08 00:53:52 42      IR_BBG002R1CW27_2021-03-18
2021-06-08 00:53:52 44      IRBT_BBG000HXJB21_2021-03-18
2021-06-08 00:53:52 46      IRDM_BBG000VC0FC1_2021-03-18
2021-06-08 00:53:52 47      IRDM: SPYKE!. Candle: ID:3030, Time: 21:20, Close: 39.71
2021-06-08 00:53:52 48      IRM_BBG000KCZPC3_2021-03-18
2021-06-08 00:53:52 49      IRTC_BBG001J19V24_2021-03-18
2021-06-08 00:53:52 51      ISRG_BBG000BJPDZ1_2021-03-18
2021-06-08 00:53:52 54      IT_BBG000BB65D0_2021-03-18
2021-06-08 00:53:52 55      ITCI_BBG0026ZFZC4_2021-03-18
2021-06-08 00:53:52 56      ITGR_BBG000BW6JV4_2021-03-18
2021-06-08 00:53:52 58      ITRI_BBG000BD2167_2021-03-18
2021-06-08 00:53:52 60      ITT_BBG00CVQZQ96_2021-03-18
2021-06-08 00:53:52 61      ITW_BBG000BMBL90_2021-03-18
2021-06-08 00:53:52 63      IVZ_BBG000BY2Y78_2021-03-18
2021-06-08 00:53:52 65      J_BBG000BMFFQ0_2021-03-18
2021-06-08 00:53:52 66      JACK_BBG000GZYVY1_2021-03-18
2021-06-08 00:53:52 68      JBHT_BBG000BMDBZ1_2021-03-18
2021-06-08 00:53:52 70      JBSS_BBG000CHPMY5_2021-03-18
2021-06-08 00:53:52 71      JBT_BBG000VLBCQ1_2021-03-18
2021-06-08 00:53:52 72      JCI_BBG000BVWLJ6_2021-03-18
2021-06-08 00:53:52 74      JCOM_BBG000F3CWW7_2021-03-18
2021-06-08 00:53:52 76      JD_BBG005YHY0Q7_2021-03-18
2021-06-08 00:53:52 87      JEF_BBG000BNHSP9_2021-03-18
2021-06-08 00:53:52 89      JELD_BBG0019GM953_2021-03-18
2021-06-08 00:53:52 90      JJSF_BBG000BMGPW0_2021-03-18
2021-06-08 00:53:52 92      JKHY_BBG000BMH2Q7_2021-03-18
2021-06-08 00:53:52 94      JLL_BBG000C2L2L0_2021-03-18
2021-06-08 00:53:52 95      JNJ_BBG000BMHYD1_2021-03-18
2021-06-08 00:53:53 00      JNPR_BBG000BY33P5_2021-03-18
2021-06-08 00:53:53 01      JOBS_BBG000BJD1D4_2021-03-18
2021-06-08 00:53:53 02      JOUT_BBG000HCXFS4_2021-03-18
2021-06-08 00:53:53 03      JPM_BBG000DMBXR2_2021-03-18
2021-06-08 00:53:53 16      JWN_BBG000G8N9C6_2021-03-18
2021-06-08 00:53:53 18      K_BBG000BMKDM3_2021-03-18
2021-06-08 00:53:53 21      KALU_BBG000PKZDX4_2021-03-18
2021-06-08 00:53:53 22      KBH_BBG000BMLWX8_2021-03-18
2021-06-08 00:53:53 24      KDP_BBG000TJM7F0_2021-03-18
2021-06-08 00:53:53 28      KEP_BBG000BCWG90_2021-03-18
2021-06-08 00:53:53 30      KEX_BBG000BMQCP6_2021-03-18
2021-06-08 00:53:53 31      KEY_BBG000BMQPL1_2021-03-18
2021-06-08 00:53:53 34      KEYS_BBG0059FN811_2021-03-18
2021-06-08 00:53:53 36      KFY_BBG000C5QMB5_2021-03-18
2021-06-08 00:53:53 37      KHC_BBG005CPNTQ2_2021-03-18
2021-06-08 00:53:53 41      KIDS_BBG00HFFRW39_2021-03-18
2021-06-08 00:53:53 42      KIM_BBG000CN3S73_2021-03-18
2021-06-08 00:53:53 44      KLAC_BBG000BMTFR4_2021-03-18
2021-06-08 00:53:53 49      KMB_BBG000BMW2Z0_2021-03-18
2021-06-08 00:53:53 52      KMI_BBG0019JZ882_2021-03-18
2021-06-08 00:53:53 54      KMPR_BBG000H3GDJ8_2021-03-18
2021-06-08 00:53:53 55      KMT_BBG000BMWKC5_2021-03-18
2021-06-08 00:53:53 56      KMX_BBG000BLMZK6_2021-03-18
2021-06-08 00:53:53 57      KNSL_BBG00D8JD9Z9_2021-03-18
2021-06-08 00:53:53 59      KNX_BBG000BFC848_2021-03-18
2021-06-08 00:53:53 61      KO_BBG000BMX289_2021-03-18
2021-06-08 00:53:53 66      KOD_BBG00BVR0D02_2021-03-18
2021-06-08 00:53:53 67      KR_BBG000BMY992_2021-03-18
2021-06-08 00:53:53 70      KRG_BBG000BC2KW8_2021-03-18
2021-06-08 00:53:53 71      KRTX_BBG00NN875G0_2021-03-18
2021-06-08 00:53:53 72      KRYS_BBG00HDGRHH7_2021-03-18
2021-06-08 00:53:53 73      KSU_BBG000BMZ7P7_2021-03-18
2021-06-08 00:53:53 74      KTB_BBG00LPTHYD5_2021-03-18
2021-06-08 00:53:53 76      KWR_BBG000DZS2L9_2021-03-18
2021-06-08 00:53:53 77      L_BBG000C45984_2021-03-18
2021-06-08 00:53:53 78      LAD_BBG000K3BC83_2021-03-18
2021-06-08 00:53:53 80      LANC_BBG000BN1M88_2021-03-18
2021-06-08 00:53:53 81      LASR_BBG0020BCPX5_2021-03-18
2021-06-08 00:53:53 82      LB_BBG000BNGTQ7_2021-03-18
2021-06-08 00:53:53 84      LBRDK_BBG006GNSZW5_2021-03-18
2021-06-08 00:53:53 86      LCII_BBG000DNLMB0_2021-03-18
2021-06-08 00:53:53 88      LDOS_BBG000C23PB0_2021-03-18
2021-06-08 00:53:53 89      LEA_BBG000PTLGZ1_2021-03-18
2021-06-08 00:53:53 90      LECO_BBG000BB72K8_2021-03-18
2021-06-08 00:53:53 92      LEG_BBG000BN53G7_2021-03-18
2021-06-08 00:53:53 93      LEGH_BBG00MJDR6J9_2021-03-18
2021-06-08 00:53:53 94      LEN_BBG000BN5HF7_2021-03-18
2021-06-08 00:53:53 96      LEVI_BBG000BQDF10_2021-03-18
2021-06-08 00:53:53 98      LFC_BBG000BBK4B9_2021-03-18
2021-06-08 00:53:53 99      LFUS_BBG000BGFGT8_2021-03-18
2021-06-08 00:53:54 00      LGIH_BBG0056655S1_2021-03-18
2021-06-08 00:53:54 02      LGND_BBG000BKF014_2021-03-18
2021-06-08 00:53:54 03      LH_BBG000D9DMK0_2021-03-18
2021-06-08 00:53:54 04      LHCG_BBG000G7W420_2021-03-18
2021-06-08 00:53:54 06      LHX_BBG000BLGFJ9_2021-03-18
2021-06-08 00:53:54 07      LII_BBG000BB5B84_2021-03-18
2021-06-08 00:53:54 08      LIN_BBG00GVR8YQ9_2021-03-18
2021-06-08 00:53:54 10      LITE_BBG0073F9RT7_2021-03-18
2021-06-08 00:53:54 13      LKQ_BBG000PXDL44_2021-03-18
2021-06-08 00:53:54 15      LLY_BBG000BNBDC2_2021-03-18
2021-06-08 00:53:54 18      LM_BBG000BNBPQ0_2021-03-18
2021-06-08 00:53:54 19      LMT_BBG000C1BW00_2021-03-18
2021-06-08 00:53:54 24      LNN_BBG000FJS1S8_2021-03-18
2021-06-08 00:53:54 25      LNT_BBG000DW4Q75_2021-03-18
2021-06-08 00:53:54 28      LNTH_BBG006Q52RD0_2021-03-18
2021-06-08 00:53:54 29      LOGM_BBG000Q0SZJ2_2021-03-18
2021-06-08 00:53:54 30      LOPE_BBG000FV28W9_2021-03-18
2021-06-08 00:53:54 31      LOW_BBG000BNDN65_2021-03-18
2021-06-08 00:53:54 34      LPL_BBG000FJ0RK9_2021-03-18
2021-06-08 00:53:54 35      LPLA_BBG000P2TYL8_2021-03-18
2021-06-08 00:53:54 37      LPSN_BBG000BSV0W5_2021-03-18
2021-06-08 00:53:54 39      LRCX_BBG000BNFLM9_2021-03-18
2021-06-08 00:53:54 45      LRN_BBG000QSXPZ9_2021-03-18
2021-06-08 00:53:54 46      LRN: SPYKE!. Candle: ID:1468, Time: 21:05, Close: 28.8
2021-06-08 00:53:54 47      LRN_old_TCS000QSXPZ9_2021-03-18
2021-06-08 00:53:54 47      Warning: figi `old` for history data does not match actual figi `BBG000QSXPZ9`. Ticker: LRN. Will be used actual!
2021-06-08 00:53:54 47      LSCC_BBG000C2D1C1_2021-03-18
2021-06-08 00:53:54 49      LSTR_BBG000BB2KN0_2021-03-18
2021-06-08 00:53:54 51      LTHM_BBG00LV3NRG0_2021-03-18
2021-06-08 00:53:54 52      LULU_BBG000R8ZVD1_2021-03-18
2021-06-08 00:53:54 55      LUMN_BBG000BGLRN3_2021-03-18
2021-06-08 00:53:54 58      LUV_BBG000BNJHS8_2021-03-18
2021-06-08 00:53:54 63      LVGO_BBG0073X4TB8_2021-03-18
2021-06-08 00:53:54 64      LVS_BBG000JWD753_2021-03-18
2021-06-08 00:53:54 68      LW_BBG003CVMLQ2_2021-03-18
2021-06-08 00:53:54 69      LYB_BBG000WCFV84_2021-03-18
2021-06-08 00:53:54 71      LYFT_BBG004M9ZHX5_2021-03-18
2021-06-08 00:53:54 78      LYV_BBG000FQ7YR4_2021-03-18
2021-06-08 00:53:54 80      M_BBG000C46HM9_2021-03-18
2021-06-08 00:53:54 83      MA_BBG000F1ZSQ2_2021-03-18
2021-06-08 00:53:54 89      MAA_BBG000BLMY92_2021-03-18
2021-06-08 00:53:54 90      MAC_BBG000BL9C59_2021-03-18
2021-06-08 00:53:54 93      MAN_BBG000BNMHS4_2021-03-18
2021-06-08 00:53:54 95      MANH_BBG000BFV758_2021-03-18
2021-06-08 00:53:54 96      MANT_BBG000BGF8B5_2021-03-18
2021-06-08 00:53:54 96      MANU_BBG0035WV4N9_2021-03-18
2021-06-08 00:53:54 97      MAR_BBG000BGD7W6_2021-03-18
2021-06-08 00:53:55 02      MAS_BBG000BNNKG9_2021-03-18
2021-06-08 00:53:55 05      MASI_BBG000C3W281_2021-03-18
2021-06-08 00:53:55 06      MAT_BBG000BNNYW1_2021-03-18
2021-06-08 00:53:55 08      MATX_BBG000BBK401_2021-03-18
2021-06-08 00:53:55 09      MBT_BBG000CSZKR2_2021-03-18
2021-06-08 00:53:55 10      MBUU_BBG005PXTR70_2021-03-18
2021-06-08 00:53:55 11      MCD_BBG000BNSZP1_2021-03-18
2021-06-08 00:53:55 14      MCHP_BBG000BHCP19_2021-03-18
2021-06-08 00:53:55 19      MCK_BBG000DYGNW7_2021-03-18
2021-06-08 00:53:55 20      MCO_BBG000F86GP6_2021-03-18
2021-06-08 00:53:55 22      MCRI_BBG000BJ0932_2021-03-18
2021-06-08 00:53:55 22      MCRI: SPYKE!. Candle: ID:9, Time: 13:30, Close: 67.08
2021-06-08 00:53:55 22      MCRI: SPYKE!. Candle: ID:10, Time: 13:30, Close: 66.41
2021-06-08 00:53:55 23      MD_BBG000H8LGK2_2021-03-18
2021-06-08 00:53:55 24      MDB_BBG0022FDRY8_2021-03-18
2021-06-08 00:53:55 27      MDGL_BBG000QS6NV8_2021-03-18
2021-06-08 00:53:55 28      MDLA_BBG001BPKGT0_2021-03-18
2021-06-08 00:53:55 29      MDLZ_BBG000D4LWF6_2021-03-18
2021-06-08 00:53:55 34      MDRX_BBG000BLDXH5_2021-03-18
2021-06-08 00:53:55 36      MDT_BBG000BNWG87_2021-03-18
2021-06-08 00:53:55 40      MED_BBG000BWBW76_2021-03-18
2021-06-08 00:53:55 42      MEDP_BBG0065B7K59_2021-03-18
2021-06-08 00:53:55 43      MEI_BBG000BNY197_2021-03-18
2021-06-08 00:53:55 44      MELI_BBG000GQPB11_2021-03-18
2021-06-08 00:53:55 46      MET_BBG000BB6KF5_2021-03-18
2021-06-08 00:53:55 51      MFGP_BBG00HFWVGN0_2021-03-18
2021-06-08 00:53:55 52      MGLN_BBG000BD6DD9_2021-03-18
2021-06-08 00:53:55 53      MGM_BBG000C2BXK4_2021-03-18
2021-06-08 00:53:55 56      MGY_BBG00GNC8DL2_2021-03-18
2021-06-08 00:53:55 56      MGY: SPYKE!. Candle: ID:30, Time: 11:00, Close: 11.61
2021-06-08 00:53:55 56      MGY: SPYKE!. Candle: ID:31, Time: 11:00, Close: 11.44
2021-06-08 00:53:55 58      MHK_BBG000FLZN98_2021-03-18
2021-06-08 00:53:55 60      MHO_BBG000BL9MZ4_2021-03-18
2021-06-08 00:53:55 61      MIDD_BBG000DQN9R3_2021-03-18
2021-06-08 00:53:55 62      MINI_BBG000BGTX98_2021-03-18
2021-06-08 00:53:55 63      MKC_BBG000G6Y5W4_2021-03-18
2021-06-08 00:53:55 65      MKL_BBG000FC7366_2021-03-18
2021-06-08 00:53:55 66      MKSI_BBG000BVMG26_2021-03-18
2021-06-08 00:53:55 67      MKTX_BBG000BJBZ23_2021-03-18
2021-06-08 00:53:55 69      MLAB_BBG000BP3PW7_2021-03-18
2021-06-08 00:53:55 70      MLCO_BBG000BHP8J4_2021-03-18
2021-06-08 00:53:55 72      MLHR_BBG000BP46T2_2021-03-18
2021-06-08 00:53:55 73      MLM_BBG000BGYMH7_2021-03-18
2021-06-08 00:53:55 74      MMC_BBG000BP4MH0_2021-03-18
2021-06-08 00:53:55 76      MMI_BBG005GBRSR6_2021-03-18
2021-06-08 00:53:55 77      MMM_BBG000BP52R2_2021-03-18
2021-06-08 00:53:55 80      MMS_BBG000BC5WJ4_2021-03-18
2021-06-08 00:53:55 81      MMSI_BBG000C42VX0_2021-03-18
2021-06-08 00:53:55 83      MNRO_BBG000C0BZD1_2021-03-18
2021-06-08 00:53:55 84      MNST_BBG008NVB1C0_2021-03-18
2021-06-08 00:53:55 87      MO_BBG000BP6LJ8_2021-03-18
2021-06-08 00:53:55 91      MOH_BBG000MBHNC8_2021-03-18
2021-06-08 00:53:55 93      MOMO_BBG007HTCQT0_2021-03-18
2021-06-08 00:53:56 01      MORN_BBG000CGQ4F7_2021-03-18
2021-06-08 00:53:56 02      MOS_BBG000BFXHL6_2021-03-18
2021-06-08 00:53:56 06      MOV_BBG000BL30Y9_2021-03-18
2021-06-08 00:53:56 07      MPC_BBG001DCCGR8_2021-03-18
2021-06-08 00:53:56 14      MPWR_BBG000C30L48_2021-03-18
2021-06-08 00:53:56 17      MRC_BBG000BKLTM1_2021-03-18
2021-06-08 00:53:56 17      MRK_BBG000BPD168_2021-03-18
2021-06-08 00:53:56 25      MRNA_BBG003PHHZT1_2021-03-18
2021-06-08 00:53:56 34      MRO_BBG000C8H633_2021-03-18
2021-06-08 00:53:56 38      MRTX_BBG004TPGBP5_2021-03-18
2021-06-08 00:53:56 39      MS_BBG000BLZRJ2_2021-03-18
2021-06-08 00:53:56 47      MSA_BBG000BPDXF8_2021-03-18
2021-06-08 00:53:56 47      MSCI_BBG000RTDY25_2021-03-18
2021-06-08 00:53:56 48      MSFT_BBG000BPH459_2021-03-18
2021-06-08 00:53:56 80      MSGE_BBG00L9HLWV8_2021-03-18
2021-06-08 00:53:56 81      MSGN_BBG000NS03H7_2021-03-18
2021-06-08 00:53:56 83      MSGS_BBG007FG0C23_2021-03-18
2021-06-08 00:53:56 84      MSI_BBG000BP8Z50_2021-03-18
2021-06-08 00:53:56 86      MSM_BBG000BCLYL9_2021-03-18
2021-06-08 00:53:56 87      MSTR_BBG000GQJPZ0_2021-03-18
2021-06-08 00:53:56 90      MTB_BBG000D9KWL9_2021-03-18
2021-06-08 00:53:56 94      MTCH_BBG00B6WH9G3_2021-03-18
2021-06-08 00:53:56 97      MTCH_old_TCS00B6WH9G3_2021-03-18
2021-06-08 00:53:56 97      Warning: figi `old` for history data does not match actual figi `BBG00B6WH9G3`. Ticker: MTCH. Will be used actual!
2021-06-08 00:53:56 98      MTD_BBG000BZCKH3_2021-03-18
2021-06-08 00:53:56 99      MTG_BBG000CBMH27_2021-03-18
2021-06-08 00:53:57 01      MTH_BBG000F4F1N0_2021-03-18
2021-06-08 00:53:57 02      MTN_BBG000BCMWM1_2021-03-18
2021-06-08 00:53:57 04      MTOR_BBG000BH92D1_2021-03-18
2021-06-08 00:53:57 05      MTRN_BBG000BDTT76_2021-03-18
2021-06-08 00:53:57 06      MTSC_BBG000BPL8G3_2021-03-18
2021-06-08 00:53:57 07      MU_BBG000C5Z1S3_2021-03-18
2021-06-08 00:53:57 22      MUR_BBG000BPMH90_2021-03-18
2021-06-08 00:53:57 28      MUSA_BBG001Z0Q6T5_2021-03-18
2021-06-08 00:53:57 30      MXIM_BBG000BPNP00_2021-03-18
2021-06-08 00:53:57 35      MXL_BBG000BB6R33_2021-03-18
2021-06-08 00:53:57 36      MYGN_BBG000D9H9F1_2021-03-18
2021-06-08 00:53:57 41      MYL_BBG000BPQD31_2021-03-18
2021-06-08 00:53:57 41      MYOK_BBG003DKQRK4_2021-03-18
2021-06-08 00:53:57 42      MYRG_BBG000BC7VW9_2021-03-18
2021-06-08 00:53:57 43      NARI_BBG009J8K7M0_2021-03-18
2021-06-08 00:53:57 46      NATI_BBG000DZK6N6_2021-03-18
2021-06-08 00:53:57 51      NAVI_BBG004MN1R41_2021-03-18
2021-06-08 00:53:57 56      NBIX_BBG000GJS7C1_2021-03-18
2021-06-08 00:53:57 58      NBL_BBG000BPT0C6_2021-03-18
2021-06-08 00:53:57 58      NCBS_BBG000QK0TG5_2021-03-18
2021-06-08 00:53:57 60      NCR_BBG000BMXK89_2021-03-18
2021-06-08 00:53:57 64      NDAQ_BBG000F5VVB6_2021-03-18
2021-06-08 00:53:57 70      NDSN_BBG000BPWGR1_2021-03-18
2021-06-08 00:53:57 72      NEE_BBG000BJSBJ0_2021-03-18
2021-06-08 00:53:57 79      NEM_BBG000BPWXK1_2021-03-18
2021-06-08 00:53:57 85      NEO_BBG000BKH263_2021-03-18
2021-06-08 00:53:57 88      NEOG_BBG000C1BCK2_2021-03-18
2021-06-08 00:53:57 89      NET_BBG001WMKHH5_2021-03-18
2021-06-08 00:53:57 92      NEU_BBG000BJ5SS8_2021-03-18
2021-06-08 00:53:57 93      NEWR_BBG001NFKJ68_2021-03-18
2021-06-08 00:53:57 95      NFLX_BBG000CL9VN6_2021-03-18
2021-06-08 00:53:58 05      NGVT_BBG009LM28K6_2021-03-18
2021-06-08 00:53:58 06      NJR_BBG000BPZVW9_2021-03-18
2021-06-08 00:53:58 07      NKE_BBG000C5HS04_2021-03-18
2021-06-08 00:53:58 15      NKTR_BBG000BHCYJ1_2021-03-18
2021-06-08 00:53:58 18      NLOK_BBG000BH2JM1_2021-03-18
2021-06-08 00:53:58 20      NLSN_BBG0088CYPX8_2021-03-18
2021-06-08 00:53:58 22      NMIH_BBG005DLMMZ6_2021-03-18
2021-06-08 00:53:58 23      NOC_BBG000BQ2C28_2021-03-18
2021-06-08 00:53:58 25      NOK_BBG000BNGBW9_2021-03-18
2021-06-08 00:53:58 47      NOV_BBG000BJX8C8_2021-03-18
2021-06-08 00:53:58 51      NOW_BBG000M1R011_2021-03-18
2021-06-08 00:53:58 54      NP_BBG000QCQ764_2021-03-18
2021-06-08 00:53:58 55      NPK_BBG000BQ4GG2_2021-03-18
2021-06-08 00:53:58 55      NRG_BBG000D8RG11_2021-03-18
2021-06-08 00:53:58 64      NSC_BBG000BQ5DS5_2021-03-18
2021-06-08 00:53:58 67      NSP_BBG000BJ41X2_2021-03-18
2021-06-08 00:53:58 69      NTAP_BBG000FP1N32_2021-03-18
2021-06-08 00:53:58 71      NTCO_BBG00R4ZKPN5_2021-03-18
2021-06-08 00:53:58 73      NTCT_BBG000C136Z8_2021-03-18
2021-06-08 00:53:58 74      NTES_BBG000BX72V8_2021-03-18
2021-06-08 00:53:58 78      NTGR_BBG000C4GBR6_2021-03-18
2021-06-08 00:53:58 80      NTLA_BBG007KC7PB0_2021-03-18
2021-06-08 00:53:58 82      NTNX_BBG001NDW1Z7_2021-03-18
2021-06-08 00:53:58 85      NTRA_BBG001J1BQ86_2021-03-18
2021-06-08 00:53:58 86      NTRS_BBG000BQ74K1_2021-03-18
2021-06-08 00:53:58 89      NTUS_BBG000DPZHS3_2021-03-18
2021-06-08 00:53:58 90      NUE_BBG000BQ8KV2_2021-03-18
2021-06-08 00:53:58 92      NUS_BBG000HG21Y3_2021-03-18
2021-06-08 00:53:58 93      NUVA_BBG000LNL298_2021-03-18
2021-06-08 00:53:58 95      NVDA_BBG000BBJQV0_2021-03-18
2021-06-08 00:53:59 10      NVEE_BBG005BT60Y8_2021-03-18
2021-06-08 00:53:59 13      NVR_BBG000BQBYR3_2021-03-18
2021-06-08 00:53:59 14      NVRO_BBG001K61W36_2021-03-18
2021-06-08 00:53:59 15      NVTA_BBG005DJFD43_2021-03-18
2021-06-08 00:53:59 18      NWE_BBG000Q1NMJ4_2021-03-18
2021-06-08 00:53:59 19      NWL_BBG000BQC9V2_2021-03-18
2021-06-08 00:53:59 22      NWLI_BBG008HNHZ07_2021-03-18
2021-06-08 00:53:59 23      NWS_BBG0035M2ZB7_2021-03-18
2021-06-08 00:53:59 25      NWSA_BBG0035LY913_2021-03-18
2021-06-08 00:53:59 29      NXPI_BBG000BND699_2021-03-18
2021-06-08 00:53:59 36      NXST_BBG000DZJVH0_2021-03-18
2021-06-08 00:53:59 38      NYT_BBG000FFC0B3_2021-03-18
2021-06-08 00:53:59 41      O_BBG000DHPN63_2021-03-18
2021-06-08 00:53:59 43      OC_BBG000M44VW8_2021-03-18
2021-06-08 00:53:59 45      ODFL_BBG000CHSS88_2021-03-18
2021-06-08 00:53:59 47      OFIX_BBG000G1C210_2021-03-18
2021-06-08 00:53:59 48      OHI_BBG000BGBTC2_2021-03-18
2021-06-08 00:53:59 51      OI_BBG00R2JZG39_2021-03-18
2021-06-08 00:53:59 52      OII_BBG000CPBCL8_2021-03-18
2021-06-08 00:53:59 53      OIS_BBG000BDDN94_2021-03-18
2021-06-08 00:53:59 57      OKE_BBG000BQHGR6_2021-03-18
2021-06-08 00:53:59 59      OKTA_BBG001YV1SM4_2021-03-18
2021-06-08 00:53:59 65      OLED_BBG000BLRP41_2021-03-18
2021-06-08 00:53:59 67      OLLI_BBG0098VVDT9_2021-03-18
2021-06-08 00:53:59 70      OMC_BBG000BS9489_2021-03-18
2021-06-08 00:53:59 72      OMCL_BBG000BTNGZ4_2021-03-18
2021-06-08 00:53:59 73      ON_BBG000DV7MX4_2021-03-18
2021-06-08 00:53:59 79      ONTO_BBG000BPRN29_2021-03-18
2021-06-08 00:53:59 81      ORCL_BBG000BQLTW7_2021-03-18
2021-06-08 00:53:59 87      ORLY_BBG000BGYWY6_2021-03-18
2021-06-08 00:53:59 91      OSIS_BBG000BWPR54_2021-03-18
2021-06-08 00:53:59 92      OSK_BBG000CC53X1_2021-03-18
2021-06-08 00:53:59 94      OSUR_BBG000J3D1Y8_2021-03-18
2021-06-08 00:53:59 96      OTIS_BBG00RP60KV0_2021-03-18
2021-06-08 00:53:59 98      OVV_BBG00R2NHQ65_2021-03-18
2021-06-08 00:54:00 02      OXY_BBG000BQQ2S6_2021-03-18
2021-06-08 00:54:00 06      OXY: BuyPending. Strategy: MorningOpenStrategy. Price: 28.76. Lots: 8. ChangeOpenToCurrent: -2.51. ChangePrevCloseToCurrent: -1.13. Candle: ID:9, Time: 4:00, Close: 28.76.
2021-06-08 00:54:00 06      OXY: OrderID: 64dc2e64. PlacedOrder. Status: New. RejectReason: 
2021-06-08 00:54:00 06      OXY: Cancel order. Did not bought at market open. Candle: ID:14, Time: 4:05, Close: 28.79
2021-06-08 00:54:00 06      OrderID: 64dc2e64 successfully canceled
2021-06-08 00:54:00 10      PAGS_BBG00JM7QBR6_2021-03-18
2021-06-08 00:54:00 12      PANW_BBG0014GJCT9_2021-03-18
2021-06-08 00:54:00 15      PATK_BBG000BQSBB2_2021-03-18
2021-06-08 00:54:00 16      PAYC_BBG0064N0ZZ5_2021-03-18
2021-06-08 00:54:00 17      PB_BBG000BHY4D9_2021-03-18
2021-06-08 00:54:00 19      PBCT_BBG000BQT4L6_2021-03-18
2021-06-08 00:54:00 21      PBF_BBG002832GV8_2021-03-18
2021-06-08 00:54:00 25      PBH_BBG000QM0RZ4_2021-03-18
2021-06-08 00:54:00 26      PBI_BBG000BQTMJ9_2021-03-18
2021-06-08 00:54:00 29      PCAR_BBG000BQVTF5_2021-03-18
2021-06-08 00:54:00 32      PCG_BBG000BQWPC5_2021-03-18
2021-06-08 00:54:00 34      PCRX_BBG0018FQNS6_2021-03-18
2021-06-08 00:54:00 35      PCTY_BBG006598YS8_2021-03-18
2021-06-08 00:54:00 37      PD_BBG0043BYPB8_2021-03-18
2021-06-08 00:54:00 39      PDCO_BBG000BQY289_2021-03-18
2021-06-08 00:54:00 41      PEAK_BBG000BKYDP9_2021-03-18
2021-06-08 00:54:00 43      PEG_BBG000BQZMH4_2021-03-18
2021-06-08 00:54:00 45      PEGA_BBG000H1RYG7_2021-03-18
2021-06-08 00:54:00 47      PEN_BBG001BP92V1_2021-03-18
2021-06-08 00:54:00 48      PEP_BBG000DH7JK6_2021-03-18
2021-06-08 00:54:00 59      PETQ_BBG00H1CY328_2021-03-18
2021-06-08 00:54:00 60      PFE_BBG000BR2B91_2021-03-18
2021-06-08 00:54:00 65      PFG_BBG000NSCNT7_2021-03-18
2021-06-08 00:54:00 69      PFGC_BBG009XW2WB8_2021-03-18
2021-06-08 00:54:00 70      PFPT_BBG000RQ2GY7_2021-03-18
2021-06-08 00:54:00 73      PG_BBG000BR2TH3_2021-03-18
2021-06-08 00:54:00 79      PGNY_BBG002H1K1H1_2021-03-18
2021-06-08 00:54:00 81      PGR_BBG000BR37X2_2021-03-18
2021-06-08 00:54:00 84      PGTI_BBG000FX3Y66_2021-03-18
2021-06-08 00:54:00 85      PH_BBG000BR3KL6_2021-03-18
2021-06-08 00:54:00 87      PHM_BBG000BR54L0_2021-03-18
2021-06-08 00:54:00 91      PII_BBG000D5S4M0_2021-03-18
2021-06-08 00:54:00 94      PINC_BBG000G7QX50_2021-03-18
2021-06-08 00:54:00 95      PINS_BBG002583CV8_2021-03-18
2021-06-08 00:54:01 01      PIPR_BBG000FQXC75_2021-03-18
2021-06-08 00:54:01 02      PKG_BBG000BB8SW7_2021-03-18
2021-06-08 00:54:01 03      PKI_BBG000FXW512_2021-03-18
2021-06-08 00:54:01 04      PLAN_BBG002DZS299_2021-03-18
2021-06-08 00:54:01 07      PLAY_BBG001WWJTK5_2021-03-18
2021-06-08 00:54:01 08      PLCE_BBG000JK9DK4_2021-03-18
2021-06-08 00:54:01 11      PLD_BBG000B9Z0J8_2021-03-18
2021-06-08 00:54:01 13      PLNT_BBG009H04M17_2021-03-18
2021-06-08 00:54:01 15      PLTR_BBG000N7QR55_2021-03-18
2021-06-08 00:54:01 28      PLUS_BBG000HN7W02_2021-03-18
2021-06-08 00:54:01 29      PLXS_BBG000BRBX66_2021-03-18
2021-06-08 00:54:01 30      PM_BBG000J2XL74_2021-03-18
2021-06-08 00:54:01 34      PNC_BBG000BRD0D8_2021-03-18
2021-06-08 00:54:01 38      PNFP_BBG000C1XKF6_2021-03-18
2021-06-08 00:54:01 40      PNTG_BBG00P33SY72_2021-03-18
2021-06-08 00:54:01 41      PODD_BBG000R7XX87_2021-03-18
2021-06-08 00:54:01 43      POOL_BBG000BCVG28_2021-03-18
2021-06-08 00:54:01 45      POR_BBG000BCRMW7_2021-03-18
2021-06-08 00:54:01 46      POST_BBG001WTBC36_2021-03-18
2021-06-08 00:54:01 47      POWI_BBG000BTT3D1_2021-03-18
2021-06-08 00:54:01 48      PPC_BBG000BFLXV3_2021-03-18
2021-06-08 00:54:01 49      PPG_BBG000BRJ809_2021-03-18
2021-06-08 00:54:01 51      PPL_BBG000BRJL00_2021-03-18
2021-06-08 00:54:01 55      PRAA_BBG000BNTW77_2021-03-18
2021-06-08 00:54:01 57      PRAH_BBG007387YL8_2021-03-18
2021-06-08 00:54:01 58      PRFT_BBG000BVXFK6_2021-03-18
2021-06-08 00:54:01 59      PRG_BBG00VSH86G4_2021-03-18
2021-06-08 00:54:01 60      PRGS_BBG000C4QP94_2021-03-18
2021-06-08 00:54:01 61      PRI_BBG000T8ZF80_2021-03-18
2021-06-08 00:54:01 62      PRLB_BBG000BT13B3_2021-03-18
2021-06-08 00:54:01 64      PRSC_TCS000P1B7C8_2021-03-18
2021-06-08 00:54:01 64      PRSP_BBG00KMXKWF9_2021-03-18
2021-06-08 00:54:01 65      PRU_BBG000HCJMF9_2021-03-18
2021-06-08 00:54:01 69      PS_BBG00KMYC574_2021-03-18
2021-06-08 00:54:01 70      PSA_BBG000BPPN67_2021-03-18
2021-06-08 00:54:01 72      PSN_BBG000C3TKY6_2021-03-18
2021-06-08 00:54:01 73      PSTG_BBG00212PVZ5_2021-03-18
2021-06-08 00:54:01 78      PSX_BBG00286S4N9_2021-03-18
2021-06-08 00:54:01 82      PTC_BBG000C2VBB0_2021-03-18
2021-06-08 00:54:01 84      PTCT_BBG000QT15P7_2021-03-18
2021-06-08 00:54:01 85      PTON_BBG00JG0FFZ2_2021-03-18
2021-06-08 00:54:01 92      PTR_BBG000BR85F1_2021-03-18
2021-06-08 00:54:01 93      PUMP_BBG00FYCQ352_2021-03-18
2021-06-08 00:54:01 95      PVH_BBG000BRRG02_2021-03-18
2021-06-08 00:54:01 97      PWR_BBG000BBL8V7_2021-03-18
2021-06-08 00:54:01 98      PXD_BBG000BXRPH1_2021-03-18
2021-06-08 00:54:02 02      PYPL_BBG0077VNXV6_2021-03-18
2021-06-08 00:54:02 16      PZZA_BBG000BFWF13_2021-03-18
2021-06-08 00:54:02 18      QADA_BBG001BP77C3_2021-03-18
2021-06-08 00:54:02 19      QCOM_BBG000CGC1X8_2021-03-18
2021-06-08 00:54:02 30      QDEL_BBG000C6GN04_2021-03-18
2021-06-08 00:54:02 33      QLYS_BBG000HT5G06_2021-03-18
2021-06-08 00:54:02 35      QNST_BBG000S9XXB8_2021-03-18
2021-06-08 00:54:02 37      QRTEA_BBG000PCQQL6_2021-03-18
2021-06-08 00:54:02 39      QRVO_BBG007TJF1N7_2021-03-18
2021-06-08 00:54:02 44      QTS_BBG0054B20Z8_2021-03-18
2021-06-08 00:54:02 45      QTWO_BBG005ZVK9P2_2021-03-18
2021-06-08 00:54:02 47      QUOT_BBG001QYNR63_2021-03-18
2021-06-08 00:54:02 48      R_BBG000BRVP70_2021-03-18
2021-06-08 00:54:02 50      RACE_BBG009PH3Q86_2021-03-18
2021-06-08 00:54:02 51      RAMP_BBG000BB4HM6_2021-03-18
2021-06-08 00:54:02 52      RARE_BBG001RWPDW6_2021-03-18
2021-06-08 00:54:02 54      RAVN_BBG000CXQTZ3_2021-03-18
2021-06-08 00:54:02 56      RBC_BBG000BRXTR8_2021-03-18
2021-06-08 00:54:02 57      RCL_BBG000BB5792_2021-03-18
2021-06-08 00:54:02 60      RDFN_BBG001Q7HP63_2021-03-18
2021-06-08 00:54:02 62      RDS.A_BBG000QXSSS6_2021-03-18
2021-06-08 00:54:02 65      RDY_BBG000NJ96L6_2021-03-18
2021-06-08 00:54:02 65      RE_BBG000C1XVK6_2021-03-18
2021-06-08 00:54:02 66      REG_BBG000BL46Q4_2021-03-18
2021-06-08 00:54:02 69      REGI_BBG0016SSV00_2021-03-18
2021-06-08 00:54:02 73      REGN_BBG000C734W3_2021-03-18
2021-06-08 00:54:02 77      RETA_BBG000R33BD1_2021-03-18
2021-06-08 00:54:02 79      REX_BBG000D2ZK61_2021-03-18
2021-06-08 00:54:02 79      REZI_BBG00HY28K89_2021-03-18
2021-06-08 00:54:02 81      RF_BBG000Q3JN03_2021-03-18
2021-06-08 00:54:02 83      RGA_BBG000BDLCQ0_2021-03-18
2021-06-08 00:54:02 85      RGEN_BBG000BS48J3_2021-03-18
2021-06-08 00:54:02 86      RGLD_BBG000BS5170_2021-03-18
2021-06-08 00:54:02 88      RGNX_BBG007Z9V591_2021-03-18
2021-06-08 00:54:02 89      RGR_BBG000C4FQG6_2021-03-18
2021-06-08 00:54:02 91      RH_BBG002293PJ4_2021-03-18
2021-06-08 00:54:02 92      RHI_BBG000BS5DR2_2021-03-18
2021-06-08 00:54:02 96      RIG_BBG000BH5LT6_2021-03-18
2021-06-08 00:54:03 06      RJF_BBG000BS73J1_2021-03-18
2021-06-08 00:54:03 20      RL_BBG000BS0ZF1_2021-03-18
2021-06-08 00:54:03 31      RMD_BBG000L4M7F1_2021-03-18
2021-06-08 00:54:03 36      RNG_BBG000J094P3_2021-03-18
2021-06-08 00:54:03 39      ROCK_BBG000BKQDQ7_2021-03-18
2021-06-08 00:54:03 42      ROG_BBG000BS9HN3_2021-03-18
2021-06-08 00:54:03 44      ROK_BBG000BBCDZ2_2021-03-18
2021-06-08 00:54:03 47      ROKU_BBG001ZZPQJ6_2021-03-18
2021-06-08 00:54:03 52      ROL_BBG000BSBBP1_2021-03-18
2021-06-08 00:54:03 54      ROLL_BBG000GMGNB3_2021-03-18
2021-06-08 00:54:03 57      ROP_BBG000F1ZSN5_2021-03-18
2021-06-08 00:54:03 61      ROST_BBG000BSBZH7_2021-03-18
2021-06-08 00:54:03 66      RP_BBG000CN5CJ3_2021-03-18
2021-06-08 00:54:03 68      RPD_BBG009DFHWG6_2021-03-18
2021-06-08 00:54:03 70      RPM_BBG000DCNK80_2021-03-18
2021-06-08 00:54:03 73      RRBI_BBG000QKNLB2_2021-03-18
2021-06-08 00:54:03 75      RRC_BBG000FVXD63_2021-03-18
2021-06-08 00:54:03 77      RRGB_BBG000MXH9C1_2021-03-18
2021-06-08 00:54:03 78      RS_BBG000CJ2181_2021-03-18
2021-06-08 00:54:03 80      RSG_BBG000BPXVJ6_2021-03-18
2021-06-08 00:54:03 81      RTX_BBG000BW8S60_2021-03-18
2021-06-08 00:54:03 85      RVLV_BBG00M4RHBD0_2021-03-18
2021-06-08 00:54:03 87      RXN_BBG000H8R0N8_2021-03-18
2021-06-08 00:54:03 88      RYN_BBG000BG7L34_2021-03-18
2021-06-08 00:54:03 89      RYTM_BBG007DLZ601_2021-03-18
2021-06-08 00:54:03 90      SAFM_BBG000BSHJ96_2021-03-18
2021-06-08 00:54:03 92      SAGE_BBG0025X16Y5_2021-03-18
2021-06-08 00:54:03 93      SAIA_BBG000P5LMQ0_2021-03-18
2021-06-08 00:54:03 94      SAIC_BBG003BW05K6_2021-03-18
2021-06-08 00:54:03 95      SAIL_BBG00J0BBZL0_2021-03-18
2021-06-08 00:54:03 97      SAM_BBG000BCZBF1_2021-03-18
2021-06-08 00:54:03 98      SAVE_BBG000BF6RQ9_2021-03-18
2021-06-08 00:54:04 01      SBAC_BBG000D2M0Z7_2021-03-18
2021-06-08 00:54:04 03      SBCF_BBG000KK3464_2021-03-18
2021-06-08 00:54:04 04      SBGI_BBG000F2XXP2_2021-03-18
2021-06-08 00:54:04 06      SBH_BBG000LR8515_2021-03-18
2021-06-08 00:54:04 07      SBH: SPYKE!. Candle: ID:2038, Time: 20:10, Close: 20.99
2021-06-08 00:54:04 07      SBRA_BBG000MTDW24_2021-03-18
2021-06-08 00:54:04 10      SBUX_BBG000CTQBF3_2021-03-18
2021-06-08 00:54:04 17      SCCO_BBG000BSHH72_2021-03-18
2021-06-08 00:54:04 18      SCHW_BBG000BSLZY7_2021-03-18
2021-06-08 00:54:04 23      SCI_BBG000BTHH16_2021-03-18
2021-06-08 00:54:04 25      SCSC_BBG000BHTPZ4_2021-03-18
2021-06-08 00:54:04 26      SDGR_BBG000T88BN2_2021-03-18
2021-06-08 00:54:04 29      SEDG_BBG0084BBZY6_2021-03-18
2021-06-08 00:54:04 32      SEE_BBG000C22QV7_2021-03-18
2021-06-08 00:54:04 34      SEIC_BBG000BSQLT9_2021-03-18
2021-06-08 00:54:04 35      SERV_TCS002WMH2F2_2021-03-18
2021-06-08 00:54:04 36      SF_BBG000BSS5C0_2021-03-18
2021-06-08 00:54:04 37      SFIX_BBG0046L1KL9_2021-03-18
2021-06-08 00:54:04 40      SFM_BBG001KFKQM7_2021-03-18
2021-06-08 00:54:04 41      SGEN_BBG000BH0FR6_2021-03-18
2021-06-08 00:54:04 44      SGEN_old_TCS000BH0FR6_2021-03-18
2021-06-08 00:54:04 44      Warning: figi `old` for history data does not match actual figi `BBG000BH0FR6`. Ticker: SGEN. Will be used actual!
2021-06-08 00:54:04 44      SHAK_BBG0063GCHH8_2021-03-18
2021-06-08 00:54:04 46      SHEN_BBG000BTC2N0_2021-03-18
2021-06-08 00:54:04 47      SHI_BBG000BHR1H9_2021-03-18
2021-06-08 00:54:04 48      SHW_BBG000BSXQV7_2021-03-18
2021-06-08 00:54:04 50      SIG_BBG000C4ZZ10_2021-03-18
2021-06-08 00:54:04 51      SIGI_BBG000BSZ738_2021-03-18
2021-06-08 00:54:04 53      SINA_BBG000CJZ2W6_2021-03-18
2021-06-08 00:54:04 54      SITE_BBG009T22D49_2021-03-18
2021-06-08 00:54:04 55      SIVB_BBG000BT0CM2_2021-03-18
2021-06-08 00:54:04 58      SJI_BBG000BT0T72_2021-03-18
2021-06-08 00:54:04 62      SJM_BBG000BT1715_2021-03-18
2021-06-08 00:54:04 63      SKM_BBG000BLN497_2021-03-18
2021-06-08 00:54:04 64      SKX_BBG000C4HKK2_2021-03-18
2021-06-08 00:54:04 66      SLAB_BBG000BB99S3_2021-03-18
2021-06-08 00:54:04 67      SLAB: SPYKE!. Candle: ID:3, Time: 13:30, Close: 148.25
2021-06-08 00:54:04 68      SLB_BBG000BT41Q8_2021-03-18
2021-06-08 00:54:04 72      SLG_BBG000BVP5P2_2021-03-18
2021-06-08 00:54:04 74      SMAR_BBG00GQK3WB5_2021-03-18
2021-06-08 00:54:04 76      SMG_BBG000BT5PG5_2021-03-18
2021-06-08 00:54:04 77      SMPL_BBG00GVP5JL4_2021-03-18
2021-06-08 00:54:04 78      SMTC_BBG000DBKR53_2021-03-18
2021-06-08 00:54:04 81      SNA_BBG000BT7JW9_2021-03-18
2021-06-08 00:54:04 82      SNAP_BBG00441QMJ7_2021-03-18
2021-06-08 00:54:04 91      SNBR_BBG000DM2BF3_2021-03-18
2021-06-08 00:54:04 93      SNPS_BBG000BSFRF3_2021-03-18
2021-06-08 00:54:04 97      SNX_BBG000CL9JV4_2021-03-18
2021-06-08 00:54:04 98      SNY_BBG000BBD5N1_2021-03-18
2021-06-08 00:54:05 00      SO_BBG000BT9DW0_2021-03-18
2021-06-08 00:54:05 04      SOHU_BBG00L2DB535_2021-03-18
2021-06-08 00:54:05 06      SON_BBG000D7HF89_2021-03-18
2021-06-08 00:54:05 07      SONO_BBG001JZPSQ2_2021-03-18
2021-06-08 00:54:05 10      SONO: SPYKE!. Candle: ID:7089, Time: 20:05, Close: 40.4
2021-06-08 00:54:05 10      SONO: SPYKE!. Candle: ID:7091, Time: 20:05, Close: 42.25
2021-06-08 00:54:05 10      SONO: SPYKE!. Candle: ID:7102, Time: 20:25, Close: 41.91
2021-06-08 00:54:05 10      SP_BBG000BJ91B1_2021-03-18
2021-06-08 00:54:05 12      SPB@US_BBG000DS5588_2021-03-18
2021-06-08 00:54:05 13      SPCE_BBG00HTN2CQ3_2021-03-18
2021-06-08 00:54:05 31      SPG_BBG000BJ2D31_2021-03-18
2021-06-08 00:54:05 35      SPGI_BBG000BP1Q11_2021-03-18
2021-06-08 00:54:05 38      SPLK_BBG001C7TST4_2021-03-18
2021-06-08 00:54:05 44      SPOT_BBG003T4VFC2_2021-03-18
2021-06-08 00:54:05 48      SPR_BBG000PRJ2Z9_2021-03-18
2021-06-08 00:54:05 51      SPSC_BBG000PZGB75_2021-03-18
2021-06-08 00:54:05 53      SQ_BBG0018SLC07_2021-03-18
2021-06-08 00:54:05 62      SRC_BBG0027Z6X10_2021-03-18
2021-06-08 00:54:05 64      SRCL_BBG000H3FZM6_2021-03-18
2021-06-08 00:54:05 65      SRDX_BBG000BZ2QG2_2021-03-18
2021-06-08 00:54:05 66      SRE_BBG000C2ZCH8_2021-03-18
2021-06-08 00:54:05 68      SRI_BBG000BB9Q78_2021-03-18
2021-06-08 00:54:05 69      SRPT_BBG000BCJ161_2021-03-18
2021-06-08 00:54:05 74      SSD_BBG000JLC8L8_2021-03-18
2021-06-08 00:54:05 75      SSNC_BBG000RJ2J04_2021-03-18
2021-06-08 00:54:05 77      SSTK_BBG002ZCK2V9_2021-03-18
2021-06-08 00:54:05 78      STAA_BBG000C4QB95_2021-03-18
2021-06-08 00:54:05 79      STAG_BBG000BGLFP7_2021-03-18
2021-06-08 00:54:05 81      STLD_BBG000HGYNZ9_2021-03-18
2021-06-08 00:54:05 85      STMP_BBG000CZ4KF3_2021-03-18
2021-06-08 00:54:05 86      STRA_BBG000GRZDV1_2021-03-18
2021-06-08 00:54:05 87      STT_BBG000BKFBD7_2021-03-18
2021-06-08 00:54:05 89      STX_BBG000F0KF42_2021-03-18
2021-06-08 00:54:05 89      Warning: figi `BBG000F0KF42` for history data does not match actual figi `BBG0113JGQF0`. Ticker: STX. Will be used actual!
2021-06-08 00:54:05 93      STZ_BBG000J1QLT0_2021-03-18
2021-06-08 00:54:05 95      SUPN_BBG000BP0HX7_2021-03-18
2021-06-08 00:54:05 97      SWAV_BBG005XVXML5_2021-03-18
2021-06-08 00:54:05 98      SWBI_BBG000BM0QL7_2021-03-18
2021-06-08 00:54:06 00      SWCH_BBG00HPDM5Z2_2021-03-18
2021-06-08 00:54:06 03      SWI_BBG00M1CKSK7_2021-03-18
2021-06-08 00:54:06 05      SWK_BBG000BTQR96_2021-03-18
2021-06-08 00:54:06 08      SWKS_BBG000KLB4Q1_2021-03-18
2021-06-08 00:54:06 13      SWN_BBG000BTR593_2021-03-18
2021-06-08 00:54:06 16      SWX_BBG00FWP4JW4_2021-03-18
2021-06-08 00:54:06 18      SXI_BBG000BTT5B8_2021-03-18
2021-06-08 00:54:06 19      SXT_BBG000J79P80_2021-03-18
2021-06-08 00:54:06 20      SYF_BBG00658F3P3_2021-03-18
2021-06-08 00:54:06 25      SYK_BBG000DN7P92_2021-03-18
2021-06-08 00:54:06 28      SYKE_BBG000BBHPV4_2021-03-18
2021-06-08 00:54:06 29      SYNA_BBG000BQV1S2_2021-03-18
2021-06-08 00:54:06 30      SYNH_BBG0078Y1D92_2021-03-18
2021-06-08 00:54:06 31      SYNH: SPYKE!. Candle: ID:8, Time: 13:30, Close: 76.6
2021-06-08 00:54:06 32      SYY_BBG000BTVJ25_2021-03-18
2021-06-08 00:54:06 34      T_BBG000BSJK37_2021-03-18
2021-06-08 00:54:06 39      TAK_BBG000LF8708_2021-03-18
2021-06-08 00:54:06 41      TAL_BBG0016XJ8S0_2021-03-18
2021-06-08 00:54:06 43      TAP_BBG000BS7KS3_2021-03-18
2021-06-08 00:54:06 46      TCBI_BBG000DN4ZT1_2021-03-18
2021-06-08 00:54:06 47      TCMD_BBG001B12Z39_2021-03-18
2021-06-08 00:54:06 48      TCRR_BBG00FH3FM15_2021-03-18
2021-06-08 00:54:06 50      TCS_BBG005DXJS36_2021-03-18
2021-06-08 00:54:06 52      TCX_BBG000L69KL5_2021-03-18
2021-06-08 00:54:06 53      TDC_BBG000R0L5J4_2021-03-18
2021-06-08 00:54:06 54      TDG_BBG000L8CBX4_2021-03-18
2021-06-08 00:54:06 55      TDOC_BBG0019T5SG0_2021-03-18
2021-06-08 00:54:06 60      TDS_BBG000BV0VK7_2021-03-18
2021-06-08 00:54:06 61      TDY_BBG000BMT9T6_2021-03-18
2021-06-08 00:54:06 63      TECD_BBG000BV2BR2_2021-03-18
2021-06-08 00:54:06 64      TECH_BBG000C15114_2021-03-18
2021-06-08 00:54:06 65      TEL_BBG000RGM5P1_2021-03-18
2021-06-08 00:54:06 68      TENB_BBG00LBLCD02_2021-03-18
2021-06-08 00:54:06 70      TER_BBG000BV4DR6_2021-03-18
2021-06-08 00:54:06 74      TFC_BBG000BYYLS8_2021-03-18
2021-06-08 00:54:06 78      TFX_BBG000BV59Y6_2021-03-18
2021-06-08 00:54:06 80      TGNA_BBG000BK5DP1_2021-03-18
2021-06-08 00:54:06 82      TGT_BBG000H8TVT2_2021-03-18
2021-06-08 00:54:06 86      THG_BBG000FJH8W0_2021-03-18
2021-06-08 00:54:06 88      THO_BBG000BV6R84_2021-03-18
2021-06-08 00:54:06 90      THRM_BBG000BQLM34_2021-03-18
2021-06-08 00:54:06 93      THS_BBG000GQGJT4_2021-03-18
2021-06-08 00:54:06 94      TIF_BBG000BV75B7_2021-03-18
2021-06-08 00:54:06 94      TJX_BBG000BV8DN6_2021-03-18
2021-06-08 00:54:06 98      TKR_BBG000BV95H9_2021-03-18
2021-06-08 00:54:06 99      TMHC_BBG003PGJHP5_2021-03-18
2021-06-08 00:54:07 01      TMO_BBG000BVDLH9_2021-03-18
2021-06-08 00:54:07 04      TMUS_BBG000NDV1D4_2021-03-18
2021-06-08 00:54:07 08      TMX_BBG002WMH2F2_2021-03-18
2021-06-08 00:54:07 09      TNC_BBG000JCZJS2_2021-03-18
2021-06-08 00:54:07 10      TNDM_BBG0019V9M65_2021-03-18
2021-06-08 00:54:07 12      TNET_BBG000BR2040_2021-03-18
2021-06-08 00:54:07 13      TOL_BBG000BVHBM1_2021-03-18
2021-06-08 00:54:07 16      TOT_BBG000CHZ857_2021-03-18
2021-06-08 00:54:07 19      TPH_BBG0016YQTR5_2021-03-18
2021-06-08 00:54:07 21      TPIC_BBG0016MQ7C5_2021-03-18
2021-06-08 00:54:07 23      TPR_BBG000BY29C7_2021-03-18
2021-06-08 00:54:07 26      TPTX_BBG00NPL9WH7_2021-03-18
2021-06-08 00:54:07 27      TPX_BBG000PXGT62_2021-03-18
2021-06-08 00:54:07 31      TREE_BBG000TVRB50_2021-03-18
2021-06-08 00:54:07 32      TREX_BBG000BTGKK9_2021-03-18
2021-06-08 00:54:07 35      TRHC_BBG00BT7PPY8_2021-03-18
2021-06-08 00:54:07 36      TRIP_BBG001M8HHB7_2021-03-18
2021-06-08 00:54:07 42      TRMB_BBG000BNPS52_2021-03-18
2021-06-08 00:54:07 46      TROW_BBG000BVMPN3_2021-03-18
2021-06-08 00:54:07 48      TRU_BBG002Q7J5Z1_2021-03-18
2021-06-08 00:54:07 50      TRUP_BBG002BC7WC5_2021-03-18
2021-06-08 00:54:07 52      TRV_BBG000BJ81C1_2021-03-18
2021-06-08 00:54:07 55      TSCO_BBG000BLXZN1_2021-03-18
2021-06-08 00:54:07 57      TSLA_BBG000N9MNX3_2021-03-18
2021-06-08 00:54:08 22      TSM_BBG000BD8ZK0_2021-03-18
2021-06-08 00:54:08 34      TSN_BBG000DKCC19_2021-03-18
2021-06-08 00:54:08 37      TSS_BBG000C1JTL6_2021-03-18
2021-06-08 00:54:08 37      TT_BBG000BM6788_2021-03-18
2021-06-08 00:54:08 39      TTC_BBG000BVQRY3_2021-03-18
2021-06-08 00:54:08 42      TTD_BBG00629NGT2_2021-03-18
2021-06-08 00:54:08 43      TTEK_BBG000BYZ0Q5_2021-03-18
2021-06-08 00:54:08 47      TTM_BBG000PVGDH9_2021-03-18
2021-06-08 00:54:08 48      TTMI_BBG000BYQ0B1_2021-03-18
2021-06-08 00:54:08 50      TTWO_BBG000BS1YV5_2021-03-18
2021-06-08 00:54:08 54      TW_BBG00NK8H8T2_2021-03-18
2021-06-08 00:54:08 55      TWLO_BBG0029ZX840_2021-03-18
2021-06-08 00:54:08 60      TWNK_BBG00B6KGNN1_2021-03-18
2021-06-08 00:54:08 62      TWOU_BBG001KS9450_2021-03-18
2021-06-08 00:54:08 64      TWTR_BBG000H6HNW3_2021-03-18
2021-06-08 00:54:08 73      TXG_BBG007WX14X0_2021-03-18
2021-06-08 00:54:08 75      TXN_BBG000BVV7G1_2021-03-18
2021-06-08 00:54:08 81      TXRH_BBG000PSJMV7_2021-03-18
2021-06-08 00:54:08 84      TXT_BBG000BVVQQ8_2021-03-18
2021-06-08 00:54:08 86      TYL_BBG000BVWZF9_2021-03-18
2021-06-08 00:54:08 87      UA_BBG009DTD8H2_2021-03-18
2021-06-08 00:54:08 89      UAA_BBG000BXM6V2_2021-03-18
2021-06-08 00:54:08 92      UAL_BBG000M65M61_2021-03-18
2021-06-08 00:54:09 01      UBER_BBG002B04MT8_2021-03-18
2021-06-08 00:54:09 08      UCTT_BBG000HSLV70_2021-03-18
2021-06-08 00:54:09 09      UDR_BBG000C41023_2021-03-18
2021-06-08 00:54:09 12      UFPI_BBG000BL0T06_2021-03-18
2021-06-08 00:54:09 25      UFS_BBG000BHFHP8_2021-03-18
2021-06-08 00:54:09 26      UGI_BBG000BVYN55_2021-03-18
2021-06-08 00:54:09 28      UHS_BBG000CB8Q50_2021-03-18
2021-06-08 00:54:09 29      UI_BBG001R72SR9_2021-03-18
2021-06-08 00:54:09 30      ULTA_BBG00FWQ4VD6_2021-03-18
2021-06-08 00:54:09 32      UMBF_BBG000DD8WX1_2021-03-18
2021-06-08 00:54:09 33      UNF_BBG000BW29L1_2021-03-18
2021-06-08 00:54:09 34      UNH_BBG000CH5208_2021-03-18
2021-06-08 00:54:09 37      UNM_BBG000BW2QX0_2021-03-18
2021-06-08 00:54:09 39      UNP_BBG000BW3299_2021-03-18
2021-06-08 00:54:09 42      UNVR_BBG000BDHD29_2021-03-18
2021-06-08 00:54:09 43      UPS_BBG000L9CV04_2021-03-18
2021-06-08 00:54:09 47      UPWK_BBG00FBJ6390_2021-03-18
2021-06-08 00:54:09 50      URBN_BBG000BL79J3_2021-03-18
2021-06-08 00:54:09 52      URI_BBG000BXMFC3_2021-03-18
2021-06-08 00:54:09 54      USB_BBG000FFDM15_2021-03-18
2021-06-08 00:54:09 59      USFD_BBG00C6H6D40_2021-03-18
2021-06-08 00:54:09 62      USM_BBG000BW6P59_2021-03-18
2021-06-08 00:54:09 62      USNA_BBG000BX28M0_2021-03-18
2021-06-08 00:54:09 63      USPH_BBG000CSRSG6_2021-03-18
2021-06-08 00:54:09 64      UTHR_BBG000BV4XJ1_2021-03-18
2021-06-08 00:54:09 65      UTL_BBG000BW7X97_2021-03-18
2021-06-08 00:54:09 66      UTX_BBG0089KM290_2021-03-18
2021-06-08 00:54:09 67      V_BBG000PSKYX7_2021-03-18
2021-06-08 00:54:09 74      VAC_BBG001J2R5H3_2021-03-18
2021-06-08 00:54:09 75      VALE_BBG000BN5LG7_2021-03-18
2021-06-08 00:54:09 78      VAR_BBG000BWBZN1_2021-03-18
2021-06-08 00:54:09 79      VC_BBG0016T3GQ0_2021-03-18
2021-06-08 00:54:09 81      VCEL_BBG000BDCM24_2021-03-18
2021-06-08 00:54:09 85      VCRA_BBG00179VSY7_2021-03-18
2021-06-08 00:54:09 86      VCYT_BBG001J2M542_2021-03-18
2021-06-08 00:54:09 88      VEEV_BBG001CGB489_2021-03-18
2021-06-08 00:54:09 89      VEON_BBG000QCW561_2021-03-18
2021-06-08 00:54:09 92      VFC_BBG000BWCKB6_2021-03-18
2021-06-08 00:54:09 95      VG_BBG000BRB5D9_2021-03-18
2021-06-08 00:54:09 96      VIAC_BBG000C496P7_2021-03-18
2021-06-08 00:54:10 07      VICR_BBG000C3VHF1_2021-03-18
2021-06-08 00:54:10 08      VIE_BBG00K6P5XM1_2021-03-18
2021-06-08 00:54:10 09      VIPS_BBG002NLDLV8_2021-03-18
2021-06-08 00:54:10 12      VIR_BBG00H2QQ8T5_2021-03-18
2021-06-08 00:54:10 15      VLO_BBG000BBGGQ1_2021-03-18
2021-06-08 00:54:10 20      VMC_BBG000BWGYF8_2021-03-18
2021-06-08 00:54:10 21      VMI_BBG000BWB7V4_2021-03-18
2021-06-08 00:54:10 22      VMW_BBG000BC9938_2021-03-18
2021-06-08 00:54:10 24      VNDA_BBG000HT5MG6_2021-03-18
2021-06-08 00:54:10 25      VNE_BBG00K4MPP27_2021-03-18
2021-06-08 00:54:10 26      VNO_BBG000BWHD54_2021-03-18
2021-06-08 00:54:10 28      VNT_BBG00RRGSJR4_2021-03-18
2021-06-08 00:54:10 30      VPG_BBG000PRQ0V9_2021-03-18
2021-06-08 00:54:10 30      VREX_BBG00CZNLR47_2021-03-18
2021-06-08 00:54:10 32      VRNS_BBG001Y04TN6_2021-03-18
2021-06-08 00:54:10 33      VRNT_BBG000BCBYT2_2021-03-18
2021-06-08 00:54:10 34      VRSK_BBG000BCZL41_2021-03-18
2021-06-08 00:54:10 37      VRSN_BBG000BGKHZ3_2021-03-18
2021-06-08 00:54:10 39      VRTS_BBG000DMFQS2_2021-03-18
2021-06-08 00:54:10 40      VRTU_BBG000QCG7M7_2021-03-18
2021-06-08 00:54:10 41      VRTV_BBG005XZHR97_2021-03-18
2021-06-08 00:54:10 41      VRTX_BBG000C1S2X2_2021-03-18
2021-06-08 00:54:10 44      VTR_BBG000FRVHB9_2021-03-18
2021-06-08 00:54:10 47      VTRS_BBG00Y4RQNH4_2021-03-18
2021-06-08 00:54:10 50      VZ_BBG000HS77T5_2021-03-18
2021-06-08 00:54:10 54      W_BBG001B17MV2_2021-03-18
2021-06-08 00:54:10 57      WAB_BBG000BDD940_2021-03-18
2021-06-08 00:54:10 59      WAL_BBG000Q1KFH4_2021-03-18
2021-06-08 00:54:10 60      WAT_BBG000FQRVM3_2021-03-18
2021-06-08 00:54:10 60      WAT: SPYKE!. Candle: ID:9, Time: 13:35, Close: 265.5
2021-06-08 00:54:10 61      WB_BBG0065XPGX9_2021-03-18
2021-06-08 00:54:10 65      WBA_BBG000BWLMJ4_2021-03-18
2021-06-08 00:54:10 68      WCC_BBG000D0FNV3_2021-03-18
2021-06-08 00:54:10 70      WDAY_BBG000VC0T95_2021-03-18
2021-06-08 00:54:10 73      WDC_BBG000BWNFZ9_2021-03-18
2021-06-08 00:54:10 77      WDFC_BBG000BWNV93_2021-03-18
2021-06-08 00:54:10 78      WEC_BBG000BWP7D9_2021-03-18
2021-06-08 00:54:10 81      WELL_BBG000BKY1G5_2021-03-18
2021-06-08 00:54:10 83      WERN_BBG000BWPP85_2021-03-18
2021-06-08 00:54:10 84      WEX_BBG000BVZP59_2021-03-18
2021-06-08 00:54:10 86      WFC_BBG000BWQFY7_2021-03-18
2021-06-08 00:54:10 96      WGO_BBG000BWS3F3_2021-03-18
2021-06-08 00:54:10 99      WH_BBG00HCY3Q67_2021-03-18
2021-06-08 00:54:11 00      WHD_BBG00JRH1P95_2021-03-18
2021-06-08 00:54:11 01      WHR_BBG000BWSV34_2021-03-18
2021-06-08 00:54:11 02      WING_BBG008N298Y8_2021-03-18
2021-06-08 00:54:11 04      WK_BBG007BVZ8H9_2021-03-18
2021-06-08 00:54:11 05      WLK_BBG000PXZFW2_2021-03-18
2021-06-08 00:54:11 06      WLTW_BBG000DB3KT1_2021-03-18
2021-06-08 00:54:11 08      WM_BBG000BWVSR1_2021-03-18
2021-06-08 00:54:11 11      WMB_BBG000BWVCP8_2021-03-18
2021-06-08 00:54:11 14      WMT_BBG000BWXBC2_2021-03-18
2021-06-08 00:54:11 19      WOR_BBG000HL7499_2021-03-18
2021-06-08 00:54:11 20      WORK_BBG007G7V505_2021-03-18
2021-06-08 00:54:11 22      WRB_BBG000BD1HP2_2021-03-18
2021-06-08 00:54:11 24      WRK_BBG008NXC572_2021-03-18
2021-06-08 00:54:11 26      WRLD_BBG000C3G9J2_2021-03-18
2021-06-08 00:54:11 27      WSC_BBG00B0FS947_2021-03-18
2021-06-08 00:54:11 29      WSM_BBG000FSMWC3_2021-03-18
2021-06-08 00:54:11 32      WSO_BBG000DJN7L9_2021-03-18
2021-06-08 00:54:11 33      WST_BBG000BX24N8_2021-03-18
2021-06-08 00:54:11 34      WTFC_BBG000HD3DW5_2021-03-18
2021-06-08 00:54:11 36      WTS_BBG000C4Z6C2_2021-03-18
2021-06-08 00:54:11 37      WTTR_BBG00G4Y2DC1_2021-03-18
2021-06-08 00:54:11 37      WTTR: BuyPending. Strategy: MorningOpenStrategy. Price: 6.03. Lots: 41. ChangeOpenToCurrent: -2.43. ChangePrevCloseToCurrent: 0. Candle: ID:9, Time: 7:00, Close: 6.03.
2021-06-08 00:54:11 37      WTTR: OrderID: 384a3cb4. PlacedOrder. Status: New. RejectReason: 
2021-06-08 00:54:11 37      WTTR: OrderID: 384a3cb4 partially executed. Executed lots: 1. OrderStatus: 1/41 lots
2021-06-08 00:54:11 37      WTTR: OrderID: 384a3cb4 partially executed. Executed lots: 1. OrderStatus: 2/41 lots
2021-06-08 00:54:11 37      WTTR: OrderID: 384a3cb4 partially executed. Executed lots: 2. OrderStatus: 4/41 lots
2021-06-08 00:54:11 37      WTTR: OrderID: 384a3cb4 partially executed. Executed lots: 2. OrderStatus: 6/41 lots
2021-06-08 00:54:11 37      WTTR: OrderID: 384a3cb4 partially executed. Executed lots: 3. OrderStatus: 9/41 lots
2021-06-08 00:54:11 37      WTTR: OrderID: 384a3cb4 partially executed. Executed lots: 2. OrderStatus: 11/41 lots
2021-06-08 00:54:11 37      WTTR: OrderID: 384a3cb4 partially executed. Executed lots: 1. OrderStatus: 12/41 lots
2021-06-08 00:54:11 37      WTTR: OrderID: 384a3cb4 partially executed. Executed lots: 1. OrderStatus: 13/41 lots
2021-06-08 00:54:11 37      WTTR: OrderID: 384a3cb4 partially executed. Executed lots: 1. OrderStatus: 14/41 lots
2021-06-08 00:54:11 37      WTTR: OrderID: 384a3cb4 partially executed. Executed lots: 1. OrderStatus: 15/41 lots
2021-06-08 00:54:11 37      WTTR: OrderID: 384a3cb4 partially executed. Executed lots: 1. OrderStatus: 16/41 lots
2021-06-08 00:54:11 37      WTTR: OrderID: 384a3cb4 fully executed
2021-06-08 00:54:11 37      WTTR: Morning closing by timeout. Close price: 6. Lots: 41. Profit: -0.03(-0.50%). Candle: ID:66, Time: 7:25, Close: 6
2021-06-08 00:54:11 37      WTTR: OrderID: 99508129. PlacedOrder. Status: New. RejectReason: 
2021-06-08 00:54:11 37      WTTR: OrderID: 99508129 fully executed
2021-06-08 00:54:11 38      Exception happened while copiyng file. Error: Could not find a part of the path 'C:\tinkoff\Configuration\test\WTTR_BBG00G4Y2DC1_2021-03-18.csv'.
2021-06-08 00:54:11 39      WU_BBG000BB5373_2021-03-18
2021-06-08 00:54:11 41      WWD_BBG000BD53V2_2021-03-18
2021-06-08 00:54:11 42      WWE_BBG000F5YH15_2021-03-18
2021-06-08 00:54:11 44      WWW_BBG000BX2YN2_2021-03-18
2021-06-08 00:54:11 44      WY_BBG000BX3BL3_2021-03-18
2021-06-08 00:54:11 47      WYND_BBG000PV2L86_2021-03-18
2021-06-08 00:54:11 47      WYNN_BBG000LD9JQ8_2021-03-18
2021-06-08 00:54:11 50      XEC_BBG000D6L294_2021-03-18
2021-06-08 00:54:11 52      XEL_BBG000BCTQ65_2021-03-18
2021-06-08 00:54:11 56      XLNX_BBG000C0F570_2021-03-18
2021-06-08 00:54:11 62      XLRN_BBG000R5HWZ1_2021-03-18
2021-06-08 00:54:11 63      XNCR_BBG0026ZG4W0_2021-03-18
2021-06-08 00:54:11 64      XOM_BBG000GZQ728_2021-03-18
2021-06-08 00:54:11 72      XPO_BBG000L5CJF3_2021-03-18
2021-06-08 00:54:11 74      XRAY_BBG000BX57K1_2021-03-18
2021-06-08 00:54:11 78      XRX_BBG00NNG2ZJ8_2021-03-18
2021-06-08 00:54:11 79      XYL_BBG001D8R5D0_2021-03-18
2021-06-08 00:54:11 81      Y_BBG000BX6BJ3_2021-03-18
2021-06-08 00:54:11 82      YELP_BBG000Q2HM09_2021-03-18
2021-06-08 00:54:11 83      YETI_BBG00D8JC882_2021-03-18
2021-06-08 00:54:11 85      YEXT_BBG001MKZGY7_2021-03-18
2021-06-08 00:54:11 88      YUM_BBG000BH3GZ2_2021-03-18
2021-06-08 00:54:11 90      YUMC_BBG00B8N0HG1_2021-03-18
2021-06-08 00:54:11 92      YY_BBG003H0XV18_2021-03-18
2021-06-08 00:54:11 93      Z_BBG009NRSWJ4_2021-03-18
2021-06-08 00:54:11 99      ZBH_BBG000BKPL53_2021-03-18
2021-06-08 00:54:12 00      ZBRA_BBG000CC7LQ7_2021-03-18
2021-06-08 00:54:12 02      ZEN_BBG001HRFJG4_2021-03-18
2021-06-08 00:54:12 04      ZG_BBG000D13GN8_2021-03-18
2021-06-08 00:54:12 06      ZGNX_BBG000VDC3G9_2021-03-18
2021-06-08 00:54:12 08      ZI_BBG00S1HJ3M8_2021-03-18
2021-06-08 00:54:12 10      ZION_BBG000BX9WL1_2021-03-18
2021-06-08 00:54:12 14      ZM_BBG0042V6JM8_2021-03-18
2021-06-08 00:54:12 22      ZNH_BBG000BXQ7R1_2021-03-18
2021-06-08 00:54:12 23      ZS_BBG003338H34_2021-03-18
2021-06-08 00:54:12 27      ZTS_BBG0039320N9_2021-03-18
2021-06-08 00:54:12 34      ZUMZ_BBG000PYX812_2021-03-18
2021-06-08 00:54:12 35      ZUO_BBG000BT3HG5_2021-03-18
2021-06-08 00:54:12 36      ZYNE_BBG007BBS8B7_2021-03-18
2021-06-08 00:54:12 47      ZYXI_BBG000BJBXZ2_2021-03-18
2021-06-08 00:54:12 61      Total candles read: 5946140
2021-06-08 00:54:12 62      Start DisposeAsync...
2021-06-08 00:54:12 62      Trade statistic. Total/Pos/Neg: 5/3/2; Profit: 4.50; Volume: 0; MaxVolume: 247.23; Commission: 1.167020;
2021-06-08 00:54:12 62      BaseBot::DisposeAsync...
2021-06-08 00:54:12 62      BaseBot::DisposeAsync done!
2021-06-08 00:54:12 62      End DisposeAsync...
