2021-06-08 00:53:07 33      mode=TestTradeBot;DumpQuotes=false;SubscribeQuotes=false;Strategies=MorningOpenStrategy;Token=token.txt;ConfigPath=usd.json;OutputFolder=.\test\;CandlesPath=C:\tinkoff\TestData\RawQuotes\5m\uncompressed\quotes_2021-03-10;
2021-06-08 00:53:07 34      Trade bot created
2021-06-08 00:53:07 35      Fake connection created
2021-06-08 00:53:09 84      List of disabled tickers: 
2021-06-08 00:53:09 86      A_BBG000C2V3D6_2021-03-10
2021-06-08 00:53:09 92      AA_BBG00B3T3HD3_2021-03-10
2021-06-08 00:53:09 97      AAL_BBG005P7Q881_2021-03-10
2021-06-08 00:53:10 06      AAN_BBG00WCNDCZ6_2021-03-10
2021-06-08 00:53:10 07      AAON_BBG000C2LZP3_2021-03-10
2021-06-08 00:53:10 08      AAP_BBG000F7RCJ1_2021-03-10
2021-06-08 00:53:10 09      AAPL_BBG000B9XRY4_2021-03-10
2021-06-08 00:53:10 57      ABBV_BBG0025Y4RY4_2021-03-10
2021-06-08 00:53:10 62      ABC_BBG000MDCQC2_2021-03-10
2021-06-08 00:53:10 63      ABG_BBG000BKDWB5_2021-03-10
2021-06-08 00:53:10 65      ABMD_BBG000C101X4_2021-03-10
2021-06-08 00:53:10 66      ABNB_BBG001Y2XS07_2021-03-10
2021-06-08 00:53:10 71      ABT_BBG000B9ZXB4_2021-03-10
2021-06-08 00:53:10 74      ACAD_BBG000BHG9K0_2021-03-10
2021-06-08 00:53:10 81      ACH_BBG000CMRVH1_2021-03-10
2021-06-08 00:53:10 82      ACM_BBG000F61RJ8_2021-03-10
2021-06-08 00:53:10 84      ACMR_BBG00HPSG933_2021-03-10
2021-06-08 00:53:10 85      ACN_BBG000D9D830_2021-03-10
2021-06-08 00:53:10 87      ADBE_BBG000BB5006_2021-03-10
2021-06-08 00:53:10 92      ADM_BBG000BB6WG8_2021-03-10
2021-06-08 00:53:10 94      ADP_BBG000JG0547_2021-03-10
2021-06-08 00:53:10 96      ADPT_BBG001J2PFF5_2021-03-10
2021-06-08 00:53:11 00      ADS_BBG000BFNR17_2021-03-10
2021-06-08 00:53:11 01      ADSK_BBG000BM7HL0_2021-03-10
2021-06-08 00:53:11 04      ADUS_BBG000NJGX84_2021-03-10
2021-06-08 00:53:11 05      AEE_BBG000B9X8C0_2021-03-10
2021-06-08 00:53:11 06      AEIS_BBG000FKMP26_2021-03-10
2021-06-08 00:53:11 07      AEO_BBG000BGXZB5_2021-03-10
2021-06-08 00:53:11 10      AERI_BBG001KJ7WJ5_2021-03-10
2021-06-08 00:53:11 11      AES_BBG000C23KJ3_2021-03-10
2021-06-08 00:53:11 14      AFG_BBG000DPKKK0_2021-03-10
2021-06-08 00:53:11 15      AFL_BBG000BBBNC6_2021-03-10
2021-06-08 00:53:11 18      AGCO_BBG000DCCZW2_2021-03-10
2021-06-08 00:53:11 19      AGIO_BBG000QY4ZD0_2021-03-10
2021-06-08 00:53:11 20      AIG_BBG000BBDZG3_2021-03-10
2021-06-08 00:53:11 22      AIR_BBG000BBGQF1_2021-03-10
2021-06-08 00:53:11 23      AIRC_BBG00XK3WVD0_2021-03-10
2021-06-08 00:53:11 24      AIT_BBG000BBHHP9_2021-03-10
2021-06-08 00:53:11 25      AIV_BBG000DD3510_2021-03-10
2021-06-08 00:53:11 26      AIZ_BBG000BZX1N5_2021-03-10
2021-06-08 00:53:11 27      AJG_BBG000BBHXQ3_2021-03-10
2021-06-08 00:53:11 29      AJRD_BBG000BKRHQ7_2021-03-10
2021-06-08 00:53:11 30      AKAM_BBG000BJQWD2_2021-03-10
2021-06-08 00:53:11 32      ALB_BBG000BJ26K7_2021-03-10
2021-06-08 00:53:11 34      ALGN_BBG000BRNLL2_2021-03-10
2021-06-08 00:53:11 36      ALGT_BBG000LJS6B8_2021-03-10
2021-06-08 00:53:11 37      ALK_BBG000BBL0Y1_2021-03-10
2021-06-08 00:53:11 38      ALL_BBG000BVMGF2_2021-03-10
2021-06-08 00:53:11 40      ALLE_BBG003PS7JV1_2021-03-10
2021-06-08 00:53:11 41      ALLK_BBG003QBJKN0_2021-03-10
2021-06-08 00:53:11 42      ALLO_BBG00KHRRDX3_2021-03-10
2021-06-08 00:53:11 44      ALLY_BBG000BC2R71_2021-03-10
2021-06-08 00:53:11 47      ALNY_BBG000BFGNJ5_2021-03-10
2021-06-08 00:53:11 48      ALRM_BBG007GNPYY7_2021-03-10
2021-06-08 00:53:11 49      ALSN_BBG001KY3845_2021-03-10
2021-06-08 00:53:11 50      ALTR_BBG000PN9NB9_2021-03-10
2021-06-08 00:53:11 52      ALXN_BBG000G30YX4_2021-03-10
2021-06-08 00:53:11 55      AMAT_BBG000BBPFB9_2021-03-10
2021-06-08 00:53:11 62      AMCX_BBG000H01H92_2021-03-10
2021-06-08 00:53:11 64      AMD_BBG000BBQCY0_2021-03-10
2021-06-08 00:53:11 83      AME_BBG000B9XG87_2021-03-10
2021-06-08 00:53:11 84      AMED_BBG000B9ZV28_2021-03-10
2021-06-08 00:53:11 85      AMG_BBG000C060M4_2021-03-10
2021-06-08 00:53:11 86      AMGN_BBG000BBS2Y0_2021-03-10
2021-06-08 00:53:11 90      AMN_BBG000BCT197_2021-03-10
2021-06-08 00:53:11 91      AMP_BBG000G3QLY3_2021-03-10
2021-06-08 00:53:11 92      AMT_BBG000B9XYV2_2021-03-10
2021-06-08 00:53:11 94      AMWD_BBG000BBX657_2021-03-10
2021-06-08 00:53:11 95      AMZN_BBG000BVPV84_2021-03-10
2021-06-08 00:53:12 03      AN_BBG000BBXLW4_2021-03-10
2021-06-08 00:53:12 04      ANAB_BBG0026ZDHR0_2021-03-10
2021-06-08 00:53:12 06      ANDE_BBG000BF8CN3_2021-03-10
2021-06-08 00:53:12 06      ANET_BBG000N2HDY5_2021-03-10
2021-06-08 00:53:12 07      ANF_BBG000H9G7X2_2021-03-10
2021-06-08 00:53:12 09      ANGI_BBG00HVKH3Q0_2021-03-10
2021-06-08 00:53:12 10      ANIK_BBG000BBKZD8_2021-03-10
2021-06-08 00:53:12 12      ANIP_BBG000KK1L04_2021-03-10
2021-06-08 00:53:12 13      ANSS_BBG000GXZ4W7_2021-03-10
2021-06-08 00:53:12 14      ANTM_BBG000BCG930_2021-03-10
2021-06-08 00:53:12 16      AON_BBG00SSQFPK6_2021-03-10
2021-06-08 00:53:12 17      AOS_BBG000BC1L02_2021-03-10
2021-06-08 00:53:12 18      AOUT_BBG00QV8FS02_2021-03-10
2021-06-08 00:53:12 19      APA_BBG00YTS96G2_2021-03-10
2021-06-08 00:53:12 24      APD_BBG000BC4JJ4_2021-03-10
2021-06-08 00:53:12 25      APEI_BBG000RVD346_2021-03-10
2021-06-08 00:53:12 26      APEI: SPYKE!. Candle: ID:330, Time: 14:25, Close: 31
2021-06-08 00:53:12 26      APEI: SPYKE!. Candle: ID:331, Time: 14:25, Close: 31.5
2021-06-08 00:53:12 26      APEI: SPYKE!. Candle: ID:332, Time: 14:30, Close: 31.73
2021-06-08 00:53:12 26      APEI: SPYKE!. Candle: ID:337, Time: 14:30, Close: 31.67
2021-06-08 00:53:12 26      APLE_BBG006473QX9_2021-03-10
2021-06-08 00:53:12 28      APLT_BBG000DD0489_2021-03-10
2021-06-08 00:53:12 29      APPF_BBG008GC8CP6_2021-03-10
2021-06-08 00:53:12 30      APPN_BBG001C7PMJ2_2021-03-10
2021-06-08 00:53:12 32      APPS_BBG000HZ3562_2021-03-10
2021-06-08 00:53:12 36      APTV_BBG001QD41M9_2021-03-10
2021-06-08 00:53:12 38      ARCC_BBG000PD6X77_2021-03-10
2021-06-08 00:53:12 39      ARCT_BBG00NNW8JK1_2021-03-10
2021-06-08 00:53:12 41      ARE_BBG000BC33T9_2021-03-10
2021-06-08 00:53:12 42      ARMK_BBG001KY4N87_2021-03-10
2021-06-08 00:53:12 44      ARNA_BBG000BKXBV7_2021-03-10
2021-06-08 00:53:12 45      ARNC_BBG00R45JYB7_2021-03-10
2021-06-08 00:53:12 47      ARQT_BBG00QN8K4M4_2021-03-10
2021-06-08 00:53:12 48      ARVN_BBG00LW7YK82_2021-03-10
2021-06-08 00:53:12 49      ARW_BBG000BCD3D5_2021-03-10
2021-06-08 00:53:12 50      ARWR_BBG000BRVKH0_2021-03-10
2021-06-08 00:53:12 52      ASGN_BBG000CRN8N8_2021-03-10
2021-06-08 00:53:12 53      ASH_BBG00D0Y81M1_2021-03-10
2021-06-08 00:53:12 53      ASIX_BBG00CWTTQ41_2021-03-10
2021-06-08 00:53:12 54      ATEX_BBG0081NLHR0_2021-03-10
2021-06-08 00:53:12 55      ATGE_BBG000DQBZJ7_2021-03-10
2021-06-08 00:53:12 56      ATKR_BBG000QTFDQ4_2021-03-10
2021-06-08 00:53:12 57      ATR_BBG000BGX2S0_2021-03-10
2021-06-08 00:53:12 57      ATRA_BBG005Q3MQY4_2021-03-10
2021-06-08 00:53:12 59      ATRC_BBG000BL6CB5_2021-03-10
2021-06-08 00:53:12 60      ATRI_BBG000DTT624_2021-03-10
2021-06-08 00:53:12 61      ATRO_BBG000BCLBY5_2021-03-10
2021-06-08 00:53:12 62      ATUS_BBG00GFMPRK0_2021-03-10
2021-06-08 00:53:12 64      ATVI_BBG000CVWGS6_2021-03-10
2021-06-08 00:53:12 67      AVAV_BBG000GX14P2_2021-03-10
2021-06-08 00:53:12 68      AVB_BBG000BLPBL5_2021-03-10
2021-06-08 00:53:12 70      AVGO_BBG00KHY5S69_2021-03-10
2021-06-08 00:53:12 74      AVLR_BBG000R4Y9C1_2021-03-10
2021-06-08 00:53:12 76      AVNS_BBG005L86G05_2021-03-10
2021-06-08 00:53:12 77      AVNT_BBG000C8NJ10_2021-03-10
2021-06-08 00:53:12 78      AVTR_BBG00G2HHYD7_2021-03-10
2021-06-08 00:53:12 80      AVY_BBG000BCQ4P6_2021-03-10
2021-06-08 00:53:12 80      AWI_BBG000DW4LB1_2021-03-10
2021-06-08 00:53:12 82      AWK_BBG000TRJ294_2021-03-10
2021-06-08 00:53:12 83      AWR_BBG000F964B6_2021-03-10
2021-06-08 00:53:12 84      AX_BBG000QPHD08_2021-03-10
2021-06-08 00:53:12 85      AXGN_BBG000BN46R9_2021-03-10
2021-06-08 00:53:12 86      AXP_BBG000BCQZS4_2021-03-10
2021-06-08 00:53:12 89      AXSM_BBG00B6G7GL7_2021-03-10
2021-06-08 00:53:12 90      AYI_BBG000BJ5HK0_2021-03-10
2021-06-08 00:53:12 91      AYX_BBG000BGZT72_2021-03-10
2021-06-08 00:53:12 95      AZO_BBG000C7LMS8_2021-03-10
2021-06-08 00:53:12 96      AZPN_BBG000DFMXT3_2021-03-10
2021-06-08 00:53:12 97      BA_BBG000BCSST7_2021-03-10
2021-06-08 00:53:13 09      BABA_BBG006G2JVL2_2021-03-10
2021-06-08 00:53:13 19      BAC_BBG000BCTLF6_2021-03-10
2021-06-08 00:53:13 28      BAH_BBG000R2YFG7_2021-03-10
2021-06-08 00:53:13 29      BAND_BBG001K003W2_2021-03-10
2021-06-08 00:53:13 31      BAX_BBG000BCVJ77_2021-03-10
2021-06-08 00:53:13 33      BBIO_BBG00P9KDZK6_2021-03-10
2021-06-08 00:53:13 36      BBSI_BBG000BHJSC4_2021-03-10
2021-06-08 00:53:13 36      BBY_BBG000BCWCG1_2021-03-10
2021-06-08 00:53:13 39      BC_BBG000BCWSS3_2021-03-10
2021-06-08 00:53:13 41      BCO_BBG000DR5QP5_2021-03-10
2021-06-08 00:53:13 41      BCO: SPYKE!. Candle: ID:20, Time: 13:20, Close: 76.87
2021-06-08 00:53:13 42      BCPC_BBG000BCY878_2021-03-10
2021-06-08 00:53:13 43      BDC_BBG000Q4XNV1_2021-03-10
2021-06-08 00:53:13 44      BDTX_BBG00MS4Y0W9_2021-03-10
2021-06-08 00:53:13 45      BDX_BBG000BCZYD3_2021-03-10
2021-06-08 00:53:13 47      BECN_BBG000BKTXF2_2021-03-10
2021-06-08 00:53:13 48      BEN_BBG000BD0TF8_2021-03-10
2021-06-08 00:53:13 52      BERY_BBG000Q1R1Y9_2021-03-10
2021-06-08 00:53:13 53      BF.B_BBG000BD2NY8_2021-03-10
2021-06-08 00:53:13 54      BFAM_BBG003LFWP05_2021-03-10
2021-06-08 00:53:13 55      BGS_BBG000RKXRQ1_2021-03-10
2021-06-08 00:53:13 56      BH_BBG00JPRDQH1_2021-03-10
2021-06-08 00:53:13 56      BHF_BBG00DYPZ4T0_2021-03-10
2021-06-08 00:53:13 58      BIDU_BBG000QXWHD1_2021-03-10
2021-06-08 00:53:13 77      BIG_BBG000J0D904_2021-03-10
2021-06-08 00:53:13 78      BIIB_BBG000C17X76_2021-03-10
2021-06-08 00:53:13 81      BILI_BBG00K7T3037_2021-03-10
2021-06-08 00:53:13 90      BILL_BBG00QVJV6V4_2021-03-10
2021-06-08 00:53:13 93      BIO_BBG000DY28W5_2021-03-10
2021-06-08 00:53:13 94      BJRI_BBG000H9LNX1_2021-03-10
2021-06-08 00:53:13 95      BK_BBG000BD8PN9_2021-03-10
2021-06-08 00:53:13 98      BKI_BBG00GX77LW3_2021-03-10
2021-06-08 00:53:14 00      BKNG_BBG000BLBVN4_2021-03-10
2021-06-08 00:53:14 01      BKR_BBG00GBVBK51_2021-03-10
2021-06-08 00:53:14 03      BL_BBG0029KJVB0_2021-03-10
2021-06-08 00:53:14 07      BLD_BBG0077VS2C0_2021-03-10
2021-06-08 00:53:14 08      BLDR_BBG000BKD3K9_2021-03-10
2021-06-08 00:53:14 11      BLK_BBG000C2PW58_2021-03-10
2021-06-08 00:53:14 12      BLKB_BBG000BGGTW5_2021-03-10
2021-06-08 00:53:14 13      BLL_BBG000BDDNH5_2021-03-10
2021-06-08 00:53:14 14      BLUE_BBG000QGWY50_2021-03-10
2021-06-08 00:53:14 20      BLUE: SPYKE!. Candle: ID:1377, Time: 12:05, Close: 31.01
2021-06-08 00:53:14 24      BMI_BBG000BDGHD9_2021-03-10
2021-06-08 00:53:14 25      BMRN_BBG000CZWZ05_2021-03-10
2021-06-08 00:53:14 27      BMY_BBG000DQLV23_2021-03-10
2021-06-08 00:53:14 32      BOH_BBG000C8D8G9_2021-03-10
2021-06-08 00:53:14 33      BOKF_BBG000CFZ003_2021-03-10
2021-06-08 00:53:14 34      BOOT_BBG0077SYZV6_2021-03-10
2021-06-08 00:53:14 35      BOX_BBG000PMSK08_2021-03-10
2021-06-08 00:53:14 38      BPMC_BBG001MC8YF7_2021-03-10
2021-06-08 00:53:14 38      BR_BBG000PPFKQ7_2021-03-10
2021-06-08 00:53:14 39      BRC_BBG000BDNV95_2021-03-10
2021-06-08 00:53:14 40      BRK.B_BBG000DWG505_2021-03-10
2021-06-08 00:53:14 46      BRKR_BBG000CL1FG7_2021-03-10
2021-06-08 00:53:14 48      BRO_BBG000BWSGF4_2021-03-10
2021-06-08 00:53:14 49      BSX_BBG000C0LW92_2021-03-10
2021-06-08 00:53:14 51      BTAI_BBG00K20GVD2_2021-03-10
2021-06-08 00:53:14 54      BTI_BBG000BWPXQ8_2021-03-10
2021-06-08 00:53:14 56      BUD_BBG000RYC984_2021-03-10
2021-06-08 00:53:14 58      BURL_BBG004S641N5_2021-03-10
2021-06-08 00:53:14 60      BWA_BBG000BJ49H3_2021-03-10
2021-06-08 00:53:14 62      BWXT_BBG000D86F25_2021-03-10
2021-06-08 00:53:14 62      BX_BBG000BH0106_2021-03-10
2021-06-08 00:53:14 65      BXP_BBG000BS5CM9_2021-03-10
2021-06-08 00:53:14 66      BYND_BBG003CVJP50_2021-03-10
2021-06-08 00:53:14 69      BZUN_BBG008HNS333_2021-03-10
2021-06-08 00:53:14 71      C_BBG000FY4S11_2021-03-10
2021-06-08 00:53:14 78      CABO_BBG000F02T51_2021-03-10
2021-06-08 00:53:14 79      CACC_BBG000CS0D96_2021-03-10
2021-06-08 00:53:14 80      CAG_BBG000BDXGP9_2021-03-10
2021-06-08 00:53:14 83      CAH_BBG000D898T9_2021-03-10
2021-06-08 00:53:14 85      CALM_BBG000CDMJW6_2021-03-10
2021-06-08 00:53:14 86      CARA_BBG001J2QYS9_2021-03-10
2021-06-08 00:53:14 87      CARG_BBG00HQ77DS2_2021-03-10
2021-06-08 00:53:14 89      CARR_BBG00RP5HYS8_2021-03-10
2021-06-08 00:53:14 91      CARS_BBG000HGTH33_2021-03-10
2021-06-08 00:53:14 92      CASY_BBG000BF0672_2021-03-10
2021-06-08 00:53:14 93      CAT_BBG000BF0K17_2021-03-10
2021-06-08 00:53:14 95      CB_BBG000BR14K5_2021-03-10
2021-06-08 00:53:14 97      CBRE_BBG000C04224_2021-03-10
2021-06-08 00:53:14 98      CBRL_BBG000BF33K1_2021-03-10
2021-06-08 00:53:14 99      CBSH_BBG000BF3G77_2021-03-10
2021-06-08 00:53:15 00      CBU_BBG000BF4D19_2021-03-10
2021-06-08 00:53:15 01      CCI_BBG000FV1Z23_2021-03-10
2021-06-08 00:53:15 02      CCK_BBG000BF6756_2021-03-10
2021-06-08 00:53:15 03      CCL_BBG000BF6LY3_2021-03-10
2021-06-08 00:53:15 13      CCOI_BBG000D0SMY8_2021-03-10
2021-06-08 00:53:15 15      CCXI_BBG000PTSB12_2021-03-10
2021-06-08 00:53:15 16      CDK_BBG006B6PVN9_2021-03-10
2021-06-08 00:53:15 18      CDLX_BBG00225ZDD0_2021-03-10
2021-06-08 00:53:15 20      CDNA_BBG006JS5785_2021-03-10
2021-06-08 00:53:15 22      CDNS_BBG000C13CD9_2021-03-10
2021-06-08 00:53:15 28      CDW_BBG001P63B80_2021-03-10
2021-06-08 00:53:15 30      CE_BBG000JYP7L8_2021-03-10
2021-06-08 00:53:15 32      CEA_BBG000BCFNR4_2021-03-10
2021-06-08 00:53:15 33      CENT_BBG000BFD605_2021-03-10
2021-06-08 00:53:15 33      CENTA_BBG000KTYB56_2021-03-10
2021-06-08 00:53:15 34      CERN_BBG000BFDLV8_2021-03-10
2021-06-08 00:53:15 37      CEVA_BBG000BN3P07_2021-03-10
2021-06-08 00:53:15 38      CEVA: SPYKE!. Candle: ID:80, Time: 14:20, Close: 57
2021-06-08 00:53:15 39      CF_BBG000BWJFZ4_2021-03-10
2021-06-08 00:53:15 40      CFG_BBG006Q0HY77_2021-03-10
2021-06-08 00:53:15 45      CFR_BBG000C2PL98_2021-03-10
2021-06-08 00:53:15 46      CFX_BBG000C5Z443_2021-03-10
2021-06-08 00:53:15 48      CGEN_BBG000B9ZLB0_2021-03-10
2021-06-08 00:53:15 51      CGNX_BBG000BPBVW5_2021-03-10
2021-06-08 00:53:15 53      CHD_BBG000BFJT36_2021-03-10
2021-06-08 00:53:15 54      CHDN_BBG000BGXMG9_2021-03-10
2021-06-08 00:53:15 56      CHE_BBG000C19QW1_2021-03-10
2021-06-08 00:53:15 57      CHEF_BBG001MFW6D6_2021-03-10
2021-06-08 00:53:15 58      CHGG_BBG0014XR0N5_2021-03-10
2021-06-08 00:53:15 60      CHH_BBG000BPBTL2_2021-03-10
2021-06-08 00:53:15 61      CHKP_BBG000K82ZT8_2021-03-10
2021-06-08 00:53:15 63      CHNG_BBG0059KNH10_2021-03-10
2021-06-08 00:53:15 64      CHRW_BBG000BTCH57_2021-03-10
2021-06-08 00:53:15 66      CHTR_BBG000VPGNR2_2021-03-10
2021-06-08 00:53:15 70      CHWY_BBG00P19DKZ6_2021-03-10
2021-06-08 00:53:15 73      CHX_BBG00JH9TZ56_2021-03-10
2021-06-08 00:53:15 74      CI_BBG00KXRCDP0_2021-03-10
2021-06-08 00:53:15 77      CIEN_BBG000BP1152_2021-03-10
2021-06-08 00:53:15 78      CINF_BBG000BFPK65_2021-03-10
2021-06-08 00:53:15 80      CL_BBG000BFQYY3_2021-03-10
2021-06-08 00:53:15 84      CLDR_BBG000DRJFC8_2021-03-10
2021-06-08 00:53:15 87      CLDR: SPYKE!. Candle: ID:5918, Time: 21:05, Close: 14.05
2021-06-08 00:53:15 87      CLDR: SPYKE!. Candle: ID:5925, Time: 21:05, Close: 13.5
2021-06-08 00:53:15 87      CLDR: SPYKE!. Candle: ID:5932, Time: 21:05, Close: 12.75
2021-06-08 00:53:15 87      CLDT_BBG000PT6BR8_2021-03-10
2021-06-08 00:53:15 88      CLF_BBG000BFRF55_2021-03-10
2021-06-08 00:53:15 93      CLGX_BBG000C2H3F0_2021-03-10
2021-06-08 00:53:15 94      CLH_BBG000BFRRX8_2021-03-10
2021-06-08 00:53:15 95      CLR_BBG000BHBGN6_2021-03-10
2021-06-08 00:53:15 97      CLX_BBG000BFS7D3_2021-03-10
2021-06-08 00:53:15 99      CMA_BBG000C75N77_2021-03-10
2021-06-08 00:53:16 01      CMC_BBG000BFSND8_2021-03-10
2021-06-08 00:53:16 03      CMCO_BBG000BCWWV0_2021-03-10
2021-06-08 00:53:16 04      CMCSA_BBG000BFT2L4_2021-03-10
2021-06-08 00:53:16 13      CME_BBG000BHLYP4_2021-03-10
2021-06-08 00:53:16 15      CMG_BBG000QX74T1_2021-03-10
2021-06-08 00:53:16 16      CMI_BBG000BGPTV6_2021-03-10
2021-06-08 00:53:16 18      CMP_BBG000C42WS4_2021-03-10
2021-06-08 00:53:16 19      CMS_BBG000BFVXX0_2021-03-10
2021-06-08 00:53:16 22      CNC_BBG000BDXCJ5_2021-03-10
2021-06-08 00:53:16 24      CNK_BBG000QDVR53_2021-03-10
2021-06-08 00:53:16 29      CNP_BBG000FDBX90_2021-03-10
2021-06-08 00:53:16 31      CNS_BBG000BB0WG4_2021-03-10
2021-06-08 00:53:16 32      CNST_BBG000R1H6P8_2021-03-10
2021-06-08 00:53:16 33      CNXC_BBG00RCNQMX3_2021-03-10
2021-06-08 00:53:16 34      CNXN_BBG000BX74M4_2021-03-10
2021-06-08 00:53:16 35      COF_BBG000BGKTF9_2021-03-10
2021-06-08 00:53:16 37      COG_BBG000C3GN47_2021-03-10
2021-06-08 00:53:16 40      COHR_BBG000BG1DH3_2021-03-10
2021-06-08 00:53:16 41      COKE_BBG000BG1SX2_2021-03-10
2021-06-08 00:53:16 42      COLM_BBG000BKKQ84_2021-03-10
2021-06-08 00:53:16 43      CONE_BBG0038V5TX1_2021-03-10
2021-06-08 00:53:16 44      COO_BBG000BG3445_2021-03-10
2021-06-08 00:53:16 46      COP_BBG000BQQH30_2021-03-10
2021-06-08 00:53:16 52      CORR_BBG000CN80Y9_2021-03-10
2021-06-08 00:53:16 53      CORT_BBG000BKJG33_2021-03-10
2021-06-08 00:53:16 55      COST_BBG000F6H8W8_2021-03-10
2021-06-08 00:53:16 60      COTY_BBG000F395V1_2021-03-10
2021-06-08 00:53:16 62      COTY: BuyPending. Strategy: MorningOpenStrategy. Price: 8.28. Lots: 30. ChangeOpenToCurrent: -2.59. ChangePrevCloseToCurrent: -3.04. Candle: ID:9, Time: 4:00, Close: 8.28.
2021-06-08 00:53:16 63      COTY: OrderID: f53c702b. PlacedOrder. Status: New. RejectReason: 
2021-06-08 00:53:16 63      COTY: OrderID: f53c702b fully executed
2021-06-08 00:53:16 63      COTY: Morning closing. Close price: 8.39. Lots: 30. CandleChange: -0.12%. ChangeFromCandleHigh: -0.47%. Profit: 0.11(1.33%). Candle: ID:69, Time: 4:05, Close: 8.39
2021-06-08 00:53:16 63      COTY: OrderID: 680ad6c5. PlacedOrder. Status: New. RejectReason: 
2021-06-08 00:53:16 63      COTY: OrderID: 680ad6c5 partially executed. Executed lots: 1. OrderStatus: 1/30 lots
2021-06-08 00:53:16 63      COTY: OrderID: 680ad6c5 partially executed. Executed lots: 5. OrderStatus: 6/30 lots
2021-06-08 00:53:16 63      COTY: OrderID: 680ad6c5 partially executed. Executed lots: 1. OrderStatus: 7/30 lots
2021-06-08 00:53:16 63      COTY: OrderID: 680ad6c5 partially executed. Executed lots: 3. OrderStatus: 10/30 lots
2021-06-08 00:53:16 63      COTY: OrderID: 680ad6c5 partially executed. Executed lots: 4. OrderStatus: 14/30 lots
2021-06-08 00:53:16 63      COTY: OrderID: 680ad6c5 partially executed. Executed lots: 6. OrderStatus: 20/30 lots
2021-06-08 00:53:16 63      COTY: OrderID: 680ad6c5 fully executed
2021-06-08 00:53:16 65      Exception happened while copiyng file. Error: Could not find a part of the path 'C:\tinkoff\Configuration\test\COTY_BBG000F395V1_2021-03-10.csv'.
2021-06-08 00:53:16 65      COUP_BBG001J4BCN4_2021-03-10
2021-06-08 00:53:16 68      CPB_BBG000BG4202_2021-03-10
2021-06-08 00:53:16 70      CPRI_BBG0029SNR63_2021-03-10
2021-06-08 00:53:16 73      CPRT_BBG000BM9RH1_2021-03-10
2021-06-08 00:53:16 76      CPS_BBG000PSXT64_2021-03-10
2021-06-08 00:53:16 76      CR_BBG000BG7423_2021-03-10
2021-06-08 00:53:16 77      CREE_BBG000BG14P4_2021-03-10
2021-06-08 00:53:16 80      CRI_BBG000CTM4J9_2021-03-10
2021-06-08 00:53:16 81      CRL_BBG000BG5BL8_2021-03-10
2021-06-08 00:53:16 82      CRM_BBG000BN2DC2_2021-03-10
2021-06-08 00:53:16 88      CRMT_BBG000CM6L31_2021-03-10
2021-06-08 00:53:16 89      CROX_BBG000BLY663_2021-03-10
2021-06-08 00:53:16 90      CRS_BBG000BGCQT9_2021-03-10
2021-06-08 00:53:16 91      CRTX_BBG00BTK1DT8_2021-03-10
2021-06-08 00:53:16 93      CRTX: SPYKE!. Candle: ID:221, Time: 14:30, Close: 40.44
2021-06-08 00:53:16 94      CRUS_BBG000C1DHF5_2021-03-10
2021-06-08 00:53:16 95      CRVL_BBG000CVKZY0_2021-03-10
2021-06-08 00:53:16 96      CRWD_BBG00BLYKS03_2021-03-10
2021-06-08 00:53:17 02      CSCO_BBG000C3J3C9_2021-03-10
2021-06-08 00:53:17 09      CSGP_BBG000D7JKW9_2021-03-10
2021-06-08 00:53:17 10      CSGS_BBG000G3TQV2_2021-03-10
2021-06-08 00:53:17 11      CSII_BBG000NWQ9S5_2021-03-10
2021-06-08 00:53:17 12      CSL_BBG000BGGBT8_2021-03-10
2021-06-08 00:53:17 13      CSOD_BBG0016X4XN6_2021-03-10
2021-06-08 00:53:17 15      CSWI_BBG007NLG4L3_2021-03-10
2021-06-08 00:53:17 15      CSX_BBG000BGJRC8_2021-03-10
2021-06-08 00:53:17 21      CTAS_BBG000H3YXF8_2021-03-10
2021-06-08 00:53:17 23      CTB_BBG000BGKXV2_2021-03-10
2021-06-08 00:53:17 25      CTLT_BBG005XR47P5_2021-03-10
2021-06-08 00:53:17 26      CTSH_BBG000BBDV81_2021-03-10
2021-06-08 00:53:17 30      CTVA_BBG00BN969C1_2021-03-10
2021-06-08 00:53:17 32      CTXS_BBG000FQ6PY6_2021-03-10
2021-06-08 00:53:17 36      CVCO_BBG000K4WS65_2021-03-10
2021-06-08 00:53:17 36      CVET_BBG00KR691K8_2021-03-10
2021-06-08 00:53:17 38      CVGW_BBG000BGPQW1_2021-03-10
2021-06-08 00:53:17 39      CVLT_BBG000BG88X9_2021-03-10
2021-06-08 00:53:17 40      CVNA_BBG00GCTWDJ3_2021-03-10
2021-06-08 00:53:17 42      CVS_BBG000BGRY34_2021-03-10
2021-06-08 00:53:17 45      CVX_BBG000K4ND22_2021-03-10
2021-06-08 00:53:17 56      CW_BBG000BGSPS5_2021-03-10
2021-06-08 00:53:17 56      CWST_BBG000BT0J38_2021-03-10
2021-06-08 00:53:17 57      CWT_BBG000D8KTN6_2021-03-10
2021-06-08 00:53:17 58      D_BBG000BGVW60_2021-03-10
2021-06-08 00:53:17 62      DAL_BBG000R7Z112_2021-03-10
2021-06-08 00:53:17 69      DAR_BBG000BN8ZK8_2021-03-10
2021-06-08 00:53:17 71      DBX_BBG0018SLDN0_2021-03-10
2021-06-08 00:53:17 77      DCI_BBG000BGZP70_2021-03-10
2021-06-08 00:53:17 78      DCPH_BBG00HMJ9H54_2021-03-10
2021-06-08 00:53:17 79      DD_BBG00BN961G4_2021-03-10
2021-06-08 00:53:17 82      DDOG_BBG003NJHZT9_2021-03-10
2021-06-08 00:53:17 86      DDS_BBG000BS4MP5_2021-03-10
2021-06-08 00:53:17 87      DE_BBG000BH1NH9_2021-03-10
2021-06-08 00:53:17 88      DECK_BBG000BKXYX5_2021-03-10
2021-06-08 00:53:17 89      DELL_BBG00DW3SZS1_2021-03-10
2021-06-08 00:53:17 92      DFS_BBG000QBR5J5_2021-03-10
2021-06-08 00:53:17 95      DG_BBG000NV1KK7_2021-03-10
2021-06-08 00:53:17 97      DGX_BBG000BN84F3_2021-03-10
2021-06-08 00:53:17 99      DHI_BBG000DQTXY6_2021-03-10
2021-06-08 00:53:18 02      DHR_BBG000BH3JF8_2021-03-10
2021-06-08 00:53:18 04      DIOD_BBG000G25P51_2021-03-10
2021-06-08 00:53:18 05      DIS_BBG000BH4R78_2021-03-10
2021-06-08 00:53:18 12      DISCA_BBG000CHWP52_2021-03-10
2021-06-08 00:53:18 19      DISCB_BBG000F7L5N7_2021-03-10
2021-06-08 00:53:18 19      DISCB: SPYKE!. Candle: ID:95, Time: 17:30, Close: 65.75
2021-06-08 00:53:18 19      DISCB: SPYKE!. Candle: ID:130, Time: 20:25, Close: 69.7
2021-06-08 00:53:18 19      DISCB: SPYKE!. Candle: ID:131, Time: 20:25, Close: 71
2021-06-08 00:53:18 19      DISCB: SPYKE!. Candle: ID:153, Time: 21:00, Close: 67.21
2021-06-08 00:53:18 19      DISCB: SPYKE!. Candle: ID:154, Time: 21:00, Close: 67.21
2021-06-08 00:53:18 20      DISCK_BBG000VMWHH5_2021-03-10
2021-06-08 00:53:18 28      DK_BBG00FZYFVC5_2021-03-10
2021-06-08 00:53:18 29      DKNG_BBG00TCBG714_2021-03-10
2021-06-08 00:53:18 50      DKS_BBG000F6ZWH2_2021-03-10
2021-06-08 00:53:18 52      DLB_BBG000DGLTG5_2021-03-10
2021-06-08 00:53:18 53      DLR_BBG000Q5ZRM7_2021-03-10
2021-06-08 00:53:18 56      DLTH_BBG002GBMZG4_2021-03-10
2021-06-08 00:53:18 57      DLTR_BBG000BSC0K9_2021-03-10
2021-06-08 00:53:18 60      DLX_BBG000BH6360_2021-03-10
2021-06-08 00:53:18 61      DNLI_BBG008P7F869_2021-03-10
2021-06-08 00:53:18 62      DNOW_BBG005BLN209_2021-03-10
2021-06-08 00:53:18 63      DOCU_BBG000N7KJX8_2021-03-10
2021-06-08 00:53:18 68      DORM_BBG000BM22F5_2021-03-10
2021-06-08 00:53:18 69      DOV_BBG000BHB3M6_2021-03-10
2021-06-08 00:53:18 70      DOW_BBG00BN96922_2021-03-10
2021-06-08 00:53:18 74      DPZ_BBG000P458P3_2021-03-10
2021-06-08 00:53:18 76      DRE_BBG000BHD8S7_2021-03-10
2021-06-08 00:53:18 78      DRI_BBG000BBNYF6_2021-03-10
2021-06-08 00:53:18 81      DRNA_BBG001J1DB23_2021-03-10
2021-06-08 00:53:18 82      DRQ_BBG000BVDBY2_2021-03-10
2021-06-08 00:53:18 83      DT_BBG00PNN7C40_2021-03-10
2021-06-08 00:53:18 86      DVA_BBG000MQ1SN9_2021-03-10
2021-06-08 00:53:18 87      DVN_BBG000BBVJZ8_2021-03-10
2021-06-08 00:53:18 92      DXC_BBG00FN64XT9_2021-03-10
2021-06-08 00:53:18 94      DXCM_BBG000QTF8K1_2021-03-10
2021-06-08 00:53:18 96      DY_BBG000C4SKT1_2021-03-10
2021-06-08 00:53:18 97      EA_BBG000BP0KQ8_2021-03-10
2021-06-08 00:53:19 00      EAT_BBG000BK28N7_2021-03-10
2021-06-08 00:53:19 01      EBAY_BBG000C43RR5_2021-03-10
2021-06-08 00:53:19 07      EBS_BBG000GW06J7_2021-03-10
2021-06-08 00:53:19 08      ECHO_BBG000RFP8W6_2021-03-10
2021-06-08 00:53:19 09      ECL_BBG000BHKYH4_2021-03-10
2021-06-08 00:53:19 11      ECPG_BBG000F369C7_2021-03-10
2021-06-08 00:53:19 12      ED_BBG000BHLYS1_2021-03-10
2021-06-08 00:53:19 14      EDIT_BBG005MX5GZ2_2021-03-10
2021-06-08 00:53:19 18      EEFT_BBG000BMNBY1_2021-03-10
2021-06-08 00:53:19 19      EFX_BBG000BHPL78_2021-03-10
2021-06-08 00:53:19 21      EGHT_BBG000BCGHH7_2021-03-10
2021-06-08 00:53:19 22      EGRX_BBG005Y3XWH9_2021-03-10
2021-06-08 00:53:19 23      EHTH_BBG000P5JQX6_2021-03-10
2021-06-08 00:53:19 27      EIX_BBG000D7RKJ5_2021-03-10
2021-06-08 00:53:19 28      EL_BBG000FKJRC5_2021-03-10
2021-06-08 00:53:19 30      ELAN_BBG00LJYS1P8_2021-03-10
2021-06-08 00:53:19 32      ELS_BBG000BB7SX7_2021-03-10
2021-06-08 00:53:19 33      EME_BBG000BBRPL4_2021-03-10
2021-06-08 00:53:19 34      EMN_BBG000BLW530_2021-03-10
2021-06-08 00:53:19 36      EMR_BBG000BHX7N2_2021-03-10
2021-06-08 00:53:19 39      ENDP_BBG000C0HQ54_2021-03-10
2021-06-08 00:53:19 40      ENPH_BBG001R3MNY9_2021-03-10
2021-06-08 00:53:19 47      ENR_BBG006FCB019_2021-03-10
2021-06-08 00:53:19 48      ENS_BBG000PWTD92_2021-03-10
2021-06-08 00:53:19 49      ENTA_BBG001V9NSB4_2021-03-10
2021-06-08 00:53:19 51      ENTG_BBG000CTV4N4_2021-03-10
2021-06-08 00:53:19 52      ENTG: SPYKE!. Candle: ID:19, Time: 14:25, Close: 103.75
2021-06-08 00:53:19 53      ENV_BBG000Q4NZ54_2021-03-10
2021-06-08 00:53:19 54      EOG_BBG000BZ9223_2021-03-10
2021-06-08 00:53:19 57      EPAM_BBG000MHTV89_2021-03-10
2021-06-08 00:53:19 58      EPAY_BBG000BRNH31_2021-03-10
2021-06-08 00:53:19 59      EPC_BBG000BRW644_2021-03-10
2021-06-08 00:53:19 60      EQIX_BBG000MBDGM6_2021-03-10
2021-06-08 00:53:19 62      EQT_BBG000BHZ5J9_2021-03-10
2021-06-08 00:53:19 66      ERIE_BBG000BBTJZ1_2021-03-10
2021-06-08 00:53:19 67      ES_BBG000BQ87N0_2021-03-10
2021-06-08 00:53:19 69      ESPR_BBG004KB3S72_2021-03-10
2021-06-08 00:53:19 70      ESS_BBG000CGJMB9_2021-03-10
2021-06-08 00:53:19 72      ET_BBG000BM2FL9_2021-03-10
2021-06-08 00:53:19 75      ETN_BBG000BJ3PD2_2021-03-10
2021-06-08 00:53:19 79      ETR_BBG000C1FQS9_2021-03-10
2021-06-08 00:53:19 81      ETRN_BBG00K53L394_2021-03-10
2021-06-08 00:53:19 83      ETSY_BBG000N7MXL8_2021-03-10
2021-06-08 00:53:19 88      EVBG_BBG0022FMPD5_2021-03-10
2021-06-08 00:53:19 89      EVER_BBG00F17NDH7_2021-03-10
2021-06-08 00:53:19 90      EVH_BBG005CHLM96_2021-03-10
2021-06-08 00:53:19 92      EVR_BBG000BP30Y0_2021-03-10
2021-06-08 00:53:19 93      EVRG_BBG00H433CR2_2021-03-10
2021-06-08 00:53:19 94      EW_BBG000BRXP69_2021-03-10
2021-06-08 00:53:19 97      EWBC_BBG000CR20B1_2021-03-10
2021-06-08 00:53:19 99      EXAS_BBG000CWL0F5_2021-03-10
2021-06-08 00:53:20 02      EXC_BBG000J6XT05_2021-03-10
2021-06-08 00:53:20 07      EXEL_BBG000BQ4WF8_2021-03-10
2021-06-08 00:53:20 10      EXLS_BBG000NS3P30_2021-03-10
2021-06-08 00:53:20 10      EXP_BBG000BJW241_2021-03-10
2021-06-08 00:53:20 12      EXPD_BBG000BJ5GK2_2021-03-10
2021-06-08 00:53:20 13      EXPE_BBG000QY3XZ2_2021-03-10
2021-06-08 00:53:20 17      EXR_BBG000PV27K3_2021-03-10
2021-06-08 00:53:20 18      EYE_BBG00HVQF9K2_2021-03-10
2021-06-08 00:53:20 19      F_BBG000BQPC32_2021-03-10
2021-06-08 00:53:20 24      FANG_BBG002PHSYX9_2021-03-10
2021-06-08 00:53:20 28      FARO_BBG000BJD7C2_2021-03-10
2021-06-08 00:53:20 29      FAST_BBG000BJ8YN7_2021-03-10
2021-06-08 00:53:20 32      FATE_BBG000QP35H2_2021-03-10
2021-06-08 00:53:20 34      FB_BBG000MM2P62_2021-03-10
2021-06-08 00:53:20 51      FBHS_BBG001B4BV87_2021-03-10
2021-06-08 00:53:20 52      FCFS_BBG000DNF659_2021-03-10
2021-06-08 00:53:20 54      FCN_BBG000K88H58_2021-03-10
2021-06-08 00:53:20 55      FCX_BBG000BJDB15_2021-03-10
2021-06-08 00:53:20 64      FDS_BBG000BDJL83_2021-03-10
2021-06-08 00:53:20 65      FDX_BBG000BJF1Z8_2021-03-10
2021-06-08 00:53:20 67      FELE_BBG000BJGGV8_2021-03-10
2021-06-08 00:53:20 69      FFIV_BBG000CXYSZ6_2021-03-10
2021-06-08 00:53:20 71      FGEN_BBG000FW5ZL6_2021-03-10
2021-06-08 00:53:20 73      FICO_BBG000DW76Y6_2021-03-10
2021-06-08 00:53:20 75      FIS_BBG000BK2F42_2021-03-10
2021-06-08 00:53:20 77      FISV_BBG000BJKPG0_2021-03-10
2021-06-08 00:53:20 83      FITB_BBG000BJL3N0_2021-03-10
2021-06-08 00:53:20 87      FIVN_BBG001KHJM17_2021-03-10
2021-06-08 00:53:20 90      FIZZ_BBG000BF8CB6_2021-03-10
2021-06-08 00:53:20 92      FL_BBG000BX8DC4_2021-03-10
2021-06-08 00:53:20 94      FLIR_BBG000BHK836_2021-03-10
2021-06-08 00:53:20 95      FLOW_BBG007FL7ZD2_2021-03-10
2021-06-08 00:53:20 96      FLR_BBG000BB1TH9_2021-03-10
2021-06-08 00:53:20 98      FLS_BBG000FFH4P5_2021-03-10
2021-06-08 00:53:21 01      FLT_BBG000GPXKX9_2021-03-10
2021-06-08 00:53:21 02      FLWS_BBG000BBR9P6_2021-03-10
2021-06-08 00:53:21 04      FMC_BBG000BJP882_2021-03-10
2021-06-08 00:53:21 05      FND_BBG007GJ2F81_2021-03-10
2021-06-08 00:53:21 07      FNKO_BBG00HXSHDQ9_2021-03-10
2021-06-08 00:53:21 09      FOCS_BBG00L0YTFN8_2021-03-10
2021-06-08 00:53:21 10      FOE_BBG000BJQK11_2021-03-10
2021-06-08 00:53:21 11      FOLD_BBG000PLF6N0_2021-03-10
2021-06-08 00:53:21 16      FORM_BBG000D1Y3P1_2021-03-10
2021-06-08 00:53:21 17      FORR_BBG000HGNYG8_2021-03-10
2021-06-08 00:53:21 18      FOX_BBG00JHNKJY8_2021-03-10
2021-06-08 00:53:21 20      FOXA_BBG00JHNJW99_2021-03-10
2021-06-08 00:53:21 23      FOXF_BBG004T7VS53_2021-03-10
2021-06-08 00:53:21 25      FRHC_BBG000N625H8_2021-03-10
2021-06-08 00:53:21 26      FRPH_BBG000HCVWW4_2021-03-10
2021-06-08 00:53:21 27      FRPT_BBG001D0HB36_2021-03-10
2021-06-08 00:53:21 28      FSLR_BBG000BFL116_2021-03-10
2021-06-08 00:53:21 32      FSLY_BBG004NLQHL0_2021-03-10
2021-06-08 00:53:21 36      FTCH_BBG00LSD4456_2021-03-10
2021-06-08 00:53:21 41      FTI_BBG00DL8NMV2_2021-03-10
2021-06-08 00:53:21 43      FTNT_BBG000BCMBG4_2021-03-10
2021-06-08 00:53:21 46      FTV_BBG00BLVZ228_2021-03-10
2021-06-08 00:53:21 49      FUL_BBG000BJZ7V7_2021-03-10
2021-06-08 00:53:21 50      GATX_BBG000BKGXQ4_2021-03-10
2021-06-08 00:53:21 51      GBCI_BBG000C3KB84_2021-03-10
2021-06-08 00:53:21 53      GBT_BBG00341H6M0_2021-03-10
2021-06-08 00:53:21 55      GBX_BBG000CF5097_2021-03-10
2021-06-08 00:53:21 56      GCO_BBG000BK5S78_2021-03-10
2021-06-08 00:53:21 57      GCP_BBG0082W8Q12_2021-03-10
2021-06-08 00:53:21 58      GD_BBG000BK67C7_2021-03-10
2021-06-08 00:53:21 59      GDDY_BBG006MDLY05_2021-03-10
2021-06-08 00:53:21 62      GDOT_BBG000QDJT53_2021-03-10
2021-06-08 00:53:21 63      GE_BBG000BK6MB5_2021-03-10
2021-06-08 00:53:21 76      GEF_BBG000BLFNC0_2021-03-10
2021-06-08 00:53:21 76      GGG_BBG000BK9W84_2021-03-10
2021-06-08 00:53:21 78      GH_BBG006D97VY9_2021-03-10
2021-06-08 00:53:21 78      GH: SPYKE!. Candle: ID:26, Time: 13:20, Close: 126.56
2021-06-08 00:53:21 80      GHC_BBG000C3FGH9_2021-03-10
2021-06-08 00:53:21 81      GILD_BBG000CKGBP2_2021-03-10
2021-06-08 00:53:21 86      GIS_BBG000BKCFC2_2021-03-10
2021-06-08 00:53:21 90      GKOS_BBG000WG2LQ1_2021-03-10
2021-06-08 00:53:21 91      GL_BBG000BVD6X4_2021-03-10
2021-06-08 00:53:21 92      GLW_BBG000BKFZM4_2021-03-10
2021-06-08 00:53:21 95      GM_BBG000NDYB67_2021-03-10
2021-06-08 00:53:22 05      GMED_BBG002V87SD0_2021-03-10
2021-06-08 00:53:22 06      GMS_BBG009Q036D0_2021-03-10
2021-06-08 00:53:22 07      GNL_BBG004HXD0G8_2021-03-10
2021-06-08 00:53:22 07      GNRC_BBG000PQ4W72_2021-03-10
2021-06-08 00:53:22 09      GO_BBG00P4R3079_2021-03-10
2021-06-08 00:53:22 11      GOOG_BBG009S3NB30_2021-03-10
2021-06-08 00:53:22 17      GOOGL_BBG009S39JX6_2021-03-10
2021-06-08 00:53:22 26      GOSS_BBG00MVWLLM2_2021-03-10
2021-06-08 00:53:22 28      GPC_BBG000BKL348_2021-03-10
2021-06-08 00:53:22 30      GPI_BBG000BB88K4_2021-03-10
2021-06-08 00:53:22 31      GPN_BBG000CX0P89_2021-03-10
2021-06-08 00:53:22 33      GPS_BBG000BKLH74_2021-03-10
2021-06-08 00:53:22 38      GRA_BBG000BB8PG1_2021-03-10
2021-06-08 00:53:22 39      GRMN_BBG000C4LN67_2021-03-10
2021-06-08 00:53:22 41      GRUB_BBG001KWG293_2021-03-10
2021-06-08 00:53:22 43      GS_BBG000C6CFJ5_2021-03-10
2021-06-08 00:53:22 47      GSH_BBG000GLG0G0_2021-03-10
2021-06-08 00:53:22 48      GSKY_BBG00KT2SCV8_2021-03-10
2021-06-08 00:53:22 48      GSKY: SPYKE!. Candle: ID:1102, Time: 14:15, Close: 6.01
2021-06-08 00:53:22 48      GSKY: SPYKE!. Candle: ID:1322, Time: 14:20, Close: 6.6
2021-06-08 00:53:22 49      GT_BBG000BKNX95_2021-03-10
2021-06-08 00:53:22 53      GTHX_BBG005F1DK91_2021-03-10
2021-06-08 00:53:22 57      GTLS_BBG000P1K2X6_2021-03-10
2021-06-08 00:53:22 58      GTN_BBG000DSQLQ0_2021-03-10
2021-06-08 00:53:22 60      GVA_BBG000DVB833_2021-03-10
2021-06-08 00:53:22 61      GWRE_BBG001C7PM75_2021-03-10
2021-06-08 00:53:22 62      GWW_BBG000BKR1D6_2021-03-10
2021-06-08 00:53:22 64      H_BBG000CVRFS4_2021-03-10
2021-06-08 00:53:22 66      HA_BBG000BC4185_2021-03-10
2021-06-08 00:53:22 67      HAE_BBG000C7TF41_2021-03-10
2021-06-08 00:53:22 68      HAIN_BBG000BQW085_2021-03-10
2021-06-08 00:53:22 68      HAL_BBG000BKTFN2_2021-03-10
2021-06-08 00:53:22 72      HALO_BBG000CZ8W54_2021-03-10
2021-06-08 00:53:22 74      HAS_BBG000BKVJK4_2021-03-10
2021-06-08 00:53:22 76      HBAN_BBG000BKWSR6_2021-03-10
2021-06-08 00:53:22 79      HBI_BBG000D2ZTS8_2021-03-10
2021-06-08 00:53:22 81      HCA_BBG000QW7VC1_2021-03-10
2021-06-08 00:53:22 83      HCCI_BBG000CCFB17_2021-03-10
2021-06-08 00:53:22 84      HCSG_BBG000BKYVF0_2021-03-10
2021-06-08 00:53:22 85      HD_BBG000BKZB36_2021-03-10
2021-06-08 00:53:22 88      HEAR_BBG000BM6N47_2021-03-10
2021-06-08 00:53:22 90      HEI_BBG000BL16Q7_2021-03-10
2021-06-08 00:53:22 91      HES_BBG000BBD070_2021-03-10
2021-06-08 00:53:22 94      HFC_BBG000BL9JQ1_2021-03-10
2021-06-08 00:53:22 96      HGV_BBG00CBYY6M1_2021-03-10
2021-06-08 00:53:22 97      HHC_BBG000MJRJJ2_2021-03-10
2021-06-08 00:53:22 98      HHR_BBG00KHGQ0H4_2021-03-10
2021-06-08 00:53:22 99      HIBB_BBG000H001V3_2021-03-10
2021-06-08 00:53:23 00      HIG_BBG000G0Z878_2021-03-10
2021-06-08 00:53:23 02      HII_BBG001KJ2HM9_2021-03-10
2021-06-08 00:53:23 03      HLT_BBG0058KMH30_2021-03-10
2021-06-08 00:53:23 05      HNP_BBG000BX5YM0_2021-03-10
2021-06-08 00:53:23 06      HOG_BBG000BKZTP3_2021-03-10
2021-06-08 00:53:23 08      HOLX_BBG000C3NTN5_2021-03-10
2021-06-08 00:53:23 12      HON_BBG000H556T9_2021-03-10
2021-06-08 00:53:23 16      HP_BBG000BLCPY4_2021-03-10
2021-06-08 00:53:23 17      HPE_BBG0078W3NQ3_2021-03-10
2021-06-08 00:53:23 20      HPQ_BBG000KHWT55_2021-03-10
2021-06-08 00:53:23 23      HQY_BBG000TYXCT9_2021-03-10
2021-06-08 00:53:23 25      HRB_BBG000BLDV98_2021-03-10
2021-06-08 00:53:23 26      HRC_BBG000BKWCS0_2021-03-10
2021-06-08 00:53:23 27      HRL_BBG000BLF8D2_2021-03-10
2021-06-08 00:53:23 29      HRTX_BBG000G2GJT7_2021-03-10
2021-06-08 00:53:23 30      HSC_BBG000BLH3P8_2021-03-10
2021-06-08 00:53:23 31      HSIC_BBG000BNMMJ3_2021-03-10
2021-06-08 00:53:23 33      HSKA_BBG000BWFH48_2021-03-10
2021-06-08 00:53:23 34      HST_BBG000BL8804_2021-03-10
2021-06-08 00:53:23 37      HSY_BBG000BLHRS2_2021-03-10
2021-06-08 00:53:23 38      HTA_BBG000PRJCX9_2021-03-10
2021-06-08 00:53:23 39      HTHT_BBG000QFPM65_2021-03-10
2021-06-08 00:53:23 42      HUBB_BBG000BLK267_2021-03-10
2021-06-08 00:53:23 43      HUBG_BBG000G9W6L0_2021-03-10
2021-06-08 00:53:23 44      HUBS_BBG000N7MZ06_2021-03-10
2021-06-08 00:53:23 46      HUM_BBG000BLKK03_2021-03-10
2021-06-08 00:53:23 48      HURN_BBG000PV2M48_2021-03-10
2021-06-08 00:53:23 49      HWM_BBG00DYNJGH9_2021-03-10
2021-06-08 00:53:23 51      HXL_BBG000BLMDQ9_2021-03-10
2021-06-08 00:53:23 52      IAC_BBG000BKQG80_2021-03-10
2021-06-08 00:53:23 54      IART_BBG000BZJQL8_2021-03-10
2021-06-08 00:53:23 55      IBKR_BBG000LV0836_2021-03-10
2021-06-08 00:53:23 57      IBM_BBG000BLNNH6_2021-03-10
2021-06-08 00:53:23 62      IBN_BBG000DRM643_2021-03-10
2021-06-08 00:53:23 63      IBP_BBG005TJKDZ6_2021-03-10
2021-06-08 00:53:23 64      ICE_BBG000C1FB75_2021-03-10
2021-06-08 00:53:23 66      ICPT_BBG001J1QN87_2021-03-10
2021-06-08 00:53:23 68      ICPT: SPYKE!. Candle: ID:448, Time: 13:00, Close: 22.04
2021-06-08 00:53:23 69      ICUI_BBG000CQV2N4_2021-03-10
2021-06-08 00:53:23 70      IDCC_BBG000HLJ7M4_2021-03-10
2021-06-08 00:53:23 72      IDXX_BBG000BLRT07_2021-03-10
2021-06-08 00:53:23 73      IEX_BBG000C1HN22_2021-03-10
2021-06-08 00:53:23 74      IFF_BBG000BLSL58_2021-03-10
2021-06-08 00:53:23 76      IGMS_BBG00PNR1BT2_2021-03-10
2021-06-08 00:53:23 77      IIPR_BBG00F0SW7N8_2021-03-10
2021-06-08 00:53:23 78      IIVI_BBG000BLW102_2021-03-10
2021-06-08 00:53:23 81      ILMN_BBG000DSMS70_2021-03-10
2021-06-08 00:53:23 83      INCY_BBG000BNPSQ9_2021-03-10
2021-06-08 00:53:23 85      INDB_BBG000BM0597_2021-03-10
2021-06-08 00:53:23 86      INFO_BBG006G063F9_2021-03-10
2021-06-08 00:53:23 89      INGN_BBG0021PH456_2021-03-10
2021-06-08 00:53:23 90      INGR_BBG000BXPZB7_2021-03-10
2021-06-08 00:53:23 91      INMD_BBG00PPS73P4_2021-03-10
2021-06-08 00:53:23 92      INSP_BBG00209SZJ7_2021-03-10
2021-06-08 00:53:23 93      INTC_BBG000C0G1D1_2021-03-10
2021-06-08 00:53:24 09      INTU_BBG000BH5DV1_2021-03-10
2021-06-08 00:53:24 13      INVH_BBG00FQH6BS9_2021-03-10
2021-06-08 00:53:24 15      IONS_BBG000JH6683_2021-03-10
2021-06-08 00:53:24 17      IOSP_BBG000BMFNP4_2021-03-10
2021-06-08 00:53:24 18      IOVA_BBG000FTLBV7_2021-03-10
2021-06-08 00:53:24 22      IP_BBG000BM5SR2_2021-03-10
2021-06-08 00:53:24 25      IPAR_BBG000GCSWR5_2021-03-10
2021-06-08 00:53:24 26      IPG_BBG000C90DH9_2021-03-10
2021-06-08 00:53:24 28      IPGP_BBG000DCGRL8_2021-03-10
2021-06-08 00:53:24 30      IQV_BBG00333FYS2_2021-03-10
2021-06-08 00:53:24 32      IR_BBG002R1CW27_2021-03-10
2021-06-08 00:53:24 33      IRBT_BBG000HXJB21_2021-03-10
2021-06-08 00:53:24 36      IRDM_BBG000VC0FC1_2021-03-10
2021-06-08 00:53:24 38      IRM_BBG000KCZPC3_2021-03-10
2021-06-08 00:53:24 39      IRTC_BBG001J19V24_2021-03-10
2021-06-08 00:53:24 41      ISRG_BBG000BJPDZ1_2021-03-10
2021-06-08 00:53:24 43      IT_BBG000BB65D0_2021-03-10
2021-06-08 00:53:24 44      ITCI_BBG0026ZFZC4_2021-03-10
2021-06-08 00:53:24 45      ITGR_BBG000BW6JV4_2021-03-10
2021-06-08 00:53:24 46      ITRI_BBG000BD2167_2021-03-10
2021-06-08 00:53:24 49      ITT_BBG00CVQZQ96_2021-03-10
2021-06-08 00:53:24 50      ITW_BBG000BMBL90_2021-03-10
2021-06-08 00:53:24 52      IVZ_BBG000BY2Y78_2021-03-10
2021-06-08 00:53:24 53      J_BBG000BMFFQ0_2021-03-10
2021-06-08 00:53:24 54      JACK_BBG000GZYVY1_2021-03-10
2021-06-08 00:53:24 56      JBHT_BBG000BMDBZ1_2021-03-10
2021-06-08 00:53:24 58      JBSS_BBG000CHPMY5_2021-03-10
2021-06-08 00:53:24 59      JBT_BBG000VLBCQ1_2021-03-10
2021-06-08 00:53:24 60      JCI_BBG000BVWLJ6_2021-03-10
2021-06-08 00:53:24 62      JCOM_BBG000F3CWW7_2021-03-10
2021-06-08 00:53:24 64      JD_BBG005YHY0Q7_2021-03-10
2021-06-08 00:53:24 74      JEF_BBG000BNHSP9_2021-03-10
2021-06-08 00:53:24 75      JELD_BBG0019GM953_2021-03-10
2021-06-08 00:53:24 76      JJSF_BBG000BMGPW0_2021-03-10
2021-06-08 00:53:24 77      JKHY_BBG000BMH2Q7_2021-03-10
2021-06-08 00:53:24 79      JLL_BBG000C2L2L0_2021-03-10
2021-06-08 00:53:24 80      JNJ_BBG000BMHYD1_2021-03-10
2021-06-08 00:53:24 84      JNPR_BBG000BY33P5_2021-03-10
2021-06-08 00:53:24 87      JOBS_BBG000BJD1D4_2021-03-10
2021-06-08 00:53:24 88      JOUT_BBG000HCXFS4_2021-03-10
2021-06-08 00:53:24 89      JPM_BBG000DMBXR2_2021-03-10
2021-06-08 00:53:24 99      JWN_BBG000G8N9C6_2021-03-10
2021-06-08 00:53:25 00      K_BBG000BMKDM3_2021-03-10
2021-06-08 00:53:25 03      KALU_BBG000PKZDX4_2021-03-10
2021-06-08 00:53:25 04      KBH_BBG000BMLWX8_2021-03-10
2021-06-08 00:53:25 05      KDP_BBG000TJM7F0_2021-03-10
2021-06-08 00:53:25 09      KEP_BBG000BCWG90_2021-03-10
2021-06-08 00:53:25 10      KEX_BBG000BMQCP6_2021-03-10
2021-06-08 00:53:25 12      KEY_BBG000BMQPL1_2021-03-10
2021-06-08 00:53:25 15      KEYS_BBG0059FN811_2021-03-10
2021-06-08 00:53:25 17      KFY_BBG000C5QMB5_2021-03-10
2021-06-08 00:53:25 17      KHC_BBG005CPNTQ2_2021-03-10
2021-06-08 00:53:25 22      KIDS_BBG00HFFRW39_2021-03-10
2021-06-08 00:53:25 23      KIM_BBG000CN3S73_2021-03-10
2021-06-08 00:53:25 25      KLAC_BBG000BMTFR4_2021-03-10
2021-06-08 00:53:25 28      KMB_BBG000BMW2Z0_2021-03-10
2021-06-08 00:53:25 30      KMI_BBG0019JZ882_2021-03-10
2021-06-08 00:53:25 33      KMPR_BBG000H3GDJ8_2021-03-10
2021-06-08 00:53:25 34      KMT_BBG000BMWKC5_2021-03-10
2021-06-08 00:53:25 35      KMX_BBG000BLMZK6_2021-03-10
2021-06-08 00:53:25 36      KNSL_BBG00D8JD9Z9_2021-03-10
2021-06-08 00:53:25 37      KNX_BBG000BFC848_2021-03-10
2021-06-08 00:53:25 39      KO_BBG000BMX289_2021-03-10
2021-06-08 00:53:25 44      KOD_BBG00BVR0D02_2021-03-10
2021-06-08 00:53:25 45      KR_BBG000BMY992_2021-03-10
2021-06-08 00:53:25 49      KRG_BBG000BC2KW8_2021-03-10
2021-06-08 00:53:25 50      KRTX_BBG00NN875G0_2021-03-10
2021-06-08 00:53:25 52      KRYS_BBG00HDGRHH7_2021-03-10
2021-06-08 00:53:25 53      KSU_BBG000BMZ7P7_2021-03-10
2021-06-08 00:53:25 54      KTB_BBG00LPTHYD5_2021-03-10
2021-06-08 00:53:25 55      KWR_BBG000DZS2L9_2021-03-10
2021-06-08 00:53:25 56      L_BBG000C45984_2021-03-10
2021-06-08 00:53:25 57      LAD_BBG000K3BC83_2021-03-10
2021-06-08 00:53:25 59      LANC_BBG000BN1M88_2021-03-10
2021-06-08 00:53:25 59      LASR_BBG0020BCPX5_2021-03-10
2021-06-08 00:53:25 61      LB_BBG000BNGTQ7_2021-03-10
2021-06-08 00:53:25 63      LBRDK_BBG006GNSZW5_2021-03-10
2021-06-08 00:53:25 66      LCII_BBG000DNLMB0_2021-03-10
2021-06-08 00:53:25 67      LDOS_BBG000C23PB0_2021-03-10
2021-06-08 00:53:25 68      LEA_BBG000PTLGZ1_2021-03-10
2021-06-08 00:53:25 70      LECO_BBG000BB72K8_2021-03-10
2021-06-08 00:53:25 71      LEG_BBG000BN53G7_2021-03-10
2021-06-08 00:53:25 72      LEGH_BBG00MJDR6J9_2021-03-10
2021-06-08 00:53:25 72      LEN_BBG000BN5HF7_2021-03-10
2021-06-08 00:53:25 75      LEVI_BBG000BQDF10_2021-03-10
2021-06-08 00:53:25 76      LFC_BBG000BBK4B9_2021-03-10
2021-06-08 00:53:25 77      LFUS_BBG000BGFGT8_2021-03-10
2021-06-08 00:53:25 78      LGIH_BBG0056655S1_2021-03-10
2021-06-08 00:53:25 79      LGND_BBG000BKF014_2021-03-10
2021-06-08 00:53:25 80      LH_BBG000D9DMK0_2021-03-10
2021-06-08 00:53:25 81      LHCG_BBG000G7W420_2021-03-10
2021-06-08 00:53:25 82      LHX_BBG000BLGFJ9_2021-03-10
2021-06-08 00:53:25 83      LII_BBG000BB5B84_2021-03-10
2021-06-08 00:53:25 84      LIN_BBG00GVR8YQ9_2021-03-10
2021-06-08 00:53:25 87      LITE_BBG0073F9RT7_2021-03-10
2021-06-08 00:53:25 89      LKQ_BBG000PXDL44_2021-03-10
2021-06-08 00:53:25 91      LLY_BBG000BNBDC2_2021-03-10
2021-06-08 00:53:25 93      LMT_BBG000C1BW00_2021-03-10
2021-06-08 00:53:25 95      LNN_BBG000FJS1S8_2021-03-10
2021-06-08 00:53:25 96      LNT_BBG000DW4Q75_2021-03-10
2021-06-08 00:53:25 98      LNTH_BBG006Q52RD0_2021-03-10
2021-06-08 00:53:25 99      LOPE_BBG000FV28W9_2021-03-10
2021-06-08 00:53:26 00      LOW_BBG000BNDN65_2021-03-10
2021-06-08 00:53:26 02      LPL_BBG000FJ0RK9_2021-03-10
2021-06-08 00:53:26 03      LPLA_BBG000P2TYL8_2021-03-10
2021-06-08 00:53:26 04      LPSN_BBG000BSV0W5_2021-03-10
2021-06-08 00:53:26 06      LRCX_BBG000BNFLM9_2021-03-10
2021-06-08 00:53:26 10      LRN_BBG000QSXPZ9_2021-03-10
2021-06-08 00:53:26 12      LSCC_BBG000C2D1C1_2021-03-10
2021-06-08 00:53:26 13      LSTR_BBG000BB2KN0_2021-03-10
2021-06-08 00:53:26 13      LSTR: SPYKE!. Candle: ID:17, Time: 14:30, Close: 157.07
2021-06-08 00:53:26 14      LTHM_BBG00LV3NRG0_2021-03-10
2021-06-08 00:53:26 16      LULU_BBG000R8ZVD1_2021-03-10
2021-06-08 00:53:26 20      LUMN_BBG000BGLRN3_2021-03-10
2021-06-08 00:53:26 22      LUV_BBG000BNJHS8_2021-03-10
2021-06-08 00:53:26 25      LVS_BBG000JWD753_2021-03-10
2021-06-08 00:53:26 28      LW_BBG003CVMLQ2_2021-03-10
2021-06-08 00:53:26 30      LYB_BBG000WCFV84_2021-03-10
2021-06-08 00:53:26 32      LYFT_BBG004M9ZHX5_2021-03-10
2021-06-08 00:53:26 38      LYV_BBG000FQ7YR4_2021-03-10
2021-06-08 00:53:26 39      M_BBG000C46HM9_2021-03-10
2021-06-08 00:53:26 42      MA_BBG000F1ZSQ2_2021-03-10
2021-06-08 00:53:26 45      MAA_BBG000BLMY92_2021-03-10
2021-06-08 00:53:26 46      MAC_BBG000BL9C59_2021-03-10
2021-06-08 00:53:26 50      MAN_BBG000BNMHS4_2021-03-10
2021-06-08 00:53:26 51      MANH_BBG000BFV758_2021-03-10
2021-06-08 00:53:26 52      MANT_BBG000BGF8B5_2021-03-10
2021-06-08 00:53:26 53      MANU_BBG0035WV4N9_2021-03-10
2021-06-08 00:53:26 54      MAR_BBG000BGD7W6_2021-03-10
2021-06-08 00:53:26 56      MAS_BBG000BNNKG9_2021-03-10
2021-06-08 00:53:26 59      MASI_BBG000C3W281_2021-03-10
2021-06-08 00:53:26 60      MAT_BBG000BNNYW1_2021-03-10
2021-06-08 00:53:26 63      MATX_BBG000BBK401_2021-03-10
2021-06-08 00:53:26 64      MBT_BBG000CSZKR2_2021-03-10
2021-06-08 00:53:26 66      MBUU_BBG005PXTR70_2021-03-10
2021-06-08 00:53:26 67      MCD_BBG000BNSZP1_2021-03-10
2021-06-08 00:53:26 70      MCHP_BBG000BHCP19_2021-03-10
2021-06-08 00:53:26 74      MCK_BBG000DYGNW7_2021-03-10
2021-06-08 00:53:26 75      MCO_BBG000F86GP6_2021-03-10
2021-06-08 00:53:26 76      MCRI_BBG000BJ0932_2021-03-10
2021-06-08 00:53:26 77      MD_BBG000H8LGK2_2021-03-10
2021-06-08 00:53:26 78      MDB_BBG0022FDRY8_2021-03-10
2021-06-08 00:53:26 82      MDGL_BBG000QS6NV8_2021-03-10
2021-06-08 00:53:26 83      MDLA_BBG001BPKGT0_2021-03-10
2021-06-08 00:53:26 85      MDLZ_BBG000D4LWF6_2021-03-10
2021-06-08 00:53:26 90      MDRX_BBG000BLDXH5_2021-03-10
2021-06-08 00:53:26 92      MDT_BBG000BNWG87_2021-03-10
2021-06-08 00:53:26 97      MED_BBG000BWBW76_2021-03-10
2021-06-08 00:53:26 98      MEDP_BBG0065B7K59_2021-03-10
2021-06-08 00:53:26 99      MEI_BBG000BNY197_2021-03-10
2021-06-08 00:53:27 00      MELI_BBG000GQPB11_2021-03-10
2021-06-08 00:53:27 02      MET_BBG000BB6KF5_2021-03-10
2021-06-08 00:53:27 05      MFGP_BBG00HFWVGN0_2021-03-10
2021-06-08 00:53:27 08      MGLN_BBG000BD6DD9_2021-03-10
2021-06-08 00:53:27 09      MGM_BBG000C2BXK4_2021-03-10
2021-06-08 00:53:27 13      MGY_BBG00GNC8DL2_2021-03-10
2021-06-08 00:53:27 14      MHK_BBG000FLZN98_2021-03-10
2021-06-08 00:53:27 15      MHO_BBG000BL9MZ4_2021-03-10
2021-06-08 00:53:27 16      MIDD_BBG000DQN9R3_2021-03-10
2021-06-08 00:53:27 18      MKC_BBG000G6Y5W4_2021-03-10
2021-06-08 00:53:27 19      MKL_BBG000FC7366_2021-03-10
2021-06-08 00:53:27 20      MKSI_BBG000BVMG26_2021-03-10
2021-06-08 00:53:27 22      MKTX_BBG000BJBZ23_2021-03-10
2021-06-08 00:53:27 23      MLAB_BBG000BP3PW7_2021-03-10
2021-06-08 00:53:27 24      MLCO_BBG000BHP8J4_2021-03-10
2021-06-08 00:53:27 25      MLHR_BBG000BP46T2_2021-03-10
2021-06-08 00:53:27 26      MLM_BBG000BGYMH7_2021-03-10
2021-06-08 00:53:27 27      MMC_BBG000BP4MH0_2021-03-10
2021-06-08 00:53:27 29      MMI_BBG005GBRSR6_2021-03-10
2021-06-08 00:53:27 30      MMM_BBG000BP52R2_2021-03-10
2021-06-08 00:53:27 32      MMS_BBG000BC5WJ4_2021-03-10
2021-06-08 00:53:27 33      MMSI_BBG000C42VX0_2021-03-10
2021-06-08 00:53:27 34      MNRO_BBG000C0BZD1_2021-03-10
2021-06-08 00:53:27 35      MNST_BBG008NVB1C0_2021-03-10
2021-06-08 00:53:27 37      MO_BBG000BP6LJ8_2021-03-10
2021-06-08 00:53:27 41      MOH_BBG000MBHNC8_2021-03-10
2021-06-08 00:53:27 42      MOMO_BBG007HTCQT0_2021-03-10
2021-06-08 00:53:27 52      MORN_BBG000CGQ4F7_2021-03-10
2021-06-08 00:53:27 53      MOS_BBG000BFXHL6_2021-03-10
2021-06-08 00:53:27 58      MOV_BBG000BL30Y9_2021-03-10
2021-06-08 00:53:27 58      MPC_BBG001DCCGR8_2021-03-10
2021-06-08 00:53:27 64      MPWR_BBG000C30L48_2021-03-10
2021-06-08 00:53:27 67      MRC_BBG000BKLTM1_2021-03-10
2021-06-08 00:53:27 67      MRK_BBG000BPD168_2021-03-10
2021-06-08 00:53:27 73      MRNA_BBG003PHHZT1_2021-03-10
2021-06-08 00:53:27 81      MRO_BBG000C8H633_2021-03-10
2021-06-08 00:53:27 84      MRTX_BBG004TPGBP5_2021-03-10
2021-06-08 00:53:27 85      MS_BBG000BLZRJ2_2021-03-10
2021-06-08 00:53:27 92      MSA_BBG000BPDXF8_2021-03-10
2021-06-08 00:53:27 93      MSCI_BBG000RTDY25_2021-03-10
2021-06-08 00:53:27 94      MSFT_BBG000BPH459_2021-03-10
2021-06-08 00:53:28 33      MSGE_BBG00L9HLWV8_2021-03-10
2021-06-08 00:53:28 34      MSGN_BBG000NS03H7_2021-03-10
2021-06-08 00:53:28 34      MSGN: SPYKE!. Candle: ID:721, Time: 21:10, Close: 19.83
2021-06-08 00:53:28 34      MSGN: SPYKE!. Candle: ID:727, Time: 21:10, Close: 23.46
2021-06-08 00:53:28 34      MSGN: SPYKE!. Candle: ID:728, Time: 21:10, Close: 21.99
2021-06-08 00:53:28 34      MSGN: SPYKE!. Candle: ID:732, Time: 21:10, Close: 23
2021-06-08 00:53:28 34      MSGN: SPYKE!. Candle: ID:741, Time: 21:15, Close: 22.49
2021-06-08 00:53:28 34      MSGN: SPYKE!. Candle: ID:862, Time: 22:15, Close: 20.22
2021-06-08 00:53:28 36      MSGS_BBG007FG0C23_2021-03-10
2021-06-08 00:53:28 37      MSI_BBG000BP8Z50_2021-03-10
2021-06-08 00:53:28 38      MSM_BBG000BCLYL9_2021-03-10
2021-06-08 00:53:28 39      MSTR_BBG000GQJPZ0_2021-03-10
2021-06-08 00:53:28 44      MTB_BBG000D9KWL9_2021-03-10
2021-06-08 00:53:28 47      MTCH_BBG00B6WH9G3_2021-03-10
2021-06-08 00:53:28 51      MTD_BBG000BZCKH3_2021-03-10
2021-06-08 00:53:28 52      MTG_BBG000CBMH27_2021-03-10
2021-06-08 00:53:28 53      MTH_BBG000F4F1N0_2021-03-10
2021-06-08 00:53:28 54      MTN_BBG000BCMWM1_2021-03-10
2021-06-08 00:53:28 56      MTOR_BBG000BH92D1_2021-03-10
2021-06-08 00:53:28 57      MTRN_BBG000BDTT76_2021-03-10
2021-06-08 00:53:28 57      MTSC_BBG000BPL8G3_2021-03-10
2021-06-08 00:53:28 58      MU_BBG000C5Z1S3_2021-03-10
2021-06-08 00:53:28 77      MUR_BBG000BPMH90_2021-03-10
2021-06-08 00:53:28 79      MUSA_BBG001Z0Q6T5_2021-03-10
2021-06-08 00:53:28 80      MXIM_BBG000BPNP00_2021-03-10
2021-06-08 00:53:28 84      MXL_BBG000BB6R33_2021-03-10
2021-06-08 00:53:28 85      MYGN_BBG000D9H9F1_2021-03-10
2021-06-08 00:53:28 87      MYRG_BBG000BC7VW9_2021-03-10
2021-06-08 00:53:28 88      NARI_BBG009J8K7M0_2021-03-10
2021-06-08 00:53:28 90      NATI_BBG000DZK6N6_2021-03-10
2021-06-08 00:53:28 91      NAVI_BBG004MN1R41_2021-03-10
2021-06-08 00:53:28 93      NBIX_BBG000GJS7C1_2021-03-10
2021-06-08 00:53:28 95      NCBS_BBG000QK0TG5_2021-03-10
2021-06-08 00:53:28 96      NCR_BBG000BMXK89_2021-03-10
2021-06-08 00:53:28 97      NDAQ_BBG000F5VVB6_2021-03-10
2021-06-08 00:53:28 99      NDSN_BBG000BPWGR1_2021-03-10
2021-06-08 00:53:29 01      NEE_BBG000BJSBJ0_2021-03-10
2021-06-08 00:53:29 06      NEM_BBG000BPWXK1_2021-03-10
2021-06-08 00:53:29 10      NEO_BBG000BKH263_2021-03-10
2021-06-08 00:53:29 12      NEOG_BBG000C1BCK2_2021-03-10
2021-06-08 00:53:29 14      NET_BBG001WMKHH5_2021-03-10
2021-06-08 00:53:29 18      NEU_BBG000BJ5SS8_2021-03-10
2021-06-08 00:53:29 19      NEWR_BBG001NFKJ68_2021-03-10
2021-06-08 00:53:29 20      NFLX_BBG000CL9VN6_2021-03-10
2021-06-08 00:53:29 28      NGVT_BBG009LM28K6_2021-03-10
2021-06-08 00:53:29 29      NJR_BBG000BPZVW9_2021-03-10
2021-06-08 00:53:29 30      NKE_BBG000C5HS04_2021-03-10
2021-06-08 00:53:29 34      NKTR_BBG000BHCYJ1_2021-03-10
2021-06-08 00:53:29 36      NLOK_BBG000BH2JM1_2021-03-10
2021-06-08 00:53:29 38      NLSN_BBG0088CYPX8_2021-03-10
2021-06-08 00:53:29 40      NMIH_BBG005DLMMZ6_2021-03-10
2021-06-08 00:53:29 42      NOC_BBG000BQ2C28_2021-03-10
2021-06-08 00:53:29 44      NOK_BBG000BNGBW9_2021-03-10
2021-06-08 00:53:29 49      NOV_BBG000BJX8C8_2021-03-10
2021-06-08 00:53:29 51      NOW_BBG000M1R011_2021-03-10
2021-06-08 00:53:29 53      NP_BBG000QCQ764_2021-03-10
2021-06-08 00:53:29 54      NPK_BBG000BQ4GG2_2021-03-10
2021-06-08 00:53:29 55      NRG_BBG000D8RG11_2021-03-10
2021-06-08 00:53:29 57      NSC_BBG000BQ5DS5_2021-03-10
2021-06-08 00:53:29 59      NSP_BBG000BJ41X2_2021-03-10
2021-06-08 00:53:29 60      NTAP_BBG000FP1N32_2021-03-10
2021-06-08 00:53:29 63      NTCO_BBG00R4ZKPN5_2021-03-10
2021-06-08 00:53:29 64      NTCT_BBG000C136Z8_2021-03-10
2021-06-08 00:53:29 66      NTES_BBG000BX72V8_2021-03-10
2021-06-08 00:53:29 70      NTGR_BBG000C4GBR6_2021-03-10
2021-06-08 00:53:29 71      NTLA_BBG007KC7PB0_2021-03-10
2021-06-08 00:53:29 74      NTNX_BBG001NDW1Z7_2021-03-10
2021-06-08 00:53:29 75      NTRA_BBG001J1BQ86_2021-03-10
2021-06-08 00:53:29 78      NTRS_BBG000BQ74K1_2021-03-10
2021-06-08 00:53:29 79      NTUS_BBG000DPZHS3_2021-03-10
2021-06-08 00:53:29 80      NUE_BBG000BQ8KV2_2021-03-10
2021-06-08 00:53:29 82      NUS_BBG000HG21Y3_2021-03-10
2021-06-08 00:53:29 83      NUVA_BBG000LNL298_2021-03-10
2021-06-08 00:53:29 84      NVDA_BBG000BBJQV0_2021-03-10
2021-06-08 00:53:30 00      NVEE_BBG005BT60Y8_2021-03-10
2021-06-08 00:53:30 01      NVEE: SPYKE!. Candle: ID:557, Time: 21:45, Close: 100
2021-06-08 00:53:30 01      NVR_BBG000BQBYR3_2021-03-10
2021-06-08 00:53:30 02      NVRO_BBG001K61W36_2021-03-10
2021-06-08 00:53:30 03      NVTA_BBG005DJFD43_2021-03-10
2021-06-08 00:53:30 07      NWE_BBG000Q1NMJ4_2021-03-10
2021-06-08 00:53:30 08      NWL_BBG000BQC9V2_2021-03-10
2021-06-08 00:53:30 10      NWLI_BBG008HNHZ07_2021-03-10
2021-06-08 00:53:30 11      NWS_BBG0035M2ZB7_2021-03-10
2021-06-08 00:53:30 12      NWSA_BBG0035LY913_2021-03-10
2021-06-08 00:53:30 15      NXPI_BBG000BND699_2021-03-10
2021-06-08 00:53:30 18      NXST_BBG000DZJVH0_2021-03-10
2021-06-08 00:53:30 20      NYT_BBG000FFC0B3_2021-03-10
2021-06-08 00:53:30 21      O_BBG000DHPN63_2021-03-10
2021-06-08 00:53:30 25      OC_BBG000M44VW8_2021-03-10
2021-06-08 00:53:30 26      ODFL_BBG000CHSS88_2021-03-10
2021-06-08 00:53:30 28      OFIX_BBG000G1C210_2021-03-10
2021-06-08 00:53:30 29      OHI_BBG000BGBTC2_2021-03-10
2021-06-08 00:53:30 30      OI_BBG00R2JZG39_2021-03-10
2021-06-08 00:53:30 31      OII_BBG000CPBCL8_2021-03-10
2021-06-08 00:53:30 33      OIS_BBG000BDDN94_2021-03-10
2021-06-08 00:53:30 34      OKE_BBG000BQHGR6_2021-03-10
2021-06-08 00:53:30 36      OKTA_BBG001YV1SM4_2021-03-10
2021-06-08 00:53:30 41      OLED_BBG000BLRP41_2021-03-10
2021-06-08 00:53:30 43      OLLI_BBG0098VVDT9_2021-03-10
2021-06-08 00:53:30 45      OMC_BBG000BS9489_2021-03-10
2021-06-08 00:53:30 47      OMCL_BBG000BTNGZ4_2021-03-10
2021-06-08 00:53:30 48      ON_BBG000DV7MX4_2021-03-10
2021-06-08 00:53:30 53      ONTO_BBG000BPRN29_2021-03-10
2021-06-08 00:53:30 54      ORCL_BBG000BQLTW7_2021-03-10
2021-06-08 00:53:30 59      ORLY_BBG000BGYWY6_2021-03-10
2021-06-08 00:53:30 62      OSIS_BBG000BWPR54_2021-03-10
2021-06-08 00:53:30 62      OSK_BBG000CC53X1_2021-03-10
2021-06-08 00:53:30 63      OSUR_BBG000J3D1Y8_2021-03-10
2021-06-08 00:53:30 70      OTIS_BBG00RP60KV0_2021-03-10
2021-06-08 00:53:30 71      OVV_BBG00R2NHQ65_2021-03-10
2021-06-08 00:53:30 73      OXY_BBG000BQQ2S6_2021-03-10
2021-06-08 00:53:30 79      PAGS_BBG00JM7QBR6_2021-03-10
2021-06-08 00:53:30 82      PANW_BBG0014GJCT9_2021-03-10
2021-06-08 00:53:30 84      PATK_BBG000BQSBB2_2021-03-10
2021-06-08 00:53:30 85      PAYC_BBG0064N0ZZ5_2021-03-10
2021-06-08 00:53:30 86      PB_BBG000BHY4D9_2021-03-10
2021-06-08 00:53:30 87      PBCT_BBG000BQT4L6_2021-03-10
2021-06-08 00:53:30 89      PBF_BBG002832GV8_2021-03-10
2021-06-08 00:53:30 92      PBH_BBG000QM0RZ4_2021-03-10
2021-06-08 00:53:30 92      PBI_BBG000BQTMJ9_2021-03-10
2021-06-08 00:53:30 95      PCAR_BBG000BQVTF5_2021-03-10
2021-06-08 00:53:30 97      PCG_BBG000BQWPC5_2021-03-10
2021-06-08 00:53:30 98      PCRX_BBG0018FQNS6_2021-03-10
2021-06-08 00:53:30 99      PCTY_BBG006598YS8_2021-03-10
2021-06-08 00:53:31 00      PD_BBG0043BYPB8_2021-03-10
2021-06-08 00:53:31 02      PDCO_BBG000BQY289_2021-03-10
2021-06-08 00:53:31 03      PEAK_BBG000BKYDP9_2021-03-10
2021-06-08 00:53:31 05      PEG_BBG000BQZMH4_2021-03-10
2021-06-08 00:53:31 07      PEGA_BBG000H1RYG7_2021-03-10
2021-06-08 00:53:31 08      PEN_BBG001BP92V1_2021-03-10
2021-06-08 00:53:31 10      PEP_BBG000DH7JK6_2021-03-10
2021-06-08 00:53:31 21      PETQ_BBG00H1CY328_2021-03-10
2021-06-08 00:53:31 22      PFE_BBG000BR2B91_2021-03-10
2021-06-08 00:53:31 26      PFG_BBG000NSCNT7_2021-03-10
2021-06-08 00:53:31 29      PFGC_BBG009XW2WB8_2021-03-10
2021-06-08 00:53:31 30      PFPT_BBG000RQ2GY7_2021-03-10
2021-06-08 00:53:31 32      PG_BBG000BR2TH3_2021-03-10
2021-06-08 00:53:31 38      PGNY_BBG002H1K1H1_2021-03-10
2021-06-08 00:53:31 40      PGR_BBG000BR37X2_2021-03-10
2021-06-08 00:53:31 42      PGTI_BBG000FX3Y66_2021-03-10
2021-06-08 00:53:31 43      PH_BBG000BR3KL6_2021-03-10
2021-06-08 00:53:31 45      PHM_BBG000BR54L0_2021-03-10
2021-06-08 00:53:31 48      PII_BBG000D5S4M0_2021-03-10
2021-06-08 00:53:31 49      PINC_BBG000G7QX50_2021-03-10
2021-06-08 00:53:31 50      PINS_BBG002583CV8_2021-03-10
2021-06-08 00:53:31 56      PIPR_BBG000FQXC75_2021-03-10
2021-06-08 00:53:31 57      PKG_BBG000BB8SW7_2021-03-10
2021-06-08 00:53:31 58      PKI_BBG000FXW512_2021-03-10
2021-06-08 00:53:31 60      PLAN_BBG002DZS299_2021-03-10
2021-06-08 00:53:31 62      PLAY_BBG001WWJTK5_2021-03-10
2021-06-08 00:53:31 65      PLCE_BBG000JK9DK4_2021-03-10
2021-06-08 00:53:31 67      PLD_BBG000B9Z0J8_2021-03-10
2021-06-08 00:53:31 69      PLNT_BBG009H04M17_2021-03-10
2021-06-08 00:53:31 71      PLTR_BBG000N7QR55_2021-03-10
2021-06-08 00:53:31 89      PLUS_BBG000HN7W02_2021-03-10
2021-06-08 00:53:31 90      PLXS_BBG000BRBX66_2021-03-10
2021-06-08 00:53:31 90      PM_BBG000J2XL74_2021-03-10
2021-06-08 00:53:31 94      PNC_BBG000BRD0D8_2021-03-10
2021-06-08 00:53:31 95      PNFP_BBG000C1XKF6_2021-03-10
2021-06-08 00:53:31 97      PNTG_BBG00P33SY72_2021-03-10
2021-06-08 00:53:31 98      PODD_BBG000R7XX87_2021-03-10
2021-06-08 00:53:32 00      POOL_BBG000BCVG28_2021-03-10
2021-06-08 00:53:32 02      POR_BBG000BCRMW7_2021-03-10
2021-06-08 00:53:32 04      POST_BBG001WTBC36_2021-03-10
2021-06-08 00:53:32 05      POWI_BBG000BTT3D1_2021-03-10
2021-06-08 00:53:32 06      PPC_BBG000BFLXV3_2021-03-10
2021-06-08 00:53:32 07      PPG_BBG000BRJ809_2021-03-10
2021-06-08 00:53:32 08      PPL_BBG000BRJL00_2021-03-10
2021-06-08 00:53:32 10      PRAA_BBG000BNTW77_2021-03-10
2021-06-08 00:53:32 11      PRAH_BBG007387YL8_2021-03-10
2021-06-08 00:53:32 12      PRFT_BBG000BVXFK6_2021-03-10
2021-06-08 00:53:32 13      PRG_BBG00VSH86G4_2021-03-10
2021-06-08 00:53:32 14      PRGS_BBG000C4QP94_2021-03-10
2021-06-08 00:53:32 15      PRI_BBG000T8ZF80_2021-03-10
2021-06-08 00:53:32 16      PRLB_BBG000BT13B3_2021-03-10
2021-06-08 00:53:32 17      PRSP_BBG00KMXKWF9_2021-03-10
2021-06-08 00:53:32 18      PRU_BBG000HCJMF9_2021-03-10
2021-06-08 00:53:32 22      PSA_BBG000BPPN67_2021-03-10
2021-06-08 00:53:32 24      PSN_BBG000C3TKY6_2021-03-10
2021-06-08 00:53:32 24      PSTG_BBG00212PVZ5_2021-03-10
2021-06-08 00:53:32 28      PSX_BBG00286S4N9_2021-03-10
2021-06-08 00:53:32 31      PTC_BBG000C2VBB0_2021-03-10
2021-06-08 00:53:32 33      PTCT_BBG000QT15P7_2021-03-10
2021-06-08 00:53:32 34      PTON_BBG00JG0FFZ2_2021-03-10
2021-06-08 00:53:32 43      PTR_BBG000BR85F1_2021-03-10
2021-06-08 00:53:32 44      PUMP_BBG00FYCQ352_2021-03-10
2021-06-08 00:53:32 46      PVH_BBG000BRRG02_2021-03-10
2021-06-08 00:53:32 47      PWR_BBG000BBL8V7_2021-03-10
2021-06-08 00:53:32 48      PXD_BBG000BXRPH1_2021-03-10
2021-06-08 00:53:32 51      PYPL_BBG0077VNXV6_2021-03-10
2021-06-08 00:53:32 59      PYPL: BuyPending. Strategy: MorningOpenStrategy. Price: 237.61. Lots: 1. ChangeOpenToCurrent: -2.82. ChangePrevCloseToCurrent: -2.49. Candle: ID:16, Time: 4:00, Close: 237.61.
2021-06-08 00:53:32 59      PYPL: OrderID: dab47fe5. PlacedOrder. Status: New. RejectReason: 
2021-06-08 00:53:32 59      PYPL: Cancel order. Did not bought at market open. Candle: ID:37, Time: 4:05, Close: 240.88
2021-06-08 00:53:32 59      OrderID: dab47fe5 successfully canceled
2021-06-08 00:53:32 64      PZZA_BBG000BFWF13_2021-03-10
2021-06-08 00:53:32 66      QADA_BBG001BP77C3_2021-03-10
2021-06-08 00:53:32 67      QCOM_BBG000CGC1X8_2021-03-10
2021-06-08 00:53:32 79      QDEL_BBG000C6GN04_2021-03-10
2021-06-08 00:53:32 85      QLYS_BBG000HT5G06_2021-03-10
2021-06-08 00:53:32 86      QNST_BBG000S9XXB8_2021-03-10
2021-06-08 00:53:32 87      QRTEA_BBG000PCQQL6_2021-03-10
2021-06-08 00:53:32 91      QRVO_BBG007TJF1N7_2021-03-10
2021-06-08 00:53:32 95      QTS_BBG0054B20Z8_2021-03-10
2021-06-08 00:53:32 96      QTWO_BBG005ZVK9P2_2021-03-10
2021-06-08 00:53:32 97      QUOT_BBG001QYNR63_2021-03-10
2021-06-08 00:53:32 98      R_BBG000BRVP70_2021-03-10
2021-06-08 00:53:32 99      RACE_BBG009PH3Q86_2021-03-10
2021-06-08 00:53:33 00      RAMP_BBG000BB4HM6_2021-03-10
2021-06-08 00:53:33 01      RARE_BBG001RWPDW6_2021-03-10
2021-06-08 00:53:33 03      RAVN_BBG000CXQTZ3_2021-03-10
2021-06-08 00:53:33 04      RBC_BBG000BRXTR8_2021-03-10
2021-06-08 00:53:33 05      RCL_BBG000BB5792_2021-03-10
2021-06-08 00:53:33 08      RDFN_BBG001Q7HP63_2021-03-10
2021-06-08 00:53:33 10      RDS.A_BBG000QXSSS6_2021-03-10
2021-06-08 00:53:33 13      RDY_BBG000NJ96L6_2021-03-10
2021-06-08 00:53:33 14      RE_BBG000C1XVK6_2021-03-10
2021-06-08 00:53:33 15      REG_BBG000BL46Q4_2021-03-10
2021-06-08 00:53:33 18      REGI_BBG0016SSV00_2021-03-10
2021-06-08 00:53:33 21      REGN_BBG000C734W3_2021-03-10
2021-06-08 00:53:33 23      RETA_BBG000R33BD1_2021-03-10
2021-06-08 00:53:33 25      REX_BBG000D2ZK61_2021-03-10
2021-06-08 00:53:33 25      REZI_BBG00HY28K89_2021-03-10
2021-06-08 00:53:33 26      REZI: SPYKE!. Candle: ID:40, Time: 13:45, Close: 29.01
2021-06-08 00:53:33 27      RF_BBG000Q3JN03_2021-03-10
2021-06-08 00:53:33 29      RGA_BBG000BDLCQ0_2021-03-10
2021-06-08 00:53:33 30      RGEN_BBG000BS48J3_2021-03-10
2021-06-08 00:53:33 31      RGLD_BBG000BS5170_2021-03-10
2021-06-08 00:53:33 32      RGNX_BBG007Z9V591_2021-03-10
2021-06-08 00:53:33 33      RGR_BBG000C4FQG6_2021-03-10
2021-06-08 00:53:33 34      RH_BBG002293PJ4_2021-03-10
2021-06-08 00:53:33 36      RHI_BBG000BS5DR2_2021-03-10
2021-06-08 00:53:33 37      RIG_BBG000BH5LT6_2021-03-10
2021-06-08 00:53:33 46      RJF_BBG000BS73J1_2021-03-10
2021-06-08 00:53:33 48      RL_BBG000BS0ZF1_2021-03-10
2021-06-08 00:53:33 49      RMD_BBG000L4M7F1_2021-03-10
2021-06-08 00:53:33 51      RNG_BBG000J094P3_2021-03-10
2021-06-08 00:53:33 52      ROCK_BBG000BKQDQ7_2021-03-10
2021-06-08 00:53:33 54      ROG_BBG000BS9HN3_2021-03-10
2021-06-08 00:53:33 55      ROK_BBG000BBCDZ2_2021-03-10
2021-06-08 00:53:33 57      ROKU_BBG001ZZPQJ6_2021-03-10
2021-06-08 00:53:33 62      ROL_BBG000BSBBP1_2021-03-10
2021-06-08 00:53:33 63      ROLL_BBG000GMGNB3_2021-03-10
2021-06-08 00:53:33 64      ROP_BBG000F1ZSN5_2021-03-10
2021-06-08 00:53:33 65      ROST_BBG000BSBZH7_2021-03-10
2021-06-08 00:53:33 70      RP_BBG000CN5CJ3_2021-03-10
2021-06-08 00:53:33 71      RPD_BBG009DFHWG6_2021-03-10
2021-06-08 00:53:33 73      RPM_BBG000DCNK80_2021-03-10
2021-06-08 00:53:33 74      RRBI_BBG000QKNLB2_2021-03-10
2021-06-08 00:53:33 75      RRC_BBG000FVXD63_2021-03-10
2021-06-08 00:53:33 77      RRGB_BBG000MXH9C1_2021-03-10
2021-06-08 00:53:33 79      RS_BBG000CJ2181_2021-03-10
2021-06-08 00:53:33 80      RSG_BBG000BPXVJ6_2021-03-10
2021-06-08 00:53:33 81      RTX_BBG000BW8S60_2021-03-10
2021-06-08 00:53:33 84      RVLV_BBG00M4RHBD0_2021-03-10
2021-06-08 00:53:33 87      RXN_BBG000H8R0N8_2021-03-10
2021-06-08 00:53:33 88      RYN_BBG000BG7L34_2021-03-10
2021-06-08 00:53:33 89      RYTM_BBG007DLZ601_2021-03-10
2021-06-08 00:53:33 90      SAFM_BBG000BSHJ96_2021-03-10
2021-06-08 00:53:33 91      SAGE_BBG0025X16Y5_2021-03-10
2021-06-08 00:53:33 92      SAIA_BBG000P5LMQ0_2021-03-10
2021-06-08 00:53:33 93      SAIC_BBG003BW05K6_2021-03-10
2021-06-08 00:53:33 94      SAIL_BBG00J0BBZL0_2021-03-10
2021-06-08 00:53:33 96      SAM_BBG000BCZBF1_2021-03-10
2021-06-08 00:53:33 97      SAVE_BBG000BF6RQ9_2021-03-10
2021-06-08 00:53:33 98      SAVE: BuyPending. Strategy: MorningOpenStrategy. Price: 36.9. Lots: 6. ChangeOpenToCurrent: -2.12. ChangePrevCloseToCurrent: -0.57. Candle: ID:9, Time: 4:00, Close: 36.9.
2021-06-08 00:53:33 98      SAVE: OrderID: ea137003. PlacedOrder. Status: New. RejectReason: 
2021-06-08 00:53:33 98      SAVE: OrderID: ea137003 fully executed
2021-06-08 00:53:33 98      SAVE: Morning closing by timeout. Close price: 37.11. Lots: 6. Profit: 0.21(0.57%). Candle: ID:46, Time: 5:30, Close: 37.11
2021-06-08 00:53:33 98      SAVE: OrderID: 46943ca1. PlacedOrder. Status: New. RejectReason: 
2021-06-08 00:53:33 98      SAVE: OrderID: 46943ca1 partially executed. Executed lots: 2. OrderStatus: 2/6 lots
2021-06-08 00:53:33 98      SAVE: OrderID: 46943ca1 fully executed
2021-06-08 00:53:33 99      Exception happened while copiyng file. Error: Could not find a part of the path 'C:\tinkoff\Configuration\test\SAVE_BBG000BF6RQ9_2021-03-10.csv'.
2021-06-08 00:53:33 99      SBAC_BBG000D2M0Z7_2021-03-10
2021-06-08 00:53:34 01      SBCF_BBG000KK3464_2021-03-10
2021-06-08 00:53:34 02      SBGI_BBG000F2XXP2_2021-03-10
2021-06-08 00:53:34 03      SBH_BBG000LR8515_2021-03-10
2021-06-08 00:53:34 05      SBRA_BBG000MTDW24_2021-03-10
2021-06-08 00:53:34 07      SBUX_BBG000CTQBF3_2021-03-10
2021-06-08 00:53:34 11      SCCO_BBG000BSHH72_2021-03-10
2021-06-08 00:53:34 13      SCHW_BBG000BSLZY7_2021-03-10
2021-06-08 00:53:34 17      SCI_BBG000BTHH16_2021-03-10
2021-06-08 00:53:34 18      SCSC_BBG000BHTPZ4_2021-03-10
2021-06-08 00:53:34 19      SDGR_BBG000T88BN2_2021-03-10
2021-06-08 00:53:34 22      SEDG_BBG0084BBZY6_2021-03-10
2021-06-08 00:53:34 25      SEE_BBG000C22QV7_2021-03-10
2021-06-08 00:53:34 26      SEIC_BBG000BSQLT9_2021-03-10
2021-06-08 00:53:34 27      SF_BBG000BSS5C0_2021-03-10
2021-06-08 00:53:34 28      SFIX_BBG0046L1KL9_2021-03-10
2021-06-08 00:53:34 33      SFM_BBG001KFKQM7_2021-03-10
2021-06-08 00:53:34 35      SGEN_BBG000BH0FR6_2021-03-10
2021-06-08 00:53:34 37      SHAK_BBG0063GCHH8_2021-03-10
2021-06-08 00:53:34 38      SHEN_BBG000BTC2N0_2021-03-10
2021-06-08 00:53:34 39      SHI_BBG000BHR1H9_2021-03-10
2021-06-08 00:53:34 40      SHW_BBG000BSXQV7_2021-03-10
2021-06-08 00:53:34 41      SIG_BBG000C4ZZ10_2021-03-10
2021-06-08 00:53:34 43      SIGI_BBG000BSZ738_2021-03-10
2021-06-08 00:53:34 44      SITE_BBG009T22D49_2021-03-10
2021-06-08 00:53:34 45      SIVB_BBG000BT0CM2_2021-03-10
2021-06-08 00:53:34 47      SJI_BBG000BT0T72_2021-03-10
2021-06-08 00:53:34 48      SJM_BBG000BT1715_2021-03-10
2021-06-08 00:53:34 49      SKM_BBG000BLN497_2021-03-10
2021-06-08 00:53:34 50      SKX_BBG000C4HKK2_2021-03-10
2021-06-08 00:53:34 51      SLAB_BBG000BB99S3_2021-03-10
2021-06-08 00:53:34 53      SLB_BBG000BT41Q8_2021-03-10
2021-06-08 00:53:34 58      SLG_BBG000BVP5P2_2021-03-10
2021-06-08 00:53:34 59      SMAR_BBG00GQK3WB5_2021-03-10
2021-06-08 00:53:34 61      SMG_BBG000BT5PG5_2021-03-10
2021-06-08 00:53:34 62      SMPL_BBG00GVP5JL4_2021-03-10
2021-06-08 00:53:34 63      SMTC_BBG000DBKR53_2021-03-10
2021-06-08 00:53:34 64      SNA_BBG000BT7JW9_2021-03-10
2021-06-08 00:53:34 67      SNAP_BBG00441QMJ7_2021-03-10
2021-06-08 00:53:34 74      SNBR_BBG000DM2BF3_2021-03-10
2021-06-08 00:53:34 75      SNPS_BBG000BSFRF3_2021-03-10
2021-06-08 00:53:34 80      SNX_BBG000CL9JV4_2021-03-10
2021-06-08 00:53:34 81      SNY_BBG000BBD5N1_2021-03-10
2021-06-08 00:53:34 83      SO_BBG000BT9DW0_2021-03-10
2021-06-08 00:53:34 86      SOHU_BBG00L2DB535_2021-03-10
2021-06-08 00:53:34 88      SON_BBG000D7HF89_2021-03-10
2021-06-08 00:53:34 89      SONO_BBG001JZPSQ2_2021-03-10
2021-06-08 00:53:34 93      SP_BBG000BJ91B1_2021-03-10
2021-06-08 00:53:34 94      SPB@US_BBG000DS5588_2021-03-10
2021-06-08 00:53:34 95      SPCE_BBG00HTN2CQ3_2021-03-10
2021-06-08 00:53:35 19      SPCE: BuyPending. Strategy: MorningOpenStrategy. Price: 30.17. Lots: 8. ChangeOpenToCurrent: -4.22. ChangePrevCloseToCurrent: -0.95. Candle: ID:9, Time: 4:00, Close: 30.17.
2021-06-08 00:53:35 19      SPCE: OrderID: ba2bbb75. PlacedOrder. Status: New. RejectReason: 
2021-06-08 00:53:35 19      SPCE: OrderID: ba2bbb75 fully executed
2021-06-08 00:53:35 19      SPCE: Buy more. Price: 29.2. Lots: 8. changeFromLastBuy: -3.22. Candle: ID:14, Time: 4:00, Close: 29.2.
2021-06-08 00:53:35 19      SPCE: OrderID: 7614cf47. PlacedOrder. Status: New. RejectReason: 
2021-06-08 00:53:35 19      SPCE: OrderID: 7614cf47 fully executed
2021-06-08 00:53:35 19      SPCE: SPYKE!. Candle: ID:20, Time: 4:00, Close: 28.81
2021-06-08 00:53:35 19      SPCE: SPYKE!. Candle: ID:63, Time: 4:00, Close: 28.93
2021-06-08 00:53:35 19      SPCE: Morning closing. Close price: 30.19. Lots: 16. CandleChange: -0.03%. ChangeFromCandleHigh: -0.10%. Profit: 0.51(1.72%). Candle: ID:314, Time: 4:05, Close: 30.19
2021-06-08 00:53:35 19      SPCE: OrderID: 814e0ad3. PlacedOrder. Status: New. RejectReason: 
2021-06-08 00:53:35 19      SPCE: OrderID: 814e0ad3 fully executed
2021-06-08 00:53:35 20      SPCE: SPYKE!. Candle: ID:5499, Time: 7:45, Close: 32.4
2021-06-08 00:53:35 34      Exception happened while copiyng file. Error: Could not find a part of the path 'C:\tinkoff\Configuration\test\SPCE_BBG00HTN2CQ3_2021-03-10.csv'.
2021-06-08 00:53:35 34      SPG_BBG000BJ2D31_2021-03-10
2021-06-08 00:53:35 37      SPGI_BBG000BP1Q11_2021-03-10
2021-06-08 00:53:35 39      SPLK_BBG001C7TST4_2021-03-10
2021-06-08 00:53:35 45      SPOT_BBG003T4VFC2_2021-03-10
2021-06-08 00:53:35 48      SPR_BBG000PRJ2Z9_2021-03-10
2021-06-08 00:53:35 50      SPSC_BBG000PZGB75_2021-03-10
2021-06-08 00:53:35 51      SQ_BBG0018SLC07_2021-03-10
2021-06-08 00:53:35 61      SRC_BBG0027Z6X10_2021-03-10
2021-06-08 00:53:35 62      SRCL_BBG000H3FZM6_2021-03-10
2021-06-08 00:53:35 63      SRDX_BBG000BZ2QG2_2021-03-10
2021-06-08 00:53:35 64      SRE_BBG000C2ZCH8_2021-03-10
2021-06-08 00:53:35 66      SRI_BBG000BB9Q78_2021-03-10
2021-06-08 00:53:35 67      SRPT_BBG000BCJ161_2021-03-10
2021-06-08 00:53:35 69      SSD_BBG000JLC8L8_2021-03-10
2021-06-08 00:53:35 70      SSNC_BBG000RJ2J04_2021-03-10
2021-06-08 00:53:35 71      SSTK_BBG002ZCK2V9_2021-03-10
2021-06-08 00:53:35 72      STAA_BBG000C4QB95_2021-03-10
2021-06-08 00:53:35 74      STAG_BBG000BGLFP7_2021-03-10
2021-06-08 00:53:35 75      STLD_BBG000HGYNZ9_2021-03-10
2021-06-08 00:53:35 78      STMP_BBG000CZ4KF3_2021-03-10
2021-06-08 00:53:35 79      STRA_BBG000GRZDV1_2021-03-10
2021-06-08 00:53:35 81      STT_BBG000BKFBD7_2021-03-10
2021-06-08 00:53:35 83      STX_BBG000F0KF42_2021-03-10
2021-06-08 00:53:35 83      Warning: figi `BBG000F0KF42` for history data does not match actual figi `BBG0113JGQF0`. Ticker: STX. Will be used actual!
2021-06-08 00:53:35 85      STZ_BBG000J1QLT0_2021-03-10
2021-06-08 00:53:35 86      SUPN_BBG000BP0HX7_2021-03-10
2021-06-08 00:53:35 87      SWAV_BBG005XVXML5_2021-03-10
2021-06-08 00:53:35 89      SWBI_BBG000BM0QL7_2021-03-10
2021-06-08 00:53:35 91      SWCH_BBG00HPDM5Z2_2021-03-10
2021-06-08 00:53:35 94      SWI_BBG00M1CKSK7_2021-03-10
2021-06-08 00:53:35 95      SWK_BBG000BTQR96_2021-03-10
2021-06-08 00:53:35 98      SWKS_BBG000KLB4Q1_2021-03-10
2021-06-08 00:53:36 04      SWN_BBG000BTR593_2021-03-10
2021-06-08 00:53:36 10      SWX_BBG00FWP4JW4_2021-03-10
2021-06-08 00:53:36 11      SXI_BBG000BTT5B8_2021-03-10
2021-06-08 00:53:36 12      SXT_BBG000J79P80_2021-03-10
2021-06-08 00:53:36 12      SYF_BBG00658F3P3_2021-03-10
2021-06-08 00:53:36 15      SYK_BBG000DN7P92_2021-03-10
2021-06-08 00:53:36 16      SYKE_BBG000BBHPV4_2021-03-10
2021-06-08 00:53:36 17      SYNA_BBG000BQV1S2_2021-03-10
2021-06-08 00:53:36 20      SYNH_BBG0078Y1D92_2021-03-10
2021-06-08 00:53:36 22      SYY_BBG000BTVJ25_2021-03-10
2021-06-08 00:53:36 24      T_BBG000BSJK37_2021-03-10
2021-06-08 00:53:36 29      TAK_BBG000LF8708_2021-03-10
2021-06-08 00:53:36 31      TAL_BBG0016XJ8S0_2021-03-10
2021-06-08 00:53:36 36      TAP_BBG000BS7KS3_2021-03-10
2021-06-08 00:53:36 37      TCBI_BBG000DN4ZT1_2021-03-10
2021-06-08 00:53:36 39      TCMD_BBG001B12Z39_2021-03-10
2021-06-08 00:53:36 40      TCRR_BBG00FH3FM15_2021-03-10
2021-06-08 00:53:36 41      TCS_BBG005DXJS36_2021-03-10
2021-06-08 00:53:36 42      TCX_BBG000L69KL5_2021-03-10
2021-06-08 00:53:36 43      TDC_BBG000R0L5J4_2021-03-10
2021-06-08 00:53:36 45      TDG_BBG000L8CBX4_2021-03-10
2021-06-08 00:53:36 46      TDOC_BBG0019T5SG0_2021-03-10
2021-06-08 00:53:36 52      TDS_BBG000BV0VK7_2021-03-10
2021-06-08 00:53:36 55      TDY_BBG000BMT9T6_2021-03-10
2021-06-08 00:53:36 56      TECH_BBG000C15114_2021-03-10
2021-06-08 00:53:36 57      TEL_BBG000RGM5P1_2021-03-10
2021-06-08 00:53:36 59      TENB_BBG00LBLCD02_2021-03-10
2021-06-08 00:53:36 60      TER_BBG000BV4DR6_2021-03-10
2021-06-08 00:53:36 65      TFC_BBG000BYYLS8_2021-03-10
2021-06-08 00:53:36 69      TFX_BBG000BV59Y6_2021-03-10
2021-06-08 00:53:36 69      TGNA_BBG000BK5DP1_2021-03-10
2021-06-08 00:53:36 71      TGT_BBG000H8TVT2_2021-03-10
2021-06-08 00:53:36 73      THG_BBG000FJH8W0_2021-03-10
2021-06-08 00:53:36 74      THO_BBG000BV6R84_2021-03-10
2021-06-08 00:53:36 75      THO: SPYKE!. Candle: ID:19, Time: 14:05, Close: 125.78
2021-06-08 00:53:36 75      THO: SPYKE!. Candle: ID:25, Time: 14:30, Close: 132.85
2021-06-08 00:53:36 75      THO: SPYKE!. Candle: ID:26, Time: 14:30, Close: 133.8
2021-06-08 00:53:36 75      THRM_BBG000BQLM34_2021-03-10
2021-06-08 00:53:36 76      THS_BBG000GQGJT4_2021-03-10
2021-06-08 00:53:36 78      TJX_BBG000BV8DN6_2021-03-10
2021-06-08 00:53:36 82      TKR_BBG000BV95H9_2021-03-10
2021-06-08 00:53:36 83      TMHC_BBG003PGJHP5_2021-03-10
2021-06-08 00:53:36 84      TMO_BBG000BVDLH9_2021-03-10
2021-06-08 00:53:36 87      TMUS_BBG000NDV1D4_2021-03-10
2021-06-08 00:53:36 90      TMX_BBG002WMH2F2_2021-03-10
2021-06-08 00:53:36 91      TNC_BBG000JCZJS2_2021-03-10
2021-06-08 00:53:36 92      TNDM_BBG0019V9M65_2021-03-10
2021-06-08 00:53:36 93      TNET_BBG000BR2040_2021-03-10
2021-06-08 00:53:36 93      TOL_BBG000BVHBM1_2021-03-10
2021-06-08 00:53:36 95      TOT_BBG000CHZ857_2021-03-10
2021-06-08 00:53:36 98      TPH_BBG0016YQTR5_2021-03-10
2021-06-08 00:53:36 99      TPIC_BBG0016MQ7C5_2021-03-10
2021-06-08 00:53:37 00      TPIC: SPYKE!. Candle: ID:584, Time: 14:25, Close: 56.99
2021-06-08 00:53:37 02      TPR_BBG000BY29C7_2021-03-10
2021-06-08 00:53:37 03      TPTX_BBG00NPL9WH7_2021-03-10
2021-06-08 00:53:37 04      TPX_BBG000PXGT62_2021-03-10
2021-06-08 00:53:37 07      TREE_BBG000TVRB50_2021-03-10
2021-06-08 00:53:37 08      TREX_BBG000BTGKK9_2021-03-10
2021-06-08 00:53:37 09      TRHC_BBG00BT7PPY8_2021-03-10
2021-06-08 00:53:37 10      TRIP_BBG001M8HHB7_2021-03-10
2021-06-08 00:53:37 13      TRMB_BBG000BNPS52_2021-03-10
2021-06-08 00:53:37 15      TROW_BBG000BVMPN3_2021-03-10
2021-06-08 00:53:37 18      TRU_BBG002Q7J5Z1_2021-03-10
2021-06-08 00:53:37 20      TRUP_BBG002BC7WC5_2021-03-10
2021-06-08 00:53:37 21      TRV_BBG000BJ81C1_2021-03-10
2021-06-08 00:53:37 23      TSCO_BBG000BLXZN1_2021-03-10
2021-06-08 00:53:37 26      TSLA_BBG000N9MNX3_2021-03-10
2021-06-08 00:53:37 73      TSLA: BuyPending. Strategy: MorningOpenStrategy. Price: 672. Lots: 1. ChangeOpenToCurrent: -2.05. ChangePrevCloseToCurrent: -1.69. Candle: ID:24, Time: 4:00, Close: 672.
2021-06-08 00:53:37 73      TSLA: OrderID: 1cc1eb44. PlacedOrder. Status: New. RejectReason: 
2021-06-08 00:53:37 73      TSLA: OrderID: 1cc1eb44 fully executed
2021-06-08 00:53:37 73      TSLA: Morning closing. Close price: 684.01. Lots: 1. CandleChange: -0.12%. ChangeFromCandleHigh: -0.12%. Profit: 12.01(1.79%). Candle: ID:559, Time: 4:15, Close: 684.01
2021-06-08 00:53:37 73      TSLA: OrderID: a8493fd4. PlacedOrder. Status: New. RejectReason: 
2021-06-08 00:53:37 73      TSLA: OrderID: a8493fd4 fully executed
2021-06-08 00:53:37 73      TSLA: SPYKE!. Candle: ID:2834, Time: 7:45, Close: 698.5
2021-06-08 00:53:38 07      Exception happened while copiyng file. Error: Could not find a part of the path 'C:\tinkoff\Configuration\test\TSLA_BBG000N9MNX3_2021-03-10.csv'.
2021-06-08 00:53:38 07      TSM_BBG000BD8ZK0_2021-03-10
2021-06-08 00:53:38 16      TSN_BBG000DKCC19_2021-03-10
2021-06-08 00:53:38 19      TT_BBG000BM6788_2021-03-10
2021-06-08 00:53:38 21      TTC_BBG000BVQRY3_2021-03-10
2021-06-08 00:53:38 22      TTD_BBG00629NGT2_2021-03-10
2021-06-08 00:53:38 25      TTEK_BBG000BYZ0Q5_2021-03-10
2021-06-08 00:53:38 26      TTM_BBG000PVGDH9_2021-03-10
2021-06-08 00:53:38 29      TTMI_BBG000BYQ0B1_2021-03-10
2021-06-08 00:53:38 30      TTWO_BBG000BS1YV5_2021-03-10
2021-06-08 00:53:38 33      TW_BBG00NK8H8T2_2021-03-10
2021-06-08 00:53:38 34      TWLO_BBG0029ZX840_2021-03-10
2021-06-08 00:53:38 37      TWNK_BBG00B6KGNN1_2021-03-10
2021-06-08 00:53:38 38      TWOU_BBG001KS9450_2021-03-10
2021-06-08 00:53:38 41      TWTR_BBG000H6HNW3_2021-03-10
2021-06-08 00:53:38 54      TXG_BBG007WX14X0_2021-03-10
2021-06-08 00:53:38 57      TXN_BBG000BVV7G1_2021-03-10
2021-06-08 00:53:38 62      TXRH_BBG000PSJMV7_2021-03-10
2021-06-08 00:53:38 64      TXT_BBG000BVVQQ8_2021-03-10
2021-06-08 00:53:38 66      TYL_BBG000BVWZF9_2021-03-10
2021-06-08 00:53:38 67      UA_BBG009DTD8H2_2021-03-10
2021-06-08 00:53:38 69      UAA_BBG000BXM6V2_2021-03-10
2021-06-08 00:53:38 71      UAL_BBG000M65M61_2021-03-10
2021-06-08 00:53:38 80      UBER_BBG002B04MT8_2021-03-10
2021-06-08 00:53:38 88      UCTT_BBG000HSLV70_2021-03-10
2021-06-08 00:53:38 90      UDR_BBG000C41023_2021-03-10
2021-06-08 00:53:38 92      UFPI_BBG000BL0T06_2021-03-10
2021-06-08 00:53:38 93      UFS_BBG000BHFHP8_2021-03-10
2021-06-08 00:53:38 94      UGI_BBG000BVYN55_2021-03-10
2021-06-08 00:53:38 95      UHS_BBG000CB8Q50_2021-03-10
2021-06-08 00:53:38 96      UI_BBG001R72SR9_2021-03-10
2021-06-08 00:53:38 97      ULTA_BBG00FWQ4VD6_2021-03-10
2021-06-08 00:53:38 99      UMBF_BBG000DD8WX1_2021-03-10
2021-06-08 00:53:39 00      UNF_BBG000BW29L1_2021-03-10
2021-06-08 00:53:39 00      UNH_BBG000CH5208_2021-03-10
2021-06-08 00:53:39 02      UNM_BBG000BW2QX0_2021-03-10
2021-06-08 00:53:39 04      UNP_BBG000BW3299_2021-03-10
2021-06-08 00:53:39 06      UNVR_BBG000BDHD29_2021-03-10
2021-06-08 00:53:39 07      UPS_BBG000L9CV04_2021-03-10
2021-06-08 00:53:39 09      UPWK_BBG00FBJ6390_2021-03-10
2021-06-08 00:53:39 11      URBN_BBG000BL79J3_2021-03-10
2021-06-08 00:53:39 12      URI_BBG000BXMFC3_2021-03-10
2021-06-08 00:53:39 14      USB_BBG000FFDM15_2021-03-10
2021-06-08 00:53:39 17      USFD_BBG00C6H6D40_2021-03-10
2021-06-08 00:53:39 19      USM_BBG000BW6P59_2021-03-10
2021-06-08 00:53:39 19      USNA_BBG000BX28M0_2021-03-10
2021-06-08 00:53:39 20      USPH_BBG000CSRSG6_2021-03-10
2021-06-08 00:53:39 21      UTHR_BBG000BV4XJ1_2021-03-10
2021-06-08 00:53:39 22      UTL_BBG000BW7X97_2021-03-10
2021-06-08 00:53:39 23      V_BBG000PSKYX7_2021-03-10
2021-06-08 00:53:39 29      VAC_BBG001J2R5H3_2021-03-10
2021-06-08 00:53:39 30      VALE_BBG000BN5LG7_2021-03-10
2021-06-08 00:53:39 34      VC_BBG0016T3GQ0_2021-03-10
2021-06-08 00:53:39 35      VCEL_BBG000BDCM24_2021-03-10
2021-06-08 00:53:39 36      VCRA_BBG00179VSY7_2021-03-10
2021-06-08 00:53:39 38      VCYT_BBG001J2M542_2021-03-10
2021-06-08 00:53:39 39      VEEV_BBG001CGB489_2021-03-10
2021-06-08 00:53:39 41      VEON_BBG000QCW561_2021-03-10
2021-06-08 00:53:39 44      VFC_BBG000BWCKB6_2021-03-10
2021-06-08 00:53:39 48      VG_BBG000BRB5D9_2021-03-10
2021-06-08 00:53:39 50      VIAC_BBG000C496P7_2021-03-10
2021-06-08 00:53:39 56      VICR_BBG000C3VHF1_2021-03-10
2021-06-08 00:53:39 57      VIE_BBG00K6P5XM1_2021-03-10
2021-06-08 00:53:39 58      VIPS_BBG002NLDLV8_2021-03-10
2021-06-08 00:53:39 61      VIR_BBG00H2QQ8T5_2021-03-10
2021-06-08 00:53:39 63      VLO_BBG000BBGGQ1_2021-03-10
2021-06-08 00:53:39 66      VMC_BBG000BWGYF8_2021-03-10
2021-06-08 00:53:39 67      VMI_BBG000BWB7V4_2021-03-10
2021-06-08 00:53:39 68      VMW_BBG000BC9938_2021-03-10
2021-06-08 00:53:39 69      VNDA_BBG000HT5MG6_2021-03-10
2021-06-08 00:53:39 70      VNE_BBG00K4MPP27_2021-03-10
2021-06-08 00:53:39 71      VNO_BBG000BWHD54_2021-03-10
2021-06-08 00:53:39 72      VNT_BBG00RRGSJR4_2021-03-10
2021-06-08 00:53:39 73      VPG_BBG000PRQ0V9_2021-03-10
2021-06-08 00:53:39 74      VREX_BBG00CZNLR47_2021-03-10
2021-06-08 00:53:39 75      VRNS_BBG001Y04TN6_2021-03-10
2021-06-08 00:53:39 76      VRNT_BBG000BCBYT2_2021-03-10
2021-06-08 00:53:39 77      VRSK_BBG000BCZL41_2021-03-10
2021-06-08 00:53:39 79      VRSN_BBG000BGKHZ3_2021-03-10
2021-06-08 00:53:39 81      VRTS_BBG000DMFQS2_2021-03-10
2021-06-08 00:53:39 82      VRTV_BBG005XZHR97_2021-03-10
2021-06-08 00:53:39 83      VRTX_BBG000C1S2X2_2021-03-10
2021-06-08 00:53:39 86      VTR_BBG000FRVHB9_2021-03-10
2021-06-08 00:53:39 88      VTRS_BBG00Y4RQNH4_2021-03-10
2021-06-08 00:53:39 91      VZ_BBG000HS77T5_2021-03-10
2021-06-08 00:53:39 96      W_BBG001B17MV2_2021-03-10
2021-06-08 00:53:39 99      WAB_BBG000BDD940_2021-03-10
2021-06-08 00:53:40 00      WAL_BBG000Q1KFH4_2021-03-10
2021-06-08 00:53:40 02      WAT_BBG000FQRVM3_2021-03-10
2021-06-08 00:53:40 03      WB_BBG0065XPGX9_2021-03-10
2021-06-08 00:53:40 04      WBA_BBG000BWLMJ4_2021-03-10
2021-06-08 00:53:40 09      WCC_BBG000D0FNV3_2021-03-10
2021-06-08 00:53:40 10      WDAY_BBG000VC0T95_2021-03-10
2021-06-08 00:53:40 13      WDC_BBG000BWNFZ9_2021-03-10
2021-06-08 00:53:40 17      WDFC_BBG000BWNV93_2021-03-10
2021-06-08 00:53:40 19      WEC_BBG000BWP7D9_2021-03-10
2021-06-08 00:53:40 20      WELL_BBG000BKY1G5_2021-03-10
2021-06-08 00:53:40 22      WERN_BBG000BWPP85_2021-03-10
2021-06-08 00:53:40 24      WEX_BBG000BVZP59_2021-03-10
2021-06-08 00:53:40 25      WFC_BBG000BWQFY7_2021-03-10
2021-06-08 00:53:40 33      WGO_BBG000BWS3F3_2021-03-10
2021-06-08 00:53:40 33      WH_BBG00HCY3Q67_2021-03-10
2021-06-08 00:53:40 35      WHD_BBG00JRH1P95_2021-03-10
2021-06-08 00:53:40 37      WHR_BBG000BWSV34_2021-03-10
2021-06-08 00:53:40 38      WING_BBG008N298Y8_2021-03-10
2021-06-08 00:53:40 39      WK_BBG007BVZ8H9_2021-03-10
2021-06-08 00:53:40 40      WLK_BBG000PXZFW2_2021-03-10
2021-06-08 00:53:40 41      WLTW_BBG000DB3KT1_2021-03-10
2021-06-08 00:53:40 42      WM_BBG000BWVSR1_2021-03-10
2021-06-08 00:53:40 45      WMB_BBG000BWVCP8_2021-03-10
2021-06-08 00:53:40 47      WMT_BBG000BWXBC2_2021-03-10
2021-06-08 00:53:40 54      WOR_BBG000HL7499_2021-03-10
2021-06-08 00:53:40 54      WORK_BBG007G7V505_2021-03-10
2021-06-08 00:53:40 56      WRB_BBG000BD1HP2_2021-03-10
2021-06-08 00:53:40 57      WRK_BBG008NXC572_2021-03-10
2021-06-08 00:53:40 59      WRLD_BBG000C3G9J2_2021-03-10
2021-06-08 00:53:40 59      WSC_BBG00B0FS947_2021-03-10
2021-06-08 00:53:40 61      WSM_BBG000FSMWC3_2021-03-10
2021-06-08 00:53:40 62      WSO_BBG000DJN7L9_2021-03-10
2021-06-08 00:53:40 63      WST_BBG000BX24N8_2021-03-10
2021-06-08 00:53:40 64      WTFC_BBG000HD3DW5_2021-03-10
2021-06-08 00:53:40 65      WTS_BBG000C4Z6C2_2021-03-10
2021-06-08 00:53:40 66      WTTR_BBG00G4Y2DC1_2021-03-10
2021-06-08 00:53:40 67      WU_BBG000BB5373_2021-03-10
2021-06-08 00:53:40 69      WWD_BBG000BD53V2_2021-03-10
2021-06-08 00:53:40 70      WWE_BBG000F5YH15_2021-03-10
2021-06-08 00:53:40 71      WWW_BBG000BX2YN2_2021-03-10
2021-06-08 00:53:40 72      WY_BBG000BX3BL3_2021-03-10
2021-06-08 00:53:40 74      WYNN_BBG000LD9JQ8_2021-03-10
2021-06-08 00:53:40 76      XEC_BBG000D6L294_2021-03-10
2021-06-08 00:53:40 77      XEL_BBG000BCTQ65_2021-03-10
2021-06-08 00:53:40 80      XLNX_BBG000C0F570_2021-03-10
2021-06-08 00:53:40 83      XLRN_BBG000R5HWZ1_2021-03-10
2021-06-08 00:53:40 84      XNCR_BBG0026ZG4W0_2021-03-10
2021-06-08 00:53:40 85      XOM_BBG000GZQ728_2021-03-10
2021-06-08 00:53:40 93      XPO_BBG000L5CJF3_2021-03-10
2021-06-08 00:53:40 94      XRAY_BBG000BX57K1_2021-03-10
2021-06-08 00:53:40 97      XRX_BBG00NNG2ZJ8_2021-03-10
2021-06-08 00:53:40 98      XYL_BBG001D8R5D0_2021-03-10
2021-06-08 00:53:41 00      Y_BBG000BX6BJ3_2021-03-10
2021-06-08 00:53:41 00      YELP_BBG000Q2HM09_2021-03-10
2021-06-08 00:53:41 01      YETI_BBG00D8JC882_2021-03-10
2021-06-08 00:53:41 02      YEXT_BBG001MKZGY7_2021-03-10
2021-06-08 00:53:41 03      YUM_BBG000BH3GZ2_2021-03-10
2021-06-08 00:53:41 06      YUMC_BBG00B8N0HG1_2021-03-10
2021-06-08 00:53:41 07      YY_BBG003H0XV18_2021-03-10
2021-06-08 00:53:41 08      Z_BBG009NRSWJ4_2021-03-10
2021-06-08 00:53:41 13      ZBH_BBG000BKPL53_2021-03-10
2021-06-08 00:53:41 14      ZBRA_BBG000CC7LQ7_2021-03-10
2021-06-08 00:53:41 16      ZEN_BBG001HRFJG4_2021-03-10
2021-06-08 00:53:41 17      ZG_BBG000D13GN8_2021-03-10
2021-06-08 00:53:41 20      ZGNX_BBG000VDC3G9_2021-03-10
2021-06-08 00:53:41 23      ZI_BBG00S1HJ3M8_2021-03-10
2021-06-08 00:53:41 24      ZION_BBG000BX9WL1_2021-03-10
2021-06-08 00:53:41 27      ZM_BBG0042V6JM8_2021-03-10
2021-06-08 00:53:41 35      ZNH_BBG000BXQ7R1_2021-03-10
2021-06-08 00:53:41 36      ZS_BBG003338H34_2021-03-10
2021-06-08 00:53:41 41      ZTS_BBG0039320N9_2021-03-10
2021-06-08 00:53:41 42      ZUMZ_BBG000PYX812_2021-03-10
2021-06-08 00:53:41 44      ZUO_BBG000BT3HG5_2021-03-10
2021-06-08 00:53:41 45      ZYNE_BBG007BBS8B7_2021-03-10
2021-06-08 00:53:41 53      ZYXI_BBG000BJBXZ2_2021-03-10
2021-06-08 00:53:41 56      Total candles read: 5891375
2021-06-08 00:53:41 57      Start DisposeAsync...
2021-06-08 00:53:41 57      Trade statistic. Total/Pos/Neg: 5/4/0; Profit: 24.73; Volume: 0; MaxVolume: 1146.88; Commission: 1.629045;
2021-06-08 00:53:41 57      BaseBot::DisposeAsync...
2021-06-08 00:53:41 57      BaseBot::DisposeAsync done!
2021-06-08 00:53:41 57      End DisposeAsync...
