2021-06-08 00:53:45 37      mode=TestTradeBot;DumpQuotes=false;SubscribeQuotes=false;Strategies=MorningOpenStrategy;Token=token.txt;ConfigPath=usd.json;OutputFolder=.\test\;CandlesPath=C:\tinkoff\TestData\RawQuotes\5m\uncompressed\quotes_2021-03-24;
2021-06-08 00:53:45 38      Trade bot created
2021-06-08 00:53:45 41      Fake connection created
2021-06-08 00:53:46 15      List of disabled tickers: 
2021-06-08 00:53:46 17      A_BBG000C2V3D6_2021-03-24
2021-06-08 00:53:46 24      AA_BBG00B3T3HD3_2021-03-24
2021-06-08 00:53:46 31      AAL_BBG005P7Q881_2021-03-24
2021-06-08 00:53:46 45      AAN_BBG00WCNDCZ6_2021-03-24
2021-06-08 00:53:46 46      AAON_BBG000C2LZP3_2021-03-24
2021-06-08 00:53:46 47      AAP_BBG000F7RCJ1_2021-03-24
2021-06-08 00:53:46 49      AAPL_BBG000B9XRY4_2021-03-24
2021-06-08 00:53:46 84      ABBV_BBG0025Y4RY4_2021-03-24
2021-06-08 00:53:46 89      ABC_BBG000MDCQC2_2021-03-24
2021-06-08 00:53:46 90      ABG_BBG000BKDWB5_2021-03-24
2021-06-08 00:53:46 93      ABMD_BBG000C101X4_2021-03-24
2021-06-08 00:53:46 94      ABNB_BBG001Y2XS07_2021-03-24
2021-06-08 00:53:46 98      ABT_BBG000B9ZXB4_2021-03-24
2021-06-08 00:53:47 02      ACAD_BBG000BHG9K0_2021-03-24
2021-06-08 00:53:47 04      ACH_BBG000CMRVH1_2021-03-24
2021-06-08 00:53:47 05      ACH: BuyPending. Strategy: MorningOpenStrategy. Price: 10.27. Lots: 24. ChangeOpenToCurrent: -2.10. ChangePrevCloseToCurrent: -3.48. Candle: ID:9, Time: 7:00, Close: 10.27.
2021-06-08 00:53:47 05      ACH: OrderID: d90a20c6. PlacedOrder. Status: New. RejectReason: 
2021-06-08 00:53:47 05      ACH: OrderID: d90a20c6 partially executed. Executed lots: 8. OrderStatus: 8/24 lots
2021-06-08 00:53:47 06      ACH: OrderID: d90a20c6 fully executed
2021-06-08 00:53:47 06      ACH: Morning closing by timeout. Close price: 10.09. Lots: 24. Profit: -0.18(-1.75%). Candle: ID:239, Time: 7:20, Close: 10.09
2021-06-08 00:53:47 06      ACH: OrderID: db0e89dd. PlacedOrder. Status: New. RejectReason: 
2021-06-08 00:53:47 06      ACH: OrderID: db0e89dd fully executed
2021-06-08 00:53:47 07      Exception happened while copiyng file. Error: Could not find a part of the path 'C:\tinkoff\Configuration\test\ACH_BBG000CMRVH1_2021-03-24.csv'.
2021-06-08 00:53:47 08      ACM_BBG000F61RJ8_2021-03-24
2021-06-08 00:53:47 09      ACMR_BBG00HPSG933_2021-03-24
2021-06-08 00:53:47 10      ACN_BBG000D9D830_2021-03-24
2021-06-08 00:53:47 12      ADBE_BBG000BB5006_2021-03-24
2021-06-08 00:53:47 24      ADM_BBG000BB6WG8_2021-03-24
2021-06-08 00:53:47 27      ADP_BBG000JG0547_2021-03-24
2021-06-08 00:53:47 30      ADPT_BBG001J2PFF5_2021-03-24
2021-06-08 00:53:47 33      ADS_BBG000BFNR17_2021-03-24
2021-06-08 00:53:47 34      ADSK_BBG000BM7HL0_2021-03-24
2021-06-08 00:53:47 37      ADUS_BBG000NJGX84_2021-03-24
2021-06-08 00:53:47 38      AEE_BBG000B9X8C0_2021-03-24
2021-06-08 00:53:47 40      AEIS_BBG000FKMP26_2021-03-24
2021-06-08 00:53:47 41      AEO_BBG000BGXZB5_2021-03-24
2021-06-08 00:53:47 44      AERI_BBG001KJ7WJ5_2021-03-24
2021-06-08 00:53:47 45      AES_BBG000C23KJ3_2021-03-24
2021-06-08 00:53:47 47      AFG_BBG000DPKKK0_2021-03-24
2021-06-08 00:53:47 48      AFL_BBG000BBBNC6_2021-03-24
2021-06-08 00:53:47 50      AGCO_BBG000DCCZW2_2021-03-24
2021-06-08 00:53:47 51      AGIO_BBG000QY4ZD0_2021-03-24
2021-06-08 00:53:47 53      AIG_BBG000BBDZG3_2021-03-24
2021-06-08 00:53:47 55      AIR_BBG000BBGQF1_2021-03-24
2021-06-08 00:53:47 56      AIRC_BBG00XK3WVD0_2021-03-24
2021-06-08 00:53:47 57      AIT_BBG000BBHHP9_2021-03-24
2021-06-08 00:53:47 58      AIV_BBG000DD3510_2021-03-24
2021-06-08 00:53:47 59      AIV: BuyPending. Strategy: MorningOpenStrategy. Price: 5.69. Lots: 43. ChangeOpenToCurrent: -4.05. ChangePrevCloseToCurrent: -0.70. Candle: ID:10, Time: 7:00, Close: 5.69.
2021-06-08 00:53:47 59      AIV: OrderID: 4ecda9b6. PlacedOrder. Status: New. RejectReason: 
2021-06-08 00:53:47 59      AIV: OrderID: 4ecda9b6 partially executed. Executed lots: 17. OrderStatus: 17/43 lots
2021-06-08 00:53:47 59      AIV: OrderID: 4ecda9b6 fully executed
2021-06-08 00:53:47 59      AIV: Morning closing. Close price: 5.8. Lots: 43. CandleChange: -0.17%. ChangeFromCandleHigh: -0.17%. Profit: 0.11(1.93%). Candle: ID:79, Time: 7:15, Close: 5.8
2021-06-08 00:53:47 59      AIV: OrderID: 4b1a3d04. PlacedOrder. Status: New. RejectReason: 
2021-06-08 00:53:47 59      AIV: OrderID: 4b1a3d04 partially executed. Executed lots: 1. OrderStatus: 1/43 lots
2021-06-08 00:53:47 59      AIV: OrderID: 4b1a3d04 partially executed. Executed lots: 4. OrderStatus: 5/43 lots
2021-06-08 00:53:47 59      AIV: OrderID: 4b1a3d04 partially executed. Executed lots: 35. OrderStatus: 40/43 lots
2021-06-08 00:53:47 59      AIV: OrderID: 4b1a3d04 partially executed. Executed lots: 1. OrderStatus: 41/43 lots
2021-06-08 00:53:47 59      AIV: OrderID: 4b1a3d04 fully executed
2021-06-08 00:53:47 59      Exception happened while copiyng file. Error: Could not find a part of the path 'C:\tinkoff\Configuration\test\AIV_BBG000DD3510_2021-03-24.csv'.
2021-06-08 00:53:47 60      AIZ_BBG000BZX1N5_2021-03-24
2021-06-08 00:53:47 61      AJG_BBG000BBHXQ3_2021-03-24
2021-06-08 00:53:47 62      AJRD_BBG000BKRHQ7_2021-03-24
2021-06-08 00:53:47 63      AKAM_BBG000BJQWD2_2021-03-24
2021-06-08 00:53:47 66      ALB_BBG000BJ26K7_2021-03-24
2021-06-08 00:53:47 67      ALGN_BBG000BRNLL2_2021-03-24
2021-06-08 00:53:47 69      ALGT_BBG000LJS6B8_2021-03-24
2021-06-08 00:53:47 70      ALK_BBG000BBL0Y1_2021-03-24
2021-06-08 00:53:47 71      ALL_BBG000BVMGF2_2021-03-24
2021-06-08 00:53:47 73      ALLE_BBG003PS7JV1_2021-03-24
2021-06-08 00:53:47 75      ALLK_BBG003QBJKN0_2021-03-24
2021-06-08 00:53:47 76      ALLO_BBG00KHRRDX3_2021-03-24
2021-06-08 00:53:47 77      ALLY_BBG000BC2R71_2021-03-24
2021-06-08 00:53:47 79      ALNY_BBG000BFGNJ5_2021-03-24
2021-06-08 00:53:47 81      ALRM_BBG007GNPYY7_2021-03-24
2021-06-08 00:53:47 82      ALSN_BBG001KY3845_2021-03-24
2021-06-08 00:53:47 84      ALTR_BBG000PN9NB9_2021-03-24
2021-06-08 00:53:47 85      ALXN_BBG000G30YX4_2021-03-24
2021-06-08 00:53:47 87      AMAT_BBG000BBPFB9_2021-03-24
2021-06-08 00:53:47 97      AMAT: BuyPending. Strategy: MorningOpenStrategy. Price: 118.61. Lots: 2. ChangeOpenToCurrent: -1.58. ChangePrevCloseToCurrent: -2.10. Candle: ID:17, Time: 7:00, Close: 118.61.
2021-06-08 00:53:47 97      AMAT: OrderID: 356b0f34. PlacedOrder. Status: New. RejectReason: 
2021-06-08 00:53:47 97      AMAT: Cancel order. Did not bought at market open. Candle: ID:30, Time: 7:05, Close: 120.38
2021-06-08 00:53:47 97      OrderID: 356b0f34 successfully canceled
2021-06-08 00:53:48 03      AMCX_BBG000H01H92_2021-03-24
2021-06-08 00:53:48 05      AMD_BBG000BBQCY0_2021-03-24
2021-06-08 00:53:48 26      AME_BBG000B9XG87_2021-03-24
2021-06-08 00:53:48 28      AMED_BBG000B9ZV28_2021-03-24
2021-06-08 00:53:48 29      AMG_BBG000C060M4_2021-03-24
2021-06-08 00:53:48 30      AMGN_BBG000BBS2Y0_2021-03-24
2021-06-08 00:53:48 35      AMN_BBG000BCT197_2021-03-24
2021-06-08 00:53:48 36      AMP_BBG000G3QLY3_2021-03-24
2021-06-08 00:53:48 37      AMT_BBG000B9XYV2_2021-03-24
2021-06-08 00:53:48 42      AMWD_BBG000BBX657_2021-03-24
2021-06-08 00:53:48 43      AMZN_BBG000BVPV84_2021-03-24
2021-06-08 00:53:48 54      AN_BBG000BBXLW4_2021-03-24
2021-06-08 00:53:48 55      ANAB_BBG0026ZDHR0_2021-03-24
2021-06-08 00:53:48 56      ANDE_BBG000BF8CN3_2021-03-24
2021-06-08 00:53:48 58      ANET_BBG000N2HDY5_2021-03-24
2021-06-08 00:53:48 60      ANF_BBG000H9G7X2_2021-03-24
2021-06-08 00:53:48 62      ANGI_BBG00HVKH3Q0_2021-03-24
2021-06-08 00:53:48 64      ANIK_BBG000BBKZD8_2021-03-24
2021-06-08 00:53:48 65      ANIP_BBG000KK1L04_2021-03-24
2021-06-08 00:53:48 66      ANSS_BBG000GXZ4W7_2021-03-24
2021-06-08 00:53:48 68      ANTM_BBG000BCG930_2021-03-24
2021-06-08 00:53:48 70      AON_BBG00SSQFPK6_2021-03-24
2021-06-08 00:53:48 72      AOS_BBG000BC1L02_2021-03-24
2021-06-08 00:53:48 74      AOUT_BBG00QV8FS02_2021-03-24
2021-06-08 00:53:48 75      APA_BBG00YTS96G2_2021-03-24
2021-06-08 00:53:48 78      APD_BBG000BC4JJ4_2021-03-24
2021-06-08 00:53:48 79      APEI_BBG000RVD346_2021-03-24
2021-06-08 00:53:48 80      APH_BBG000B9YJ35_2021-03-24
2021-06-08 00:53:48 82      APLE_BBG006473QX9_2021-03-24
2021-06-08 00:53:48 83      APLT_BBG000DD0489_2021-03-24
2021-06-08 00:53:48 84      APPF_BBG008GC8CP6_2021-03-24
2021-06-08 00:53:48 85      APPN_BBG001C7PMJ2_2021-03-24
2021-06-08 00:53:48 87      APPS_BBG000HZ3562_2021-03-24
2021-06-08 00:53:48 96      APTV_BBG001QD41M9_2021-03-24
2021-06-08 00:53:48 97      ARCC_BBG000PD6X77_2021-03-24
2021-06-08 00:53:48 99      ARCT_BBG00NNW8JK1_2021-03-24
2021-06-08 00:53:49 03      ARE_BBG000BC33T9_2021-03-24
2021-06-08 00:53:49 04      ARMK_BBG001KY4N87_2021-03-24
2021-06-08 00:53:49 07      ARNA_BBG000BKXBV7_2021-03-24
2021-06-08 00:53:49 09      ARNC_BBG00R45JYB7_2021-03-24
2021-06-08 00:53:49 10      ARQT_BBG00QN8K4M4_2021-03-24
2021-06-08 00:53:49 11      ARVN_BBG00LW7YK82_2021-03-24
2021-06-08 00:53:49 12      ARW_BBG000BCD3D5_2021-03-24
2021-06-08 00:53:49 14      ARWR_BBG000BRVKH0_2021-03-24
2021-06-08 00:53:49 15      ASGN_BBG000CRN8N8_2021-03-24
2021-06-08 00:53:49 16      ASH_BBG00D0Y81M1_2021-03-24
2021-06-08 00:53:49 17      ASIX_BBG00CWTTQ41_2021-03-24
2021-06-08 00:53:49 18      ATEX_BBG0081NLHR0_2021-03-24
2021-06-08 00:53:49 19      ATGE_BBG000DQBZJ7_2021-03-24
2021-06-08 00:53:49 20      ATKR_BBG000QTFDQ4_2021-03-24
2021-06-08 00:53:49 21      ATR_BBG000BGX2S0_2021-03-24
2021-06-08 00:53:49 22      ATRA_BBG005Q3MQY4_2021-03-24
2021-06-08 00:53:49 26      ATRC_BBG000BL6CB5_2021-03-24
2021-06-08 00:53:49 27      ATRI_BBG000DTT624_2021-03-24
2021-06-08 00:53:49 28      ATRO_BBG000BCLBY5_2021-03-24
2021-06-08 00:53:49 29      ATUS_BBG00GFMPRK0_2021-03-24
2021-06-08 00:53:49 31      ATVI_BBG000CVWGS6_2021-03-24
2021-06-08 00:53:49 36      AVAV_BBG000GX14P2_2021-03-24
2021-06-08 00:53:49 37      AVB_BBG000BLPBL5_2021-03-24
2021-06-08 00:53:49 40      AVGO_BBG00KHY5S69_2021-03-24
2021-06-08 00:53:49 45      AVLR_BBG000R4Y9C1_2021-03-24
2021-06-08 00:53:49 47      AVNS_BBG005L86G05_2021-03-24
2021-06-08 00:53:49 48      AVNT_BBG000C8NJ10_2021-03-24
2021-06-08 00:53:49 49      AVTR_BBG00G2HHYD7_2021-03-24
2021-06-08 00:53:49 51      AVY_BBG000BCQ4P6_2021-03-24
2021-06-08 00:53:49 52      AWI_BBG000DW4LB1_2021-03-24
2021-06-08 00:53:49 54      AWK_BBG000TRJ294_2021-03-24
2021-06-08 00:53:49 55      AWR_BBG000F964B6_2021-03-24
2021-06-08 00:53:49 56      AX_BBG000QPHD08_2021-03-24
2021-06-08 00:53:49 58      AXGN_BBG000BN46R9_2021-03-24
2021-06-08 00:53:49 58      AXP_BBG000BCQZS4_2021-03-24
2021-06-08 00:53:49 62      AXSM_BBG00B6G7GL7_2021-03-24
2021-06-08 00:53:49 64      AYI_BBG000BJ5HK0_2021-03-24
2021-06-08 00:53:49 65      AYX_BBG000BGZT72_2021-03-24
2021-06-08 00:53:49 69      AZO_BBG000C7LMS8_2021-03-24
2021-06-08 00:53:49 71      AZPN_BBG000DFMXT3_2021-03-24
2021-06-08 00:53:49 72      BA_BBG000BCSST7_2021-03-24
2021-06-08 00:53:49 78      BA: SPYKE!. Candle: ID:4, Time: 4:00, Close: 255.75
2021-06-08 00:53:49 82      BABA_BBG006G2JVL2_2021-03-24
2021-06-08 00:53:49 99      BAC_BBG000BCTLF6_2021-03-24
2021-06-08 00:53:50 07      BAH_BBG000R2YFG7_2021-03-24
2021-06-08 00:53:50 08      BAND_BBG001K003W2_2021-03-24
2021-06-08 00:53:50 11      BAX_BBG000BCVJ77_2021-03-24
2021-06-08 00:53:50 13      BBIO_BBG00P9KDZK6_2021-03-24
2021-06-08 00:53:50 14      BBIO: SPYKE!. Candle: ID:19, Time: 12:55, Close: 67.88
2021-06-08 00:53:50 15      BBSI_BBG000BHJSC4_2021-03-24
2021-06-08 00:53:50 16      BBY_BBG000BCWCG1_2021-03-24
2021-06-08 00:53:50 19      BC_BBG000BCWSS3_2021-03-24
2021-06-08 00:53:50 20      BCO_BBG000DR5QP5_2021-03-24
2021-06-08 00:53:50 20      BCO: SPYKE!. Candle: ID:5, Time: 13:30, Close: 78.1
2021-06-08 00:53:50 21      BCPC_BBG000BCY878_2021-03-24
2021-06-08 00:53:50 22      BDC_BBG000Q4XNV1_2021-03-24
2021-06-08 00:53:50 23      BDTX_BBG00MS4Y0W9_2021-03-24
2021-06-08 00:53:50 25      BDX_BBG000BCZYD3_2021-03-24
2021-06-08 00:53:50 26      BECN_BBG000BKTXF2_2021-03-24
2021-06-08 00:53:50 28      BEN_BBG000BD0TF8_2021-03-24
2021-06-08 00:53:50 31      BERY_BBG000Q1R1Y9_2021-03-24
2021-06-08 00:53:50 32      BF.B_BBG000BD2NY8_2021-03-24
2021-06-08 00:53:50 33      BFAM_BBG003LFWP05_2021-03-24
2021-06-08 00:53:50 34      BFYT_BBG003QRSQD3_2021-03-24
2021-06-08 00:53:50 34      BGS_BBG000RKXRQ1_2021-03-24
2021-06-08 00:53:50 35      BH_BBG00JPRDQH1_2021-03-24
2021-06-08 00:53:50 36      BHF_BBG00DYPZ4T0_2021-03-24
2021-06-08 00:53:50 38      BIDU_BBG000QXWHD1_2021-03-24
2021-06-08 00:53:50 47      BIDU: BuyPending. Strategy: MorningOpenStrategy. Price: 257.92. Lots: 1. ChangeOpenToCurrent: -0.80. ChangePrevCloseToCurrent: -2.01. Candle: ID:72, Time: 7:00, Close: 257.92.
2021-06-08 00:53:50 47      BIDU: OrderID: 831eaf44. PlacedOrder. Status: New. RejectReason: 
2021-06-08 00:53:50 47      BIDU: OrderID: 831eaf44 fully executed
2021-06-08 00:53:50 47      BIDU: Morning closing by timeout. Close price: 258.52. Lots: 1. Profit: 0.60(0.23%). Candle: ID:330, Time: 7:20, Close: 258.52
2021-06-08 00:53:50 47      BIDU: OrderID: 096687ec. PlacedOrder. Status: New. RejectReason: 
2021-06-08 00:53:50 47      BIDU: OrderID: 096687ec fully executed
2021-06-08 00:53:50 53      Exception happened while copiyng file. Error: Could not find a part of the path 'C:\tinkoff\Configuration\test\BIDU_BBG000QXWHD1_2021-03-24.csv'.
2021-06-08 00:53:50 54      BIG_BBG000J0D904_2021-03-24
2021-06-08 00:53:50 57      BIIB_BBG000C17X76_2021-03-24
2021-06-08 00:53:50 59      BILI_BBG00K7T3037_2021-03-24
2021-06-08 00:53:50 71      BILL_BBG00QVJV6V4_2021-03-24
2021-06-08 00:53:50 72      BIO_BBG000DY28W5_2021-03-24
2021-06-08 00:53:50 73      BJRI_BBG000H9LNX1_2021-03-24
2021-06-08 00:53:50 74      BK_BBG000BD8PN9_2021-03-24
2021-06-08 00:53:50 78      BKI_BBG00GX77LW3_2021-03-24
2021-06-08 00:53:50 79      BKNG_BBG000BLBVN4_2021-03-24
2021-06-08 00:53:50 81      BKR_BBG00GBVBK51_2021-03-24
2021-06-08 00:53:50 84      BL_BBG0029KJVB0_2021-03-24
2021-06-08 00:53:50 85      BLD_BBG0077VS2C0_2021-03-24
2021-06-08 00:53:50 86      BLDR_BBG000BKD3K9_2021-03-24
2021-06-08 00:53:50 90      BLK_BBG000C2PW58_2021-03-24
2021-06-08 00:53:50 91      BLKB_BBG000BGGTW5_2021-03-24
2021-06-08 00:53:50 93      BLL_BBG000BDDNH5_2021-03-24
2021-06-08 00:53:50 95      BLUE_BBG000QGWY50_2021-03-24
2021-06-08 00:53:50 99      BMI_BBG000BDGHD9_2021-03-24
2021-06-08 00:53:51 00      BMRN_BBG000CZWZ05_2021-03-24
2021-06-08 00:53:51 03      BMY_BBG000DQLV23_2021-03-24
2021-06-08 00:53:51 06      BOH_BBG000C8D8G9_2021-03-24
2021-06-08 00:53:51 07      BOKF_BBG000CFZ003_2021-03-24
2021-06-08 00:53:51 08      BOOT_BBG0077SYZV6_2021-03-24
2021-06-08 00:53:51 09      BOX_BBG000PMSK08_2021-03-24
2021-06-08 00:53:51 12      BPMC_BBG001MC8YF7_2021-03-24
2021-06-08 00:53:51 13      BR_BBG000PPFKQ7_2021-03-24
2021-06-08 00:53:51 15      BRC_BBG000BDNV95_2021-03-24
2021-06-08 00:53:51 16      BRK.B_BBG000DWG505_2021-03-24
2021-06-08 00:53:51 21      BRKR_BBG000CL1FG7_2021-03-24
2021-06-08 00:53:51 22      BRO_BBG000BWSGF4_2021-03-24
2021-06-08 00:53:51 23      BSX_BBG000C0LW92_2021-03-24
2021-06-08 00:53:51 26      BTAI_BBG00K20GVD2_2021-03-24
2021-06-08 00:53:51 27      BTI_BBG000BWPXQ8_2021-03-24
2021-06-08 00:53:51 31      BUD_BBG000RYC984_2021-03-24
2021-06-08 00:53:51 31      BUD: SPYKE!. Candle: ID:9, Time: 7:10, Close: 57
2021-06-08 00:53:51 32      BURL_BBG004S641N5_2021-03-24
2021-06-08 00:53:51 33      BWA_BBG000BJ49H3_2021-03-24
2021-06-08 00:53:51 36      BWXT_BBG000D86F25_2021-03-24
2021-06-08 00:53:51 36      BX_BBG000BH0106_2021-03-24
2021-06-08 00:53:51 39      BXP_BBG000BS5CM9_2021-03-24
2021-06-08 00:53:51 40      BYND_BBG003CVJP50_2021-03-24
2021-06-08 00:53:51 44      BZUN_BBG008HNS333_2021-03-24
2021-06-08 00:53:51 47      C_BBG000FY4S11_2021-03-24
2021-06-08 00:53:51 55      CABO_BBG000F02T51_2021-03-24
2021-06-08 00:53:51 56      CACC_BBG000CS0D96_2021-03-24
2021-06-08 00:53:51 57      CAG_BBG000BDXGP9_2021-03-24
2021-06-08 00:53:51 59      CAH_BBG000D898T9_2021-03-24
2021-06-08 00:53:51 61      CALM_BBG000CDMJW6_2021-03-24
2021-06-08 00:53:51 63      CARA_BBG001J2QYS9_2021-03-24
2021-06-08 00:53:51 63      CARG_BBG00HQ77DS2_2021-03-24
2021-06-08 00:53:51 65      CARR_BBG00RP5HYS8_2021-03-24
2021-06-08 00:53:51 70      CARS_BBG000HGTH33_2021-03-24
2021-06-08 00:53:51 70      CARS: SPYKE!. Candle: ID:784, Time: 22:40, Close: 12.3
2021-06-08 00:53:51 71      CASY_BBG000BF0672_2021-03-24
2021-06-08 00:53:51 72      CAT_BBG000BF0K17_2021-03-24
2021-06-08 00:53:51 76      CB_BBG000BR14K5_2021-03-24
2021-06-08 00:53:51 78      CBRE_BBG000C04224_2021-03-24
2021-06-08 00:53:51 81      CBRL_BBG000BF33K1_2021-03-24
2021-06-08 00:53:51 82      CBSH_BBG000BF3G77_2021-03-24
2021-06-08 00:53:51 83      CBU_BBG000BF4D19_2021-03-24
2021-06-08 00:53:51 84      CCI_BBG000FV1Z23_2021-03-24
2021-06-08 00:53:51 85      CCK_BBG000BF6756_2021-03-24
2021-06-08 00:53:51 86      CCL_BBG000BF6LY3_2021-03-24
2021-06-08 00:53:52 05      CCOI_BBG000D0SMY8_2021-03-24
2021-06-08 00:53:52 06      CCXI_BBG000PTSB12_2021-03-24
2021-06-08 00:53:52 08      CDK_BBG006B6PVN9_2021-03-24
2021-06-08 00:53:52 10      CDLX_BBG00225ZDD0_2021-03-24
2021-06-08 00:53:52 11      CDNA_BBG006JS5785_2021-03-24
2021-06-08 00:53:52 13      CDNS_BBG000C13CD9_2021-03-24
2021-06-08 00:53:52 18      CDW_BBG001P63B80_2021-03-24
2021-06-08 00:53:52 21      CE_BBG000JYP7L8_2021-03-24
2021-06-08 00:53:52 22      CEA_BBG000BCFNR4_2021-03-24
2021-06-08 00:53:52 23      CENT_BBG000BFD605_2021-03-24
2021-06-08 00:53:52 24      CENTA_BBG000KTYB56_2021-03-24
2021-06-08 00:53:52 25      CERN_BBG000BFDLV8_2021-03-24
2021-06-08 00:53:52 28      CEVA_BBG000BN3P07_2021-03-24
2021-06-08 00:53:52 28      CF_BBG000BWJFZ4_2021-03-24
2021-06-08 00:53:52 30      CFG_BBG006Q0HY77_2021-03-24
2021-06-08 00:53:52 33      CFR_BBG000C2PL98_2021-03-24
2021-06-08 00:53:52 34      CFX_BBG000C5Z443_2021-03-24
2021-06-08 00:53:52 36      CGEN_BBG000B9ZLB0_2021-03-24
2021-06-08 00:53:52 39      CGNX_BBG000BPBVW5_2021-03-24
2021-06-08 00:53:52 40      CHD_BBG000BFJT36_2021-03-24
2021-06-08 00:53:52 42      CHDN_BBG000BGXMG9_2021-03-24
2021-06-08 00:53:52 43      CHE_BBG000C19QW1_2021-03-24
2021-06-08 00:53:52 44      CHEF_BBG001MFW6D6_2021-03-24
2021-06-08 00:53:52 45      CHGG_BBG0014XR0N5_2021-03-24
2021-06-08 00:53:52 47      CHH_BBG000BPBTL2_2021-03-24
2021-06-08 00:53:52 48      CHKP_BBG000K82ZT8_2021-03-24
2021-06-08 00:53:52 51      CHNG_BBG0059KNH10_2021-03-24
2021-06-08 00:53:52 52      CHRW_BBG000BTCH57_2021-03-24
2021-06-08 00:53:52 55      CHTR_BBG000VPGNR2_2021-03-24
2021-06-08 00:53:52 57      CHWY_BBG00P19DKZ6_2021-03-24
2021-06-08 00:53:52 61      CHX_BBG00JH9TZ56_2021-03-24
2021-06-08 00:53:52 63      CI_BBG00KXRCDP0_2021-03-24
2021-06-08 00:53:52 66      CIEN_BBG000BP1152_2021-03-24
2021-06-08 00:53:52 68      CINF_BBG000BFPK65_2021-03-24
2021-06-08 00:53:52 70      CL_BBG000BFQYY3_2021-03-24
2021-06-08 00:53:52 73      CLDR_BBG000DRJFC8_2021-03-24
2021-06-08 00:53:52 75      CLDT_BBG000PT6BR8_2021-03-24
2021-06-08 00:53:52 76      CLF_BBG000BFRF55_2021-03-24
2021-06-08 00:53:52 79      CLGX_BBG000C2H3F0_2021-03-24
2021-06-08 00:53:52 81      CLH_BBG000BFRRX8_2021-03-24
2021-06-08 00:53:52 82      CLR_BBG000BHBGN6_2021-03-24
2021-06-08 00:53:52 84      CLX_BBG000BFS7D3_2021-03-24
2021-06-08 00:53:52 86      CMA_BBG000C75N77_2021-03-24
2021-06-08 00:53:52 88      CMC_BBG000BFSND8_2021-03-24
2021-06-08 00:53:52 89      CMCO_BBG000BCWWV0_2021-03-24
2021-06-08 00:53:52 89      CMCO: SPYKE!. Candle: ID:12, Time: 13:30, Close: 50.8
2021-06-08 00:53:52 90      CMCSA_BBG000BFT2L4_2021-03-24
2021-06-08 00:53:52 97      CME_BBG000BHLYP4_2021-03-24
2021-06-08 00:53:53 00      CMG_BBG000QX74T1_2021-03-24
2021-06-08 00:53:53 01      CMI_BBG000BGPTV6_2021-03-24
2021-06-08 00:53:53 03      CMP_BBG000C42WS4_2021-03-24
2021-06-08 00:53:53 03      CMP: SPYKE!. Candle: ID:12, Time: 13:05, Close: 65.68
2021-06-08 00:53:53 04      CMS_BBG000BFVXX0_2021-03-24
2021-06-08 00:53:53 07      CNC_BBG000BDXCJ5_2021-03-24
2021-06-08 00:53:53 09      CNK_BBG000QDVR53_2021-03-24
2021-06-08 00:53:53 14      CNP_BBG000FDBX90_2021-03-24
2021-06-08 00:53:53 17      CNS_BBG000BB0WG4_2021-03-24
2021-06-08 00:53:53 18      CNST_BBG000R1H6P8_2021-03-24
2021-06-08 00:53:53 19      CNXC_BBG00RCNQMX3_2021-03-24
2021-06-08 00:53:53 22      CNXN_BBG000BX74M4_2021-03-24
2021-06-08 00:53:53 23      COF_BBG000BGKTF9_2021-03-24
2021-06-08 00:53:53 25      COG_BBG000C3GN47_2021-03-24
2021-06-08 00:53:53 27      COHR_BBG000BG1DH3_2021-03-24
2021-06-08 00:53:53 29      COKE_BBG000BG1SX2_2021-03-24
2021-06-08 00:53:53 30      COLM_BBG000BKKQ84_2021-03-24
2021-06-08 00:53:53 31      CONE_BBG0038V5TX1_2021-03-24
2021-06-08 00:53:53 32      COO_BBG000BG3445_2021-03-24
2021-06-08 00:53:53 34      COP_BBG000BQQH30_2021-03-24
2021-06-08 00:53:53 39      CORR_BBG000CN80Y9_2021-03-24
2021-06-08 00:53:53 41      CORT_BBG000BKJG33_2021-03-24
2021-06-08 00:53:53 43      COST_BBG000F6H8W8_2021-03-24
2021-06-08 00:53:53 50      COTY_BBG000F395V1_2021-03-24
2021-06-08 00:53:53 51      COUP_BBG001J4BCN4_2021-03-24
2021-06-08 00:53:53 54      CPB_BBG000BG4202_2021-03-24
2021-06-08 00:53:53 56      CPRI_BBG0029SNR63_2021-03-24
2021-06-08 00:53:53 58      CPRT_BBG000BM9RH1_2021-03-24
2021-06-08 00:53:53 61      CPS_BBG000PSXT64_2021-03-24
2021-06-08 00:53:53 62      CR_BBG000BG7423_2021-03-24
2021-06-08 00:53:53 63      CREE_BBG000BG14P4_2021-03-24
2021-06-08 00:53:53 65      CRI_BBG000CTM4J9_2021-03-24
2021-06-08 00:53:53 67      CRL_BBG000BG5BL8_2021-03-24
2021-06-08 00:53:53 68      CRM_BBG000BN2DC2_2021-03-24
2021-06-08 00:53:53 74      CRMT_BBG000CM6L31_2021-03-24
2021-06-08 00:53:53 74      CROX_BBG000BLY663_2021-03-24
2021-06-08 00:53:53 78      CRS_BBG000BGCQT9_2021-03-24
2021-06-08 00:53:53 79      CRTX_BBG00BTK1DT8_2021-03-24
2021-06-08 00:53:53 79      CRTX: SPYKE!. Candle: ID:119, Time: 13:40, Close: 33.45
2021-06-08 00:53:53 80      CRUS_BBG000C1DHF5_2021-03-24
2021-06-08 00:53:53 82      CRVL_BBG000CVKZY0_2021-03-24
2021-06-08 00:53:53 83      CRWD_BBG00BLYKS03_2021-03-24
2021-06-08 00:53:53 87      CSCO_BBG000C3J3C9_2021-03-24
2021-06-08 00:53:53 95      CSGP_BBG000D7JKW9_2021-03-24
2021-06-08 00:53:53 96      CSGS_BBG000G3TQV2_2021-03-24
2021-06-08 00:53:53 98      CSII_BBG000NWQ9S5_2021-03-24
2021-06-08 00:53:53 99      CSL_BBG000BGGBT8_2021-03-24
2021-06-08 00:53:54 00      CSOD_BBG0016X4XN6_2021-03-24
2021-06-08 00:53:54 01      CSWI_BBG007NLG4L3_2021-03-24
2021-06-08 00:53:54 02      CSX_BBG000BGJRC8_2021-03-24
2021-06-08 00:53:54 06      CTAS_BBG000H3YXF8_2021-03-24
2021-06-08 00:53:54 09      CTB_BBG000BGKXV2_2021-03-24
2021-06-08 00:53:54 10      CTLT_BBG005XR47P5_2021-03-24
2021-06-08 00:53:54 12      CTSH_BBG000BBDV81_2021-03-24
2021-06-08 00:53:54 16      CTVA_BBG00BN969C1_2021-03-24
2021-06-08 00:53:54 18      CTXS_BBG000FQ6PY6_2021-03-24
2021-06-08 00:53:54 21      CVCO_BBG000K4WS65_2021-03-24
2021-06-08 00:53:54 23      CVET_BBG00KR691K8_2021-03-24
2021-06-08 00:53:54 24      CVGW_BBG000BGPQW1_2021-03-24
2021-06-08 00:53:54 24      CVLT_BBG000BG88X9_2021-03-24
2021-06-08 00:53:54 26      CVNA_BBG00GCTWDJ3_2021-03-24
2021-06-08 00:53:54 28      CVS_BBG000BGRY34_2021-03-24
2021-06-08 00:53:54 32      CVX_BBG000K4ND22_2021-03-24
2021-06-08 00:53:54 36      CVX: BuyPending. Strategy: MorningOpenStrategy. Price: 102.13. Lots: 2. ChangeOpenToCurrent: -2.58. ChangePrevCloseToCurrent: 0.14. Candle: ID:14, Time: 7:00, Close: 102.13.
2021-06-08 00:53:54 36      CVX: OrderID: 41bb330b. PlacedOrder. Status: New. RejectReason: 
2021-06-08 00:53:54 36      CVX: Cancel order. Did not bought at market open. Candle: ID:18, Time: 7:05, Close: 103.78
2021-06-08 00:53:54 36      OrderID: 41bb330b successfully canceled
2021-06-08 00:53:54 40      CW_BBG000BGSPS5_2021-03-24
2021-06-08 00:53:54 42      CWST_BBG000BT0J38_2021-03-24
2021-06-08 00:53:54 43      CWT_BBG000D8KTN6_2021-03-24
2021-06-08 00:53:54 44      CY_BBG000BXNJ07_2021-03-24
2021-06-08 00:53:54 44      D_BBG000BGVW60_2021-03-24
2021-06-08 00:53:54 47      DAL_BBG000R7Z112_2021-03-24
2021-06-08 00:53:54 53      DAR_BBG000BN8ZK8_2021-03-24
2021-06-08 00:53:54 55      DBX_BBG0018SLDN0_2021-03-24
2021-06-08 00:53:54 59      DCI_BBG000BGZP70_2021-03-24
2021-06-08 00:53:54 60      DCPH_BBG00HMJ9H54_2021-03-24
2021-06-08 00:53:54 62      DD_BBG00BN961G4_2021-03-24
2021-06-08 00:53:54 66      DDOG_BBG003NJHZT9_2021-03-24
2021-06-08 00:53:54 70      DDS_BBG000BS4MP5_2021-03-24
2021-06-08 00:53:54 72      DE_BBG000BH1NH9_2021-03-24
2021-06-08 00:53:54 74      DECK_BBG000BKXYX5_2021-03-24
2021-06-08 00:53:54 75      DELL_BBG00DW3SZS1_2021-03-24
2021-06-08 00:53:54 77      DFS_BBG000QBR5J5_2021-03-24
2021-06-08 00:53:54 80      DG_BBG000NV1KK7_2021-03-24
2021-06-08 00:53:54 83      DGX_BBG000BN84F3_2021-03-24
2021-06-08 00:53:54 84      DHI_BBG000DQTXY6_2021-03-24
2021-06-08 00:53:54 87      DHR_BBG000BH3JF8_2021-03-24
2021-06-08 00:53:54 89      DIOD_BBG000G25P51_2021-03-24
2021-06-08 00:53:54 91      DIS_BBG000BH4R78_2021-03-24
2021-06-08 00:53:54 99      DISCA_BBG000CHWP52_2021-03-24
2021-06-08 00:53:55 11      DISCB_BBG000F7L5N7_2021-03-24
2021-06-08 00:53:55 11      DISCB: SPYKE!. Candle: ID:209, Time: 14:50, Close: 76
2021-06-08 00:53:55 11      DISCB: SPYKE!. Candle: ID:210, Time: 14:50, Close: 76
2021-06-08 00:53:55 11      DISCB: SPYKE!. Candle: ID:362, Time: 18:40, Close: 65
2021-06-08 00:53:55 11      DISCB: SPYKE!. Candle: ID:367, Time: 18:40, Close: 65
2021-06-08 00:53:55 11      DISCB: SPYKE!. Candle: ID:368, Time: 18:40, Close: 63
2021-06-08 00:53:55 11      DISCB: SPYKE!. Candle: ID:425, Time: 19:40, Close: 65.36
2021-06-08 00:53:55 11      DISCB: SPYKE!. Candle: ID:441, Time: 20:00, Close: 65.5
2021-06-08 00:53:55 12      DISCK_BBG000VMWHH5_2021-03-24
2021-06-08 00:53:55 15      DISCK: SPYKE!. Candle: ID:76, Time: 13:05, Close: 64.55
2021-06-08 00:53:55 18      DK_BBG00FZYFVC5_2021-03-24
2021-06-08 00:53:55 19      DKNG_BBG00TCBG714_2021-03-24
2021-06-08 00:53:55 29      DKS_BBG000F6ZWH2_2021-03-24
2021-06-08 00:53:55 31      DLB_BBG000DGLTG5_2021-03-24
2021-06-08 00:53:55 32      DLR_BBG000Q5ZRM7_2021-03-24
2021-06-08 00:53:55 34      DLTH_BBG002GBMZG4_2021-03-24
2021-06-08 00:53:55 34      DLTR_BBG000BSC0K9_2021-03-24
2021-06-08 00:53:55 38      DLX_BBG000BH6360_2021-03-24
2021-06-08 00:53:55 38      DNLI_BBG008P7F869_2021-03-24
2021-06-08 00:53:55 40      DNOW_BBG005BLN209_2021-03-24
2021-06-08 00:53:55 40      DOCU_BBG000N7KJX8_2021-03-24
2021-06-08 00:53:55 46      DORM_BBG000BM22F5_2021-03-24
2021-06-08 00:53:55 47      DOV_BBG000BHB3M6_2021-03-24
2021-06-08 00:53:55 48      DOW_BBG00BN96922_2021-03-24
2021-06-08 00:53:55 52      DPZ_BBG000P458P3_2021-03-24
2021-06-08 00:53:55 53      DRE_BBG000BHD8S7_2021-03-24
2021-06-08 00:53:55 55      DRI_BBG000BBNYF6_2021-03-24
2021-06-08 00:53:55 57      DRNA_BBG001J1DB23_2021-03-24
2021-06-08 00:53:55 59      DRQ_BBG000BVDBY2_2021-03-24
2021-06-08 00:53:55 60      DT_BBG00PNN7C40_2021-03-24
2021-06-08 00:53:55 62      DVA_BBG000MQ1SN9_2021-03-24
2021-06-08 00:53:55 64      DVN_BBG000BBVJZ8_2021-03-24
2021-06-08 00:53:55 69      DXC_BBG00FN64XT9_2021-03-24
2021-06-08 00:53:55 70      DXCM_BBG000QTF8K1_2021-03-24
2021-06-08 00:53:55 73      DY_BBG000C4SKT1_2021-03-24
2021-06-08 00:53:55 73      EA_BBG000BP0KQ8_2021-03-24
2021-06-08 00:53:55 77      EAT_BBG000BK28N7_2021-03-24
2021-06-08 00:53:55 78      EBAY_BBG000C43RR5_2021-03-24
2021-06-08 00:53:55 83      EBS_BBG000GW06J7_2021-03-24
2021-06-08 00:53:55 84      ECHO_BBG000RFP8W6_2021-03-24
2021-06-08 00:53:55 85      ECL_BBG000BHKYH4_2021-03-24
2021-06-08 00:53:55 87      ECPG_BBG000F369C7_2021-03-24
2021-06-08 00:53:55 89      ED_BBG000BHLYS1_2021-03-24
2021-06-08 00:53:55 90      EDIT_BBG005MX5GZ2_2021-03-24
2021-06-08 00:53:55 94      EEFT_BBG000BMNBY1_2021-03-24
2021-06-08 00:53:55 95      EFX_BBG000BHPL78_2021-03-24
2021-06-08 00:53:55 96      EGHT_BBG000BCGHH7_2021-03-24
2021-06-08 00:53:55 98      EGRX_BBG005Y3XWH9_2021-03-24
2021-06-08 00:53:55 99      EHTH_BBG000P5JQX6_2021-03-24
2021-06-08 00:53:56 01      EIX_BBG000D7RKJ5_2021-03-24
2021-06-08 00:53:56 03      EL_BBG000FKJRC5_2021-03-24
2021-06-08 00:53:56 04      ELAN_BBG00LJYS1P8_2021-03-24
2021-06-08 00:53:56 06      ELS_BBG000BB7SX7_2021-03-24
2021-06-08 00:53:56 08      EME_BBG000BBRPL4_2021-03-24
2021-06-08 00:53:56 09      EMN_BBG000BLW530_2021-03-24
2021-06-08 00:53:56 10      EMR_BBG000BHX7N2_2021-03-24
2021-06-08 00:53:56 13      ENDP_BBG000C0HQ54_2021-03-24
2021-06-08 00:53:56 14      ENPH_BBG001R3MNY9_2021-03-24
2021-06-08 00:53:56 20      ENR_BBG006FCB019_2021-03-24
2021-06-08 00:53:56 21      ENS_BBG000PWTD92_2021-03-24
2021-06-08 00:53:56 22      ENTA_BBG001V9NSB4_2021-03-24
2021-06-08 00:53:56 23      ENTG_BBG000CTV4N4_2021-03-24
2021-06-08 00:53:56 26      ENV_BBG000Q4NZ54_2021-03-24
2021-06-08 00:53:56 27      EOG_BBG000BZ9223_2021-03-24
2021-06-08 00:53:56 31      EPAM_BBG000MHTV89_2021-03-24
2021-06-08 00:53:56 32      EPAY_BBG000BRNH31_2021-03-24
2021-06-08 00:53:56 33      EPC_BBG000BRW644_2021-03-24
2021-06-08 00:53:56 34      EQIX_BBG000MBDGM6_2021-03-24
2021-06-08 00:53:56 36      EQT_BBG000BHZ5J9_2021-03-24
2021-06-08 00:53:56 39      ERIE_BBG000BBTJZ1_2021-03-24
2021-06-08 00:53:56 40      ES_BBG000BQ87N0_2021-03-24
2021-06-08 00:53:56 42      ESPR_BBG004KB3S72_2021-03-24
2021-06-08 00:53:56 45      ESS_BBG000CGJMB9_2021-03-24
2021-06-08 00:53:56 46      ET_BBG000BM2FL9_2021-03-24
2021-06-08 00:53:56 49      ETN_BBG000BJ3PD2_2021-03-24
2021-06-08 00:53:56 51      ETR_BBG000C1FQS9_2021-03-24
2021-06-08 00:53:56 53      ETRN_BBG00K53L394_2021-03-24
2021-06-08 00:53:56 54      ETSY_BBG000N7MXL8_2021-03-24
2021-06-08 00:53:56 60      EV_BBG000DBVBY4_2021-03-24
2021-06-08 00:53:56 61      EVBG_BBG0022FMPD5_2021-03-24
2021-06-08 00:53:56 62      EVER_BBG00F17NDH7_2021-03-24
2021-06-08 00:53:56 63      EVH_BBG005CHLM96_2021-03-24
2021-06-08 00:53:56 64      EVR_BBG000BP30Y0_2021-03-24
2021-06-08 00:53:56 65      EVRG_BBG00H433CR2_2021-03-24
2021-06-08 00:53:56 67      EW_BBG000BRXP69_2021-03-24
2021-06-08 00:53:56 69      EWBC_BBG000CR20B1_2021-03-24
2021-06-08 00:53:56 71      EXAS_BBG000CWL0F5_2021-03-24
2021-06-08 00:53:56 74      EXC_BBG000J6XT05_2021-03-24
2021-06-08 00:53:56 77      EXEL_BBG000BQ4WF8_2021-03-24
2021-06-08 00:53:56 79      EXLS_BBG000NS3P30_2021-03-24
2021-06-08 00:53:56 80      EXP_BBG000BJW241_2021-03-24
2021-06-08 00:53:56 82      EXPD_BBG000BJ5GK2_2021-03-24
2021-06-08 00:53:56 84      EXPE_BBG000QY3XZ2_2021-03-24
2021-06-08 00:53:56 88      EXR_BBG000PV27K3_2021-03-24
2021-06-08 00:53:56 89      EYE_BBG00HVQF9K2_2021-03-24
2021-06-08 00:53:56 90      F_BBG000BQPC32_2021-03-24
2021-06-08 00:53:56 95      FANG_BBG002PHSYX9_2021-03-24
2021-06-08 00:53:56 98      FARO_BBG000BJD7C2_2021-03-24
2021-06-08 00:53:56 99      FAST_BBG000BJ8YN7_2021-03-24
2021-06-08 00:53:57 02      FATE_BBG000QP35H2_2021-03-24
2021-06-08 00:53:57 05      FB_BBG000MM2P62_2021-03-24
2021-06-08 00:53:57 24      FBHS_BBG001B4BV87_2021-03-24
2021-06-08 00:53:57 29      FCFS_BBG000DNF659_2021-03-24
2021-06-08 00:53:57 31      FCN_BBG000K88H58_2021-03-24
2021-06-08 00:53:57 35      FCX_BBG000BJDB15_2021-03-24
2021-06-08 00:53:57 47      FDS_BBG000BDJL83_2021-03-24
2021-06-08 00:53:57 53      FDX_BBG000BJF1Z8_2021-03-24
2021-06-08 00:53:57 58      FELE_BBG000BJGGV8_2021-03-24
2021-06-08 00:53:57 61      FFIV_BBG000CXYSZ6_2021-03-24
2021-06-08 00:53:57 67      FGEN_BBG000FW5ZL6_2021-03-24
2021-06-08 00:53:57 72      FICO_BBG000DW76Y6_2021-03-24
2021-06-08 00:53:57 73      FIS_BBG000BK2F42_2021-03-24
2021-06-08 00:53:57 76      FISV_BBG000BJKPG0_2021-03-24
2021-06-08 00:53:57 80      FITB_BBG000BJL3N0_2021-03-24
2021-06-08 00:53:57 87      FIVN_BBG001KHJM17_2021-03-24
2021-06-08 00:53:57 89      FIZZ_BBG000BF8CB6_2021-03-24
2021-06-08 00:53:57 91      FL_BBG000BX8DC4_2021-03-24
2021-06-08 00:53:57 93      FLIR_BBG000BHK836_2021-03-24
2021-06-08 00:53:57 95      FLOW_BBG007FL7ZD2_2021-03-24
2021-06-08 00:53:57 96      FLR_BBG000BB1TH9_2021-03-24
2021-06-08 00:53:57 98      FLS_BBG000FFH4P5_2021-03-24
2021-06-08 00:53:57 99      FLT_BBG000GPXKX9_2021-03-24
2021-06-08 00:53:58 01      FLWS_BBG000BBR9P6_2021-03-24
2021-06-08 00:53:58 01      FLWS: SPYKE!. Candle: ID:123, Time: 11:45, Close: 28.29
2021-06-08 00:53:58 02      FMC_BBG000BJP882_2021-03-24
2021-06-08 00:53:58 04      FND_BBG007GJ2F81_2021-03-24
2021-06-08 00:53:58 05      FNKO_BBG00HXSHDQ9_2021-03-24
2021-06-08 00:53:58 24      FOCS_BBG00L0YTFN8_2021-03-24
2021-06-08 00:53:58 25      FOE_BBG000BJQK11_2021-03-24
2021-06-08 00:53:58 26      FOLD_BBG000PLF6N0_2021-03-24
2021-06-08 00:53:58 32      FORM_BBG000D1Y3P1_2021-03-24
2021-06-08 00:53:58 34      FORR_BBG000HGNYG8_2021-03-24
2021-06-08 00:53:58 35      FOX_BBG00JHNKJY8_2021-03-24
2021-06-08 00:53:58 38      FOXA_BBG00JHNJW99_2021-03-24
2021-06-08 00:53:58 42      FOXF_BBG004T7VS53_2021-03-24
2021-06-08 00:53:58 43      FRHC_BBG000N625H8_2021-03-24
2021-06-08 00:53:58 45      FRPH_BBG000HCVWW4_2021-03-24
2021-06-08 00:53:58 46      FRPT_BBG001D0HB36_2021-03-24
2021-06-08 00:53:58 47      FSLR_BBG000BFL116_2021-03-24
2021-06-08 00:53:58 51      FSLY_BBG004NLQHL0_2021-03-24
2021-06-08 00:53:58 55      FTCH_BBG00LSD4456_2021-03-24
2021-06-08 00:53:58 58      FTI_BBG00DL8NMV2_2021-03-24
2021-06-08 00:53:58 61      FTNT_BBG000BCMBG4_2021-03-24
2021-06-08 00:53:58 64      FTV_BBG00BLVZ228_2021-03-24
2021-06-08 00:53:58 67      FUL_BBG000BJZ7V7_2021-03-24
2021-06-08 00:53:58 68      FUL: SPYKE!. Candle: ID:1011, Time: 20:20, Close: 59.55
2021-06-08 00:53:58 68      GATX_BBG000BKGXQ4_2021-03-24
2021-06-08 00:53:58 70      GBCI_BBG000C3KB84_2021-03-24
2021-06-08 00:53:58 71      GBT_BBG00341H6M0_2021-03-24
2021-06-08 00:53:58 72      GBX_BBG000CF5097_2021-03-24
2021-06-08 00:53:58 74      GCO_BBG000BK5S78_2021-03-24
2021-06-08 00:53:58 75      GCP_BBG0082W8Q12_2021-03-24
2021-06-08 00:53:58 76      GD_BBG000BK67C7_2021-03-24
2021-06-08 00:53:58 77      GDDY_BBG006MDLY05_2021-03-24
2021-06-08 00:53:58 79      GDOT_BBG000QDJT53_2021-03-24
2021-06-08 00:53:58 80      GE_BBG000BK6MB5_2021-03-24
2021-06-08 00:53:58 86      GEF_BBG000BLFNC0_2021-03-24
2021-06-08 00:53:58 86      GGG_BBG000BK9W84_2021-03-24
2021-06-08 00:53:58 88      GH_BBG006D97VY9_2021-03-24
2021-06-08 00:53:58 90      GHC_BBG000C3FGH9_2021-03-24
2021-06-08 00:53:58 90      GILD_BBG000CKGBP2_2021-03-24
2021-06-08 00:53:58 96      GIS_BBG000BKCFC2_2021-03-24
2021-06-08 00:53:59 02      GKOS_BBG000WG2LQ1_2021-03-24
2021-06-08 00:53:59 02      GL_BBG000BVD6X4_2021-03-24
2021-06-08 00:53:59 03      GLW_BBG000BKFZM4_2021-03-24
2021-06-08 00:53:59 06      GM_BBG000NDYB67_2021-03-24
2021-06-08 00:53:59 14      GMED_BBG002V87SD0_2021-03-24
2021-06-08 00:53:59 15      GMS_BBG009Q036D0_2021-03-24
2021-06-08 00:53:59 16      GNL_BBG004HXD0G8_2021-03-24
2021-06-08 00:53:59 17      GNRC_BBG000PQ4W72_2021-03-24
2021-06-08 00:53:59 20      GO_BBG00P4R3079_2021-03-24
2021-06-08 00:53:59 21      GOOG_BBG009S3NB30_2021-03-24
2021-06-08 00:53:59 28      GOOGL_BBG009S39JX6_2021-03-24
2021-06-08 00:53:59 36      GOSS_BBG00MVWLLM2_2021-03-24
2021-06-08 00:53:59 41      GPC_BBG000BKL348_2021-03-24
2021-06-08 00:53:59 44      GPI_BBG000BB88K4_2021-03-24
2021-06-08 00:53:59 45      GPN_BBG000CX0P89_2021-03-24
2021-06-08 00:53:59 46      GPS_BBG000BKLH74_2021-03-24
2021-06-08 00:53:59 52      GRA_BBG000BB8PG1_2021-03-24
2021-06-08 00:53:59 53      GRMN_BBG000C4LN67_2021-03-24
2021-06-08 00:53:59 55      GRUB_BBG001KWG293_2021-03-24
2021-06-08 00:53:59 57      GS_BBG000C6CFJ5_2021-03-24
2021-06-08 00:53:59 61      GSH_BBG000GLG0G0_2021-03-24
2021-06-08 00:53:59 62      GSKY_BBG00KT2SCV8_2021-03-24
2021-06-08 00:53:59 62      GSKY: SPYKE!. Candle: ID:12, Time: 7:10, Close: 5.91
2021-06-08 00:53:59 63      GT_BBG000BKNX95_2021-03-24
2021-06-08 00:53:59 66      GTHX_BBG005F1DK91_2021-03-24
2021-06-08 00:53:59 72      GTLS_BBG000P1K2X6_2021-03-24
2021-06-08 00:53:59 73      GTN_BBG000DSQLQ0_2021-03-24
2021-06-08 00:53:59 75      GVA_BBG000DVB833_2021-03-24
2021-06-08 00:53:59 76      GWRE_BBG001C7PM75_2021-03-24
2021-06-08 00:53:59 77      GWW_BBG000BKR1D6_2021-03-24
2021-06-08 00:53:59 78      H_BBG000CVRFS4_2021-03-24
2021-06-08 00:53:59 79      HA_BBG000BC4185_2021-03-24
2021-06-08 00:53:59 81      HAE_BBG000C7TF41_2021-03-24
2021-06-08 00:53:59 82      HAIN_BBG000BQW085_2021-03-24
2021-06-08 00:53:59 83      HAL_BBG000BKTFN2_2021-03-24
2021-06-08 00:53:59 88      HALO_BBG000CZ8W54_2021-03-24
2021-06-08 00:53:59 92      HAS_BBG000BKVJK4_2021-03-24
2021-06-08 00:53:59 94      HBAN_BBG000BKWSR6_2021-03-24
2021-06-08 00:53:59 97      HBI_BBG000D2ZTS8_2021-03-24
2021-06-08 00:53:59 99      HCA_BBG000QW7VC1_2021-03-24
2021-06-08 00:54:00 02      HCCI_BBG000CCFB17_2021-03-24
2021-06-08 00:54:00 02      HCCI: SPYKE!. Candle: ID:7, Time: 13:30, Close: 25.49
2021-06-08 00:54:00 03      HCSG_BBG000BKYVF0_2021-03-24
2021-06-08 00:54:00 04      HD_BBG000BKZB36_2021-03-24
2021-06-08 00:54:00 09      HEAR_BBG000BM6N47_2021-03-24
2021-06-08 00:54:00 11      HEI_BBG000BL16Q7_2021-03-24
2021-06-08 00:54:00 12      HES_BBG000BBD070_2021-03-24
2021-06-08 00:54:00 13      HFC_BBG000BL9JQ1_2021-03-24
2021-06-08 00:54:00 16      HGV_BBG00CBYY6M1_2021-03-24
2021-06-08 00:54:00 17      HHC_BBG000MJRJJ2_2021-03-24
2021-06-08 00:54:00 19      HHR_BBG00KHGQ0H4_2021-03-24
2021-06-08 00:54:00 20      HIBB_BBG000H001V3_2021-03-24
2021-06-08 00:54:00 21      HIG_BBG000G0Z878_2021-03-24
2021-06-08 00:54:00 25      HII_BBG001KJ2HM9_2021-03-24
2021-06-08 00:54:00 26      HIIQ_TCS003QRSQD3_2021-03-24
2021-06-08 00:54:00 26      HLT_BBG0058KMH30_2021-03-24
2021-06-08 00:54:00 29      HNP_BBG000BX5YM0_2021-03-24
2021-06-08 00:54:00 29      HNP: SPYKE!. Candle: ID:121, Time: 20:00, Close: 14.57
2021-06-08 00:54:00 30      HOG_BBG000BKZTP3_2021-03-24
2021-06-08 00:54:00 32      HOLX_BBG000C3NTN5_2021-03-24
2021-06-08 00:54:00 34      HON_BBG000H556T9_2021-03-24
2021-06-08 00:54:00 36      HP_BBG000BLCPY4_2021-03-24
2021-06-08 00:54:00 39      HPE_BBG0078W3NQ3_2021-03-24
2021-06-08 00:54:00 40      HPQ_BBG000KHWT55_2021-03-24
2021-06-08 00:54:00 43      HQY_BBG000TYXCT9_2021-03-24
2021-06-08 00:54:00 45      HRB_BBG000BLDV98_2021-03-24
2021-06-08 00:54:00 47      HRC_BBG000BKWCS0_2021-03-24
2021-06-08 00:54:00 48      HRL_BBG000BLF8D2_2021-03-24
2021-06-08 00:54:00 50      HRTX_BBG000G2GJT7_2021-03-24
2021-06-08 00:54:00 53      HSC_BBG000BLH3P8_2021-03-24
2021-06-08 00:54:00 54      HSIC_BBG000BNMMJ3_2021-03-24
2021-06-08 00:54:00 57      HSKA_BBG000BWFH48_2021-03-24
2021-06-08 00:54:00 58      HST_BBG000BL8804_2021-03-24
2021-06-08 00:54:00 60      HSY_BBG000BLHRS2_2021-03-24
2021-06-08 00:54:00 62      HTA_BBG000PRJCX9_2021-03-24
2021-06-08 00:54:00 63      HTHT_BBG000QFPM65_2021-03-24
2021-06-08 00:54:00 64      HTHT: SPYKE!. Candle: ID:2, Time: 7:40, Close: 52.44
2021-06-08 00:54:00 66      HUBB_BBG000BLK267_2021-03-24
2021-06-08 00:54:00 67      HUBG_BBG000G9W6L0_2021-03-24
2021-06-08 00:54:00 68      HUBS_BBG000N7MZ06_2021-03-24
2021-06-08 00:54:00 70      HUM_BBG000BLKK03_2021-03-24
2021-06-08 00:54:00 72      HURN_BBG000PV2M48_2021-03-24
2021-06-08 00:54:00 73      HWM_BBG00DYNJGH9_2021-03-24
2021-06-08 00:54:00 74      HXL_BBG000BLMDQ9_2021-03-24
2021-06-08 00:54:00 76      IAC_BBG000BKQG80_2021-03-24
2021-06-08 00:54:00 78      IART_BBG000BZJQL8_2021-03-24
2021-06-08 00:54:00 79      IBKR_BBG000LV0836_2021-03-24
2021-06-08 00:54:00 82      IBM_BBG000BLNNH6_2021-03-24
2021-06-08 00:54:00 85      IBN_BBG000DRM643_2021-03-24
2021-06-08 00:54:00 87      IBP_BBG005TJKDZ6_2021-03-24
2021-06-08 00:54:00 88      ICE_BBG000C1FB75_2021-03-24
2021-06-08 00:54:00 90      ICPT_BBG001J1QN87_2021-03-24
2021-06-08 00:54:00 93      ICUI_BBG000CQV2N4_2021-03-24
2021-06-08 00:54:00 94      IDCC_BBG000HLJ7M4_2021-03-24
2021-06-08 00:54:00 96      IDXX_BBG000BLRT07_2021-03-24
2021-06-08 00:54:00 97      IEX_BBG000C1HN22_2021-03-24
2021-06-08 00:54:00 99      IFF_BBG000BLSL58_2021-03-24
2021-06-08 00:54:01 00      IGMS_BBG00PNR1BT2_2021-03-24
2021-06-08 00:54:01 01      IIPR_BBG00F0SW7N8_2021-03-24
2021-06-08 00:54:01 02      IIVI_BBG000BLW102_2021-03-24
2021-06-08 00:54:01 08      ILMN_BBG000DSMS70_2021-03-24
2021-06-08 00:54:01 10      IMMU_BBG000BLXT19_2021-03-24
2021-06-08 00:54:01 10      INCY_BBG000BNPSQ9_2021-03-24
2021-06-08 00:54:01 14      INDB_BBG000BM0597_2021-03-24
2021-06-08 00:54:01 15      INFO_BBG006G063F9_2021-03-24
2021-06-08 00:54:01 17      INGN_BBG0021PH456_2021-03-24
2021-06-08 00:54:01 18      INGR_BBG000BXPZB7_2021-03-24
2021-06-08 00:54:01 19      INMD_BBG00PPS73P4_2021-03-24
2021-06-08 00:54:01 21      INSP_BBG00209SZJ7_2021-03-24
2021-06-08 00:54:01 22      INTC_BBG000C0G1D1_2021-03-24
2021-06-08 00:54:01 53      INTU_BBG000BH5DV1_2021-03-24
2021-06-08 00:54:01 57      INVH_BBG00FQH6BS9_2021-03-24
2021-06-08 00:54:01 60      IONS_BBG000JH6683_2021-03-24
2021-06-08 00:54:01 63      IOSP_BBG000BMFNP4_2021-03-24
2021-06-08 00:54:01 66      IOVA_BBG000FTLBV7_2021-03-24
2021-06-08 00:54:01 69      IP_BBG000BM5SR2_2021-03-24
2021-06-08 00:54:01 71      IPAR_BBG000GCSWR5_2021-03-24
2021-06-08 00:54:01 72      IPG_BBG000C90DH9_2021-03-24
2021-06-08 00:54:01 76      IPGP_BBG000DCGRL8_2021-03-24
2021-06-08 00:54:01 77      IQV_BBG00333FYS2_2021-03-24
2021-06-08 00:54:01 78      IR_BBG002R1CW27_2021-03-24
2021-06-08 00:54:01 80      IRBT_BBG000HXJB21_2021-03-24
2021-06-08 00:54:01 82      IRDM_BBG000VC0FC1_2021-03-24
2021-06-08 00:54:01 85      IRM_BBG000KCZPC3_2021-03-24
2021-06-08 00:54:01 87      IRTC_BBG001J19V24_2021-03-24
2021-06-08 00:54:01 88      ISRG_BBG000BJPDZ1_2021-03-24
2021-06-08 00:54:01 91      IT_BBG000BB65D0_2021-03-24
2021-06-08 00:54:01 92      ITCI_BBG0026ZFZC4_2021-03-24
2021-06-08 00:54:01 93      ITGR_BBG000BW6JV4_2021-03-24
2021-06-08 00:54:01 94      ITRI_BBG000BD2167_2021-03-24
2021-06-08 00:54:01 96      ITT_BBG00CVQZQ96_2021-03-24
2021-06-08 00:54:01 97      ITW_BBG000BMBL90_2021-03-24
2021-06-08 00:54:01 98      IVZ_BBG000BY2Y78_2021-03-24
2021-06-08 00:54:02 01      J_BBG000BMFFQ0_2021-03-24
2021-06-08 00:54:02 03      JACK_BBG000GZYVY1_2021-03-24
2021-06-08 00:54:02 05      JBHT_BBG000BMDBZ1_2021-03-24
2021-06-08 00:54:02 06      JBSS_BBG000CHPMY5_2021-03-24
2021-06-08 00:54:02 07      JBT_BBG000VLBCQ1_2021-03-24
2021-06-08 00:54:02 08      JCI_BBG000BVWLJ6_2021-03-24
2021-06-08 00:54:02 12      JCOM_BBG000F3CWW7_2021-03-24
2021-06-08 00:54:02 13      JD_BBG005YHY0Q7_2021-03-24
2021-06-08 00:54:02 31      JEF_BBG000BNHSP9_2021-03-24
2021-06-08 00:54:02 33      JELD_BBG0019GM953_2021-03-24
2021-06-08 00:54:02 34      JJSF_BBG000BMGPW0_2021-03-24
2021-06-08 00:54:02 36      JKHY_BBG000BMH2Q7_2021-03-24
2021-06-08 00:54:02 38      JLL_BBG000C2L2L0_2021-03-24
2021-06-08 00:54:02 40      JNJ_BBG000BMHYD1_2021-03-24
2021-06-08 00:54:02 46      JNPR_BBG000BY33P5_2021-03-24
2021-06-08 00:54:02 49      JOBS_BBG000BJD1D4_2021-03-24
2021-06-08 00:54:02 50      JOUT_BBG000HCXFS4_2021-03-24
2021-06-08 00:54:02 51      JPM_BBG000DMBXR2_2021-03-24
2021-06-08 00:54:02 60      JWN_BBG000G8N9C6_2021-03-24
2021-06-08 00:54:02 62      K_BBG000BMKDM3_2021-03-24
2021-06-08 00:54:02 66      KALU_BBG000PKZDX4_2021-03-24
2021-06-08 00:54:02 66      KBH_BBG000BMLWX8_2021-03-24
2021-06-08 00:54:02 69      KDP_BBG000TJM7F0_2021-03-24
2021-06-08 00:54:02 73      KEP_BBG000BCWG90_2021-03-24
2021-06-08 00:54:02 73      KEX_BBG000BMQCP6_2021-03-24
2021-06-08 00:54:02 75      KEY_BBG000BMQPL1_2021-03-24
2021-06-08 00:54:02 77      KEYS_BBG0059FN811_2021-03-24
2021-06-08 00:54:02 79      KFY_BBG000C5QMB5_2021-03-24
2021-06-08 00:54:02 80      KHC_BBG005CPNTQ2_2021-03-24
2021-06-08 00:54:02 83      KIDS_BBG00HFFRW39_2021-03-24
2021-06-08 00:54:02 84      KIM_BBG000CN3S73_2021-03-24
2021-06-08 00:54:02 87      KLAC_BBG000BMTFR4_2021-03-24
2021-06-08 00:54:02 91      KMB_BBG000BMW2Z0_2021-03-24
2021-06-08 00:54:02 93      KMI_BBG0019JZ882_2021-03-24
2021-06-08 00:54:02 98      KMPR_BBG000H3GDJ8_2021-03-24
2021-06-08 00:54:02 99      KMT_BBG000BMWKC5_2021-03-24
2021-06-08 00:54:03 02      KMX_BBG000BLMZK6_2021-03-24
2021-06-08 00:54:03 05      KNSL_BBG00D8JD9Z9_2021-03-24
2021-06-08 00:54:03 06      KNX_BBG000BFC848_2021-03-24
2021-06-08 00:54:03 14      KO_BBG000BMX289_2021-03-24
2021-06-08 00:54:03 36      KOD_BBG00BVR0D02_2021-03-24
2021-06-08 00:54:03 38      KR_BBG000BMY992_2021-03-24
2021-06-08 00:54:03 43      KRG_BBG000BC2KW8_2021-03-24
2021-06-08 00:54:03 44      KRTX_BBG00NN875G0_2021-03-24
2021-06-08 00:54:03 46      KRYS_BBG00HDGRHH7_2021-03-24
2021-06-08 00:54:03 47      KRYS: SPYKE!. Candle: ID:20, Time: 13:30, Close: 76.1
2021-06-08 00:54:03 48      KSU_BBG000BMZ7P7_2021-03-24
2021-06-08 00:54:03 51      KTB_BBG00LPTHYD5_2021-03-24
2021-06-08 00:54:03 53      KWR_BBG000DZS2L9_2021-03-24
2021-06-08 00:54:03 55      L_BBG000C45984_2021-03-24
2021-06-08 00:54:03 59      LAD_BBG000K3BC83_2021-03-24
2021-06-08 00:54:03 60      LANC_BBG000BN1M88_2021-03-24
2021-06-08 00:54:03 63      LASR_BBG0020BCPX5_2021-03-24
2021-06-08 00:54:03 63      LASR: SPYKE!. Candle: ID:1086, Time: 20:10, Close: 30.69
2021-06-08 00:54:03 64      LB_BBG000BNGTQ7_2021-03-24
2021-06-08 00:54:03 67      LBRDK_BBG006GNSZW5_2021-03-24
2021-06-08 00:54:03 69      LCII_BBG000DNLMB0_2021-03-24
2021-06-08 00:54:03 73      LDOS_BBG000C23PB0_2021-03-24
2021-06-08 00:54:03 74      LEA_BBG000PTLGZ1_2021-03-24
2021-06-08 00:54:03 76      LECO_BBG000BB72K8_2021-03-24
2021-06-08 00:54:03 77      LEG_BBG000BN53G7_2021-03-24
2021-06-08 00:54:03 78      LEGH_BBG00MJDR6J9_2021-03-24
2021-06-08 00:54:03 79      LEN_BBG000BN5HF7_2021-03-24
2021-06-08 00:54:03 82      LEVI_BBG000BQDF10_2021-03-24
2021-06-08 00:54:03 83      LFC_BBG000BBK4B9_2021-03-24
2021-06-08 00:54:03 84      LFUS_BBG000BGFGT8_2021-03-24
2021-06-08 00:54:03 85      LGIH_BBG0056655S1_2021-03-24
2021-06-08 00:54:03 86      LGND_BBG000BKF014_2021-03-24
2021-06-08 00:54:03 87      LH_BBG000D9DMK0_2021-03-24
2021-06-08 00:54:03 89      LHCG_BBG000G7W420_2021-03-24
2021-06-08 00:54:03 91      LHX_BBG000BLGFJ9_2021-03-24
2021-06-08 00:54:03 92      LII_BBG000BB5B84_2021-03-24
2021-06-08 00:54:03 93      LIN_BBG00GVR8YQ9_2021-03-24
2021-06-08 00:54:03 96      LITE_BBG0073F9RT7_2021-03-24
2021-06-08 00:54:03 99      LKQ_BBG000PXDL44_2021-03-24
2021-06-08 00:54:04 01      LLY_BBG000BNBDC2_2021-03-24
2021-06-08 00:54:04 04      LM_BBG000BNBPQ0_2021-03-24
2021-06-08 00:54:04 04      LMT_BBG000C1BW00_2021-03-24
2021-06-08 00:54:04 07      LNN_BBG000FJS1S8_2021-03-24
2021-06-08 00:54:04 08      LNT_BBG000DW4Q75_2021-03-24
2021-06-08 00:54:04 11      LNTH_BBG006Q52RD0_2021-03-24
2021-06-08 00:54:04 12      LOGM_BBG000Q0SZJ2_2021-03-24
2021-06-08 00:54:04 13      LOPE_BBG000FV28W9_2021-03-24
2021-06-08 00:54:04 14      LOW_BBG000BNDN65_2021-03-24
2021-06-08 00:54:04 17      LPL_BBG000FJ0RK9_2021-03-24
2021-06-08 00:54:04 19      LPLA_BBG000P2TYL8_2021-03-24
2021-06-08 00:54:04 21      LPSN_BBG000BSV0W5_2021-03-24
2021-06-08 00:54:04 23      LRCX_BBG000BNFLM9_2021-03-24
2021-06-08 00:54:04 28      LRN_BBG000QSXPZ9_2021-03-24
2021-06-08 00:54:04 30      LSCC_BBG000C2D1C1_2021-03-24
2021-06-08 00:54:04 32      LSTR_BBG000BB2KN0_2021-03-24
2021-06-08 00:54:04 33      LTHM_BBG00LV3NRG0_2021-03-24
2021-06-08 00:54:04 35      LULU_BBG000R8ZVD1_2021-03-24
2021-06-08 00:54:04 38      LUMN_BBG000BGLRN3_2021-03-24
2021-06-08 00:54:04 41      LUV_BBG000BNJHS8_2021-03-24
2021-06-08 00:54:04 45      LVGO_BBG0073X4TB8_2021-03-24
2021-06-08 00:54:04 46      LVS_BBG000JWD753_2021-03-24
2021-06-08 00:54:04 50      LW_BBG003CVMLQ2_2021-03-24
2021-06-08 00:54:04 51      LYB_BBG000WCFV84_2021-03-24
2021-06-08 00:54:04 54      LYFT_BBG004M9ZHX5_2021-03-24
2021-06-08 00:54:04 58      LYV_BBG000FQ7YR4_2021-03-24
2021-06-08 00:54:04 59      M_BBG000C46HM9_2021-03-24
2021-06-08 00:54:04 63      MA_BBG000F1ZSQ2_2021-03-24
2021-06-08 00:54:04 68      MAA_BBG000BLMY92_2021-03-24
2021-06-08 00:54:04 69      MAC_BBG000BL9C59_2021-03-24
2021-06-08 00:54:04 74      MAN_BBG000BNMHS4_2021-03-24
2021-06-08 00:54:04 74      MANH_BBG000BFV758_2021-03-24
2021-06-08 00:54:04 76      MANT_BBG000BGF8B5_2021-03-24
2021-06-08 00:54:04 77      MANU_BBG0035WV4N9_2021-03-24
2021-06-08 00:54:04 78      MAR_BBG000BGD7W6_2021-03-24
2021-06-08 00:54:04 83      MAS_BBG000BNNKG9_2021-03-24
2021-06-08 00:54:04 86      MASI_BBG000C3W281_2021-03-24
2021-06-08 00:54:04 88      MAT_BBG000BNNYW1_2021-03-24
2021-06-08 00:54:04 91      MATX_BBG000BBK401_2021-03-24
2021-06-08 00:54:04 91      MBT_BBG000CSZKR2_2021-03-24
2021-06-08 00:54:04 93      MBUU_BBG005PXTR70_2021-03-24
2021-06-08 00:54:04 94      MCD_BBG000BNSZP1_2021-03-24
2021-06-08 00:54:04 97      MCHP_BBG000BHCP19_2021-03-24
2021-06-08 00:54:05 01      MCK_BBG000DYGNW7_2021-03-24
2021-06-08 00:54:05 04      MCO_BBG000F86GP6_2021-03-24
2021-06-08 00:54:05 06      MCRI_BBG000BJ0932_2021-03-24
2021-06-08 00:54:05 07      MD_BBG000H8LGK2_2021-03-24
2021-06-08 00:54:05 08      MDB_BBG0022FDRY8_2021-03-24
2021-06-08 00:54:05 11      MDGL_BBG000QS6NV8_2021-03-24
2021-06-08 00:54:05 12      MDLA_BBG001BPKGT0_2021-03-24
2021-06-08 00:54:05 14      MDLZ_BBG000D4LWF6_2021-03-24
2021-06-08 00:54:05 20      MDRX_BBG000BLDXH5_2021-03-24
2021-06-08 00:54:05 21      MDT_BBG000BNWG87_2021-03-24
2021-06-08 00:54:05 28      MED_BBG000BWBW76_2021-03-24
2021-06-08 00:54:05 28      MEDP_BBG0065B7K59_2021-03-24
2021-06-08 00:54:05 29      MEI_BBG000BNY197_2021-03-24
2021-06-08 00:54:05 30      MELI_BBG000GQPB11_2021-03-24
2021-06-08 00:54:05 33      MET_BBG000BB6KF5_2021-03-24
2021-06-08 00:54:05 36      MFGP_BBG00HFWVGN0_2021-03-24
2021-06-08 00:54:05 37      MGLN_BBG000BD6DD9_2021-03-24
2021-06-08 00:54:05 38      MGM_BBG000C2BXK4_2021-03-24
2021-06-08 00:54:05 48      MGY_BBG00GNC8DL2_2021-03-24
2021-06-08 00:54:05 48      MGY: SPYKE!. Candle: ID:95, Time: 12:05, Close: 10.8
2021-06-08 00:54:05 49      MHK_BBG000FLZN98_2021-03-24
2021-06-08 00:54:05 50      MHO_BBG000BL9MZ4_2021-03-24
2021-06-08 00:54:05 51      MIDD_BBG000DQN9R3_2021-03-24
2021-06-08 00:54:05 53      MINI_BBG000BGTX98_2021-03-24
2021-06-08 00:54:05 54      MKC_BBG000G6Y5W4_2021-03-24
2021-06-08 00:54:05 55      MKL_BBG000FC7366_2021-03-24
2021-06-08 00:54:05 56      MKSI_BBG000BVMG26_2021-03-24
2021-06-08 00:54:05 59      MKTX_BBG000BJBZ23_2021-03-24
2021-06-08 00:54:05 60      MLAB_BBG000BP3PW7_2021-03-24
2021-06-08 00:54:05 61      MLCO_BBG000BHP8J4_2021-03-24
2021-06-08 00:54:05 63      MLHR_BBG000BP46T2_2021-03-24
2021-06-08 00:54:05 64      MLM_BBG000BGYMH7_2021-03-24
2021-06-08 00:54:05 65      MMC_BBG000BP4MH0_2021-03-24
2021-06-08 00:54:05 68      MMI_BBG005GBRSR6_2021-03-24
2021-06-08 00:54:05 68      MMM_BBG000BP52R2_2021-03-24
2021-06-08 00:54:05 72      MMS_BBG000BC5WJ4_2021-03-24
2021-06-08 00:54:05 73      MMSI_BBG000C42VX0_2021-03-24
2021-06-08 00:54:05 74      MNRO_BBG000C0BZD1_2021-03-24
2021-06-08 00:54:05 75      MNST_BBG008NVB1C0_2021-03-24
2021-06-08 00:54:05 77      MO_BBG000BP6LJ8_2021-03-24
2021-06-08 00:54:05 79      MO: BuyPending. Strategy: MorningOpenStrategy. Price: 49.56. Lots: 5. ChangeOpenToCurrent: -0.58. ChangePrevCloseToCurrent: -2.06. Candle: ID:13, Time: 7:00, Close: 49.56.
2021-06-08 00:54:05 80      MO: OrderID: 8145bbbc. PlacedOrder. Status: New. RejectReason: 
2021-06-08 00:54:05 80      MO: OrderID: 8145bbbc fully executed
2021-06-08 00:54:05 80      MO: Morning closing by timeout. Close price: 49.71. Lots: 5. Profit: 0.15(0.30%). Candle: ID:98, Time: 7:20, Close: 49.71
2021-06-08 00:54:05 80      MO: OrderID: 1b754df5. PlacedOrder. Status: New. RejectReason: 
2021-06-08 00:54:05 80      MO: OrderID: 1b754df5 partially executed. Executed lots: 1. OrderStatus: 1/5 lots
2021-06-08 00:54:05 80      MO: OrderID: 1b754df5 partially executed. Executed lots: 1. OrderStatus: 2/5 lots
2021-06-08 00:54:05 80      MO: OrderID: 1b754df5 partially executed. Executed lots: 1. OrderStatus: 3/5 lots
2021-06-08 00:54:05 80      MO: OrderID: 1b754df5 fully executed
2021-06-08 00:54:05 81      Exception happened while copiyng file. Error: Could not find a part of the path 'C:\tinkoff\Configuration\test\MO_BBG000BP6LJ8_2021-03-24.csv'.
2021-06-08 00:54:05 81      MOH_BBG000MBHNC8_2021-03-24
2021-06-08 00:54:05 82      MOMO_BBG007HTCQT0_2021-03-24
2021-06-08 00:54:05 97      MORN_BBG000CGQ4F7_2021-03-24
2021-06-08 00:54:05 98      MOS_BBG000BFXHL6_2021-03-24
2021-06-08 00:54:06 02      MOV_BBG000BL30Y9_2021-03-24
2021-06-08 00:54:06 03      MPC_BBG001DCCGR8_2021-03-24
2021-06-08 00:54:06 10      MPWR_BBG000C30L48_2021-03-24
2021-06-08 00:54:06 13      MRC_BBG000BKLTM1_2021-03-24
2021-06-08 00:54:06 14      MRK_BBG000BPD168_2021-03-24
2021-06-08 00:54:06 19      MRNA_BBG003PHHZT1_2021-03-24
2021-06-08 00:54:06 29      MRO_BBG000C8H633_2021-03-24
2021-06-08 00:54:06 32      MRTX_BBG004TPGBP5_2021-03-24
2021-06-08 00:54:06 34      MS_BBG000BLZRJ2_2021-03-24
2021-06-08 00:54:06 39      MSA_BBG000BPDXF8_2021-03-24
2021-06-08 00:54:06 40      MSCI_BBG000RTDY25_2021-03-24
2021-06-08 00:54:06 41      MSFT_BBG000BPH459_2021-03-24
2021-06-08 00:54:06 74      MSGE_BBG00L9HLWV8_2021-03-24
2021-06-08 00:54:06 75      MSGN_BBG000NS03H7_2021-03-24
2021-06-08 00:54:06 78      MSGS_BBG007FG0C23_2021-03-24
2021-06-08 00:54:06 79      MSI_BBG000BP8Z50_2021-03-24
2021-06-08 00:54:06 82      MSM_BBG000BCLYL9_2021-03-24
2021-06-08 00:54:06 84      MSTR_BBG000GQJPZ0_2021-03-24
2021-06-08 00:54:06 89      MTB_BBG000D9KWL9_2021-03-24
2021-06-08 00:54:06 91      MTCH_BBG00B6WH9G3_2021-03-24
2021-06-08 00:54:06 96      MTD_BBG000BZCKH3_2021-03-24
2021-06-08 00:54:06 97      MTG_BBG000CBMH27_2021-03-24
2021-06-08 00:54:06 99      MTH_BBG000F4F1N0_2021-03-24
2021-06-08 00:54:07 00      MTN_BBG000BCMWM1_2021-03-24
2021-06-08 00:54:07 01      MTOR_BBG000BH92D1_2021-03-24
2021-06-08 00:54:07 03      MTRN_BBG000BDTT76_2021-03-24
2021-06-08 00:54:07 04      MTSC_BBG000BPL8G3_2021-03-24
2021-06-08 00:54:07 05      MU_BBG000C5Z1S3_2021-03-24
2021-06-08 00:54:07 21      MUR_BBG000BPMH90_2021-03-24
2021-06-08 00:54:07 26      MUSA_BBG001Z0Q6T5_2021-03-24
2021-06-08 00:54:07 27      MXIM_BBG000BPNP00_2021-03-24
2021-06-08 00:54:07 33      MXL_BBG000BB6R33_2021-03-24
2021-06-08 00:54:07 34      MYGN_BBG000D9H9F1_2021-03-24
2021-06-08 00:54:07 37      MYL_BBG000BPQD31_2021-03-24
2021-06-08 00:54:07 38      MYOK_BBG003DKQRK4_2021-03-24
2021-06-08 00:54:07 38      MYRG_BBG000BC7VW9_2021-03-24
2021-06-08 00:54:07 39      NARI_BBG009J8K7M0_2021-03-24
2021-06-08 00:54:07 41      NATI_BBG000DZK6N6_2021-03-24
2021-06-08 00:54:07 42      NAVI_BBG004MN1R41_2021-03-24
2021-06-08 00:54:07 44      NBIX_BBG000GJS7C1_2021-03-24
2021-06-08 00:54:07 46      NBL_BBG000BPT0C6_2021-03-24
2021-06-08 00:54:07 47      NCBS_BBG000QK0TG5_2021-03-24
2021-06-08 00:54:07 48      NCR_BBG000BMXK89_2021-03-24
2021-06-08 00:54:07 49      NDAQ_BBG000F5VVB6_2021-03-24
2021-06-08 00:54:07 51      NDSN_BBG000BPWGR1_2021-03-24
2021-06-08 00:54:07 53      NEE_BBG000BJSBJ0_2021-03-24
2021-06-08 00:54:07 59      NEM_BBG000BPWXK1_2021-03-24
2021-06-08 00:54:07 63      NEO_BBG000BKH263_2021-03-24
2021-06-08 00:54:07 65      NEOG_BBG000C1BCK2_2021-03-24
2021-06-08 00:54:07 67      NET_BBG001WMKHH5_2021-03-24
2021-06-08 00:54:07 70      NEU_BBG000BJ5SS8_2021-03-24
2021-06-08 00:54:07 72      NEWR_BBG001NFKJ68_2021-03-24
2021-06-08 00:54:07 73      NFLX_BBG000CL9VN6_2021-03-24
2021-06-08 00:54:07 81      NGVT_BBG009LM28K6_2021-03-24
2021-06-08 00:54:07 82      NJR_BBG000BPZVW9_2021-03-24
2021-06-08 00:54:07 83      NKE_BBG000C5HS04_2021-03-24
2021-06-08 00:54:07 94      NKTR_BBG000BHCYJ1_2021-03-24
2021-06-08 00:54:07 96      NLOK_BBG000BH2JM1_2021-03-24
2021-06-08 00:54:07 98      NLSN_BBG0088CYPX8_2021-03-24
2021-06-08 00:54:08 00      NMIH_BBG005DLMMZ6_2021-03-24
2021-06-08 00:54:08 02      NOC_BBG000BQ2C28_2021-03-24
2021-06-08 00:54:08 04      NOK_BBG000BNGBW9_2021-03-24
2021-06-08 00:54:08 12      NOV_BBG000BJX8C8_2021-03-24
2021-06-08 00:54:08 14      NOW_BBG000M1R011_2021-03-24
2021-06-08 00:54:08 16      NP_BBG000QCQ764_2021-03-24
2021-06-08 00:54:08 17      NPK_BBG000BQ4GG2_2021-03-24
2021-06-08 00:54:08 18      NRG_BBG000D8RG11_2021-03-24
2021-06-08 00:54:08 23      NSC_BBG000BQ5DS5_2021-03-24
2021-06-08 00:54:08 24      NSP_BBG000BJ41X2_2021-03-24
2021-06-08 00:54:08 26      NTAP_BBG000FP1N32_2021-03-24
2021-06-08 00:54:08 29      NTCO_BBG00R4ZKPN5_2021-03-24
2021-06-08 00:54:08 30      NTCT_BBG000C136Z8_2021-03-24
2021-06-08 00:54:08 31      NTES_BBG000BX72V8_2021-03-24
2021-06-08 00:54:08 34      NTGR_BBG000C4GBR6_2021-03-24
2021-06-08 00:54:08 35      NTLA_BBG007KC7PB0_2021-03-24
2021-06-08 00:54:08 38      NTNX_BBG001NDW1Z7_2021-03-24
2021-06-08 00:54:08 42      NTRA_BBG001J1BQ86_2021-03-24
2021-06-08 00:54:08 43      NTRS_BBG000BQ74K1_2021-03-24
2021-06-08 00:54:08 46      NTUS_BBG000DPZHS3_2021-03-24
2021-06-08 00:54:08 47      NUE_BBG000BQ8KV2_2021-03-24
2021-06-08 00:54:08 51      NUS_BBG000HG21Y3_2021-03-24
2021-06-08 00:54:08 52      NUVA_BBG000LNL298_2021-03-24
2021-06-08 00:54:08 53      NVDA_BBG000BBJQV0_2021-03-24
2021-06-08 00:54:08 67      NVEE_BBG005BT60Y8_2021-03-24
2021-06-08 00:54:08 68      NVR_BBG000BQBYR3_2021-03-24
2021-06-08 00:54:08 69      NVRO_BBG001K61W36_2021-03-24
2021-06-08 00:54:08 70      NVTA_BBG005DJFD43_2021-03-24
2021-06-08 00:54:08 75      NWE_BBG000Q1NMJ4_2021-03-24
2021-06-08 00:54:08 76      NWL_BBG000BQC9V2_2021-03-24
2021-06-08 00:54:08 79      NWLI_BBG008HNHZ07_2021-03-24
2021-06-08 00:54:08 80      NWS_BBG0035M2ZB7_2021-03-24
2021-06-08 00:54:08 81      NWSA_BBG0035LY913_2021-03-24
2021-06-08 00:54:08 84      NXPI_BBG000BND699_2021-03-24
2021-06-08 00:54:08 88      NXST_BBG000DZJVH0_2021-03-24
2021-06-08 00:54:08 90      NYT_BBG000FFC0B3_2021-03-24
2021-06-08 00:54:08 92      O_BBG000DHPN63_2021-03-24
2021-06-08 00:54:08 96      OC_BBG000M44VW8_2021-03-24
2021-06-08 00:54:08 97      ODFL_BBG000CHSS88_2021-03-24
2021-06-08 00:54:08 98      OFIX_BBG000G1C210_2021-03-24
2021-06-08 00:54:08 99      OHI_BBG000BGBTC2_2021-03-24
2021-06-08 00:54:09 01      OI_BBG00R2JZG39_2021-03-24
2021-06-08 00:54:09 02      OII_BBG000CPBCL8_2021-03-24
2021-06-08 00:54:09 03      OIS_BBG000BDDN94_2021-03-24
2021-06-08 00:54:09 06      OKE_BBG000BQHGR6_2021-03-24
2021-06-08 00:54:09 08      OKTA_BBG001YV1SM4_2021-03-24
2021-06-08 00:54:09 11      OLED_BBG000BLRP41_2021-03-24
2021-06-08 00:54:09 26      OLLI_BBG0098VVDT9_2021-03-24
2021-06-08 00:54:09 28      OMC_BBG000BS9489_2021-03-24
2021-06-08 00:54:09 31      OMCL_BBG000BTNGZ4_2021-03-24
2021-06-08 00:54:09 32      ON_BBG000DV7MX4_2021-03-24
2021-06-08 00:54:09 37      ONTO_BBG000BPRN29_2021-03-24
2021-06-08 00:54:09 38      ORCL_BBG000BQLTW7_2021-03-24
2021-06-08 00:54:09 42      ORLY_BBG000BGYWY6_2021-03-24
2021-06-08 00:54:09 45      OSIS_BBG000BWPR54_2021-03-24
2021-06-08 00:54:09 45      OSK_BBG000CC53X1_2021-03-24
2021-06-08 00:54:09 46      OSUR_BBG000J3D1Y8_2021-03-24
2021-06-08 00:54:09 48      OTIS_BBG00RP60KV0_2021-03-24
2021-06-08 00:54:09 50      OVV_BBG00R2NHQ65_2021-03-24
2021-06-08 00:54:09 51      OVV: SPYKE!. Candle: ID:3086, Time: 20:10, Close: 24.7
2021-06-08 00:54:09 52      OXY_BBG000BQQ2S6_2021-03-24
2021-06-08 00:54:09 57      PAGS_BBG00JM7QBR6_2021-03-24
2021-06-08 00:54:09 59      PANW_BBG0014GJCT9_2021-03-24
2021-06-08 00:54:09 60      PATK_BBG000BQSBB2_2021-03-24
2021-06-08 00:54:09 62      PAYC_BBG0064N0ZZ5_2021-03-24
2021-06-08 00:54:09 63      PB_BBG000BHY4D9_2021-03-24
2021-06-08 00:54:09 64      PBCT_BBG000BQT4L6_2021-03-24
2021-06-08 00:54:09 67      PBF_BBG002832GV8_2021-03-24
2021-06-08 00:54:09 69      PBH_BBG000QM0RZ4_2021-03-24
2021-06-08 00:54:09 70      PBI_BBG000BQTMJ9_2021-03-24
2021-06-08 00:54:09 71      PBI: SPYKE!. Candle: ID:71, Time: 8:00, Close: 8.85
2021-06-08 00:54:09 72      PCAR_BBG000BQVTF5_2021-03-24
2021-06-08 00:54:09 75      PCG_BBG000BQWPC5_2021-03-24
2021-06-08 00:54:09 78      PCRX_BBG0018FQNS6_2021-03-24
2021-06-08 00:54:09 80      PCTY_BBG006598YS8_2021-03-24
2021-06-08 00:54:09 81      PD_BBG0043BYPB8_2021-03-24
2021-06-08 00:54:09 83      PDCO_BBG000BQY289_2021-03-24
2021-06-08 00:54:09 84      PEAK_BBG000BKYDP9_2021-03-24
2021-06-08 00:54:09 86      PEG_BBG000BQZMH4_2021-03-24
2021-06-08 00:54:09 89      PEGA_BBG000H1RYG7_2021-03-24
2021-06-08 00:54:09 90      PEN_BBG001BP92V1_2021-03-24
2021-06-08 00:54:09 91      PEP_BBG000DH7JK6_2021-03-24
2021-06-08 00:54:10 00      PETQ_BBG00H1CY328_2021-03-24
2021-06-08 00:54:10 01      PFE_BBG000BR2B91_2021-03-24
2021-06-08 00:54:10 03      PFE: BuyPending. Strategy: MorningOpenStrategy. Price: 34.7. Lots: 7. ChangeOpenToCurrent: -1.70. ChangePrevCloseToCurrent: -2.03. Candle: ID:49, Time: 4:00, Close: 34.7.
2021-06-08 00:54:10 03      PFE: OrderID: dd439a57. PlacedOrder. Status: New. RejectReason: 
2021-06-08 00:54:10 03      PFE: OrderID: dd439a57 fully executed
2021-06-08 00:54:10 03      PFE: Morning closing. Close price: 35.14. Lots: 7. CandleChange: -0.03%. ChangeFromCandleHigh: -0.09%. Profit: 0.44(1.27%). Candle: ID:160, Time: 4:05, Close: 35.14
2021-06-08 00:54:10 03      PFE: OrderID: b0b93ff8. PlacedOrder. Status: New. RejectReason: 
2021-06-08 00:54:10 03      PFE: OrderID: b0b93ff8 partially executed. Executed lots: 1. OrderStatus: 1/7 lots
2021-06-08 00:54:10 03      PFE: OrderID: b0b93ff8 fully executed
2021-06-08 00:54:10 05      Exception happened while copiyng file. Error: Could not find a part of the path 'C:\tinkoff\Configuration\test\PFE_BBG000BR2B91_2021-03-24.csv'.
2021-06-08 00:54:10 06      PFG_BBG000NSCNT7_2021-03-24
2021-06-08 00:54:10 09      PFGC_BBG009XW2WB8_2021-03-24
2021-06-08 00:54:10 11      PFPT_BBG000RQ2GY7_2021-03-24
2021-06-08 00:54:10 13      PG_BBG000BR2TH3_2021-03-24
2021-06-08 00:54:10 20      PGNY_BBG002H1K1H1_2021-03-24
2021-06-08 00:54:10 21      PGR_BBG000BR37X2_2021-03-24
2021-06-08 00:54:10 25      PGTI_BBG000FX3Y66_2021-03-24
2021-06-08 00:54:10 26      PH_BBG000BR3KL6_2021-03-24
2021-06-08 00:54:10 28      PHM_BBG000BR54L0_2021-03-24
2021-06-08 00:54:10 30      PII_BBG000D5S4M0_2021-03-24
2021-06-08 00:54:10 33      PINC_BBG000G7QX50_2021-03-24
2021-06-08 00:54:10 34      PINS_BBG002583CV8_2021-03-24
2021-06-08 00:54:10 39      PIPR_BBG000FQXC75_2021-03-24
2021-06-08 00:54:10 40      PKG_BBG000BB8SW7_2021-03-24
2021-06-08 00:54:10 41      PKI_BBG000FXW512_2021-03-24
2021-06-08 00:54:10 43      PLAN_BBG002DZS299_2021-03-24
2021-06-08 00:54:10 47      PLAY_BBG001WWJTK5_2021-03-24
2021-06-08 00:54:10 49      PLCE_BBG000JK9DK4_2021-03-24
2021-06-08 00:54:10 50      PLD_BBG000B9Z0J8_2021-03-24
2021-06-08 00:54:10 52      PLNT_BBG009H04M17_2021-03-24
2021-06-08 00:54:10 53      PLNT: BuyPending. Strategy: MorningOpenStrategy. Price: 74. Lots: 3. ChangeOpenToCurrent: 0.01. ChangePrevCloseToCurrent: -3.01. Candle: ID:9, Time: 7:00, Close: 74.
2021-06-08 00:54:10 53      PLNT: OrderID: 688f8fea. PlacedOrder. Status: New. RejectReason: 
2021-06-08 00:54:10 53      PLNT: OrderID: 688f8fea fully executed
2021-06-08 00:54:10 53      PLNT: Morning closing. Close price: 77.59. Lots: 3. CandleChange: -0.04%. ChangeFromCandleHigh: -0.04%. Profit: 3.59(4.85%). Candle: ID:128, Time: 13:40, Close: 77.59
2021-06-08 00:54:10 53      PLNT: OrderID: a3fa2ad5. PlacedOrder. Status: New. RejectReason: 
2021-06-08 00:54:10 53      PLNT: OrderID: a3fa2ad5 fully executed
2021-06-08 00:54:10 54      Exception happened while copiyng file. Error: Could not find a part of the path 'C:\tinkoff\Configuration\test\PLNT_BBG009H04M17_2021-03-24.csv'.
2021-06-08 00:54:10 54      PLTR_BBG000N7QR55_2021-03-24
2021-06-08 00:54:10 65      PLUS_BBG000HN7W02_2021-03-24
2021-06-08 00:54:10 66      PLXS_BBG000BRBX66_2021-03-24
2021-06-08 00:54:10 67      PM_BBG000J2XL74_2021-03-24
2021-06-08 00:54:10 70      PNC_BBG000BRD0D8_2021-03-24
2021-06-08 00:54:10 72      PNFP_BBG000C1XKF6_2021-03-24
2021-06-08 00:54:10 74      PNTG_BBG00P33SY72_2021-03-24
2021-06-08 00:54:10 75      PODD_BBG000R7XX87_2021-03-24
2021-06-08 00:54:10 77      POOL_BBG000BCVG28_2021-03-24
2021-06-08 00:54:10 78      POR_BBG000BCRMW7_2021-03-24
2021-06-08 00:54:10 80      POST_BBG001WTBC36_2021-03-24
2021-06-08 00:54:10 81      POWI_BBG000BTT3D1_2021-03-24
2021-06-08 00:54:10 82      PPC_BBG000BFLXV3_2021-03-24
2021-06-08 00:54:10 83      PPG_BBG000BRJ809_2021-03-24
2021-06-08 00:54:10 85      PPL_BBG000BRJL00_2021-03-24
2021-06-08 00:54:10 87      PRAA_BBG000BNTW77_2021-03-24
2021-06-08 00:54:10 88      PRAH_BBG007387YL8_2021-03-24
2021-06-08 00:54:10 89      PRFT_BBG000BVXFK6_2021-03-24
2021-06-08 00:54:10 90      PRG_BBG00VSH86G4_2021-03-24
2021-06-08 00:54:10 91      PRGS_BBG000C4QP94_2021-03-24
2021-06-08 00:54:10 93      PRI_BBG000T8ZF80_2021-03-24
2021-06-08 00:54:10 94      PRLB_BBG000BT13B3_2021-03-24
2021-06-08 00:54:10 96      PRSC_TCS000P1B7C8_2021-03-24
2021-06-08 00:54:10 97      PRSP_BBG00KMXKWF9_2021-03-24
2021-06-08 00:54:10 98      PRU_BBG000HCJMF9_2021-03-24
2021-06-08 00:54:11 01      PS_BBG00KMYC574_2021-03-24
2021-06-08 00:54:11 02      PSA_BBG000BPPN67_2021-03-24
2021-06-08 00:54:11 04      PSN_BBG000C3TKY6_2021-03-24
2021-06-08 00:54:11 05      PSTG_BBG00212PVZ5_2021-03-24
2021-06-08 00:54:11 09      PSX_BBG00286S4N9_2021-03-24
2021-06-08 00:54:11 12      PTC_BBG000C2VBB0_2021-03-24
2021-06-08 00:54:11 14      PTCT_BBG000QT15P7_2021-03-24
2021-06-08 00:54:11 15      PTON_BBG00JG0FFZ2_2021-03-24
2021-06-08 00:54:11 27      PTR_BBG000BR85F1_2021-03-24
2021-06-08 00:54:11 28      PUMP_BBG00FYCQ352_2021-03-24
2021-06-08 00:54:11 30      PVH_BBG000BRRG02_2021-03-24
2021-06-08 00:54:11 32      PWR_BBG000BBL8V7_2021-03-24
2021-06-08 00:54:11 34      PXD_BBG000BXRPH1_2021-03-24
2021-06-08 00:54:11 36      PYPL_BBG0077VNXV6_2021-03-24
2021-06-08 00:54:11 46      PZZA_BBG000BFWF13_2021-03-24
2021-06-08 00:54:11 49      QADA_BBG001BP77C3_2021-03-24
2021-06-08 00:54:11 50      QCOM_BBG000CGC1X8_2021-03-24
2021-06-08 00:54:11 62      QDEL_BBG000C6GN04_2021-03-24
2021-06-08 00:54:11 66      QLYS_BBG000HT5G06_2021-03-24
2021-06-08 00:54:11 68      QNST_BBG000S9XXB8_2021-03-24
2021-06-08 00:54:11 71      QRTEA_BBG000PCQQL6_2021-03-24
2021-06-08 00:54:11 73      QRVO_BBG007TJF1N7_2021-03-24
2021-06-08 00:54:11 77      QTS_BBG0054B20Z8_2021-03-24
2021-06-08 00:54:11 78      QTWO_BBG005ZVK9P2_2021-03-24
2021-06-08 00:54:11 79      QUOT_BBG001QYNR63_2021-03-24
2021-06-08 00:54:11 80      R_BBG000BRVP70_2021-03-24
2021-06-08 00:54:11 81      RACE_BBG009PH3Q86_2021-03-24
2021-06-08 00:54:11 82      RAMP_BBG000BB4HM6_2021-03-24
2021-06-08 00:54:11 83      RARE_BBG001RWPDW6_2021-03-24
2021-06-08 00:54:11 85      RAVN_BBG000CXQTZ3_2021-03-24
2021-06-08 00:54:11 86      RBC_BBG000BRXTR8_2021-03-24
2021-06-08 00:54:11 87      RCL_BBG000BB5792_2021-03-24
2021-06-08 00:54:11 93      RDFN_BBG001Q7HP63_2021-03-24
2021-06-08 00:54:11 96      RDS.A_BBG000QXSSS6_2021-03-24
2021-06-08 00:54:11 99      RDY_BBG000NJ96L6_2021-03-24
2021-06-08 00:54:12 00      RE_BBG000C1XVK6_2021-03-24
2021-06-08 00:54:12 01      REG_BBG000BL46Q4_2021-03-24
2021-06-08 00:54:12 03      REGI_BBG0016SSV00_2021-03-24
2021-06-08 00:54:12 07      REGN_BBG000C734W3_2021-03-24
2021-06-08 00:54:12 10      RETA_BBG000R33BD1_2021-03-24
2021-06-08 00:54:12 12      RETA: SPYKE!. Candle: ID:2456, Time: 20:00, Close: 99.9
2021-06-08 00:54:12 12      REX_BBG000D2ZK61_2021-03-24
2021-06-08 00:54:12 13      REZI_BBG00HY28K89_2021-03-24
2021-06-08 00:54:12 15      RF_BBG000Q3JN03_2021-03-24
2021-06-08 00:54:12 17      RGA_BBG000BDLCQ0_2021-03-24
2021-06-08 00:54:12 18      RGEN_BBG000BS48J3_2021-03-24
2021-06-08 00:54:12 19      RGLD_BBG000BS5170_2021-03-24
2021-06-08 00:54:12 21      RGNX_BBG007Z9V591_2021-03-24
2021-06-08 00:54:12 22      RGR_BBG000C4FQG6_2021-03-24
2021-06-08 00:54:12 23      RH_BBG002293PJ4_2021-03-24
2021-06-08 00:54:12 25      RHI_BBG000BS5DR2_2021-03-24
2021-06-08 00:54:12 26      RIG_BBG000BH5LT6_2021-03-24
2021-06-08 00:54:12 35      RIG: BuyPending. Strategy: MorningOpenStrategy. Price: 3.3. Lots: 75. ChangeOpenToCurrent: -4.35. ChangePrevCloseToCurrent: 0.30. Candle: ID:26, Time: 7:00, Close: 3.3.
2021-06-08 00:54:12 35      RIG: OrderID: 967d3458. PlacedOrder. Status: New. RejectReason: 
2021-06-08 00:54:12 35      RIG: Cancel order. Did not bought at market open. Candle: ID:254, Time: 7:05, Close: 3.36
2021-06-08 00:54:12 35      OrderID: 967d3458 successfully canceled
2021-06-08 00:54:12 40      RJF_BBG000BS73J1_2021-03-24
2021-06-08 00:54:12 42      RL_BBG000BS0ZF1_2021-03-24
2021-06-08 00:54:12 44      RMD_BBG000L4M7F1_2021-03-24
2021-06-08 00:54:12 46      RNG_BBG000J094P3_2021-03-24
2021-06-08 00:54:12 62      ROCK_BBG000BKQDQ7_2021-03-24
2021-06-08 00:54:12 64      ROG_BBG000BS9HN3_2021-03-24
2021-06-08 00:54:12 64      ROK_BBG000BBCDZ2_2021-03-24
2021-06-08 00:54:12 65      ROKU_BBG001ZZPQJ6_2021-03-24
2021-06-08 00:54:12 72      ROL_BBG000BSBBP1_2021-03-24
2021-06-08 00:54:12 73      ROLL_BBG000GMGNB3_2021-03-24
2021-06-08 00:54:12 74      ROP_BBG000F1ZSN5_2021-03-24
2021-06-08 00:54:12 76      ROST_BBG000BSBZH7_2021-03-24
2021-06-08 00:54:12 78      RP_BBG000CN5CJ3_2021-03-24
2021-06-08 00:54:12 79      RPD_BBG009DFHWG6_2021-03-24
2021-06-08 00:54:12 81      RPM_BBG000DCNK80_2021-03-24
2021-06-08 00:54:12 82      RRBI_BBG000QKNLB2_2021-03-24
2021-06-08 00:54:12 82      RRC_BBG000FVXD63_2021-03-24
2021-06-08 00:54:12 85      RRGB_BBG000MXH9C1_2021-03-24
2021-06-08 00:54:12 86      RRGB: SPYKE!. Candle: ID:2188, Time: 21:35, Close: 36.23
2021-06-08 00:54:12 86      RS_BBG000CJ2181_2021-03-24
2021-06-08 00:54:12 87      RSG_BBG000BPXVJ6_2021-03-24
2021-06-08 00:54:12 89      RTX_BBG000BW8S60_2021-03-24
2021-06-08 00:54:12 93      RVLV_BBG00M4RHBD0_2021-03-24
2021-06-08 00:54:12 94      RVLV: SPYKE!. Candle: ID:2081, Time: 21:35, Close: 47.51
2021-06-08 00:54:12 94      RXN_BBG000H8R0N8_2021-03-24
2021-06-08 00:54:12 95      RYN_BBG000BG7L34_2021-03-24
2021-06-08 00:54:12 96      RYTM_BBG007DLZ601_2021-03-24
2021-06-08 00:54:12 98      SAFM_BBG000BSHJ96_2021-03-24
2021-06-08 00:54:12 98      SAGE_BBG0025X16Y5_2021-03-24
2021-06-08 00:54:12 99      SAIA_BBG000P5LMQ0_2021-03-24
2021-06-08 00:54:13 01      SAIC_BBG003BW05K6_2021-03-24
2021-06-08 00:54:13 01      SAIL_BBG00J0BBZL0_2021-03-24
2021-06-08 00:54:13 03      SAM_BBG000BCZBF1_2021-03-24
2021-06-08 00:54:13 04      SAVE_BBG000BF6RQ9_2021-03-24
2021-06-08 00:54:13 06      SAVE: SPYKE!. Candle: ID:5856, Time: 20:00, Close: 35.8
2021-06-08 00:54:13 06      SBAC_BBG000D2M0Z7_2021-03-24
2021-06-08 00:54:13 08      SBCF_BBG000KK3464_2021-03-24
2021-06-08 00:54:13 09      SBGI_BBG000F2XXP2_2021-03-24
2021-06-08 00:54:13 11      SBH_BBG000LR8515_2021-03-24
2021-06-08 00:54:13 12      SBRA_BBG000MTDW24_2021-03-24
2021-06-08 00:54:13 14      SBUX_BBG000CTQBF3_2021-03-24
2021-06-08 00:54:13 19      SCCO_BBG000BSHH72_2021-03-24
2021-06-08 00:54:13 22      SCHW_BBG000BSLZY7_2021-03-24
2021-06-08 00:54:13 28      SCI_BBG000BTHH16_2021-03-24
2021-06-08 00:54:13 29      SCSC_BBG000BHTPZ4_2021-03-24
2021-06-08 00:54:13 30      SDGR_BBG000T88BN2_2021-03-24
2021-06-08 00:54:13 34      SEDG_BBG0084BBZY6_2021-03-24
2021-06-08 00:54:13 36      SEE_BBG000C22QV7_2021-03-24
2021-06-08 00:54:13 39      SEIC_BBG000BSQLT9_2021-03-24
2021-06-08 00:54:13 40      SERV_TCS002WMH2F2_2021-03-24
2021-06-08 00:54:13 41      SF_BBG000BSS5C0_2021-03-24
2021-06-08 00:54:13 42      SFIX_BBG0046L1KL9_2021-03-24
2021-06-08 00:54:13 44      SFM_BBG001KFKQM7_2021-03-24
2021-06-08 00:54:13 47      SGEN_BBG000BH0FR6_2021-03-24
2021-06-08 00:54:13 49      SHAK_BBG0063GCHH8_2021-03-24
2021-06-08 00:54:13 50      SHEN_BBG000BTC2N0_2021-03-24
2021-06-08 00:54:13 51      SHI_BBG000BHR1H9_2021-03-24
2021-06-08 00:54:13 52      SHI: BuyPending. Strategy: MorningOpenStrategy. Price: 23. Lots: 10. ChangeOpenToCurrent: -0.86. ChangePrevCloseToCurrent: -3.32. Candle: ID:9, Time: 7:00, Close: 23.
2021-06-08 00:54:13 52      SHI: OrderID: 010e4a68. PlacedOrder. Status: New. RejectReason: 
2021-06-08 00:54:13 52      SHI: OrderID: 010e4a68 fully executed
2021-06-08 00:54:13 52      SHI: Morning closing by timeout. Close price: 23.09. Lots: 10. Profit: 0.09(0.39%). Candle: ID:56, Time: 7:20, Close: 23.09
2021-06-08 00:54:13 52      SHI: OrderID: 980bcba3. PlacedOrder. Status: New. RejectReason: 
2021-06-08 00:54:13 52      SHI: OrderID: 980bcba3 partially executed. Executed lots: 2. OrderStatus: 2/10 lots
2021-06-08 00:54:13 52      SHI: OrderID: 980bcba3 partially executed. Executed lots: 4. OrderStatus: 6/10 lots
2021-06-08 00:54:13 52      SHI: OrderID: 980bcba3 partially executed. Executed lots: 1. OrderStatus: 7/10 lots
2021-06-08 00:54:13 52      SHI: OrderID: 980bcba3 partially executed. Executed lots: 1. OrderStatus: 8/10 lots
2021-06-08 00:54:13 52      SHI: OrderID: 980bcba3 fully executed
2021-06-08 00:54:13 52      Exception happened while copiyng file. Error: Could not find a part of the path 'C:\tinkoff\Configuration\test\SHI_BBG000BHR1H9_2021-03-24.csv'.
2021-06-08 00:54:13 52      SHW_BBG000BSXQV7_2021-03-24
2021-06-08 00:54:13 54      SIG_BBG000C4ZZ10_2021-03-24
2021-06-08 00:54:13 55      SIGI_BBG000BSZ738_2021-03-24
2021-06-08 00:54:13 57      SINA_BBG000CJZ2W6_2021-03-24
2021-06-08 00:54:13 57      SITE_BBG009T22D49_2021-03-24
2021-06-08 00:54:13 58      SIVB_BBG000BT0CM2_2021-03-24
2021-06-08 00:54:13 62      SJI_BBG000BT0T72_2021-03-24
2021-06-08 00:54:13 64      SJM_BBG000BT1715_2021-03-24
2021-06-08 00:54:13 66      SKM_BBG000BLN497_2021-03-24
2021-06-08 00:54:13 67      SKX_BBG000C4HKK2_2021-03-24
2021-06-08 00:54:13 69      SLAB_BBG000BB99S3_2021-03-24
2021-06-08 00:54:13 70      SLB_BBG000BT41Q8_2021-03-24
2021-06-08 00:54:13 72      SLB: SPYKE!. Candle: ID:2, Time: 7:00, Close: 26.67
2021-06-08 00:54:13 76      SLG_BBG000BVP5P2_2021-03-24
2021-06-08 00:54:13 77      SMAR_BBG00GQK3WB5_2021-03-24
2021-06-08 00:54:13 78      SMG_BBG000BT5PG5_2021-03-24
2021-06-08 00:54:13 79      SMPL_BBG00GVP5JL4_2021-03-24
2021-06-08 00:54:13 81      SMTC_BBG000DBKR53_2021-03-24
2021-06-08 00:54:13 82      SNA_BBG000BT7JW9_2021-03-24
2021-06-08 00:54:13 83      SNAP_BBG00441QMJ7_2021-03-24
2021-06-08 00:54:13 92      SNBR_BBG000DM2BF3_2021-03-24
2021-06-08 00:54:13 94      SNPS_BBG000BSFRF3_2021-03-24
2021-06-08 00:54:13 96      SNX_BBG000CL9JV4_2021-03-24
2021-06-08 00:54:13 98      SNY_BBG000BBD5N1_2021-03-24
2021-06-08 00:54:13 99      SO_BBG000BT9DW0_2021-03-24
2021-06-08 00:54:14 03      SOHU_BBG00L2DB535_2021-03-24
2021-06-08 00:54:14 05      SON_BBG000D7HF89_2021-03-24
2021-06-08 00:54:14 06      SONO_BBG001JZPSQ2_2021-03-24
2021-06-08 00:54:14 08      SP_BBG000BJ91B1_2021-03-24
2021-06-08 00:54:14 09      SPB@US_BBG000DS5588_2021-03-24
2021-06-08 00:54:14 10      SPCE_BBG00HTN2CQ3_2021-03-24
2021-06-08 00:54:14 30      SPG_BBG000BJ2D31_2021-03-24
2021-06-08 00:54:14 33      SPGI_BBG000BP1Q11_2021-03-24
2021-06-08 00:54:14 34      SPLK_BBG001C7TST4_2021-03-24
2021-06-08 00:54:14 38      SPOT_BBG003T4VFC2_2021-03-24
2021-06-08 00:54:14 41      SPR_BBG000PRJ2Z9_2021-03-24
2021-06-08 00:54:14 43      SPSC_BBG000PZGB75_2021-03-24
2021-06-08 00:54:14 44      SQ_BBG0018SLC07_2021-03-24
2021-06-08 00:54:14 51      SRC_BBG0027Z6X10_2021-03-24
2021-06-08 00:54:14 52      SRCL_BBG000H3FZM6_2021-03-24
2021-06-08 00:54:14 53      SRDX_BBG000BZ2QG2_2021-03-24
2021-06-08 00:54:14 53      SRE_BBG000C2ZCH8_2021-03-24
2021-06-08 00:54:14 55      SRI_BBG000BB9Q78_2021-03-24
2021-06-08 00:54:14 56      SRPT_BBG000BCJ161_2021-03-24
2021-06-08 00:54:14 61      SSD_BBG000JLC8L8_2021-03-24
2021-06-08 00:54:14 63      SSNC_BBG000RJ2J04_2021-03-24
2021-06-08 00:54:14 66      SSTK_BBG002ZCK2V9_2021-03-24
2021-06-08 00:54:14 66      STAA_BBG000C4QB95_2021-03-24
2021-06-08 00:54:14 68      STAG_BBG000BGLFP7_2021-03-24
2021-06-08 00:54:14 69      STLD_BBG000HGYNZ9_2021-03-24
2021-06-08 00:54:14 71      STMP_BBG000CZ4KF3_2021-03-24
2021-06-08 00:54:14 73      STRA_BBG000GRZDV1_2021-03-24
2021-06-08 00:54:14 74      STT_BBG000BKFBD7_2021-03-24
2021-06-08 00:54:14 75      STX_BBG000F0KF42_2021-03-24
2021-06-08 00:54:14 75      Warning: figi `BBG000F0KF42` for history data does not match actual figi `BBG0113JGQF0`. Ticker: STX. Will be used actual!
2021-06-08 00:54:14 78      STZ_BBG000J1QLT0_2021-03-24
2021-06-08 00:54:14 79      SUPN_BBG000BP0HX7_2021-03-24
2021-06-08 00:54:14 80      SWAV_BBG005XVXML5_2021-03-24
2021-06-08 00:54:14 81      SWBI_BBG000BM0QL7_2021-03-24
2021-06-08 00:54:14 83      SWCH_BBG00HPDM5Z2_2021-03-24
2021-06-08 00:54:14 85      SWI_BBG00M1CKSK7_2021-03-24
2021-06-08 00:54:14 87      SWK_BBG000BTQR96_2021-03-24
2021-06-08 00:54:14 88      SWKS_BBG000KLB4Q1_2021-03-24
2021-06-08 00:54:14 92      SWN_BBG000BTR593_2021-03-24
2021-06-08 00:54:14 95      SWX_BBG00FWP4JW4_2021-03-24
2021-06-08 00:54:14 96      SXI_BBG000BTT5B8_2021-03-24
2021-06-08 00:54:14 97      SXT_BBG000J79P80_2021-03-24
2021-06-08 00:54:14 98      SYF_BBG00658F3P3_2021-03-24
2021-06-08 00:54:15 04      SYK_BBG000DN7P92_2021-03-24
2021-06-08 00:54:15 05      SYKE_BBG000BBHPV4_2021-03-24
2021-06-08 00:54:15 07      SYNA_BBG000BQV1S2_2021-03-24
2021-06-08 00:54:15 09      SYNH_BBG0078Y1D92_2021-03-24
2021-06-08 00:54:15 10      SYY_BBG000BTVJ25_2021-03-24
2021-06-08 00:54:15 13      T_BBG000BSJK37_2021-03-24
2021-06-08 00:54:15 17      TAK_BBG000LF8708_2021-03-24
2021-06-08 00:54:15 18      TAL_BBG0016XJ8S0_2021-03-24
2021-06-08 00:54:15 24      TAP_BBG000BS7KS3_2021-03-24
2021-06-08 00:54:15 27      TCBI_BBG000DN4ZT1_2021-03-24
2021-06-08 00:54:15 27      TCBI: SPYKE!. Candle: ID:3, Time: 13:30, Close: 82.25
2021-06-08 00:54:15 29      TCMD_BBG001B12Z39_2021-03-24
2021-06-08 00:54:15 30      TCRR_BBG00FH3FM15_2021-03-24
2021-06-08 00:54:15 31      TCS_BBG005DXJS36_2021-03-24
2021-06-08 00:54:15 32      TCS: BuyPending. Strategy: MorningOpenStrategy. Price: 56. Lots: 4. ChangeOpenToCurrent: -3.41. ChangePrevCloseToCurrent: -0.88. Candle: ID:16, Time: 7:00, Close: 56.
2021-06-08 00:54:15 32      TCS: OrderID: b04fe4f6. PlacedOrder. Status: New. RejectReason: 
2021-06-08 00:54:15 32      TCS: OrderID: b04fe4f6 fully executed
2021-06-08 00:54:15 32      TCS: Morning closing by timeout. Close price: 56.01. Lots: 4. Profit: 0.01(0.02%). Candle: ID:137, Time: 7:20, Close: 56.01
2021-06-08 00:54:15 32      TCS: OrderID: 48aa5f63. PlacedOrder. Status: New. RejectReason: 
2021-06-08 00:54:15 32      TCS: OrderID: 48aa5f63 partially executed. Executed lots: 1. OrderStatus: 1/4 lots
2021-06-08 00:54:15 32      TCS: OrderID: 48aa5f63 partially executed. Executed lots: 1. OrderStatus: 2/4 lots
2021-06-08 00:54:15 32      TCS: OrderID: 48aa5f63 fully executed
2021-06-08 00:54:15 32      Exception happened while copiyng file. Error: Could not find a part of the path 'C:\tinkoff\Configuration\test\TCS_BBG005DXJS36_2021-03-24.csv'.
2021-06-08 00:54:15 32      TCX_BBG000L69KL5_2021-03-24
2021-06-08 00:54:15 33      TDC_BBG000R0L5J4_2021-03-24
2021-06-08 00:54:15 36      TDG_BBG000L8CBX4_2021-03-24
2021-06-08 00:54:15 37      TDOC_BBG0019T5SG0_2021-03-24
2021-06-08 00:54:15 41      TDS_BBG000BV0VK7_2021-03-24
2021-06-08 00:54:15 42      TDY_BBG000BMT9T6_2021-03-24
2021-06-08 00:54:15 43      TECD_BBG000BV2BR2_2021-03-24
2021-06-08 00:54:15 44      TECH_BBG000C15114_2021-03-24
2021-06-08 00:54:15 45      TEL_BBG000RGM5P1_2021-03-24
2021-06-08 00:54:15 47      TENB_BBG00LBLCD02_2021-03-24
2021-06-08 00:54:15 48      TER_BBG000BV4DR6_2021-03-24
2021-06-08 00:54:15 54      TFC_BBG000BYYLS8_2021-03-24
2021-06-08 00:54:15 58      TFX_BBG000BV59Y6_2021-03-24
2021-06-08 00:54:15 59      TGNA_BBG000BK5DP1_2021-03-24
2021-06-08 00:54:15 61      TGT_BBG000H8TVT2_2021-03-24
2021-06-08 00:54:15 64      THG_BBG000FJH8W0_2021-03-24
2021-06-08 00:54:15 65      THO_BBG000BV6R84_2021-03-24
2021-06-08 00:54:15 67      THRM_BBG000BQLM34_2021-03-24
2021-06-08 00:54:15 68      THS_BBG000GQGJT4_2021-03-24
2021-06-08 00:54:15 69      TIF_BBG000BV75B7_2021-03-24
2021-06-08 00:54:15 70      TJX_BBG000BV8DN6_2021-03-24
2021-06-08 00:54:15 74      TKR_BBG000BV95H9_2021-03-24
2021-06-08 00:54:15 75      TMHC_BBG003PGJHP5_2021-03-24
2021-06-08 00:54:15 76      TMO_BBG000BVDLH9_2021-03-24
2021-06-08 00:54:15 78      TMUS_BBG000NDV1D4_2021-03-24
2021-06-08 00:54:15 82      TMX_BBG002WMH2F2_2021-03-24
2021-06-08 00:54:15 84      TNC_BBG000JCZJS2_2021-03-24
2021-06-08 00:54:15 84      TNDM_BBG0019V9M65_2021-03-24
2021-06-08 00:54:15 87      TNET_BBG000BR2040_2021-03-24
2021-06-08 00:54:15 88      TOL_BBG000BVHBM1_2021-03-24
2021-06-08 00:54:15 89      TOT_BBG000CHZ857_2021-03-24
2021-06-08 00:54:15 92      TPH_BBG0016YQTR5_2021-03-24
2021-06-08 00:54:15 93      TPIC_BBG0016MQ7C5_2021-03-24
2021-06-08 00:54:15 95      TPIC: SPYKE!. Candle: ID:2924, Time: 20:25, Close: 46.93
2021-06-08 00:54:15 96      TPR_BBG000BY29C7_2021-03-24
2021-06-08 00:54:15 98      TPTX_BBG00NPL9WH7_2021-03-24
2021-06-08 00:54:16 00      TPX_BBG000PXGT62_2021-03-24
2021-06-08 00:54:16 02      TREE_BBG000TVRB50_2021-03-24
2021-06-08 00:54:16 04      TREX_BBG000BTGKK9_2021-03-24
2021-06-08 00:54:16 06      TRHC_BBG00BT7PPY8_2021-03-24
2021-06-08 00:54:16 06      TRIP_BBG001M8HHB7_2021-03-24
2021-06-08 00:54:16 12      TRMB_BBG000BNPS52_2021-03-24
2021-06-08 00:54:16 15      TROW_BBG000BVMPN3_2021-03-24
2021-06-08 00:54:16 18      TRU_BBG002Q7J5Z1_2021-03-24
2021-06-08 00:54:16 19      TRUP_BBG002BC7WC5_2021-03-24
2021-06-08 00:54:16 21      TRV_BBG000BJ81C1_2021-03-24
2021-06-08 00:54:16 23      TSCO_BBG000BLXZN1_2021-03-24
2021-06-08 00:54:16 25      TSLA_BBG000N9MNX3_2021-03-24
2021-06-08 00:54:16 86      TSM_BBG000BD8ZK0_2021-03-24
2021-06-08 00:54:17 01      TSN_BBG000DKCC19_2021-03-24
2021-06-08 00:54:17 03      TSS_BBG000C1JTL6_2021-03-24
2021-06-08 00:54:17 04      TT_BBG000BM6788_2021-03-24
2021-06-08 00:54:17 05      TTC_BBG000BVQRY3_2021-03-24
2021-06-08 00:54:17 06      TTD_BBG00629NGT2_2021-03-24
2021-06-08 00:54:17 10      TTEK_BBG000BYZ0Q5_2021-03-24
2021-06-08 00:54:17 11      TTM_BBG000PVGDH9_2021-03-24
2021-06-08 00:54:17 13      TTMI_BBG000BYQ0B1_2021-03-24
2021-06-08 00:54:17 14      TTWO_BBG000BS1YV5_2021-03-24
2021-06-08 00:54:17 16      TW_BBG00NK8H8T2_2021-03-24
2021-06-08 00:54:17 18      TWLO_BBG0029ZX840_2021-03-24
2021-06-08 00:54:17 21      TWNK_BBG00B6KGNN1_2021-03-24
2021-06-08 00:54:17 23      TWOU_BBG001KS9450_2021-03-24
2021-06-08 00:54:17 28      TWTR_BBG000H6HNW3_2021-03-24
2021-06-08 00:54:17 40      TXG_BBG007WX14X0_2021-03-24
2021-06-08 00:54:17 42      TXN_BBG000BVV7G1_2021-03-24
2021-06-08 00:54:17 49      TXRH_BBG000PSJMV7_2021-03-24
2021-06-08 00:54:17 52      TXT_BBG000BVVQQ8_2021-03-24
2021-06-08 00:54:17 54      TYL_BBG000BVWZF9_2021-03-24
2021-06-08 00:54:17 54      UA_BBG009DTD8H2_2021-03-24
2021-06-08 00:54:17 56      UAA_BBG000BXM6V2_2021-03-24
2021-06-08 00:54:17 58      UAL_BBG000M65M61_2021-03-24
2021-06-08 00:54:17 69      UBER_BBG002B04MT8_2021-03-24
2021-06-08 00:54:17 75      UCTT_BBG000HSLV70_2021-03-24
2021-06-08 00:54:17 76      UDR_BBG000C41023_2021-03-24
2021-06-08 00:54:17 79      UFPI_BBG000BL0T06_2021-03-24
2021-06-08 00:54:17 81      UFS_BBG000BHFHP8_2021-03-24
2021-06-08 00:54:17 84      UGI_BBG000BVYN55_2021-03-24
2021-06-08 00:54:17 85      UHS_BBG000CB8Q50_2021-03-24
2021-06-08 00:54:17 86      UI_BBG001R72SR9_2021-03-24
2021-06-08 00:54:17 88      ULTA_BBG00FWQ4VD6_2021-03-24
2021-06-08 00:54:17 90      UMBF_BBG000DD8WX1_2021-03-24
2021-06-08 00:54:17 91      UNF_BBG000BW29L1_2021-03-24
2021-06-08 00:54:17 92      UNH_BBG000CH5208_2021-03-24
2021-06-08 00:54:17 95      UNM_BBG000BW2QX0_2021-03-24
2021-06-08 00:54:17 99      UNP_BBG000BW3299_2021-03-24
2021-06-08 00:54:18 02      UNVR_BBG000BDHD29_2021-03-24
2021-06-08 00:54:18 03      UPS_BBG000L9CV04_2021-03-24
2021-06-08 00:54:18 07      UPWK_BBG00FBJ6390_2021-03-24
2021-06-08 00:54:18 09      URBN_BBG000BL79J3_2021-03-24
2021-06-08 00:54:18 11      URI_BBG000BXMFC3_2021-03-24
2021-06-08 00:54:18 12      USB_BBG000FFDM15_2021-03-24
2021-06-08 00:54:18 16      USFD_BBG00C6H6D40_2021-03-24
2021-06-08 00:54:18 19      USM_BBG000BW6P59_2021-03-24
2021-06-08 00:54:18 20      USNA_BBG000BX28M0_2021-03-24
2021-06-08 00:54:18 21      USPH_BBG000CSRSG6_2021-03-24
2021-06-08 00:54:18 21      UTHR_BBG000BV4XJ1_2021-03-24
2021-06-08 00:54:18 23      UTL_BBG000BW7X97_2021-03-24
2021-06-08 00:54:18 24      UTX_BBG0089KM290_2021-03-24
2021-06-08 00:54:18 25      V_BBG000PSKYX7_2021-03-24
2021-06-08 00:54:18 32      VAC_BBG001J2R5H3_2021-03-24
2021-06-08 00:54:18 33      VALE_BBG000BN5LG7_2021-03-24
2021-06-08 00:54:18 36      VAR_BBG000BWBZN1_2021-03-24
2021-06-08 00:54:18 37      VC_BBG0016T3GQ0_2021-03-24
2021-06-08 00:54:18 38      VCEL_BBG000BDCM24_2021-03-24
2021-06-08 00:54:18 40      VCRA_BBG00179VSY7_2021-03-24
2021-06-08 00:54:18 41      VCYT_BBG001J2M542_2021-03-24
2021-06-08 00:54:18 43      VEEV_BBG001CGB489_2021-03-24
2021-06-08 00:54:18 45      VEON_BBG000QCW561_2021-03-24
2021-06-08 00:54:18 49      VFC_BBG000BWCKB6_2021-03-24
2021-06-08 00:54:18 52      VG_BBG000BRB5D9_2021-03-24
2021-06-08 00:54:18 55      VIAC_BBG000C496P7_2021-03-24
2021-06-08 00:54:18 79      VIAC: SPYKE!. Candle: ID:67, Time: 7:20, Close: 85
2021-06-08 00:54:18 90      VICR_BBG000C3VHF1_2021-03-24
2021-06-08 00:54:18 91      VIE_BBG00K6P5XM1_2021-03-24
2021-06-08 00:54:18 92      VIPS_BBG002NLDLV8_2021-03-24
2021-06-08 00:54:19 03      VIR_BBG00H2QQ8T5_2021-03-24
2021-06-08 00:54:19 04      VIR: SPYKE!. Candle: ID:13, Time: 7:10, Close: 51.06
2021-06-08 00:54:19 05      VLO_BBG000BBGGQ1_2021-03-24
2021-06-08 00:54:19 09      VMC_BBG000BWGYF8_2021-03-24
2021-06-08 00:54:19 11      VMI_BBG000BWB7V4_2021-03-24
2021-06-08 00:54:19 12      VMW_BBG000BC9938_2021-03-24
2021-06-08 00:54:19 14      VNDA_BBG000HT5MG6_2021-03-24
2021-06-08 00:54:19 15      VNE_BBG00K4MPP27_2021-03-24
2021-06-08 00:54:19 19      VNO_BBG000BWHD54_2021-03-24
2021-06-08 00:54:19 21      VNT_BBG00RRGSJR4_2021-03-24
2021-06-08 00:54:19 23      VPG_BBG000PRQ0V9_2021-03-24
2021-06-08 00:54:19 24      VREX_BBG00CZNLR47_2021-03-24
2021-06-08 00:54:19 25      VRNS_BBG001Y04TN6_2021-03-24
2021-06-08 00:54:19 28      VRNT_BBG000BCBYT2_2021-03-24
2021-06-08 00:54:19 30      VRSK_BBG000BCZL41_2021-03-24
2021-06-08 00:54:19 32      VRSN_BBG000BGKHZ3_2021-03-24
2021-06-08 00:54:19 35      VRTS_BBG000DMFQS2_2021-03-24
2021-06-08 00:54:19 36      VRTU_BBG000QCG7M7_2021-03-24
2021-06-08 00:54:19 36      VRTV_BBG005XZHR97_2021-03-24
2021-06-08 00:54:19 37      VRTX_BBG000C1S2X2_2021-03-24
2021-06-08 00:54:19 41      VTR_BBG000FRVHB9_2021-03-24
2021-06-08 00:54:19 43      VTRS_BBG00Y4RQNH4_2021-03-24
2021-06-08 00:54:19 46      VZ_BBG000HS77T5_2021-03-24
2021-06-08 00:54:19 53      W_BBG001B17MV2_2021-03-24
2021-06-08 00:54:19 56      WAB_BBG000BDD940_2021-03-24
2021-06-08 00:54:19 58      WAL_BBG000Q1KFH4_2021-03-24
2021-06-08 00:54:19 60      WAT_BBG000FQRVM3_2021-03-24
2021-06-08 00:54:19 61      WB_BBG0065XPGX9_2021-03-24
2021-06-08 00:54:19 64      WBA_BBG000BWLMJ4_2021-03-24
2021-06-08 00:54:19 68      WCC_BBG000D0FNV3_2021-03-24
2021-06-08 00:54:19 70      WDAY_BBG000VC0T95_2021-03-24
2021-06-08 00:54:19 73      WDC_BBG000BWNFZ9_2021-03-24
2021-06-08 00:54:19 78      WDFC_BBG000BWNV93_2021-03-24
2021-06-08 00:54:19 79      WEC_BBG000BWP7D9_2021-03-24
2021-06-08 00:54:19 82      WELL_BBG000BKY1G5_2021-03-24
2021-06-08 00:54:19 84      WERN_BBG000BWPP85_2021-03-24
2021-06-08 00:54:19 86      WEX_BBG000BVZP59_2021-03-24
2021-06-08 00:54:19 87      WFC_BBG000BWQFY7_2021-03-24
2021-06-08 00:54:19 93      WGO_BBG000BWS3F3_2021-03-24
2021-06-08 00:54:19 95      WH_BBG00HCY3Q67_2021-03-24
2021-06-08 00:54:19 96      WHD_BBG00JRH1P95_2021-03-24
2021-06-08 00:54:19 97      WHR_BBG000BWSV34_2021-03-24
2021-06-08 00:54:19 98      WING_BBG008N298Y8_2021-03-24
2021-06-08 00:54:20 01      WK_BBG007BVZ8H9_2021-03-24
2021-06-08 00:54:20 02      WLK_BBG000PXZFW2_2021-03-24
2021-06-08 00:54:20 03      WLTW_BBG000DB3KT1_2021-03-24
2021-06-08 00:54:20 05      WM_BBG000BWVSR1_2021-03-24
2021-06-08 00:54:20 07      WMB_BBG000BWVCP8_2021-03-24
2021-06-08 00:54:20 11      WMT_BBG000BWXBC2_2021-03-24
2021-06-08 00:54:20 15      WOR_BBG000HL7499_2021-03-24
2021-06-08 00:54:20 16      WORK_BBG007G7V505_2021-03-24
2021-06-08 00:54:20 19      WRB_BBG000BD1HP2_2021-03-24
2021-06-08 00:54:20 20      WRK_BBG008NXC572_2021-03-24
2021-06-08 00:54:20 21      WRLD_BBG000C3G9J2_2021-03-24
2021-06-08 00:54:20 22      WSC_BBG00B0FS947_2021-03-24
2021-06-08 00:54:20 25      WSM_BBG000FSMWC3_2021-03-24
2021-06-08 00:54:20 27      WSO_BBG000DJN7L9_2021-03-24
2021-06-08 00:54:20 28      WST_BBG000BX24N8_2021-03-24
2021-06-08 00:54:20 30      WTFC_BBG000HD3DW5_2021-03-24
2021-06-08 00:54:20 31      WTS_BBG000C4Z6C2_2021-03-24
2021-06-08 00:54:20 32      WTTR_BBG00G4Y2DC1_2021-03-24
2021-06-08 00:54:20 33      WU_BBG000BB5373_2021-03-24
2021-06-08 00:54:20 35      WWD_BBG000BD53V2_2021-03-24
2021-06-08 00:54:20 37      WWE_BBG000F5YH15_2021-03-24
2021-06-08 00:54:20 39      WWW_BBG000BX2YN2_2021-03-24
2021-06-08 00:54:20 40      WY_BBG000BX3BL3_2021-03-24
2021-06-08 00:54:20 42      WYND_BBG000PV2L86_2021-03-24
2021-06-08 00:54:20 43      WYNN_BBG000LD9JQ8_2021-03-24
2021-06-08 00:54:20 47      XEC_BBG000D6L294_2021-03-24
2021-06-08 00:54:20 48      XEL_BBG000BCTQ65_2021-03-24
2021-06-08 00:54:20 52      XLNX_BBG000C0F570_2021-03-24
2021-06-08 00:54:20 57      XLRN_BBG000R5HWZ1_2021-03-24
2021-06-08 00:54:20 58      XNCR_BBG0026ZG4W0_2021-03-24
2021-06-08 00:54:20 61      XOM_BBG000GZQ728_2021-03-24
2021-06-08 00:54:20 65      XOM: BuyPending. Strategy: MorningOpenStrategy. Price: 54.01. Lots: 4. ChangeOpenToCurrent: -2.01. ChangePrevCloseToCurrent: -2.24. Candle: ID:28, Time: 4:00, Close: 54.01.
2021-06-08 00:54:20 65      XOM: OrderID: 066fa73f. PlacedOrder. Status: New. RejectReason: 
2021-06-08 00:54:20 65      XOM: OrderID: 066fa73f fully executed
2021-06-08 00:54:20 65      XOM: Morning closing by timeout. Close price: 53.85. Lots: 4. Profit: -0.16(-0.30%). Candle: ID:344, Time: 4:20, Close: 53.85
2021-06-08 00:54:20 65      XOM: OrderID: cc7d6cef. PlacedOrder. Status: New. RejectReason: 
2021-06-08 00:54:20 65      XOM: OrderID: cc7d6cef fully executed
2021-06-08 00:54:20 69      Exception happened while copiyng file. Error: Could not find a part of the path 'C:\tinkoff\Configuration\test\XOM_BBG000GZQ728_2021-03-24.csv'.
2021-06-08 00:54:20 70      XPO_BBG000L5CJF3_2021-03-24
2021-06-08 00:54:20 71      XRAY_BBG000BX57K1_2021-03-24
2021-06-08 00:54:20 74      XRX_BBG00NNG2ZJ8_2021-03-24
2021-06-08 00:54:20 75      XYL_BBG001D8R5D0_2021-03-24
2021-06-08 00:54:20 78      Y_BBG000BX6BJ3_2021-03-24
2021-06-08 00:54:20 78      YELP_BBG000Q2HM09_2021-03-24
2021-06-08 00:54:20 79      YETI_BBG00D8JC882_2021-03-24
2021-06-08 00:54:20 80      YEXT_BBG001MKZGY7_2021-03-24
2021-06-08 00:54:20 82      YUM_BBG000BH3GZ2_2021-03-24
2021-06-08 00:54:20 83      YUMC_BBG00B8N0HG1_2021-03-24
2021-06-08 00:54:20 85      YY_BBG003H0XV18_2021-03-24
2021-06-08 00:54:20 87      Z_BBG009NRSWJ4_2021-03-24
2021-06-08 00:54:20 92      ZBH_BBG000BKPL53_2021-03-24
2021-06-08 00:54:20 93      ZBRA_BBG000CC7LQ7_2021-03-24
2021-06-08 00:54:20 96      ZEN_BBG001HRFJG4_2021-03-24
2021-06-08 00:54:20 98      ZG_BBG000D13GN8_2021-03-24
2021-06-08 00:54:21 01      ZGNX_BBG000VDC3G9_2021-03-24
2021-06-08 00:54:21 03      ZI_BBG00S1HJ3M8_2021-03-24
2021-06-08 00:54:21 06      ZION_BBG000BX9WL1_2021-03-24
2021-06-08 00:54:21 09      ZM_BBG0042V6JM8_2021-03-24
2021-06-08 00:54:21 21      ZNH_BBG000BXQ7R1_2021-03-24
2021-06-08 00:54:21 22      ZS_BBG003338H34_2021-03-24
2021-06-08 00:54:21 27      ZTS_BBG0039320N9_2021-03-24
2021-06-08 00:54:21 29      ZUMZ_BBG000PYX812_2021-03-24
2021-06-08 00:54:21 30      ZUO_BBG000BT3HG5_2021-03-24
2021-06-08 00:54:21 32      ZYNE_BBG007BBS8B7_2021-03-24
2021-06-08 00:54:21 40      ZYXI_BBG000BJBXZ2_2021-03-24
2021-06-08 00:54:21 43      Total candles read: 5799973
2021-06-08 00:54:21 43      Start DisposeAsync...
2021-06-08 00:54:21 43      Trade statistic. Total/Pos/Neg: 9/7/2; Profit: 15.91; Volume: 0; MaxVolume: 1206.20; Commission: 2.139765;
2021-06-08 00:54:21 44      BaseBot::DisposeAsync...
2021-06-08 00:54:21 44      BaseBot::DisposeAsync done!
2021-06-08 00:54:21 44      End DisposeAsync...
