2021-06-11 21:57:37 31      mode=TestTradeBot;DumpQuotes=false;SubscribeQuotes=false;Strategies=MorningOpenStrategy;Token=token.txt;ConfigPath=usd.json;OutputFolder=.\new\;CandlesPath=C:\tinkoff\TestData\RawQuotes\5m\uncompressed\quotes_2021-04-13;
2021-06-11 21:57:37 32      Trade bot created
2021-06-11 21:57:37 33      Fake connection created
2021-06-11 21:57:41 06       Error! Unknown ticker: EV
2021-06-11 21:57:41 06       Error! Unknown ticker: IMMU
2021-06-11 21:57:41 06       Error! Unknown ticker: LM
2021-06-11 21:57:41 06       Error! Unknown ticker: LOGM
2021-06-11 21:57:41 06       Error! Unknown ticker: LVGO
2021-06-11 21:57:41 06       Error! Unknown ticker: MTSC
2021-06-11 21:57:41 06       Error! Unknown ticker: MYL
2021-06-11 21:57:41 06       Error! Unknown ticker: MYOK
2021-06-11 21:57:41 06       Error! Unknown ticker: NBL
2021-06-11 21:57:41 07       Error! Unknown ticker: PRSC
2021-06-11 21:57:41 07       Error! Unknown ticker: PS
2021-06-11 21:57:41 07       Error! Unknown ticker: RP
2021-06-11 21:57:41 07       Error! Unknown ticker: SINA
2021-06-11 21:57:41 07       Error! Unknown ticker: TECD
2021-06-11 21:57:41 07       Error! Unknown ticker: TIF
2021-06-11 21:57:41 07       Error! Unknown ticker: VAR
2021-06-11 21:57:41 07       Error! Unknown ticker: VRTU
2021-06-11 21:57:41 07       Error! Unknown ticker: WYND
2021-06-11 21:57:41 08      List of disabled tickers: 
2021-06-11 21:57:41 21      A_BBG000C2V3D6_2021-04-13
2021-06-11 21:57:41 26      AA_BBG00B3T3HD3_2021-04-13
2021-06-11 21:57:41 29      AAL_BBG005P7Q881_2021-04-13
2021-06-11 21:57:41 36      AAN_BBG00WCNDCZ6_2021-04-13
2021-06-11 21:57:41 37      AAON_BBG000C2LZP3_2021-04-13
2021-06-11 21:57:41 37      AAP_BBG000F7RCJ1_2021-04-13
2021-06-11 21:57:41 38      AAPL_BBG000B9XRY4_2021-04-13
2021-06-11 21:57:41 58      ABBV_BBG0025Y4RY4_2021-04-13
2021-06-11 21:57:41 62      ABC_BBG000MDCQC2_2021-04-13
2021-06-11 21:57:41 63      ABG_BBG000BKDWB5_2021-04-13
2021-06-11 21:57:41 64      ABMD_BBG000C101X4_2021-04-13
2021-06-11 21:57:41 64      ABNB_BBG001Y2XS07_2021-04-13
2021-06-11 21:57:41 69      ABT_BBG000B9ZXB4_2021-04-13
2021-06-11 21:57:41 71      ACAD_BBG000BHG9K0_2021-04-13
2021-06-11 21:57:41 74      ACH_BBG000CMRVH1_2021-04-13
2021-06-11 21:57:41 75      ACM_BBG000F61RJ8_2021-04-13
2021-06-11 21:57:41 76      ACMR_BBG00HPSG933_2021-04-13
2021-06-11 21:57:41 77      ACN_BBG000D9D830_2021-04-13
2021-06-11 21:57:41 78      ADBE_BBG000BB5006_2021-04-13
2021-06-11 21:57:41 82      ADM_BBG000BB6WG8_2021-04-13
2021-06-11 21:57:41 84      ADP_BBG000JG0547_2021-04-13
2021-06-11 21:57:41 86      ADPT_BBG001J2PFF5_2021-04-13
2021-06-11 21:57:41 87      ADS_BBG000BFNR17_2021-04-13
2021-06-11 21:57:41 88      ADSK_BBG000BM7HL0_2021-04-13
2021-06-11 21:57:41 89      ADUS_BBG000NJGX84_2021-04-13
2021-06-11 21:57:41 90      AEE_BBG000B9X8C0_2021-04-13
2021-06-11 21:57:41 91      AEIS_BBG000FKMP26_2021-04-13
2021-06-11 21:57:41 92      AEO_BBG000BGXZB5_2021-04-13
2021-06-11 21:57:41 93      AERI_BBG001KJ7WJ5_2021-04-13
2021-06-11 21:57:41 94      AES_BBG000C23KJ3_2021-04-13
2021-06-11 21:57:41 95      AFG_BBG000DPKKK0_2021-04-13
2021-06-11 21:57:41 96      AFL_BBG000BBBNC6_2021-04-13
2021-06-11 21:57:41 97      AGCO_BBG000DCCZW2_2021-04-13
2021-06-11 21:57:41 98      AGIO_BBG000QY4ZD0_2021-04-13
2021-06-11 21:57:41 99      AIG_BBG000BBDZG3_2021-04-13
2021-06-11 21:57:42 00      AIR_BBG000BBGQF1_2021-04-13
2021-06-11 21:57:42 01      AIRC_BBG00XK3WVD0_2021-04-13
2021-06-11 21:57:42 01      AIT_BBG000BBHHP9_2021-04-13
2021-06-11 21:57:42 02      AIV_BBG000DD3510_2021-04-13
2021-06-11 21:57:42 03      AIZ_BBG000BZX1N5_2021-04-13
2021-06-11 21:57:42 04      AJG_BBG000BBHXQ3_2021-04-13
2021-06-11 21:57:42 05      AJRD_BBG000BKRHQ7_2021-04-13
2021-06-11 21:57:42 05      AKAM_BBG000BJQWD2_2021-04-13
2021-06-11 21:57:42 07      ALB_BBG000BJ26K7_2021-04-13
2021-06-11 21:57:42 07      ALGN_BBG000BRNLL2_2021-04-13
2021-06-11 21:57:42 09      ALGT_BBG000LJS6B8_2021-04-13
2021-06-11 21:57:42 09      ALK_BBG000BBL0Y1_2021-04-13
2021-06-11 21:57:42 11      ALL_BBG000BVMGF2_2021-04-13
2021-06-11 21:57:42 12      ALLE_BBG003PS7JV1_2021-04-13
2021-06-11 21:57:42 13      ALLK_BBG003QBJKN0_2021-04-13
2021-06-11 21:57:42 13      ALLO_BBG00KHRRDX3_2021-04-13
2021-06-11 21:57:42 15      ALLY_BBG000BC2R71_2021-04-13
2021-06-11 21:57:42 17      ALNY_BBG000BFGNJ5_2021-04-13
2021-06-11 21:57:42 18      ALRM_BBG007GNPYY7_2021-04-13
2021-06-11 21:57:42 19      ALSN_BBG001KY3845_2021-04-13
2021-06-11 21:57:42 20      ALTR_BBG000PN9NB9_2021-04-13
2021-06-11 21:57:42 20      ALXN_BBG000G30YX4_2021-04-13
2021-06-11 21:57:42 21      AMAT_BBG000BBPFB9_2021-04-13
2021-06-11 21:57:42 26      AMCX_BBG000H01H92_2021-04-13
2021-06-11 21:57:42 28      AMD_BBG000BBQCY0_2021-04-13
2021-06-11 21:57:42 36      AME_BBG000B9XG87_2021-04-13
2021-06-11 21:57:42 38      AMED_BBG000B9ZV28_2021-04-13
2021-06-11 21:57:42 39      AMG_BBG000C060M4_2021-04-13
2021-06-11 21:57:42 39      AMGN_BBG000BBS2Y0_2021-04-13
2021-06-11 21:57:42 41      AMN_BBG000BCT197_2021-04-13
2021-06-11 21:57:42 42      AMP_BBG000G3QLY3_2021-04-13
2021-06-11 21:57:42 43      AMT_BBG000B9XYV2_2021-04-13
2021-06-11 21:57:42 44      AMWD_BBG000BBX657_2021-04-13
2021-06-11 21:57:42 45      AMZN_BBG000BVPV84_2021-04-13
2021-06-11 21:57:42 50      AN_BBG000BBXLW4_2021-04-13
2021-06-11 21:57:42 54      ANAB_BBG0026ZDHR0_2021-04-13
2021-06-11 21:57:42 55      ANDE_BBG000BF8CN3_2021-04-13
2021-06-11 21:57:42 55      ANET_BBG000N2HDY5_2021-04-13
2021-06-11 21:57:42 56      ANF_BBG000H9G7X2_2021-04-13
2021-06-11 21:57:42 57      ANGI_BBG00HVKH3Q0_2021-04-13
2021-06-11 21:57:42 59      ANIK_BBG000BBKZD8_2021-04-13
2021-06-11 21:57:42 59      ANIP_BBG000KK1L04_2021-04-13
2021-06-11 21:57:42 60      ANSS_BBG000GXZ4W7_2021-04-13
2021-06-11 21:57:42 61      ANTM_BBG000BCG930_2021-04-13
2021-06-11 21:57:42 62      AON_BBG00SSQFPK6_2021-04-13
2021-06-11 21:57:42 63      AOS_BBG000BC1L02_2021-04-13
2021-06-11 21:57:42 64      AOUT_BBG00QV8FS02_2021-04-13
2021-06-11 21:57:42 65      APA_BBG00YTS96G2_2021-04-13
2021-06-11 21:57:42 66      APD_BBG000BC4JJ4_2021-04-13
2021-06-11 21:57:42 68      APEI_BBG000RVD346_2021-04-13
2021-06-11 21:57:42 68      APH_BBG000B9YJ35_2021-04-13
2021-06-11 21:57:42 69      APLE_BBG006473QX9_2021-04-13
2021-06-11 21:57:42 70      APLT_BBG000DD0489_2021-04-13
2021-06-11 21:57:42 71      APPF_BBG008GC8CP6_2021-04-13
2021-06-11 21:57:42 72      APPN_BBG001C7PMJ2_2021-04-13
2021-06-11 21:57:42 73      APPS_BBG000HZ3562_2021-04-13
2021-06-11 21:57:42 75      APTV_BBG001QD41M9_2021-04-13
2021-06-11 21:57:42 76      ARCC_BBG000PD6X77_2021-04-13
2021-06-11 21:57:42 77      ARCT_BBG00NNW8JK1_2021-04-13
2021-06-11 21:57:42 78      ARE_BBG000BC33T9_2021-04-13
2021-06-11 21:57:42 79      ARMK_BBG001KY4N87_2021-04-13
2021-06-11 21:57:42 80      ARNA_BBG000BKXBV7_2021-04-13
2021-06-11 21:57:42 81      ARNC_BBG00R45JYB7_2021-04-13
2021-06-11 21:57:42 81      ARQT_BBG00QN8K4M4_2021-04-13
2021-06-11 21:57:42 82      ARVN_BBG00LW7YK82_2021-04-13
2021-06-11 21:57:42 82      ARW_BBG000BCD3D5_2021-04-13
2021-06-11 21:57:42 83      ARWR_BBG000BRVKH0_2021-04-13
2021-06-11 21:57:42 84      ASGN_BBG000CRN8N8_2021-04-13
2021-06-11 21:57:42 85      ASH_BBG00D0Y81M1_2021-04-13
2021-06-11 21:57:42 85      ASH: SPYKE!. Candle: ID:4, Time: 12:50, Close: 91.17
2021-06-11 21:57:42 86      ASIX_BBG00CWTTQ41_2021-04-13
2021-06-11 21:57:42 86      ATEX_BBG0081NLHR0_2021-04-13
2021-06-11 21:57:42 87      ATGE_BBG000DQBZJ7_2021-04-13
2021-06-11 21:57:42 87      ATKR_BBG000QTFDQ4_2021-04-13
2021-06-11 21:57:42 88      ATR_BBG000BGX2S0_2021-04-13
2021-06-11 21:57:42 89      ATRA_BBG005Q3MQY4_2021-04-13
2021-06-11 21:57:42 90      ATRC_BBG000BL6CB5_2021-04-13
2021-06-11 21:57:42 90      ATRI_BBG000DTT624_2021-04-13
2021-06-11 21:57:42 91      ATRO_BBG000BCLBY5_2021-04-13
2021-06-11 21:57:42 91      ATUS_BBG00GFMPRK0_2021-04-13
2021-06-11 21:57:42 92      ATVI_BBG000CVWGS6_2021-04-13
2021-06-11 21:57:42 95      AVAV_BBG000GX14P2_2021-04-13
2021-06-11 21:57:42 96      AVB_BBG000BLPBL5_2021-04-13
2021-06-11 21:57:42 96      AVGO_BBG00KHY5S69_2021-04-13
2021-06-11 21:57:42 98      AVLR_BBG000R4Y9C1_2021-04-13
2021-06-11 21:57:42 99      AVNS_BBG005L86G05_2021-04-13
2021-06-11 21:57:43 00      AVNT_BBG000C8NJ10_2021-04-13
2021-06-11 21:57:43 00      AVTR_BBG00G2HHYD7_2021-04-13
2021-06-11 21:57:43 02      AVY_BBG000BCQ4P6_2021-04-13
2021-06-11 21:57:43 03      AWI_BBG000DW4LB1_2021-04-13
2021-06-11 21:57:43 03      AWK_BBG000TRJ294_2021-04-13
2021-06-11 21:57:43 04      AWR_BBG000F964B6_2021-04-13
2021-06-11 21:57:43 05      AX_BBG000QPHD08_2021-04-13
2021-06-11 21:57:43 05      AXGN_BBG000BN46R9_2021-04-13
2021-06-11 21:57:43 06      AXP_BBG000BCQZS4_2021-04-13
2021-06-11 21:57:43 07      AXSM_BBG00B6G7GL7_2021-04-13
2021-06-11 21:57:43 08      AYI_BBG000BJ5HK0_2021-04-13
2021-06-11 21:57:43 09      AYX_BBG000BGZT72_2021-04-13
2021-06-11 21:57:43 10      AZO_BBG000C7LMS8_2021-04-13
2021-06-11 21:57:43 11      AZPN_BBG000DFMXT3_2021-04-13
2021-06-11 21:57:43 12      BA_BBG000BCSST7_2021-04-13
2021-06-11 21:57:43 15      BABA_BBG006G2JVL2_2021-04-13
2021-06-11 21:57:43 22      BABA: BuyPending. Strategy: MorningOpenStrategy. Price: 240.01. Lots: 1. ChangeOpenToCurrent: -0.82. ChangePrevCloseToCurrent: -2.32. Candle: ID:9, Time: 4:00, Close: 240.01.
2021-06-11 21:57:43 22      BABA: OrderID: 75d831d4. PlacedOrder. Status: New. RejectReason: 
2021-06-11 21:57:43 22      BABA: OrderID: 75d831d4 fully executed
2021-06-11 21:57:43 23      BABA: Morning closing. Close price: 243.56. Lots: 1. CandleChange: -0.04%. ChangeFromCandleHigh: -0.07%. Profit: 3.55(1.48%). Candle: ID:247, Time: 4:05, Close: 243.56
2021-06-11 21:57:43 23      BABA: OrderID: eb095662. PlacedOrder. Status: New. RejectReason: 
2021-06-11 21:57:43 23      BABA: OrderID: eb095662 fully executed
2021-06-11 21:57:43 28      BAC_BBG000BCTLF6_2021-04-13
2021-06-11 21:57:43 31      BAH_BBG000R2YFG7_2021-04-13
2021-06-11 21:57:43 32      BAND_BBG001K003W2_2021-04-13
2021-06-11 21:57:43 33      BAX_BBG000BCVJ77_2021-04-13
2021-06-11 21:57:43 34      BBIO_BBG00P9KDZK6_2021-04-13
2021-06-11 21:57:43 35      BBSI_BBG000BHJSC4_2021-04-13
2021-06-11 21:57:43 36      BBY_BBG000BCWCG1_2021-04-13
2021-06-11 21:57:43 38      BC_BBG000BCWSS3_2021-04-13
2021-06-11 21:57:43 38      BCO_BBG000DR5QP5_2021-04-13
2021-06-11 21:57:43 39      BCPC_BBG000BCY878_2021-04-13
2021-06-11 21:57:43 40      BDC_BBG000Q4XNV1_2021-04-13
2021-06-11 21:57:43 40      BDTX_BBG00MS4Y0W9_2021-04-13
2021-06-11 21:57:43 41      BDX_BBG000BCZYD3_2021-04-13
2021-06-11 21:57:43 42      BECN_BBG000BKTXF2_2021-04-13
2021-06-11 21:57:43 43      BEN_BBG000BD0TF8_2021-04-13
2021-06-11 21:57:43 44      BERY_BBG000Q1R1Y9_2021-04-13
2021-06-11 21:57:43 45      BF.B_BBG000BD2NY8_2021-04-13
2021-06-11 21:57:43 46      BFAM_BBG003LFWP05_2021-04-13
2021-06-11 21:57:43 47      BFYT_BBG003QRSQD3_2021-04-13
2021-06-11 21:57:43 48      BGS_BBG000RKXRQ1_2021-04-13
2021-06-11 21:57:43 49      BH_BBG00JPRDQH1_2021-04-13
2021-06-11 21:57:43 49      BHF_BBG00DYPZ4T0_2021-04-13
2021-06-11 21:57:43 50      BIDU_BBG000QXWHD1_2021-04-13
2021-06-11 21:57:43 57      BIG_BBG000J0D904_2021-04-13
2021-06-11 21:57:43 59      BIIB_BBG000C17X76_2021-04-13
2021-06-11 21:57:43 60      BILI_BBG00K7T3037_2021-04-13
2021-06-11 21:57:43 62      BILL_BBG00QVJV6V4_2021-04-13
2021-06-11 21:57:43 63      BIO_BBG000DY28W5_2021-04-13
2021-06-11 21:57:43 63      BJRI_BBG000H9LNX1_2021-04-13
2021-06-11 21:57:43 64      BK_BBG000BD8PN9_2021-04-13
2021-06-11 21:57:43 66      BKI_BBG00GX77LW3_2021-04-13
2021-06-11 21:57:43 66      BKNG_BBG000BLBVN4_2021-04-13
2021-06-11 21:57:43 68      BKR_BBG00GBVBK51_2021-04-13
2021-06-11 21:57:43 69      BL_BBG0029KJVB0_2021-04-13
2021-06-11 21:57:43 70      BLD_BBG0077VS2C0_2021-04-13
2021-06-11 21:57:43 71      BLDR_BBG000BKD3K9_2021-04-13
2021-06-11 21:57:43 72      BLK_BBG000C2PW58_2021-04-13
2021-06-11 21:57:43 73      BLKB_BBG000BGGTW5_2021-04-13
2021-06-11 21:57:43 73      BLL_BBG000BDDNH5_2021-04-13
2021-06-11 21:57:43 75      BLUE_BBG000QGWY50_2021-04-13
2021-06-11 21:57:43 76      BMI_BBG000BDGHD9_2021-04-13
2021-06-11 21:57:43 77      BMRN_BBG000CZWZ05_2021-04-13
2021-06-11 21:57:43 78      BMY_BBG000DQLV23_2021-04-13
2021-06-11 21:57:43 80      BOH_BBG000C8D8G9_2021-04-13
2021-06-11 21:57:43 81      BOKF_BBG000CFZ003_2021-04-13
2021-06-11 21:57:43 82      BOOT_BBG0077SYZV6_2021-04-13
2021-06-11 21:57:43 82      BOX_BBG000PMSK08_2021-04-13
2021-06-11 21:57:43 84      BPMC_BBG001MC8YF7_2021-04-13
2021-06-11 21:57:43 84      BR_BBG000PPFKQ7_2021-04-13
2021-06-11 21:57:43 85      BRC_BBG000BDNV95_2021-04-13
2021-06-11 21:57:43 86      BRK.B_BBG000DWG505_2021-04-13
2021-06-11 21:57:43 87      BRKR_BBG000CL1FG7_2021-04-13
2021-06-11 21:57:43 88      BRO_BBG000BWSGF4_2021-04-13
2021-06-11 21:57:43 89      BSX_BBG000C0LW92_2021-04-13
2021-06-11 21:57:43 90      BTAI_BBG00K20GVD2_2021-04-13
2021-06-11 21:57:43 92      BTI_BBG000BWPXQ8_2021-04-13
2021-06-11 21:57:43 93      BUD_BBG000RYC984_2021-04-13
2021-06-11 21:57:43 94      BURL_BBG004S641N5_2021-04-13
2021-06-11 21:57:43 94      BWA_BBG000BJ49H3_2021-04-13
2021-06-11 21:57:43 96      BWXT_BBG000D86F25_2021-04-13
2021-06-11 21:57:43 96      BX_BBG000BH0106_2021-04-13
2021-06-11 21:57:43 97      BXP_BBG000BS5CM9_2021-04-13
2021-06-11 21:57:43 98      BYND_BBG003CVJP50_2021-04-13
2021-06-11 21:57:44 00      BZUN_BBG008HNS333_2021-04-13
2021-06-11 21:57:44 01      C_BBG000FY4S11_2021-04-13
2021-06-11 21:57:44 04      CABO_BBG000F02T51_2021-04-13
2021-06-11 21:57:44 05      CACC_BBG000CS0D96_2021-04-13
2021-06-11 21:57:44 05      CAG_BBG000BDXGP9_2021-04-13
2021-06-11 21:57:44 07      CAH_BBG000D898T9_2021-04-13
2021-06-11 21:57:44 08      CALM_BBG000CDMJW6_2021-04-13
2021-06-11 21:57:44 09      CARA_BBG001J2QYS9_2021-04-13
2021-06-11 21:57:44 10      CARG_BBG00HQ77DS2_2021-04-13
2021-06-11 21:57:44 11      CARR_BBG00RP5HYS8_2021-04-13
2021-06-11 21:57:44 12      CARS_BBG000HGTH33_2021-04-13
2021-06-11 21:57:44 13      CASY_BBG000BF0672_2021-04-13
2021-06-11 21:57:44 13      CAT_BBG000BF0K17_2021-04-13
2021-06-11 21:57:44 15      CB_BBG000BR14K5_2021-04-13
2021-06-11 21:57:44 16      CBRE_BBG000C04224_2021-04-13
2021-06-11 21:57:44 17      CBRL_BBG000BF33K1_2021-04-13
2021-06-11 21:57:44 18      CBSH_BBG000BF3G77_2021-04-13
2021-06-11 21:57:44 19      CBU_BBG000BF4D19_2021-04-13
2021-06-11 21:57:44 19      CCI_BBG000FV1Z23_2021-04-13
2021-06-11 21:57:44 21      CCK_BBG000BF6756_2021-04-13
2021-06-11 21:57:44 22      CCL_BBG000BF6LY3_2021-04-13
2021-06-11 21:57:44 26      CCOI_BBG000D0SMY8_2021-04-13
2021-06-11 21:57:44 27      CCXI_BBG000PTSB12_2021-04-13
2021-06-11 21:57:44 28      CDK_BBG006B6PVN9_2021-04-13
2021-06-11 21:57:44 29      CDLX_BBG00225ZDD0_2021-04-13
2021-06-11 21:57:44 30      CDNA_BBG006JS5785_2021-04-13
2021-06-11 21:57:44 31      CDNS_BBG000C13CD9_2021-04-13
2021-06-11 21:57:44 32      CDW_BBG001P63B80_2021-04-13
2021-06-11 21:57:44 33      CE_BBG000JYP7L8_2021-04-13
2021-06-11 21:57:44 34      CEA_BBG000BCFNR4_2021-04-13
2021-06-11 21:57:44 35      CENT_BBG000BFD605_2021-04-13
2021-06-11 21:57:44 35      CENTA_BBG000KTYB56_2021-04-13
2021-06-11 21:57:44 36      CERN_BBG000BFDLV8_2021-04-13
2021-06-11 21:57:44 37      CEVA_BBG000BN3P07_2021-04-13
2021-06-11 21:57:44 37      CF_BBG000BWJFZ4_2021-04-13
2021-06-11 21:57:44 38      CFG_BBG006Q0HY77_2021-04-13
2021-06-11 21:57:44 40      CFR_BBG000C2PL98_2021-04-13
2021-06-11 21:57:44 41      CFX_BBG000C5Z443_2021-04-13
2021-06-11 21:57:44 42      CGEN_BBG000B9ZLB0_2021-04-13
2021-06-11 21:57:44 42      CGEN: BuyPending. Strategy: MorningOpenStrategy. Price: 8.03. Lots: 31. ChangeOpenToCurrent: -2.55. ChangePrevCloseToCurrent: -1.83. Candle: ID:10, Time: 7:00, Close: 8.03.
2021-06-11 21:57:44 42      CGEN: OrderID: 8b037ea4. PlacedOrder. Status: New. RejectReason: 
2021-06-11 21:57:44 42      CGEN: OrderID: 8b037ea4 fully executed
2021-06-11 21:57:44 42      CGEN: Morning closing. Close price: 8.15. Lots: 31. CandleChange: -0.97%. ChangeFromCandleHigh: -0.97%. Profit: 0.12(1.49%). Candle: ID:13, Time: 7:05, Close: 8.15
2021-06-11 21:57:44 42      CGEN: OrderID: b88c7172. PlacedOrder. Status: New. RejectReason: 
2021-06-11 21:57:44 42      CGEN: OrderID: b88c7172 partially executed. Executed lots: 10. OrderStatus: 10/31 lots
2021-06-11 21:57:44 42      CGEN: OrderID: b88c7172 fully executed
2021-06-11 21:57:44 43      CGNX_BBG000BPBVW5_2021-04-13
2021-06-11 21:57:44 44      CHD_BBG000BFJT36_2021-04-13
2021-06-11 21:57:44 44      CHDN_BBG000BGXMG9_2021-04-13
2021-06-11 21:57:44 45      CHE_BBG000C19QW1_2021-04-13
2021-06-11 21:57:44 46      CHEF_BBG001MFW6D6_2021-04-13
2021-06-11 21:57:44 47      CHGG_BBG0014XR0N5_2021-04-13
2021-06-11 21:57:44 48      CHH_BBG000BPBTL2_2021-04-13
2021-06-11 21:57:44 48      CHKP_BBG000K82ZT8_2021-04-13
2021-06-11 21:57:44 49      CHNG_BBG0059KNH10_2021-04-13
2021-06-11 21:57:44 50      CHRW_BBG000BTCH57_2021-04-13
2021-06-11 21:57:44 51      CHTR_BBG000VPGNR2_2021-04-13
2021-06-11 21:57:44 52      CHWY_BBG00P19DKZ6_2021-04-13
2021-06-11 21:57:44 54      CHX_BBG00JH9TZ56_2021-04-13
2021-06-11 21:57:44 55      CI_BBG00KXRCDP0_2021-04-13
2021-06-11 21:57:44 56      CIEN_BBG000BP1152_2021-04-13
2021-06-11 21:57:44 57      CINF_BBG000BFPK65_2021-04-13
2021-06-11 21:57:44 58      CL_BBG000BFQYY3_2021-04-13
2021-06-11 21:57:44 60      CLDR_BBG000DRJFC8_2021-04-13
2021-06-11 21:57:44 60      CLDT_BBG000PT6BR8_2021-04-13
2021-06-11 21:57:44 61      CLF_BBG000BFRF55_2021-04-13
2021-06-11 21:57:44 62      CLGX_BBG000C2H3F0_2021-04-13
2021-06-11 21:57:44 63      CLH_BBG000BFRRX8_2021-04-13
2021-06-11 21:57:44 64      CLR_BBG000BHBGN6_2021-04-13
2021-06-11 21:57:44 64      CLX_BBG000BFS7D3_2021-04-13
2021-06-11 21:57:44 66      CMA_BBG000C75N77_2021-04-13
2021-06-11 21:57:44 67      CMC_BBG000BFSND8_2021-04-13
2021-06-11 21:57:44 67      CMCO_BBG000BCWWV0_2021-04-13
2021-06-11 21:57:44 68      CMCSA_BBG000BFT2L4_2021-04-13
2021-06-11 21:57:44 71      CME_BBG000BHLYP4_2021-04-13
2021-06-11 21:57:44 72      CMG_BBG000QX74T1_2021-04-13
2021-06-11 21:57:44 73      CMI_BBG000BGPTV6_2021-04-13
2021-06-11 21:57:44 74      CMP_BBG000C42WS4_2021-04-13
2021-06-11 21:57:44 74      CMS_BBG000BFVXX0_2021-04-13
2021-06-11 21:57:44 76      CNC_BBG000BDXCJ5_2021-04-13
2021-06-11 21:57:44 77      CNK_BBG000QDVR53_2021-04-13
2021-06-11 21:57:44 79      CNP_BBG000FDBX90_2021-04-13
2021-06-11 21:57:44 80      CNS_BBG000BB0WG4_2021-04-13
2021-06-11 21:57:44 81      CNST_BBG000R1H6P8_2021-04-13
2021-06-11 21:57:44 81      CNXC_BBG00RCNQMX3_2021-04-13
2021-06-11 21:57:44 82      CNXN_BBG000BX74M4_2021-04-13
2021-06-11 21:57:44 83      COF_BBG000BGKTF9_2021-04-13
2021-06-11 21:57:44 84      COG_BBG000C3GN47_2021-04-13
2021-06-11 21:57:44 85      COHR_BBG000BG1DH3_2021-04-13
2021-06-11 21:57:44 86      COKE_BBG000BG1SX2_2021-04-13
2021-06-11 21:57:44 86      COLM_BBG000BKKQ84_2021-04-13
2021-06-11 21:57:44 87      CONE_BBG0038V5TX1_2021-04-13
2021-06-11 21:57:44 88      COO_BBG000BG3445_2021-04-13
2021-06-11 21:57:44 89      COP_BBG000BQQH30_2021-04-13
2021-06-11 21:57:44 92      CORR_BBG000CN80Y9_2021-04-13
2021-06-11 21:57:44 93      CORT_BBG000BKJG33_2021-04-13
2021-06-11 21:57:44 93      COST_BBG000F6H8W8_2021-04-13
2021-06-11 21:57:44 95      COTY_BBG000F395V1_2021-04-13
2021-06-11 21:57:44 96      COUP_BBG001J4BCN4_2021-04-13
2021-06-11 21:57:44 98      CPB_BBG000BG4202_2021-04-13
2021-06-11 21:57:44 99      CPRI_BBG0029SNR63_2021-04-13
2021-06-11 21:57:45 00      CPRT_BBG000BM9RH1_2021-04-13
2021-06-11 21:57:45 01      CPS_BBG000PSXT64_2021-04-13
2021-06-11 21:57:45 02      CR_BBG000BG7423_2021-04-13
2021-06-11 21:57:45 03      CREE_BBG000BG14P4_2021-04-13
2021-06-11 21:57:45 04      CRI_BBG000CTM4J9_2021-04-13
2021-06-11 21:57:45 05      CRL_BBG000BG5BL8_2021-04-13
2021-06-11 21:57:45 06      CRM_BBG000BN2DC2_2021-04-13
2021-06-11 21:57:45 09      CRMT_BBG000CM6L31_2021-04-13
2021-06-11 21:57:45 09      CROX_BBG000BLY663_2021-04-13
2021-06-11 21:57:45 11      CRS_BBG000BGCQT9_2021-04-13
2021-06-11 21:57:45 11      CRTX_BBG00BTK1DT8_2021-04-13
2021-06-11 21:57:45 12      CRTX: SPYKE!. Candle: ID:108, Time: 12:00, Close: 33.69
2021-06-11 21:57:45 12      CRUS_BBG000C1DHF5_2021-04-13
2021-06-11 21:57:45 13      CRVL_BBG000CVKZY0_2021-04-13
2021-06-11 21:57:45 14      CRWD_BBG00BLYKS03_2021-04-13
2021-06-11 21:57:45 17      CSCO_BBG000C3J3C9_2021-04-13
2021-06-11 21:57:45 20      CSGP_BBG000D7JKW9_2021-04-13
2021-06-11 21:57:45 21      CSGS_BBG000G3TQV2_2021-04-13
2021-06-11 21:57:45 22      CSII_BBG000NWQ9S5_2021-04-13
2021-06-11 21:57:45 22      CSL_BBG000BGGBT8_2021-04-13
2021-06-11 21:57:45 23      CSOD_BBG0016X4XN6_2021-04-13
2021-06-11 21:57:45 24      CSWI_BBG007NLG4L3_2021-04-13
2021-06-11 21:57:45 25      CSX_BBG000BGJRC8_2021-04-13
2021-06-11 21:57:45 27      CTAS_BBG000H3YXF8_2021-04-13
2021-06-11 21:57:45 28      CTB_BBG000BGKXV2_2021-04-13
2021-06-11 21:57:45 29      CTLT_BBG005XR47P5_2021-04-13
2021-06-11 21:57:45 30      CTSH_BBG000BBDV81_2021-04-13
2021-06-11 21:57:45 31      CTVA_BBG00BN969C1_2021-04-13
2021-06-11 21:57:45 32      CTXS_BBG000FQ6PY6_2021-04-13
2021-06-11 21:57:45 34      CVCO_BBG000K4WS65_2021-04-13
2021-06-11 21:57:45 35      CVET_BBG00KR691K8_2021-04-13
2021-06-11 21:57:45 36      CVGW_BBG000BGPQW1_2021-04-13
2021-06-11 21:57:45 36      CVLT_BBG000BG88X9_2021-04-13
2021-06-11 21:57:45 37      CVNA_BBG00GCTWDJ3_2021-04-13
2021-06-11 21:57:45 38      CVS_BBG000BGRY34_2021-04-13
2021-06-11 21:57:45 39      CVX_BBG000K4ND22_2021-04-13
2021-06-11 21:57:45 42      CW_BBG000BGSPS5_2021-04-13
2021-06-11 21:57:45 43      CWST_BBG000BT0J38_2021-04-13
2021-06-11 21:57:45 44      CWT_BBG000D8KTN6_2021-04-13
2021-06-11 21:57:45 44      CY_BBG000BXNJ07_2021-04-13
2021-06-11 21:57:45 45      D_BBG000BGVW60_2021-04-13
2021-06-11 21:57:45 46      DAL_BBG000R7Z112_2021-04-13
2021-06-11 21:57:45 50      DAR_BBG000BN8ZK8_2021-04-13
2021-06-11 21:57:45 51      DBX_BBG0018SLDN0_2021-04-13
2021-06-11 21:57:45 53      DCI_BBG000BGZP70_2021-04-13
2021-06-11 21:57:45 53      DCPH_BBG00HMJ9H54_2021-04-13
2021-06-11 21:57:45 54      DD_BBG00BN961G4_2021-04-13
2021-06-11 21:57:45 55      DDOG_BBG003NJHZT9_2021-04-13
2021-06-11 21:57:45 59      DDS_BBG000BS4MP5_2021-04-13
2021-06-11 21:57:45 60      DE_BBG000BH1NH9_2021-04-13
2021-06-11 21:57:45 61      DECK_BBG000BKXYX5_2021-04-13
2021-06-11 21:57:45 61      DELL_BBG00DW3SZS1_2021-04-13
2021-06-11 21:57:45 62      DFS_BBG000QBR5J5_2021-04-13
2021-06-11 21:57:45 63      DG_BBG000NV1KK7_2021-04-13
2021-06-11 21:57:45 65      DGX_BBG000BN84F3_2021-04-13
2021-06-11 21:57:45 65      DHI_BBG000DQTXY6_2021-04-13
2021-06-11 21:57:45 67      DHR_BBG000BH3JF8_2021-04-13
2021-06-11 21:57:45 69      DIOD_BBG000G25P51_2021-04-13
2021-06-11 21:57:45 70      DIS_BBG000BH4R78_2021-04-13
2021-06-11 21:57:45 72      DISCA_BBG000CHWP52_2021-04-13
2021-06-11 21:57:45 77      DISCB_BBG000F7L5N7_2021-04-13
2021-06-11 21:57:45 77      DISCB: SPYKE!. Candle: ID:14, Time: 7:40, Close: 70
2021-06-11 21:57:45 77      DISCB: SPYKE!. Candle: ID:15, Time: 7:40, Close: 69.58
2021-06-11 21:57:45 78      DISCK_BBG000VMWHH5_2021-04-13
2021-06-11 21:57:45 80      DK_BBG00FZYFVC5_2021-04-13
2021-06-11 21:57:45 81      DKNG_BBG00TCBG714_2021-04-13
2021-06-11 21:57:45 85      DKS_BBG000F6ZWH2_2021-04-13
2021-06-11 21:57:45 86      DLB_BBG000DGLTG5_2021-04-13
2021-06-11 21:57:45 86      DLR_BBG000Q5ZRM7_2021-04-13
2021-06-11 21:57:45 88      DLTH_BBG002GBMZG4_2021-04-13
2021-06-11 21:57:45 88      DLTR_BBG000BSC0K9_2021-04-13
2021-06-11 21:57:45 90      DLX_BBG000BH6360_2021-04-13
2021-06-11 21:57:45 90      DNLI_BBG008P7F869_2021-04-13
2021-06-11 21:57:45 91      DNOW_BBG005BLN209_2021-04-13
2021-06-11 21:57:45 92      DOCU_BBG000N7KJX8_2021-04-13
2021-06-11 21:57:45 95      DORM_BBG000BM22F5_2021-04-13
2021-06-11 21:57:45 96      DOV_BBG000BHB3M6_2021-04-13
2021-06-11 21:57:45 96      DOW_BBG00BN96922_2021-04-13
2021-06-11 21:57:45 98      DPZ_BBG000P458P3_2021-04-13
2021-06-11 21:57:45 99      DRE_BBG000BHD8S7_2021-04-13
2021-06-11 21:57:46 00      DRI_BBG000BBNYF6_2021-04-13
2021-06-11 21:57:46 01      DRNA_BBG001J1DB23_2021-04-13
2021-06-11 21:57:46 02      DRQ_BBG000BVDBY2_2021-04-13
2021-06-11 21:57:46 02      DT_BBG00PNN7C40_2021-04-13
2021-06-11 21:57:46 03      DVA_BBG000MQ1SN9_2021-04-13
2021-06-11 21:57:46 04      DVN_BBG000BBVJZ8_2021-04-13
2021-06-11 21:57:46 05      DXC_BBG00FN64XT9_2021-04-13
2021-06-11 21:57:46 06      DXCM_BBG000QTF8K1_2021-04-13
2021-06-11 21:57:46 08      DY_BBG000C4SKT1_2021-04-13
2021-06-11 21:57:46 08      EA_BBG000BP0KQ8_2021-04-13
2021-06-11 21:57:46 10      EAT_BBG000BK28N7_2021-04-13
2021-06-11 21:57:46 11      EBAY_BBG000C43RR5_2021-04-13
2021-06-11 21:57:46 14      EBS_BBG000GW06J7_2021-04-13
2021-06-11 21:57:46 15      ECHO_BBG000RFP8W6_2021-04-13
2021-06-11 21:57:46 15      ECL_BBG000BHKYH4_2021-04-13
2021-06-11 21:57:46 16      ECPG_BBG000F369C7_2021-04-13
2021-06-11 21:57:46 17      ED_BBG000BHLYS1_2021-04-13
2021-06-11 21:57:46 18      EDIT_BBG005MX5GZ2_2021-04-13
2021-06-11 21:57:46 19      EEFT_BBG000BMNBY1_2021-04-13
2021-06-11 21:57:46 20      EFX_BBG000BHPL78_2021-04-13
2021-06-11 21:57:46 21      EGHT_BBG000BCGHH7_2021-04-13
2021-06-11 21:57:46 21      EGRX_BBG005Y3XWH9_2021-04-13
2021-06-11 21:57:46 22      EHTH_BBG000P5JQX6_2021-04-13
2021-06-11 21:57:46 23      EIX_BBG000D7RKJ5_2021-04-13
2021-06-11 21:57:46 24      EL_BBG000FKJRC5_2021-04-13
2021-06-11 21:57:46 25      ELAN_BBG00LJYS1P8_2021-04-13
2021-06-11 21:57:46 26      ELS_BBG000BB7SX7_2021-04-13
2021-06-11 21:57:46 26      ELS: SPYKE!. Candle: ID:6, Time: 13:30, Close: 65.92
2021-06-11 21:57:46 27      EME_BBG000BBRPL4_2021-04-13
2021-06-11 21:57:46 27      EMN_BBG000BLW530_2021-04-13
2021-06-11 21:57:46 28      EMR_BBG000BHX7N2_2021-04-13
2021-06-11 21:57:46 29      ENDP_BBG000C0HQ54_2021-04-13
2021-06-11 21:57:46 30      ENPH_BBG001R3MNY9_2021-04-13
2021-06-11 21:57:46 32      ENR_BBG006FCB019_2021-04-13
2021-06-11 21:57:46 33      ENS_BBG000PWTD92_2021-04-13
2021-06-11 21:57:46 33      ENTA_BBG001V9NSB4_2021-04-13
2021-06-11 21:57:46 34      ENTG_BBG000CTV4N4_2021-04-13
2021-06-11 21:57:46 35      ENV_BBG000Q4NZ54_2021-04-13
2021-06-11 21:57:46 35      EOG_BBG000BZ9223_2021-04-13
2021-06-11 21:57:46 37      EPAM_BBG000MHTV89_2021-04-13
2021-06-11 21:57:46 37      EPAY_BBG000BRNH31_2021-04-13
2021-06-11 21:57:46 38      EPC_BBG000BRW644_2021-04-13
2021-06-11 21:57:46 39      EQIX_BBG000MBDGM6_2021-04-13
2021-06-11 21:57:46 39      EQT_BBG000BHZ5J9_2021-04-13
2021-06-11 21:57:46 41      ERIE_BBG000BBTJZ1_2021-04-13
2021-06-11 21:57:46 42      ES_BBG000BQ87N0_2021-04-13
2021-06-11 21:57:46 43      ESPR_BBG004KB3S72_2021-04-13
2021-06-11 21:57:46 44      ESS_BBG000CGJMB9_2021-04-13
2021-06-11 21:57:46 45      ET_BBG000BM2FL9_2021-04-13
2021-06-11 21:57:46 46      ETN_BBG000BJ3PD2_2021-04-13
2021-06-11 21:57:46 47      ETR_BBG000C1FQS9_2021-04-13
2021-06-11 21:57:46 49      ETRN_BBG00K53L394_2021-04-13
2021-06-11 21:57:46 50      ETSY_BBG000N7MXL8_2021-04-13
2021-06-11 21:57:46 52      EVBG_BBG0022FMPD5_2021-04-13
2021-06-11 21:57:46 53      EVER_BBG00F17NDH7_2021-04-13
2021-06-11 21:57:46 54      EVH_BBG005CHLM96_2021-04-13
2021-06-11 21:57:46 54      EVR_BBG000BP30Y0_2021-04-13
2021-06-11 21:57:46 55      EVRG_BBG00H433CR2_2021-04-13
2021-06-11 21:57:46 56      EW_BBG000BRXP69_2021-04-13
2021-06-11 21:57:46 57      EWBC_BBG000CR20B1_2021-04-13
2021-06-11 21:57:46 57      EXAS_BBG000CWL0F5_2021-04-13
2021-06-11 21:57:46 59      EXC_BBG000J6XT05_2021-04-13
2021-06-11 21:57:46 61      EXEL_BBG000BQ4WF8_2021-04-13
2021-06-11 21:57:46 62      EXLS_BBG000NS3P30_2021-04-13
2021-06-11 21:57:46 62      EXP_BBG000BJW241_2021-04-13
2021-06-11 21:57:46 63      EXPD_BBG000BJ5GK2_2021-04-13
2021-06-11 21:57:46 64      EXPE_BBG000QY3XZ2_2021-04-13
2021-06-11 21:57:46 66      EXR_BBG000PV27K3_2021-04-13
2021-06-11 21:57:46 67      EYE_BBG00HVQF9K2_2021-04-13
2021-06-11 21:57:46 67      F_BBG000BQPC32_2021-04-13
2021-06-11 21:57:46 70      FANG_BBG002PHSYX9_2021-04-13
2021-06-11 21:57:46 72      FARO_BBG000BJD7C2_2021-04-13
2021-06-11 21:57:46 72      FAST_BBG000BJ8YN7_2021-04-13
2021-06-11 21:57:46 75      FATE_BBG000QP35H2_2021-04-13
2021-06-11 21:57:46 76      FB_BBG000MM2P62_2021-04-13
2021-06-11 21:57:46 82      FBHS_BBG001B4BV87_2021-04-13
2021-06-11 21:57:46 84      FCFS_BBG000DNF659_2021-04-13
2021-06-11 21:57:46 84      FCN_BBG000K88H58_2021-04-13
2021-06-11 21:57:46 85      FCX_BBG000BJDB15_2021-04-13
2021-06-11 21:57:46 87      FDS_BBG000BDJL83_2021-04-13
2021-06-11 21:57:46 88      FDX_BBG000BJF1Z8_2021-04-13
2021-06-11 21:57:46 89      FELE_BBG000BJGGV8_2021-04-13
2021-06-11 21:57:46 90      FFIV_BBG000CXYSZ6_2021-04-13
2021-06-11 21:57:46 91      FGEN_BBG000FW5ZL6_2021-04-13
2021-06-11 21:57:46 93      FICO_BBG000DW76Y6_2021-04-13
2021-06-11 21:57:46 94      FIS_BBG000BK2F42_2021-04-13
2021-06-11 21:57:46 95      FISV_BBG000BJKPG0_2021-04-13
2021-06-11 21:57:46 97      FITB_BBG000BJL3N0_2021-04-13
2021-06-11 21:57:46 99      FIVN_BBG001KHJM17_2021-04-13
2021-06-11 21:57:47 00      FIZZ_BBG000BF8CB6_2021-04-13
2021-06-11 21:57:47 01      FL_BBG000BX8DC4_2021-04-13
2021-06-11 21:57:47 02      FLIR_BBG000BHK836_2021-04-13
2021-06-11 21:57:47 03      FLOW_BBG007FL7ZD2_2021-04-13
2021-06-11 21:57:47 04      FLR_BBG000BB1TH9_2021-04-13
2021-06-11 21:57:47 05      FLS_BBG000FFH4P5_2021-04-13
2021-06-11 21:57:47 05      FLT_BBG000GPXKX9_2021-04-13
2021-06-11 21:57:47 06      FLWS_BBG000BBR9P6_2021-04-13
2021-06-11 21:57:47 07      FMC_BBG000BJP882_2021-04-13
2021-06-11 21:57:47 08      FND_BBG007GJ2F81_2021-04-13
2021-06-11 21:57:47 09      FNKO_BBG00HXSHDQ9_2021-04-13
2021-06-11 21:57:47 11      FOCS_BBG00L0YTFN8_2021-04-13
2021-06-11 21:57:47 11      FOE_BBG000BJQK11_2021-04-13
2021-06-11 21:57:47 12      FOLD_BBG000PLF6N0_2021-04-13
2021-06-11 21:57:47 13      FOLD: SPYKE!. Candle: ID:3389, Time: 20:05, Close: 9.78
2021-06-11 21:57:47 13      FORM_BBG000D1Y3P1_2021-04-13
2021-06-11 21:57:47 14      FORR_BBG000HGNYG8_2021-04-13
2021-06-11 21:57:47 15      FOX_BBG00JHNKJY8_2021-04-13
2021-06-11 21:57:47 16      FOXA_BBG00JHNJW99_2021-04-13
2021-06-11 21:57:47 18      FOXF_BBG004T7VS53_2021-04-13
2021-06-11 21:57:47 18      FRHC_BBG000N625H8_2021-04-13
2021-06-11 21:57:47 19      FRPH_BBG000HCVWW4_2021-04-13
2021-06-11 21:57:47 20      FRPT_BBG001D0HB36_2021-04-13
2021-06-11 21:57:47 21      FSLR_BBG000BFL116_2021-04-13
2021-06-11 21:57:47 23      FSLY_BBG004NLQHL0_2021-04-13
2021-06-11 21:57:47 24      FTCH_BBG00LSD4456_2021-04-13
2021-06-11 21:57:47 26      FTI_BBG00DL8NMV2_2021-04-13
2021-06-11 21:57:47 27      FTNT_BBG000BCMBG4_2021-04-13
2021-06-11 21:57:47 28      FTV_BBG00BLVZ228_2021-04-13
2021-06-11 21:57:47 30      FUL_BBG000BJZ7V7_2021-04-13
2021-06-11 21:57:47 30      GATX_BBG000BKGXQ4_2021-04-13
2021-06-11 21:57:47 31      GBCI_BBG000C3KB84_2021-04-13
2021-06-11 21:57:47 32      GBT_BBG00341H6M0_2021-04-13
2021-06-11 21:57:47 33      GBX_BBG000CF5097_2021-04-13
2021-06-11 21:57:47 33      GCO_BBG000BK5S78_2021-04-13
2021-06-11 21:57:47 34      GCP_BBG0082W8Q12_2021-04-13
2021-06-11 21:57:47 34      GD_BBG000BK67C7_2021-04-13
2021-06-11 21:57:47 35      GDDY_BBG006MDLY05_2021-04-13
2021-06-11 21:57:47 36      GDOT_BBG000QDJT53_2021-04-13
2021-06-11 21:57:47 37      GE_BBG000BK6MB5_2021-04-13
2021-06-11 21:57:47 39      GEF_BBG000BLFNC0_2021-04-13
2021-06-11 21:57:47 39      GGG_BBG000BK9W84_2021-04-13
2021-06-11 21:57:47 40      GH_BBG006D97VY9_2021-04-13
2021-06-11 21:57:47 41      GHC_BBG000C3FGH9_2021-04-13
2021-06-11 21:57:47 41      GILD_BBG000CKGBP2_2021-04-13
2021-06-11 21:57:47 44      GIS_BBG000BKCFC2_2021-04-13
2021-06-11 21:57:47 45      GKOS_BBG000WG2LQ1_2021-04-13
2021-06-11 21:57:47 46      GL_BBG000BVD6X4_2021-04-13
2021-06-11 21:57:47 46      GLW_BBG000BKFZM4_2021-04-13
2021-06-11 21:57:47 48      GM_BBG000NDYB67_2021-04-13
2021-06-11 21:57:47 52      GMED_BBG002V87SD0_2021-04-13
2021-06-11 21:57:47 52      GMS_BBG009Q036D0_2021-04-13
2021-06-11 21:57:47 53      GNL_BBG004HXD0G8_2021-04-13
2021-06-11 21:57:47 54      GNRC_BBG000PQ4W72_2021-04-13
2021-06-11 21:57:47 54      GO_BBG00P4R3079_2021-04-13
2021-06-11 21:57:47 55      GOOG_BBG009S3NB30_2021-04-13
2021-06-11 21:57:47 58      GOOGL_BBG009S39JX6_2021-04-13
2021-06-11 21:57:47 60      GOSS_BBG00MVWLLM2_2021-04-13
2021-06-11 21:57:47 61      GOSS: BuyPending. Strategy: MorningOpenStrategy. Price: 8.54. Lots: 29. ChangeOpenToCurrent: -2.18. ChangePrevCloseToCurrent: 0.23. Candle: ID:9, Time: 7:00, Close: 8.54.
2021-06-11 21:57:47 61      GOSS: OrderID: dda33d1e. PlacedOrder. Status: New. RejectReason: 
2021-06-11 21:57:47 61      GOSS: OrderID: dda33d1e fully executed
2021-06-11 21:57:47 61      GOSS: Morning closing by timeout. Close price: 8.5. Lots: 29. Profit: -0.04(-0.47%). Candle: ID:72, Time: 7:20, Close: 8.5
2021-06-11 21:57:47 61      GOSS: OrderID: d0fb80ad. PlacedOrder. Status: New. RejectReason: 
2021-06-11 21:57:47 61      GOSS: OrderID: d0fb80ad fully executed
2021-06-11 21:57:47 62      GPC_BBG000BKL348_2021-04-13
2021-06-11 21:57:47 63      GPI_BBG000BB88K4_2021-04-13
2021-06-11 21:57:47 63      GPN_BBG000CX0P89_2021-04-13
2021-06-11 21:57:47 64      GPS_BBG000BKLH74_2021-04-13
2021-06-11 21:57:47 66      GRA_BBG000BB8PG1_2021-04-13
2021-06-11 21:57:47 67      GRMN_BBG000C4LN67_2021-04-13
2021-06-11 21:57:47 68      GRUB_BBG001KWG293_2021-04-13
2021-06-11 21:57:47 70      GS_BBG000C6CFJ5_2021-04-13
2021-06-11 21:57:47 72      GSH_BBG000GLG0G0_2021-04-13
2021-06-11 21:57:47 72      GSKY_BBG00KT2SCV8_2021-04-13
2021-06-11 21:57:47 73      GT_BBG000BKNX95_2021-04-13
2021-06-11 21:57:47 75      GTHX_BBG005F1DK91_2021-04-13
2021-06-11 21:57:47 76      GTLS_BBG000P1K2X6_2021-04-13
2021-06-11 21:57:47 77      GTN_BBG000DSQLQ0_2021-04-13
2021-06-11 21:57:47 78      GVA_BBG000DVB833_2021-04-13
2021-06-11 21:57:47 78      GWRE_BBG001C7PM75_2021-04-13
2021-06-11 21:57:47 79      GWW_BBG000BKR1D6_2021-04-13
2021-06-11 21:57:47 80      H_BBG000CVRFS4_2021-04-13
2021-06-11 21:57:47 81      HA_BBG000BC4185_2021-04-13
2021-06-11 21:57:47 81      HAE_BBG000C7TF41_2021-04-13
2021-06-11 21:57:47 82      HAIN_BBG000BQW085_2021-04-13
2021-06-11 21:57:47 83      HAL_BBG000BKTFN2_2021-04-13
2021-06-11 21:57:47 84      HALO_BBG000CZ8W54_2021-04-13
2021-06-11 21:57:47 85      HAS_BBG000BKVJK4_2021-04-13
2021-06-11 21:57:47 87      HBAN_BBG000BKWSR6_2021-04-13
2021-06-11 21:57:47 88      HBI_BBG000D2ZTS8_2021-04-13
2021-06-11 21:57:47 89      HCA_BBG000QW7VC1_2021-04-13
2021-06-11 21:57:47 90      HCCI_BBG000CCFB17_2021-04-13
2021-06-11 21:57:47 91      HCSG_BBG000BKYVF0_2021-04-13
2021-06-11 21:57:47 91      HD_BBG000BKZB36_2021-04-13
2021-06-11 21:57:47 93      HEAR_BBG000BM6N47_2021-04-13
2021-06-11 21:57:47 94      HEI_BBG000BL16Q7_2021-04-13
2021-06-11 21:57:47 95      HES_BBG000BBD070_2021-04-13
2021-06-11 21:57:47 96      HFC_BBG000BL9JQ1_2021-04-13
2021-06-11 21:57:47 97      HGV_BBG00CBYY6M1_2021-04-13
2021-06-11 21:57:47 98      HHC_BBG000MJRJJ2_2021-04-13
2021-06-11 21:57:47 99      HHR_BBG00KHGQ0H4_2021-04-13
2021-06-11 21:57:47 99      HIBB_BBG000H001V3_2021-04-13
2021-06-11 21:57:48 00      HIG_BBG000G0Z878_2021-04-13
2021-06-11 21:57:48 01      HII_BBG001KJ2HM9_2021-04-13
2021-06-11 21:57:48 02      HIIQ_TCS003QRSQD3_2021-04-13
2021-06-11 21:57:48 02      HLT_BBG0058KMH30_2021-04-13
2021-06-11 21:57:48 04      HNP_BBG000BX5YM0_2021-04-13
2021-06-11 21:57:48 04      HOG_BBG000BKZTP3_2021-04-13
2021-06-11 21:57:48 05      HOLX_BBG000C3NTN5_2021-04-13
2021-06-11 21:57:48 07      HON_BBG000H556T9_2021-04-13
2021-06-11 21:57:48 08      HP_BBG000BLCPY4_2021-04-13
2021-06-11 21:57:48 09      HPE_BBG0078W3NQ3_2021-04-13
2021-06-11 21:57:48 10      HPQ_BBG000KHWT55_2021-04-13
2021-06-11 21:57:48 12      HQY_BBG000TYXCT9_2021-04-13
2021-06-11 21:57:48 13      HRB_BBG000BLDV98_2021-04-13
2021-06-11 21:57:48 14      HRC_BBG000BKWCS0_2021-04-13
2021-06-11 21:57:48 15      HRL_BBG000BLF8D2_2021-04-13
2021-06-11 21:57:48 16      HRTX_BBG000G2GJT7_2021-04-13
2021-06-11 21:57:48 17      HSC_BBG000BLH3P8_2021-04-13
2021-06-11 21:57:48 17      HSIC_BBG000BNMMJ3_2021-04-13
2021-06-11 21:57:48 18      HSKA_BBG000BWFH48_2021-04-13
2021-06-11 21:57:48 19      HST_BBG000BL8804_2021-04-13
2021-06-11 21:57:48 20      HSY_BBG000BLHRS2_2021-04-13
2021-06-11 21:57:48 21      HTA_BBG000PRJCX9_2021-04-13
2021-06-11 21:57:48 22      HTHT_BBG000QFPM65_2021-04-13
2021-06-11 21:57:48 23      HUBB_BBG000BLK267_2021-04-13
2021-06-11 21:57:48 23      HUBG_BBG000G9W6L0_2021-04-13
2021-06-11 21:57:48 24      HUBS_BBG000N7MZ06_2021-04-13
2021-06-11 21:57:48 25      HUM_BBG000BLKK03_2021-04-13
2021-06-11 21:57:48 26      HURN_BBG000PV2M48_2021-04-13
2021-06-11 21:57:48 26      HWM_BBG00DYNJGH9_2021-04-13
2021-06-11 21:57:48 27      HXL_BBG000BLMDQ9_2021-04-13
2021-06-11 21:57:48 28      IAC_BBG000BKQG80_2021-04-13
2021-06-11 21:57:48 29      IART_BBG000BZJQL8_2021-04-13
2021-06-11 21:57:48 30      IBKR_BBG000LV0836_2021-04-13
2021-06-11 21:57:48 31      IBM_BBG000BLNNH6_2021-04-13
2021-06-11 21:57:48 34      IBN_BBG000DRM643_2021-04-13
2021-06-11 21:57:48 35      IBP_BBG005TJKDZ6_2021-04-13
2021-06-11 21:57:48 36      ICE_BBG000C1FB75_2021-04-13
2021-06-11 21:57:48 37      ICPT_BBG001J1QN87_2021-04-13
2021-06-11 21:57:48 38      ICUI_BBG000CQV2N4_2021-04-13
2021-06-11 21:57:48 39      IDCC_BBG000HLJ7M4_2021-04-13
2021-06-11 21:57:48 40      IDXX_BBG000BLRT07_2021-04-13
2021-06-11 21:57:48 41      IEX_BBG000C1HN22_2021-04-13
2021-06-11 21:57:48 42      IFF_BBG000BLSL58_2021-04-13
2021-06-11 21:57:48 43      IGMS_BBG00PNR1BT2_2021-04-13
2021-06-11 21:57:48 44      IIPR_BBG00F0SW7N8_2021-04-13
2021-06-11 21:57:48 44      IIVI_BBG000BLW102_2021-04-13
2021-06-11 21:57:48 46      ILMN_BBG000DSMS70_2021-04-13
2021-06-11 21:57:48 47      INCY_BBG000BNPSQ9_2021-04-13
2021-06-11 21:57:48 49      INDB_BBG000BM0597_2021-04-13
2021-06-11 21:57:48 49      INFO_BBG006G063F9_2021-04-13
2021-06-11 21:57:48 50      INGN_BBG0021PH456_2021-04-13
2021-06-11 21:57:48 51      INGR_BBG000BXPZB7_2021-04-13
2021-06-11 21:57:48 52      INMD_BBG00PPS73P4_2021-04-13
2021-06-11 21:57:48 53      INSP_BBG00209SZJ7_2021-04-13
2021-06-11 21:57:48 53      INTC_BBG000C0G1D1_2021-04-13
2021-06-11 21:57:48 60      INTU_BBG000BH5DV1_2021-04-13
2021-06-11 21:57:48 61      INVH_BBG00FQH6BS9_2021-04-13
2021-06-11 21:57:48 62      IONS_BBG000JH6683_2021-04-13
2021-06-11 21:57:48 63      IOSP_BBG000BMFNP4_2021-04-13
2021-06-11 21:57:48 64      IOVA_BBG000FTLBV7_2021-04-13
2021-06-11 21:57:48 65      IP_BBG000BM5SR2_2021-04-13
2021-06-11 21:57:48 68      IPAR_BBG000GCSWR5_2021-04-13
2021-06-11 21:57:48 69      IPG_BBG000C90DH9_2021-04-13
2021-06-11 21:57:48 70      IPGP_BBG000DCGRL8_2021-04-13
2021-06-11 21:57:48 71      IQV_BBG00333FYS2_2021-04-13
2021-06-11 21:57:48 72      IR_BBG002R1CW27_2021-04-13
2021-06-11 21:57:48 73      IRBT_BBG000HXJB21_2021-04-13
2021-06-11 21:57:48 74      IRDM_BBG000VC0FC1_2021-04-13
2021-06-11 21:57:48 75      IRM_BBG000KCZPC3_2021-04-13
2021-06-11 21:57:48 76      IRTC_BBG001J19V24_2021-04-13
2021-06-11 21:57:48 77      IRTC: BuyPending. Strategy: MorningOpenStrategy. Price: 79.25. Lots: 3. ChangeOpenToCurrent: -1.25. ChangePrevCloseToCurrent: -2.16. Candle: ID:9, Time: 7:00, Close: 79.25.
2021-06-11 21:57:48 77      IRTC: OrderID: fd4a5fbb. PlacedOrder. Status: New. RejectReason: 
2021-06-11 21:57:48 77      IRTC: OrderID: fd4a5fbb fully executed
2021-06-11 21:57:48 77      IRTC: Morning closing by timeout. Close price: 79.66. Lots: 3. Profit: 0.41(0.52%). Candle: ID:127, Time: 7:20, Close: 79.66
2021-06-11 21:57:48 77      IRTC: OrderID: 7d89a1d1. PlacedOrder. Status: New. RejectReason: 
2021-06-11 21:57:48 77      IRTC: OrderID: 7d89a1d1 fully executed
2021-06-11 21:57:48 78      ISRG_BBG000BJPDZ1_2021-04-13
2021-06-11 21:57:48 79      IT_BBG000BB65D0_2021-04-13
2021-06-11 21:57:48 81      ITCI_BBG0026ZFZC4_2021-04-13
2021-06-11 21:57:48 81      ITGR_BBG000BW6JV4_2021-04-13
2021-06-11 21:57:48 82      ITRI_BBG000BD2167_2021-04-13
2021-06-11 21:57:48 83      ITT_BBG00CVQZQ96_2021-04-13
2021-06-11 21:57:48 83      ITW_BBG000BMBL90_2021-04-13
2021-06-11 21:57:48 84      IVZ_BBG000BY2Y78_2021-04-13
2021-06-11 21:57:48 86      J_BBG000BMFFQ0_2021-04-13
2021-06-11 21:57:48 87      JACK_BBG000GZYVY1_2021-04-13
2021-06-11 21:57:48 88      JBHT_BBG000BMDBZ1_2021-04-13
2021-06-11 21:57:48 89      JBSS_BBG000CHPMY5_2021-04-13
2021-06-11 21:57:48 89      JBT_BBG000VLBCQ1_2021-04-13
2021-06-11 21:57:48 90      JCI_BBG000BVWLJ6_2021-04-13
2021-06-11 21:57:48 91      JCOM_BBG000F3CWW7_2021-04-13
2021-06-11 21:57:48 92      JD_BBG005YHY0Q7_2021-04-13
2021-06-11 21:57:48 98      JEF_BBG000BNHSP9_2021-04-13
2021-06-11 21:57:48 99      JELD_BBG0019GM953_2021-04-13
2021-06-11 21:57:49 00      JJSF_BBG000BMGPW0_2021-04-13
2021-06-11 21:57:49 00      JKHY_BBG000BMH2Q7_2021-04-13
2021-06-11 21:57:49 01      JLL_BBG000C2L2L0_2021-04-13
2021-06-11 21:57:49 02      JNJ_BBG000BMHYD1_2021-04-13
2021-06-11 21:57:49 07      JNPR_BBG000BY33P5_2021-04-13
2021-06-11 21:57:49 08      JOBS_BBG000BJD1D4_2021-04-13
2021-06-11 21:57:49 08      JOUT_BBG000HCXFS4_2021-04-13
2021-06-11 21:57:49 09      JPM_BBG000DMBXR2_2021-04-13
2021-06-11 21:57:49 14      JWN_BBG000G8N9C6_2021-04-13
2021-06-11 21:57:49 15      K_BBG000BMKDM3_2021-04-13
2021-06-11 21:57:49 17      KALU_BBG000PKZDX4_2021-04-13
2021-06-11 21:57:49 17      KBH_BBG000BMLWX8_2021-04-13
2021-06-11 21:57:49 19      KDP_BBG000TJM7F0_2021-04-13
2021-06-11 21:57:49 20      KEP_BBG000BCWG90_2021-04-13
2021-06-11 21:57:49 21      KEX_BBG000BMQCP6_2021-04-13
2021-06-11 21:57:49 21      KEY_BBG000BMQPL1_2021-04-13
2021-06-11 21:57:49 23      KEYS_BBG0059FN811_2021-04-13
2021-06-11 21:57:49 24      KFY_BBG000C5QMB5_2021-04-13
2021-06-11 21:57:49 24      KHC_BBG005CPNTQ2_2021-04-13
2021-06-11 21:57:49 27      KIDS_BBG00HFFRW39_2021-04-13
2021-06-11 21:57:49 27      KIM_BBG000CN3S73_2021-04-13
2021-06-11 21:57:49 28      KLAC_BBG000BMTFR4_2021-04-13
2021-06-11 21:57:49 30      KMB_BBG000BMW2Z0_2021-04-13
2021-06-11 21:57:49 31      KMI_BBG0019JZ882_2021-04-13
2021-06-11 21:57:49 32      KMPR_BBG000H3GDJ8_2021-04-13
2021-06-11 21:57:49 33      KMT_BBG000BMWKC5_2021-04-13
2021-06-11 21:57:49 34      KMX_BBG000BLMZK6_2021-04-13
2021-06-11 21:57:49 35      KNSL_BBG00D8JD9Z9_2021-04-13
2021-06-11 21:57:49 35      KNX_BBG000BFC848_2021-04-13
2021-06-11 21:57:49 36      KO_BBG000BMX289_2021-04-13
2021-06-11 21:57:49 39      KOD_BBG00BVR0D02_2021-04-13
2021-06-11 21:57:49 39      KR_BBG000BMY992_2021-04-13
2021-06-11 21:57:49 41      KRG_BBG000BC2KW8_2021-04-13
2021-06-11 21:57:49 42      KRTX_BBG00NN875G0_2021-04-13
2021-06-11 21:57:49 42      KRYS_BBG00HDGRHH7_2021-04-13
2021-06-11 21:57:49 43      KSU_BBG000BMZ7P7_2021-04-13
2021-06-11 21:57:49 45      KTB_BBG00LPTHYD5_2021-04-13
2021-06-11 21:57:49 46      KWR_BBG000DZS2L9_2021-04-13
2021-06-11 21:57:49 46      L_BBG000C45984_2021-04-13
2021-06-11 21:57:49 47      LAD_BBG000K3BC83_2021-04-13
2021-06-11 21:57:49 48      LANC_BBG000BN1M88_2021-04-13
2021-06-11 21:57:49 48      LASR_BBG0020BCPX5_2021-04-13
2021-06-11 21:57:49 49      LB_BBG000BNGTQ7_2021-04-13
2021-06-11 21:57:49 50      LBRDK_BBG006GNSZW5_2021-04-13
2021-06-11 21:57:49 51      LCII_BBG000DNLMB0_2021-04-13
2021-06-11 21:57:49 52      LDOS_BBG000C23PB0_2021-04-13
2021-06-11 21:57:49 53      LEA_BBG000PTLGZ1_2021-04-13
2021-06-11 21:57:49 53      LECO_BBG000BB72K8_2021-04-13
2021-06-11 21:57:49 54      LEG_BBG000BN53G7_2021-04-13
2021-06-11 21:57:49 55      LEGH_BBG00MJDR6J9_2021-04-13
2021-06-11 21:57:49 55      LEN_BBG000BN5HF7_2021-04-13
2021-06-11 21:57:49 57      LEVI_BBG000BQDF10_2021-04-13
2021-06-11 21:57:49 58      LFC_BBG000BBK4B9_2021-04-13
2021-06-11 21:57:49 59      LFUS_BBG000BGFGT8_2021-04-13
2021-06-11 21:57:49 59      LGIH_BBG0056655S1_2021-04-13
2021-06-11 21:57:49 60      LGND_BBG000BKF014_2021-04-13
2021-06-11 21:57:49 61      LH_BBG000D9DMK0_2021-04-13
2021-06-11 21:57:49 61      LHCG_BBG000G7W420_2021-04-13
2021-06-11 21:57:49 62      LHX_BBG000BLGFJ9_2021-04-13
2021-06-11 21:57:49 63      LII_BBG000BB5B84_2021-04-13
2021-06-11 21:57:49 64      LIN_BBG00GVR8YQ9_2021-04-13
2021-06-11 21:57:49 65      LITE_BBG0073F9RT7_2021-04-13
2021-06-11 21:57:49 66      LKQ_BBG000PXDL44_2021-04-13
2021-06-11 21:57:49 67      LLY_BBG000BNBDC2_2021-04-13
2021-06-11 21:57:49 68      LMT_BBG000C1BW00_2021-04-13
2021-06-11 21:57:49 70      LNN_BBG000FJS1S8_2021-04-13
2021-06-11 21:57:49 70      LNT_BBG000DW4Q75_2021-04-13
2021-06-11 21:57:49 71      LNTH_BBG006Q52RD0_2021-04-13
2021-06-11 21:57:49 72      LOPE_BBG000FV28W9_2021-04-13
2021-06-11 21:57:49 73      LOW_BBG000BNDN65_2021-04-13
2021-06-11 21:57:49 75      LPL_BBG000FJ0RK9_2021-04-13
2021-06-11 21:57:49 76      LPLA_BBG000P2TYL8_2021-04-13
2021-06-11 21:57:49 76      LPSN_BBG000BSV0W5_2021-04-13
2021-06-11 21:57:49 78      LRCX_BBG000BNFLM9_2021-04-13
2021-06-11 21:57:49 79      LRN_BBG000QSXPZ9_2021-04-13
2021-06-11 21:57:49 80      LSCC_BBG000C2D1C1_2021-04-13
2021-06-11 21:57:49 81      LSTR_BBG000BB2KN0_2021-04-13
2021-06-11 21:57:49 82      LTHM_BBG00LV3NRG0_2021-04-13
2021-06-11 21:57:49 84      LULU_BBG000R8ZVD1_2021-04-13
2021-06-11 21:57:49 86      LUMN_BBG000BGLRN3_2021-04-13
2021-06-11 21:57:49 87      LUV_BBG000BNJHS8_2021-04-13
2021-06-11 21:57:49 90      LVS_BBG000JWD753_2021-04-13
2021-06-11 21:57:49 91      LW_BBG003CVMLQ2_2021-04-13
2021-06-11 21:57:49 92      LYB_BBG000WCFV84_2021-04-13
2021-06-11 21:57:49 93      LYFT_BBG004M9ZHX5_2021-04-13
2021-06-11 21:57:49 96      LYV_BBG000FQ7YR4_2021-04-13
2021-06-11 21:57:49 97      M_BBG000C46HM9_2021-04-13
2021-06-11 21:57:49 99      MA_BBG000F1ZSQ2_2021-04-13
2021-06-11 21:57:50 01      MAA_BBG000BLMY92_2021-04-13
2021-06-11 21:57:50 02      MAC_BBG000BL9C59_2021-04-13
2021-06-11 21:57:50 03      MAN_BBG000BNMHS4_2021-04-13
2021-06-11 21:57:50 04      MANH_BBG000BFV758_2021-04-13
2021-06-11 21:57:50 05      MANT_BBG000BGF8B5_2021-04-13
2021-06-11 21:57:50 05      MANU_BBG0035WV4N9_2021-04-13
2021-06-11 21:57:50 06      MAR_BBG000BGD7W6_2021-04-13
2021-06-11 21:57:50 08      MAS_BBG000BNNKG9_2021-04-13
2021-06-11 21:57:50 09      MASI_BBG000C3W281_2021-04-13
2021-06-11 21:57:50 10      MAT_BBG000BNNYW1_2021-04-13
2021-06-11 21:57:50 11      MATX_BBG000BBK401_2021-04-13
2021-06-11 21:57:50 12      MBT_BBG000CSZKR2_2021-04-13
2021-06-11 21:57:50 13      MBUU_BBG005PXTR70_2021-04-13
2021-06-11 21:57:50 14      MCD_BBG000BNSZP1_2021-04-13
2021-06-11 21:57:50 15      MCHP_BBG000BHCP19_2021-04-13
2021-06-11 21:57:50 18      MCK_BBG000DYGNW7_2021-04-13
2021-06-11 21:57:50 19      MCO_BBG000F86GP6_2021-04-13
2021-06-11 21:57:50 20      MCRI_BBG000BJ0932_2021-04-13
2021-06-11 21:57:50 20      MD_BBG000H8LGK2_2021-04-13
2021-06-11 21:57:50 21      MDB_BBG0022FDRY8_2021-04-13
2021-06-11 21:57:50 22      MDGL_BBG000QS6NV8_2021-04-13
2021-06-11 21:57:50 23      MDLA_BBG001BPKGT0_2021-04-13
2021-06-11 21:57:50 24      MDLZ_BBG000D4LWF6_2021-04-13
2021-06-11 21:57:50 26      MDRX_BBG000BLDXH5_2021-04-13
2021-06-11 21:57:50 27      MDT_BBG000BNWG87_2021-04-13
2021-06-11 21:57:50 29      MED_BBG000BWBW76_2021-04-13
2021-06-11 21:57:50 30      MEDP_BBG0065B7K59_2021-04-13
2021-06-11 21:57:50 30      MEI_BBG000BNY197_2021-04-13
2021-06-11 21:57:50 31      MELI_BBG000GQPB11_2021-04-13
2021-06-11 21:57:50 32      MET_BBG000BB6KF5_2021-04-13
2021-06-11 21:57:50 33      MFGP_BBG00HFWVGN0_2021-04-13
2021-06-11 21:57:50 34      MGLN_BBG000BD6DD9_2021-04-13
2021-06-11 21:57:50 35      MGM_BBG000C2BXK4_2021-04-13
2021-06-11 21:57:50 36      MGY_BBG00GNC8DL2_2021-04-13
2021-06-11 21:57:50 38      MHK_BBG000FLZN98_2021-04-13
2021-06-11 21:57:50 39      MHO_BBG000BL9MZ4_2021-04-13
2021-06-11 21:57:50 39      MIDD_BBG000DQN9R3_2021-04-13
2021-06-11 21:57:50 41      MINI_BBG000BGTX98_2021-04-13
2021-06-11 21:57:50 41      MKC_BBG000G6Y5W4_2021-04-13
2021-06-11 21:57:50 42      MKL_BBG000FC7366_2021-04-13
2021-06-11 21:57:50 43      MKSI_BBG000BVMG26_2021-04-13
2021-06-11 21:57:50 44      MKTX_BBG000BJBZ23_2021-04-13
2021-06-11 21:57:50 45      MLAB_BBG000BP3PW7_2021-04-13
2021-06-11 21:57:50 45      MLCO_BBG000BHP8J4_2021-04-13
2021-06-11 21:57:50 46      MLHR_BBG000BP46T2_2021-04-13
2021-06-11 21:57:50 47      MLM_BBG000BGYMH7_2021-04-13
2021-06-11 21:57:50 48      MMC_BBG000BP4MH0_2021-04-13
2021-06-11 21:57:50 49      MMI_BBG005GBRSR6_2021-04-13
2021-06-11 21:57:50 50      MMM_BBG000BP52R2_2021-04-13
2021-06-11 21:57:50 51      MMS_BBG000BC5WJ4_2021-04-13
2021-06-11 21:57:50 52      MMSI_BBG000C42VX0_2021-04-13
2021-06-11 21:57:50 53      MNRO_BBG000C0BZD1_2021-04-13
2021-06-11 21:57:50 54      MNST_BBG008NVB1C0_2021-04-13
2021-06-11 21:57:50 55      MO_BBG000BP6LJ8_2021-04-13
2021-06-11 21:57:50 56      MOH_BBG000MBHNC8_2021-04-13
2021-06-11 21:57:50 57      MOMO_BBG007HTCQT0_2021-04-13
2021-06-11 21:57:50 60      MORN_BBG000CGQ4F7_2021-04-13
2021-06-11 21:57:50 61      MOS_BBG000BFXHL6_2021-04-13
2021-06-11 21:57:50 63      MOV_BBG000BL30Y9_2021-04-13
2021-06-11 21:57:50 64      MPC_BBG001DCCGR8_2021-04-13
2021-06-11 21:57:50 66      MPWR_BBG000C30L48_2021-04-13
2021-06-11 21:57:50 67      MRC_BBG000BKLTM1_2021-04-13
2021-06-11 21:57:50 67      MRK_BBG000BPD168_2021-04-13
2021-06-11 21:57:50 70      MRNA_BBG003PHHZT1_2021-04-13
2021-06-11 21:57:50 78      MRO_BBG000C8H633_2021-04-13
2021-06-11 21:57:50 79      MRTX_BBG004TPGBP5_2021-04-13
2021-06-11 21:57:50 80      MS_BBG000BLZRJ2_2021-04-13
2021-06-11 21:57:50 84      MSA_BBG000BPDXF8_2021-04-13
2021-06-11 21:57:50 85      MSCI_BBG000RTDY25_2021-04-13
2021-06-11 21:57:50 85      MSFT_BBG000BPH459_2021-04-13
2021-06-11 21:57:50 97      MSGE_BBG00L9HLWV8_2021-04-13
2021-06-11 21:57:50 98      MSGN_BBG000NS03H7_2021-04-13
2021-06-11 21:57:50 99      MSGS_BBG007FG0C23_2021-04-13
2021-06-11 21:57:50 99      MSI_BBG000BP8Z50_2021-04-13
2021-06-11 21:57:51 01      MSM_BBG000BCLYL9_2021-04-13
2021-06-11 21:57:51 01      MSTR_BBG000GQJPZ0_2021-04-13
2021-06-11 21:57:51 08      MTB_BBG000D9KWL9_2021-04-13
2021-06-11 21:57:51 09      MTCH_BBG00B6WH9G3_2021-04-13
2021-06-11 21:57:51 11      MTD_BBG000BZCKH3_2021-04-13
2021-06-11 21:57:51 12      MTG_BBG000CBMH27_2021-04-13
2021-06-11 21:57:51 13      MTH_BBG000F4F1N0_2021-04-13
2021-06-11 21:57:51 14      MTN_BBG000BCMWM1_2021-04-13
2021-06-11 21:57:51 15      MTOR_BBG000BH92D1_2021-04-13
2021-06-11 21:57:51 16      MTRN_BBG000BDTT76_2021-04-13
2021-06-11 21:57:51 17      MU_BBG000C5Z1S3_2021-04-13
2021-06-11 21:57:51 25      MUR_BBG000BPMH90_2021-04-13
2021-06-11 21:57:51 27      MUSA_BBG001Z0Q6T5_2021-04-13
2021-06-11 21:57:51 28      MXIM_BBG000BPNP00_2021-04-13
2021-06-11 21:57:51 30      MXL_BBG000BB6R33_2021-04-13
2021-06-11 21:57:51 31      MYGN_BBG000D9H9F1_2021-04-13
2021-06-11 21:57:51 32      MYRG_BBG000BC7VW9_2021-04-13
2021-06-11 21:57:51 32      NARI_BBG009J8K7M0_2021-04-13
2021-06-11 21:57:51 33      NATI_BBG000DZK6N6_2021-04-13
2021-06-11 21:57:51 34      NAVI_BBG004MN1R41_2021-04-13
2021-06-11 21:57:51 35      NBIX_BBG000GJS7C1_2021-04-13
2021-06-11 21:57:51 37      NCBS_BBG000QK0TG5_2021-04-13
2021-06-11 21:57:51 38      NCR_BBG000BMXK89_2021-04-13
2021-06-11 21:57:51 39      NCR: SPYKE!. Candle: ID:62, Time: 11:35, Close: 35.44
2021-06-11 21:57:51 39      NCR: SPYKE!. Candle: ID:69, Time: 11:35, Close: 37.75
2021-06-11 21:57:51 39      NCR: SPYKE!. Candle: ID:70, Time: 11:35, Close: 37.75
2021-06-11 21:57:51 39      NDAQ_BBG000F5VVB6_2021-04-13
2021-06-11 21:57:51 41      NDSN_BBG000BPWGR1_2021-04-13
2021-06-11 21:57:51 42      NEE_BBG000BJSBJ0_2021-04-13
2021-06-11 21:57:51 45      NEM_BBG000BPWXK1_2021-04-13
2021-06-11 21:57:51 48      NEO_BBG000BKH263_2021-04-13
2021-06-11 21:57:51 49      NEOG_BBG000C1BCK2_2021-04-13
2021-06-11 21:57:51 50      NET_BBG001WMKHH5_2021-04-13
2021-06-11 21:57:51 55      NEU_BBG000BJ5SS8_2021-04-13
2021-06-11 21:57:51 56      NEWR_BBG001NFKJ68_2021-04-13
2021-06-11 21:57:51 56      NFLX_BBG000CL9VN6_2021-04-13
2021-06-11 21:57:51 62      NGVT_BBG009LM28K6_2021-04-13
2021-06-11 21:57:51 62      NJR_BBG000BPZVW9_2021-04-13
2021-06-11 21:57:51 63      NKE_BBG000C5HS04_2021-04-13
2021-06-11 21:57:51 67      NKTR_BBG000BHCYJ1_2021-04-13
2021-06-11 21:57:51 68      NLOK_BBG000BH2JM1_2021-04-13
2021-06-11 21:57:51 71      NLSN_BBG0088CYPX8_2021-04-13
2021-06-11 21:57:51 72      NMIH_BBG005DLMMZ6_2021-04-13
2021-06-11 21:57:51 73      NOC_BBG000BQ2C28_2021-04-13
2021-06-11 21:57:51 74      NOK_BBG000BNGBW9_2021-04-13
2021-06-11 21:57:51 77      NOV_BBG000BJX8C8_2021-04-13
2021-06-11 21:57:51 78      NOW_BBG000M1R011_2021-04-13
2021-06-11 21:57:51 80      NP_BBG000QCQ764_2021-04-13
2021-06-11 21:57:51 80      NPK_BBG000BQ4GG2_2021-04-13
2021-06-11 21:57:51 81      NRG_BBG000D8RG11_2021-04-13
2021-06-11 21:57:51 82      NSC_BBG000BQ5DS5_2021-04-13
2021-06-11 21:57:51 83      NSP_BBG000BJ41X2_2021-04-13
2021-06-11 21:57:51 84      NTAP_BBG000FP1N32_2021-04-13
2021-06-11 21:57:51 85      NTCO_BBG00R4ZKPN5_2021-04-13
2021-06-11 21:57:51 86      NTCT_BBG000C136Z8_2021-04-13
2021-06-11 21:57:51 87      NTES_BBG000BX72V8_2021-04-13
2021-06-11 21:57:51 89      NTGR_BBG000C4GBR6_2021-04-13
2021-06-11 21:57:51 90      NTLA_BBG007KC7PB0_2021-04-13
2021-06-11 21:57:51 91      NTNX_BBG001NDW1Z7_2021-04-13
2021-06-11 21:57:51 92      NTNX: SPYKE!. Candle: ID:7, Time: 8:00, Close: 28.4
2021-06-11 21:57:51 92      NTRA_BBG001J1BQ86_2021-04-13
2021-06-11 21:57:51 94      NTRS_BBG000BQ74K1_2021-04-13
2021-06-11 21:57:51 95      NTUS_BBG000DPZHS3_2021-04-13
2021-06-11 21:57:51 95      NUE_BBG000BQ8KV2_2021-04-13
2021-06-11 21:57:51 97      NUS_BBG000HG21Y3_2021-04-13
2021-06-11 21:57:51 98      NUVA_BBG000LNL298_2021-04-13
2021-06-11 21:57:51 99      NVDA_BBG000BBJQV0_2021-04-13
2021-06-11 21:57:52 09      NVEE_BBG005BT60Y8_2021-04-13
2021-06-11 21:57:52 10      NVR_BBG000BQBYR3_2021-04-13
2021-06-11 21:57:52 11      NVRO_BBG001K61W36_2021-04-13
2021-06-11 21:57:52 12      NVTA_BBG005DJFD43_2021-04-13
2021-06-11 21:57:52 14      NWE_BBG000Q1NMJ4_2021-04-13
2021-06-11 21:57:52 15      NWL_BBG000BQC9V2_2021-04-13
2021-06-11 21:57:52 19      NWLI_BBG008HNHZ07_2021-04-13
2021-06-11 21:57:52 20      NWS_BBG0035M2ZB7_2021-04-13
2021-06-11 21:57:52 21      NWSA_BBG0035LY913_2021-04-13
2021-06-11 21:57:52 24      NXPI_BBG000BND699_2021-04-13
2021-06-11 21:57:52 27      NXST_BBG000DZJVH0_2021-04-13
2021-06-11 21:57:52 28      NYT_BBG000FFC0B3_2021-04-13
2021-06-11 21:57:52 29      O_BBG000DHPN63_2021-04-13
2021-06-11 21:57:52 30      OC_BBG000M44VW8_2021-04-13
2021-06-11 21:57:52 31      ODFL_BBG000CHSS88_2021-04-13
2021-06-11 21:57:52 32      OFIX_BBG000G1C210_2021-04-13
2021-06-11 21:57:52 33      OHI_BBG000BGBTC2_2021-04-13
2021-06-11 21:57:52 34      OI_BBG00R2JZG39_2021-04-13
2021-06-11 21:57:52 35      OII_BBG000CPBCL8_2021-04-13
2021-06-11 21:57:52 36      OII: SPYKE!. Candle: ID:18, Time: 7:50, Close: 10.51
2021-06-11 21:57:52 36      OII: SPYKE!. Candle: ID:55, Time: 12:45, Close: 11.18
2021-06-11 21:57:52 36      OII: SPYKE!. Candle: ID:64, Time: 12:45, Close: 11.27
2021-06-11 21:57:52 36      OIS_BBG000BDDN94_2021-04-13
2021-06-11 21:57:52 38      OKE_BBG000BQHGR6_2021-04-13
2021-06-11 21:57:52 40      OKTA_BBG001YV1SM4_2021-04-13
2021-06-11 21:57:52 42      OLED_BBG000BLRP41_2021-04-13
2021-06-11 21:57:52 43      OLLI_BBG0098VVDT9_2021-04-13
2021-06-11 21:57:52 45      OMC_BBG000BS9489_2021-04-13
2021-06-11 21:57:52 46      OMCL_BBG000BTNGZ4_2021-04-13
2021-06-11 21:57:52 47      ON_BBG000DV7MX4_2021-04-13
2021-06-11 21:57:52 50      ONTO_BBG000BPRN29_2021-04-13
2021-06-11 21:57:52 51      ORCL_BBG000BQLTW7_2021-04-13
2021-06-11 21:57:52 53      ORLY_BBG000BGYWY6_2021-04-13
2021-06-11 21:57:52 55      OSIS_BBG000BWPR54_2021-04-13
2021-06-11 21:57:52 56      OSK_BBG000CC53X1_2021-04-13
2021-06-11 21:57:52 56      OSUR_BBG000J3D1Y8_2021-04-13
2021-06-11 21:57:52 58      OTIS_BBG00RP60KV0_2021-04-13
2021-06-11 21:57:52 59      OVV_BBG00R2NHQ65_2021-04-13
2021-06-11 21:57:52 60      OXY_BBG000BQQ2S6_2021-04-13
2021-06-11 21:57:52 62      PAGS_BBG00JM7QBR6_2021-04-13
2021-06-11 21:57:52 63      PANW_BBG0014GJCT9_2021-04-13
2021-06-11 21:57:52 64      PATK_BBG000BQSBB2_2021-04-13
2021-06-11 21:57:52 65      PAYC_BBG0064N0ZZ5_2021-04-13
2021-06-11 21:57:52 66      PB_BBG000BHY4D9_2021-04-13
2021-06-11 21:57:52 67      PBCT_BBG000BQT4L6_2021-04-13
2021-06-11 21:57:52 68      PBF_BBG002832GV8_2021-04-13
2021-06-11 21:57:52 68      PBF: SPYKE!. Candle: ID:2, Time: 7:00, Close: 14.15
2021-06-11 21:57:52 69      PBH_BBG000QM0RZ4_2021-04-13
2021-06-11 21:57:52 70      PBI_BBG000BQTMJ9_2021-04-13
2021-06-11 21:57:52 71      PCAR_BBG000BQVTF5_2021-04-13
2021-06-11 21:57:52 72      PCG_BBG000BQWPC5_2021-04-13
2021-06-11 21:57:52 73      PCRX_BBG0018FQNS6_2021-04-13
2021-06-11 21:57:52 74      PCTY_BBG006598YS8_2021-04-13
2021-06-11 21:57:52 75      PD_BBG0043BYPB8_2021-04-13
2021-06-11 21:57:52 76      PDCO_BBG000BQY289_2021-04-13
2021-06-11 21:57:52 77      PEAK_BBG000BKYDP9_2021-04-13
2021-06-11 21:57:52 78      PEG_BBG000BQZMH4_2021-04-13
2021-06-11 21:57:52 79      PEGA_BBG000H1RYG7_2021-04-13
2021-06-11 21:57:52 80      PEN_BBG001BP92V1_2021-04-13
2021-06-11 21:57:52 81      PEP_BBG000DH7JK6_2021-04-13
2021-06-11 21:57:52 85      PETQ_BBG00H1CY328_2021-04-13
2021-06-11 21:57:52 86      PFE_BBG000BR2B91_2021-04-13
2021-06-11 21:57:52 89      PFG_BBG000NSCNT7_2021-04-13
2021-06-11 21:57:52 91      PFGC_BBG009XW2WB8_2021-04-13
2021-06-11 21:57:52 92      PFPT_BBG000RQ2GY7_2021-04-13
2021-06-11 21:57:52 93      PG_BBG000BR2TH3_2021-04-13
2021-06-11 21:57:52 97      PGNY_BBG002H1K1H1_2021-04-13
2021-06-11 21:57:52 98      PGR_BBG000BR37X2_2021-04-13
2021-06-11 21:57:52 99      PGTI_BBG000FX3Y66_2021-04-13
2021-06-11 21:57:53 00      PH_BBG000BR3KL6_2021-04-13
2021-06-11 21:57:53 01      PHM_BBG000BR54L0_2021-04-13
2021-06-11 21:57:53 03      PII_BBG000D5S4M0_2021-04-13
2021-06-11 21:57:53 04      PINC_BBG000G7QX50_2021-04-13
2021-06-11 21:57:53 04      PINS_BBG002583CV8_2021-04-13
2021-06-11 21:57:53 07      PIPR_BBG000FQXC75_2021-04-13
2021-06-11 21:57:53 08      PKG_BBG000BB8SW7_2021-04-13
2021-06-11 21:57:53 09      PKI_BBG000FXW512_2021-04-13
2021-06-11 21:57:53 10      PLAN_BBG002DZS299_2021-04-13
2021-06-11 21:57:53 12      PLAY_BBG001WWJTK5_2021-04-13
2021-06-11 21:57:53 13      PLCE_BBG000JK9DK4_2021-04-13
2021-06-11 21:57:53 14      PLD_BBG000B9Z0J8_2021-04-13
2021-06-11 21:57:53 16      PLNT_BBG009H04M17_2021-04-13
2021-06-11 21:57:53 16      PLTR_BBG000N7QR55_2021-04-13
2021-06-11 21:57:53 21      PLTR: BuyPending. Strategy: MorningOpenStrategy. Price: 23.22. Lots: 10. ChangeOpenToCurrent: -2.35. ChangePrevCloseToCurrent: -0.90. Candle: ID:11, Time: 7:00, Close: 23.22.
2021-06-11 21:57:53 21      PLTR: OrderID: a119d61e. PlacedOrder. Status: New. RejectReason: 
2021-06-11 21:57:53 22      PLTR: Cancel order. Did not bought at market open. Candle: ID:31, Time: 7:05, Close: 23.36
2021-06-11 21:57:53 22      OrderID: a119d61e successfully canceled
2021-06-11 21:57:53 25      PLUS_BBG000HN7W02_2021-04-13
2021-06-11 21:57:53 25      PLXS_BBG000BRBX66_2021-04-13
2021-06-11 21:57:53 26      PM_BBG000J2XL74_2021-04-13
2021-06-11 21:57:53 29      PNC_BBG000BRD0D8_2021-04-13
2021-06-11 21:57:53 30      PNFP_BBG000C1XKF6_2021-04-13
2021-06-11 21:57:53 31      PNTG_BBG00P33SY72_2021-04-13
2021-06-11 21:57:53 32      PODD_BBG000R7XX87_2021-04-13
2021-06-11 21:57:53 34      POOL_BBG000BCVG28_2021-04-13
2021-06-11 21:57:53 35      POR_BBG000BCRMW7_2021-04-13
2021-06-11 21:57:53 35      POST_BBG001WTBC36_2021-04-13
2021-06-11 21:57:53 36      POWI_BBG000BTT3D1_2021-04-13
2021-06-11 21:57:53 37      PPC_BBG000BFLXV3_2021-04-13
2021-06-11 21:57:53 38      PPG_BBG000BRJ809_2021-04-13
2021-06-11 21:57:53 39      PPL_BBG000BRJL00_2021-04-13
2021-06-11 21:57:53 40      PRAA_BBG000BNTW77_2021-04-13
2021-06-11 21:57:53 41      PRAH_BBG007387YL8_2021-04-13
2021-06-11 21:57:53 43      PRFT_BBG000BVXFK6_2021-04-13
2021-06-11 21:57:53 44      PRG_BBG00VSH86G4_2021-04-13
2021-06-11 21:57:53 44      PRGS_BBG000C4QP94_2021-04-13
2021-06-11 21:57:53 45      PRI_BBG000T8ZF80_2021-04-13
2021-06-11 21:57:53 46      PRLB_BBG000BT13B3_2021-04-13
2021-06-11 21:57:53 47      PRSP_BBG00KMXKWF9_2021-04-13
2021-06-11 21:57:53 47      PRU_BBG000HCJMF9_2021-04-13
2021-06-11 21:57:53 51      PSA_BBG000BPPN67_2021-04-13
2021-06-11 21:57:53 52      PSN_BBG000C3TKY6_2021-04-13
2021-06-11 21:57:53 52      PSTG_BBG00212PVZ5_2021-04-13
2021-06-11 21:57:53 54      PSX_BBG00286S4N9_2021-04-13
2021-06-11 21:57:53 55      PTC_BBG000C2VBB0_2021-04-13
2021-06-11 21:57:53 57      PTCT_BBG000QT15P7_2021-04-13
2021-06-11 21:57:53 58      PTON_BBG00JG0FFZ2_2021-04-13
2021-06-11 21:57:53 61      PTR_BBG000BR85F1_2021-04-13
2021-06-11 21:57:53 62      PUMP_BBG00FYCQ352_2021-04-13
2021-06-11 21:57:53 63      PVH_BBG000BRRG02_2021-04-13
2021-06-11 21:57:53 65      PWR_BBG000BBL8V7_2021-04-13
2021-06-11 21:57:53 66      PXD_BBG000BXRPH1_2021-04-13
2021-06-11 21:57:53 67      PYPL_BBG0077VNXV6_2021-04-13
2021-06-11 21:57:53 73      PZZA_BBG000BFWF13_2021-04-13
2021-06-11 21:57:53 74      QADA_BBG001BP77C3_2021-04-13
2021-06-11 21:57:53 75      QCOM_BBG000CGC1X8_2021-04-13
2021-06-11 21:57:53 79      QDEL_BBG000C6GN04_2021-04-13
2021-06-11 21:57:53 81      QLYS_BBG000HT5G06_2021-04-13
2021-06-11 21:57:53 82      QNST_BBG000S9XXB8_2021-04-13
2021-06-11 21:57:53 83      QRTEA_BBG000PCQQL6_2021-04-13
2021-06-11 21:57:53 84      QRVO_BBG007TJF1N7_2021-04-13
2021-06-11 21:57:53 86      QTS_BBG0054B20Z8_2021-04-13
2021-06-11 21:57:53 87      QTWO_BBG005ZVK9P2_2021-04-13
2021-06-11 21:57:53 88      QUOT_BBG001QYNR63_2021-04-13
2021-06-11 21:57:53 89      R_BBG000BRVP70_2021-04-13
2021-06-11 21:57:53 90      RACE_BBG009PH3Q86_2021-04-13
2021-06-11 21:57:53 90      RAMP_BBG000BB4HM6_2021-04-13
2021-06-11 21:57:53 91      RARE_BBG001RWPDW6_2021-04-13
2021-06-11 21:57:53 93      RAVN_BBG000CXQTZ3_2021-04-13
2021-06-11 21:57:53 93      RBC_BBG000BRXTR8_2021-04-13
2021-06-11 21:57:53 94      RCL_BBG000BB5792_2021-04-13
2021-06-11 21:57:53 96      RDFN_BBG001Q7HP63_2021-04-13
2021-06-11 21:57:53 97      RDS.A_BBG000QXSSS6_2021-04-13
2021-06-11 21:57:53 99      RDY_BBG000NJ96L6_2021-04-13
2021-06-11 21:57:54 00      RE_BBG000C1XVK6_2021-04-13
2021-06-11 21:57:54 00      REG_BBG000BL46Q4_2021-04-13
2021-06-11 21:57:54 02      REGI_BBG0016SSV00_2021-04-13
2021-06-11 21:57:54 04      REGN_BBG000C734W3_2021-04-13
2021-06-11 21:57:54 06      RETA_BBG000R33BD1_2021-04-13
2021-06-11 21:57:54 07      REX_BBG000D2ZK61_2021-04-13
2021-06-11 21:57:54 07      REZI_BBG00HY28K89_2021-04-13
2021-06-11 21:57:54 08      RF_BBG000Q3JN03_2021-04-13
2021-06-11 21:57:54 09      RGA_BBG000BDLCQ0_2021-04-13
2021-06-11 21:57:54 10      RGEN_BBG000BS48J3_2021-04-13
2021-06-11 21:57:54 12      RGLD_BBG000BS5170_2021-04-13
2021-06-11 21:57:54 12      RGNX_BBG007Z9V591_2021-04-13
2021-06-11 21:57:54 13      RGR_BBG000C4FQG6_2021-04-13
2021-06-11 21:57:54 14      RH_BBG002293PJ4_2021-04-13
2021-06-11 21:57:54 15      RHI_BBG000BS5DR2_2021-04-13
2021-06-11 21:57:54 16      RIG_BBG000BH5LT6_2021-04-13
2021-06-11 21:57:54 18      RJF_BBG000BS73J1_2021-04-13
2021-06-11 21:57:54 19      RL_BBG000BS0ZF1_2021-04-13
2021-06-11 21:57:54 20      RMD_BBG000L4M7F1_2021-04-13
2021-06-11 21:57:54 21      RNG_BBG000J094P3_2021-04-13
2021-06-11 21:57:54 23      ROCK_BBG000BKQDQ7_2021-04-13
2021-06-11 21:57:54 23      ROG_BBG000BS9HN3_2021-04-13
2021-06-11 21:57:54 24      ROK_BBG000BBCDZ2_2021-04-13
2021-06-11 21:57:54 25      ROKU_BBG001ZZPQJ6_2021-04-13
2021-06-11 21:57:54 28      ROL_BBG000BSBBP1_2021-04-13
2021-06-11 21:57:54 29      ROLL_BBG000GMGNB3_2021-04-13
2021-06-11 21:57:54 30      ROP_BBG000F1ZSN5_2021-04-13
2021-06-11 21:57:54 31      ROST_BBG000BSBZH7_2021-04-13
2021-06-11 21:57:54 32      RPD_BBG009DFHWG6_2021-04-13
2021-06-11 21:57:54 33      RPM_BBG000DCNK80_2021-04-13
2021-06-11 21:57:54 35      RRBI_BBG000QKNLB2_2021-04-13
2021-06-11 21:57:54 35      RRC_BBG000FVXD63_2021-04-13
2021-06-11 21:57:54 37      RRGB_BBG000MXH9C1_2021-04-13
2021-06-11 21:57:54 38      RS_BBG000CJ2181_2021-04-13
2021-06-11 21:57:54 39      RSG_BBG000BPXVJ6_2021-04-13
2021-06-11 21:57:54 40      RTX_BBG000BW8S60_2021-04-13
2021-06-11 21:57:54 42      RVLV_BBG00M4RHBD0_2021-04-13
2021-06-11 21:57:54 43      RXN_BBG000H8R0N8_2021-04-13
2021-06-11 21:57:54 44      RYN_BBG000BG7L34_2021-04-13
2021-06-11 21:57:54 44      RYTM_BBG007DLZ601_2021-04-13
2021-06-11 21:57:54 45      SAFM_BBG000BSHJ96_2021-04-13
2021-06-11 21:57:54 46      SAGE_BBG0025X16Y5_2021-04-13
2021-06-11 21:57:54 47      SAIA_BBG000P5LMQ0_2021-04-13
2021-06-11 21:57:54 48      SAIC_BBG003BW05K6_2021-04-13
2021-06-11 21:57:54 49      SAIL_BBG00J0BBZL0_2021-04-13
2021-06-11 21:57:54 50      SAM_BBG000BCZBF1_2021-04-13
2021-06-11 21:57:54 50      SAVE_BBG000BF6RQ9_2021-04-13
2021-06-11 21:57:54 53      SBAC_BBG000D2M0Z7_2021-04-13
2021-06-11 21:57:54 55      SBCF_BBG000KK3464_2021-04-13
2021-06-11 21:57:54 55      SBGI_BBG000F2XXP2_2021-04-13
2021-06-11 21:57:54 56      SBH_BBG000LR8515_2021-04-13
2021-06-11 21:57:54 57      SBRA_BBG000MTDW24_2021-04-13
2021-06-11 21:57:54 58      SBUX_BBG000CTQBF3_2021-04-13
2021-06-11 21:57:54 60      SCCO_BBG000BSHH72_2021-04-13
2021-06-11 21:57:54 62      SCHW_BBG000BSLZY7_2021-04-13
2021-06-11 21:57:54 63      SCI_BBG000BTHH16_2021-04-13
2021-06-11 21:57:54 65      SCSC_BBG000BHTPZ4_2021-04-13
2021-06-11 21:57:54 65      SDGR_BBG000T88BN2_2021-04-13
2021-06-11 21:57:54 67      SEDG_BBG0084BBZY6_2021-04-13
2021-06-11 21:57:54 68      SEE_BBG000C22QV7_2021-04-13
2021-06-11 21:57:54 69      SEIC_BBG000BSQLT9_2021-04-13
2021-06-11 21:57:54 70      SERV_TCS002WMH2F2_2021-04-13
2021-06-11 21:57:54 70      SF_BBG000BSS5C0_2021-04-13
2021-06-11 21:57:54 71      SFIX_BBG0046L1KL9_2021-04-13
2021-06-11 21:57:54 72      SFM_BBG001KFKQM7_2021-04-13
2021-06-11 21:57:54 74      SGEN_BBG000BH0FR6_2021-04-13
2021-06-11 21:57:54 75      SHAK_BBG0063GCHH8_2021-04-13
2021-06-11 21:57:54 76      SHEN_BBG000BTC2N0_2021-04-13
2021-06-11 21:57:54 77      SHI_BBG000BHR1H9_2021-04-13
2021-06-11 21:57:54 77      SHW_BBG000BSXQV7_2021-04-13
2021-06-11 21:57:54 78      SIG_BBG000C4ZZ10_2021-04-13
2021-06-11 21:57:54 79      SIGI_BBG000BSZ738_2021-04-13
2021-06-11 21:57:54 80      SITE_BBG009T22D49_2021-04-13
2021-06-11 21:57:54 81      SIVB_BBG000BT0CM2_2021-04-13
2021-06-11 21:57:54 82      SJI_BBG000BT0T72_2021-04-13
2021-06-11 21:57:54 83      SJM_BBG000BT1715_2021-04-13
2021-06-11 21:57:54 84      SKM_BBG000BLN497_2021-04-13
2021-06-11 21:57:54 86      SKX_BBG000C4HKK2_2021-04-13
2021-06-11 21:57:54 87      SLAB_BBG000BB99S3_2021-04-13
2021-06-11 21:57:54 88      SLB_BBG000BT41Q8_2021-04-13
2021-06-11 21:57:54 89      SLG_BBG000BVP5P2_2021-04-13
2021-06-11 21:57:54 91      SMAR_BBG00GQK3WB5_2021-04-13
2021-06-11 21:57:54 91      SMG_BBG000BT5PG5_2021-04-13
2021-06-11 21:57:54 92      SMPL_BBG00GVP5JL4_2021-04-13
2021-06-11 21:57:54 94      SMTC_BBG000DBKR53_2021-04-13
2021-06-11 21:57:54 94      SNA_BBG000BT7JW9_2021-04-13
2021-06-11 21:57:54 95      SNAP_BBG00441QMJ7_2021-04-13
2021-06-11 21:57:54 98      SNBR_BBG000DM2BF3_2021-04-13
2021-06-11 21:57:54 99      SNPS_BBG000BSFRF3_2021-04-13
2021-06-11 21:57:55 01      SNX_BBG000CL9JV4_2021-04-13
2021-06-11 21:57:55 02      SNY_BBG000BBD5N1_2021-04-13
2021-06-11 21:57:55 03      SO_BBG000BT9DW0_2021-04-13
2021-06-11 21:57:55 04      SOHU_BBG00L2DB535_2021-04-13
2021-06-11 21:57:55 06      SON_BBG000D7HF89_2021-04-13
2021-06-11 21:57:55 06      SONO_BBG001JZPSQ2_2021-04-13
2021-06-11 21:57:55 08      SP_BBG000BJ91B1_2021-04-13
2021-06-11 21:57:55 09      SP: SPYKE!. Candle: ID:17, Time: 13:30, Close: 31.72
2021-06-11 21:57:55 09      SPB@US_BBG000DS5588_2021-04-13
2021-06-11 21:57:55 10      SPCE_BBG00HTN2CQ3_2021-04-13
2021-06-11 21:57:55 20      SPG_BBG000BJ2D31_2021-04-13
2021-06-11 21:57:55 22      SPGI_BBG000BP1Q11_2021-04-13
2021-06-11 21:57:55 23      SPLK_BBG001C7TST4_2021-04-13
2021-06-11 21:57:55 25      SPOT_BBG003T4VFC2_2021-04-13
2021-06-11 21:57:55 26      SPR_BBG000PRJ2Z9_2021-04-13
2021-06-11 21:57:55 28      SPSC_BBG000PZGB75_2021-04-13
2021-06-11 21:57:55 29      SQ_BBG0018SLC07_2021-04-13
2021-06-11 21:57:55 33      SRC_BBG0027Z6X10_2021-04-13
2021-06-11 21:57:55 34      SRCL_BBG000H3FZM6_2021-04-13
2021-06-11 21:57:55 34      SRDX_BBG000BZ2QG2_2021-04-13
2021-06-11 21:57:55 35      SRE_BBG000C2ZCH8_2021-04-13
2021-06-11 21:57:55 36      SRI_BBG000BB9Q78_2021-04-13
2021-06-11 21:57:55 37      SRPT_BBG000BCJ161_2021-04-13
2021-06-11 21:57:55 39      SSD_BBG000JLC8L8_2021-04-13
2021-06-11 21:57:55 39      SSNC_BBG000RJ2J04_2021-04-13
2021-06-11 21:57:55 41      SSTK_BBG002ZCK2V9_2021-04-13
2021-06-11 21:57:55 42      STAA_BBG000C4QB95_2021-04-13
2021-06-11 21:57:55 43      STAG_BBG000BGLFP7_2021-04-13
2021-06-11 21:57:55 43      STLD_BBG000HGYNZ9_2021-04-13
2021-06-11 21:57:55 46      STMP_BBG000CZ4KF3_2021-04-13
2021-06-11 21:57:55 47      STRA_BBG000GRZDV1_2021-04-13
2021-06-11 21:57:55 47      STT_BBG000BKFBD7_2021-04-13
2021-06-11 21:57:55 49      STX_BBG000F0KF42_2021-04-13
2021-06-11 21:57:55 49      Warning: figi `BBG000F0KF42` for history data does not match actual figi `BBG0113JGQF0`. Ticker: STX. Will be used actual!
2021-06-11 21:57:55 50      STZ_BBG000J1QLT0_2021-04-13
2021-06-11 21:57:55 51      SUPN_BBG000BP0HX7_2021-04-13
2021-06-11 21:57:55 52      SWAV_BBG005XVXML5_2021-04-13
2021-06-11 21:57:55 54      SWBI_BBG000BM0QL7_2021-04-13
2021-06-11 21:57:55 55      SWCH_BBG00HPDM5Z2_2021-04-13
2021-06-11 21:57:55 56      SWI_BBG00M1CKSK7_2021-04-13
2021-06-11 21:57:55 56      SWI: SPYKE!. Candle: ID:972, Time: 20:45, Close: 18.37
2021-06-11 21:57:55 57      SWK_BBG000BTQR96_2021-04-13
2021-06-11 21:57:55 58      SWKS_BBG000KLB4Q1_2021-04-13
2021-06-11 21:57:55 59      SWN_BBG000BTR593_2021-04-13
2021-06-11 21:57:55 62      SWX_BBG00FWP4JW4_2021-04-13
2021-06-11 21:57:55 63      SXI_BBG000BTT5B8_2021-04-13
2021-06-11 21:57:55 63      SXT_BBG000J79P80_2021-04-13
2021-06-11 21:57:55 64      SYF_BBG00658F3P3_2021-04-13
2021-06-11 21:57:55 67      SYK_BBG000DN7P92_2021-04-13
2021-06-11 21:57:55 68      SYKE_BBG000BBHPV4_2021-04-13
2021-06-11 21:57:55 69      SYNA_BBG000BQV1S2_2021-04-13
2021-06-11 21:57:55 70      SYNH_BBG0078Y1D92_2021-04-13
2021-06-11 21:57:55 71      SYY_BBG000BTVJ25_2021-04-13
2021-06-11 21:57:55 72      T_BBG000BSJK37_2021-04-13
2021-06-11 21:57:55 76      TAK_BBG000LF8708_2021-04-13
2021-06-11 21:57:55 77      TAL_BBG0016XJ8S0_2021-04-13
2021-06-11 21:57:55 78      TAP_BBG000BS7KS3_2021-04-13
2021-06-11 21:57:55 80      TCBI_BBG000DN4ZT1_2021-04-13
2021-06-11 21:57:55 81      TCMD_BBG001B12Z39_2021-04-13
2021-06-11 21:57:55 82      TCRR_BBG00FH3FM15_2021-04-13
2021-06-11 21:57:55 82      TCS_BBG005DXJS36_2021-04-13
2021-06-11 21:57:55 83      TCX_BBG000L69KL5_2021-04-13
2021-06-11 21:57:55 84      TDC_BBG000R0L5J4_2021-04-13
2021-06-11 21:57:55 85      TDG_BBG000L8CBX4_2021-04-13
2021-06-11 21:57:55 86      TDOC_BBG0019T5SG0_2021-04-13
2021-06-11 21:57:55 89      TDS_BBG000BV0VK7_2021-04-13
2021-06-11 21:57:55 90      TDY_BBG000BMT9T6_2021-04-13
2021-06-11 21:57:55 91      TECH_BBG000C15114_2021-04-13
2021-06-11 21:57:55 92      TEL_BBG000RGM5P1_2021-04-13
2021-06-11 21:57:55 93      TENB_BBG00LBLCD02_2021-04-13
2021-06-11 21:57:55 94      TER_BBG000BV4DR6_2021-04-13
2021-06-11 21:57:55 96      TFC_BBG000BYYLS8_2021-04-13
2021-06-11 21:57:55 98      TFX_BBG000BV59Y6_2021-04-13
2021-06-11 21:57:55 99      TGNA_BBG000BK5DP1_2021-04-13
2021-06-11 21:57:56 00      TGT_BBG000H8TVT2_2021-04-13
2021-06-11 21:57:56 03      THG_BBG000FJH8W0_2021-04-13
2021-06-11 21:57:56 04      THO_BBG000BV6R84_2021-04-13
2021-06-11 21:57:56 04      THRM_BBG000BQLM34_2021-04-13
2021-06-11 21:57:56 05      THS_BBG000GQGJT4_2021-04-13
2021-06-11 21:57:56 06      TJX_BBG000BV8DN6_2021-04-13
2021-06-11 21:57:56 08      TKR_BBG000BV95H9_2021-04-13
2021-06-11 21:57:56 08      TMHC_BBG003PGJHP5_2021-04-13
2021-06-11 21:57:56 10      TMO_BBG000BVDLH9_2021-04-13
2021-06-11 21:57:56 12      TMUS_BBG000NDV1D4_2021-04-13
2021-06-11 21:57:56 15      TMX_BBG002WMH2F2_2021-04-13
2021-06-11 21:57:56 16      TNC_BBG000JCZJS2_2021-04-13
2021-06-11 21:57:56 17      TNDM_BBG0019V9M65_2021-04-13
2021-06-11 21:57:56 18      TNET_BBG000BR2040_2021-04-13
2021-06-11 21:57:56 18      TOL_BBG000BVHBM1_2021-04-13
2021-06-11 21:57:56 19      TOT_BBG000CHZ857_2021-04-13
2021-06-11 21:57:56 21      TPH_BBG0016YQTR5_2021-04-13
2021-06-11 21:57:56 22      TPIC_BBG0016MQ7C5_2021-04-13
2021-06-11 21:57:56 23      TPR_BBG000BY29C7_2021-04-13
2021-06-11 21:57:56 24      TPTX_BBG00NPL9WH7_2021-04-13
2021-06-11 21:57:56 25      TPX_BBG000PXGT62_2021-04-13
2021-06-11 21:57:56 26      TREE_BBG000TVRB50_2021-04-13
2021-06-11 21:57:56 28      TREX_BBG000BTGKK9_2021-04-13
2021-06-11 21:57:56 29      TRHC_BBG00BT7PPY8_2021-04-13
2021-06-11 21:57:56 30      TRIP_BBG001M8HHB7_2021-04-13
2021-06-11 21:57:56 32      TRMB_BBG000BNPS52_2021-04-13
2021-06-11 21:57:56 34      TROW_BBG000BVMPN3_2021-04-13
2021-06-11 21:57:56 36      TRU_BBG002Q7J5Z1_2021-04-13
2021-06-11 21:57:56 37      TRUP_BBG002BC7WC5_2021-04-13
2021-06-11 21:57:56 38      TRV_BBG000BJ81C1_2021-04-13
2021-06-11 21:57:56 39      TSCO_BBG000BLXZN1_2021-04-13
2021-06-11 21:57:56 41      TSLA_BBG000N9MNX3_2021-04-13
2021-06-11 21:57:56 78      TSM_BBG000BD8ZK0_2021-04-13
2021-06-11 21:57:56 85      TSN_BBG000DKCC19_2021-04-13
2021-06-11 21:57:56 86      TSS_BBG000C1JTL6_2021-04-13
2021-06-11 21:57:56 87      TT_BBG000BM6788_2021-04-13
2021-06-11 21:57:56 88      TTC_BBG000BVQRY3_2021-04-13
2021-06-11 21:57:56 88      TTD_BBG00629NGT2_2021-04-13
2021-06-11 21:57:56 90      TTEK_BBG000BYZ0Q5_2021-04-13
2021-06-11 21:57:56 91      TTM_BBG000PVGDH9_2021-04-13
2021-06-11 21:57:56 93      TTMI_BBG000BYQ0B1_2021-04-13
2021-06-11 21:57:56 94      TTWO_BBG000BS1YV5_2021-04-13
2021-06-11 21:57:56 96      TW_BBG00NK8H8T2_2021-04-13
2021-06-11 21:57:56 96      TWLO_BBG0029ZX840_2021-04-13
2021-06-11 21:57:56 98      TWNK_BBG00B6KGNN1_2021-04-13
2021-06-11 21:57:56 99      TWOU_BBG001KS9450_2021-04-13
2021-06-11 21:57:57 00      TWTR_BBG000H6HNW3_2021-04-13
2021-06-11 21:57:57 04      TXG_BBG007WX14X0_2021-04-13
2021-06-11 21:57:57 05      TXN_BBG000BVV7G1_2021-04-13
2021-06-11 21:57:57 09      TXRH_BBG000PSJMV7_2021-04-13
2021-06-11 21:57:57 10      TXT_BBG000BVVQQ8_2021-04-13
2021-06-11 21:57:57 11      TYL_BBG000BVWZF9_2021-04-13
2021-06-11 21:57:57 12      UA_BBG009DTD8H2_2021-04-13
2021-06-11 21:57:57 13      UAA_BBG000BXM6V2_2021-04-13
2021-06-11 21:57:57 15      UAL_BBG000M65M61_2021-04-13
2021-06-11 21:57:57 21      UBER_BBG002B04MT8_2021-04-13
2021-06-11 21:57:57 26      UCTT_BBG000HSLV70_2021-04-13
2021-06-11 21:57:57 27      UDR_BBG000C41023_2021-04-13
2021-06-11 21:57:57 29      UFPI_BBG000BL0T06_2021-04-13
2021-06-11 21:57:57 30      UFS_BBG000BHFHP8_2021-04-13
2021-06-11 21:57:57 31      UGI_BBG000BVYN55_2021-04-13
2021-06-11 21:57:57 32      UHS_BBG000CB8Q50_2021-04-13
2021-06-11 21:57:57 33      UI_BBG001R72SR9_2021-04-13
2021-06-11 21:57:57 34      ULTA_BBG00FWQ4VD6_2021-04-13
2021-06-11 21:57:57 35      UMBF_BBG000DD8WX1_2021-04-13
2021-06-11 21:57:57 36      UNF_BBG000BW29L1_2021-04-13
2021-06-11 21:57:57 37      UNH_BBG000CH5208_2021-04-13
2021-06-11 21:57:57 39      UNM_BBG000BW2QX0_2021-04-13
2021-06-11 21:57:57 40      UNP_BBG000BW3299_2021-04-13
2021-06-11 21:57:57 42      UNVR_BBG000BDHD29_2021-04-13
2021-06-11 21:57:57 43      UPS_BBG000L9CV04_2021-04-13
2021-06-11 21:57:57 45      UPWK_BBG00FBJ6390_2021-04-13
2021-06-11 21:57:57 47      URBN_BBG000BL79J3_2021-04-13
2021-06-11 21:57:57 48      URI_BBG000BXMFC3_2021-04-13
2021-06-11 21:57:57 49      USB_BBG000FFDM15_2021-04-13
2021-06-11 21:57:57 51      USFD_BBG00C6H6D40_2021-04-13
2021-06-11 21:57:57 52      USM_BBG000BW6P59_2021-04-13
2021-06-11 21:57:57 53      USNA_BBG000BX28M0_2021-04-13
2021-06-11 21:57:57 53      USPH_BBG000CSRSG6_2021-04-13
2021-06-11 21:57:57 54      UTHR_BBG000BV4XJ1_2021-04-13
2021-06-11 21:57:57 55      UTL_BBG000BW7X97_2021-04-13
2021-06-11 21:57:57 56      UTX_BBG0089KM290_2021-04-13
2021-06-11 21:57:57 56      V_BBG000PSKYX7_2021-04-13
2021-06-11 21:57:57 59      VAC_BBG001J2R5H3_2021-04-13
2021-06-11 21:57:57 60      VALE_BBG000BN5LG7_2021-04-13
2021-06-11 21:57:57 62      VC_BBG0016T3GQ0_2021-04-13
2021-06-11 21:57:57 63      VCEL_BBG000BDCM24_2021-04-13
2021-06-11 21:57:57 64      VCRA_BBG00179VSY7_2021-04-13
2021-06-11 21:57:57 65      VCYT_BBG001J2M542_2021-04-13
2021-06-11 21:57:57 66      VEEV_BBG001CGB489_2021-04-13
2021-06-11 21:57:57 67      VEON_BBG000QCW561_2021-04-13
2021-06-11 21:57:57 69      VFC_BBG000BWCKB6_2021-04-13
2021-06-11 21:57:57 70      VG_BBG000BRB5D9_2021-04-13
2021-06-11 21:57:57 72      VIAC_BBG000C496P7_2021-04-13
2021-06-11 21:57:57 80      VICR_BBG000C3VHF1_2021-04-13
2021-06-11 21:57:57 81      VIE_BBG00K6P5XM1_2021-04-13
2021-06-11 21:57:57 82      VIPS_BBG002NLDLV8_2021-04-13
2021-06-11 21:57:57 90      VIR_BBG00H2QQ8T5_2021-04-13
2021-06-11 21:57:57 91      VLO_BBG000BBGGQ1_2021-04-13
2021-06-11 21:57:57 94      VMC_BBG000BWGYF8_2021-04-13
2021-06-11 21:57:57 94      VMI_BBG000BWB7V4_2021-04-13
2021-06-11 21:57:57 95      VMW_BBG000BC9938_2021-04-13
2021-06-11 21:57:57 96      VNDA_BBG000HT5MG6_2021-04-13
2021-06-11 21:57:57 97      VNE_BBG00K4MPP27_2021-04-13
2021-06-11 21:57:57 98      VNO_BBG000BWHD54_2021-04-13
2021-06-11 21:57:58 00      VNT_BBG00RRGSJR4_2021-04-13
2021-06-11 21:57:58 00      VPG_BBG000PRQ0V9_2021-04-13
2021-06-11 21:57:58 01      VREX_BBG00CZNLR47_2021-04-13
2021-06-11 21:57:58 02      VRNS_BBG001Y04TN6_2021-04-13
2021-06-11 21:57:58 03      VRNT_BBG000BCBYT2_2021-04-13
2021-06-11 21:57:58 04      VRSK_BBG000BCZL41_2021-04-13
2021-06-11 21:57:58 05      VRSN_BBG000BGKHZ3_2021-04-13
2021-06-11 21:57:58 06      VRTS_BBG000DMFQS2_2021-04-13
2021-06-11 21:57:58 07      VRTV_BBG005XZHR97_2021-04-13
2021-06-11 21:57:58 08      VRTX_BBG000C1S2X2_2021-04-13
2021-06-11 21:57:58 10      VTR_BBG000FRVHB9_2021-04-13
2021-06-11 21:57:58 11      VTRS_BBG00Y4RQNH4_2021-04-13
2021-06-11 21:57:58 15      VZ_BBG000HS77T5_2021-04-13
2021-06-11 21:57:58 17      W_BBG001B17MV2_2021-04-13
2021-06-11 21:57:58 19      WAB_BBG000BDD940_2021-04-13
2021-06-11 21:57:58 20      WAL_BBG000Q1KFH4_2021-04-13
2021-06-11 21:57:58 21      WAT_BBG000FQRVM3_2021-04-13
2021-06-11 21:57:58 22      WB_BBG0065XPGX9_2021-04-13
2021-06-11 21:57:58 24      WBA_BBG000BWLMJ4_2021-04-13
2021-06-11 21:57:58 25      WCC_BBG000D0FNV3_2021-04-13
2021-06-11 21:57:58 26      WDAY_BBG000VC0T95_2021-04-13
2021-06-11 21:57:58 29      WDC_BBG000BWNFZ9_2021-04-13
2021-06-11 21:57:58 33      WDFC_BBG000BWNV93_2021-04-13
2021-06-11 21:57:58 34      WEC_BBG000BWP7D9_2021-04-13
2021-06-11 21:57:58 35      WELL_BBG000BKY1G5_2021-04-13
2021-06-11 21:57:58 37      WERN_BBG000BWPP85_2021-04-13
2021-06-11 21:57:58 38      WEX_BBG000BVZP59_2021-04-13
2021-06-11 21:57:58 38      WFC_BBG000BWQFY7_2021-04-13
2021-06-11 21:57:58 41      WGO_BBG000BWS3F3_2021-04-13
2021-06-11 21:57:58 42      WH_BBG00HCY3Q67_2021-04-13
2021-06-11 21:57:58 43      WHD_BBG00JRH1P95_2021-04-13
2021-06-11 21:57:58 43      WHR_BBG000BWSV34_2021-04-13
2021-06-11 21:57:58 45      WING_BBG008N298Y8_2021-04-13
2021-06-11 21:57:58 46      WK_BBG007BVZ8H9_2021-04-13
2021-06-11 21:57:58 47      WLK_BBG000PXZFW2_2021-04-13
2021-06-11 21:57:58 48      WLTW_BBG000DB3KT1_2021-04-13
2021-06-11 21:57:58 49      WM_BBG000BWVSR1_2021-04-13
2021-06-11 21:57:58 51      WMB_BBG000BWVCP8_2021-04-13
2021-06-11 21:57:58 52      WMT_BBG000BWXBC2_2021-04-13
2021-06-11 21:57:58 55      WOR_BBG000HL7499_2021-04-13
2021-06-11 21:57:58 56      WORK_BBG007G7V505_2021-04-13
2021-06-11 21:57:58 57      WRB_BBG000BD1HP2_2021-04-13
2021-06-11 21:57:58 58      WRK_BBG008NXC572_2021-04-13
2021-06-11 21:57:58 60      WRLD_BBG000C3G9J2_2021-04-13
2021-06-11 21:57:58 60      WSC_BBG00B0FS947_2021-04-13
2021-06-11 21:57:58 61      WSM_BBG000FSMWC3_2021-04-13
2021-06-11 21:57:58 62      WSO_BBG000DJN7L9_2021-04-13
2021-06-11 21:57:58 63      WST_BBG000BX24N8_2021-04-13
2021-06-11 21:57:58 64      WTFC_BBG000HD3DW5_2021-04-13
2021-06-11 21:57:58 65      WTS_BBG000C4Z6C2_2021-04-13
2021-06-11 21:57:58 66      WTTR_BBG00G4Y2DC1_2021-04-13
2021-06-11 21:57:58 67      WU_BBG000BB5373_2021-04-13
2021-06-11 21:57:58 68      WWD_BBG000BD53V2_2021-04-13
2021-06-11 21:57:58 69      WWE_BBG000F5YH15_2021-04-13
2021-06-11 21:57:58 70      WWW_BBG000BX2YN2_2021-04-13
2021-06-11 21:57:58 71      WY_BBG000BX3BL3_2021-04-13
2021-06-11 21:57:58 72      WYNN_BBG000LD9JQ8_2021-04-13
2021-06-11 21:57:58 74      XEC_BBG000D6L294_2021-04-13
2021-06-11 21:57:58 75      XEL_BBG000BCTQ65_2021-04-13
2021-06-11 21:57:58 77      XLNX_BBG000C0F570_2021-04-13
2021-06-11 21:57:58 80      XLRN_BBG000R5HWZ1_2021-04-13
2021-06-11 21:57:58 81      XNCR_BBG0026ZG4W0_2021-04-13
2021-06-11 21:57:58 82      XOM_BBG000GZQ728_2021-04-13
2021-06-11 21:57:58 85      XPO_BBG000L5CJF3_2021-04-13
2021-06-11 21:57:58 86      XRAY_BBG000BX57K1_2021-04-13
2021-06-11 21:57:58 87      XRX_BBG00NNG2ZJ8_2021-04-13
2021-06-11 21:57:58 88      XYL_BBG001D8R5D0_2021-04-13
2021-06-11 21:57:58 89      Y_BBG000BX6BJ3_2021-04-13
2021-06-11 21:57:58 90      YELP_BBG000Q2HM09_2021-04-13
2021-06-11 21:57:58 91      YETI_BBG00D8JC882_2021-04-13
2021-06-11 21:57:58 92      YEXT_BBG001MKZGY7_2021-04-13
2021-06-11 21:57:58 93      YUM_BBG000BH3GZ2_2021-04-13
2021-06-11 21:57:58 94      YUMC_BBG00B8N0HG1_2021-04-13
2021-06-11 21:57:58 96      YY_BBG003H0XV18_2021-04-13
2021-06-11 21:57:58 97      Z_BBG009NRSWJ4_2021-04-13
2021-06-11 21:57:58 99      ZBH_BBG000BKPL53_2021-04-13
2021-06-11 21:57:59 00      ZBRA_BBG000CC7LQ7_2021-04-13
2021-06-11 21:57:59 01      ZEN_BBG001HRFJG4_2021-04-13
2021-06-11 21:57:59 02      ZG_BBG000D13GN8_2021-04-13
2021-06-11 21:57:59 03      ZGNX_BBG000VDC3G9_2021-04-13
2021-06-11 21:57:59 05      ZI_BBG00S1HJ3M8_2021-04-13
2021-06-11 21:57:59 06      ZION_BBG000BX9WL1_2021-04-13
2021-06-11 21:57:59 07      ZM_BBG0042V6JM8_2021-04-13
2021-06-11 21:57:59 13      ZNH_BBG000BXQ7R1_2021-04-13
2021-06-11 21:57:59 14      ZS_BBG003338H34_2021-04-13
2021-06-11 21:57:59 16      ZTS_BBG0039320N9_2021-04-13
2021-06-11 21:57:59 17      ZUMZ_BBG000PYX812_2021-04-13
2021-06-11 21:57:59 17      ZUO_BBG000BT3HG5_2021-04-13
2021-06-11 21:57:59 19      ZYNE_BBG007BBS8B7_2021-04-13
2021-06-11 21:57:59 23      ZYXI_BBG000BJBXZ2_2021-04-13
2021-06-11 21:57:59 24      Total candles read: 3530496
2021-06-11 21:57:59 25      Start DisposeAsync...
2021-06-11 21:57:59 25      Trade statistic. Total/Pos/Neg/(ratio): 4/3/1/(3); Profit: 7.34/1.84; Volume: 0; MaxVolume: 485.41; Commission: 0.978020;
2021-06-11 21:57:59 25      BaseBot::DisposeAsync...
2021-06-11 21:57:59 25      BaseBot::DisposeAsync done!
2021-06-11 21:57:59 25      End DisposeAsync...
