2021-06-14 14:30:46 35      mode=TestTradeBot;DumpQuotes=false;SubscribeQuotes=false;Strategies=MorningOpenStrategy;Token=token.txt;ConfigPath=usd.json;OutputFolder=.\new\;CandlesPath=C:\tinkoff\TestData\RawQuotes\5m\uncompressed\quotes_2021-04-13;
2021-06-14 14:30:46 36      Trade bot created
2021-06-14 14:30:46 37      Fake connection created
2021-06-14 14:30:46 46      Loaded 141 liquid instruments
2021-06-14 14:30:47 31       Error! Unknown ticker: EV
2021-06-14 14:30:47 31       Error! Unknown ticker: IMMU
2021-06-14 14:30:47 31       Error! Unknown ticker: LM
2021-06-14 14:30:47 31       Error! Unknown ticker: LOGM
2021-06-14 14:30:47 31       Error! Unknown ticker: LVGO
2021-06-14 14:30:47 31       Error! Unknown ticker: MTSC
2021-06-14 14:30:47 32       Error! Unknown ticker: MYL
2021-06-14 14:30:47 32       Error! Unknown ticker: MYOK
2021-06-14 14:30:47 32       Error! Unknown ticker: NBL
2021-06-14 14:30:47 32       Error! Unknown ticker: PRSC
2021-06-14 14:30:47 32       Error! Unknown ticker: PS
2021-06-14 14:30:47 32       Error! Unknown ticker: RP
2021-06-14 14:30:47 32       Error! Unknown ticker: SINA
2021-06-14 14:30:47 32       Error! Unknown ticker: TECD
2021-06-14 14:30:47 32       Error! Unknown ticker: TIF
2021-06-14 14:30:47 32       Error! Unknown ticker: TOT
2021-06-14 14:30:47 32       Error! Unknown ticker: VAR
2021-06-14 14:30:47 32       Error! Unknown ticker: VRTU
2021-06-14 14:30:47 32       Error! Unknown ticker: WYND
2021-06-14 14:30:47 33      List of disabled tickers: 
2021-06-14 14:30:47 46      A_BBG000C2V3D6_2021-04-13
2021-06-14 14:30:47 51      AA_BBG00B3T3HD3_2021-04-13
2021-06-14 14:30:47 53      AAL_BBG005P7Q881_2021-04-13
2021-06-14 14:30:47 60      AAN_BBG00WCNDCZ6_2021-04-13
2021-06-14 14:30:47 60      AAON_BBG000C2LZP3_2021-04-13
2021-06-14 14:30:47 61      AAP_BBG000F7RCJ1_2021-04-13
2021-06-14 14:30:47 62      AAPL_BBG000B9XRY4_2021-04-13
2021-06-14 14:30:47 86      ABBV_BBG0025Y4RY4_2021-04-13
2021-06-14 14:30:47 91      ABC_BBG000MDCQC2_2021-04-13
2021-06-14 14:30:47 92      ABG_BBG000BKDWB5_2021-04-13
2021-06-14 14:30:47 93      ABMD_BBG000C101X4_2021-04-13
2021-06-14 14:30:47 94      ABNB_BBG001Y2XS07_2021-04-13
2021-06-14 14:30:47 97      ABT_BBG000B9ZXB4_2021-04-13
2021-06-14 14:30:48 00      ACAD_BBG000BHG9K0_2021-04-13
2021-06-14 14:30:48 02      ACH_BBG000CMRVH1_2021-04-13
2021-06-14 14:30:48 03      ACM_BBG000F61RJ8_2021-04-13
2021-06-14 14:30:48 04      ACMR_BBG00HPSG933_2021-04-13
2021-06-14 14:30:48 05      ACN_BBG000D9D830_2021-04-13
2021-06-14 14:30:48 07      ADBE_BBG000BB5006_2021-04-13
2021-06-14 14:30:48 10      ADM_BBG000BB6WG8_2021-04-13
2021-06-14 14:30:48 11      ADP_BBG000JG0547_2021-04-13
2021-06-14 14:30:48 13      ADPT_BBG001J2PFF5_2021-04-13
2021-06-14 14:30:48 15      ADS_BBG000BFNR17_2021-04-13
2021-06-14 14:30:48 16      ADSK_BBG000BM7HL0_2021-04-13
2021-06-14 14:30:48 18      ADUS_BBG000NJGX84_2021-04-13
2021-06-14 14:30:48 18      AEE_BBG000B9X8C0_2021-04-13
2021-06-14 14:30:48 19      AEIS_BBG000FKMP26_2021-04-13
2021-06-14 14:30:48 20      AEO_BBG000BGXZB5_2021-04-13
2021-06-14 14:30:48 22      AERI_BBG001KJ7WJ5_2021-04-13
2021-06-14 14:30:48 23      AES_BBG000C23KJ3_2021-04-13
2021-06-14 14:30:48 25      AFG_BBG000DPKKK0_2021-04-13
2021-06-14 14:30:48 26      AFL_BBG000BBBNC6_2021-04-13
2021-06-14 14:30:48 27      AGCO_BBG000DCCZW2_2021-04-13
2021-06-14 14:30:48 28      AGIO_BBG000QY4ZD0_2021-04-13
2021-06-14 14:30:48 29      AIG_BBG000BBDZG3_2021-04-13
2021-06-14 14:30:48 31      AIR_BBG000BBGQF1_2021-04-13
2021-06-14 14:30:48 31      AIRC_BBG00XK3WVD0_2021-04-13
2021-06-14 14:30:48 32      AIT_BBG000BBHHP9_2021-04-13
2021-06-14 14:30:48 33      AIV_BBG000DD3510_2021-04-13
2021-06-14 14:30:48 34      AIZ_BBG000BZX1N5_2021-04-13
2021-06-14 14:30:48 35      AJG_BBG000BBHXQ3_2021-04-13
2021-06-14 14:30:48 36      AJRD_BBG000BKRHQ7_2021-04-13
2021-06-14 14:30:48 37      AKAM_BBG000BJQWD2_2021-04-13
2021-06-14 14:30:48 38      ALB_BBG000BJ26K7_2021-04-13
2021-06-14 14:30:48 39      ALGN_BBG000BRNLL2_2021-04-13
2021-06-14 14:30:48 41      ALGT_BBG000LJS6B8_2021-04-13
2021-06-14 14:30:48 42      ALK_BBG000BBL0Y1_2021-04-13
2021-06-14 14:30:48 43      ALL_BBG000BVMGF2_2021-04-13
2021-06-14 14:30:48 45      ALLE_BBG003PS7JV1_2021-04-13
2021-06-14 14:30:48 46      ALLK_BBG003QBJKN0_2021-04-13
2021-06-14 14:30:48 46      ALLO_BBG00KHRRDX3_2021-04-13
2021-06-14 14:30:48 48      ALLY_BBG000BC2R71_2021-04-13
2021-06-14 14:30:48 50      ALNY_BBG000BFGNJ5_2021-04-13
2021-06-14 14:30:48 51      ALRM_BBG007GNPYY7_2021-04-13
2021-06-14 14:30:48 52      ALSN_BBG001KY3845_2021-04-13
2021-06-14 14:30:48 53      ALTR_BBG000PN9NB9_2021-04-13
2021-06-14 14:30:48 54      ALXN_BBG000G30YX4_2021-04-13
2021-06-14 14:30:48 55      AMAT_BBG000BBPFB9_2021-04-13
2021-06-14 14:30:48 61      AMCX_BBG000H01H92_2021-04-13
2021-06-14 14:30:48 62      AMD_BBG000BBQCY0_2021-04-13
2021-06-14 14:30:48 73      AME_BBG000B9XG87_2021-04-13
2021-06-14 14:30:48 74      AMED_BBG000B9ZV28_2021-04-13
2021-06-14 14:30:48 74      AMG_BBG000C060M4_2021-04-13
2021-06-14 14:30:48 75      AMGN_BBG000BBS2Y0_2021-04-13
2021-06-14 14:30:48 77      AMN_BBG000BCT197_2021-04-13
2021-06-14 14:30:48 78      AMP_BBG000G3QLY3_2021-04-13
2021-06-14 14:30:48 79      AMT_BBG000B9XYV2_2021-04-13
2021-06-14 14:30:48 81      AMWD_BBG000BBX657_2021-04-13
2021-06-14 14:30:48 82      AMZN_BBG000BVPV84_2021-04-13
2021-06-14 14:30:48 88      AN_BBG000BBXLW4_2021-04-13
2021-06-14 14:30:48 90      ANAB_BBG0026ZDHR0_2021-04-13
2021-06-14 14:30:48 91      ANDE_BBG000BF8CN3_2021-04-13
2021-06-14 14:30:48 91      ANET_BBG000N2HDY5_2021-04-13
2021-06-14 14:30:48 92      ANF_BBG000H9G7X2_2021-04-13
2021-06-14 14:30:48 93      ANGI_BBG00HVKH3Q0_2021-04-13
2021-06-14 14:30:48 95      ANIK_BBG000BBKZD8_2021-04-13
2021-06-14 14:30:48 96      ANIP_BBG000KK1L04_2021-04-13
2021-06-14 14:30:48 97      ANSS_BBG000GXZ4W7_2021-04-13
2021-06-14 14:30:48 98      ANTM_BBG000BCG930_2021-04-13
2021-06-14 14:30:48 99      AON_BBG00SSQFPK6_2021-04-13
2021-06-14 14:30:49 00      AOS_BBG000BC1L02_2021-04-13
2021-06-14 14:30:49 01      AOUT_BBG00QV8FS02_2021-04-13
2021-06-14 14:30:49 02      APA_BBG00YTS96G2_2021-04-13
2021-06-14 14:30:49 04      APD_BBG000BC4JJ4_2021-04-13
2021-06-14 14:30:49 06      APEI_BBG000RVD346_2021-04-13
2021-06-14 14:30:49 06      APH_BBG000B9YJ35_2021-04-13
2021-06-14 14:30:49 07      APLE_BBG006473QX9_2021-04-13
2021-06-14 14:30:49 08      APLT_BBG000DD0489_2021-04-13
2021-06-14 14:30:49 09      APPF_BBG008GC8CP6_2021-04-13
2021-06-14 14:30:49 10      APPN_BBG001C7PMJ2_2021-04-13
2021-06-14 14:30:49 11      APPS_BBG000HZ3562_2021-04-13
2021-06-14 14:30:49 13      APTV_BBG001QD41M9_2021-04-13
2021-06-14 14:30:49 14      ARCC_BBG000PD6X77_2021-04-13
2021-06-14 14:30:49 15      ARCT_BBG00NNW8JK1_2021-04-13
2021-06-14 14:30:49 16      ARE_BBG000BC33T9_2021-04-13
2021-06-14 14:30:49 17      ARMK_BBG001KY4N87_2021-04-13
2021-06-14 14:30:49 18      ARNA_BBG000BKXBV7_2021-04-13
2021-06-14 14:30:49 19      ARNC_BBG00R45JYB7_2021-04-13
2021-06-14 14:30:49 20      ARQT_BBG00QN8K4M4_2021-04-13
2021-06-14 14:30:49 20      ARVN_BBG00LW7YK82_2021-04-13
2021-06-14 14:30:49 21      ARW_BBG000BCD3D5_2021-04-13
2021-06-14 14:30:49 22      ARWR_BBG000BRVKH0_2021-04-13
2021-06-14 14:30:49 22      ASGN_BBG000CRN8N8_2021-04-13
2021-06-14 14:30:49 23      ASH_BBG00D0Y81M1_2021-04-13
2021-06-14 14:30:49 23      ASH: SPYKE!. Candle: ID:4, Time: 12:50, Close: 91.17
2021-06-14 14:30:49 24      ASIX_BBG00CWTTQ41_2021-04-13
2021-06-14 14:30:49 24      ATEX_BBG0081NLHR0_2021-04-13
2021-06-14 14:30:49 25      ATGE_BBG000DQBZJ7_2021-04-13
2021-06-14 14:30:49 26      ATKR_BBG000QTFDQ4_2021-04-13
2021-06-14 14:30:49 26      ATR_BBG000BGX2S0_2021-04-13
2021-06-14 14:30:49 27      ATRA_BBG005Q3MQY4_2021-04-13
2021-06-14 14:30:49 28      ATRC_BBG000BL6CB5_2021-04-13
2021-06-14 14:30:49 29      ATRI_BBG000DTT624_2021-04-13
2021-06-14 14:30:49 29      ATRO_BBG000BCLBY5_2021-04-13
2021-06-14 14:30:49 30      ATUS_BBG00GFMPRK0_2021-04-13
2021-06-14 14:30:49 31      ATVI_BBG000CVWGS6_2021-04-13
2021-06-14 14:30:49 33      AVAV_BBG000GX14P2_2021-04-13
2021-06-14 14:30:49 34      AVB_BBG000BLPBL5_2021-04-13
2021-06-14 14:30:49 35      AVGO_BBG00KHY5S69_2021-04-13
2021-06-14 14:30:49 37      AVLR_BBG000R4Y9C1_2021-04-13
2021-06-14 14:30:49 38      AVNS_BBG005L86G05_2021-04-13
2021-06-14 14:30:49 38      AVNT_BBG000C8NJ10_2021-04-13
2021-06-14 14:30:49 39      AVTR_BBG00G2HHYD7_2021-04-13
2021-06-14 14:30:49 40      AVY_BBG000BCQ4P6_2021-04-13
2021-06-14 14:30:49 41      AWI_BBG000DW4LB1_2021-04-13
2021-06-14 14:30:49 42      AWK_BBG000TRJ294_2021-04-13
2021-06-14 14:30:49 43      AWR_BBG000F964B6_2021-04-13
2021-06-14 14:30:49 43      AX_BBG000QPHD08_2021-04-13
2021-06-14 14:30:49 44      AXGN_BBG000BN46R9_2021-04-13
2021-06-14 14:30:49 45      AXP_BBG000BCQZS4_2021-04-13
2021-06-14 14:30:49 46      AXSM_BBG00B6G7GL7_2021-04-13
2021-06-14 14:30:49 47      AYI_BBG000BJ5HK0_2021-04-13
2021-06-14 14:30:49 48      AYX_BBG000BGZT72_2021-04-13
2021-06-14 14:30:49 50      AZO_BBG000C7LMS8_2021-04-13
2021-06-14 14:30:49 50      AZPN_BBG000DFMXT3_2021-04-13
2021-06-14 14:30:49 51      BA_BBG000BCSST7_2021-04-13
2021-06-14 14:30:49 56      BABA_BBG006G2JVL2_2021-04-13
2021-06-14 14:30:49 61      BABA: BuyPending. Strategy: MorningOpenStrategy. Price: 240.01. Lots: 1. ChangeOpenToCurrent: -0.82. ChangePrevCloseToCurrent: -2.32. Candle: ID:9, Time: 4:00, Close: 240.01.
2021-06-14 14:30:49 61      BABA: OrderID: 80d8799c. PlacedOrder. Status: New. RejectReason: 
2021-06-14 14:30:49 61      BABA: OrderID: 80d8799c fully executed
2021-06-14 14:30:49 62      BABA: Morning closing. Close price: 243.56. Lots: 1. CandleChange: -0.04%. ChangeFromCandleHigh: -0.07%. Profit: 3.55(1.48%). Candle: ID:247, Time: 4:05, Close: 243.56
2021-06-14 14:30:49 62      BABA: OrderID: 7b9cd036. PlacedOrder. Status: New. RejectReason: 
2021-06-14 14:30:49 62      BABA: OrderID: 7b9cd036 fully executed
2021-06-14 14:30:49 67      BAC_BBG000BCTLF6_2021-04-13
2021-06-14 14:30:49 71      BAH_BBG000R2YFG7_2021-04-13
2021-06-14 14:30:49 72      BAND_BBG001K003W2_2021-04-13
2021-06-14 14:30:49 73      BAX_BBG000BCVJ77_2021-04-13
2021-06-14 14:30:49 74      BBIO_BBG00P9KDZK6_2021-04-13
2021-06-14 14:30:49 76      BBSI_BBG000BHJSC4_2021-04-13
2021-06-14 14:30:49 76      BBY_BBG000BCWCG1_2021-04-13
2021-06-14 14:30:49 77      BC_BBG000BCWSS3_2021-04-13
2021-06-14 14:30:49 78      BCO_BBG000DR5QP5_2021-04-13
2021-06-14 14:30:49 79      BCPC_BBG000BCY878_2021-04-13
2021-06-14 14:30:49 80      BDC_BBG000Q4XNV1_2021-04-13
2021-06-14 14:30:49 80      BDTX_BBG00MS4Y0W9_2021-04-13
2021-06-14 14:30:49 81      BDX_BBG000BCZYD3_2021-04-13
2021-06-14 14:30:49 82      BECN_BBG000BKTXF2_2021-04-13
2021-06-14 14:30:49 83      BEN_BBG000BD0TF8_2021-04-13
2021-06-14 14:30:49 85      BERY_BBG000Q1R1Y9_2021-04-13
2021-06-14 14:30:49 85      BF.B_BBG000BD2NY8_2021-04-13
2021-06-14 14:30:49 86      BFAM_BBG003LFWP05_2021-04-13
2021-06-14 14:30:49 87      BFYT_BBG003QRSQD3_2021-04-13
2021-06-14 14:30:49 87      BGS_BBG000RKXRQ1_2021-04-13
2021-06-14 14:30:49 88      BH_BBG00JPRDQH1_2021-04-13
2021-06-14 14:30:49 89      BHF_BBG00DYPZ4T0_2021-04-13
2021-06-14 14:30:49 89      BIDU_BBG000QXWHD1_2021-04-13
2021-06-14 14:30:49 95      BIG_BBG000J0D904_2021-04-13
2021-06-14 14:30:49 96      BIIB_BBG000C17X76_2021-04-13
2021-06-14 14:30:49 98      BILI_BBG00K7T3037_2021-04-13
2021-06-14 14:30:50 01      BILL_BBG00QVJV6V4_2021-04-13
2021-06-14 14:30:50 01      BIO_BBG000DY28W5_2021-04-13
2021-06-14 14:30:50 02      BJRI_BBG000H9LNX1_2021-04-13
2021-06-14 14:30:50 03      BK_BBG000BD8PN9_2021-04-13
2021-06-14 14:30:50 04      BKI_BBG00GX77LW3_2021-04-13
2021-06-14 14:30:50 05      BKNG_BBG000BLBVN4_2021-04-13
2021-06-14 14:30:50 06      BKR_BBG00GBVBK51_2021-04-13
2021-06-14 14:30:50 08      BL_BBG0029KJVB0_2021-04-13
2021-06-14 14:30:50 09      BLD_BBG0077VS2C0_2021-04-13
2021-06-14 14:30:50 10      BLDR_BBG000BKD3K9_2021-04-13
2021-06-14 14:30:50 11      BLK_BBG000C2PW58_2021-04-13
2021-06-14 14:30:50 12      BLKB_BBG000BGGTW5_2021-04-13
2021-06-14 14:30:50 13      BLL_BBG000BDDNH5_2021-04-13
2021-06-14 14:30:50 14      BLUE_BBG000QGWY50_2021-04-13
2021-06-14 14:30:50 15      BMI_BBG000BDGHD9_2021-04-13
2021-06-14 14:30:50 16      BMRN_BBG000CZWZ05_2021-04-13
2021-06-14 14:30:50 17      BMY_BBG000DQLV23_2021-04-13
2021-06-14 14:30:50 19      BOH_BBG000C8D8G9_2021-04-13
2021-06-14 14:30:50 20      BOKF_BBG000CFZ003_2021-04-13
2021-06-14 14:30:50 21      BOOT_BBG0077SYZV6_2021-04-13
2021-06-14 14:30:50 22      BOX_BBG000PMSK08_2021-04-13
2021-06-14 14:30:50 25      BPMC_BBG001MC8YF7_2021-04-13
2021-06-14 14:30:50 25      BR_BBG000PPFKQ7_2021-04-13
2021-06-14 14:30:50 26      BRC_BBG000BDNV95_2021-04-13
2021-06-14 14:30:50 27      BRK.B_BBG000DWG505_2021-04-13
2021-06-14 14:30:50 29      BRKR_BBG000CL1FG7_2021-04-13
2021-06-14 14:30:50 30      BRO_BBG000BWSGF4_2021-04-13
2021-06-14 14:30:50 30      BSX_BBG000C0LW92_2021-04-13
2021-06-14 14:30:50 32      BTAI_BBG00K20GVD2_2021-04-13
2021-06-14 14:30:50 34      BTI_BBG000BWPXQ8_2021-04-13
2021-06-14 14:30:50 35      BUD_BBG000RYC984_2021-04-13
2021-06-14 14:30:50 36      BURL_BBG004S641N5_2021-04-13
2021-06-14 14:30:50 37      BWA_BBG000BJ49H3_2021-04-13
2021-06-14 14:30:50 38      BWXT_BBG000D86F25_2021-04-13
2021-06-14 14:30:50 39      BX_BBG000BH0106_2021-04-13
2021-06-14 14:30:50 40      BXP_BBG000BS5CM9_2021-04-13
2021-06-14 14:30:50 41      BYND_BBG003CVJP50_2021-04-13
2021-06-14 14:30:50 43      BZUN_BBG008HNS333_2021-04-13
2021-06-14 14:30:50 44      C_BBG000FY4S11_2021-04-13
2021-06-14 14:30:50 48      CABO_BBG000F02T51_2021-04-13
2021-06-14 14:30:50 48      CACC_BBG000CS0D96_2021-04-13
2021-06-14 14:30:50 49      CAG_BBG000BDXGP9_2021-04-13
2021-06-14 14:30:50 50      CAH_BBG000D898T9_2021-04-13
2021-06-14 14:30:50 52      CALM_BBG000CDMJW6_2021-04-13
2021-06-14 14:30:50 53      CARA_BBG001J2QYS9_2021-04-13
2021-06-14 14:30:50 54      CARG_BBG00HQ77DS2_2021-04-13
2021-06-14 14:30:50 54      CARR_BBG00RP5HYS8_2021-04-13
2021-06-14 14:30:50 56      CARS_BBG000HGTH33_2021-04-13
2021-06-14 14:30:50 57      CASY_BBG000BF0672_2021-04-13
2021-06-14 14:30:50 57      CAT_BBG000BF0K17_2021-04-13
2021-06-14 14:30:50 59      CB_BBG000BR14K5_2021-04-13
2021-06-14 14:30:50 60      CBRE_BBG000C04224_2021-04-13
2021-06-14 14:30:50 62      CBRL_BBG000BF33K1_2021-04-13
2021-06-14 14:30:50 62      CBSH_BBG000BF3G77_2021-04-13
2021-06-14 14:30:50 63      CBU_BBG000BF4D19_2021-04-13
2021-06-14 14:30:50 64      CCI_BBG000FV1Z23_2021-04-13
2021-06-14 14:30:50 65      CCK_BBG000BF6756_2021-04-13
2021-06-14 14:30:50 66      CCL_BBG000BF6LY3_2021-04-13
2021-06-14 14:30:50 70      CCOI_BBG000D0SMY8_2021-04-13
2021-06-14 14:30:50 72      CCXI_BBG000PTSB12_2021-04-13
2021-06-14 14:30:50 72      CDK_BBG006B6PVN9_2021-04-13
2021-06-14 14:30:50 73      CDLX_BBG00225ZDD0_2021-04-13
2021-06-14 14:30:50 74      CDNA_BBG006JS5785_2021-04-13
2021-06-14 14:30:50 75      CDNS_BBG000C13CD9_2021-04-13
2021-06-14 14:30:50 77      CDW_BBG001P63B80_2021-04-13
2021-06-14 14:30:50 78      CE_BBG000JYP7L8_2021-04-13
2021-06-14 14:30:50 79      CEA_BBG000BCFNR4_2021-04-13
2021-06-14 14:30:50 80      CENT_BBG000BFD605_2021-04-13
2021-06-14 14:30:50 80      CENTA_BBG000KTYB56_2021-04-13
2021-06-14 14:30:50 81      CERN_BBG000BFDLV8_2021-04-13
2021-06-14 14:30:50 82      CEVA_BBG000BN3P07_2021-04-13
2021-06-14 14:30:50 83      CF_BBG000BWJFZ4_2021-04-13
2021-06-14 14:30:50 84      CFG_BBG006Q0HY77_2021-04-13
2021-06-14 14:30:50 85      CFR_BBG000C2PL98_2021-04-13
2021-06-14 14:30:50 86      CFX_BBG000C5Z443_2021-04-13
2021-06-14 14:30:50 87      CGEN_BBG000B9ZLB0_2021-04-13
2021-06-14 14:30:50 88      CGEN: BuyPending. Strategy: MorningOpenStrategy. Price: 8.03. Lots: 31. ChangeOpenToCurrent: -2.55. ChangePrevCloseToCurrent: -1.83. Candle: ID:10, Time: 7:00, Close: 8.03.
2021-06-14 14:30:50 88      CGEN: OrderID: 43b59ed0. PlacedOrder. Status: New. RejectReason: 
2021-06-14 14:30:50 88      CGEN: OrderID: 43b59ed0 fully executed
2021-06-14 14:30:50 88      CGEN: Morning closing. Close price: 8.15. Lots: 31. CandleChange: -0.97%. ChangeFromCandleHigh: -0.97%. Profit: 0.12(1.49%). Candle: ID:13, Time: 7:05, Close: 8.15
2021-06-14 14:30:50 88      CGEN: OrderID: 160bbf12. PlacedOrder. Status: New. RejectReason: 
2021-06-14 14:30:50 88      CGEN: OrderID: 160bbf12 partially executed. Executed lots: 10. OrderStatus: 10/31 lots
2021-06-14 14:30:50 88      CGEN: OrderID: 160bbf12 fully executed
2021-06-14 14:30:50 88      CGNX_BBG000BPBVW5_2021-04-13
2021-06-14 14:30:50 89      CHD_BBG000BFJT36_2021-04-13
2021-06-14 14:30:50 90      CHDN_BBG000BGXMG9_2021-04-13
2021-06-14 14:30:50 91      CHE_BBG000C19QW1_2021-04-13
2021-06-14 14:30:50 92      CHEF_BBG001MFW6D6_2021-04-13
2021-06-14 14:30:50 92      CHGG_BBG0014XR0N5_2021-04-13
2021-06-14 14:30:50 93      CHH_BBG000BPBTL2_2021-04-13
2021-06-14 14:30:50 94      CHKP_BBG000K82ZT8_2021-04-13
2021-06-14 14:30:50 95      CHNG_BBG0059KNH10_2021-04-13
2021-06-14 14:30:50 96      CHRW_BBG000BTCH57_2021-04-13
2021-06-14 14:30:50 97      CHTR_BBG000VPGNR2_2021-04-13
2021-06-14 14:30:50 98      CHWY_BBG00P19DKZ6_2021-04-13
2021-06-14 14:30:51 00      CHX_BBG00JH9TZ56_2021-04-13
2021-06-14 14:30:51 01      CI_BBG00KXRCDP0_2021-04-13
2021-06-14 14:30:51 02      CIEN_BBG000BP1152_2021-04-13
2021-06-14 14:30:51 03      CINF_BBG000BFPK65_2021-04-13
2021-06-14 14:30:51 04      CL_BBG000BFQYY3_2021-04-13
2021-06-14 14:30:51 05      CLDR_BBG000DRJFC8_2021-04-13
2021-06-14 14:30:51 07      CLDT_BBG000PT6BR8_2021-04-13
2021-06-14 14:30:51 07      CLF_BBG000BFRF55_2021-04-13
2021-06-14 14:30:51 08      CLGX_BBG000C2H3F0_2021-04-13
2021-06-14 14:30:51 09      CLH_BBG000BFRRX8_2021-04-13
2021-06-14 14:30:51 10      CLR_BBG000BHBGN6_2021-04-13
2021-06-14 14:30:51 11      CLX_BBG000BFS7D3_2021-04-13
2021-06-14 14:30:51 12      CMA_BBG000C75N77_2021-04-13
2021-06-14 14:30:51 13      CMC_BBG000BFSND8_2021-04-13
2021-06-14 14:30:51 14      CMCO_BBG000BCWWV0_2021-04-13
2021-06-14 14:30:51 14      CMCSA_BBG000BFT2L4_2021-04-13
2021-06-14 14:30:51 17      CME_BBG000BHLYP4_2021-04-13
2021-06-14 14:30:51 18      CMG_BBG000QX74T1_2021-04-13
2021-06-14 14:30:51 19      CMI_BBG000BGPTV6_2021-04-13
2021-06-14 14:30:51 20      CMP_BBG000C42WS4_2021-04-13
2021-06-14 14:30:51 20      CMS_BBG000BFVXX0_2021-04-13
2021-06-14 14:30:51 22      CNC_BBG000BDXCJ5_2021-04-13
2021-06-14 14:30:51 23      CNK_BBG000QDVR53_2021-04-13
2021-06-14 14:30:51 25      CNP_BBG000FDBX90_2021-04-13
2021-06-14 14:30:51 26      CNS_BBG000BB0WG4_2021-04-13
2021-06-14 14:30:51 27      CNST_BBG000R1H6P8_2021-04-13
2021-06-14 14:30:51 27      CNXC_BBG00RCNQMX3_2021-04-13
2021-06-14 14:30:51 28      CNXN_BBG000BX74M4_2021-04-13
2021-06-14 14:30:51 29      COF_BBG000BGKTF9_2021-04-13
2021-06-14 14:30:51 30      COG_BBG000C3GN47_2021-04-13
2021-06-14 14:30:51 32      COHR_BBG000BG1DH3_2021-04-13
2021-06-14 14:30:51 32      COKE_BBG000BG1SX2_2021-04-13
2021-06-14 14:30:51 33      COLM_BBG000BKKQ84_2021-04-13
2021-06-14 14:30:51 34      CONE_BBG0038V5TX1_2021-04-13
2021-06-14 14:30:51 35      COO_BBG000BG3445_2021-04-13
2021-06-14 14:30:51 36      COP_BBG000BQQH30_2021-04-13
2021-06-14 14:30:51 38      CORR_BBG000CN80Y9_2021-04-13
2021-06-14 14:30:51 40      CORT_BBG000BKJG33_2021-04-13
2021-06-14 14:30:51 41      COST_BBG000F6H8W8_2021-04-13
2021-06-14 14:30:51 43      COTY_BBG000F395V1_2021-04-13
2021-06-14 14:30:51 44      COUP_BBG001J4BCN4_2021-04-13
2021-06-14 14:30:51 45      CPB_BBG000BG4202_2021-04-13
2021-06-14 14:30:51 46      CPRI_BBG0029SNR63_2021-04-13
2021-06-14 14:30:51 47      CPRT_BBG000BM9RH1_2021-04-13
2021-06-14 14:30:51 49      CPS_BBG000PSXT64_2021-04-13
2021-06-14 14:30:51 49      CR_BBG000BG7423_2021-04-13
2021-06-14 14:30:51 50      CREE_BBG000BG14P4_2021-04-13
2021-06-14 14:30:51 51      CRI_BBG000CTM4J9_2021-04-13
2021-06-14 14:30:51 52      CRL_BBG000BG5BL8_2021-04-13
2021-06-14 14:30:51 52      CRM_BBG000BN2DC2_2021-04-13
2021-06-14 14:30:51 56      CRMT_BBG000CM6L31_2021-04-13
2021-06-14 14:30:51 56      CROX_BBG000BLY663_2021-04-13
2021-06-14 14:30:51 58      CRS_BBG000BGCQT9_2021-04-13
2021-06-14 14:30:51 59      CRTX_BBG00BTK1DT8_2021-04-13
2021-06-14 14:30:51 59      CRTX: SPYKE!. Candle: ID:108, Time: 12:00, Close: 33.69
2021-06-14 14:30:51 60      CRUS_BBG000C1DHF5_2021-04-13
2021-06-14 14:30:51 61      CRVL_BBG000CVKZY0_2021-04-13
2021-06-14 14:30:51 61      CRWD_BBG00BLYKS03_2021-04-13
2021-06-14 14:30:51 64      CSCO_BBG000C3J3C9_2021-04-13
2021-06-14 14:30:51 67      CSGP_BBG000D7JKW9_2021-04-13
2021-06-14 14:30:51 68      CSGS_BBG000G3TQV2_2021-04-13
2021-06-14 14:30:51 69      CSII_BBG000NWQ9S5_2021-04-13
2021-06-14 14:30:51 69      CSL_BBG000BGGBT8_2021-04-13
2021-06-14 14:30:51 70      CSOD_BBG0016X4XN6_2021-04-13
2021-06-14 14:30:51 71      CSWI_BBG007NLG4L3_2021-04-13
2021-06-14 14:30:51 71      CSX_BBG000BGJRC8_2021-04-13
2021-06-14 14:30:51 75      CTAS_BBG000H3YXF8_2021-04-13
2021-06-14 14:30:51 76      CTB_BBG000BGKXV2_2021-04-13
2021-06-14 14:30:51 76      CTLT_BBG005XR47P5_2021-04-13
2021-06-14 14:30:51 77      CTSH_BBG000BBDV81_2021-04-13
2021-06-14 14:30:51 79      CTVA_BBG00BN969C1_2021-04-13
2021-06-14 14:30:51 80      CTXS_BBG000FQ6PY6_2021-04-13
2021-06-14 14:30:51 81      CVCO_BBG000K4WS65_2021-04-13
2021-06-14 14:30:51 81      CVET_BBG00KR691K8_2021-04-13
2021-06-14 14:30:51 82      CVGW_BBG000BGPQW1_2021-04-13
2021-06-14 14:30:51 83      CVLT_BBG000BG88X9_2021-04-13
2021-06-14 14:30:51 84      CVNA_BBG00GCTWDJ3_2021-04-13
2021-06-14 14:30:51 84      CVS_BBG000BGRY34_2021-04-13
2021-06-14 14:30:51 86      CVX_BBG000K4ND22_2021-04-13
2021-06-14 14:30:51 88      CW_BBG000BGSPS5_2021-04-13
2021-06-14 14:30:51 89      CWST_BBG000BT0J38_2021-04-13
2021-06-14 14:30:51 90      CWT_BBG000D8KTN6_2021-04-13
2021-06-14 14:30:51 90      CY_BBG000BXNJ07_2021-04-13
2021-06-14 14:30:51 91      D_BBG000BGVW60_2021-04-13
2021-06-14 14:30:51 93      DAL_BBG000R7Z112_2021-04-13
2021-06-14 14:30:51 97      DAR_BBG000BN8ZK8_2021-04-13
2021-06-14 14:30:51 98      DBX_BBG0018SLDN0_2021-04-13
2021-06-14 14:30:51 99      DCI_BBG000BGZP70_2021-04-13
2021-06-14 14:30:52 00      DCPH_BBG00HMJ9H54_2021-04-13
2021-06-14 14:30:52 00      DD_BBG00BN961G4_2021-04-13
2021-06-14 14:30:52 01      DDOG_BBG003NJHZT9_2021-04-13
2021-06-14 14:30:52 05      DDS_BBG000BS4MP5_2021-04-13
2021-06-14 14:30:52 05      DE_BBG000BH1NH9_2021-04-13
2021-06-14 14:30:52 06      DECK_BBG000BKXYX5_2021-04-13
2021-06-14 14:30:52 07      DELL_BBG00DW3SZS1_2021-04-13
2021-06-14 14:30:52 08      DFS_BBG000QBR5J5_2021-04-13
2021-06-14 14:30:52 09      DG_BBG000NV1KK7_2021-04-13
2021-06-14 14:30:52 10      DGX_BBG000BN84F3_2021-04-13
2021-06-14 14:30:52 11      DHI_BBG000DQTXY6_2021-04-13
2021-06-14 14:30:52 13      DHR_BBG000BH3JF8_2021-04-13
2021-06-14 14:30:52 15      DIOD_BBG000G25P51_2021-04-13
2021-06-14 14:30:52 15      DIS_BBG000BH4R78_2021-04-13
2021-06-14 14:30:52 18      DISCA_BBG000CHWP52_2021-04-13
2021-06-14 14:30:52 23      DISCB_BBG000F7L5N7_2021-04-13
2021-06-14 14:30:52 23      DISCB: SPYKE!. Candle: ID:14, Time: 7:40, Close: 70
2021-06-14 14:30:52 23      DISCB: SPYKE!. Candle: ID:15, Time: 7:40, Close: 69.58
2021-06-14 14:30:52 23      DISCK_BBG000VMWHH5_2021-04-13
2021-06-14 14:30:52 26      DK_BBG00FZYFVC5_2021-04-13
2021-06-14 14:30:52 27      DKNG_BBG00TCBG714_2021-04-13
2021-06-14 14:30:52 31      DKS_BBG000F6ZWH2_2021-04-13
2021-06-14 14:30:52 32      DLB_BBG000DGLTG5_2021-04-13
2021-06-14 14:30:52 33      DLR_BBG000Q5ZRM7_2021-04-13
2021-06-14 14:30:52 34      DLTH_BBG002GBMZG4_2021-04-13
2021-06-14 14:30:52 35      DLTR_BBG000BSC0K9_2021-04-13
2021-06-14 14:30:52 36      DLX_BBG000BH6360_2021-04-13
2021-06-14 14:30:52 37      DNLI_BBG008P7F869_2021-04-13
2021-06-14 14:30:52 38      DNOW_BBG005BLN209_2021-04-13
2021-06-14 14:30:52 38      DOCU_BBG000N7KJX8_2021-04-13
2021-06-14 14:30:52 42      DORM_BBG000BM22F5_2021-04-13
2021-06-14 14:30:52 42      DOV_BBG000BHB3M6_2021-04-13
2021-06-14 14:30:52 43      DOW_BBG00BN96922_2021-04-13
2021-06-14 14:30:52 45      DPZ_BBG000P458P3_2021-04-13
2021-06-14 14:30:52 46      DRE_BBG000BHD8S7_2021-04-13
2021-06-14 14:30:52 47      DRI_BBG000BBNYF6_2021-04-13
2021-06-14 14:30:52 48      DRNA_BBG001J1DB23_2021-04-13
2021-06-14 14:30:52 49      DRQ_BBG000BVDBY2_2021-04-13
2021-06-14 14:30:52 50      DT_BBG00PNN7C40_2021-04-13
2021-06-14 14:30:52 51      DVA_BBG000MQ1SN9_2021-04-13
2021-06-14 14:30:52 52      DVN_BBG000BBVJZ8_2021-04-13
2021-06-14 14:30:52 53      DXC_BBG00FN64XT9_2021-04-13
2021-06-14 14:30:52 54      DXCM_BBG000QTF8K1_2021-04-13
2021-06-14 14:30:52 55      DY_BBG000C4SKT1_2021-04-13
2021-06-14 14:30:52 56      EA_BBG000BP0KQ8_2021-04-13
2021-06-14 14:30:52 58      EAT_BBG000BK28N7_2021-04-13
2021-06-14 14:30:52 58      EBAY_BBG000C43RR5_2021-04-13
2021-06-14 14:30:52 61      EBS_BBG000GW06J7_2021-04-13
2021-06-14 14:30:52 62      ECHO_BBG000RFP8W6_2021-04-13
2021-06-14 14:30:52 63      ECL_BBG000BHKYH4_2021-04-13
2021-06-14 14:30:52 64      ECPG_BBG000F369C7_2021-04-13
2021-06-14 14:30:52 64      ED_BBG000BHLYS1_2021-04-13
2021-06-14 14:30:52 66      EDIT_BBG005MX5GZ2_2021-04-13
2021-06-14 14:30:52 67      EEFT_BBG000BMNBY1_2021-04-13
2021-06-14 14:30:52 68      EFX_BBG000BHPL78_2021-04-13
2021-06-14 14:30:52 68      EGHT_BBG000BCGHH7_2021-04-13
2021-06-14 14:30:52 69      EGRX_BBG005Y3XWH9_2021-04-13
2021-06-14 14:30:52 70      EHTH_BBG000P5JQX6_2021-04-13
2021-06-14 14:30:52 71      EIX_BBG000D7RKJ5_2021-04-13
2021-06-14 14:30:52 72      EL_BBG000FKJRC5_2021-04-13
2021-06-14 14:30:52 72      ELAN_BBG00LJYS1P8_2021-04-13
2021-06-14 14:30:52 73      ELS_BBG000BB7SX7_2021-04-13
2021-06-14 14:30:52 74      ELS: SPYKE!. Candle: ID:6, Time: 13:30, Close: 65.92
2021-06-14 14:30:52 74      EME_BBG000BBRPL4_2021-04-13
2021-06-14 14:30:52 75      EMN_BBG000BLW530_2021-04-13
2021-06-14 14:30:52 75      EMR_BBG000BHX7N2_2021-04-13
2021-06-14 14:30:52 77      ENDP_BBG000C0HQ54_2021-04-13
2021-06-14 14:30:52 78      ENPH_BBG001R3MNY9_2021-04-13
2021-06-14 14:30:52 79      ENR_BBG006FCB019_2021-04-13
2021-06-14 14:30:52 80      ENS_BBG000PWTD92_2021-04-13
2021-06-14 14:30:52 81      ENTA_BBG001V9NSB4_2021-04-13
2021-06-14 14:30:52 81      ENTG_BBG000CTV4N4_2021-04-13
2021-06-14 14:30:52 82      ENV_BBG000Q4NZ54_2021-04-13
2021-06-14 14:30:52 83      EOG_BBG000BZ9223_2021-04-13
2021-06-14 14:30:52 84      EPAM_BBG000MHTV89_2021-04-13
2021-06-14 14:30:52 85      EPAY_BBG000BRNH31_2021-04-13
2021-06-14 14:30:52 85      EPC_BBG000BRW644_2021-04-13
2021-06-14 14:30:52 86      EQIX_BBG000MBDGM6_2021-04-13
2021-06-14 14:30:52 87      EQT_BBG000BHZ5J9_2021-04-13
2021-06-14 14:30:52 89      ERIE_BBG000BBTJZ1_2021-04-13
2021-06-14 14:30:52 90      ES_BBG000BQ87N0_2021-04-13
2021-06-14 14:30:52 91      ESPR_BBG004KB3S72_2021-04-13
2021-06-14 14:30:52 92      ESS_BBG000CGJMB9_2021-04-13
2021-06-14 14:30:52 92      ET_BBG000BM2FL9_2021-04-13
2021-06-14 14:30:52 94      ETN_BBG000BJ3PD2_2021-04-13
2021-06-14 14:30:52 95      ETR_BBG000C1FQS9_2021-04-13
2021-06-14 14:30:52 96      ETRN_BBG00K53L394_2021-04-13
2021-06-14 14:30:52 97      ETSY_BBG000N7MXL8_2021-04-13
2021-06-14 14:30:52 99      EVBG_BBG0022FMPD5_2021-04-13
2021-06-14 14:30:53 00      EVER_BBG00F17NDH7_2021-04-13
2021-06-14 14:30:53 00      EVH_BBG005CHLM96_2021-04-13
2021-06-14 14:30:53 01      EVR_BBG000BP30Y0_2021-04-13
2021-06-14 14:30:53 01      EVRG_BBG00H433CR2_2021-04-13
2021-06-14 14:30:53 02      EW_BBG000BRXP69_2021-04-13
2021-06-14 14:30:53 03      EWBC_BBG000CR20B1_2021-04-13
2021-06-14 14:30:53 04      EXAS_BBG000CWL0F5_2021-04-13
2021-06-14 14:30:53 06      EXC_BBG000J6XT05_2021-04-13
2021-06-14 14:30:53 07      EXEL_BBG000BQ4WF8_2021-04-13
2021-06-14 14:30:53 08      EXLS_BBG000NS3P30_2021-04-13
2021-06-14 14:30:53 09      EXP_BBG000BJW241_2021-04-13
2021-06-14 14:30:53 10      EXPD_BBG000BJ5GK2_2021-04-13
2021-06-14 14:30:53 11      EXPE_BBG000QY3XZ2_2021-04-13
2021-06-14 14:30:53 13      EXR_BBG000PV27K3_2021-04-13
2021-06-14 14:30:53 13      EYE_BBG00HVQF9K2_2021-04-13
2021-06-14 14:30:53 14      F_BBG000BQPC32_2021-04-13
2021-06-14 14:30:53 17      FANG_BBG002PHSYX9_2021-04-13
2021-06-14 14:30:53 18      FARO_BBG000BJD7C2_2021-04-13
2021-06-14 14:30:53 19      FAST_BBG000BJ8YN7_2021-04-13
2021-06-14 14:30:53 21      FATE_BBG000QP35H2_2021-04-13
2021-06-14 14:30:53 22      FB_BBG000MM2P62_2021-04-13
2021-06-14 14:30:53 29      FBHS_BBG001B4BV87_2021-04-13
2021-06-14 14:30:53 30      FCFS_BBG000DNF659_2021-04-13
2021-06-14 14:30:53 30      FCN_BBG000K88H58_2021-04-13
2021-06-14 14:30:53 31      FCX_BBG000BJDB15_2021-04-13
2021-06-14 14:30:53 33      FDS_BBG000BDJL83_2021-04-13
2021-06-14 14:30:53 34      FDX_BBG000BJF1Z8_2021-04-13
2021-06-14 14:30:53 36      FELE_BBG000BJGGV8_2021-04-13
2021-06-14 14:30:53 36      FFIV_BBG000CXYSZ6_2021-04-13
2021-06-14 14:30:53 37      FGEN_BBG000FW5ZL6_2021-04-13
2021-06-14 14:30:53 39      FICO_BBG000DW76Y6_2021-04-13
2021-06-14 14:30:53 40      FIS_BBG000BK2F42_2021-04-13
2021-06-14 14:30:53 41      FISV_BBG000BJKPG0_2021-04-13
2021-06-14 14:30:53 44      FITB_BBG000BJL3N0_2021-04-13
2021-06-14 14:30:53 46      FIVN_BBG001KHJM17_2021-04-13
2021-06-14 14:30:53 47      FIZZ_BBG000BF8CB6_2021-04-13
2021-06-14 14:30:53 48      FL_BBG000BX8DC4_2021-04-13
2021-06-14 14:30:53 49      FLIR_BBG000BHK836_2021-04-13
2021-06-14 14:30:53 50      FLOW_BBG007FL7ZD2_2021-04-13
2021-06-14 14:30:53 50      FLR_BBG000BB1TH9_2021-04-13
2021-06-14 14:30:53 51      FLS_BBG000FFH4P5_2021-04-13
2021-06-14 14:30:53 52      FLT_BBG000GPXKX9_2021-04-13
2021-06-14 14:30:53 53      FLWS_BBG000BBR9P6_2021-04-13
2021-06-14 14:30:53 53      FMC_BBG000BJP882_2021-04-13
2021-06-14 14:30:53 54      FND_BBG007GJ2F81_2021-04-13
2021-06-14 14:30:53 55      FNKO_BBG00HXSHDQ9_2021-04-13
2021-06-14 14:30:53 57      FOCS_BBG00L0YTFN8_2021-04-13
2021-06-14 14:30:53 57      FOE_BBG000BJQK11_2021-04-13
2021-06-14 14:30:53 58      FOLD_BBG000PLF6N0_2021-04-13
2021-06-14 14:30:53 59      FOLD: SPYKE!. Candle: ID:3389, Time: 20:05, Close: 9.78
2021-06-14 14:30:53 59      FORM_BBG000D1Y3P1_2021-04-13
2021-06-14 14:30:53 60      FORR_BBG000HGNYG8_2021-04-13
2021-06-14 14:30:53 61      FOX_BBG00JHNKJY8_2021-04-13
2021-06-14 14:30:53 62      FOXA_BBG00JHNJW99_2021-04-13
2021-06-14 14:30:53 64      FOXF_BBG004T7VS53_2021-04-13
2021-06-14 14:30:53 64      FRHC_BBG000N625H8_2021-04-13
2021-06-14 14:30:53 65      FRPH_BBG000HCVWW4_2021-04-13
2021-06-14 14:30:53 65      FRPT_BBG001D0HB36_2021-04-13
2021-06-14 14:30:53 66      FSLR_BBG000BFL116_2021-04-13
2021-06-14 14:30:53 68      FSLY_BBG004NLQHL0_2021-04-13
2021-06-14 14:30:53 70      FTCH_BBG00LSD4456_2021-04-13
2021-06-14 14:30:53 71      FTI_BBG00DL8NMV2_2021-04-13
2021-06-14 14:30:53 72      FTNT_BBG000BCMBG4_2021-04-13
2021-06-14 14:30:53 73      FTV_BBG00BLVZ228_2021-04-13
2021-06-14 14:30:53 75      FUL_BBG000BJZ7V7_2021-04-13
2021-06-14 14:30:53 75      GATX_BBG000BKGXQ4_2021-04-13
2021-06-14 14:30:53 76      GBCI_BBG000C3KB84_2021-04-13
2021-06-14 14:30:53 77      GBT_BBG00341H6M0_2021-04-13
2021-06-14 14:30:53 77      GBX_BBG000CF5097_2021-04-13
2021-06-14 14:30:53 78      GCO_BBG000BK5S78_2021-04-13
2021-06-14 14:30:53 78      GCP_BBG0082W8Q12_2021-04-13
2021-06-14 14:30:53 79      GD_BBG000BK67C7_2021-04-13
2021-06-14 14:30:53 80      GDDY_BBG006MDLY05_2021-04-13
2021-06-14 14:30:53 81      GDOT_BBG000QDJT53_2021-04-13
2021-06-14 14:30:53 81      GE_BBG000BK6MB5_2021-04-13
2021-06-14 14:30:53 83      GEF_BBG000BLFNC0_2021-04-13
2021-06-14 14:30:53 84      GGG_BBG000BK9W84_2021-04-13
2021-06-14 14:30:53 84      GH_BBG006D97VY9_2021-04-13
2021-06-14 14:30:53 85      GHC_BBG000C3FGH9_2021-04-13
2021-06-14 14:30:53 86      GILD_BBG000CKGBP2_2021-04-13
2021-06-14 14:30:53 88      GIS_BBG000BKCFC2_2021-04-13
2021-06-14 14:30:53 89      GKOS_BBG000WG2LQ1_2021-04-13
2021-06-14 14:30:53 90      GL_BBG000BVD6X4_2021-04-13
2021-06-14 14:30:53 91      GLW_BBG000BKFZM4_2021-04-13
2021-06-14 14:30:53 92      GM_BBG000NDYB67_2021-04-13
2021-06-14 14:30:53 96      GMED_BBG002V87SD0_2021-04-13
2021-06-14 14:30:53 97      GMS_BBG009Q036D0_2021-04-13
2021-06-14 14:30:53 97      GNL_BBG004HXD0G8_2021-04-13
2021-06-14 14:30:53 98      GNRC_BBG000PQ4W72_2021-04-13
2021-06-14 14:30:53 98      GO_BBG00P4R3079_2021-04-13
2021-06-14 14:30:53 99      GOOG_BBG009S3NB30_2021-04-13
2021-06-14 14:30:54 02      GOOGL_BBG009S39JX6_2021-04-13
2021-06-14 14:30:54 05      GOSS_BBG00MVWLLM2_2021-04-13
2021-06-14 14:30:54 06      GOSS: BuyPending. Strategy: MorningOpenStrategy. Price: 8.54. Lots: 29. ChangeOpenToCurrent: -2.18. ChangePrevCloseToCurrent: 0.23. Candle: ID:9, Time: 7:00, Close: 8.54.
2021-06-14 14:30:54 06      GOSS: OrderID: d3cdccf8. PlacedOrder. Status: New. RejectReason: 
2021-06-14 14:30:54 06      GOSS: OrderID: d3cdccf8 fully executed
2021-06-14 14:30:54 06      GOSS: Morning closing by timeout. Close price: 8.5. Lots: 29. Profit: -0.04(-0.47%). Candle: ID:72, Time: 7:20, Close: 8.5
2021-06-14 14:30:54 06      GOSS: OrderID: dfbaea8b. PlacedOrder. Status: New. RejectReason: 
2021-06-14 14:30:54 06      GOSS: OrderID: dfbaea8b fully executed
2021-06-14 14:30:54 07      GPC_BBG000BKL348_2021-04-13
2021-06-14 14:30:54 08      GPI_BBG000BB88K4_2021-04-13
2021-06-14 14:30:54 08      GPN_BBG000CX0P89_2021-04-13
2021-06-14 14:30:54 09      GPS_BBG000BKLH74_2021-04-13
2021-06-14 14:30:54 11      GRA_BBG000BB8PG1_2021-04-13
2021-06-14 14:30:54 11      GRMN_BBG000C4LN67_2021-04-13
2021-06-14 14:30:54 12      GRUB_BBG001KWG293_2021-04-13
2021-06-14 14:30:54 13      GS_BBG000C6CFJ5_2021-04-13
2021-06-14 14:30:54 16      GSH_BBG000GLG0G0_2021-04-13
2021-06-14 14:30:54 17      GSKY_BBG00KT2SCV8_2021-04-13
2021-06-14 14:30:54 18      GT_BBG000BKNX95_2021-04-13
2021-06-14 14:30:54 19      GTHX_BBG005F1DK91_2021-04-13
2021-06-14 14:30:54 21      GTLS_BBG000P1K2X6_2021-04-13
2021-06-14 14:30:54 23      GTN_BBG000DSQLQ0_2021-04-13
2021-06-14 14:30:54 23      GVA_BBG000DVB833_2021-04-13
2021-06-14 14:30:54 24      GWRE_BBG001C7PM75_2021-04-13
2021-06-14 14:30:54 25      GWW_BBG000BKR1D6_2021-04-13
2021-06-14 14:30:54 25      H_BBG000CVRFS4_2021-04-13
2021-06-14 14:30:54 26      HA_BBG000BC4185_2021-04-13
2021-06-14 14:30:54 27      HAE_BBG000C7TF41_2021-04-13
2021-06-14 14:30:54 28      HAIN_BBG000BQW085_2021-04-13
2021-06-14 14:30:54 29      HAL_BBG000BKTFN2_2021-04-13
2021-06-14 14:30:54 30      HALO_BBG000CZ8W54_2021-04-13
2021-06-14 14:30:54 31      HAS_BBG000BKVJK4_2021-04-13
2021-06-14 14:30:54 32      HBAN_BBG000BKWSR6_2021-04-13
2021-06-14 14:30:54 34      HBI_BBG000D2ZTS8_2021-04-13
2021-06-14 14:30:54 35      HCA_BBG000QW7VC1_2021-04-13
2021-06-14 14:30:54 36      HCCI_BBG000CCFB17_2021-04-13
2021-06-14 14:30:54 36      HCSG_BBG000BKYVF0_2021-04-13
2021-06-14 14:30:54 37      HD_BBG000BKZB36_2021-04-13
2021-06-14 14:30:54 39      HEAR_BBG000BM6N47_2021-04-13
2021-06-14 14:30:54 40      HEI_BBG000BL16Q7_2021-04-13
2021-06-14 14:30:54 41      HES_BBG000BBD070_2021-04-13
2021-06-14 14:30:54 42      HFC_BBG000BL9JQ1_2021-04-13
2021-06-14 14:30:54 43      HGV_BBG00CBYY6M1_2021-04-13
2021-06-14 14:30:54 44      HHC_BBG000MJRJJ2_2021-04-13
2021-06-14 14:30:54 44      HHR_BBG00KHGQ0H4_2021-04-13
2021-06-14 14:30:54 45      HIBB_BBG000H001V3_2021-04-13
2021-06-14 14:30:54 46      HIG_BBG000G0Z878_2021-04-13
2021-06-14 14:30:54 47      HII_BBG001KJ2HM9_2021-04-13
2021-06-14 14:30:54 47      HIIQ_TCS003QRSQD3_2021-04-13
2021-06-14 14:30:54 48      HLT_BBG0058KMH30_2021-04-13
2021-06-14 14:30:54 49      HNP_BBG000BX5YM0_2021-04-13
2021-06-14 14:30:54 50      HOG_BBG000BKZTP3_2021-04-13
2021-06-14 14:30:54 51      HOLX_BBG000C3NTN5_2021-04-13
2021-06-14 14:30:54 52      HON_BBG000H556T9_2021-04-13
2021-06-14 14:30:54 54      HP_BBG000BLCPY4_2021-04-13
2021-06-14 14:30:54 54      HPE_BBG0078W3NQ3_2021-04-13
2021-06-14 14:30:54 55      HPQ_BBG000KHWT55_2021-04-13
2021-06-14 14:30:54 57      HQY_BBG000TYXCT9_2021-04-13
2021-06-14 14:30:54 58      HRB_BBG000BLDV98_2021-04-13
2021-06-14 14:30:54 59      HRC_BBG000BKWCS0_2021-04-13
2021-06-14 14:30:54 59      HRL_BBG000BLF8D2_2021-04-13
2021-06-14 14:30:54 60      HRTX_BBG000G2GJT7_2021-04-13
2021-06-14 14:30:54 61      HSC_BBG000BLH3P8_2021-04-13
2021-06-14 14:30:54 62      HSIC_BBG000BNMMJ3_2021-04-13
2021-06-14 14:30:54 62      HSKA_BBG000BWFH48_2021-04-13
2021-06-14 14:30:54 63      HST_BBG000BL8804_2021-04-13
2021-06-14 14:30:54 64      HSY_BBG000BLHRS2_2021-04-13
2021-06-14 14:30:54 65      HTA_BBG000PRJCX9_2021-04-13
2021-06-14 14:30:54 66      HTHT_BBG000QFPM65_2021-04-13
2021-06-14 14:30:54 67      HUBB_BBG000BLK267_2021-04-13
2021-06-14 14:30:54 67      HUBG_BBG000G9W6L0_2021-04-13
2021-06-14 14:30:54 68      HUBS_BBG000N7MZ06_2021-04-13
2021-06-14 14:30:54 68      HUM_BBG000BLKK03_2021-04-13
2021-06-14 14:30:54 69      HURN_BBG000PV2M48_2021-04-13
2021-06-14 14:30:54 70      HWM_BBG00DYNJGH9_2021-04-13
2021-06-14 14:30:54 71      HXL_BBG000BLMDQ9_2021-04-13
2021-06-14 14:30:54 72      IAC_BBG000BKQG80_2021-04-13
2021-06-14 14:30:54 73      IART_BBG000BZJQL8_2021-04-13
2021-06-14 14:30:54 74      IBKR_BBG000LV0836_2021-04-13
2021-06-14 14:30:54 75      IBM_BBG000BLNNH6_2021-04-13
2021-06-14 14:30:54 77      IBN_BBG000DRM643_2021-04-13
2021-06-14 14:30:54 79      IBP_BBG005TJKDZ6_2021-04-13
2021-06-14 14:30:54 80      ICE_BBG000C1FB75_2021-04-13
2021-06-14 14:30:54 81      ICPT_BBG001J1QN87_2021-04-13
2021-06-14 14:30:54 82      ICUI_BBG000CQV2N4_2021-04-13
2021-06-14 14:30:54 83      IDCC_BBG000HLJ7M4_2021-04-13
2021-06-14 14:30:54 84      IDXX_BBG000BLRT07_2021-04-13
2021-06-14 14:30:54 85      IEX_BBG000C1HN22_2021-04-13
2021-06-14 14:30:54 85      IFF_BBG000BLSL58_2021-04-13
2021-06-14 14:30:54 87      IGMS_BBG00PNR1BT2_2021-04-13
2021-06-14 14:30:54 87      IIPR_BBG00F0SW7N8_2021-04-13
2021-06-14 14:30:54 88      IIVI_BBG000BLW102_2021-04-13
2021-06-14 14:30:54 90      ILMN_BBG000DSMS70_2021-04-13
2021-06-14 14:30:54 91      INCY_BBG000BNPSQ9_2021-04-13
2021-06-14 14:30:54 92      INDB_BBG000BM0597_2021-04-13
2021-06-14 14:30:54 93      INFO_BBG006G063F9_2021-04-13
2021-06-14 14:30:54 94      INGN_BBG0021PH456_2021-04-13
2021-06-14 14:30:54 94      INGR_BBG000BXPZB7_2021-04-13
2021-06-14 14:30:54 95      INMD_BBG00PPS73P4_2021-04-13
2021-06-14 14:30:54 96      INSP_BBG00209SZJ7_2021-04-13
2021-06-14 14:30:54 96      INTC_BBG000C0G1D1_2021-04-13
2021-06-14 14:30:55 03      INTU_BBG000BH5DV1_2021-04-13
2021-06-14 14:30:55 05      INVH_BBG00FQH6BS9_2021-04-13
2021-06-14 14:30:55 06      IONS_BBG000JH6683_2021-04-13
2021-06-14 14:30:55 07      IOSP_BBG000BMFNP4_2021-04-13
2021-06-14 14:30:55 07      IOVA_BBG000FTLBV7_2021-04-13
2021-06-14 14:30:55 09      IP_BBG000BM5SR2_2021-04-13
2021-06-14 14:30:55 10      IPAR_BBG000GCSWR5_2021-04-13
2021-06-14 14:30:55 11      IPG_BBG000C90DH9_2021-04-13
2021-06-14 14:30:55 12      IPGP_BBG000DCGRL8_2021-04-13
2021-06-14 14:30:55 12      IQV_BBG00333FYS2_2021-04-13
2021-06-14 14:30:55 13      IR_BBG002R1CW27_2021-04-13
2021-06-14 14:30:55 15      IRBT_BBG000HXJB21_2021-04-13
2021-06-14 14:30:55 15      IRDM_BBG000VC0FC1_2021-04-13
2021-06-14 14:30:55 16      IRM_BBG000KCZPC3_2021-04-13
2021-06-14 14:30:55 18      IRTC_BBG001J19V24_2021-04-13
2021-06-14 14:30:55 18      IRTC: BuyPending. Strategy: MorningOpenStrategy. Price: 79.25. Lots: 3. ChangeOpenToCurrent: -1.25. ChangePrevCloseToCurrent: -2.16. Candle: ID:9, Time: 7:00, Close: 79.25.
2021-06-14 14:30:55 18      IRTC: OrderID: baaab33c. PlacedOrder. Status: New. RejectReason: 
2021-06-14 14:30:55 18      IRTC: OrderID: baaab33c fully executed
2021-06-14 14:30:55 18      IRTC: Morning closing by timeout. Close price: 79.66. Lots: 3. Profit: 0.41(0.52%). Candle: ID:127, Time: 7:20, Close: 79.66
2021-06-14 14:30:55 18      IRTC: OrderID: 6c06216e. PlacedOrder. Status: New. RejectReason: 
2021-06-14 14:30:55 18      IRTC: OrderID: 6c06216e fully executed
2021-06-14 14:30:55 20      ISRG_BBG000BJPDZ1_2021-04-13
2021-06-14 14:30:55 21      IT_BBG000BB65D0_2021-04-13
2021-06-14 14:30:55 22      ITCI_BBG0026ZFZC4_2021-04-13
2021-06-14 14:30:55 22      ITGR_BBG000BW6JV4_2021-04-13
2021-06-14 14:30:55 23      ITRI_BBG000BD2167_2021-04-13
2021-06-14 14:30:55 24      ITT_BBG00CVQZQ96_2021-04-13
2021-06-14 14:30:55 24      ITW_BBG000BMBL90_2021-04-13
2021-06-14 14:30:55 25      IVZ_BBG000BY2Y78_2021-04-13
2021-06-14 14:30:55 27      J_BBG000BMFFQ0_2021-04-13
2021-06-14 14:30:55 27      JACK_BBG000GZYVY1_2021-04-13
2021-06-14 14:30:55 28      JBHT_BBG000BMDBZ1_2021-04-13
2021-06-14 14:30:55 29      JBSS_BBG000CHPMY5_2021-04-13
2021-06-14 14:30:55 30      JBT_BBG000VLBCQ1_2021-04-13
2021-06-14 14:30:55 30      JCI_BBG000BVWLJ6_2021-04-13
2021-06-14 14:30:55 31      JCOM_BBG000F3CWW7_2021-04-13
2021-06-14 14:30:55 32      JD_BBG005YHY0Q7_2021-04-13
2021-06-14 14:30:55 38      JEF_BBG000BNHSP9_2021-04-13
2021-06-14 14:30:55 39      JELD_BBG0019GM953_2021-04-13
2021-06-14 14:30:55 39      JJSF_BBG000BMGPW0_2021-04-13
2021-06-14 14:30:55 40      JKHY_BBG000BMH2Q7_2021-04-13
2021-06-14 14:30:55 41      JLL_BBG000C2L2L0_2021-04-13
2021-06-14 14:30:55 42      JNJ_BBG000BMHYD1_2021-04-13
2021-06-14 14:30:55 47      JNPR_BBG000BY33P5_2021-04-13
2021-06-14 14:30:55 48      JOBS_BBG000BJD1D4_2021-04-13
2021-06-14 14:30:55 48      JOUT_BBG000HCXFS4_2021-04-13
2021-06-14 14:30:55 49      JPM_BBG000DMBXR2_2021-04-13
2021-06-14 14:30:55 54      JWN_BBG000G8N9C6_2021-04-13
2021-06-14 14:30:55 55      K_BBG000BMKDM3_2021-04-13
2021-06-14 14:30:55 56      KALU_BBG000PKZDX4_2021-04-13
2021-06-14 14:30:55 57      KBH_BBG000BMLWX8_2021-04-13
2021-06-14 14:30:55 58      KDP_BBG000TJM7F0_2021-04-13
2021-06-14 14:30:55 59      KEP_BBG000BCWG90_2021-04-13
2021-06-14 14:30:55 60      KEX_BBG000BMQCP6_2021-04-13
2021-06-14 14:30:55 60      KEY_BBG000BMQPL1_2021-04-13
2021-06-14 14:30:55 61      KEYS_BBG0059FN811_2021-04-13
2021-06-14 14:30:55 62      KFY_BBG000C5QMB5_2021-04-13
2021-06-14 14:30:55 63      KHC_BBG005CPNTQ2_2021-04-13
2021-06-14 14:30:55 65      KIDS_BBG00HFFRW39_2021-04-13
2021-06-14 14:30:55 65      KIM_BBG000CN3S73_2021-04-13
2021-06-14 14:30:55 66      KLAC_BBG000BMTFR4_2021-04-13
2021-06-14 14:30:55 67      KMB_BBG000BMW2Z0_2021-04-13
2021-06-14 14:30:55 69      KMI_BBG0019JZ882_2021-04-13
2021-06-14 14:30:55 70      KMPR_BBG000H3GDJ8_2021-04-13
2021-06-14 14:30:55 70      KMT_BBG000BMWKC5_2021-04-13
2021-06-14 14:30:55 71      KMX_BBG000BLMZK6_2021-04-13
2021-06-14 14:30:55 72      KNSL_BBG00D8JD9Z9_2021-04-13
2021-06-14 14:30:55 73      KNX_BBG000BFC848_2021-04-13
2021-06-14 14:30:55 73      KO_BBG000BMX289_2021-04-13
2021-06-14 14:30:55 75      KOD_BBG00BVR0D02_2021-04-13
2021-06-14 14:30:55 76      KR_BBG000BMY992_2021-04-13
2021-06-14 14:30:55 78      KRG_BBG000BC2KW8_2021-04-13
2021-06-14 14:30:55 79      KRTX_BBG00NN875G0_2021-04-13
2021-06-14 14:30:55 79      KRYS_BBG00HDGRHH7_2021-04-13
2021-06-14 14:30:55 80      KSU_BBG000BMZ7P7_2021-04-13
2021-06-14 14:30:55 81      KTB_BBG00LPTHYD5_2021-04-13
2021-06-14 14:30:55 82      KWR_BBG000DZS2L9_2021-04-13
2021-06-14 14:30:55 82      L_BBG000C45984_2021-04-13
2021-06-14 14:30:55 83      LAD_BBG000K3BC83_2021-04-13
2021-06-14 14:30:55 83      LANC_BBG000BN1M88_2021-04-13
2021-06-14 14:30:55 84      LASR_BBG0020BCPX5_2021-04-13
2021-06-14 14:30:55 84      LB_BBG000BNGTQ7_2021-04-13
2021-06-14 14:30:55 86      LBRDK_BBG006GNSZW5_2021-04-13
2021-06-14 14:30:55 87      LCII_BBG000DNLMB0_2021-04-13
2021-06-14 14:30:55 87      LDOS_BBG000C23PB0_2021-04-13
2021-06-14 14:30:55 88      LEA_BBG000PTLGZ1_2021-04-13
2021-06-14 14:30:55 89      LECO_BBG000BB72K8_2021-04-13
2021-06-14 14:30:55 89      LEG_BBG000BN53G7_2021-04-13
2021-06-14 14:30:55 90      LEGH_BBG00MJDR6J9_2021-04-13
2021-06-14 14:30:55 90      LEN_BBG000BN5HF7_2021-04-13
2021-06-14 14:30:55 92      LEVI_BBG000BQDF10_2021-04-13
2021-06-14 14:30:55 93      LFC_BBG000BBK4B9_2021-04-13
2021-06-14 14:30:55 93      LFUS_BBG000BGFGT8_2021-04-13
2021-06-14 14:30:55 94      LGIH_BBG0056655S1_2021-04-13
2021-06-14 14:30:55 95      LGND_BBG000BKF014_2021-04-13
2021-06-14 14:30:55 96      LH_BBG000D9DMK0_2021-04-13
2021-06-14 14:30:55 96      LHCG_BBG000G7W420_2021-04-13
2021-06-14 14:30:55 97      LHX_BBG000BLGFJ9_2021-04-13
2021-06-14 14:30:55 98      LII_BBG000BB5B84_2021-04-13
2021-06-14 14:30:55 99      LIN_BBG00GVR8YQ9_2021-04-13
2021-06-14 14:30:56 00      LITE_BBG0073F9RT7_2021-04-13
2021-06-14 14:30:56 01      LKQ_BBG000PXDL44_2021-04-13
2021-06-14 14:30:56 02      LLY_BBG000BNBDC2_2021-04-13
2021-06-14 14:30:56 04      LMT_BBG000C1BW00_2021-04-13
2021-06-14 14:30:56 05      LNN_BBG000FJS1S8_2021-04-13
2021-06-14 14:30:56 06      LNT_BBG000DW4Q75_2021-04-13
2021-06-14 14:30:56 07      LNTH_BBG006Q52RD0_2021-04-13
2021-06-14 14:30:56 08      LOPE_BBG000FV28W9_2021-04-13
2021-06-14 14:30:56 08      LOW_BBG000BNDN65_2021-04-13
2021-06-14 14:30:56 10      LPL_BBG000FJ0RK9_2021-04-13
2021-06-14 14:30:56 11      LPLA_BBG000P2TYL8_2021-04-13
2021-06-14 14:30:56 11      LPSN_BBG000BSV0W5_2021-04-13
2021-06-14 14:30:56 13      LRCX_BBG000BNFLM9_2021-04-13
2021-06-14 14:30:56 14      LRN_BBG000QSXPZ9_2021-04-13
2021-06-14 14:30:56 15      LSCC_BBG000C2D1C1_2021-04-13
2021-06-14 14:30:56 16      LSTR_BBG000BB2KN0_2021-04-13
2021-06-14 14:30:56 17      LTHM_BBG00LV3NRG0_2021-04-13
2021-06-14 14:30:56 18      LULU_BBG000R8ZVD1_2021-04-13
2021-06-14 14:30:56 20      LUMN_BBG000BGLRN3_2021-04-13
2021-06-14 14:30:56 21      LUV_BBG000BNJHS8_2021-04-13
2021-06-14 14:30:56 24      LVS_BBG000JWD753_2021-04-13
2021-06-14 14:30:56 26      LW_BBG003CVMLQ2_2021-04-13
2021-06-14 14:30:56 26      LYB_BBG000WCFV84_2021-04-13
2021-06-14 14:30:56 27      LYFT_BBG004M9ZHX5_2021-04-13
2021-06-14 14:30:56 30      LYV_BBG000FQ7YR4_2021-04-13
2021-06-14 14:30:56 32      M_BBG000C46HM9_2021-04-13
2021-06-14 14:30:56 34      MA_BBG000F1ZSQ2_2021-04-13
2021-06-14 14:30:56 36      MAA_BBG000BLMY92_2021-04-13
2021-06-14 14:30:56 37      MAC_BBG000BL9C59_2021-04-13
2021-06-14 14:30:56 38      MAN_BBG000BNMHS4_2021-04-13
2021-06-14 14:30:56 39      MANH_BBG000BFV758_2021-04-13
2021-06-14 14:30:56 40      MANT_BBG000BGF8B5_2021-04-13
2021-06-14 14:30:56 40      MANU_BBG0035WV4N9_2021-04-13
2021-06-14 14:30:56 41      MAR_BBG000BGD7W6_2021-04-13
2021-06-14 14:30:56 43      MAS_BBG000BNNKG9_2021-04-13
2021-06-14 14:30:56 43      MASI_BBG000C3W281_2021-04-13
2021-06-14 14:30:56 44      MAT_BBG000BNNYW1_2021-04-13
2021-06-14 14:30:56 45      MATX_BBG000BBK401_2021-04-13
2021-06-14 14:30:56 46      MBT_BBG000CSZKR2_2021-04-13
2021-06-14 14:30:56 47      MBUU_BBG005PXTR70_2021-04-13
2021-06-14 14:30:56 47      MCD_BBG000BNSZP1_2021-04-13
2021-06-14 14:30:56 49      MCHP_BBG000BHCP19_2021-04-13
2021-06-14 14:30:56 51      MCK_BBG000DYGNW7_2021-04-13
2021-06-14 14:30:56 52      MCO_BBG000F86GP6_2021-04-13
2021-06-14 14:30:56 52      MCRI_BBG000BJ0932_2021-04-13
2021-06-14 14:30:56 53      MD_BBG000H8LGK2_2021-04-13
2021-06-14 14:30:56 54      MDB_BBG0022FDRY8_2021-04-13
2021-06-14 14:30:56 55      MDGL_BBG000QS6NV8_2021-04-13
2021-06-14 14:30:56 55      MDLA_BBG001BPKGT0_2021-04-13
2021-06-14 14:30:56 56      MDLZ_BBG000D4LWF6_2021-04-13
2021-06-14 14:30:56 58      MDRX_BBG000BLDXH5_2021-04-13
2021-06-14 14:30:56 59      MDT_BBG000BNWG87_2021-04-13
2021-06-14 14:30:56 61      MED_BBG000BWBW76_2021-04-13
2021-06-14 14:30:56 62      MEDP_BBG0065B7K59_2021-04-13
2021-06-14 14:30:56 62      MEI_BBG000BNY197_2021-04-13
2021-06-14 14:30:56 63      MELI_BBG000GQPB11_2021-04-13
2021-06-14 14:30:56 64      MET_BBG000BB6KF5_2021-04-13
2021-06-14 14:30:56 65      MFGP_BBG00HFWVGN0_2021-04-13
2021-06-14 14:30:56 65      MFGP: BuyPending. Strategy: MorningOpenStrategy. Price: 7.4. Lots: 33. ChangeOpenToCurrent: -3.39. ChangePrevCloseToCurrent: 0. Candle: ID:4, Time: 4:00, Close: 7.4.
2021-06-14 14:30:56 65      MFGP: OrderID: 34953290. PlacedOrder. Status: New. RejectReason: 
2021-06-14 14:30:56 65      MFGP: OrderID: 34953290 partially executed. Executed lots: 1. OrderStatus: 1/33 lots
2021-06-14 14:30:56 65      MFGP: OrderID: 34953290 fully executed
2021-06-14 14:30:56 65      MFGP: Morning closing by timeout. Close price: 7.4. Lots: 33. Profit: 0.00(0%). Candle: ID:30, Time: 4:30, Close: 7.4
2021-06-14 14:30:56 65      MFGP: OrderID: e8c30d65. PlacedOrder. Status: New. RejectReason: 
2021-06-14 14:30:56 65      MFGP: OrderID: e8c30d65 partially executed. Executed lots: 20. OrderStatus: 20/33 lots
2021-06-14 14:30:56 65      MFGP: OrderID: e8c30d65 fully executed
2021-06-14 14:30:56 66      MGLN_BBG000BD6DD9_2021-04-13
2021-06-14 14:30:56 67      MGM_BBG000C2BXK4_2021-04-13
2021-06-14 14:30:56 69      MGY_BBG00GNC8DL2_2021-04-13
2021-06-14 14:30:56 69      MHK_BBG000FLZN98_2021-04-13
2021-06-14 14:30:56 70      MHO_BBG000BL9MZ4_2021-04-13
2021-06-14 14:30:56 71      MIDD_BBG000DQN9R3_2021-04-13
2021-06-14 14:30:56 72      MINI_BBG000BGTX98_2021-04-13
2021-06-14 14:30:56 72      MKC_BBG000G6Y5W4_2021-04-13
2021-06-14 14:30:56 73      MKL_BBG000FC7366_2021-04-13
2021-06-14 14:30:56 73      MKSI_BBG000BVMG26_2021-04-13
2021-06-14 14:30:56 74      MKTX_BBG000BJBZ23_2021-04-13
2021-06-14 14:30:56 75      MLAB_BBG000BP3PW7_2021-04-13
2021-06-14 14:30:56 76      MLCO_BBG000BHP8J4_2021-04-13
2021-06-14 14:30:56 76      MLHR_BBG000BP46T2_2021-04-13
2021-06-14 14:30:56 77      MLM_BBG000BGYMH7_2021-04-13
2021-06-14 14:30:56 78      MMC_BBG000BP4MH0_2021-04-13
2021-06-14 14:30:56 79      MMI_BBG005GBRSR6_2021-04-13
2021-06-14 14:30:56 79      MMM_BBG000BP52R2_2021-04-13
2021-06-14 14:30:56 80      MMS_BBG000BC5WJ4_2021-04-13
2021-06-14 14:30:56 81      MMSI_BBG000C42VX0_2021-04-13
2021-06-14 14:30:56 82      MNRO_BBG000C0BZD1_2021-04-13
2021-06-14 14:30:56 82      MNST_BBG008NVB1C0_2021-04-13
2021-06-14 14:30:56 83      MO_BBG000BP6LJ8_2021-04-13
2021-06-14 14:30:56 85      MOH_BBG000MBHNC8_2021-04-13
2021-06-14 14:30:56 85      MOMO_BBG007HTCQT0_2021-04-13
2021-06-14 14:30:56 88      MORN_BBG000CGQ4F7_2021-04-13
2021-06-14 14:30:56 89      MOS_BBG000BFXHL6_2021-04-13
2021-06-14 14:30:56 90      MOV_BBG000BL30Y9_2021-04-13
2021-06-14 14:30:56 91      MPC_BBG001DCCGR8_2021-04-13
2021-06-14 14:30:56 93      MPWR_BBG000C30L48_2021-04-13
2021-06-14 14:30:56 94      MRC_BBG000BKLTM1_2021-04-13
2021-06-14 14:30:56 94      MRK_BBG000BPD168_2021-04-13
2021-06-14 14:30:56 96      MRNA_BBG003PHHZT1_2021-04-13
2021-06-14 14:30:57 03      MRO_BBG000C8H633_2021-04-13
2021-06-14 14:30:57 04      MRTX_BBG004TPGBP5_2021-04-13
2021-06-14 14:30:57 06      MS_BBG000BLZRJ2_2021-04-13
2021-06-14 14:30:57 08      MSA_BBG000BPDXF8_2021-04-13
2021-06-14 14:30:57 09      MSCI_BBG000RTDY25_2021-04-13
2021-06-14 14:30:57 09      MSFT_BBG000BPH459_2021-04-13
2021-06-14 14:30:57 21      MSGE_BBG00L9HLWV8_2021-04-13
2021-06-14 14:30:57 21      MSGN_BBG000NS03H7_2021-04-13
2021-06-14 14:30:57 22      MSGS_BBG007FG0C23_2021-04-13
2021-06-14 14:30:57 23      MSI_BBG000BP8Z50_2021-04-13
2021-06-14 14:30:57 24      MSM_BBG000BCLYL9_2021-04-13
2021-06-14 14:30:57 25      MSTR_BBG000GQJPZ0_2021-04-13
2021-06-14 14:30:57 31      MTB_BBG000D9KWL9_2021-04-13
2021-06-14 14:30:57 33      MTCH_BBG00B6WH9G3_2021-04-13
2021-06-14 14:30:57 34      MTD_BBG000BZCKH3_2021-04-13
2021-06-14 14:30:57 35      MTG_BBG000CBMH27_2021-04-13
2021-06-14 14:30:57 35      MTH_BBG000F4F1N0_2021-04-13
2021-06-14 14:30:57 36      MTN_BBG000BCMWM1_2021-04-13
2021-06-14 14:30:57 37      MTOR_BBG000BH92D1_2021-04-13
2021-06-14 14:30:57 37      MTRN_BBG000BDTT76_2021-04-13
2021-06-14 14:30:57 38      MU_BBG000C5Z1S3_2021-04-13
2021-06-14 14:30:57 45      MUR_BBG000BPMH90_2021-04-13
2021-06-14 14:30:57 46      MUSA_BBG001Z0Q6T5_2021-04-13
2021-06-14 14:30:57 47      MXIM_BBG000BPNP00_2021-04-13
2021-06-14 14:30:57 49      MXL_BBG000BB6R33_2021-04-13
2021-06-14 14:30:57 49      MYGN_BBG000D9H9F1_2021-04-13
2021-06-14 14:30:57 50      MYRG_BBG000BC7VW9_2021-04-13
2021-06-14 14:30:57 51      NARI_BBG009J8K7M0_2021-04-13
2021-06-14 14:30:57 51      NATI_BBG000DZK6N6_2021-04-13
2021-06-14 14:30:57 52      NAVI_BBG004MN1R41_2021-04-13
2021-06-14 14:30:57 53      NBIX_BBG000GJS7C1_2021-04-13
2021-06-14 14:30:57 54      NCBS_BBG000QK0TG5_2021-04-13
2021-06-14 14:30:57 55      NCR_BBG000BMXK89_2021-04-13
2021-06-14 14:30:57 55      NCR: SPYKE!. Candle: ID:62, Time: 11:35, Close: 35.44
2021-06-14 14:30:57 55      NCR: SPYKE!. Candle: ID:69, Time: 11:35, Close: 37.75
2021-06-14 14:30:57 55      NCR: SPYKE!. Candle: ID:70, Time: 11:35, Close: 37.75
2021-06-14 14:30:57 56      NDAQ_BBG000F5VVB6_2021-04-13
2021-06-14 14:30:57 57      NDSN_BBG000BPWGR1_2021-04-13
2021-06-14 14:30:57 58      NEE_BBG000BJSBJ0_2021-04-13
2021-06-14 14:30:57 60      NEM_BBG000BPWXK1_2021-04-13
2021-06-14 14:30:57 62      NEO_BBG000BKH263_2021-04-13
2021-06-14 14:30:57 62      NEOG_BBG000C1BCK2_2021-04-13
2021-06-14 14:30:57 63      NET_BBG001WMKHH5_2021-04-13
2021-06-14 14:30:57 66      NEU_BBG000BJ5SS8_2021-04-13
2021-06-14 14:30:57 67      NEWR_BBG001NFKJ68_2021-04-13
2021-06-14 14:30:57 68      NFLX_BBG000CL9VN6_2021-04-13
2021-06-14 14:30:57 70      NGVT_BBG009LM28K6_2021-04-13
2021-06-14 14:30:57 71      NJR_BBG000BPZVW9_2021-04-13
2021-06-14 14:30:57 72      NKE_BBG000C5HS04_2021-04-13
2021-06-14 14:30:57 75      NKTR_BBG000BHCYJ1_2021-04-13
2021-06-14 14:30:57 76      NLOK_BBG000BH2JM1_2021-04-13
2021-06-14 14:30:57 77      NLSN_BBG0088CYPX8_2021-04-13
2021-06-14 14:30:57 78      NMIH_BBG005DLMMZ6_2021-04-13
2021-06-14 14:30:57 79      NOC_BBG000BQ2C28_2021-04-13
2021-06-14 14:30:57 81      NOK_BBG000BNGBW9_2021-04-13
2021-06-14 14:30:57 83      NOV_BBG000BJX8C8_2021-04-13
2021-06-14 14:30:57 84      NOW_BBG000M1R011_2021-04-13
2021-06-14 14:30:57 86      NP_BBG000QCQ764_2021-04-13
2021-06-14 14:30:57 86      NPK_BBG000BQ4GG2_2021-04-13
2021-06-14 14:30:57 86      NRG_BBG000D8RG11_2021-04-13
2021-06-14 14:30:57 88      NSC_BBG000BQ5DS5_2021-04-13
2021-06-14 14:30:57 88      NSP_BBG000BJ41X2_2021-04-13
2021-06-14 14:30:57 89      NTAP_BBG000FP1N32_2021-04-13
2021-06-14 14:30:57 90      NTCO_BBG00R4ZKPN5_2021-04-13
2021-06-14 14:30:57 91      NTCT_BBG000C136Z8_2021-04-13
2021-06-14 14:30:57 91      NTES_BBG000BX72V8_2021-04-13
2021-06-14 14:30:57 93      NTGR_BBG000C4GBR6_2021-04-13
2021-06-14 14:30:57 94      NTLA_BBG007KC7PB0_2021-04-13
2021-06-14 14:30:57 95      NTLA: BuyPending. Strategy: MorningOpenStrategy. Price: 67.61. Lots: 3. ChangeOpenToCurrent: -2.34. ChangePrevCloseToCurrent: -1.17. Candle: ID:4, Time: 7:00, Close: 67.61.
2021-06-14 14:30:57 95      NTLA: OrderID: b6bff50c. PlacedOrder. Status: New. RejectReason: 
2021-06-14 14:30:57 95      NTLA: OrderID: b6bff50c fully executed
2021-06-14 14:30:57 95      NTLA: Morning closing by timeout. Close price: 67.71. Lots: 3. Profit: 0.10(0.15%). Candle: ID:35, Time: 8:00, Close: 67.71
2021-06-14 14:30:57 95      NTLA: OrderID: 01488986. PlacedOrder. Status: New. RejectReason: 
2021-06-14 14:30:57 95      NTLA: OrderID: 01488986 partially executed. Executed lots: 1. OrderStatus: 1/3 lots
2021-06-14 14:30:57 95      NTLA: OrderID: 01488986 fully executed
2021-06-14 14:30:57 95      NTNX_BBG001NDW1Z7_2021-04-13
2021-06-14 14:30:57 96      NTNX: SPYKE!. Candle: ID:7, Time: 8:00, Close: 28.4
2021-06-14 14:30:57 96      NTRA_BBG001J1BQ86_2021-04-13
2021-06-14 14:30:57 97      NTRS_BBG000BQ74K1_2021-04-13
2021-06-14 14:30:57 98      NTUS_BBG000DPZHS3_2021-04-13
2021-06-14 14:30:57 99      NUE_BBG000BQ8KV2_2021-04-13
2021-06-14 14:30:58 00      NUS_BBG000HG21Y3_2021-04-13
2021-06-14 14:30:58 01      NUVA_BBG000LNL298_2021-04-13
2021-06-14 14:30:58 01      NVDA_BBG000BBJQV0_2021-04-13
2021-06-14 14:30:58 11      NVEE_BBG005BT60Y8_2021-04-13
2021-06-14 14:30:58 12      NVR_BBG000BQBYR3_2021-04-13
2021-06-14 14:30:58 12      NVRO_BBG001K61W36_2021-04-13
2021-06-14 14:30:58 13      NVTA_BBG005DJFD43_2021-04-13
2021-06-14 14:30:58 14      NWE_BBG000Q1NMJ4_2021-04-13
2021-06-14 14:30:58 15      NWL_BBG000BQC9V2_2021-04-13
2021-06-14 14:30:58 16      NWLI_BBG008HNHZ07_2021-04-13
2021-06-14 14:30:58 16      NWS_BBG0035M2ZB7_2021-04-13
2021-06-14 14:30:58 17      NWSA_BBG0035LY913_2021-04-13
2021-06-14 14:30:58 19      NXPI_BBG000BND699_2021-04-13
2021-06-14 14:30:58 22      NXST_BBG000DZJVH0_2021-04-13
2021-06-14 14:30:58 23      NYT_BBG000FFC0B3_2021-04-13
2021-06-14 14:30:58 24      O_BBG000DHPN63_2021-04-13
2021-06-14 14:30:58 26      OC_BBG000M44VW8_2021-04-13
2021-06-14 14:30:58 27      ODFL_BBG000CHSS88_2021-04-13
2021-06-14 14:30:58 28      OFIX_BBG000G1C210_2021-04-13
2021-06-14 14:30:58 29      OHI_BBG000BGBTC2_2021-04-13
2021-06-14 14:30:58 30      OI_BBG00R2JZG39_2021-04-13
2021-06-14 14:30:58 31      OII_BBG000CPBCL8_2021-04-13
2021-06-14 14:30:58 31      OII: SPYKE!. Candle: ID:18, Time: 7:50, Close: 10.51
2021-06-14 14:30:58 31      OII: SPYKE!. Candle: ID:55, Time: 12:45, Close: 11.18
2021-06-14 14:30:58 31      OII: SPYKE!. Candle: ID:64, Time: 12:45, Close: 11.27
2021-06-14 14:30:58 32      OIS_BBG000BDDN94_2021-04-13
2021-06-14 14:30:58 34      OKE_BBG000BQHGR6_2021-04-13
2021-06-14 14:30:58 35      OKTA_BBG001YV1SM4_2021-04-13
2021-06-14 14:30:58 37      OLED_BBG000BLRP41_2021-04-13
2021-06-14 14:30:58 39      OLLI_BBG0098VVDT9_2021-04-13
2021-06-14 14:30:58 40      OMC_BBG000BS9489_2021-04-13
2021-06-14 14:30:58 41      OMCL_BBG000BTNGZ4_2021-04-13
2021-06-14 14:30:58 42      ON_BBG000DV7MX4_2021-04-13
2021-06-14 14:30:58 44      ONTO_BBG000BPRN29_2021-04-13
2021-06-14 14:30:58 45      ORCL_BBG000BQLTW7_2021-04-13
2021-06-14 14:30:58 47      ORLY_BBG000BGYWY6_2021-04-13
2021-06-14 14:30:58 48      OSIS_BBG000BWPR54_2021-04-13
2021-06-14 14:30:58 49      OSK_BBG000CC53X1_2021-04-13
2021-06-14 14:30:58 50      OSUR_BBG000J3D1Y8_2021-04-13
2021-06-14 14:30:58 52      OTIS_BBG00RP60KV0_2021-04-13
2021-06-14 14:30:58 52      OVV_BBG00R2NHQ65_2021-04-13
2021-06-14 14:30:58 53      OXY_BBG000BQQ2S6_2021-04-13
2021-06-14 14:30:58 55      PAGS_BBG00JM7QBR6_2021-04-13
2021-06-14 14:30:58 56      PANW_BBG0014GJCT9_2021-04-13
2021-06-14 14:30:58 57      PATK_BBG000BQSBB2_2021-04-13
2021-06-14 14:30:58 58      PAYC_BBG0064N0ZZ5_2021-04-13
2021-06-14 14:30:58 58      PB_BBG000BHY4D9_2021-04-13
2021-06-14 14:30:58 59      PBCT_BBG000BQT4L6_2021-04-13
2021-06-14 14:30:58 61      PBF_BBG002832GV8_2021-04-13
2021-06-14 14:30:58 61      PBF: SPYKE!. Candle: ID:2, Time: 7:00, Close: 14.15
2021-06-14 14:30:58 62      PBH_BBG000QM0RZ4_2021-04-13
2021-06-14 14:30:58 62      PBI_BBG000BQTMJ9_2021-04-13
2021-06-14 14:30:58 63      PCAR_BBG000BQVTF5_2021-04-13
2021-06-14 14:30:58 65      PCG_BBG000BQWPC5_2021-04-13
2021-06-14 14:30:58 66      PCRX_BBG0018FQNS6_2021-04-13
2021-06-14 14:30:58 67      PCTY_BBG006598YS8_2021-04-13
2021-06-14 14:30:58 67      PD_BBG0043BYPB8_2021-04-13
2021-06-14 14:30:58 68      PDCO_BBG000BQY289_2021-04-13
2021-06-14 14:30:58 69      PEAK_BBG000BKYDP9_2021-04-13
2021-06-14 14:30:58 70      PEG_BBG000BQZMH4_2021-04-13
2021-06-14 14:30:58 72      PEGA_BBG000H1RYG7_2021-04-13
2021-06-14 14:30:58 72      PEN_BBG001BP92V1_2021-04-13
2021-06-14 14:30:58 73      PEP_BBG000DH7JK6_2021-04-13
2021-06-14 14:30:58 76      PETQ_BBG00H1CY328_2021-04-13
2021-06-14 14:30:58 77      PFE_BBG000BR2B91_2021-04-13
2021-06-14 14:30:58 80      PFG_BBG000NSCNT7_2021-04-13
2021-06-14 14:30:58 82      PFGC_BBG009XW2WB8_2021-04-13
2021-06-14 14:30:58 83      PFPT_BBG000RQ2GY7_2021-04-13
2021-06-14 14:30:58 84      PG_BBG000BR2TH3_2021-04-13
2021-06-14 14:30:58 87      PGNY_BBG002H1K1H1_2021-04-13
2021-06-14 14:30:58 88      PGR_BBG000BR37X2_2021-04-13
2021-06-14 14:30:58 89      PGTI_BBG000FX3Y66_2021-04-13
2021-06-14 14:30:58 90      PH_BBG000BR3KL6_2021-04-13
2021-06-14 14:30:58 91      PHM_BBG000BR54L0_2021-04-13
2021-06-14 14:30:58 93      PII_BBG000D5S4M0_2021-04-13
2021-06-14 14:30:58 94      PINC_BBG000G7QX50_2021-04-13
2021-06-14 14:30:58 94      PINS_BBG002583CV8_2021-04-13
2021-06-14 14:30:58 97      PIPR_BBG000FQXC75_2021-04-13
2021-06-14 14:30:58 97      PKG_BBG000BB8SW7_2021-04-13
2021-06-14 14:30:58 98      PKI_BBG000FXW512_2021-04-13
2021-06-14 14:30:58 99      PLAN_BBG002DZS299_2021-04-13
2021-06-14 14:30:59 01      PLAY_BBG001WWJTK5_2021-04-13
2021-06-14 14:30:59 02      PLCE_BBG000JK9DK4_2021-04-13
2021-06-14 14:30:59 03      PLD_BBG000B9Z0J8_2021-04-13
2021-06-14 14:30:59 05      PLNT_BBG009H04M17_2021-04-13
2021-06-14 14:30:59 06      PLTR_BBG000N7QR55_2021-04-13
2021-06-14 14:30:59 11      PLTR: BuyPending. Strategy: MorningOpenStrategy. Price: 23.22. Lots: 10. ChangeOpenToCurrent: -2.35. ChangePrevCloseToCurrent: -0.90. Candle: ID:11, Time: 7:00, Close: 23.22.
2021-06-14 14:30:59 11      PLTR: OrderID: ed6358e2. PlacedOrder. Status: New. RejectReason: 
2021-06-14 14:30:59 11      PLTR: Cancel order. Did not bought at market open. Candle: ID:31, Time: 7:05, Close: 23.36
2021-06-14 14:30:59 11      OrderID: ed6358e2 successfully canceled
2021-06-14 14:30:59 14      PLUS_BBG000HN7W02_2021-04-13
2021-06-14 14:30:59 15      PLXS_BBG000BRBX66_2021-04-13
2021-06-14 14:30:59 15      PM_BBG000J2XL74_2021-04-13
2021-06-14 14:30:59 17      PNC_BBG000BRD0D8_2021-04-13
2021-06-14 14:30:59 19      PNFP_BBG000C1XKF6_2021-04-13
2021-06-14 14:30:59 20      PNTG_BBG00P33SY72_2021-04-13
2021-06-14 14:30:59 20      PODD_BBG000R7XX87_2021-04-13
2021-06-14 14:30:59 21      POOL_BBG000BCVG28_2021-04-13
2021-06-14 14:30:59 22      POR_BBG000BCRMW7_2021-04-13
2021-06-14 14:30:59 24      POST_BBG001WTBC36_2021-04-13
2021-06-14 14:30:59 25      POWI_BBG000BTT3D1_2021-04-13
2021-06-14 14:30:59 26      PPC_BBG000BFLXV3_2021-04-13
2021-06-14 14:30:59 26      PPG_BBG000BRJ809_2021-04-13
2021-06-14 14:30:59 28      PPL_BBG000BRJL00_2021-04-13
2021-06-14 14:30:59 29      PRAA_BBG000BNTW77_2021-04-13
2021-06-14 14:30:59 30      PRAH_BBG007387YL8_2021-04-13
2021-06-14 14:30:59 31      PRFT_BBG000BVXFK6_2021-04-13
2021-06-14 14:30:59 32      PRG_BBG00VSH86G4_2021-04-13
2021-06-14 14:30:59 32      PRGS_BBG000C4QP94_2021-04-13
2021-06-14 14:30:59 33      PRI_BBG000T8ZF80_2021-04-13
2021-06-14 14:30:59 34      PRLB_BBG000BT13B3_2021-04-13
2021-06-14 14:30:59 35      PRSP_BBG00KMXKWF9_2021-04-13
2021-06-14 14:30:59 36      PRU_BBG000HCJMF9_2021-04-13
2021-06-14 14:30:59 37      PSA_BBG000BPPN67_2021-04-13
2021-06-14 14:30:59 38      PSN_BBG000C3TKY6_2021-04-13
2021-06-14 14:30:59 39      PSTG_BBG00212PVZ5_2021-04-13
2021-06-14 14:30:59 40      PSX_BBG00286S4N9_2021-04-13
2021-06-14 14:30:59 42      PTC_BBG000C2VBB0_2021-04-13
2021-06-14 14:30:59 43      PTCT_BBG000QT15P7_2021-04-13
2021-06-14 14:30:59 44      PTON_BBG00JG0FFZ2_2021-04-13
2021-06-14 14:30:59 49      PTR_BBG000BR85F1_2021-04-13
2021-06-14 14:30:59 49      PUMP_BBG00FYCQ352_2021-04-13
2021-06-14 14:30:59 50      PVH_BBG000BRRG02_2021-04-13
2021-06-14 14:30:59 52      PWR_BBG000BBL8V7_2021-04-13
2021-06-14 14:30:59 52      PXD_BBG000BXRPH1_2021-04-13
2021-06-14 14:30:59 54      PYPL_BBG0077VNXV6_2021-04-13
2021-06-14 14:30:59 62      PZZA_BBG000BFWF13_2021-04-13
2021-06-14 14:30:59 63      QADA_BBG001BP77C3_2021-04-13
2021-06-14 14:30:59 64      QCOM_BBG000CGC1X8_2021-04-13
2021-06-14 14:30:59 71      QDEL_BBG000C6GN04_2021-04-13
2021-06-14 14:30:59 73      QLYS_BBG000HT5G06_2021-04-13
2021-06-14 14:30:59 74      QNST_BBG000S9XXB8_2021-04-13
2021-06-14 14:30:59 75      QRTEA_BBG000PCQQL6_2021-04-13
2021-06-14 14:30:59 76      QRTEA: BuyPending. Strategy: MorningOpenStrategy. Price: 11.92. Lots: 20. ChangeOpenToCurrent: -3.01. ChangePrevCloseToCurrent: -1.08. Candle: ID:13, Time: 7:00, Close: 11.92.
2021-06-14 14:30:59 76      QRTEA: OrderID: be77c6d8. PlacedOrder. Status: New. RejectReason: 
2021-06-14 14:30:59 76      QRTEA: OrderID: be77c6d8 partially executed. Executed lots: 3. OrderStatus: 3/20 lots
2021-06-14 14:30:59 76      QRTEA: OrderID: be77c6d8 fully executed
2021-06-14 14:30:59 76      QRTEA: Morning closing. Close price: 12.07. Lots: 20. CandleChange: -0.25%. ChangeFromCandleHigh: -0.25%. Profit: 0.15(1.26%). Candle: ID:26, Time: 7:05, Close: 12.07
2021-06-14 14:30:59 76      QRTEA: OrderID: 12d53bf8. PlacedOrder. Status: New. RejectReason: 
2021-06-14 14:30:59 76      QRTEA: OrderID: 12d53bf8 partially executed. Executed lots: 10. OrderStatus: 10/20 lots
2021-06-14 14:30:59 76      QRTEA: OrderID: 12d53bf8 partially executed. Executed lots: 1. OrderStatus: 11/20 lots
2021-06-14 14:30:59 76      QRTEA: OrderID: 12d53bf8 partially executed. Executed lots: 4. OrderStatus: 15/20 lots
2021-06-14 14:30:59 76      QRTEA: OrderID: 12d53bf8 fully executed
2021-06-14 14:30:59 77      QRVO_BBG007TJF1N7_2021-04-13
2021-06-14 14:30:59 78      QTS_BBG0054B20Z8_2021-04-13
2021-06-14 14:30:59 78      QTWO_BBG005ZVK9P2_2021-04-13
2021-06-14 14:30:59 79      QUOT_BBG001QYNR63_2021-04-13
2021-06-14 14:30:59 81      R_BBG000BRVP70_2021-04-13
2021-06-14 14:30:59 82      RACE_BBG009PH3Q86_2021-04-13
2021-06-14 14:30:59 83      RAMP_BBG000BB4HM6_2021-04-13
2021-06-14 14:30:59 84      RARE_BBG001RWPDW6_2021-04-13
2021-06-14 14:30:59 85      RAVN_BBG000CXQTZ3_2021-04-13
2021-06-14 14:30:59 86      RBC_BBG000BRXTR8_2021-04-13
2021-06-14 14:30:59 87      RCL_BBG000BB5792_2021-04-13
2021-06-14 14:30:59 89      RDFN_BBG001Q7HP63_2021-04-13
2021-06-14 14:30:59 90      RDS.A_BBG000QXSSS6_2021-04-13
2021-06-14 14:30:59 92      RDY_BBG000NJ96L6_2021-04-13
2021-06-14 14:30:59 93      RE_BBG000C1XVK6_2021-04-13
2021-06-14 14:30:59 93      REG_BBG000BL46Q4_2021-04-13
2021-06-14 14:30:59 95      REGI_BBG0016SSV00_2021-04-13
2021-06-14 14:30:59 98      REGN_BBG000C734W3_2021-04-13
2021-06-14 14:31:00 00      RETA_BBG000R33BD1_2021-04-13
2021-06-14 14:31:00 01      REX_BBG000D2ZK61_2021-04-13
2021-06-14 14:31:00 01      REZI_BBG00HY28K89_2021-04-13
2021-06-14 14:31:00 02      RF_BBG000Q3JN03_2021-04-13
2021-06-14 14:31:00 04      RGA_BBG000BDLCQ0_2021-04-13
2021-06-14 14:31:00 05      RGEN_BBG000BS48J3_2021-04-13
2021-06-14 14:31:00 06      RGLD_BBG000BS5170_2021-04-13
2021-06-14 14:31:00 08      RGNX_BBG007Z9V591_2021-04-13
2021-06-14 14:31:00 08      RGR_BBG000C4FQG6_2021-04-13
2021-06-14 14:31:00 09      RH_BBG002293PJ4_2021-04-13
2021-06-14 14:31:00 10      RHI_BBG000BS5DR2_2021-04-13
2021-06-14 14:31:00 11      RIG_BBG000BH5LT6_2021-04-13
2021-06-14 14:31:00 14      RJF_BBG000BS73J1_2021-04-13
2021-06-14 14:31:00 16      RL_BBG000BS0ZF1_2021-04-13
2021-06-14 14:31:00 18      RMD_BBG000L4M7F1_2021-04-13
2021-06-14 14:31:00 18      RNG_BBG000J094P3_2021-04-13
2021-06-14 14:31:00 19      ROCK_BBG000BKQDQ7_2021-04-13
2021-06-14 14:31:00 21      ROG_BBG000BS9HN3_2021-04-13
2021-06-14 14:31:00 21      ROK_BBG000BBCDZ2_2021-04-13
2021-06-14 14:31:00 22      ROKU_BBG001ZZPQJ6_2021-04-13
2021-06-14 14:31:00 25      ROL_BBG000BSBBP1_2021-04-13
2021-06-14 14:31:00 26      ROLL_BBG000GMGNB3_2021-04-13
2021-06-14 14:31:00 27      ROP_BBG000F1ZSN5_2021-04-13
2021-06-14 14:31:00 28      ROST_BBG000BSBZH7_2021-04-13
2021-06-14 14:31:00 29      RPD_BBG009DFHWG6_2021-04-13
2021-06-14 14:31:00 31      RPM_BBG000DCNK80_2021-04-13
2021-06-14 14:31:00 32      RRBI_BBG000QKNLB2_2021-04-13
2021-06-14 14:31:00 32      RRC_BBG000FVXD63_2021-04-13
2021-06-14 14:31:00 34      RRGB_BBG000MXH9C1_2021-04-13
2021-06-14 14:31:00 34      RS_BBG000CJ2181_2021-04-13
2021-06-14 14:31:00 35      RSG_BBG000BPXVJ6_2021-04-13
2021-06-14 14:31:00 37      RTX_BBG000BW8S60_2021-04-13
2021-06-14 14:31:00 39      RVLV_BBG00M4RHBD0_2021-04-13
2021-06-14 14:31:00 40      RXN_BBG000H8R0N8_2021-04-13
2021-06-14 14:31:00 40      RYN_BBG000BG7L34_2021-04-13
2021-06-14 14:31:00 41      RYTM_BBG007DLZ601_2021-04-13
2021-06-14 14:31:00 42      SAFM_BBG000BSHJ96_2021-04-13
2021-06-14 14:31:00 43      SAGE_BBG0025X16Y5_2021-04-13
2021-06-14 14:31:00 44      SAIA_BBG000P5LMQ0_2021-04-13
2021-06-14 14:31:00 45      SAIC_BBG003BW05K6_2021-04-13
2021-06-14 14:31:00 45      SAIL_BBG00J0BBZL0_2021-04-13
2021-06-14 14:31:00 46      SAM_BBG000BCZBF1_2021-04-13
2021-06-14 14:31:00 47      SAVE_BBG000BF6RQ9_2021-04-13
2021-06-14 14:31:00 51      SBAC_BBG000D2M0Z7_2021-04-13
2021-06-14 14:31:00 52      SBCF_BBG000KK3464_2021-04-13
2021-06-14 14:31:00 53      SBGI_BBG000F2XXP2_2021-04-13
2021-06-14 14:31:00 54      SBH_BBG000LR8515_2021-04-13
2021-06-14 14:31:00 55      SBRA_BBG000MTDW24_2021-04-13
2021-06-14 14:31:00 56      SBUX_BBG000CTQBF3_2021-04-13
2021-06-14 14:31:00 59      SCCO_BBG000BSHH72_2021-04-13
2021-06-14 14:31:00 60      SCHW_BBG000BSLZY7_2021-04-13
2021-06-14 14:31:00 63      SCI_BBG000BTHH16_2021-04-13
2021-06-14 14:31:00 63      SCSC_BBG000BHTPZ4_2021-04-13
2021-06-14 14:31:00 64      SDGR_BBG000T88BN2_2021-04-13
2021-06-14 14:31:00 65      SEDG_BBG0084BBZY6_2021-04-13
2021-06-14 14:31:00 67      SEE_BBG000C22QV7_2021-04-13
2021-06-14 14:31:00 68      SEIC_BBG000BSQLT9_2021-04-13
2021-06-14 14:31:00 69      SERV_TCS002WMH2F2_2021-04-13
2021-06-14 14:31:00 69      SF_BBG000BSS5C0_2021-04-13
2021-06-14 14:31:00 70      SFIX_BBG0046L1KL9_2021-04-13
2021-06-14 14:31:00 71      SFM_BBG001KFKQM7_2021-04-13
2021-06-14 14:31:00 73      SGEN_BBG000BH0FR6_2021-04-13
2021-06-14 14:31:00 74      SHAK_BBG0063GCHH8_2021-04-13
2021-06-14 14:31:00 75      SHEN_BBG000BTC2N0_2021-04-13
2021-06-14 14:31:00 76      SHI_BBG000BHR1H9_2021-04-13
2021-06-14 14:31:00 77      SHW_BBG000BSXQV7_2021-04-13
2021-06-14 14:31:00 78      SIG_BBG000C4ZZ10_2021-04-13
2021-06-14 14:31:00 80      SIGI_BBG000BSZ738_2021-04-13
2021-06-14 14:31:00 80      SITE_BBG009T22D49_2021-04-13
2021-06-14 14:31:00 81      SIVB_BBG000BT0CM2_2021-04-13
2021-06-14 14:31:00 83      SJI_BBG000BT0T72_2021-04-13
2021-06-14 14:31:00 84      SJM_BBG000BT1715_2021-04-13
2021-06-14 14:31:00 85      SKM_BBG000BLN497_2021-04-13
2021-06-14 14:31:00 86      SKX_BBG000C4HKK2_2021-04-13
2021-06-14 14:31:00 88      SLAB_BBG000BB99S3_2021-04-13
2021-06-14 14:31:00 89      SLB_BBG000BT41Q8_2021-04-13
2021-06-14 14:31:00 91      SLG_BBG000BVP5P2_2021-04-13
2021-06-14 14:31:00 92      SMAR_BBG00GQK3WB5_2021-04-13
2021-06-14 14:31:00 93      SMG_BBG000BT5PG5_2021-04-13
2021-06-14 14:31:00 94      SMPL_BBG00GVP5JL4_2021-04-13
2021-06-14 14:31:00 95      SMTC_BBG000DBKR53_2021-04-13
2021-06-14 14:31:00 96      SNA_BBG000BT7JW9_2021-04-13
2021-06-14 14:31:00 97      SNAP_BBG00441QMJ7_2021-04-13
2021-06-14 14:31:00 99      SNBR_BBG000DM2BF3_2021-04-13
2021-06-14 14:31:01 01      SNPS_BBG000BSFRF3_2021-04-13
2021-06-14 14:31:01 02      SNX_BBG000CL9JV4_2021-04-13
2021-06-14 14:31:01 03      SNY_BBG000BBD5N1_2021-04-13
2021-06-14 14:31:01 04      SO_BBG000BT9DW0_2021-04-13
2021-06-14 14:31:01 05      SOHU_BBG00L2DB535_2021-04-13
2021-06-14 14:31:01 06      SON_BBG000D7HF89_2021-04-13
2021-06-14 14:31:01 07      SONO_BBG001JZPSQ2_2021-04-13
2021-06-14 14:31:01 09      SP_BBG000BJ91B1_2021-04-13
2021-06-14 14:31:01 09      SP: SPYKE!. Candle: ID:17, Time: 13:30, Close: 31.72
2021-06-14 14:31:01 09      SPB@US_BBG000DS5588_2021-04-13
2021-06-14 14:31:01 10      SPCE_BBG00HTN2CQ3_2021-04-13
2021-06-14 14:31:01 20      SPG_BBG000BJ2D31_2021-04-13
2021-06-14 14:31:01 22      SPGI_BBG000BP1Q11_2021-04-13
2021-06-14 14:31:01 24      SPLK_BBG001C7TST4_2021-04-13
2021-06-14 14:31:01 27      SPOT_BBG003T4VFC2_2021-04-13
2021-06-14 14:31:01 29      SPR_BBG000PRJ2Z9_2021-04-13
2021-06-14 14:31:01 30      SPSC_BBG000PZGB75_2021-04-13
2021-06-14 14:31:01 31      SQ_BBG0018SLC07_2021-04-13
2021-06-14 14:31:01 35      SRC_BBG0027Z6X10_2021-04-13
2021-06-14 14:31:01 36      SRCL_BBG000H3FZM6_2021-04-13
2021-06-14 14:31:01 37      SRDX_BBG000BZ2QG2_2021-04-13
2021-06-14 14:31:01 38      SRE_BBG000C2ZCH8_2021-04-13
2021-06-14 14:31:01 39      SRI_BBG000BB9Q78_2021-04-13
2021-06-14 14:31:01 40      SRPT_BBG000BCJ161_2021-04-13
2021-06-14 14:31:01 42      SSD_BBG000JLC8L8_2021-04-13
2021-06-14 14:31:01 43      SSNC_BBG000RJ2J04_2021-04-13
2021-06-14 14:31:01 45      SSTK_BBG002ZCK2V9_2021-04-13
2021-06-14 14:31:01 45      STAA_BBG000C4QB95_2021-04-13
2021-06-14 14:31:01 47      STAG_BBG000BGLFP7_2021-04-13
2021-06-14 14:31:01 48      STLD_BBG000HGYNZ9_2021-04-13
2021-06-14 14:31:01 50      STMP_BBG000CZ4KF3_2021-04-13
2021-06-14 14:31:01 51      STRA_BBG000GRZDV1_2021-04-13
2021-06-14 14:31:01 52      STT_BBG000BKFBD7_2021-04-13
2021-06-14 14:31:01 53      STX_BBG000F0KF42_2021-04-13
2021-06-14 14:31:01 53      Warning: figi `BBG000F0KF42` for history data does not match actual figi `BBG0113JGQF0`. Ticker: STX. Will be used actual!
2021-06-14 14:31:01 54      STZ_BBG000J1QLT0_2021-04-13
2021-06-14 14:31:01 55      SUPN_BBG000BP0HX7_2021-04-13
2021-06-14 14:31:01 56      SWAV_BBG005XVXML5_2021-04-13
2021-06-14 14:31:01 57      SWBI_BBG000BM0QL7_2021-04-13
2021-06-14 14:31:01 59      SWCH_BBG00HPDM5Z2_2021-04-13
2021-06-14 14:31:01 60      SWI_BBG00M1CKSK7_2021-04-13
2021-06-14 14:31:01 61      SWI: SPYKE!. Candle: ID:972, Time: 20:45, Close: 18.37
2021-06-14 14:31:01 61      SWK_BBG000BTQR96_2021-04-13
2021-06-14 14:31:01 62      SWKS_BBG000KLB4Q1_2021-04-13
2021-06-14 14:31:01 64      SWN_BBG000BTR593_2021-04-13
2021-06-14 14:31:01 65      SWX_BBG00FWP4JW4_2021-04-13
2021-06-14 14:31:01 66      SXI_BBG000BTT5B8_2021-04-13
2021-06-14 14:31:01 67      SXT_BBG000J79P80_2021-04-13
2021-06-14 14:31:01 68      SYF_BBG00658F3P3_2021-04-13
2021-06-14 14:31:01 71      SYK_BBG000DN7P92_2021-04-13
2021-06-14 14:31:01 72      SYKE_BBG000BBHPV4_2021-04-13
2021-06-14 14:31:01 73      SYNA_BBG000BQV1S2_2021-04-13
2021-06-14 14:31:01 74      SYNH_BBG0078Y1D92_2021-04-13
2021-06-14 14:31:01 75      SYY_BBG000BTVJ25_2021-04-13
2021-06-14 14:31:01 76      T_BBG000BSJK37_2021-04-13
2021-06-14 14:31:01 81      TAK_BBG000LF8708_2021-04-13
2021-06-14 14:31:01 81      TAL_BBG0016XJ8S0_2021-04-13
2021-06-14 14:31:01 84      TAP_BBG000BS7KS3_2021-04-13
2021-06-14 14:31:01 85      TCBI_BBG000DN4ZT1_2021-04-13
2021-06-14 14:31:01 87      TCMD_BBG001B12Z39_2021-04-13
2021-06-14 14:31:01 87      TCRR_BBG00FH3FM15_2021-04-13
2021-06-14 14:31:01 89      TCS_BBG005DXJS36_2021-04-13
2021-06-14 14:31:01 90      TCX_BBG000L69KL5_2021-04-13
2021-06-14 14:31:01 90      TDC_BBG000R0L5J4_2021-04-13
2021-06-14 14:31:01 91      TDG_BBG000L8CBX4_2021-04-13
2021-06-14 14:31:01 92      TDOC_BBG0019T5SG0_2021-04-13
2021-06-14 14:31:01 95      TDS_BBG000BV0VK7_2021-04-13
2021-06-14 14:31:01 96      TDY_BBG000BMT9T6_2021-04-13
2021-06-14 14:31:01 97      TECH_BBG000C15114_2021-04-13
2021-06-14 14:31:01 98      TEL_BBG000RGM5P1_2021-04-13
2021-06-14 14:31:01 99      TENB_BBG00LBLCD02_2021-04-13
2021-06-14 14:31:02 00      TER_BBG000BV4DR6_2021-04-13
2021-06-14 14:31:02 03      TFC_BBG000BYYLS8_2021-04-13
2021-06-14 14:31:02 05      TFX_BBG000BV59Y6_2021-04-13
2021-06-14 14:31:02 06      TGNA_BBG000BK5DP1_2021-04-13
2021-06-14 14:31:02 07      TGT_BBG000H8TVT2_2021-04-13
2021-06-14 14:31:02 09      THG_BBG000FJH8W0_2021-04-13
2021-06-14 14:31:02 10      THO_BBG000BV6R84_2021-04-13
2021-06-14 14:31:02 11      THRM_BBG000BQLM34_2021-04-13
2021-06-14 14:31:02 11      THS_BBG000GQGJT4_2021-04-13
2021-06-14 14:31:02 12      TJX_BBG000BV8DN6_2021-04-13
2021-06-14 14:31:02 14      TKR_BBG000BV95H9_2021-04-13
2021-06-14 14:31:02 15      TMHC_BBG003PGJHP5_2021-04-13
2021-06-14 14:31:02 15      TMO_BBG000BVDLH9_2021-04-13
2021-06-14 14:31:02 17      TMUS_BBG000NDV1D4_2021-04-13
2021-06-14 14:31:02 19      TMX_BBG002WMH2F2_2021-04-13
2021-06-14 14:31:02 20      TNC_BBG000JCZJS2_2021-04-13
2021-06-14 14:31:02 21      TNDM_BBG0019V9M65_2021-04-13
2021-06-14 14:31:02 22      TNET_BBG000BR2040_2021-04-13
2021-06-14 14:31:02 23      TOL_BBG000BVHBM1_2021-04-13
2021-06-14 14:31:02 24      TPH_BBG0016YQTR5_2021-04-13
2021-06-14 14:31:02 25      TPIC_BBG0016MQ7C5_2021-04-13
2021-06-14 14:31:02 26      TPR_BBG000BY29C7_2021-04-13
2021-06-14 14:31:02 28      TPTX_BBG00NPL9WH7_2021-04-13
2021-06-14 14:31:02 29      TPX_BBG000PXGT62_2021-04-13
2021-06-14 14:31:02 31      TREE_BBG000TVRB50_2021-04-13
2021-06-14 14:31:02 31      TREX_BBG000BTGKK9_2021-04-13
2021-06-14 14:31:02 33      TRHC_BBG00BT7PPY8_2021-04-13
2021-06-14 14:31:02 33      TRIP_BBG001M8HHB7_2021-04-13
2021-06-14 14:31:02 35      TRMB_BBG000BNPS52_2021-04-13
2021-06-14 14:31:02 37      TROW_BBG000BVMPN3_2021-04-13
2021-06-14 14:31:02 39      TRU_BBG002Q7J5Z1_2021-04-13
2021-06-14 14:31:02 40      TRUP_BBG002BC7WC5_2021-04-13
2021-06-14 14:31:02 41      TRV_BBG000BJ81C1_2021-04-13
2021-06-14 14:31:02 42      TSCO_BBG000BLXZN1_2021-04-13
2021-06-14 14:31:02 43      TSLA_BBG000N9MNX3_2021-04-13
2021-06-14 14:31:02 77      TSM_BBG000BD8ZK0_2021-04-13
2021-06-14 14:31:02 82      TSN_BBG000DKCC19_2021-04-13
2021-06-14 14:31:02 83      TSS_BBG000C1JTL6_2021-04-13
2021-06-14 14:31:02 83      TT_BBG000BM6788_2021-04-13
2021-06-14 14:31:02 84      TTC_BBG000BVQRY3_2021-04-13
2021-06-14 14:31:02 85      TTD_BBG00629NGT2_2021-04-13
2021-06-14 14:31:02 87      TTEK_BBG000BYZ0Q5_2021-04-13
2021-06-14 14:31:02 88      TTM_BBG000PVGDH9_2021-04-13
2021-06-14 14:31:02 89      TTMI_BBG000BYQ0B1_2021-04-13
2021-06-14 14:31:02 90      TTWO_BBG000BS1YV5_2021-04-13
2021-06-14 14:31:02 92      TW_BBG00NK8H8T2_2021-04-13
2021-06-14 14:31:02 93      TWLO_BBG0029ZX840_2021-04-13
2021-06-14 14:31:02 95      TWNK_BBG00B6KGNN1_2021-04-13
2021-06-14 14:31:02 96      TWOU_BBG001KS9450_2021-04-13
2021-06-14 14:31:02 97      TWTR_BBG000H6HNW3_2021-04-13
2021-06-14 14:31:03 01      TXG_BBG007WX14X0_2021-04-13
2021-06-14 14:31:03 02      TXN_BBG000BVV7G1_2021-04-13
2021-06-14 14:31:03 06      TXRH_BBG000PSJMV7_2021-04-13
2021-06-14 14:31:03 07      TXT_BBG000BVVQQ8_2021-04-13
2021-06-14 14:31:03 08      TYL_BBG000BVWZF9_2021-04-13
2021-06-14 14:31:03 09      UA_BBG009DTD8H2_2021-04-13
2021-06-14 14:31:03 10      UAA_BBG000BXM6V2_2021-04-13
2021-06-14 14:31:03 12      UAL_BBG000M65M61_2021-04-13
2021-06-14 14:31:03 18      UBER_BBG002B04MT8_2021-04-13
2021-06-14 14:31:03 25      UCTT_BBG000HSLV70_2021-04-13
2021-06-14 14:31:03 27      UDR_BBG000C41023_2021-04-13
2021-06-14 14:31:03 28      UFPI_BBG000BL0T06_2021-04-13
2021-06-14 14:31:03 29      UFS_BBG000BHFHP8_2021-04-13
2021-06-14 14:31:03 30      UGI_BBG000BVYN55_2021-04-13
2021-06-14 14:31:03 31      UHS_BBG000CB8Q50_2021-04-13
2021-06-14 14:31:03 32      UI_BBG001R72SR9_2021-04-13
2021-06-14 14:31:03 33      ULTA_BBG00FWQ4VD6_2021-04-13
2021-06-14 14:31:03 34      UMBF_BBG000DD8WX1_2021-04-13
2021-06-14 14:31:03 35      UNF_BBG000BW29L1_2021-04-13
2021-06-14 14:31:03 35      UNH_BBG000CH5208_2021-04-13
2021-06-14 14:31:03 38      UNM_BBG000BW2QX0_2021-04-13
2021-06-14 14:31:03 39      UNP_BBG000BW3299_2021-04-13
2021-06-14 14:31:03 41      UNVR_BBG000BDHD29_2021-04-13
2021-06-14 14:31:03 41      UPS_BBG000L9CV04_2021-04-13
2021-06-14 14:31:03 43      UPWK_BBG00FBJ6390_2021-04-13
2021-06-14 14:31:03 46      URBN_BBG000BL79J3_2021-04-13
2021-06-14 14:31:03 47      URI_BBG000BXMFC3_2021-04-13
2021-06-14 14:31:03 49      USB_BBG000FFDM15_2021-04-13
2021-06-14 14:31:03 51      USFD_BBG00C6H6D40_2021-04-13
2021-06-14 14:31:03 52      USM_BBG000BW6P59_2021-04-13
2021-06-14 14:31:03 52      USNA_BBG000BX28M0_2021-04-13
2021-06-14 14:31:03 53      USPH_BBG000CSRSG6_2021-04-13
2021-06-14 14:31:03 54      UTHR_BBG000BV4XJ1_2021-04-13
2021-06-14 14:31:03 55      UTL_BBG000BW7X97_2021-04-13
2021-06-14 14:31:03 55      UTX_BBG0089KM290_2021-04-13
2021-06-14 14:31:03 56      V_BBG000PSKYX7_2021-04-13
2021-06-14 14:31:03 59      VAC_BBG001J2R5H3_2021-04-13
2021-06-14 14:31:03 59      VALE_BBG000BN5LG7_2021-04-13
2021-06-14 14:31:03 61      VC_BBG0016T3GQ0_2021-04-13
2021-06-14 14:31:03 62      VCEL_BBG000BDCM24_2021-04-13
2021-06-14 14:31:03 63      VCRA_BBG00179VSY7_2021-04-13
2021-06-14 14:31:03 64      VCYT_BBG001J2M542_2021-04-13
2021-06-14 14:31:03 66      VEEV_BBG001CGB489_2021-04-13
2021-06-14 14:31:03 67      VEON_BBG000QCW561_2021-04-13
2021-06-14 14:31:03 69      VFC_BBG000BWCKB6_2021-04-13
2021-06-14 14:31:03 71      VG_BBG000BRB5D9_2021-04-13
2021-06-14 14:31:03 73      VIAC_BBG000C496P7_2021-04-13
2021-06-14 14:31:03 81      VICR_BBG000C3VHF1_2021-04-13
2021-06-14 14:31:03 82      VIE_BBG00K6P5XM1_2021-04-13
2021-06-14 14:31:03 83      VIPS_BBG002NLDLV8_2021-04-13
2021-06-14 14:31:03 92      VIR_BBG00H2QQ8T5_2021-04-13
2021-06-14 14:31:03 93      VLO_BBG000BBGGQ1_2021-04-13
2021-06-14 14:31:03 96      VMC_BBG000BWGYF8_2021-04-13
2021-06-14 14:31:03 96      VMI_BBG000BWB7V4_2021-04-13
2021-06-14 14:31:03 97      VMW_BBG000BC9938_2021-04-13
2021-06-14 14:31:03 99      VNDA_BBG000HT5MG6_2021-04-13
2021-06-14 14:31:04 00      VNE_BBG00K4MPP27_2021-04-13
2021-06-14 14:31:04 01      VNO_BBG000BWHD54_2021-04-13
2021-06-14 14:31:04 02      VNT_BBG00RRGSJR4_2021-04-13
2021-06-14 14:31:04 02      VPG_BBG000PRQ0V9_2021-04-13
2021-06-14 14:31:04 03      VREX_BBG00CZNLR47_2021-04-13
2021-06-14 14:31:04 04      VRNS_BBG001Y04TN6_2021-04-13
2021-06-14 14:31:04 06      VRNT_BBG000BCBYT2_2021-04-13
2021-06-14 14:31:04 07      VRSK_BBG000BCZL41_2021-04-13
2021-06-14 14:31:04 09      VRSN_BBG000BGKHZ3_2021-04-13
2021-06-14 14:31:04 10      VRTS_BBG000DMFQS2_2021-04-13
2021-06-14 14:31:04 11      VRTV_BBG005XZHR97_2021-04-13
2021-06-14 14:31:04 11      VRTX_BBG000C1S2X2_2021-04-13
2021-06-14 14:31:04 14      VTR_BBG000FRVHB9_2021-04-13
2021-06-14 14:31:04 15      VTRS_BBG00Y4RQNH4_2021-04-13
2021-06-14 14:31:04 19      VZ_BBG000HS77T5_2021-04-13
2021-06-14 14:31:04 22      W_BBG001B17MV2_2021-04-13
2021-06-14 14:31:04 23      WAB_BBG000BDD940_2021-04-13
2021-06-14 14:31:04 24      WAL_BBG000Q1KFH4_2021-04-13
2021-06-14 14:31:04 25      WAT_BBG000FQRVM3_2021-04-13
2021-06-14 14:31:04 25      WB_BBG0065XPGX9_2021-04-13
2021-06-14 14:31:04 27      WBA_BBG000BWLMJ4_2021-04-13
2021-06-14 14:31:04 29      WCC_BBG000D0FNV3_2021-04-13
2021-06-14 14:31:04 30      WDAY_BBG000VC0T95_2021-04-13
2021-06-14 14:31:04 32      WDC_BBG000BWNFZ9_2021-04-13
2021-06-14 14:31:04 35      WDFC_BBG000BWNV93_2021-04-13
2021-06-14 14:31:04 36      WEC_BBG000BWP7D9_2021-04-13
2021-06-14 14:31:04 37      WELL_BBG000BKY1G5_2021-04-13
2021-06-14 14:31:04 39      WERN_BBG000BWPP85_2021-04-13
2021-06-14 14:31:04 40      WEX_BBG000BVZP59_2021-04-13
2021-06-14 14:31:04 41      WFC_BBG000BWQFY7_2021-04-13
2021-06-14 14:31:04 44      WGO_BBG000BWS3F3_2021-04-13
2021-06-14 14:31:04 44      WH_BBG00HCY3Q67_2021-04-13
2021-06-14 14:31:04 45      WHD_BBG00JRH1P95_2021-04-13
2021-06-14 14:31:04 46      WHR_BBG000BWSV34_2021-04-13
2021-06-14 14:31:04 47      WING_BBG008N298Y8_2021-04-13
2021-06-14 14:31:04 48      WK_BBG007BVZ8H9_2021-04-13
2021-06-14 14:31:04 49      WLK_BBG000PXZFW2_2021-04-13
2021-06-14 14:31:04 50      WLTW_BBG000DB3KT1_2021-04-13
2021-06-14 14:31:04 52      WM_BBG000BWVSR1_2021-04-13
2021-06-14 14:31:04 53      WMB_BBG000BWVCP8_2021-04-13
2021-06-14 14:31:04 54      WMT_BBG000BWXBC2_2021-04-13
2021-06-14 14:31:04 57      WOR_BBG000HL7499_2021-04-13
2021-06-14 14:31:04 57      WORK_BBG007G7V505_2021-04-13
2021-06-14 14:31:04 59      WRB_BBG000BD1HP2_2021-04-13
2021-06-14 14:31:04 60      WRK_BBG008NXC572_2021-04-13
2021-06-14 14:31:04 62      WRLD_BBG000C3G9J2_2021-04-13
2021-06-14 14:31:04 63      WSC_BBG00B0FS947_2021-04-13
2021-06-14 14:31:04 64      WSM_BBG000FSMWC3_2021-04-13
2021-06-14 14:31:04 65      WSO_BBG000DJN7L9_2021-04-13
2021-06-14 14:31:04 66      WST_BBG000BX24N8_2021-04-13
2021-06-14 14:31:04 67      WTFC_BBG000HD3DW5_2021-04-13
2021-06-14 14:31:04 68      WTS_BBG000C4Z6C2_2021-04-13
2021-06-14 14:31:04 69      WTTR_BBG00G4Y2DC1_2021-04-13
2021-06-14 14:31:04 70      WU_BBG000BB5373_2021-04-13
2021-06-14 14:31:04 72      WWD_BBG000BD53V2_2021-04-13
2021-06-14 14:31:04 73      WWE_BBG000F5YH15_2021-04-13
2021-06-14 14:31:04 74      WWW_BBG000BX2YN2_2021-04-13
2021-06-14 14:31:04 75      WY_BBG000BX3BL3_2021-04-13
2021-06-14 14:31:04 76      WYNN_BBG000LD9JQ8_2021-04-13
2021-06-14 14:31:04 78      XEC_BBG000D6L294_2021-04-13
2021-06-14 14:31:04 79      XEL_BBG000BCTQ65_2021-04-13
2021-06-14 14:31:04 81      XLNX_BBG000C0F570_2021-04-13
2021-06-14 14:31:04 83      XLRN_BBG000R5HWZ1_2021-04-13
2021-06-14 14:31:04 84      XNCR_BBG0026ZG4W0_2021-04-13
2021-06-14 14:31:04 85      XOM_BBG000GZQ728_2021-04-13
2021-06-14 14:31:04 88      XPO_BBG000L5CJF3_2021-04-13
2021-06-14 14:31:04 90      XRAY_BBG000BX57K1_2021-04-13
2021-06-14 14:31:04 91      XRX_BBG00NNG2ZJ8_2021-04-13
2021-06-14 14:31:04 92      XYL_BBG001D8R5D0_2021-04-13
2021-06-14 14:31:04 93      Y_BBG000BX6BJ3_2021-04-13
2021-06-14 14:31:04 94      YELP_BBG000Q2HM09_2021-04-13
2021-06-14 14:31:04 95      YETI_BBG00D8JC882_2021-04-13
2021-06-14 14:31:04 96      YEXT_BBG001MKZGY7_2021-04-13
2021-06-14 14:31:04 97      YUM_BBG000BH3GZ2_2021-04-13
2021-06-14 14:31:04 99      YUMC_BBG00B8N0HG1_2021-04-13
2021-06-14 14:31:04 99      YY_BBG003H0XV18_2021-04-13
2021-06-14 14:31:05 01      Z_BBG009NRSWJ4_2021-04-13
2021-06-14 14:31:05 03      ZBH_BBG000BKPL53_2021-04-13
2021-06-14 14:31:05 04      ZBRA_BBG000CC7LQ7_2021-04-13
2021-06-14 14:31:05 05      ZEN_BBG001HRFJG4_2021-04-13
2021-06-14 14:31:05 06      ZG_BBG000D13GN8_2021-04-13
2021-06-14 14:31:05 07      ZGNX_BBG000VDC3G9_2021-04-13
2021-06-14 14:31:05 08      ZI_BBG00S1HJ3M8_2021-04-13
2021-06-14 14:31:05 10      ZION_BBG000BX9WL1_2021-04-13
2021-06-14 14:31:05 12      ZM_BBG0042V6JM8_2021-04-13
2021-06-14 14:31:05 16      ZNH_BBG000BXQ7R1_2021-04-13
2021-06-14 14:31:05 17      ZS_BBG003338H34_2021-04-13
2021-06-14 14:31:05 19      ZTS_BBG0039320N9_2021-04-13
2021-06-14 14:31:05 21      ZUMZ_BBG000PYX812_2021-04-13
2021-06-14 14:31:05 21      ZUO_BBG000BT3HG5_2021-04-13
2021-06-14 14:31:05 22      ZYNE_BBG007BBS8B7_2021-04-13
2021-06-14 14:31:05 28      ZYXI_BBG000BJBXZ2_2021-04-13
2021-06-14 14:31:05 29      Total candles read: 3527885
2021-06-14 14:31:05 29      Start DisposeAsync...
2021-06-14 14:31:05 30      Trade statistic. Total/Pos/Neg/(ratio): 7/6/1/(6); Profit: 10.64/1.52; Volume: 0; MaxVolume: 487.33; Commission: 1.665100;
2021-06-14 14:31:05 30      BaseBot::DisposeAsync...
2021-06-14 14:31:05 30      BaseBot::DisposeAsync done!
2021-06-14 14:31:05 30      End DisposeAsync...
