2021-06-08 00:53:51 38      mode=TestTradeBot;DumpQuotes=false;SubscribeQuotes=false;Strategies=MorningOpenStrategy;Token=token.txt;ConfigPath=usd.json;OutputFolder=.\test\;CandlesPath=C:\tinkoff\TestData\RawQuotes\5m\uncompressed\quotes_2021-03-30;
2021-06-08 00:53:51 39      Trade bot created
2021-06-08 00:53:51 42      Fake connection created
2021-06-08 00:53:52 30      List of disabled tickers: 
2021-06-08 00:53:52 40      A_BBG000C2V3D6_2021-03-30
2021-06-08 00:53:52 47      AA_BBG00B3T3HD3_2021-03-30
2021-06-08 00:53:52 52      AAL_BBG005P7Q881_2021-03-30
2021-06-08 00:53:52 63      AAN_BBG00WCNDCZ6_2021-03-30
2021-06-08 00:53:52 64      AAON_BBG000C2LZP3_2021-03-30
2021-06-08 00:53:52 65      AAP_BBG000F7RCJ1_2021-03-30
2021-06-08 00:53:52 68      AAPL_BBG000B9XRY4_2021-03-30
2021-06-08 00:53:53 04      ABBV_BBG0025Y4RY4_2021-03-30
2021-06-08 00:53:53 08      ABC_BBG000MDCQC2_2021-03-30
2021-06-08 00:53:53 11      ABG_BBG000BKDWB5_2021-03-30
2021-06-08 00:53:53 12      ABMD_BBG000C101X4_2021-03-30
2021-06-08 00:53:53 13      ABNB_BBG001Y2XS07_2021-03-30
2021-06-08 00:53:53 17      ABT_BBG000B9ZXB4_2021-03-30
2021-06-08 00:53:53 22      ACAD_BBG000BHG9K0_2021-03-30
2021-06-08 00:53:53 24      ACH_BBG000CMRVH1_2021-03-30
2021-06-08 00:53:53 25      ACM_BBG000F61RJ8_2021-03-30
2021-06-08 00:53:53 27      ACMR_BBG00HPSG933_2021-03-30
2021-06-08 00:53:53 28      ACN_BBG000D9D830_2021-03-30
2021-06-08 00:53:53 30      ADBE_BBG000BB5006_2021-03-30
2021-06-08 00:53:53 35      ADM_BBG000BB6WG8_2021-03-30
2021-06-08 00:53:53 37      ADP_BBG000JG0547_2021-03-30
2021-06-08 00:53:53 40      ADPT_BBG001J2PFF5_2021-03-30
2021-06-08 00:53:53 41      ADS_BBG000BFNR17_2021-03-30
2021-06-08 00:53:53 43      ADSK_BBG000BM7HL0_2021-03-30
2021-06-08 00:53:53 45      ADUS_BBG000NJGX84_2021-03-30
2021-06-08 00:53:53 47      AEE_BBG000B9X8C0_2021-03-30
2021-06-08 00:53:53 49      AEIS_BBG000FKMP26_2021-03-30
2021-06-08 00:53:53 50      AEO_BBG000BGXZB5_2021-03-30
2021-06-08 00:53:53 52      AERI_BBG001KJ7WJ5_2021-03-30
2021-06-08 00:53:53 53      AES_BBG000C23KJ3_2021-03-30
2021-06-08 00:53:53 55      AFG_BBG000DPKKK0_2021-03-30
2021-06-08 00:53:53 56      AFL_BBG000BBBNC6_2021-03-30
2021-06-08 00:53:53 58      AGCO_BBG000DCCZW2_2021-03-30
2021-06-08 00:53:53 59      AGIO_BBG000QY4ZD0_2021-03-30
2021-06-08 00:53:53 60      AIG_BBG000BBDZG3_2021-03-30
2021-06-08 00:53:53 63      AIR_BBG000BBGQF1_2021-03-30
2021-06-08 00:53:53 63      AIRC_BBG00XK3WVD0_2021-03-30
2021-06-08 00:53:53 64      AIT_BBG000BBHHP9_2021-03-30
2021-06-08 00:53:53 65      AIV_BBG000DD3510_2021-03-30
2021-06-08 00:53:53 67      AIV: BuyPending. Strategy: MorningOpenStrategy. Price: 5.82. Lots: 42. ChangeOpenToCurrent: -2.51. ChangePrevCloseToCurrent: -2.02. Candle: ID:12, Time: 7:00, Close: 5.82.
2021-06-08 00:53:53 67      AIV: OrderID: ece86ab2. PlacedOrder. Status: New. RejectReason: 
2021-06-08 00:53:53 67      AIV: OrderID: ece86ab2 partially executed. Executed lots: 6. OrderStatus: 6/42 lots
2021-06-08 00:53:53 68      AIV: Morning closing. Close price: 5.94. Lots: 6. CandleChange: -0.50%. ChangeFromCandleHigh: -0.67%. Profit: 0.12(2.06%). Candle: ID:100, Time: 7:15, Close: 5.94
2021-06-08 00:53:53 68      AIV: OrderID: e09c14c6. PlacedOrder. Status: New. RejectReason: 
2021-06-08 00:53:53 68      AIV: OrderID: ece86ab2 automatically canceling...
2021-06-08 00:53:53 68      AIV: OrderID: e09c14c6 fully executed
2021-06-08 00:53:53 68      OrderID: ece86ab2 successfully canceled
2021-06-08 00:53:53 69      Exception happened while copiyng file. Error: Could not find a part of the path 'C:\tinkoff\Configuration\test\AIV_BBG000DD3510_2021-03-30.csv'.
2021-06-08 00:53:53 70      AIZ_BBG000BZX1N5_2021-03-30
2021-06-08 00:53:53 71      AJG_BBG000BBHXQ3_2021-03-30
2021-06-08 00:53:53 72      AJRD_BBG000BKRHQ7_2021-03-30
2021-06-08 00:53:53 73      AKAM_BBG000BJQWD2_2021-03-30
2021-06-08 00:53:53 75      ALB_BBG000BJ26K7_2021-03-30
2021-06-08 00:53:53 77      ALGN_BBG000BRNLL2_2021-03-30
2021-06-08 00:53:53 79      ALGT_BBG000LJS6B8_2021-03-30
2021-06-08 00:53:53 80      ALK_BBG000BBL0Y1_2021-03-30
2021-06-08 00:53:53 82      ALL_BBG000BVMGF2_2021-03-30
2021-06-08 00:53:53 84      ALLE_BBG003PS7JV1_2021-03-30
2021-06-08 00:53:53 85      ALLK_BBG003QBJKN0_2021-03-30
2021-06-08 00:53:53 86      ALLO_BBG00KHRRDX3_2021-03-30
2021-06-08 00:53:53 87      ALLY_BBG000BC2R71_2021-03-30
2021-06-08 00:53:53 89      ALNY_BBG000BFGNJ5_2021-03-30
2021-06-08 00:53:53 91      ALRM_BBG007GNPYY7_2021-03-30
2021-06-08 00:53:53 92      ALSN_BBG001KY3845_2021-03-30
2021-06-08 00:53:53 94      ALTR_BBG000PN9NB9_2021-03-30
2021-06-08 00:53:53 94      ALXN_BBG000G30YX4_2021-03-30
2021-06-08 00:53:53 96      AMAT_BBG000BBPFB9_2021-03-30
2021-06-08 00:53:54 04      AMCX_BBG000H01H92_2021-03-30
2021-06-08 00:53:54 05      AMD_BBG000BBQCY0_2021-03-30
2021-06-08 00:53:54 20      AME_BBG000B9XG87_2021-03-30
2021-06-08 00:53:54 24      AMED_BBG000B9ZV28_2021-03-30
2021-06-08 00:53:54 25      AMG_BBG000C060M4_2021-03-30
2021-06-08 00:53:54 26      AMGN_BBG000BBS2Y0_2021-03-30
2021-06-08 00:53:54 30      AMN_BBG000BCT197_2021-03-30
2021-06-08 00:53:54 31      AMP_BBG000G3QLY3_2021-03-30
2021-06-08 00:53:54 32      AMT_BBG000B9XYV2_2021-03-30
2021-06-08 00:53:54 35      AMWD_BBG000BBX657_2021-03-30
2021-06-08 00:53:54 36      AMZN_BBG000BVPV84_2021-03-30
2021-06-08 00:53:54 44      AN_BBG000BBXLW4_2021-03-30
2021-06-08 00:53:54 45      ANAB_BBG0026ZDHR0_2021-03-30
2021-06-08 00:53:54 46      ANDE_BBG000BF8CN3_2021-03-30
2021-06-08 00:53:54 47      ANET_BBG000N2HDY5_2021-03-30
2021-06-08 00:53:54 49      ANF_BBG000H9G7X2_2021-03-30
2021-06-08 00:53:54 50      ANGI_BBG00HVKH3Q0_2021-03-30
2021-06-08 00:53:54 52      ANIK_BBG000BBKZD8_2021-03-30
2021-06-08 00:53:54 53      ANIP_BBG000KK1L04_2021-03-30
2021-06-08 00:53:54 54      ANSS_BBG000GXZ4W7_2021-03-30
2021-06-08 00:53:54 57      ANTM_BBG000BCG930_2021-03-30
2021-06-08 00:53:54 58      AON_BBG00SSQFPK6_2021-03-30
2021-06-08 00:53:54 60      AOS_BBG000BC1L02_2021-03-30
2021-06-08 00:53:54 62      AOUT_BBG00QV8FS02_2021-03-30
2021-06-08 00:53:54 62      APA_BBG00YTS96G2_2021-03-30
2021-06-08 00:53:54 66      APD_BBG000BC4JJ4_2021-03-30
2021-06-08 00:53:54 67      APEI_BBG000RVD346_2021-03-30
2021-06-08 00:53:54 69      APH_BBG000B9YJ35_2021-03-30
2021-06-08 00:53:54 71      APLE_BBG006473QX9_2021-03-30
2021-06-08 00:53:54 72      APLT_BBG000DD0489_2021-03-30
2021-06-08 00:53:54 73      APPF_BBG008GC8CP6_2021-03-30
2021-06-08 00:53:54 73      APPN_BBG001C7PMJ2_2021-03-30
2021-06-08 00:53:54 76      APPS_BBG000HZ3562_2021-03-30
2021-06-08 00:53:54 79      APTV_BBG001QD41M9_2021-03-30
2021-06-08 00:53:54 81      ARCC_BBG000PD6X77_2021-03-30
2021-06-08 00:53:54 82      ARCT_BBG00NNW8JK1_2021-03-30
2021-06-08 00:53:54 84      ARE_BBG000BC33T9_2021-03-30
2021-06-08 00:53:54 86      ARMK_BBG001KY4N87_2021-03-30
2021-06-08 00:53:54 87      ARNA_BBG000BKXBV7_2021-03-30
2021-06-08 00:53:54 89      ARNC_BBG00R45JYB7_2021-03-30
2021-06-08 00:53:54 90      ARQT_BBG00QN8K4M4_2021-03-30
2021-06-08 00:53:54 91      ARVN_BBG00LW7YK82_2021-03-30
2021-06-08 00:53:54 92      ARW_BBG000BCD3D5_2021-03-30
2021-06-08 00:53:54 93      ARWR_BBG000BRVKH0_2021-03-30
2021-06-08 00:53:54 95      ASGN_BBG000CRN8N8_2021-03-30
2021-06-08 00:53:54 96      ASH_BBG00D0Y81M1_2021-03-30
2021-06-08 00:53:54 97      ASIX_BBG00CWTTQ41_2021-03-30
2021-06-08 00:53:54 98      ATEX_BBG0081NLHR0_2021-03-30
2021-06-08 00:53:54 98      ATGE_BBG000DQBZJ7_2021-03-30
2021-06-08 00:53:54 99      ATKR_BBG000QTFDQ4_2021-03-30
2021-06-08 00:53:55 01      ATR_BBG000BGX2S0_2021-03-30
2021-06-08 00:53:55 02      ATRA_BBG005Q3MQY4_2021-03-30
2021-06-08 00:53:55 04      ATRC_BBG000BL6CB5_2021-03-30
2021-06-08 00:53:55 06      ATRI_BBG000DTT624_2021-03-30
2021-06-08 00:53:55 07      ATRO_BBG000BCLBY5_2021-03-30
2021-06-08 00:53:55 08      ATUS_BBG00GFMPRK0_2021-03-30
2021-06-08 00:53:55 09      ATVI_BBG000CVWGS6_2021-03-30
2021-06-08 00:53:55 15      AVAV_BBG000GX14P2_2021-03-30
2021-06-08 00:53:55 16      AVB_BBG000BLPBL5_2021-03-30
2021-06-08 00:53:55 17      AVGO_BBG00KHY5S69_2021-03-30
2021-06-08 00:53:55 22      AVLR_BBG000R4Y9C1_2021-03-30
2021-06-08 00:53:55 23      AVNS_BBG005L86G05_2021-03-30
2021-06-08 00:53:55 25      AVNT_BBG000C8NJ10_2021-03-30
2021-06-08 00:53:55 25      AVTR_BBG00G2HHYD7_2021-03-30
2021-06-08 00:53:55 27      AVY_BBG000BCQ4P6_2021-03-30
2021-06-08 00:53:55 29      AWI_BBG000DW4LB1_2021-03-30
2021-06-08 00:53:55 30      AWK_BBG000TRJ294_2021-03-30
2021-06-08 00:53:55 31      AWR_BBG000F964B6_2021-03-30
2021-06-08 00:53:55 31      AX_BBG000QPHD08_2021-03-30
2021-06-08 00:53:55 32      AXGN_BBG000BN46R9_2021-03-30
2021-06-08 00:53:55 33      AXP_BBG000BCQZS4_2021-03-30
2021-06-08 00:53:55 35      AXSM_BBG00B6G7GL7_2021-03-30
2021-06-08 00:53:55 36      AYI_BBG000BJ5HK0_2021-03-30
2021-06-08 00:53:55 38      AYX_BBG000BGZT72_2021-03-30
2021-06-08 00:53:55 42      AZO_BBG000C7LMS8_2021-03-30
2021-06-08 00:53:55 42      AZPN_BBG000DFMXT3_2021-03-30
2021-06-08 00:53:55 44      BA_BBG000BCSST7_2021-03-30
2021-06-08 00:53:55 48      BABA_BBG006G2JVL2_2021-03-30
2021-06-08 00:53:55 59      BAC_BBG000BCTLF6_2021-03-30
2021-06-08 00:53:55 67      BAH_BBG000R2YFG7_2021-03-30
2021-06-08 00:53:55 68      BAND_BBG001K003W2_2021-03-30
2021-06-08 00:53:55 69      BAX_BBG000BCVJ77_2021-03-30
2021-06-08 00:53:55 73      BBIO_BBG00P9KDZK6_2021-03-30
2021-06-08 00:53:55 74      BBSI_BBG000BHJSC4_2021-03-30
2021-06-08 00:53:55 75      BBY_BBG000BCWCG1_2021-03-30
2021-06-08 00:53:55 77      BC_BBG000BCWSS3_2021-03-30
2021-06-08 00:53:55 78      BCO_BBG000DR5QP5_2021-03-30
2021-06-08 00:53:55 79      BCPC_BBG000BCY878_2021-03-30
2021-06-08 00:53:55 80      BDC_BBG000Q4XNV1_2021-03-30
2021-06-08 00:53:55 81      BDTX_BBG00MS4Y0W9_2021-03-30
2021-06-08 00:53:55 82      BDX_BBG000BCZYD3_2021-03-30
2021-06-08 00:53:55 83      BECN_BBG000BKTXF2_2021-03-30
2021-06-08 00:53:55 84      BEN_BBG000BD0TF8_2021-03-30
2021-06-08 00:53:55 86      BERY_BBG000Q1R1Y9_2021-03-30
2021-06-08 00:53:55 87      BF.B_BBG000BD2NY8_2021-03-30
2021-06-08 00:53:55 89      BFAM_BBG003LFWP05_2021-03-30
2021-06-08 00:53:55 89      BFYT_BBG003QRSQD3_2021-03-30
2021-06-08 00:53:55 90      BGS_BBG000RKXRQ1_2021-03-30
2021-06-08 00:53:55 91      BH_BBG00JPRDQH1_2021-03-30
2021-06-08 00:53:55 92      BHF_BBG00DYPZ4T0_2021-03-30
2021-06-08 00:53:55 93      BIDU_BBG000QXWHD1_2021-03-30
2021-06-08 00:53:56 25      BIG_BBG000J0D904_2021-03-30
2021-06-08 00:53:56 27      BIIB_BBG000C17X76_2021-03-30
2021-06-08 00:53:56 29      BILI_BBG00K7T3037_2021-03-30
2021-06-08 00:53:56 38      BILL_BBG00QVJV6V4_2021-03-30
2021-06-08 00:53:56 39      BIO_BBG000DY28W5_2021-03-30
2021-06-08 00:53:56 40      BJRI_BBG000H9LNX1_2021-03-30
2021-06-08 00:53:56 41      BK_BBG000BD8PN9_2021-03-30
2021-06-08 00:53:56 43      BKI_BBG00GX77LW3_2021-03-30
2021-06-08 00:53:56 44      BKNG_BBG000BLBVN4_2021-03-30
2021-06-08 00:53:56 46      BKR_BBG00GBVBK51_2021-03-30
2021-06-08 00:53:56 48      BL_BBG0029KJVB0_2021-03-30
2021-06-08 00:53:56 50      BLD_BBG0077VS2C0_2021-03-30
2021-06-08 00:53:56 51      BLDR_BBG000BKD3K9_2021-03-30
2021-06-08 00:53:56 52      BLK_BBG000C2PW58_2021-03-30
2021-06-08 00:53:56 54      BLKB_BBG000BGGTW5_2021-03-30
2021-06-08 00:53:56 55      BLL_BBG000BDDNH5_2021-03-30
2021-06-08 00:53:56 56      BLUE_BBG000QGWY50_2021-03-30
2021-06-08 00:53:56 62      BMI_BBG000BDGHD9_2021-03-30
2021-06-08 00:53:56 62      BMRN_BBG000CZWZ05_2021-03-30
2021-06-08 00:53:56 64      BMY_BBG000DQLV23_2021-03-30
2021-06-08 00:53:56 68      BOH_BBG000C8D8G9_2021-03-30
2021-06-08 00:53:56 69      BOKF_BBG000CFZ003_2021-03-30
2021-06-08 00:53:56 71      BOOT_BBG0077SYZV6_2021-03-30
2021-06-08 00:53:56 72      BOX_BBG000PMSK08_2021-03-30
2021-06-08 00:53:56 74      BPMC_BBG001MC8YF7_2021-03-30
2021-06-08 00:53:56 75      BR_BBG000PPFKQ7_2021-03-30
2021-06-08 00:53:56 77      BRC_BBG000BDNV95_2021-03-30
2021-06-08 00:53:56 78      BRK.B_BBG000DWG505_2021-03-30
2021-06-08 00:53:56 81      BRKR_BBG000CL1FG7_2021-03-30
2021-06-08 00:53:56 82      BRO_BBG000BWSGF4_2021-03-30
2021-06-08 00:53:56 84      BSX_BBG000C0LW92_2021-03-30
2021-06-08 00:53:56 86      BTAI_BBG00K20GVD2_2021-03-30
2021-06-08 00:53:56 88      BTI_BBG000BWPXQ8_2021-03-30
2021-06-08 00:53:56 90      BUD_BBG000RYC984_2021-03-30
2021-06-08 00:53:56 92      BURL_BBG004S641N5_2021-03-30
2021-06-08 00:53:56 93      BWA_BBG000BJ49H3_2021-03-30
2021-06-08 00:53:56 94      BWXT_BBG000D86F25_2021-03-30
2021-06-08 00:53:56 95      BX_BBG000BH0106_2021-03-30
2021-06-08 00:53:56 97      BXP_BBG000BS5CM9_2021-03-30
2021-06-08 00:53:56 98      BYND_BBG003CVJP50_2021-03-30
2021-06-08 00:53:57 02      BZUN_BBG008HNS333_2021-03-30
2021-06-08 00:53:57 03      C_BBG000FY4S11_2021-03-30
2021-06-08 00:53:57 09      CABO_BBG000F02T51_2021-03-30
2021-06-08 00:53:57 10      CACC_BBG000CS0D96_2021-03-30
2021-06-08 00:53:57 11      CAG_BBG000BDXGP9_2021-03-30
2021-06-08 00:53:57 14      CAH_BBG000D898T9_2021-03-30
2021-06-08 00:53:57 16      CALM_BBG000CDMJW6_2021-03-30
2021-06-08 00:53:57 17      CARA_BBG001J2QYS9_2021-03-30
2021-06-08 00:53:57 20      CARG_BBG00HQ77DS2_2021-03-30
2021-06-08 00:53:57 23      CARR_BBG00RP5HYS8_2021-03-30
2021-06-08 00:53:57 30      CARS_BBG000HGTH33_2021-03-30
2021-06-08 00:53:57 34      CASY_BBG000BF0672_2021-03-30
2021-06-08 00:53:57 35      CAT_BBG000BF0K17_2021-03-30
2021-06-08 00:53:57 38      CB_BBG000BR14K5_2021-03-30
2021-06-08 00:53:57 42      CBRE_BBG000C04224_2021-03-30
2021-06-08 00:53:57 44      CBRL_BBG000BF33K1_2021-03-30
2021-06-08 00:53:57 46      CBSH_BBG000BF3G77_2021-03-30
2021-06-08 00:53:57 49      CBU_BBG000BF4D19_2021-03-30
2021-06-08 00:53:57 53      CCI_BBG000FV1Z23_2021-03-30
2021-06-08 00:53:57 58      CCK_BBG000BF6756_2021-03-30
2021-06-08 00:53:57 61      CCL_BBG000BF6LY3_2021-03-30
2021-06-08 00:53:57 71      CCOI_BBG000D0SMY8_2021-03-30
2021-06-08 00:53:57 72      CCXI_BBG000PTSB12_2021-03-30
2021-06-08 00:53:57 75      CDK_BBG006B6PVN9_2021-03-30
2021-06-08 00:53:57 76      CDLX_BBG00225ZDD0_2021-03-30
2021-06-08 00:53:57 78      CDNA_BBG006JS5785_2021-03-30
2021-06-08 00:53:57 79      CDNS_BBG000C13CD9_2021-03-30
2021-06-08 00:53:57 84      CDW_BBG001P63B80_2021-03-30
2021-06-08 00:53:57 86      CE_BBG000JYP7L8_2021-03-30
2021-06-08 00:53:57 88      CEA_BBG000BCFNR4_2021-03-30
2021-06-08 00:53:57 88      CENT_BBG000BFD605_2021-03-30
2021-06-08 00:53:57 89      CENTA_BBG000KTYB56_2021-03-30
2021-06-08 00:53:57 90      CERN_BBG000BFDLV8_2021-03-30
2021-06-08 00:53:57 92      CEVA_BBG000BN3P07_2021-03-30
2021-06-08 00:53:57 93      CF_BBG000BWJFZ4_2021-03-30
2021-06-08 00:53:57 95      CFG_BBG006Q0HY77_2021-03-30
2021-06-08 00:53:57 98      CFR_BBG000C2PL98_2021-03-30
2021-06-08 00:53:57 99      CFX_BBG000C5Z443_2021-03-30
2021-06-08 00:53:58 00      CGEN_BBG000B9ZLB0_2021-03-30
2021-06-08 00:53:58 02      CGNX_BBG000BPBVW5_2021-03-30
2021-06-08 00:53:58 04      CHD_BBG000BFJT36_2021-03-30
2021-06-08 00:53:58 05      CHDN_BBG000BGXMG9_2021-03-30
2021-06-08 00:53:58 06      CHE_BBG000C19QW1_2021-03-30
2021-06-08 00:53:58 07      CHEF_BBG001MFW6D6_2021-03-30
2021-06-08 00:53:58 08      CHGG_BBG0014XR0N5_2021-03-30
2021-06-08 00:53:58 11      CHH_BBG000BPBTL2_2021-03-30
2021-06-08 00:53:58 11      CHKP_BBG000K82ZT8_2021-03-30
2021-06-08 00:53:58 13      CHNG_BBG0059KNH10_2021-03-30
2021-06-08 00:53:58 15      CHRW_BBG000BTCH57_2021-03-30
2021-06-08 00:53:58 16      CHTR_BBG000VPGNR2_2021-03-30
2021-06-08 00:53:58 18      CHWY_BBG00P19DKZ6_2021-03-30
2021-06-08 00:53:58 22      CHX_BBG00JH9TZ56_2021-03-30
2021-06-08 00:53:58 24      CI_BBG00KXRCDP0_2021-03-30
2021-06-08 00:53:58 25      CIEN_BBG000BP1152_2021-03-30
2021-06-08 00:53:58 27      CINF_BBG000BFPK65_2021-03-30
2021-06-08 00:53:58 28      CL_BBG000BFQYY3_2021-03-30
2021-06-08 00:53:58 31      CLDR_BBG000DRJFC8_2021-03-30
2021-06-08 00:53:58 34      CLDT_BBG000PT6BR8_2021-03-30
2021-06-08 00:53:58 34      CLF_BBG000BFRF55_2021-03-30
2021-06-08 00:53:58 38      CLGX_BBG000C2H3F0_2021-03-30
2021-06-08 00:53:58 39      CLH_BBG000BFRRX8_2021-03-30
2021-06-08 00:53:58 40      CLR_BBG000BHBGN6_2021-03-30
2021-06-08 00:53:58 42      CLX_BBG000BFS7D3_2021-03-30
2021-06-08 00:53:58 43      CMA_BBG000C75N77_2021-03-30
2021-06-08 00:53:58 45      CMC_BBG000BFSND8_2021-03-30
2021-06-08 00:53:58 47      CMCO_BBG000BCWWV0_2021-03-30
2021-06-08 00:53:58 47      CMCSA_BBG000BFT2L4_2021-03-30
2021-06-08 00:53:58 53      CME_BBG000BHLYP4_2021-03-30
2021-06-08 00:53:58 56      CMG_BBG000QX74T1_2021-03-30
2021-06-08 00:53:58 57      CMI_BBG000BGPTV6_2021-03-30
2021-06-08 00:53:58 59      CMP_BBG000C42WS4_2021-03-30
2021-06-08 00:53:58 60      CMS_BBG000BFVXX0_2021-03-30
2021-06-08 00:53:58 61      CNC_BBG000BDXCJ5_2021-03-30
2021-06-08 00:53:58 65      CNK_BBG000QDVR53_2021-03-30
2021-06-08 00:53:58 68      CNP_BBG000FDBX90_2021-03-30
2021-06-08 00:53:58 71      CNS_BBG000BB0WG4_2021-03-30
2021-06-08 00:53:58 72      CNST_BBG000R1H6P8_2021-03-30
2021-06-08 00:53:58 72      CNST: SPYKE!. Candle: ID:21, Time: 10:20, Close: 22.22
2021-06-08 00:53:58 73      CNXC_BBG00RCNQMX3_2021-03-30
2021-06-08 00:53:58 74      CNXN_BBG000BX74M4_2021-03-30
2021-06-08 00:53:58 75      COF_BBG000BGKTF9_2021-03-30
2021-06-08 00:53:58 78      COG_BBG000C3GN47_2021-03-30
2021-06-08 00:53:58 80      COHR_BBG000BG1DH3_2021-03-30
2021-06-08 00:53:58 82      COKE_BBG000BG1SX2_2021-03-30
2021-06-08 00:53:58 82      COLM_BBG000BKKQ84_2021-03-30
2021-06-08 00:53:58 84      CONE_BBG0038V5TX1_2021-03-30
2021-06-08 00:53:58 85      COO_BBG000BG3445_2021-03-30
2021-06-08 00:53:58 86      COP_BBG000BQQH30_2021-03-30
2021-06-08 00:53:58 90      CORR_BBG000CN80Y9_2021-03-30
2021-06-08 00:53:58 91      CORR: SPYKE!. Candle: ID:725, Time: 12:40, Close: 6.6
2021-06-08 00:53:58 91      CORT_BBG000BKJG33_2021-03-30
2021-06-08 00:53:58 93      COST_BBG000F6H8W8_2021-03-30
2021-06-08 00:53:58 97      COTY_BBG000F395V1_2021-03-30
2021-06-08 00:53:58 98      COUP_BBG001J4BCN4_2021-03-30
2021-06-08 00:53:59 00      CPB_BBG000BG4202_2021-03-30
2021-06-08 00:53:59 02      CPRI_BBG0029SNR63_2021-03-30
2021-06-08 00:53:59 04      CPRT_BBG000BM9RH1_2021-03-30
2021-06-08 00:53:59 06      CPS_BBG000PSXT64_2021-03-30
2021-06-08 00:53:59 07      CR_BBG000BG7423_2021-03-30
2021-06-08 00:53:59 09      CREE_BBG000BG14P4_2021-03-30
2021-06-08 00:53:59 10      CRI_BBG000CTM4J9_2021-03-30
2021-06-08 00:53:59 11      CRL_BBG000BG5BL8_2021-03-30
2021-06-08 00:53:59 12      CRM_BBG000BN2DC2_2021-03-30
2021-06-08 00:53:59 17      CRMT_BBG000CM6L31_2021-03-30
2021-06-08 00:53:59 18      CROX_BBG000BLY663_2021-03-30
2021-06-08 00:53:59 20      CRS_BBG000BGCQT9_2021-03-30
2021-06-08 00:53:59 21      CRTX_BBG00BTK1DT8_2021-03-30
2021-06-08 00:53:59 22      CRUS_BBG000C1DHF5_2021-03-30
2021-06-08 00:53:59 24      CRVL_BBG000CVKZY0_2021-03-30
2021-06-08 00:53:59 25      CRWD_BBG00BLYKS03_2021-03-30
2021-06-08 00:53:59 31      CSCO_BBG000C3J3C9_2021-03-30
2021-06-08 00:53:59 39      CSGP_BBG000D7JKW9_2021-03-30
2021-06-08 00:53:59 40      CSGS_BBG000G3TQV2_2021-03-30
2021-06-08 00:53:59 41      CSII_BBG000NWQ9S5_2021-03-30
2021-06-08 00:53:59 43      CSL_BBG000BGGBT8_2021-03-30
2021-06-08 00:53:59 44      CSOD_BBG0016X4XN6_2021-03-30
2021-06-08 00:53:59 46      CSWI_BBG007NLG4L3_2021-03-30
2021-06-08 00:53:59 46      CSX_BBG000BGJRC8_2021-03-30
2021-06-08 00:53:59 51      CTAS_BBG000H3YXF8_2021-03-30
2021-06-08 00:53:59 52      CTB_BBG000BGKXV2_2021-03-30
2021-06-08 00:53:59 54      CTLT_BBG005XR47P5_2021-03-30
2021-06-08 00:53:59 55      CTSH_BBG000BBDV81_2021-03-30
2021-06-08 00:53:59 59      CTVA_BBG00BN969C1_2021-03-30
2021-06-08 00:53:59 62      CTXS_BBG000FQ6PY6_2021-03-30
2021-06-08 00:53:59 65      CVCO_BBG000K4WS65_2021-03-30
2021-06-08 00:53:59 65      CVET_BBG00KR691K8_2021-03-30
2021-06-08 00:53:59 67      CVGW_BBG000BGPQW1_2021-03-30
2021-06-08 00:53:59 68      CVLT_BBG000BG88X9_2021-03-30
2021-06-08 00:53:59 69      CVNA_BBG00GCTWDJ3_2021-03-30
2021-06-08 00:53:59 70      CVS_BBG000BGRY34_2021-03-30
2021-06-08 00:53:59 73      CVX_BBG000K4ND22_2021-03-30
2021-06-08 00:53:59 79      CW_BBG000BGSPS5_2021-03-30
2021-06-08 00:53:59 79      CWST_BBG000BT0J38_2021-03-30
2021-06-08 00:53:59 81      CWT_BBG000D8KTN6_2021-03-30
2021-06-08 00:53:59 81      CY_BBG000BXNJ07_2021-03-30
2021-06-08 00:53:59 82      D_BBG000BGVW60_2021-03-30
2021-06-08 00:53:59 85      DAL_BBG000R7Z112_2021-03-30
2021-06-08 00:53:59 92      DAR_BBG000BN8ZK8_2021-03-30
2021-06-08 00:53:59 93      DBX_BBG0018SLDN0_2021-03-30
2021-06-08 00:53:59 97      DCI_BBG000BGZP70_2021-03-30
2021-06-08 00:53:59 97      DCPH_BBG00HMJ9H54_2021-03-30
2021-06-08 00:53:59 99      DD_BBG00BN961G4_2021-03-30
2021-06-08 00:54:00 02      DDOG_BBG003NJHZT9_2021-03-30
2021-06-08 00:54:00 05      DDS_BBG000BS4MP5_2021-03-30
2021-06-08 00:54:00 06      DE_BBG000BH1NH9_2021-03-30
2021-06-08 00:54:00 08      DECK_BBG000BKXYX5_2021-03-30
2021-06-08 00:54:00 09      DELL_BBG00DW3SZS1_2021-03-30
2021-06-08 00:54:00 11      DFS_BBG000QBR5J5_2021-03-30
2021-06-08 00:54:00 13      DG_BBG000NV1KK7_2021-03-30
2021-06-08 00:54:00 14      DGX_BBG000BN84F3_2021-03-30
2021-06-08 00:54:00 16      DHI_BBG000DQTXY6_2021-03-30
2021-06-08 00:54:00 18      DHR_BBG000BH3JF8_2021-03-30
2021-06-08 00:54:00 20      DIOD_BBG000G25P51_2021-03-30
2021-06-08 00:54:00 21      DIS_BBG000BH4R78_2021-03-30
2021-06-08 00:54:00 26      DISCA_BBG000CHWP52_2021-03-30
2021-06-08 00:54:00 52      DISCB_BBG000F7L5N7_2021-03-30
2021-06-08 00:54:00 53      DISCB: SPYKE!. Candle: ID:211, Time: 13:30, Close: 58.7
2021-06-08 00:54:00 53      DISCB: SPYKE!. Candle: ID:221, Time: 13:30, Close: 59.58
2021-06-08 00:54:00 53      DISCB: SPYKE!. Candle: ID:236, Time: 13:35, Close: 58.9
2021-06-08 00:54:00 53      DISCB: SPYKE!. Candle: ID:247, Time: 13:35, Close: 60.07
2021-06-08 00:54:00 53      DISCB: SPYKE!. Candle: ID:369, Time: 13:45, Close: 58.6
2021-06-08 00:54:00 53      DISCB: SPYKE!. Candle: ID:414, Time: 13:55, Close: 58
2021-06-08 00:54:00 53      DISCB: SPYKE!. Candle: ID:631, Time: 14:30, Close: 67.8
2021-06-08 00:54:00 53      DISCB: SPYKE!. Candle: ID:856, Time: 14:45, Close: 77.68
2021-06-08 00:54:00 53      DISCB: SPYKE!. Candle: ID:1468, Time: 15:50, Close: 76
2021-06-08 00:54:00 53      DISCB: SPYKE!. Candle: ID:1572, Time: 15:50, Close: 79.55
2021-06-08 00:54:00 53      DISCB: SPYKE!. Candle: ID:1658, Time: 16:00, Close: 77.47
2021-06-08 00:54:00 53      DISCB: SPYKE!. Candle: ID:1991, Time: 16:30, Close: 73.57
2021-06-08 00:54:00 54      DISCK_BBG000VMWHH5_2021-03-30
2021-06-08 00:54:00 64      DK_BBG00FZYFVC5_2021-03-30
2021-06-08 00:54:00 66      DKNG_BBG00TCBG714_2021-03-30
2021-06-08 00:54:00 74      DKS_BBG000F6ZWH2_2021-03-30
2021-06-08 00:54:00 76      DLB_BBG000DGLTG5_2021-03-30
2021-06-08 00:54:00 77      DLR_BBG000Q5ZRM7_2021-03-30
2021-06-08 00:54:00 78      DLTH_BBG002GBMZG4_2021-03-30
2021-06-08 00:54:00 81      DLTR_BBG000BSC0K9_2021-03-30
2021-06-08 00:54:00 83      DLX_BBG000BH6360_2021-03-30
2021-06-08 00:54:00 84      DNLI_BBG008P7F869_2021-03-30
2021-06-08 00:54:00 88      DNOW_BBG005BLN209_2021-03-30
2021-06-08 00:54:00 89      DOCU_BBG000N7KJX8_2021-03-30
2021-06-08 00:54:00 93      DORM_BBG000BM22F5_2021-03-30
2021-06-08 00:54:00 93      DOV_BBG000BHB3M6_2021-03-30
2021-06-08 00:54:00 94      DOW_BBG00BN96922_2021-03-30
2021-06-08 00:54:00 97      DPZ_BBG000P458P3_2021-03-30
2021-06-08 00:54:00 99      DRE_BBG000BHD8S7_2021-03-30
2021-06-08 00:54:01 00      DRI_BBG000BBNYF6_2021-03-30
2021-06-08 00:54:01 03      DRNA_BBG001J1DB23_2021-03-30
2021-06-08 00:54:01 04      DRQ_BBG000BVDBY2_2021-03-30
2021-06-08 00:54:01 05      DT_BBG00PNN7C40_2021-03-30
2021-06-08 00:54:01 07      DVA_BBG000MQ1SN9_2021-03-30
2021-06-08 00:54:01 08      DVN_BBG000BBVJZ8_2021-03-30
2021-06-08 00:54:01 11      DXC_BBG00FN64XT9_2021-03-30
2021-06-08 00:54:01 14      DXCM_BBG000QTF8K1_2021-03-30
2021-06-08 00:54:01 17      DY_BBG000C4SKT1_2021-03-30
2021-06-08 00:54:01 18      EA_BBG000BP0KQ8_2021-03-30
2021-06-08 00:54:01 22      EAT_BBG000BK28N7_2021-03-30
2021-06-08 00:54:01 23      EBAY_BBG000C43RR5_2021-03-30
2021-06-08 00:54:01 27      EBS_BBG000GW06J7_2021-03-30
2021-06-08 00:54:01 28      ECHO_BBG000RFP8W6_2021-03-30
2021-06-08 00:54:01 29      ECL_BBG000BHKYH4_2021-03-30
2021-06-08 00:54:01 31      ECPG_BBG000F369C7_2021-03-30
2021-06-08 00:54:01 32      ED_BBG000BHLYS1_2021-03-30
2021-06-08 00:54:01 34      EDIT_BBG005MX5GZ2_2021-03-30
2021-06-08 00:54:01 37      EEFT_BBG000BMNBY1_2021-03-30
2021-06-08 00:54:01 38      EFX_BBG000BHPL78_2021-03-30
2021-06-08 00:54:01 40      EGHT_BBG000BCGHH7_2021-03-30
2021-06-08 00:54:01 41      EGRX_BBG005Y3XWH9_2021-03-30
2021-06-08 00:54:01 42      EHTH_BBG000P5JQX6_2021-03-30
2021-06-08 00:54:01 44      EIX_BBG000D7RKJ5_2021-03-30
2021-06-08 00:54:01 45      EIX: BuyPending. Strategy: MorningOpenStrategy. Price: 59.05. Lots: 4. ChangeOpenToCurrent: -1.06. ChangePrevCloseToCurrent: -2.20. Candle: ID:24, Time: 7:00, Close: 59.05.
2021-06-08 00:54:01 45      EIX: OrderID: 27f2855e. PlacedOrder. Status: New. RejectReason: 
2021-06-08 00:54:01 45      EIX: Cancel order. Did not bought at market open. Candle: ID:35, Time: 7:05, Close: 59.7
2021-06-08 00:54:01 45      OrderID: 27f2855e successfully canceled
2021-06-08 00:54:01 46      EL_BBG000FKJRC5_2021-03-30
2021-06-08 00:54:01 47      ELAN_BBG00LJYS1P8_2021-03-30
2021-06-08 00:54:01 49      ELS_BBG000BB7SX7_2021-03-30
2021-06-08 00:54:01 51      EME_BBG000BBRPL4_2021-03-30
2021-06-08 00:54:01 52      EMN_BBG000BLW530_2021-03-30
2021-06-08 00:54:01 53      EMR_BBG000BHX7N2_2021-03-30
2021-06-08 00:54:01 54      ENDP_BBG000C0HQ54_2021-03-30
2021-06-08 00:54:01 56      ENPH_BBG001R3MNY9_2021-03-30
2021-06-08 00:54:01 60      ENR_BBG006FCB019_2021-03-30
2021-06-08 00:54:01 61      ENS_BBG000PWTD92_2021-03-30
2021-06-08 00:54:01 62      ENTA_BBG001V9NSB4_2021-03-30
2021-06-08 00:54:01 63      ENTG_BBG000CTV4N4_2021-03-30
2021-06-08 00:54:01 65      ENV_BBG000Q4NZ54_2021-03-30
2021-06-08 00:54:01 66      EOG_BBG000BZ9223_2021-03-30
2021-06-08 00:54:01 68      EPAM_BBG000MHTV89_2021-03-30
2021-06-08 00:54:01 70      EPAY_BBG000BRNH31_2021-03-30
2021-06-08 00:54:01 71      EPC_BBG000BRW644_2021-03-30
2021-06-08 00:54:01 72      EQIX_BBG000MBDGM6_2021-03-30
2021-06-08 00:54:01 75      EQT_BBG000BHZ5J9_2021-03-30
2021-06-08 00:54:01 78      ERIE_BBG000BBTJZ1_2021-03-30
2021-06-08 00:54:01 79      ES_BBG000BQ87N0_2021-03-30
2021-06-08 00:54:01 80      ESPR_BBG004KB3S72_2021-03-30
2021-06-08 00:54:01 82      ESS_BBG000CGJMB9_2021-03-30
2021-06-08 00:54:01 83      ET_BBG000BM2FL9_2021-03-30
2021-06-08 00:54:01 84      ETN_BBG000BJ3PD2_2021-03-30
2021-06-08 00:54:01 86      ETR_BBG000C1FQS9_2021-03-30
2021-06-08 00:54:01 88      ETRN_BBG00K53L394_2021-03-30
2021-06-08 00:54:01 90      ETSY_BBG000N7MXL8_2021-03-30
2021-06-08 00:54:01 95      EV_BBG000DBVBY4_2021-03-30
2021-06-08 00:54:01 95      EVBG_BBG0022FMPD5_2021-03-30
2021-06-08 00:54:01 97      EVER_BBG00F17NDH7_2021-03-30
2021-06-08 00:54:01 97      EVER: SPYKE!. Candle: ID:834, Time: 21:55, Close: 34.13
2021-06-08 00:54:01 98      EVH_BBG005CHLM96_2021-03-30
2021-06-08 00:54:01 99      EVR_BBG000BP30Y0_2021-03-30
2021-06-08 00:54:02 01      EVRG_BBG00H433CR2_2021-03-30
2021-06-08 00:54:02 02      EW_BBG000BRXP69_2021-03-30
2021-06-08 00:54:02 04      EWBC_BBG000CR20B1_2021-03-30
2021-06-08 00:54:02 06      EXAS_BBG000CWL0F5_2021-03-30
2021-06-08 00:54:02 08      EXC_BBG000J6XT05_2021-03-30
2021-06-08 00:54:02 11      EXEL_BBG000BQ4WF8_2021-03-30
2021-06-08 00:54:02 13      EXLS_BBG000NS3P30_2021-03-30
2021-06-08 00:54:02 14      EXP_BBG000BJW241_2021-03-30
2021-06-08 00:54:02 15      EXPD_BBG000BJ5GK2_2021-03-30
2021-06-08 00:54:02 17      EXPE_BBG000QY3XZ2_2021-03-30
2021-06-08 00:54:02 20      EXR_BBG000PV27K3_2021-03-30
2021-06-08 00:54:02 22      EYE_BBG00HVQF9K2_2021-03-30
2021-06-08 00:54:02 23      F_BBG000BQPC32_2021-03-30
2021-06-08 00:54:02 27      FANG_BBG002PHSYX9_2021-03-30
2021-06-08 00:54:02 30      FARO_BBG000BJD7C2_2021-03-30
2021-06-08 00:54:02 31      FAST_BBG000BJ8YN7_2021-03-30
2021-06-08 00:54:02 34      FATE_BBG000QP35H2_2021-03-30
2021-06-08 00:54:02 36      FB_BBG000MM2P62_2021-03-30
2021-06-08 00:54:02 52      FBHS_BBG001B4BV87_2021-03-30
2021-06-08 00:54:02 53      FCFS_BBG000DNF659_2021-03-30
2021-06-08 00:54:02 55      FCN_BBG000K88H58_2021-03-30
2021-06-08 00:54:02 57      FCX_BBG000BJDB15_2021-03-30
2021-06-08 00:54:02 61      FDS_BBG000BDJL83_2021-03-30
2021-06-08 00:54:02 62      FDX_BBG000BJF1Z8_2021-03-30
2021-06-08 00:54:02 67      FELE_BBG000BJGGV8_2021-03-30
2021-06-08 00:54:02 68      FFIV_BBG000CXYSZ6_2021-03-30
2021-06-08 00:54:02 70      FGEN_BBG000FW5ZL6_2021-03-30
2021-06-08 00:54:02 72      FICO_BBG000DW76Y6_2021-03-30
2021-06-08 00:54:02 73      FIS_BBG000BK2F42_2021-03-30
2021-06-08 00:54:02 75      FISV_BBG000BJKPG0_2021-03-30
2021-06-08 00:54:02 79      FITB_BBG000BJL3N0_2021-03-30
2021-06-08 00:54:02 83      FIVN_BBG001KHJM17_2021-03-30
2021-06-08 00:54:02 85      FIZZ_BBG000BF8CB6_2021-03-30
2021-06-08 00:54:02 86      FL_BBG000BX8DC4_2021-03-30
2021-06-08 00:54:02 88      FLIR_BBG000BHK836_2021-03-30
2021-06-08 00:54:02 89      FLOW_BBG007FL7ZD2_2021-03-30
2021-06-08 00:54:02 90      FLR_BBG000BB1TH9_2021-03-30
2021-06-08 00:54:02 91      FLR: SPYKE!. Candle: ID:1884, Time: 20:15, Close: 22
2021-06-08 00:54:02 91      FLS_BBG000FFH4P5_2021-03-30
2021-06-08 00:54:02 93      FLT_BBG000GPXKX9_2021-03-30
2021-06-08 00:54:02 95      FLWS_BBG000BBR9P6_2021-03-30
2021-06-08 00:54:02 97      FMC_BBG000BJP882_2021-03-30
2021-06-08 00:54:02 98      FND_BBG007GJ2F81_2021-03-30
2021-06-08 00:54:03 01      FNKO_BBG00HXSHDQ9_2021-03-30
2021-06-08 00:54:03 04      FOCS_BBG00L0YTFN8_2021-03-30
2021-06-08 00:54:03 06      FOE_BBG000BJQK11_2021-03-30
2021-06-08 00:54:03 13      FOLD_BBG000PLF6N0_2021-03-30
2021-06-08 00:54:03 32      FORM_BBG000D1Y3P1_2021-03-30
2021-06-08 00:54:03 37      FORR_BBG000HGNYG8_2021-03-30
2021-06-08 00:54:03 40      FOX_BBG00JHNKJY8_2021-03-30
2021-06-08 00:54:03 44      FOXA_BBG00JHNJW99_2021-03-30
2021-06-08 00:54:03 49      FOXF_BBG004T7VS53_2021-03-30
2021-06-08 00:54:03 51      FRHC_BBG000N625H8_2021-03-30
2021-06-08 00:54:03 53      FRPH_BBG000HCVWW4_2021-03-30
2021-06-08 00:54:03 54      FRPT_BBG001D0HB36_2021-03-30
2021-06-08 00:54:03 58      FSLR_BBG000BFL116_2021-03-30
2021-06-08 00:54:03 64      FSLY_BBG004NLQHL0_2021-03-30
2021-06-08 00:54:03 68      FTCH_BBG00LSD4456_2021-03-30
2021-06-08 00:54:03 76      FTI_BBG00DL8NMV2_2021-03-30
2021-06-08 00:54:03 78      FTNT_BBG000BCMBG4_2021-03-30
2021-06-08 00:54:03 81      FTV_BBG00BLVZ228_2021-03-30
2021-06-08 00:54:03 82      FUL_BBG000BJZ7V7_2021-03-30
2021-06-08 00:54:03 83      GATX_BBG000BKGXQ4_2021-03-30
2021-06-08 00:54:03 84      GBCI_BBG000C3KB84_2021-03-30
2021-06-08 00:54:03 86      GBT_BBG00341H6M0_2021-03-30
2021-06-08 00:54:03 87      GBX_BBG000CF5097_2021-03-30
2021-06-08 00:54:03 88      GCO_BBG000BK5S78_2021-03-30
2021-06-08 00:54:03 89      GCP_BBG0082W8Q12_2021-03-30
2021-06-08 00:54:03 90      GD_BBG000BK67C7_2021-03-30
2021-06-08 00:54:03 92      GDDY_BBG006MDLY05_2021-03-30
2021-06-08 00:54:03 93      GDOT_BBG000QDJT53_2021-03-30
2021-06-08 00:54:03 94      GE_BBG000BK6MB5_2021-03-30
2021-06-08 00:54:03 98      GEF_BBG000BLFNC0_2021-03-30
2021-06-08 00:54:03 98      GGG_BBG000BK9W84_2021-03-30
2021-06-08 00:54:04 00      GH_BBG006D97VY9_2021-03-30
2021-06-08 00:54:04 02      GHC_BBG000C3FGH9_2021-03-30
2021-06-08 00:54:04 03      GILD_BBG000CKGBP2_2021-03-30
2021-06-08 00:54:04 07      GIS_BBG000BKCFC2_2021-03-30
2021-06-08 00:54:04 10      GKOS_BBG000WG2LQ1_2021-03-30
2021-06-08 00:54:04 12      GL_BBG000BVD6X4_2021-03-30
2021-06-08 00:54:04 13      GLW_BBG000BKFZM4_2021-03-30
2021-06-08 00:54:04 16      GM_BBG000NDYB67_2021-03-30
2021-06-08 00:54:04 25      GMED_BBG002V87SD0_2021-03-30
2021-06-08 00:54:04 26      GMS_BBG009Q036D0_2021-03-30
2021-06-08 00:54:04 27      GNL_BBG004HXD0G8_2021-03-30
2021-06-08 00:54:04 28      GNRC_BBG000PQ4W72_2021-03-30
2021-06-08 00:54:04 29      GO_BBG00P4R3079_2021-03-30
2021-06-08 00:54:04 31      GOOG_BBG009S3NB30_2021-03-30
2021-06-08 00:54:04 35      GOOGL_BBG009S39JX6_2021-03-30
2021-06-08 00:54:04 41      GOSS_BBG00MVWLLM2_2021-03-30
2021-06-08 00:54:04 44      GPC_BBG000BKL348_2021-03-30
2021-06-08 00:54:04 45      GPI_BBG000BB88K4_2021-03-30
2021-06-08 00:54:04 46      GPN_BBG000CX0P89_2021-03-30
2021-06-08 00:54:04 49      GPS_BBG000BKLH74_2021-03-30
2021-06-08 00:54:04 53      GRA_BBG000BB8PG1_2021-03-30
2021-06-08 00:54:04 53      GRMN_BBG000C4LN67_2021-03-30
2021-06-08 00:54:04 55      GRUB_BBG001KWG293_2021-03-30
2021-06-08 00:54:04 56      GS_BBG000C6CFJ5_2021-03-30
2021-06-08 00:54:04 59      GSH_BBG000GLG0G0_2021-03-30
2021-06-08 00:54:04 60      GSKY_BBG00KT2SCV8_2021-03-30
2021-06-08 00:54:04 62      GT_BBG000BKNX95_2021-03-30
2021-06-08 00:54:04 64      GTHX_BBG005F1DK91_2021-03-30
2021-06-08 00:54:04 67      GTLS_BBG000P1K2X6_2021-03-30
2021-06-08 00:54:04 68      GTN_BBG000DSQLQ0_2021-03-30
2021-06-08 00:54:04 69      GVA_BBG000DVB833_2021-03-30
2021-06-08 00:54:04 70      GVA: SPYKE!. Candle: ID:97, Time: 13:30, Close: 38.84
2021-06-08 00:54:04 71      GWRE_BBG001C7PM75_2021-03-30
2021-06-08 00:54:04 72      GWW_BBG000BKR1D6_2021-03-30
2021-06-08 00:54:04 73      H_BBG000CVRFS4_2021-03-30
2021-06-08 00:54:04 74      HA_BBG000BC4185_2021-03-30
2021-06-08 00:54:04 75      HAE_BBG000C7TF41_2021-03-30
2021-06-08 00:54:04 77      HAIN_BBG000BQW085_2021-03-30
2021-06-08 00:54:04 78      HAL_BBG000BKTFN2_2021-03-30
2021-06-08 00:54:04 81      HALO_BBG000CZ8W54_2021-03-30
2021-06-08 00:54:04 83      HAS_BBG000BKVJK4_2021-03-30
2021-06-08 00:54:04 85      HBAN_BBG000BKWSR6_2021-03-30
2021-06-08 00:54:04 88      HBI_BBG000D2ZTS8_2021-03-30
2021-06-08 00:54:04 89      HCA_BBG000QW7VC1_2021-03-30
2021-06-08 00:54:04 91      HCCI_BBG000CCFB17_2021-03-30
2021-06-08 00:54:04 92      HCSG_BBG000BKYVF0_2021-03-30
2021-06-08 00:54:04 93      HD_BBG000BKZB36_2021-03-30
2021-06-08 00:54:04 97      HEAR_BBG000BM6N47_2021-03-30
2021-06-08 00:54:04 98      HEI_BBG000BL16Q7_2021-03-30
2021-06-08 00:54:05 00      HES_BBG000BBD070_2021-03-30
2021-06-08 00:54:05 02      HFC_BBG000BL9JQ1_2021-03-30
2021-06-08 00:54:05 03      HGV_BBG00CBYY6M1_2021-03-30
2021-06-08 00:54:05 04      HHC_BBG000MJRJJ2_2021-03-30
2021-06-08 00:54:05 05      HHR_BBG00KHGQ0H4_2021-03-30
2021-06-08 00:54:05 07      HIBB_BBG000H001V3_2021-03-30
2021-06-08 00:54:05 08      HIG_BBG000G0Z878_2021-03-30
2021-06-08 00:54:05 11      HII_BBG001KJ2HM9_2021-03-30
2021-06-08 00:54:05 12      HIIQ_TCS003QRSQD3_2021-03-30
2021-06-08 00:54:05 13      HLT_BBG0058KMH30_2021-03-30
2021-06-08 00:54:05 15      HNP_BBG000BX5YM0_2021-03-30
2021-06-08 00:54:05 16      HOG_BBG000BKZTP3_2021-03-30
2021-06-08 00:54:05 18      HOLX_BBG000C3NTN5_2021-03-30
2021-06-08 00:54:05 20      HON_BBG000H556T9_2021-03-30
2021-06-08 00:54:05 23      HP_BBG000BLCPY4_2021-03-30
2021-06-08 00:54:05 24      HPE_BBG0078W3NQ3_2021-03-30
2021-06-08 00:54:05 26      HPQ_BBG000KHWT55_2021-03-30
2021-06-08 00:54:05 28      HQY_BBG000TYXCT9_2021-03-30
2021-06-08 00:54:05 29      HRB_BBG000BLDV98_2021-03-30
2021-06-08 00:54:05 32      HRC_BBG000BKWCS0_2021-03-30
2021-06-08 00:54:05 33      HRL_BBG000BLF8D2_2021-03-30
2021-06-08 00:54:05 35      HRTX_BBG000G2GJT7_2021-03-30
2021-06-08 00:54:05 37      HSC_BBG000BLH3P8_2021-03-30
2021-06-08 00:54:05 37      HSIC_BBG000BNMMJ3_2021-03-30
2021-06-08 00:54:05 39      HSKA_BBG000BWFH48_2021-03-30
2021-06-08 00:54:05 40      HST_BBG000BL8804_2021-03-30
2021-06-08 00:54:05 43      HSY_BBG000BLHRS2_2021-03-30
2021-06-08 00:54:05 45      HTA_BBG000PRJCX9_2021-03-30
2021-06-08 00:54:05 46      HTHT_BBG000QFPM65_2021-03-30
2021-06-08 00:54:05 48      HUBB_BBG000BLK267_2021-03-30
2021-06-08 00:54:05 49      HUBG_BBG000G9W6L0_2021-03-30
2021-06-08 00:54:05 50      HUBS_BBG000N7MZ06_2021-03-30
2021-06-08 00:54:05 52      HUM_BBG000BLKK03_2021-03-30
2021-06-08 00:54:05 53      HURN_BBG000PV2M48_2021-03-30
2021-06-08 00:54:05 54      HWM_BBG00DYNJGH9_2021-03-30
2021-06-08 00:54:05 56      HXL_BBG000BLMDQ9_2021-03-30
2021-06-08 00:54:05 58      IAC_BBG000BKQG80_2021-03-30
2021-06-08 00:54:05 60      IART_BBG000BZJQL8_2021-03-30
2021-06-08 00:54:05 61      IBKR_BBG000LV0836_2021-03-30
2021-06-08 00:54:05 62      IBM_BBG000BLNNH6_2021-03-30
2021-06-08 00:54:05 65      IBN_BBG000DRM643_2021-03-30
2021-06-08 00:54:05 66      IBP_BBG005TJKDZ6_2021-03-30
2021-06-08 00:54:05 66      ICE_BBG000C1FB75_2021-03-30
2021-06-08 00:54:05 68      ICPT_BBG001J1QN87_2021-03-30
2021-06-08 00:54:05 69      ICPT: SPYKE!. Candle: ID:4, Time: 7:05, Close: 21.92
2021-06-08 00:54:05 70      ICUI_BBG000CQV2N4_2021-03-30
2021-06-08 00:54:05 71      IDCC_BBG000HLJ7M4_2021-03-30
2021-06-08 00:54:05 73      IDXX_BBG000BLRT07_2021-03-30
2021-06-08 00:54:05 74      IEX_BBG000C1HN22_2021-03-30
2021-06-08 00:54:05 75      IFF_BBG000BLSL58_2021-03-30
2021-06-08 00:54:05 77      IGMS_BBG00PNR1BT2_2021-03-30
2021-06-08 00:54:05 77      IGMS: SPYKE!. Candle: ID:13, Time: 13:30, Close: 73.17
2021-06-08 00:54:05 78      IIPR_BBG00F0SW7N8_2021-03-30
2021-06-08 00:54:05 79      IIVI_BBG000BLW102_2021-03-30
2021-06-08 00:54:05 82      ILMN_BBG000DSMS70_2021-03-30
2021-06-08 00:54:05 87      IMMU_BBG000BLXT19_2021-03-30
2021-06-08 00:54:05 87      INCY_BBG000BNPSQ9_2021-03-30
2021-06-08 00:54:05 90      INDB_BBG000BM0597_2021-03-30
2021-06-08 00:54:05 91      INFO_BBG006G063F9_2021-03-30
2021-06-08 00:54:05 92      INGN_BBG0021PH456_2021-03-30
2021-06-08 00:54:05 93      INGR_BBG000BXPZB7_2021-03-30
2021-06-08 00:54:05 94      INMD_BBG00PPS73P4_2021-03-30
2021-06-08 00:54:05 95      INSP_BBG00209SZJ7_2021-03-30
2021-06-08 00:54:05 96      INTC_BBG000C0G1D1_2021-03-30
2021-06-08 00:54:06 06      INTU_BBG000BH5DV1_2021-03-30
2021-06-08 00:54:06 11      INVH_BBG00FQH6BS9_2021-03-30
2021-06-08 00:54:06 12      IONS_BBG000JH6683_2021-03-30
2021-06-08 00:54:06 15      IOSP_BBG000BMFNP4_2021-03-30
2021-06-08 00:54:06 16      IOVA_BBG000FTLBV7_2021-03-30
2021-06-08 00:54:06 17      IOVA: SPYKE!. Candle: ID:3518, Time: 21:20, Close: 30.94
2021-06-08 00:54:06 17      IOVA: SPYKE!. Candle: ID:3521, Time: 22:00, Close: 29.85
2021-06-08 00:54:06 18      IP_BBG000BM5SR2_2021-03-30
2021-06-08 00:54:06 20      IPAR_BBG000GCSWR5_2021-03-30
2021-06-08 00:54:06 21      IPG_BBG000C90DH9_2021-03-30
2021-06-08 00:54:06 24      IPGP_BBG000DCGRL8_2021-03-30
2021-06-08 00:54:06 25      IQV_BBG00333FYS2_2021-03-30
2021-06-08 00:54:06 27      IR_BBG002R1CW27_2021-03-30
2021-06-08 00:54:06 28      IRBT_BBG000HXJB21_2021-03-30
2021-06-08 00:54:06 30      IRDM_BBG000VC0FC1_2021-03-30
2021-06-08 00:54:06 32      IRM_BBG000KCZPC3_2021-03-30
2021-06-08 00:54:06 34      IRTC_BBG001J19V24_2021-03-30
2021-06-08 00:54:06 35      ISRG_BBG000BJPDZ1_2021-03-30
2021-06-08 00:54:06 37      IT_BBG000BB65D0_2021-03-30
2021-06-08 00:54:06 38      ITCI_BBG0026ZFZC4_2021-03-30
2021-06-08 00:54:06 40      ITGR_BBG000BW6JV4_2021-03-30
2021-06-08 00:54:06 40      ITRI_BBG000BD2167_2021-03-30
2021-06-08 00:54:06 42      ITT_BBG00CVQZQ96_2021-03-30
2021-06-08 00:54:06 43      ITW_BBG000BMBL90_2021-03-30
2021-06-08 00:54:06 45      IVZ_BBG000BY2Y78_2021-03-30
2021-06-08 00:54:06 47      J_BBG000BMFFQ0_2021-03-30
2021-06-08 00:54:06 48      JACK_BBG000GZYVY1_2021-03-30
2021-06-08 00:54:06 49      JBHT_BBG000BMDBZ1_2021-03-30
2021-06-08 00:54:06 51      JBSS_BBG000CHPMY5_2021-03-30
2021-06-08 00:54:06 52      JBT_BBG000VLBCQ1_2021-03-30
2021-06-08 00:54:06 53      JCI_BBG000BVWLJ6_2021-03-30
2021-06-08 00:54:06 55      JCOM_BBG000F3CWW7_2021-03-30
2021-06-08 00:54:06 56      JD_BBG005YHY0Q7_2021-03-30
2021-06-08 00:54:06 62      JEF_BBG000BNHSP9_2021-03-30
2021-06-08 00:54:06 64      JELD_BBG0019GM953_2021-03-30
2021-06-08 00:54:06 65      JJSF_BBG000BMGPW0_2021-03-30
2021-06-08 00:54:06 67      JKHY_BBG000BMH2Q7_2021-03-30
2021-06-08 00:54:06 69      JLL_BBG000C2L2L0_2021-03-30
2021-06-08 00:54:06 70      JNJ_BBG000BMHYD1_2021-03-30
2021-06-08 00:54:06 76      JNPR_BBG000BY33P5_2021-03-30
2021-06-08 00:54:06 78      JOBS_BBG000BJD1D4_2021-03-30
2021-06-08 00:54:06 81      JOUT_BBG000HCXFS4_2021-03-30
2021-06-08 00:54:06 82      JPM_BBG000DMBXR2_2021-03-30
2021-06-08 00:54:06 89      JWN_BBG000G8N9C6_2021-03-30
2021-06-08 00:54:06 92      K_BBG000BMKDM3_2021-03-30
2021-06-08 00:54:06 94      KALU_BBG000PKZDX4_2021-03-30
2021-06-08 00:54:06 95      KBH_BBG000BMLWX8_2021-03-30
2021-06-08 00:54:06 98      KDP_BBG000TJM7F0_2021-03-30
2021-06-08 00:54:07 01      KEP_BBG000BCWG90_2021-03-30
2021-06-08 00:54:07 03      KEX_BBG000BMQCP6_2021-03-30
2021-06-08 00:54:07 04      KEY_BBG000BMQPL1_2021-03-30
2021-06-08 00:54:07 06      KEYS_BBG0059FN811_2021-03-30
2021-06-08 00:54:07 07      KFY_BBG000C5QMB5_2021-03-30
2021-06-08 00:54:07 08      KHC_BBG005CPNTQ2_2021-03-30
2021-06-08 00:54:07 12      KIDS_BBG00HFFRW39_2021-03-30
2021-06-08 00:54:07 13      KIM_BBG000CN3S73_2021-03-30
2021-06-08 00:54:07 14      KLAC_BBG000BMTFR4_2021-03-30
2021-06-08 00:54:07 17      KMB_BBG000BMW2Z0_2021-03-30
2021-06-08 00:54:07 20      KMI_BBG0019JZ882_2021-03-30
2021-06-08 00:54:07 22      KMPR_BBG000H3GDJ8_2021-03-30
2021-06-08 00:54:07 23      KMT_BBG000BMWKC5_2021-03-30
2021-06-08 00:54:07 25      KMX_BBG000BLMZK6_2021-03-30
2021-06-08 00:54:07 27      KNSL_BBG00D8JD9Z9_2021-03-30
2021-06-08 00:54:07 28      KNX_BBG000BFC848_2021-03-30
2021-06-08 00:54:07 30      KO_BBG000BMX289_2021-03-30
2021-06-08 00:54:07 35      KOD_BBG00BVR0D02_2021-03-30
2021-06-08 00:54:07 37      KR_BBG000BMY992_2021-03-30
2021-06-08 00:54:07 41      KRG_BBG000BC2KW8_2021-03-30
2021-06-08 00:54:07 42      KRTX_BBG00NN875G0_2021-03-30
2021-06-08 00:54:07 43      KRTX: SPYKE!. Candle: ID:10, Time: 13:30, Close: 111.8
2021-06-08 00:54:07 43      KRTX: SPYKE!. Candle: ID:12, Time: 13:30, Close: 110.01
2021-06-08 00:54:07 43      KRYS_BBG00HDGRHH7_2021-03-30
2021-06-08 00:54:07 44      KSU_BBG000BMZ7P7_2021-03-30
2021-06-08 00:54:07 46      KTB_BBG00LPTHYD5_2021-03-30
2021-06-08 00:54:07 48      KWR_BBG000DZS2L9_2021-03-30
2021-06-08 00:54:07 49      L_BBG000C45984_2021-03-30
2021-06-08 00:54:07 51      LAD_BBG000K3BC83_2021-03-30
2021-06-08 00:54:07 52      LANC_BBG000BN1M88_2021-03-30
2021-06-08 00:54:07 53      LASR_BBG0020BCPX5_2021-03-30
2021-06-08 00:54:07 54      LB_BBG000BNGTQ7_2021-03-30
2021-06-08 00:54:07 57      LBRDK_BBG006GNSZW5_2021-03-30
2021-06-08 00:54:07 59      LCII_BBG000DNLMB0_2021-03-30
2021-06-08 00:54:07 60      LDOS_BBG000C23PB0_2021-03-30
2021-06-08 00:54:07 61      LEA_BBG000PTLGZ1_2021-03-30
2021-06-08 00:54:07 62      LECO_BBG000BB72K8_2021-03-30
2021-06-08 00:54:07 63      LEG_BBG000BN53G7_2021-03-30
2021-06-08 00:54:07 64      LEGH_BBG00MJDR6J9_2021-03-30
2021-06-08 00:54:07 65      LEN_BBG000BN5HF7_2021-03-30
2021-06-08 00:54:07 68      LEVI_BBG000BQDF10_2021-03-30
2021-06-08 00:54:07 69      LFC_BBG000BBK4B9_2021-03-30
2021-06-08 00:54:07 70      LFUS_BBG000BGFGT8_2021-03-30
2021-06-08 00:54:07 71      LGIH_BBG0056655S1_2021-03-30
2021-06-08 00:54:07 72      LGND_BBG000BKF014_2021-03-30
2021-06-08 00:54:07 73      LH_BBG000D9DMK0_2021-03-30
2021-06-08 00:54:07 75      LHCG_BBG000G7W420_2021-03-30
2021-06-08 00:54:07 77      LHX_BBG000BLGFJ9_2021-03-30
2021-06-08 00:54:07 78      LII_BBG000BB5B84_2021-03-30
2021-06-08 00:54:07 80      LIN_BBG00GVR8YQ9_2021-03-30
2021-06-08 00:54:07 82      LITE_BBG0073F9RT7_2021-03-30
2021-06-08 00:54:07 85      LKQ_BBG000PXDL44_2021-03-30
2021-06-08 00:54:07 87      LLY_BBG000BNBDC2_2021-03-30
2021-06-08 00:54:07 89      LM_BBG000BNBPQ0_2021-03-30
2021-06-08 00:54:07 90      LMT_BBG000C1BW00_2021-03-30
2021-06-08 00:54:07 92      LNN_BBG000FJS1S8_2021-03-30
2021-06-08 00:54:07 94      LNT_BBG000DW4Q75_2021-03-30
2021-06-08 00:54:07 96      LNTH_BBG006Q52RD0_2021-03-30
2021-06-08 00:54:07 97      LOGM_BBG000Q0SZJ2_2021-03-30
2021-06-08 00:54:07 98      LOPE_BBG000FV28W9_2021-03-30
2021-06-08 00:54:08 00      LOW_BBG000BNDN65_2021-03-30
2021-06-08 00:54:08 02      LPL_BBG000FJ0RK9_2021-03-30
2021-06-08 00:54:08 03      LPLA_BBG000P2TYL8_2021-03-30
2021-06-08 00:54:08 05      LPSN_BBG000BSV0W5_2021-03-30
2021-06-08 00:54:08 07      LRCX_BBG000BNFLM9_2021-03-30
2021-06-08 00:54:08 11      LRN_BBG000QSXPZ9_2021-03-30
2021-06-08 00:54:08 12      LSCC_BBG000C2D1C1_2021-03-30
2021-06-08 00:54:08 13      LSTR_BBG000BB2KN0_2021-03-30
2021-06-08 00:54:08 15      LTHM_BBG00LV3NRG0_2021-03-30
2021-06-08 00:54:08 15      LTHM: SPYKE!. Candle: ID:6, Time: 7:00, Close: 16.99
2021-06-08 00:54:08 16      LULU_BBG000R8ZVD1_2021-03-30
2021-06-08 00:54:08 20      LUMN_BBG000BGLRN3_2021-03-30
2021-06-08 00:54:08 22      LUV_BBG000BNJHS8_2021-03-30
2021-06-08 00:54:08 26      LVGO_BBG0073X4TB8_2021-03-30
2021-06-08 00:54:08 27      LVS_BBG000JWD753_2021-03-30
2021-06-08 00:54:08 30      LW_BBG003CVMLQ2_2021-03-30
2021-06-08 00:54:08 32      LYB_BBG000WCFV84_2021-03-30
2021-06-08 00:54:08 34      LYFT_BBG004M9ZHX5_2021-03-30
2021-06-08 00:54:08 38      LYV_BBG000FQ7YR4_2021-03-30
2021-06-08 00:54:08 39      M_BBG000C46HM9_2021-03-30
2021-06-08 00:54:08 42      MA_BBG000F1ZSQ2_2021-03-30
2021-06-08 00:54:08 45      MAA_BBG000BLMY92_2021-03-30
2021-06-08 00:54:08 46      MAC_BBG000BL9C59_2021-03-30
2021-06-08 00:54:08 50      MAN_BBG000BNMHS4_2021-03-30
2021-06-08 00:54:08 52      MANH_BBG000BFV758_2021-03-30
2021-06-08 00:54:08 53      MANT_BBG000BGF8B5_2021-03-30
2021-06-08 00:54:08 54      MANU_BBG0035WV4N9_2021-03-30
2021-06-08 00:54:08 55      MAR_BBG000BGD7W6_2021-03-30
2021-06-08 00:54:08 60      MAS_BBG000BNNKG9_2021-03-30
2021-06-08 00:54:08 63      MASI_BBG000C3W281_2021-03-30
2021-06-08 00:54:08 64      MAT_BBG000BNNYW1_2021-03-30
2021-06-08 00:54:08 66      MATX_BBG000BBK401_2021-03-30
2021-06-08 00:54:08 67      MBT_BBG000CSZKR2_2021-03-30
2021-06-08 00:54:08 68      MBUU_BBG005PXTR70_2021-03-30
2021-06-08 00:54:08 69      MCD_BBG000BNSZP1_2021-03-30
2021-06-08 00:54:08 72      MCHP_BBG000BHCP19_2021-03-30
2021-06-08 00:54:08 76      MCK_BBG000DYGNW7_2021-03-30
2021-06-08 00:54:08 78      MCO_BBG000F86GP6_2021-03-30
2021-06-08 00:54:08 79      MCRI_BBG000BJ0932_2021-03-30
2021-06-08 00:54:08 80      MD_BBG000H8LGK2_2021-03-30
2021-06-08 00:54:08 81      MDB_BBG0022FDRY8_2021-03-30
2021-06-08 00:54:08 83      MDGL_BBG000QS6NV8_2021-03-30
2021-06-08 00:54:08 84      MDLA_BBG001BPKGT0_2021-03-30
2021-06-08 00:54:08 85      MDLZ_BBG000D4LWF6_2021-03-30
2021-06-08 00:54:08 89      MDRX_BBG000BLDXH5_2021-03-30
2021-06-08 00:54:08 91      MDT_BBG000BNWG87_2021-03-30
2021-06-08 00:54:08 96      MED_BBG000BWBW76_2021-03-30
2021-06-08 00:54:08 97      MEDP_BBG0065B7K59_2021-03-30
2021-06-08 00:54:08 98      MEI_BBG000BNY197_2021-03-30
2021-06-08 00:54:08 98      MELI_BBG000GQPB11_2021-03-30
2021-06-08 00:54:09 01      MET_BBG000BB6KF5_2021-03-30
2021-06-08 00:54:09 02      MFGP_BBG00HFWVGN0_2021-03-30
2021-06-08 00:54:09 05      MGLN_BBG000BD6DD9_2021-03-30
2021-06-08 00:54:09 06      MGM_BBG000C2BXK4_2021-03-30
2021-06-08 00:54:09 10      MGY_BBG00GNC8DL2_2021-03-30
2021-06-08 00:54:09 25      MHK_BBG000FLZN98_2021-03-30
2021-06-08 00:54:09 26      MHO_BBG000BL9MZ4_2021-03-30
2021-06-08 00:54:09 27      MIDD_BBG000DQN9R3_2021-03-30
2021-06-08 00:54:09 28      MINI_BBG000BGTX98_2021-03-30
2021-06-08 00:54:09 29      MKC_BBG000G6Y5W4_2021-03-30
2021-06-08 00:54:09 30      MKL_BBG000FC7366_2021-03-30
2021-06-08 00:54:09 31      MKSI_BBG000BVMG26_2021-03-30
2021-06-08 00:54:09 32      MKTX_BBG000BJBZ23_2021-03-30
2021-06-08 00:54:09 34      MLAB_BBG000BP3PW7_2021-03-30
2021-06-08 00:54:09 34      MLCO_BBG000BHP8J4_2021-03-30
2021-06-08 00:54:09 35      MLCO: SPYKE!. Candle: ID:3, Time: 6:35, Close: 20.45
2021-06-08 00:54:09 36      MLHR_BBG000BP46T2_2021-03-30
2021-06-08 00:54:09 36      MLM_BBG000BGYMH7_2021-03-30
2021-06-08 00:54:09 38      MMC_BBG000BP4MH0_2021-03-30
2021-06-08 00:54:09 39      MMI_BBG005GBRSR6_2021-03-30
2021-06-08 00:54:09 40      MMM_BBG000BP52R2_2021-03-30
2021-06-08 00:54:09 42      MMS_BBG000BC5WJ4_2021-03-30
2021-06-08 00:54:09 43      MMSI_BBG000C42VX0_2021-03-30
2021-06-08 00:54:09 44      MNRO_BBG000C0BZD1_2021-03-30
2021-06-08 00:54:09 44      MNRO: SPYKE!. Candle: ID:16, Time: 13:40, Close: 68.32
2021-06-08 00:54:09 45      MNST_BBG008NVB1C0_2021-03-30
2021-06-08 00:54:09 48      MO_BBG000BP6LJ8_2021-03-30
2021-06-08 00:54:09 51      MOH_BBG000MBHNC8_2021-03-30
2021-06-08 00:54:09 52      MOMO_BBG007HTCQT0_2021-03-30
2021-06-08 00:54:09 60      MORN_BBG000CGQ4F7_2021-03-30
2021-06-08 00:54:09 61      MOS_BBG000BFXHL6_2021-03-30
2021-06-08 00:54:09 64      MOV_BBG000BL30Y9_2021-03-30
2021-06-08 00:54:09 65      MPC_BBG001DCCGR8_2021-03-30
2021-06-08 00:54:09 68      MPWR_BBG000C30L48_2021-03-30
2021-06-08 00:54:09 70      MRC_BBG000BKLTM1_2021-03-30
2021-06-08 00:54:09 71      MRK_BBG000BPD168_2021-03-30
2021-06-08 00:54:09 76      MRNA_BBG003PHHZT1_2021-03-30
2021-06-08 00:54:09 89      MRO_BBG000C8H633_2021-03-30
2021-06-08 00:54:09 91      MRTX_BBG004TPGBP5_2021-03-30
2021-06-08 00:54:09 93      MS_BBG000BLZRJ2_2021-03-30
2021-06-08 00:54:09 99      MSA_BBG000BPDXF8_2021-03-30
2021-06-08 00:54:10 00      MSCI_BBG000RTDY25_2021-03-30
2021-06-08 00:54:10 02      MSFT_BBG000BPH459_2021-03-30
2021-06-08 00:54:10 21      MSGE_BBG00L9HLWV8_2021-03-30
2021-06-08 00:54:10 23      MSGN_BBG000NS03H7_2021-03-30
2021-06-08 00:54:10 24      MSGS_BBG007FG0C23_2021-03-30
2021-06-08 00:54:10 25      MSI_BBG000BP8Z50_2021-03-30
2021-06-08 00:54:10 27      MSM_BBG000BCLYL9_2021-03-30
2021-06-08 00:54:10 27      MSTR_BBG000GQJPZ0_2021-03-30
2021-06-08 00:54:10 30      MTB_BBG000D9KWL9_2021-03-30
2021-06-08 00:54:10 32      MTCH_BBG00B6WH9G3_2021-03-30
2021-06-08 00:54:10 37      MTD_BBG000BZCKH3_2021-03-30
2021-06-08 00:54:10 38      MTG_BBG000CBMH27_2021-03-30
2021-06-08 00:54:10 39      MTH_BBG000F4F1N0_2021-03-30
2021-06-08 00:54:10 40      MTN_BBG000BCMWM1_2021-03-30
2021-06-08 00:54:10 41      MTOR_BBG000BH92D1_2021-03-30
2021-06-08 00:54:10 43      MTRN_BBG000BDTT76_2021-03-30
2021-06-08 00:54:10 43      MTSC_BBG000BPL8G3_2021-03-30
2021-06-08 00:54:10 44      MU_BBG000C5Z1S3_2021-03-30
2021-06-08 00:54:10 53      MUR_BBG000BPMH90_2021-03-30
2021-06-08 00:54:10 54      MUSA_BBG001Z0Q6T5_2021-03-30
2021-06-08 00:54:10 55      MXIM_BBG000BPNP00_2021-03-30
2021-06-08 00:54:10 57      MXL_BBG000BB6R33_2021-03-30
2021-06-08 00:54:10 58      MYGN_BBG000D9H9F1_2021-03-30
2021-06-08 00:54:10 59      MYL_BBG000BPQD31_2021-03-30
2021-06-08 00:54:10 61      MYOK_BBG003DKQRK4_2021-03-30
2021-06-08 00:54:10 61      MYRG_BBG000BC7VW9_2021-03-30
2021-06-08 00:54:10 62      NARI_BBG009J8K7M0_2021-03-30
2021-06-08 00:54:10 63      NATI_BBG000DZK6N6_2021-03-30
2021-06-08 00:54:10 64      NAVI_BBG004MN1R41_2021-03-30
2021-06-08 00:54:10 66      NBIX_BBG000GJS7C1_2021-03-30
2021-06-08 00:54:10 68      NBL_BBG000BPT0C6_2021-03-30
2021-06-08 00:54:10 69      NCBS_BBG000QK0TG5_2021-03-30
2021-06-08 00:54:10 70      NCR_BBG000BMXK89_2021-03-30
2021-06-08 00:54:10 71      NDAQ_BBG000F5VVB6_2021-03-30
2021-06-08 00:54:10 73      NDSN_BBG000BPWGR1_2021-03-30
2021-06-08 00:54:10 75      NEE_BBG000BJSBJ0_2021-03-30
2021-06-08 00:54:10 78      NEM_BBG000BPWXK1_2021-03-30
2021-06-08 00:54:10 81      NEO_BBG000BKH263_2021-03-30
2021-06-08 00:54:10 83      NEOG_BBG000C1BCK2_2021-03-30
2021-06-08 00:54:10 84      NET_BBG001WMKHH5_2021-03-30
2021-06-08 00:54:10 86      NEU_BBG000BJ5SS8_2021-03-30
2021-06-08 00:54:10 87      NEWR_BBG001NFKJ68_2021-03-30
2021-06-08 00:54:10 88      NFLX_BBG000CL9VN6_2021-03-30
2021-06-08 00:54:10 94      NGVT_BBG009LM28K6_2021-03-30
2021-06-08 00:54:10 95      NJR_BBG000BPZVW9_2021-03-30
2021-06-08 00:54:10 96      NKE_BBG000C5HS04_2021-03-30
2021-06-08 00:54:11 01      NKTR_BBG000BHCYJ1_2021-03-30
2021-06-08 00:54:11 02      NLOK_BBG000BH2JM1_2021-03-30
2021-06-08 00:54:11 04      NLSN_BBG0088CYPX8_2021-03-30
2021-06-08 00:54:11 06      NMIH_BBG005DLMMZ6_2021-03-30
2021-06-08 00:54:11 07      NOC_BBG000BQ2C28_2021-03-30
2021-06-08 00:54:11 10      NOK_BBG000BNGBW9_2021-03-30
2021-06-08 00:54:11 15      NOV_BBG000BJX8C8_2021-03-30
2021-06-08 00:54:11 17      NOW_BBG000M1R011_2021-03-30
2021-06-08 00:54:11 20      NP_BBG000QCQ764_2021-03-30
2021-06-08 00:54:11 21      NPK_BBG000BQ4GG2_2021-03-30
2021-06-08 00:54:11 21      NRG_BBG000D8RG11_2021-03-30
2021-06-08 00:54:11 25      NSC_BBG000BQ5DS5_2021-03-30
2021-06-08 00:54:11 26      NSP_BBG000BJ41X2_2021-03-30
2021-06-08 00:54:11 27      NTAP_BBG000FP1N32_2021-03-30
2021-06-08 00:54:11 30      NTCO_BBG00R4ZKPN5_2021-03-30
2021-06-08 00:54:11 31      NTCT_BBG000C136Z8_2021-03-30
2021-06-08 00:54:11 32      NTES_BBG000BX72V8_2021-03-30
2021-06-08 00:54:11 35      NTGR_BBG000C4GBR6_2021-03-30
2021-06-08 00:54:11 36      NTLA_BBG007KC7PB0_2021-03-30
2021-06-08 00:54:11 39      NTNX_BBG001NDW1Z7_2021-03-30
2021-06-08 00:54:11 41      NTRA_BBG001J1BQ86_2021-03-30
2021-06-08 00:54:11 43      NTRS_BBG000BQ74K1_2021-03-30
2021-06-08 00:54:11 45      NTUS_BBG000DPZHS3_2021-03-30
2021-06-08 00:54:11 46      NUE_BBG000BQ8KV2_2021-03-30
2021-06-08 00:54:11 48      NUS_BBG000HG21Y3_2021-03-30
2021-06-08 00:54:11 50      NUVA_BBG000LNL298_2021-03-30
2021-06-08 00:54:11 51      NVDA_BBG000BBJQV0_2021-03-30
2021-06-08 00:54:11 61      NVEE_BBG005BT60Y8_2021-03-30
2021-06-08 00:54:11 62      NVR_BBG000BQBYR3_2021-03-30
2021-06-08 00:54:11 63      NVRO_BBG001K61W36_2021-03-30
2021-06-08 00:54:11 64      NVTA_BBG005DJFD43_2021-03-30
2021-06-08 00:54:11 67      NWE_BBG000Q1NMJ4_2021-03-30
2021-06-08 00:54:11 69      NWL_BBG000BQC9V2_2021-03-30
2021-06-08 00:54:11 72      NWLI_BBG008HNHZ07_2021-03-30
2021-06-08 00:54:11 72      NWS_BBG0035M2ZB7_2021-03-30
2021-06-08 00:54:11 75      NWSA_BBG0035LY913_2021-03-30
2021-06-08 00:54:11 77      NXPI_BBG000BND699_2021-03-30
2021-06-08 00:54:11 80      NXST_BBG000DZJVH0_2021-03-30
2021-06-08 00:54:11 82      NYT_BBG000FFC0B3_2021-03-30
2021-06-08 00:54:11 83      O_BBG000DHPN63_2021-03-30
2021-06-08 00:54:11 86      OC_BBG000M44VW8_2021-03-30
2021-06-08 00:54:11 87      ODFL_BBG000CHSS88_2021-03-30
2021-06-08 00:54:11 89      OFIX_BBG000G1C210_2021-03-30
2021-06-08 00:54:11 90      OHI_BBG000BGBTC2_2021-03-30
2021-06-08 00:54:11 91      OI_BBG00R2JZG39_2021-03-30
2021-06-08 00:54:11 93      OII_BBG000CPBCL8_2021-03-30
2021-06-08 00:54:11 94      OIS_BBG000BDDN94_2021-03-30
2021-06-08 00:54:11 96      OKE_BBG000BQHGR6_2021-03-30
2021-06-08 00:54:11 97      OKTA_BBG001YV1SM4_2021-03-30
2021-06-08 00:54:12 00      OLED_BBG000BLRP41_2021-03-30
2021-06-08 00:54:12 02      OLLI_BBG0098VVDT9_2021-03-30
2021-06-08 00:54:12 03      OMC_BBG000BS9489_2021-03-30
2021-06-08 00:54:12 04      OMCL_BBG000BTNGZ4_2021-03-30
2021-06-08 00:54:12 06      OMCL: SPYKE!. Candle: ID:2823, Time: 21:05, Close: 134.9
2021-06-08 00:54:12 06      ON_BBG000DV7MX4_2021-03-30
2021-06-08 00:54:12 10      ONTO_BBG000BPRN29_2021-03-30
2021-06-08 00:54:12 11      ORCL_BBG000BQLTW7_2021-03-30
2021-06-08 00:54:12 15      ORLY_BBG000BGYWY6_2021-03-30
2021-06-08 00:54:12 17      OSIS_BBG000BWPR54_2021-03-30
2021-06-08 00:54:12 18      OSK_BBG000CC53X1_2021-03-30
2021-06-08 00:54:12 19      OSUR_BBG000J3D1Y8_2021-03-30
2021-06-08 00:54:12 21      OTIS_BBG00RP60KV0_2021-03-30
2021-06-08 00:54:12 23      OVV_BBG00R2NHQ65_2021-03-30
2021-06-08 00:54:12 24      OXY_BBG000BQQ2S6_2021-03-30
2021-06-08 00:54:12 28      PAGS_BBG00JM7QBR6_2021-03-30
2021-06-08 00:54:12 33      PANW_BBG0014GJCT9_2021-03-30
2021-06-08 00:54:12 34      PATK_BBG000BQSBB2_2021-03-30
2021-06-08 00:54:12 35      PAYC_BBG0064N0ZZ5_2021-03-30
2021-06-08 00:54:12 37      PB_BBG000BHY4D9_2021-03-30
2021-06-08 00:54:12 38      PBCT_BBG000BQT4L6_2021-03-30
2021-06-08 00:54:12 40      PBF_BBG002832GV8_2021-03-30
2021-06-08 00:54:12 43      PBH_BBG000QM0RZ4_2021-03-30
2021-06-08 00:54:12 44      PBI_BBG000BQTMJ9_2021-03-30
2021-06-08 00:54:12 45      PCAR_BBG000BQVTF5_2021-03-30
2021-06-08 00:54:12 63      PCG_BBG000BQWPC5_2021-03-30
2021-06-08 00:54:12 64      PCRX_BBG0018FQNS6_2021-03-30
2021-06-08 00:54:12 65      PCTY_BBG006598YS8_2021-03-30
2021-06-08 00:54:12 67      PD_BBG0043BYPB8_2021-03-30
2021-06-08 00:54:12 68      PDCO_BBG000BQY289_2021-03-30
2021-06-08 00:54:12 69      PEAK_BBG000BKYDP9_2021-03-30
2021-06-08 00:54:12 71      PEG_BBG000BQZMH4_2021-03-30
2021-06-08 00:54:12 72      PEGA_BBG000H1RYG7_2021-03-30
2021-06-08 00:54:12 74      PEN_BBG001BP92V1_2021-03-30
2021-06-08 00:54:12 75      PEP_BBG000DH7JK6_2021-03-30
2021-06-08 00:54:12 80      PETQ_BBG00H1CY328_2021-03-30
2021-06-08 00:54:12 81      PFE_BBG000BR2B91_2021-03-30
2021-06-08 00:54:12 85      PFG_BBG000NSCNT7_2021-03-30
2021-06-08 00:54:12 88      PFGC_BBG009XW2WB8_2021-03-30
2021-06-08 00:54:12 89      PFPT_BBG000RQ2GY7_2021-03-30
2021-06-08 00:54:12 90      PG_BBG000BR2TH3_2021-03-30
2021-06-08 00:54:12 95      PGNY_BBG002H1K1H1_2021-03-30
2021-06-08 00:54:12 96      PGR_BBG000BR37X2_2021-03-30
2021-06-08 00:54:12 98      PGTI_BBG000FX3Y66_2021-03-30
2021-06-08 00:54:12 99      PH_BBG000BR3KL6_2021-03-30
2021-06-08 00:54:13 00      PHM_BBG000BR54L0_2021-03-30
2021-06-08 00:54:13 02      PII_BBG000D5S4M0_2021-03-30
2021-06-08 00:54:13 04      PINC_BBG000G7QX50_2021-03-30
2021-06-08 00:54:13 05      PINS_BBG002583CV8_2021-03-30
2021-06-08 00:54:13 08      PIPR_BBG000FQXC75_2021-03-30
2021-06-08 00:54:13 08      PKG_BBG000BB8SW7_2021-03-30
2021-06-08 00:54:13 10      PKI_BBG000FXW512_2021-03-30
2021-06-08 00:54:13 11      PLAN_BBG002DZS299_2021-03-30
2021-06-08 00:54:13 13      PLAY_BBG001WWJTK5_2021-03-30
2021-06-08 00:54:13 15      PLCE_BBG000JK9DK4_2021-03-30
2021-06-08 00:54:13 16      PLD_BBG000B9Z0J8_2021-03-30
2021-06-08 00:54:13 18      PLNT_BBG009H04M17_2021-03-30
2021-06-08 00:54:13 19      PLTR_BBG000N7QR55_2021-03-30
2021-06-08 00:54:13 30      PLUS_BBG000HN7W02_2021-03-30
2021-06-08 00:54:13 31      PLXS_BBG000BRBX66_2021-03-30
2021-06-08 00:54:13 32      PM_BBG000J2XL74_2021-03-30
2021-06-08 00:54:13 35      PNC_BBG000BRD0D8_2021-03-30
2021-06-08 00:54:13 37      PNFP_BBG000C1XKF6_2021-03-30
2021-06-08 00:54:13 38      PNTG_BBG00P33SY72_2021-03-30
2021-06-08 00:54:13 39      PODD_BBG000R7XX87_2021-03-30
2021-06-08 00:54:13 41      POOL_BBG000BCVG28_2021-03-30
2021-06-08 00:54:13 42      POR_BBG000BCRMW7_2021-03-30
2021-06-08 00:54:13 43      POST_BBG001WTBC36_2021-03-30
2021-06-08 00:54:13 44      POWI_BBG000BTT3D1_2021-03-30
2021-06-08 00:54:13 45      PPC_BBG000BFLXV3_2021-03-30
2021-06-08 00:54:13 46      PPG_BBG000BRJ809_2021-03-30
2021-06-08 00:54:13 47      PPL_BBG000BRJL00_2021-03-30
2021-06-08 00:54:13 49      PRAA_BBG000BNTW77_2021-03-30
2021-06-08 00:54:13 51      PRAH_BBG007387YL8_2021-03-30
2021-06-08 00:54:13 52      PRFT_BBG000BVXFK6_2021-03-30
2021-06-08 00:54:13 53      PRG_BBG00VSH86G4_2021-03-30
2021-06-08 00:54:13 54      PRGS_BBG000C4QP94_2021-03-30
2021-06-08 00:54:13 55      PRI_BBG000T8ZF80_2021-03-30
2021-06-08 00:54:13 56      PRLB_BBG000BT13B3_2021-03-30
2021-06-08 00:54:13 58      PRSC_TCS000P1B7C8_2021-03-30
2021-06-08 00:54:13 59      PRSP_BBG00KMXKWF9_2021-03-30
2021-06-08 00:54:13 60      PRU_BBG000HCJMF9_2021-03-30
2021-06-08 00:54:13 63      PS_BBG00KMYC574_2021-03-30
2021-06-08 00:54:13 64      PSA_BBG000BPPN67_2021-03-30
2021-06-08 00:54:13 66      PSN_BBG000C3TKY6_2021-03-30
2021-06-08 00:54:13 66      PSTG_BBG00212PVZ5_2021-03-30
2021-06-08 00:54:13 69      PSX_BBG00286S4N9_2021-03-30
2021-06-08 00:54:13 72      PTC_BBG000C2VBB0_2021-03-30
2021-06-08 00:54:13 74      PTCT_BBG000QT15P7_2021-03-30
2021-06-08 00:54:13 76      PTON_BBG00JG0FFZ2_2021-03-30
2021-06-08 00:54:13 81      PTR_BBG000BR85F1_2021-03-30
2021-06-08 00:54:13 81      PUMP_BBG00FYCQ352_2021-03-30
2021-06-08 00:54:13 82      PVH_BBG000BRRG02_2021-03-30
2021-06-08 00:54:13 84      PWR_BBG000BBL8V7_2021-03-30
2021-06-08 00:54:13 85      PXD_BBG000BXRPH1_2021-03-30
2021-06-08 00:54:13 86      PYPL_BBG0077VNXV6_2021-03-30
2021-06-08 00:54:13 94      PZZA_BBG000BFWF13_2021-03-30
2021-06-08 00:54:13 96      QADA_BBG001BP77C3_2021-03-30
2021-06-08 00:54:13 98      QCOM_BBG000CGC1X8_2021-03-30
2021-06-08 00:54:14 07      QDEL_BBG000C6GN04_2021-03-30
2021-06-08 00:54:14 09      QLYS_BBG000HT5G06_2021-03-30
2021-06-08 00:54:14 10      QNST_BBG000S9XXB8_2021-03-30
2021-06-08 00:54:14 11      QRTEA_BBG000PCQQL6_2021-03-30
2021-06-08 00:54:14 13      QRVO_BBG007TJF1N7_2021-03-30
2021-06-08 00:54:14 15      QTS_BBG0054B20Z8_2021-03-30
2021-06-08 00:54:14 16      QTWO_BBG005ZVK9P2_2021-03-30
2021-06-08 00:54:14 17      QUOT_BBG001QYNR63_2021-03-30
2021-06-08 00:54:14 18      R_BBG000BRVP70_2021-03-30
2021-06-08 00:54:14 19      RACE_BBG009PH3Q86_2021-03-30
2021-06-08 00:54:14 20      RAMP_BBG000BB4HM6_2021-03-30
2021-06-08 00:54:14 22      RARE_BBG001RWPDW6_2021-03-30
2021-06-08 00:54:14 23      RAVN_BBG000CXQTZ3_2021-03-30
2021-06-08 00:54:14 24      RBC_BBG000BRXTR8_2021-03-30
2021-06-08 00:54:14 26      RCL_BBG000BB5792_2021-03-30
2021-06-08 00:54:14 28      RDFN_BBG001Q7HP63_2021-03-30
2021-06-08 00:54:14 30      RDS.A_BBG000QXSSS6_2021-03-30
2021-06-08 00:54:14 32      RDY_BBG000NJ96L6_2021-03-30
2021-06-08 00:54:14 32      RE_BBG000C1XVK6_2021-03-30
2021-06-08 00:54:14 33      REG_BBG000BL46Q4_2021-03-30
2021-06-08 00:54:14 36      REGI_BBG0016SSV00_2021-03-30
2021-06-08 00:54:14 37      REGN_BBG000C734W3_2021-03-30
2021-06-08 00:54:14 40      RETA_BBG000R33BD1_2021-03-30
2021-06-08 00:54:14 41      REX_BBG000D2ZK61_2021-03-30
2021-06-08 00:54:14 41      REX: SPYKE!. Candle: ID:9, Time: 14:05, Close: 84.68
2021-06-08 00:54:14 42      REZI_BBG00HY28K89_2021-03-30
2021-06-08 00:54:14 43      RF_BBG000Q3JN03_2021-03-30
2021-06-08 00:54:14 44      RGA_BBG000BDLCQ0_2021-03-30
2021-06-08 00:54:14 46      RGEN_BBG000BS48J3_2021-03-30
2021-06-08 00:54:14 47      RGLD_BBG000BS5170_2021-03-30
2021-06-08 00:54:14 48      RGNX_BBG007Z9V591_2021-03-30
2021-06-08 00:54:14 49      RGR_BBG000C4FQG6_2021-03-30
2021-06-08 00:54:14 50      RH_BBG002293PJ4_2021-03-30
2021-06-08 00:54:14 51      RHI_BBG000BS5DR2_2021-03-30
2021-06-08 00:54:14 53      RIG_BBG000BH5LT6_2021-03-30
2021-06-08 00:54:14 57      RJF_BBG000BS73J1_2021-03-30
2021-06-08 00:54:14 58      RL_BBG000BS0ZF1_2021-03-30
2021-06-08 00:54:14 59      RMD_BBG000L4M7F1_2021-03-30
2021-06-08 00:54:14 60      RNG_BBG000J094P3_2021-03-30
2021-06-08 00:54:14 62      ROCK_BBG000BKQDQ7_2021-03-30
2021-06-08 00:54:14 63      ROG_BBG000BS9HN3_2021-03-30
2021-06-08 00:54:14 64      ROK_BBG000BBCDZ2_2021-03-30
2021-06-08 00:54:14 65      ROKU_BBG001ZZPQJ6_2021-03-30
2021-06-08 00:54:14 70      ROL_BBG000BSBBP1_2021-03-30
2021-06-08 00:54:14 71      ROLL_BBG000GMGNB3_2021-03-30
2021-06-08 00:54:14 72      ROP_BBG000F1ZSN5_2021-03-30
2021-06-08 00:54:14 73      ROST_BBG000BSBZH7_2021-03-30
2021-06-08 00:54:14 76      RP_BBG000CN5CJ3_2021-03-30
2021-06-08 00:54:14 77      RPD_BBG009DFHWG6_2021-03-30
2021-06-08 00:54:14 78      RPM_BBG000DCNK80_2021-03-30
2021-06-08 00:54:14 80      RRBI_BBG000QKNLB2_2021-03-30
2021-06-08 00:54:14 81      RRC_BBG000FVXD63_2021-03-30
2021-06-08 00:54:14 82      RRGB_BBG000MXH9C1_2021-03-30
2021-06-08 00:54:14 83      RS_BBG000CJ2181_2021-03-30
2021-06-08 00:54:14 85      RSG_BBG000BPXVJ6_2021-03-30
2021-06-08 00:54:14 86      RTX_BBG000BW8S60_2021-03-30
2021-06-08 00:54:14 90      RVLV_BBG00M4RHBD0_2021-03-30
2021-06-08 00:54:14 91      RXN_BBG000H8R0N8_2021-03-30
2021-06-08 00:54:14 93      RYN_BBG000BG7L34_2021-03-30
2021-06-08 00:54:14 94      RYTM_BBG007DLZ601_2021-03-30
2021-06-08 00:54:14 95      SAFM_BBG000BSHJ96_2021-03-30
2021-06-08 00:54:14 96      SAGE_BBG0025X16Y5_2021-03-30
2021-06-08 00:54:14 97      SAIA_BBG000P5LMQ0_2021-03-30
2021-06-08 00:54:14 98      SAIC_BBG003BW05K6_2021-03-30
2021-06-08 00:54:14 99      SAIL_BBG00J0BBZL0_2021-03-30
2021-06-08 00:54:15 01      SAM_BBG000BCZBF1_2021-03-30
2021-06-08 00:54:15 02      SAVE_BBG000BF6RQ9_2021-03-30
2021-06-08 00:54:15 04      SBAC_BBG000D2M0Z7_2021-03-30
2021-06-08 00:54:15 05      SBCF_BBG000KK3464_2021-03-30
2021-06-08 00:54:15 06      SBGI_BBG000F2XXP2_2021-03-30
2021-06-08 00:54:15 08      SBH_BBG000LR8515_2021-03-30
2021-06-08 00:54:15 08      SBH: SPYKE!. Candle: ID:11, Time: 13:25, Close: 19.88
2021-06-08 00:54:15 10      SBRA_BBG000MTDW24_2021-03-30
2021-06-08 00:54:15 11      SBUX_BBG000CTQBF3_2021-03-30
2021-06-08 00:54:15 15      SCCO_BBG000BSHH72_2021-03-30
2021-06-08 00:54:15 16      SCHW_BBG000BSLZY7_2021-03-30
2021-06-08 00:54:15 20      SCI_BBG000BTHH16_2021-03-30
2021-06-08 00:54:15 22      SCSC_BBG000BHTPZ4_2021-03-30
2021-06-08 00:54:15 23      SDGR_BBG000T88BN2_2021-03-30
2021-06-08 00:54:15 26      SEDG_BBG0084BBZY6_2021-03-30
2021-06-08 00:54:15 29      SEE_BBG000C22QV7_2021-03-30
2021-06-08 00:54:15 30      SEIC_BBG000BSQLT9_2021-03-30
2021-06-08 00:54:15 31      SERV_TCS002WMH2F2_2021-03-30
2021-06-08 00:54:15 32      SF_BBG000BSS5C0_2021-03-30
2021-06-08 00:54:15 33      SFIX_BBG0046L1KL9_2021-03-30
2021-06-08 00:54:15 35      SFM_BBG001KFKQM7_2021-03-30
2021-06-08 00:54:15 38      SGEN_BBG000BH0FR6_2021-03-30
2021-06-08 00:54:15 40      SHAK_BBG0063GCHH8_2021-03-30
2021-06-08 00:54:15 41      SHEN_BBG000BTC2N0_2021-03-30
2021-06-08 00:54:15 42      SHI_BBG000BHR1H9_2021-03-30
2021-06-08 00:54:15 43      SHW_BBG000BSXQV7_2021-03-30
2021-06-08 00:54:15 43      SIG_BBG000C4ZZ10_2021-03-30
2021-06-08 00:54:15 44      SIGI_BBG000BSZ738_2021-03-30
2021-06-08 00:54:15 46      SINA_BBG000CJZ2W6_2021-03-30
2021-06-08 00:54:15 46      SITE_BBG009T22D49_2021-03-30
2021-06-08 00:54:15 47      SIVB_BBG000BT0CM2_2021-03-30
2021-06-08 00:54:15 49      SJI_BBG000BT0T72_2021-03-30
2021-06-08 00:54:15 50      SJM_BBG000BT1715_2021-03-30
2021-06-08 00:54:15 52      SKM_BBG000BLN497_2021-03-30
2021-06-08 00:54:15 53      SKX_BBG000C4HKK2_2021-03-30
2021-06-08 00:54:15 55      SLAB_BBG000BB99S3_2021-03-30
2021-06-08 00:54:15 57      SLB_BBG000BT41Q8_2021-03-30
2021-06-08 00:54:15 59      SLG_BBG000BVP5P2_2021-03-30
2021-06-08 00:54:15 61      SMAR_BBG00GQK3WB5_2021-03-30
2021-06-08 00:54:15 62      SMG_BBG000BT5PG5_2021-03-30
2021-06-08 00:54:15 63      SMPL_BBG00GVP5JL4_2021-03-30
2021-06-08 00:54:15 64      SMTC_BBG000DBKR53_2021-03-30
2021-06-08 00:54:15 66      SNA_BBG000BT7JW9_2021-03-30
2021-06-08 00:54:15 67      SNAP_BBG00441QMJ7_2021-03-30
2021-06-08 00:54:15 73      SNBR_BBG000DM2BF3_2021-03-30
2021-06-08 00:54:15 75      SNPS_BBG000BSFRF3_2021-03-30
2021-06-08 00:54:15 77      SNX_BBG000CL9JV4_2021-03-30
2021-06-08 00:54:15 78      SNY_BBG000BBD5N1_2021-03-30
2021-06-08 00:54:15 79      SO_BBG000BT9DW0_2021-03-30
2021-06-08 00:54:15 81      SOHU_BBG00L2DB535_2021-03-30
2021-06-08 00:54:15 82      SON_BBG000D7HF89_2021-03-30
2021-06-08 00:54:15 84      SONO_BBG001JZPSQ2_2021-03-30
2021-06-08 00:54:15 86      SP_BBG000BJ91B1_2021-03-30
2021-06-08 00:54:15 87      SPB@US_BBG000DS5588_2021-03-30
2021-06-08 00:54:15 88      SPCE_BBG00HTN2CQ3_2021-03-30
2021-06-08 00:54:16 01      SPCE: SPYKE!. Candle: ID:9235, Time: 11:35, Close: 27.95
2021-06-08 00:54:16 08      SPG_BBG000BJ2D31_2021-03-30
2021-06-08 00:54:16 11      SPGI_BBG000BP1Q11_2021-03-30
2021-06-08 00:54:16 13      SPLK_BBG001C7TST4_2021-03-30
2021-06-08 00:54:16 16      SPOT_BBG003T4VFC2_2021-03-30
2021-06-08 00:54:16 20      SPR_BBG000PRJ2Z9_2021-03-30
2021-06-08 00:54:16 22      SPSC_BBG000PZGB75_2021-03-30
2021-06-08 00:54:16 23      SQ_BBG0018SLC07_2021-03-30
2021-06-08 00:54:16 29      SRC_BBG0027Z6X10_2021-03-30
2021-06-08 00:54:16 30      SRCL_BBG000H3FZM6_2021-03-30
2021-06-08 00:54:16 31      SRDX_BBG000BZ2QG2_2021-03-30
2021-06-08 00:54:16 33      SRE_BBG000C2ZCH8_2021-03-30
2021-06-08 00:54:16 34      SRI_BBG000BB9Q78_2021-03-30
2021-06-08 00:54:16 35      SRPT_BBG000BCJ161_2021-03-30
2021-06-08 00:54:16 38      SSD_BBG000JLC8L8_2021-03-30
2021-06-08 00:54:16 39      SSNC_BBG000RJ2J04_2021-03-30
2021-06-08 00:54:16 41      SSTK_BBG002ZCK2V9_2021-03-30
2021-06-08 00:54:16 42      STAA_BBG000C4QB95_2021-03-30
2021-06-08 00:54:16 44      STAG_BBG000BGLFP7_2021-03-30
2021-06-08 00:54:16 45      STLD_BBG000HGYNZ9_2021-03-30
2021-06-08 00:54:16 48      STMP_BBG000CZ4KF3_2021-03-30
2021-06-08 00:54:16 49      STRA_BBG000GRZDV1_2021-03-30
2021-06-08 00:54:16 51      STT_BBG000BKFBD7_2021-03-30
2021-06-08 00:54:16 53      STX_BBG000F0KF42_2021-03-30
2021-06-08 00:54:16 53      Warning: figi `BBG000F0KF42` for history data does not match actual figi `BBG0113JGQF0`. Ticker: STX. Will be used actual!
2021-06-08 00:54:16 55      STZ_BBG000J1QLT0_2021-03-30
2021-06-08 00:54:16 57      SUPN_BBG000BP0HX7_2021-03-30
2021-06-08 00:54:16 58      SWAV_BBG005XVXML5_2021-03-30
2021-06-08 00:54:16 60      SWBI_BBG000BM0QL7_2021-03-30
2021-06-08 00:54:16 63      SWCH_BBG00HPDM5Z2_2021-03-30
2021-06-08 00:54:16 64      SWI_BBG00M1CKSK7_2021-03-30
2021-06-08 00:54:16 65      SWK_BBG000BTQR96_2021-03-30
2021-06-08 00:54:16 67      SWKS_BBG000KLB4Q1_2021-03-30
2021-06-08 00:54:16 70      SWN_BBG000BTR593_2021-03-30
2021-06-08 00:54:16 73      SWX_BBG00FWP4JW4_2021-03-30
2021-06-08 00:54:16 74      SXI_BBG000BTT5B8_2021-03-30
2021-06-08 00:54:16 75      SXT_BBG000J79P80_2021-03-30
2021-06-08 00:54:16 76      SYF_BBG00658F3P3_2021-03-30
2021-06-08 00:54:16 79      SYK_BBG000DN7P92_2021-03-30
2021-06-08 00:54:16 81      SYKE_BBG000BBHPV4_2021-03-30
2021-06-08 00:54:16 82      SYNA_BBG000BQV1S2_2021-03-30
2021-06-08 00:54:16 83      SYNH_BBG0078Y1D92_2021-03-30
2021-06-08 00:54:16 85      SYY_BBG000BTVJ25_2021-03-30
2021-06-08 00:54:16 87      T_BBG000BSJK37_2021-03-30
2021-06-08 00:54:16 90      TAK_BBG000LF8708_2021-03-30
2021-06-08 00:54:16 91      TAL_BBG0016XJ8S0_2021-03-30
2021-06-08 00:54:16 95      TAP_BBG000BS7KS3_2021-03-30
2021-06-08 00:54:16 96      TCBI_BBG000DN4ZT1_2021-03-30
2021-06-08 00:54:16 99      TCMD_BBG001B12Z39_2021-03-30
2021-06-08 00:54:17 00      TCMD: SPYKE!. Candle: ID:6, Time: 13:30, Close: 49.85
2021-06-08 00:54:17 00      TCRR_BBG00FH3FM15_2021-03-30
2021-06-08 00:54:17 02      TCS_BBG005DXJS36_2021-03-30
2021-06-08 00:54:17 03      TCS: BuyPending. Strategy: MorningOpenStrategy. Price: 56.76. Lots: 4. ChangeOpenToCurrent: -2.10. ChangePrevCloseToCurrent: -0.60. Candle: ID:9, Time: 7:00, Close: 56.76.
2021-06-08 00:54:17 03      TCS: OrderID: 3c682787. PlacedOrder. Status: New. RejectReason: 
2021-06-08 00:54:17 03      TCS: Cancel order. Did not bought at market open. Candle: ID:57, Time: 7:05, Close: 57.8
2021-06-08 00:54:17 03      OrderID: 3c682787 successfully canceled
2021-06-08 00:54:17 04      TCX_BBG000L69KL5_2021-03-30
2021-06-08 00:54:17 05      TDC_BBG000R0L5J4_2021-03-30
2021-06-08 00:54:17 06      TDG_BBG000L8CBX4_2021-03-30
2021-06-08 00:54:17 07      TDOC_BBG0019T5SG0_2021-03-30
2021-06-08 00:54:17 09      TDS_BBG000BV0VK7_2021-03-30
2021-06-08 00:54:17 10      TDY_BBG000BMT9T6_2021-03-30
2021-06-08 00:54:17 12      TECD_BBG000BV2BR2_2021-03-30
2021-06-08 00:54:17 12      TECH_BBG000C15114_2021-03-30
2021-06-08 00:54:17 13      TEL_BBG000RGM5P1_2021-03-30
2021-06-08 00:54:17 15      TENB_BBG00LBLCD02_2021-03-30
2021-06-08 00:54:17 17      TER_BBG000BV4DR6_2021-03-30
2021-06-08 00:54:17 21      TFC_BBG000BYYLS8_2021-03-30
2021-06-08 00:54:17 24      TFX_BBG000BV59Y6_2021-03-30
2021-06-08 00:54:17 25      TGNA_BBG000BK5DP1_2021-03-30
2021-06-08 00:54:17 27      TGT_BBG000H8TVT2_2021-03-30
2021-06-08 00:54:17 30      THG_BBG000FJH8W0_2021-03-30
2021-06-08 00:54:17 31      THO_BBG000BV6R84_2021-03-30
2021-06-08 00:54:17 32      THRM_BBG000BQLM34_2021-03-30
2021-06-08 00:54:17 33      THS_BBG000GQGJT4_2021-03-30
2021-06-08 00:54:17 35      TIF_BBG000BV75B7_2021-03-30
2021-06-08 00:54:17 36      TJX_BBG000BV8DN6_2021-03-30
2021-06-08 00:54:17 39      TKR_BBG000BV95H9_2021-03-30
2021-06-08 00:54:17 41      TMHC_BBG003PGJHP5_2021-03-30
2021-06-08 00:54:17 42      TMO_BBG000BVDLH9_2021-03-30
2021-06-08 00:54:17 44      TMUS_BBG000NDV1D4_2021-03-30
2021-06-08 00:54:17 48      TMX_BBG002WMH2F2_2021-03-30
2021-06-08 00:54:17 49      TNC_BBG000JCZJS2_2021-03-30
2021-06-08 00:54:17 50      TNDM_BBG0019V9M65_2021-03-30
2021-06-08 00:54:17 52      TNET_BBG000BR2040_2021-03-30
2021-06-08 00:54:17 53      TOL_BBG000BVHBM1_2021-03-30
2021-06-08 00:54:17 54      TOT_BBG000CHZ857_2021-03-30
2021-06-08 00:54:17 55      TPH_BBG0016YQTR5_2021-03-30
2021-06-08 00:54:17 57      TPIC_BBG0016MQ7C5_2021-03-30
2021-06-08 00:54:17 58      TPR_BBG000BY29C7_2021-03-30
2021-06-08 00:54:17 61      TPTX_BBG00NPL9WH7_2021-03-30
2021-06-08 00:54:17 62      TPX_BBG000PXGT62_2021-03-30
2021-06-08 00:54:17 65      TREE_BBG000TVRB50_2021-03-30
2021-06-08 00:54:17 66      TREX_BBG000BTGKK9_2021-03-30
2021-06-08 00:54:17 67      TRHC_BBG00BT7PPY8_2021-03-30
2021-06-08 00:54:17 68      TRIP_BBG001M8HHB7_2021-03-30
2021-06-08 00:54:17 71      TRMB_BBG000BNPS52_2021-03-30
2021-06-08 00:54:17 74      TROW_BBG000BVMPN3_2021-03-30
2021-06-08 00:54:17 76      TRU_BBG002Q7J5Z1_2021-03-30
2021-06-08 00:54:17 77      TRUP_BBG002BC7WC5_2021-03-30
2021-06-08 00:54:17 78      TRV_BBG000BJ81C1_2021-03-30
2021-06-08 00:54:17 80      TSCO_BBG000BLXZN1_2021-03-30
2021-06-08 00:54:17 82      TSLA_BBG000N9MNX3_2021-03-30
2021-06-08 00:54:18 26      TSM_BBG000BD8ZK0_2021-03-30
2021-06-08 00:54:18 32      TSN_BBG000DKCC19_2021-03-30
2021-06-08 00:54:18 34      TSS_BBG000C1JTL6_2021-03-30
2021-06-08 00:54:18 35      TT_BBG000BM6788_2021-03-30
2021-06-08 00:54:18 36      TTC_BBG000BVQRY3_2021-03-30
2021-06-08 00:54:18 37      TTD_BBG00629NGT2_2021-03-30
2021-06-08 00:54:18 39      TTEK_BBG000BYZ0Q5_2021-03-30
2021-06-08 00:54:18 40      TTM_BBG000PVGDH9_2021-03-30
2021-06-08 00:54:18 41      TTMI_BBG000BYQ0B1_2021-03-30
2021-06-08 00:54:18 43      TTWO_BBG000BS1YV5_2021-03-30
2021-06-08 00:54:18 45      TW_BBG00NK8H8T2_2021-03-30
2021-06-08 00:54:18 46      TWLO_BBG0029ZX840_2021-03-30
2021-06-08 00:54:18 49      TWNK_BBG00B6KGNN1_2021-03-30
2021-06-08 00:54:18 51      TWOU_BBG001KS9450_2021-03-30
2021-06-08 00:54:18 53      TWTR_BBG000H6HNW3_2021-03-30
2021-06-08 00:54:18 60      TXG_BBG007WX14X0_2021-03-30
2021-06-08 00:54:18 63      TXN_BBG000BVV7G1_2021-03-30
2021-06-08 00:54:18 70      TXRH_BBG000PSJMV7_2021-03-30
2021-06-08 00:54:18 75      TXT_BBG000BVVQQ8_2021-03-30
2021-06-08 00:54:18 78      TYL_BBG000BVWZF9_2021-03-30
2021-06-08 00:54:18 80      UA_BBG009DTD8H2_2021-03-30
2021-06-08 00:54:18 81      UAA_BBG000BXM6V2_2021-03-30
2021-06-08 00:54:18 84      UAL_BBG000M65M61_2021-03-30
2021-06-08 00:54:18 92      UBER_BBG002B04MT8_2021-03-30
2021-06-08 00:54:18 96      UCTT_BBG000HSLV70_2021-03-30
2021-06-08 00:54:18 98      UDR_BBG000C41023_2021-03-30
2021-06-08 00:54:18 99      UFPI_BBG000BL0T06_2021-03-30
2021-06-08 00:54:19 01      UFS_BBG000BHFHP8_2021-03-30
2021-06-08 00:54:19 02      UGI_BBG000BVYN55_2021-03-30
2021-06-08 00:54:19 05      UHS_BBG000CB8Q50_2021-03-30
2021-06-08 00:54:19 07      UI_BBG001R72SR9_2021-03-30
2021-06-08 00:54:19 08      ULTA_BBG00FWQ4VD6_2021-03-30
2021-06-08 00:54:19 10      UMBF_BBG000DD8WX1_2021-03-30
2021-06-08 00:54:19 11      UNF_BBG000BW29L1_2021-03-30
2021-06-08 00:54:19 11      UNH_BBG000CH5208_2021-03-30
2021-06-08 00:54:19 15      UNM_BBG000BW2QX0_2021-03-30
2021-06-08 00:54:19 17      UNP_BBG000BW3299_2021-03-30
2021-06-08 00:54:19 21      UNVR_BBG000BDHD29_2021-03-30
2021-06-08 00:54:19 23      UPS_BBG000L9CV04_2021-03-30
2021-06-08 00:54:19 26      UPWK_BBG00FBJ6390_2021-03-30
2021-06-08 00:54:19 28      URBN_BBG000BL79J3_2021-03-30
2021-06-08 00:54:19 30      URI_BBG000BXMFC3_2021-03-30
2021-06-08 00:54:19 32      USB_BBG000FFDM15_2021-03-30
2021-06-08 00:54:19 36      USFD_BBG00C6H6D40_2021-03-30
2021-06-08 00:54:19 37      USM_BBG000BW6P59_2021-03-30
2021-06-08 00:54:19 38      USNA_BBG000BX28M0_2021-03-30
2021-06-08 00:54:19 39      USPH_BBG000CSRSG6_2021-03-30
2021-06-08 00:54:19 40      UTHR_BBG000BV4XJ1_2021-03-30
2021-06-08 00:54:19 41      UTL_BBG000BW7X97_2021-03-30
2021-06-08 00:54:19 42      UTX_BBG0089KM290_2021-03-30
2021-06-08 00:54:19 43      V_BBG000PSKYX7_2021-03-30
2021-06-08 00:54:19 47      VAC_BBG001J2R5H3_2021-03-30
2021-06-08 00:54:19 49      VALE_BBG000BN5LG7_2021-03-30
2021-06-08 00:54:19 51      VAR_BBG000BWBZN1_2021-03-30
2021-06-08 00:54:19 52      VC_BBG0016T3GQ0_2021-03-30
2021-06-08 00:54:19 53      VCEL_BBG000BDCM24_2021-03-30
2021-06-08 00:54:19 55      VCRA_BBG00179VSY7_2021-03-30
2021-06-08 00:54:19 55      VCRA: SPYKE!. Candle: ID:4, Time: 13:25, Close: 36.89
2021-06-08 00:54:19 56      VCYT_BBG001J2M542_2021-03-30
2021-06-08 00:54:19 57      VEEV_BBG001CGB489_2021-03-30
2021-06-08 00:54:19 59      VEON_BBG000QCW561_2021-03-30
2021-06-08 00:54:19 61      VFC_BBG000BWCKB6_2021-03-30
2021-06-08 00:54:19 63      VG_BBG000BRB5D9_2021-03-30
2021-06-08 00:54:19 64      VIAC_BBG000C496P7_2021-03-30
2021-06-08 00:54:20 02      VICR_BBG000C3VHF1_2021-03-30
2021-06-08 00:54:20 02      VIE_BBG00K6P5XM1_2021-03-30
2021-06-08 00:54:20 03      VIPS_BBG002NLDLV8_2021-03-30
2021-06-08 00:54:20 33      VIR_BBG00H2QQ8T5_2021-03-30
2021-06-08 00:54:20 35      VLO_BBG000BBGGQ1_2021-03-30
2021-06-08 00:54:20 37      VMC_BBG000BWGYF8_2021-03-30
2021-06-08 00:54:20 39      VMI_BBG000BWB7V4_2021-03-30
2021-06-08 00:54:20 40      VMW_BBG000BC9938_2021-03-30
2021-06-08 00:54:20 41      VNDA_BBG000HT5MG6_2021-03-30
2021-06-08 00:54:20 42      VNE_BBG00K4MPP27_2021-03-30
2021-06-08 00:54:20 47      VNO_BBG000BWHD54_2021-03-30
2021-06-08 00:54:20 49      VNT_BBG00RRGSJR4_2021-03-30
2021-06-08 00:54:20 50      VPG_BBG000PRQ0V9_2021-03-30
2021-06-08 00:54:20 50      VREX_BBG00CZNLR47_2021-03-30
2021-06-08 00:54:20 51      VRNS_BBG001Y04TN6_2021-03-30
2021-06-08 00:54:20 53      VRNT_BBG000BCBYT2_2021-03-30
2021-06-08 00:54:20 55      VRSK_BBG000BCZL41_2021-03-30
2021-06-08 00:54:20 57      VRSN_BBG000BGKHZ3_2021-03-30
2021-06-08 00:54:20 59      VRTS_BBG000DMFQS2_2021-03-30
2021-06-08 00:54:20 60      VRTU_BBG000QCG7M7_2021-03-30
2021-06-08 00:54:20 60      VRTV_BBG005XZHR97_2021-03-30
2021-06-08 00:54:20 61      VRTX_BBG000C1S2X2_2021-03-30
2021-06-08 00:54:20 63      VTR_BBG000FRVHB9_2021-03-30
2021-06-08 00:54:20 65      VTRS_BBG00Y4RQNH4_2021-03-30
2021-06-08 00:54:20 68      VZ_BBG000HS77T5_2021-03-30
2021-06-08 00:54:20 71      W_BBG001B17MV2_2021-03-30
2021-06-08 00:54:20 73      WAB_BBG000BDD940_2021-03-30
2021-06-08 00:54:20 75      WAL_BBG000Q1KFH4_2021-03-30
2021-06-08 00:54:20 76      WAT_BBG000FQRVM3_2021-03-30
2021-06-08 00:54:20 77      WB_BBG0065XPGX9_2021-03-30
2021-06-08 00:54:20 80      WBA_BBG000BWLMJ4_2021-03-30
2021-06-08 00:54:20 83      WCC_BBG000D0FNV3_2021-03-30
2021-06-08 00:54:20 84      WDAY_BBG000VC0T95_2021-03-30
2021-06-08 00:54:20 87      WDC_BBG000BWNFZ9_2021-03-30
2021-06-08 00:54:20 90      WDFC_BBG000BWNV93_2021-03-30
2021-06-08 00:54:20 91      WEC_BBG000BWP7D9_2021-03-30
2021-06-08 00:54:20 92      WELL_BBG000BKY1G5_2021-03-30
2021-06-08 00:54:20 94      WERN_BBG000BWPP85_2021-03-30
2021-06-08 00:54:20 96      WEX_BBG000BVZP59_2021-03-30
2021-06-08 00:54:20 97      WFC_BBG000BWQFY7_2021-03-30
2021-06-08 00:54:21 04      WGO_BBG000BWS3F3_2021-03-30
2021-06-08 00:54:21 05      WH_BBG00HCY3Q67_2021-03-30
2021-06-08 00:54:21 07      WHD_BBG00JRH1P95_2021-03-30
2021-06-08 00:54:21 08      WHR_BBG000BWSV34_2021-03-30
2021-06-08 00:54:21 10      WING_BBG008N298Y8_2021-03-30
2021-06-08 00:54:21 11      WK_BBG007BVZ8H9_2021-03-30
2021-06-08 00:54:21 13      WLK_BBG000PXZFW2_2021-03-30
2021-06-08 00:54:21 14      WLTW_BBG000DB3KT1_2021-03-30
2021-06-08 00:54:21 16      WM_BBG000BWVSR1_2021-03-30
2021-06-08 00:54:21 18      WMB_BBG000BWVCP8_2021-03-30
2021-06-08 00:54:21 20      WMT_BBG000BWXBC2_2021-03-30
2021-06-08 00:54:21 26      WOR_BBG000HL7499_2021-03-30
2021-06-08 00:54:21 27      WORK_BBG007G7V505_2021-03-30
2021-06-08 00:54:21 29      WRB_BBG000BD1HP2_2021-03-30
2021-06-08 00:54:21 30      WRK_BBG008NXC572_2021-03-30
2021-06-08 00:54:21 32      WRLD_BBG000C3G9J2_2021-03-30
2021-06-08 00:54:21 33      WSC_BBG00B0FS947_2021-03-30
2021-06-08 00:54:21 35      WSM_BBG000FSMWC3_2021-03-30
2021-06-08 00:54:21 36      WSO_BBG000DJN7L9_2021-03-30
2021-06-08 00:54:21 37      WST_BBG000BX24N8_2021-03-30
2021-06-08 00:54:21 38      WTFC_BBG000HD3DW5_2021-03-30
2021-06-08 00:54:21 40      WTS_BBG000C4Z6C2_2021-03-30
2021-06-08 00:54:21 41      WTTR_BBG00G4Y2DC1_2021-03-30
2021-06-08 00:54:21 41      WTTR: SPYKE!. Candle: ID:4, Time: 7:00, Close: 4.97
2021-06-08 00:54:21 42      WU_BBG000BB5373_2021-03-30
2021-06-08 00:54:21 44      WWD_BBG000BD53V2_2021-03-30
2021-06-08 00:54:21 46      WWE_BBG000F5YH15_2021-03-30
2021-06-08 00:54:21 47      WWW_BBG000BX2YN2_2021-03-30
2021-06-08 00:54:21 48      WY_BBG000BX3BL3_2021-03-30
2021-06-08 00:54:21 50      WYND_BBG000PV2L86_2021-03-30
2021-06-08 00:54:21 50      WYNN_BBG000LD9JQ8_2021-03-30
2021-06-08 00:54:21 53      XEC_BBG000D6L294_2021-03-30
2021-06-08 00:54:21 54      XEL_BBG000BCTQ65_2021-03-30
2021-06-08 00:54:21 57      XLNX_BBG000C0F570_2021-03-30
2021-06-08 00:54:21 60      XLRN_BBG000R5HWZ1_2021-03-30
2021-06-08 00:54:21 62      XNCR_BBG0026ZG4W0_2021-03-30
2021-06-08 00:54:21 63      XOM_BBG000GZQ728_2021-03-30
2021-06-08 00:54:21 69      XPO_BBG000L5CJF3_2021-03-30
2021-06-08 00:54:21 70      XRAY_BBG000BX57K1_2021-03-30
2021-06-08 00:54:21 72      XRX_BBG00NNG2ZJ8_2021-03-30
2021-06-08 00:54:21 74      XYL_BBG001D8R5D0_2021-03-30
2021-06-08 00:54:21 75      Y_BBG000BX6BJ3_2021-03-30
2021-06-08 00:54:21 76      YELP_BBG000Q2HM09_2021-03-30
2021-06-08 00:54:21 78      YETI_BBG00D8JC882_2021-03-30
2021-06-08 00:54:21 79      YEXT_BBG001MKZGY7_2021-03-30
2021-06-08 00:54:21 80      YUM_BBG000BH3GZ2_2021-03-30
2021-06-08 00:54:21 82      YUMC_BBG00B8N0HG1_2021-03-30
2021-06-08 00:54:21 83      YY_BBG003H0XV18_2021-03-30
2021-06-08 00:54:21 86      Z_BBG009NRSWJ4_2021-03-30
2021-06-08 00:54:21 91      ZBH_BBG000BKPL53_2021-03-30
2021-06-08 00:54:21 92      ZBRA_BBG000CC7LQ7_2021-03-30
2021-06-08 00:54:21 94      ZEN_BBG001HRFJG4_2021-03-30
2021-06-08 00:54:21 96      ZG_BBG000D13GN8_2021-03-30
2021-06-08 00:54:21 98      ZGNX_BBG000VDC3G9_2021-03-30
2021-06-08 00:54:22 00      ZI_BBG00S1HJ3M8_2021-03-30
2021-06-08 00:54:22 01      ZION_BBG000BX9WL1_2021-03-30
2021-06-08 00:54:22 05      ZM_BBG0042V6JM8_2021-03-30
2021-06-08 00:54:22 10      ZNH_BBG000BXQ7R1_2021-03-30
2021-06-08 00:54:22 11      ZS_BBG003338H34_2021-03-30
2021-06-08 00:54:22 14      ZTS_BBG0039320N9_2021-03-30
2021-06-08 00:54:22 15      ZUMZ_BBG000PYX812_2021-03-30
2021-06-08 00:54:22 17      ZUO_BBG000BT3HG5_2021-03-30
2021-06-08 00:54:22 18      ZYNE_BBG007BBS8B7_2021-03-30
2021-06-08 00:54:22 27      ZYXI_BBG000BJBXZ2_2021-03-30
2021-06-08 00:54:22 29      Total candles read: 4395805
2021-06-08 00:54:22 29      Start DisposeAsync...
2021-06-08 00:54:22 30      Trade statistic. Total/Pos/Neg: 1/1/0; Profit: 0.72; Volume: 0; MaxVolume: 34.92; Commission: 0.035280;
2021-06-08 00:54:22 30      BaseBot::DisposeAsync...
2021-06-08 00:54:22 30      BaseBot::DisposeAsync done!
2021-06-08 00:54:22 30      End DisposeAsync...
