2021-06-11 21:57:08 40      mode=TestTradeBot;DumpQuotes=false;SubscribeQuotes=false;Strategies=MorningOpenStrategy;Token=token.txt;ConfigPath=usd.json;OutputFolder=.\new\;CandlesPath=C:\tinkoff\TestData\RawQuotes\5m\uncompressed\quotes_2021-03-31;
2021-06-11 21:57:08 41      Trade bot created
2021-06-11 21:57:08 43      Fake connection created
2021-06-11 21:57:09 27       Error! Unknown ticker: EV
2021-06-11 21:57:09 28       Error! Unknown ticker: IMMU
2021-06-11 21:57:09 28       Error! Unknown ticker: LM
2021-06-11 21:57:09 28       Error! Unknown ticker: LOGM
2021-06-11 21:57:09 28       Error! Unknown ticker: LVGO
2021-06-11 21:57:09 28       Error! Unknown ticker: MTSC
2021-06-11 21:57:09 28       Error! Unknown ticker: MYL
2021-06-11 21:57:09 28       Error! Unknown ticker: MYOK
2021-06-11 21:57:09 28       Error! Unknown ticker: NBL
2021-06-11 21:57:09 29       Error! Unknown ticker: PRSC
2021-06-11 21:57:09 29       Error! Unknown ticker: PS
2021-06-11 21:57:09 29       Error! Unknown ticker: RP
2021-06-11 21:57:09 29       Error! Unknown ticker: SINA
2021-06-11 21:57:09 29       Error! Unknown ticker: TECD
2021-06-11 21:57:09 29       Error! Unknown ticker: TIF
2021-06-11 21:57:09 29       Error! Unknown ticker: VAR
2021-06-11 21:57:09 29       Error! Unknown ticker: VRTU
2021-06-11 21:57:09 29       Error! Unknown ticker: WYND
2021-06-11 21:57:09 31      List of disabled tickers: 
2021-06-11 21:57:09 32      A_BBG000C2V3D6_2021-03-31
2021-06-11 21:57:09 40      AA_BBG00B3T3HD3_2021-03-31
2021-06-11 21:57:09 45      AAL_BBG005P7Q881_2021-03-31
2021-06-11 21:57:09 53      AAL: BuyPending. Strategy: MorningOpenStrategy. Price: 24.05. Lots: 10. ChangeOpenToCurrent: -3.57. ChangePrevCloseToCurrent: -0.54. Candle: ID:14616, Time: 4:00, Close: 24.05.
2021-06-11 21:57:09 53      AAL: OrderID: 84dab425. PlacedOrder. Status: New. RejectReason: 
2021-06-11 21:57:09 53      AAL: OrderID: 84dab425 partially executed. Executed lots: 3. OrderStatus: 3/10 lots
2021-06-11 21:57:09 54      AAL: OrderID: 84dab425 fully executed
2021-06-11 21:57:09 54      AAL: Morning closing. Close price: 24.09. Lots: 10. CandleChange: -0.04%. ChangeFromCandleHigh: -0.04%. Profit: 0.04(0.17%). Candle: ID:14644, Time: 4:40, Close: 24.09
2021-06-11 21:57:09 54      AAL: OrderID: 4a2342d8. PlacedOrder. Status: New. RejectReason: 
2021-06-11 21:57:09 54      AAL: OrderID: 4a2342d8 partially executed. Executed lots: 1. OrderStatus: 1/10 lots
2021-06-11 21:57:09 54      AAL: OrderID: 4a2342d8 partially executed. Executed lots: 4. OrderStatus: 5/10 lots
2021-06-11 21:57:09 54      AAL: OrderID: 4a2342d8 partially executed. Executed lots: 1. OrderStatus: 6/10 lots
2021-06-11 21:57:09 54      AAL: OrderID: 4a2342d8 fully executed
2021-06-11 21:57:09 55      AAN_BBG00WCNDCZ6_2021-03-31
2021-06-11 21:57:09 55      AAN: SPYKE!. Candle: ID:516, Time: 8:50, Close: 26.8
2021-06-11 21:57:09 55      AAN: SPYKE!. Candle: ID:517, Time: 8:50, Close: 27.35
2021-06-11 21:57:09 56      AAON_BBG000C2LZP3_2021-03-31
2021-06-11 21:57:09 57      AAP_BBG000F7RCJ1_2021-03-31
2021-06-11 21:57:09 59      AAPL_BBG000B9XRY4_2021-03-31
2021-06-11 21:57:10 00      ABBV_BBG0025Y4RY4_2021-03-31
2021-06-11 21:57:10 07      ABC_BBG000MDCQC2_2021-03-31
2021-06-11 21:57:10 09      ABG_BBG000BKDWB5_2021-03-31
2021-06-11 21:57:10 10      ABMD_BBG000C101X4_2021-03-31
2021-06-11 21:57:10 13      ABNB_BBG001Y2XS07_2021-03-31
2021-06-11 21:57:10 18      ABT_BBG000B9ZXB4_2021-03-31
2021-06-11 21:57:10 26      ACAD_BBG000BHG9K0_2021-03-31
2021-06-11 21:57:10 31      ACH_BBG000CMRVH1_2021-03-31
2021-06-11 21:57:10 35      ACM_BBG000F61RJ8_2021-03-31
2021-06-11 21:57:10 37      ACMR_BBG00HPSG933_2021-03-31
2021-06-11 21:57:10 40      ACN_BBG000D9D830_2021-03-31
2021-06-11 21:57:10 43      ADBE_BBG000BB5006_2021-03-31
2021-06-11 21:57:10 50      ADM_BBG000BB6WG8_2021-03-31
2021-06-11 21:57:10 53      ADP_BBG000JG0547_2021-03-31
2021-06-11 21:57:10 57      ADPT_BBG001J2PFF5_2021-03-31
2021-06-11 21:57:10 63      ADS_BBG000BFNR17_2021-03-31
2021-06-11 21:57:10 65      ADSK_BBG000BM7HL0_2021-03-31
2021-06-11 21:57:10 70      ADUS_BBG000NJGX84_2021-03-31
2021-06-11 21:57:10 71      AEE_BBG000B9X8C0_2021-03-31
2021-06-11 21:57:10 72      AEIS_BBG000FKMP26_2021-03-31
2021-06-11 21:57:10 75      AEO_BBG000BGXZB5_2021-03-31
2021-06-11 21:57:10 79      AERI_BBG001KJ7WJ5_2021-03-31
2021-06-11 21:57:10 81      AES_BBG000C23KJ3_2021-03-31
2021-06-11 21:57:10 84      AFG_BBG000DPKKK0_2021-03-31
2021-06-11 21:57:10 87      AFL_BBG000BBBNC6_2021-03-31
2021-06-11 21:57:10 89      AGCO_BBG000DCCZW2_2021-03-31
2021-06-11 21:57:10 91      AGIO_BBG000QY4ZD0_2021-03-31
2021-06-11 21:57:10 92      AIG_BBG000BBDZG3_2021-03-31
2021-06-11 21:57:10 95      AIR_BBG000BBGQF1_2021-03-31
2021-06-11 21:57:10 96      AIRC_BBG00XK3WVD0_2021-03-31
2021-06-11 21:57:10 98      AIT_BBG000BBHHP9_2021-03-31
2021-06-11 21:57:10 99      AIV_BBG000DD3510_2021-03-31
2021-06-11 21:57:11 06      AIZ_BBG000BZX1N5_2021-03-31
2021-06-11 21:57:11 08      AJG_BBG000BBHXQ3_2021-03-31
2021-06-11 21:57:11 12      AJRD_BBG000BKRHQ7_2021-03-31
2021-06-11 21:57:11 14      AKAM_BBG000BJQWD2_2021-03-31
2021-06-11 21:57:11 18      ALB_BBG000BJ26K7_2021-03-31
2021-06-11 21:57:11 22      ALGN_BBG000BRNLL2_2021-03-31
2021-06-11 21:57:11 28      ALGT_BBG000LJS6B8_2021-03-31
2021-06-11 21:57:11 33      ALK_BBG000BBL0Y1_2021-03-31
2021-06-11 21:57:11 34      ALL_BBG000BVMGF2_2021-03-31
2021-06-11 21:57:11 35      ALLE_BBG003PS7JV1_2021-03-31
2021-06-11 21:57:11 36      ALLK_BBG003QBJKN0_2021-03-31
2021-06-11 21:57:11 38      ALLO_BBG00KHRRDX3_2021-03-31
2021-06-11 21:57:11 40      ALLY_BBG000BC2R71_2021-03-31
2021-06-11 21:57:11 42      ALNY_BBG000BFGNJ5_2021-03-31
2021-06-11 21:57:11 45      ALRM_BBG007GNPYY7_2021-03-31
2021-06-11 21:57:11 48      ALSN_BBG001KY3845_2021-03-31
2021-06-11 21:57:11 50      ALTR_BBG000PN9NB9_2021-03-31
2021-06-11 21:57:11 51      ALXN_BBG000G30YX4_2021-03-31
2021-06-11 21:57:11 53      AMAT_BBG000BBPFB9_2021-03-31
2021-06-11 21:57:11 67      AMCX_BBG000H01H92_2021-03-31
2021-06-11 21:57:11 69      AMD_BBG000BBQCY0_2021-03-31
2021-06-11 21:57:11 86      AME_BBG000B9XG87_2021-03-31
2021-06-11 21:57:11 87      AMED_BBG000B9ZV28_2021-03-31
2021-06-11 21:57:11 89      AMG_BBG000C060M4_2021-03-31
2021-06-11 21:57:11 91      AMGN_BBG000BBS2Y0_2021-03-31
2021-06-11 21:57:11 96      AMN_BBG000BCT197_2021-03-31
2021-06-11 21:57:11 97      AMP_BBG000G3QLY3_2021-03-31
2021-06-11 21:57:11 99      AMT_BBG000B9XYV2_2021-03-31
2021-06-11 21:57:12 01      AMWD_BBG000BBX657_2021-03-31
2021-06-11 21:57:12 02      AMZN_BBG000BVPV84_2021-03-31
2021-06-11 21:57:12 11      AN_BBG000BBXLW4_2021-03-31
2021-06-11 21:57:12 12      ANAB_BBG0026ZDHR0_2021-03-31
2021-06-11 21:57:12 13      ANDE_BBG000BF8CN3_2021-03-31
2021-06-11 21:57:12 15      ANET_BBG000N2HDY5_2021-03-31
2021-06-11 21:57:12 16      ANF_BBG000H9G7X2_2021-03-31
2021-06-11 21:57:12 18      ANGI_BBG00HVKH3Q0_2021-03-31
2021-06-11 21:57:12 21      ANIK_BBG000BBKZD8_2021-03-31
2021-06-11 21:57:12 22      ANIP_BBG000KK1L04_2021-03-31
2021-06-11 21:57:12 23      ANSS_BBG000GXZ4W7_2021-03-31
2021-06-11 21:57:12 26      ANTM_BBG000BCG930_2021-03-31
2021-06-11 21:57:12 28      AON_BBG00SSQFPK6_2021-03-31
2021-06-11 21:57:12 31      AOS_BBG000BC1L02_2021-03-31
2021-06-11 21:57:12 33      AOUT_BBG00QV8FS02_2021-03-31
2021-06-11 21:57:12 34      APA_BBG00YTS96G2_2021-03-31
2021-06-11 21:57:12 36      APA: SPYKE!. Candle: ID:5962, Time: 9:15, Close: 18.99
2021-06-11 21:57:12 37      APD_BBG000BC4JJ4_2021-03-31
2021-06-11 21:57:12 39      APEI_BBG000RVD346_2021-03-31
2021-06-11 21:57:12 40      APH_BBG000B9YJ35_2021-03-31
2021-06-11 21:57:12 42      APLE_BBG006473QX9_2021-03-31
2021-06-11 21:57:12 43      APLE: SPYKE!. Candle: ID:1289, Time: 20:00, Close: 15.18
2021-06-11 21:57:12 44      APLT_BBG000DD0489_2021-03-31
2021-06-11 21:57:12 45      APPF_BBG008GC8CP6_2021-03-31
2021-06-11 21:57:12 47      APPN_BBG001C7PMJ2_2021-03-31
2021-06-11 21:57:12 49      APPS_BBG000HZ3562_2021-03-31
2021-06-11 21:57:12 54      APTV_BBG001QD41M9_2021-03-31
2021-06-11 21:57:12 56      ARCC_BBG000PD6X77_2021-03-31
2021-06-11 21:57:12 58      ARCT_BBG00NNW8JK1_2021-03-31
2021-06-11 21:57:12 59      ARCT: BuyPending. Strategy: MorningOpenStrategy. Price: 38.75. Lots: 6. ChangeOpenToCurrent: -1.90. ChangePrevCloseToCurrent: -2.88. Candle: ID:9, Time: 7:00, Close: 38.75.
2021-06-11 21:57:12 59      ARCT: OrderID: 1a531eea. PlacedOrder. Status: New. RejectReason: 
2021-06-11 21:57:12 59      ARCT: Cancel order. Did not bought at market open. Candle: ID:29, Time: 7:05, Close: 39.23
2021-06-11 21:57:12 59      OrderID: 1a531eea successfully canceled
2021-06-11 21:57:12 60      ARE_BBG000BC33T9_2021-03-31
2021-06-11 21:57:12 63      ARMK_BBG001KY4N87_2021-03-31
2021-06-11 21:57:12 64      ARNA_BBG000BKXBV7_2021-03-31
2021-06-11 21:57:12 65      ARNC_BBG00R45JYB7_2021-03-31
2021-06-11 21:57:12 67      ARQT_BBG00QN8K4M4_2021-03-31
2021-06-11 21:57:12 68      ARVN_BBG00LW7YK82_2021-03-31
2021-06-11 21:57:12 69      ARW_BBG000BCD3D5_2021-03-31
2021-06-11 21:57:12 70      ARWR_BBG000BRVKH0_2021-03-31
2021-06-11 21:57:12 72      ASGN_BBG000CRN8N8_2021-03-31
2021-06-11 21:57:12 73      ASH_BBG00D0Y81M1_2021-03-31
2021-06-11 21:57:12 74      ASIX_BBG00CWTTQ41_2021-03-31
2021-06-11 21:57:12 75      ATEX_BBG0081NLHR0_2021-03-31
2021-06-11 21:57:12 76      ATGE_BBG000DQBZJ7_2021-03-31
2021-06-11 21:57:12 77      ATKR_BBG000QTFDQ4_2021-03-31
2021-06-11 21:57:12 78      ATR_BBG000BGX2S0_2021-03-31
2021-06-11 21:57:12 80      ATRA_BBG005Q3MQY4_2021-03-31
2021-06-11 21:57:12 82      ATRC_BBG000BL6CB5_2021-03-31
2021-06-11 21:57:12 83      ATRI_BBG000DTT624_2021-03-31
2021-06-11 21:57:12 84      ATRO_BBG000BCLBY5_2021-03-31
2021-06-11 21:57:12 85      ATUS_BBG00GFMPRK0_2021-03-31
2021-06-11 21:57:12 87      ATVI_BBG000CVWGS6_2021-03-31
2021-06-11 21:57:12 93      AVAV_BBG000GX14P2_2021-03-31
2021-06-11 21:57:12 94      AVB_BBG000BLPBL5_2021-03-31
2021-06-11 21:57:12 95      AVGO_BBG00KHY5S69_2021-03-31
2021-06-11 21:57:13 01      AVLR_BBG000R4Y9C1_2021-03-31
2021-06-11 21:57:13 03      AVNS_BBG005L86G05_2021-03-31
2021-06-11 21:57:13 05      AVNT_BBG000C8NJ10_2021-03-31
2021-06-11 21:57:13 06      AVTR_BBG00G2HHYD7_2021-03-31
2021-06-11 21:57:13 08      AVY_BBG000BCQ4P6_2021-03-31
2021-06-11 21:57:13 09      AWI_BBG000DW4LB1_2021-03-31
2021-06-11 21:57:13 10      AWK_BBG000TRJ294_2021-03-31
2021-06-11 21:57:13 12      AWR_BBG000F964B6_2021-03-31
2021-06-11 21:57:13 13      AX_BBG000QPHD08_2021-03-31
2021-06-11 21:57:13 14      AXGN_BBG000BN46R9_2021-03-31
2021-06-11 21:57:13 15      AXP_BBG000BCQZS4_2021-03-31
2021-06-11 21:57:13 17      AXSM_BBG00B6G7GL7_2021-03-31
2021-06-11 21:57:13 19      AYI_BBG000BJ5HK0_2021-03-31
2021-06-11 21:57:13 20      AYX_BBG000BGZT72_2021-03-31
2021-06-11 21:57:13 24      AZO_BBG000C7LMS8_2021-03-31
2021-06-11 21:57:13 25      AZPN_BBG000DFMXT3_2021-03-31
2021-06-11 21:57:13 27      BA_BBG000BCSST7_2021-03-31
2021-06-11 21:57:13 34      BABA_BBG006G2JVL2_2021-03-31
2021-06-11 21:57:13 47      BAC_BBG000BCTLF6_2021-03-31
2021-06-11 21:57:13 52      BAH_BBG000R2YFG7_2021-03-31
2021-06-11 21:57:13 53      BAND_BBG001K003W2_2021-03-31
2021-06-11 21:57:13 56      BAX_BBG000BCVJ77_2021-03-31
2021-06-11 21:57:13 58      BBIO_BBG00P9KDZK6_2021-03-31
2021-06-11 21:57:13 60      BBSI_BBG000BHJSC4_2021-03-31
2021-06-11 21:57:13 60      BBY_BBG000BCWCG1_2021-03-31
2021-06-11 21:57:13 62      BC_BBG000BCWSS3_2021-03-31
2021-06-11 21:57:13 63      BCO_BBG000DR5QP5_2021-03-31
2021-06-11 21:57:13 64      BCPC_BBG000BCY878_2021-03-31
2021-06-11 21:57:13 65      BDC_BBG000Q4XNV1_2021-03-31
2021-06-11 21:57:13 66      BDTX_BBG00MS4Y0W9_2021-03-31
2021-06-11 21:57:13 67      BDX_BBG000BCZYD3_2021-03-31
2021-06-11 21:57:13 68      BECN_BBG000BKTXF2_2021-03-31
2021-06-11 21:57:13 69      BEN_BBG000BD0TF8_2021-03-31
2021-06-11 21:57:13 71      BERY_BBG000Q1R1Y9_2021-03-31
2021-06-11 21:57:13 72      BF.B_BBG000BD2NY8_2021-03-31
2021-06-11 21:57:13 73      BFAM_BBG003LFWP05_2021-03-31
2021-06-11 21:57:13 74      BFYT_BBG003QRSQD3_2021-03-31
2021-06-11 21:57:13 75      BGS_BBG000RKXRQ1_2021-03-31
2021-06-11 21:57:13 76      BH_BBG00JPRDQH1_2021-03-31
2021-06-11 21:57:13 76      BHF_BBG00DYPZ4T0_2021-03-31
2021-06-11 21:57:13 77      BIDU_BBG000QXWHD1_2021-03-31
2021-06-11 21:57:13 96      BIG_BBG000J0D904_2021-03-31
2021-06-11 21:57:13 97      BIIB_BBG000C17X76_2021-03-31
2021-06-11 21:57:14 00      BILI_BBG00K7T3037_2021-03-31
2021-06-11 21:57:14 05      BILL_BBG00QVJV6V4_2021-03-31
2021-06-11 21:57:14 09      BIO_BBG000DY28W5_2021-03-31
2021-06-11 21:57:14 10      BJRI_BBG000H9LNX1_2021-03-31
2021-06-11 21:57:14 11      BK_BBG000BD8PN9_2021-03-31
2021-06-11 21:57:14 14      BKI_BBG00GX77LW3_2021-03-31
2021-06-11 21:57:14 14      BKNG_BBG000BLBVN4_2021-03-31
2021-06-11 21:57:14 17      BKR_BBG00GBVBK51_2021-03-31
2021-06-11 21:57:14 19      BL_BBG0029KJVB0_2021-03-31
2021-06-11 21:57:14 21      BLD_BBG0077VS2C0_2021-03-31
2021-06-11 21:57:14 23      BLDR_BBG000BKD3K9_2021-03-31
2021-06-11 21:57:14 26      BLK_BBG000C2PW58_2021-03-31
2021-06-11 21:57:14 28      BLKB_BBG000BGGTW5_2021-03-31
2021-06-11 21:57:14 29      BLL_BBG000BDDNH5_2021-03-31
2021-06-11 21:57:14 30      BLUE_BBG000QGWY50_2021-03-31
2021-06-11 21:57:14 35      BMI_BBG000BDGHD9_2021-03-31
2021-06-11 21:57:14 37      BMRN_BBG000CZWZ05_2021-03-31
2021-06-11 21:57:14 39      BMY_BBG000DQLV23_2021-03-31
2021-06-11 21:57:14 43      BOH_BBG000C8D8G9_2021-03-31
2021-06-11 21:57:14 44      BOKF_BBG000CFZ003_2021-03-31
2021-06-11 21:57:14 45      BOOT_BBG0077SYZV6_2021-03-31
2021-06-11 21:57:14 46      BOX_BBG000PMSK08_2021-03-31
2021-06-11 21:57:14 48      BPMC_BBG001MC8YF7_2021-03-31
2021-06-11 21:57:14 50      BR_BBG000PPFKQ7_2021-03-31
2021-06-11 21:57:14 51      BRC_BBG000BDNV95_2021-03-31
2021-06-11 21:57:14 52      BRK.B_BBG000DWG505_2021-03-31
2021-06-11 21:57:14 56      BRKR_BBG000CL1FG7_2021-03-31
2021-06-11 21:57:14 57      BRO_BBG000BWSGF4_2021-03-31
2021-06-11 21:57:14 59      BSX_BBG000C0LW92_2021-03-31
2021-06-11 21:57:14 61      BTAI_BBG00K20GVD2_2021-03-31
2021-06-11 21:57:14 61      BTAI: SPYKE!. Candle: ID:1217, Time: 20:00, Close: 43.16
2021-06-11 21:57:14 61      BTAI: SPYKE!. Candle: ID:1218, Time: 20:00, Close: 43.48
2021-06-11 21:57:14 62      BTI_BBG000BWPXQ8_2021-03-31
2021-06-11 21:57:14 64      BUD_BBG000RYC984_2021-03-31
2021-06-11 21:57:14 65      BURL_BBG004S641N5_2021-03-31
2021-06-11 21:57:14 67      BWA_BBG000BJ49H3_2021-03-31
2021-06-11 21:57:14 69      BWXT_BBG000D86F25_2021-03-31
2021-06-11 21:57:14 69      BX_BBG000BH0106_2021-03-31
2021-06-11 21:57:14 71      BXP_BBG000BS5CM9_2021-03-31
2021-06-11 21:57:14 73      BYND_BBG003CVJP50_2021-03-31
2021-06-11 21:57:14 77      BZUN_BBG008HNS333_2021-03-31
2021-06-11 21:57:14 79      C_BBG000FY4S11_2021-03-31
2021-06-11 21:57:14 83      CABO_BBG000F02T51_2021-03-31
2021-06-11 21:57:14 85      CACC_BBG000CS0D96_2021-03-31
2021-06-11 21:57:14 86      CAG_BBG000BDXGP9_2021-03-31
2021-06-11 21:57:14 88      CAH_BBG000D898T9_2021-03-31
2021-06-11 21:57:14 90      CALM_BBG000CDMJW6_2021-03-31
2021-06-11 21:57:14 91      CARA_BBG001J2QYS9_2021-03-31
2021-06-11 21:57:14 92      CARG_BBG00HQ77DS2_2021-03-31
2021-06-11 21:57:14 94      CARR_BBG00RP5HYS8_2021-03-31
2021-06-11 21:57:14 97      CARS_BBG000HGTH33_2021-03-31
2021-06-11 21:57:14 98      CASY_BBG000BF0672_2021-03-31
2021-06-11 21:57:14 99      CAT_BBG000BF0K17_2021-03-31
2021-06-11 21:57:15 02      CB_BBG000BR14K5_2021-03-31
2021-06-11 21:57:15 04      CBRE_BBG000C04224_2021-03-31
2021-06-11 21:57:15 05      CBRL_BBG000BF33K1_2021-03-31
2021-06-11 21:57:15 06      CBSH_BBG000BF3G77_2021-03-31
2021-06-11 21:57:15 08      CBU_BBG000BF4D19_2021-03-31
2021-06-11 21:57:15 09      CCI_BBG000FV1Z23_2021-03-31
2021-06-11 21:57:15 11      CCK_BBG000BF6756_2021-03-31
2021-06-11 21:57:15 12      CCL_BBG000BF6LY3_2021-03-31
2021-06-11 21:57:15 17      CCOI_BBG000D0SMY8_2021-03-31
2021-06-11 21:57:15 18      CCXI_BBG000PTSB12_2021-03-31
2021-06-11 21:57:15 20      CDK_BBG006B6PVN9_2021-03-31
2021-06-11 21:57:15 21      CDLX_BBG00225ZDD0_2021-03-31
2021-06-11 21:57:15 22      CDNA_BBG006JS5785_2021-03-31
2021-06-11 21:57:15 24      CDNS_BBG000C13CD9_2021-03-31
2021-06-11 21:57:15 29      CDW_BBG001P63B80_2021-03-31
2021-06-11 21:57:15 30      CE_BBG000JYP7L8_2021-03-31
2021-06-11 21:57:15 32      CEA_BBG000BCFNR4_2021-03-31
2021-06-11 21:57:15 33      CENT_BBG000BFD605_2021-03-31
2021-06-11 21:57:15 34      CENTA_BBG000KTYB56_2021-03-31
2021-06-11 21:57:15 35      CERN_BBG000BFDLV8_2021-03-31
2021-06-11 21:57:15 38      CEVA_BBG000BN3P07_2021-03-31
2021-06-11 21:57:15 38      CF_BBG000BWJFZ4_2021-03-31
2021-06-11 21:57:15 40      CFG_BBG006Q0HY77_2021-03-31
2021-06-11 21:57:15 43      CFR_BBG000C2PL98_2021-03-31
2021-06-11 21:57:15 43      CFX_BBG000C5Z443_2021-03-31
2021-06-11 21:57:15 45      CGEN_BBG000B9ZLB0_2021-03-31
2021-06-11 21:57:15 47      CGNX_BBG000BPBVW5_2021-03-31
2021-06-11 21:57:15 49      CHD_BBG000BFJT36_2021-03-31
2021-06-11 21:57:15 50      CHDN_BBG000BGXMG9_2021-03-31
2021-06-11 21:57:15 51      CHE_BBG000C19QW1_2021-03-31
2021-06-11 21:57:15 51      CHEF_BBG001MFW6D6_2021-03-31
2021-06-11 21:57:15 52      CHEF: SPYKE!. Candle: ID:26, Time: 10:30, Close: 29.07
2021-06-11 21:57:15 53      CHGG_BBG0014XR0N5_2021-03-31
2021-06-11 21:57:15 54      CHH_BBG000BPBTL2_2021-03-31
2021-06-11 21:57:15 55      CHKP_BBG000K82ZT8_2021-03-31
2021-06-11 21:57:15 58      CHNG_BBG0059KNH10_2021-03-31
2021-06-11 21:57:15 60      CHRW_BBG000BTCH57_2021-03-31
2021-06-11 21:57:15 63      CHTR_BBG000VPGNR2_2021-03-31
2021-06-11 21:57:15 66      CHWY_BBG00P19DKZ6_2021-03-31
2021-06-11 21:57:15 69      CHWY: BuyPending. Strategy: MorningOpenStrategy. Price: 85.8. Lots: 2. ChangeOpenToCurrent: -1.63. ChangePrevCloseToCurrent: -2.61. Candle: ID:9, Time: 7:00, Close: 85.8.
2021-06-11 21:57:15 69      CHWY: OrderID: c66a616c. PlacedOrder. Status: New. RejectReason: 
2021-06-11 21:57:15 69      CHWY: Cancel order. Did not bought at market open. Candle: ID:90, Time: 7:05, Close: 86.51
2021-06-11 21:57:15 69      OrderID: c66a616c successfully canceled
2021-06-11 21:57:15 71      CHX_BBG00JH9TZ56_2021-03-31
2021-06-11 21:57:15 72      CI_BBG00KXRCDP0_2021-03-31
2021-06-11 21:57:15 78      CIEN_BBG000BP1152_2021-03-31
2021-06-11 21:57:15 83      CINF_BBG000BFPK65_2021-03-31
2021-06-11 21:57:15 86      CL_BBG000BFQYY3_2021-03-31
2021-06-11 21:57:15 89      CLDR_BBG000DRJFC8_2021-03-31
2021-06-11 21:57:15 92      CLDT_BBG000PT6BR8_2021-03-31
2021-06-11 21:57:15 94      CLF_BBG000BFRF55_2021-03-31
2021-06-11 21:57:16 01      CLGX_BBG000C2H3F0_2021-03-31
2021-06-11 21:57:16 04      CLH_BBG000BFRRX8_2021-03-31
2021-06-11 21:57:16 08      CLR_BBG000BHBGN6_2021-03-31
2021-06-11 21:57:16 10      CLX_BBG000BFS7D3_2021-03-31
2021-06-11 21:57:16 13      CMA_BBG000C75N77_2021-03-31
2021-06-11 21:57:16 15      CMC_BBG000BFSND8_2021-03-31
2021-06-11 21:57:16 18      CMCO_BBG000BCWWV0_2021-03-31
2021-06-11 21:57:16 19      CMCO: SPYKE!. Candle: ID:23, Time: 13:30, Close: 56.32
2021-06-11 21:57:16 20      CMCSA_BBG000BFT2L4_2021-03-31
2021-06-11 21:57:16 27      CME_BBG000BHLYP4_2021-03-31
2021-06-11 21:57:16 31      CMG_BBG000QX74T1_2021-03-31
2021-06-11 21:57:16 33      CMI_BBG000BGPTV6_2021-03-31
2021-06-11 21:57:16 35      CMP_BBG000C42WS4_2021-03-31
2021-06-11 21:57:16 36      CMS_BBG000BFVXX0_2021-03-31
2021-06-11 21:57:16 39      CNC_BBG000BDXCJ5_2021-03-31
2021-06-11 21:57:16 41      CNK_BBG000QDVR53_2021-03-31
2021-06-11 21:57:16 44      CNP_BBG000FDBX90_2021-03-31
2021-06-11 21:57:16 46      CNS_BBG000BB0WG4_2021-03-31
2021-06-11 21:57:16 47      CNST_BBG000R1H6P8_2021-03-31
2021-06-11 21:57:16 49      CNXC_BBG00RCNQMX3_2021-03-31
2021-06-11 21:57:16 50      CNXN_BBG000BX74M4_2021-03-31
2021-06-11 21:57:16 51      COF_BBG000BGKTF9_2021-03-31
2021-06-11 21:57:16 53      COG_BBG000C3GN47_2021-03-31
2021-06-11 21:57:16 56      COHR_BBG000BG1DH3_2021-03-31
2021-06-11 21:57:16 57      COKE_BBG000BG1SX2_2021-03-31
2021-06-11 21:57:16 58      COLM_BBG000BKKQ84_2021-03-31
2021-06-11 21:57:16 60      CONE_BBG0038V5TX1_2021-03-31
2021-06-11 21:57:16 62      COO_BBG000BG3445_2021-03-31
2021-06-11 21:57:16 63      COP_BBG000BQQH30_2021-03-31
2021-06-11 21:57:16 66      CORR_BBG000CN80Y9_2021-03-31
2021-06-11 21:57:16 68      CORT_BBG000BKJG33_2021-03-31
2021-06-11 21:57:16 70      COST_BBG000F6H8W8_2021-03-31
2021-06-11 21:57:16 75      COTY_BBG000F395V1_2021-03-31
2021-06-11 21:57:16 76      COUP_BBG001J4BCN4_2021-03-31
2021-06-11 21:57:16 79      CPB_BBG000BG4202_2021-03-31
2021-06-11 21:57:16 80      CPB: SPYKE!. Candle: ID:2730, Time: 21:00, Close: 52.02
2021-06-11 21:57:16 80      CPRI_BBG0029SNR63_2021-03-31
2021-06-11 21:57:16 83      CPRT_BBG000BM9RH1_2021-03-31
2021-06-11 21:57:16 85      CPS_BBG000PSXT64_2021-03-31
2021-06-11 21:57:16 86      CR_BBG000BG7423_2021-03-31
2021-06-11 21:57:16 87      CREE_BBG000BG14P4_2021-03-31
2021-06-11 21:57:16 90      CRI_BBG000CTM4J9_2021-03-31
2021-06-11 21:57:16 92      CRL_BBG000BG5BL8_2021-03-31
2021-06-11 21:57:16 93      CRM_BBG000BN2DC2_2021-03-31
2021-06-11 21:57:16 98      CRMT_BBG000CM6L31_2021-03-31
2021-06-11 21:57:17 00      CROX_BBG000BLY663_2021-03-31
2021-06-11 21:57:17 02      CRS_BBG000BGCQT9_2021-03-31
2021-06-11 21:57:17 03      CRTX_BBG00BTK1DT8_2021-03-31
2021-06-11 21:57:17 04      CRUS_BBG000C1DHF5_2021-03-31
2021-06-11 21:57:17 06      CRVL_BBG000CVKZY0_2021-03-31
2021-06-11 21:57:17 07      CRWD_BBG00BLYKS03_2021-03-31
2021-06-11 21:57:17 12      CSCO_BBG000C3J3C9_2021-03-31
2021-06-11 21:57:17 18      CSGP_BBG000D7JKW9_2021-03-31
2021-06-11 21:57:17 20      CSGS_BBG000G3TQV2_2021-03-31
2021-06-11 21:57:17 21      CSII_BBG000NWQ9S5_2021-03-31
2021-06-11 21:57:17 23      CSL_BBG000BGGBT8_2021-03-31
2021-06-11 21:57:17 24      CSOD_BBG0016X4XN6_2021-03-31
2021-06-11 21:57:17 25      CSWI_BBG007NLG4L3_2021-03-31
2021-06-11 21:57:17 26      CSX_BBG000BGJRC8_2021-03-31
2021-06-11 21:57:17 30      CTAS_BBG000H3YXF8_2021-03-31
2021-06-11 21:57:17 32      CTB_BBG000BGKXV2_2021-03-31
2021-06-11 21:57:17 33      CTLT_BBG005XR47P5_2021-03-31
2021-06-11 21:57:17 34      CTSH_BBG000BBDV81_2021-03-31
2021-06-11 21:57:17 37      CTVA_BBG00BN969C1_2021-03-31
2021-06-11 21:57:17 39      CTXS_BBG000FQ6PY6_2021-03-31
2021-06-11 21:57:17 41      CVCO_BBG000K4WS65_2021-03-31
2021-06-11 21:57:17 42      CVET_BBG00KR691K8_2021-03-31
2021-06-11 21:57:17 44      CVGW_BBG000BGPQW1_2021-03-31
2021-06-11 21:57:17 45      CVLT_BBG000BG88X9_2021-03-31
2021-06-11 21:57:17 46      CVNA_BBG00GCTWDJ3_2021-03-31
2021-06-11 21:57:17 48      CVS_BBG000BGRY34_2021-03-31
2021-06-11 21:57:17 50      CVX_BBG000K4ND22_2021-03-31
2021-06-11 21:57:17 55      CW_BBG000BGSPS5_2021-03-31
2021-06-11 21:57:17 56      CWST_BBG000BT0J38_2021-03-31
2021-06-11 21:57:17 57      CWT_BBG000D8KTN6_2021-03-31
2021-06-11 21:57:17 58      CY_BBG000BXNJ07_2021-03-31
2021-06-11 21:57:17 59      D_BBG000BGVW60_2021-03-31
2021-06-11 21:57:17 61      DAL_BBG000R7Z112_2021-03-31
2021-06-11 21:57:17 65      DAR_BBG000BN8ZK8_2021-03-31
2021-06-11 21:57:17 66      DBX_BBG0018SLDN0_2021-03-31
2021-06-11 21:57:17 70      DCI_BBG000BGZP70_2021-03-31
2021-06-11 21:57:17 71      DCPH_BBG00HMJ9H54_2021-03-31
2021-06-11 21:57:17 72      DD_BBG00BN961G4_2021-03-31
2021-06-11 21:57:17 75      DDOG_BBG003NJHZT9_2021-03-31
2021-06-11 21:57:17 79      DDS_BBG000BS4MP5_2021-03-31
2021-06-11 21:57:17 80      DE_BBG000BH1NH9_2021-03-31
2021-06-11 21:57:17 82      DECK_BBG000BKXYX5_2021-03-31
2021-06-11 21:57:17 83      DELL_BBG00DW3SZS1_2021-03-31
2021-06-11 21:57:17 85      DFS_BBG000QBR5J5_2021-03-31
2021-06-11 21:57:17 88      DG_BBG000NV1KK7_2021-03-31
2021-06-11 21:57:17 90      DGX_BBG000BN84F3_2021-03-31
2021-06-11 21:57:17 91      DHI_BBG000DQTXY6_2021-03-31
2021-06-11 21:57:17 93      DHR_BBG000BH3JF8_2021-03-31
2021-06-11 21:57:17 96      DIOD_BBG000G25P51_2021-03-31
2021-06-11 21:57:17 97      DIS_BBG000BH4R78_2021-03-31
2021-06-11 21:57:18 02      DISCA_BBG000CHWP52_2021-03-31
2021-06-11 21:57:18 20      DISCB_BBG000F7L5N7_2021-03-31
2021-06-11 21:57:18 26      DISCB: SPYKE!. Candle: ID:637, Time: 13:30, Close: 79.68
2021-06-11 21:57:18 26      DISCB: SPYKE!. Candle: ID:906, Time: 13:35, Close: 86.45
2021-06-11 21:57:18 26      DISCB: SPYKE!. Candle: ID:919, Time: 13:35, Close: 84.5
2021-06-11 21:57:18 26      DISCB: SPYKE!. Candle: ID:1224, Time: 13:45, Close: 94.5
2021-06-11 21:57:18 26      DISCB: SPYKE!. Candle: ID:1543, Time: 13:55, Close: 93
2021-06-11 21:57:18 26      DISCB: SPYKE!. Candle: ID:1639, Time: 13:55, Close: 100
2021-06-11 21:57:18 26      DISCB: SPYKE!. Candle: ID:1640, Time: 13:55, Close: 100.75
2021-06-11 21:57:18 26      DISCB: SPYKE!. Candle: ID:1644, Time: 13:55, Close: 98
2021-06-11 21:57:18 26      DISCB: SPYKE!. Candle: ID:1646, Time: 13:55, Close: 100
2021-06-11 21:57:18 26      DISCB: SPYKE!. Candle: ID:1671, Time: 13:55, Close: 97.9
2021-06-11 21:57:18 27      DISCB: SPYKE!. Candle: ID:1957, Time: 14:10, Close: 102
2021-06-11 21:57:18 27      DISCB: SPYKE!. Candle: ID:2084, Time: 14:15, Close: 100
2021-06-11 21:57:18 27      DISCB: SPYKE!. Candle: ID:2194, Time: 14:20, Close: 103
2021-06-11 21:57:18 27      DISCB: SPYKE!. Candle: ID:2292, Time: 14:20, Close: 105
2021-06-11 21:57:18 27      DISCB: SPYKE!. Candle: ID:2359, Time: 14:25, Close: 113.52
2021-06-11 21:57:18 27      DISCB: SPYKE!. Candle: ID:2418, Time: 14:25, Close: 104.01
2021-06-11 21:57:18 27      DISCB: SPYKE!. Candle: ID:2460, Time: 14:25, Close: 108
2021-06-11 21:57:18 27      DISCB: SPYKE!. Candle: ID:2461, Time: 14:25, Close: 109
2021-06-11 21:57:18 27      DISCB: SPYKE!. Candle: ID:2463, Time: 14:25, Close: 110
2021-06-11 21:57:18 27      DISCB: SPYKE!. Candle: ID:2494, Time: 14:25, Close: 109.58
2021-06-11 21:57:18 27      DISCB: SPYKE!. Candle: ID:2495, Time: 14:25, Close: 110
2021-06-11 21:57:18 27      DISCB: SPYKE!. Candle: ID:2499, Time: 14:25, Close: 114.9
2021-06-11 21:57:18 27      DISCB: SPYKE!. Candle: ID:2504, Time: 14:25, Close: 110
2021-06-11 21:57:18 27      DISCB: SPYKE!. Candle: ID:2527, Time: 14:25, Close: 114.95
2021-06-11 21:57:18 27      DISCB: SPYKE!. Candle: ID:2653, Time: 14:30, Close: 115.11
2021-06-11 21:57:18 27      DISCB: SPYKE!. Candle: ID:2961, Time: 14:40, Close: 130
2021-06-11 21:57:18 27      DISCB: SPYKE!. Candle: ID:2982, Time: 14:40, Close: 130
2021-06-11 21:57:18 27      DISCB: SPYKE!. Candle: ID:3642, Time: 14:50, Close: 150.67
2021-06-11 21:57:18 27      DISCB: SPYKE!. Candle: ID:3662, Time: 14:50, Close: 148
2021-06-11 21:57:18 27      DISCB: SPYKE!. Candle: ID:3663, Time: 14:50, Close: 145
2021-06-11 21:57:18 27      DISCB: SPYKE!. Candle: ID:4317, Time: 15:00, Close: 129.99
2021-06-11 21:57:18 27      DISCB: SPYKE!. Candle: ID:4333, Time: 15:00, Close: 135.6
2021-06-11 21:57:18 27      DISCB: SPYKE!. Candle: ID:4389, Time: 15:00, Close: 127
2021-06-11 21:57:18 27      DISCB: SPYKE!. Candle: ID:4439, Time: 15:00, Close: 121.1
2021-06-11 21:57:18 27      DISCB: SPYKE!. Candle: ID:4498, Time: 15:00, Close: 137
2021-06-11 21:57:18 27      DISCB: SPYKE!. Candle: ID:4577, Time: 15:00, Close: 128.12
2021-06-11 21:57:18 27      DISCB: SPYKE!. Candle: ID:4591, Time: 15:00, Close: 125.12
2021-06-11 21:57:18 27      DISCB: SPYKE!. Candle: ID:4604, Time: 15:00, Close: 115
2021-06-11 21:57:18 27      DISCB: SPYKE!. Candle: ID:4605, Time: 15:00, Close: 130
2021-06-11 21:57:18 27      DISCB: SPYKE!. Candle: ID:4788, Time: 15:05, Close: 115
2021-06-11 21:57:18 27      DISCB: SPYKE!. Candle: ID:4792, Time: 15:05, Close: 119.96
2021-06-11 21:57:18 27      DISCB: SPYKE!. Candle: ID:4837, Time: 15:05, Close: 118
2021-06-11 21:57:18 27      DISCB: SPYKE!. Candle: ID:4847, Time: 15:05, Close: 117.8
2021-06-11 21:57:18 27      DISCB: SPYKE!. Candle: ID:4951, Time: 15:10, Close: 117
2021-06-11 21:57:18 27      DISCB: SPYKE!. Candle: ID:4952, Time: 15:10, Close: 116.26
2021-06-11 21:57:18 27      DISCB: SPYKE!. Candle: ID:5034, Time: 15:10, Close: 115.4
2021-06-11 21:57:18 27      DISCB: SPYKE!. Candle: ID:5043, Time: 15:10, Close: 115
2021-06-11 21:57:18 27      DISCB: SPYKE!. Candle: ID:5065, Time: 15:10, Close: 126.44
2021-06-11 21:57:18 27      DISCB: SPYKE!. Candle: ID:5088, Time: 15:10, Close: 117.01
2021-06-11 21:57:18 27      DISCB: SPYKE!. Candle: ID:5108, Time: 15:10, Close: 126.34
2021-06-11 21:57:18 27      DISCB: SPYKE!. Candle: ID:5119, Time: 15:10, Close: 128.8
2021-06-11 21:57:18 27      DISCB: SPYKE!. Candle: ID:5295, Time: 15:15, Close: 122
2021-06-11 21:57:18 27      DISCB: SPYKE!. Candle: ID:5384, Time: 15:15, Close: 127.22
2021-06-11 21:57:18 27      DISCB: SPYKE!. Candle: ID:5420, Time: 15:15, Close: 134.98
2021-06-11 21:57:18 27      DISCB: SPYKE!. Candle: ID:5532, Time: 15:15, Close: 133.02
2021-06-11 21:57:18 27      DISCB: SPYKE!. Candle: ID:5571, Time: 15:20, Close: 130.02
2021-06-11 21:57:18 27      DISCB: SPYKE!. Candle: ID:5621, Time: 15:20, Close: 130
2021-06-11 21:57:18 27      DISCB: SPYKE!. Candle: ID:5628, Time: 15:20, Close: 127
2021-06-11 21:57:18 27      DISCB: SPYKE!. Candle: ID:5780, Time: 15:20, Close: 131.79
2021-06-11 21:57:18 27      DISCB: SPYKE!. Candle: ID:6740, Time: 15:40, Close: 116
2021-06-11 21:57:18 27      DISCB: SPYKE!. Candle: ID:6742, Time: 15:40, Close: 122
2021-06-11 21:57:18 27      DISCB: SPYKE!. Candle: ID:7430, Time: 16:00, Close: 124.37
2021-06-11 21:57:18 28      DISCB: SPYKE!. Candle: ID:8776, Time: 16:55, Close: 138.2
2021-06-11 21:57:18 28      DISCB: SPYKE!. Candle: ID:8778, Time: 16:55, Close: 132
2021-06-11 21:57:18 28      DISCB: SPYKE!. Candle: ID:8793, Time: 16:55, Close: 129.5
2021-06-11 21:57:18 28      DISCB: SPYKE!. Candle: ID:9324, Time: 17:00, Close: 145
2021-06-11 21:57:18 28      DISCB: SPYKE!. Candle: ID:9598, Time: 17:05, Close: 134
2021-06-11 21:57:18 28      DISCB: SPYKE!. Candle: ID:9600, Time: 17:05, Close: 141.01
2021-06-11 21:57:18 28      DISCB: SPYKE!. Candle: ID:9601, Time: 17:05, Close: 141
2021-06-11 21:57:18 28      DISCB: SPYKE!. Candle: ID:9607, Time: 17:05, Close: 141
2021-06-11 21:57:18 28      DISCB: SPYKE!. Candle: ID:9608, Time: 17:05, Close: 127.74
2021-06-11 21:57:18 28      DISCB: SPYKE!. Candle: ID:9610, Time: 17:05, Close: 141
2021-06-11 21:57:18 28      DISCB: SPYKE!. Candle: ID:9625, Time: 17:05, Close: 140
2021-06-11 21:57:18 28      DISCB: SPYKE!. Candle: ID:9635, Time: 17:05, Close: 133.22
2021-06-11 21:57:18 28      DISCB: SPYKE!. Candle: ID:9638, Time: 17:05, Close: 139.63
2021-06-11 21:57:18 28      DISCB: SPYKE!. Candle: ID:9649, Time: 17:05, Close: 132
2021-06-11 21:57:18 28      DISCB: SPYKE!. Candle: ID:10866, Time: 17:40, Close: 127
2021-06-11 21:57:18 28      DISCB: SPYKE!. Candle: ID:12726, Time: 19:05, Close: 122.67
2021-06-11 21:57:18 28      DISCB: SPYKE!. Candle: ID:12732, Time: 19:05, Close: 134.95
2021-06-11 21:57:18 28      DISCB: SPYKE!. Candle: ID:12779, Time: 19:10, Close: 124
2021-06-11 21:57:18 28      DISCB: SPYKE!. Candle: ID:12780, Time: 19:10, Close: 122.5
2021-06-11 21:57:18 28      DISCB: SPYKE!. Candle: ID:12807, Time: 19:10, Close: 123.21
2021-06-11 21:57:18 28      DISCB: SPYKE!. Candle: ID:13328, Time: 19:40, Close: 129.8
2021-06-11 21:57:18 29      DISCB: SPYKE!. Candle: ID:14751, Time: 8:45, Close: 116
2021-06-11 21:57:18 29      DISCK_BBG000VMWHH5_2021-03-31
2021-06-11 21:57:18 38      DK_BBG00FZYFVC5_2021-03-31
2021-06-11 21:57:18 39      DKNG_BBG00TCBG714_2021-03-31
2021-06-11 21:57:18 46      DKS_BBG000F6ZWH2_2021-03-31
2021-06-11 21:57:18 47      DLB_BBG000DGLTG5_2021-03-31
2021-06-11 21:57:18 48      DLR_BBG000Q5ZRM7_2021-03-31
2021-06-11 21:57:18 50      DLTH_BBG002GBMZG4_2021-03-31
2021-06-11 21:57:18 52      DLTR_BBG000BSC0K9_2021-03-31
2021-06-11 21:57:18 55      DLX_BBG000BH6360_2021-03-31
2021-06-11 21:57:18 56      DNLI_BBG008P7F869_2021-03-31
2021-06-11 21:57:18 57      DNOW_BBG005BLN209_2021-03-31
2021-06-11 21:57:18 59      DOCU_BBG000N7KJX8_2021-03-31
2021-06-11 21:57:18 63      DORM_BBG000BM22F5_2021-03-31
2021-06-11 21:57:18 65      DOV_BBG000BHB3M6_2021-03-31
2021-06-11 21:57:18 66      DOW_BBG00BN96922_2021-03-31
2021-06-11 21:57:18 68      DPZ_BBG000P458P3_2021-03-31
2021-06-11 21:57:18 70      DRE_BBG000BHD8S7_2021-03-31
2021-06-11 21:57:18 71      DRI_BBG000BBNYF6_2021-03-31
2021-06-11 21:57:18 74      DRNA_BBG001J1DB23_2021-03-31
2021-06-11 21:57:18 76      DRQ_BBG000BVDBY2_2021-03-31
2021-06-11 21:57:18 77      DT_BBG00PNN7C40_2021-03-31
2021-06-11 21:57:18 78      DVA_BBG000MQ1SN9_2021-03-31
2021-06-11 21:57:18 79      DVN_BBG000BBVJZ8_2021-03-31
2021-06-11 21:57:18 84      DXC_BBG00FN64XT9_2021-03-31
2021-06-11 21:57:18 86      DXCM_BBG000QTF8K1_2021-03-31
2021-06-11 21:57:18 88      DY_BBG000C4SKT1_2021-03-31
2021-06-11 21:57:18 90      EA_BBG000BP0KQ8_2021-03-31
2021-06-11 21:57:18 94      EAT_BBG000BK28N7_2021-03-31
2021-06-11 21:57:18 95      EBAY_BBG000C43RR5_2021-03-31
2021-06-11 21:57:19 00      EBS_BBG000GW06J7_2021-03-31
2021-06-11 21:57:19 02      ECHO_BBG000RFP8W6_2021-03-31
2021-06-11 21:57:19 04      ECL_BBG000BHKYH4_2021-03-31
2021-06-11 21:57:19 05      ECPG_BBG000F369C7_2021-03-31
2021-06-11 21:57:19 06      ED_BBG000BHLYS1_2021-03-31
2021-06-11 21:57:19 09      EDIT_BBG005MX5GZ2_2021-03-31
2021-06-11 21:57:19 12      EEFT_BBG000BMNBY1_2021-03-31
2021-06-11 21:57:19 13      EFX_BBG000BHPL78_2021-03-31
2021-06-11 21:57:19 15      EGHT_BBG000BCGHH7_2021-03-31
2021-06-11 21:57:19 16      EGRX_BBG005Y3XWH9_2021-03-31
2021-06-11 21:57:19 17      EHTH_BBG000P5JQX6_2021-03-31
2021-06-11 21:57:19 18      EIX_BBG000D7RKJ5_2021-03-31
2021-06-11 21:57:19 20      EL_BBG000FKJRC5_2021-03-31
2021-06-11 21:57:19 22      ELAN_BBG00LJYS1P8_2021-03-31
2021-06-11 21:57:19 24      ELS_BBG000BB7SX7_2021-03-31
2021-06-11 21:57:19 26      EME_BBG000BBRPL4_2021-03-31
2021-06-11 21:57:19 27      EMN_BBG000BLW530_2021-03-31
2021-06-11 21:57:19 28      EMR_BBG000BHX7N2_2021-03-31
2021-06-11 21:57:19 32      ENDP_BBG000C0HQ54_2021-03-31
2021-06-11 21:57:19 33      ENPH_BBG001R3MNY9_2021-03-31
2021-06-11 21:57:19 38      ENR_BBG006FCB019_2021-03-31
2021-06-11 21:57:19 39      ENS_BBG000PWTD92_2021-03-31
2021-06-11 21:57:19 40      ENTA_BBG001V9NSB4_2021-03-31
2021-06-11 21:57:19 41      ENTG_BBG000CTV4N4_2021-03-31
2021-06-11 21:57:19 44      ENV_BBG000Q4NZ54_2021-03-31
2021-06-11 21:57:19 45      EOG_BBG000BZ9223_2021-03-31
2021-06-11 21:57:19 48      EPAM_BBG000MHTV89_2021-03-31
2021-06-11 21:57:19 50      EPAY_BBG000BRNH31_2021-03-31
2021-06-11 21:57:19 52      EPC_BBG000BRW644_2021-03-31
2021-06-11 21:57:19 53      EQIX_BBG000MBDGM6_2021-03-31
2021-06-11 21:57:19 54      EQT_BBG000BHZ5J9_2021-03-31
2021-06-11 21:57:19 58      ERIE_BBG000BBTJZ1_2021-03-31
2021-06-11 21:57:19 59      ES_BBG000BQ87N0_2021-03-31
2021-06-11 21:57:19 61      ESPR_BBG004KB3S72_2021-03-31
2021-06-11 21:57:19 62      ESS_BBG000CGJMB9_2021-03-31
2021-06-11 21:57:19 63      ET_BBG000BM2FL9_2021-03-31
2021-06-11 21:57:19 66      ETN_BBG000BJ3PD2_2021-03-31
2021-06-11 21:57:19 68      ETR_BBG000C1FQS9_2021-03-31
2021-06-11 21:57:19 70      ETRN_BBG00K53L394_2021-03-31
2021-06-11 21:57:19 72      ETSY_BBG000N7MXL8_2021-03-31
2021-06-11 21:57:19 75      EVBG_BBG0022FMPD5_2021-03-31
2021-06-11 21:57:19 76      EVER_BBG00F17NDH7_2021-03-31
2021-06-11 21:57:19 77      EVH_BBG005CHLM96_2021-03-31
2021-06-11 21:57:19 79      EVR_BBG000BP30Y0_2021-03-31
2021-06-11 21:57:19 79      EVRG_BBG00H433CR2_2021-03-31
2021-06-11 21:57:19 81      EW_BBG000BRXP69_2021-03-31
2021-06-11 21:57:19 83      EWBC_BBG000CR20B1_2021-03-31
2021-06-11 21:57:19 85      EXAS_BBG000CWL0F5_2021-03-31
2021-06-11 21:57:19 87      EXC_BBG000J6XT05_2021-03-31
2021-06-11 21:57:19 91      EXEL_BBG000BQ4WF8_2021-03-31
2021-06-11 21:57:19 94      EXLS_BBG000NS3P30_2021-03-31
2021-06-11 21:57:19 95      EXP_BBG000BJW241_2021-03-31
2021-06-11 21:57:19 97      EXPD_BBG000BJ5GK2_2021-03-31
2021-06-11 21:57:19 99      EXPE_BBG000QY3XZ2_2021-03-31
2021-06-11 21:57:20 04      EXR_BBG000PV27K3_2021-03-31
2021-06-11 21:57:20 06      EYE_BBG00HVQF9K2_2021-03-31
2021-06-11 21:57:20 07      F_BBG000BQPC32_2021-03-31
2021-06-11 21:57:20 12      FANG_BBG002PHSYX9_2021-03-31
2021-06-11 21:57:20 15      FARO_BBG000BJD7C2_2021-03-31
2021-06-11 21:57:20 16      FAST_BBG000BJ8YN7_2021-03-31
2021-06-11 21:57:20 20      FATE_BBG000QP35H2_2021-03-31
2021-06-11 21:57:20 22      FB_BBG000MM2P62_2021-03-31
2021-06-11 21:57:20 37      FBHS_BBG001B4BV87_2021-03-31
2021-06-11 21:57:20 40      FCFS_BBG000DNF659_2021-03-31
2021-06-11 21:57:20 41      FCN_BBG000K88H58_2021-03-31
2021-06-11 21:57:20 42      FCX_BBG000BJDB15_2021-03-31
2021-06-11 21:57:20 47      FDS_BBG000BDJL83_2021-03-31
2021-06-11 21:57:20 49      FDX_BBG000BJF1Z8_2021-03-31
2021-06-11 21:57:20 52      FELE_BBG000BJGGV8_2021-03-31
2021-06-11 21:57:20 53      FFIV_BBG000CXYSZ6_2021-03-31
2021-06-11 21:57:20 56      FGEN_BBG000FW5ZL6_2021-03-31
2021-06-11 21:57:20 59      FICO_BBG000DW76Y6_2021-03-31
2021-06-11 21:57:20 60      FIS_BBG000BK2F42_2021-03-31
2021-06-11 21:57:20 62      FISV_BBG000BJKPG0_2021-03-31
2021-06-11 21:57:20 68      FITB_BBG000BJL3N0_2021-03-31
2021-06-11 21:57:20 73      FIVN_BBG001KHJM17_2021-03-31
2021-06-11 21:57:20 75      FIZZ_BBG000BF8CB6_2021-03-31
2021-06-11 21:57:20 76      FIZZ: SPYKE!. Candle: ID:2188, Time: 21:10, Close: 51.56
2021-06-11 21:57:20 77      FL_BBG000BX8DC4_2021-03-31
2021-06-11 21:57:20 78      FLIR_BBG000BHK836_2021-03-31
2021-06-11 21:57:20 81      FLOW_BBG007FL7ZD2_2021-03-31
2021-06-11 21:57:20 82      FLR_BBG000BB1TH9_2021-03-31
2021-06-11 21:57:20 84      FLS_BBG000FFH4P5_2021-03-31
2021-06-11 21:57:20 85      FLT_BBG000GPXKX9_2021-03-31
2021-06-11 21:57:20 86      FLWS_BBG000BBR9P6_2021-03-31
2021-06-11 21:57:20 88      FMC_BBG000BJP882_2021-03-31
2021-06-11 21:57:20 89      FND_BBG007GJ2F81_2021-03-31
2021-06-11 21:57:20 90      FNKO_BBG00HXSHDQ9_2021-03-31
2021-06-11 21:57:20 92      FOCS_BBG00L0YTFN8_2021-03-31
2021-06-11 21:57:20 94      FOE_BBG000BJQK11_2021-03-31
2021-06-11 21:57:20 95      FOLD_BBG000PLF6N0_2021-03-31
2021-06-11 21:57:20 98      FORM_BBG000D1Y3P1_2021-03-31
2021-06-11 21:57:20 99      FORR_BBG000HGNYG8_2021-03-31
2021-06-11 21:57:21 00      FOX_BBG00JHNKJY8_2021-03-31
2021-06-11 21:57:21 03      FOXA_BBG00JHNJW99_2021-03-31
2021-06-11 21:57:21 06      FOXF_BBG004T7VS53_2021-03-31
2021-06-11 21:57:21 08      FRHC_BBG000N625H8_2021-03-31
2021-06-11 21:57:21 10      FRPH_BBG000HCVWW4_2021-03-31
2021-06-11 21:57:21 11      FRPT_BBG001D0HB36_2021-03-31
2021-06-11 21:57:21 13      FSLR_BBG000BFL116_2021-03-31
2021-06-11 21:57:21 17      FSLY_BBG004NLQHL0_2021-03-31
2021-06-11 21:57:21 20      FTCH_BBG00LSD4456_2021-03-31
2021-06-11 21:57:21 24      FTI_BBG00DL8NMV2_2021-03-31
2021-06-11 21:57:21 26      FTNT_BBG000BCMBG4_2021-03-31
2021-06-11 21:57:21 29      FTV_BBG00BLVZ228_2021-03-31
2021-06-11 21:57:21 30      FUL_BBG000BJZ7V7_2021-03-31
2021-06-11 21:57:21 32      GATX_BBG000BKGXQ4_2021-03-31
2021-06-11 21:57:21 34      GBCI_BBG000C3KB84_2021-03-31
2021-06-11 21:57:21 36      GBT_BBG00341H6M0_2021-03-31
2021-06-11 21:57:21 38      GBX_BBG000CF5097_2021-03-31
2021-06-11 21:57:21 39      GCO_BBG000BK5S78_2021-03-31
2021-06-11 21:57:21 40      GCP_BBG0082W8Q12_2021-03-31
2021-06-11 21:57:21 41      GD_BBG000BK67C7_2021-03-31
2021-06-11 21:57:21 43      GDDY_BBG006MDLY05_2021-03-31
2021-06-11 21:57:21 44      GDOT_BBG000QDJT53_2021-03-31
2021-06-11 21:57:21 46      GE_BBG000BK6MB5_2021-03-31
2021-06-11 21:57:21 50      GEF_BBG000BLFNC0_2021-03-31
2021-06-11 21:57:21 53      GGG_BBG000BK9W84_2021-03-31
2021-06-11 21:57:21 55      GH_BBG006D97VY9_2021-03-31
2021-06-11 21:57:21 56      GHC_BBG000C3FGH9_2021-03-31
2021-06-11 21:57:21 59      GILD_BBG000CKGBP2_2021-03-31
2021-06-11 21:57:21 70      GIS_BBG000BKCFC2_2021-03-31
2021-06-11 21:57:21 73      GKOS_BBG000WG2LQ1_2021-03-31
2021-06-11 21:57:21 75      GL_BBG000BVD6X4_2021-03-31
2021-06-11 21:57:21 77      GLW_BBG000BKFZM4_2021-03-31
2021-06-11 21:57:21 79      GM_BBG000NDYB67_2021-03-31
2021-06-11 21:57:21 85      GMED_BBG002V87SD0_2021-03-31
2021-06-11 21:57:21 86      GMS_BBG009Q036D0_2021-03-31
2021-06-11 21:57:21 88      GNL_BBG004HXD0G8_2021-03-31
2021-06-11 21:57:21 89      GNRC_BBG000PQ4W72_2021-03-31
2021-06-11 21:57:21 90      GO_BBG00P4R3079_2021-03-31
2021-06-11 21:57:21 92      GOOG_BBG009S3NB30_2021-03-31
2021-06-11 21:57:21 98      GOOGL_BBG009S39JX6_2021-03-31
2021-06-11 21:57:22 04      GOSS_BBG00MVWLLM2_2021-03-31
2021-06-11 21:57:22 07      GOSS: SPYKE!. Candle: ID:5151, Time: 7:00, Close: 9.49
2021-06-11 21:57:22 08      GPC_BBG000BKL348_2021-03-31
2021-06-11 21:57:22 09      GPI_BBG000BB88K4_2021-03-31
2021-06-11 21:57:22 10      GPN_BBG000CX0P89_2021-03-31
2021-06-11 21:57:22 12      GPS_BBG000BKLH74_2021-03-31
2021-06-11 21:57:22 16      GRA_BBG000BB8PG1_2021-03-31
2021-06-11 21:57:22 16      GRMN_BBG000C4LN67_2021-03-31
2021-06-11 21:57:22 18      GRUB_BBG001KWG293_2021-03-31
2021-06-11 21:57:22 20      GS_BBG000C6CFJ5_2021-03-31
2021-06-11 21:57:22 24      GSH_BBG000GLG0G0_2021-03-31
2021-06-11 21:57:22 24      GSKY_BBG00KT2SCV8_2021-03-31
2021-06-11 21:57:22 26      GSKY: SPYKE!. Candle: ID:1768, Time: 8:25, Close: 6.5
2021-06-11 21:57:22 26      GT_BBG000BKNX95_2021-03-31
2021-06-11 21:57:22 28      GTHX_BBG005F1DK91_2021-03-31
2021-06-11 21:57:22 36      GTLS_BBG000P1K2X6_2021-03-31
2021-06-11 21:57:22 37      GTN_BBG000DSQLQ0_2021-03-31
2021-06-11 21:57:22 38      GVA_BBG000DVB833_2021-03-31
2021-06-11 21:57:22 40      GWRE_BBG001C7PM75_2021-03-31
2021-06-11 21:57:22 41      GWW_BBG000BKR1D6_2021-03-31
2021-06-11 21:57:22 42      H_BBG000CVRFS4_2021-03-31
2021-06-11 21:57:22 43      HA_BBG000BC4185_2021-03-31
2021-06-11 21:57:22 45      HAE_BBG000C7TF41_2021-03-31
2021-06-11 21:57:22 46      HAIN_BBG000BQW085_2021-03-31
2021-06-11 21:57:22 48      HAL_BBG000BKTFN2_2021-03-31
2021-06-11 21:57:22 51      HALO_BBG000CZ8W54_2021-03-31
2021-06-11 21:57:22 53      HAS_BBG000BKVJK4_2021-03-31
2021-06-11 21:57:22 56      HBAN_BBG000BKWSR6_2021-03-31
2021-06-11 21:57:22 58      HBI_BBG000D2ZTS8_2021-03-31
2021-06-11 21:57:22 59      HCA_BBG000QW7VC1_2021-03-31
2021-06-11 21:57:22 61      HCCI_BBG000CCFB17_2021-03-31
2021-06-11 21:57:22 62      HCSG_BBG000BKYVF0_2021-03-31
2021-06-11 21:57:22 63      HD_BBG000BKZB36_2021-03-31
2021-06-11 21:57:22 66      HEAR_BBG000BM6N47_2021-03-31
2021-06-11 21:57:22 67      HEI_BBG000BL16Q7_2021-03-31
2021-06-11 21:57:22 69      HES_BBG000BBD070_2021-03-31
2021-06-11 21:57:22 71      HFC_BBG000BL9JQ1_2021-03-31
2021-06-11 21:57:22 75      HGV_BBG00CBYY6M1_2021-03-31
2021-06-11 21:57:22 76      HHC_BBG000MJRJJ2_2021-03-31
2021-06-11 21:57:22 77      HHR_BBG00KHGQ0H4_2021-03-31
2021-06-11 21:57:22 79      HIBB_BBG000H001V3_2021-03-31
2021-06-11 21:57:22 80      HIG_BBG000G0Z878_2021-03-31
2021-06-11 21:57:22 82      HII_BBG001KJ2HM9_2021-03-31
2021-06-11 21:57:22 83      HIIQ_TCS003QRSQD3_2021-03-31
2021-06-11 21:57:22 84      HLT_BBG0058KMH30_2021-03-31
2021-06-11 21:57:22 87      HNP_BBG000BX5YM0_2021-03-31
2021-06-11 21:57:22 87      HOG_BBG000BKZTP3_2021-03-31
2021-06-11 21:57:22 90      HOLX_BBG000C3NTN5_2021-03-31
2021-06-11 21:57:22 92      HON_BBG000H556T9_2021-03-31
2021-06-11 21:57:22 94      HP_BBG000BLCPY4_2021-03-31
2021-06-11 21:57:22 96      HPE_BBG0078W3NQ3_2021-03-31
2021-06-11 21:57:22 98      HPQ_BBG000KHWT55_2021-03-31
2021-06-11 21:57:23 01      HQY_BBG000TYXCT9_2021-03-31
2021-06-11 21:57:23 03      HRB_BBG000BLDV98_2021-03-31
2021-06-11 21:57:23 05      HRC_BBG000BKWCS0_2021-03-31
2021-06-11 21:57:23 06      HRL_BBG000BLF8D2_2021-03-31
2021-06-11 21:57:23 08      HRTX_BBG000G2GJT7_2021-03-31
2021-06-11 21:57:23 10      HSC_BBG000BLH3P8_2021-03-31
2021-06-11 21:57:23 11      HSIC_BBG000BNMMJ3_2021-03-31
2021-06-11 21:57:23 13      HSKA_BBG000BWFH48_2021-03-31
2021-06-11 21:57:23 14      HST_BBG000BL8804_2021-03-31
2021-06-11 21:57:23 17      HSY_BBG000BLHRS2_2021-03-31
2021-06-11 21:57:23 18      HTA_BBG000PRJCX9_2021-03-31
2021-06-11 21:57:23 19      HTHT_BBG000QFPM65_2021-03-31
2021-06-11 21:57:23 21      HUBB_BBG000BLK267_2021-03-31
2021-06-11 21:57:23 22      HUBG_BBG000G9W6L0_2021-03-31
2021-06-11 21:57:23 23      HUBS_BBG000N7MZ06_2021-03-31
2021-06-11 21:57:23 24      HUM_BBG000BLKK03_2021-03-31
2021-06-11 21:57:23 26      HURN_BBG000PV2M48_2021-03-31
2021-06-11 21:57:23 27      HWM_BBG00DYNJGH9_2021-03-31
2021-06-11 21:57:23 29      HXL_BBG000BLMDQ9_2021-03-31
2021-06-11 21:57:23 30      IAC_BBG000BKQG80_2021-03-31
2021-06-11 21:57:23 32      IART_BBG000BZJQL8_2021-03-31
2021-06-11 21:57:23 33      IBKR_BBG000LV0836_2021-03-31
2021-06-11 21:57:23 35      IBM_BBG000BLNNH6_2021-03-31
2021-06-11 21:57:23 39      IBN_BBG000DRM643_2021-03-31
2021-06-11 21:57:23 41      IBP_BBG005TJKDZ6_2021-03-31
2021-06-11 21:57:23 42      ICE_BBG000C1FB75_2021-03-31
2021-06-11 21:57:23 44      ICPT_BBG001J1QN87_2021-03-31
2021-06-11 21:57:23 45      ICPT: SPYKE!. Candle: ID:169, Time: 10:05, Close: 23.9
2021-06-11 21:57:23 46      ICUI_BBG000CQV2N4_2021-03-31
2021-06-11 21:57:23 47      IDCC_BBG000HLJ7M4_2021-03-31
2021-06-11 21:57:23 48      IDXX_BBG000BLRT07_2021-03-31
2021-06-11 21:57:23 51      IEX_BBG000C1HN22_2021-03-31
2021-06-11 21:57:23 52      IFF_BBG000BLSL58_2021-03-31
2021-06-11 21:57:23 53      IGMS_BBG00PNR1BT2_2021-03-31
2021-06-11 21:57:23 54      IGMS: SPYKE!. Candle: ID:10, Time: 13:30, Close: 82
2021-06-11 21:57:23 54      IGMS: SPYKE!. Candle: ID:1639, Time: 8:20, Close: 80.88
2021-06-11 21:57:23 54      IGMS: SPYKE!. Candle: ID:1640, Time: 8:20, Close: 81.36
2021-06-11 21:57:23 55      IIPR_BBG00F0SW7N8_2021-03-31
2021-06-11 21:57:23 56      IIVI_BBG000BLW102_2021-03-31
2021-06-11 21:57:23 58      ILMN_BBG000DSMS70_2021-03-31
2021-06-11 21:57:23 61      INCY_BBG000BNPSQ9_2021-03-31
2021-06-11 21:57:23 64      INDB_BBG000BM0597_2021-03-31
2021-06-11 21:57:23 65      INFO_BBG006G063F9_2021-03-31
2021-06-11 21:57:23 66      INGN_BBG0021PH456_2021-03-31
2021-06-11 21:57:23 67      INGR_BBG000BXPZB7_2021-03-31
2021-06-11 21:57:23 68      INMD_BBG00PPS73P4_2021-03-31
2021-06-11 21:57:23 70      INSP_BBG00209SZJ7_2021-03-31
2021-06-11 21:57:23 71      INTC_BBG000C0G1D1_2021-03-31
2021-06-11 21:57:23 82      INTU_BBG000BH5DV1_2021-03-31
2021-06-11 21:57:23 85      INVH_BBG00FQH6BS9_2021-03-31
2021-06-11 21:57:23 89      IONS_BBG000JH6683_2021-03-31
2021-06-11 21:57:23 90      IOSP_BBG000BMFNP4_2021-03-31
2021-06-11 21:57:23 92      IOVA_BBG000FTLBV7_2021-03-31
2021-06-11 21:57:23 95      IP_BBG000BM5SR2_2021-03-31
2021-06-11 21:57:23 97      IPAR_BBG000GCSWR5_2021-03-31
2021-06-11 21:57:23 98      IPG_BBG000C90DH9_2021-03-31
2021-06-11 21:57:24 01      IPGP_BBG000DCGRL8_2021-03-31
2021-06-11 21:57:24 02      IQV_BBG00333FYS2_2021-03-31
2021-06-11 21:57:24 04      IR_BBG002R1CW27_2021-03-31
2021-06-11 21:57:24 06      IRBT_BBG000HXJB21_2021-03-31
2021-06-11 21:57:24 08      IRDM_BBG000VC0FC1_2021-03-31
2021-06-11 21:57:24 24      IRM_BBG000KCZPC3_2021-03-31
2021-06-11 21:57:24 25      IRTC_BBG001J19V24_2021-03-31
2021-06-11 21:57:24 26      ISRG_BBG000BJPDZ1_2021-03-31
2021-06-11 21:57:24 29      IT_BBG000BB65D0_2021-03-31
2021-06-11 21:57:24 30      ITCI_BBG0026ZFZC4_2021-03-31
2021-06-11 21:57:24 31      ITGR_BBG000BW6JV4_2021-03-31
2021-06-11 21:57:24 33      ITRI_BBG000BD2167_2021-03-31
2021-06-11 21:57:24 36      ITT_BBG00CVQZQ96_2021-03-31
2021-06-11 21:57:24 37      ITW_BBG000BMBL90_2021-03-31
2021-06-11 21:57:24 39      IVZ_BBG000BY2Y78_2021-03-31
2021-06-11 21:57:24 41      J_BBG000BMFFQ0_2021-03-31
2021-06-11 21:57:24 42      JACK_BBG000GZYVY1_2021-03-31
2021-06-11 21:57:24 43      JBHT_BBG000BMDBZ1_2021-03-31
2021-06-11 21:57:24 45      JBSS_BBG000CHPMY5_2021-03-31
2021-06-11 21:57:24 46      JBT_BBG000VLBCQ1_2021-03-31
2021-06-11 21:57:24 47      JCI_BBG000BVWLJ6_2021-03-31
2021-06-11 21:57:24 49      JCOM_BBG000F3CWW7_2021-03-31
2021-06-11 21:57:24 51      JD_BBG005YHY0Q7_2021-03-31
2021-06-11 21:57:24 59      JEF_BBG000BNHSP9_2021-03-31
2021-06-11 21:57:24 61      JELD_BBG0019GM953_2021-03-31
2021-06-11 21:57:24 62      JJSF_BBG000BMGPW0_2021-03-31
2021-06-11 21:57:24 63      JKHY_BBG000BMH2Q7_2021-03-31
2021-06-11 21:57:24 65      JLL_BBG000C2L2L0_2021-03-31
2021-06-11 21:57:24 66      JNJ_BBG000BMHYD1_2021-03-31
2021-06-11 21:57:24 70      JNPR_BBG000BY33P5_2021-03-31
2021-06-11 21:57:24 72      JOBS_BBG000BJD1D4_2021-03-31
2021-06-11 21:57:24 73      JOUT_BBG000HCXFS4_2021-03-31
2021-06-11 21:57:24 74      JPM_BBG000DMBXR2_2021-03-31
2021-06-11 21:57:24 82      JWN_BBG000G8N9C6_2021-03-31
2021-06-11 21:57:24 85      K_BBG000BMKDM3_2021-03-31
2021-06-11 21:57:24 86      KALU_BBG000PKZDX4_2021-03-31
2021-06-11 21:57:24 88      KBH_BBG000BMLWX8_2021-03-31
2021-06-11 21:57:24 89      KDP_BBG000TJM7F0_2021-03-31
2021-06-11 21:57:24 92      KEP_BBG000BCWG90_2021-03-31
2021-06-11 21:57:24 93      KEX_BBG000BMQCP6_2021-03-31
2021-06-11 21:57:24 95      KEY_BBG000BMQPL1_2021-03-31
2021-06-11 21:57:24 97      KEYS_BBG0059FN811_2021-03-31
2021-06-11 21:57:24 99      KFY_BBG000C5QMB5_2021-03-31
2021-06-11 21:57:25 00      KHC_BBG005CPNTQ2_2021-03-31
2021-06-11 21:57:25 04      KIDS_BBG00HFFRW39_2021-03-31
2021-06-11 21:57:25 05      KIM_BBG000CN3S73_2021-03-31
2021-06-11 21:57:25 06      KLAC_BBG000BMTFR4_2021-03-31
2021-06-11 21:57:25 10      KMB_BBG000BMW2Z0_2021-03-31
2021-06-11 21:57:25 13      KMI_BBG0019JZ882_2021-03-31
2021-06-11 21:57:25 15      KMPR_BBG000H3GDJ8_2021-03-31
2021-06-11 21:57:25 16      KMT_BBG000BMWKC5_2021-03-31
2021-06-11 21:57:25 18      KMX_BBG000BLMZK6_2021-03-31
2021-06-11 21:57:25 19      KNSL_BBG00D8JD9Z9_2021-03-31
2021-06-11 21:57:25 20      KNX_BBG000BFC848_2021-03-31
2021-06-11 21:57:25 22      KO_BBG000BMX289_2021-03-31
2021-06-11 21:57:25 24      KOD_BBG00BVR0D02_2021-03-31
2021-06-11 21:57:25 25      KOD: SPYKE!. Candle: ID:8, Time: 13:30, Close: 113.41
2021-06-11 21:57:25 25      KOD: SPYKE!. Candle: ID:16, Time: 13:35, Close: 113.39
2021-06-11 21:57:25 25      KR_BBG000BMY992_2021-03-31
2021-06-11 21:57:25 30      KRG_BBG000BC2KW8_2021-03-31
2021-06-11 21:57:25 32      KRTX_BBG00NN875G0_2021-03-31
2021-06-11 21:57:25 33      KRYS_BBG00HDGRHH7_2021-03-31
2021-06-11 21:57:25 34      KSU_BBG000BMZ7P7_2021-03-31
2021-06-11 21:57:25 36      KTB_BBG00LPTHYD5_2021-03-31
2021-06-11 21:57:25 37      KWR_BBG000DZS2L9_2021-03-31
2021-06-11 21:57:25 38      L_BBG000C45984_2021-03-31
2021-06-11 21:57:25 39      LAD_BBG000K3BC83_2021-03-31
2021-06-11 21:57:25 40      LANC_BBG000BN1M88_2021-03-31
2021-06-11 21:57:25 41      LASR_BBG0020BCPX5_2021-03-31
2021-06-11 21:57:25 42      LB_BBG000BNGTQ7_2021-03-31
2021-06-11 21:57:25 45      LBRDK_BBG006GNSZW5_2021-03-31
2021-06-11 21:57:25 47      LCII_BBG000DNLMB0_2021-03-31
2021-06-11 21:57:25 48      LDOS_BBG000C23PB0_2021-03-31
2021-06-11 21:57:25 49      LEA_BBG000PTLGZ1_2021-03-31
2021-06-11 21:57:25 50      LECO_BBG000BB72K8_2021-03-31
2021-06-11 21:57:25 51      LEG_BBG000BN53G7_2021-03-31
2021-06-11 21:57:25 52      LEGH_BBG00MJDR6J9_2021-03-31
2021-06-11 21:57:25 53      LEGH: SPYKE!. Candle: ID:23, Time: 13:30, Close: 17.8
2021-06-11 21:57:25 53      LEN_BBG000BN5HF7_2021-03-31
2021-06-11 21:57:25 55      LEVI_BBG000BQDF10_2021-03-31
2021-06-11 21:57:25 56      LFC_BBG000BBK4B9_2021-03-31
2021-06-11 21:57:25 57      LFUS_BBG000BGFGT8_2021-03-31
2021-06-11 21:57:25 58      LGIH_BBG0056655S1_2021-03-31
2021-06-11 21:57:25 59      LGND_BBG000BKF014_2021-03-31
2021-06-11 21:57:25 60      LH_BBG000D9DMK0_2021-03-31
2021-06-11 21:57:25 61      LHCG_BBG000G7W420_2021-03-31
2021-06-11 21:57:25 62      LHX_BBG000BLGFJ9_2021-03-31
2021-06-11 21:57:25 63      LII_BBG000BB5B84_2021-03-31
2021-06-11 21:57:25 65      LIN_BBG00GVR8YQ9_2021-03-31
2021-06-11 21:57:25 68      LITE_BBG0073F9RT7_2021-03-31
2021-06-11 21:57:25 69      LKQ_BBG000PXDL44_2021-03-31
2021-06-11 21:57:25 72      LLY_BBG000BNBDC2_2021-03-31
2021-06-11 21:57:25 74      LMT_BBG000C1BW00_2021-03-31
2021-06-11 21:57:25 76      LNN_BBG000FJS1S8_2021-03-31
2021-06-11 21:57:25 77      LNT_BBG000DW4Q75_2021-03-31
2021-06-11 21:57:25 79      LNTH_BBG006Q52RD0_2021-03-31
2021-06-11 21:57:25 80      LOPE_BBG000FV28W9_2021-03-31
2021-06-11 21:57:25 81      LOW_BBG000BNDN65_2021-03-31
2021-06-11 21:57:25 84      LPL_BBG000FJ0RK9_2021-03-31
2021-06-11 21:57:25 85      LPLA_BBG000P2TYL8_2021-03-31
2021-06-11 21:57:25 87      LPSN_BBG000BSV0W5_2021-03-31
2021-06-11 21:57:25 89      LRCX_BBG000BNFLM9_2021-03-31
2021-06-11 21:57:25 93      LRN_BBG000QSXPZ9_2021-03-31
2021-06-11 21:57:25 94      LSCC_BBG000C2D1C1_2021-03-31
2021-06-11 21:57:25 96      LSTR_BBG000BB2KN0_2021-03-31
2021-06-11 21:57:25 98      LTHM_BBG00LV3NRG0_2021-03-31
2021-06-11 21:57:26 00      LULU_BBG000R8ZVD1_2021-03-31
2021-06-11 21:57:26 04      LUMN_BBG000BGLRN3_2021-03-31
2021-06-11 21:57:26 06      LUV_BBG000BNJHS8_2021-03-31
2021-06-11 21:57:26 09      LVS_BBG000JWD753_2021-03-31
2021-06-11 21:57:26 13      LW_BBG003CVMLQ2_2021-03-31
2021-06-11 21:57:26 15      LYB_BBG000WCFV84_2021-03-31
2021-06-11 21:57:26 17      LYFT_BBG004M9ZHX5_2021-03-31
2021-06-11 21:57:26 22      LYV_BBG000FQ7YR4_2021-03-31
2021-06-11 21:57:26 24      M_BBG000C46HM9_2021-03-31
2021-06-11 21:57:26 27      MA_BBG000F1ZSQ2_2021-03-31
2021-06-11 21:57:26 30      MAA_BBG000BLMY92_2021-03-31
2021-06-11 21:57:26 31      MAC_BBG000BL9C59_2021-03-31
2021-06-11 21:57:26 35      MAN_BBG000BNMHS4_2021-03-31
2021-06-11 21:57:26 36      MANH_BBG000BFV758_2021-03-31
2021-06-11 21:57:26 38      MANT_BBG000BGF8B5_2021-03-31
2021-06-11 21:57:26 39      MANU_BBG0035WV4N9_2021-03-31
2021-06-11 21:57:26 40      MAR_BBG000BGD7W6_2021-03-31
2021-06-11 21:57:26 44      MAS_BBG000BNNKG9_2021-03-31
2021-06-11 21:57:26 46      MASI_BBG000C3W281_2021-03-31
2021-06-11 21:57:26 48      MAT_BBG000BNNYW1_2021-03-31
2021-06-11 21:57:26 50      MATX_BBG000BBK401_2021-03-31
2021-06-11 21:57:26 51      MBT_BBG000CSZKR2_2021-03-31
2021-06-11 21:57:26 52      MBUU_BBG005PXTR70_2021-03-31
2021-06-11 21:57:26 53      MCD_BBG000BNSZP1_2021-03-31
2021-06-11 21:57:26 55      MCHP_BBG000BHCP19_2021-03-31
2021-06-11 21:57:26 58      MCK_BBG000DYGNW7_2021-03-31
2021-06-11 21:57:26 61      MCO_BBG000F86GP6_2021-03-31
2021-06-11 21:57:26 62      MCRI_BBG000BJ0932_2021-03-31
2021-06-11 21:57:26 63      MD_BBG000H8LGK2_2021-03-31
2021-06-11 21:57:26 64      MDB_BBG0022FDRY8_2021-03-31
2021-06-11 21:57:26 67      MDGL_BBG000QS6NV8_2021-03-31
2021-06-11 21:57:26 67      MDLA_BBG001BPKGT0_2021-03-31
2021-06-11 21:57:26 69      MDLZ_BBG000D4LWF6_2021-03-31
2021-06-11 21:57:26 72      MDRX_BBG000BLDXH5_2021-03-31
2021-06-11 21:57:26 74      MDT_BBG000BNWG87_2021-03-31
2021-06-11 21:57:26 78      MED_BBG000BWBW76_2021-03-31
2021-06-11 21:57:26 79      MEDP_BBG0065B7K59_2021-03-31
2021-06-11 21:57:26 80      MEI_BBG000BNY197_2021-03-31
2021-06-11 21:57:26 81      MELI_BBG000GQPB11_2021-03-31
2021-06-11 21:57:26 84      MET_BBG000BB6KF5_2021-03-31
2021-06-11 21:57:26 86      MFGP_BBG00HFWVGN0_2021-03-31
2021-06-11 21:57:26 90      MGLN_BBG000BD6DD9_2021-03-31
2021-06-11 21:57:26 91      MGM_BBG000C2BXK4_2021-03-31
2021-06-11 21:57:26 95      MGY_BBG00GNC8DL2_2021-03-31
2021-06-11 21:57:26 97      MHK_BBG000FLZN98_2021-03-31
2021-06-11 21:57:26 98      MHO_BBG000BL9MZ4_2021-03-31
2021-06-11 21:57:27 01      MIDD_BBG000DQN9R3_2021-03-31
2021-06-11 21:57:27 03      MINI_BBG000BGTX98_2021-03-31
2021-06-11 21:57:27 04      MKC_BBG000G6Y5W4_2021-03-31
2021-06-11 21:57:27 06      MKL_BBG000FC7366_2021-03-31
2021-06-11 21:57:27 07      MKSI_BBG000BVMG26_2021-03-31
2021-06-11 21:57:27 09      MKTX_BBG000BJBZ23_2021-03-31
2021-06-11 21:57:27 13      MLAB_BBG000BP3PW7_2021-03-31
2021-06-11 21:57:27 15      MLCO_BBG000BHP8J4_2021-03-31
2021-06-11 21:57:27 16      MLHR_BBG000BP46T2_2021-03-31
2021-06-11 21:57:27 18      MLM_BBG000BGYMH7_2021-03-31
2021-06-11 21:57:27 21      MMC_BBG000BP4MH0_2021-03-31
2021-06-11 21:57:27 23      MMI_BBG005GBRSR6_2021-03-31
2021-06-11 21:57:27 24      MMM_BBG000BP52R2_2021-03-31
2021-06-11 21:57:27 26      MMS_BBG000BC5WJ4_2021-03-31
2021-06-11 21:57:27 27      MMSI_BBG000C42VX0_2021-03-31
2021-06-11 21:57:27 28      MNRO_BBG000C0BZD1_2021-03-31
2021-06-11 21:57:27 29      MNST_BBG008NVB1C0_2021-03-31
2021-06-11 21:57:27 31      MO_BBG000BP6LJ8_2021-03-31
2021-06-11 21:57:27 35      MOH_BBG000MBHNC8_2021-03-31
2021-06-11 21:57:27 36      MOMO_BBG007HTCQT0_2021-03-31
2021-06-11 21:57:27 43      MORN_BBG000CGQ4F7_2021-03-31
2021-06-11 21:57:27 45      MOS_BBG000BFXHL6_2021-03-31
2021-06-11 21:57:27 48      MOV_BBG000BL30Y9_2021-03-31
2021-06-11 21:57:27 51      MPC_BBG001DCCGR8_2021-03-31
2021-06-11 21:57:27 53      MPWR_BBG000C30L48_2021-03-31
2021-06-11 21:57:27 56      MRC_BBG000BKLTM1_2021-03-31
2021-06-11 21:57:27 57      MRK_BBG000BPD168_2021-03-31
2021-06-11 21:57:27 61      MRNA_BBG003PHHZT1_2021-03-31
2021-06-11 21:57:27 72      MRO_BBG000C8H633_2021-03-31
2021-06-11 21:57:27 75      MRTX_BBG004TPGBP5_2021-03-31
2021-06-11 21:57:27 77      MS_BBG000BLZRJ2_2021-03-31
2021-06-11 21:57:27 82      MSA_BBG000BPDXF8_2021-03-31
2021-06-11 21:57:27 83      MSCI_BBG000RTDY25_2021-03-31
2021-06-11 21:57:27 84      MSFT_BBG000BPH459_2021-03-31
2021-06-11 21:57:28 11      MSGE_BBG00L9HLWV8_2021-03-31
2021-06-11 21:57:28 12      MSGN_BBG000NS03H7_2021-03-31
2021-06-11 21:57:28 14      MSGS_BBG007FG0C23_2021-03-31
2021-06-11 21:57:28 15      MSI_BBG000BP8Z50_2021-03-31
2021-06-11 21:57:28 17      MSM_BBG000BCLYL9_2021-03-31
2021-06-11 21:57:28 18      MSTR_BBG000GQJPZ0_2021-03-31
2021-06-11 21:57:28 21      MTB_BBG000D9KWL9_2021-03-31
2021-06-11 21:57:28 23      MTCH_BBG00B6WH9G3_2021-03-31
2021-06-11 21:57:28 26      MTD_BBG000BZCKH3_2021-03-31
2021-06-11 21:57:28 27      MTG_BBG000CBMH27_2021-03-31
2021-06-11 21:57:28 29      MTH_BBG000F4F1N0_2021-03-31
2021-06-11 21:57:28 30      MTN_BBG000BCMWM1_2021-03-31
2021-06-11 21:57:28 31      MTOR_BBG000BH92D1_2021-03-31
2021-06-11 21:57:28 32      MTRN_BBG000BDTT76_2021-03-31
2021-06-11 21:57:28 33      MU_BBG000C5Z1S3_2021-03-31
2021-06-11 21:57:28 48      MUR_BBG000BPMH90_2021-03-31
2021-06-11 21:57:28 49      MUSA_BBG001Z0Q6T5_2021-03-31
2021-06-11 21:57:28 51      MXIM_BBG000BPNP00_2021-03-31
2021-06-11 21:57:28 55      MXL_BBG000BB6R33_2021-03-31
2021-06-11 21:57:28 56      MYGN_BBG000D9H9F1_2021-03-31
2021-06-11 21:57:28 58      MYRG_BBG000BC7VW9_2021-03-31
2021-06-11 21:57:28 59      NARI_BBG009J8K7M0_2021-03-31
2021-06-11 21:57:28 61      NATI_BBG000DZK6N6_2021-03-31
2021-06-11 21:57:28 62      NAVI_BBG004MN1R41_2021-03-31
2021-06-11 21:57:28 64      NBIX_BBG000GJS7C1_2021-03-31
2021-06-11 21:57:28 66      NCBS_BBG000QK0TG5_2021-03-31
2021-06-11 21:57:28 67      NCR_BBG000BMXK89_2021-03-31
2021-06-11 21:57:28 68      NDAQ_BBG000F5VVB6_2021-03-31
2021-06-11 21:57:28 70      NDSN_BBG000BPWGR1_2021-03-31
2021-06-11 21:57:28 72      NEE_BBG000BJSBJ0_2021-03-31
2021-06-11 21:57:28 75      NEM_BBG000BPWXK1_2021-03-31
2021-06-11 21:57:28 78      NEO_BBG000BKH263_2021-03-31
2021-06-11 21:57:28 80      NEOG_BBG000C1BCK2_2021-03-31
2021-06-11 21:57:28 81      NET_BBG001WMKHH5_2021-03-31
2021-06-11 21:57:28 84      NEU_BBG000BJ5SS8_2021-03-31
2021-06-11 21:57:28 84      NEWR_BBG001NFKJ68_2021-03-31
2021-06-11 21:57:28 86      NFLX_BBG000CL9VN6_2021-03-31
2021-06-11 21:57:28 94      NGVT_BBG009LM28K6_2021-03-31
2021-06-11 21:57:28 95      NJR_BBG000BPZVW9_2021-03-31
2021-06-11 21:57:28 96      NKE_BBG000C5HS04_2021-03-31
2021-06-11 21:57:28 99      NKTR_BBG000BHCYJ1_2021-03-31
2021-06-11 21:57:29 01      NLOK_BBG000BH2JM1_2021-03-31
2021-06-11 21:57:29 04      NLSN_BBG0088CYPX8_2021-03-31
2021-06-11 21:57:29 05      NMIH_BBG005DLMMZ6_2021-03-31
2021-06-11 21:57:29 06      NOC_BBG000BQ2C28_2021-03-31
2021-06-11 21:57:29 08      NOK_BBG000BNGBW9_2021-03-31
2021-06-11 21:57:29 12      NOV_BBG000BJX8C8_2021-03-31
2021-06-11 21:57:29 13      NOW_BBG000M1R011_2021-03-31
2021-06-11 21:57:29 15      NP_BBG000QCQ764_2021-03-31
2021-06-11 21:57:29 16      NPK_BBG000BQ4GG2_2021-03-31
2021-06-11 21:57:29 17      NRG_BBG000D8RG11_2021-03-31
2021-06-11 21:57:29 19      NSC_BBG000BQ5DS5_2021-03-31
2021-06-11 21:57:29 20      NSP_BBG000BJ41X2_2021-03-31
2021-06-11 21:57:29 21      NTAP_BBG000FP1N32_2021-03-31
2021-06-11 21:57:29 24      NTCO_BBG00R4ZKPN5_2021-03-31
2021-06-11 21:57:29 25      NTCT_BBG000C136Z8_2021-03-31
2021-06-11 21:57:29 26      NTES_BBG000BX72V8_2021-03-31
2021-06-11 21:57:29 29      NTGR_BBG000C4GBR6_2021-03-31
2021-06-11 21:57:29 30      NTLA_BBG007KC7PB0_2021-03-31
2021-06-11 21:57:29 33      NTNX_BBG001NDW1Z7_2021-03-31
2021-06-11 21:57:29 36      NTRA_BBG001J1BQ86_2021-03-31
2021-06-11 21:57:29 38      NTRS_BBG000BQ74K1_2021-03-31
2021-06-11 21:57:29 40      NTUS_BBG000DPZHS3_2021-03-31
2021-06-11 21:57:29 41      NUE_BBG000BQ8KV2_2021-03-31
2021-06-11 21:57:29 45      NUS_BBG000HG21Y3_2021-03-31
2021-06-11 21:57:29 45      NUVA_BBG000LNL298_2021-03-31
2021-06-11 21:57:29 47      NVDA_BBG000BBJQV0_2021-03-31
2021-06-11 21:57:29 57      NVEE_BBG005BT60Y8_2021-03-31
2021-06-11 21:57:29 58      NVR_BBG000BQBYR3_2021-03-31
2021-06-11 21:57:29 59      NVRO_BBG001K61W36_2021-03-31
2021-06-11 21:57:29 60      NVTA_BBG005DJFD43_2021-03-31
2021-06-11 21:57:29 63      NWE_BBG000Q1NMJ4_2021-03-31
2021-06-11 21:57:29 65      NWL_BBG000BQC9V2_2021-03-31
2021-06-11 21:57:29 66      NWLI_BBG008HNHZ07_2021-03-31
2021-06-11 21:57:29 67      NWS_BBG0035M2ZB7_2021-03-31
2021-06-11 21:57:29 69      NWSA_BBG0035LY913_2021-03-31
2021-06-11 21:57:29 71      NXPI_BBG000BND699_2021-03-31
2021-06-11 21:57:29 75      NXST_BBG000DZJVH0_2021-03-31
2021-06-11 21:57:29 77      NYT_BBG000FFC0B3_2021-03-31
2021-06-11 21:57:29 78      O_BBG000DHPN63_2021-03-31
2021-06-11 21:57:29 80      OC_BBG000M44VW8_2021-03-31
2021-06-11 21:57:29 82      ODFL_BBG000CHSS88_2021-03-31
2021-06-11 21:57:29 83      OFIX_BBG000G1C210_2021-03-31
2021-06-11 21:57:29 85      OHI_BBG000BGBTC2_2021-03-31
2021-06-11 21:57:29 86      OI_BBG00R2JZG39_2021-03-31
2021-06-11 21:57:29 87      OII_BBG000CPBCL8_2021-03-31
2021-06-11 21:57:29 88      OII: SPYKE!. Candle: ID:1941, Time: 7:00, Close: 10.98
2021-06-11 21:57:29 89      OIS_BBG000BDDN94_2021-03-31
2021-06-11 21:57:29 90      OIS: SPYKE!. Candle: ID:3, Time: 7:00, Close: 5.57
2021-06-11 21:57:29 90      OIS: SPYKE!. Candle: ID:11, Time: 7:00, Close: 6.22
2021-06-11 21:57:29 91      OKE_BBG000BQHGR6_2021-03-31
2021-06-11 21:57:29 93      OKTA_BBG001YV1SM4_2021-03-31
2021-06-11 21:57:29 96      OLED_BBG000BLRP41_2021-03-31
2021-06-11 21:57:29 98      OLLI_BBG0098VVDT9_2021-03-31
2021-06-11 21:57:29 99      OMC_BBG000BS9489_2021-03-31
2021-06-11 21:57:30 02      OMCL_BBG000BTNGZ4_2021-03-31
2021-06-11 21:57:30 03      ON_BBG000DV7MX4_2021-03-31
2021-06-11 21:57:30 07      ONTO_BBG000BPRN29_2021-03-31
2021-06-11 21:57:30 08      ORCL_BBG000BQLTW7_2021-03-31
2021-06-11 21:57:30 12      ORLY_BBG000BGYWY6_2021-03-31
2021-06-11 21:57:30 13      OSIS_BBG000BWPR54_2021-03-31
2021-06-11 21:57:30 14      OSK_BBG000CC53X1_2021-03-31
2021-06-11 21:57:30 15      OSUR_BBG000J3D1Y8_2021-03-31
2021-06-11 21:57:30 17      OTIS_BBG00RP60KV0_2021-03-31
2021-06-11 21:57:30 19      OVV_BBG00R2NHQ65_2021-03-31
2021-06-11 21:57:30 20      OXY_BBG000BQQ2S6_2021-03-31
2021-06-11 21:57:30 25      PAGS_BBG00JM7QBR6_2021-03-31
2021-06-11 21:57:30 26      PANW_BBG0014GJCT9_2021-03-31
2021-06-11 21:57:30 28      PATK_BBG000BQSBB2_2021-03-31
2021-06-11 21:57:30 28      PAYC_BBG0064N0ZZ5_2021-03-31
2021-06-11 21:57:30 30      PB_BBG000BHY4D9_2021-03-31
2021-06-11 21:57:30 31      PBCT_BBG000BQT4L6_2021-03-31
2021-06-11 21:57:30 34      PBF_BBG002832GV8_2021-03-31
2021-06-11 21:57:30 35      PBH_BBG000QM0RZ4_2021-03-31
2021-06-11 21:57:30 36      PBI_BBG000BQTMJ9_2021-03-31
2021-06-11 21:57:30 38      PCAR_BBG000BQVTF5_2021-03-31
2021-06-11 21:57:30 41      PCG_BBG000BQWPC5_2021-03-31
2021-06-11 21:57:30 43      PCRX_BBG0018FQNS6_2021-03-31
2021-06-11 21:57:30 44      PCTY_BBG006598YS8_2021-03-31
2021-06-11 21:57:30 46      PD_BBG0043BYPB8_2021-03-31
2021-06-11 21:57:30 47      PDCO_BBG000BQY289_2021-03-31
2021-06-11 21:57:30 48      PEAK_BBG000BKYDP9_2021-03-31
2021-06-11 21:57:30 50      PEG_BBG000BQZMH4_2021-03-31
2021-06-11 21:57:30 52      PEGA_BBG000H1RYG7_2021-03-31
2021-06-11 21:57:30 54      PEN_BBG001BP92V1_2021-03-31
2021-06-11 21:57:30 55      PEP_BBG000DH7JK6_2021-03-31
2021-06-11 21:57:30 60      PETQ_BBG00H1CY328_2021-03-31
2021-06-11 21:57:30 61      PFE_BBG000BR2B91_2021-03-31
2021-06-11 21:57:30 64      PFG_BBG000NSCNT7_2021-03-31
2021-06-11 21:57:30 67      PFGC_BBG009XW2WB8_2021-03-31
2021-06-11 21:57:30 67      PFPT_BBG000RQ2GY7_2021-03-31
2021-06-11 21:57:30 69      PG_BBG000BR2TH3_2021-03-31
2021-06-11 21:57:30 75      PGNY_BBG002H1K1H1_2021-03-31
2021-06-11 21:57:30 77      PGR_BBG000BR37X2_2021-03-31
2021-06-11 21:57:30 79      PGTI_BBG000FX3Y66_2021-03-31
2021-06-11 21:57:30 79      PH_BBG000BR3KL6_2021-03-31
2021-06-11 21:57:30 81      PHM_BBG000BR54L0_2021-03-31
2021-06-11 21:57:30 83      PII_BBG000D5S4M0_2021-03-31
2021-06-11 21:57:30 84      PINC_BBG000G7QX50_2021-03-31
2021-06-11 21:57:30 85      PINS_BBG002583CV8_2021-03-31
2021-06-11 21:57:30 90      PIPR_BBG000FQXC75_2021-03-31
2021-06-11 21:57:30 91      PKG_BBG000BB8SW7_2021-03-31
2021-06-11 21:57:30 92      PKI_BBG000FXW512_2021-03-31
2021-06-11 21:57:30 93      PLAN_BBG002DZS299_2021-03-31
2021-06-11 21:57:30 94      PLAN: SPYKE!. Candle: ID:6, Time: 9:45, Close: 50.4
2021-06-11 21:57:30 95      PLAY_BBG001WWJTK5_2021-03-31
2021-06-11 21:57:30 97      PLCE_BBG000JK9DK4_2021-03-31
2021-06-11 21:57:30 98      PLD_BBG000B9Z0J8_2021-03-31
2021-06-11 21:57:31 02      PLNT_BBG009H04M17_2021-03-31
2021-06-11 21:57:31 03      PLTR_BBG000N7QR55_2021-03-31
2021-06-11 21:57:31 13      PLUS_BBG000HN7W02_2021-03-31
2021-06-11 21:57:31 14      PLXS_BBG000BRBX66_2021-03-31
2021-06-11 21:57:31 15      PM_BBG000J2XL74_2021-03-31
2021-06-11 21:57:31 18      PNC_BBG000BRD0D8_2021-03-31
2021-06-11 21:57:31 20      PNFP_BBG000C1XKF6_2021-03-31
2021-06-11 21:57:31 21      PNTG_BBG00P33SY72_2021-03-31
2021-06-11 21:57:31 22      PODD_BBG000R7XX87_2021-03-31
2021-06-11 21:57:31 24      POOL_BBG000BCVG28_2021-03-31
2021-06-11 21:57:31 25      POR_BBG000BCRMW7_2021-03-31
2021-06-11 21:57:31 26      POST_BBG001WTBC36_2021-03-31
2021-06-11 21:57:31 27      POWI_BBG000BTT3D1_2021-03-31
2021-06-11 21:57:31 28      PPC_BBG000BFLXV3_2021-03-31
2021-06-11 21:57:31 29      PPG_BBG000BRJ809_2021-03-31
2021-06-11 21:57:31 31      PPL_BBG000BRJL00_2021-03-31
2021-06-11 21:57:31 32      PRAA_BBG000BNTW77_2021-03-31
2021-06-11 21:57:31 34      PRAH_BBG007387YL8_2021-03-31
2021-06-11 21:57:31 36      PRFT_BBG000BVXFK6_2021-03-31
2021-06-11 21:57:31 37      PRG_BBG00VSH86G4_2021-03-31
2021-06-11 21:57:31 37      PRGS_BBG000C4QP94_2021-03-31
2021-06-11 21:57:31 39      PRI_BBG000T8ZF80_2021-03-31
2021-06-11 21:57:31 40      PRLB_BBG000BT13B3_2021-03-31
2021-06-11 21:57:31 40      PRLB: SPYKE!. Candle: ID:94, Time: 11:35, Close: 126.47
2021-06-11 21:57:31 41      PRSP_BBG00KMXKWF9_2021-03-31
2021-06-11 21:57:31 41      PRU_BBG000HCJMF9_2021-03-31
2021-06-11 21:57:31 44      PSA_BBG000BPPN67_2021-03-31
2021-06-11 21:57:31 46      PSN_BBG000C3TKY6_2021-03-31
2021-06-11 21:57:31 47      PSTG_BBG00212PVZ5_2021-03-31
2021-06-11 21:57:31 49      PSX_BBG00286S4N9_2021-03-31
2021-06-11 21:57:31 51      PTC_BBG000C2VBB0_2021-03-31
2021-06-11 21:57:31 53      PTCT_BBG000QT15P7_2021-03-31
2021-06-11 21:57:31 54      PTON_BBG00JG0FFZ2_2021-03-31
2021-06-11 21:57:31 58      PTR_BBG000BR85F1_2021-03-31
2021-06-11 21:57:31 59      PUMP_BBG00FYCQ352_2021-03-31
2021-06-11 21:57:31 60      PVH_BBG000BRRG02_2021-03-31
2021-06-11 21:57:31 61      PWR_BBG000BBL8V7_2021-03-31
2021-06-11 21:57:31 63      PXD_BBG000BXRPH1_2021-03-31
2021-06-11 21:57:31 65      PYPL_BBG0077VNXV6_2021-03-31
2021-06-11 21:57:31 75      PZZA_BBG000BFWF13_2021-03-31
2021-06-11 21:57:31 76      QADA_BBG001BP77C3_2021-03-31
2021-06-11 21:57:31 77      QCOM_BBG000CGC1X8_2021-03-31
2021-06-11 21:57:31 83      QDEL_BBG000C6GN04_2021-03-31
2021-06-11 21:57:31 85      QLYS_BBG000HT5G06_2021-03-31
2021-06-11 21:57:31 86      QNST_BBG000S9XXB8_2021-03-31
2021-06-11 21:57:31 87      QRTEA_BBG000PCQQL6_2021-03-31
2021-06-11 21:57:31 89      QRVO_BBG007TJF1N7_2021-03-31
2021-06-11 21:57:31 91      QTS_BBG0054B20Z8_2021-03-31
2021-06-11 21:57:31 92      QTWO_BBG005ZVK9P2_2021-03-31
2021-06-11 21:57:31 93      QUOT_BBG001QYNR63_2021-03-31
2021-06-11 21:57:31 94      R_BBG000BRVP70_2021-03-31
2021-06-11 21:57:31 95      RACE_BBG009PH3Q86_2021-03-31
2021-06-11 21:57:31 96      RAMP_BBG000BB4HM6_2021-03-31
2021-06-11 21:57:31 97      RARE_BBG001RWPDW6_2021-03-31
2021-06-11 21:57:31 98      RAVN_BBG000CXQTZ3_2021-03-31
2021-06-11 21:57:31 99      RBC_BBG000BRXTR8_2021-03-31
2021-06-11 21:57:32 00      RCL_BBG000BB5792_2021-03-31
2021-06-11 21:57:32 03      RDFN_BBG001Q7HP63_2021-03-31
2021-06-11 21:57:32 05      RDS.A_BBG000QXSSS6_2021-03-31
2021-06-11 21:57:32 07      RDY_BBG000NJ96L6_2021-03-31
2021-06-11 21:57:32 08      RE_BBG000C1XVK6_2021-03-31
2021-06-11 21:57:32 09      REG_BBG000BL46Q4_2021-03-31
2021-06-11 21:57:32 10      REGI_BBG0016SSV00_2021-03-31
2021-06-11 21:57:32 13      REGN_BBG000C734W3_2021-03-31
2021-06-11 21:57:32 15      RETA_BBG000R33BD1_2021-03-31
2021-06-11 21:57:32 16      REX_BBG000D2ZK61_2021-03-31
2021-06-11 21:57:32 17      REZI_BBG00HY28K89_2021-03-31
2021-06-11 21:57:32 18      RF_BBG000Q3JN03_2021-03-31
2021-06-11 21:57:32 20      RGA_BBG000BDLCQ0_2021-03-31
2021-06-11 21:57:32 21      RGEN_BBG000BS48J3_2021-03-31
2021-06-11 21:57:32 22      RGLD_BBG000BS5170_2021-03-31
2021-06-11 21:57:32 24      RGNX_BBG007Z9V591_2021-03-31
2021-06-11 21:57:32 25      RGR_BBG000C4FQG6_2021-03-31
2021-06-11 21:57:32 26      RH_BBG002293PJ4_2021-03-31
2021-06-11 21:57:32 27      RHI_BBG000BS5DR2_2021-03-31
2021-06-11 21:57:32 28      RIG_BBG000BH5LT6_2021-03-31
2021-06-11 21:57:32 30      RIG: BuyPending. Strategy: MorningOpenStrategy. Price: 3.3. Lots: 75. ChangeOpenToCurrent: -4.07. ChangePrevCloseToCurrent: -4.07. Candle: ID:17, Time: 4:00, Close: 3.3.
2021-06-11 21:57:32 30      RIG: OrderID: 268401c6. PlacedOrder. Status: New. RejectReason: 
2021-06-11 21:57:32 30      RIG: OrderID: 268401c6 fully executed
2021-06-11 21:57:32 30      RIG: Morning closing. Close price: 3.4. Lots: 75. CandleChange: -0.29%. ChangeFromCandleHigh: -0.29%. Profit: 0.10(3.03%). Candle: ID:39, Time: 4:05, Close: 3.4
2021-06-11 21:57:32 30      RIG: OrderID: 3af87229. PlacedOrder. Status: New. RejectReason: 
2021-06-11 21:57:32 30      RIG: OrderID: 3af87229 partially executed. Executed lots: 4. OrderStatus: 4/75 lots
2021-06-11 21:57:32 30      RIG: OrderID: 3af87229 partially executed. Executed lots: 1. OrderStatus: 5/75 lots
2021-06-11 21:57:32 30      RIG: OrderID: 3af87229 partially executed. Executed lots: 2. OrderStatus: 7/75 lots
2021-06-11 21:57:32 30      RIG: OrderID: 3af87229 partially executed. Executed lots: 8. OrderStatus: 15/75 lots
2021-06-11 21:57:32 30      RIG: OrderID: 3af87229 partially executed. Executed lots: 30. OrderStatus: 45/75 lots
2021-06-11 21:57:32 30      RIG: OrderID: 3af87229 partially executed. Executed lots: 11. OrderStatus: 56/75 lots
2021-06-11 21:57:32 30      RIG: OrderID: 3af87229 partially executed. Executed lots: 3. OrderStatus: 59/75 lots
2021-06-11 21:57:32 30      RIG: OrderID: 3af87229 fully executed
2021-06-11 21:57:32 32      RJF_BBG000BS73J1_2021-03-31
2021-06-11 21:57:32 33      RL_BBG000BS0ZF1_2021-03-31
2021-06-11 21:57:32 35      RMD_BBG000L4M7F1_2021-03-31
2021-06-11 21:57:32 36      RNG_BBG000J094P3_2021-03-31
2021-06-11 21:57:32 38      ROCK_BBG000BKQDQ7_2021-03-31
2021-06-11 21:57:32 39      ROG_BBG000BS9HN3_2021-03-31
2021-06-11 21:57:32 40      ROK_BBG000BBCDZ2_2021-03-31
2021-06-11 21:57:32 41      ROKU_BBG001ZZPQJ6_2021-03-31
2021-06-11 21:57:32 46      ROL_BBG000BSBBP1_2021-03-31
2021-06-11 21:57:32 47      ROLL_BBG000GMGNB3_2021-03-31
2021-06-11 21:57:32 48      ROP_BBG000F1ZSN5_2021-03-31
2021-06-11 21:57:32 49      ROST_BBG000BSBZH7_2021-03-31
2021-06-11 21:57:32 52      RPD_BBG009DFHWG6_2021-03-31
2021-06-11 21:57:32 53      RPM_BBG000DCNK80_2021-03-31
2021-06-11 21:57:32 54      RRBI_BBG000QKNLB2_2021-03-31
2021-06-11 21:57:32 55      RRC_BBG000FVXD63_2021-03-31
2021-06-11 21:57:32 56      RRGB_BBG000MXH9C1_2021-03-31
2021-06-11 21:57:32 57      RS_BBG000CJ2181_2021-03-31
2021-06-11 21:57:32 58      RSG_BBG000BPXVJ6_2021-03-31
2021-06-11 21:57:32 59      RTX_BBG000BW8S60_2021-03-31
2021-06-11 21:57:32 62      RVLV_BBG00M4RHBD0_2021-03-31
2021-06-11 21:57:32 62      RXN_BBG000H8R0N8_2021-03-31
2021-06-11 21:57:32 64      RYN_BBG000BG7L34_2021-03-31
2021-06-11 21:57:32 65      RYTM_BBG007DLZ601_2021-03-31
2021-06-11 21:57:32 65      RYTM: SPYKE!. Candle: ID:179, Time: 13:30, Close: 20.41
2021-06-11 21:57:32 66      SAFM_BBG000BSHJ96_2021-03-31
2021-06-11 21:57:32 67      SAGE_BBG0025X16Y5_2021-03-31
2021-06-11 21:57:32 69      SAIA_BBG000P5LMQ0_2021-03-31
2021-06-11 21:57:32 70      SAIC_BBG003BW05K6_2021-03-31
2021-06-11 21:57:32 71      SAIL_BBG00J0BBZL0_2021-03-31
2021-06-11 21:57:32 72      SAM_BBG000BCZBF1_2021-03-31
2021-06-11 21:57:32 73      SAVE_BBG000BF6RQ9_2021-03-31
2021-06-11 21:57:32 75      SBAC_BBG000D2M0Z7_2021-03-31
2021-06-11 21:57:32 77      SBCF_BBG000KK3464_2021-03-31
2021-06-11 21:57:32 78      SBGI_BBG000F2XXP2_2021-03-31
2021-06-11 21:57:32 79      SBH_BBG000LR8515_2021-03-31
2021-06-11 21:57:32 80      SBRA_BBG000MTDW24_2021-03-31
2021-06-11 21:57:32 81      SBUX_BBG000CTQBF3_2021-03-31
2021-06-11 21:57:32 86      SCCO_BBG000BSHH72_2021-03-31
2021-06-11 21:57:32 87      SCHW_BBG000BSLZY7_2021-03-31
2021-06-11 21:57:32 90      SCI_BBG000BTHH16_2021-03-31
2021-06-11 21:57:32 91      SCSC_BBG000BHTPZ4_2021-03-31
2021-06-11 21:57:32 92      SDGR_BBG000T88BN2_2021-03-31
2021-06-11 21:57:32 93      SDGR: SPYKE!. Candle: ID:12, Time: 7:10, Close: 68.75
2021-06-11 21:57:32 94      SEDG_BBG0084BBZY6_2021-03-31
2021-06-11 21:57:32 96      SEE_BBG000C22QV7_2021-03-31
2021-06-11 21:57:32 97      SEIC_BBG000BSQLT9_2021-03-31
2021-06-11 21:57:32 98      SERV_TCS002WMH2F2_2021-03-31
2021-06-11 21:57:32 99      SF_BBG000BSS5C0_2021-03-31
2021-06-11 21:57:33 00      SFIX_BBG0046L1KL9_2021-03-31
2021-06-11 21:57:33 02      SFM_BBG001KFKQM7_2021-03-31
2021-06-11 21:57:33 03      SGEN_BBG000BH0FR6_2021-03-31
2021-06-11 21:57:33 05      SHAK_BBG0063GCHH8_2021-03-31
2021-06-11 21:57:33 06      SHEN_BBG000BTC2N0_2021-03-31
2021-06-11 21:57:33 07      SHI_BBG000BHR1H9_2021-03-31
2021-06-11 21:57:33 07      SHW_BBG000BSXQV7_2021-03-31
2021-06-11 21:57:33 08      SIG_BBG000C4ZZ10_2021-03-31
2021-06-11 21:57:33 09      SIGI_BBG000BSZ738_2021-03-31
2021-06-11 21:57:33 10      SITE_BBG009T22D49_2021-03-31
2021-06-11 21:57:33 11      SIVB_BBG000BT0CM2_2021-03-31
2021-06-11 21:57:33 12      SJI_BBG000BT0T72_2021-03-31
2021-06-11 21:57:33 13      SJM_BBG000BT1715_2021-03-31
2021-06-11 21:57:33 14      SKM_BBG000BLN497_2021-03-31
2021-06-11 21:57:33 15      SKX_BBG000C4HKK2_2021-03-31
2021-06-11 21:57:33 16      SLAB_BBG000BB99S3_2021-03-31
2021-06-11 21:57:33 17      SLB_BBG000BT41Q8_2021-03-31
2021-06-11 21:57:33 19      SLG_BBG000BVP5P2_2021-03-31
2021-06-11 21:57:33 20      SMAR_BBG00GQK3WB5_2021-03-31
2021-06-11 21:57:33 21      SMG_BBG000BT5PG5_2021-03-31
2021-06-11 21:57:33 22      SMPL_BBG00GVP5JL4_2021-03-31
2021-06-11 21:57:33 23      SMTC_BBG000DBKR53_2021-03-31
2021-06-11 21:57:33 24      SNA_BBG000BT7JW9_2021-03-31
2021-06-11 21:57:33 25      SNAP_BBG00441QMJ7_2021-03-31
2021-06-11 21:57:33 30      SNBR_BBG000DM2BF3_2021-03-31
2021-06-11 21:57:33 31      SNPS_BBG000BSFRF3_2021-03-31
2021-06-11 21:57:33 33      SNX_BBG000CL9JV4_2021-03-31
2021-06-11 21:57:33 34      SNY_BBG000BBD5N1_2021-03-31
2021-06-11 21:57:33 35      SO_BBG000BT9DW0_2021-03-31
2021-06-11 21:57:33 37      SOHU_BBG00L2DB535_2021-03-31
2021-06-11 21:57:33 38      SON_BBG000D7HF89_2021-03-31
2021-06-11 21:57:33 39      SONO_BBG001JZPSQ2_2021-03-31
2021-06-11 21:57:33 40      SP_BBG000BJ91B1_2021-03-31
2021-06-11 21:57:33 41      SPB@US_BBG000DS5588_2021-03-31
2021-06-11 21:57:33 42      SPCE_BBG00HTN2CQ3_2021-03-31
2021-06-11 21:57:33 53      SPG_BBG000BJ2D31_2021-03-31
2021-06-11 21:57:33 54      SPG: SPYKE!. Candle: ID:2, Time: 4:00, Close: 106
2021-06-11 21:57:33 55      SPGI_BBG000BP1Q11_2021-03-31
2021-06-11 21:57:33 56      SPLK_BBG001C7TST4_2021-03-31
2021-06-11 21:57:33 59      SPOT_BBG003T4VFC2_2021-03-31
2021-06-11 21:57:33 61      SPR_BBG000PRJ2Z9_2021-03-31
2021-06-11 21:57:33 62      SPR: SPYKE!. Candle: ID:4441, Time: 4:00, Close: 47
2021-06-11 21:57:33 62      SPR: BuyPending. Strategy: MorningOpenStrategy. Price: 47. Lots: 5. ChangeOpenToCurrent: 0. ChangePrevCloseToCurrent: -4.94. Candle: ID:4441, Time: 4:00, Close: 47.
2021-06-11 21:57:33 62      SPR: OrderID: 794aeef2. PlacedOrder. Status: New. RejectReason: 
2021-06-11 21:57:33 62      SPR: Cancel order. Did not bought at market open. Candle: ID:4458, Time: 4:05, Close: 48.55
2021-06-11 21:57:33 62      OrderID: 794aeef2 successfully canceled
2021-06-11 21:57:33 62      SPSC_BBG000PZGB75_2021-03-31
2021-06-11 21:57:33 63      SQ_BBG0018SLC07_2021-03-31
2021-06-11 21:57:33 70      SRC_BBG0027Z6X10_2021-03-31
2021-06-11 21:57:33 70      SRCL_BBG000H3FZM6_2021-03-31
2021-06-11 21:57:33 71      SRDX_BBG000BZ2QG2_2021-03-31
2021-06-11 21:57:33 72      SRE_BBG000C2ZCH8_2021-03-31
2021-06-11 21:57:33 74      SRI_BBG000BB9Q78_2021-03-31
2021-06-11 21:57:33 75      SRPT_BBG000BCJ161_2021-03-31
2021-06-11 21:57:33 78      SSD_BBG000JLC8L8_2021-03-31
2021-06-11 21:57:33 79      SSNC_BBG000RJ2J04_2021-03-31
2021-06-11 21:57:33 80      SSTK_BBG002ZCK2V9_2021-03-31
2021-06-11 21:57:33 81      STAA_BBG000C4QB95_2021-03-31
2021-06-11 21:57:33 82      STAG_BBG000BGLFP7_2021-03-31
2021-06-11 21:57:33 83      STLD_BBG000HGYNZ9_2021-03-31
2021-06-11 21:57:33 86      STMP_BBG000CZ4KF3_2021-03-31
2021-06-11 21:57:33 87      STRA_BBG000GRZDV1_2021-03-31
2021-06-11 21:57:33 87      STT_BBG000BKFBD7_2021-03-31
2021-06-11 21:57:33 89      STX_BBG000F0KF42_2021-03-31
2021-06-11 21:57:33 90      Warning: figi `BBG000F0KF42` for history data does not match actual figi `BBG0113JGQF0`. Ticker: STX. Will be used actual!
2021-06-11 21:57:33 92      STZ_BBG000J1QLT0_2021-03-31
2021-06-11 21:57:33 93      SUPN_BBG000BP0HX7_2021-03-31
2021-06-11 21:57:33 94      SWAV_BBG005XVXML5_2021-03-31
2021-06-11 21:57:33 95      SWBI_BBG000BM0QL7_2021-03-31
2021-06-11 21:57:33 96      SWCH_BBG00HPDM5Z2_2021-03-31
2021-06-11 21:57:33 97      SWI_BBG00M1CKSK7_2021-03-31
2021-06-11 21:57:33 98      SWK_BBG000BTQR96_2021-03-31
2021-06-11 21:57:33 99      SWKS_BBG000KLB4Q1_2021-03-31
2021-06-11 21:57:34 02      SWN_BBG000BTR593_2021-03-31
2021-06-11 21:57:34 04      SWX_BBG00FWP4JW4_2021-03-31
2021-06-11 21:57:34 05      SXI_BBG000BTT5B8_2021-03-31
2021-06-11 21:57:34 05      SXT_BBG000J79P80_2021-03-31
2021-06-11 21:57:34 06      SYF_BBG00658F3P3_2021-03-31
2021-06-11 21:57:34 09      SYK_BBG000DN7P92_2021-03-31
2021-06-11 21:57:34 10      SYKE_BBG000BBHPV4_2021-03-31
2021-06-11 21:57:34 11      SYNA_BBG000BQV1S2_2021-03-31
2021-06-11 21:57:34 12      SYNH_BBG0078Y1D92_2021-03-31
2021-06-11 21:57:34 13      SYY_BBG000BTVJ25_2021-03-31
2021-06-11 21:57:34 15      T_BBG000BSJK37_2021-03-31
2021-06-11 21:57:34 18      TAK_BBG000LF8708_2021-03-31
2021-06-11 21:57:34 19      TAL_BBG0016XJ8S0_2021-03-31
2021-06-11 21:57:34 22      TAP_BBG000BS7KS3_2021-03-31
2021-06-11 21:57:34 23      TCBI_BBG000DN4ZT1_2021-03-31
2021-06-11 21:57:34 25      TCMD_BBG001B12Z39_2021-03-31
2021-06-11 21:57:34 26      TCRR_BBG00FH3FM15_2021-03-31
2021-06-11 21:57:34 28      TCS_BBG005DXJS36_2021-03-31
2021-06-11 21:57:34 30      TCX_BBG000L69KL5_2021-03-31
2021-06-11 21:57:34 31      TDC_BBG000R0L5J4_2021-03-31
2021-06-11 21:57:34 31      TDG_BBG000L8CBX4_2021-03-31
2021-06-11 21:57:34 32      TDOC_BBG0019T5SG0_2021-03-31
2021-06-11 21:57:34 35      TDS_BBG000BV0VK7_2021-03-31
2021-06-11 21:57:34 36      TDY_BBG000BMT9T6_2021-03-31
2021-06-11 21:57:34 37      TECH_BBG000C15114_2021-03-31
2021-06-11 21:57:34 38      TEL_BBG000RGM5P1_2021-03-31
2021-06-11 21:57:34 39      TENB_BBG00LBLCD02_2021-03-31
2021-06-11 21:57:34 42      TER_BBG000BV4DR6_2021-03-31
2021-06-11 21:57:34 44      TFC_BBG000BYYLS8_2021-03-31
2021-06-11 21:57:34 47      TFX_BBG000BV59Y6_2021-03-31
2021-06-11 21:57:34 47      TGNA_BBG000BK5DP1_2021-03-31
2021-06-11 21:57:34 48      TGT_BBG000H8TVT2_2021-03-31
2021-06-11 21:57:34 50      THG_BBG000FJH8W0_2021-03-31
2021-06-11 21:57:34 51      THO_BBG000BV6R84_2021-03-31
2021-06-11 21:57:34 52      THRM_BBG000BQLM34_2021-03-31
2021-06-11 21:57:34 53      THS_BBG000GQGJT4_2021-03-31
2021-06-11 21:57:34 54      TJX_BBG000BV8DN6_2021-03-31
2021-06-11 21:57:34 56      TKR_BBG000BV95H9_2021-03-31
2021-06-11 21:57:34 57      TMHC_BBG003PGJHP5_2021-03-31
2021-06-11 21:57:34 58      TMO_BBG000BVDLH9_2021-03-31
2021-06-11 21:57:34 59      TMUS_BBG000NDV1D4_2021-03-31
2021-06-11 21:57:34 62      TMX_BBG002WMH2F2_2021-03-31
2021-06-11 21:57:34 63      TNC_BBG000JCZJS2_2021-03-31
2021-06-11 21:57:34 64      TNDM_BBG0019V9M65_2021-03-31
2021-06-11 21:57:34 65      TNET_BBG000BR2040_2021-03-31
2021-06-11 21:57:34 65      TOL_BBG000BVHBM1_2021-03-31
2021-06-11 21:57:34 67      TOT_BBG000CHZ857_2021-03-31
2021-06-11 21:57:34 68      TPH_BBG0016YQTR5_2021-03-31
2021-06-11 21:57:34 70      TPIC_BBG0016MQ7C5_2021-03-31
2021-06-11 21:57:34 71      TPR_BBG000BY29C7_2021-03-31
2021-06-11 21:57:34 73      TPTX_BBG00NPL9WH7_2021-03-31
2021-06-11 21:57:34 74      TPX_BBG000PXGT62_2021-03-31
2021-06-11 21:57:34 75      TREE_BBG000TVRB50_2021-03-31
2021-06-11 21:57:34 76      TREX_BBG000BTGKK9_2021-03-31
2021-06-11 21:57:34 77      TRHC_BBG00BT7PPY8_2021-03-31
2021-06-11 21:57:34 77      TRIP_BBG001M8HHB7_2021-03-31
2021-06-11 21:57:34 80      TRMB_BBG000BNPS52_2021-03-31
2021-06-11 21:57:34 82      TROW_BBG000BVMPN3_2021-03-31
2021-06-11 21:57:34 84      TRU_BBG002Q7J5Z1_2021-03-31
2021-06-11 21:57:34 85      TRUP_BBG002BC7WC5_2021-03-31
2021-06-11 21:57:34 86      TRV_BBG000BJ81C1_2021-03-31
2021-06-11 21:57:34 87      TSCO_BBG000BLXZN1_2021-03-31
2021-06-11 21:57:34 90      TSLA_BBG000N9MNX3_2021-03-31
2021-06-11 21:57:35 18      TSM_BBG000BD8ZK0_2021-03-31
2021-06-11 21:57:35 24      TSN_BBG000DKCC19_2021-03-31
2021-06-11 21:57:35 25      TSS_BBG000C1JTL6_2021-03-31
2021-06-11 21:57:35 25      TT_BBG000BM6788_2021-03-31
2021-06-11 21:57:35 27      TTC_BBG000BVQRY3_2021-03-31
2021-06-11 21:57:35 27      TTD_BBG00629NGT2_2021-03-31
2021-06-11 21:57:35 29      TTEK_BBG000BYZ0Q5_2021-03-31
2021-06-11 21:57:35 30      TTM_BBG000PVGDH9_2021-03-31
2021-06-11 21:57:35 31      TTMI_BBG000BYQ0B1_2021-03-31
2021-06-11 21:57:35 32      TTWO_BBG000BS1YV5_2021-03-31
2021-06-11 21:57:35 34      TW_BBG00NK8H8T2_2021-03-31
2021-06-11 21:57:35 35      TWLO_BBG0029ZX840_2021-03-31
2021-06-11 21:57:35 37      TWNK_BBG00B6KGNN1_2021-03-31
2021-06-11 21:57:35 38      TWOU_BBG001KS9450_2021-03-31
2021-06-11 21:57:35 41      TWTR_BBG000H6HNW3_2021-03-31
2021-06-11 21:57:35 45      TXG_BBG007WX14X0_2021-03-31
2021-06-11 21:57:35 47      TXN_BBG000BVV7G1_2021-03-31
2021-06-11 21:57:35 50      TXRH_BBG000PSJMV7_2021-03-31
2021-06-11 21:57:35 52      TXT_BBG000BVVQQ8_2021-03-31
2021-06-11 21:57:35 53      TYL_BBG000BVWZF9_2021-03-31
2021-06-11 21:57:35 54      UA_BBG009DTD8H2_2021-03-31
2021-06-11 21:57:35 56      UAA_BBG000BXM6V2_2021-03-31
2021-06-11 21:57:35 58      UAL_BBG000M65M61_2021-03-31
2021-06-11 21:57:35 63      UBER_BBG002B04MT8_2021-03-31
2021-06-11 21:57:35 67      UCTT_BBG000HSLV70_2021-03-31
2021-06-11 21:57:35 68      UDR_BBG000C41023_2021-03-31
2021-06-11 21:57:35 70      UFPI_BBG000BL0T06_2021-03-31
2021-06-11 21:57:35 72      UFS_BBG000BHFHP8_2021-03-31
2021-06-11 21:57:35 72      UGI_BBG000BVYN55_2021-03-31
2021-06-11 21:57:35 73      UHS_BBG000CB8Q50_2021-03-31
2021-06-11 21:57:35 74      UI_BBG001R72SR9_2021-03-31
2021-06-11 21:57:35 76      ULTA_BBG00FWQ4VD6_2021-03-31
2021-06-11 21:57:35 77      UMBF_BBG000DD8WX1_2021-03-31
2021-06-11 21:57:35 78      UNF_BBG000BW29L1_2021-03-31
2021-06-11 21:57:35 78      UNH_BBG000CH5208_2021-03-31
2021-06-11 21:57:35 80      UNM_BBG000BW2QX0_2021-03-31
2021-06-11 21:57:35 82      UNP_BBG000BW3299_2021-03-31
2021-06-11 21:57:35 84      UNVR_BBG000BDHD29_2021-03-31
2021-06-11 21:57:35 84      UPS_BBG000L9CV04_2021-03-31
2021-06-11 21:57:35 87      UPWK_BBG00FBJ6390_2021-03-31
2021-06-11 21:57:35 88      URBN_BBG000BL79J3_2021-03-31
2021-06-11 21:57:35 89      URI_BBG000BXMFC3_2021-03-31
2021-06-11 21:57:35 91      USB_BBG000FFDM15_2021-03-31
2021-06-11 21:57:35 93      USFD_BBG00C6H6D40_2021-03-31
2021-06-11 21:57:35 94      USM_BBG000BW6P59_2021-03-31
2021-06-11 21:57:35 95      USNA_BBG000BX28M0_2021-03-31
2021-06-11 21:57:35 96      USPH_BBG000CSRSG6_2021-03-31
2021-06-11 21:57:35 96      UTHR_BBG000BV4XJ1_2021-03-31
2021-06-11 21:57:35 98      UTL_BBG000BW7X97_2021-03-31
2021-06-11 21:57:35 98      UTX_BBG0089KM290_2021-03-31
2021-06-11 21:57:35 99      V_BBG000PSKYX7_2021-03-31
2021-06-11 21:57:36 02      VAC_BBG001J2R5H3_2021-03-31
2021-06-11 21:57:36 03      VALE_BBG000BN5LG7_2021-03-31
2021-06-11 21:57:36 05      VC_BBG0016T3GQ0_2021-03-31
2021-06-11 21:57:36 06      VCEL_BBG000BDCM24_2021-03-31
2021-06-11 21:57:36 07      VCRA_BBG00179VSY7_2021-03-31
2021-06-11 21:57:36 08      VCYT_BBG001J2M542_2021-03-31
2021-06-11 21:57:36 09      VEEV_BBG001CGB489_2021-03-31
2021-06-11 21:57:36 11      VEON_BBG000QCW561_2021-03-31
2021-06-11 21:57:36 13      VFC_BBG000BWCKB6_2021-03-31
2021-06-11 21:57:36 15      VG_BBG000BRB5D9_2021-03-31
2021-06-11 21:57:36 16      VIAC_BBG000C496P7_2021-03-31
2021-06-11 21:57:36 38      VICR_BBG000C3VHF1_2021-03-31
2021-06-11 21:57:36 39      VIE_BBG00K6P5XM1_2021-03-31
2021-06-11 21:57:36 39      VIPS_BBG002NLDLV8_2021-03-31
2021-06-11 21:57:36 51      VIPS: BuyPending. Strategy: MorningOpenStrategy. Price: 31.34. Lots: 7. ChangeOpenToCurrent: -2.06. ChangePrevCloseToCurrent: 0. Candle: ID:19, Time: 4:00, Close: 31.34.
2021-06-11 21:57:36 51      VIPS: OrderID: 279dff50. PlacedOrder. Status: New. RejectReason: 
2021-06-11 21:57:36 51      VIPS: OrderID: 279dff50 fully executed
2021-06-11 21:57:36 51      VIPS: Buy more. Price: 30.6. Lots: 8. changeFromLastBuy: -2.36. Candle: ID:30, Time: 4:00, Close: 30.6.
2021-06-11 21:57:36 51      VIPS: OrderID: 9089e334. PlacedOrder. Status: New. RejectReason: 
2021-06-11 21:57:36 51      VIPS: Morning closing. Close price: 31.58. Lots: 7. CandleChange: -0.03%. ChangeFromCandleHigh: -0.06%. Profit: 0.24(0.77%). Candle: ID:292, Time: 4:20, Close: 31.58
2021-06-11 21:57:36 51      VIPS: OrderID: 91b4a768. PlacedOrder. Status: New. RejectReason: 
2021-06-11 21:57:36 51      VIPS: OrderID: 9089e334 automatically canceling...
2021-06-11 21:57:36 51      VIPS: OrderID: 91b4a768 partially executed. Executed lots: 2. OrderStatus: 2/7 lots
2021-06-11 21:57:36 51      OrderID: 9089e334 successfully canceled
2021-06-11 21:57:36 51      VIPS: OrderID: 91b4a768 fully executed
2021-06-11 21:57:36 58      VIR_BBG00H2QQ8T5_2021-03-31
2021-06-11 21:57:36 59      VIR: SPYKE!. Candle: ID:2, Time: 7:00, Close: 50.77
2021-06-11 21:57:36 59      VLO_BBG000BBGGQ1_2021-03-31
2021-06-11 21:57:36 62      VMC_BBG000BWGYF8_2021-03-31
2021-06-11 21:57:36 63      VMI_BBG000BWB7V4_2021-03-31
2021-06-11 21:57:36 64      VMW_BBG000BC9938_2021-03-31
2021-06-11 21:57:36 65      VNDA_BBG000HT5MG6_2021-03-31
2021-06-11 21:57:36 66      VNE_BBG00K4MPP27_2021-03-31
2021-06-11 21:57:36 67      VNO_BBG000BWHD54_2021-03-31
2021-06-11 21:57:36 68      VNT_BBG00RRGSJR4_2021-03-31
2021-06-11 21:57:36 69      VPG_BBG000PRQ0V9_2021-03-31
2021-06-11 21:57:36 69      VREX_BBG00CZNLR47_2021-03-31
2021-06-11 21:57:36 70      VRNS_BBG001Y04TN6_2021-03-31
2021-06-11 21:57:36 72      VRNT_BBG000BCBYT2_2021-03-31
2021-06-11 21:57:36 73      VRSK_BBG000BCZL41_2021-03-31
2021-06-11 21:57:36 75      VRSN_BBG000BGKHZ3_2021-03-31
2021-06-11 21:57:36 76      VRTS_BBG000DMFQS2_2021-03-31
2021-06-11 21:57:36 77      VRTV_BBG005XZHR97_2021-03-31
2021-06-11 21:57:36 77      VRTX_BBG000C1S2X2_2021-03-31
2021-06-11 21:57:36 79      VTR_BBG000FRVHB9_2021-03-31
2021-06-11 21:57:36 81      VTRS_BBG00Y4RQNH4_2021-03-31
2021-06-11 21:57:36 82      VTRS: BuyPending. Strategy: MorningOpenStrategy. Price: 14.1. Lots: 17. ChangeOpenToCurrent: -2.29. ChangePrevCloseToCurrent: -0.14. Candle: ID:9, Time: 7:00, Close: 14.1.
2021-06-11 21:57:36 82      VTRS: OrderID: 5f8c9138. PlacedOrder. Status: New. RejectReason: 
2021-06-11 21:57:36 82      VTRS: Cancel order. Did not bought at market open. Candle: ID:10, Time: 7:05, Close: 14.13
2021-06-11 21:57:36 82      OrderID: 5f8c9138 successfully canceled
2021-06-11 21:57:36 83      VZ_BBG000HS77T5_2021-03-31
2021-06-11 21:57:36 86      W_BBG001B17MV2_2021-03-31
2021-06-11 21:57:36 88      WAB_BBG000BDD940_2021-03-31
2021-06-11 21:57:36 89      WAL_BBG000Q1KFH4_2021-03-31
2021-06-11 21:57:36 90      WAT_BBG000FQRVM3_2021-03-31
2021-06-11 21:57:36 90      WB_BBG0065XPGX9_2021-03-31
2021-06-11 21:57:36 92      WBA_BBG000BWLMJ4_2021-03-31
2021-06-11 21:57:36 96      WCC_BBG000D0FNV3_2021-03-31
2021-06-11 21:57:36 98      WDAY_BBG000VC0T95_2021-03-31
2021-06-11 21:57:37 00      WDC_BBG000BWNFZ9_2021-03-31
2021-06-11 21:57:37 02      WDFC_BBG000BWNV93_2021-03-31
2021-06-11 21:57:37 03      WEC_BBG000BWP7D9_2021-03-31
2021-06-11 21:57:37 05      WELL_BBG000BKY1G5_2021-03-31
2021-06-11 21:57:37 06      WERN_BBG000BWPP85_2021-03-31
2021-06-11 21:57:37 07      WEX_BBG000BVZP59_2021-03-31
2021-06-11 21:57:37 08      WFC_BBG000BWQFY7_2021-03-31
2021-06-11 21:57:37 11      WGO_BBG000BWS3F3_2021-03-31
2021-06-11 21:57:37 12      WH_BBG00HCY3Q67_2021-03-31
2021-06-11 21:57:37 13      WHD_BBG00JRH1P95_2021-03-31
2021-06-11 21:57:37 13      WHR_BBG000BWSV34_2021-03-31
2021-06-11 21:57:37 15      WING_BBG008N298Y8_2021-03-31
2021-06-11 21:57:37 16      WK_BBG007BVZ8H9_2021-03-31
2021-06-11 21:57:37 16      WK: SPYKE!. Candle: ID:3, Time: 13:35, Close: 86.85
2021-06-11 21:57:37 17      WLK_BBG000PXZFW2_2021-03-31
2021-06-11 21:57:37 18      WLTW_BBG000DB3KT1_2021-03-31
2021-06-11 21:57:37 19      WM_BBG000BWVSR1_2021-03-31
2021-06-11 21:57:37 21      WMB_BBG000BWVCP8_2021-03-31
2021-06-11 21:57:37 23      WMT_BBG000BWXBC2_2021-03-31
2021-06-11 21:57:37 27      WOR_BBG000HL7499_2021-03-31
2021-06-11 21:57:37 28      WORK_BBG007G7V505_2021-03-31
2021-06-11 21:57:37 29      WRB_BBG000BD1HP2_2021-03-31
2021-06-11 21:57:37 30      WRK_BBG008NXC572_2021-03-31
2021-06-11 21:57:37 31      WRLD_BBG000C3G9J2_2021-03-31
2021-06-11 21:57:37 32      WSC_BBG00B0FS947_2021-03-31
2021-06-11 21:57:37 33      WSM_BBG000FSMWC3_2021-03-31
2021-06-11 21:57:37 35      WSO_BBG000DJN7L9_2021-03-31
2021-06-11 21:57:37 35      WST_BBG000BX24N8_2021-03-31
2021-06-11 21:57:37 36      WTFC_BBG000HD3DW5_2021-03-31
2021-06-11 21:57:37 38      WTS_BBG000C4Z6C2_2021-03-31
2021-06-11 21:57:37 39      WTTR_BBG00G4Y2DC1_2021-03-31
2021-06-11 21:57:37 40      WU_BBG000BB5373_2021-03-31
2021-06-11 21:57:37 41      WWD_BBG000BD53V2_2021-03-31
2021-06-11 21:57:37 43      WWE_BBG000F5YH15_2021-03-31
2021-06-11 21:57:37 44      WWW_BBG000BX2YN2_2021-03-31
2021-06-11 21:57:37 44      WY_BBG000BX3BL3_2021-03-31
2021-06-11 21:57:37 46      WYNN_BBG000LD9JQ8_2021-03-31
2021-06-11 21:57:37 48      XEC_BBG000D6L294_2021-03-31
2021-06-11 21:57:37 49      XEL_BBG000BCTQ65_2021-03-31
2021-06-11 21:57:37 52      XLNX_BBG000C0F570_2021-03-31
2021-06-11 21:57:37 55      XLRN_BBG000R5HWZ1_2021-03-31
2021-06-11 21:57:37 56      XNCR_BBG0026ZG4W0_2021-03-31
2021-06-11 21:57:37 57      XOM_BBG000GZQ728_2021-03-31
2021-06-11 21:57:37 62      XPO_BBG000L5CJF3_2021-03-31
2021-06-11 21:57:37 63      XRAY_BBG000BX57K1_2021-03-31
2021-06-11 21:57:37 65      XRX_BBG00NNG2ZJ8_2021-03-31
2021-06-11 21:57:37 66      XYL_BBG001D8R5D0_2021-03-31
2021-06-11 21:57:37 67      Y_BBG000BX6BJ3_2021-03-31
2021-06-11 21:57:37 68      YELP_BBG000Q2HM09_2021-03-31
2021-06-11 21:57:37 69      YETI_BBG00D8JC882_2021-03-31
2021-06-11 21:57:37 70      YEXT_BBG001MKZGY7_2021-03-31
2021-06-11 21:57:37 71      YUM_BBG000BH3GZ2_2021-03-31
2021-06-11 21:57:37 72      YUMC_BBG00B8N0HG1_2021-03-31
2021-06-11 21:57:37 74      YY_BBG003H0XV18_2021-03-31
2021-06-11 21:57:37 77      Z_BBG009NRSWJ4_2021-03-31
2021-06-11 21:57:37 81      ZBH_BBG000BKPL53_2021-03-31
2021-06-11 21:57:37 82      ZBRA_BBG000CC7LQ7_2021-03-31
2021-06-11 21:57:37 83      ZEN_BBG001HRFJG4_2021-03-31
2021-06-11 21:57:37 85      ZG_BBG000D13GN8_2021-03-31
2021-06-11 21:57:37 86      ZGNX_BBG000VDC3G9_2021-03-31
2021-06-11 21:57:37 88      ZI_BBG00S1HJ3M8_2021-03-31
2021-06-11 21:57:37 89      ZION_BBG000BX9WL1_2021-03-31
2021-06-11 21:57:37 91      ZM_BBG0042V6JM8_2021-03-31
2021-06-11 21:57:37 95      ZNH_BBG000BXQ7R1_2021-03-31
2021-06-11 21:57:37 95      ZS_BBG003338H34_2021-03-31
2021-06-11 21:57:37 97      ZTS_BBG0039320N9_2021-03-31
2021-06-11 21:57:37 99      ZUMZ_BBG000PYX812_2021-03-31
2021-06-11 21:57:37 99      ZUO_BBG000BT3HG5_2021-03-31
2021-06-11 21:57:38 00      ZYNE_BBG007BBS8B7_2021-03-31
2021-06-11 21:57:38 03      ZYNE: SPYKE!. Candle: ID:5, Time: 4:00, Close: 4.92
2021-06-11 21:57:38 03      ZYNE: SPYKE!. Candle: ID:6, Time: 4:00, Close: 5.02
2021-06-11 21:57:38 03      ZYNE: SPYKE!. Candle: ID:7, Time: 4:00, Close: 4.7
2021-06-11 21:57:38 03      ZYNE: SPYKE!. Candle: ID:8, Time: 4:00, Close: 4.66
2021-06-11 21:57:38 05      ZYXI_BBG000BJBXZ2_2021-03-31
2021-06-11 21:57:38 07      Total candles read: 5065621
2021-06-11 21:57:38 07      Start DisposeAsync...
2021-06-11 21:57:38 07      Attempted to divide by zero.
