2021-07-04 23:33:32 39      mode=TestTradeBot;CopyDDDDData=true;DumpQuotes=false;SubscribeQuotes=false;Strategies=MorningOpenStrategy;Token=token.txt;ConfigPath=usd.json;OutputFolder=.\new\;CandlesPath=C:\tinkoff\TestData\RawQuotes\5m\uncompressed\quotes_2021-04-01;
2021-07-04 23:33:32 40      Trade bot created
2021-07-04 23:33:32 42      Fake connection created
2021-07-04 23:33:32 55      Loaded 142 liquid instruments
2021-07-04 23:33:33 16      List of disabled tickers: 
2021-07-04 23:33:33 17      A_BBG000C2V3D6_2021-04-01
2021-07-04 23:33:33 25      AA_BBG00B3T3HD3_2021-04-01
2021-07-04 23:33:33 31      AAL_BBG005P7Q881_2021-04-01
2021-07-04 23:33:33 38      AAN_BBG00WCNDCZ6_2021-04-01
2021-07-04 23:33:33 39      AAON_BBG000C2LZP3_2021-04-01
2021-07-04 23:33:33 41      AAP_BBG000F7RCJ1_2021-04-01
2021-07-04 23:33:33 43      AAPL_BBG000B9XRY4_2021-04-01
2021-07-04 23:33:33 70      ABBV_BBG0025Y4RY4_2021-04-01
2021-07-04 23:33:33 74      ABC_BBG000MDCQC2_2021-04-01
2021-07-04 23:33:33 78      ABG_BBG000BKDWB5_2021-04-01
2021-07-04 23:33:33 79      ABMD_BBG000C101X4_2021-04-01
2021-07-04 23:33:33 80      ABNB_BBG001Y2XS07_2021-04-01
2021-07-04 23:33:33 84      ABT_BBG000B9ZXB4_2021-04-01
2021-07-04 23:33:33 89      ACAD_BBG000BHG9K0_2021-04-01
2021-07-04 23:33:33 93      ACH_BBG000CMRVH1_2021-04-01
2021-07-04 23:33:33 94      ACM_BBG000F61RJ8_2021-04-01
2021-07-04 23:33:33 97      ACMR_BBG00HPSG933_2021-04-01
2021-07-04 23:33:33 98      ACN_BBG000D9D830_2021-04-01
2021-07-04 23:33:34 00      ADBE_BBG000BB5006_2021-04-01
2021-07-04 23:33:34 05      ADM_BBG000BB6WG8_2021-04-01
2021-07-04 23:33:34 07      ADP_BBG000JG0547_2021-04-01
2021-07-04 23:33:34 11      ADPT_BBG001J2PFF5_2021-04-01
2021-07-04 23:33:34 13      ADS_BBG000BFNR17_2021-04-01
2021-07-04 23:33:34 14      ADSK_BBG000BM7HL0_2021-04-01
2021-07-04 23:33:34 17      ADUS_BBG000NJGX84_2021-04-01
2021-07-04 23:33:34 18      AEE_BBG000B9X8C0_2021-04-01
2021-07-04 23:33:34 21      AEIS_BBG000FKMP26_2021-04-01
2021-07-04 23:33:34 22      AEO_BBG000BGXZB5_2021-04-01
2021-07-04 23:33:34 26      AERI_BBG001KJ7WJ5_2021-04-01
2021-07-04 23:33:34 27      AES_BBG000C23KJ3_2021-04-01
2021-07-04 23:33:34 30      AFG_BBG000DPKKK0_2021-04-01
2021-07-04 23:33:34 31      AFL_BBG000BBBNC6_2021-04-01
2021-07-04 23:33:34 33      AGCO_BBG000DCCZW2_2021-04-01
2021-07-04 23:33:34 34      AGIO_BBG000QY4ZD0_2021-04-01
2021-07-04 23:33:34 35      AIG_BBG000BBDZG3_2021-04-01
2021-07-04 23:33:34 38      AIR_BBG000BBGQF1_2021-04-01
2021-07-04 23:33:34 39      AIRC_BBG00XK3WVD0_2021-04-01
2021-07-04 23:33:34 40      AIT_BBG000BBHHP9_2021-04-01
2021-07-04 23:33:34 41      AIV_BBG000DD3510_2021-04-01
2021-07-04 23:33:34 43      AIZ_BBG000BZX1N5_2021-04-01
2021-07-04 23:33:34 44      AJG_BBG000BBHXQ3_2021-04-01
2021-07-04 23:33:34 45      AJRD_BBG000BKRHQ7_2021-04-01
2021-07-04 23:33:34 47      AKAM_BBG000BJQWD2_2021-04-01
2021-07-04 23:33:34 49      ALB_BBG000BJ26K7_2021-04-01
2021-07-04 23:33:34 51      ALGN_BBG000BRNLL2_2021-04-01
2021-07-04 23:33:34 53      ALGT_BBG000LJS6B8_2021-04-01
2021-07-04 23:33:34 54      ALK_BBG000BBL0Y1_2021-04-01
2021-07-04 23:33:34 56      ALL_BBG000BVMGF2_2021-04-01
2021-07-04 23:33:34 58      ALLE_BBG003PS7JV1_2021-04-01
2021-07-04 23:33:34 59      ALLK_BBG003QBJKN0_2021-04-01
2021-07-04 23:33:34 60      ALLO_BBG00KHRRDX3_2021-04-01
2021-07-04 23:33:34 62      ALLY_BBG000BC2R71_2021-04-01
2021-07-04 23:33:34 65      ALNY_BBG000BFGNJ5_2021-04-01
2021-07-04 23:33:34 66      ALRM_BBG007GNPYY7_2021-04-01
2021-07-04 23:33:34 68      ALSN_BBG001KY3845_2021-04-01
2021-07-04 23:33:34 69      ALTR_BBG000PN9NB9_2021-04-01
2021-07-04 23:33:34 70      ALXN_BBG000G30YX4_2021-04-01
2021-07-04 23:33:34 73      AMAT_BBG000BBPFB9_2021-04-01
2021-07-04 23:33:34 87      AMCX_BBG000H01H92_2021-04-01
2021-07-04 23:33:34 91      AMD_BBG000BBQCY0_2021-04-01
2021-07-04 23:33:35 08      AME_BBG000B9XG87_2021-04-01
2021-07-04 23:33:35 10      AMED_BBG000B9ZV28_2021-04-01
2021-07-04 23:33:35 11      AMG_BBG000C060M4_2021-04-01
2021-07-04 23:33:35 13      AMGN_BBG000BBS2Y0_2021-04-01
2021-07-04 23:33:35 17      AMN_BBG000BCT197_2021-04-01
2021-07-04 23:33:35 18      AMP_BBG000G3QLY3_2021-04-01
2021-07-04 23:33:35 20      AMT_BBG000B9XYV2_2021-04-01
2021-07-04 23:33:35 22      AMWD_BBG000BBX657_2021-04-01
2021-07-04 23:33:35 23      AMZN_BBG000BVPV84_2021-04-01
2021-07-04 23:33:35 30      AN_BBG000BBXLW4_2021-04-01
2021-07-04 23:33:35 31      ANAB_BBG0026ZDHR0_2021-04-01
2021-07-04 23:33:35 33      ANDE_BBG000BF8CN3_2021-04-01
2021-07-04 23:33:35 34      ANET_BBG000N2HDY5_2021-04-01
2021-07-04 23:33:35 36      ANF_BBG000H9G7X2_2021-04-01
2021-07-04 23:33:35 37      ANGI_BBG00HVKH3Q0_2021-04-01
2021-07-04 23:33:35 39      ANIK_BBG000BBKZD8_2021-04-01
2021-07-04 23:33:35 40      ANIP_BBG000KK1L04_2021-04-01
2021-07-04 23:33:35 41      ANSS_BBG000GXZ4W7_2021-04-01
2021-07-04 23:33:35 45      ANTM_BBG000BCG930_2021-04-01
2021-07-04 23:33:35 46      AON_BBG00SSQFPK6_2021-04-01
2021-07-04 23:33:35 48      AOS_BBG000BC1L02_2021-04-01
2021-07-04 23:33:35 50      AOUT_BBG00QV8FS02_2021-04-01
2021-07-04 23:33:35 50      APA_BBG00YTS96G2_2021-04-01
2021-07-04 23:33:35 56      APD_BBG000BC4JJ4_2021-04-01
2021-07-04 23:33:35 57      APEI_BBG000RVD346_2021-04-01
2021-07-04 23:33:35 59      APH_BBG000B9YJ35_2021-04-01
2021-07-04 23:33:35 61      APLE_BBG006473QX9_2021-04-01
2021-07-04 23:33:35 62      APLT_BBG000DD0489_2021-04-01
2021-07-04 23:33:35 63      APPF_BBG008GC8CP6_2021-04-01
2021-07-04 23:33:35 65      APPN_BBG001C7PMJ2_2021-04-01
2021-07-04 23:33:35 67      APPS_BBG000HZ3562_2021-04-01
2021-07-04 23:33:35 71      APTV_BBG001QD41M9_2021-04-01
2021-07-04 23:33:35 73      ARCC_BBG000PD6X77_2021-04-01
2021-07-04 23:33:35 75      ARCT_BBG00NNW8JK1_2021-04-01
2021-07-04 23:33:35 77      ARE_BBG000BC33T9_2021-04-01
2021-07-04 23:33:35 79      ARMK_BBG001KY4N87_2021-04-01
2021-07-04 23:33:35 80      ARNA_BBG000BKXBV7_2021-04-01
2021-07-04 23:33:35 82      ARNC_BBG00R45JYB7_2021-04-01
2021-07-04 23:33:35 84      ARQT_BBG00QN8K4M4_2021-04-01
2021-07-04 23:33:35 84      ARVN_BBG00LW7YK82_2021-04-01
2021-07-04 23:33:35 86      ARW_BBG000BCD3D5_2021-04-01
2021-07-04 23:33:35 87      ARWR_BBG000BRVKH0_2021-04-01
2021-07-04 23:33:35 88      ASGN_BBG000CRN8N8_2021-04-01
2021-07-04 23:33:35 89      ASH_BBG00D0Y81M1_2021-04-01
2021-07-04 23:33:35 90      ASIX_BBG00CWTTQ41_2021-04-01
2021-07-04 23:33:35 91      ATEX_BBG0081NLHR0_2021-04-01
2021-07-04 23:33:35 92      ATGE_BBG000DQBZJ7_2021-04-01
2021-07-04 23:33:35 93      ATKR_BBG000QTFDQ4_2021-04-01
2021-07-04 23:33:35 94      ATR_BBG000BGX2S0_2021-04-01
2021-07-04 23:33:35 95      ATRA_BBG005Q3MQY4_2021-04-01
2021-07-04 23:33:35 97      ATRC_BBG000BL6CB5_2021-04-01
2021-07-04 23:33:35 98      ATRI_BBG000DTT624_2021-04-01
2021-07-04 23:33:35 99      ATRO_BBG000BCLBY5_2021-04-01
2021-07-04 23:33:36 00      ATUS_BBG00GFMPRK0_2021-04-01
2021-07-04 23:33:36 02      ATVI_BBG000CVWGS6_2021-04-01
2021-07-04 23:33:36 07      AVAV_BBG000GX14P2_2021-04-01
2021-07-04 23:33:36 08      AVB_BBG000BLPBL5_2021-04-01
2021-07-04 23:33:36 10      AVGO_BBG00KHY5S69_2021-04-01
2021-07-04 23:33:36 14      AVLR_BBG000R4Y9C1_2021-04-01
2021-07-04 23:33:36 15      AVNS_BBG005L86G05_2021-04-01
2021-07-04 23:33:36 16      AVNT_BBG000C8NJ10_2021-04-01
2021-07-04 23:33:36 18      AVTR_BBG00G2HHYD7_2021-04-01
2021-07-04 23:33:36 19      AVY_BBG000BCQ4P6_2021-04-01
2021-07-04 23:33:36 20      AWI_BBG000DW4LB1_2021-04-01
2021-07-04 23:33:36 21      AWK_BBG000TRJ294_2021-04-01
2021-07-04 23:33:36 23      AWR_BBG000F964B6_2021-04-01
2021-07-04 23:33:36 23      AX_BBG000QPHD08_2021-04-01
2021-07-04 23:33:36 24      AXGN_BBG000BN46R9_2021-04-01
2021-07-04 23:33:36 25      AXP_BBG000BCQZS4_2021-04-01
2021-07-04 23:33:36 29      AXSM_BBG00B6G7GL7_2021-04-01
2021-07-04 23:33:36 30      AYI_BBG000BJ5HK0_2021-04-01
2021-07-04 23:33:36 33      AYX_BBG000BGZT72_2021-04-01
2021-07-04 23:33:36 36      AZO_BBG000C7LMS8_2021-04-01
2021-07-04 23:33:36 37      AZPN_BBG000DFMXT3_2021-04-01
2021-07-04 23:33:36 39      BA_BBG000BCSST7_2021-04-01
2021-07-04 23:33:36 45      BABA_BBG006G2JVL2_2021-04-01
2021-07-04 23:33:36 64      BAC_BBG000BCTLF6_2021-04-01
2021-07-04 23:33:36 72      BAH_BBG000R2YFG7_2021-04-01
2021-07-04 23:33:36 73      BAND_BBG001K003W2_2021-04-01
2021-07-04 23:33:36 75      BAX_BBG000BCVJ77_2021-04-01
2021-07-04 23:33:36 77      BBIO_BBG00P9KDZK6_2021-04-01
2021-07-04 23:33:36 79      BBSI_BBG000BHJSC4_2021-04-01
2021-07-04 23:33:36 80      BBY_BBG000BCWCG1_2021-04-01
2021-07-04 23:33:36 82      BBBY_BBG000CSY9H9_2021-04-01
2021-07-04 23:33:36 84      BC_BBG000BCWSS3_2021-04-01
2021-07-04 23:33:36 85      BCO_BBG000DR5QP5_2021-04-01
2021-07-04 23:33:36 88      BCPC_BBG000BCY878_2021-04-01
2021-07-04 23:33:36 89      BDC_BBG000Q4XNV1_2021-04-01
2021-07-04 23:33:36 90      BDTX_BBG00MS4Y0W9_2021-04-01
2021-07-04 23:33:36 91      BDX_BBG000BCZYD3_2021-04-01
2021-07-04 23:33:36 93      BECN_BBG000BKTXF2_2021-04-01
2021-07-04 23:33:36 94      BEN_BBG000BD0TF8_2021-04-01
2021-07-04 23:33:36 96      BERY_BBG000Q1R1Y9_2021-04-01
2021-07-04 23:33:36 97      BF.B_BBG000BD2NY8_2021-04-01
2021-07-04 23:33:36 98      BFAM_BBG003LFWP05_2021-04-01
2021-07-04 23:33:36 99      BFYT_BBG003QRSQD3_2021-04-01
2021-07-04 23:33:37 00      BGS_BBG000RKXRQ1_2021-04-01
2021-07-04 23:33:37 01      BH_BBG00JPRDQH1_2021-04-01
2021-07-04 23:33:37 02      BHF_BBG00DYPZ4T0_2021-04-01
2021-07-04 23:33:37 04      BIDU_BBG000QXWHD1_2021-04-01
2021-07-04 23:33:37 21      BIG_BBG000J0D904_2021-04-01
2021-07-04 23:33:37 22      BIIB_BBG000C17X76_2021-04-01
2021-07-04 23:33:37 24      BILI_BBG00K7T3037_2021-04-01
2021-07-04 23:33:37 31      BILL_BBG00QVJV6V4_2021-04-01
2021-07-04 23:33:37 33      BIO_BBG000DY28W5_2021-04-01
2021-07-04 23:33:37 34      BJRI_BBG000H9LNX1_2021-04-01
2021-07-04 23:33:37 35      BK_BBG000BD8PN9_2021-04-01
2021-07-04 23:33:37 38      BKI_BBG00GX77LW3_2021-04-01
2021-07-04 23:33:37 39      BKNG_BBG000BLBVN4_2021-04-01
2021-07-04 23:33:37 41      BKR_BBG00GBVBK51_2021-04-01
2021-07-04 23:33:37 44      BL_BBG0029KJVB0_2021-04-01
2021-07-04 23:33:37 46      BLD_BBG0077VS2C0_2021-04-01
2021-07-04 23:33:37 47      BLDR_BBG000BKD3K9_2021-04-01
2021-07-04 23:33:37 49      BLK_BBG000C2PW58_2021-04-01
2021-07-04 23:33:37 51      BLKB_BBG000BGGTW5_2021-04-01
2021-07-04 23:33:37 52      BLL_BBG000BDDNH5_2021-04-01
2021-07-04 23:33:37 55      BLUE_BBG000QGWY50_2021-04-01
2021-07-04 23:33:37 58      BMI_BBG000BDGHD9_2021-04-01
2021-07-04 23:33:37 60      BMRN_BBG000CZWZ05_2021-04-01
2021-07-04 23:33:37 62      BMY_BBG000DQLV23_2021-04-01
2021-07-04 23:33:37 66      BOH_BBG000C8D8G9_2021-04-01
2021-07-04 23:33:37 67      BOKF_BBG000CFZ003_2021-04-01
2021-07-04 23:33:37 68      BOOT_BBG0077SYZV6_2021-04-01
2021-07-04 23:33:37 70      BOX_BBG000PMSK08_2021-04-01
2021-07-04 23:33:37 71      BPMC_BBG001MC8YF7_2021-04-01
2021-07-04 23:33:37 73      BR_BBG000PPFKQ7_2021-04-01
2021-07-04 23:33:37 74      BRC_BBG000BDNV95_2021-04-01
2021-07-04 23:33:37 75      BRK.B_BBG000DWG505_2021-04-01
2021-07-04 23:33:37 79      BRKR_BBG000CL1FG7_2021-04-01
2021-07-04 23:33:37 80      BRO_BBG000BWSGF4_2021-04-01
2021-07-04 23:33:37 82      BSX_BBG000C0LW92_2021-04-01
2021-07-04 23:33:37 84      BTAI_BBG00K20GVD2_2021-04-01
2021-07-04 23:33:37 91      BTI_BBG000BWPXQ8_2021-04-01
2021-07-04 23:33:37 94      BUD_BBG000RYC984_2021-04-01
2021-07-04 23:33:37 95      BURL_BBG004S641N5_2021-04-01
2021-07-04 23:33:37 97      BWA_BBG000BJ49H3_2021-04-01
2021-07-04 23:33:37 99      BWXT_BBG000D86F25_2021-04-01
2021-07-04 23:33:38 00      BX_BBG000BH0106_2021-04-01
2021-07-04 23:33:38 01      BXP_BBG000BS5CM9_2021-04-01
2021-07-04 23:33:38 03      BYND_BBG003CVJP50_2021-04-01
2021-07-04 23:33:38 06      BZUN_BBG008HNS333_2021-04-01
2021-07-04 23:33:38 07      C_BBG000FY4S11_2021-04-01
2021-07-04 23:33:38 13      CABO_BBG000F02T51_2021-04-01
2021-07-04 23:33:38 14      CACC_BBG000CS0D96_2021-04-01
2021-07-04 23:33:38 14      CAG_BBG000BDXGP9_2021-04-01
2021-07-04 23:33:38 17      CAH_BBG000D898T9_2021-04-01
2021-07-04 23:33:38 19      CALM_BBG000CDMJW6_2021-04-01
2021-07-04 23:33:38 21      CARA_BBG001J2QYS9_2021-04-01
2021-07-04 23:33:38 21      CARA: SPYKE!. Candle: ID:57, Time: 13:20, Close: 22.55
2021-07-04 23:33:38 22      CARA: SPYKE!. Candle: ID:1807, Time: 22:40, Close: 22.56
2021-07-04 23:33:38 22      CARG_BBG00HQ77DS2_2021-04-01
2021-07-04 23:33:38 24      CARR_BBG00RP5HYS8_2021-04-01
2021-07-04 23:33:38 27      CARS_BBG000HGTH33_2021-04-01
2021-07-04 23:33:38 28      CASY_BBG000BF0672_2021-04-01
2021-07-04 23:33:38 29      CAT_BBG000BF0K17_2021-04-01
2021-07-04 23:33:38 32      CB_BBG000BR14K5_2021-04-01
2021-07-04 23:33:38 33      CBRE_BBG000C04224_2021-04-01
2021-07-04 23:33:38 35      CBRL_BBG000BF33K1_2021-04-01
2021-07-04 23:33:38 37      CBSH_BBG000BF3G77_2021-04-01
2021-07-04 23:33:38 38      CBU_BBG000BF4D19_2021-04-01
2021-07-04 23:33:38 39      CCI_BBG000FV1Z23_2021-04-01
2021-07-04 23:33:38 41      CCK_BBG000BF6756_2021-04-01
2021-07-04 23:33:38 43      CCL_BBG000BF6LY3_2021-04-01
2021-07-04 23:33:38 48      CCOI_BBG000D0SMY8_2021-04-01
2021-07-04 23:33:38 50      CCXI_BBG000PTSB12_2021-04-01
2021-07-04 23:33:38 51      CDK_BBG006B6PVN9_2021-04-01
2021-07-04 23:33:38 53      CDLX_BBG00225ZDD0_2021-04-01
2021-07-04 23:33:38 54      CDNA_BBG006JS5785_2021-04-01
2021-07-04 23:33:38 56      CDNS_BBG000C13CD9_2021-04-01
2021-07-04 23:33:38 60      CDW_BBG001P63B80_2021-04-01
2021-07-04 23:33:38 62      CE_BBG000JYP7L8_2021-04-01
2021-07-04 23:33:38 64      CEA_BBG000BCFNR4_2021-04-01
2021-07-04 23:33:38 64      CENT_BBG000BFD605_2021-04-01
2021-07-04 23:33:38 65      CENTA_BBG000KTYB56_2021-04-01
2021-07-04 23:33:38 66      CERN_BBG000BFDLV8_2021-04-01
2021-07-04 23:33:38 69      CEVA_BBG000BN3P07_2021-04-01
2021-07-04 23:33:38 70      CF_BBG000BWJFZ4_2021-04-01
2021-07-04 23:33:38 71      CFG_BBG006Q0HY77_2021-04-01
2021-07-04 23:33:38 74      CFR_BBG000C2PL98_2021-04-01
2021-07-04 23:33:38 75      CFX_BBG000C5Z443_2021-04-01
2021-07-04 23:33:38 77      CGEN_BBG000B9ZLB0_2021-04-01
2021-07-04 23:33:38 79      CGNX_BBG000BPBVW5_2021-04-01
2021-07-04 23:33:38 80      CHD_BBG000BFJT36_2021-04-01
2021-07-04 23:33:38 83      CHDN_BBG000BGXMG9_2021-04-01
2021-07-04 23:33:38 84      CHE_BBG000C19QW1_2021-04-01
2021-07-04 23:33:38 85      CHEF_BBG001MFW6D6_2021-04-01
2021-07-04 23:33:38 86      CHGG_BBG0014XR0N5_2021-04-01
2021-07-04 23:33:38 88      CHH_BBG000BPBTL2_2021-04-01
2021-07-04 23:33:38 89      CHKP_BBG000K82ZT8_2021-04-01
2021-07-04 23:33:38 91      CHNG_BBG0059KNH10_2021-04-01
2021-07-04 23:33:38 93      CHRW_BBG000BTCH57_2021-04-01
2021-07-04 23:33:38 95      CHTR_BBG000VPGNR2_2021-04-01
2021-07-04 23:33:38 99      CHWY_BBG00P19DKZ6_2021-04-01
2021-07-04 23:33:39 01      CHX_BBG00JH9TZ56_2021-04-01
2021-07-04 23:33:39 03      CI_BBG00KXRCDP0_2021-04-01
2021-07-04 23:33:39 05      CIEN_BBG000BP1152_2021-04-01
2021-07-04 23:33:39 06      CINF_BBG000BFPK65_2021-04-01
2021-07-04 23:33:39 08      CL_BBG000BFQYY3_2021-04-01
2021-07-04 23:33:39 11      CLDR_BBG000DRJFC8_2021-04-01
2021-07-04 23:33:39 13      CLDT_BBG000PT6BR8_2021-04-01
2021-07-04 23:33:39 13      CLF_BBG000BFRF55_2021-04-01
2021-07-04 23:33:39 20      CLGX_BBG000C2H3F0_2021-04-01
2021-07-04 23:33:39 21      CLH_BBG000BFRRX8_2021-04-01
2021-07-04 23:33:39 22      CLR_BBG000BHBGN6_2021-04-01
2021-07-04 23:33:39 24      CLX_BBG000BFS7D3_2021-04-01
2021-07-04 23:33:39 26      CMA_BBG000C75N77_2021-04-01
2021-07-04 23:33:39 27      CMC_BBG000BFSND8_2021-04-01
2021-07-04 23:33:39 30      CMCO_BBG000BCWWV0_2021-04-01
2021-07-04 23:33:39 31      CMCSA_BBG000BFT2L4_2021-04-01
2021-07-04 23:33:39 36      CME_BBG000BHLYP4_2021-04-01
2021-07-04 23:33:39 39      CMG_BBG000QX74T1_2021-04-01
2021-07-04 23:33:39 40      CMI_BBG000BGPTV6_2021-04-01
2021-07-04 23:33:39 42      CMP_BBG000C42WS4_2021-04-01
2021-07-04 23:33:39 43      CMS_BBG000BFVXX0_2021-04-01
2021-07-04 23:33:39 45      CNC_BBG000BDXCJ5_2021-04-01
2021-07-04 23:33:39 48      CNK_BBG000QDVR53_2021-04-01
2021-07-04 23:33:39 52      CNP_BBG000FDBX90_2021-04-01
2021-07-04 23:33:39 53      CNS_BBG000BB0WG4_2021-04-01
2021-07-04 23:33:39 54      CNST_BBG000R1H6P8_2021-04-01
2021-07-04 23:33:39 55      CNXC_BBG00RCNQMX3_2021-04-01
2021-07-04 23:33:39 56      CNXN_BBG000BX74M4_2021-04-01
2021-07-04 23:33:39 57      COF_BBG000BGKTF9_2021-04-01
2021-07-04 23:33:39 60      COG_BBG000C3GN47_2021-04-01
2021-07-04 23:33:39 61      COHR_BBG000BG1DH3_2021-04-01
2021-07-04 23:33:39 63      COKE_BBG000BG1SX2_2021-04-01
2021-07-04 23:33:39 63      COLM_BBG000BKKQ84_2021-04-01
2021-07-04 23:33:39 65      CONE_BBG0038V5TX1_2021-04-01
2021-07-04 23:33:39 67      COO_BBG000BG3445_2021-04-01
2021-07-04 23:33:39 68      COP_BBG000BQQH30_2021-04-01
2021-07-04 23:33:39 73      CORR_BBG000CN80Y9_2021-04-01
2021-07-04 23:33:39 75      CORT_BBG000BKJG33_2021-04-01
2021-07-04 23:33:39 76      COST_BBG000F6H8W8_2021-04-01
2021-07-04 23:33:39 79      COTY_BBG000F395V1_2021-04-01
2021-07-04 23:33:39 80      COUP_BBG001J4BCN4_2021-04-01
2021-07-04 23:33:39 83      CPB_BBG000BG4202_2021-04-01
2021-07-04 23:33:39 85      CPRI_BBG0029SNR63_2021-04-01
2021-07-04 23:33:39 87      CPRT_BBG000BM9RH1_2021-04-01
2021-07-04 23:33:39 90      CPS_BBG000PSXT64_2021-04-01
2021-07-04 23:33:39 91      CR_BBG000BG7423_2021-04-01
2021-07-04 23:33:39 93      CREE_BBG000BG14P4_2021-04-01
2021-07-04 23:33:39 96      CRI_BBG000CTM4J9_2021-04-01
2021-07-04 23:33:39 97      CRL_BBG000BG5BL8_2021-04-01
2021-07-04 23:33:39 98      CRM_BBG000BN2DC2_2021-04-01
2021-07-04 23:33:40 05      CRMT_BBG000CM6L31_2021-04-01
2021-07-04 23:33:40 06      CROX_BBG000BLY663_2021-04-01
2021-07-04 23:33:40 08      CRS_BBG000BGCQT9_2021-04-01
2021-07-04 23:33:40 09      CRTX_BBG00BTK1DT8_2021-04-01
2021-07-04 23:33:40 10      CRTX: SPYKE!. Candle: ID:105, Time: 13:30, Close: 36.74
2021-07-04 23:33:40 10      CRUS_BBG000C1DHF5_2021-04-01
2021-07-04 23:33:40 11      CRVL_BBG000CVKZY0_2021-04-01
2021-07-04 23:33:40 12      CRWD_BBG00BLYKS03_2021-04-01
2021-07-04 23:33:40 17      CSCO_BBG000C3J3C9_2021-04-01
2021-07-04 23:33:40 23      CSGP_BBG000D7JKW9_2021-04-01
2021-07-04 23:33:40 25      CSGS_BBG000G3TQV2_2021-04-01
2021-07-04 23:33:40 26      CSII_BBG000NWQ9S5_2021-04-01
2021-07-04 23:33:40 27      CSL_BBG000BGGBT8_2021-04-01
2021-07-04 23:33:40 28      CSOD_BBG0016X4XN6_2021-04-01
2021-07-04 23:33:40 29      CSWI_BBG007NLG4L3_2021-04-01
2021-07-04 23:33:40 30      CSX_BBG000BGJRC8_2021-04-01
2021-07-04 23:33:40 34      CTAS_BBG000H3YXF8_2021-04-01
2021-07-04 23:33:40 36      CTB_BBG000BGKXV2_2021-04-01
2021-07-04 23:33:40 37      CTLT_BBG005XR47P5_2021-04-01
2021-07-04 23:33:40 39      CTSH_BBG000BBDV81_2021-04-01
2021-07-04 23:33:40 41      CTVA_BBG00BN969C1_2021-04-01
2021-07-04 23:33:40 43      CTXS_BBG000FQ6PY6_2021-04-01
2021-07-04 23:33:40 45      CVCO_BBG000K4WS65_2021-04-01
2021-07-04 23:33:40 46      CVET_BBG00KR691K8_2021-04-01
2021-07-04 23:33:40 47      CVGW_BBG000BGPQW1_2021-04-01
2021-07-04 23:33:40 48      CVLT_BBG000BG88X9_2021-04-01
2021-07-04 23:33:40 49      CVNA_BBG00GCTWDJ3_2021-04-01
2021-07-04 23:33:40 51      CVS_BBG000BGRY34_2021-04-01
2021-07-04 23:33:40 54      CVX_BBG000K4ND22_2021-04-01
2021-07-04 23:33:40 61      CW_BBG000BGSPS5_2021-04-01
2021-07-04 23:33:40 62      CWST_BBG000BT0J38_2021-04-01
2021-07-04 23:33:40 63      CWT_BBG000D8KTN6_2021-04-01
2021-07-04 23:33:40 64      CY_BBG000BXNJ07_2021-04-01
2021-07-04 23:33:40 64      D_BBG000BGVW60_2021-04-01
2021-07-04 23:33:40 67      DAL_BBG000R7Z112_2021-04-01
2021-07-04 23:33:40 72      DAR_BBG000BN8ZK8_2021-04-01
2021-07-04 23:33:40 74      DBX_BBG0018SLDN0_2021-04-01
2021-07-04 23:33:40 77      DCI_BBG000BGZP70_2021-04-01
2021-07-04 23:33:40 78      DCPH_BBG00HMJ9H54_2021-04-01
2021-07-04 23:33:40 79      DD_BBG00BN961G4_2021-04-01
2021-07-04 23:33:40 81      DDOG_BBG003NJHZT9_2021-04-01
2021-07-04 23:33:40 84      DDOG: SPYKE!. Candle: ID:3, Time: 9:45, Close: 89.5
2021-07-04 23:33:40 86      DDS_BBG000BS4MP5_2021-04-01
2021-07-04 23:33:40 87      DE_BBG000BH1NH9_2021-04-01
2021-07-04 23:33:40 89      DECK_BBG000BKXYX5_2021-04-01
2021-07-04 23:33:40 91      DELL_BBG00DW3SZS1_2021-04-01
2021-07-04 23:33:40 92      DFS_BBG000QBR5J5_2021-04-01
2021-07-04 23:33:40 95      DG_BBG000NV1KK7_2021-04-01
2021-07-04 23:33:40 98      DGX_BBG000BN84F3_2021-04-01
2021-07-04 23:33:40 99      DHI_BBG000DQTXY6_2021-04-01
2021-07-04 23:33:41 02      DHR_BBG000BH3JF8_2021-04-01
2021-07-04 23:33:41 04      DIOD_BBG000G25P51_2021-04-01
2021-07-04 23:33:41 04      DIS_BBG000BH4R78_2021-04-01
2021-07-04 23:33:41 10      DISCA_BBG000CHWP52_2021-04-01
2021-07-04 23:33:41 21      DISCB_BBG000F7L5N7_2021-04-01
2021-07-04 23:33:41 22      DISCB: SPYKE!. Candle: ID:1053, Time: 13:30, Close: 133.71
2021-07-04 23:33:41 22      DISCB: SPYKE!. Candle: ID:1310, Time: 13:30, Close: 134.01
2021-07-04 23:33:41 23      DISCB: SPYKE!. Candle: ID:1326, Time: 13:30, Close: 134
2021-07-04 23:33:41 23      DISCB: SPYKE!. Candle: ID:1876, Time: 13:40, Close: 123
2021-07-04 23:33:41 23      DISCB: SPYKE!. Candle: ID:2069, Time: 13:40, Close: 123.55
2021-07-04 23:33:41 23      DISCB: SPYKE!. Candle: ID:3387, Time: 14:50, Close: 112
2021-07-04 23:33:41 23      DISCB: SPYKE!. Candle: ID:3395, Time: 14:50, Close: 112.57
2021-07-04 23:33:41 24      DISCB: SPYKE!. Candle: ID:5202, Time: 20:15, Close: 105.67
2021-07-04 23:33:41 24      DISCK_BBG000VMWHH5_2021-04-01
2021-07-04 23:33:41 29      DK_BBG00FZYFVC5_2021-04-01
2021-07-04 23:33:41 31      DKNG_BBG00TCBG714_2021-04-01
2021-07-04 23:33:41 38      DKS_BBG000F6ZWH2_2021-04-01
2021-07-04 23:33:41 40      DLB_BBG000DGLTG5_2021-04-01
2021-07-04 23:33:41 41      DLR_BBG000Q5ZRM7_2021-04-01
2021-07-04 23:33:41 43      DLTH_BBG002GBMZG4_2021-04-01
2021-07-04 23:33:41 44      DLTH: SPYKE!. Candle: ID:11, Time: 10:30, Close: 16.6
2021-07-04 23:33:41 45      DLTR_BBG000BSC0K9_2021-04-01
2021-07-04 23:33:41 48      DLX_BBG000BH6360_2021-04-01
2021-07-04 23:33:41 49      DNLI_BBG008P7F869_2021-04-01
2021-07-04 23:33:41 50      DNOW_BBG005BLN209_2021-04-01
2021-07-04 23:33:41 51      DOCU_BBG000N7KJX8_2021-04-01
2021-07-04 23:33:41 55      DORM_BBG000BM22F5_2021-04-01
2021-07-04 23:33:41 56      DOV_BBG000BHB3M6_2021-04-01
2021-07-04 23:33:41 58      DOW_BBG00BN96922_2021-04-01
2021-07-04 23:33:41 60      DPZ_BBG000P458P3_2021-04-01
2021-07-04 23:33:41 62      DRE_BBG000BHD8S7_2021-04-01
2021-07-04 23:33:41 64      DRI_BBG000BBNYF6_2021-04-01
2021-07-04 23:33:41 65      DRNA_BBG001J1DB23_2021-04-01
2021-07-04 23:33:41 67      DRQ_BBG000BVDBY2_2021-04-01
2021-07-04 23:33:41 67      DT_BBG00PNN7C40_2021-04-01
2021-07-04 23:33:41 69      DVA_BBG000MQ1SN9_2021-04-01
2021-07-04 23:33:41 70      DVN_BBG000BBVJZ8_2021-04-01
2021-07-04 23:33:41 76      DXC_BBG00FN64XT9_2021-04-01
2021-07-04 23:33:41 78      DXCM_BBG000QTF8K1_2021-04-01
2021-07-04 23:33:41 80      DY_BBG000C4SKT1_2021-04-01
2021-07-04 23:33:41 81      EA_BBG000BP0KQ8_2021-04-01
2021-07-04 23:33:41 84      EAT_BBG000BK28N7_2021-04-01
2021-07-04 23:33:41 86      EBAY_BBG000C43RR5_2021-04-01
2021-07-04 23:33:41 90      EBS_BBG000GW06J7_2021-04-01
2021-07-04 23:33:41 92      ECHO_BBG000RFP8W6_2021-04-01
2021-07-04 23:33:41 94      ECL_BBG000BHKYH4_2021-04-01
2021-07-04 23:33:41 95      ECPG_BBG000F369C7_2021-04-01
2021-07-04 23:33:41 96      ED_BBG000BHLYS1_2021-04-01
2021-07-04 23:33:41 98      EDIT_BBG005MX5GZ2_2021-04-01
2021-07-04 23:33:42 01      EEFT_BBG000BMNBY1_2021-04-01
2021-07-04 23:33:42 02      EFX_BBG000BHPL78_2021-04-01
2021-07-04 23:33:42 04      EGHT_BBG000BCGHH7_2021-04-01
2021-07-04 23:33:42 05      EGRX_BBG005Y3XWH9_2021-04-01
2021-07-04 23:33:42 06      EHTH_BBG000P5JQX6_2021-04-01
2021-07-04 23:33:42 08      EIX_BBG000D7RKJ5_2021-04-01
2021-07-04 23:33:42 11      EL_BBG000FKJRC5_2021-04-01
2021-07-04 23:33:42 12      ELAN_BBG00LJYS1P8_2021-04-01
2021-07-04 23:33:42 14      ELS_BBG000BB7SX7_2021-04-01
2021-07-04 23:33:42 16      EME_BBG000BBRPL4_2021-04-01
2021-07-04 23:33:42 17      EMN_BBG000BLW530_2021-04-01
2021-07-04 23:33:42 18      EMR_BBG000BHX7N2_2021-04-01
2021-07-04 23:33:42 21      ENDP_BBG000C0HQ54_2021-04-01
2021-07-04 23:33:42 23      ENPH_BBG001R3MNY9_2021-04-01
2021-07-04 23:33:42 27      ENR_BBG006FCB019_2021-04-01
2021-07-04 23:33:42 28      ENS_BBG000PWTD92_2021-04-01
2021-07-04 23:33:42 30      ENTA_BBG001V9NSB4_2021-04-01
2021-07-04 23:33:42 31      ENTG_BBG000CTV4N4_2021-04-01
2021-07-04 23:33:42 34      ENV_BBG000Q4NZ54_2021-04-01
2021-07-04 23:33:42 36      EOG_BBG000BZ9223_2021-04-01
2021-07-04 23:33:42 38      EPAM_BBG000MHTV89_2021-04-01
2021-07-04 23:33:42 40      EPAY_BBG000BRNH31_2021-04-01
2021-07-04 23:33:42 41      EPC_BBG000BRW644_2021-04-01
2021-07-04 23:33:42 42      EQIX_BBG000MBDGM6_2021-04-01
2021-07-04 23:33:42 45      EQT_BBG000BHZ5J9_2021-04-01
2021-07-04 23:33:42 48      ERIE_BBG000BBTJZ1_2021-04-01
2021-07-04 23:33:42 50      ES_BBG000BQ87N0_2021-04-01
2021-07-04 23:33:42 51      ESPR_BBG004KB3S72_2021-04-01
2021-07-04 23:33:42 53      ESS_BBG000CGJMB9_2021-04-01
2021-07-04 23:33:42 55      ET_BBG000BM2FL9_2021-04-01
2021-07-04 23:33:42 57      ETN_BBG000BJ3PD2_2021-04-01
2021-07-04 23:33:42 58      ETR_BBG000C1FQS9_2021-04-01
2021-07-04 23:33:42 60      ETRN_BBG00K53L394_2021-04-01
2021-07-04 23:33:42 61      ETSY_BBG000N7MXL8_2021-04-01
2021-07-04 23:33:42 66      EVBG_BBG0022FMPD5_2021-04-01
2021-07-04 23:33:42 67      EVER_BBG00F17NDH7_2021-04-01
2021-07-04 23:33:42 68      EVH_BBG005CHLM96_2021-04-01
2021-07-04 23:33:42 69      EVR_BBG000BP30Y0_2021-04-01
2021-07-04 23:33:42 71      EVRG_BBG00H433CR2_2021-04-01
2021-07-04 23:33:42 72      EW_BBG000BRXP69_2021-04-01
2021-07-04 23:33:42 74      EWBC_BBG000CR20B1_2021-04-01
2021-07-04 23:33:42 76      EXAS_BBG000CWL0F5_2021-04-01
2021-07-04 23:33:42 79      EXC_BBG000J6XT05_2021-04-01
2021-07-04 23:33:42 82      EXEL_BBG000BQ4WF8_2021-04-01
2021-07-04 23:33:42 84      EXLS_BBG000NS3P30_2021-04-01
2021-07-04 23:33:42 85      EXP_BBG000BJW241_2021-04-01
2021-07-04 23:33:42 86      EXPD_BBG000BJ5GK2_2021-04-01
2021-07-04 23:33:42 88      EXPE_BBG000QY3XZ2_2021-04-01
2021-07-04 23:33:42 92      EXR_BBG000PV27K3_2021-04-01
2021-07-04 23:33:42 94      EYE_BBG00HVQF9K2_2021-04-01
2021-07-04 23:33:42 96      F_BBG000BQPC32_2021-04-01
2021-07-04 23:33:43 02      FANG_BBG002PHSYX9_2021-04-01
2021-07-04 23:33:43 07      FARO_BBG000BJD7C2_2021-04-01
2021-07-04 23:33:43 07      FAST_BBG000BJ8YN7_2021-04-01
2021-07-04 23:33:43 11      FATE_BBG000QP35H2_2021-04-01
2021-07-04 23:33:43 13      FB_BBG000MM2P62_2021-04-01
2021-07-04 23:33:43 32      FBHS_BBG001B4BV87_2021-04-01
2021-07-04 23:33:43 35      FCFS_BBG000DNF659_2021-04-01
2021-07-04 23:33:43 36      FCN_BBG000K88H58_2021-04-01
2021-07-04 23:33:43 37      FCX_BBG000BJDB15_2021-04-01
2021-07-04 23:33:43 41      FDS_BBG000BDJL83_2021-04-01
2021-07-04 23:33:43 43      FDX_BBG000BJF1Z8_2021-04-01
2021-07-04 23:33:43 46      FELE_BBG000BJGGV8_2021-04-01
2021-07-04 23:33:43 46      FFIV_BBG000CXYSZ6_2021-04-01
2021-07-04 23:33:43 48      FGEN_BBG000FW5ZL6_2021-04-01
2021-07-04 23:33:43 51      FICO_BBG000DW76Y6_2021-04-01
2021-07-04 23:33:43 53      FIS_BBG000BK2F42_2021-04-01
2021-07-04 23:33:43 56      FISV_BBG000BJKPG0_2021-04-01
2021-07-04 23:33:43 61      FITB_BBG000BJL3N0_2021-04-01
2021-07-04 23:33:43 65      FIVN_BBG001KHJM17_2021-04-01
2021-07-04 23:33:43 67      FIZZ_BBG000BF8CB6_2021-04-01
2021-07-04 23:33:43 69      FL_BBG000BX8DC4_2021-04-01
2021-07-04 23:33:43 71      FLIR_BBG000BHK836_2021-04-01
2021-07-04 23:33:43 73      FLOW_BBG007FL7ZD2_2021-04-01
2021-07-04 23:33:43 74      FLR_BBG000BB1TH9_2021-04-01
2021-07-04 23:33:43 75      FLS_BBG000FFH4P5_2021-04-01
2021-07-04 23:33:43 77      FLT_BBG000GPXKX9_2021-04-01
2021-07-04 23:33:43 78      FLWS_BBG000BBR9P6_2021-04-01
2021-07-04 23:33:43 80      FMC_BBG000BJP882_2021-04-01
2021-07-04 23:33:43 81      FND_BBG007GJ2F81_2021-04-01
2021-07-04 23:33:43 82      FNKO_BBG00HXSHDQ9_2021-04-01
2021-07-04 23:33:43 90      FNKO: SPYKE!. Candle: ID:26, Time: 11:50, Close: 22.83
2021-07-04 23:33:43 90      FNKO: SPYKE!. Candle: ID:28, Time: 11:50, Close: 22.83
2021-07-04 23:33:43 98      FOCS_BBG00L0YTFN8_2021-04-01
2021-07-04 23:33:43 99      FOE_BBG000BJQK11_2021-04-01
2021-07-04 23:33:44 00      FOLD_BBG000PLF6N0_2021-04-01
2021-07-04 23:33:44 02      FORM_BBG000D1Y3P1_2021-04-01
2021-07-04 23:33:44 04      FORR_BBG000HGNYG8_2021-04-01
2021-07-04 23:33:44 05      FOX_BBG00JHNKJY8_2021-04-01
2021-07-04 23:33:44 06      FOXA_BBG00JHNJW99_2021-04-01
2021-07-04 23:33:44 11      FOXF_BBG004T7VS53_2021-04-01
2021-07-04 23:33:44 12      FRHC_BBG000N625H8_2021-04-01
2021-07-04 23:33:44 14      FRPH_BBG000HCVWW4_2021-04-01
2021-07-04 23:33:44 15      FRPT_BBG001D0HB36_2021-04-01
2021-07-04 23:33:44 16      FSLR_BBG000BFL116_2021-04-01
2021-07-04 23:33:44 20      FSLY_BBG004NLQHL0_2021-04-01
2021-07-04 23:33:44 23      FTCH_BBG00LSD4456_2021-04-01
2021-07-04 23:33:44 26      FTI_BBG00DL8NMV2_2021-04-01
2021-07-04 23:33:44 28      FTNT_BBG000BCMBG4_2021-04-01
2021-07-04 23:33:44 30      FTV_BBG00BLVZ228_2021-04-01
2021-07-04 23:33:44 32      FUL_BBG000BJZ7V7_2021-04-01
2021-07-04 23:33:44 33      GATX_BBG000BKGXQ4_2021-04-01
2021-07-04 23:33:44 33      GBCI_BBG000C3KB84_2021-04-01
2021-07-04 23:33:44 35      GBT_BBG00341H6M0_2021-04-01
2021-07-04 23:33:44 36      GBX_BBG000CF5097_2021-04-01
2021-07-04 23:33:44 38      GCO_BBG000BK5S78_2021-04-01
2021-07-04 23:33:44 38      GCP_BBG0082W8Q12_2021-04-01
2021-07-04 23:33:44 39      GD_BBG000BK67C7_2021-04-01
2021-07-04 23:33:44 41      GDDY_BBG006MDLY05_2021-04-01
2021-07-04 23:33:44 42      GDOT_BBG000QDJT53_2021-04-01
2021-07-04 23:33:44 43      GE_BBG000BK6MB5_2021-04-01
2021-07-04 23:33:44 46      GEF_BBG000BLFNC0_2021-04-01
2021-07-04 23:33:44 47      GGG_BBG000BK9W84_2021-04-01
2021-07-04 23:33:44 48      GH_BBG006D97VY9_2021-04-01
2021-07-04 23:33:44 50      GHC_BBG000C3FGH9_2021-04-01
2021-07-04 23:33:44 51      GILD_BBG000CKGBP2_2021-04-01
2021-07-04 23:33:44 56      GIS_BBG000BKCFC2_2021-04-01
2021-07-04 23:33:44 59      GKOS_BBG000WG2LQ1_2021-04-01
2021-07-04 23:33:44 61      GL_BBG000BVD6X4_2021-04-01
2021-07-04 23:33:44 63      GLW_BBG000BKFZM4_2021-04-01
2021-07-04 23:33:44 65      GM_BBG000NDYB67_2021-04-01
2021-07-04 23:33:44 71      GMED_BBG002V87SD0_2021-04-01
2021-07-04 23:33:44 72      GMS_BBG009Q036D0_2021-04-01
2021-07-04 23:33:44 73      GNL_BBG004HXD0G8_2021-04-01
2021-07-04 23:33:44 74      GNRC_BBG000PQ4W72_2021-04-01
2021-07-04 23:33:44 75      GO_BBG00P4R3079_2021-04-01
2021-07-04 23:33:44 77      GOOG_BBG009S3NB30_2021-04-01
2021-07-04 23:33:44 83      GOOGL_BBG009S39JX6_2021-04-01
2021-07-04 23:33:44 92      GOSS_BBG00MVWLLM2_2021-04-01
2021-07-04 23:33:44 95      GPC_BBG000BKL348_2021-04-01
2021-07-04 23:33:44 96      GPI_BBG000BB88K4_2021-04-01
2021-07-04 23:33:44 97      GPN_BBG000CX0P89_2021-04-01
2021-07-04 23:33:44 99      GPS_BBG000BKLH74_2021-04-01
2021-07-04 23:33:45 02      GRA_BBG000BB8PG1_2021-04-01
2021-07-04 23:33:45 02      GRA: SPYKE!. Candle: ID:2, Time: 11:50, Close: 64
2021-07-04 23:33:45 04      GRMN_BBG000C4LN67_2021-04-01
2021-07-04 23:33:45 06      GRUB_BBG001KWG293_2021-04-01
2021-07-04 23:33:45 06      Warning: figi `BBG001KWG293` for history data does not match actual figi `BBG010R8C3Y4`. Ticker: GRUB. Will be used actual!
2021-07-04 23:33:45 07      GS_BBG000C6CFJ5_2021-04-01
2021-07-04 23:33:45 10      GSH_BBG000GLG0G0_2021-04-01
2021-07-04 23:33:45 11      GSKY_BBG00KT2SCV8_2021-04-01
2021-07-04 23:33:45 12      GT_BBG000BKNX95_2021-04-01
2021-07-04 23:33:45 14      GTHX_BBG005F1DK91_2021-04-01
2021-07-04 23:33:45 19      GTLS_BBG000P1K2X6_2021-04-01
2021-07-04 23:33:45 20      GTN_BBG000DSQLQ0_2021-04-01
2021-07-04 23:33:45 21      GVA_BBG000DVB833_2021-04-01
2021-07-04 23:33:45 21      GVA: SPYKE!. Candle: ID:10, Time: 12:50, Close: 40.01
2021-07-04 23:33:45 22      GWRE_BBG001C7PM75_2021-04-01
2021-07-04 23:33:45 24      GWW_BBG000BKR1D6_2021-04-01
2021-07-04 23:33:45 25      H_BBG000CVRFS4_2021-04-01
2021-07-04 23:33:45 26      HA_BBG000BC4185_2021-04-01
2021-07-04 23:33:45 28      HAE_BBG000C7TF41_2021-04-01
2021-07-04 23:33:45 30      HAIN_BBG000BQW085_2021-04-01
2021-07-04 23:33:45 31      HAL_BBG000BKTFN2_2021-04-01
2021-07-04 23:33:45 34      HALO_BBG000CZ8W54_2021-04-01
2021-07-04 23:33:45 36      HAS_BBG000BKVJK4_2021-04-01
2021-07-04 23:33:45 38      HBAN_BBG000BKWSR6_2021-04-01
2021-07-04 23:33:45 41      HBI_BBG000D2ZTS8_2021-04-01
2021-07-04 23:33:45 43      HCA_BBG000QW7VC1_2021-04-01
2021-07-04 23:33:45 44      HCCI_BBG000CCFB17_2021-04-01
2021-07-04 23:33:45 45      HCSG_BBG000BKYVF0_2021-04-01
2021-07-04 23:33:45 46      HD_BBG000BKZB36_2021-04-01
2021-07-04 23:33:45 50      HEAR_BBG000BM6N47_2021-04-01
2021-07-04 23:33:45 51      HEI_BBG000BL16Q7_2021-04-01
2021-07-04 23:33:45 52      HES_BBG000BBD070_2021-04-01
2021-07-04 23:33:45 54      HFC_BBG000BL9JQ1_2021-04-01
2021-07-04 23:33:45 56      HGV_BBG00CBYY6M1_2021-04-01
2021-07-04 23:33:45 57      HHC_BBG000MJRJJ2_2021-04-01
2021-07-04 23:33:45 59      HHR_BBG00KHGQ0H4_2021-04-01
2021-07-04 23:33:45 60      HIBB_BBG000H001V3_2021-04-01
2021-07-04 23:33:45 61      HIG_BBG000G0Z878_2021-04-01
2021-07-04 23:33:45 63      HII_BBG001KJ2HM9_2021-04-01
2021-07-04 23:33:45 64      HIIQ_TCS003QRSQD3_2021-04-01
2021-07-04 23:33:45 64      HLT_BBG0058KMH30_2021-04-01
2021-07-04 23:33:45 66      HNP_BBG000BX5YM0_2021-04-01
2021-07-04 23:33:45 67      HOG_BBG000BKZTP3_2021-04-01
2021-07-04 23:33:45 69      HOLX_BBG000C3NTN5_2021-04-01
2021-07-04 23:33:45 71      HON_BBG000H556T9_2021-04-01
2021-07-04 23:33:45 73      HP_BBG000BLCPY4_2021-04-01
2021-07-04 23:33:45 75      HPE_BBG0078W3NQ3_2021-04-01
2021-07-04 23:33:45 77      HPQ_BBG000KHWT55_2021-04-01
2021-07-04 23:33:45 79      HQY_BBG000TYXCT9_2021-04-01
2021-07-04 23:33:45 80      HQY: SPYKE!. Candle: ID:2, Time: 12:00, Close: 71.35
2021-07-04 23:33:45 81      HRB_BBG000BLDV98_2021-04-01
2021-07-04 23:33:45 82      HRC_BBG000BKWCS0_2021-04-01
2021-07-04 23:33:45 83      HRL_BBG000BLF8D2_2021-04-01
2021-07-04 23:33:45 85      HRTX_BBG000G2GJT7_2021-04-01
2021-07-04 23:33:45 87      HSC_BBG000BLH3P8_2021-04-01
2021-07-04 23:33:45 88      HSIC_BBG000BNMMJ3_2021-04-01
2021-07-04 23:33:45 89      HSKA_BBG000BWFH48_2021-04-01
2021-07-04 23:33:45 90      HST_BBG000BL8804_2021-04-01
2021-07-04 23:33:45 92      HSY_BBG000BLHRS2_2021-04-01
2021-07-04 23:33:45 95      HTA_BBG000PRJCX9_2021-04-01
2021-07-04 23:33:45 96      HTHT_BBG000QFPM65_2021-04-01
2021-07-04 23:33:45 98      HUBB_BBG000BLK267_2021-04-01
2021-07-04 23:33:45 99      HUBG_BBG000G9W6L0_2021-04-01
2021-07-04 23:33:46 01      HUBS_BBG000N7MZ06_2021-04-01
2021-07-04 23:33:46 02      HUM_BBG000BLKK03_2021-04-01
2021-07-04 23:33:46 04      HURN_BBG000PV2M48_2021-04-01
2021-07-04 23:33:46 05      HWM_BBG00DYNJGH9_2021-04-01
2021-07-04 23:33:46 06      HXL_BBG000BLMDQ9_2021-04-01
2021-07-04 23:33:46 07      IAC_BBG000BKQG80_2021-04-01
2021-07-04 23:33:46 07      Warning: figi `BBG000BKQG80` for history data does not match actual figi `BBG00S1LR2C3`. Ticker: IAC. Will be used actual!
2021-07-04 23:33:46 09      IART_BBG000BZJQL8_2021-04-01
2021-07-04 23:33:46 10      IBKR_BBG000LV0836_2021-04-01
2021-07-04 23:33:46 12      IBM_BBG000BLNNH6_2021-04-01
2021-07-04 23:33:46 15      IBN_BBG000DRM643_2021-04-01
2021-07-04 23:33:46 17      IBP_BBG005TJKDZ6_2021-04-01
2021-07-04 23:33:46 17      ICE_BBG000C1FB75_2021-04-01
2021-07-04 23:33:46 19      ICPT_BBG001J1QN87_2021-04-01
2021-07-04 23:33:46 21      ICUI_BBG000CQV2N4_2021-04-01
2021-07-04 23:33:46 22      IDCC_BBG000HLJ7M4_2021-04-01
2021-07-04 23:33:46 23      IDXX_BBG000BLRT07_2021-04-01
2021-07-04 23:33:46 25      IEX_BBG000C1HN22_2021-04-01
2021-07-04 23:33:46 26      IFF_BBG000BLSL58_2021-04-01
2021-07-04 23:33:46 28      IGMS_BBG00PNR1BT2_2021-04-01
2021-07-04 23:33:46 29      IGMS: SPYKE!. Candle: ID:25, Time: 13:30, Close: 77.16
2021-07-04 23:33:46 29      IGMS: SPYKE!. Candle: ID:30, Time: 13:30, Close: 79.51
2021-07-04 23:33:46 29      IIPR_BBG00F0SW7N8_2021-04-01
2021-07-04 23:33:46 30      IIVI_BBG000BLW102_2021-04-01
2021-07-04 23:33:46 33      ILMN_BBG000DSMS70_2021-04-01
2021-07-04 23:33:46 35      INCY_BBG000BNPSQ9_2021-04-01
2021-07-04 23:33:46 37      INDB_BBG000BM0597_2021-04-01
2021-07-04 23:33:46 38      INFO_BBG006G063F9_2021-04-01
2021-07-04 23:33:46 40      INGN_BBG0021PH456_2021-04-01
2021-07-04 23:33:46 40      INGR_BBG000BXPZB7_2021-04-01
2021-07-04 23:33:46 41      INMD_BBG00PPS73P4_2021-04-01
2021-07-04 23:33:46 42      INSP_BBG00209SZJ7_2021-04-01
2021-07-04 23:33:46 43      INTC_BBG000C0G1D1_2021-04-01
2021-07-04 23:33:46 54      INTU_BBG000BH5DV1_2021-04-01
2021-07-04 23:33:46 57      INVH_BBG00FQH6BS9_2021-04-01
2021-07-04 23:33:46 59      IONS_BBG000JH6683_2021-04-01
2021-07-04 23:33:46 61      IOSP_BBG000BMFNP4_2021-04-01
2021-07-04 23:33:46 62      IOVA_BBG000FTLBV7_2021-04-01
2021-07-04 23:33:46 63      IP_BBG000BM5SR2_2021-04-01
2021-07-04 23:33:46 67      IPAR_BBG000GCSWR5_2021-04-01
2021-07-04 23:33:46 68      IPG_BBG000C90DH9_2021-04-01
2021-07-04 23:33:46 69      IPGP_BBG000DCGRL8_2021-04-01
2021-07-04 23:33:46 71      IQV_BBG00333FYS2_2021-04-01
2021-07-04 23:33:46 72      IR_BBG002R1CW27_2021-04-01
2021-07-04 23:33:46 74      IRBT_BBG000HXJB21_2021-04-01
2021-07-04 23:33:46 76      IRDM_BBG000VC0FC1_2021-04-01
2021-07-04 23:33:46 78      IRM_BBG000KCZPC3_2021-04-01
2021-07-04 23:33:46 79      IRTC_BBG001J19V24_2021-04-01
2021-07-04 23:33:46 80      ISRG_BBG000BJPDZ1_2021-04-01
2021-07-04 23:33:46 82      IT_BBG000BB65D0_2021-04-01
2021-07-04 23:33:46 84      ITCI_BBG0026ZFZC4_2021-04-01
2021-07-04 23:33:46 86      ITGR_BBG000BW6JV4_2021-04-01
2021-07-04 23:33:46 87      ITRI_BBG000BD2167_2021-04-01
2021-07-04 23:33:46 89      ITT_BBG00CVQZQ96_2021-04-01
2021-07-04 23:33:46 90      ITW_BBG000BMBL90_2021-04-01
2021-07-04 23:33:46 91      IVZ_BBG000BY2Y78_2021-04-01
2021-07-04 23:33:46 93      J_BBG000BMFFQ0_2021-04-01
2021-07-04 23:33:46 96      JACK_BBG000GZYVY1_2021-04-01
2021-07-04 23:33:46 97      JBHT_BBG000BMDBZ1_2021-04-01
2021-07-04 23:33:46 98      JBSS_BBG000CHPMY5_2021-04-01
2021-07-04 23:33:46 99      JBT_BBG000VLBCQ1_2021-04-01
2021-07-04 23:33:47 00      JCI_BBG000BVWLJ6_2021-04-01
2021-07-04 23:33:47 03      JCOM_BBG000F3CWW7_2021-04-01
2021-07-04 23:33:47 04      JD_BBG005YHY0Q7_2021-04-01
2021-07-04 23:33:47 12      JEF_BBG000BNHSP9_2021-04-01
2021-07-04 23:33:47 13      JELD_BBG0019GM953_2021-04-01
2021-07-04 23:33:47 14      JJSF_BBG000BMGPW0_2021-04-01
2021-07-04 23:33:47 15      JKHY_BBG000BMH2Q7_2021-04-01
2021-07-04 23:33:47 16      JLL_BBG000C2L2L0_2021-04-01
2021-07-04 23:33:47 17      JNJ_BBG000BMHYD1_2021-04-01
2021-07-04 23:33:47 21      JNPR_BBG000BY33P5_2021-04-01
2021-07-04 23:33:47 23      JOBS_BBG000BJD1D4_2021-04-01
2021-07-04 23:33:47 24      JOUT_BBG000HCXFS4_2021-04-01
2021-07-04 23:33:47 25      JPM_BBG000DMBXR2_2021-04-01
2021-07-04 23:33:47 33      JWN_BBG000G8N9C6_2021-04-01
2021-07-04 23:33:47 35      K_BBG000BMKDM3_2021-04-01
2021-07-04 23:33:47 37      KALU_BBG000PKZDX4_2021-04-01
2021-07-04 23:33:47 38      KBH_BBG000BMLWX8_2021-04-01
2021-07-04 23:33:47 39      KDP_BBG000TJM7F0_2021-04-01
2021-07-04 23:33:47 42      KEP_BBG000BCWG90_2021-04-01
2021-07-04 23:33:47 43      KEX_BBG000BMQCP6_2021-04-01
2021-07-04 23:33:47 44      KEY_BBG000BMQPL1_2021-04-01
2021-07-04 23:33:47 46      KEYS_BBG0059FN811_2021-04-01
2021-07-04 23:33:47 47      KFY_BBG000C5QMB5_2021-04-01
2021-07-04 23:33:47 48      KHC_BBG005CPNTQ2_2021-04-01
2021-07-04 23:33:47 51      KIDS_BBG00HFFRW39_2021-04-01
2021-07-04 23:33:47 52      KIM_BBG000CN3S73_2021-04-01
2021-07-04 23:33:47 53      KLAC_BBG000BMTFR4_2021-04-01
2021-07-04 23:33:47 56      KMB_BBG000BMW2Z0_2021-04-01
2021-07-04 23:33:47 59      KMI_BBG0019JZ882_2021-04-01
2021-07-04 23:33:47 60      KMPR_BBG000H3GDJ8_2021-04-01
2021-07-04 23:33:47 61      KMT_BBG000BMWKC5_2021-04-01
2021-07-04 23:33:47 62      KMX_BBG000BLMZK6_2021-04-01
2021-07-04 23:33:47 63      KMX: SPYKE!. Candle: ID:5, Time: 11:35, Close: 128.31
2021-07-04 23:33:47 64      KNSL_BBG00D8JD9Z9_2021-04-01
2021-07-04 23:33:47 65      KNX_BBG000BFC848_2021-04-01
2021-07-04 23:33:47 67      KO_BBG000BMX289_2021-04-01
2021-07-04 23:33:47 71      KOD_BBG00BVR0D02_2021-04-01
2021-07-04 23:33:47 72      KR_BBG000BMY992_2021-04-01
2021-07-04 23:33:47 76      KRG_BBG000BC2KW8_2021-04-01
2021-07-04 23:33:47 77      KRTX_BBG00NN875G0_2021-04-01
2021-07-04 23:33:47 79      KRYS_BBG00HDGRHH7_2021-04-01
2021-07-04 23:33:47 79      KSU_BBG000BMZ7P7_2021-04-01
2021-07-04 23:33:47 81      KTB_BBG00LPTHYD5_2021-04-01
2021-07-04 23:33:47 82      KWR_BBG000DZS2L9_2021-04-01
2021-07-04 23:33:47 83      L_BBG000C45984_2021-04-01
2021-07-04 23:33:47 84      LAD_BBG000K3BC83_2021-04-01
2021-07-04 23:33:47 85      LANC_BBG000BN1M88_2021-04-01
2021-07-04 23:33:47 86      LASR_BBG0020BCPX5_2021-04-01
2021-07-04 23:33:47 87      LB_BBG000BNGTQ7_2021-04-01
2021-07-04 23:33:47 89      LBRDK_BBG006GNSZW5_2021-04-01
2021-07-04 23:33:47 91      LCII_BBG000DNLMB0_2021-04-01
2021-07-04 23:33:47 92      LDOS_BBG000C23PB0_2021-04-01
2021-07-04 23:33:47 93      LEA_BBG000PTLGZ1_2021-04-01
2021-07-04 23:33:47 94      LECO_BBG000BB72K8_2021-04-01
2021-07-04 23:33:47 95      LEG_BBG000BN53G7_2021-04-01
2021-07-04 23:33:47 96      LEGH_BBG00MJDR6J9_2021-04-01
2021-07-04 23:33:47 97      LEN_BBG000BN5HF7_2021-04-01
2021-07-04 23:33:47 99      LEVI_BBG000BQDF10_2021-04-01
2021-07-04 23:33:47 99      LFC_BBG000BBK4B9_2021-04-01
2021-07-04 23:33:48 00      LFUS_BBG000BGFGT8_2021-04-01
2021-07-04 23:33:48 01      LGIH_BBG0056655S1_2021-04-01
2021-07-04 23:33:48 02      LGND_BBG000BKF014_2021-04-01
2021-07-04 23:33:48 03      LH_BBG000D9DMK0_2021-04-01
2021-07-04 23:33:48 03      LHCG_BBG000G7W420_2021-04-01
2021-07-04 23:33:48 04      LHX_BBG000BLGFJ9_2021-04-01
2021-07-04 23:33:48 06      LII_BBG000BB5B84_2021-04-01
2021-07-04 23:33:48 07      LIN_BBG00GVR8YQ9_2021-04-01
2021-07-04 23:33:48 08      LITE_BBG0073F9RT7_2021-04-01
2021-07-04 23:33:48 10      LKQ_BBG000PXDL44_2021-04-01
2021-07-04 23:33:48 12      LLY_BBG000BNBDC2_2021-04-01
2021-07-04 23:33:48 14      LMT_BBG000C1BW00_2021-04-01
2021-07-04 23:33:48 16      LNN_BBG000FJS1S8_2021-04-01
2021-07-04 23:33:48 17      LNT_BBG000DW4Q75_2021-04-01
2021-07-04 23:33:48 18      LNTH_BBG006Q52RD0_2021-04-01
2021-07-04 23:33:48 19      LOPE_BBG000FV28W9_2021-04-01
2021-07-04 23:33:48 20      LOW_BBG000BNDN65_2021-04-01
2021-07-04 23:33:48 22      LPL_BBG000FJ0RK9_2021-04-01
2021-07-04 23:33:48 23      LPLA_BBG000P2TYL8_2021-04-01
2021-07-04 23:33:48 24      LPSN_BBG000BSV0W5_2021-04-01
2021-07-04 23:33:48 25      LRCX_BBG000BNFLM9_2021-04-01
2021-07-04 23:33:48 29      LRN_BBG000QSXPZ9_2021-04-01
2021-07-04 23:33:48 31      LSCC_BBG000C2D1C1_2021-04-01
2021-07-04 23:33:48 33      LSTR_BBG000BB2KN0_2021-04-01
2021-07-04 23:33:48 33      LTHM_BBG00LV3NRG0_2021-04-01
2021-07-04 23:33:48 36      LULU_BBG000R8ZVD1_2021-04-01
2021-07-04 23:33:48 40      LUMN_BBG000BGLRN3_2021-04-01
2021-07-04 23:33:48 41      LUV_BBG000BNJHS8_2021-04-01
2021-07-04 23:33:48 44      LVS_BBG000JWD753_2021-04-01
2021-07-04 23:33:48 47      LW_BBG003CVMLQ2_2021-04-01
2021-07-04 23:33:48 48      LYB_BBG000WCFV84_2021-04-01
2021-07-04 23:33:48 50      LYFT_BBG004M9ZHX5_2021-04-01
2021-07-04 23:33:48 54      LYV_BBG000FQ7YR4_2021-04-01
2021-07-04 23:33:48 55      M_BBG000C46HM9_2021-04-01
2021-07-04 23:33:48 58      MA_BBG000F1ZSQ2_2021-04-01
2021-07-04 23:33:48 61      MAA_BBG000BLMY92_2021-04-01
2021-07-04 23:33:48 62      MAC_BBG000BL9C59_2021-04-01
2021-07-04 23:33:48 64      MAN_BBG000BNMHS4_2021-04-01
2021-07-04 23:33:48 65      MANH_BBG000BFV758_2021-04-01
2021-07-04 23:33:48 66      MANT_BBG000BGF8B5_2021-04-01
2021-07-04 23:33:48 66      MANU_BBG0035WV4N9_2021-04-01
2021-07-04 23:33:48 67      MAR_BBG000BGD7W6_2021-04-01
2021-07-04 23:33:48 70      MAS_BBG000BNNKG9_2021-04-01
2021-07-04 23:33:48 73      MASI_BBG000C3W281_2021-04-01
2021-07-04 23:33:48 74      MAT_BBG000BNNYW1_2021-04-01
2021-07-04 23:33:48 75      MATX_BBG000BBK401_2021-04-01
2021-07-04 23:33:48 77      MBT_BBG000CSZKR2_2021-04-01
2021-07-04 23:33:48 78      MBUU_BBG005PXTR70_2021-04-01
2021-07-04 23:33:48 79      MCD_BBG000BNSZP1_2021-04-01
2021-07-04 23:33:48 81      MCHP_BBG000BHCP19_2021-04-01
2021-07-04 23:33:48 83      MCK_BBG000DYGNW7_2021-04-01
2021-07-04 23:33:48 85      MCO_BBG000F86GP6_2021-04-01
2021-07-04 23:33:48 86      MCRI_BBG000BJ0932_2021-04-01
2021-07-04 23:33:48 86      MD_BBG000H8LGK2_2021-04-01
2021-07-04 23:33:48 88      MDB_BBG0022FDRY8_2021-04-01
2021-07-04 23:33:48 90      MDGL_BBG000QS6NV8_2021-04-01
2021-07-04 23:33:48 91      MDLA_BBG001BPKGT0_2021-04-01
2021-07-04 23:33:48 92      MDLZ_BBG000D4LWF6_2021-04-01
2021-07-04 23:33:48 96      MDRX_BBG000BLDXH5_2021-04-01
2021-07-04 23:33:48 97      MDT_BBG000BNWG87_2021-04-01
2021-07-04 23:33:49 00      MED_BBG000BWBW76_2021-04-01
2021-07-04 23:33:49 01      MEDP_BBG0065B7K59_2021-04-01
2021-07-04 23:33:49 02      MEI_BBG000BNY197_2021-04-01
2021-07-04 23:33:49 03      MELI_BBG000GQPB11_2021-04-01
2021-07-04 23:33:49 05      MET_BBG000BB6KF5_2021-04-01
2021-07-04 23:33:49 07      MFGP_BBG00HFWVGN0_2021-04-01
2021-07-04 23:33:49 08      MGLN_BBG000BD6DD9_2021-04-01
2021-07-04 23:33:49 09      MGM_BBG000C2BXK4_2021-04-01
2021-07-04 23:33:49 12      MGY_BBG00GNC8DL2_2021-04-01
2021-07-04 23:33:49 13      MHK_BBG000FLZN98_2021-04-01
2021-07-04 23:33:49 14      MHO_BBG000BL9MZ4_2021-04-01
2021-07-04 23:33:49 15      MIDD_BBG000DQN9R3_2021-04-01
2021-07-04 23:33:49 16      MINI_BBG000BGTX98_2021-04-01
2021-07-04 23:33:49 17      MKC_BBG000G6Y5W4_2021-04-01
2021-07-04 23:33:49 18      MKL_BBG000FC7366_2021-04-01
2021-07-04 23:33:49 19      MKSI_BBG000BVMG26_2021-04-01
2021-07-04 23:33:49 20      MKTX_BBG000BJBZ23_2021-04-01
2021-07-04 23:33:49 22      MLAB_BBG000BP3PW7_2021-04-01
2021-07-04 23:33:49 22      MLCO_BBG000BHP8J4_2021-04-01
2021-07-04 23:33:49 23      MLHR_BBG000BP46T2_2021-04-01
2021-07-04 23:33:49 24      MLM_BBG000BGYMH7_2021-04-01
2021-07-04 23:33:49 25      MMC_BBG000BP4MH0_2021-04-01
2021-07-04 23:33:49 27      MMI_BBG005GBRSR6_2021-04-01
2021-07-04 23:33:49 28      MMM_BBG000BP52R2_2021-04-01
2021-07-04 23:33:49 30      MMS_BBG000BC5WJ4_2021-04-01
2021-07-04 23:33:49 30      MMSI_BBG000C42VX0_2021-04-01
2021-07-04 23:33:49 31      MNRO_BBG000C0BZD1_2021-04-01
2021-07-04 23:33:49 32      MNST_BBG008NVB1C0_2021-04-01
2021-07-04 23:33:49 34      MO_BBG000BP6LJ8_2021-04-01
2021-07-04 23:33:49 36      MOH_BBG000MBHNC8_2021-04-01
2021-07-04 23:33:49 37      MOMO_BBG007HTCQT0_2021-04-01
2021-07-04 23:33:49 43      MORN_BBG000CGQ4F7_2021-04-01
2021-07-04 23:33:49 44      MOS_BBG000BFXHL6_2021-04-01
2021-07-04 23:33:49 48      MOV_BBG000BL30Y9_2021-04-01
2021-07-04 23:33:49 49      MPC_BBG001DCCGR8_2021-04-01
2021-07-04 23:33:49 53      MPWR_BBG000C30L48_2021-04-01
2021-07-04 23:33:49 54      MRC_BBG000BKLTM1_2021-04-01
2021-07-04 23:33:49 55      MRK_BBG000BPD168_2021-04-01
2021-07-04 23:33:49 59      MRNA_BBG003PHHZT1_2021-04-01
2021-07-04 23:33:49 66      MRO_BBG000C8H633_2021-04-01
2021-07-04 23:33:49 70      MRTX_BBG004TPGBP5_2021-04-01
2021-07-04 23:33:49 71      MS_BBG000BLZRJ2_2021-04-01
2021-07-04 23:33:49 77      MSA_BBG000BPDXF8_2021-04-01
2021-07-04 23:33:49 77      MSCI_BBG000RTDY25_2021-04-01
2021-07-04 23:33:49 79      MSFT_BBG000BPH459_2021-04-01
2021-07-04 23:33:49 98      MSGE_BBG00L9HLWV8_2021-04-01
2021-07-04 23:33:49 99      MSGN_BBG000NS03H7_2021-04-01
2021-07-04 23:33:50 00      MSGS_BBG007FG0C23_2021-04-01
2021-07-04 23:33:50 01      MSI_BBG000BP8Z50_2021-04-01
2021-07-04 23:33:50 02      MSM_BBG000BCLYL9_2021-04-01
2021-07-04 23:33:50 03      MSTR_BBG000GQJPZ0_2021-04-01
2021-07-04 23:33:50 06      MTB_BBG000D9KWL9_2021-04-01
2021-07-04 23:33:50 10      MTCH_BBG00B6WH9G3_2021-04-01
2021-07-04 23:33:50 13      MTD_BBG000BZCKH3_2021-04-01
2021-07-04 23:33:50 14      MTG_BBG000CBMH27_2021-04-01
2021-07-04 23:33:50 15      MTH_BBG000F4F1N0_2021-04-01
2021-07-04 23:33:50 16      MTN_BBG000BCMWM1_2021-04-01
2021-07-04 23:33:50 17      MTOR_BBG000BH92D1_2021-04-01
2021-07-04 23:33:50 17      MTRN_BBG000BDTT76_2021-04-01
2021-07-04 23:33:50 18      MU_BBG000C5Z1S3_2021-04-01
2021-07-04 23:33:50 34      MUR_BBG000BPMH90_2021-04-01
2021-07-04 23:33:50 35      MUR: SPYKE!. Candle: ID:2795, Time: 20:35, Close: 16.81
2021-07-04 23:33:50 37      MUSA_BBG001Z0Q6T5_2021-04-01
2021-07-04 23:33:50 38      MXIM_BBG000BPNP00_2021-04-01
2021-07-04 23:33:50 42      MXL_BBG000BB6R33_2021-04-01
2021-07-04 23:33:50 43      MYGN_BBG000D9H9F1_2021-04-01
2021-07-04 23:33:50 44      MYRG_BBG000BC7VW9_2021-04-01
2021-07-04 23:33:50 45      NARI_BBG009J8K7M0_2021-04-01
2021-07-04 23:33:50 47      NATI_BBG000DZK6N6_2021-04-01
2021-07-04 23:33:50 48      NAVI_BBG004MN1R41_2021-04-01
2021-07-04 23:33:50 49      NBIX_BBG000GJS7C1_2021-04-01
2021-07-04 23:33:50 51      NCBS_BBG000QK0TG5_2021-04-01
2021-07-04 23:33:50 52      NCR_BBG000BMXK89_2021-04-01
2021-07-04 23:33:50 53      NDAQ_BBG000F5VVB6_2021-04-01
2021-07-04 23:33:50 54      NDSN_BBG000BPWGR1_2021-04-01
2021-07-04 23:33:50 56      NEE_BBG000BJSBJ0_2021-04-01
2021-07-04 23:33:50 59      NEM_BBG000BPWXK1_2021-04-01
2021-07-04 23:33:50 61      NEO_BBG000BKH263_2021-04-01
2021-07-04 23:33:50 63      NEOG_BBG000C1BCK2_2021-04-01
2021-07-04 23:33:50 64      NET_BBG001WMKHH5_2021-04-01
2021-07-04 23:33:50 65      NEU_BBG000BJ5SS8_2021-04-01
2021-07-04 23:33:50 66      NEWR_BBG001NFKJ68_2021-04-01
2021-07-04 23:33:50 67      NFLX_BBG000CL9VN6_2021-04-01
2021-07-04 23:33:50 73      NGVT_BBG009LM28K6_2021-04-01
2021-07-04 23:33:50 75      NJR_BBG000BPZVW9_2021-04-01
2021-07-04 23:33:50 75      NKE_BBG000C5HS04_2021-04-01
2021-07-04 23:33:50 79      NKTR_BBG000BHCYJ1_2021-04-01
2021-07-04 23:33:50 81      NLOK_BBG000BH2JM1_2021-04-01
2021-07-04 23:33:50 83      NLSN_BBG0088CYPX8_2021-04-01
2021-07-04 23:33:50 84      NMIH_BBG005DLMMZ6_2021-04-01
2021-07-04 23:33:50 85      NOC_BBG000BQ2C28_2021-04-01
2021-07-04 23:33:50 87      NOK_BBG000BNGBW9_2021-04-01
2021-07-04 23:33:50 90      NOV_BBG000BJX8C8_2021-04-01
2021-07-04 23:33:50 92      NOW_BBG000M1R011_2021-04-01
2021-07-04 23:33:50 94      NP_BBG000QCQ764_2021-04-01
2021-07-04 23:33:50 95      NPK_BBG000BQ4GG2_2021-04-01
2021-07-04 23:33:50 95      NRG_BBG000D8RG11_2021-04-01
2021-07-04 23:33:50 98      NSC_BBG000BQ5DS5_2021-04-01
2021-07-04 23:33:50 99      NSP_BBG000BJ41X2_2021-04-01
2021-07-04 23:33:51 00      NTAP_BBG000FP1N32_2021-04-01
2021-07-04 23:33:51 02      NTCO_BBG00R4ZKPN5_2021-04-01
2021-07-04 23:33:51 03      NTCT_BBG000C136Z8_2021-04-01
2021-07-04 23:33:51 04      NTES_BBG000BX72V8_2021-04-01
2021-07-04 23:33:51 06      NTGR_BBG000C4GBR6_2021-04-01
2021-07-04 23:33:51 07      NTLA_BBG007KC7PB0_2021-04-01
2021-07-04 23:33:51 09      NTNX_BBG001NDW1Z7_2021-04-01
2021-07-04 23:33:51 11      NTRA_BBG001J1BQ86_2021-04-01
2021-07-04 23:33:51 12      NTRS_BBG000BQ74K1_2021-04-01
2021-07-04 23:33:51 13      NTUS_BBG000DPZHS3_2021-04-01
2021-07-04 23:33:51 14      NUE_BBG000BQ8KV2_2021-04-01
2021-07-04 23:33:51 16      NUS_BBG000HG21Y3_2021-04-01
2021-07-04 23:33:51 18      NUVA_BBG000LNL298_2021-04-01
2021-07-04 23:33:51 19      NVDA_BBG000BBJQV0_2021-04-01
2021-07-04 23:33:51 28      NVEE_BBG005BT60Y8_2021-04-01
2021-07-04 23:33:51 29      NVR_BBG000BQBYR3_2021-04-01
2021-07-04 23:33:51 30      NVRO_BBG001K61W36_2021-04-01
2021-07-04 23:33:51 32      NVTA_BBG005DJFD43_2021-04-01
2021-07-04 23:33:51 34      NWE_BBG000Q1NMJ4_2021-04-01
2021-07-04 23:33:51 35      NWL_BBG000BQC9V2_2021-04-01
2021-07-04 23:33:51 37      NWLI_BBG008HNHZ07_2021-04-01
2021-07-04 23:33:51 37      NWS_BBG0035M2ZB7_2021-04-01
2021-07-04 23:33:51 39      NWSA_BBG0035LY913_2021-04-01
2021-07-04 23:33:51 42      NXPI_BBG000BND699_2021-04-01
2021-07-04 23:33:51 45      NXST_BBG000DZJVH0_2021-04-01
2021-07-04 23:33:51 46      NYT_BBG000FFC0B3_2021-04-01
2021-07-04 23:33:51 47      O_BBG000DHPN63_2021-04-01
2021-07-04 23:33:51 49      OC_BBG000M44VW8_2021-04-01
2021-07-04 23:33:51 50      ODFL_BBG000CHSS88_2021-04-01
2021-07-04 23:33:51 52      OFIX_BBG000G1C210_2021-04-01
2021-07-04 23:33:51 53      OHI_BBG000BGBTC2_2021-04-01
2021-07-04 23:33:51 54      OI_BBG00R2JZG39_2021-04-01
2021-07-04 23:33:51 56      OII_BBG000CPBCL8_2021-04-01
2021-07-04 23:33:51 58      OIS_BBG000BDDN94_2021-04-01
2021-07-04 23:33:51 59      OKE_BBG000BQHGR6_2021-04-01
2021-07-04 23:33:51 61      OKTA_BBG001YV1SM4_2021-04-01
2021-07-04 23:33:51 63      OLED_BBG000BLRP41_2021-04-01
2021-07-04 23:33:51 65      OLLI_BBG0098VVDT9_2021-04-01
2021-07-04 23:33:51 66      OMC_BBG000BS9489_2021-04-01
2021-07-04 23:33:51 68      OMCL_BBG000BTNGZ4_2021-04-01
2021-07-04 23:33:51 69      ON_BBG000DV7MX4_2021-04-01
2021-07-04 23:33:51 73      ONTO_BBG000BPRN29_2021-04-01
2021-07-04 23:33:51 74      ORCL_BBG000BQLTW7_2021-04-01
2021-07-04 23:33:51 78      ORLY_BBG000BGYWY6_2021-04-01
2021-07-04 23:33:51 79      OSIS_BBG000BWPR54_2021-04-01
2021-07-04 23:33:51 80      OSK_BBG000CC53X1_2021-04-01
2021-07-04 23:33:51 81      OSUR_BBG000J3D1Y8_2021-04-01
2021-07-04 23:33:51 83      OTIS_BBG00RP60KV0_2021-04-01
2021-07-04 23:33:51 84      OVV_BBG00R2NHQ65_2021-04-01
2021-07-04 23:33:51 86      OXY_BBG000BQQ2S6_2021-04-01
2021-07-04 23:33:51 93      PAGS_BBG00JM7QBR6_2021-04-01
2021-07-04 23:33:51 95      PANW_BBG0014GJCT9_2021-04-01
2021-07-04 23:33:51 97      PATK_BBG000BQSBB2_2021-04-01
2021-07-04 23:33:51 98      PAYC_BBG0064N0ZZ5_2021-04-01
2021-07-04 23:33:51 99      PB_BBG000BHY4D9_2021-04-01
2021-07-04 23:33:52 00      PBCT_BBG000BQT4L6_2021-04-01
2021-07-04 23:33:52 03      PBF_BBG002832GV8_2021-04-01
2021-07-04 23:33:52 05      PBH_BBG000QM0RZ4_2021-04-01
2021-07-04 23:33:52 06      PBI_BBG000BQTMJ9_2021-04-01
2021-07-04 23:33:52 08      PCAR_BBG000BQVTF5_2021-04-01
2021-07-04 23:33:52 09      PCG_BBG000BQWPC5_2021-04-01
2021-07-04 23:33:52 11      PCRX_BBG0018FQNS6_2021-04-01
2021-07-04 23:33:52 12      PCTY_BBG006598YS8_2021-04-01
2021-07-04 23:33:52 13      PD_BBG0043BYPB8_2021-04-01
2021-07-04 23:33:52 14      PDCO_BBG000BQY289_2021-04-01
2021-07-04 23:33:52 15      PEAK_BBG000BKYDP9_2021-04-01
2021-07-04 23:33:52 17      PEG_BBG000BQZMH4_2021-04-01
2021-07-04 23:33:52 18      PEGA_BBG000H1RYG7_2021-04-01
2021-07-04 23:33:52 19      PEN_BBG001BP92V1_2021-04-01
2021-07-04 23:33:52 20      PEP_BBG000DH7JK6_2021-04-01
2021-07-04 23:33:52 26      PETQ_BBG00H1CY328_2021-04-01
2021-07-04 23:33:52 26      PFE_BBG000BR2B91_2021-04-01
2021-07-04 23:33:52 29      PFG_BBG000NSCNT7_2021-04-01
2021-07-04 23:33:52 31      PFGC_BBG009XW2WB8_2021-04-01
2021-07-04 23:33:52 32      PFPT_BBG000RQ2GY7_2021-04-01
2021-07-04 23:33:52 34      PG_BBG000BR2TH3_2021-04-01
2021-07-04 23:33:52 38      PGNY_BBG002H1K1H1_2021-04-01
2021-07-04 23:33:52 40      PGR_BBG000BR37X2_2021-04-01
2021-07-04 23:33:52 41      PGTI_BBG000FX3Y66_2021-04-01
2021-07-04 23:33:52 42      PH_BBG000BR3KL6_2021-04-01
2021-07-04 23:33:52 44      PHM_BBG000BR54L0_2021-04-01
2021-07-04 23:33:52 47      PII_BBG000D5S4M0_2021-04-01
2021-07-04 23:33:52 48      PINC_BBG000G7QX50_2021-04-01
2021-07-04 23:33:52 49      PINS_BBG002583CV8_2021-04-01
2021-07-04 23:33:52 53      PIPR_BBG000FQXC75_2021-04-01
2021-07-04 23:33:52 54      PKG_BBG000BB8SW7_2021-04-01
2021-07-04 23:33:52 55      PKI_BBG000FXW512_2021-04-01
2021-07-04 23:33:52 56      PLAN_BBG002DZS299_2021-04-01
2021-07-04 23:33:52 58      PLAY_BBG001WWJTK5_2021-04-01
2021-07-04 23:33:52 61      PLCE_BBG000JK9DK4_2021-04-01
2021-07-04 23:33:52 62      PLD_BBG000B9Z0J8_2021-04-01
2021-07-04 23:33:52 64      PLNT_BBG009H04M17_2021-04-01
2021-07-04 23:33:52 65      PLTR_BBG000N7QR55_2021-04-01
2021-07-04 23:33:52 73      PLUS_BBG000HN7W02_2021-04-01
2021-07-04 23:33:52 73      PLXS_BBG000BRBX66_2021-04-01
2021-07-04 23:33:52 74      PM_BBG000J2XL74_2021-04-01
2021-07-04 23:33:52 77      PNC_BBG000BRD0D8_2021-04-01
2021-07-04 23:33:52 79      PNFP_BBG000C1XKF6_2021-04-01
2021-07-04 23:33:52 80      PNTG_BBG00P33SY72_2021-04-01
2021-07-04 23:33:52 81      PODD_BBG000R7XX87_2021-04-01
2021-07-04 23:33:52 82      POOL_BBG000BCVG28_2021-04-01
2021-07-04 23:33:52 83      POR_BBG000BCRMW7_2021-04-01
2021-07-04 23:33:52 84      POST_BBG001WTBC36_2021-04-01
2021-07-04 23:33:52 85      POWI_BBG000BTT3D1_2021-04-01
2021-07-04 23:33:52 86      PPC_BBG000BFLXV3_2021-04-01
2021-07-04 23:33:52 87      PPG_BBG000BRJ809_2021-04-01
2021-07-04 23:33:52 89      PPL_BBG000BRJL00_2021-04-01
2021-07-04 23:33:52 91      PRAA_BBG000BNTW77_2021-04-01
2021-07-04 23:33:52 92      PRAH_BBG007387YL8_2021-04-01
2021-07-04 23:33:52 93      PRFT_BBG000BVXFK6_2021-04-01
2021-07-04 23:33:52 94      PRG_BBG00VSH86G4_2021-04-01
2021-07-04 23:33:52 95      PRGS_BBG000C4QP94_2021-04-01
2021-07-04 23:33:52 96      PRI_BBG000T8ZF80_2021-04-01
2021-07-04 23:33:52 97      PRLB_BBG000BT13B3_2021-04-01
2021-07-04 23:33:52 98      PRSP_BBG00KMXKWF9_2021-04-01
2021-07-04 23:33:52 99      PRU_BBG000HCJMF9_2021-04-01
2021-07-04 23:33:53 01      PSA_BBG000BPPN67_2021-04-01
2021-07-04 23:33:53 03      PSN_BBG000C3TKY6_2021-04-01
2021-07-04 23:33:53 04      PSTG_BBG00212PVZ5_2021-04-01
2021-07-04 23:33:53 06      PSX_BBG00286S4N9_2021-04-01
2021-07-04 23:33:53 08      PTC_BBG000C2VBB0_2021-04-01
2021-07-04 23:33:53 11      PTCT_BBG000QT15P7_2021-04-01
2021-07-04 23:33:53 11      PTON_BBG00JG0FFZ2_2021-04-01
2021-07-04 23:33:53 16      PTR_BBG000BR85F1_2021-04-01
2021-07-04 23:33:53 17      PUMP_BBG00FYCQ352_2021-04-01
2021-07-04 23:33:53 18      PVH_BBG000BRRG02_2021-04-01
2021-07-04 23:33:53 19      PWR_BBG000BBL8V7_2021-04-01
2021-07-04 23:33:53 21      PXD_BBG000BXRPH1_2021-04-01
2021-07-04 23:33:53 22      PYPL_BBG0077VNXV6_2021-04-01
2021-07-04 23:33:53 30      PZZA_BBG000BFWF13_2021-04-01
2021-07-04 23:33:53 30      QADA_BBG001BP77C3_2021-04-01
2021-07-04 23:33:53 31      QCOM_BBG000CGC1X8_2021-04-01
2021-07-04 23:33:53 39      QDEL_BBG000C6GN04_2021-04-01
2021-07-04 23:33:53 42      QLYS_BBG000HT5G06_2021-04-01
2021-07-04 23:33:53 43      QNST_BBG000S9XXB8_2021-04-01
2021-07-04 23:33:53 45      QRTEA_BBG000PCQQL6_2021-04-01
2021-07-04 23:33:53 47      QRVO_BBG007TJF1N7_2021-04-01
2021-07-04 23:33:53 49      QTS_BBG0054B20Z8_2021-04-01
2021-07-04 23:33:53 51      QTWO_BBG005ZVK9P2_2021-04-01
2021-07-04 23:33:53 52      QUOT_BBG001QYNR63_2021-04-01
2021-07-04 23:33:53 53      R_BBG000BRVP70_2021-04-01
2021-07-04 23:33:53 54      RACE_BBG009PH3Q86_2021-04-01
2021-07-04 23:33:53 55      RAMP_BBG000BB4HM6_2021-04-01
2021-07-04 23:33:53 56      RARE_BBG001RWPDW6_2021-04-01
2021-07-04 23:33:53 57      RAVN_BBG000CXQTZ3_2021-04-01
2021-07-04 23:33:53 58      RBC_BBG000BRXTR8_2021-04-01
2021-07-04 23:33:53 58      RCL_BBG000BB5792_2021-04-01
2021-07-04 23:33:53 61      RDFN_BBG001Q7HP63_2021-04-01
2021-07-04 23:33:53 62      RDS.A_BBG000QXSSS6_2021-04-01
2021-07-04 23:33:53 65      RDY_BBG000NJ96L6_2021-04-01
2021-07-04 23:33:53 66      RE_BBG000C1XVK6_2021-04-01
2021-07-04 23:33:53 67      REG_BBG000BL46Q4_2021-04-01
2021-07-04 23:33:53 69      REGI_BBG0016SSV00_2021-04-01
2021-07-04 23:33:53 70      REGN_BBG000C734W3_2021-04-01
2021-07-04 23:33:53 73      RETA_BBG000R33BD1_2021-04-01
2021-07-04 23:33:53 73      REX_BBG000D2ZK61_2021-04-01
2021-07-04 23:33:53 74      REZI_BBG00HY28K89_2021-04-01
2021-07-04 23:33:53 75      RF_BBG000Q3JN03_2021-04-01
2021-07-04 23:33:53 78      RGA_BBG000BDLCQ0_2021-04-01
2021-07-04 23:33:53 79      RGEN_BBG000BS48J3_2021-04-01
2021-07-04 23:33:53 80      RGLD_BBG000BS5170_2021-04-01
2021-07-04 23:33:53 81      RGNX_BBG007Z9V591_2021-04-01
2021-07-04 23:33:53 82      RGR_BBG000C4FQG6_2021-04-01
2021-07-04 23:33:53 83      RH_BBG002293PJ4_2021-04-01
2021-07-04 23:33:53 84      RHI_BBG000BS5DR2_2021-04-01
2021-07-04 23:33:53 85      RIG_BBG000BH5LT6_2021-04-01
2021-07-04 23:33:53 88      RJF_BBG000BS73J1_2021-04-01
2021-07-04 23:33:53 89      RL_BBG000BS0ZF1_2021-04-01
2021-07-04 23:33:53 90      RMD_BBG000L4M7F1_2021-04-01
2021-07-04 23:33:53 91      RNG_BBG000J094P3_2021-04-01
2021-07-04 23:33:53 92      ROCK_BBG000BKQDQ7_2021-04-01
2021-07-04 23:33:53 93      ROG_BBG000BS9HN3_2021-04-01
2021-07-04 23:33:53 93      ROK_BBG000BBCDZ2_2021-04-01
2021-07-04 23:33:53 94      ROKU_BBG001ZZPQJ6_2021-04-01
2021-07-04 23:33:53 98      ROL_BBG000BSBBP1_2021-04-01
2021-07-04 23:33:53 99      ROLL_BBG000GMGNB3_2021-04-01
2021-07-04 23:33:54 00      ROP_BBG000F1ZSN5_2021-04-01
2021-07-04 23:33:54 01      ROST_BBG000BSBZH7_2021-04-01
2021-07-04 23:33:54 02      RPD_BBG009DFHWG6_2021-04-01
2021-07-04 23:33:54 03      RPM_BBG000DCNK80_2021-04-01
2021-07-04 23:33:54 04      RRBI_BBG000QKNLB2_2021-04-01
2021-07-04 23:33:54 05      RRC_BBG000FVXD63_2021-04-01
2021-07-04 23:33:54 06      RRGB_BBG000MXH9C1_2021-04-01
2021-07-04 23:33:54 07      RS_BBG000CJ2181_2021-04-01
2021-07-04 23:33:54 08      RSG_BBG000BPXVJ6_2021-04-01
2021-07-04 23:33:54 09      RTX_BBG000BW8S60_2021-04-01
2021-07-04 23:33:54 11      RVLV_BBG00M4RHBD0_2021-04-01
2021-07-04 23:33:54 12      RXN_BBG000H8R0N8_2021-04-01
2021-07-04 23:33:54 13      RYN_BBG000BG7L34_2021-04-01
2021-07-04 23:33:54 14      RYTM_BBG007DLZ601_2021-04-01
2021-07-04 23:33:54 15      SAFM_BBG000BSHJ96_2021-04-01
2021-07-04 23:33:54 16      SAGE_BBG0025X16Y5_2021-04-01
2021-07-04 23:33:54 17      SAIA_BBG000P5LMQ0_2021-04-01
2021-07-04 23:33:54 17      SAIC_BBG003BW05K6_2021-04-01
2021-07-04 23:33:54 18      SAIL_BBG00J0BBZL0_2021-04-01
2021-07-04 23:33:54 19      SAM_BBG000BCZBF1_2021-04-01
2021-07-04 23:33:54 20      SAVE_BBG000BF6RQ9_2021-04-01
2021-07-04 23:33:54 21      SBAC_BBG000D2M0Z7_2021-04-01
2021-07-04 23:33:54 22      SBCF_BBG000KK3464_2021-04-01
2021-07-04 23:33:54 23      SBGI_BBG000F2XXP2_2021-04-01
2021-07-04 23:33:54 24      SBH_BBG000LR8515_2021-04-01
2021-07-04 23:33:54 25      SBRA_BBG000MTDW24_2021-04-01
2021-07-04 23:33:54 26      SBUX_BBG000CTQBF3_2021-04-01
2021-07-04 23:33:54 31      SCCO_BBG000BSHH72_2021-04-01
2021-07-04 23:33:54 32      SCHW_BBG000BSLZY7_2021-04-01
2021-07-04 23:33:54 35      SCI_BBG000BTHH16_2021-04-01
2021-07-04 23:33:54 36      SCSC_BBG000BHTPZ4_2021-04-01
2021-07-04 23:33:54 37      SDGR_BBG000T88BN2_2021-04-01
2021-07-04 23:33:54 39      SEDG_BBG0084BBZY6_2021-04-01
2021-07-04 23:33:54 40      SEE_BBG000C22QV7_2021-04-01
2021-07-04 23:33:54 42      SEIC_BBG000BSQLT9_2021-04-01
2021-07-04 23:33:54 43      SERV_TCS002WMH2F2_2021-04-01
2021-07-04 23:33:54 43      SF_BBG000BSS5C0_2021-04-01
2021-07-04 23:33:54 44      SFIX_BBG0046L1KL9_2021-04-01
2021-07-04 23:33:54 45      SFM_BBG001KFKQM7_2021-04-01
2021-07-04 23:33:54 47      SGEN_BBG000BH0FR6_2021-04-01
2021-07-04 23:33:54 49      SHAK_BBG0063GCHH8_2021-04-01
2021-07-04 23:33:54 50      SHEN_BBG000BTC2N0_2021-04-01
2021-07-04 23:33:54 50      SHI_BBG000BHR1H9_2021-04-01
2021-07-04 23:33:54 51      SHW_BBG000BSXQV7_2021-04-01
2021-07-04 23:33:54 51      SIG_BBG000C4ZZ10_2021-04-01
2021-07-04 23:33:54 52      SIGI_BBG000BSZ738_2021-04-01
2021-07-04 23:33:54 53      SITE_BBG009T22D49_2021-04-01
2021-07-04 23:33:54 54      SIVB_BBG000BT0CM2_2021-04-01
2021-07-04 23:33:54 55      SJI_BBG000BT0T72_2021-04-01
2021-07-04 23:33:54 56      SJM_BBG000BT1715_2021-04-01
2021-07-04 23:33:54 57      SKM_BBG000BLN497_2021-04-01
2021-07-04 23:33:54 58      SKX_BBG000C4HKK2_2021-04-01
2021-07-04 23:33:54 59      SLAB_BBG000BB99S3_2021-04-01
2021-07-04 23:33:54 60      SLB_BBG000BT41Q8_2021-04-01
2021-07-04 23:33:54 62      SLG_BBG000BVP5P2_2021-04-01
2021-07-04 23:33:54 63      SMAR_BBG00GQK3WB5_2021-04-01
2021-07-04 23:33:54 64      SMG_BBG000BT5PG5_2021-04-01
2021-07-04 23:33:54 64      SMPL_BBG00GVP5JL4_2021-04-01
2021-07-04 23:33:54 66      SMTC_BBG000DBKR53_2021-04-01
2021-07-04 23:33:54 66      SNA_BBG000BT7JW9_2021-04-01
2021-07-04 23:33:54 67      SNAP_BBG00441QMJ7_2021-04-01
2021-07-04 23:33:54 71      SNBR_BBG000DM2BF3_2021-04-01
2021-07-04 23:33:54 72      SNPS_BBG000BSFRF3_2021-04-01
2021-07-04 23:33:54 74      SNX_BBG000CL9JV4_2021-04-01
2021-07-04 23:33:54 75      SNY_BBG000BBD5N1_2021-04-01
2021-07-04 23:33:54 76      SO_BBG000BT9DW0_2021-04-01
2021-07-04 23:33:54 78      SOHU_BBG00L2DB535_2021-04-01
2021-07-04 23:33:54 80      SON_BBG000D7HF89_2021-04-01
2021-07-04 23:33:54 80      SONO_BBG001JZPSQ2_2021-04-01
2021-07-04 23:33:54 82      SP_BBG000BJ91B1_2021-04-01
2021-07-04 23:33:54 83      SPB@US_BBG000DS5588_2021-04-01
2021-07-04 23:33:54 84      SPCE_BBG00HTN2CQ3_2021-04-01
2021-07-04 23:33:54 91      SPG_BBG000BJ2D31_2021-04-01
2021-07-04 23:33:54 94      SPGI_BBG000BP1Q11_2021-04-01
2021-07-04 23:33:54 96      SPLK_BBG001C7TST4_2021-04-01
2021-07-04 23:33:54 98      SPOT_BBG003T4VFC2_2021-04-01
2021-07-04 23:33:55 00      SPR_BBG000PRJ2Z9_2021-04-01
2021-07-04 23:33:55 01      SPSC_BBG000PZGB75_2021-04-01
2021-07-04 23:33:55 02      SQ_BBG0018SLC07_2021-04-01
2021-07-04 23:33:55 07      SRC_BBG0027Z6X10_2021-04-01
2021-07-04 23:33:55 09      SRCL_BBG000H3FZM6_2021-04-01
2021-07-04 23:33:55 09      SRDX_BBG000BZ2QG2_2021-04-01
2021-07-04 23:33:55 10      SRE_BBG000C2ZCH8_2021-04-01
2021-07-04 23:33:55 11      SRI_BBG000BB9Q78_2021-04-01
2021-07-04 23:33:55 11      SRPT_BBG000BCJ161_2021-04-01
2021-07-04 23:33:55 14      SSD_BBG000JLC8L8_2021-04-01
2021-07-04 23:33:55 14      SSNC_BBG000RJ2J04_2021-04-01
2021-07-04 23:33:55 16      SSTK_BBG002ZCK2V9_2021-04-01
2021-07-04 23:33:55 16      STAA_BBG000C4QB95_2021-04-01
2021-07-04 23:33:55 17      STAG_BBG000BGLFP7_2021-04-01
2021-07-04 23:33:55 18      STLD_BBG000HGYNZ9_2021-04-01
2021-07-04 23:33:55 20      STMP_BBG000CZ4KF3_2021-04-01
2021-07-04 23:33:55 21      STRA_BBG000GRZDV1_2021-04-01
2021-07-04 23:33:55 21      STT_BBG000BKFBD7_2021-04-01
2021-07-04 23:33:55 23      STX_BBG000F0KF42_2021-04-01
2021-07-04 23:33:55 23      Warning: figi `BBG000F0KF42` for history data does not match actual figi `BBG0113JGQF0`. Ticker: STX. Will be used actual!
2021-07-04 23:33:55 25      STZ_BBG000J1QLT0_2021-04-01
2021-07-04 23:33:55 26      SUPN_BBG000BP0HX7_2021-04-01
2021-07-04 23:33:55 27      SWAV_BBG005XVXML5_2021-04-01
2021-07-04 23:33:55 28      SWBI_BBG000BM0QL7_2021-04-01
2021-07-04 23:33:55 29      SWCH_BBG00HPDM5Z2_2021-04-01
2021-07-04 23:33:55 30      SWI_BBG00M1CKSK7_2021-04-01
2021-07-04 23:33:55 31      SWK_BBG000BTQR96_2021-04-01
2021-07-04 23:33:55 33      SWKS_BBG000KLB4Q1_2021-04-01
2021-07-04 23:33:55 35      SWN_BBG000BTR593_2021-04-01
2021-07-04 23:33:55 37      SWX_BBG00FWP4JW4_2021-04-01
2021-07-04 23:33:55 38      SXI_BBG000BTT5B8_2021-04-01
2021-07-04 23:33:55 38      SXT_BBG000J79P80_2021-04-01
2021-07-04 23:33:55 39      SYF_BBG00658F3P3_2021-04-01
2021-07-04 23:33:55 42      SYK_BBG000DN7P92_2021-04-01
2021-07-04 23:33:55 42      SYKE_BBG000BBHPV4_2021-04-01
2021-07-04 23:33:55 43      SYNA_BBG000BQV1S2_2021-04-01
2021-07-04 23:33:55 44      SYNH_BBG0078Y1D92_2021-04-01
2021-07-04 23:33:55 45      SYY_BBG000BTVJ25_2021-04-01
2021-07-04 23:33:55 47      T_BBG000BSJK37_2021-04-01
2021-07-04 23:33:55 50      TAK_BBG000LF8708_2021-04-01
2021-07-04 23:33:55 51      TAL_BBG0016XJ8S0_2021-04-01
2021-07-04 23:33:55 53      TAP_BBG000BS7KS3_2021-04-01
2021-07-04 23:33:55 55      TCBI_BBG000DN4ZT1_2021-04-01
2021-07-04 23:33:55 56      TCMD_BBG001B12Z39_2021-04-01
2021-07-04 23:33:55 56      TCRR_BBG00FH3FM15_2021-04-01
2021-07-04 23:33:55 58      TCS_BBG005DXJS36_2021-04-01
2021-07-04 23:33:55 58      TCX_BBG000L69KL5_2021-04-01
2021-07-04 23:33:55 58      TCX: SPYKE!. Candle: ID:7, Time: 13:30, Close: 77.74
2021-07-04 23:33:55 59      TDC_BBG000R0L5J4_2021-04-01
2021-07-04 23:33:55 60      TDG_BBG000L8CBX4_2021-04-01
2021-07-04 23:33:55 61      TDOC_BBG0019T5SG0_2021-04-01
2021-07-04 23:33:55 63      TDS_BBG000BV0VK7_2021-04-01
2021-07-04 23:33:55 63      TDY_BBG000BMT9T6_2021-04-01
2021-07-04 23:33:55 64      TECH_BBG000C15114_2021-04-01
2021-07-04 23:33:55 65      TEL_BBG000RGM5P1_2021-04-01
2021-07-04 23:33:55 66      TENB_BBG00LBLCD02_2021-04-01
2021-07-04 23:33:55 67      TER_BBG000BV4DR6_2021-04-01
2021-07-04 23:33:55 71      TFC_BBG000BYYLS8_2021-04-01
2021-07-04 23:33:55 72      TFX_BBG000BV59Y6_2021-04-01
2021-07-04 23:33:55 73      TGNA_BBG000BK5DP1_2021-04-01
2021-07-04 23:33:55 74      TGT_BBG000H8TVT2_2021-04-01
2021-07-04 23:33:55 76      THG_BBG000FJH8W0_2021-04-01
2021-07-04 23:33:55 77      THO_BBG000BV6R84_2021-04-01
2021-07-04 23:33:55 78      THRM_BBG000BQLM34_2021-04-01
2021-07-04 23:33:55 79      THS_BBG000GQGJT4_2021-04-01
2021-07-04 23:33:55 79      TJX_BBG000BV8DN6_2021-04-01
2021-07-04 23:33:55 81      TKR_BBG000BV95H9_2021-04-01
2021-07-04 23:33:55 82      TMHC_BBG003PGJHP5_2021-04-01
2021-07-04 23:33:55 84      TMO_BBG000BVDLH9_2021-04-01
2021-07-04 23:33:55 85      TMUS_BBG000NDV1D4_2021-04-01
2021-07-04 23:33:55 87      TMX_BBG002WMH2F2_2021-04-01
2021-07-04 23:33:55 88      TNC_BBG000JCZJS2_2021-04-01
2021-07-04 23:33:55 89      TNDM_BBG0019V9M65_2021-04-01
2021-07-04 23:33:55 90      TNET_BBG000BR2040_2021-04-01
2021-07-04 23:33:55 91      TOL_BBG000BVHBM1_2021-04-01
2021-07-04 23:33:55 92      TOT_BBG000CHZ857_2021-04-01
2021-07-04 23:33:55 92      Warning: figi `BBG000CHZ857` for history data does not match actual figi `IZHBULDINKDK`. Ticker: TOT. Will be used actual!
2021-07-04 23:33:55 93      TPH_BBG0016YQTR5_2021-04-01
2021-07-04 23:33:55 94      TPIC_BBG0016MQ7C5_2021-04-01
2021-07-04 23:33:55 96      TPR_BBG000BY29C7_2021-04-01
2021-07-04 23:33:55 97      TPTX_BBG00NPL9WH7_2021-04-01
2021-07-04 23:33:55 98      TPX_BBG000PXGT62_2021-04-01
2021-07-04 23:33:55 99      TREE_BBG000TVRB50_2021-04-01
2021-07-04 23:33:56 00      TREX_BBG000BTGKK9_2021-04-01
2021-07-04 23:33:56 01      TRHC_BBG00BT7PPY8_2021-04-01
2021-07-04 23:33:56 02      TRIP_BBG001M8HHB7_2021-04-01
2021-07-04 23:33:56 04      TRMB_BBG000BNPS52_2021-04-01
2021-07-04 23:33:56 07      TROW_BBG000BVMPN3_2021-04-01
2021-07-04 23:33:56 08      TRU_BBG002Q7J5Z1_2021-04-01
2021-07-04 23:33:56 09      TRUP_BBG002BC7WC5_2021-04-01
2021-07-04 23:33:56 10      TRV_BBG000BJ81C1_2021-04-01
2021-07-04 23:33:56 11      TSCO_BBG000BLXZN1_2021-04-01
2021-07-04 23:33:56 13      TSLA_BBG000N9MNX3_2021-04-01
2021-07-04 23:33:56 40      TSM_BBG000BD8ZK0_2021-04-01
2021-07-04 23:33:56 49      TSN_BBG000DKCC19_2021-04-01
2021-07-04 23:33:56 50      TSS_BBG000C1JTL6_2021-04-01
2021-07-04 23:33:56 50      TT_BBG000BM6788_2021-04-01
2021-07-04 23:33:56 52      TTC_BBG000BVQRY3_2021-04-01
2021-07-04 23:33:56 53      TTD_BBG00629NGT2_2021-04-01
2021-07-04 23:33:56 54      TTEK_BBG000BYZ0Q5_2021-04-01
2021-07-04 23:33:56 55      TTM_BBG000PVGDH9_2021-04-01
2021-07-04 23:33:56 56      TTMI_BBG000BYQ0B1_2021-04-01
2021-07-04 23:33:56 57      TTWO_BBG000BS1YV5_2021-04-01
2021-07-04 23:33:56 59      TW_BBG00NK8H8T2_2021-04-01
2021-07-04 23:33:56 60      TWLO_BBG0029ZX840_2021-04-01
2021-07-04 23:33:56 62      TWNK_BBG00B6KGNN1_2021-04-01
2021-07-04 23:33:56 63      TWOU_BBG001KS9450_2021-04-01
2021-07-04 23:33:56 64      TWTR_BBG000H6HNW3_2021-04-01
2021-07-04 23:33:56 69      TXG_BBG007WX14X0_2021-04-01
2021-07-04 23:33:56 71      TXN_BBG000BVV7G1_2021-04-01
2021-07-04 23:33:56 76      TXRH_BBG000PSJMV7_2021-04-01
2021-07-04 23:33:56 77      TXT_BBG000BVVQQ8_2021-04-01
2021-07-04 23:33:56 78      TYL_BBG000BVWZF9_2021-04-01
2021-07-04 23:33:56 79      UA_BBG009DTD8H2_2021-04-01
2021-07-04 23:33:56 80      UAA_BBG000BXM6V2_2021-04-01
2021-07-04 23:33:56 81      UAL_BBG000M65M61_2021-04-01
2021-07-04 23:33:56 85      UBER_BBG002B04MT8_2021-04-01
2021-07-04 23:33:56 88      UCTT_BBG000HSLV70_2021-04-01
2021-07-04 23:33:56 90      UDR_BBG000C41023_2021-04-01
2021-07-04 23:33:56 91      UFPI_BBG000BL0T06_2021-04-01
2021-07-04 23:33:56 92      UFS_BBG000BHFHP8_2021-04-01
2021-07-04 23:33:56 94      UGI_BBG000BVYN55_2021-04-01
2021-07-04 23:33:56 95      UHS_BBG000CB8Q50_2021-04-01
2021-07-04 23:33:56 96      UI_BBG001R72SR9_2021-04-01
2021-07-04 23:33:56 96      ULTA_BBG00FWQ4VD6_2021-04-01
2021-07-04 23:33:56 98      UMBF_BBG000DD8WX1_2021-04-01
2021-07-04 23:33:56 99      UNF_BBG000BW29L1_2021-04-01
2021-07-04 23:33:56 99      UNH_BBG000CH5208_2021-04-01
2021-07-04 23:33:57 02      UNM_BBG000BW2QX0_2021-04-01
2021-07-04 23:33:57 03      UNP_BBG000BW3299_2021-04-01
2021-07-04 23:33:57 05      UNVR_BBG000BDHD29_2021-04-01
2021-07-04 23:33:57 06      UPS_BBG000L9CV04_2021-04-01
2021-07-04 23:33:57 08      UPWK_BBG00FBJ6390_2021-04-01
2021-07-04 23:33:57 10      URBN_BBG000BL79J3_2021-04-01
2021-07-04 23:33:57 12      URI_BBG000BXMFC3_2021-04-01
2021-07-04 23:33:57 13      USB_BBG000FFDM15_2021-04-01
2021-07-04 23:33:57 16      USFD_BBG00C6H6D40_2021-04-01
2021-07-04 23:33:57 16      USM_BBG000BW6P59_2021-04-01
2021-07-04 23:33:57 17      USNA_BBG000BX28M0_2021-04-01
2021-07-04 23:33:57 18      USPH_BBG000CSRSG6_2021-04-01
2021-07-04 23:33:57 18      UTHR_BBG000BV4XJ1_2021-04-01
2021-07-04 23:33:57 19      UTHR: SPYKE!. Candle: ID:38, Time: 11:50, Close: 185.98
2021-07-04 23:33:57 20      UTL_BBG000BW7X97_2021-04-01
2021-07-04 23:33:57 20      UTX_BBG0089KM290_2021-04-01
2021-07-04 23:33:57 21      V_BBG000PSKYX7_2021-04-01
2021-07-04 23:33:57 24      VAC_BBG001J2R5H3_2021-04-01
2021-07-04 23:33:57 25      VALE_BBG000BN5LG7_2021-04-01
2021-07-04 23:33:57 27      VC_BBG0016T3GQ0_2021-04-01
2021-07-04 23:33:57 28      VCEL_BBG000BDCM24_2021-04-01
2021-07-04 23:33:57 29      VCRA_BBG00179VSY7_2021-04-01
2021-07-04 23:33:57 30      VCYT_BBG001J2M542_2021-04-01
2021-07-04 23:33:57 31      VEEV_BBG001CGB489_2021-04-01
2021-07-04 23:33:57 32      VEON_BBG000QCW561_2021-04-01
2021-07-04 23:33:57 34      VFC_BBG000BWCKB6_2021-04-01
2021-07-04 23:33:57 36      VG_BBG000BRB5D9_2021-04-01
2021-07-04 23:33:57 37      VIAC_BBG000C496P7_2021-04-01
2021-07-04 23:33:57 51      VICR_BBG000C3VHF1_2021-04-01
2021-07-04 23:33:57 52      VIE_BBG00K6P5XM1_2021-04-01
2021-07-04 23:33:57 52      VIPS_BBG002NLDLV8_2021-04-01
2021-07-04 23:33:57 63      VIR_BBG00H2QQ8T5_2021-04-01
2021-07-04 23:33:57 65      VLO_BBG000BBGGQ1_2021-04-01
2021-07-04 23:33:57 68      VMC_BBG000BWGYF8_2021-04-01
2021-07-04 23:33:57 69      VMI_BBG000BWB7V4_2021-04-01
2021-07-04 23:33:57 70      VMW_BBG000BC9938_2021-04-01
2021-07-04 23:33:57 71      VNDA_BBG000HT5MG6_2021-04-01
2021-07-04 23:33:57 72      VNE_BBG00K4MPP27_2021-04-01
2021-07-04 23:33:57 72      VNO_BBG000BWHD54_2021-04-01
2021-07-04 23:33:57 73      VNT_BBG00RRGSJR4_2021-04-01
2021-07-04 23:33:57 74      VPG_BBG000PRQ0V9_2021-04-01
2021-07-04 23:33:57 75      VREX_BBG00CZNLR47_2021-04-01
2021-07-04 23:33:57 76      VRNS_BBG001Y04TN6_2021-04-01
2021-07-04 23:33:57 77      VRNT_BBG000BCBYT2_2021-04-01
2021-07-04 23:33:57 78      VRSK_BBG000BCZL41_2021-04-01
2021-07-04 23:33:57 80      VRSN_BBG000BGKHZ3_2021-04-01
2021-07-04 23:33:57 81      VRTS_BBG000DMFQS2_2021-04-01
2021-07-04 23:33:57 82      VRTV_BBG005XZHR97_2021-04-01
2021-07-04 23:33:57 82      VRTX_BBG000C1S2X2_2021-04-01
2021-07-04 23:33:57 84      VTR_BBG000FRVHB9_2021-04-01
2021-07-04 23:33:57 86      VTRS_BBG00Y4RQNH4_2021-04-01
2021-07-04 23:33:57 88      VZ_BBG000HS77T5_2021-04-01
2021-07-04 23:33:57 91      W_BBG001B17MV2_2021-04-01
2021-07-04 23:33:57 92      WAB_BBG000BDD940_2021-04-01
2021-07-04 23:33:57 94      WAL_BBG000Q1KFH4_2021-04-01
2021-07-04 23:33:57 94      WAT_BBG000FQRVM3_2021-04-01
2021-07-04 23:33:57 95      WB_BBG0065XPGX9_2021-04-01
2021-07-04 23:33:57 97      WBA_BBG000BWLMJ4_2021-04-01
2021-07-04 23:33:58 00      WCC_BBG000D0FNV3_2021-04-01
2021-07-04 23:33:58 01      WDAY_BBG000VC0T95_2021-04-01
2021-07-04 23:33:58 03      WDC_BBG000BWNFZ9_2021-04-01
2021-07-04 23:33:58 08      WDFC_BBG000BWNV93_2021-04-01
2021-07-04 23:33:58 08      WEC_BBG000BWP7D9_2021-04-01
2021-07-04 23:33:58 10      WELL_BBG000BKY1G5_2021-04-01
2021-07-04 23:33:58 11      WERN_BBG000BWPP85_2021-04-01
2021-07-04 23:33:58 12      WEX_BBG000BVZP59_2021-04-01
2021-07-04 23:33:58 13      WFC_BBG000BWQFY7_2021-04-01
2021-07-04 23:33:58 16      WGO_BBG000BWS3F3_2021-04-01
2021-07-04 23:33:58 17      WH_BBG00HCY3Q67_2021-04-01
2021-07-04 23:33:58 18      WHD_BBG00JRH1P95_2021-04-01
2021-07-04 23:33:58 18      WHR_BBG000BWSV34_2021-04-01
2021-07-04 23:33:58 19      WING_BBG008N298Y8_2021-04-01
2021-07-04 23:33:58 21      WK_BBG007BVZ8H9_2021-04-01
2021-07-04 23:33:58 21      WLK_BBG000PXZFW2_2021-04-01
2021-07-04 23:33:58 22      WLTW_BBG000DB3KT1_2021-04-01
2021-07-04 23:33:58 24      WM_BBG000BWVSR1_2021-04-01
2021-07-04 23:33:58 25      WMB_BBG000BWVCP8_2021-04-01
2021-07-04 23:33:58 27      WMT_BBG000BWXBC2_2021-04-01
2021-07-04 23:33:58 29      WOR_BBG000HL7499_2021-04-01
2021-07-04 23:33:58 30      WORK_BBG007G7V505_2021-04-01
2021-07-04 23:33:58 31      WRB_BBG000BD1HP2_2021-04-01
2021-07-04 23:33:58 32      WRK_BBG008NXC572_2021-04-01
2021-07-04 23:33:58 34      WRLD_BBG000C3G9J2_2021-04-01
2021-07-04 23:33:58 34      WSC_BBG00B0FS947_2021-04-01
2021-07-04 23:33:58 35      WSM_BBG000FSMWC3_2021-04-01
2021-07-04 23:33:58 37      WSO_BBG000DJN7L9_2021-04-01
2021-07-04 23:33:58 37      WST_BBG000BX24N8_2021-04-01
2021-07-04 23:33:58 38      WTFC_BBG000HD3DW5_2021-04-01
2021-07-04 23:33:58 39      WTS_BBG000C4Z6C2_2021-04-01
2021-07-04 23:33:58 40      WTTR_BBG00G4Y2DC1_2021-04-01
2021-07-04 23:33:58 41      WU_BBG000BB5373_2021-04-01
2021-07-04 23:33:58 42      WWD_BBG000BD53V2_2021-04-01
2021-07-04 23:33:58 43      WWE_BBG000F5YH15_2021-04-01
2021-07-04 23:33:58 44      WWW_BBG000BX2YN2_2021-04-01
2021-07-04 23:33:58 45      WY_BBG000BX3BL3_2021-04-01
2021-07-04 23:33:58 46      WYNN_BBG000LD9JQ8_2021-04-01
2021-07-04 23:33:58 48      XEC_BBG000D6L294_2021-04-01
2021-07-04 23:33:58 49      XEC: SPYKE!. Candle: ID:2378, Time: 20:15, Close: 63.5
2021-07-04 23:33:58 50      XEL_BBG000BCTQ65_2021-04-01
2021-07-04 23:33:58 52      XLNX_BBG000C0F570_2021-04-01
2021-07-04 23:33:58 56      XLRN_BBG000R5HWZ1_2021-04-01
2021-07-04 23:33:58 57      XNCR_BBG0026ZG4W0_2021-04-01
2021-07-04 23:33:58 58      XOM_BBG000GZQ728_2021-04-01
2021-07-04 23:33:58 63      XPO_BBG000L5CJF3_2021-04-01
2021-07-04 23:33:58 64      XRAY_BBG000BX57K1_2021-04-01
2021-07-04 23:33:58 65      XRX_BBG00NNG2ZJ8_2021-04-01
2021-07-04 23:33:58 67      XYL_BBG001D8R5D0_2021-04-01
2021-07-04 23:33:58 68      Y_BBG000BX6BJ3_2021-04-01
2021-07-04 23:33:58 68      YELP_BBG000Q2HM09_2021-04-01
2021-07-04 23:33:58 69      YETI_BBG00D8JC882_2021-04-01
2021-07-04 23:33:58 70      YEXT_BBG001MKZGY7_2021-04-01
2021-07-04 23:33:58 71      YUM_BBG000BH3GZ2_2021-04-01
2021-07-04 23:33:58 72      YUMC_BBG00B8N0HG1_2021-04-01
2021-07-04 23:33:58 73      YY_BBG003H0XV18_2021-04-01
2021-07-04 23:33:58 75      Z_BBG009NRSWJ4_2021-04-01
2021-07-04 23:33:58 77      ZBH_BBG000BKPL53_2021-04-01
2021-07-04 23:33:58 79      ZBRA_BBG000CC7LQ7_2021-04-01
2021-07-04 23:33:58 80      ZEN_BBG001HRFJG4_2021-04-01
2021-07-04 23:33:58 81      ZG_BBG000D13GN8_2021-04-01
2021-07-04 23:33:58 82      ZGNX_BBG000VDC3G9_2021-04-01
2021-07-04 23:33:58 84      ZI_BBG00S1HJ3M8_2021-04-01
2021-07-04 23:33:58 85      ZION_BBG000BX9WL1_2021-04-01
2021-07-04 23:33:59 02      ZM_BBG0042V6JM8_2021-04-01
2021-07-04 23:33:59 06      ZNH_BBG000BXQ7R1_2021-04-01
2021-07-04 23:33:59 06      ZS_BBG003338H34_2021-04-01
2021-07-04 23:33:59 08      ZTS_BBG0039320N9_2021-04-01
2021-07-04 23:33:59 09      ZUMZ_BBG000PYX812_2021-04-01
2021-07-04 23:33:59 10      ZUO_BBG000BT3HG5_2021-04-01
2021-07-04 23:33:59 11      ZYNE_BBG007BBS8B7_2021-04-01
2021-07-04 23:33:59 15      ZYXI_BBG000BJBXZ2_2021-04-01
2021-07-04 23:33:59 15      Total candles read: 4637208
2021-07-04 23:33:59 16      Start DisposeAsync...
2021-07-04 23:33:59 16      Trade statistic. Total/Pos/Neg/(ratio): 0/0/0/(0.0); Profit: 0/0.0; Volume: 0; MaxVolume: 0; Commission: 0;
2021-07-04 23:33:59 16      BaseBot::DisposeAsync...
2021-07-04 23:33:59 16      BaseBot::DisposeAsync done!
2021-07-04 23:33:59 16      End DisposeAsync...
