2021-06-14 14:30:27 38      mode=TestTradeBot;DumpQuotes=false;SubscribeQuotes=false;Strategies=MorningOpenStrategy;Token=token.txt;ConfigPath=usd.json;OutputFolder=.\new\;CandlesPath=C:\tinkoff\TestData\RawQuotes\5m\uncompressed\quotes_2021-04-08;
2021-06-14 14:30:27 39      Trade bot created
2021-06-14 14:30:27 41      Fake connection created
2021-06-14 14:30:27 54      Loaded 141 liquid instruments
2021-06-14 14:30:28 23       Error! Unknown ticker: EV
2021-06-14 14:30:28 23       Error! Unknown ticker: IMMU
2021-06-14 14:30:28 23       Error! Unknown ticker: LM
2021-06-14 14:30:28 23       Error! Unknown ticker: LOGM
2021-06-14 14:30:28 23       Error! Unknown ticker: LVGO
2021-06-14 14:30:28 24       Error! Unknown ticker: MTSC
2021-06-14 14:30:28 24       Error! Unknown ticker: MYL
2021-06-14 14:30:28 24       Error! Unknown ticker: MYOK
2021-06-14 14:30:28 24       Error! Unknown ticker: NBL
2021-06-14 14:30:28 24       Error! Unknown ticker: PRSC
2021-06-14 14:30:28 24       Error! Unknown ticker: PS
2021-06-14 14:30:28 24       Error! Unknown ticker: RP
2021-06-14 14:30:28 24       Error! Unknown ticker: SINA
2021-06-14 14:30:28 24       Error! Unknown ticker: TECD
2021-06-14 14:30:28 24       Error! Unknown ticker: TIF
2021-06-14 14:30:28 24       Error! Unknown ticker: TOT
2021-06-14 14:30:28 24       Error! Unknown ticker: VAR
2021-06-14 14:30:28 24       Error! Unknown ticker: VRTU
2021-06-14 14:30:28 24       Error! Unknown ticker: WYND
2021-06-14 14:30:28 26      List of disabled tickers: 
2021-06-14 14:30:28 38      A_BBG000C2V3D6_2021-04-08
2021-06-14 14:30:28 44      AA_BBG00B3T3HD3_2021-04-08
2021-06-14 14:30:28 48      AAL_BBG005P7Q881_2021-04-08
2021-06-14 14:30:28 56      AAN_BBG00WCNDCZ6_2021-04-08
2021-06-14 14:30:28 57      AAON_BBG000C2LZP3_2021-04-08
2021-06-14 14:30:28 58      AAP_BBG000F7RCJ1_2021-04-08
2021-06-14 14:30:28 60      AAPL_BBG000B9XRY4_2021-04-08
2021-06-14 14:30:28 87      ABBV_BBG0025Y4RY4_2021-04-08
2021-06-14 14:30:28 91      ABC_BBG000MDCQC2_2021-04-08
2021-06-14 14:30:28 94      ABG_BBG000BKDWB5_2021-04-08
2021-06-14 14:30:28 96      ABMD_BBG000C101X4_2021-04-08
2021-06-14 14:30:28 98      ABNB_BBG001Y2XS07_2021-04-08
2021-06-14 14:30:29 02      ABT_BBG000B9ZXB4_2021-04-08
2021-06-14 14:30:29 05      ACAD_BBG000BHG9K0_2021-04-08
2021-06-14 14:30:29 10      ACH_BBG000CMRVH1_2021-04-08
2021-06-14 14:30:29 13      ACM_BBG000F61RJ8_2021-04-08
2021-06-14 14:30:29 14      ACMR_BBG00HPSG933_2021-04-08
2021-06-14 14:30:29 16      ACN_BBG000D9D830_2021-04-08
2021-06-14 14:30:29 18      ADBE_BBG000BB5006_2021-04-08
2021-06-14 14:30:29 23      ADM_BBG000BB6WG8_2021-04-08
2021-06-14 14:30:29 26      ADP_BBG000JG0547_2021-04-08
2021-06-14 14:30:29 29      ADPT_BBG001J2PFF5_2021-04-08
2021-06-14 14:30:29 33      ADS_BBG000BFNR17_2021-04-08
2021-06-14 14:30:29 35      ADSK_BBG000BM7HL0_2021-04-08
2021-06-14 14:30:29 40      ADUS_BBG000NJGX84_2021-04-08
2021-06-14 14:30:29 41      AEE_BBG000B9X8C0_2021-04-08
2021-06-14 14:30:29 43      AEIS_BBG000FKMP26_2021-04-08
2021-06-14 14:30:29 44      AEO_BBG000BGXZB5_2021-04-08
2021-06-14 14:30:29 46      AERI_BBG001KJ7WJ5_2021-04-08
2021-06-14 14:30:29 47      AERI: SPYKE!. Candle: ID:96, Time: 13:30, Close: 18.61
2021-06-14 14:30:29 48      AES_BBG000C23KJ3_2021-04-08
2021-06-14 14:30:29 50      AFG_BBG000DPKKK0_2021-04-08
2021-06-14 14:30:29 51      AFL_BBG000BBBNC6_2021-04-08
2021-06-14 14:30:29 53      AGCO_BBG000DCCZW2_2021-04-08
2021-06-14 14:30:29 54      AGIO_BBG000QY4ZD0_2021-04-08
2021-06-14 14:30:29 56      AIG_BBG000BBDZG3_2021-04-08
2021-06-14 14:30:29 58      AIR_BBG000BBGQF1_2021-04-08
2021-06-14 14:30:29 59      AIRC_BBG00XK3WVD0_2021-04-08
2021-06-14 14:30:29 60      AIT_BBG000BBHHP9_2021-04-08
2021-06-14 14:30:29 61      AIV_BBG000DD3510_2021-04-08
2021-06-14 14:30:29 64      AIZ_BBG000BZX1N5_2021-04-08
2021-06-14 14:30:29 65      AJG_BBG000BBHXQ3_2021-04-08
2021-06-14 14:30:29 67      AJRD_BBG000BKRHQ7_2021-04-08
2021-06-14 14:30:29 67      AKAM_BBG000BJQWD2_2021-04-08
2021-06-14 14:30:29 70      ALB_BBG000BJ26K7_2021-04-08
2021-06-14 14:30:29 71      ALGN_BBG000BRNLL2_2021-04-08
2021-06-14 14:30:29 73      ALGT_BBG000LJS6B8_2021-04-08
2021-06-14 14:30:29 74      ALK_BBG000BBL0Y1_2021-04-08
2021-06-14 14:30:29 75      ALL_BBG000BVMGF2_2021-04-08
2021-06-14 14:30:29 77      ALLE_BBG003PS7JV1_2021-04-08
2021-06-14 14:30:29 78      ALLK_BBG003QBJKN0_2021-04-08
2021-06-14 14:30:29 79      ALLO_BBG00KHRRDX3_2021-04-08
2021-06-14 14:30:29 80      ALLY_BBG000BC2R71_2021-04-08
2021-06-14 14:30:29 82      ALNY_BBG000BFGNJ5_2021-04-08
2021-06-14 14:30:29 84      ALRM_BBG007GNPYY7_2021-04-08
2021-06-14 14:30:29 86      ALSN_BBG001KY3845_2021-04-08
2021-06-14 14:30:29 87      ALTR_BBG000PN9NB9_2021-04-08
2021-06-14 14:30:29 88      ALXN_BBG000G30YX4_2021-04-08
2021-06-14 14:30:29 90      AMAT_BBG000BBPFB9_2021-04-08
2021-06-14 14:30:29 99      AMCX_BBG000H01H92_2021-04-08
2021-06-14 14:30:30 00      AMD_BBG000BBQCY0_2021-04-08
2021-06-14 14:30:30 15      AME_BBG000B9XG87_2021-04-08
2021-06-14 14:30:30 18      AMED_BBG000B9ZV28_2021-04-08
2021-06-14 14:30:30 19      AMG_BBG000C060M4_2021-04-08
2021-06-14 14:30:30 19      AMGN_BBG000BBS2Y0_2021-04-08
2021-06-14 14:30:30 22      AMN_BBG000BCT197_2021-04-08
2021-06-14 14:30:30 23      AMP_BBG000G3QLY3_2021-04-08
2021-06-14 14:30:30 24      AMT_BBG000B9XYV2_2021-04-08
2021-06-14 14:30:30 25      AMWD_BBG000BBX657_2021-04-08
2021-06-14 14:30:30 27      AMZN_BBG000BVPV84_2021-04-08
2021-06-14 14:30:30 33      AN_BBG000BBXLW4_2021-04-08
2021-06-14 14:30:30 34      ANAB_BBG0026ZDHR0_2021-04-08
2021-06-14 14:30:30 36      ANDE_BBG000BF8CN3_2021-04-08
2021-06-14 14:30:30 36      ANET_BBG000N2HDY5_2021-04-08
2021-06-14 14:30:30 37      ANF_BBG000H9G7X2_2021-04-08
2021-06-14 14:30:30 39      ANGI_BBG00HVKH3Q0_2021-04-08
2021-06-14 14:30:30 40      ANIK_BBG000BBKZD8_2021-04-08
2021-06-14 14:30:30 41      ANIP_BBG000KK1L04_2021-04-08
2021-06-14 14:30:30 42      ANSS_BBG000GXZ4W7_2021-04-08
2021-06-14 14:30:30 44      ANTM_BBG000BCG930_2021-04-08
2021-06-14 14:30:30 45      AON_BBG00SSQFPK6_2021-04-08
2021-06-14 14:30:30 46      AOS_BBG000BC1L02_2021-04-08
2021-06-14 14:30:30 48      AOUT_BBG00QV8FS02_2021-04-08
2021-06-14 14:30:30 49      APA_BBG00YTS96G2_2021-04-08
2021-06-14 14:30:30 52      APD_BBG000BC4JJ4_2021-04-08
2021-06-14 14:30:30 53      APEI_BBG000RVD346_2021-04-08
2021-06-14 14:30:30 53      APH_BBG000B9YJ35_2021-04-08
2021-06-14 14:30:30 55      APLE_BBG006473QX9_2021-04-08
2021-06-14 14:30:30 57      APLT_BBG000DD0489_2021-04-08
2021-06-14 14:30:30 58      APPF_BBG008GC8CP6_2021-04-08
2021-06-14 14:30:30 59      APPN_BBG001C7PMJ2_2021-04-08
2021-06-14 14:30:30 60      APPS_BBG000HZ3562_2021-04-08
2021-06-14 14:30:30 63      APTV_BBG001QD41M9_2021-04-08
2021-06-14 14:30:30 64      ARCC_BBG000PD6X77_2021-04-08
2021-06-14 14:30:30 66      ARCT_BBG00NNW8JK1_2021-04-08
2021-06-14 14:30:30 67      ARE_BBG000BC33T9_2021-04-08
2021-06-14 14:30:30 69      ARMK_BBG001KY4N87_2021-04-08
2021-06-14 14:30:30 70      ARNA_BBG000BKXBV7_2021-04-08
2021-06-14 14:30:30 71      ARNC_BBG00R45JYB7_2021-04-08
2021-06-14 14:30:30 72      ARQT_BBG00QN8K4M4_2021-04-08
2021-06-14 14:30:30 72      ARVN_BBG00LW7YK82_2021-04-08
2021-06-14 14:30:30 73      ARW_BBG000BCD3D5_2021-04-08
2021-06-14 14:30:30 74      ARWR_BBG000BRVKH0_2021-04-08
2021-06-14 14:30:30 75      ASGN_BBG000CRN8N8_2021-04-08
2021-06-14 14:30:30 76      ASH_BBG00D0Y81M1_2021-04-08
2021-06-14 14:30:30 77      ASIX_BBG00CWTTQ41_2021-04-08
2021-06-14 14:30:30 78      ATEX_BBG0081NLHR0_2021-04-08
2021-06-14 14:30:30 78      ATGE_BBG000DQBZJ7_2021-04-08
2021-06-14 14:30:30 79      ATKR_BBG000QTFDQ4_2021-04-08
2021-06-14 14:30:30 80      ATR_BBG000BGX2S0_2021-04-08
2021-06-14 14:30:30 81      ATRA_BBG005Q3MQY4_2021-04-08
2021-06-14 14:30:30 82      ATRC_BBG000BL6CB5_2021-04-08
2021-06-14 14:30:30 82      ATRC: SPYKE!. Candle: ID:4, Time: 13:30, Close: 65.63
2021-06-14 14:30:30 83      ATRI_BBG000DTT624_2021-04-08
2021-06-14 14:30:30 84      ATRO_BBG000BCLBY5_2021-04-08
2021-06-14 14:30:30 84      ATUS_BBG00GFMPRK0_2021-04-08
2021-06-14 14:30:30 86      ATVI_BBG000CVWGS6_2021-04-08
2021-06-14 14:30:30 89      AVAV_BBG000GX14P2_2021-04-08
2021-06-14 14:30:30 90      AVB_BBG000BLPBL5_2021-04-08
2021-06-14 14:30:30 91      AVGO_BBG00KHY5S69_2021-04-08
2021-06-14 14:30:30 95      AVLR_BBG000R4Y9C1_2021-04-08
2021-06-14 14:30:30 96      AVNS_BBG005L86G05_2021-04-08
2021-06-14 14:30:30 96      AVNT_BBG000C8NJ10_2021-04-08
2021-06-14 14:30:30 97      AVTR_BBG00G2HHYD7_2021-04-08
2021-06-14 14:30:30 99      AVY_BBG000BCQ4P6_2021-04-08
2021-06-14 14:30:31 00      AWI_BBG000DW4LB1_2021-04-08
2021-06-14 14:30:31 01      AWK_BBG000TRJ294_2021-04-08
2021-06-14 14:30:31 03      AWR_BBG000F964B6_2021-04-08
2021-06-14 14:30:31 03      AX_BBG000QPHD08_2021-04-08
2021-06-14 14:30:31 04      AXGN_BBG000BN46R9_2021-04-08
2021-06-14 14:30:31 05      AXP_BBG000BCQZS4_2021-04-08
2021-06-14 14:30:31 08      AXSM_BBG00B6G7GL7_2021-04-08
2021-06-14 14:30:31 09      AYI_BBG000BJ5HK0_2021-04-08
2021-06-14 14:30:31 10      AYX_BBG000BGZT72_2021-04-08
2021-06-14 14:30:31 13      AZO_BBG000C7LMS8_2021-04-08
2021-06-14 14:30:31 14      AZPN_BBG000DFMXT3_2021-04-08
2021-06-14 14:30:31 16      BA_BBG000BCSST7_2021-04-08
2021-06-14 14:30:31 21      BABA_BBG006G2JVL2_2021-04-08
2021-06-14 14:30:31 34      BAC_BBG000BCTLF6_2021-04-08
2021-06-14 14:30:31 39      BAH_BBG000R2YFG7_2021-04-08
2021-06-14 14:30:31 41      BAND_BBG001K003W2_2021-04-08
2021-06-14 14:30:31 42      BAX_BBG000BCVJ77_2021-04-08
2021-06-14 14:30:31 44      BBIO_BBG00P9KDZK6_2021-04-08
2021-06-14 14:30:31 45      BBSI_BBG000BHJSC4_2021-04-08
2021-06-14 14:30:31 46      BBY_BBG000BCWCG1_2021-04-08
2021-06-14 14:30:31 48      BC_BBG000BCWSS3_2021-04-08
2021-06-14 14:30:31 49      BCO_BBG000DR5QP5_2021-04-08
2021-06-14 14:30:31 50      BCPC_BBG000BCY878_2021-04-08
2021-06-14 14:30:31 51      BDC_BBG000Q4XNV1_2021-04-08
2021-06-14 14:30:31 52      BDTX_BBG00MS4Y0W9_2021-04-08
2021-06-14 14:30:31 53      BDX_BBG000BCZYD3_2021-04-08
2021-06-14 14:30:31 55      BECN_BBG000BKTXF2_2021-04-08
2021-06-14 14:30:31 56      BEN_BBG000BD0TF8_2021-04-08
2021-06-14 14:30:31 57      BERY_BBG000Q1R1Y9_2021-04-08
2021-06-14 14:30:31 59      BF.B_BBG000BD2NY8_2021-04-08
2021-06-14 14:30:31 60      BFAM_BBG003LFWP05_2021-04-08
2021-06-14 14:30:31 60      BFYT_BBG003QRSQD3_2021-04-08
2021-06-14 14:30:31 61      BGS_BBG000RKXRQ1_2021-04-08
2021-06-14 14:30:31 62      BH_BBG00JPRDQH1_2021-04-08
2021-06-14 14:30:31 63      BHF_BBG00DYPZ4T0_2021-04-08
2021-06-14 14:30:31 64      BIDU_BBG000QXWHD1_2021-04-08
2021-06-14 14:30:31 71      BIG_BBG000J0D904_2021-04-08
2021-06-14 14:30:31 72      BIIB_BBG000C17X76_2021-04-08
2021-06-14 14:30:31 74      BILI_BBG00K7T3037_2021-04-08
2021-06-14 14:30:31 80      BILL_BBG00QVJV6V4_2021-04-08
2021-06-14 14:30:31 82      BIO_BBG000DY28W5_2021-04-08
2021-06-14 14:30:31 83      BJRI_BBG000H9LNX1_2021-04-08
2021-06-14 14:30:31 84      BK_BBG000BD8PN9_2021-04-08
2021-06-14 14:30:31 86      BKI_BBG00GX77LW3_2021-04-08
2021-06-14 14:30:31 87      BKNG_BBG000BLBVN4_2021-04-08
2021-06-14 14:30:31 88      BKR_BBG00GBVBK51_2021-04-08
2021-06-14 14:30:31 91      BL_BBG0029KJVB0_2021-04-08
2021-06-14 14:30:31 92      BLD_BBG0077VS2C0_2021-04-08
2021-06-14 14:30:31 93      BLDR_BBG000BKD3K9_2021-04-08
2021-06-14 14:30:31 95      BLK_BBG000C2PW58_2021-04-08
2021-06-14 14:30:31 97      BLKB_BBG000BGGTW5_2021-04-08
2021-06-14 14:30:31 98      BLL_BBG000BDDNH5_2021-04-08
2021-06-14 14:30:31 99      BLUE_BBG000QGWY50_2021-04-08
2021-06-14 14:30:32 01      BMI_BBG000BDGHD9_2021-04-08
2021-06-14 14:30:32 02      BMRN_BBG000CZWZ05_2021-04-08
2021-06-14 14:30:32 04      BMY_BBG000DQLV23_2021-04-08
2021-06-14 14:30:32 07      BOH_BBG000C8D8G9_2021-04-08
2021-06-14 14:30:32 07      BOKF_BBG000CFZ003_2021-04-08
2021-06-14 14:30:32 08      BOOT_BBG0077SYZV6_2021-04-08
2021-06-14 14:30:32 08      BOOT: SPYKE!. Candle: ID:16, Time: 13:35, Close: 64.99
2021-06-14 14:30:32 09      BOX_BBG000PMSK08_2021-04-08
2021-06-14 14:30:32 13      BPMC_BBG001MC8YF7_2021-04-08
2021-06-14 14:30:32 14      BR_BBG000PPFKQ7_2021-04-08
2021-06-14 14:30:32 16      BRC_BBG000BDNV95_2021-04-08
2021-06-14 14:30:32 16      BRK.B_BBG000DWG505_2021-04-08
2021-06-14 14:30:32 19      BRKR_BBG000CL1FG7_2021-04-08
2021-06-14 14:30:32 20      BRO_BBG000BWSGF4_2021-04-08
2021-06-14 14:30:32 22      BSX_BBG000C0LW92_2021-04-08
2021-06-14 14:30:32 23      BTAI_BBG00K20GVD2_2021-04-08
2021-06-14 14:30:32 26      BTI_BBG000BWPXQ8_2021-04-08
2021-06-14 14:30:32 28      BUD_BBG000RYC984_2021-04-08
2021-06-14 14:30:32 29      BURL_BBG004S641N5_2021-04-08
2021-06-14 14:30:32 30      BWA_BBG000BJ49H3_2021-04-08
2021-06-14 14:30:32 32      BWXT_BBG000D86F25_2021-04-08
2021-06-14 14:30:32 32      BX_BBG000BH0106_2021-04-08
2021-06-14 14:30:32 34      BXP_BBG000BS5CM9_2021-04-08
2021-06-14 14:30:32 35      BYND_BBG003CVJP50_2021-04-08
2021-06-14 14:30:32 39      BZUN_BBG008HNS333_2021-04-08
2021-06-14 14:30:32 40      C_BBG000FY4S11_2021-04-08
2021-06-14 14:30:32 45      CABO_BBG000F02T51_2021-04-08
2021-06-14 14:30:32 46      CACC_BBG000CS0D96_2021-04-08
2021-06-14 14:30:32 48      CAG_BBG000BDXGP9_2021-04-08
2021-06-14 14:30:32 49      CAH_BBG000D898T9_2021-04-08
2021-06-14 14:30:32 51      CALM_BBG000CDMJW6_2021-04-08
2021-06-14 14:30:32 52      CARA_BBG001J2QYS9_2021-04-08
2021-06-14 14:30:32 54      CARG_BBG00HQ77DS2_2021-04-08
2021-06-14 14:30:32 55      CARR_BBG00RP5HYS8_2021-04-08
2021-06-14 14:30:32 56      CARS_BBG000HGTH33_2021-04-08
2021-06-14 14:30:32 57      CASY_BBG000BF0672_2021-04-08
2021-06-14 14:30:32 58      CAT_BBG000BF0K17_2021-04-08
2021-06-14 14:30:32 60      CB_BBG000BR14K5_2021-04-08
2021-06-14 14:30:32 61      CBRE_BBG000C04224_2021-04-08
2021-06-14 14:30:32 62      CBRL_BBG000BF33K1_2021-04-08
2021-06-14 14:30:32 64      CBSH_BBG000BF3G77_2021-04-08
2021-06-14 14:30:32 65      CBU_BBG000BF4D19_2021-04-08
2021-06-14 14:30:32 66      CCI_BBG000FV1Z23_2021-04-08
2021-06-14 14:30:32 67      CCK_BBG000BF6756_2021-04-08
2021-06-14 14:30:32 69      CCL_BBG000BF6LY3_2021-04-08
2021-06-14 14:30:32 75      CCOI_BBG000D0SMY8_2021-04-08
2021-06-14 14:30:32 76      CCXI_BBG000PTSB12_2021-04-08
2021-06-14 14:30:32 77      CDK_BBG006B6PVN9_2021-04-08
2021-06-14 14:30:32 78      CDLX_BBG00225ZDD0_2021-04-08
2021-06-14 14:30:32 79      CDNA_BBG006JS5785_2021-04-08
2021-06-14 14:30:32 81      CDNS_BBG000C13CD9_2021-04-08
2021-06-14 14:30:32 83      CDW_BBG001P63B80_2021-04-08
2021-06-14 14:30:32 85      CE_BBG000JYP7L8_2021-04-08
2021-06-14 14:30:32 86      CEA_BBG000BCFNR4_2021-04-08
2021-06-14 14:30:32 87      CENT_BBG000BFD605_2021-04-08
2021-06-14 14:30:32 88      CENTA_BBG000KTYB56_2021-04-08
2021-06-14 14:30:32 89      CERN_BBG000BFDLV8_2021-04-08
2021-06-14 14:30:32 91      CEVA_BBG000BN3P07_2021-04-08
2021-06-14 14:30:32 92      CF_BBG000BWJFZ4_2021-04-08
2021-06-14 14:30:32 93      CFG_BBG006Q0HY77_2021-04-08
2021-06-14 14:30:32 95      CFR_BBG000C2PL98_2021-04-08
2021-06-14 14:30:32 96      CFX_BBG000C5Z443_2021-04-08
2021-06-14 14:30:32 97      CGEN_BBG000B9ZLB0_2021-04-08
2021-06-14 14:30:32 98      CGNX_BBG000BPBVW5_2021-04-08
2021-06-14 14:30:33 00      CHD_BBG000BFJT36_2021-04-08
2021-06-14 14:30:33 01      CHDN_BBG000BGXMG9_2021-04-08
2021-06-14 14:30:33 02      CHE_BBG000C19QW1_2021-04-08
2021-06-14 14:30:33 03      CHEF_BBG001MFW6D6_2021-04-08
2021-06-14 14:30:33 04      CHGG_BBG0014XR0N5_2021-04-08
2021-06-14 14:30:33 06      CHH_BBG000BPBTL2_2021-04-08
2021-06-14 14:30:33 06      CHKP_BBG000K82ZT8_2021-04-08
2021-06-14 14:30:33 08      CHNG_BBG0059KNH10_2021-04-08
2021-06-14 14:30:33 09      CHRW_BBG000BTCH57_2021-04-08
2021-06-14 14:30:33 10      CHTR_BBG000VPGNR2_2021-04-08
2021-06-14 14:30:33 12      CHWY_BBG00P19DKZ6_2021-04-08
2021-06-14 14:30:33 14      CHX_BBG00JH9TZ56_2021-04-08
2021-06-14 14:30:33 15      CI_BBG00KXRCDP0_2021-04-08
2021-06-14 14:30:33 17      CIEN_BBG000BP1152_2021-04-08
2021-06-14 14:30:33 19      CINF_BBG000BFPK65_2021-04-08
2021-06-14 14:30:33 21      CL_BBG000BFQYY3_2021-04-08
2021-06-14 14:30:33 22      CLDR_BBG000DRJFC8_2021-04-08
2021-06-14 14:30:33 24      CLDT_BBG000PT6BR8_2021-04-08
2021-06-14 14:30:33 25      CLF_BBG000BFRF55_2021-04-08
2021-06-14 14:30:33 28      CLGX_BBG000C2H3F0_2021-04-08
2021-06-14 14:30:33 28      CLH_BBG000BFRRX8_2021-04-08
2021-06-14 14:30:33 29      CLR_BBG000BHBGN6_2021-04-08
2021-06-14 14:30:33 32      CLX_BBG000BFS7D3_2021-04-08
2021-06-14 14:30:33 34      CMA_BBG000C75N77_2021-04-08
2021-06-14 14:30:33 35      CMC_BBG000BFSND8_2021-04-08
2021-06-14 14:30:33 36      CMCO_BBG000BCWWV0_2021-04-08
2021-06-14 14:30:33 37      CMCSA_BBG000BFT2L4_2021-04-08
2021-06-14 14:30:33 40      CME_BBG000BHLYP4_2021-04-08
2021-06-14 14:30:33 42      CMG_BBG000QX74T1_2021-04-08
2021-06-14 14:30:33 43      CMI_BBG000BGPTV6_2021-04-08
2021-06-14 14:30:33 44      CMP_BBG000C42WS4_2021-04-08
2021-06-14 14:30:33 45      CMS_BBG000BFVXX0_2021-04-08
2021-06-14 14:30:33 47      CNC_BBG000BDXCJ5_2021-04-08
2021-06-14 14:30:33 48      CNK_BBG000QDVR53_2021-04-08
2021-06-14 14:30:33 50      CNP_BBG000FDBX90_2021-04-08
2021-06-14 14:30:33 52      CNS_BBG000BB0WG4_2021-04-08
2021-06-14 14:30:33 52      CNST_BBG000R1H6P8_2021-04-08
2021-06-14 14:30:33 53      CNXC_BBG00RCNQMX3_2021-04-08
2021-06-14 14:30:33 54      CNXN_BBG000BX74M4_2021-04-08
2021-06-14 14:30:33 55      COF_BBG000BGKTF9_2021-04-08
2021-06-14 14:30:33 57      COG_BBG000C3GN47_2021-04-08
2021-06-14 14:30:33 59      COHR_BBG000BG1DH3_2021-04-08
2021-06-14 14:30:33 60      COKE_BBG000BG1SX2_2021-04-08
2021-06-14 14:30:33 61      COLM_BBG000BKKQ84_2021-04-08
2021-06-14 14:30:33 62      CONE_BBG0038V5TX1_2021-04-08
2021-06-14 14:30:33 63      COO_BBG000BG3445_2021-04-08
2021-06-14 14:30:33 64      COP_BBG000BQQH30_2021-04-08
2021-06-14 14:30:33 68      CORR_BBG000CN80Y9_2021-04-08
2021-06-14 14:30:33 71      CORT_BBG000BKJG33_2021-04-08
2021-06-14 14:30:33 72      COST_BBG000F6H8W8_2021-04-08
2021-06-14 14:30:33 75      COTY_BBG000F395V1_2021-04-08
2021-06-14 14:30:33 77      COUP_BBG001J4BCN4_2021-04-08
2021-06-14 14:30:33 78      CPB_BBG000BG4202_2021-04-08
2021-06-14 14:30:33 79      CPRI_BBG0029SNR63_2021-04-08
2021-06-14 14:30:33 82      CPRT_BBG000BM9RH1_2021-04-08
2021-06-14 14:30:33 83      CPS_BBG000PSXT64_2021-04-08
2021-06-14 14:30:33 84      CR_BBG000BG7423_2021-04-08
2021-06-14 14:30:33 85      CREE_BBG000BG14P4_2021-04-08
2021-06-14 14:30:33 87      CRI_BBG000CTM4J9_2021-04-08
2021-06-14 14:30:33 88      CRL_BBG000BG5BL8_2021-04-08
2021-06-14 14:30:33 89      CRM_BBG000BN2DC2_2021-04-08
2021-06-14 14:30:33 93      CRMT_BBG000CM6L31_2021-04-08
2021-06-14 14:30:33 93      CROX_BBG000BLY663_2021-04-08
2021-06-14 14:30:33 95      CRS_BBG000BGCQT9_2021-04-08
2021-06-14 14:30:33 96      CRTX_BBG00BTK1DT8_2021-04-08
2021-06-14 14:30:33 97      CRUS_BBG000C1DHF5_2021-04-08
2021-06-14 14:30:33 99      CRVL_BBG000CVKZY0_2021-04-08
2021-06-14 14:30:33 99      CRWD_BBG00BLYKS03_2021-04-08
2021-06-14 14:30:34 03      CSCO_BBG000C3J3C9_2021-04-08
2021-06-14 14:30:34 07      CSGP_BBG000D7JKW9_2021-04-08
2021-06-14 14:30:34 08      CSGS_BBG000G3TQV2_2021-04-08
2021-06-14 14:30:34 09      CSII_BBG000NWQ9S5_2021-04-08
2021-06-14 14:30:34 10      CSL_BBG000BGGBT8_2021-04-08
2021-06-14 14:30:34 11      CSOD_BBG0016X4XN6_2021-04-08
2021-06-14 14:30:34 12      CSWI_BBG007NLG4L3_2021-04-08
2021-06-14 14:30:34 12      CSX_BBG000BGJRC8_2021-04-08
2021-06-14 14:30:34 15      CTAS_BBG000H3YXF8_2021-04-08
2021-06-14 14:30:34 16      CTB_BBG000BGKXV2_2021-04-08
2021-06-14 14:30:34 17      CTLT_BBG005XR47P5_2021-04-08
2021-06-14 14:30:34 19      CTSH_BBG000BBDV81_2021-04-08
2021-06-14 14:30:34 21      CTVA_BBG00BN969C1_2021-04-08
2021-06-14 14:30:34 23      CTXS_BBG000FQ6PY6_2021-04-08
2021-06-14 14:30:34 25      CVCO_BBG000K4WS65_2021-04-08
2021-06-14 14:30:34 26      CVET_BBG00KR691K8_2021-04-08
2021-06-14 14:30:34 27      CVGW_BBG000BGPQW1_2021-04-08
2021-06-14 14:30:34 28      CVLT_BBG000BG88X9_2021-04-08
2021-06-14 14:30:34 29      CVNA_BBG00GCTWDJ3_2021-04-08
2021-06-14 14:30:34 30      CVS_BBG000BGRY34_2021-04-08
2021-06-14 14:30:34 32      CVX_BBG000K4ND22_2021-04-08
2021-06-14 14:30:34 36      CW_BBG000BGSPS5_2021-04-08
2021-06-14 14:30:34 37      CWST_BBG000BT0J38_2021-04-08
2021-06-14 14:30:34 38      CWT_BBG000D8KTN6_2021-04-08
2021-06-14 14:30:34 39      CY_BBG000BXNJ07_2021-04-08
2021-06-14 14:30:34 40      D_BBG000BGVW60_2021-04-08
2021-06-14 14:30:34 42      DAL_BBG000R7Z112_2021-04-08
2021-06-14 14:30:34 51      DAR_BBG000BN8ZK8_2021-04-08
2021-06-14 14:30:34 53      DBX_BBG0018SLDN0_2021-04-08
2021-06-14 14:30:34 56      DCI_BBG000BGZP70_2021-04-08
2021-06-14 14:30:34 57      DCPH_BBG00HMJ9H54_2021-04-08
2021-06-14 14:30:34 58      DD_BBG00BN961G4_2021-04-08
2021-06-14 14:30:34 60      DDOG_BBG003NJHZT9_2021-04-08
2021-06-14 14:30:34 62      DDS_BBG000BS4MP5_2021-04-08
2021-06-14 14:30:34 63      DE_BBG000BH1NH9_2021-04-08
2021-06-14 14:30:34 65      DECK_BBG000BKXYX5_2021-04-08
2021-06-14 14:30:34 66      DELL_BBG00DW3SZS1_2021-04-08
2021-06-14 14:30:34 68      DFS_BBG000QBR5J5_2021-04-08
2021-06-14 14:30:34 69      DG_BBG000NV1KK7_2021-04-08
2021-06-14 14:30:34 71      DGX_BBG000BN84F3_2021-04-08
2021-06-14 14:30:34 72      DHI_BBG000DQTXY6_2021-04-08
2021-06-14 14:30:34 74      DHR_BBG000BH3JF8_2021-04-08
2021-06-14 14:30:34 75      DIOD_BBG000G25P51_2021-04-08
2021-06-14 14:30:34 76      DIS_BBG000BH4R78_2021-04-08
2021-06-14 14:30:34 81      DISCA_BBG000CHWP52_2021-04-08
2021-06-14 14:30:34 88      DISCB_BBG000F7L5N7_2021-04-08
2021-06-14 14:30:34 88      DISCK_BBG000VMWHH5_2021-04-08
2021-06-14 14:30:34 92      DK_BBG00FZYFVC5_2021-04-08
2021-06-14 14:30:34 93      DKNG_BBG00TCBG714_2021-04-08
2021-06-14 14:30:34 98      DKS_BBG000F6ZWH2_2021-04-08
2021-06-14 14:30:35 00      DLB_BBG000DGLTG5_2021-04-08
2021-06-14 14:30:35 00      DLR_BBG000Q5ZRM7_2021-04-08
2021-06-14 14:30:35 02      DLTH_BBG002GBMZG4_2021-04-08
2021-06-14 14:30:35 03      DLTR_BBG000BSC0K9_2021-04-08
2021-06-14 14:30:35 05      DLX_BBG000BH6360_2021-04-08
2021-06-14 14:30:35 06      DNLI_BBG008P7F869_2021-04-08
2021-06-14 14:30:35 08      DNOW_BBG005BLN209_2021-04-08
2021-06-14 14:30:35 08      DOCU_BBG000N7KJX8_2021-04-08
2021-06-14 14:30:35 12      DORM_BBG000BM22F5_2021-04-08
2021-06-14 14:30:35 13      DOV_BBG000BHB3M6_2021-04-08
2021-06-14 14:30:35 14      DOW_BBG00BN96922_2021-04-08
2021-06-14 14:30:35 16      DPZ_BBG000P458P3_2021-04-08
2021-06-14 14:30:35 17      DRE_BBG000BHD8S7_2021-04-08
2021-06-14 14:30:35 18      DRI_BBG000BBNYF6_2021-04-08
2021-06-14 14:30:35 19      DRNA_BBG001J1DB23_2021-04-08
2021-06-14 14:30:35 20      DRNA: SPYKE!. Candle: ID:31, Time: 11:45, Close: 27.39
2021-06-14 14:30:35 20      DRQ_BBG000BVDBY2_2021-04-08
2021-06-14 14:30:35 22      DT_BBG00PNN7C40_2021-04-08
2021-06-14 14:30:35 23      DVA_BBG000MQ1SN9_2021-04-08
2021-06-14 14:30:35 25      DVN_BBG000BBVJZ8_2021-04-08
2021-06-14 14:30:35 27      DXC_BBG00FN64XT9_2021-04-08
2021-06-14 14:30:35 28      DXCM_BBG000QTF8K1_2021-04-08
2021-06-14 14:30:35 30      DY_BBG000C4SKT1_2021-04-08
2021-06-14 14:30:35 30      EA_BBG000BP0KQ8_2021-04-08
2021-06-14 14:30:35 32      EAT_BBG000BK28N7_2021-04-08
2021-06-14 14:30:35 34      EBAY_BBG000C43RR5_2021-04-08
2021-06-14 14:30:35 37      EBS_BBG000GW06J7_2021-04-08
2021-06-14 14:30:35 39      ECHO_BBG000RFP8W6_2021-04-08
2021-06-14 14:30:35 39      ECL_BBG000BHKYH4_2021-04-08
2021-06-14 14:30:35 41      ECPG_BBG000F369C7_2021-04-08
2021-06-14 14:30:35 42      ED_BBG000BHLYS1_2021-04-08
2021-06-14 14:30:35 44      EDIT_BBG005MX5GZ2_2021-04-08
2021-06-14 14:30:35 45      EEFT_BBG000BMNBY1_2021-04-08
2021-06-14 14:30:35 46      EFX_BBG000BHPL78_2021-04-08
2021-06-14 14:30:35 48      EGHT_BBG000BCGHH7_2021-04-08
2021-06-14 14:30:35 49      EGRX_BBG005Y3XWH9_2021-04-08
2021-06-14 14:30:35 49      EHTH_BBG000P5JQX6_2021-04-08
2021-06-14 14:30:35 51      EIX_BBG000D7RKJ5_2021-04-08
2021-06-14 14:30:35 51      EL_BBG000FKJRC5_2021-04-08
2021-06-14 14:30:35 53      ELAN_BBG00LJYS1P8_2021-04-08
2021-06-14 14:30:35 55      ELS_BBG000BB7SX7_2021-04-08
2021-06-14 14:30:35 55      EME_BBG000BBRPL4_2021-04-08
2021-06-14 14:30:35 56      EMN_BBG000BLW530_2021-04-08
2021-06-14 14:30:35 58      EMR_BBG000BHX7N2_2021-04-08
2021-06-14 14:30:35 59      ENDP_BBG000C0HQ54_2021-04-08
2021-06-14 14:30:35 61      ENPH_BBG001R3MNY9_2021-04-08
2021-06-14 14:30:35 64      ENR_BBG006FCB019_2021-04-08
2021-06-14 14:30:35 65      ENS_BBG000PWTD92_2021-04-08
2021-06-14 14:30:35 66      ENTA_BBG001V9NSB4_2021-04-08
2021-06-14 14:30:35 66      ENTG_BBG000CTV4N4_2021-04-08
2021-06-14 14:30:35 68      ENV_BBG000Q4NZ54_2021-04-08
2021-06-14 14:30:35 69      EOG_BBG000BZ9223_2021-04-08
2021-06-14 14:30:35 71      EPAM_BBG000MHTV89_2021-04-08
2021-06-14 14:30:35 73      EPAY_BBG000BRNH31_2021-04-08
2021-06-14 14:30:35 73      EPC_BBG000BRW644_2021-04-08
2021-06-14 14:30:35 75      EQIX_BBG000MBDGM6_2021-04-08
2021-06-14 14:30:35 76      EQT_BBG000BHZ5J9_2021-04-08
2021-06-14 14:30:35 79      ERIE_BBG000BBTJZ1_2021-04-08
2021-06-14 14:30:35 79      ES_BBG000BQ87N0_2021-04-08
2021-06-14 14:30:35 81      ESPR_BBG004KB3S72_2021-04-08
2021-06-14 14:30:35 82      ESS_BBG000CGJMB9_2021-04-08
2021-06-14 14:30:35 83      ET_BBG000BM2FL9_2021-04-08
2021-06-14 14:30:35 85      ETN_BBG000BJ3PD2_2021-04-08
2021-06-14 14:30:35 87      ETR_BBG000C1FQS9_2021-04-08
2021-06-14 14:30:35 88      ETRN_BBG00K53L394_2021-04-08
2021-06-14 14:30:35 89      ETSY_BBG000N7MXL8_2021-04-08
2021-06-14 14:30:35 92      EVBG_BBG0022FMPD5_2021-04-08
2021-06-14 14:30:35 94      EVER_BBG00F17NDH7_2021-04-08
2021-06-14 14:30:35 95      EVH_BBG005CHLM96_2021-04-08
2021-06-14 14:30:35 96      EVR_BBG000BP30Y0_2021-04-08
2021-06-14 14:30:35 97      EVRG_BBG00H433CR2_2021-04-08
2021-06-14 14:30:35 98      EW_BBG000BRXP69_2021-04-08
2021-06-14 14:30:35 99      EWBC_BBG000CR20B1_2021-04-08
2021-06-14 14:30:36 01      EXAS_BBG000CWL0F5_2021-04-08
2021-06-14 14:30:36 02      EXC_BBG000J6XT05_2021-04-08
2021-06-14 14:30:36 06      EXEL_BBG000BQ4WF8_2021-04-08
2021-06-14 14:30:36 07      EXLS_BBG000NS3P30_2021-04-08
2021-06-14 14:30:36 08      EXP_BBG000BJW241_2021-04-08
2021-06-14 14:30:36 09      EXPD_BBG000BJ5GK2_2021-04-08
2021-06-14 14:30:36 11      EXPE_BBG000QY3XZ2_2021-04-08
2021-06-14 14:30:36 14      EXR_BBG000PV27K3_2021-04-08
2021-06-14 14:30:36 16      EYE_BBG00HVQF9K2_2021-04-08
2021-06-14 14:30:36 17      F_BBG000BQPC32_2021-04-08
2021-06-14 14:30:36 22      FANG_BBG002PHSYX9_2021-04-08
2021-06-14 14:30:36 24      FARO_BBG000BJD7C2_2021-04-08
2021-06-14 14:30:36 25      FAST_BBG000BJ8YN7_2021-04-08
2021-06-14 14:30:36 28      FATE_BBG000QP35H2_2021-04-08
2021-06-14 14:30:36 30      FB_BBG000MM2P62_2021-04-08
2021-06-14 14:30:36 44      FBHS_BBG001B4BV87_2021-04-08
2021-06-14 14:30:36 45      FCFS_BBG000DNF659_2021-04-08
2021-06-14 14:30:36 46      FCN_BBG000K88H58_2021-04-08
2021-06-14 14:30:36 47      FCX_BBG000BJDB15_2021-04-08
2021-06-14 14:30:36 52      FDS_BBG000BDJL83_2021-04-08
2021-06-14 14:30:36 53      FDX_BBG000BJF1Z8_2021-04-08
2021-06-14 14:30:36 55      FELE_BBG000BJGGV8_2021-04-08
2021-06-14 14:30:36 56      FFIV_BBG000CXYSZ6_2021-04-08
2021-06-14 14:30:36 57      FGEN_BBG000FW5ZL6_2021-04-08
2021-06-14 14:30:36 62      FGEN: BuyPending. Strategy: MorningOpenStrategy. Price: 19.76. Lots: 12. ChangeOpenToCurrent: -1.98. ChangePrevCloseToCurrent: -2.03. Candle: ID:261, Time: 7:00, Close: 19.76.
2021-06-14 14:30:36 63      FGEN: OrderID: c7a92695. PlacedOrder. Status: New. RejectReason: 
2021-06-14 14:30:36 63      FGEN: OrderID: c7a92695 fully executed
2021-06-14 14:30:36 63      FGEN: Morning closing. Close price: 20.05. Lots: 12. CandleChange: -0.15%. ChangeFromCandleHigh: -0.15%. Profit: 0.29(1.47%). Candle: ID:812, Time: 7:15, Close: 20.05
2021-06-14 14:30:36 63      FGEN: OrderID: a8fe5437. PlacedOrder. Status: New. RejectReason: 
2021-06-14 14:30:36 63      FGEN: OrderID: a8fe5437 partially executed. Executed lots: 4. OrderStatus: 4/12 lots
2021-06-14 14:30:36 63      FGEN: OrderID: a8fe5437 partially executed. Executed lots: 4. OrderStatus: 8/12 lots
2021-06-14 14:30:36 63      FGEN: OrderID: a8fe5437 fully executed
2021-06-14 14:30:36 67      FICO_BBG000DW76Y6_2021-04-08
2021-06-14 14:30:36 79      FIS_BBG000BK2F42_2021-04-08
2021-06-14 14:30:36 81      FISV_BBG000BJKPG0_2021-04-08
2021-06-14 14:30:36 85      FITB_BBG000BJL3N0_2021-04-08
2021-06-14 14:30:36 87      FIVN_BBG001KHJM17_2021-04-08
2021-06-14 14:30:36 89      FIZZ_BBG000BF8CB6_2021-04-08
2021-06-14 14:30:36 90      FL_BBG000BX8DC4_2021-04-08
2021-06-14 14:30:36 91      FLIR_BBG000BHK836_2021-04-08
2021-06-14 14:30:36 92      FLOW_BBG007FL7ZD2_2021-04-08
2021-06-14 14:30:36 93      FLR_BBG000BB1TH9_2021-04-08
2021-06-14 14:30:36 94      FLS_BBG000FFH4P5_2021-04-08
2021-06-14 14:30:36 95      FLT_BBG000GPXKX9_2021-04-08
2021-06-14 14:30:36 96      FLWS_BBG000BBR9P6_2021-04-08
2021-06-14 14:30:36 97      FMC_BBG000BJP882_2021-04-08
2021-06-14 14:30:36 98      FND_BBG007GJ2F81_2021-04-08
2021-06-14 14:30:36 99      FNKO_BBG00HXSHDQ9_2021-04-08
2021-06-14 14:30:37 03      FOCS_BBG00L0YTFN8_2021-04-08
2021-06-14 14:30:37 04      FOE_BBG000BJQK11_2021-04-08
2021-06-14 14:30:37 04      FOLD_BBG000PLF6N0_2021-04-08
2021-06-14 14:30:37 06      FORM_BBG000D1Y3P1_2021-04-08
2021-06-14 14:30:37 07      FORR_BBG000HGNYG8_2021-04-08
2021-06-14 14:30:37 07      FOX_BBG00JHNKJY8_2021-04-08
2021-06-14 14:30:37 09      FOXA_BBG00JHNJW99_2021-04-08
2021-06-14 14:30:37 11      FOXF_BBG004T7VS53_2021-04-08
2021-06-14 14:30:37 12      FRHC_BBG000N625H8_2021-04-08
2021-06-14 14:30:37 13      FRPH_BBG000HCVWW4_2021-04-08
2021-06-14 14:30:37 14      FRPT_BBG001D0HB36_2021-04-08
2021-06-14 14:30:37 15      FSLR_BBG000BFL116_2021-04-08
2021-06-14 14:30:37 18      FSLY_BBG004NLQHL0_2021-04-08
2021-06-14 14:30:37 20      FTCH_BBG00LSD4456_2021-04-08
2021-06-14 14:30:37 22      FTI_BBG00DL8NMV2_2021-04-08
2021-06-14 14:30:37 23      FTNT_BBG000BCMBG4_2021-04-08
2021-06-14 14:30:37 25      FTV_BBG00BLVZ228_2021-04-08
2021-06-14 14:30:37 26      FUL_BBG000BJZ7V7_2021-04-08
2021-06-14 14:30:37 27      GATX_BBG000BKGXQ4_2021-04-08
2021-06-14 14:30:37 27      GBCI_BBG000C3KB84_2021-04-08
2021-06-14 14:30:37 28      GBT_BBG00341H6M0_2021-04-08
2021-06-14 14:30:37 30      GBX_BBG000CF5097_2021-04-08
2021-06-14 14:30:37 30      GCO_BBG000BK5S78_2021-04-08
2021-06-14 14:30:37 31      GCP_BBG0082W8Q12_2021-04-08
2021-06-14 14:30:37 32      GD_BBG000BK67C7_2021-04-08
2021-06-14 14:30:37 33      GDDY_BBG006MDLY05_2021-04-08
2021-06-14 14:30:37 35      GDOT_BBG000QDJT53_2021-04-08
2021-06-14 14:30:37 36      GE_BBG000BK6MB5_2021-04-08
2021-06-14 14:30:37 39      GEF_BBG000BLFNC0_2021-04-08
2021-06-14 14:30:37 40      GGG_BBG000BK9W84_2021-04-08
2021-06-14 14:30:37 41      GH_BBG006D97VY9_2021-04-08
2021-06-14 14:30:37 42      GHC_BBG000C3FGH9_2021-04-08
2021-06-14 14:30:37 43      GILD_BBG000CKGBP2_2021-04-08
2021-06-14 14:30:37 47      GIS_BBG000BKCFC2_2021-04-08
2021-06-14 14:30:37 49      GKOS_BBG000WG2LQ1_2021-04-08
2021-06-14 14:30:37 50      GL_BBG000BVD6X4_2021-04-08
2021-06-14 14:30:37 51      GLW_BBG000BKFZM4_2021-04-08
2021-06-14 14:30:37 52      GM_BBG000NDYB67_2021-04-08
2021-06-14 14:30:37 58      GMED_BBG002V87SD0_2021-04-08
2021-06-14 14:30:37 58      GMS_BBG009Q036D0_2021-04-08
2021-06-14 14:30:37 59      GNL_BBG004HXD0G8_2021-04-08
2021-06-14 14:30:37 60      GNRC_BBG000PQ4W72_2021-04-08
2021-06-14 14:30:37 61      GO_BBG00P4R3079_2021-04-08
2021-06-14 14:30:37 62      GOOG_BBG009S3NB30_2021-04-08
2021-06-14 14:30:37 66      GOOGL_BBG009S39JX6_2021-04-08
2021-06-14 14:30:37 70      GOSS_BBG00MVWLLM2_2021-04-08
2021-06-14 14:30:37 72      GPC_BBG000BKL348_2021-04-08
2021-06-14 14:30:37 73      GPI_BBG000BB88K4_2021-04-08
2021-06-14 14:30:37 73      GPN_BBG000CX0P89_2021-04-08
2021-06-14 14:30:37 75      GPS_BBG000BKLH74_2021-04-08
2021-06-14 14:30:37 77      GRA_BBG000BB8PG1_2021-04-08
2021-06-14 14:30:37 77      GRMN_BBG000C4LN67_2021-04-08
2021-06-14 14:30:37 80      GRUB_BBG001KWG293_2021-04-08
2021-06-14 14:30:37 81      GS_BBG000C6CFJ5_2021-04-08
2021-06-14 14:30:37 83      GSH_BBG000GLG0G0_2021-04-08
2021-06-14 14:30:37 84      GSKY_BBG00KT2SCV8_2021-04-08
2021-06-14 14:30:37 85      GT_BBG000BKNX95_2021-04-08
2021-06-14 14:30:37 87      GTHX_BBG005F1DK91_2021-04-08
2021-06-14 14:30:37 89      GTLS_BBG000P1K2X6_2021-04-08
2021-06-14 14:30:37 90      GTN_BBG000DSQLQ0_2021-04-08
2021-06-14 14:30:37 91      GVA_BBG000DVB833_2021-04-08
2021-06-14 14:30:37 92      GWRE_BBG001C7PM75_2021-04-08
2021-06-14 14:30:37 93      GWW_BBG000BKR1D6_2021-04-08
2021-06-14 14:30:37 94      H_BBG000CVRFS4_2021-04-08
2021-06-14 14:30:37 95      HA_BBG000BC4185_2021-04-08
2021-06-14 14:30:37 96      HAE_BBG000C7TF41_2021-04-08
2021-06-14 14:30:37 98      HAIN_BBG000BQW085_2021-04-08
2021-06-14 14:30:37 99      HAL_BBG000BKTFN2_2021-04-08
2021-06-14 14:30:38 01      HALO_BBG000CZ8W54_2021-04-08
2021-06-14 14:30:38 02      HAS_BBG000BKVJK4_2021-04-08
2021-06-14 14:30:38 04      HBAN_BBG000BKWSR6_2021-04-08
2021-06-14 14:30:38 07      HBI_BBG000D2ZTS8_2021-04-08
2021-06-14 14:30:38 08      HCA_BBG000QW7VC1_2021-04-08
2021-06-14 14:30:38 10      HCCI_BBG000CCFB17_2021-04-08
2021-06-14 14:30:38 10      HCSG_BBG000BKYVF0_2021-04-08
2021-06-14 14:30:38 11      HD_BBG000BKZB36_2021-04-08
2021-06-14 14:30:38 13      HEAR_BBG000BM6N47_2021-04-08
2021-06-14 14:30:38 14      HEI_BBG000BL16Q7_2021-04-08
2021-06-14 14:30:38 15      HES_BBG000BBD070_2021-04-08
2021-06-14 14:30:38 17      HFC_BBG000BL9JQ1_2021-04-08
2021-06-14 14:30:38 18      HGV_BBG00CBYY6M1_2021-04-08
2021-06-14 14:30:38 19      HHC_BBG000MJRJJ2_2021-04-08
2021-06-14 14:30:38 21      HHR_BBG00KHGQ0H4_2021-04-08
2021-06-14 14:30:38 22      HIBB_BBG000H001V3_2021-04-08
2021-06-14 14:30:38 23      HIG_BBG000G0Z878_2021-04-08
2021-06-14 14:30:38 24      HII_BBG001KJ2HM9_2021-04-08
2021-06-14 14:30:38 26      HIIQ_TCS003QRSQD3_2021-04-08
2021-06-14 14:30:38 26      HLT_BBG0058KMH30_2021-04-08
2021-06-14 14:30:38 27      HNP_BBG000BX5YM0_2021-04-08
2021-06-14 14:30:38 28      HOG_BBG000BKZTP3_2021-04-08
2021-06-14 14:30:38 29      HOLX_BBG000C3NTN5_2021-04-08
2021-06-14 14:30:38 31      HON_BBG000H556T9_2021-04-08
2021-06-14 14:30:38 33      HP_BBG000BLCPY4_2021-04-08
2021-06-14 14:30:38 34      HPE_BBG0078W3NQ3_2021-04-08
2021-06-14 14:30:38 36      HPQ_BBG000KHWT55_2021-04-08
2021-06-14 14:30:38 38      HQY_BBG000TYXCT9_2021-04-08
2021-06-14 14:30:38 38      HRB_BBG000BLDV98_2021-04-08
2021-06-14 14:30:38 39      HRC_BBG000BKWCS0_2021-04-08
2021-06-14 14:30:38 40      HRL_BBG000BLF8D2_2021-04-08
2021-06-14 14:30:38 42      HRTX_BBG000G2GJT7_2021-04-08
2021-06-14 14:30:38 44      HSC_BBG000BLH3P8_2021-04-08
2021-06-14 14:30:38 44      HSIC_BBG000BNMMJ3_2021-04-08
2021-06-14 14:30:38 46      HSKA_BBG000BWFH48_2021-04-08
2021-06-14 14:30:38 46      HST_BBG000BL8804_2021-04-08
2021-06-14 14:30:38 48      HSY_BBG000BLHRS2_2021-04-08
2021-06-14 14:30:38 49      HTA_BBG000PRJCX9_2021-04-08
2021-06-14 14:30:38 50      HTHT_BBG000QFPM65_2021-04-08
2021-06-14 14:30:38 52      HUBB_BBG000BLK267_2021-04-08
2021-06-14 14:30:38 53      HUBG_BBG000G9W6L0_2021-04-08
2021-06-14 14:30:38 54      HUBS_BBG000N7MZ06_2021-04-08
2021-06-14 14:30:38 55      HUM_BBG000BLKK03_2021-04-08
2021-06-14 14:30:38 56      HURN_BBG000PV2M48_2021-04-08
2021-06-14 14:30:38 57      HWM_BBG00DYNJGH9_2021-04-08
2021-06-14 14:30:38 58      HXL_BBG000BLMDQ9_2021-04-08
2021-06-14 14:30:38 59      IAC_BBG000BKQG80_2021-04-08
2021-06-14 14:30:38 60      IART_BBG000BZJQL8_2021-04-08
2021-06-14 14:30:38 61      IBKR_BBG000LV0836_2021-04-08
2021-06-14 14:30:38 63      IBM_BBG000BLNNH6_2021-04-08
2021-06-14 14:30:38 65      IBN_BBG000DRM643_2021-04-08
2021-06-14 14:30:38 66      IBP_BBG005TJKDZ6_2021-04-08
2021-06-14 14:30:38 67      ICE_BBG000C1FB75_2021-04-08
2021-06-14 14:30:38 68      ICPT_BBG001J1QN87_2021-04-08
2021-06-14 14:30:38 70      ICUI_BBG000CQV2N4_2021-04-08
2021-06-14 14:30:38 70      IDCC_BBG000HLJ7M4_2021-04-08
2021-06-14 14:30:38 71      IDXX_BBG000BLRT07_2021-04-08
2021-06-14 14:30:38 73      IEX_BBG000C1HN22_2021-04-08
2021-06-14 14:30:38 73      IFF_BBG000BLSL58_2021-04-08
2021-06-14 14:30:38 75      IGMS_BBG00PNR1BT2_2021-04-08
2021-06-14 14:30:38 75      IIPR_BBG00F0SW7N8_2021-04-08
2021-06-14 14:30:38 76      IIVI_BBG000BLW102_2021-04-08
2021-06-14 14:30:38 77      ILMN_BBG000DSMS70_2021-04-08
2021-06-14 14:30:38 79      INCY_BBG000BNPSQ9_2021-04-08
2021-06-14 14:30:38 81      INDB_BBG000BM0597_2021-04-08
2021-06-14 14:30:38 81      INFO_BBG006G063F9_2021-04-08
2021-06-14 14:30:38 82      INGN_BBG0021PH456_2021-04-08
2021-06-14 14:30:38 83      INGR_BBG000BXPZB7_2021-04-08
2021-06-14 14:30:38 84      INMD_BBG00PPS73P4_2021-04-08
2021-06-14 14:30:38 85      INSP_BBG00209SZJ7_2021-04-08
2021-06-14 14:30:38 86      INTC_BBG000C0G1D1_2021-04-08
2021-06-14 14:30:38 92      INTU_BBG000BH5DV1_2021-04-08
2021-06-14 14:30:38 94      INVH_BBG00FQH6BS9_2021-04-08
2021-06-14 14:30:38 95      IONS_BBG000JH6683_2021-04-08
2021-06-14 14:30:38 97      IOSP_BBG000BMFNP4_2021-04-08
2021-06-14 14:30:38 98      IOVA_BBG000FTLBV7_2021-04-08
2021-06-14 14:30:38 99      IP_BBG000BM5SR2_2021-04-08
2021-06-14 14:30:39 01      IPAR_BBG000GCSWR5_2021-04-08
2021-06-14 14:30:39 02      IPG_BBG000C90DH9_2021-04-08
2021-06-14 14:30:39 03      IPGP_BBG000DCGRL8_2021-04-08
2021-06-14 14:30:39 04      IQV_BBG00333FYS2_2021-04-08
2021-06-14 14:30:39 05      IR_BBG002R1CW27_2021-04-08
2021-06-14 14:30:39 07      IRBT_BBG000HXJB21_2021-04-08
2021-06-14 14:30:39 08      IRDM_BBG000VC0FC1_2021-04-08
2021-06-14 14:30:39 09      IRM_BBG000KCZPC3_2021-04-08
2021-06-14 14:30:39 10      IRTC_BBG001J19V24_2021-04-08
2021-06-14 14:30:39 11      ISRG_BBG000BJPDZ1_2021-04-08
2021-06-14 14:30:39 27      IT_BBG000BB65D0_2021-04-08
2021-06-14 14:30:39 28      ITCI_BBG0026ZFZC4_2021-04-08
2021-06-14 14:30:39 29      ITGR_BBG000BW6JV4_2021-04-08
2021-06-14 14:30:39 30      ITRI_BBG000BD2167_2021-04-08
2021-06-14 14:30:39 31      ITT_BBG00CVQZQ96_2021-04-08
2021-06-14 14:30:39 32      ITW_BBG000BMBL90_2021-04-08
2021-06-14 14:30:39 33      IVZ_BBG000BY2Y78_2021-04-08
2021-06-14 14:30:39 34      J_BBG000BMFFQ0_2021-04-08
2021-06-14 14:30:39 35      JACK_BBG000GZYVY1_2021-04-08
2021-06-14 14:30:39 36      JBHT_BBG000BMDBZ1_2021-04-08
2021-06-14 14:30:39 38      JBSS_BBG000CHPMY5_2021-04-08
2021-06-14 14:30:39 38      JBT_BBG000VLBCQ1_2021-04-08
2021-06-14 14:30:39 39      JCI_BBG000BVWLJ6_2021-04-08
2021-06-14 14:30:39 41      JCOM_BBG000F3CWW7_2021-04-08
2021-06-14 14:30:39 42      JD_BBG005YHY0Q7_2021-04-08
2021-06-14 14:30:39 46      JEF_BBG000BNHSP9_2021-04-08
2021-06-14 14:30:39 48      JELD_BBG0019GM953_2021-04-08
2021-06-14 14:30:39 49      JJSF_BBG000BMGPW0_2021-04-08
2021-06-14 14:30:39 49      JKHY_BBG000BMH2Q7_2021-04-08
2021-06-14 14:30:39 51      JLL_BBG000C2L2L0_2021-04-08
2021-06-14 14:30:39 51      JNJ_BBG000BMHYD1_2021-04-08
2021-06-14 14:30:39 54      JNPR_BBG000BY33P5_2021-04-08
2021-06-14 14:30:39 55      JOBS_BBG000BJD1D4_2021-04-08
2021-06-14 14:30:39 56      JOUT_BBG000HCXFS4_2021-04-08
2021-06-14 14:30:39 57      JPM_BBG000DMBXR2_2021-04-08
2021-06-14 14:30:39 62      JWN_BBG000G8N9C6_2021-04-08
2021-06-14 14:30:39 64      K_BBG000BMKDM3_2021-04-08
2021-06-14 14:30:39 65      KALU_BBG000PKZDX4_2021-04-08
2021-06-14 14:30:39 66      KBH_BBG000BMLWX8_2021-04-08
2021-06-14 14:30:39 68      KDP_BBG000TJM7F0_2021-04-08
2021-06-14 14:30:39 70      KEP_BBG000BCWG90_2021-04-08
2021-06-14 14:30:39 71      KEX_BBG000BMQCP6_2021-04-08
2021-06-14 14:30:39 72      KEY_BBG000BMQPL1_2021-04-08
2021-06-14 14:30:39 74      KEYS_BBG0059FN811_2021-04-08
2021-06-14 14:30:39 75      KFY_BBG000C5QMB5_2021-04-08
2021-06-14 14:30:39 76      KHC_BBG005CPNTQ2_2021-04-08
2021-06-14 14:30:39 79      KIDS_BBG00HFFRW39_2021-04-08
2021-06-14 14:30:39 80      KIM_BBG000CN3S73_2021-04-08
2021-06-14 14:30:39 81      KLAC_BBG000BMTFR4_2021-04-08
2021-06-14 14:30:39 83      KMB_BBG000BMW2Z0_2021-04-08
2021-06-14 14:30:39 85      KMI_BBG0019JZ882_2021-04-08
2021-06-14 14:30:39 86      KMPR_BBG000H3GDJ8_2021-04-08
2021-06-14 14:30:39 87      KMT_BBG000BMWKC5_2021-04-08
2021-06-14 14:30:39 88      KMX_BBG000BLMZK6_2021-04-08
2021-06-14 14:30:39 89      KNSL_BBG00D8JD9Z9_2021-04-08
2021-06-14 14:30:39 91      KNX_BBG000BFC848_2021-04-08
2021-06-14 14:30:39 92      KO_BBG000BMX289_2021-04-08
2021-06-14 14:30:39 94      KOD_BBG00BVR0D02_2021-04-08
2021-06-14 14:30:39 95      KR_BBG000BMY992_2021-04-08
2021-06-14 14:30:39 97      KRG_BBG000BC2KW8_2021-04-08
2021-06-14 14:30:39 98      KRTX_BBG00NN875G0_2021-04-08
2021-06-14 14:30:39 99      KRYS_BBG00HDGRHH7_2021-04-08
2021-06-14 14:30:39 99      KSU_BBG000BMZ7P7_2021-04-08
2021-06-14 14:30:40 00      KTB_BBG00LPTHYD5_2021-04-08
2021-06-14 14:30:40 01      KWR_BBG000DZS2L9_2021-04-08
2021-06-14 14:30:40 01      L_BBG000C45984_2021-04-08
2021-06-14 14:30:40 02      LAD_BBG000K3BC83_2021-04-08
2021-06-14 14:30:40 03      LANC_BBG000BN1M88_2021-04-08
2021-06-14 14:30:40 04      LASR_BBG0020BCPX5_2021-04-08
2021-06-14 14:30:40 05      LB_BBG000BNGTQ7_2021-04-08
2021-06-14 14:30:40 06      LBRDK_BBG006GNSZW5_2021-04-08
2021-06-14 14:30:40 08      LCII_BBG000DNLMB0_2021-04-08
2021-06-14 14:30:40 08      LDOS_BBG000C23PB0_2021-04-08
2021-06-14 14:30:40 09      LEA_BBG000PTLGZ1_2021-04-08
2021-06-14 14:30:40 10      LECO_BBG000BB72K8_2021-04-08
2021-06-14 14:30:40 11      LEG_BBG000BN53G7_2021-04-08
2021-06-14 14:30:40 11      LEGH_BBG00MJDR6J9_2021-04-08
2021-06-14 14:30:40 12      LEN_BBG000BN5HF7_2021-04-08
2021-06-14 14:30:40 13      LEVI_BBG000BQDF10_2021-04-08
2021-06-14 14:30:40 14      LEVI: SPYKE!. Candle: ID:2769, Time: 20:10, Close: 25.7
2021-06-14 14:30:40 15      LFC_BBG000BBK4B9_2021-04-08
2021-06-14 14:30:40 16      LFUS_BBG000BGFGT8_2021-04-08
2021-06-14 14:30:40 16      LGIH_BBG0056655S1_2021-04-08
2021-06-14 14:30:40 17      LGND_BBG000BKF014_2021-04-08
2021-06-14 14:30:40 18      LH_BBG000D9DMK0_2021-04-08
2021-06-14 14:30:40 19      LHCG_BBG000G7W420_2021-04-08
2021-06-14 14:30:40 19      LHX_BBG000BLGFJ9_2021-04-08
2021-06-14 14:30:40 20      LII_BBG000BB5B84_2021-04-08
2021-06-14 14:30:40 21      LIN_BBG00GVR8YQ9_2021-04-08
2021-06-14 14:30:40 23      LITE_BBG0073F9RT7_2021-04-08
2021-06-14 14:30:40 24      LKQ_BBG000PXDL44_2021-04-08
2021-06-14 14:30:40 25      LLY_BBG000BNBDC2_2021-04-08
2021-06-14 14:30:40 26      LMT_BBG000C1BW00_2021-04-08
2021-06-14 14:30:40 28      LNN_BBG000FJS1S8_2021-04-08
2021-06-14 14:30:40 29      LNT_BBG000DW4Q75_2021-04-08
2021-06-14 14:30:40 31      LNTH_BBG006Q52RD0_2021-04-08
2021-06-14 14:30:40 32      LOPE_BBG000FV28W9_2021-04-08
2021-06-14 14:30:40 32      LOW_BBG000BNDN65_2021-04-08
2021-06-14 14:30:40 34      LPL_BBG000FJ0RK9_2021-04-08
2021-06-14 14:30:40 35      LPLA_BBG000P2TYL8_2021-04-08
2021-06-14 14:30:40 36      LPSN_BBG000BSV0W5_2021-04-08
2021-06-14 14:30:40 37      LRCX_BBG000BNFLM9_2021-04-08
2021-06-14 14:30:40 39      LRN_BBG000QSXPZ9_2021-04-08
2021-06-14 14:30:40 40      LSCC_BBG000C2D1C1_2021-04-08
2021-06-14 14:30:40 42      LSTR_BBG000BB2KN0_2021-04-08
2021-06-14 14:30:40 42      LTHM_BBG00LV3NRG0_2021-04-08
2021-06-14 14:30:40 44      LULU_BBG000R8ZVD1_2021-04-08
2021-06-14 14:30:40 45      LUMN_BBG000BGLRN3_2021-04-08
2021-06-14 14:30:40 47      LUV_BBG000BNJHS8_2021-04-08
2021-06-14 14:30:40 49      LVS_BBG000JWD753_2021-04-08
2021-06-14 14:30:40 51      LW_BBG003CVMLQ2_2021-04-08
2021-06-14 14:30:40 52      LYB_BBG000WCFV84_2021-04-08
2021-06-14 14:30:40 53      LYFT_BBG004M9ZHX5_2021-04-08
2021-06-14 14:30:40 56      LYV_BBG000FQ7YR4_2021-04-08
2021-06-14 14:30:40 58      M_BBG000C46HM9_2021-04-08
2021-06-14 14:30:40 60      MA_BBG000F1ZSQ2_2021-04-08
2021-06-14 14:30:40 62      MAA_BBG000BLMY92_2021-04-08
2021-06-14 14:30:40 63      MAC_BBG000BL9C59_2021-04-08
2021-06-14 14:30:40 64      MAN_BBG000BNMHS4_2021-04-08
2021-06-14 14:30:40 65      MANH_BBG000BFV758_2021-04-08
2021-06-14 14:30:40 66      MANT_BBG000BGF8B5_2021-04-08
2021-06-14 14:30:40 66      MANU_BBG0035WV4N9_2021-04-08
2021-06-14 14:30:40 67      MAR_BBG000BGD7W6_2021-04-08
2021-06-14 14:30:40 68      MAS_BBG000BNNKG9_2021-04-08
2021-06-14 14:30:40 70      MASI_BBG000C3W281_2021-04-08
2021-06-14 14:30:40 71      MAT_BBG000BNNYW1_2021-04-08
2021-06-14 14:30:40 71      MAT: SPYKE!. Candle: ID:16, Time: 11:00, Close: 21.78
2021-06-14 14:30:40 72      MATX_BBG000BBK401_2021-04-08
2021-06-14 14:30:40 73      MBT_BBG000CSZKR2_2021-04-08
2021-06-14 14:30:40 73      MBUU_BBG005PXTR70_2021-04-08
2021-06-14 14:30:40 74      MCD_BBG000BNSZP1_2021-04-08
2021-06-14 14:30:40 76      MCHP_BBG000BHCP19_2021-04-08
2021-06-14 14:30:40 78      MCK_BBG000DYGNW7_2021-04-08
2021-06-14 14:30:40 79      MCO_BBG000F86GP6_2021-04-08
2021-06-14 14:30:40 80      MCRI_BBG000BJ0932_2021-04-08
2021-06-14 14:30:40 81      MD_BBG000H8LGK2_2021-04-08
2021-06-14 14:30:40 82      MDB_BBG0022FDRY8_2021-04-08
2021-06-14 14:30:40 83      MDGL_BBG000QS6NV8_2021-04-08
2021-06-14 14:30:40 84      MDLA_BBG001BPKGT0_2021-04-08
2021-06-14 14:30:40 85      MDLZ_BBG000D4LWF6_2021-04-08
2021-06-14 14:30:40 87      MDRX_BBG000BLDXH5_2021-04-08
2021-06-14 14:30:40 88      MDT_BBG000BNWG87_2021-04-08
2021-06-14 14:30:40 91      MED_BBG000BWBW76_2021-04-08
2021-06-14 14:30:40 91      MEDP_BBG0065B7K59_2021-04-08
2021-06-14 14:30:40 92      MEI_BBG000BNY197_2021-04-08
2021-06-14 14:30:40 93      MELI_BBG000GQPB11_2021-04-08
2021-06-14 14:30:40 94      MET_BBG000BB6KF5_2021-04-08
2021-06-14 14:30:40 96      MFGP_BBG00HFWVGN0_2021-04-08
2021-06-14 14:30:40 97      MGLN_BBG000BD6DD9_2021-04-08
2021-06-14 14:30:40 97      MGM_BBG000C2BXK4_2021-04-08
2021-06-14 14:30:41 00      MGY_BBG00GNC8DL2_2021-04-08
2021-06-14 14:30:41 01      MHK_BBG000FLZN98_2021-04-08
2021-06-14 14:30:41 01      MHO_BBG000BL9MZ4_2021-04-08
2021-06-14 14:30:41 02      MIDD_BBG000DQN9R3_2021-04-08
2021-06-14 14:30:41 03      MINI_BBG000BGTX98_2021-04-08
2021-06-14 14:30:41 04      MKC_BBG000G6Y5W4_2021-04-08
2021-06-14 14:30:41 05      MKL_BBG000FC7366_2021-04-08
2021-06-14 14:30:41 06      MKSI_BBG000BVMG26_2021-04-08
2021-06-14 14:30:41 07      MKTX_BBG000BJBZ23_2021-04-08
2021-06-14 14:30:41 07      MLAB_BBG000BP3PW7_2021-04-08
2021-06-14 14:30:41 08      MLCO_BBG000BHP8J4_2021-04-08
2021-06-14 14:30:41 09      MLHR_BBG000BP46T2_2021-04-08
2021-06-14 14:30:41 10      MLM_BBG000BGYMH7_2021-04-08
2021-06-14 14:30:41 11      MMC_BBG000BP4MH0_2021-04-08
2021-06-14 14:30:41 12      MMI_BBG005GBRSR6_2021-04-08
2021-06-14 14:30:41 13      MMM_BBG000BP52R2_2021-04-08
2021-06-14 14:30:41 15      MMS_BBG000BC5WJ4_2021-04-08
2021-06-14 14:30:41 16      MMSI_BBG000C42VX0_2021-04-08
2021-06-14 14:30:41 17      MNRO_BBG000C0BZD1_2021-04-08
2021-06-14 14:30:41 17      MNST_BBG008NVB1C0_2021-04-08
2021-06-14 14:30:41 19      MO_BBG000BP6LJ8_2021-04-08
2021-06-14 14:30:41 21      MOH_BBG000MBHNC8_2021-04-08
2021-06-14 14:30:41 22      MOMO_BBG007HTCQT0_2021-04-08
2021-06-14 14:30:41 25      MORN_BBG000CGQ4F7_2021-04-08
2021-06-14 14:30:41 26      MOS_BBG000BFXHL6_2021-04-08
2021-06-14 14:30:41 28      MOV_BBG000BL30Y9_2021-04-08
2021-06-14 14:30:41 28      MPC_BBG001DCCGR8_2021-04-08
2021-06-14 14:30:41 31      MPWR_BBG000C30L48_2021-04-08
2021-06-14 14:30:41 32      MRC_BBG000BKLTM1_2021-04-08
2021-06-14 14:30:41 32      MRK_BBG000BPD168_2021-04-08
2021-06-14 14:30:41 35      MRNA_BBG003PHHZT1_2021-04-08
2021-06-14 14:30:41 39      MRO_BBG000C8H633_2021-04-08
2021-06-14 14:30:41 41      MRTX_BBG004TPGBP5_2021-04-08
2021-06-14 14:30:41 42      MS_BBG000BLZRJ2_2021-04-08
2021-06-14 14:30:41 45      MSA_BBG000BPDXF8_2021-04-08
2021-06-14 14:30:41 46      MSCI_BBG000RTDY25_2021-04-08
2021-06-14 14:30:41 46      MSFT_BBG000BPH459_2021-04-08
2021-06-14 14:30:41 58      MSGE_BBG00L9HLWV8_2021-04-08
2021-06-14 14:30:41 58      MSGN_BBG000NS03H7_2021-04-08
2021-06-14 14:30:41 60      MSGS_BBG007FG0C23_2021-04-08
2021-06-14 14:30:41 60      MSI_BBG000BP8Z50_2021-04-08
2021-06-14 14:30:41 61      MSM_BBG000BCLYL9_2021-04-08
2021-06-14 14:30:41 62      MSTR_BBG000GQJPZ0_2021-04-08
2021-06-14 14:30:41 64      MTB_BBG000D9KWL9_2021-04-08
2021-06-14 14:30:41 65      MTCH_BBG00B6WH9G3_2021-04-08
2021-06-14 14:30:41 69      MTD_BBG000BZCKH3_2021-04-08
2021-06-14 14:30:41 69      MTG_BBG000CBMH27_2021-04-08
2021-06-14 14:30:41 70      MTH_BBG000F4F1N0_2021-04-08
2021-06-14 14:30:41 71      MTN_BBG000BCMWM1_2021-04-08
2021-06-14 14:30:41 72      MTOR_BBG000BH92D1_2021-04-08
2021-06-14 14:30:41 72      MTRN_BBG000BDTT76_2021-04-08
2021-06-14 14:30:41 73      MU_BBG000C5Z1S3_2021-04-08
2021-06-14 14:30:41 79      MUR_BBG000BPMH90_2021-04-08
2021-06-14 14:30:41 80      MUSA_BBG001Z0Q6T5_2021-04-08
2021-06-14 14:30:41 81      MXIM_BBG000BPNP00_2021-04-08
2021-06-14 14:30:41 84      MXL_BBG000BB6R33_2021-04-08
2021-06-14 14:30:41 85      MYGN_BBG000D9H9F1_2021-04-08
2021-06-14 14:30:41 85      MYRG_BBG000BC7VW9_2021-04-08
2021-06-14 14:30:41 86      NARI_BBG009J8K7M0_2021-04-08
2021-06-14 14:30:41 87      NATI_BBG000DZK6N6_2021-04-08
2021-06-14 14:30:41 88      NAVI_BBG004MN1R41_2021-04-08
2021-06-14 14:30:41 89      NBIX_BBG000GJS7C1_2021-04-08
2021-06-14 14:30:41 90      NCBS_BBG000QK0TG5_2021-04-08
2021-06-14 14:30:41 91      NCR_BBG000BMXK89_2021-04-08
2021-06-14 14:30:41 92      NDAQ_BBG000F5VVB6_2021-04-08
2021-06-14 14:30:41 93      NDSN_BBG000BPWGR1_2021-04-08
2021-06-14 14:30:41 94      NEE_BBG000BJSBJ0_2021-04-08
2021-06-14 14:30:41 96      NEM_BBG000BPWXK1_2021-04-08
2021-06-14 14:30:41 99      NEO_BBG000BKH263_2021-04-08
2021-06-14 14:30:42 00      NEOG_BBG000C1BCK2_2021-04-08
2021-06-14 14:30:42 00      NET_BBG001WMKHH5_2021-04-08
2021-06-14 14:30:42 02      NEU_BBG000BJ5SS8_2021-04-08
2021-06-14 14:30:42 03      NEWR_BBG001NFKJ68_2021-04-08
2021-06-14 14:30:42 03      NFLX_BBG000CL9VN6_2021-04-08
2021-06-14 14:30:42 07      NGVT_BBG009LM28K6_2021-04-08
2021-06-14 14:30:42 08      NJR_BBG000BPZVW9_2021-04-08
2021-06-14 14:30:42 08      NKE_BBG000C5HS04_2021-04-08
2021-06-14 14:30:42 12      NKTR_BBG000BHCYJ1_2021-04-08
2021-06-14 14:30:42 14      NLOK_BBG000BH2JM1_2021-04-08
2021-06-14 14:30:42 15      NLSN_BBG0088CYPX8_2021-04-08
2021-06-14 14:30:42 17      NMIH_BBG005DLMMZ6_2021-04-08
2021-06-14 14:30:42 17      NOC_BBG000BQ2C28_2021-04-08
2021-06-14 14:30:42 19      NOK_BBG000BNGBW9_2021-04-08
2021-06-14 14:30:42 24      NOV_BBG000BJX8C8_2021-04-08
2021-06-14 14:30:42 25      NOW_BBG000M1R011_2021-04-08
2021-06-14 14:30:42 27      NP_BBG000QCQ764_2021-04-08
2021-06-14 14:30:42 28      NPK_BBG000BQ4GG2_2021-04-08
2021-06-14 14:30:42 28      NRG_BBG000D8RG11_2021-04-08
2021-06-14 14:30:42 30      NSC_BBG000BQ5DS5_2021-04-08
2021-06-14 14:30:42 31      NSP_BBG000BJ41X2_2021-04-08
2021-06-14 14:30:42 32      NTAP_BBG000FP1N32_2021-04-08
2021-06-14 14:30:42 34      NTCO_BBG00R4ZKPN5_2021-04-08
2021-06-14 14:30:42 34      NTCT_BBG000C136Z8_2021-04-08
2021-06-14 14:30:42 35      NTES_BBG000BX72V8_2021-04-08
2021-06-14 14:30:42 37      NTGR_BBG000C4GBR6_2021-04-08
2021-06-14 14:30:42 37      NTLA_BBG007KC7PB0_2021-04-08
2021-06-14 14:30:42 39      NTNX_BBG001NDW1Z7_2021-04-08
2021-06-14 14:30:42 39      NTNX: SPYKE!. Candle: ID:6, Time: 8:00, Close: 28.5
2021-06-14 14:30:42 40      NTRA_BBG001J1BQ86_2021-04-08
2021-06-14 14:30:42 41      NTRS_BBG000BQ74K1_2021-04-08
2021-06-14 14:30:42 42      NTUS_BBG000DPZHS3_2021-04-08
2021-06-14 14:30:42 43      NUE_BBG000BQ8KV2_2021-04-08
2021-06-14 14:30:42 44      NUS_BBG000HG21Y3_2021-04-08
2021-06-14 14:30:42 45      NUVA_BBG000LNL298_2021-04-08
2021-06-14 14:30:42 46      NVDA_BBG000BBJQV0_2021-04-08
2021-06-14 14:30:42 52      NVEE_BBG005BT60Y8_2021-04-08
2021-06-14 14:30:42 53      NVR_BBG000BQBYR3_2021-04-08
2021-06-14 14:30:42 54      NVRO_BBG001K61W36_2021-04-08
2021-06-14 14:30:42 55      NVTA_BBG005DJFD43_2021-04-08
2021-06-14 14:30:42 56      NWE_BBG000Q1NMJ4_2021-04-08
2021-06-14 14:30:42 57      NWL_BBG000BQC9V2_2021-04-08
2021-06-14 14:30:42 58      NWLI_BBG008HNHZ07_2021-04-08
2021-06-14 14:30:42 59      NWS_BBG0035M2ZB7_2021-04-08
2021-06-14 14:30:42 59      NWSA_BBG0035LY913_2021-04-08
2021-06-14 14:30:42 61      NXPI_BBG000BND699_2021-04-08
2021-06-14 14:30:42 64      NXST_BBG000DZJVH0_2021-04-08
2021-06-14 14:30:42 65      NYT_BBG000FFC0B3_2021-04-08
2021-06-14 14:30:42 66      O_BBG000DHPN63_2021-04-08
2021-06-14 14:30:42 67      OC_BBG000M44VW8_2021-04-08
2021-06-14 14:30:42 68      ODFL_BBG000CHSS88_2021-04-08
2021-06-14 14:30:42 70      OFIX_BBG000G1C210_2021-04-08
2021-06-14 14:30:42 70      OHI_BBG000BGBTC2_2021-04-08
2021-06-14 14:30:42 72      OI_BBG00R2JZG39_2021-04-08
2021-06-14 14:30:42 72      OII_BBG000CPBCL8_2021-04-08
2021-06-14 14:30:42 73      OIS_BBG000BDDN94_2021-04-08
2021-06-14 14:30:42 75      OKE_BBG000BQHGR6_2021-04-08
2021-06-14 14:30:42 76      OKTA_BBG001YV1SM4_2021-04-08
2021-06-14 14:30:42 79      OLED_BBG000BLRP41_2021-04-08
2021-06-14 14:30:42 80      OLLI_BBG0098VVDT9_2021-04-08
2021-06-14 14:30:42 81      OMC_BBG000BS9489_2021-04-08
2021-06-14 14:30:42 83      OMCL_BBG000BTNGZ4_2021-04-08
2021-06-14 14:30:42 83      ON_BBG000DV7MX4_2021-04-08
2021-06-14 14:30:42 85      ONTO_BBG000BPRN29_2021-04-08
2021-06-14 14:30:42 86      ORCL_BBG000BQLTW7_2021-04-08
2021-06-14 14:30:42 89      ORLY_BBG000BGYWY6_2021-04-08
2021-06-14 14:30:42 90      OSIS_BBG000BWPR54_2021-04-08
2021-06-14 14:30:42 90      OSK_BBG000CC53X1_2021-04-08
2021-06-14 14:30:42 91      OSUR_BBG000J3D1Y8_2021-04-08
2021-06-14 14:30:42 93      OTIS_BBG00RP60KV0_2021-04-08
2021-06-14 14:30:42 94      OVV_BBG00R2NHQ65_2021-04-08
2021-06-14 14:30:42 95      OXY_BBG000BQQ2S6_2021-04-08
2021-06-14 14:30:42 99      PAGS_BBG00JM7QBR6_2021-04-08
2021-06-14 14:30:43 00      PANW_BBG0014GJCT9_2021-04-08
2021-06-14 14:30:43 01      PATK_BBG000BQSBB2_2021-04-08
2021-06-14 14:30:43 02      PAYC_BBG0064N0ZZ5_2021-04-08
2021-06-14 14:30:43 03      PB_BBG000BHY4D9_2021-04-08
2021-06-14 14:30:43 03      PBCT_BBG000BQT4L6_2021-04-08
2021-06-14 14:30:43 05      PBF_BBG002832GV8_2021-04-08
2021-06-14 14:30:43 06      PBH_BBG000QM0RZ4_2021-04-08
2021-06-14 14:30:43 07      PBI_BBG000BQTMJ9_2021-04-08
2021-06-14 14:30:43 08      PCAR_BBG000BQVTF5_2021-04-08
2021-06-14 14:30:43 09      PCG_BBG000BQWPC5_2021-04-08
2021-06-14 14:30:43 10      PCRX_BBG0018FQNS6_2021-04-08
2021-06-14 14:30:43 11      PCTY_BBG006598YS8_2021-04-08
2021-06-14 14:30:43 12      PD_BBG0043BYPB8_2021-04-08
2021-06-14 14:30:43 13      PDCO_BBG000BQY289_2021-04-08
2021-06-14 14:30:43 13      PEAK_BBG000BKYDP9_2021-04-08
2021-06-14 14:30:43 15      PEG_BBG000BQZMH4_2021-04-08
2021-06-14 14:30:43 16      PEGA_BBG000H1RYG7_2021-04-08
2021-06-14 14:30:43 17      PEN_BBG001BP92V1_2021-04-08
2021-06-14 14:30:43 18      PEP_BBG000DH7JK6_2021-04-08
2021-06-14 14:30:43 21      PETQ_BBG00H1CY328_2021-04-08
2021-06-14 14:30:43 22      PFE_BBG000BR2B91_2021-04-08
2021-06-14 14:30:43 24      PFG_BBG000NSCNT7_2021-04-08
2021-06-14 14:30:43 26      PFGC_BBG009XW2WB8_2021-04-08
2021-06-14 14:30:43 27      PFPT_BBG000RQ2GY7_2021-04-08
2021-06-14 14:30:43 28      PG_BBG000BR2TH3_2021-04-08
2021-06-14 14:30:43 33      PGNY_BBG002H1K1H1_2021-04-08
2021-06-14 14:30:43 34      PGR_BBG000BR37X2_2021-04-08
2021-06-14 14:30:43 35      PGTI_BBG000FX3Y66_2021-04-08
2021-06-14 14:30:43 36      PH_BBG000BR3KL6_2021-04-08
2021-06-14 14:30:43 37      PHM_BBG000BR54L0_2021-04-08
2021-06-14 14:30:43 39      PII_BBG000D5S4M0_2021-04-08
2021-06-14 14:30:43 39      PINC_BBG000G7QX50_2021-04-08
2021-06-14 14:30:43 40      PINS_BBG002583CV8_2021-04-08
2021-06-14 14:30:43 43      PIPR_BBG000FQXC75_2021-04-08
2021-06-14 14:30:43 43      PKG_BBG000BB8SW7_2021-04-08
2021-06-14 14:30:43 45      PKI_BBG000FXW512_2021-04-08
2021-06-14 14:30:43 46      PLAN_BBG002DZS299_2021-04-08
2021-06-14 14:30:43 47      PLAY_BBG001WWJTK5_2021-04-08
2021-06-14 14:30:43 49      PLCE_BBG000JK9DK4_2021-04-08
2021-06-14 14:30:43 50      PLD_BBG000B9Z0J8_2021-04-08
2021-06-14 14:30:43 51      PLNT_BBG009H04M17_2021-04-08
2021-06-14 14:30:43 53      PLTR_BBG000N7QR55_2021-04-08
2021-06-14 14:30:43 55      PLTR: BuyPending. Strategy: MorningOpenStrategy. Price: 23.1. Lots: 10. ChangeOpenToCurrent: -3.06. ChangePrevCloseToCurrent: 0.48. Candle: ID:75, Time: 7:00, Close: 23.1.
2021-06-14 14:30:43 55      PLTR: OrderID: 8b85dcf9. PlacedOrder. Status: New. RejectReason: 
2021-06-14 14:30:43 55      PLTR: Cancel order. Did not bought at market open. Candle: ID:79, Time: 7:05, Close: 23.2
2021-06-14 14:30:43 55      OrderID: 8b85dcf9 successfully canceled
2021-06-14 14:30:43 57      PLUS_BBG000HN7W02_2021-04-08
2021-06-14 14:30:43 57      PLXS_BBG000BRBX66_2021-04-08
2021-06-14 14:30:43 58      PM_BBG000J2XL74_2021-04-08
2021-06-14 14:30:43 60      PNC_BBG000BRD0D8_2021-04-08
2021-06-14 14:30:43 62      PNFP_BBG000C1XKF6_2021-04-08
2021-06-14 14:30:43 63      PNTG_BBG00P33SY72_2021-04-08
2021-06-14 14:30:43 63      PODD_BBG000R7XX87_2021-04-08
2021-06-14 14:30:43 64      POOL_BBG000BCVG28_2021-04-08
2021-06-14 14:30:43 65      POR_BBG000BCRMW7_2021-04-08
2021-06-14 14:30:43 66      POST_BBG001WTBC36_2021-04-08
2021-06-14 14:30:43 67      POWI_BBG000BTT3D1_2021-04-08
2021-06-14 14:30:43 68      PPC_BBG000BFLXV3_2021-04-08
2021-06-14 14:30:43 69      PPG_BBG000BRJ809_2021-04-08
2021-06-14 14:30:43 70      PPL_BBG000BRJL00_2021-04-08
2021-06-14 14:30:43 71      PRAA_BBG000BNTW77_2021-04-08
2021-06-14 14:30:43 72      PRAH_BBG007387YL8_2021-04-08
2021-06-14 14:30:43 73      PRFT_BBG000BVXFK6_2021-04-08
2021-06-14 14:30:43 74      PRG_BBG00VSH86G4_2021-04-08
2021-06-14 14:30:43 74      PRGS_BBG000C4QP94_2021-04-08
2021-06-14 14:30:43 75      PRI_BBG000T8ZF80_2021-04-08
2021-06-14 14:30:43 76      PRLB_BBG000BT13B3_2021-04-08
2021-06-14 14:30:43 77      PRSP_BBG00KMXKWF9_2021-04-08
2021-06-14 14:30:43 78      PRU_BBG000HCJMF9_2021-04-08
2021-06-14 14:30:43 79      PSA_BBG000BPPN67_2021-04-08
2021-06-14 14:30:43 80      PSN_BBG000C3TKY6_2021-04-08
2021-06-14 14:30:43 81      PSTG_BBG00212PVZ5_2021-04-08
2021-06-14 14:30:43 82      PSX_BBG00286S4N9_2021-04-08
2021-06-14 14:30:43 84      PTC_BBG000C2VBB0_2021-04-08
2021-06-14 14:30:43 85      PTCT_BBG000QT15P7_2021-04-08
2021-06-14 14:30:43 86      PTON_BBG00JG0FFZ2_2021-04-08
2021-06-14 14:30:43 92      PTR_BBG000BR85F1_2021-04-08
2021-06-14 14:30:43 93      PUMP_BBG00FYCQ352_2021-04-08
2021-06-14 14:30:43 94      PVH_BBG000BRRG02_2021-04-08
2021-06-14 14:30:43 94      PWR_BBG000BBL8V7_2021-04-08
2021-06-14 14:30:43 95      PXD_BBG000BXRPH1_2021-04-08
2021-06-14 14:30:43 97      PYPL_BBG0077VNXV6_2021-04-08
2021-06-14 14:30:44 04      PZZA_BBG000BFWF13_2021-04-08
2021-06-14 14:30:44 06      QADA_BBG001BP77C3_2021-04-08
2021-06-14 14:30:44 06      QCOM_BBG000CGC1X8_2021-04-08
2021-06-14 14:30:44 10      QDEL_BBG000C6GN04_2021-04-08
2021-06-14 14:30:44 12      QLYS_BBG000HT5G06_2021-04-08
2021-06-14 14:30:44 13      QNST_BBG000S9XXB8_2021-04-08
2021-06-14 14:30:44 14      QRTEA_BBG000PCQQL6_2021-04-08
2021-06-14 14:30:44 16      QRVO_BBG007TJF1N7_2021-04-08
2021-06-14 14:30:44 17      QTS_BBG0054B20Z8_2021-04-08
2021-06-14 14:30:44 18      QTWO_BBG005ZVK9P2_2021-04-08
2021-06-14 14:30:44 19      QUOT_BBG001QYNR63_2021-04-08
2021-06-14 14:30:44 19      R_BBG000BRVP70_2021-04-08
2021-06-14 14:30:44 20      RACE_BBG009PH3Q86_2021-04-08
2021-06-14 14:30:44 21      RAMP_BBG000BB4HM6_2021-04-08
2021-06-14 14:30:44 22      RARE_BBG001RWPDW6_2021-04-08
2021-06-14 14:30:44 23      RAVN_BBG000CXQTZ3_2021-04-08
2021-06-14 14:30:44 23      RBC_BBG000BRXTR8_2021-04-08
2021-06-14 14:30:44 24      RCL_BBG000BB5792_2021-04-08
2021-06-14 14:30:44 26      RDFN_BBG001Q7HP63_2021-04-08
2021-06-14 14:30:44 27      RDS.A_BBG000QXSSS6_2021-04-08
2021-06-14 14:30:44 29      RDY_BBG000NJ96L6_2021-04-08
2021-06-14 14:30:44 30      RE_BBG000C1XVK6_2021-04-08
2021-06-14 14:30:44 31      REG_BBG000BL46Q4_2021-04-08
2021-06-14 14:30:44 32      REGI_BBG0016SSV00_2021-04-08
2021-06-14 14:30:44 34      REGN_BBG000C734W3_2021-04-08
2021-06-14 14:30:44 35      RETA_BBG000R33BD1_2021-04-08
2021-06-14 14:30:44 36      REX_BBG000D2ZK61_2021-04-08
2021-06-14 14:30:44 37      REZI_BBG00HY28K89_2021-04-08
2021-06-14 14:30:44 38      RF_BBG000Q3JN03_2021-04-08
2021-06-14 14:30:44 39      RGA_BBG000BDLCQ0_2021-04-08
2021-06-14 14:30:44 39      RGEN_BBG000BS48J3_2021-04-08
2021-06-14 14:30:44 40      RGLD_BBG000BS5170_2021-04-08
2021-06-14 14:30:44 41      RGNX_BBG007Z9V591_2021-04-08
2021-06-14 14:30:44 42      RGR_BBG000C4FQG6_2021-04-08
2021-06-14 14:30:44 43      RH_BBG002293PJ4_2021-04-08
2021-06-14 14:30:44 44      RHI_BBG000BS5DR2_2021-04-08
2021-06-14 14:30:44 45      RIG_BBG000BH5LT6_2021-04-08
2021-06-14 14:30:44 48      RJF_BBG000BS73J1_2021-04-08
2021-06-14 14:30:44 49      RL_BBG000BS0ZF1_2021-04-08
2021-06-14 14:30:44 50      RMD_BBG000L4M7F1_2021-04-08
2021-06-14 14:30:44 51      RNG_BBG000J094P3_2021-04-08
2021-06-14 14:30:44 52      ROCK_BBG000BKQDQ7_2021-04-08
2021-06-14 14:30:44 53      ROG_BBG000BS9HN3_2021-04-08
2021-06-14 14:30:44 53      ROK_BBG000BBCDZ2_2021-04-08
2021-06-14 14:30:44 55      ROKU_BBG001ZZPQJ6_2021-04-08
2021-06-14 14:30:44 58      ROL_BBG000BSBBP1_2021-04-08
2021-06-14 14:30:44 59      ROLL_BBG000GMGNB3_2021-04-08
2021-06-14 14:30:44 59      ROP_BBG000F1ZSN5_2021-04-08
2021-06-14 14:30:44 60      ROST_BBG000BSBZH7_2021-04-08
2021-06-14 14:30:44 62      RPD_BBG009DFHWG6_2021-04-08
2021-06-14 14:30:44 63      RPM_BBG000DCNK80_2021-04-08
2021-06-14 14:30:44 64      RRBI_BBG000QKNLB2_2021-04-08
2021-06-14 14:30:44 65      RRC_BBG000FVXD63_2021-04-08
2021-06-14 14:30:44 67      RRGB_BBG000MXH9C1_2021-04-08
2021-06-14 14:30:44 68      RS_BBG000CJ2181_2021-04-08
2021-06-14 14:30:44 70      RSG_BBG000BPXVJ6_2021-04-08
2021-06-14 14:30:44 70      RTX_BBG000BW8S60_2021-04-08
2021-06-14 14:30:44 73      RVLV_BBG00M4RHBD0_2021-04-08
2021-06-14 14:30:44 74      RXN_BBG000H8R0N8_2021-04-08
2021-06-14 14:30:44 75      RYN_BBG000BG7L34_2021-04-08
2021-06-14 14:30:44 75      RYTM_BBG007DLZ601_2021-04-08
2021-06-14 14:30:44 76      SAFM_BBG000BSHJ96_2021-04-08
2021-06-14 14:30:44 77      SAGE_BBG0025X16Y5_2021-04-08
2021-06-14 14:30:44 78      SAIA_BBG000P5LMQ0_2021-04-08
2021-06-14 14:30:44 79      SAIC_BBG003BW05K6_2021-04-08
2021-06-14 14:30:44 80      SAIL_BBG00J0BBZL0_2021-04-08
2021-06-14 14:30:44 81      SAM_BBG000BCZBF1_2021-04-08
2021-06-14 14:30:44 82      SAVE_BBG000BF6RQ9_2021-04-08
2021-06-14 14:30:44 83      SBAC_BBG000D2M0Z7_2021-04-08
2021-06-14 14:30:44 85      SBCF_BBG000KK3464_2021-04-08
2021-06-14 14:30:44 85      SBGI_BBG000F2XXP2_2021-04-08
2021-06-14 14:30:44 86      SBH_BBG000LR8515_2021-04-08
2021-06-14 14:30:44 87      SBRA_BBG000MTDW24_2021-04-08
2021-06-14 14:30:44 88      SBUX_BBG000CTQBF3_2021-04-08
2021-06-14 14:30:44 91      SCCO_BBG000BSHH72_2021-04-08
2021-06-14 14:30:44 92      SCHW_BBG000BSLZY7_2021-04-08
2021-06-14 14:30:44 94      SCI_BBG000BTHH16_2021-04-08
2021-06-14 14:30:44 95      SCSC_BBG000BHTPZ4_2021-04-08
2021-06-14 14:30:44 95      SDGR_BBG000T88BN2_2021-04-08
2021-06-14 14:30:44 96      SEDG_BBG0084BBZY6_2021-04-08
2021-06-14 14:30:44 98      SEE_BBG000C22QV7_2021-04-08
2021-06-14 14:30:44 99      SEIC_BBG000BSQLT9_2021-04-08
2021-06-14 14:30:45 00      SERV_TCS002WMH2F2_2021-04-08
2021-06-14 14:30:45 00      SF_BBG000BSS5C0_2021-04-08
2021-06-14 14:30:45 01      SFIX_BBG0046L1KL9_2021-04-08
2021-06-14 14:30:45 02      SFM_BBG001KFKQM7_2021-04-08
2021-06-14 14:30:45 04      SGEN_BBG000BH0FR6_2021-04-08
2021-06-14 14:30:45 05      SHAK_BBG0063GCHH8_2021-04-08
2021-06-14 14:30:45 06      SHEN_BBG000BTC2N0_2021-04-08
2021-06-14 14:30:45 07      SHI_BBG000BHR1H9_2021-04-08
2021-06-14 14:30:45 08      SHW_BBG000BSXQV7_2021-04-08
2021-06-14 14:30:45 08      SIG_BBG000C4ZZ10_2021-04-08
2021-06-14 14:30:45 09      SIGI_BBG000BSZ738_2021-04-08
2021-06-14 14:30:45 10      SITE_BBG009T22D49_2021-04-08
2021-06-14 14:30:45 10      SIVB_BBG000BT0CM2_2021-04-08
2021-06-14 14:30:45 12      SJI_BBG000BT0T72_2021-04-08
2021-06-14 14:30:45 13      SJM_BBG000BT1715_2021-04-08
2021-06-14 14:30:45 14      SKM_BBG000BLN497_2021-04-08
2021-06-14 14:30:45 15      SKX_BBG000C4HKK2_2021-04-08
2021-06-14 14:30:45 15      SLAB_BBG000BB99S3_2021-04-08
2021-06-14 14:30:45 16      SLB_BBG000BT41Q8_2021-04-08
2021-06-14 14:30:45 18      SLG_BBG000BVP5P2_2021-04-08
2021-06-14 14:30:45 19      SMAR_BBG00GQK3WB5_2021-04-08
2021-06-14 14:30:45 20      SMG_BBG000BT5PG5_2021-04-08
2021-06-14 14:30:45 21      SMPL_BBG00GVP5JL4_2021-04-08
2021-06-14 14:30:45 22      SMTC_BBG000DBKR53_2021-04-08
2021-06-14 14:30:45 22      SNA_BBG000BT7JW9_2021-04-08
2021-06-14 14:30:45 23      SNAP_BBG00441QMJ7_2021-04-08
2021-06-14 14:30:45 28      SNBR_BBG000DM2BF3_2021-04-08
2021-06-14 14:30:45 29      SNPS_BBG000BSFRF3_2021-04-08
2021-06-14 14:30:45 32      SNX_BBG000CL9JV4_2021-04-08
2021-06-14 14:30:45 32      SNY_BBG000BBD5N1_2021-04-08
2021-06-14 14:30:45 33      SO_BBG000BT9DW0_2021-04-08
2021-06-14 14:30:45 35      SOHU_BBG00L2DB535_2021-04-08
2021-06-14 14:30:45 37      SON_BBG000D7HF89_2021-04-08
2021-06-14 14:30:45 37      SONO_BBG001JZPSQ2_2021-04-08
2021-06-14 14:30:45 40      SP_BBG000BJ91B1_2021-04-08
2021-06-14 14:30:45 40      SPB@US_BBG000DS5588_2021-04-08
2021-06-14 14:30:45 41      SPCE_BBG00HTN2CQ3_2021-04-08
2021-06-14 14:30:45 49      SPG_BBG000BJ2D31_2021-04-08
2021-06-14 14:30:45 52      SPGI_BBG000BP1Q11_2021-04-08
2021-06-14 14:30:45 53      SPLK_BBG001C7TST4_2021-04-08
2021-06-14 14:30:45 55      SPOT_BBG003T4VFC2_2021-04-08
2021-06-14 14:30:45 56      SPR_BBG000PRJ2Z9_2021-04-08
2021-06-14 14:30:45 57      SPSC_BBG000PZGB75_2021-04-08
2021-06-14 14:30:45 58      SQ_BBG0018SLC07_2021-04-08
2021-06-14 14:30:45 64      SRC_BBG0027Z6X10_2021-04-08
2021-06-14 14:30:45 64      SRCL_BBG000H3FZM6_2021-04-08
2021-06-14 14:30:45 65      SRDX_BBG000BZ2QG2_2021-04-08
2021-06-14 14:30:45 66      SRE_BBG000C2ZCH8_2021-04-08
2021-06-14 14:30:45 67      SRI_BBG000BB9Q78_2021-04-08
2021-06-14 14:30:45 67      SRPT_BBG000BCJ161_2021-04-08
2021-06-14 14:30:45 69      SSD_BBG000JLC8L8_2021-04-08
2021-06-14 14:30:45 70      SSNC_BBG000RJ2J04_2021-04-08
2021-06-14 14:30:45 71      SSTK_BBG002ZCK2V9_2021-04-08
2021-06-14 14:30:45 72      STAA_BBG000C4QB95_2021-04-08
2021-06-14 14:30:45 73      STAG_BBG000BGLFP7_2021-04-08
2021-06-14 14:30:45 74      STLD_BBG000HGYNZ9_2021-04-08
2021-06-14 14:30:45 75      STMP_BBG000CZ4KF3_2021-04-08
2021-06-14 14:30:45 76      STRA_BBG000GRZDV1_2021-04-08
2021-06-14 14:30:45 76      STT_BBG000BKFBD7_2021-04-08
2021-06-14 14:30:45 77      STX_BBG000F0KF42_2021-04-08
2021-06-14 14:30:45 78      Warning: figi `BBG000F0KF42` for history data does not match actual figi `BBG0113JGQF0`. Ticker: STX. Will be used actual!
2021-06-14 14:30:45 79      STZ_BBG000J1QLT0_2021-04-08
2021-06-14 14:30:45 81      SUPN_BBG000BP0HX7_2021-04-08
2021-06-14 14:30:45 82      SWAV_BBG005XVXML5_2021-04-08
2021-06-14 14:30:45 83      SWBI_BBG000BM0QL7_2021-04-08
2021-06-14 14:30:45 84      SWCH_BBG00HPDM5Z2_2021-04-08
2021-06-14 14:30:45 85      SWI_BBG00M1CKSK7_2021-04-08
2021-06-14 14:30:45 86      SWK_BBG000BTQR96_2021-04-08
2021-06-14 14:30:45 87      SWKS_BBG000KLB4Q1_2021-04-08
2021-06-14 14:30:45 89      SWN_BBG000BTR593_2021-04-08
2021-06-14 14:30:45 94      SWX_BBG00FWP4JW4_2021-04-08
2021-06-14 14:30:45 94      SXI_BBG000BTT5B8_2021-04-08
2021-06-14 14:30:45 95      SXT_BBG000J79P80_2021-04-08
2021-06-14 14:30:45 95      SYF_BBG00658F3P3_2021-04-08
2021-06-14 14:30:45 97      SYK_BBG000DN7P92_2021-04-08
2021-06-14 14:30:45 98      SYKE_BBG000BBHPV4_2021-04-08
2021-06-14 14:30:45 99      SYNA_BBG000BQV1S2_2021-04-08
2021-06-14 14:30:46 00      SYNH_BBG0078Y1D92_2021-04-08
2021-06-14 14:30:46 01      SYY_BBG000BTVJ25_2021-04-08
2021-06-14 14:30:46 02      T_BBG000BSJK37_2021-04-08
2021-06-14 14:30:46 06      TAK_BBG000LF8708_2021-04-08
2021-06-14 14:30:46 07      TAL_BBG0016XJ8S0_2021-04-08
2021-06-14 14:30:46 08      TAP_BBG000BS7KS3_2021-04-08
2021-06-14 14:30:46 09      TCBI_BBG000DN4ZT1_2021-04-08
2021-06-14 14:30:46 11      TCMD_BBG001B12Z39_2021-04-08
2021-06-14 14:30:46 11      TCRR_BBG00FH3FM15_2021-04-08
2021-06-14 14:30:46 12      TCS_BBG005DXJS36_2021-04-08
2021-06-14 14:30:46 12      TCS: BuyPending. Strategy: MorningOpenStrategy. Price: 59.07. Lots: 4. ChangeOpenToCurrent: -2.35. ChangePrevCloseToCurrent: 0.37. Candle: ID:20, Time: 7:00, Close: 59.07.
2021-06-14 14:30:46 12      TCS: OrderID: 6acc90c2. PlacedOrder. Status: New. RejectReason: 
2021-06-14 14:30:46 12      TCS: OrderID: 6acc90c2 fully executed
2021-06-14 14:30:46 12      TCS: Morning closing by timeout. Close price: 59.39. Lots: 4. Profit: 0.32(0.54%). Candle: ID:181, Time: 7:20, Close: 59.39
2021-06-14 14:30:46 13      TCS: OrderID: 4e9390c6. PlacedOrder. Status: New. RejectReason: 
2021-06-14 14:30:46 13      TCS: OrderID: 4e9390c6 partially executed. Executed lots: 1. OrderStatus: 1/4 lots
2021-06-14 14:30:46 13      TCS: OrderID: 4e9390c6 partially executed. Executed lots: 1. OrderStatus: 2/4 lots
2021-06-14 14:30:46 13      TCS: OrderID: 4e9390c6 partially executed. Executed lots: 1. OrderStatus: 3/4 lots
2021-06-14 14:30:46 13      TCS: OrderID: 4e9390c6 fully executed
2021-06-14 14:30:46 13      TCX_BBG000L69KL5_2021-04-08
2021-06-14 14:30:46 14      TDC_BBG000R0L5J4_2021-04-08
2021-06-14 14:30:46 14      TDG_BBG000L8CBX4_2021-04-08
2021-06-14 14:30:46 15      TDOC_BBG0019T5SG0_2021-04-08
2021-06-14 14:30:46 17      TDS_BBG000BV0VK7_2021-04-08
2021-06-14 14:30:46 18      TDY_BBG000BMT9T6_2021-04-08
2021-06-14 14:30:46 18      TECH_BBG000C15114_2021-04-08
2021-06-14 14:30:46 19      TEL_BBG000RGM5P1_2021-04-08
2021-06-14 14:30:46 20      TENB_BBG00LBLCD02_2021-04-08
2021-06-14 14:30:46 21      TER_BBG000BV4DR6_2021-04-08
2021-06-14 14:30:46 24      TFC_BBG000BYYLS8_2021-04-08
2021-06-14 14:30:46 26      TFX_BBG000BV59Y6_2021-04-08
2021-06-14 14:30:46 26      TGNA_BBG000BK5DP1_2021-04-08
2021-06-14 14:30:46 27      TGT_BBG000H8TVT2_2021-04-08
2021-06-14 14:30:46 29      THG_BBG000FJH8W0_2021-04-08
2021-06-14 14:30:46 30      THO_BBG000BV6R84_2021-04-08
2021-06-14 14:30:46 30      THRM_BBG000BQLM34_2021-04-08
2021-06-14 14:30:46 31      THS_BBG000GQGJT4_2021-04-08
2021-06-14 14:30:46 32      TJX_BBG000BV8DN6_2021-04-08
2021-06-14 14:30:46 34      TKR_BBG000BV95H9_2021-04-08
2021-06-14 14:30:46 35      TMHC_BBG003PGJHP5_2021-04-08
2021-06-14 14:30:46 36      TMO_BBG000BVDLH9_2021-04-08
2021-06-14 14:30:46 37      TMUS_BBG000NDV1D4_2021-04-08
2021-06-14 14:30:46 38      TMX_BBG002WMH2F2_2021-04-08
2021-06-14 14:30:46 39      TNC_BBG000JCZJS2_2021-04-08
2021-06-14 14:30:46 40      TNDM_BBG0019V9M65_2021-04-08
2021-06-14 14:30:46 41      TNET_BBG000BR2040_2021-04-08
2021-06-14 14:30:46 41      TOL_BBG000BVHBM1_2021-04-08
2021-06-14 14:30:46 42      TPH_BBG0016YQTR5_2021-04-08
2021-06-14 14:30:46 43      TPIC_BBG0016MQ7C5_2021-04-08
2021-06-14 14:30:46 44      TPR_BBG000BY29C7_2021-04-08
2021-06-14 14:30:46 45      TPTX_BBG00NPL9WH7_2021-04-08
2021-06-14 14:30:46 46      TPX_BBG000PXGT62_2021-04-08
2021-06-14 14:30:46 47      TREE_BBG000TVRB50_2021-04-08
2021-06-14 14:30:46 48      TREX_BBG000BTGKK9_2021-04-08
2021-06-14 14:30:46 50      TRHC_BBG00BT7PPY8_2021-04-08
2021-06-14 14:30:46 50      TRIP_BBG001M8HHB7_2021-04-08
2021-06-14 14:30:46 53      TRMB_BBG000BNPS52_2021-04-08
2021-06-14 14:30:46 55      TROW_BBG000BVMPN3_2021-04-08
2021-06-14 14:30:46 56      TRU_BBG002Q7J5Z1_2021-04-08
2021-06-14 14:30:46 57      TRUP_BBG002BC7WC5_2021-04-08
2021-06-14 14:30:46 58      TRV_BBG000BJ81C1_2021-04-08
2021-06-14 14:30:46 59      TSCO_BBG000BLXZN1_2021-04-08
2021-06-14 14:30:46 61      TSLA_BBG000N9MNX3_2021-04-08
2021-06-14 14:30:46 77      TSM_BBG000BD8ZK0_2021-04-08
2021-06-14 14:30:46 81      TSN_BBG000DKCC19_2021-04-08
2021-06-14 14:30:46 82      TSS_BBG000C1JTL6_2021-04-08
2021-06-14 14:30:46 83      TT_BBG000BM6788_2021-04-08
2021-06-14 14:30:46 84      TTC_BBG000BVQRY3_2021-04-08
2021-06-14 14:30:46 85      TTD_BBG00629NGT2_2021-04-08
2021-06-14 14:30:46 86      TTEK_BBG000BYZ0Q5_2021-04-08
2021-06-14 14:30:46 87      TTM_BBG000PVGDH9_2021-04-08
2021-06-14 14:30:46 88      TTMI_BBG000BYQ0B1_2021-04-08
2021-06-14 14:30:46 89      TTWO_BBG000BS1YV5_2021-04-08
2021-06-14 14:30:46 91      TW_BBG00NK8H8T2_2021-04-08
2021-06-14 14:30:46 91      TWLO_BBG0029ZX840_2021-04-08
2021-06-14 14:30:46 93      TWNK_BBG00B6KGNN1_2021-04-08
2021-06-14 14:30:46 93      TWOU_BBG001KS9450_2021-04-08
2021-06-14 14:30:46 94      TWTR_BBG000H6HNW3_2021-04-08
2021-06-14 14:30:46 98      TXG_BBG007WX14X0_2021-04-08
2021-06-14 14:30:47 00      TXN_BBG000BVV7G1_2021-04-08
2021-06-14 14:30:47 03      TXRH_BBG000PSJMV7_2021-04-08
2021-06-14 14:30:47 04      TXT_BBG000BVVQQ8_2021-04-08
2021-06-14 14:30:47 05      TYL_BBG000BVWZF9_2021-04-08
2021-06-14 14:30:47 06      UA_BBG009DTD8H2_2021-04-08
2021-06-14 14:30:47 07      UAA_BBG000BXM6V2_2021-04-08
2021-06-14 14:30:47 08      UAL_BBG000M65M61_2021-04-08
2021-06-14 14:30:47 13      UBER_BBG002B04MT8_2021-04-08
2021-06-14 14:30:47 15      UCTT_BBG000HSLV70_2021-04-08
2021-06-14 14:30:47 16      UDR_BBG000C41023_2021-04-08
2021-06-14 14:30:47 17      UFPI_BBG000BL0T06_2021-04-08
2021-06-14 14:30:47 18      UFS_BBG000BHFHP8_2021-04-08
2021-06-14 14:30:47 19      UGI_BBG000BVYN55_2021-04-08
2021-06-14 14:30:47 20      UHS_BBG000CB8Q50_2021-04-08
2021-06-14 14:30:47 21      UI_BBG001R72SR9_2021-04-08
2021-06-14 14:30:47 21      ULTA_BBG00FWQ4VD6_2021-04-08
2021-06-14 14:30:47 23      UMBF_BBG000DD8WX1_2021-04-08
2021-06-14 14:30:47 23      UNF_BBG000BW29L1_2021-04-08
2021-06-14 14:30:47 24      UNH_BBG000CH5208_2021-04-08
2021-06-14 14:30:47 25      UNM_BBG000BW2QX0_2021-04-08
2021-06-14 14:30:47 26      UNP_BBG000BW3299_2021-04-08
2021-06-14 14:30:47 27      UNVR_BBG000BDHD29_2021-04-08
2021-06-14 14:30:47 28      UPS_BBG000L9CV04_2021-04-08
2021-06-14 14:30:47 30      UPWK_BBG00FBJ6390_2021-04-08
2021-06-14 14:30:47 31      URBN_BBG000BL79J3_2021-04-08
2021-06-14 14:30:47 32      URI_BBG000BXMFC3_2021-04-08
2021-06-14 14:30:47 33      USB_BBG000FFDM15_2021-04-08
2021-06-14 14:30:47 35      USFD_BBG00C6H6D40_2021-04-08
2021-06-14 14:30:47 40      USM_BBG000BW6P59_2021-04-08
2021-06-14 14:30:47 41      USNA_BBG000BX28M0_2021-04-08
2021-06-14 14:30:47 42      USPH_BBG000CSRSG6_2021-04-08
2021-06-14 14:30:47 42      UTHR_BBG000BV4XJ1_2021-04-08
2021-06-14 14:30:47 43      UTL_BBG000BW7X97_2021-04-08
2021-06-14 14:30:47 44      UTX_BBG0089KM290_2021-04-08
2021-06-14 14:30:47 44      V_BBG000PSKYX7_2021-04-08
2021-06-14 14:30:47 49      VAC_BBG001J2R5H3_2021-04-08
2021-06-14 14:30:47 51      VALE_BBG000BN5LG7_2021-04-08
2021-06-14 14:30:47 52      VC_BBG0016T3GQ0_2021-04-08
2021-06-14 14:30:47 53      VCEL_BBG000BDCM24_2021-04-08
2021-06-14 14:30:47 54      VCRA_BBG00179VSY7_2021-04-08
2021-06-14 14:30:47 55      VCYT_BBG001J2M542_2021-04-08
2021-06-14 14:30:47 56      VEEV_BBG001CGB489_2021-04-08
2021-06-14 14:30:47 57      VEON_BBG000QCW561_2021-04-08
2021-06-14 14:30:47 58      VFC_BBG000BWCKB6_2021-04-08
2021-06-14 14:30:47 59      VG_BBG000BRB5D9_2021-04-08
2021-06-14 14:30:47 60      VIAC_BBG000C496P7_2021-04-08
2021-06-14 14:30:47 69      VICR_BBG000C3VHF1_2021-04-08
2021-06-14 14:30:47 70      VIE_BBG00K6P5XM1_2021-04-08
2021-06-14 14:30:47 71      VIPS_BBG002NLDLV8_2021-04-08
2021-06-14 14:30:47 77      VIR_BBG00H2QQ8T5_2021-04-08
2021-06-14 14:30:47 80      VLO_BBG000BBGGQ1_2021-04-08
2021-06-14 14:30:47 82      VMC_BBG000BWGYF8_2021-04-08
2021-06-14 14:30:47 83      VMI_BBG000BWB7V4_2021-04-08
2021-06-14 14:30:47 84      VMW_BBG000BC9938_2021-04-08
2021-06-14 14:30:47 85      VNDA_BBG000HT5MG6_2021-04-08
2021-06-14 14:30:47 86      VNE_BBG00K4MPP27_2021-04-08
2021-06-14 14:30:47 87      VNO_BBG000BWHD54_2021-04-08
2021-06-14 14:30:47 87      VNT_BBG00RRGSJR4_2021-04-08
2021-06-14 14:30:47 88      VPG_BBG000PRQ0V9_2021-04-08
2021-06-14 14:30:47 89      VREX_BBG00CZNLR47_2021-04-08
2021-06-14 14:30:47 89      VRNS_BBG001Y04TN6_2021-04-08
2021-06-14 14:30:47 90      VRNT_BBG000BCBYT2_2021-04-08
2021-06-14 14:30:47 91      VRSK_BBG000BCZL41_2021-04-08
2021-06-14 14:30:47 93      VRSN_BBG000BGKHZ3_2021-04-08
2021-06-14 14:30:47 94      VRTS_BBG000DMFQS2_2021-04-08
2021-06-14 14:30:47 94      VRTV_BBG005XZHR97_2021-04-08
2021-06-14 14:30:47 95      VRTX_BBG000C1S2X2_2021-04-08
2021-06-14 14:30:47 97      VTR_BBG000FRVHB9_2021-04-08
2021-06-14 14:30:47 98      VTRS_BBG00Y4RQNH4_2021-04-08
2021-06-14 14:30:48 00      VZ_BBG000HS77T5_2021-04-08
2021-06-14 14:30:48 03      W_BBG001B17MV2_2021-04-08
2021-06-14 14:30:48 04      WAB_BBG000BDD940_2021-04-08
2021-06-14 14:30:48 05      WAL_BBG000Q1KFH4_2021-04-08
2021-06-14 14:30:48 06      WAT_BBG000FQRVM3_2021-04-08
2021-06-14 14:30:48 07      WB_BBG0065XPGX9_2021-04-08
2021-06-14 14:30:48 08      WBA_BBG000BWLMJ4_2021-04-08
2021-06-14 14:30:48 10      WCC_BBG000D0FNV3_2021-04-08
2021-06-14 14:30:48 10      WDAY_BBG000VC0T95_2021-04-08
2021-06-14 14:30:48 12      WDC_BBG000BWNFZ9_2021-04-08
2021-06-14 14:30:48 14      WDFC_BBG000BWNV93_2021-04-08
2021-06-14 14:30:48 14      WDFC: SPYKE!. Candle: ID:799, Time: 20:10, Close: 287.53
2021-06-14 14:30:48 14      WDFC: SPYKE!. Candle: ID:800, Time: 20:15, Close: 285
2021-06-14 14:30:48 15      WEC_BBG000BWP7D9_2021-04-08
2021-06-14 14:30:48 16      WELL_BBG000BKY1G5_2021-04-08
2021-06-14 14:30:48 18      WERN_BBG000BWPP85_2021-04-08
2021-06-14 14:30:48 18      WEX_BBG000BVZP59_2021-04-08
2021-06-14 14:30:48 19      WFC_BBG000BWQFY7_2021-04-08
2021-06-14 14:30:48 23      WGO_BBG000BWS3F3_2021-04-08
2021-06-14 14:30:48 24      WH_BBG00HCY3Q67_2021-04-08
2021-06-14 14:30:48 24      WHD_BBG00JRH1P95_2021-04-08
2021-06-14 14:30:48 25      WHR_BBG000BWSV34_2021-04-08
2021-06-14 14:30:48 26      WING_BBG008N298Y8_2021-04-08
2021-06-14 14:30:48 27      WK_BBG007BVZ8H9_2021-04-08
2021-06-14 14:30:48 28      WLK_BBG000PXZFW2_2021-04-08
2021-06-14 14:30:48 28      WLTW_BBG000DB3KT1_2021-04-08
2021-06-14 14:30:48 29      WM_BBG000BWVSR1_2021-04-08
2021-06-14 14:30:48 31      WMB_BBG000BWVCP8_2021-04-08
2021-06-14 14:30:48 32      WMT_BBG000BWXBC2_2021-04-08
2021-06-14 14:30:48 34      WOR_BBG000HL7499_2021-04-08
2021-06-14 14:30:48 35      WORK_BBG007G7V505_2021-04-08
2021-06-14 14:30:48 37      WRB_BBG000BD1HP2_2021-04-08
2021-06-14 14:30:48 38      WRK_BBG008NXC572_2021-04-08
2021-06-14 14:30:48 39      WRLD_BBG000C3G9J2_2021-04-08
2021-06-14 14:30:48 40      WSC_BBG00B0FS947_2021-04-08
2021-06-14 14:30:48 41      WSM_BBG000FSMWC3_2021-04-08
2021-06-14 14:30:48 42      WSO_BBG000DJN7L9_2021-04-08
2021-06-14 14:30:48 42      WST_BBG000BX24N8_2021-04-08
2021-06-14 14:30:48 43      WTFC_BBG000HD3DW5_2021-04-08
2021-06-14 14:30:48 44      WTS_BBG000C4Z6C2_2021-04-08
2021-06-14 14:30:48 44      WTTR_BBG00G4Y2DC1_2021-04-08
2021-06-14 14:30:48 45      WU_BBG000BB5373_2021-04-08
2021-06-14 14:30:48 46      WWD_BBG000BD53V2_2021-04-08
2021-06-14 14:30:48 47      WWE_BBG000F5YH15_2021-04-08
2021-06-14 14:30:48 48      WWW_BBG000BX2YN2_2021-04-08
2021-06-14 14:30:48 49      WY_BBG000BX3BL3_2021-04-08
2021-06-14 14:30:48 50      WYNN_BBG000LD9JQ8_2021-04-08
2021-06-14 14:30:48 52      XEC_BBG000D6L294_2021-04-08
2021-06-14 14:30:48 52      XEL_BBG000BCTQ65_2021-04-08
2021-06-14 14:30:48 54      XLNX_BBG000C0F570_2021-04-08
2021-06-14 14:30:48 57      XLRN_BBG000R5HWZ1_2021-04-08
2021-06-14 14:30:48 58      XNCR_BBG0026ZG4W0_2021-04-08
2021-06-14 14:30:48 60      XOM_BBG000GZQ728_2021-04-08
2021-06-14 14:30:48 63      XPO_BBG000L5CJF3_2021-04-08
2021-06-14 14:30:48 64      XRAY_BBG000BX57K1_2021-04-08
2021-06-14 14:30:48 65      XRX_BBG00NNG2ZJ8_2021-04-08
2021-06-14 14:30:48 66      XYL_BBG001D8R5D0_2021-04-08
2021-06-14 14:30:48 67      Y_BBG000BX6BJ3_2021-04-08
2021-06-14 14:30:48 68      YELP_BBG000Q2HM09_2021-04-08
2021-06-14 14:30:48 68      YETI_BBG00D8JC882_2021-04-08
2021-06-14 14:30:48 70      YEXT_BBG001MKZGY7_2021-04-08
2021-06-14 14:30:48 71      YUM_BBG000BH3GZ2_2021-04-08
2021-06-14 14:30:48 72      YUMC_BBG00B8N0HG1_2021-04-08
2021-06-14 14:30:48 73      YY_BBG003H0XV18_2021-04-08
2021-06-14 14:30:48 74      Z_BBG009NRSWJ4_2021-04-08
2021-06-14 14:30:48 77      ZBH_BBG000BKPL53_2021-04-08
2021-06-14 14:30:48 78      ZBRA_BBG000CC7LQ7_2021-04-08
2021-06-14 14:30:48 79      ZEN_BBG001HRFJG4_2021-04-08
2021-06-14 14:30:48 80      ZG_BBG000D13GN8_2021-04-08
2021-06-14 14:30:48 82      ZGNX_BBG000VDC3G9_2021-04-08
2021-06-14 14:30:48 82      ZI_BBG00S1HJ3M8_2021-04-08
2021-06-14 14:30:48 84      ZION_BBG000BX9WL1_2021-04-08
2021-06-14 14:30:48 85      ZM_BBG0042V6JM8_2021-04-08
2021-06-14 14:30:48 88      ZNH_BBG000BXQ7R1_2021-04-08
2021-06-14 14:30:48 89      ZS_BBG003338H34_2021-04-08
2021-06-14 14:30:48 92      ZTS_BBG0039320N9_2021-04-08
2021-06-14 14:30:48 93      ZUMZ_BBG000PYX812_2021-04-08
2021-06-14 14:30:48 94      ZUO_BBG000BT3HG5_2021-04-08
2021-06-14 14:30:48 95      ZYNE_BBG007BBS8B7_2021-04-08
2021-06-14 14:30:48 99      ZYXI_BBG000BJBXZ2_2021-04-08
2021-06-14 14:30:49 00      Total candles read: 3718589
2021-06-14 14:30:49 00      Start DisposeAsync...
2021-06-14 14:30:49 00      Attempted to divide by zero.
