2021-07-04 23:33:42 41      mode=TestTradeBot;CopyDDDDData=true;DumpQuotes=false;SubscribeQuotes=false;Strategies=MorningOpenStrategy;Token=token.txt;ConfigPath=usd.json;OutputFolder=.\new\;CandlesPath=C:\tinkoff\TestData\RawQuotes\5m\uncompressed\quotes_2021-04-09;
2021-07-04 23:33:42 41      Trade bot created
2021-07-04 23:33:42 43      Fake connection created
2021-07-04 23:33:42 58      Loaded 142 liquid instruments
2021-07-04 23:33:43 23      List of disabled tickers: 
2021-07-04 23:33:43 25      A_BBG000C2V3D6_2021-04-09
2021-07-04 23:33:43 31      AA_BBG00B3T3HD3_2021-04-09
2021-07-04 23:33:43 36      AAL_BBG005P7Q881_2021-04-09
2021-07-04 23:33:43 43      AAN_BBG00WCNDCZ6_2021-04-09
2021-07-04 23:33:43 44      AAON_BBG000C2LZP3_2021-04-09
2021-07-04 23:33:43 45      AAP_BBG000F7RCJ1_2021-04-09
2021-07-04 23:33:43 47      AAPL_BBG000B9XRY4_2021-04-09
2021-07-04 23:33:43 89      ABBV_BBG0025Y4RY4_2021-04-09
2021-07-04 23:33:43 96      ABC_BBG000MDCQC2_2021-04-09
2021-07-04 23:33:43 97      ABG_BBG000BKDWB5_2021-04-09
2021-07-04 23:33:43 98      ABMD_BBG000C101X4_2021-04-09
2021-07-04 23:33:44 00      ABNB_BBG001Y2XS07_2021-04-09
2021-07-04 23:33:44 03      ABT_BBG000B9ZXB4_2021-04-09
2021-07-04 23:33:44 06      ACAD_BBG000BHG9K0_2021-04-09
2021-07-04 23:33:44 10      ACH_BBG000CMRVH1_2021-04-09
2021-07-04 23:33:44 11      ACH: SPYKE!. Candle: ID:7, Time: 4:00, Close: 11.99
2021-07-04 23:33:44 11      ACH: BuyPending. Strategy: MorningOpenStrategy. Price: 11.99. Lots: 20. ChangeOpenToCurrent: -4.61. ChangePrevCloseToCurrent: -1.72. Candle: ID:7, Time: 4:00, Close: 11.99.
2021-07-04 23:33:44 11      ACH: OrderID: 3cdb32da. PlacedOrder. Status: New. RejectReason: 
2021-07-04 23:33:44 11      ACH: OrderID: 3cdb32da fully executed
2021-07-04 23:33:44 12      ACH: Buy more. Price: 11.5. Lots: 21. changeFromLastBuy: -4.09. Candle: ID:12, Time: 4:00, Close: 11.5.
2021-07-04 23:33:44 12      ACH: OrderID: e39e5461. PlacedOrder. Status: New. RejectReason: 
2021-07-04 23:33:44 12      ACH: OrderID: e39e5461 fully executed
2021-07-04 23:33:44 12      ACH: SPYKE!. Candle: ID:14, Time: 4:00, Close: 10.85
2021-07-04 23:33:44 12      ACH: SPYKE!. Candle: ID:15, Time: 4:00, Close: 10.8
2021-07-04 23:33:44 12      ACH: Morning closing. Close price: 12.02. Lots: 41. CandleChange: -0.08%. ChangeFromCandleHigh: -0.08%. Profit: 0.29(2.47%). Candle: ID:95, Time: 4:05, Close: 12.02
2021-07-04 23:33:44 12      ACH: OrderID: 4f04a4c1. PlacedOrder. Status: New. RejectReason: 
2021-07-04 23:33:44 12      ACH: OrderID: 4f04a4c1 fully executed
2021-07-04 23:33:44 13      ACM_BBG000F61RJ8_2021-04-09
2021-07-04 23:33:44 15      ACMR_BBG00HPSG933_2021-04-09
2021-07-04 23:33:44 16      ACN_BBG000D9D830_2021-04-09
2021-07-04 23:33:44 18      ADBE_BBG000BB5006_2021-04-09
2021-07-04 23:33:44 23      ADM_BBG000BB6WG8_2021-04-09
2021-07-04 23:33:44 26      ADP_BBG000JG0547_2021-04-09
2021-07-04 23:33:44 29      ADPT_BBG001J2PFF5_2021-04-09
2021-07-04 23:33:44 31      ADS_BBG000BFNR17_2021-04-09
2021-07-04 23:33:44 32      ADSK_BBG000BM7HL0_2021-04-09
2021-07-04 23:33:44 36      ADUS_BBG000NJGX84_2021-04-09
2021-07-04 23:33:44 37      AEE_BBG000B9X8C0_2021-04-09
2021-07-04 23:33:44 39      AEIS_BBG000FKMP26_2021-04-09
2021-07-04 23:33:44 40      AEO_BBG000BGXZB5_2021-04-09
2021-07-04 23:33:44 43      AERI_BBG001KJ7WJ5_2021-04-09
2021-07-04 23:33:44 44      AES_BBG000C23KJ3_2021-04-09
2021-07-04 23:33:44 46      AFG_BBG000DPKKK0_2021-04-09
2021-07-04 23:33:44 47      AFL_BBG000BBBNC6_2021-04-09
2021-07-04 23:33:44 49      AGCO_BBG000DCCZW2_2021-04-09
2021-07-04 23:33:44 50      AGIO_BBG000QY4ZD0_2021-04-09
2021-07-04 23:33:44 52      AIG_BBG000BBDZG3_2021-04-09
2021-07-04 23:33:44 54      AIR_BBG000BBGQF1_2021-04-09
2021-07-04 23:33:44 55      AIRC_BBG00XK3WVD0_2021-04-09
2021-07-04 23:33:44 57      AIT_BBG000BBHHP9_2021-04-09
2021-07-04 23:33:44 58      AIV_BBG000DD3510_2021-04-09
2021-07-04 23:33:44 60      AIV: BuyPending. Strategy: MorningOpenStrategy. Price: 6.15. Lots: 40. ChangeOpenToCurrent: -3.91. ChangePrevCloseToCurrent: -1.13. Candle: ID:9, Time: 7:00, Close: 6.15.
2021-07-04 23:33:44 60      AIV: OrderID: ce3dfeb1. PlacedOrder. Status: New. RejectReason: 
2021-07-04 23:33:44 61      AIV: Cancel order. Did not bought at market open. Candle: ID:52, Time: 7:05, Close: 6.19
2021-07-04 23:33:44 61      OrderID: ce3dfeb1 successfully canceled
2021-07-04 23:33:44 62      AIZ_BBG000BZX1N5_2021-04-09
2021-07-04 23:33:44 63      AJG_BBG000BBHXQ3_2021-04-09
2021-07-04 23:33:44 65      AJRD_BBG000BKRHQ7_2021-04-09
2021-07-04 23:33:44 66      AKAM_BBG000BJQWD2_2021-04-09
2021-07-04 23:33:44 68      ALB_BBG000BJ26K7_2021-04-09
2021-07-04 23:33:44 69      ALGN_BBG000BRNLL2_2021-04-09
2021-07-04 23:33:44 71      ALGT_BBG000LJS6B8_2021-04-09
2021-07-04 23:33:44 72      ALK_BBG000BBL0Y1_2021-04-09
2021-07-04 23:33:44 74      ALL_BBG000BVMGF2_2021-04-09
2021-07-04 23:33:44 76      ALLE_BBG003PS7JV1_2021-04-09
2021-07-04 23:33:44 77      ALLK_BBG003QBJKN0_2021-04-09
2021-07-04 23:33:44 78      ALLO_BBG00KHRRDX3_2021-04-09
2021-07-04 23:33:44 80      ALLY_BBG000BC2R71_2021-04-09
2021-07-04 23:33:44 82      ALNY_BBG000BFGNJ5_2021-04-09
2021-07-04 23:33:44 84      ALRM_BBG007GNPYY7_2021-04-09
2021-07-04 23:33:44 86      ALSN_BBG001KY3845_2021-04-09
2021-07-04 23:33:44 87      ALTR_BBG000PN9NB9_2021-04-09
2021-07-04 23:33:44 88      ALXN_BBG000G30YX4_2021-04-09
2021-07-04 23:33:44 90      AMAT_BBG000BBPFB9_2021-04-09
2021-07-04 23:33:45 00      AMCX_BBG000H01H92_2021-04-09
2021-07-04 23:33:45 01      AMD_BBG000BBQCY0_2021-04-09
2021-07-04 23:33:45 18      AME_BBG000B9XG87_2021-04-09
2021-07-04 23:33:45 20      AMED_BBG000B9ZV28_2021-04-09
2021-07-04 23:33:45 21      AMG_BBG000C060M4_2021-04-09
2021-07-04 23:33:45 23      AMGN_BBG000BBS2Y0_2021-04-09
2021-07-04 23:33:45 25      AMN_BBG000BCT197_2021-04-09
2021-07-04 23:33:45 25      AMP_BBG000G3QLY3_2021-04-09
2021-07-04 23:33:45 27      AMT_BBG000B9XYV2_2021-04-09
2021-07-04 23:33:45 29      AMWD_BBG000BBX657_2021-04-09
2021-07-04 23:33:45 30      AMZN_BBG000BVPV84_2021-04-09
2021-07-04 23:33:45 45      AN_BBG000BBXLW4_2021-04-09
2021-07-04 23:33:45 46      ANAB_BBG0026ZDHR0_2021-04-09
2021-07-04 23:33:45 48      ANDE_BBG000BF8CN3_2021-04-09
2021-07-04 23:33:45 49      ANET_BBG000N2HDY5_2021-04-09
2021-07-04 23:33:45 50      ANF_BBG000H9G7X2_2021-04-09
2021-07-04 23:33:45 52      ANGI_BBG00HVKH3Q0_2021-04-09
2021-07-04 23:33:45 54      ANIK_BBG000BBKZD8_2021-04-09
2021-07-04 23:33:45 55      ANIP_BBG000KK1L04_2021-04-09
2021-07-04 23:33:45 55      ANSS_BBG000GXZ4W7_2021-04-09
2021-07-04 23:33:45 57      ANTM_BBG000BCG930_2021-04-09
2021-07-04 23:33:45 59      AON_BBG00SSQFPK6_2021-04-09
2021-07-04 23:33:45 60      AOS_BBG000BC1L02_2021-04-09
2021-07-04 23:33:45 62      AOUT_BBG00QV8FS02_2021-04-09
2021-07-04 23:33:45 63      APA_BBG00YTS96G2_2021-04-09
2021-07-04 23:33:45 65      APD_BBG000BC4JJ4_2021-04-09
2021-07-04 23:33:45 67      APEI_BBG000RVD346_2021-04-09
2021-07-04 23:33:45 68      APH_BBG000B9YJ35_2021-04-09
2021-07-04 23:33:45 70      APLE_BBG006473QX9_2021-04-09
2021-07-04 23:33:45 71      APLT_BBG000DD0489_2021-04-09
2021-07-04 23:33:45 71      APLT: SPYKE!. Candle: ID:97, Time: 13:25, Close: 16.15
2021-07-04 23:33:45 71      APLT: SPYKE!. Candle: ID:707, Time: 21:40, Close: 16.2
2021-07-04 23:33:45 72      APPF_BBG008GC8CP6_2021-04-09
2021-07-04 23:33:45 73      APPN_BBG001C7PMJ2_2021-04-09
2021-07-04 23:33:45 74      APPS_BBG000HZ3562_2021-04-09
2021-07-04 23:33:45 77      APTV_BBG001QD41M9_2021-04-09
2021-07-04 23:33:45 79      ARCC_BBG000PD6X77_2021-04-09
2021-07-04 23:33:45 80      ARCT_BBG00NNW8JK1_2021-04-09
2021-07-04 23:33:45 81      ARCT: BuyPending. Strategy: MorningOpenStrategy. Price: 37.94. Lots: 6. ChangeOpenToCurrent: -7.46. ChangePrevCloseToCurrent: -0.03. Candle: ID:9, Time: 7:00, Close: 37.94.
2021-07-04 23:33:45 81      ARCT: OrderID: 41b075f3. PlacedOrder. Status: New. RejectReason: 
2021-07-04 23:33:45 81      ARCT: OrderID: 41b075f3 fully executed
2021-07-04 23:33:45 81      ARCT: Morning closing by timeout. Close price: 37.82. Lots: 6. Profit: -0.12(-0.32%). Candle: ID:61, Time: 7:20, Close: 37.82
2021-07-04 23:33:45 81      ARCT: OrderID: a973eb41. PlacedOrder. Status: New. RejectReason: 
2021-07-04 23:33:45 81      ARCT: OrderID: a973eb41 partially executed. Executed lots: 1. OrderStatus: 1/6 lots
2021-07-04 23:33:45 81      ARCT: OrderID: a973eb41 partially executed. Executed lots: 1. OrderStatus: 2/6 lots
2021-07-04 23:33:45 81      ARCT: OrderID: a973eb41 partially executed. Executed lots: 2. OrderStatus: 4/6 lots
2021-07-04 23:33:45 81      ARCT: OrderID: a973eb41 fully executed
2021-07-04 23:33:45 82      ARE_BBG000BC33T9_2021-04-09
2021-07-04 23:33:45 84      ARMK_BBG001KY4N87_2021-04-09
2021-07-04 23:33:45 86      ARNA_BBG000BKXBV7_2021-04-09
2021-07-04 23:33:45 87      ARNC_BBG00R45JYB7_2021-04-09
2021-07-04 23:33:45 88      ARQT_BBG00QN8K4M4_2021-04-09
2021-07-04 23:33:45 89      ARVN_BBG00LW7YK82_2021-04-09
2021-07-04 23:33:45 90      ARW_BBG000BCD3D5_2021-04-09
2021-07-04 23:33:45 92      ARWR_BBG000BRVKH0_2021-04-09
2021-07-04 23:33:45 94      ASGN_BBG000CRN8N8_2021-04-09
2021-07-04 23:33:45 95      ASH_BBG00D0Y81M1_2021-04-09
2021-07-04 23:33:45 96      ASIX_BBG00CWTTQ41_2021-04-09
2021-07-04 23:33:45 97      ATEX_BBG0081NLHR0_2021-04-09
2021-07-04 23:33:45 99      ATGE_BBG000DQBZJ7_2021-04-09
2021-07-04 23:33:45 99      ATKR_BBG000QTFDQ4_2021-04-09
2021-07-04 23:33:46 01      ATR_BBG000BGX2S0_2021-04-09
2021-07-04 23:33:46 01      ATRA_BBG005Q3MQY4_2021-04-09
2021-07-04 23:33:46 04      ATRC_BBG000BL6CB5_2021-04-09
2021-07-04 23:33:46 05      ATRI_BBG000DTT624_2021-04-09
2021-07-04 23:33:46 05      ATRO_BBG000BCLBY5_2021-04-09
2021-07-04 23:33:46 06      ATUS_BBG00GFMPRK0_2021-04-09
2021-07-04 23:33:46 09      ATVI_BBG000CVWGS6_2021-04-09
2021-07-04 23:33:46 13      AVAV_BBG000GX14P2_2021-04-09
2021-07-04 23:33:46 13      AVB_BBG000BLPBL5_2021-04-09
2021-07-04 23:33:46 15      AVGO_BBG00KHY5S69_2021-04-09
2021-07-04 23:33:46 18      AVLR_BBG000R4Y9C1_2021-04-09
2021-07-04 23:33:46 19      AVNS_BBG005L86G05_2021-04-09
2021-07-04 23:33:46 20      AVNT_BBG000C8NJ10_2021-04-09
2021-07-04 23:33:46 22      AVTR_BBG00G2HHYD7_2021-04-09
2021-07-04 23:33:46 23      AVY_BBG000BCQ4P6_2021-04-09
2021-07-04 23:33:46 24      AWI_BBG000DW4LB1_2021-04-09
2021-07-04 23:33:46 25      AWK_BBG000TRJ294_2021-04-09
2021-07-04 23:33:46 26      AWR_BBG000F964B6_2021-04-09
2021-07-04 23:33:46 27      AX_BBG000QPHD08_2021-04-09
2021-07-04 23:33:46 28      AXGN_BBG000BN46R9_2021-04-09
2021-07-04 23:33:46 29      AXP_BBG000BCQZS4_2021-04-09
2021-07-04 23:33:46 32      AXSM_BBG00B6G7GL7_2021-04-09
2021-07-04 23:33:46 33      AYI_BBG000BJ5HK0_2021-04-09
2021-07-04 23:33:46 34      AYX_BBG000BGZT72_2021-04-09
2021-07-04 23:33:46 36      AZO_BBG000C7LMS8_2021-04-09
2021-07-04 23:33:46 37      AZPN_BBG000DFMXT3_2021-04-09
2021-07-04 23:33:46 38      BA_BBG000BCSST7_2021-04-09
2021-07-04 23:33:46 45      BABA_BBG006G2JVL2_2021-04-09
2021-07-04 23:33:46 66      BAC_BBG000BCTLF6_2021-04-09
2021-07-04 23:33:46 72      BAH_BBG000R2YFG7_2021-04-09
2021-07-04 23:33:46 74      BAND_BBG001K003W2_2021-04-09
2021-07-04 23:33:46 75      BAX_BBG000BCVJ77_2021-04-09
2021-07-04 23:33:46 76      BBIO_BBG00P9KDZK6_2021-04-09
2021-07-04 23:33:46 79      BBSI_BBG000BHJSC4_2021-04-09
2021-07-04 23:33:46 79      BBY_BBG000BCWCG1_2021-04-09
2021-07-04 23:33:46 81      BBBY_BBG000CSY9H9_2021-04-09
2021-07-04 23:33:46 84      BC_BBG000BCWSS3_2021-04-09
2021-07-04 23:33:46 85      BCO_BBG000DR5QP5_2021-04-09
2021-07-04 23:33:46 86      BCPC_BBG000BCY878_2021-04-09
2021-07-04 23:33:46 87      BDC_BBG000Q4XNV1_2021-04-09
2021-07-04 23:33:46 88      BDTX_BBG00MS4Y0W9_2021-04-09
2021-07-04 23:33:46 89      BDX_BBG000BCZYD3_2021-04-09
2021-07-04 23:33:46 91      BECN_BBG000BKTXF2_2021-04-09
2021-07-04 23:33:46 92      BEN_BBG000BD0TF8_2021-04-09
2021-07-04 23:33:46 93      BERY_BBG000Q1R1Y9_2021-04-09
2021-07-04 23:33:46 94      BF.B_BBG000BD2NY8_2021-04-09
2021-07-04 23:33:46 96      BFAM_BBG003LFWP05_2021-04-09
2021-07-04 23:33:46 97      BFYT_BBG003QRSQD3_2021-04-09
2021-07-04 23:33:46 97      BGS_BBG000RKXRQ1_2021-04-09
2021-07-04 23:33:46 98      BH_BBG00JPRDQH1_2021-04-09
2021-07-04 23:33:46 99      BHF_BBG00DYPZ4T0_2021-04-09
2021-07-04 23:33:47 00      BIDU_BBG000QXWHD1_2021-04-09
2021-07-04 23:33:47 10      BIG_BBG000J0D904_2021-04-09
2021-07-04 23:33:47 11      BIIB_BBG000C17X76_2021-04-09
2021-07-04 23:33:47 14      BILI_BBG00K7T3037_2021-04-09
2021-07-04 23:33:47 19      BILL_BBG00QVJV6V4_2021-04-09
2021-07-04 23:33:47 20      BIO_BBG000DY28W5_2021-04-09
2021-07-04 23:33:47 21      BJRI_BBG000H9LNX1_2021-04-09
2021-07-04 23:33:47 22      BK_BBG000BD8PN9_2021-04-09
2021-07-04 23:33:47 24      BKI_BBG00GX77LW3_2021-04-09
2021-07-04 23:33:47 25      BKNG_BBG000BLBVN4_2021-04-09
2021-07-04 23:33:47 27      BKR_BBG00GBVBK51_2021-04-09
2021-07-04 23:33:47 30      BL_BBG0029KJVB0_2021-04-09
2021-07-04 23:33:47 31      BLD_BBG0077VS2C0_2021-04-09
2021-07-04 23:33:47 32      BLDR_BBG000BKD3K9_2021-04-09
2021-07-04 23:33:47 34      BLK_BBG000C2PW58_2021-04-09
2021-07-04 23:33:47 36      BLKB_BBG000BGGTW5_2021-04-09
2021-07-04 23:33:47 37      BLL_BBG000BDDNH5_2021-04-09
2021-07-04 23:33:47 38      BLUE_BBG000QGWY50_2021-04-09
2021-07-04 23:33:47 41      BMI_BBG000BDGHD9_2021-04-09
2021-07-04 23:33:47 42      BMRN_BBG000CZWZ05_2021-04-09
2021-07-04 23:33:47 44      BMY_BBG000DQLV23_2021-04-09
2021-07-04 23:33:47 47      BOH_BBG000C8D8G9_2021-04-09
2021-07-04 23:33:47 48      BOKF_BBG000CFZ003_2021-04-09
2021-07-04 23:33:47 49      BOOT_BBG0077SYZV6_2021-04-09
2021-07-04 23:33:47 50      BOX_BBG000PMSK08_2021-04-09
2021-07-04 23:33:47 52      BPMC_BBG001MC8YF7_2021-04-09
2021-07-04 23:33:47 54      BR_BBG000PPFKQ7_2021-04-09
2021-07-04 23:33:47 55      BRC_BBG000BDNV95_2021-04-09
2021-07-04 23:33:47 55      BRK.B_BBG000DWG505_2021-04-09
2021-07-04 23:33:47 59      BRKR_BBG000CL1FG7_2021-04-09
2021-07-04 23:33:47 60      BRO_BBG000BWSGF4_2021-04-09
2021-07-04 23:33:47 61      BSX_BBG000C0LW92_2021-04-09
2021-07-04 23:33:47 63      BTAI_BBG00K20GVD2_2021-04-09
2021-07-04 23:33:47 65      BTI_BBG000BWPXQ8_2021-04-09
2021-07-04 23:33:47 67      BUD_BBG000RYC984_2021-04-09
2021-07-04 23:33:47 68      BURL_BBG004S641N5_2021-04-09
2021-07-04 23:33:47 69      BWA_BBG000BJ49H3_2021-04-09
2021-07-04 23:33:47 70      BWXT_BBG000D86F25_2021-04-09
2021-07-04 23:33:47 71      BX_BBG000BH0106_2021-04-09
2021-07-04 23:33:47 73      BXP_BBG000BS5CM9_2021-04-09
2021-07-04 23:33:47 74      BYND_BBG003CVJP50_2021-04-09
2021-07-04 23:33:47 78      BZUN_BBG008HNS333_2021-04-09
2021-07-04 23:33:47 80      C_BBG000FY4S11_2021-04-09
2021-07-04 23:33:47 85      CABO_BBG000F02T51_2021-04-09
2021-07-04 23:33:47 85      CACC_BBG000CS0D96_2021-04-09
2021-07-04 23:33:47 86      CAG_BBG000BDXGP9_2021-04-09
2021-07-04 23:33:47 88      CAH_BBG000D898T9_2021-04-09
2021-07-04 23:33:47 90      CALM_BBG000CDMJW6_2021-04-09
2021-07-04 23:33:47 91      CARA_BBG001J2QYS9_2021-04-09
2021-07-04 23:33:47 94      CARG_BBG00HQ77DS2_2021-04-09
2021-07-04 23:33:47 95      CARR_BBG00RP5HYS8_2021-04-09
2021-07-04 23:33:47 97      CARS_BBG000HGTH33_2021-04-09
2021-07-04 23:33:47 98      CASY_BBG000BF0672_2021-04-09
2021-07-04 23:33:47 99      CAT_BBG000BF0K17_2021-04-09
2021-07-04 23:33:48 02      CB_BBG000BR14K5_2021-04-09
2021-07-04 23:33:48 03      CBRE_BBG000C04224_2021-04-09
2021-07-04 23:33:48 04      CBRL_BBG000BF33K1_2021-04-09
2021-07-04 23:33:48 05      CBSH_BBG000BF3G77_2021-04-09
2021-07-04 23:33:48 06      CBU_BBG000BF4D19_2021-04-09
2021-07-04 23:33:48 07      CCI_BBG000FV1Z23_2021-04-09
2021-07-04 23:33:48 08      CCK_BBG000BF6756_2021-04-09
2021-07-04 23:33:48 09      CCL_BBG000BF6LY3_2021-04-09
2021-07-04 23:33:48 17      CCOI_BBG000D0SMY8_2021-04-09
2021-07-04 23:33:48 18      CCXI_BBG000PTSB12_2021-04-09
2021-07-04 23:33:48 19      CDK_BBG006B6PVN9_2021-04-09
2021-07-04 23:33:48 21      CDLX_BBG00225ZDD0_2021-04-09
2021-07-04 23:33:48 22      CDNA_BBG006JS5785_2021-04-09
2021-07-04 23:33:48 23      CDNS_BBG000C13CD9_2021-04-09
2021-07-04 23:33:48 26      CDW_BBG001P63B80_2021-04-09
2021-07-04 23:33:48 28      CE_BBG000JYP7L8_2021-04-09
2021-07-04 23:33:48 30      CEA_BBG000BCFNR4_2021-04-09
2021-07-04 23:33:48 31      CENT_BBG000BFD605_2021-04-09
2021-07-04 23:33:48 32      CENTA_BBG000KTYB56_2021-04-09
2021-07-04 23:33:48 32      CERN_BBG000BFDLV8_2021-04-09
2021-07-04 23:33:48 35      CEVA_BBG000BN3P07_2021-04-09
2021-07-04 23:33:48 36      CF_BBG000BWJFZ4_2021-04-09
2021-07-04 23:33:48 37      CFG_BBG006Q0HY77_2021-04-09
2021-07-04 23:33:48 39      CFR_BBG000C2PL98_2021-04-09
2021-07-04 23:33:48 40      CFX_BBG000C5Z443_2021-04-09
2021-07-04 23:33:48 41      CGEN_BBG000B9ZLB0_2021-04-09
2021-07-04 23:33:48 42      CGNX_BBG000BPBVW5_2021-04-09
2021-07-04 23:33:48 44      CHD_BBG000BFJT36_2021-04-09
2021-07-04 23:33:48 46      CHDN_BBG000BGXMG9_2021-04-09
2021-07-04 23:33:48 47      CHE_BBG000C19QW1_2021-04-09
2021-07-04 23:33:48 48      CHEF_BBG001MFW6D6_2021-04-09
2021-07-04 23:33:48 49      CHGG_BBG0014XR0N5_2021-04-09
2021-07-04 23:33:48 50      CHH_BBG000BPBTL2_2021-04-09
2021-07-04 23:33:48 51      CHKP_BBG000K82ZT8_2021-04-09
2021-07-04 23:33:48 53      CHNG_BBG0059KNH10_2021-04-09
2021-07-04 23:33:48 54      CHRW_BBG000BTCH57_2021-04-09
2021-07-04 23:33:48 55      CHTR_BBG000VPGNR2_2021-04-09
2021-07-04 23:33:48 58      CHWY_BBG00P19DKZ6_2021-04-09
2021-07-04 23:33:48 59      CHX_BBG00JH9TZ56_2021-04-09
2021-07-04 23:33:48 60      CI_BBG00KXRCDP0_2021-04-09
2021-07-04 23:33:48 62      CIEN_BBG000BP1152_2021-04-09
2021-07-04 23:33:48 63      CINF_BBG000BFPK65_2021-04-09
2021-07-04 23:33:48 65      CL_BBG000BFQYY3_2021-04-09
2021-07-04 23:33:48 67      CLDR_BBG000DRJFC8_2021-04-09
2021-07-04 23:33:48 69      CLDT_BBG000PT6BR8_2021-04-09
2021-07-04 23:33:48 70      CLF_BBG000BFRF55_2021-04-09
2021-07-04 23:33:48 72      CLGX_BBG000C2H3F0_2021-04-09
2021-07-04 23:33:48 73      CLH_BBG000BFRRX8_2021-04-09
2021-07-04 23:33:48 74      CLR_BBG000BHBGN6_2021-04-09
2021-07-04 23:33:48 75      CLR: SPYKE!. Candle: ID:3303, Time: 20:05, Close: 26.4
2021-07-04 23:33:48 76      CLX_BBG000BFS7D3_2021-04-09
2021-07-04 23:33:48 77      CMA_BBG000C75N77_2021-04-09
2021-07-04 23:33:48 79      CMC_BBG000BFSND8_2021-04-09
2021-07-04 23:33:48 80      CMCO_BBG000BCWWV0_2021-04-09
2021-07-04 23:33:48 81      CMCSA_BBG000BFT2L4_2021-04-09
2021-07-04 23:33:48 87      CME_BBG000BHLYP4_2021-04-09
2021-07-04 23:33:48 88      CMG_BBG000QX74T1_2021-04-09
2021-07-04 23:33:48 90      CMI_BBG000BGPTV6_2021-04-09
2021-07-04 23:33:48 92      CMP_BBG000C42WS4_2021-04-09
2021-07-04 23:33:48 93      CMS_BBG000BFVXX0_2021-04-09
2021-07-04 23:33:48 95      CNC_BBG000BDXCJ5_2021-04-09
2021-07-04 23:33:48 97      CNK_BBG000QDVR53_2021-04-09
2021-07-04 23:33:49 00      CNP_BBG000FDBX90_2021-04-09
2021-07-04 23:33:49 01      CNS_BBG000BB0WG4_2021-04-09
2021-07-04 23:33:49 02      CNST_BBG000R1H6P8_2021-04-09
2021-07-04 23:33:49 02      CNST: SPYKE!. Candle: ID:40, Time: 12:55, Close: 24.44
2021-07-04 23:33:49 02      CNXC_BBG00RCNQMX3_2021-04-09
2021-07-04 23:33:49 04      CNXN_BBG000BX74M4_2021-04-09
2021-07-04 23:33:49 04      COF_BBG000BGKTF9_2021-04-09
2021-07-04 23:33:49 06      COG_BBG000C3GN47_2021-04-09
2021-07-04 23:33:49 08      COHR_BBG000BG1DH3_2021-04-09
2021-07-04 23:33:49 09      COKE_BBG000BG1SX2_2021-04-09
2021-07-04 23:33:49 10      COLM_BBG000BKKQ84_2021-04-09
2021-07-04 23:33:49 11      CONE_BBG0038V5TX1_2021-04-09
2021-07-04 23:33:49 13      COO_BBG000BG3445_2021-04-09
2021-07-04 23:33:49 14      COP_BBG000BQQH30_2021-04-09
2021-07-04 23:33:49 17      CORR_BBG000CN80Y9_2021-04-09
2021-07-04 23:33:49 19      CORT_BBG000BKJG33_2021-04-09
2021-07-04 23:33:49 20      COST_BBG000F6H8W8_2021-04-09
2021-07-04 23:33:49 23      COTY_BBG000F395V1_2021-04-09
2021-07-04 23:33:49 24      COUP_BBG001J4BCN4_2021-04-09
2021-07-04 23:33:49 26      CPB_BBG000BG4202_2021-04-09
2021-07-04 23:33:49 27      CPRI_BBG0029SNR63_2021-04-09
2021-07-04 23:33:49 28      CPRT_BBG000BM9RH1_2021-04-09
2021-07-04 23:33:49 30      CPS_BBG000PSXT64_2021-04-09
2021-07-04 23:33:49 31      CR_BBG000BG7423_2021-04-09
2021-07-04 23:33:49 32      CREE_BBG000BG14P4_2021-04-09
2021-07-04 23:33:49 35      CRI_BBG000CTM4J9_2021-04-09
2021-07-04 23:33:49 36      CRL_BBG000BG5BL8_2021-04-09
2021-07-04 23:33:49 36      CRM_BBG000BN2DC2_2021-04-09
2021-07-04 23:33:49 38      CRM: BuyPending. Strategy: MorningOpenStrategy. Price: 220. Lots: 1. ChangeOpenToCurrent: -1.09. ChangePrevCloseToCurrent: -2.06. Candle: ID:9, Time: 4:00, Close: 220.
2021-07-04 23:33:49 38      CRM: OrderID: 64d14273. PlacedOrder. Status: New. RejectReason: 
2021-07-04 23:33:49 38      CRM: Cancel order. Did not bought at market open. Candle: ID:25, Time: 4:05, Close: 223.28
2021-07-04 23:33:49 38      OrderID: 64d14273 successfully canceled
2021-07-04 23:33:49 41      CRMT_BBG000CM6L31_2021-04-09
2021-07-04 23:33:49 41      CROX_BBG000BLY663_2021-04-09
2021-07-04 23:33:49 43      CRS_BBG000BGCQT9_2021-04-09
2021-07-04 23:33:49 43      CRTX_BBG00BTK1DT8_2021-04-09
2021-07-04 23:33:49 45      CRUS_BBG000C1DHF5_2021-04-09
2021-07-04 23:33:49 46      CRVL_BBG000CVKZY0_2021-04-09
2021-07-04 23:33:49 47      CRWD_BBG00BLYKS03_2021-04-09
2021-07-04 23:33:49 51      CSCO_BBG000C3J3C9_2021-04-09
2021-07-04 23:33:49 55      CSGP_BBG000D7JKW9_2021-04-09
2021-07-04 23:33:49 56      CSGS_BBG000G3TQV2_2021-04-09
2021-07-04 23:33:49 57      CSII_BBG000NWQ9S5_2021-04-09
2021-07-04 23:33:49 58      CSL_BBG000BGGBT8_2021-04-09
2021-07-04 23:33:49 59      CSOD_BBG0016X4XN6_2021-04-09
2021-07-04 23:33:49 60      CSWI_BBG007NLG4L3_2021-04-09
2021-07-04 23:33:49 61      CSX_BBG000BGJRC8_2021-04-09
2021-07-04 23:33:49 65      CTAS_BBG000H3YXF8_2021-04-09
2021-07-04 23:33:49 66      CTB_BBG000BGKXV2_2021-04-09
2021-07-04 23:33:49 67      CTLT_BBG005XR47P5_2021-04-09
2021-07-04 23:33:49 69      CTSH_BBG000BBDV81_2021-04-09
2021-07-04 23:33:49 71      CTVA_BBG00BN969C1_2021-04-09
2021-07-04 23:33:49 73      CTXS_BBG000FQ6PY6_2021-04-09
2021-07-04 23:33:49 75      CVCO_BBG000K4WS65_2021-04-09
2021-07-04 23:33:49 75      CVET_BBG00KR691K8_2021-04-09
2021-07-04 23:33:49 77      CVGW_BBG000BGPQW1_2021-04-09
2021-07-04 23:33:49 78      CVLT_BBG000BG88X9_2021-04-09
2021-07-04 23:33:49 79      CVNA_BBG00GCTWDJ3_2021-04-09
2021-07-04 23:33:49 80      CVS_BBG000BGRY34_2021-04-09
2021-07-04 23:33:49 83      CVX_BBG000K4ND22_2021-04-09
2021-07-04 23:33:49 87      CW_BBG000BGSPS5_2021-04-09
2021-07-04 23:33:49 88      CWST_BBG000BT0J38_2021-04-09
2021-07-04 23:33:49 89      CWT_BBG000D8KTN6_2021-04-09
2021-07-04 23:33:49 89      CY_BBG000BXNJ07_2021-04-09
2021-07-04 23:33:49 90      D_BBG000BGVW60_2021-04-09
2021-07-04 23:33:49 92      DAL_BBG000R7Z112_2021-04-09
2021-07-04 23:33:49 96      DAR_BBG000BN8ZK8_2021-04-09
2021-07-04 23:33:49 97      DBX_BBG0018SLDN0_2021-04-09
2021-07-04 23:33:50 00      DCI_BBG000BGZP70_2021-04-09
2021-07-04 23:33:50 01      DCPH_BBG00HMJ9H54_2021-04-09
2021-07-04 23:33:50 02      DD_BBG00BN961G4_2021-04-09
2021-07-04 23:33:50 04      DDOG_BBG003NJHZT9_2021-04-09
2021-07-04 23:33:50 06      DDS_BBG000BS4MP5_2021-04-09
2021-07-04 23:33:50 08      DE_BBG000BH1NH9_2021-04-09
2021-07-04 23:33:50 11      DECK_BBG000BKXYX5_2021-04-09
2021-07-04 23:33:50 12      DELL_BBG00DW3SZS1_2021-04-09
2021-07-04 23:33:50 13      DFS_BBG000QBR5J5_2021-04-09
2021-07-04 23:33:50 15      DG_BBG000NV1KK7_2021-04-09
2021-07-04 23:33:50 17      DGX_BBG000BN84F3_2021-04-09
2021-07-04 23:33:50 19      DHI_BBG000DQTXY6_2021-04-09
2021-07-04 23:33:50 21      DHR_BBG000BH3JF8_2021-04-09
2021-07-04 23:33:50 22      DIOD_BBG000G25P51_2021-04-09
2021-07-04 23:33:50 24      DIS_BBG000BH4R78_2021-04-09
2021-07-04 23:33:50 28      DISCA_BBG000CHWP52_2021-04-09
2021-07-04 23:33:50 36      DISCB_BBG000F7L5N7_2021-04-09
2021-07-04 23:33:50 37      DISCK_BBG000VMWHH5_2021-04-09
2021-07-04 23:33:50 40      DK_BBG00FZYFVC5_2021-04-09
2021-07-04 23:33:50 41      DKNG_BBG00TCBG714_2021-04-09
2021-07-04 23:33:50 47      DKS_BBG000F6ZWH2_2021-04-09
2021-07-04 23:33:50 48      DLB_BBG000DGLTG5_2021-04-09
2021-07-04 23:33:50 49      DLR_BBG000Q5ZRM7_2021-04-09
2021-07-04 23:33:50 50      DLTH_BBG002GBMZG4_2021-04-09
2021-07-04 23:33:50 51      DLTR_BBG000BSC0K9_2021-04-09
2021-07-04 23:33:50 53      DLX_BBG000BH6360_2021-04-09
2021-07-04 23:33:50 54      DNLI_BBG008P7F869_2021-04-09
2021-07-04 23:33:50 55      DNOW_BBG005BLN209_2021-04-09
2021-07-04 23:33:50 56      DOCU_BBG000N7KJX8_2021-04-09
2021-07-04 23:33:50 60      DORM_BBG000BM22F5_2021-04-09
2021-07-04 23:33:50 61      DOV_BBG000BHB3M6_2021-04-09
2021-07-04 23:33:50 62      DOW_BBG00BN96922_2021-04-09
2021-07-04 23:33:50 64      DPZ_BBG000P458P3_2021-04-09
2021-07-04 23:33:50 66      DRE_BBG000BHD8S7_2021-04-09
2021-07-04 23:33:50 67      DRI_BBG000BBNYF6_2021-04-09
2021-07-04 23:33:50 69      DRNA_BBG001J1DB23_2021-04-09
2021-07-04 23:33:50 70      DRQ_BBG000BVDBY2_2021-04-09
2021-07-04 23:33:50 71      DT_BBG00PNN7C40_2021-04-09
2021-07-04 23:33:50 72      DVA_BBG000MQ1SN9_2021-04-09
2021-07-04 23:33:50 73      DVN_BBG000BBVJZ8_2021-04-09
2021-07-04 23:33:50 75      DXC_BBG00FN64XT9_2021-04-09
2021-07-04 23:33:50 77      DXCM_BBG000QTF8K1_2021-04-09
2021-07-04 23:33:50 78      DY_BBG000C4SKT1_2021-04-09
2021-07-04 23:33:50 79      EA_BBG000BP0KQ8_2021-04-09
2021-07-04 23:33:50 82      EAT_BBG000BK28N7_2021-04-09
2021-07-04 23:33:50 83      EBAY_BBG000C43RR5_2021-04-09
2021-07-04 23:33:50 85      EBS_BBG000GW06J7_2021-04-09
2021-07-04 23:33:50 87      ECHO_BBG000RFP8W6_2021-04-09
2021-07-04 23:33:50 88      ECL_BBG000BHKYH4_2021-04-09
2021-07-04 23:33:50 89      ECPG_BBG000F369C7_2021-04-09
2021-07-04 23:33:50 89      ED_BBG000BHLYS1_2021-04-09
2021-07-04 23:33:50 91      EDIT_BBG005MX5GZ2_2021-04-09
2021-07-04 23:33:50 92      EEFT_BBG000BMNBY1_2021-04-09
2021-07-04 23:33:50 94      EFX_BBG000BHPL78_2021-04-09
2021-07-04 23:33:50 95      EGHT_BBG000BCGHH7_2021-04-09
2021-07-04 23:33:50 96      EGRX_BBG005Y3XWH9_2021-04-09
2021-07-04 23:33:50 97      EHTH_BBG000P5JQX6_2021-04-09
2021-07-04 23:33:50 98      EIX_BBG000D7RKJ5_2021-04-09
2021-07-04 23:33:51 00      EL_BBG000FKJRC5_2021-04-09
2021-07-04 23:33:51 01      ELAN_BBG00LJYS1P8_2021-04-09
2021-07-04 23:33:51 02      ELS_BBG000BB7SX7_2021-04-09
2021-07-04 23:33:51 03      EME_BBG000BBRPL4_2021-04-09
2021-07-04 23:33:51 04      EMN_BBG000BLW530_2021-04-09
2021-07-04 23:33:51 06      EMR_BBG000BHX7N2_2021-04-09
2021-07-04 23:33:51 08      ENDP_BBG000C0HQ54_2021-04-09
2021-07-04 23:33:51 09      ENPH_BBG001R3MNY9_2021-04-09
2021-07-04 23:33:51 12      ENR_BBG006FCB019_2021-04-09
2021-07-04 23:33:51 13      ENS_BBG000PWTD92_2021-04-09
2021-07-04 23:33:51 14      ENTA_BBG001V9NSB4_2021-04-09
2021-07-04 23:33:51 15      ENTG_BBG000CTV4N4_2021-04-09
2021-07-04 23:33:51 17      ENV_BBG000Q4NZ54_2021-04-09
2021-07-04 23:33:51 18      EOG_BBG000BZ9223_2021-04-09
2021-07-04 23:33:51 20      EPAM_BBG000MHTV89_2021-04-09
2021-07-04 23:33:51 20      EPAY_BBG000BRNH31_2021-04-09
2021-07-04 23:33:51 21      EPC_BBG000BRW644_2021-04-09
2021-07-04 23:33:51 23      EQIX_BBG000MBDGM6_2021-04-09
2021-07-04 23:33:51 24      EQT_BBG000BHZ5J9_2021-04-09
2021-07-04 23:33:51 26      ERIE_BBG000BBTJZ1_2021-04-09
2021-07-04 23:33:51 27      ES_BBG000BQ87N0_2021-04-09
2021-07-04 23:33:51 28      ESPR_BBG004KB3S72_2021-04-09
2021-07-04 23:33:51 30      ESS_BBG000CGJMB9_2021-04-09
2021-07-04 23:33:51 30      ET_BBG000BM2FL9_2021-04-09
2021-07-04 23:33:51 33      ETN_BBG000BJ3PD2_2021-04-09
2021-07-04 23:33:51 35      ETR_BBG000C1FQS9_2021-04-09
2021-07-04 23:33:51 36      ETRN_BBG00K53L394_2021-04-09
2021-07-04 23:33:51 38      ETSY_BBG000N7MXL8_2021-04-09
2021-07-04 23:33:51 41      EVBG_BBG0022FMPD5_2021-04-09
2021-07-04 23:33:51 42      EVER_BBG00F17NDH7_2021-04-09
2021-07-04 23:33:51 43      EVH_BBG005CHLM96_2021-04-09
2021-07-04 23:33:51 44      EVR_BBG000BP30Y0_2021-04-09
2021-07-04 23:33:51 45      EVRG_BBG00H433CR2_2021-04-09
2021-07-04 23:33:51 46      EW_BBG000BRXP69_2021-04-09
2021-07-04 23:33:51 48      EWBC_BBG000CR20B1_2021-04-09
2021-07-04 23:33:51 50      EXAS_BBG000CWL0F5_2021-04-09
2021-07-04 23:33:51 52      EXC_BBG000J6XT05_2021-04-09
2021-07-04 23:33:51 54      EXEL_BBG000BQ4WF8_2021-04-09
2021-07-04 23:33:51 55      EXLS_BBG000NS3P30_2021-04-09
2021-07-04 23:33:51 56      EXP_BBG000BJW241_2021-04-09
2021-07-04 23:33:51 57      EXPD_BBG000BJ5GK2_2021-04-09
2021-07-04 23:33:51 59      EXPE_BBG000QY3XZ2_2021-04-09
2021-07-04 23:33:51 61      EXR_BBG000PV27K3_2021-04-09
2021-07-04 23:33:51 62      EYE_BBG00HVQF9K2_2021-04-09
2021-07-04 23:33:51 64      F_BBG000BQPC32_2021-04-09
2021-07-04 23:33:51 67      FANG_BBG002PHSYX9_2021-04-09
2021-07-04 23:33:51 69      FARO_BBG000BJD7C2_2021-04-09
2021-07-04 23:33:51 70      FAST_BBG000BJ8YN7_2021-04-09
2021-07-04 23:33:51 72      FATE_BBG000QP35H2_2021-04-09
2021-07-04 23:33:51 74      FB_BBG000MM2P62_2021-04-09
2021-07-04 23:33:51 86      FBHS_BBG001B4BV87_2021-04-09
2021-07-04 23:33:51 87      FCFS_BBG000DNF659_2021-04-09
2021-07-04 23:33:51 88      FCN_BBG000K88H58_2021-04-09
2021-07-04 23:33:51 89      FCX_BBG000BJDB15_2021-04-09
2021-07-04 23:33:51 93      FDS_BBG000BDJL83_2021-04-09
2021-07-04 23:33:51 95      FDX_BBG000BJF1Z8_2021-04-09
2021-07-04 23:33:51 97      FELE_BBG000BJGGV8_2021-04-09
2021-07-04 23:33:51 97      FFIV_BBG000CXYSZ6_2021-04-09
2021-07-04 23:33:52 00      FGEN_BBG000FW5ZL6_2021-04-09
2021-07-04 23:33:52 04      FICO_BBG000DW76Y6_2021-04-09
2021-07-04 23:33:52 05      FIS_BBG000BK2F42_2021-04-09
2021-07-04 23:33:52 08      FISV_BBG000BJKPG0_2021-04-09
2021-07-04 23:33:52 11      FITB_BBG000BJL3N0_2021-04-09
2021-07-04 23:33:52 13      FIVN_BBG001KHJM17_2021-04-09
2021-07-04 23:33:52 15      FIZZ_BBG000BF8CB6_2021-04-09
2021-07-04 23:33:52 16      FL_BBG000BX8DC4_2021-04-09
2021-07-04 23:33:52 18      FLIR_BBG000BHK836_2021-04-09
2021-07-04 23:33:52 19      FLOW_BBG007FL7ZD2_2021-04-09
2021-07-04 23:33:52 20      FLR_BBG000BB1TH9_2021-04-09
2021-07-04 23:33:52 21      FLS_BBG000FFH4P5_2021-04-09
2021-07-04 23:33:52 22      FLT_BBG000GPXKX9_2021-04-09
2021-07-04 23:33:52 23      FLWS_BBG000BBR9P6_2021-04-09
2021-07-04 23:33:52 24      FMC_BBG000BJP882_2021-04-09
2021-07-04 23:33:52 25      FND_BBG007GJ2F81_2021-04-09
2021-07-04 23:33:52 26      FNKO_BBG00HXSHDQ9_2021-04-09
2021-07-04 23:33:52 30      FOCS_BBG00L0YTFN8_2021-04-09
2021-07-04 23:33:52 31      FOE_BBG000BJQK11_2021-04-09
2021-07-04 23:33:52 32      FOLD_BBG000PLF6N0_2021-04-09
2021-07-04 23:33:52 34      FORM_BBG000D1Y3P1_2021-04-09
2021-07-04 23:33:52 35      FORR_BBG000HGNYG8_2021-04-09
2021-07-04 23:33:52 36      FOX_BBG00JHNKJY8_2021-04-09
2021-07-04 23:33:52 37      FOXA_BBG00JHNJW99_2021-04-09
2021-07-04 23:33:52 40      FOXF_BBG004T7VS53_2021-04-09
2021-07-04 23:33:52 41      FRHC_BBG000N625H8_2021-04-09
2021-07-04 23:33:52 42      FRPH_BBG000HCVWW4_2021-04-09
2021-07-04 23:33:52 43      FRPT_BBG001D0HB36_2021-04-09
2021-07-04 23:33:52 44      FSLR_BBG000BFL116_2021-04-09
2021-07-04 23:33:52 47      FSLY_BBG004NLQHL0_2021-04-09
2021-07-04 23:33:52 50      FTCH_BBG00LSD4456_2021-04-09
2021-07-04 23:33:52 52      FTI_BBG00DL8NMV2_2021-04-09
2021-07-04 23:33:52 54      FTNT_BBG000BCMBG4_2021-04-09
2021-07-04 23:33:52 55      FTV_BBG00BLVZ228_2021-04-09
2021-07-04 23:33:52 58      FUL_BBG000BJZ7V7_2021-04-09
2021-07-04 23:33:52 58      GATX_BBG000BKGXQ4_2021-04-09
2021-07-04 23:33:52 59      GBCI_BBG000C3KB84_2021-04-09
2021-07-04 23:33:52 60      GBT_BBG00341H6M0_2021-04-09
2021-07-04 23:33:52 62      GBX_BBG000CF5097_2021-04-09
2021-07-04 23:33:52 63      GCO_BBG000BK5S78_2021-04-09
2021-07-04 23:33:52 63      GCP_BBG0082W8Q12_2021-04-09
2021-07-04 23:33:52 64      GD_BBG000BK67C7_2021-04-09
2021-07-04 23:33:52 65      GDDY_BBG006MDLY05_2021-04-09
2021-07-04 23:33:52 67      GDOT_BBG000QDJT53_2021-04-09
2021-07-04 23:33:52 68      GE_BBG000BK6MB5_2021-04-09
2021-07-04 23:33:52 70      GEF_BBG000BLFNC0_2021-04-09
2021-07-04 23:33:52 71      GGG_BBG000BK9W84_2021-04-09
2021-07-04 23:33:52 72      GH_BBG006D97VY9_2021-04-09
2021-07-04 23:33:52 73      GHC_BBG000C3FGH9_2021-04-09
2021-07-04 23:33:52 74      GILD_BBG000CKGBP2_2021-04-09
2021-07-04 23:33:52 79      GIS_BBG000BKCFC2_2021-04-09
2021-07-04 23:33:52 80      GKOS_BBG000WG2LQ1_2021-04-09
2021-07-04 23:33:52 81      GL_BBG000BVD6X4_2021-04-09
2021-07-04 23:33:52 82      GLW_BBG000BKFZM4_2021-04-09
2021-07-04 23:33:52 84      GM_BBG000NDYB67_2021-04-09
2021-07-04 23:33:52 88      GMED_BBG002V87SD0_2021-04-09
2021-07-04 23:33:52 89      GMS_BBG009Q036D0_2021-04-09
2021-07-04 23:33:52 89      GNL_BBG004HXD0G8_2021-04-09
2021-07-04 23:33:52 90      GNL: BuyPending. Strategy: MorningOpenStrategy. Price: 18.72. Lots: 13. ChangeOpenToCurrent: 0. ChangePrevCloseToCurrent: -2.60. Candle: ID:9, Time: 7:00, Close: 18.72.
2021-07-04 23:33:52 90      GNL: OrderID: 6c5e6aa2. PlacedOrder. Status: New. RejectReason: 
2021-07-04 23:33:52 90      GNL: Cancel order. Did not bought at market open. Candle: ID:23, Time: 7:05, Close: 18.87
2021-07-04 23:33:52 90      OrderID: 6c5e6aa2 successfully canceled
2021-07-04 23:33:52 90      GNRC_BBG000PQ4W72_2021-04-09
2021-07-04 23:33:52 91      GO_BBG00P4R3079_2021-04-09
2021-07-04 23:33:52 92      GOOG_BBG009S3NB30_2021-04-09
2021-07-04 23:33:52 96      GOOGL_BBG009S39JX6_2021-04-09
2021-07-04 23:33:53 01      GOSS_BBG00MVWLLM2_2021-04-09
2021-07-04 23:33:53 02      GPC_BBG000BKL348_2021-04-09
2021-07-04 23:33:53 04      GPI_BBG000BB88K4_2021-04-09
2021-07-04 23:33:53 04      GPN_BBG000CX0P89_2021-04-09
2021-07-04 23:33:53 05      GPS_BBG000BKLH74_2021-04-09
2021-07-04 23:33:53 09      GRA_BBG000BB8PG1_2021-04-09
2021-07-04 23:33:53 10      GRMN_BBG000C4LN67_2021-04-09
2021-07-04 23:33:53 11      GRUB_BBG001KWG293_2021-04-09
2021-07-04 23:33:53 12      Warning: figi `BBG001KWG293` for history data does not match actual figi `BBG010R8C3Y4`. Ticker: GRUB. Will be used actual!
2021-07-04 23:33:53 12      GS_BBG000C6CFJ5_2021-04-09
2021-07-04 23:33:53 15      GSH_BBG000GLG0G0_2021-04-09
2021-07-04 23:33:53 15      GSKY_BBG00KT2SCV8_2021-04-09
2021-07-04 23:33:53 16      GT_BBG000BKNX95_2021-04-09
2021-07-04 23:33:53 17      GTHX_BBG005F1DK91_2021-04-09
2021-07-04 23:33:53 20      GTLS_BBG000P1K2X6_2021-04-09
2021-07-04 23:33:53 20      GTN_BBG000DSQLQ0_2021-04-09
2021-07-04 23:33:53 21      GVA_BBG000DVB833_2021-04-09
2021-07-04 23:33:53 22      GWRE_BBG001C7PM75_2021-04-09
2021-07-04 23:33:53 23      GWW_BBG000BKR1D6_2021-04-09
2021-07-04 23:33:53 24      H_BBG000CVRFS4_2021-04-09
2021-07-04 23:33:53 24      HA_BBG000BC4185_2021-04-09
2021-07-04 23:33:53 25      HAE_BBG000C7TF41_2021-04-09
2021-07-04 23:33:53 26      HAIN_BBG000BQW085_2021-04-09
2021-07-04 23:33:53 28      HAL_BBG000BKTFN2_2021-04-09
2021-07-04 23:33:53 30      HALO_BBG000CZ8W54_2021-04-09
2021-07-04 23:33:53 31      HAS_BBG000BKVJK4_2021-04-09
2021-07-04 23:33:53 32      HBAN_BBG000BKWSR6_2021-04-09
2021-07-04 23:33:53 34      HBI_BBG000D2ZTS8_2021-04-09
2021-07-04 23:33:53 35      HCA_BBG000QW7VC1_2021-04-09
2021-07-04 23:33:53 36      HCCI_BBG000CCFB17_2021-04-09
2021-07-04 23:33:53 37      HCSG_BBG000BKYVF0_2021-04-09
2021-07-04 23:33:53 38      HD_BBG000BKZB36_2021-04-09
2021-07-04 23:33:53 41      HEAR_BBG000BM6N47_2021-04-09
2021-07-04 23:33:53 42      HEI_BBG000BL16Q7_2021-04-09
2021-07-04 23:33:53 43      HES_BBG000BBD070_2021-04-09
2021-07-04 23:33:53 45      HFC_BBG000BL9JQ1_2021-04-09
2021-07-04 23:33:53 47      HGV_BBG00CBYY6M1_2021-04-09
2021-07-04 23:33:53 48      HHC_BBG000MJRJJ2_2021-04-09
2021-07-04 23:33:53 49      HHR_BBG00KHGQ0H4_2021-04-09
2021-07-04 23:33:53 50      HIBB_BBG000H001V3_2021-04-09
2021-07-04 23:33:53 51      HIG_BBG000G0Z878_2021-04-09
2021-07-04 23:33:53 53      HII_BBG001KJ2HM9_2021-04-09
2021-07-04 23:33:53 53      HIIQ_TCS003QRSQD3_2021-04-09
2021-07-04 23:33:53 54      HLT_BBG0058KMH30_2021-04-09
2021-07-04 23:33:53 55      HNP_BBG000BX5YM0_2021-04-09
2021-07-04 23:33:53 55      HOG_BBG000BKZTP3_2021-04-09
2021-07-04 23:33:53 57      HOLX_BBG000C3NTN5_2021-04-09
2021-07-04 23:33:53 58      HON_BBG000H556T9_2021-04-09
2021-07-04 23:33:53 61      HP_BBG000BLCPY4_2021-04-09
2021-07-04 23:33:53 62      HPE_BBG0078W3NQ3_2021-04-09
2021-07-04 23:33:53 65      HPQ_BBG000KHWT55_2021-04-09
2021-07-04 23:33:53 67      HQY_BBG000TYXCT9_2021-04-09
2021-07-04 23:33:53 68      HRB_BBG000BLDV98_2021-04-09
2021-07-04 23:33:53 70      HRC_BBG000BKWCS0_2021-04-09
2021-07-04 23:33:53 71      HRL_BBG000BLF8D2_2021-04-09
2021-07-04 23:33:53 72      HRTX_BBG000G2GJT7_2021-04-09
2021-07-04 23:33:53 73      HSC_BBG000BLH3P8_2021-04-09
2021-07-04 23:33:53 74      HSIC_BBG000BNMMJ3_2021-04-09
2021-07-04 23:33:53 75      HSKA_BBG000BWFH48_2021-04-09
2021-07-04 23:33:53 76      HST_BBG000BL8804_2021-04-09
2021-07-04 23:33:53 78      HSY_BBG000BLHRS2_2021-04-09
2021-07-04 23:33:53 79      HTA_BBG000PRJCX9_2021-04-09
2021-07-04 23:33:53 80      HTHT_BBG000QFPM65_2021-04-09
2021-07-04 23:33:53 81      HUBB_BBG000BLK267_2021-04-09
2021-07-04 23:33:53 82      HUBG_BBG000G9W6L0_2021-04-09
2021-07-04 23:33:53 82      HUBS_BBG000N7MZ06_2021-04-09
2021-07-04 23:33:53 83      HUM_BBG000BLKK03_2021-04-09
2021-07-04 23:33:53 84      HURN_BBG000PV2M48_2021-04-09
2021-07-04 23:33:53 85      HWM_BBG00DYNJGH9_2021-04-09
2021-07-04 23:33:53 86      HXL_BBG000BLMDQ9_2021-04-09
2021-07-04 23:33:53 87      IAC_BBG000BKQG80_2021-04-09
2021-07-04 23:33:53 87      Warning: figi `BBG000BKQG80` for history data does not match actual figi `BBG00S1LR2C3`. Ticker: IAC. Will be used actual!
2021-07-04 23:33:53 88      IART_BBG000BZJQL8_2021-04-09
2021-07-04 23:33:53 89      IBKR_BBG000LV0836_2021-04-09
2021-07-04 23:33:53 90      IBM_BBG000BLNNH6_2021-04-09
2021-07-04 23:33:53 92      IBN_BBG000DRM643_2021-04-09
2021-07-04 23:33:53 93      IBP_BBG005TJKDZ6_2021-04-09
2021-07-04 23:33:53 93      ICE_BBG000C1FB75_2021-04-09
2021-07-04 23:33:53 94      ICPT_BBG001J1QN87_2021-04-09
2021-07-04 23:33:53 96      ICUI_BBG000CQV2N4_2021-04-09
2021-07-04 23:33:53 97      IDCC_BBG000HLJ7M4_2021-04-09
2021-07-04 23:33:53 98      IDXX_BBG000BLRT07_2021-04-09
2021-07-04 23:33:53 99      IEX_BBG000C1HN22_2021-04-09
2021-07-04 23:33:54 00      IFF_BBG000BLSL58_2021-04-09
2021-07-04 23:33:54 01      IGMS_BBG00PNR1BT2_2021-04-09
2021-07-04 23:33:54 02      IIPR_BBG00F0SW7N8_2021-04-09
2021-07-04 23:33:54 03      IIVI_BBG000BLW102_2021-04-09
2021-07-04 23:33:54 05      ILMN_BBG000DSMS70_2021-04-09
2021-07-04 23:33:54 06      INCY_BBG000BNPSQ9_2021-04-09
2021-07-04 23:33:54 08      INDB_BBG000BM0597_2021-04-09
2021-07-04 23:33:54 08      INFO_BBG006G063F9_2021-04-09
2021-07-04 23:33:54 10      INGN_BBG0021PH456_2021-04-09
2021-07-04 23:33:54 10      INGR_BBG000BXPZB7_2021-04-09
2021-07-04 23:33:54 11      INMD_BBG00PPS73P4_2021-04-09
2021-07-04 23:33:54 12      INSP_BBG00209SZJ7_2021-04-09
2021-07-04 23:33:54 12      INTC_BBG000C0G1D1_2021-04-09
2021-07-04 23:33:54 18      INTU_BBG000BH5DV1_2021-04-09
2021-07-04 23:33:54 20      INVH_BBG00FQH6BS9_2021-04-09
2021-07-04 23:33:54 21      IONS_BBG000JH6683_2021-04-09
2021-07-04 23:33:54 23      IOSP_BBG000BMFNP4_2021-04-09
2021-07-04 23:33:54 24      IOVA_BBG000FTLBV7_2021-04-09
2021-07-04 23:33:54 25      IP_BBG000BM5SR2_2021-04-09
2021-07-04 23:33:54 26      IPAR_BBG000GCSWR5_2021-04-09
2021-07-04 23:33:54 27      IPG_BBG000C90DH9_2021-04-09
2021-07-04 23:33:54 28      IPGP_BBG000DCGRL8_2021-04-09
2021-07-04 23:33:54 30      IQV_BBG00333FYS2_2021-04-09
2021-07-04 23:33:54 31      IR_BBG002R1CW27_2021-04-09
2021-07-04 23:33:54 32      IRBT_BBG000HXJB21_2021-04-09
2021-07-04 23:33:54 33      IRDM_BBG000VC0FC1_2021-04-09
2021-07-04 23:33:54 35      IRM_BBG000KCZPC3_2021-04-09
2021-07-04 23:33:54 36      IRTC_BBG001J19V24_2021-04-09
2021-07-04 23:33:54 36      ISRG_BBG000BJPDZ1_2021-04-09
2021-07-04 23:33:54 38      IT_BBG000BB65D0_2021-04-09
2021-07-04 23:33:54 39      ITCI_BBG0026ZFZC4_2021-04-09
2021-07-04 23:33:54 40      ITGR_BBG000BW6JV4_2021-04-09
2021-07-04 23:33:54 41      ITRI_BBG000BD2167_2021-04-09
2021-07-04 23:33:54 42      ITT_BBG00CVQZQ96_2021-04-09
2021-07-04 23:33:54 42      ITW_BBG000BMBL90_2021-04-09
2021-07-04 23:33:54 44      IVZ_BBG000BY2Y78_2021-04-09
2021-07-04 23:33:54 45      J_BBG000BMFFQ0_2021-04-09
2021-07-04 23:33:54 46      JACK_BBG000GZYVY1_2021-04-09
2021-07-04 23:33:54 47      JBHT_BBG000BMDBZ1_2021-04-09
2021-07-04 23:33:54 48      JBSS_BBG000CHPMY5_2021-04-09
2021-07-04 23:33:54 48      JBT_BBG000VLBCQ1_2021-04-09
2021-07-04 23:33:54 49      JCI_BBG000BVWLJ6_2021-04-09
2021-07-04 23:33:54 51      JCOM_BBG000F3CWW7_2021-04-09
2021-07-04 23:33:54 52      JD_BBG005YHY0Q7_2021-04-09
2021-07-04 23:33:54 56      JEF_BBG000BNHSP9_2021-04-09
2021-07-04 23:33:54 57      JELD_BBG0019GM953_2021-04-09
2021-07-04 23:33:54 58      JJSF_BBG000BMGPW0_2021-04-09
2021-07-04 23:33:54 59      JKHY_BBG000BMH2Q7_2021-04-09
2021-07-04 23:33:54 60      JLL_BBG000C2L2L0_2021-04-09
2021-07-04 23:33:54 61      JNJ_BBG000BMHYD1_2021-04-09
2021-07-04 23:33:54 65      JNPR_BBG000BY33P5_2021-04-09
2021-07-04 23:33:54 66      JOBS_BBG000BJD1D4_2021-04-09
2021-07-04 23:33:54 67      JOUT_BBG000HCXFS4_2021-04-09
2021-07-04 23:33:54 67      JPM_BBG000DMBXR2_2021-04-09
2021-07-04 23:33:54 72      JWN_BBG000G8N9C6_2021-04-09
2021-07-04 23:33:54 73      K_BBG000BMKDM3_2021-04-09
2021-07-04 23:33:54 75      KALU_BBG000PKZDX4_2021-04-09
2021-07-04 23:33:54 76      KBH_BBG000BMLWX8_2021-04-09
2021-07-04 23:33:54 77      KDP_BBG000TJM7F0_2021-04-09
2021-07-04 23:33:54 80      KEP_BBG000BCWG90_2021-04-09
2021-07-04 23:33:54 81      KEX_BBG000BMQCP6_2021-04-09
2021-07-04 23:33:54 81      KEY_BBG000BMQPL1_2021-04-09
2021-07-04 23:33:54 83      KEYS_BBG0059FN811_2021-04-09
2021-07-04 23:33:54 84      KFY_BBG000C5QMB5_2021-04-09
2021-07-04 23:33:54 84      KHC_BBG005CPNTQ2_2021-04-09
2021-07-04 23:33:54 87      KIDS_BBG00HFFRW39_2021-04-09
2021-07-04 23:33:54 87      KIM_BBG000CN3S73_2021-04-09
2021-07-04 23:33:54 88      KLAC_BBG000BMTFR4_2021-04-09
2021-07-04 23:33:54 91      KMB_BBG000BMW2Z0_2021-04-09
2021-07-04 23:33:54 92      KMI_BBG0019JZ882_2021-04-09
2021-07-04 23:33:54 94      KMPR_BBG000H3GDJ8_2021-04-09
2021-07-04 23:33:54 95      KMT_BBG000BMWKC5_2021-04-09
2021-07-04 23:33:54 95      KMX_BBG000BLMZK6_2021-04-09
2021-07-04 23:33:54 97      KNSL_BBG00D8JD9Z9_2021-04-09
2021-07-04 23:33:54 97      KNX_BBG000BFC848_2021-04-09
2021-07-04 23:33:54 99      KO_BBG000BMX289_2021-04-09
2021-07-04 23:33:55 01      KOD_BBG00BVR0D02_2021-04-09
2021-07-04 23:33:55 02      KR_BBG000BMY992_2021-04-09
2021-07-04 23:33:55 03      KRG_BBG000BC2KW8_2021-04-09
2021-07-04 23:33:55 04      KRTX_BBG00NN875G0_2021-04-09
2021-07-04 23:33:55 05      KRYS_BBG00HDGRHH7_2021-04-09
2021-07-04 23:33:55 06      KSU_BBG000BMZ7P7_2021-04-09
2021-07-04 23:33:55 07      KTB_BBG00LPTHYD5_2021-04-09
2021-07-04 23:33:55 08      KWR_BBG000DZS2L9_2021-04-09
2021-07-04 23:33:55 08      L_BBG000C45984_2021-04-09
2021-07-04 23:33:55 09      LAD_BBG000K3BC83_2021-04-09
2021-07-04 23:33:55 10      LANC_BBG000BN1M88_2021-04-09
2021-07-04 23:33:55 10      LASR_BBG0020BCPX5_2021-04-09
2021-07-04 23:33:55 11      LASR: SPYKE!. Candle: ID:46, Time: 13:30, Close: 32.68
2021-07-04 23:33:55 11      LB_BBG000BNGTQ7_2021-04-09
2021-07-04 23:33:55 13      LBRDK_BBG006GNSZW5_2021-04-09
2021-07-04 23:33:55 14      LCII_BBG000DNLMB0_2021-04-09
2021-07-04 23:33:55 14      LDOS_BBG000C23PB0_2021-04-09
2021-07-04 23:33:55 15      LEA_BBG000PTLGZ1_2021-04-09
2021-07-04 23:33:55 16      LECO_BBG000BB72K8_2021-04-09
2021-07-04 23:33:55 17      LEG_BBG000BN53G7_2021-04-09
2021-07-04 23:33:55 18      LEGH_BBG00MJDR6J9_2021-04-09
2021-07-04 23:33:55 18      LEN_BBG000BN5HF7_2021-04-09
2021-07-04 23:33:55 20      LEVI_BBG000BQDF10_2021-04-09
2021-07-04 23:33:55 22      LFC_BBG000BBK4B9_2021-04-09
2021-07-04 23:33:55 23      LFUS_BBG000BGFGT8_2021-04-09
2021-07-04 23:33:55 23      LGIH_BBG0056655S1_2021-04-09
2021-07-04 23:33:55 24      LGND_BBG000BKF014_2021-04-09
2021-07-04 23:33:55 25      LH_BBG000D9DMK0_2021-04-09
2021-07-04 23:33:55 26      LHCG_BBG000G7W420_2021-04-09
2021-07-04 23:33:55 27      LHX_BBG000BLGFJ9_2021-04-09
2021-07-04 23:33:55 27      LII_BBG000BB5B84_2021-04-09
2021-07-04 23:33:55 28      LIN_BBG00GVR8YQ9_2021-04-09
2021-07-04 23:33:55 30      LITE_BBG0073F9RT7_2021-04-09
2021-07-04 23:33:55 31      LKQ_BBG000PXDL44_2021-04-09
2021-07-04 23:33:55 32      LLY_BBG000BNBDC2_2021-04-09
2021-07-04 23:33:55 34      LMT_BBG000C1BW00_2021-04-09
2021-07-04 23:33:55 35      LNN_BBG000FJS1S8_2021-04-09
2021-07-04 23:33:55 36      LNT_BBG000DW4Q75_2021-04-09
2021-07-04 23:33:55 37      LNTH_BBG006Q52RD0_2021-04-09
2021-07-04 23:33:55 38      LOPE_BBG000FV28W9_2021-04-09
2021-07-04 23:33:55 39      LOW_BBG000BNDN65_2021-04-09
2021-07-04 23:33:55 41      LPL_BBG000FJ0RK9_2021-04-09
2021-07-04 23:33:55 42      LPLA_BBG000P2TYL8_2021-04-09
2021-07-04 23:33:55 43      LPSN_BBG000BSV0W5_2021-04-09
2021-07-04 23:33:55 44      LRCX_BBG000BNFLM9_2021-04-09
2021-07-04 23:33:55 46      LRN_BBG000QSXPZ9_2021-04-09
2021-07-04 23:33:55 47      LSCC_BBG000C2D1C1_2021-04-09
2021-07-04 23:33:55 48      LSTR_BBG000BB2KN0_2021-04-09
2021-07-04 23:33:55 49      LTHM_BBG00LV3NRG0_2021-04-09
2021-07-04 23:33:55 50      LULU_BBG000R8ZVD1_2021-04-09
2021-07-04 23:33:55 53      LUMN_BBG000BGLRN3_2021-04-09
2021-07-04 23:33:55 54      LUV_BBG000BNJHS8_2021-04-09
2021-07-04 23:33:55 56      LVS_BBG000JWD753_2021-04-09
2021-07-04 23:33:55 58      LW_BBG003CVMLQ2_2021-04-09
2021-07-04 23:33:55 59      LYB_BBG000WCFV84_2021-04-09
2021-07-04 23:33:55 60      LYFT_BBG004M9ZHX5_2021-04-09
2021-07-04 23:33:55 63      LYV_BBG000FQ7YR4_2021-04-09
2021-07-04 23:33:55 64      M_BBG000C46HM9_2021-04-09
2021-07-04 23:33:55 66      MA_BBG000F1ZSQ2_2021-04-09
2021-07-04 23:33:55 68      MAA_BBG000BLMY92_2021-04-09
2021-07-04 23:33:55 69      MAC_BBG000BL9C59_2021-04-09
2021-07-04 23:33:55 70      MAN_BBG000BNMHS4_2021-04-09
2021-07-04 23:33:55 71      MANH_BBG000BFV758_2021-04-09
2021-07-04 23:33:55 72      MANT_BBG000BGF8B5_2021-04-09
2021-07-04 23:33:55 72      MANU_BBG0035WV4N9_2021-04-09
2021-07-04 23:33:55 73      MAR_BBG000BGD7W6_2021-04-09
2021-07-04 23:33:55 75      MAS_BBG000BNNKG9_2021-04-09
2021-07-04 23:33:55 76      MASI_BBG000C3W281_2021-04-09
2021-07-04 23:33:55 77      MAT_BBG000BNNYW1_2021-04-09
2021-07-04 23:33:55 77      MAT: SPYKE!. Candle: ID:18, Time: 11:00, Close: 21.49
2021-07-04 23:33:55 77      MAT: SPYKE!. Candle: ID:20, Time: 11:00, Close: 20.14
2021-07-04 23:33:55 78      MATX_BBG000BBK401_2021-04-09
2021-07-04 23:33:55 78      MBT_BBG000CSZKR2_2021-04-09
2021-07-04 23:33:55 79      MBUU_BBG005PXTR70_2021-04-09
2021-07-04 23:33:55 80      MCD_BBG000BNSZP1_2021-04-09
2021-07-04 23:33:55 82      MCHP_BBG000BHCP19_2021-04-09
2021-07-04 23:33:55 84      MCK_BBG000DYGNW7_2021-04-09
2021-07-04 23:33:55 85      MCO_BBG000F86GP6_2021-04-09
2021-07-04 23:33:55 86      MCRI_BBG000BJ0932_2021-04-09
2021-07-04 23:33:55 87      MD_BBG000H8LGK2_2021-04-09
2021-07-04 23:33:55 87      MDB_BBG0022FDRY8_2021-04-09
2021-07-04 23:33:55 89      MDGL_BBG000QS6NV8_2021-04-09
2021-07-04 23:33:55 89      MDLA_BBG001BPKGT0_2021-04-09
2021-07-04 23:33:55 90      MDLZ_BBG000D4LWF6_2021-04-09
2021-07-04 23:33:55 92      MDRX_BBG000BLDXH5_2021-04-09
2021-07-04 23:33:55 93      MDT_BBG000BNWG87_2021-04-09
2021-07-04 23:33:55 95      MED_BBG000BWBW76_2021-04-09
2021-07-04 23:33:55 96      MEDP_BBG0065B7K59_2021-04-09
2021-07-04 23:33:55 96      MEI_BBG000BNY197_2021-04-09
2021-07-04 23:33:55 97      MELI_BBG000GQPB11_2021-04-09
2021-07-04 23:33:55 98      MET_BBG000BB6KF5_2021-04-09
2021-07-04 23:33:56 00      MFGP_BBG00HFWVGN0_2021-04-09
2021-07-04 23:33:56 01      MGLN_BBG000BD6DD9_2021-04-09
2021-07-04 23:33:56 01      MGM_BBG000C2BXK4_2021-04-09
2021-07-04 23:33:56 04      MGY_BBG00GNC8DL2_2021-04-09
2021-07-04 23:33:56 04      MHK_BBG000FLZN98_2021-04-09
2021-07-04 23:33:56 05      MHO_BBG000BL9MZ4_2021-04-09
2021-07-04 23:33:56 06      MIDD_BBG000DQN9R3_2021-04-09
2021-07-04 23:33:56 07      MINI_BBG000BGTX98_2021-04-09
2021-07-04 23:33:56 08      MKC_BBG000G6Y5W4_2021-04-09
2021-07-04 23:33:56 09      MKL_BBG000FC7366_2021-04-09
2021-07-04 23:33:56 09      MKSI_BBG000BVMG26_2021-04-09
2021-07-04 23:33:56 11      MKTX_BBG000BJBZ23_2021-04-09
2021-07-04 23:33:56 11      MLAB_BBG000BP3PW7_2021-04-09
2021-07-04 23:33:56 12      MLCO_BBG000BHP8J4_2021-04-09
2021-07-04 23:33:56 14      MLHR_BBG000BP46T2_2021-04-09
2021-07-04 23:33:56 14      MLM_BBG000BGYMH7_2021-04-09
2021-07-04 23:33:56 15      MMC_BBG000BP4MH0_2021-04-09
2021-07-04 23:33:56 17      MMI_BBG005GBRSR6_2021-04-09
2021-07-04 23:33:56 18      MMM_BBG000BP52R2_2021-04-09
2021-07-04 23:33:56 20      MMS_BBG000BC5WJ4_2021-04-09
2021-07-04 23:33:56 20      MMSI_BBG000C42VX0_2021-04-09
2021-07-04 23:33:56 21      MNRO_BBG000C0BZD1_2021-04-09
2021-07-04 23:33:56 22      MNST_BBG008NVB1C0_2021-04-09
2021-07-04 23:33:56 23      MO_BBG000BP6LJ8_2021-04-09
2021-07-04 23:33:56 25      MOH_BBG000MBHNC8_2021-04-09
2021-07-04 23:33:56 26      MOMO_BBG007HTCQT0_2021-04-09
2021-07-04 23:33:56 27      MOMO: BuyPending. Strategy: MorningOpenStrategy. Price: 15.36. Lots: 16. ChangeOpenToCurrent: -2.78. ChangePrevCloseToCurrent: -3.34. Candle: ID:8, Time: 4:00, Close: 15.36.
2021-07-04 23:33:56 27      MOMO: OrderID: ff2cb2f2. PlacedOrder. Status: New. RejectReason: 
2021-07-04 23:33:56 27      MOMO: Cancel order. Did not bought at market open. Candle: ID:158, Time: 4:05, Close: 15.82
2021-07-04 23:33:56 27      OrderID: ff2cb2f2 successfully canceled
2021-07-04 23:33:56 29      MORN_BBG000CGQ4F7_2021-04-09
2021-07-04 23:33:56 30      MOS_BBG000BFXHL6_2021-04-09
2021-07-04 23:33:56 32      MOV_BBG000BL30Y9_2021-04-09
2021-07-04 23:33:56 32      MPC_BBG001DCCGR8_2021-04-09
2021-07-04 23:33:56 34      MPWR_BBG000C30L48_2021-04-09
2021-07-04 23:33:56 35      MRC_BBG000BKLTM1_2021-04-09
2021-07-04 23:33:56 36      MRK_BBG000BPD168_2021-04-09
2021-07-04 23:33:56 38      MRNA_BBG003PHHZT1_2021-04-09
2021-07-04 23:33:56 45      MRO_BBG000C8H633_2021-04-09
2021-07-04 23:33:56 47      MRTX_BBG004TPGBP5_2021-04-09
2021-07-04 23:33:56 48      MS_BBG000BLZRJ2_2021-04-09
2021-07-04 23:33:56 51      MSA_BBG000BPDXF8_2021-04-09
2021-07-04 23:33:56 52      MSCI_BBG000RTDY25_2021-04-09
2021-07-04 23:33:56 52      MSFT_BBG000BPH459_2021-04-09
2021-07-04 23:33:56 65      MSGE_BBG00L9HLWV8_2021-04-09
2021-07-04 23:33:56 65      MSGE: SPYKE!. Candle: ID:10, Time: 11:00, Close: 92.5
2021-07-04 23:33:56 65      MSGN_BBG000NS03H7_2021-04-09
2021-07-04 23:33:56 66      MSGS_BBG007FG0C23_2021-04-09
2021-07-04 23:33:56 67      MSI_BBG000BP8Z50_2021-04-09
2021-07-04 23:33:56 68      MSM_BBG000BCLYL9_2021-04-09
2021-07-04 23:33:56 69      MSTR_BBG000GQJPZ0_2021-04-09
2021-07-04 23:33:56 70      MTB_BBG000D9KWL9_2021-04-09
2021-07-04 23:33:56 72      MTCH_BBG00B6WH9G3_2021-04-09
2021-07-04 23:33:56 74      MTD_BBG000BZCKH3_2021-04-09
2021-07-04 23:33:56 75      MTG_BBG000CBMH27_2021-04-09
2021-07-04 23:33:56 76      MTH_BBG000F4F1N0_2021-04-09
2021-07-04 23:33:56 76      MTN_BBG000BCMWM1_2021-04-09
2021-07-04 23:33:56 77      MTOR_BBG000BH92D1_2021-04-09
2021-07-04 23:33:56 77      MTRN_BBG000BDTT76_2021-04-09
2021-07-04 23:33:56 78      MU_BBG000C5Z1S3_2021-04-09
2021-07-04 23:33:56 83      MUR_BBG000BPMH90_2021-04-09
2021-07-04 23:33:56 84      MUSA_BBG001Z0Q6T5_2021-04-09
2021-07-04 23:33:56 85      MXIM_BBG000BPNP00_2021-04-09
2021-07-04 23:33:56 87      MXL_BBG000BB6R33_2021-04-09
2021-07-04 23:33:56 88      MYGN_BBG000D9H9F1_2021-04-09
2021-07-04 23:33:56 89      MYRG_BBG000BC7VW9_2021-04-09
2021-07-04 23:33:56 90      NARI_BBG009J8K7M0_2021-04-09
2021-07-04 23:33:56 91      NATI_BBG000DZK6N6_2021-04-09
2021-07-04 23:33:56 92      NAVI_BBG004MN1R41_2021-04-09
2021-07-04 23:33:56 93      NBIX_BBG000GJS7C1_2021-04-09
2021-07-04 23:33:56 96      NCBS_BBG000QK0TG5_2021-04-09
2021-07-04 23:33:56 96      NCR_BBG000BMXK89_2021-04-09
2021-07-04 23:33:56 98      NDAQ_BBG000F5VVB6_2021-04-09
2021-07-04 23:33:56 99      NDSN_BBG000BPWGR1_2021-04-09
2021-07-04 23:33:57 00      NEE_BBG000BJSBJ0_2021-04-09
2021-07-04 23:33:57 02      NEM_BBG000BPWXK1_2021-04-09
2021-07-04 23:33:57 04      NEO_BBG000BKH263_2021-04-09
2021-07-04 23:33:57 05      NEOG_BBG000C1BCK2_2021-04-09
2021-07-04 23:33:57 06      NET_BBG001WMKHH5_2021-04-09
2021-07-04 23:33:57 08      NEU_BBG000BJ5SS8_2021-04-09
2021-07-04 23:33:57 08      NEWR_BBG001NFKJ68_2021-04-09
2021-07-04 23:33:57 09      NFLX_BBG000CL9VN6_2021-04-09
2021-07-04 23:33:57 13      NGVT_BBG009LM28K6_2021-04-09
2021-07-04 23:33:57 14      NJR_BBG000BPZVW9_2021-04-09
2021-07-04 23:33:57 15      NKE_BBG000C5HS04_2021-04-09
2021-07-04 23:33:57 18      NKTR_BBG000BHCYJ1_2021-04-09
2021-07-04 23:33:57 19      NLOK_BBG000BH2JM1_2021-04-09
2021-07-04 23:33:57 21      NLSN_BBG0088CYPX8_2021-04-09
2021-07-04 23:33:57 22      NMIH_BBG005DLMMZ6_2021-04-09
2021-07-04 23:33:57 23      NOC_BBG000BQ2C28_2021-04-09
2021-07-04 23:33:57 25      NOK_BBG000BNGBW9_2021-04-09
2021-07-04 23:33:57 30      NOV_BBG000BJX8C8_2021-04-09
2021-07-04 23:33:57 31      NOW_BBG000M1R011_2021-04-09
2021-07-04 23:33:57 32      NP_BBG000QCQ764_2021-04-09
2021-07-04 23:33:57 33      NPK_BBG000BQ4GG2_2021-04-09
2021-07-04 23:33:57 34      NRG_BBG000D8RG11_2021-04-09
2021-07-04 23:33:57 35      NSC_BBG000BQ5DS5_2021-04-09
2021-07-04 23:33:57 37      NSP_BBG000BJ41X2_2021-04-09
2021-07-04 23:33:57 37      NTAP_BBG000FP1N32_2021-04-09
2021-07-04 23:33:57 39      NTCO_BBG00R4ZKPN5_2021-04-09
2021-07-04 23:33:57 39      NTCT_BBG000C136Z8_2021-04-09
2021-07-04 23:33:57 40      NTES_BBG000BX72V8_2021-04-09
2021-07-04 23:33:57 42      NTGR_BBG000C4GBR6_2021-04-09
2021-07-04 23:33:57 43      NTLA_BBG007KC7PB0_2021-04-09
2021-07-04 23:33:57 44      NTNX_BBG001NDW1Z7_2021-04-09
2021-07-04 23:33:57 45      NTRA_BBG001J1BQ86_2021-04-09
2021-07-04 23:33:57 46      NTRS_BBG000BQ74K1_2021-04-09
2021-07-04 23:33:57 48      NTUS_BBG000DPZHS3_2021-04-09
2021-07-04 23:33:57 48      NUE_BBG000BQ8KV2_2021-04-09
2021-07-04 23:33:57 51      NUS_BBG000HG21Y3_2021-04-09
2021-07-04 23:33:57 52      NUVA_BBG000LNL298_2021-04-09
2021-07-04 23:33:57 53      NVDA_BBG000BBJQV0_2021-04-09
2021-07-04 23:33:57 58      NVEE_BBG005BT60Y8_2021-04-09
2021-07-04 23:33:57 59      NVR_BBG000BQBYR3_2021-04-09
2021-07-04 23:33:57 59      NVRO_BBG001K61W36_2021-04-09
2021-07-04 23:33:57 60      NVTA_BBG005DJFD43_2021-04-09
2021-07-04 23:33:57 62      NWE_BBG000Q1NMJ4_2021-04-09
2021-07-04 23:33:57 63      NWL_BBG000BQC9V2_2021-04-09
2021-07-04 23:33:57 64      NWLI_BBG008HNHZ07_2021-04-09
2021-07-04 23:33:57 64      NWS_BBG0035M2ZB7_2021-04-09
2021-07-04 23:33:57 65      NWSA_BBG0035LY913_2021-04-09
2021-07-04 23:33:57 66      NXPI_BBG000BND699_2021-04-09
2021-07-04 23:33:57 69      NXST_BBG000DZJVH0_2021-04-09
2021-07-04 23:33:57 70      NYT_BBG000FFC0B3_2021-04-09
2021-07-04 23:33:57 70      O_BBG000DHPN63_2021-04-09
2021-07-04 23:33:57 72      OC_BBG000M44VW8_2021-04-09
2021-07-04 23:33:57 73      ODFL_BBG000CHSS88_2021-04-09
2021-07-04 23:33:57 75      OFIX_BBG000G1C210_2021-04-09
2021-07-04 23:33:57 75      OHI_BBG000BGBTC2_2021-04-09
2021-07-04 23:33:57 76      OI_BBG00R2JZG39_2021-04-09
2021-07-04 23:33:57 77      OI: BuyPending. Strategy: MorningOpenStrategy. Price: 14.12. Lots: 17. ChangeOpenToCurrent: 0.43. ChangePrevCloseToCurrent: -3.16. Candle: ID:9, Time: 7:00, Close: 14.12.
2021-07-04 23:33:57 77      OI: OrderID: e0868525. PlacedOrder. Status: New. RejectReason: 
2021-07-04 23:33:57 77      OI: OrderID: e0868525 fully executed
2021-07-04 23:33:57 77      OI: Morning closing by timeout. Close price: 14.15. Lots: 17. Profit: 0.03(0.21%). Candle: ID:18, Time: 7:50, Close: 14.15
2021-07-04 23:33:57 77      OI: OrderID: c3d9cd0f. PlacedOrder. Status: New. RejectReason: 
2021-07-04 23:33:57 77      OI: OrderID: c3d9cd0f partially executed. Executed lots: 1. OrderStatus: 1/17 lots
2021-07-04 23:33:57 77      OI: OrderID: c3d9cd0f partially executed. Executed lots: 2. OrderStatus: 3/17 lots
2021-07-04 23:33:57 77      OI: OrderID: c3d9cd0f partially executed. Executed lots: 1. OrderStatus: 4/17 lots
2021-07-04 23:33:57 77      OI: OrderID: c3d9cd0f partially executed. Executed lots: 1. OrderStatus: 5/17 lots
2021-07-04 23:33:57 77      OI: OrderID: c3d9cd0f partially executed. Executed lots: 1. OrderStatus: 6/17 lots
2021-07-04 23:33:57 77      OI: OrderID: c3d9cd0f partially executed. Executed lots: 2. OrderStatus: 8/17 lots
2021-07-04 23:33:57 77      OI: OrderID: c3d9cd0f partially executed. Executed lots: 4. OrderStatus: 12/17 lots
2021-07-04 23:33:57 77      OI: OrderID: c3d9cd0f partially executed. Executed lots: 1. OrderStatus: 13/17 lots
2021-07-04 23:33:57 77      OI: OrderID: c3d9cd0f partially executed. Executed lots: 2. OrderStatus: 15/17 lots
2021-07-04 23:33:57 77      OI: OrderID: c3d9cd0f partially executed. Executed lots: 1. OrderStatus: 16/17 lots
2021-07-04 23:33:57 77      OI: OrderID: c3d9cd0f fully executed
2021-07-04 23:33:57 77      OII_BBG000CPBCL8_2021-04-09
2021-07-04 23:33:57 78      OII: SPYKE!. Candle: ID:59, Time: 12:30, Close: 11.5
2021-07-04 23:33:57 78      OII: SPYKE!. Candle: ID:61, Time: 12:30, Close: 11.9
2021-07-04 23:33:57 78      OIS_BBG000BDDN94_2021-04-09
2021-07-04 23:33:57 79      OKE_BBG000BQHGR6_2021-04-09
2021-07-04 23:33:57 81      OKTA_BBG001YV1SM4_2021-04-09
2021-07-04 23:33:57 83      OLED_BBG000BLRP41_2021-04-09
2021-07-04 23:33:57 84      OLLI_BBG0098VVDT9_2021-04-09
2021-07-04 23:33:57 86      OMC_BBG000BS9489_2021-04-09
2021-07-04 23:33:57 87      OMCL_BBG000BTNGZ4_2021-04-09
2021-07-04 23:33:57 88      ON_BBG000DV7MX4_2021-04-09
2021-07-04 23:33:57 90      ONTO_BBG000BPRN29_2021-04-09
2021-07-04 23:33:57 90      ORCL_BBG000BQLTW7_2021-04-09
2021-07-04 23:33:57 93      ORLY_BBG000BGYWY6_2021-04-09
2021-07-04 23:33:57 95      OSIS_BBG000BWPR54_2021-04-09
2021-07-04 23:33:57 96      OSK_BBG000CC53X1_2021-04-09
2021-07-04 23:33:57 96      OSUR_BBG000J3D1Y8_2021-04-09
2021-07-04 23:33:57 97      OTIS_BBG00RP60KV0_2021-04-09
2021-07-04 23:33:57 99      OVV_BBG00R2NHQ65_2021-04-09
2021-07-04 23:33:58 00      OXY_BBG000BQQ2S6_2021-04-09
2021-07-04 23:33:58 02      PAGS_BBG00JM7QBR6_2021-04-09
2021-07-04 23:33:58 03      PANW_BBG0014GJCT9_2021-04-09
2021-07-04 23:33:58 04      PATK_BBG000BQSBB2_2021-04-09
2021-07-04 23:33:58 05      PAYC_BBG0064N0ZZ5_2021-04-09
2021-07-04 23:33:58 06      PB_BBG000BHY4D9_2021-04-09
2021-07-04 23:33:58 07      PBCT_BBG000BQT4L6_2021-04-09
2021-07-04 23:33:58 08      PBF_BBG002832GV8_2021-04-09
2021-07-04 23:33:58 09      PBH_BBG000QM0RZ4_2021-04-09
2021-07-04 23:33:58 10      PBI_BBG000BQTMJ9_2021-04-09
2021-07-04 23:33:58 11      PCAR_BBG000BQVTF5_2021-04-09
2021-07-04 23:33:58 12      PCG_BBG000BQWPC5_2021-04-09
2021-07-04 23:33:58 14      PCRX_BBG0018FQNS6_2021-04-09
2021-07-04 23:33:58 14      PCTY_BBG006598YS8_2021-04-09
2021-07-04 23:33:58 15      PD_BBG0043BYPB8_2021-04-09
2021-07-04 23:33:58 16      PDCO_BBG000BQY289_2021-04-09
2021-07-04 23:33:58 17      PEAK_BBG000BKYDP9_2021-04-09
2021-07-04 23:33:58 18      PEG_BBG000BQZMH4_2021-04-09
2021-07-04 23:33:58 19      PEGA_BBG000H1RYG7_2021-04-09
2021-07-04 23:33:58 20      PEN_BBG001BP92V1_2021-04-09
2021-07-04 23:33:58 21      PEP_BBG000DH7JK6_2021-04-09
2021-07-04 23:33:58 25      PETQ_BBG00H1CY328_2021-04-09
2021-07-04 23:33:58 26      PFE_BBG000BR2B91_2021-04-09
2021-07-04 23:33:58 30      PFG_BBG000NSCNT7_2021-04-09
2021-07-04 23:33:58 31      PFGC_BBG009XW2WB8_2021-04-09
2021-07-04 23:33:58 32      PFPT_BBG000RQ2GY7_2021-04-09
2021-07-04 23:33:58 33      PG_BBG000BR2TH3_2021-04-09
2021-07-04 23:33:58 35      PGNY_BBG002H1K1H1_2021-04-09
2021-07-04 23:33:58 36      PGR_BBG000BR37X2_2021-04-09
2021-07-04 23:33:58 38      PGTI_BBG000FX3Y66_2021-04-09
2021-07-04 23:33:58 38      PH_BBG000BR3KL6_2021-04-09
2021-07-04 23:33:58 39      PHM_BBG000BR54L0_2021-04-09
2021-07-04 23:33:58 41      PII_BBG000D5S4M0_2021-04-09
2021-07-04 23:33:58 42      PINC_BBG000G7QX50_2021-04-09
2021-07-04 23:33:58 43      PINS_BBG002583CV8_2021-04-09
2021-07-04 23:33:58 45      PIPR_BBG000FQXC75_2021-04-09
2021-07-04 23:33:58 46      PKG_BBG000BB8SW7_2021-04-09
2021-07-04 23:33:58 46      PKI_BBG000FXW512_2021-04-09
2021-07-04 23:33:58 47      PLAN_BBG002DZS299_2021-04-09
2021-07-04 23:33:58 49      PLAY_BBG001WWJTK5_2021-04-09
2021-07-04 23:33:58 50      PLCE_BBG000JK9DK4_2021-04-09
2021-07-04 23:33:58 51      PLD_BBG000B9Z0J8_2021-04-09
2021-07-04 23:33:58 52      PLNT_BBG009H04M17_2021-04-09
2021-07-04 23:33:58 53      PLTR_BBG000N7QR55_2021-04-09
2021-07-04 23:33:58 59      PLUS_BBG000HN7W02_2021-04-09
2021-07-04 23:33:58 59      PLXS_BBG000BRBX66_2021-04-09
2021-07-04 23:33:58 61      PM_BBG000J2XL74_2021-04-09
2021-07-04 23:33:58 62      PNC_BBG000BRD0D8_2021-04-09
2021-07-04 23:33:58 63      PNFP_BBG000C1XKF6_2021-04-09
2021-07-04 23:33:58 64      PNTG_BBG00P33SY72_2021-04-09
2021-07-04 23:33:58 65      PODD_BBG000R7XX87_2021-04-09
2021-07-04 23:33:58 66      POOL_BBG000BCVG28_2021-04-09
2021-07-04 23:33:58 68      POR_BBG000BCRMW7_2021-04-09
2021-07-04 23:33:58 68      POST_BBG001WTBC36_2021-04-09
2021-07-04 23:33:58 69      POWI_BBG000BTT3D1_2021-04-09
2021-07-04 23:33:58 70      PPC_BBG000BFLXV3_2021-04-09
2021-07-04 23:33:58 71      PPG_BBG000BRJ809_2021-04-09
2021-07-04 23:33:58 72      PPL_BBG000BRJL00_2021-04-09
2021-07-04 23:33:58 73      PRAA_BBG000BNTW77_2021-04-09
2021-07-04 23:33:58 74      PRAH_BBG007387YL8_2021-04-09
2021-07-04 23:33:58 74      PRFT_BBG000BVXFK6_2021-04-09
2021-07-04 23:33:58 75      PRG_BBG00VSH86G4_2021-04-09
2021-07-04 23:33:58 76      PRGS_BBG000C4QP94_2021-04-09
2021-07-04 23:33:58 79      PRI_BBG000T8ZF80_2021-04-09
2021-07-04 23:33:58 79      PRLB_BBG000BT13B3_2021-04-09
2021-07-04 23:33:58 80      PRSP_BBG00KMXKWF9_2021-04-09
2021-07-04 23:33:58 81      PRU_BBG000HCJMF9_2021-04-09
2021-07-04 23:33:58 83      PSA_BBG000BPPN67_2021-04-09
2021-07-04 23:33:58 84      PSN_BBG000C3TKY6_2021-04-09
2021-07-04 23:33:58 85      PSTG_BBG00212PVZ5_2021-04-09
2021-07-04 23:33:58 86      PSX_BBG00286S4N9_2021-04-09
2021-07-04 23:33:59 03      PTC_BBG000C2VBB0_2021-04-09
2021-07-04 23:33:59 04      PTCT_BBG000QT15P7_2021-04-09
2021-07-04 23:33:59 05      PTON_BBG00JG0FFZ2_2021-04-09
2021-07-04 23:33:59 09      PTR_BBG000BR85F1_2021-04-09
2021-07-04 23:33:59 09      PUMP_BBG00FYCQ352_2021-04-09
2021-07-04 23:33:59 10      PVH_BBG000BRRG02_2021-04-09
2021-07-04 23:33:59 11      PWR_BBG000BBL8V7_2021-04-09
2021-07-04 23:33:59 12      PXD_BBG000BXRPH1_2021-04-09
2021-07-04 23:33:59 14      PYPL_BBG0077VNXV6_2021-04-09
2021-07-04 23:33:59 22      PZZA_BBG000BFWF13_2021-04-09
2021-07-04 23:33:59 23      QADA_BBG001BP77C3_2021-04-09
2021-07-04 23:33:59 24      QCOM_BBG000CGC1X8_2021-04-09
2021-07-04 23:33:59 30      QDEL_BBG000C6GN04_2021-04-09
2021-07-04 23:33:59 33      QLYS_BBG000HT5G06_2021-04-09
2021-07-04 23:33:59 34      QNST_BBG000S9XXB8_2021-04-09
2021-07-04 23:33:59 35      QRTEA_BBG000PCQQL6_2021-04-09
2021-07-04 23:33:59 36      QRVO_BBG007TJF1N7_2021-04-09
2021-07-04 23:33:59 38      QTS_BBG0054B20Z8_2021-04-09
2021-07-04 23:33:59 39      QTWO_BBG005ZVK9P2_2021-04-09
2021-07-04 23:33:59 39      QUOT_BBG001QYNR63_2021-04-09
2021-07-04 23:33:59 41      R_BBG000BRVP70_2021-04-09
2021-07-04 23:33:59 42      RACE_BBG009PH3Q86_2021-04-09
2021-07-04 23:33:59 43      RAMP_BBG000BB4HM6_2021-04-09
2021-07-04 23:33:59 44      RARE_BBG001RWPDW6_2021-04-09
2021-07-04 23:33:59 45      RAVN_BBG000CXQTZ3_2021-04-09
2021-07-04 23:33:59 46      RBC_BBG000BRXTR8_2021-04-09
2021-07-04 23:33:59 46      RCL_BBG000BB5792_2021-04-09
2021-07-04 23:33:59 48      RDFN_BBG001Q7HP63_2021-04-09
2021-07-04 23:33:59 49      RDS.A_BBG000QXSSS6_2021-04-09
2021-07-04 23:33:59 51      RDY_BBG000NJ96L6_2021-04-09
2021-07-04 23:33:59 52      RE_BBG000C1XVK6_2021-04-09
2021-07-04 23:33:59 52      REG_BBG000BL46Q4_2021-04-09
2021-07-04 23:33:59 54      REGI_BBG0016SSV00_2021-04-09
2021-07-04 23:33:59 56      REGN_BBG000C734W3_2021-04-09
2021-07-04 23:33:59 57      RETA_BBG000R33BD1_2021-04-09
2021-07-04 23:33:59 59      REX_BBG000D2ZK61_2021-04-09
2021-07-04 23:33:59 59      REZI_BBG00HY28K89_2021-04-09
2021-07-04 23:33:59 60      RF_BBG000Q3JN03_2021-04-09
2021-07-04 23:33:59 61      RGA_BBG000BDLCQ0_2021-04-09
2021-07-04 23:33:59 62      RGEN_BBG000BS48J3_2021-04-09
2021-07-04 23:33:59 63      RGLD_BBG000BS5170_2021-04-09
2021-07-04 23:33:59 64      RGNX_BBG007Z9V591_2021-04-09
2021-07-04 23:33:59 64      RGR_BBG000C4FQG6_2021-04-09
2021-07-04 23:33:59 65      RH_BBG002293PJ4_2021-04-09
2021-07-04 23:33:59 66      RHI_BBG000BS5DR2_2021-04-09
2021-07-04 23:33:59 67      RIG_BBG000BH5LT6_2021-04-09
2021-07-04 23:33:59 70      RJF_BBG000BS73J1_2021-04-09
2021-07-04 23:33:59 71      RL_BBG000BS0ZF1_2021-04-09
2021-07-04 23:33:59 72      RMD_BBG000L4M7F1_2021-04-09
2021-07-04 23:33:59 73      RNG_BBG000J094P3_2021-04-09
2021-07-04 23:33:59 74      ROCK_BBG000BKQDQ7_2021-04-09
2021-07-04 23:33:59 75      ROG_BBG000BS9HN3_2021-04-09
2021-07-04 23:33:59 75      ROK_BBG000BBCDZ2_2021-04-09
2021-07-04 23:33:59 76      ROKU_BBG001ZZPQJ6_2021-04-09
2021-07-04 23:33:59 79      ROL_BBG000BSBBP1_2021-04-09
2021-07-04 23:33:59 80      ROLL_BBG000GMGNB3_2021-04-09
2021-07-04 23:33:59 80      ROP_BBG000F1ZSN5_2021-04-09
2021-07-04 23:33:59 81      ROST_BBG000BSBZH7_2021-04-09
2021-07-04 23:33:59 83      RPD_BBG009DFHWG6_2021-04-09
2021-07-04 23:33:59 84      RPM_BBG000DCNK80_2021-04-09
2021-07-04 23:33:59 85      RRBI_BBG000QKNLB2_2021-04-09
2021-07-04 23:33:59 85      RRC_BBG000FVXD63_2021-04-09
2021-07-04 23:33:59 87      RRGB_BBG000MXH9C1_2021-04-09
2021-07-04 23:33:59 88      RS_BBG000CJ2181_2021-04-09
2021-07-04 23:33:59 89      RSG_BBG000BPXVJ6_2021-04-09
2021-07-04 23:33:59 90      RTX_BBG000BW8S60_2021-04-09
2021-07-04 23:33:59 92      RVLV_BBG00M4RHBD0_2021-04-09
2021-07-04 23:33:59 93      RXN_BBG000H8R0N8_2021-04-09
2021-07-04 23:33:59 94      RYN_BBG000BG7L34_2021-04-09
2021-07-04 23:33:59 95      RYTM_BBG007DLZ601_2021-04-09
2021-07-04 23:33:59 96      SAFM_BBG000BSHJ96_2021-04-09
2021-07-04 23:33:59 96      SAGE_BBG0025X16Y5_2021-04-09
2021-07-04 23:33:59 97      SAIA_BBG000P5LMQ0_2021-04-09
2021-07-04 23:33:59 98      SAIC_BBG003BW05K6_2021-04-09
2021-07-04 23:33:59 99      SAIL_BBG00J0BBZL0_2021-04-09
2021-07-04 23:34:00 00      SAM_BBG000BCZBF1_2021-04-09
2021-07-04 23:34:00 00      SAVE_BBG000BF6RQ9_2021-04-09
2021-07-04 23:34:00 02      SBAC_BBG000D2M0Z7_2021-04-09
2021-07-04 23:34:00 03      SBCF_BBG000KK3464_2021-04-09
2021-07-04 23:34:00 04      SBGI_BBG000F2XXP2_2021-04-09
2021-07-04 23:34:00 04      SBH_BBG000LR8515_2021-04-09
2021-07-04 23:34:00 05      SBRA_BBG000MTDW24_2021-04-09
2021-07-04 23:34:00 06      SBUX_BBG000CTQBF3_2021-04-09
2021-07-04 23:34:00 09      SCCO_BBG000BSHH72_2021-04-09
2021-07-04 23:34:00 09      SCHW_BBG000BSLZY7_2021-04-09
2021-07-04 23:34:00 12      SCI_BBG000BTHH16_2021-04-09
2021-07-04 23:34:00 12      SCSC_BBG000BHTPZ4_2021-04-09
2021-07-04 23:34:00 13      SDGR_BBG000T88BN2_2021-04-09
2021-07-04 23:34:00 14      SEDG_BBG0084BBZY6_2021-04-09
2021-07-04 23:34:00 16      SEE_BBG000C22QV7_2021-04-09
2021-07-04 23:34:00 17      SEIC_BBG000BSQLT9_2021-04-09
2021-07-04 23:34:00 17      SERV_TCS002WMH2F2_2021-04-09
2021-07-04 23:34:00 18      SF_BBG000BSS5C0_2021-04-09
2021-07-04 23:34:00 19      SFIX_BBG0046L1KL9_2021-04-09
2021-07-04 23:34:00 20      SFM_BBG001KFKQM7_2021-04-09
2021-07-04 23:34:00 21      SGEN_BBG000BH0FR6_2021-04-09
2021-07-04 23:34:00 23      SHAK_BBG0063GCHH8_2021-04-09
2021-07-04 23:34:00 24      SHEN_BBG000BTC2N0_2021-04-09
2021-07-04 23:34:00 24      SHI_BBG000BHR1H9_2021-04-09
2021-07-04 23:34:00 25      SHW_BBG000BSXQV7_2021-04-09
2021-07-04 23:34:00 26      SIG_BBG000C4ZZ10_2021-04-09
2021-07-04 23:34:00 26      SIGI_BBG000BSZ738_2021-04-09
2021-07-04 23:34:00 27      SITE_BBG009T22D49_2021-04-09
2021-07-04 23:34:00 28      SIVB_BBG000BT0CM2_2021-04-09
2021-07-04 23:34:00 29      SJI_BBG000BT0T72_2021-04-09
2021-07-04 23:34:00 30      SJM_BBG000BT1715_2021-04-09
2021-07-04 23:34:00 31      SKM_BBG000BLN497_2021-04-09
2021-07-04 23:34:00 32      SKX_BBG000C4HKK2_2021-04-09
2021-07-04 23:34:00 32      SLAB_BBG000BB99S3_2021-04-09
2021-07-04 23:34:00 33      SLB_BBG000BT41Q8_2021-04-09
2021-07-04 23:34:00 35      SLG_BBG000BVP5P2_2021-04-09
2021-07-04 23:34:00 36      SMAR_BBG00GQK3WB5_2021-04-09
2021-07-04 23:34:00 37      SMG_BBG000BT5PG5_2021-04-09
2021-07-04 23:34:00 37      SMPL_BBG00GVP5JL4_2021-04-09
2021-07-04 23:34:00 38      SMTC_BBG000DBKR53_2021-04-09
2021-07-04 23:34:00 39      SNA_BBG000BT7JW9_2021-04-09
2021-07-04 23:34:00 40      SNAP_BBG00441QMJ7_2021-04-09
2021-07-04 23:34:00 44      SNBR_BBG000DM2BF3_2021-04-09
2021-07-04 23:34:00 45      SNPS_BBG000BSFRF3_2021-04-09
2021-07-04 23:34:00 46      SNX_BBG000CL9JV4_2021-04-09
2021-07-04 23:34:00 47      SNY_BBG000BBD5N1_2021-04-09
2021-07-04 23:34:00 48      SO_BBG000BT9DW0_2021-04-09
2021-07-04 23:34:00 50      SOHU_BBG00L2DB535_2021-04-09
2021-07-04 23:34:00 51      SOHU: SPYKE!. Candle: ID:2792, Time: 13:30, Close: 19.76
2021-07-04 23:34:00 51      SOHU: SPYKE!. Candle: ID:2810, Time: 13:30, Close: 19.8
2021-07-04 23:34:00 52      SON_BBG000D7HF89_2021-04-09
2021-07-04 23:34:00 53      SONO_BBG001JZPSQ2_2021-04-09
2021-07-04 23:34:00 55      SP_BBG000BJ91B1_2021-04-09
2021-07-04 23:34:00 56      SPB@US_BBG000DS5588_2021-04-09
2021-07-04 23:34:00 56      SPCE_BBG00HTN2CQ3_2021-04-09
2021-07-04 23:34:00 62      SPG_BBG000BJ2D31_2021-04-09
2021-07-04 23:34:00 64      SPGI_BBG000BP1Q11_2021-04-09
2021-07-04 23:34:00 66      SPLK_BBG001C7TST4_2021-04-09
2021-07-04 23:34:00 68      SPOT_BBG003T4VFC2_2021-04-09
2021-07-04 23:34:00 69      SPR_BBG000PRJ2Z9_2021-04-09
2021-07-04 23:34:00 70      SPSC_BBG000PZGB75_2021-04-09
2021-07-04 23:34:00 71      SQ_BBG0018SLC07_2021-04-09
2021-07-04 23:34:00 76      SRC_BBG0027Z6X10_2021-04-09
2021-07-04 23:34:00 78      SRCL_BBG000H3FZM6_2021-04-09
2021-07-04 23:34:00 79      SRDX_BBG000BZ2QG2_2021-04-09
2021-07-04 23:34:00 79      SRE_BBG000C2ZCH8_2021-04-09
2021-07-04 23:34:00 80      SRI_BBG000BB9Q78_2021-04-09
2021-07-04 23:34:00 81      SRPT_BBG000BCJ161_2021-04-09
2021-07-04 23:34:00 84      SSD_BBG000JLC8L8_2021-04-09
2021-07-04 23:34:00 84      SSNC_BBG000RJ2J04_2021-04-09
2021-07-04 23:34:00 86      SSTK_BBG002ZCK2V9_2021-04-09
2021-07-04 23:34:00 86      STAA_BBG000C4QB95_2021-04-09
2021-07-04 23:34:00 87      STAG_BBG000BGLFP7_2021-04-09
2021-07-04 23:34:00 88      STLD_BBG000HGYNZ9_2021-04-09
2021-07-04 23:34:00 90      STMP_BBG000CZ4KF3_2021-04-09
2021-07-04 23:34:00 91      STRA_BBG000GRZDV1_2021-04-09
2021-07-04 23:34:00 91      STT_BBG000BKFBD7_2021-04-09
2021-07-04 23:34:00 92      STX_BBG000F0KF42_2021-04-09
2021-07-04 23:34:00 93      Warning: figi `BBG000F0KF42` for history data does not match actual figi `BBG0113JGQF0`. Ticker: STX. Will be used actual!
2021-07-04 23:34:00 94      STZ_BBG000J1QLT0_2021-04-09
2021-07-04 23:34:00 96      SUPN_BBG000BP0HX7_2021-04-09
2021-07-04 23:34:00 97      SWAV_BBG005XVXML5_2021-04-09
2021-07-04 23:34:00 97      SWBI_BBG000BM0QL7_2021-04-09
2021-07-04 23:34:00 98      SWCH_BBG00HPDM5Z2_2021-04-09
2021-07-04 23:34:00 99      SWI_BBG00M1CKSK7_2021-04-09
2021-07-04 23:34:01 00      SWK_BBG000BTQR96_2021-04-09
2021-07-04 23:34:01 01      SWKS_BBG000KLB4Q1_2021-04-09
2021-07-04 23:34:01 03      SWN_BBG000BTR593_2021-04-09
2021-07-04 23:34:01 06      SWX_BBG00FWP4JW4_2021-04-09
2021-07-04 23:34:01 06      SXI_BBG000BTT5B8_2021-04-09
2021-07-04 23:34:01 07      SXT_BBG000J79P80_2021-04-09
2021-07-04 23:34:01 08      SYF_BBG00658F3P3_2021-04-09
2021-07-04 23:34:01 10      SYK_BBG000DN7P92_2021-04-09
2021-07-04 23:34:01 10      SYKE_BBG000BBHPV4_2021-04-09
2021-07-04 23:34:01 11      SYNA_BBG000BQV1S2_2021-04-09
2021-07-04 23:34:01 12      SYNH_BBG0078Y1D92_2021-04-09
2021-07-04 23:34:01 13      SYY_BBG000BTVJ25_2021-04-09
2021-07-04 23:34:01 14      T_BBG000BSJK37_2021-04-09
2021-07-04 23:34:01 17      TAK_BBG000LF8708_2021-04-09
2021-07-04 23:34:01 17      TAL_BBG0016XJ8S0_2021-04-09
2021-07-04 23:34:01 19      TAP_BBG000BS7KS3_2021-04-09
2021-07-04 23:34:01 20      TCBI_BBG000DN4ZT1_2021-04-09
2021-07-04 23:34:01 21      TCMD_BBG001B12Z39_2021-04-09
2021-07-04 23:34:01 22      TCRR_BBG00FH3FM15_2021-04-09
2021-07-04 23:34:01 23      TCS_BBG005DXJS36_2021-04-09
2021-07-04 23:34:01 24      TCX_BBG000L69KL5_2021-04-09
2021-07-04 23:34:01 24      TDC_BBG000R0L5J4_2021-04-09
2021-07-04 23:34:01 25      TDG_BBG000L8CBX4_2021-04-09
2021-07-04 23:34:01 26      TDOC_BBG0019T5SG0_2021-04-09
2021-07-04 23:34:01 27      TDS_BBG000BV0VK7_2021-04-09
2021-07-04 23:34:01 28      TDY_BBG000BMT9T6_2021-04-09
2021-07-04 23:34:01 29      TECH_BBG000C15114_2021-04-09
2021-07-04 23:34:01 30      TEL_BBG000RGM5P1_2021-04-09
2021-07-04 23:34:01 31      TENB_BBG00LBLCD02_2021-04-09
2021-07-04 23:34:01 32      TER_BBG000BV4DR6_2021-04-09
2021-07-04 23:34:01 33      TFC_BBG000BYYLS8_2021-04-09
2021-07-04 23:34:01 35      TFX_BBG000BV59Y6_2021-04-09
2021-07-04 23:34:01 36      TGNA_BBG000BK5DP1_2021-04-09
2021-07-04 23:34:01 37      TGT_BBG000H8TVT2_2021-04-09
2021-07-04 23:34:01 39      THG_BBG000FJH8W0_2021-04-09
2021-07-04 23:34:01 40      THO_BBG000BV6R84_2021-04-09
2021-07-04 23:34:01 41      THRM_BBG000BQLM34_2021-04-09
2021-07-04 23:34:01 41      THS_BBG000GQGJT4_2021-04-09
2021-07-04 23:34:01 42      TJX_BBG000BV8DN6_2021-04-09
2021-07-04 23:34:01 44      TKR_BBG000BV95H9_2021-04-09
2021-07-04 23:34:01 45      TMHC_BBG003PGJHP5_2021-04-09
2021-07-04 23:34:01 46      TMO_BBG000BVDLH9_2021-04-09
2021-07-04 23:34:01 47      TMUS_BBG000NDV1D4_2021-04-09
2021-07-04 23:34:01 49      TMX_BBG002WMH2F2_2021-04-09
2021-07-04 23:34:01 50      TNC_BBG000JCZJS2_2021-04-09
2021-07-04 23:34:01 50      TNDM_BBG0019V9M65_2021-04-09
2021-07-04 23:34:01 51      TNET_BBG000BR2040_2021-04-09
2021-07-04 23:34:01 52      TOL_BBG000BVHBM1_2021-04-09
2021-07-04 23:34:01 53      TOT_BBG000CHZ857_2021-04-09
2021-07-04 23:34:01 53      Warning: figi `BBG000CHZ857` for history data does not match actual figi `IZHBULDINKDK`. Ticker: TOT. Will be used actual!
2021-07-04 23:34:01 54      TPH_BBG0016YQTR5_2021-04-09
2021-07-04 23:34:01 55      TPIC_BBG0016MQ7C5_2021-04-09
2021-07-04 23:34:01 56      TPR_BBG000BY29C7_2021-04-09
2021-07-04 23:34:01 58      TPTX_BBG00NPL9WH7_2021-04-09
2021-07-04 23:34:01 59      TPX_BBG000PXGT62_2021-04-09
2021-07-04 23:34:01 59      TPX: BuyPending. Strategy: MorningOpenStrategy. Price: 37.59. Lots: 6. ChangeOpenToCurrent: -3.24. ChangePrevCloseToCurrent: -1.08. Candle: ID:15, Time: 7:00, Close: 37.59.
2021-07-04 23:34:01 59      TPX: OrderID: ce0d9a47. PlacedOrder. Status: New. RejectReason: 
2021-07-04 23:34:01 59      TPX: OrderID: ce0d9a47 fully executed
2021-07-04 23:34:01 59      TPX: Morning closing. Close price: 37.97. Lots: 6. CandleChange: -0.03%. ChangeFromCandleHigh: -0.08%. Profit: 0.38(1.01%). Candle: ID:44, Time: 7:15, Close: 37.97
2021-07-04 23:34:01 59      TPX: OrderID: bba6fe02. PlacedOrder. Status: New. RejectReason: 
2021-07-04 23:34:01 59      TPX: OrderID: bba6fe02 partially executed. Executed lots: 1. OrderStatus: 1/6 lots
2021-07-04 23:34:01 59      TPX: OrderID: bba6fe02 partially executed. Executed lots: 4. OrderStatus: 5/6 lots
2021-07-04 23:34:01 59      TPX: OrderID: bba6fe02 fully executed
2021-07-04 23:34:01 60      TREE_BBG000TVRB50_2021-04-09
2021-07-04 23:34:01 61      TREX_BBG000BTGKK9_2021-04-09
2021-07-04 23:34:01 62      TRHC_BBG00BT7PPY8_2021-04-09
2021-07-04 23:34:01 63      TRIP_BBG001M8HHB7_2021-04-09
2021-07-04 23:34:01 65      TRMB_BBG000BNPS52_2021-04-09
2021-07-04 23:34:01 66      TROW_BBG000BVMPN3_2021-04-09
2021-07-04 23:34:01 68      TRU_BBG002Q7J5Z1_2021-04-09
2021-07-04 23:34:01 68      TRUP_BBG002BC7WC5_2021-04-09
2021-07-04 23:34:01 69      TRV_BBG000BJ81C1_2021-04-09
2021-07-04 23:34:01 70      TSCO_BBG000BLXZN1_2021-04-09
2021-07-04 23:34:01 72      TSLA_BBG000N9MNX3_2021-04-09
2021-07-04 23:34:01 94      TSM_BBG000BD8ZK0_2021-04-09
2021-07-04 23:34:01 98      TSN_BBG000DKCC19_2021-04-09
2021-07-04 23:34:02 00      TSS_BBG000C1JTL6_2021-04-09
2021-07-04 23:34:02 00      TT_BBG000BM6788_2021-04-09
2021-07-04 23:34:02 02      TTC_BBG000BVQRY3_2021-04-09
2021-07-04 23:34:02 03      TTD_BBG00629NGT2_2021-04-09
2021-07-04 23:34:02 04      TTEK_BBG000BYZ0Q5_2021-04-09
2021-07-04 23:34:02 05      TTM_BBG000PVGDH9_2021-04-09
2021-07-04 23:34:02 06      TTMI_BBG000BYQ0B1_2021-04-09
2021-07-04 23:34:02 07      TTWO_BBG000BS1YV5_2021-04-09
2021-07-04 23:34:02 08      TW_BBG00NK8H8T2_2021-04-09
2021-07-04 23:34:02 09      TWLO_BBG0029ZX840_2021-04-09
2021-07-04 23:34:02 10      TWNK_BBG00B6KGNN1_2021-04-09
2021-07-04 23:34:02 11      TWOU_BBG001KS9450_2021-04-09
2021-07-04 23:34:02 12      TWTR_BBG000H6HNW3_2021-04-09
2021-07-04 23:34:02 14      TWTR: BuyPending. Strategy: MorningOpenStrategy. Price: 69.61. Lots: 3. ChangeOpenToCurrent: -2.64. ChangePrevCloseToCurrent: -2.38. Candle: ID:15, Time: 4:00, Close: 69.61.
2021-07-04 23:34:02 14      TWTR: OrderID: a3c8c87b. PlacedOrder. Status: New. RejectReason: 
2021-07-04 23:34:02 14      TWTR: Cancel order. Did not bought at market open. Candle: ID:47, Time: 4:05, Close: 70.57
2021-07-04 23:34:02 14      OrderID: a3c8c87b successfully canceled
2021-07-04 23:34:02 16      TXG_BBG007WX14X0_2021-04-09
2021-07-04 23:34:02 17      TXN_BBG000BVV7G1_2021-04-09
2021-07-04 23:34:02 20      TXRH_BBG000PSJMV7_2021-04-09
2021-07-04 23:34:02 21      TXT_BBG000BVVQQ8_2021-04-09
2021-07-04 23:34:02 22      TYL_BBG000BVWZF9_2021-04-09
2021-07-04 23:34:02 23      UA_BBG009DTD8H2_2021-04-09
2021-07-04 23:34:02 23      UAA_BBG000BXM6V2_2021-04-09
2021-07-04 23:34:02 25      UAL_BBG000M65M61_2021-04-09
2021-07-04 23:34:02 30      UBER_BBG002B04MT8_2021-04-09
2021-07-04 23:34:02 32      UCTT_BBG000HSLV70_2021-04-09
2021-07-04 23:34:02 35      UDR_BBG000C41023_2021-04-09
2021-07-04 23:34:02 36      UFPI_BBG000BL0T06_2021-04-09
2021-07-04 23:34:02 37      UFS_BBG000BHFHP8_2021-04-09
2021-07-04 23:34:02 38      UGI_BBG000BVYN55_2021-04-09
2021-07-04 23:34:02 39      UHS_BBG000CB8Q50_2021-04-09
2021-07-04 23:34:02 40      UI_BBG001R72SR9_2021-04-09
2021-07-04 23:34:02 40      ULTA_BBG00FWQ4VD6_2021-04-09
2021-07-04 23:34:02 42      UMBF_BBG000DD8WX1_2021-04-09
2021-07-04 23:34:02 43      UNF_BBG000BW29L1_2021-04-09
2021-07-04 23:34:02 43      UNH_BBG000CH5208_2021-04-09
2021-07-04 23:34:02 45      UNM_BBG000BW2QX0_2021-04-09
2021-07-04 23:34:02 46      UNP_BBG000BW3299_2021-04-09
2021-07-04 23:34:02 47      UNVR_BBG000BDHD29_2021-04-09
2021-07-04 23:34:02 48      UPS_BBG000L9CV04_2021-04-09
2021-07-04 23:34:02 50      UPWK_BBG00FBJ6390_2021-04-09
2021-07-04 23:34:02 51      URBN_BBG000BL79J3_2021-04-09
2021-07-04 23:34:02 52      URI_BBG000BXMFC3_2021-04-09
2021-07-04 23:34:02 53      USB_BBG000FFDM15_2021-04-09
2021-07-04 23:34:02 57      USFD_BBG00C6H6D40_2021-04-09
2021-07-04 23:34:02 58      USM_BBG000BW6P59_2021-04-09
2021-07-04 23:34:02 58      USNA_BBG000BX28M0_2021-04-09
2021-07-04 23:34:02 59      USPH_BBG000CSRSG6_2021-04-09
2021-07-04 23:34:02 59      UTHR_BBG000BV4XJ1_2021-04-09
2021-07-04 23:34:02 61      UTL_BBG000BW7X97_2021-04-09
2021-07-04 23:34:02 61      UTX_BBG0089KM290_2021-04-09
2021-07-04 23:34:02 62      V_BBG000PSKYX7_2021-04-09
2021-07-04 23:34:02 64      VAC_BBG001J2R5H3_2021-04-09
2021-07-04 23:34:02 65      VALE_BBG000BN5LG7_2021-04-09
2021-07-04 23:34:02 66      VC_BBG0016T3GQ0_2021-04-09
2021-07-04 23:34:02 67      VCEL_BBG000BDCM24_2021-04-09
2021-07-04 23:34:02 68      VCRA_BBG00179VSY7_2021-04-09
2021-07-04 23:34:02 69      VCYT_BBG001J2M542_2021-04-09
2021-07-04 23:34:02 70      VEEV_BBG001CGB489_2021-04-09
2021-07-04 23:34:02 71      VEON_BBG000QCW561_2021-04-09
2021-07-04 23:34:02 72      VFC_BBG000BWCKB6_2021-04-09
2021-07-04 23:34:02 74      VG_BBG000BRB5D9_2021-04-09
2021-07-04 23:34:02 75      VIAC_BBG000C496P7_2021-04-09
2021-07-04 23:34:02 84      VICR_BBG000C3VHF1_2021-04-09
2021-07-04 23:34:02 85      VIE_BBG00K6P5XM1_2021-04-09
2021-07-04 23:34:02 86      VIPS_BBG002NLDLV8_2021-04-09
2021-07-04 23:34:02 95      VIR_BBG00H2QQ8T5_2021-04-09
2021-07-04 23:34:02 97      VLO_BBG000BBGGQ1_2021-04-09
2021-07-04 23:34:02 99      VMC_BBG000BWGYF8_2021-04-09
2021-07-04 23:34:03 00      VMI_BBG000BWB7V4_2021-04-09
2021-07-04 23:34:03 00      VMW_BBG000BC9938_2021-04-09
2021-07-04 23:34:03 01      VNDA_BBG000HT5MG6_2021-04-09
2021-07-04 23:34:03 02      VNE_BBG00K4MPP27_2021-04-09
2021-07-04 23:34:03 03      VNO_BBG000BWHD54_2021-04-09
2021-07-04 23:34:03 04      VNT_BBG00RRGSJR4_2021-04-09
2021-07-04 23:34:03 05      VPG_BBG000PRQ0V9_2021-04-09
2021-07-04 23:34:03 05      VREX_BBG00CZNLR47_2021-04-09
2021-07-04 23:34:03 06      VRNS_BBG001Y04TN6_2021-04-09
2021-07-04 23:34:03 07      VRNT_BBG000BCBYT2_2021-04-09
2021-07-04 23:34:03 08      VRSK_BBG000BCZL41_2021-04-09
2021-07-04 23:34:03 09      VRSN_BBG000BGKHZ3_2021-04-09
2021-07-04 23:34:03 11      VRTS_BBG000DMFQS2_2021-04-09
2021-07-04 23:34:03 11      VRTV_BBG005XZHR97_2021-04-09
2021-07-04 23:34:03 12      VRTX_BBG000C1S2X2_2021-04-09
2021-07-04 23:34:03 14      VTR_BBG000FRVHB9_2021-04-09
2021-07-04 23:34:03 15      VTRS_BBG00Y4RQNH4_2021-04-09
2021-07-04 23:34:03 18      VZ_BBG000HS77T5_2021-04-09
2021-07-04 23:34:03 21      W_BBG001B17MV2_2021-04-09
2021-07-04 23:34:03 22      WAB_BBG000BDD940_2021-04-09
2021-07-04 23:34:03 24      WAL_BBG000Q1KFH4_2021-04-09
2021-07-04 23:34:03 25      WAT_BBG000FQRVM3_2021-04-09
2021-07-04 23:34:03 26      WB_BBG0065XPGX9_2021-04-09
2021-07-04 23:34:03 27      WBA_BBG000BWLMJ4_2021-04-09
2021-07-04 23:34:03 29      WCC_BBG000D0FNV3_2021-04-09
2021-07-04 23:34:03 30      WDAY_BBG000VC0T95_2021-04-09
2021-07-04 23:34:03 31      WDC_BBG000BWNFZ9_2021-04-09
2021-07-04 23:34:03 33      WDFC_BBG000BWNV93_2021-04-09
2021-07-04 23:34:03 35      WEC_BBG000BWP7D9_2021-04-09
2021-07-04 23:34:03 36      WELL_BBG000BKY1G5_2021-04-09
2021-07-04 23:34:03 38      WERN_BBG000BWPP85_2021-04-09
2021-07-04 23:34:03 39      WEX_BBG000BVZP59_2021-04-09
2021-07-04 23:34:03 40      WFC_BBG000BWQFY7_2021-04-09
2021-07-04 23:34:03 43      WGO_BBG000BWS3F3_2021-04-09
2021-07-04 23:34:03 43      WH_BBG00HCY3Q67_2021-04-09
2021-07-04 23:34:03 45      WHD_BBG00JRH1P95_2021-04-09
2021-07-04 23:34:03 45      WHR_BBG000BWSV34_2021-04-09
2021-07-04 23:34:03 46      WING_BBG008N298Y8_2021-04-09
2021-07-04 23:34:03 47      WK_BBG007BVZ8H9_2021-04-09
2021-07-04 23:34:03 48      WLK_BBG000PXZFW2_2021-04-09
2021-07-04 23:34:03 49      WLTW_BBG000DB3KT1_2021-04-09
2021-07-04 23:34:03 50      WM_BBG000BWVSR1_2021-04-09
2021-07-04 23:34:03 51      WMB_BBG000BWVCP8_2021-04-09
2021-07-04 23:34:03 53      WMT_BBG000BWXBC2_2021-04-09
2021-07-04 23:34:03 56      WOR_BBG000HL7499_2021-04-09
2021-07-04 23:34:03 57      WORK_BBG007G7V505_2021-04-09
2021-07-04 23:34:03 58      WRB_BBG000BD1HP2_2021-04-09
2021-07-04 23:34:03 59      WRK_BBG008NXC572_2021-04-09
2021-07-04 23:34:03 60      WRLD_BBG000C3G9J2_2021-04-09
2021-07-04 23:34:03 61      WSC_BBG00B0FS947_2021-04-09
2021-07-04 23:34:03 62      WSM_BBG000FSMWC3_2021-04-09
2021-07-04 23:34:03 63      WSO_BBG000DJN7L9_2021-04-09
2021-07-04 23:34:03 63      WST_BBG000BX24N8_2021-04-09
2021-07-04 23:34:03 64      WTFC_BBG000HD3DW5_2021-04-09
2021-07-04 23:34:03 65      WTS_BBG000C4Z6C2_2021-04-09
2021-07-04 23:34:03 65      WTTR_BBG00G4Y2DC1_2021-04-09
2021-07-04 23:34:03 66      WU_BBG000BB5373_2021-04-09
2021-07-04 23:34:03 67      WWD_BBG000BD53V2_2021-04-09
2021-07-04 23:34:03 68      WWE_BBG000F5YH15_2021-04-09
2021-07-04 23:34:03 69      WWW_BBG000BX2YN2_2021-04-09
2021-07-04 23:34:03 70      WY_BBG000BX3BL3_2021-04-09
2021-07-04 23:34:03 71      WYNN_BBG000LD9JQ8_2021-04-09
2021-07-04 23:34:03 73      XEC_BBG000D6L294_2021-04-09
2021-07-04 23:34:03 74      XEL_BBG000BCTQ65_2021-04-09
2021-07-04 23:34:03 76      XLNX_BBG000C0F570_2021-04-09
2021-07-04 23:34:03 81      XLRN_BBG000R5HWZ1_2021-04-09
2021-07-04 23:34:03 82      XNCR_BBG0026ZG4W0_2021-04-09
2021-07-04 23:34:03 83      XOM_BBG000GZQ728_2021-04-09
2021-07-04 23:34:03 87      XPO_BBG000L5CJF3_2021-04-09
2021-07-04 23:34:03 88      XRAY_BBG000BX57K1_2021-04-09
2021-07-04 23:34:03 89      XRX_BBG00NNG2ZJ8_2021-04-09
2021-07-04 23:34:03 90      XYL_BBG001D8R5D0_2021-04-09
2021-07-04 23:34:03 91      Y_BBG000BX6BJ3_2021-04-09
2021-07-04 23:34:03 92      YELP_BBG000Q2HM09_2021-04-09
2021-07-04 23:34:03 92      YETI_BBG00D8JC882_2021-04-09
2021-07-04 23:34:03 93      YEXT_BBG001MKZGY7_2021-04-09
2021-07-04 23:34:03 94      YUM_BBG000BH3GZ2_2021-04-09
2021-07-04 23:34:03 96      YUMC_BBG00B8N0HG1_2021-04-09
2021-07-04 23:34:03 97      YY_BBG003H0XV18_2021-04-09
2021-07-04 23:34:03 99      Z_BBG009NRSWJ4_2021-04-09
2021-07-04 23:34:04 01      ZBH_BBG000BKPL53_2021-04-09
2021-07-04 23:34:04 03      ZBRA_BBG000CC7LQ7_2021-04-09
2021-07-04 23:34:04 04      ZEN_BBG001HRFJG4_2021-04-09
2021-07-04 23:34:04 05      ZG_BBG000D13GN8_2021-04-09
2021-07-04 23:34:04 06      ZGNX_BBG000VDC3G9_2021-04-09
2021-07-04 23:34:04 07      ZI_BBG00S1HJ3M8_2021-04-09
2021-07-04 23:34:04 09      ZION_BBG000BX9WL1_2021-04-09
2021-07-04 23:34:04 12      ZM_BBG0042V6JM8_2021-04-09
2021-07-04 23:34:04 16      ZNH_BBG000BXQ7R1_2021-04-09
2021-07-04 23:34:04 16      ZS_BBG003338H34_2021-04-09
2021-07-04 23:34:04 18      ZTS_BBG0039320N9_2021-04-09
2021-07-04 23:34:04 19      ZUMZ_BBG000PYX812_2021-04-09
2021-07-04 23:34:04 20      ZUO_BBG000BT3HG5_2021-04-09
2021-07-04 23:34:04 21      ZYNE_BBG007BBS8B7_2021-04-09
2021-07-04 23:34:04 25      ZYXI_BBG000BJBXZ2_2021-04-09
2021-07-04 23:34:04 26      Total candles read: 3847923
2021-07-04 23:34:04 26      Start DisposeAsync...
2021-07-04 23:34:04 27      Trade statistic. Total/Pos/Neg/(ratio): 5/3/1/(3); Profit: 13.96/2.79; Volume: 0; MaxVolume: 480.93; Commission: 1.181130;
2021-07-04 23:34:04 27      BaseBot::DisposeAsync...
2021-07-04 23:34:04 27      BaseBot::DisposeAsync done!
2021-07-04 23:34:04 27      End DisposeAsync...
