2021-06-11 21:54:53 36      mode=TestTradeBot;DumpQuotes=false;SubscribeQuotes=false;Strategies=MorningOpenStrategy;Token=token.txt;ConfigPath=usd.json;OutputFolder=.\new\;CandlesPath=C:\tinkoff\TestData\RawQuotes\5m\uncompressed\quotes_2021-01-27;
2021-06-11 21:54:53 37      Trade bot created
2021-06-11 21:54:53 39      Fake connection created
2021-06-11 21:54:56 96       Error! Unknown ticker: EV
2021-06-11 21:54:56 96       Error! Unknown ticker: IMMU
2021-06-11 21:54:56 96       Error! Unknown ticker: LM
2021-06-11 21:54:56 96       Error! Unknown ticker: LOGM
2021-06-11 21:54:56 96       Error! Unknown ticker: LVGO
2021-06-11 21:54:56 97       Error! Unknown ticker: MTSC
2021-06-11 21:54:56 97       Error! Unknown ticker: MYL
2021-06-11 21:54:56 97       Error! Unknown ticker: MYOK
2021-06-11 21:54:56 97       Error! Unknown ticker: NBL
2021-06-11 21:54:56 97       Error! Unknown ticker: PRSC
2021-06-11 21:54:56 97       Error! Unknown ticker: PS
2021-06-11 21:54:56 97       Error! Unknown ticker: RP
2021-06-11 21:54:56 97       Error! Unknown ticker: SINA
2021-06-11 21:54:56 97       Error! Unknown ticker: TECD
2021-06-11 21:54:56 97       Error! Unknown ticker: TIF
2021-06-11 21:54:56 97       Error! Unknown ticker: VAR
2021-06-11 21:54:56 97       Error! Unknown ticker: VRTU
2021-06-11 21:54:56 97       Error! Unknown ticker: WYND
2021-06-11 21:54:56 99      List of disabled tickers: 
2021-06-11 21:54:57 00      AA_BBG00B3T3HD3_2021-01-27
2021-06-11 21:54:57 08      AAL_BBG005P7Q881_2021-01-27
2021-06-11 21:54:57 41      AAPL_BBG000B9XRY4_2021-01-27
2021-06-11 21:54:57 90      ABBV_BBG0025Y4RY4_2021-01-27
2021-06-11 21:54:57 98      ABNB_BBG001Y2XS07_2021-01-27
2021-06-11 21:54:58 07      ABT_BBG000B9ZXB4_2021-01-27
2021-06-11 21:54:58 11      ACAD_BBG000BHG9K0_2021-01-27
2021-06-11 21:54:58 12      ACH_BBG000CMRVH1_2021-01-27
2021-06-11 21:54:58 14      ADBE_BBG000BB5006_2021-01-27
2021-06-11 21:54:58 20      ADM_BBG000BB6WG8_2021-01-27
2021-06-11 21:54:58 22      ADP_BBG000JG0547_2021-01-27
2021-06-11 21:54:58 25      ADSK_BBG000BM7HL0_2021-01-27
2021-06-11 21:54:58 29      AES_BBG000C23KJ3_2021-01-27
2021-06-11 21:54:58 32      AFL_BBG000BBBNC6_2021-01-27
2021-06-11 21:54:58 34      AIG_BBG000BBDZG3_2021-01-27
2021-06-11 21:54:58 37      AKAM_BBG000BJQWD2_2021-01-27
2021-06-11 21:54:58 41      ALK_BBG000BBL0Y1_2021-01-27
2021-06-11 21:54:58 43      ALL_BBG000BVMGF2_2021-01-27
2021-06-11 21:54:58 45      ALXN_BBG000G30YX4_2021-01-27
2021-06-11 21:54:58 50      AMAT_BBG000BBPFB9_2021-01-27
2021-06-11 21:54:58 56      AMCX_BBG000H01H92_2021-01-27
2021-06-11 21:54:58 58      AMCX: SPYKE!. Candle: ID:790, Time: 10:30, Close: 67
2021-06-11 21:54:58 59      AMCX: SPYKE!. Candle: ID:1431, Time: 13:00, Close: 60.1
2021-06-11 21:54:58 59      AMCX: SPYKE!. Candle: ID:1654, Time: 13:25, Close: 70
2021-06-11 21:54:58 59      AMCX: SPYKE!. Candle: ID:2155, Time: 13:55, Close: 64.21
2021-06-11 21:54:58 60      AMD_BBG000BBQCY0_2021-01-27
2021-06-11 21:54:58 90      AMGN_BBG000BBS2Y0_2021-01-27
2021-06-11 21:54:58 94      AMZN_BBG000BVPV84_2021-01-27
2021-06-11 21:54:59 06      ANGI_BBG00HVKH3Q0_2021-01-27
2021-06-11 21:54:59 10      APA_BBG000BC2C10_2021-01-27
2021-06-11 21:54:59 10      Warning: figi `BBG000BC2C10` for history data does not match actual figi `BBG00YTS96G2`. Ticker: APA. Will be used actual!
2021-06-11 21:54:59 14      APLE_BBG006473QX9_2021-01-27
2021-06-11 21:54:59 15      APTV_BBG001QD41M9_2021-01-27
2021-06-11 21:54:59 17      ARCT_BBG00NNW8JK1_2021-01-27
2021-06-11 21:54:59 20      ARMK_BBG001KY4N87_2021-01-27
2021-06-11 21:54:59 21      ARWR_BBG000BRVKH0_2021-01-27
2021-06-11 21:54:59 22      ATRA_BBG005Q3MQY4_2021-01-27
2021-06-11 21:54:59 25      ATRA: BuyPending. Strategy: MorningOpenStrategy. Price: 19.73. Lots: 12. ChangeOpenToCurrent: -2.23. ChangePrevCloseToCurrent: -0.15. Candle: ID:38, Time: 7:00, Close: 19.73.
2021-06-11 21:54:59 25      ATRA: OrderID: af1d6369. PlacedOrder. Status: New. RejectReason: 
2021-06-11 21:54:59 26      ATRA: OrderID: af1d6369 partially executed. Executed lots: 1. OrderStatus: 1/12 lots
2021-06-11 21:54:59 26      ATRA: OrderID: af1d6369 fully executed
2021-06-11 21:54:59 26      ATRA: Morning closing. Close price: 20. Lots: 12. CandleChange: -0.89%. ChangeFromCandleHigh: -0.94%. Profit: 0.27(1.37%). Candle: ID:96, Time: 7:10, Close: 20
2021-06-11 21:54:59 26      ATRA: OrderID: d6aef546. PlacedOrder. Status: New. RejectReason: 
2021-06-11 21:54:59 26      ATRA: OrderID: d6aef546 partially executed. Executed lots: 1. OrderStatus: 1/12 lots
2021-06-11 21:54:59 26      ATRA: OrderID: d6aef546 partially executed. Executed lots: 2. OrderStatus: 3/12 lots
2021-06-11 21:54:59 26      ATRA: OrderID: d6aef546 fully executed
2021-06-11 21:54:59 27      ATRA: SPYKE!. Candle: ID:3646, Time: 12:30, Close: 20.06
2021-06-11 21:54:59 27      ATRA: SPYKE!. Candle: ID:3656, Time: 12:30, Close: 20
2021-06-11 21:54:59 28      ATUS_BBG00GFMPRK0_2021-01-27
2021-06-11 21:54:59 30      ATUS: SPYKE!. Candle: ID:6466, Time: 22:30, Close: 32.3
2021-06-11 21:54:59 30      ATVI_BBG000CVWGS6_2021-01-27
2021-06-11 21:54:59 37      AVGO_BBG00KHY5S69_2021-01-27
2021-06-11 21:54:59 41      AXP_BBG000BCQZS4_2021-01-27
2021-06-11 21:54:59 45      BA_BBG000BCSST7_2021-01-27
2021-06-11 21:54:59 60      BABA_BBG006G2JVL2_2021-01-27
2021-06-11 21:54:59 72      BAC_BBG000BCTLF6_2021-01-27
2021-06-11 21:54:59 80      BAX_BBG000BCVJ77_2021-01-27
2021-06-11 21:54:59 82      BBY_BBG000BCWCG1_2021-01-27
2021-06-11 21:54:59 85      BEN_BBG000BD0TF8_2021-01-27
2021-06-11 21:54:59 86      BEN: SPYKE!. Candle: ID:5881, Time: 22:30, Close: 28.52
2021-06-11 21:54:59 86      BEN: SPYKE!. Candle: ID:5883, Time: 22:35, Close: 28.48
2021-06-11 21:54:59 86      BEN: SPYKE!. Candle: ID:5884, Time: 22:35, Close: 26.97
2021-06-11 21:54:59 86      BEN: SPYKE!. Candle: ID:5885, Time: 22:35, Close: 28.46
2021-06-11 21:54:59 87      BHF_BBG00DYPZ4T0_2021-01-27
2021-06-11 21:54:59 88      BIDU_BBG000QXWHD1_2021-01-27
2021-06-11 21:54:59 96      BIIB_BBG000C17X76_2021-01-27
2021-06-11 21:54:59 99      BILI_BBG00K7T3037_2021-01-27
2021-06-11 21:55:00 03      BILI: BuyPending. Strategy: MorningOpenStrategy. Price: 125. Lots: 2. ChangeOpenToCurrent: -2.19. ChangePrevCloseToCurrent: -2.19. Candle: ID:9, Time: 7:00, Close: 125.
2021-06-11 21:55:00 03      BILI: OrderID: 03b839de. PlacedOrder. Status: New. RejectReason: 
2021-06-11 21:55:00 03      BILI: OrderID: 03b839de fully executed
2021-06-11 21:55:00 03      BILI: Morning closing. Close price: 128.3. Lots: 2. CandleChange: -0.54%. ChangeFromCandleHigh: -0.54%. Profit: 3.30(2.64%). Candle: ID:59, Time: 7:10, Close: 128.3
2021-06-11 21:55:00 03      BILI: OrderID: ebdea230. PlacedOrder. Status: New. RejectReason: 
2021-06-11 21:55:00 03      BILI: OrderID: ebdea230 partially executed. Executed lots: 1. OrderStatus: 1/2 lots
2021-06-11 21:55:00 03      BILI: OrderID: ebdea230 fully executed
2021-06-11 21:55:00 06      BK_BBG000BD8PN9_2021-01-27
2021-06-11 21:55:00 09      BKR_BBG00GBVBK51_2021-01-27
2021-06-11 21:55:00 12      BLDR_BBG000BKD3K9_2021-01-27
2021-06-11 21:55:00 15      BLUE_BBG000QGWY50_2021-01-27
2021-06-11 21:55:00 17      BMRN_BBG000CZWZ05_2021-01-27
2021-06-11 21:55:00 18      BMY_BBG000DQLV23_2021-01-27
2021-06-11 21:55:00 23      BRK.B_BBG000DWG505_2021-01-27
2021-06-11 21:55:00 28      BSX_BBG000C0LW92_2021-01-27
2021-06-11 21:55:00 33      BTI_BBG000BWPXQ8_2021-01-27
2021-06-11 21:55:00 35      BUD_BBG000RYC984_2021-01-27
2021-06-11 21:55:00 36      BWA_BBG000BJ49H3_2021-01-27
2021-06-11 21:55:00 39      BYND_BBG003CVJP50_2021-01-27
2021-06-11 21:55:00 46      BZUN_BBG008HNS333_2021-01-27
2021-06-11 21:55:00 49      C_BBG000FY4S11_2021-01-27
2021-06-11 21:55:00 56      CAG_BBG000BDXGP9_2021-01-27
2021-06-11 21:55:00 59      CAH_BBG000D898T9_2021-01-27
2021-06-11 21:55:00 60      CARG_BBG00HQ77DS2_2021-01-27
2021-06-11 21:55:00 61      CARR_BBG00RP5HYS8_2021-01-27
2021-06-11 21:55:00 64      CAT_BBG000BF0K17_2021-01-27
2021-06-11 21:55:00 66      CB_BBG000BR14K5_2021-01-27
2021-06-11 21:55:00 68      CBRE_BBG000C04224_2021-01-27
2021-06-11 21:55:00 69      CCL_BBG000BF6LY3_2021-01-27
2021-06-11 21:55:00 80      CDNS_BBG000C13CD9_2021-01-27
2021-06-11 21:55:00 82      CDW_BBG001P63B80_2021-01-27
2021-06-11 21:55:00 84      CERN_BBG000BFDLV8_2021-01-27
2021-06-11 21:55:00 87      CF_BBG000BWJFZ4_2021-01-27
2021-06-11 21:55:00 89      CFG_BBG006Q0HY77_2021-01-27
2021-06-11 21:55:00 94      CGNX_BBG000BPBVW5_2021-01-27
2021-06-11 21:55:00 95      CHEF_BBG001MFW6D6_2021-01-27
2021-06-11 21:55:00 96      CHGG_BBG0014XR0N5_2021-01-27
2021-06-11 21:55:00 98      CHNG_BBG0059KNH10_2021-01-27
2021-06-11 21:55:00 99      CHRW_BBG000BTCH57_2021-01-27
2021-06-11 21:55:01 00      CHRW: SPYKE!. Candle: ID:13, Time: 14:25, Close: 90.75
2021-06-11 21:55:01 01      CHTR_BBG000VPGNR2_2021-01-27
2021-06-11 21:55:01 04      CHX_BBG00JH9TZ56_2021-01-27
2021-06-11 21:55:01 05      CIEN_BBG000BP1152_2021-01-27
2021-06-11 21:55:01 06      CINF_BBG000BFPK65_2021-01-27
2021-06-11 21:55:01 08      CL_BBG000BFQYY3_2021-01-27
2021-06-11 21:55:01 11      CLF_BBG000BFRF55_2021-01-27
2021-06-11 21:55:01 14      CLR_BBG000BHBGN6_2021-01-27
2021-06-11 21:55:01 16      CMA_BBG000C75N77_2021-01-27
2021-06-11 21:55:01 18      CMCSA_BBG000BFT2L4_2021-01-27
2021-06-11 21:55:01 25      CME_BBG000BHLYP4_2021-01-27
2021-06-11 21:55:01 26      CMS_BBG000BFVXX0_2021-01-27
2021-06-11 21:55:01 28      CNC_BBG000BDXCJ5_2021-01-27
2021-06-11 21:55:01 32      CNK_BBG000QDVR53_2021-01-27
2021-06-11 21:55:01 40      CNK: SPYKE!. Candle: ID:12872, Time: 14:30, Close: 24.85
2021-06-11 21:55:01 44      CNP_BBG000FDBX90_2021-01-27
2021-06-11 21:55:01 46      COF_BBG000BGKTF9_2021-01-27
2021-06-11 21:55:01 47      COF: BuyPending. Strategy: MorningOpenStrategy. Price: 101.65. Lots: 2. ChangeOpenToCurrent: -2.51. ChangePrevCloseToCurrent: -3.46. Candle: ID:9, Time: 7:00, Close: 101.65.
2021-06-11 21:55:01 47      COF: OrderID: 96a13410. PlacedOrder. Status: New. RejectReason: 
2021-06-11 21:55:01 47      COF: Cancel order. Did not bought at market open. Candle: ID:20, Time: 7:05, Close: 102.64
2021-06-11 21:55:01 47      OrderID: 96a13410 successfully canceled
2021-06-11 21:55:01 48      COG_BBG000C3GN47_2021-01-27
2021-06-11 21:55:01 51      COG: SPYKE!. Candle: ID:5727, Time: 22:30, Close: 19.22
2021-06-11 21:55:01 51      COG: SPYKE!. Candle: ID:5731, Time: 22:35, Close: 19.2
2021-06-11 21:55:01 51      COP_BBG000BQQH30_2021-01-27
2021-06-11 21:55:01 55      CORT_BBG000BKJG33_2021-01-27
2021-06-11 21:55:01 56      COST_BBG000F6H8W8_2021-01-27
2021-06-11 21:55:01 59      COTY_BBG000F395V1_2021-01-27
2021-06-11 21:55:01 61      COTY: BuyPending. Strategy: MorningOpenStrategy. Price: 6.75. Lots: 37. ChangeOpenToCurrent: -2.03. ChangePrevCloseToCurrent: 0.15. Candle: ID:17, Time: 7:00, Close: 6.75.
2021-06-11 21:55:01 61      COTY: OrderID: f2fa6b1a. PlacedOrder. Status: New. RejectReason: 
2021-06-11 21:55:01 61      COTY: Cancel order. Did not bought at market open. Candle: ID:34, Time: 7:05, Close: 6.81
2021-06-11 21:55:01 61      OrderID: f2fa6b1a successfully canceled
2021-06-11 21:55:01 64      COUP_BBG001J4BCN4_2021-01-27
2021-06-11 21:55:01 65      CPB_BBG000BG4202_2021-01-27
2021-06-11 21:55:01 67      CPRI_BBG0029SNR63_2021-01-27
2021-06-11 21:55:01 69      CPRT_BBG000BM9RH1_2021-01-27
2021-06-11 21:55:01 71      CREE_BBG000BG14P4_2021-01-27
2021-06-11 21:55:01 73      CRM_BBG000BN2DC2_2021-01-27
2021-06-11 21:55:01 79      CROX_BBG000BLY663_2021-01-27
2021-06-11 21:55:01 81      CRUS_BBG000C1DHF5_2021-01-27
2021-06-11 21:55:01 82      CRWD_BBG00BLYKS03_2021-01-27
2021-06-11 21:55:01 88      CSCO_BBG000C3J3C9_2021-01-27
2021-06-11 21:55:01 92      CSCO: BuyPending. Strategy: MorningOpenStrategy. Price: 44.6. Lots: 5. ChangeOpenToCurrent: 0.04. ChangePrevCloseToCurrent: -2.13. Candle: ID:10, Time: 7:00, Close: 44.6.
2021-06-11 21:55:01 92      CSCO: OrderID: 8132dada. PlacedOrder. Status: New. RejectReason: 
2021-06-11 21:55:01 92      CSCO: OrderID: 8132dada partially executed. Executed lots: 2. OrderStatus: 2/5 lots
2021-06-11 21:55:01 92      CSCO: OrderID: 8132dada fully executed
2021-06-11 21:55:01 92      CSCO: Morning closing by timeout. Close price: 44.87. Lots: 5. Profit: 0.27(0.61%). Candle: ID:60, Time: 7:20, Close: 44.87
2021-06-11 21:55:01 92      CSCO: OrderID: 2893089d. PlacedOrder. Status: New. RejectReason: 
2021-06-11 21:55:01 92      CSCO: OrderID: 2893089d partially executed. Executed lots: 3. OrderStatus: 3/5 lots
2021-06-11 21:55:01 92      CSCO: OrderID: 2893089d partially executed. Executed lots: 1. OrderStatus: 4/5 lots
2021-06-11 21:55:01 92      CSCO: OrderID: 2893089d fully executed
2021-06-11 21:55:01 96      CSX_BBG000BGJRC8_2021-01-27
2021-06-11 21:55:02 02      CTSH_BBG000BBDV81_2021-01-27
2021-06-11 21:55:02 05      CTVA_BBG00BN969C1_2021-01-27
2021-06-11 21:55:02 07      CTXS_BBG000FQ6PY6_2021-01-27
2021-06-11 21:55:02 11      CVET_BBG00KR691K8_2021-01-27
2021-06-11 21:55:02 12      CVS_BBG000BGRY34_2021-01-27
2021-06-11 21:55:02 14      CVX_BBG000K4ND22_2021-01-27
2021-06-11 21:55:02 19      D_BBG000BGVW60_2021-01-27
2021-06-11 21:55:02 21      DAL_BBG000R7Z112_2021-01-27
2021-06-11 21:55:02 29      DBX_BBG0018SLDN0_2021-01-27
2021-06-11 21:55:02 34      DD_BBG00BN961G4_2021-01-27
2021-06-11 21:55:02 35      DDOG_BBG003NJHZT9_2021-01-27
2021-06-11 21:55:02 39      DFS_BBG000QBR5J5_2021-01-27
2021-06-11 21:55:02 41      DHI_BBG000DQTXY6_2021-01-27
2021-06-11 21:55:02 43      DHR_BBG000BH3JF8_2021-01-27
2021-06-11 21:55:02 45      DIS_BBG000BH4R78_2021-01-27
2021-06-11 21:55:02 55      DISCA_BBG000CHWP52_2021-01-27
2021-06-11 21:55:02 74      DISCK_BBG000VMWHH5_2021-01-27
2021-06-11 21:55:02 88      DKNG_BBG00TCBG714_2021-01-27
2021-06-11 21:55:02 96      DKS_BBG000F6ZWH2_2021-01-27
2021-06-11 21:55:02 97      DLTR_BBG000BSC0K9_2021-01-27
2021-06-11 21:55:03 01      DOCU_BBG000N7KJX8_2021-01-27
2021-06-11 21:55:03 06      DOW_BBG00BN96922_2021-01-27
2021-06-11 21:55:03 10      DRI_BBG000BBNYF6_2021-01-27
2021-06-11 21:55:03 12      DT_BBG00PNN7C40_2021-01-27
2021-06-11 21:55:03 14      DVN_BBG000BBVJZ8_2021-01-27
2021-06-11 21:55:03 18      DXC_BBG00FN64XT9_2021-01-27
2021-06-11 21:55:03 19      DXCM_BBG000QTF8K1_2021-01-27
2021-06-11 21:55:03 21      EA_BBG000BP0KQ8_2021-01-27
2021-06-11 21:55:03 24      EBAY_BBG000C43RR5_2021-01-27
2021-06-11 21:55:03 29      ED_BBG000BHLYS1_2021-01-27
2021-06-11 21:55:03 32      EDIT_BBG005MX5GZ2_2021-01-27
2021-06-11 21:55:03 35      EIX_BBG000D7RKJ5_2021-01-27
2021-06-11 21:55:03 37      ELAN_BBG00LJYS1P8_2021-01-27
2021-06-11 21:55:03 39      EMR_BBG000BHX7N2_2021-01-27
2021-06-11 21:55:03 42      ENDP_BBG000C0HQ54_2021-01-27
2021-06-11 21:55:03 43      ENPH_BBG001R3MNY9_2021-01-27
2021-06-11 21:55:03 47      ENTG_BBG000CTV4N4_2021-01-27
2021-06-11 21:55:03 49      EOG_BBG000BZ9223_2021-01-27
2021-06-11 21:55:03 51      EQT_BBG000BHZ5J9_2021-01-27
2021-06-11 21:55:03 55      ET_BBG000BM2FL9_2021-01-27
2021-06-11 21:55:03 58      ETRN_BBG00K53L394_2021-01-27
2021-06-11 21:55:03 59      ETRN: BuyPending. Strategy: MorningOpenStrategy. Price: 6.71. Lots: 37. ChangeOpenToCurrent: -2.61. ChangePrevCloseToCurrent: -1.32. Candle: ID:12, Time: 7:00, Close: 6.71.
2021-06-11 21:55:03 59      ETRN: OrderID: 153b82e9. PlacedOrder. Status: New. RejectReason: 
2021-06-11 21:55:03 59      ETRN: OrderID: 153b82e9 partially executed. Executed lots: 3. OrderStatus: 3/37 lots
2021-06-11 21:55:03 59      ETRN: Morning closing. Close price: 6.81. Lots: 3. CandleChange: -0.15%. ChangeFromCandleHigh: -0.29%. Profit: 0.10(1.49%). Candle: ID:105, Time: 7:10, Close: 6.81
2021-06-11 21:55:03 59      ETRN: OrderID: 9ab1a8ff. PlacedOrder. Status: New. RejectReason: 
2021-06-11 21:55:03 59      ETRN: OrderID: 153b82e9 automatically canceling...
2021-06-11 21:55:03 59      ETRN: OrderID: 9ab1a8ff fully executed
2021-06-11 21:55:03 59      OrderID: 153b82e9 successfully canceled
2021-06-11 21:55:03 61      ETSY_BBG000N7MXL8_2021-01-27
2021-06-11 21:55:03 65      EVH_BBG005CHLM96_2021-01-27
2021-06-11 21:55:03 66      EW_BBG000BRXP69_2021-01-27
2021-06-11 21:55:03 67      EWBC_BBG000CR20B1_2021-01-27
2021-06-11 21:55:03 69      EXAS_BBG000CWL0F5_2021-01-27
2021-06-11 21:55:03 71      EXC_BBG000J6XT05_2021-01-27
2021-06-11 21:55:03 74      EXEL_BBG000BQ4WF8_2021-01-27
2021-06-11 21:55:03 76      EXPD_BBG000BJ5GK2_2021-01-27
2021-06-11 21:55:03 78      EXPE_BBG000QY3XZ2_2021-01-27
2021-06-11 21:55:03 82      F_BBG000BQPC32_2021-01-27
2021-06-11 21:55:03 88      FANG_BBG002PHSYX9_2021-01-27
2021-06-11 21:55:03 90      FAST_BBG000BJ8YN7_2021-01-27
2021-06-11 21:55:03 93      FATE_BBG000QP35H2_2021-01-27
2021-06-11 21:55:03 94      FATE: SPYKE!. Candle: ID:265, Time: 14:30, Close: 86.88
2021-06-11 21:55:03 95      FB_BBG000MM2P62_2021-01-27
2021-06-11 21:55:04 19      FCX_BBG000BJDB15_2021-01-27
2021-06-11 21:55:04 26      FDX_BBG000BJF1Z8_2021-01-27
2021-06-11 21:55:04 29      FIS_BBG000BK2F42_2021-01-27
2021-06-11 21:55:04 31      FISV_BBG000BJKPG0_2021-01-27
2021-06-11 21:55:04 37      FITB_BBG000BJL3N0_2021-01-27
2021-06-11 21:55:04 41      FIVN_BBG001KHJM17_2021-01-27
2021-06-11 21:55:04 42      FL_BBG000BX8DC4_2021-01-27
2021-06-11 21:55:04 44      FLIR_BBG000BHK836_2021-01-27
2021-06-11 21:55:04 46      FLR_BBG000BB1TH9_2021-01-27
2021-06-11 21:55:04 46      FLR: SPYKE!. Candle: ID:34, Time: 9:00, Close: 19.5
2021-06-11 21:55:04 48      FOX_BBG00JHNKJY8_2021-01-27
2021-06-11 21:55:04 51      FOX: SPYKE!. Candle: ID:14098, Time: 22:40, Close: 33.31
2021-06-11 21:55:04 51      FOXA_BBG00JHNJW99_2021-01-27
2021-06-11 21:55:04 61      FRHC_BBG000N625H8_2021-01-27
2021-06-11 21:55:04 62      FSLR_BBG000BFL116_2021-01-27
2021-06-11 21:55:04 65      FSLY_BBG004NLQHL0_2021-01-27
2021-06-11 21:55:04 69      FTI_BBG00DL8NMV2_2021-01-27
2021-06-11 21:55:04 73      FTNT_BBG000BCMBG4_2021-01-27
2021-06-11 21:55:04 75      FTV_BBG00BLVZ228_2021-01-27
2021-06-11 21:55:04 77      GE_BBG000BK6MB5_2021-01-27
2021-06-11 21:55:04 83      GH_BBG006D97VY9_2021-01-27
2021-06-11 21:55:04 84      GILD_BBG000CKGBP2_2021-01-27
2021-06-11 21:55:04 89      GIS_BBG000BKCFC2_2021-01-27
2021-06-11 21:55:04 92      GLW_BBG000BKFZM4_2021-01-27
2021-06-11 21:55:04 95      GM_BBG000NDYB67_2021-01-27
2021-06-11 21:55:05 03      GOOG_BBG009S3NB30_2021-01-27
2021-06-11 21:55:05 12      GOOGL_BBG009S39JX6_2021-01-27
2021-06-11 21:55:05 22      GPS_BBG000BKLH74_2021-01-27
2021-06-11 21:55:05 27      GPS: SPYKE!. Candle: ID:16602, Time: 20:50, Close: 20.21
2021-06-11 21:55:05 27      GRMN_BBG000C4LN67_2021-01-27
2021-06-11 21:55:05 31      GRUB_BBG001KWG293_2021-01-27
2021-06-11 21:55:05 31      GS_BBG000C6CFJ5_2021-01-27
2021-06-11 21:55:05 34      GSKY_BBG00KT2SCV8_2021-01-27
2021-06-11 21:55:05 36      GT_BBG000BKNX95_2021-01-27
2021-06-11 21:55:05 38      HA_BBG000BC4185_2021-01-27
2021-06-11 21:55:05 39      HAL_BBG000BKTFN2_2021-01-27
2021-06-11 21:55:05 42      HALO_BBG000CZ8W54_2021-01-27
2021-06-11 21:55:05 43      HAS_BBG000BKVJK4_2021-01-27
2021-06-11 21:55:05 45      HBAN_BBG000BKWSR6_2021-01-27
2021-06-11 21:55:05 48      HBI_BBG000D2ZTS8_2021-01-27
2021-06-11 21:55:05 49      HCA_BBG000QW7VC1_2021-01-27
2021-06-11 21:55:05 51      HD_BBG000BKZB36_2021-01-27
2021-06-11 21:55:05 53      HES_BBG000BBD070_2021-01-27
2021-06-11 21:55:05 54      HFC_BBG000BL9JQ1_2021-01-27
2021-06-11 21:55:05 56      HIG_BBG000G0Z878_2021-01-27
2021-06-11 21:55:05 58      HLT_BBG0058KMH30_2021-01-27
2021-06-11 21:55:05 60      HOG_BBG000BKZTP3_2021-01-27
2021-06-11 21:55:05 62      HOLX_BBG000C3NTN5_2021-01-27
2021-06-11 21:55:05 65      HON_BBG000H556T9_2021-01-27
2021-06-11 21:55:05 66      HP_BBG000BLCPY4_2021-01-27
2021-06-11 21:55:05 68      HPE_BBG0078W3NQ3_2021-01-27
2021-06-11 21:55:05 70      HPQ_BBG000KHWT55_2021-01-27
2021-06-11 21:55:05 73      HRB_BBG000BLDV98_2021-01-27
2021-06-11 21:55:05 75      HRB: SPYKE!. Candle: ID:76, Time: 8:45, Close: 17.15
2021-06-11 21:55:05 76      HRL_BBG000BLF8D2_2021-01-27
2021-06-11 21:55:05 78      HRTX_BBG000G2GJT7_2021-01-27
2021-06-11 21:55:05 80      HSIC_BBG000BNMMJ3_2021-01-27
2021-06-11 21:55:05 81      HST_BBG000BL8804_2021-01-27
2021-06-11 21:55:05 84      HTHT_BBG000QFPM65_2021-01-27
2021-06-11 21:55:05 85      HWM_BBG00DYNJGH9_2021-01-27
2021-06-11 21:55:05 87      IAC_BBG000BKQG80_2021-01-27
2021-06-11 21:55:05 88      IBM_BBG000BLNNH6_2021-01-27
2021-06-11 21:55:05 94      IBN_BBG000DRM643_2021-01-27
2021-06-11 21:55:05 95      ICE_BBG000C1FB75_2021-01-27
2021-06-11 21:55:05 97      IIVI_BBG000BLW102_2021-01-27
2021-06-11 21:55:05 99      ILMN_BBG000DSMS70_2021-01-27
2021-06-11 21:55:06 01      INCY_BBG000BNPSQ9_2021-01-27
2021-06-11 21:55:06 04      INFO_BBG006G063F9_2021-01-27
2021-06-11 21:55:06 06      INTC_BBG000C0G1D1_2021-01-27
2021-06-11 21:55:06 20      INTU_BBG000BH5DV1_2021-01-27
2021-06-11 21:55:06 22      IOVA_BBG000FTLBV7_2021-01-27
2021-06-11 21:55:06 24      IP_BBG000BM5SR2_2021-01-27
2021-06-11 21:55:06 26      IPG_BBG000C90DH9_2021-01-27
2021-06-11 21:55:06 28      IR_BBG002R1CW27_2021-01-27
2021-06-11 21:55:06 29      IRM_BBG000KCZPC3_2021-01-27
2021-06-11 21:55:06 34      IVZ_BBG000BY2Y78_2021-01-27
2021-06-11 21:55:06 36      JBHT_BBG000BMDBZ1_2021-01-27
2021-06-11 21:55:06 37      JCI_BBG000BVWLJ6_2021-01-27
2021-06-11 21:55:06 39      JD_BBG005YHY0Q7_2021-01-27
2021-06-11 21:55:06 47      JNJ_BBG000BMHYD1_2021-01-27
2021-06-11 21:55:06 52      JNPR_BBG000BY33P5_2021-01-27
2021-06-11 21:55:06 56      JPM_BBG000DMBXR2_2021-01-27
2021-06-11 21:55:06 63      JWN_BBG000G8N9C6_2021-01-27
2021-06-11 21:55:06 67      K_BBG000BMKDM3_2021-01-27
2021-06-11 21:55:06 70      KDP_BBG000TJM7F0_2021-01-27
2021-06-11 21:55:06 73      KEY_BBG000BMQPL1_2021-01-27
2021-06-11 21:55:06 77      KHC_BBG005CPNTQ2_2021-01-27
2021-06-11 21:55:06 80      KIM_BBG000CN3S73_2021-01-27
2021-06-11 21:55:06 82      KLAC_BBG000BMTFR4_2021-01-27
2021-06-11 21:55:06 84      KMI_BBG0019JZ882_2021-01-27
2021-06-11 21:55:06 88      KNX_BBG000BFC848_2021-01-27
2021-06-11 21:55:06 89      KO_BBG000BMX289_2021-01-27
2021-06-11 21:55:06 95      KR_BBG000BMY992_2021-01-27
2021-06-11 21:55:07 02      LB_BBG000BNGTQ7_2021-01-27
2021-06-11 21:55:07 07      LEN_BBG000BN5HF7_2021-01-27
2021-06-11 21:55:07 09      LIN_BBG00GVR8YQ9_2021-01-27
2021-06-11 21:55:07 12      LITE_BBG0073F9RT7_2021-01-27
2021-06-11 21:55:07 13      LKQ_BBG000PXDL44_2021-01-27
2021-06-11 21:55:07 15      LLY_BBG000BNBDC2_2021-01-27
2021-06-11 21:55:07 17      LNT_BBG000DW4Q75_2021-01-27
2021-06-11 21:55:07 19      LOW_BBG000BNDN65_2021-01-27
2021-06-11 21:55:07 21      LPSN_BBG000BSV0W5_2021-01-27
2021-06-11 21:55:07 22      LRCX_BBG000BNFLM9_2021-01-27
2021-06-11 21:55:07 25      LTHM_BBG00LV3NRG0_2021-01-27
2021-06-11 21:55:07 28      LULU_BBG000R8ZVD1_2021-01-27
2021-06-11 21:55:07 31      LUV_BBG000BNJHS8_2021-01-27
2021-06-11 21:55:07 35      LVS_BBG000JWD753_2021-01-27
2021-06-11 21:55:07 39      LYB_BBG000WCFV84_2021-01-27
2021-06-11 21:55:07 41      LYFT_BBG004M9ZHX5_2021-01-27
2021-06-11 21:55:07 46      LYV_BBG000FQ7YR4_2021-01-27
2021-06-11 21:55:07 47      M_BBG000C46HM9_2021-01-27
2021-06-11 21:55:07 53      M: BuyPending. Strategy: MorningOpenStrategy. Price: 15.78. Lots: 15. ChangeOpenToCurrent: -0.38. ChangePrevCloseToCurrent: -2.11. Candle: ID:191, Time: 7:00, Close: 15.78.
2021-06-11 21:55:07 53      M: OrderID: fa75c3c0. PlacedOrder. Status: New. RejectReason: 
2021-06-11 21:55:07 53      M: OrderID: fa75c3c0 fully executed
2021-06-11 21:55:07 53      M: Morning closing. Close price: 16.01. Lots: 15. CandleChange: 1.01%. ChangeFromCandleHigh: -1.17%. Profit: 0.23(1.46%). Candle: ID:661, Time: 7:15, Close: 16.01
2021-06-11 21:55:07 53      M: OrderID: 34662466. PlacedOrder. Status: New. RejectReason: 
2021-06-11 21:55:07 53      M: OrderID: 34662466 fully executed
2021-06-11 21:55:07 57      MA_BBG000F1ZSQ2_2021-01-27
2021-06-11 21:55:07 62      MAC_BBG000BL9C59_2021-01-27
2021-06-11 21:55:07 69      MAC: BuyPending. Strategy: MorningOpenStrategy. Price: 19.61. Lots: 12. ChangeOpenToCurrent: -3.02. ChangePrevCloseToCurrent: -2.82. Candle: ID:62, Time: 7:00, Close: 19.61.
2021-06-11 21:55:07 69      MAC: OrderID: c9cdfc93. PlacedOrder. Status: New. RejectReason: 
2021-06-11 21:55:07 69      MAC: Cancel order. Did not bought at market open. Candle: ID:165, Time: 7:05, Close: 20.4
2021-06-11 21:55:07 69      OrderID: c9cdfc93 successfully canceled
2021-06-11 21:55:07 74      MAR_BBG000BGD7W6_2021-01-27
2021-06-11 21:55:07 76      MAS_BBG000BNNKG9_2021-01-27
2021-06-11 21:55:07 78      MAT_BBG000BNNYW1_2021-01-27
2021-06-11 21:55:07 81      MBT_BBG000CSZKR2_2021-01-27
2021-06-11 21:55:07 82      MCD_BBG000BNSZP1_2021-01-27
2021-06-11 21:55:07 85      MCHP_BBG000BHCP19_2021-01-27
2021-06-11 21:55:07 88      MDLZ_BBG000D4LWF6_2021-01-27
2021-06-11 21:55:07 92      MDRX_BBG000BLDXH5_2021-01-27
2021-06-11 21:55:07 94      MDRX: SPYKE!. Candle: ID:3921, Time: 22:35, Close: 15.1
2021-06-11 21:55:07 94      MDRX: SPYKE!. Candle: ID:3930, Time: 22:40, Close: 16.83
2021-06-11 21:55:07 94      MDT_BBG000BNWG87_2021-01-27
2021-06-11 21:55:07 97      MET_BBG000BB6KF5_2021-01-27
2021-06-11 21:55:08 01      MFGP_BBG00HFWVGN0_2021-01-27
2021-06-11 21:55:08 03      MIDD_BBG000DQN9R3_2021-01-27
2021-06-11 21:55:08 05      MLCO_BBG000BHP8J4_2021-01-27
2021-06-11 21:55:08 06      MLHR_BBG000BP46T2_2021-01-27
2021-06-11 21:55:08 07      MMC_BBG000BP4MH0_2021-01-27
2021-06-11 21:55:08 08      MMM_BBG000BP52R2_2021-01-27
2021-06-11 21:55:08 12      MNST_BBG008NVB1C0_2021-01-27
2021-06-11 21:55:08 15      MO_BBG000BP6LJ8_2021-01-27
2021-06-11 21:55:08 18      MOMO_BBG007HTCQT0_2021-01-27
2021-06-11 21:55:08 26      MOS_BBG000BFXHL6_2021-01-27
2021-06-11 21:55:08 30      MPC_BBG001DCCGR8_2021-01-27
2021-06-11 21:55:08 34      MRK_BBG000BPD168_2021-01-27
2021-06-11 21:55:08 39      MRNA_BBG003PHHZT1_2021-01-27
2021-06-11 21:55:08 52      MRO_BBG000C8H633_2021-01-27
2021-06-11 21:55:08 54      MS_BBG000BLZRJ2_2021-01-27
2021-06-11 21:55:08 62      MSFT_BBG000BPH459_2021-01-27
2021-06-11 21:55:08 92      MTCH_BBG00B6WH9G3_2021-01-27
2021-06-11 21:55:08 96      MTG_BBG000CBMH27_2021-01-27
2021-06-11 21:55:08 98      MU_BBG000C5Z1S3_2021-01-27
2021-06-11 21:55:09 10      MUR_BBG000BPMH90_2021-01-27
2021-06-11 21:55:09 13      MXIM_BBG000BPNP00_2021-01-27
2021-06-11 21:55:09 18      MYGN_BBG000D9H9F1_2021-01-27
2021-06-11 21:55:09 19      NAVI_BBG004MN1R41_2021-01-27
2021-06-11 21:55:09 21      NEM_BBG000BPWXK1_2021-01-27
2021-06-11 21:55:09 24      NEO_BBG000BKH263_2021-01-27
2021-06-11 21:55:09 25      NET_BBG001WMKHH5_2021-01-27
2021-06-11 21:55:09 27      NET: BuyPending. Strategy: MorningOpenStrategy. Price: 73.7. Lots: 3. ChangeOpenToCurrent: -6.83. ChangePrevCloseToCurrent: -5.84. Candle: ID:9, Time: 7:00, Close: 73.7.
2021-06-11 21:55:09 27      NET: OrderID: 1dca85b6. PlacedOrder. Status: New. RejectReason: 
2021-06-11 21:55:09 27      NET: OrderID: 1dca85b6 fully executed
2021-06-11 21:55:09 27      NET: Morning closing. Close price: 77. Lots: 3. CandleChange: 1.38%. ChangeFromCandleHigh: -1.60%. Profit: 3.30(4.48%). Candle: ID:36, Time: 7:05, Close: 77
2021-06-11 21:55:09 27      NET: OrderID: f48d18d3. PlacedOrder. Status: New. RejectReason: 
2021-06-11 21:55:09 27      NET: OrderID: f48d18d3 partially executed. Executed lots: 2. OrderStatus: 2/3 lots
2021-06-11 21:55:09 27      NET: OrderID: f48d18d3 fully executed
2021-06-11 21:55:09 29      NFLX_BBG000CL9VN6_2021-01-27
2021-06-11 21:55:09 38      NKE_BBG000C5HS04_2021-01-27
2021-06-11 21:55:09 42      NKTR_BBG000BHCYJ1_2021-01-27
2021-06-11 21:55:09 43      NLOK_BBG000BH2JM1_2021-01-27
2021-06-11 21:55:09 46      NLSN_BBG0088CYPX8_2021-01-27
2021-06-11 21:55:09 48      NMIH_BBG005DLMMZ6_2021-01-27
2021-06-11 21:55:09 49      NOK_BBG000BNGBW9_2021-01-27
2021-06-11 21:55:09 87      NOK: SPYKE!. Candle: ID:53503, Time: 16:40, Close: 8.81
2021-06-11 21:55:09 87      NOK: SPYKE!. Candle: ID:53504, Time: 16:40, Close: 8.81
2021-06-11 21:55:09 87      NOK: SPYKE!. Candle: ID:53505, Time: 16:40, Close: 8.81
2021-06-11 21:55:09 87      NOK: SPYKE!. Candle: ID:53517, Time: 16:40, Close: 6.48
2021-06-11 21:55:09 87      NOK: SPYKE!. Candle: ID:53518, Time: 16:40, Close: 6.49
2021-06-11 21:55:09 87      NOK: SPYKE!. Candle: ID:53519, Time: 16:40, Close: 6.49
2021-06-11 21:55:09 87      NOK: SPYKE!. Candle: ID:53530, Time: 16:40, Close: 8.81
2021-06-11 21:55:09 87      NOK: SPYKE!. Candle: ID:53531, Time: 16:40, Close: 8.81
2021-06-11 21:55:09 87      NOK: SPYKE!. Candle: ID:53532, Time: 16:40, Close: 8.81
2021-06-11 21:55:09 87      NOK: SPYKE!. Candle: ID:53556, Time: 16:40, Close: 6.5
2021-06-11 21:55:09 87      NOK: SPYKE!. Candle: ID:53557, Time: 16:40, Close: 6.5
2021-06-11 21:55:09 87      NOK: SPYKE!. Candle: ID:53566, Time: 16:40, Close: 8.81
2021-06-11 21:55:09 87      NOK: SPYKE!. Candle: ID:53576, Time: 16:40, Close: 8.81
2021-06-11 21:55:09 87      NOK: SPYKE!. Candle: ID:53604, Time: 16:40, Close: 6.5
2021-06-11 21:55:09 87      NOK: SPYKE!. Candle: ID:53605, Time: 16:40, Close: 6.5
2021-06-11 21:55:09 87      NOK: SPYKE!. Candle: ID:53607, Time: 16:40, Close: 8.81
2021-06-11 21:55:09 87      NOK: SPYKE!. Candle: ID:53618, Time: 16:40, Close: 6.5
2021-06-11 21:55:09 87      NOK: SPYKE!. Candle: ID:53619, Time: 16:40, Close: 6.5
2021-06-11 21:55:09 87      NOK: SPYKE!. Candle: ID:53621, Time: 16:40, Close: 8.81
2021-06-11 21:55:09 87      NOK: SPYKE!. Candle: ID:53622, Time: 16:40, Close: 8.81
2021-06-11 21:55:09 87      NOK: SPYKE!. Candle: ID:53690, Time: 16:40, Close: 6.53
2021-06-11 21:55:09 87      NOK: SPYKE!. Candle: ID:53693, Time: 16:40, Close: 8.81
2021-06-11 21:55:09 87      NOK: SPYKE!. Candle: ID:53709, Time: 16:40, Close: 6.59
2021-06-11 21:55:09 87      NOK: SPYKE!. Candle: ID:53710, Time: 16:40, Close: 6.59
2021-06-11 21:55:09 87      NOK: SPYKE!. Candle: ID:53711, Time: 16:40, Close: 8.81
2021-06-11 21:55:09 87      NOK: SPYKE!. Candle: ID:53712, Time: 16:40, Close: 8.81
2021-06-11 21:55:09 87      NOK: SPYKE!. Candle: ID:53713, Time: 16:40, Close: 8.81
2021-06-11 21:55:09 87      NOK: SPYKE!. Candle: ID:53733, Time: 16:40, Close: 8.81
2021-06-11 21:55:09 87      NOK: SPYKE!. Candle: ID:53734, Time: 16:40, Close: 8.81
2021-06-11 21:55:09 87      NOK: SPYKE!. Candle: ID:53735, Time: 16:40, Close: 8.81
2021-06-11 21:55:09 87      NOK: SPYKE!. Candle: ID:53739, Time: 16:40, Close: 6.6
2021-06-11 21:55:09 87      NOK: SPYKE!. Candle: ID:53744, Time: 16:40, Close: 8.81
2021-06-11 21:55:09 87      NOK: SPYKE!. Candle: ID:53745, Time: 16:40, Close: 8.81
2021-06-11 21:55:09 87      NOK: SPYKE!. Candle: ID:53749, Time: 16:40, Close: 8.81
2021-06-11 21:55:09 87      NOK: SPYKE!. Candle: ID:53750, Time: 16:40, Close: 8.81
2021-06-11 21:55:09 87      NOK: SPYKE!. Candle: ID:53751, Time: 16:40, Close: 8.81
2021-06-11 21:55:09 87      NOK: SPYKE!. Candle: ID:53757, Time: 16:40, Close: 6.6
2021-06-11 21:55:09 87      NOK: SPYKE!. Candle: ID:53762, Time: 16:40, Close: 6.62
2021-06-11 21:55:09 87      NOK: SPYKE!. Candle: ID:53763, Time: 16:40, Close: 6.63
2021-06-11 21:55:09 87      NOK: SPYKE!. Candle: ID:53768, Time: 16:40, Close: 6.64
2021-06-11 21:55:09 87      NOK: SPYKE!. Candle: ID:53769, Time: 16:40, Close: 6.65
2021-06-11 21:55:09 87      NOK: SPYKE!. Candle: ID:53773, Time: 16:40, Close: 8.8
2021-06-11 21:55:09 87      NOK: SPYKE!. Candle: ID:53775, Time: 16:40, Close: 6.65
2021-06-11 21:55:09 87      NOK: SPYKE!. Candle: ID:53780, Time: 16:40, Close: 8.81
2021-06-11 21:55:09 87      NOK: SPYKE!. Candle: ID:53781, Time: 16:40, Close: 6.65
2021-06-11 21:55:09 87      NOK: SPYKE!. Candle: ID:53782, Time: 16:40, Close: 6.65
2021-06-11 21:55:09 87      NOK: SPYKE!. Candle: ID:53785, Time: 16:40, Close: 6.65
2021-06-11 21:55:09 87      NOK: SPYKE!. Candle: ID:53786, Time: 16:40, Close: 6.65
2021-06-11 21:55:09 87      NOK: SPYKE!. Candle: ID:53788, Time: 16:40, Close: 6.65
2021-06-11 21:55:09 87      NOK: SPYKE!. Candle: ID:53789, Time: 16:40, Close: 6.66
2021-06-11 21:55:09 87      NOK: SPYKE!. Candle: ID:53790, Time: 16:40, Close: 8.8
2021-06-11 21:55:09 87      NOK: SPYKE!. Candle: ID:53793, Time: 16:40, Close: 6.7
2021-06-11 21:55:09 87      NOK: SPYKE!. Candle: ID:53794, Time: 16:40, Close: 6.7
2021-06-11 21:55:09 87      NOK: SPYKE!. Candle: ID:53882, Time: 16:40, Close: 7.5
2021-06-11 21:55:09 87      NOK: SPYKE!. Candle: ID:54190, Time: 16:45, Close: 7.63
2021-06-11 21:55:09 87      NOK: SPYKE!. Candle: ID:54205, Time: 16:45, Close: 7.55
2021-06-11 21:55:09 87      NOK: SPYKE!. Candle: ID:55260, Time: 16:45, Close: 8.55
2021-06-11 21:55:09 87      NOK: SPYKE!. Candle: ID:55261, Time: 16:45, Close: 8.55
2021-06-11 21:55:09 87      NOK: SPYKE!. Candle: ID:55273, Time: 16:45, Close: 7.31
2021-06-11 21:55:09 87      NOK: SPYKE!. Candle: ID:55274, Time: 16:45, Close: 8.1
2021-06-11 21:55:09 87      NOK: SPYKE!. Candle: ID:55298, Time: 16:45, Close: 7.31
2021-06-11 21:55:09 87      NOK: SPYKE!. Candle: ID:55366, Time: 16:45, Close: 8
2021-06-11 21:55:09 87      NOK: SPYKE!. Candle: ID:55387, Time: 16:45, Close: 8
2021-06-11 21:55:09 87      NOK: SPYKE!. Candle: ID:55390, Time: 16:45, Close: 7.4
2021-06-11 21:55:09 87      NOK: SPYKE!. Candle: ID:55391, Time: 16:45, Close: 8
2021-06-11 21:55:09 87      NOK: SPYKE!. Candle: ID:55409, Time: 16:45, Close: 7.43
2021-06-11 21:55:09 87      NOK: SPYKE!. Candle: ID:55412, Time: 16:45, Close: 7.74
2021-06-11 21:55:09 87      NOK: SPYKE!. Candle: ID:55421, Time: 16:45, Close: 8
2021-06-11 21:55:09 87      NOK: SPYKE!. Candle: ID:55425, Time: 16:45, Close: 7.43
2021-06-11 21:55:09 87      NOK: SPYKE!. Candle: ID:55431, Time: 16:45, Close: 7.74
2021-06-11 21:55:09 87      NOK: SPYKE!. Candle: ID:55444, Time: 16:45, Close: 7.5
2021-06-11 21:55:09 87      NOK: SPYKE!. Candle: ID:55448, Time: 16:45, Close: 7.74
2021-06-11 21:55:09 87      NOK: SPYKE!. Candle: ID:55455, Time: 16:45, Close: 7.74
2021-06-11 21:55:09 87      NOK: SPYKE!. Candle: ID:55460, Time: 16:45, Close: 7.5
2021-06-11 21:55:09 87      NOK: SPYKE!. Candle: ID:55477, Time: 16:45, Close: 7.5
2021-06-11 21:55:09 87      NOK: SPYKE!. Candle: ID:55488, Time: 16:45, Close: 8
2021-06-11 21:55:09 87      NOK: SPYKE!. Candle: ID:55500, Time: 16:45, Close: 7.74
2021-06-11 21:55:09 87      NOK: SPYKE!. Candle: ID:55504, Time: 16:45, Close: 8
2021-06-11 21:55:09 87      NOK: SPYKE!. Candle: ID:55512, Time: 16:45, Close: 8
2021-06-11 21:55:09 87      NOK: SPYKE!. Candle: ID:55520, Time: 16:45, Close: 7.73
2021-06-11 21:55:09 87      NOK: SPYKE!. Candle: ID:55536, Time: 16:45, Close: 7.73
2021-06-11 21:55:09 87      NOK: SPYKE!. Candle: ID:55542, Time: 16:45, Close: 7.74
2021-06-11 21:55:09 87      NOK: SPYKE!. Candle: ID:55549, Time: 16:45, Close: 8
2021-06-11 21:55:09 87      NOK: SPYKE!. Candle: ID:55556, Time: 16:45, Close: 7.73
2021-06-11 21:55:09 87      NOK: SPYKE!. Candle: ID:55569, Time: 16:45, Close: 8
2021-06-11 21:55:09 87      NOK: SPYKE!. Candle: ID:55578, Time: 16:45, Close: 7.74
2021-06-11 21:55:09 87      NOK: SPYKE!. Candle: ID:55585, Time: 16:45, Close: 7.74
2021-06-11 21:55:09 87      NOK: SPYKE!. Candle: ID:55602, Time: 16:45, Close: 8
2021-06-11 21:55:09 87      NOK: SPYKE!. Candle: ID:55613, Time: 16:45, Close: 8
2021-06-11 21:55:09 87      NOK: SPYKE!. Candle: ID:55632, Time: 16:45, Close: 7.74
2021-06-11 21:55:09 87      NOK: SPYKE!. Candle: ID:55645, Time: 16:45, Close: 8
2021-06-11 21:55:09 87      NOK: SPYKE!. Candle: ID:55648, Time: 16:45, Close: 7.74
2021-06-11 21:55:09 87      NOK: SPYKE!. Candle: ID:55695, Time: 16:45, Close: 7.7
2021-06-11 21:55:09 87      NOK: SPYKE!. Candle: ID:55720, Time: 16:45, Close: 8
2021-06-11 21:55:09 87      NOK: SPYKE!. Candle: ID:55742, Time: 16:45, Close: 7.52
2021-06-11 21:55:09 87      NOK: SPYKE!. Candle: ID:55745, Time: 16:45, Close: 7.31
2021-06-11 21:55:09 87      NOK: SPYKE!. Candle: ID:55786, Time: 16:45, Close: 7.23
2021-06-11 21:55:09 87      NOK: SPYKE!. Candle: ID:55789, Time: 16:45, Close: 7.5
2021-06-11 21:55:09 88      NOK: SPYKE!. Candle: ID:57102, Time: 16:50, Close: 6.82
2021-06-11 21:55:09 88      NOK: SPYKE!. Candle: ID:57104, Time: 16:50, Close: 7.29
2021-06-11 21:55:09 88      NOK: SPYKE!. Candle: ID:57111, Time: 16:50, Close: 7.38
2021-06-11 21:55:09 88      NOK: SPYKE!. Candle: ID:57112, Time: 16:50, Close: 7.41
2021-06-11 21:55:09 88      NOK: SPYKE!. Candle: ID:57196, Time: 16:50, Close: 7.35
2021-06-11 21:55:09 88      NOK: SPYKE!. Candle: ID:57554, Time: 16:50, Close: 7.45
2021-06-11 21:55:09 88      NOK: SPYKE!. Candle: ID:57559, Time: 16:50, Close: 7.45
2021-06-11 21:55:09 88      NOK: SPYKE!. Candle: ID:57571, Time: 16:50, Close: 7.12
2021-06-11 21:55:09 88      NOK: SPYKE!. Candle: ID:57574, Time: 16:50, Close: 7.39
2021-06-11 21:55:09 88      NOK: SPYKE!. Candle: ID:57575, Time: 16:50, Close: 7.46
2021-06-11 21:55:09 88      NOK: SPYKE!. Candle: ID:57578, Time: 16:50, Close: 7.12
2021-06-11 21:55:09 88      NOK: SPYKE!. Candle: ID:57581, Time: 16:50, Close: 7.43
2021-06-11 21:55:09 89      NOK: SPYKE!. Candle: ID:67301, Time: 17:00, Close: 6.65
2021-06-11 21:55:09 89      NOK: SPYKE!. Candle: ID:68192, Time: 17:05, Close: 6.02
2021-06-11 21:55:09 89      NOK: SPYKE!. Candle: ID:68193, Time: 17:05, Close: 6
2021-06-11 21:55:09 89      NOK: SPYKE!. Candle: ID:68197, Time: 17:05, Close: 6.17
2021-06-11 21:55:09 89      NOK: SPYKE!. Candle: ID:68199, Time: 17:05, Close: 5.85
2021-06-11 21:55:09 89      NOK: SPYKE!. Candle: ID:68200, Time: 17:05, Close: 6.36
2021-06-11 21:55:09 89      NOK: SPYKE!. Candle: ID:68201, Time: 17:05, Close: 6.51
2021-06-11 21:55:09 89      NOK: SPYKE!. Candle: ID:68202, Time: 17:05, Close: 6.49
2021-06-11 21:55:09 89      NOK: SPYKE!. Candle: ID:74503, Time: 17:15, Close: 6.89
2021-06-11 21:55:09 89      NOK: SPYKE!. Candle: ID:74509, Time: 17:15, Close: 6.89
2021-06-11 21:55:09 89      NOK: SPYKE!. Candle: ID:74524, Time: 17:15, Close: 6.52
2021-06-11 21:55:09 89      NOK: SPYKE!. Candle: ID:74526, Time: 17:15, Close: 6.89
2021-06-11 21:55:09 89      NOK: SPYKE!. Candle: ID:74533, Time: 17:15, Close: 6.89
2021-06-11 21:55:09 89      NOK: SPYKE!. Candle: ID:74535, Time: 17:15, Close: 6.89
2021-06-11 21:55:09 89      NOK: SPYKE!. Candle: ID:74557, Time: 17:15, Close: 6.89
2021-06-11 21:55:09 89      NOK: SPYKE!. Candle: ID:74589, Time: 17:15, Close: 6.89
2021-06-11 21:55:09 89      NOK: SPYKE!. Candle: ID:74590, Time: 17:15, Close: 6.89
2021-06-11 21:55:09 89      NOK: SPYKE!. Candle: ID:74593, Time: 17:15, Close: 6.54
2021-06-11 21:55:09 89      NOK: SPYKE!. Candle: ID:74594, Time: 17:15, Close: 6.52
2021-06-11 21:55:09 89      NOK: SPYKE!. Candle: ID:74597, Time: 17:15, Close: 6.89
2021-06-11 21:55:09 89      NOK: SPYKE!. Candle: ID:74599, Time: 17:15, Close: 6.88
2021-06-11 21:55:09 89      NOK: SPYKE!. Candle: ID:74603, Time: 17:15, Close: 6.88
2021-06-11 21:55:09 89      NOK: SPYKE!. Candle: ID:74606, Time: 17:15, Close: 6.88
2021-06-11 21:55:09 89      NOK: SPYKE!. Candle: ID:74607, Time: 17:15, Close: 6.88
2021-06-11 21:55:09 89      NOK: SPYKE!. Candle: ID:74608, Time: 17:15, Close: 6.54
2021-06-11 21:55:09 89      NOK: SPYKE!. Candle: ID:74609, Time: 17:15, Close: 6.53
2021-06-11 21:55:09 89      NOK: SPYKE!. Candle: ID:74613, Time: 17:15, Close: 6.88
2021-06-11 21:55:09 89      NOK: SPYKE!. Candle: ID:74618, Time: 17:15, Close: 6.52
2021-06-11 21:55:09 89      NOK: SPYKE!. Candle: ID:74619, Time: 17:15, Close: 6.52
2021-06-11 21:55:09 89      NOK: SPYKE!. Candle: ID:74627, Time: 17:15, Close: 6.88
2021-06-11 21:55:09 89      NOK: SPYKE!. Candle: ID:74628, Time: 17:15, Close: 6.88
2021-06-11 21:55:09 89      NOK: SPYKE!. Candle: ID:74629, Time: 17:15, Close: 6.54
2021-06-11 21:55:09 89      NOK: SPYKE!. Candle: ID:74631, Time: 17:15, Close: 6.54
2021-06-11 21:55:09 89      NOK: SPYKE!. Candle: ID:74643, Time: 17:15, Close: 6.58
2021-06-11 21:55:09 89      NOK: SPYKE!. Candle: ID:74649, Time: 17:15, Close: 6.86
2021-06-11 21:55:09 92      NOK: SPYKE!. Candle: ID:101828, Time: 18:30, Close: 6.72
2021-06-11 21:55:09 93      NOK: SPYKE!. Candle: ID:101854, Time: 18:30, Close: 6.74
2021-06-11 21:55:10 03      NOK: SPYKE!. Candle: ID:194225, Time: 21:00, Close: 6.55
2021-06-11 21:55:10 06      NOV_BBG000BJX8C8_2021-01-27
2021-06-11 21:55:10 07      NRG_BBG000D8RG11_2021-01-27
2021-06-11 21:55:10 09      NTAP_BBG000FP1N32_2021-01-27
2021-06-11 21:55:10 14      NTES_BBG000BX72V8_2021-01-27
2021-06-11 21:55:10 16      NTLA_BBG007KC7PB0_2021-01-27
2021-06-11 21:55:10 18      NTLA: BuyPending. Strategy: MorningOpenStrategy. Price: 64.4. Lots: 3. ChangeOpenToCurrent: -3.01. ChangePrevCloseToCurrent: 0.0. Candle: ID:10, Time: 7:00, Close: 64.4.
2021-06-11 21:55:10 18      NTLA: OrderID: 4deb5124. PlacedOrder. Status: New. RejectReason: 
2021-06-11 21:55:10 18      NTLA: OrderID: 4deb5124 fully executed
2021-06-11 21:55:10 18      NTLA: Morning closing. Close price: 66.3. Lots: 3. CandleChange: -0.09%. ChangeFromCandleHigh: -0.09%. Profit: 1.90(2.95%). Candle: ID:23, Time: 7:05, Close: 66.3
2021-06-11 21:55:10 18      NTLA: OrderID: 78704a18. PlacedOrder. Status: New. RejectReason: 
2021-06-11 21:55:10 18      NTLA: OrderID: 78704a18 fully executed
2021-06-11 21:55:10 19      NTNX_BBG001NDW1Z7_2021-01-27
2021-06-11 21:55:10 21      NTRS_BBG000BQ74K1_2021-01-27
2021-06-11 21:55:10 23      NVDA_BBG000BBJQV0_2021-01-27
2021-06-11 21:55:10 34      NVTA_BBG005DJFD43_2021-01-27
2021-06-11 21:55:10 37      NWL_BBG000BQC9V2_2021-01-27
2021-06-11 21:55:10 39      NWSA_BBG0035LY913_2021-01-27
2021-06-11 21:55:10 41      NXPI_BBG000BND699_2021-01-27
2021-06-11 21:55:10 44      O_BBG000DHPN63_2021-01-27
2021-06-11 21:55:10 46      OIS_BBG000BDDN94_2021-01-27
2021-06-11 21:55:10 47      OKE_BBG000BQHGR6_2021-01-27
2021-06-11 21:55:10 50      OKTA_BBG001YV1SM4_2021-01-27
2021-06-11 21:55:10 52      OLLI_BBG0098VVDT9_2021-01-27
2021-06-11 21:55:10 54      OMC_BBG000BS9489_2021-01-27
2021-06-11 21:55:10 56      ON_BBG000DV7MX4_2021-01-27
2021-06-11 21:55:10 61      ORCL_BBG000BQLTW7_2021-01-27
2021-06-11 21:55:10 65      OSUR_BBG000J3D1Y8_2021-01-27
2021-06-11 21:55:10 66      OTIS_BBG00RP60KV0_2021-01-27
2021-06-11 21:55:10 68      OVV_BBG00R2NHQ65_2021-01-27
2021-06-11 21:55:10 69      OXY_BBG000BQQ2S6_2021-01-27
2021-06-11 21:55:10 74      PAGS_BBG00JM7QBR6_2021-01-27
2021-06-11 21:55:10 76      PBCT_BBG000BQT4L6_2021-01-27
2021-06-11 21:55:10 78      PBF_BBG002832GV8_2021-01-27
2021-06-11 21:55:10 83      PBF: SPYKE!. Candle: ID:19909, Time: 21:05, Close: 11.67
2021-06-11 21:55:10 83      PBF: SPYKE!. Candle: ID:19912, Time: 21:05, Close: 10.82
2021-06-11 21:55:10 83      PBI_BBG000BQTMJ9_2021-01-27
2021-06-11 21:55:10 98      PBI: SPYKE!. Candle: ID:9605, Time: 10:10, Close: 16.5
2021-06-11 21:55:10 98      PBI: SPYKE!. Candle: ID:9608, Time: 10:10, Close: 17.22
2021-06-11 21:55:10 98      PBI: SPYKE!. Candle: ID:9647, Time: 10:10, Close: 17.39
2021-06-11 21:55:10 98      PBI: SPYKE!. Candle: ID:9676, Time: 10:10, Close: 17.39
2021-06-11 21:55:10 98      PBI: SPYKE!. Candle: ID:9682, Time: 10:10, Close: 18.6
2021-06-11 21:55:10 98      PBI: SPYKE!. Candle: ID:9699, Time: 10:10, Close: 18.5
2021-06-11 21:55:10 98      PBI: SPYKE!. Candle: ID:9702, Time: 10:10, Close: 18.69
2021-06-11 21:55:10 98      PBI: SPYKE!. Candle: ID:9722, Time: 10:10, Close: 18.5
2021-06-11 21:55:10 98      PBI: SPYKE!. Candle: ID:9767, Time: 10:10, Close: 18.5
2021-06-11 21:55:10 98      PBI: SPYKE!. Candle: ID:9774, Time: 10:10, Close: 18.5
2021-06-11 21:55:10 98      PBI: SPYKE!. Candle: ID:9784, Time: 10:10, Close: 18.5
2021-06-11 21:55:10 98      PBI: SPYKE!. Candle: ID:14388, Time: 10:55, Close: 19.47
2021-06-11 21:55:10 98      PBI: SPYKE!. Candle: ID:14442, Time: 10:55, Close: 19.48
2021-06-11 21:55:10 98      PBI: SPYKE!. Candle: ID:14538, Time: 10:55, Close: 17.51
2021-06-11 21:55:10 98      PBI: SPYKE!. Candle: ID:14548, Time: 10:55, Close: 17.75
2021-06-11 21:55:10 98      PBI: SPYKE!. Candle: ID:14734, Time: 10:55, Close: 18
2021-06-11 21:55:10 98      PBI: SPYKE!. Candle: ID:14735, Time: 10:55, Close: 18.1
2021-06-11 21:55:10 99      PBI: SPYKE!. Candle: ID:16624, Time: 11:05, Close: 17.9
2021-06-11 21:55:10 99      PBI: SPYKE!. Candle: ID:20318, Time: 11:30, Close: 15
2021-06-11 21:55:10 99      PBI: SPYKE!. Candle: ID:20326, Time: 11:30, Close: 14
2021-06-11 21:55:10 99      PBI: SPYKE!. Candle: ID:20329, Time: 11:30, Close: 14.93
2021-06-11 21:55:10 99      PBI: SPYKE!. Candle: ID:20334, Time: 11:30, Close: 14.93
2021-06-11 21:55:10 99      PBI: SPYKE!. Candle: ID:20345, Time: 11:30, Close: 14.25
2021-06-11 21:55:10 99      PBI: SPYKE!. Candle: ID:20346, Time: 11:30, Close: 14.01
2021-06-11 21:55:10 99      PBI: SPYKE!. Candle: ID:20355, Time: 11:30, Close: 14.95
2021-06-11 21:55:10 99      PBI: SPYKE!. Candle: ID:20356, Time: 11:30, Close: 14.95
2021-06-11 21:55:10 99      PBI: SPYKE!. Candle: ID:20371, Time: 11:30, Close: 14.1
2021-06-11 21:55:10 99      PBI: SPYKE!. Candle: ID:20375, Time: 11:30, Close: 14.11
2021-06-11 21:55:10 99      PBI: SPYKE!. Candle: ID:20376, Time: 11:30, Close: 14.15
2021-06-11 21:55:10 99      PBI: SPYKE!. Candle: ID:20378, Time: 11:30, Close: 14.93
2021-06-11 21:55:10 99      PBI: SPYKE!. Candle: ID:20379, Time: 11:30, Close: 15
2021-06-11 21:55:10 99      PBI: SPYKE!. Candle: ID:20382, Time: 11:30, Close: 14.11
2021-06-11 21:55:10 99      PBI: SPYKE!. Candle: ID:20383, Time: 11:30, Close: 14.2
2021-06-11 21:55:10 99      PBI: SPYKE!. Candle: ID:20384, Time: 11:30, Close: 14.93
2021-06-11 21:55:10 99      PBI: SPYKE!. Candle: ID:20385, Time: 11:30, Close: 14.93
2021-06-11 21:55:10 99      PBI: SPYKE!. Candle: ID:20389, Time: 11:30, Close: 14.2
2021-06-11 21:55:10 99      PBI: SPYKE!. Candle: ID:20392, Time: 11:30, Close: 14.2
2021-06-11 21:55:10 99      PBI: SPYKE!. Candle: ID:20396, Time: 11:30, Close: 14.2
2021-06-11 21:55:10 99      PBI: SPYKE!. Candle: ID:20400, Time: 11:30, Close: 14.21
2021-06-11 21:55:10 99      PBI: SPYKE!. Candle: ID:20422, Time: 11:30, Close: 14.41
2021-06-11 21:55:10 99      PBI: SPYKE!. Candle: ID:20643, Time: 11:30, Close: 15
2021-06-11 21:55:10 99      PBI: SPYKE!. Candle: ID:20659, Time: 11:30, Close: 15.1
2021-06-11 21:55:10 99      PBI: SPYKE!. Candle: ID:20665, Time: 11:30, Close: 15.85
2021-06-11 21:55:10 99      PBI: SPYKE!. Candle: ID:20669, Time: 11:30, Close: 15.85
2021-06-11 21:55:10 99      PBI: SPYKE!. Candle: ID:20670, Time: 11:30, Close: 15.02
2021-06-11 21:55:10 99      PBI: SPYKE!. Candle: ID:20677, Time: 11:35, Close: 15.78
2021-06-11 21:55:10 99      PBI: SPYKE!. Candle: ID:20682, Time: 11:35, Close: 15
2021-06-11 21:55:11 00      PBI: SPYKE!. Candle: ID:33448, Time: 14:30, Close: 14.98
2021-06-11 21:55:11 00      PBI: SPYKE!. Candle: ID:33532, Time: 14:30, Close: 13.89
2021-06-11 21:55:11 00      PBI: SPYKE!. Candle: ID:33604, Time: 14:30, Close: 13.78
2021-06-11 21:55:11 00      PBI: SPYKE!. Candle: ID:33628, Time: 14:30, Close: 13.78
2021-06-11 21:55:11 00      PBI: SPYKE!. Candle: ID:33685, Time: 14:30, Close: 13.79
2021-06-11 21:55:11 00      PBI: SPYKE!. Candle: ID:33686, Time: 14:30, Close: 13.77
2021-06-11 21:55:11 00      PBI: SPYKE!. Candle: ID:33784, Time: 14:30, Close: 13.74
2021-06-11 21:55:11 00      PBI: SPYKE!. Candle: ID:33790, Time: 14:30, Close: 13.72
2021-06-11 21:55:11 00      PBI: SPYKE!. Candle: ID:33831, Time: 14:30, Close: 13.71
2021-06-11 21:55:11 00      PBI: SPYKE!. Candle: ID:34082, Time: 14:30, Close: 13.57
2021-06-11 21:55:11 00      PBI: SPYKE!. Candle: ID:34207, Time: 14:30, Close: 13.47
2021-06-11 21:55:11 00      PBI: SPYKE!. Candle: ID:34211, Time: 14:30, Close: 13.5
2021-06-11 21:55:11 00      PBI: SPYKE!. Candle: ID:34241, Time: 14:30, Close: 13.43
2021-06-11 21:55:11 00      PBI: SPYKE!. Candle: ID:34249, Time: 14:30, Close: 13.81
2021-06-11 21:55:11 00      PBI: SPYKE!. Candle: ID:34264, Time: 14:30, Close: 14
2021-06-11 21:55:11 00      PBI: SPYKE!. Candle: ID:34290, Time: 14:30, Close: 13.32
2021-06-11 21:55:11 00      PBI: SPYKE!. Candle: ID:34299, Time: 14:30, Close: 13.82
2021-06-11 21:55:11 00      PBI: SPYKE!. Candle: ID:34357, Time: 14:30, Close: 13.46
2021-06-11 21:55:11 00      PBI: SPYKE!. Candle: ID:34370, Time: 14:30, Close: 13.36
2021-06-11 21:55:11 00      PBI: SPYKE!. Candle: ID:34651, Time: 14:30, Close: 12.99
2021-06-11 21:55:11 00      PBI: SPYKE!. Candle: ID:34676, Time: 14:30, Close: 12.84
2021-06-11 21:55:11 00      PBI: SPYKE!. Candle: ID:34695, Time: 14:30, Close: 12.78
2021-06-11 21:55:11 00      PBI: SPYKE!. Candle: ID:34741, Time: 14:30, Close: 13.25
2021-06-11 21:55:11 00      PBI: SPYKE!. Candle: ID:34746, Time: 14:30, Close: 12.67
2021-06-11 21:55:11 00      PBI: SPYKE!. Candle: ID:34754, Time: 14:30, Close: 12.65
2021-06-11 21:55:11 00      PBI: SPYKE!. Candle: ID:34813, Time: 14:30, Close: 12.59
2021-06-11 21:55:11 06      PCAR_BBG000BQVTF5_2021-01-27
2021-06-11 21:55:11 08      PCG_BBG000BQWPC5_2021-01-27
2021-06-11 21:55:11 11      PDCO_BBG000BQY289_2021-01-27
2021-06-11 21:55:11 12      PEAK_BBG000BKYDP9_2021-01-27
2021-06-11 21:55:11 14      PEG_BBG000BQZMH4_2021-01-27
2021-06-11 21:55:11 15      PEP_BBG000DH7JK6_2021-01-27
2021-06-11 21:55:11 21      PFE_BBG000BR2B91_2021-01-27
2021-06-11 21:55:11 30      PFG_BBG000NSCNT7_2021-01-27
2021-06-11 21:55:11 33      PG_BBG000BR2TH3_2021-01-27
2021-06-11 21:55:11 40      PGR_BBG000BR37X2_2021-01-27
2021-06-11 21:55:11 42      PHM_BBG000BR54L0_2021-01-27
2021-06-11 21:55:11 44      PINS_BBG002583CV8_2021-01-27
2021-06-11 21:55:11 48      PINS: BuyPending. Strategy: MorningOpenStrategy. Price: 67.84. Lots: 3. ChangeOpenToCurrent: -4.87. ChangePrevCloseToCurrent: -2.60. Candle: ID:9, Time: 7:00, Close: 67.84.
2021-06-11 21:55:11 48      PINS: OrderID: 32d0cfa5. PlacedOrder. Status: New. RejectReason: 
2021-06-11 21:55:11 48      PINS: OrderID: 32d0cfa5 fully executed
2021-06-11 21:55:11 48      PINS: Morning closing. Close price: 70. Lots: 3. CandleChange: -0.43%. ChangeFromCandleHigh: -0.48%. Profit: 2.16(3.18%). Candle: ID:82, Time: 7:05, Close: 70
2021-06-11 21:55:11 48      PINS: OrderID: b8b824ea. PlacedOrder. Status: New. RejectReason: 
2021-06-11 21:55:11 48      PINS: OrderID: b8b824ea fully executed
2021-06-11 21:55:11 51      PLAN_BBG002DZS299_2021-01-27
2021-06-11 21:55:11 53      PLAY_BBG001WWJTK5_2021-01-27
2021-06-11 21:55:11 56      PLCE_BBG000JK9DK4_2021-01-27
2021-06-11 21:55:11 57      PLD_BBG000B9Z0J8_2021-01-27
2021-06-11 21:55:11 59      PLNT_BBG009H04M17_2021-01-27
2021-06-11 21:55:11 61      PM_BBG000J2XL74_2021-01-27
2021-06-11 21:55:11 63      PNC_BBG000BRD0D8_2021-01-27
2021-06-11 21:55:11 65      PPC_BBG000BFLXV3_2021-01-27
2021-06-11 21:55:11 66      PPL_BBG000BRJL00_2021-01-27
2021-06-11 21:55:11 68      PRU_BBG000HCJMF9_2021-01-27
2021-06-11 21:55:11 69      PSTG_BBG00212PVZ5_2021-01-27
2021-06-11 21:55:11 72      PSX_BBG00286S4N9_2021-01-27
2021-06-11 21:55:11 74      PTON_BBG00JG0FFZ2_2021-01-27
2021-06-11 21:55:11 79      PXD_BBG000BXRPH1_2021-01-27
2021-06-11 21:55:11 80      PYPL_BBG0077VNXV6_2021-01-27
2021-06-11 21:55:11 91      QCOM_BBG000CGC1X8_2021-01-27
2021-06-11 21:55:12 00      QDEL_BBG000C6GN04_2021-01-27
2021-06-11 21:55:12 02      QRTEA_BBG000PCQQL6_2021-01-27
2021-06-11 21:55:12 04      QRVO_BBG007TJF1N7_2021-01-27
2021-06-11 21:55:12 07      RCL_BBG000BB5792_2021-01-27
2021-06-11 21:55:12 09      RDFN_BBG001Q7HP63_2021-01-27
2021-06-11 21:55:12 10      RDS.A_BBG000QXSSS6_2021-01-27
2021-06-11 21:55:12 13      REG_BBG000BL46Q4_2021-01-27
2021-06-11 21:55:12 14      REGN_BBG000C734W3_2021-01-27
2021-06-11 21:55:12 17      RF_BBG000Q3JN03_2021-01-27
2021-06-11 21:55:12 19      ROKU_BBG001ZZPQJ6_2021-01-27
2021-06-11 21:55:12 24      ROST_BBG000BSBZH7_2021-01-27
2021-06-11 21:55:12 27      RRC_BBG000FVXD63_2021-01-27
2021-06-11 21:55:12 28      RRC: SPYKE!. Candle: ID:108, Time: 10:20, Close: 9.2
2021-06-11 21:55:12 28      RRC: SPYKE!. Candle: ID:109, Time: 10:20, Close: 9.45
2021-06-11 21:55:12 28      RRC: SPYKE!. Candle: ID:112, Time: 10:20, Close: 8.98
2021-06-11 21:55:12 29      RRGB_BBG000MXH9C1_2021-01-27
2021-06-11 21:55:12 30      RTX_BBG000BW8S60_2021-01-27
2021-06-11 21:55:12 37      SAVE_BBG000BF6RQ9_2021-01-27
2021-06-11 21:55:12 40      SBGI_BBG000F2XXP2_2021-01-27
2021-06-11 21:55:12 41      SBRA_BBG000MTDW24_2021-01-27
2021-06-11 21:55:12 43      SBUX_BBG000CTQBF3_2021-01-27
2021-06-11 21:55:12 53      SCHW_BBG000BSLZY7_2021-01-27
2021-06-11 21:55:12 58      SDGR_BBG000T88BN2_2021-01-27
2021-06-11 21:55:12 59      SEDG_BBG0084BBZY6_2021-01-27
2021-06-11 21:55:12 64      SFIX_BBG0046L1KL9_2021-01-27
2021-06-11 21:55:12 67      SFM_BBG001KFKQM7_2021-01-27
2021-06-11 21:55:12 70      SGEN_BBG000BH0FR6_2021-01-27
2021-06-11 21:55:12 72      SIG_BBG000C4ZZ10_2021-01-27
2021-06-11 21:55:12 73      SIG: SPYKE!. Candle: ID:4677, Time: 22:35, Close: 40.65
2021-06-11 21:55:12 74      SLB_BBG000BT41Q8_2021-01-27
2021-06-11 21:55:12 78      SLG_BBG000BVP5P2_2021-01-27
2021-06-11 21:55:12 79      SMAR_BBG00GQK3WB5_2021-01-27
2021-06-11 21:55:12 81      SNAP_BBG00441QMJ7_2021-01-27
2021-06-11 21:55:12 87      SNPS_BBG000BSFRF3_2021-01-27
2021-06-11 21:55:12 89      SNY_BBG000BBD5N1_2021-01-27
2021-06-11 21:55:12 90      SO_BBG000BT9DW0_2021-01-27
2021-06-11 21:55:12 93      SONO_BBG001JZPSQ2_2021-01-27
2021-06-11 21:55:12 95      SPCE_BBG00HTN2CQ3_2021-01-27
2021-06-11 21:55:13 48      SPG_BBG000BJ2D31_2021-01-27
2021-06-11 21:55:13 51      SPLK_BBG001C7TST4_2021-01-27
2021-06-11 21:55:13 54      SPR_BBG000PRJ2Z9_2021-01-27
2021-06-11 21:55:13 57      SPR: BuyPending. Strategy: MorningOpenStrategy. Price: 37.1. Lots: 6. ChangeOpenToCurrent: -2.16. ChangePrevCloseToCurrent: -0.51. Candle: ID:13, Time: 7:00, Close: 37.1.
2021-06-11 21:55:13 57      SPR: OrderID: 909da323. PlacedOrder. Status: New. RejectReason: 
2021-06-11 21:55:13 57      SPR: OrderID: 909da323 fully executed
2021-06-11 21:55:13 57      SPR: Morning closing by timeout. Close price: 37.46. Lots: 6. Profit: 0.36(0.97%). Candle: ID:74, Time: 7:30, Close: 37.46
2021-06-11 21:55:13 57      SPR: OrderID: 69e8cd61. PlacedOrder. Status: New. RejectReason: 
2021-06-11 21:55:13 57      SPR: OrderID: 69e8cd61 fully executed
2021-06-11 21:55:13 58      SQ_BBG0018SLC07_2021-01-27
2021-06-11 21:55:13 66      SSNC_BBG000RJ2J04_2021-01-27
2021-06-11 21:55:13 67      STLD_BBG000HGYNZ9_2021-01-27
2021-06-11 21:55:13 69      STT_BBG000BKFBD7_2021-01-27
2021-06-11 21:55:13 71      STX_BBG000F0KF42_2021-01-27
2021-06-11 21:55:13 71      Warning: figi `BBG000F0KF42` for history data does not match actual figi `BBG0113JGQF0`. Ticker: STX. Will be used actual!
2021-06-11 21:55:13 77      SWBI_BBG000BM0QL7_2021-01-27
2021-06-11 21:55:13 80      SWKS_BBG000KLB4Q1_2021-01-27
2021-06-11 21:55:13 83      SWN_BBG000BTR593_2021-01-27
2021-06-11 21:55:13 85      SWN: BuyPending. Strategy: MorningOpenStrategy. Price: 3.3. Lots: 75. ChangeOpenToCurrent: -2.08. ChangePrevCloseToCurrent: -0.60. Candle: ID:9, Time: 7:00, Close: 3.3.
2021-06-11 21:55:13 85      SWN: OrderID: bc3804e4. PlacedOrder. Status: New. RejectReason: 
2021-06-11 21:55:13 85      SWN: Cancel order. Did not bought at market open. Candle: ID:61, Time: 7:05, Close: 3.34
2021-06-11 21:55:13 85      OrderID: bc3804e4 successfully canceled
2021-06-11 21:55:13 87      SYF_BBG00658F3P3_2021-01-27
2021-06-11 21:55:13 91      SYY_BBG000BTVJ25_2021-01-27
2021-06-11 21:55:13 93      T_BBG000BSJK37_2021-01-27
2021-06-11 21:55:14 03      TAL_BBG0016XJ8S0_2021-01-27
2021-06-11 21:55:14 04      TAP_BBG000BS7KS3_2021-01-27
2021-06-11 21:55:14 06      TDOC_BBG0019T5SG0_2021-01-27
2021-06-11 21:55:14 09      TENB_BBG00LBLCD02_2021-01-27
2021-06-11 21:55:14 10      TER_BBG000BV4DR6_2021-01-27
2021-06-11 21:55:14 13      TFC_BBG000BYYLS8_2021-01-27
2021-06-11 21:55:14 15      TGT_BBG000H8TVT2_2021-01-27
2021-06-11 21:55:14 20      TJX_BBG000BV8DN6_2021-01-27
2021-06-11 21:55:14 23      TMUS_BBG000NDV1D4_2021-01-27
2021-06-11 21:55:14 27      TOL_BBG000BVHBM1_2021-01-27
2021-06-11 21:55:14 29      TOT_BBG000CHZ857_2021-01-27
2021-06-11 21:55:14 31      TPR_BBG000BY29C7_2021-01-27
2021-06-11 21:55:14 33      TRIP_BBG001M8HHB7_2021-01-27
2021-06-11 21:55:14 36      TRMB_BBG000BNPS52_2021-01-27
2021-06-11 21:55:14 37      TROW_BBG000BVMPN3_2021-01-27
2021-06-11 21:55:14 39      TSCO_BBG000BLXZN1_2021-01-27
2021-06-11 21:55:14 42      TSLA_BBG000N9MNX3_2021-01-27
2021-06-11 21:55:14 82      TSM_BBG000BD8ZK0_2021-01-27
2021-06-11 21:55:14 91      TSN_BBG000DKCC19_2021-01-27
2021-06-11 21:55:14 92      TTD_BBG00629NGT2_2021-01-27
2021-06-11 21:55:14 94      TTM_BBG000PVGDH9_2021-01-27
2021-06-11 21:55:14 95      TTMI_BBG000BYQ0B1_2021-01-27
2021-06-11 21:55:14 97      TTWO_BBG000BS1YV5_2021-01-27
2021-06-11 21:55:14 99      TWLO_BBG0029ZX840_2021-01-27
2021-06-11 21:55:15 00      TWNK_BBG00B6KGNN1_2021-01-27
2021-06-11 21:55:15 01      TWOU_BBG001KS9450_2021-01-27
2021-06-11 21:55:15 03      TWTR_BBG000H6HNW3_2021-01-27
2021-06-11 21:55:15 09      TXN_BBG000BVV7G1_2021-01-27
2021-06-11 21:55:15 14      TXRH_BBG000PSJMV7_2021-01-27
2021-06-11 21:55:15 16      UA_BBG009DTD8H2_2021-01-27
2021-06-11 21:55:15 17      UAA_BBG000BXM6V2_2021-01-27
2021-06-11 21:55:15 20      UAL_BBG000M65M61_2021-01-27
2021-06-11 21:55:15 25      UBER_BBG002B04MT8_2021-01-27
2021-06-11 21:55:15 35      UDR_BBG000C41023_2021-01-27
2021-06-11 21:55:15 38      ULTA_BBG00FWQ4VD6_2021-01-27
2021-06-11 21:55:15 40      UNH_BBG000CH5208_2021-01-27
2021-06-11 21:55:15 43      UNM_BBG000BW2QX0_2021-01-27
2021-06-11 21:55:15 44      UNP_BBG000BW3299_2021-01-27
2021-06-11 21:55:15 46      UNVR_BBG000BDHD29_2021-01-27
2021-06-11 21:55:15 47      UPS_BBG000L9CV04_2021-01-27
2021-06-11 21:55:15 49      UPWK_BBG00FBJ6390_2021-01-27
2021-06-11 21:55:15 50      UPWK: SPYKE!. Candle: ID:5336, Time: 21:35, Close: 42.02
2021-06-11 21:55:15 50      URBN_BBG000BL79J3_2021-01-27
2021-06-11 21:55:15 52      USB_BBG000FFDM15_2021-01-27
2021-06-11 21:55:15 56      USFD_BBG00C6H6D40_2021-01-27
2021-06-11 21:55:15 58      V_BBG000PSKYX7_2021-01-27
2021-06-11 21:55:15 65      VALE_BBG000BN5LG7_2021-01-27
2021-06-11 21:55:15 67      VFC_BBG000BWCKB6_2021-01-27
2021-06-11 21:55:15 69      VG_BBG000BRB5D9_2021-01-27
2021-06-11 21:55:15 71      VG: SPYKE!. Candle: ID:3857, Time: 22:40, Close: 13.95
2021-06-11 21:55:15 71      VIAC_BBG000C496P7_2021-01-27
2021-06-11 21:55:15 75      VIAC: SPYKE!. Candle: ID:2415, Time: 14:45, Close: 56
2021-06-11 21:55:15 75      VIAC: SPYKE!. Candle: ID:2421, Time: 14:45, Close: 57.75
2021-06-11 21:55:15 75      VIAC: SPYKE!. Candle: ID:2422, Time: 14:45, Close: 57.75
2021-06-11 21:55:15 75      VIAC: SPYKE!. Candle: ID:2622, Time: 14:50, Close: 56.37
2021-06-11 21:55:15 75      VIAC: SPYKE!. Candle: ID:2623, Time: 14:50, Close: 55
2021-06-11 21:55:15 75      VIAC: SPYKE!. Candle: ID:2624, Time: 14:50, Close: 55
2021-06-11 21:55:15 75      VIAC: SPYKE!. Candle: ID:2689, Time: 14:55, Close: 53.26
2021-06-11 21:55:15 78      VIPS_BBG002NLDLV8_2021-01-27
2021-06-11 21:55:15 80      VLO_BBG000BBGGQ1_2021-01-27
2021-06-11 21:55:15 83      VNO_BBG000BWHD54_2021-01-27
2021-06-11 21:55:15 85      VRSK_BBG000BCZL41_2021-01-27
2021-06-11 21:55:15 87      VRTX_BBG000C1S2X2_2021-01-27
2021-06-11 21:55:15 90      VTR_BBG000FRVHB9_2021-01-27
2021-06-11 21:55:15 91      VZ_BBG000HS77T5_2021-01-27
2021-06-11 21:55:15 98      W_BBG001B17MV2_2021-01-27
2021-06-11 21:55:15 99      WB_BBG0065XPGX9_2021-01-27
2021-06-11 21:55:16 03      WBA_BBG000BWLMJ4_2021-01-27
2021-06-11 21:55:16 10      WDAY_BBG000VC0T95_2021-01-27
2021-06-11 21:55:16 13      WDC_BBG000BWNFZ9_2021-01-27
2021-06-11 21:55:16 19      WELL_BBG000BKY1G5_2021-01-27
2021-06-11 21:55:16 20      WERN_BBG000BWPP85_2021-01-27
2021-06-11 21:55:16 20      WERN: SPYKE!. Candle: ID:1841, Time: 21:05, Close: 43.29
2021-06-11 21:55:16 20      WERN: SPYKE!. Candle: ID:1842, Time: 21:05, Close: 43.57
2021-06-11 21:55:16 21      WFC_BBG000BWQFY7_2021-01-27
2021-06-11 21:55:16 27      WLTW_BBG000DB3KT1_2021-01-27
2021-06-11 21:55:16 28      WMB_BBG000BWVCP8_2021-01-27
2021-06-11 21:55:16 31      WMT_BBG000BWXBC2_2021-01-27
2021-06-11 21:55:16 35      WORK_BBG007G7V505_2021-01-27
2021-06-11 21:55:16 38      WRK_BBG008NXC572_2021-01-27
2021-06-11 21:55:16 39      WSC_BBG00B0FS947_2021-01-27
2021-06-11 21:55:16 40      WU_BBG000BB5373_2021-01-27
2021-06-11 21:55:16 43      WY_BBG000BX3BL3_2021-01-27
2021-06-11 21:55:16 45      WYNN_BBG000LD9JQ8_2021-01-27
2021-06-11 21:55:16 47      XEL_BBG000BCTQ65_2021-01-27
2021-06-11 21:55:16 50      XLNX_BBG000C0F570_2021-01-27
2021-06-11 21:55:16 54      XOM_BBG000GZQ728_2021-01-27
2021-06-11 21:55:16 61      XRAY_BBG000BX57K1_2021-01-27
2021-06-11 21:55:16 63      XRX_BBG00NNG2ZJ8_2021-01-27
2021-06-11 21:55:16 65      YUM_BBG000BH3GZ2_2021-01-27
2021-06-11 21:55:16 67      YUMC_BBG00B8N0HG1_2021-01-27
2021-06-11 21:55:16 68      YY_BBG003H0XV18_2021-01-27
2021-06-11 21:55:16 69      Z_BBG009NRSWJ4_2021-01-27
2021-06-11 21:55:16 73      ZGNX_BBG000VDC3G9_2021-01-27
2021-06-11 21:55:16 75      ZION_BBG000BX9WL1_2021-01-27
2021-06-11 21:55:16 77      ZM_BBG0042V6JM8_2021-01-27
2021-06-11 21:55:16 81      ZS_BBG003338H34_2021-01-27
2021-06-11 21:55:16 84      ZYNE_BBG007BBS8B7_2021-01-27
2021-06-11 21:55:16 89      ZYXI_BBG000BJBXZ2_2021-01-27
2021-06-11 21:55:16 92      ZYXI: SPYKE!. Candle: ID:15914, Time: 21:25, Close: 20.7
2021-06-11 21:55:16 93      Total candles read: 6089053
2021-06-11 21:55:16 93      Start DisposeAsync...
2021-06-11 21:55:16 93      Attempted to divide by zero.
