2021-06-11 21:57:41 31      mode=TestTradeBot;DumpQuotes=false;SubscribeQuotes=false;Strategies=MorningOpenStrategy;Token=token.txt;ConfigPath=usd.json;OutputFolder=.\new\;CandlesPath=C:\tinkoff\TestData\RawQuotes\5m\uncompressed\quotes_2021-04-16;
2021-06-11 21:57:41 32      Trade bot created
2021-06-11 21:57:41 33      Fake connection created
2021-06-11 21:57:44 94       Error! Unknown ticker: EV
2021-06-11 21:57:44 94       Error! Unknown ticker: IMMU
2021-06-11 21:57:44 94       Error! Unknown ticker: LM
2021-06-11 21:57:44 94       Error! Unknown ticker: LOGM
2021-06-11 21:57:44 94       Error! Unknown ticker: LVGO
2021-06-11 21:57:44 95       Error! Unknown ticker: MTSC
2021-06-11 21:57:44 95       Error! Unknown ticker: MYL
2021-06-11 21:57:44 95       Error! Unknown ticker: MYOK
2021-06-11 21:57:44 95       Error! Unknown ticker: NBL
2021-06-11 21:57:44 95       Error! Unknown ticker: PRSC
2021-06-11 21:57:44 95       Error! Unknown ticker: PS
2021-06-11 21:57:44 95       Error! Unknown ticker: RP
2021-06-11 21:57:44 95       Error! Unknown ticker: SINA
2021-06-11 21:57:44 95       Error! Unknown ticker: TECD
2021-06-11 21:57:44 95       Error! Unknown ticker: TIF
2021-06-11 21:57:44 95       Error! Unknown ticker: VAR
2021-06-11 21:57:44 95       Error! Unknown ticker: VRTU
2021-06-11 21:57:44 95       Error! Unknown ticker: WYND
2021-06-11 21:57:44 96      List of disabled tickers: 
2021-06-11 21:57:45 04      A_BBG000C2V3D6_2021-04-16
2021-06-11 21:57:45 10      AA_BBG00B3T3HD3_2021-04-16
2021-06-11 21:57:45 14      AAL_BBG005P7Q881_2021-04-16
2021-06-11 21:57:45 19      AAN_BBG00WCNDCZ6_2021-04-16
2021-06-11 21:57:45 20      AAON_BBG000C2LZP3_2021-04-16
2021-06-11 21:57:45 21      AAP_BBG000F7RCJ1_2021-04-16
2021-06-11 21:57:45 23      AAPL_BBG000B9XRY4_2021-04-16
2021-06-11 21:57:45 40      ABBV_BBG0025Y4RY4_2021-04-16
2021-06-11 21:57:45 43      ABC_BBG000MDCQC2_2021-04-16
2021-06-11 21:57:45 44      ABG_BBG000BKDWB5_2021-04-16
2021-06-11 21:57:45 45      ABMD_BBG000C101X4_2021-04-16
2021-06-11 21:57:45 46      ABNB_BBG001Y2XS07_2021-04-16
2021-06-11 21:57:45 49      ABT_BBG000B9ZXB4_2021-04-16
2021-06-11 21:57:45 52      ACAD_BBG000BHG9K0_2021-04-16
2021-06-11 21:57:45 54      ACH_BBG000CMRVH1_2021-04-16
2021-06-11 21:57:45 55      ACM_BBG000F61RJ8_2021-04-16
2021-06-11 21:57:45 56      ACMR_BBG00HPSG933_2021-04-16
2021-06-11 21:57:45 57      ACN_BBG000D9D830_2021-04-16
2021-06-11 21:57:45 58      ADBE_BBG000BB5006_2021-04-16
2021-06-11 21:57:45 62      ADM_BBG000BB6WG8_2021-04-16
2021-06-11 21:57:45 64      ADP_BBG000JG0547_2021-04-16
2021-06-11 21:57:45 66      ADPT_BBG001J2PFF5_2021-04-16
2021-06-11 21:57:45 67      ADS_BBG000BFNR17_2021-04-16
2021-06-11 21:57:45 68      ADSK_BBG000BM7HL0_2021-04-16
2021-06-11 21:57:45 69      ADUS_BBG000NJGX84_2021-04-16
2021-06-11 21:57:45 70      AEE_BBG000B9X8C0_2021-04-16
2021-06-11 21:57:45 71      AEIS_BBG000FKMP26_2021-04-16
2021-06-11 21:57:45 72      AEO_BBG000BGXZB5_2021-04-16
2021-06-11 21:57:45 74      AERI_BBG001KJ7WJ5_2021-04-16
2021-06-11 21:57:45 75      AES_BBG000C23KJ3_2021-04-16
2021-06-11 21:57:45 76      AFG_BBG000DPKKK0_2021-04-16
2021-06-11 21:57:45 78      AFL_BBG000BBBNC6_2021-04-16
2021-06-11 21:57:45 79      AGCO_BBG000DCCZW2_2021-04-16
2021-06-11 21:57:45 80      AGIO_BBG000QY4ZD0_2021-04-16
2021-06-11 21:57:45 81      AIG_BBG000BBDZG3_2021-04-16
2021-06-11 21:57:45 82      AIR_BBG000BBGQF1_2021-04-16
2021-06-11 21:57:45 83      AIRC_BBG00XK3WVD0_2021-04-16
2021-06-11 21:57:45 84      AIT_BBG000BBHHP9_2021-04-16
2021-06-11 21:57:45 84      AIV_BBG000DD3510_2021-04-16
2021-06-11 21:57:45 85      AIZ_BBG000BZX1N5_2021-04-16
2021-06-11 21:57:45 86      AJG_BBG000BBHXQ3_2021-04-16
2021-06-11 21:57:45 87      AJRD_BBG000BKRHQ7_2021-04-16
2021-06-11 21:57:45 89      AKAM_BBG000BJQWD2_2021-04-16
2021-06-11 21:57:45 90      ALB_BBG000BJ26K7_2021-04-16
2021-06-11 21:57:45 91      ALGN_BBG000BRNLL2_2021-04-16
2021-06-11 21:57:45 92      ALGT_BBG000LJS6B8_2021-04-16
2021-06-11 21:57:45 93      ALK_BBG000BBL0Y1_2021-04-16
2021-06-11 21:57:45 94      ALL_BBG000BVMGF2_2021-04-16
2021-06-11 21:57:45 95      ALLE_BBG003PS7JV1_2021-04-16
2021-06-11 21:57:45 96      ALLK_BBG003QBJKN0_2021-04-16
2021-06-11 21:57:45 97      ALLO_BBG00KHRRDX3_2021-04-16
2021-06-11 21:57:45 98      ALLY_BBG000BC2R71_2021-04-16
2021-06-11 21:57:46 00      ALNY_BBG000BFGNJ5_2021-04-16
2021-06-11 21:57:46 01      ALRM_BBG007GNPYY7_2021-04-16
2021-06-11 21:57:46 02      ALSN_BBG001KY3845_2021-04-16
2021-06-11 21:57:46 03      ALTR_BBG000PN9NB9_2021-04-16
2021-06-11 21:57:46 03      ALXN_BBG000G30YX4_2021-04-16
2021-06-11 21:57:46 06      AMAT_BBG000BBPFB9_2021-04-16
2021-06-11 21:57:46 12      AMCX_BBG000H01H92_2021-04-16
2021-06-11 21:57:46 13      AMD_BBG000BBQCY0_2021-04-16
2021-06-11 21:57:46 25      AME_BBG000B9XG87_2021-04-16
2021-06-11 21:57:46 26      AMED_BBG000B9ZV28_2021-04-16
2021-06-11 21:57:46 27      AMG_BBG000C060M4_2021-04-16
2021-06-11 21:57:46 27      AMGN_BBG000BBS2Y0_2021-04-16
2021-06-11 21:57:46 30      AMN_BBG000BCT197_2021-04-16
2021-06-11 21:57:46 30      AMP_BBG000G3QLY3_2021-04-16
2021-06-11 21:57:46 31      AMT_BBG000B9XYV2_2021-04-16
2021-06-11 21:57:46 33      AMWD_BBG000BBX657_2021-04-16
2021-06-11 21:57:46 33      AMZN_BBG000BVPV84_2021-04-16
2021-06-11 21:57:46 38      AN_BBG000BBXLW4_2021-04-16
2021-06-11 21:57:46 39      ANAB_BBG0026ZDHR0_2021-04-16
2021-06-11 21:57:46 40      ANDE_BBG000BF8CN3_2021-04-16
2021-06-11 21:57:46 40      ANET_BBG000N2HDY5_2021-04-16
2021-06-11 21:57:46 42      ANF_BBG000H9G7X2_2021-04-16
2021-06-11 21:57:46 42      ANGI_BBG00HVKH3Q0_2021-04-16
2021-06-11 21:57:46 43      ANIK_BBG000BBKZD8_2021-04-16
2021-06-11 21:57:46 44      ANIP_BBG000KK1L04_2021-04-16
2021-06-11 21:57:46 44      ANSS_BBG000GXZ4W7_2021-04-16
2021-06-11 21:57:46 46      ANTM_BBG000BCG930_2021-04-16
2021-06-11 21:57:46 47      AON_BBG00SSQFPK6_2021-04-16
2021-06-11 21:57:46 48      AOS_BBG000BC1L02_2021-04-16
2021-06-11 21:57:46 50      AOUT_BBG00QV8FS02_2021-04-16
2021-06-11 21:57:46 50      APA_BBG00YTS96G2_2021-04-16
2021-06-11 21:57:46 52      APD_BBG000BC4JJ4_2021-04-16
2021-06-11 21:57:46 53      APEI_BBG000RVD346_2021-04-16
2021-06-11 21:57:46 54      APH_BBG000B9YJ35_2021-04-16
2021-06-11 21:57:46 55      APLE_BBG006473QX9_2021-04-16
2021-06-11 21:57:46 56      APLT_BBG000DD0489_2021-04-16
2021-06-11 21:57:46 56      APPF_BBG008GC8CP6_2021-04-16
2021-06-11 21:57:46 57      APPN_BBG001C7PMJ2_2021-04-16
2021-06-11 21:57:46 58      APPS_BBG000HZ3562_2021-04-16
2021-06-11 21:57:46 60      APTV_BBG001QD41M9_2021-04-16
2021-06-11 21:57:46 62      ARCC_BBG000PD6X77_2021-04-16
2021-06-11 21:57:46 63      ARCT_BBG00NNW8JK1_2021-04-16
2021-06-11 21:57:46 64      ARE_BBG000BC33T9_2021-04-16
2021-06-11 21:57:46 64      ARMK_BBG001KY4N87_2021-04-16
2021-06-11 21:57:46 66      ARNA_BBG000BKXBV7_2021-04-16
2021-06-11 21:57:46 66      ARNC_BBG00R45JYB7_2021-04-16
2021-06-11 21:57:46 67      ARQT_BBG00QN8K4M4_2021-04-16
2021-06-11 21:57:46 68      ARVN_BBG00LW7YK82_2021-04-16
2021-06-11 21:57:46 68      ARW_BBG000BCD3D5_2021-04-16
2021-06-11 21:57:46 69      ARWR_BBG000BRVKH0_2021-04-16
2021-06-11 21:57:46 70      ASGN_BBG000CRN8N8_2021-04-16
2021-06-11 21:57:46 70      ASH_BBG00D0Y81M1_2021-04-16
2021-06-11 21:57:46 71      ASIX_BBG00CWTTQ41_2021-04-16
2021-06-11 21:57:46 72      ATEX_BBG0081NLHR0_2021-04-16
2021-06-11 21:57:46 72      ATGE_BBG000DQBZJ7_2021-04-16
2021-06-11 21:57:46 73      ATKR_BBG000QTFDQ4_2021-04-16
2021-06-11 21:57:46 74      ATR_BBG000BGX2S0_2021-04-16
2021-06-11 21:57:46 74      ATRA_BBG005Q3MQY4_2021-04-16
2021-06-11 21:57:46 76      ATRC_BBG000BL6CB5_2021-04-16
2021-06-11 21:57:46 77      ATRI_BBG000DTT624_2021-04-16
2021-06-11 21:57:46 77      ATRO_BBG000BCLBY5_2021-04-16
2021-06-11 21:57:46 78      ATUS_BBG00GFMPRK0_2021-04-16
2021-06-11 21:57:46 79      ATVI_BBG000CVWGS6_2021-04-16
2021-06-11 21:57:46 82      AVAV_BBG000GX14P2_2021-04-16
2021-06-11 21:57:46 83      AVB_BBG000BLPBL5_2021-04-16
2021-06-11 21:57:46 84      AVGO_BBG00KHY5S69_2021-04-16
2021-06-11 21:57:46 86      AVLR_BBG000R4Y9C1_2021-04-16
2021-06-11 21:57:46 87      AVNS_BBG005L86G05_2021-04-16
2021-06-11 21:57:46 88      AVNT_BBG000C8NJ10_2021-04-16
2021-06-11 21:57:46 88      AVNT: SPYKE!. Candle: ID:4, Time: 13:30, Close: 50.56
2021-06-11 21:57:46 88      AVTR_BBG00G2HHYD7_2021-04-16
2021-06-11 21:57:46 90      AVY_BBG000BCQ4P6_2021-04-16
2021-06-11 21:57:46 91      AWI_BBG000DW4LB1_2021-04-16
2021-06-11 21:57:46 91      AWK_BBG000TRJ294_2021-04-16
2021-06-11 21:57:46 92      AWR_BBG000F964B6_2021-04-16
2021-06-11 21:57:46 93      AX_BBG000QPHD08_2021-04-16
2021-06-11 21:57:46 93      AXGN_BBG000BN46R9_2021-04-16
2021-06-11 21:57:46 94      AXP_BBG000BCQZS4_2021-04-16
2021-06-11 21:57:46 95      AXSM_BBG00B6G7GL7_2021-04-16
2021-06-11 21:57:46 96      AYI_BBG000BJ5HK0_2021-04-16
2021-06-11 21:57:46 97      AYX_BBG000BGZT72_2021-04-16
2021-06-11 21:57:46 98      AZO_BBG000C7LMS8_2021-04-16
2021-06-11 21:57:46 99      AZPN_BBG000DFMXT3_2021-04-16
2021-06-11 21:57:47 00      BA_BBG000BCSST7_2021-04-16
2021-06-11 21:57:47 04      BABA_BBG006G2JVL2_2021-04-16
2021-06-11 21:57:47 11      BAC_BBG000BCTLF6_2021-04-16
2021-06-11 21:57:47 15      BAH_BBG000R2YFG7_2021-04-16
2021-06-11 21:57:47 17      BAND_BBG001K003W2_2021-04-16
2021-06-11 21:57:47 18      BAX_BBG000BCVJ77_2021-04-16
2021-06-11 21:57:47 20      BBIO_BBG00P9KDZK6_2021-04-16
2021-06-11 21:57:47 21      BBSI_BBG000BHJSC4_2021-04-16
2021-06-11 21:57:47 21      BBY_BBG000BCWCG1_2021-04-16
2021-06-11 21:57:47 22      BC_BBG000BCWSS3_2021-04-16
2021-06-11 21:57:47 23      BCO_BBG000DR5QP5_2021-04-16
2021-06-11 21:57:47 25      BCPC_BBG000BCY878_2021-04-16
2021-06-11 21:57:47 25      BDC_BBG000Q4XNV1_2021-04-16
2021-06-11 21:57:47 26      BDTX_BBG00MS4Y0W9_2021-04-16
2021-06-11 21:57:47 27      BDX_BBG000BCZYD3_2021-04-16
2021-06-11 21:57:47 28      BECN_BBG000BKTXF2_2021-04-16
2021-06-11 21:57:47 29      BEN_BBG000BD0TF8_2021-04-16
2021-06-11 21:57:47 30      BERY_BBG000Q1R1Y9_2021-04-16
2021-06-11 21:57:47 31      BF.B_BBG000BD2NY8_2021-04-16
2021-06-11 21:57:47 32      BFAM_BBG003LFWP05_2021-04-16
2021-06-11 21:57:47 32      BFYT_BBG003QRSQD3_2021-04-16
2021-06-11 21:57:47 33      BGS_BBG000RKXRQ1_2021-04-16
2021-06-11 21:57:47 34      BH_BBG00JPRDQH1_2021-04-16
2021-06-11 21:57:47 34      BHF_BBG00DYPZ4T0_2021-04-16
2021-06-11 21:57:47 35      BIDU_BBG000QXWHD1_2021-04-16
2021-06-11 21:57:47 39      BIG_BBG000J0D904_2021-04-16
2021-06-11 21:57:47 40      BIIB_BBG000C17X76_2021-04-16
2021-06-11 21:57:47 42      BILI_BBG00K7T3037_2021-04-16
2021-06-11 21:57:47 46      BILL_BBG00QVJV6V4_2021-04-16
2021-06-11 21:57:47 46      BIO_BBG000DY28W5_2021-04-16
2021-06-11 21:57:47 47      BJRI_BBG000H9LNX1_2021-04-16
2021-06-11 21:57:47 48      BK_BBG000BD8PN9_2021-04-16
2021-06-11 21:57:47 51      BKI_BBG00GX77LW3_2021-04-16
2021-06-11 21:57:47 52      BKNG_BBG000BLBVN4_2021-04-16
2021-06-11 21:57:47 53      BKR_BBG00GBVBK51_2021-04-16
2021-06-11 21:57:47 55      BL_BBG0029KJVB0_2021-04-16
2021-06-11 21:57:47 56      BLD_BBG0077VS2C0_2021-04-16
2021-06-11 21:57:47 57      BLDR_BBG000BKD3K9_2021-04-16
2021-06-11 21:57:47 58      BLK_BBG000C2PW58_2021-04-16
2021-06-11 21:57:47 59      BLKB_BBG000BGGTW5_2021-04-16
2021-06-11 21:57:47 60      BLL_BBG000BDDNH5_2021-04-16
2021-06-11 21:57:47 61      BLUE_BBG000QGWY50_2021-04-16
2021-06-11 21:57:47 63      BMI_BBG000BDGHD9_2021-04-16
2021-06-11 21:57:47 63      BMRN_BBG000CZWZ05_2021-04-16
2021-06-11 21:57:47 64      BMY_BBG000DQLV23_2021-04-16
2021-06-11 21:57:47 67      BOH_BBG000C8D8G9_2021-04-16
2021-06-11 21:57:47 68      BOKF_BBG000CFZ003_2021-04-16
2021-06-11 21:57:47 68      BOOT_BBG0077SYZV6_2021-04-16
2021-06-11 21:57:47 69      BOX_BBG000PMSK08_2021-04-16
2021-06-11 21:57:47 70      BPMC_BBG001MC8YF7_2021-04-16
2021-06-11 21:57:47 71      BR_BBG000PPFKQ7_2021-04-16
2021-06-11 21:57:47 72      BRC_BBG000BDNV95_2021-04-16
2021-06-11 21:57:47 72      BRK.B_BBG000DWG505_2021-04-16
2021-06-11 21:57:47 75      BRKR_BBG000CL1FG7_2021-04-16
2021-06-11 21:57:47 75      BRO_BBG000BWSGF4_2021-04-16
2021-06-11 21:57:47 76      BSX_BBG000C0LW92_2021-04-16
2021-06-11 21:57:47 78      BTAI_BBG00K20GVD2_2021-04-16
2021-06-11 21:57:47 79      BTI_BBG000BWPXQ8_2021-04-16
2021-06-11 21:57:47 81      BUD_BBG000RYC984_2021-04-16
2021-06-11 21:57:47 82      BURL_BBG004S641N5_2021-04-16
2021-06-11 21:57:47 83      BWA_BBG000BJ49H3_2021-04-16
2021-06-11 21:57:47 84      BWXT_BBG000D86F25_2021-04-16
2021-06-11 21:57:47 85      BX_BBG000BH0106_2021-04-16
2021-06-11 21:57:47 86      BXP_BBG000BS5CM9_2021-04-16
2021-06-11 21:57:47 87      BYND_BBG003CVJP50_2021-04-16
2021-06-11 21:57:47 89      BZUN_BBG008HNS333_2021-04-16
2021-06-11 21:57:47 90      C_BBG000FY4S11_2021-04-16
2021-06-11 21:57:47 94      CABO_BBG000F02T51_2021-04-16
2021-06-11 21:57:47 95      CACC_BBG000CS0D96_2021-04-16
2021-06-11 21:57:47 96      CAG_BBG000BDXGP9_2021-04-16
2021-06-11 21:57:47 97      CAH_BBG000D898T9_2021-04-16
2021-06-11 21:57:47 98      CALM_BBG000CDMJW6_2021-04-16
2021-06-11 21:57:47 98      CARA_BBG001J2QYS9_2021-04-16
2021-06-11 21:57:47 99      CARG_BBG00HQ77DS2_2021-04-16
2021-06-11 21:57:48 00      CARR_BBG00RP5HYS8_2021-04-16
2021-06-11 21:57:48 02      CARS_BBG000HGTH33_2021-04-16
2021-06-11 21:57:48 02      CASY_BBG000BF0672_2021-04-16
2021-06-11 21:57:48 03      CAT_BBG000BF0K17_2021-04-16
2021-06-11 21:57:48 05      CB_BBG000BR14K5_2021-04-16
2021-06-11 21:57:48 06      CBRE_BBG000C04224_2021-04-16
2021-06-11 21:57:48 07      CBRL_BBG000BF33K1_2021-04-16
2021-06-11 21:57:48 08      CBSH_BBG000BF3G77_2021-04-16
2021-06-11 21:57:48 09      CBU_BBG000BF4D19_2021-04-16
2021-06-11 21:57:48 09      CCI_BBG000FV1Z23_2021-04-16
2021-06-11 21:57:48 10      CCK_BBG000BF6756_2021-04-16
2021-06-11 21:57:48 11      CCL_BBG000BF6LY3_2021-04-16
2021-06-11 21:57:48 15      CCOI_BBG000D0SMY8_2021-04-16
2021-06-11 21:57:48 16      CCXI_BBG000PTSB12_2021-04-16
2021-06-11 21:57:48 16      CDK_BBG006B6PVN9_2021-04-16
2021-06-11 21:57:48 17      CDLX_BBG00225ZDD0_2021-04-16
2021-06-11 21:57:48 19      CDNA_BBG006JS5785_2021-04-16
2021-06-11 21:57:48 20      CDNS_BBG000C13CD9_2021-04-16
2021-06-11 21:57:48 21      CDW_BBG001P63B80_2021-04-16
2021-06-11 21:57:48 22      CE_BBG000JYP7L8_2021-04-16
2021-06-11 21:57:48 23      CEA_BBG000BCFNR4_2021-04-16
2021-06-11 21:57:48 24      CENT_BBG000BFD605_2021-04-16
2021-06-11 21:57:48 24      CENTA_BBG000KTYB56_2021-04-16
2021-06-11 21:57:48 25      CERN_BBG000BFDLV8_2021-04-16
2021-06-11 21:57:48 27      CEVA_BBG000BN3P07_2021-04-16
2021-06-11 21:57:48 27      CF_BBG000BWJFZ4_2021-04-16
2021-06-11 21:57:48 28      CFG_BBG006Q0HY77_2021-04-16
2021-06-11 21:57:48 30      CFR_BBG000C2PL98_2021-04-16
2021-06-11 21:57:48 31      CFX_BBG000C5Z443_2021-04-16
2021-06-11 21:57:48 32      CGEN_BBG000B9ZLB0_2021-04-16
2021-06-11 21:57:48 33      CGNX_BBG000BPBVW5_2021-04-16
2021-06-11 21:57:48 34      CHD_BBG000BFJT36_2021-04-16
2021-06-11 21:57:48 35      CHDN_BBG000BGXMG9_2021-04-16
2021-06-11 21:57:48 36      CHE_BBG000C19QW1_2021-04-16
2021-06-11 21:57:48 36      CHEF_BBG001MFW6D6_2021-04-16
2021-06-11 21:57:48 37      CHGG_BBG0014XR0N5_2021-04-16
2021-06-11 21:57:48 38      CHH_BBG000BPBTL2_2021-04-16
2021-06-11 21:57:48 39      CHKP_BBG000K82ZT8_2021-04-16
2021-06-11 21:57:48 40      CHNG_BBG0059KNH10_2021-04-16
2021-06-11 21:57:48 40      CHRW_BBG000BTCH57_2021-04-16
2021-06-11 21:57:48 42      CHTR_BBG000VPGNR2_2021-04-16
2021-06-11 21:57:48 43      CHWY_BBG00P19DKZ6_2021-04-16
2021-06-11 21:57:48 45      CHX_BBG00JH9TZ56_2021-04-16
2021-06-11 21:57:48 46      CI_BBG00KXRCDP0_2021-04-16
2021-06-11 21:57:48 48      CIEN_BBG000BP1152_2021-04-16
2021-06-11 21:57:48 49      CINF_BBG000BFPK65_2021-04-16
2021-06-11 21:57:48 50      CL_BBG000BFQYY3_2021-04-16
2021-06-11 21:57:48 51      CLDR_BBG000DRJFC8_2021-04-16
2021-06-11 21:57:48 52      CLDT_BBG000PT6BR8_2021-04-16
2021-06-11 21:57:48 53      CLF_BBG000BFRF55_2021-04-16
2021-06-11 21:57:48 55      CLGX_BBG000C2H3F0_2021-04-16
2021-06-11 21:57:48 55      CLH_BBG000BFRRX8_2021-04-16
2021-06-11 21:57:48 56      CLR_BBG000BHBGN6_2021-04-16
2021-06-11 21:57:48 57      CLX_BBG000BFS7D3_2021-04-16
2021-06-11 21:57:48 58      CMA_BBG000C75N77_2021-04-16
2021-06-11 21:57:48 59      CMC_BBG000BFSND8_2021-04-16
2021-06-11 21:57:48 60      CMCO_BBG000BCWWV0_2021-04-16
2021-06-11 21:57:48 61      CMCSA_BBG000BFT2L4_2021-04-16
2021-06-11 21:57:48 64      CME_BBG000BHLYP4_2021-04-16
2021-06-11 21:57:48 66      CMG_BBG000QX74T1_2021-04-16
2021-06-11 21:57:48 67      CMI_BBG000BGPTV6_2021-04-16
2021-06-11 21:57:48 68      CMP_BBG000C42WS4_2021-04-16
2021-06-11 21:57:48 68      CMS_BBG000BFVXX0_2021-04-16
2021-06-11 21:57:48 70      CNC_BBG000BDXCJ5_2021-04-16
2021-06-11 21:57:48 71      CNK_BBG000QDVR53_2021-04-16
2021-06-11 21:57:48 73      CNP_BBG000FDBX90_2021-04-16
2021-06-11 21:57:48 74      CNS_BBG000BB0WG4_2021-04-16
2021-06-11 21:57:48 75      CNST_BBG000R1H6P8_2021-04-16
2021-06-11 21:57:48 75      CNST: SPYKE!. Candle: ID:24, Time: 9:50, Close: 25
2021-06-11 21:57:48 76      CNXC_BBG00RCNQMX3_2021-04-16
2021-06-11 21:57:48 76      CNXN_BBG000BX74M4_2021-04-16
2021-06-11 21:57:48 77      COF_BBG000BGKTF9_2021-04-16
2021-06-11 21:57:48 79      COG_BBG000C3GN47_2021-04-16
2021-06-11 21:57:48 80      COHR_BBG000BG1DH3_2021-04-16
2021-06-11 21:57:48 81      COKE_BBG000BG1SX2_2021-04-16
2021-06-11 21:57:48 81      COLM_BBG000BKKQ84_2021-04-16
2021-06-11 21:57:48 82      CONE_BBG0038V5TX1_2021-04-16
2021-06-11 21:57:48 83      COO_BBG000BG3445_2021-04-16
2021-06-11 21:57:48 84      COP_BBG000BQQH30_2021-04-16
2021-06-11 21:57:48 86      CORR_BBG000CN80Y9_2021-04-16
2021-06-11 21:57:48 87      CORT_BBG000BKJG33_2021-04-16
2021-06-11 21:57:48 88      COST_BBG000F6H8W8_2021-04-16
2021-06-11 21:57:48 90      COTY_BBG000F395V1_2021-04-16
2021-06-11 21:57:48 91      COUP_BBG001J4BCN4_2021-04-16
2021-06-11 21:57:48 92      CPB_BBG000BG4202_2021-04-16
2021-06-11 21:57:48 93      CPRI_BBG0029SNR63_2021-04-16
2021-06-11 21:57:48 94      CPRT_BBG000BM9RH1_2021-04-16
2021-06-11 21:57:48 96      CPS_BBG000PSXT64_2021-04-16
2021-06-11 21:57:48 96      CR_BBG000BG7423_2021-04-16
2021-06-11 21:57:48 97      CREE_BBG000BG14P4_2021-04-16
2021-06-11 21:57:48 98      CRI_BBG000CTM4J9_2021-04-16
2021-06-11 21:57:48 99      CRL_BBG000BG5BL8_2021-04-16
2021-06-11 21:57:49 00      CRM_BBG000BN2DC2_2021-04-16
2021-06-11 21:57:49 03      CRMT_BBG000CM6L31_2021-04-16
2021-06-11 21:57:49 03      CROX_BBG000BLY663_2021-04-16
2021-06-11 21:57:49 04      CRS_BBG000BGCQT9_2021-04-16
2021-06-11 21:57:49 05      CRTX_BBG00BTK1DT8_2021-04-16
2021-06-11 21:57:49 06      CRUS_BBG000C1DHF5_2021-04-16
2021-06-11 21:57:49 07      CRVL_BBG000CVKZY0_2021-04-16
2021-06-11 21:57:49 07      CRWD_BBG00BLYKS03_2021-04-16
2021-06-11 21:57:49 10      CSCO_BBG000C3J3C9_2021-04-16
2021-06-11 21:57:49 14      CSGP_BBG000D7JKW9_2021-04-16
2021-06-11 21:57:49 15      CSGS_BBG000G3TQV2_2021-04-16
2021-06-11 21:57:49 16      CSII_BBG000NWQ9S5_2021-04-16
2021-06-11 21:57:49 17      CSL_BBG000BGGBT8_2021-04-16
2021-06-11 21:57:49 17      CSOD_BBG0016X4XN6_2021-04-16
2021-06-11 21:57:49 18      CSWI_BBG007NLG4L3_2021-04-16
2021-06-11 21:57:49 19      CSX_BBG000BGJRC8_2021-04-16
2021-06-11 21:57:49 22      CTAS_BBG000H3YXF8_2021-04-16
2021-06-11 21:57:49 23      CTB_BBG000BGKXV2_2021-04-16
2021-06-11 21:57:49 24      CTLT_BBG005XR47P5_2021-04-16
2021-06-11 21:57:49 25      CTSH_BBG000BBDV81_2021-04-16
2021-06-11 21:57:49 27      CTVA_BBG00BN969C1_2021-04-16
2021-06-11 21:57:49 28      CTXS_BBG000FQ6PY6_2021-04-16
2021-06-11 21:57:49 29      CVCO_BBG000K4WS65_2021-04-16
2021-06-11 21:57:49 30      CVET_BBG00KR691K8_2021-04-16
2021-06-11 21:57:49 30      CVGW_BBG000BGPQW1_2021-04-16
2021-06-11 21:57:49 31      CVLT_BBG000BG88X9_2021-04-16
2021-06-11 21:57:49 32      CVNA_BBG00GCTWDJ3_2021-04-16
2021-06-11 21:57:49 33      CVS_BBG000BGRY34_2021-04-16
2021-06-11 21:57:49 34      CVX_BBG000K4ND22_2021-04-16
2021-06-11 21:57:49 37      CW_BBG000BGSPS5_2021-04-16
2021-06-11 21:57:49 38      CWST_BBG000BT0J38_2021-04-16
2021-06-11 21:57:49 39      CWT_BBG000D8KTN6_2021-04-16
2021-06-11 21:57:49 40      CY_BBG000BXNJ07_2021-04-16
2021-06-11 21:57:49 40      D_BBG000BGVW60_2021-04-16
2021-06-11 21:57:49 41      DAL_BBG000R7Z112_2021-04-16
2021-06-11 21:57:49 44      DAR_BBG000BN8ZK8_2021-04-16
2021-06-11 21:57:49 46      DBX_BBG0018SLDN0_2021-04-16
2021-06-11 21:57:49 48      DCI_BBG000BGZP70_2021-04-16
2021-06-11 21:57:49 48      DCPH_BBG00HMJ9H54_2021-04-16
2021-06-11 21:57:49 49      DD_BBG00BN961G4_2021-04-16
2021-06-11 21:57:49 51      DDOG_BBG003NJHZT9_2021-04-16
2021-06-11 21:57:49 53      DDS_BBG000BS4MP5_2021-04-16
2021-06-11 21:57:49 54      DE_BBG000BH1NH9_2021-04-16
2021-06-11 21:57:49 55      DECK_BBG000BKXYX5_2021-04-16
2021-06-11 21:57:49 55      DELL_BBG00DW3SZS1_2021-04-16
2021-06-11 21:57:49 58      DFS_BBG000QBR5J5_2021-04-16
2021-06-11 21:57:49 59      DG_BBG000NV1KK7_2021-04-16
2021-06-11 21:57:49 61      DGX_BBG000BN84F3_2021-04-16
2021-06-11 21:57:49 62      DHI_BBG000DQTXY6_2021-04-16
2021-06-11 21:57:49 63      DHR_BBG000BH3JF8_2021-04-16
2021-06-11 21:57:49 64      DIOD_BBG000G25P51_2021-04-16
2021-06-11 21:57:49 65      DIS_BBG000BH4R78_2021-04-16
2021-06-11 21:57:49 68      DISCA_BBG000CHWP52_2021-04-16
2021-06-11 21:57:49 74      DISCB_BBG000F7L5N7_2021-04-16
2021-06-11 21:57:49 75      DISCB: BuyPending. Strategy: MorningOpenStrategy. Price: 91.12. Lots: 2. ChangeOpenToCurrent: -2.02. ChangePrevCloseToCurrent: -2.02. Candle: ID:19, Time: 7:00, Close: 91.12.
2021-06-11 21:57:49 75      DISCB: OrderID: 8ee8d678. PlacedOrder. Status: New. RejectReason: 
2021-06-11 21:57:49 75      DISCB: OrderID: 8ee8d678 partially executed. Executed lots: 1. OrderStatus: 1/2 lots
2021-06-11 21:57:49 76      DISCB: OrderID: 8ee8d678 fully executed
2021-06-11 21:57:49 76      DISCB: Morning closing. Close price: 92.48. Lots: 2. CandleChange: -0.01%. ChangeFromCandleHigh: -0.01%. Profit: 1.36(1.49%). Candle: ID:109, Time: 7:15, Close: 92.48
2021-06-11 21:57:49 76      DISCB: OrderID: c3b34e35. PlacedOrder. Status: New. RejectReason: 
2021-06-11 21:57:49 76      DISCB: SPYKE!. Candle: ID:661, Time: 13:35, Close: 80.06
2021-06-11 21:57:49 77      OrderID: c3b34e35 successfully canceled
2021-06-11 21:57:49 77      DISCB: Closing daily orders. Close price: 86.98. Lots: 2. Profit: -4.14(-4.54%). Candle: ID:1602, Time: 22:35, Close: 87
2021-06-11 21:57:49 78      DISCK_BBG000VMWHH5_2021-04-16
2021-06-11 21:57:49 81      DK_BBG00FZYFVC5_2021-04-16
2021-06-11 21:57:49 81      DKNG_BBG00TCBG714_2021-04-16
2021-06-11 21:57:49 86      DKS_BBG000F6ZWH2_2021-04-16
2021-06-11 21:57:49 88      DLB_BBG000DGLTG5_2021-04-16
2021-06-11 21:57:49 88      DLR_BBG000Q5ZRM7_2021-04-16
2021-06-11 21:57:49 89      DLTH_BBG002GBMZG4_2021-04-16
2021-06-11 21:57:49 90      DLTR_BBG000BSC0K9_2021-04-16
2021-06-11 21:57:49 92      DLX_BBG000BH6360_2021-04-16
2021-06-11 21:57:49 93      DNLI_BBG008P7F869_2021-04-16
2021-06-11 21:57:49 94      DNOW_BBG005BLN209_2021-04-16
2021-06-11 21:57:49 95      DOCU_BBG000N7KJX8_2021-04-16
2021-06-11 21:57:49 97      DORM_BBG000BM22F5_2021-04-16
2021-06-11 21:57:49 97      DOV_BBG000BHB3M6_2021-04-16
2021-06-11 21:57:49 98      DOW_BBG00BN96922_2021-04-16
2021-06-11 21:57:50 00      DPZ_BBG000P458P3_2021-04-16
2021-06-11 21:57:50 01      DRE_BBG000BHD8S7_2021-04-16
2021-06-11 21:57:50 02      DRI_BBG000BBNYF6_2021-04-16
2021-06-11 21:57:50 03      DRNA_BBG001J1DB23_2021-04-16
2021-06-11 21:57:50 04      DRNA: SPYKE!. Candle: ID:2, Time: 7:00, Close: 29.13
2021-06-11 21:57:50 04      DRQ_BBG000BVDBY2_2021-04-16
2021-06-11 21:57:50 05      DT_BBG00PNN7C40_2021-04-16
2021-06-11 21:57:50 06      DVA_BBG000MQ1SN9_2021-04-16
2021-06-11 21:57:50 07      DVN_BBG000BBVJZ8_2021-04-16
2021-06-11 21:57:50 09      DXC_BBG00FN64XT9_2021-04-16
2021-06-11 21:57:50 10      DXCM_BBG000QTF8K1_2021-04-16
2021-06-11 21:57:50 11      DY_BBG000C4SKT1_2021-04-16
2021-06-11 21:57:50 11      EA_BBG000BP0KQ8_2021-04-16
2021-06-11 21:57:50 14      EAT_BBG000BK28N7_2021-04-16
2021-06-11 21:57:50 15      EBAY_BBG000C43RR5_2021-04-16
2021-06-11 21:57:50 18      EBS_BBG000GW06J7_2021-04-16
2021-06-11 21:57:50 19      ECHO_BBG000RFP8W6_2021-04-16
2021-06-11 21:57:50 19      ECL_BBG000BHKYH4_2021-04-16
2021-06-11 21:57:50 21      ECPG_BBG000F369C7_2021-04-16
2021-06-11 21:57:50 21      ED_BBG000BHLYS1_2021-04-16
2021-06-11 21:57:50 22      EDIT_BBG005MX5GZ2_2021-04-16
2021-06-11 21:57:50 26      EEFT_BBG000BMNBY1_2021-04-16
2021-06-11 21:57:50 27      EFX_BBG000BHPL78_2021-04-16
2021-06-11 21:57:50 28      EGHT_BBG000BCGHH7_2021-04-16
2021-06-11 21:57:50 29      EGRX_BBG005Y3XWH9_2021-04-16
2021-06-11 21:57:50 29      EHTH_BBG000P5JQX6_2021-04-16
2021-06-11 21:57:50 30      EIX_BBG000D7RKJ5_2021-04-16
2021-06-11 21:57:50 31      EL_BBG000FKJRC5_2021-04-16
2021-06-11 21:57:50 33      ELAN_BBG00LJYS1P8_2021-04-16
2021-06-11 21:57:50 34      ELS_BBG000BB7SX7_2021-04-16
2021-06-11 21:57:50 34      EME_BBG000BBRPL4_2021-04-16
2021-06-11 21:57:50 35      EMN_BBG000BLW530_2021-04-16
2021-06-11 21:57:50 36      EMR_BBG000BHX7N2_2021-04-16
2021-06-11 21:57:50 37      ENDP_BBG000C0HQ54_2021-04-16
2021-06-11 21:57:50 38      ENPH_BBG001R3MNY9_2021-04-16
2021-06-11 21:57:50 41      ENR_BBG006FCB019_2021-04-16
2021-06-11 21:57:50 42      ENS_BBG000PWTD92_2021-04-16
2021-06-11 21:57:50 43      ENTA_BBG001V9NSB4_2021-04-16
2021-06-11 21:57:50 43      ENTG_BBG000CTV4N4_2021-04-16
2021-06-11 21:57:50 45      ENV_BBG000Q4NZ54_2021-04-16
2021-06-11 21:57:50 46      EOG_BBG000BZ9223_2021-04-16
2021-06-11 21:57:50 48      EPAM_BBG000MHTV89_2021-04-16
2021-06-11 21:57:50 48      EPAY_BBG000BRNH31_2021-04-16
2021-06-11 21:57:50 49      EPC_BBG000BRW644_2021-04-16
2021-06-11 21:57:50 50      EQIX_BBG000MBDGM6_2021-04-16
2021-06-11 21:57:50 51      EQT_BBG000BHZ5J9_2021-04-16
2021-06-11 21:57:50 52      ERIE_BBG000BBTJZ1_2021-04-16
2021-06-11 21:57:50 53      ES_BBG000BQ87N0_2021-04-16
2021-06-11 21:57:50 55      ESPR_BBG004KB3S72_2021-04-16
2021-06-11 21:57:50 56      ESPR: SPYKE!. Candle: ID:1414, Time: 21:25, Close: 27.84
2021-06-11 21:57:50 56      ESS_BBG000CGJMB9_2021-04-16
2021-06-11 21:57:50 57      ET_BBG000BM2FL9_2021-04-16
2021-06-11 21:57:50 58      ETN_BBG000BJ3PD2_2021-04-16
2021-06-11 21:57:50 59      ETR_BBG000C1FQS9_2021-04-16
2021-06-11 21:57:50 61      ETRN_BBG00K53L394_2021-04-16
2021-06-11 21:57:50 62      ETSY_BBG000N7MXL8_2021-04-16
2021-06-11 21:57:50 64      EVBG_BBG0022FMPD5_2021-04-16
2021-06-11 21:57:50 65      EVER_BBG00F17NDH7_2021-04-16
2021-06-11 21:57:50 65      EVH_BBG005CHLM96_2021-04-16
2021-06-11 21:57:50 66      EVR_BBG000BP30Y0_2021-04-16
2021-06-11 21:57:50 67      EVRG_BBG00H433CR2_2021-04-16
2021-06-11 21:57:50 68      EW_BBG000BRXP69_2021-04-16
2021-06-11 21:57:50 70      EWBC_BBG000CR20B1_2021-04-16
2021-06-11 21:57:50 71      EXAS_BBG000CWL0F5_2021-04-16
2021-06-11 21:57:50 73      EXC_BBG000J6XT05_2021-04-16
2021-06-11 21:57:50 75      EXEL_BBG000BQ4WF8_2021-04-16
2021-06-11 21:57:50 77      EXLS_BBG000NS3P30_2021-04-16
2021-06-11 21:57:50 78      EXP_BBG000BJW241_2021-04-16
2021-06-11 21:57:50 79      EXPD_BBG000BJ5GK2_2021-04-16
2021-06-11 21:57:50 81      EXPE_BBG000QY3XZ2_2021-04-16
2021-06-11 21:57:50 82      EXR_BBG000PV27K3_2021-04-16
2021-06-11 21:57:50 83      EYE_BBG00HVQF9K2_2021-04-16
2021-06-11 21:57:50 84      F_BBG000BQPC32_2021-04-16
2021-06-11 21:57:50 87      FANG_BBG002PHSYX9_2021-04-16
2021-06-11 21:57:50 88      FARO_BBG000BJD7C2_2021-04-16
2021-06-11 21:57:50 89      FAST_BBG000BJ8YN7_2021-04-16
2021-06-11 21:57:50 91      FATE_BBG000QP35H2_2021-04-16
2021-06-11 21:57:50 92      FB_BBG000MM2P62_2021-04-16
2021-06-11 21:57:51 01      FBHS_BBG001B4BV87_2021-04-16
2021-06-11 21:57:51 02      FCFS_BBG000DNF659_2021-04-16
2021-06-11 21:57:51 03      FCN_BBG000K88H58_2021-04-16
2021-06-11 21:57:51 04      FCX_BBG000BJDB15_2021-04-16
2021-06-11 21:57:51 08      FDS_BBG000BDJL83_2021-04-16
2021-06-11 21:57:51 09      FDX_BBG000BJF1Z8_2021-04-16
2021-06-11 21:57:51 11      FELE_BBG000BJGGV8_2021-04-16
2021-06-11 21:57:51 12      FFIV_BBG000CXYSZ6_2021-04-16
2021-06-11 21:57:51 13      FGEN_BBG000FW5ZL6_2021-04-16
2021-06-11 21:57:51 15      FGEN: BuyPending. Strategy: MorningOpenStrategy. Price: 19.2. Lots: 13. ChangeOpenToCurrent: -3.52. ChangePrevCloseToCurrent: -0.31. Candle: ID:9, Time: 7:00, Close: 19.2.
2021-06-11 21:57:51 15      FGEN: OrderID: 9f7a10c9. PlacedOrder. Status: New. RejectReason: 
2021-06-11 21:57:51 15      FGEN: OrderID: 9f7a10c9 fully executed
2021-06-11 21:57:51 15      FGEN: Morning closing by timeout. Close price: 19.24. Lots: 13. Profit: 0.04(0.21%). Candle: ID:80, Time: 7:25, Close: 19.24
2021-06-11 21:57:51 15      FGEN: OrderID: 4e30fbe2. PlacedOrder. Status: New. RejectReason: 
2021-06-11 21:57:51 15      FGEN: OrderID: 4e30fbe2 partially executed. Executed lots: 5. OrderStatus: 5/13 lots
2021-06-11 21:57:51 15      FGEN: OrderID: 4e30fbe2 fully executed
2021-06-11 21:57:51 16      FICO_BBG000DW76Y6_2021-04-16
2021-06-11 21:57:51 17      FIS_BBG000BK2F42_2021-04-16
2021-06-11 21:57:51 19      FISV_BBG000BJKPG0_2021-04-16
2021-06-11 21:57:51 22      FITB_BBG000BJL3N0_2021-04-16
2021-06-11 21:57:51 24      FIVN_BBG001KHJM17_2021-04-16
2021-06-11 21:57:51 25      FIZZ_BBG000BF8CB6_2021-04-16
2021-06-11 21:57:51 27      FL_BBG000BX8DC4_2021-04-16
2021-06-11 21:57:51 28      FLIR_BBG000BHK836_2021-04-16
2021-06-11 21:57:51 29      FLOW_BBG007FL7ZD2_2021-04-16
2021-06-11 21:57:51 30      FLR_BBG000BB1TH9_2021-04-16
2021-06-11 21:57:51 30      FLS_BBG000FFH4P5_2021-04-16
2021-06-11 21:57:51 31      FLT_BBG000GPXKX9_2021-04-16
2021-06-11 21:57:51 32      FLWS_BBG000BBR9P6_2021-04-16
2021-06-11 21:57:51 33      FMC_BBG000BJP882_2021-04-16
2021-06-11 21:57:51 34      FND_BBG007GJ2F81_2021-04-16
2021-06-11 21:57:51 36      FNKO_BBG00HXSHDQ9_2021-04-16
2021-06-11 21:57:51 37      FOCS_BBG00L0YTFN8_2021-04-16
2021-06-11 21:57:51 38      FOE_BBG000BJQK11_2021-04-16
2021-06-11 21:57:51 38      FOLD_BBG000PLF6N0_2021-04-16
2021-06-11 21:57:51 40      FORM_BBG000D1Y3P1_2021-04-16
2021-06-11 21:57:51 41      FORR_BBG000HGNYG8_2021-04-16
2021-06-11 21:57:51 42      FOX_BBG00JHNKJY8_2021-04-16
2021-06-11 21:57:51 44      FOXA_BBG00JHNJW99_2021-04-16
2021-06-11 21:57:51 46      FOXF_BBG004T7VS53_2021-04-16
2021-06-11 21:57:51 47      FRHC_BBG000N625H8_2021-04-16
2021-06-11 21:57:51 48      FRPH_BBG000HCVWW4_2021-04-16
2021-06-11 21:57:51 49      FRPT_BBG001D0HB36_2021-04-16
2021-06-11 21:57:51 50      FSLR_BBG000BFL116_2021-04-16
2021-06-11 21:57:51 52      FSLY_BBG004NLQHL0_2021-04-16
2021-06-11 21:57:51 55      FTCH_BBG00LSD4456_2021-04-16
2021-06-11 21:57:51 58      FTI_BBG00DL8NMV2_2021-04-16
2021-06-11 21:57:51 59      FTNT_BBG000BCMBG4_2021-04-16
2021-06-11 21:57:51 62      FTV_BBG00BLVZ228_2021-04-16
2021-06-11 21:57:51 63      FUL_BBG000BJZ7V7_2021-04-16
2021-06-11 21:57:51 63      GATX_BBG000BKGXQ4_2021-04-16
2021-06-11 21:57:51 64      GBCI_BBG000C3KB84_2021-04-16
2021-06-11 21:57:51 65      GBT_BBG00341H6M0_2021-04-16
2021-06-11 21:57:51 66      GBX_BBG000CF5097_2021-04-16
2021-06-11 21:57:51 67      GCO_BBG000BK5S78_2021-04-16
2021-06-11 21:57:51 68      GCP_BBG0082W8Q12_2021-04-16
2021-06-11 21:57:51 69      GD_BBG000BK67C7_2021-04-16
2021-06-11 21:57:51 70      GDDY_BBG006MDLY05_2021-04-16
2021-06-11 21:57:51 71      GDOT_BBG000QDJT53_2021-04-16
2021-06-11 21:57:51 72      GE_BBG000BK6MB5_2021-04-16
2021-06-11 21:57:51 74      GEF_BBG000BLFNC0_2021-04-16
2021-06-11 21:57:51 75      GGG_BBG000BK9W84_2021-04-16
2021-06-11 21:57:51 76      GH_BBG006D97VY9_2021-04-16
2021-06-11 21:57:51 77      GHC_BBG000C3FGH9_2021-04-16
2021-06-11 21:57:51 77      GILD_BBG000CKGBP2_2021-04-16
2021-06-11 21:57:51 80      GIS_BBG000BKCFC2_2021-04-16
2021-06-11 21:57:51 82      GKOS_BBG000WG2LQ1_2021-04-16
2021-06-11 21:57:51 83      GL_BBG000BVD6X4_2021-04-16
2021-06-11 21:57:51 84      GLW_BBG000BKFZM4_2021-04-16
2021-06-11 21:57:51 86      GM_BBG000NDYB67_2021-04-16
2021-06-11 21:57:51 89      GMED_BBG002V87SD0_2021-04-16
2021-06-11 21:57:51 90      GMS_BBG009Q036D0_2021-04-16
2021-06-11 21:57:51 91      GNL_BBG004HXD0G8_2021-04-16
2021-06-11 21:57:51 92      GNRC_BBG000PQ4W72_2021-04-16
2021-06-11 21:57:51 93      GO_BBG00P4R3079_2021-04-16
2021-06-11 21:57:51 94      GOOG_BBG009S3NB30_2021-04-16
2021-06-11 21:57:51 98      GOOGL_BBG009S39JX6_2021-04-16
2021-06-11 21:57:52 02      GOSS_BBG00MVWLLM2_2021-04-16
2021-06-11 21:57:52 04      GPC_BBG000BKL348_2021-04-16
2021-06-11 21:57:52 05      GPI_BBG000BB88K4_2021-04-16
2021-06-11 21:57:52 06      GPN_BBG000CX0P89_2021-04-16
2021-06-11 21:57:52 08      GPS_BBG000BKLH74_2021-04-16
2021-06-11 21:57:52 10      GRA_BBG000BB8PG1_2021-04-16
2021-06-11 21:57:52 10      GRMN_BBG000C4LN67_2021-04-16
2021-06-11 21:57:52 12      GRUB_BBG001KWG293_2021-04-16
2021-06-11 21:57:52 13      GS_BBG000C6CFJ5_2021-04-16
2021-06-11 21:57:52 17      GSH_BBG000GLG0G0_2021-04-16
2021-06-11 21:57:52 17      GSKY_BBG00KT2SCV8_2021-04-16
2021-06-11 21:57:52 19      GT_BBG000BKNX95_2021-04-16
2021-06-11 21:57:52 20      GTHX_BBG005F1DK91_2021-04-16
2021-06-11 21:57:52 24      GTLS_BBG000P1K2X6_2021-04-16
2021-06-11 21:57:52 25      GTN_BBG000DSQLQ0_2021-04-16
2021-06-11 21:57:52 26      GVA_BBG000DVB833_2021-04-16
2021-06-11 21:57:52 27      GWRE_BBG001C7PM75_2021-04-16
2021-06-11 21:57:52 27      GWW_BBG000BKR1D6_2021-04-16
2021-06-11 21:57:52 28      H_BBG000CVRFS4_2021-04-16
2021-06-11 21:57:52 30      HA_BBG000BC4185_2021-04-16
2021-06-11 21:57:52 31      HAE_BBG000C7TF41_2021-04-16
2021-06-11 21:57:52 32      HAIN_BBG000BQW085_2021-04-16
2021-06-11 21:57:52 33      HAL_BBG000BKTFN2_2021-04-16
2021-06-11 21:57:52 35      HALO_BBG000CZ8W54_2021-04-16
2021-06-11 21:57:52 36      HAS_BBG000BKVJK4_2021-04-16
2021-06-11 21:57:52 37      HBAN_BBG000BKWSR6_2021-04-16
2021-06-11 21:57:52 39      HBI_BBG000D2ZTS8_2021-04-16
2021-06-11 21:57:52 40      HCA_BBG000QW7VC1_2021-04-16
2021-06-11 21:57:52 41      HCCI_BBG000CCFB17_2021-04-16
2021-06-11 21:57:52 42      HCSG_BBG000BKYVF0_2021-04-16
2021-06-11 21:57:52 43      HD_BBG000BKZB36_2021-04-16
2021-06-11 21:57:52 45      HEAR_BBG000BM6N47_2021-04-16
2021-06-11 21:57:52 46      HEAR: BuyPending. Strategy: MorningOpenStrategy. Price: 26.3. Lots: 9. ChangeOpenToCurrent: -0.45. ChangePrevCloseToCurrent: -2.38. Candle: ID:20, Time: 7:00, Close: 26.3.
2021-06-11 21:57:52 46      HEAR: OrderID: 7bcca98f. PlacedOrder. Status: New. RejectReason: 
2021-06-11 21:57:52 46      HEAR: Cancel order. Did not bought at market open. Candle: ID:56, Time: 7:05, Close: 26.39
2021-06-11 21:57:52 46      OrderID: 7bcca98f successfully canceled
2021-06-11 21:57:52 48      HEI_BBG000BL16Q7_2021-04-16
2021-06-11 21:57:52 49      HES_BBG000BBD070_2021-04-16
2021-06-11 21:57:52 50      HFC_BBG000BL9JQ1_2021-04-16
2021-06-11 21:57:52 52      HGV_BBG00CBYY6M1_2021-04-16
2021-06-11 21:57:52 53      HHC_BBG000MJRJJ2_2021-04-16
2021-06-11 21:57:52 54      HHR_BBG00KHGQ0H4_2021-04-16
2021-06-11 21:57:52 54      HHR: SPYKE!. Candle: ID:14, Time: 7:20, Close: 35.96
2021-06-11 21:57:52 55      HIBB_BBG000H001V3_2021-04-16
2021-06-11 21:57:52 55      HIG_BBG000G0Z878_2021-04-16
2021-06-11 21:57:52 57      HII_BBG001KJ2HM9_2021-04-16
2021-06-11 21:57:52 58      HIIQ_TCS003QRSQD3_2021-04-16
2021-06-11 21:57:52 58      HLT_BBG0058KMH30_2021-04-16
2021-06-11 21:57:52 60      HNP_BBG000BX5YM0_2021-04-16
2021-06-11 21:57:52 60      HOG_BBG000BKZTP3_2021-04-16
2021-06-11 21:57:52 61      HOLX_BBG000C3NTN5_2021-04-16
2021-06-11 21:57:52 63      HON_BBG000H556T9_2021-04-16
2021-06-11 21:57:52 65      HP_BBG000BLCPY4_2021-04-16
2021-06-11 21:57:52 66      HPE_BBG0078W3NQ3_2021-04-16
2021-06-11 21:57:52 67      HPQ_BBG000KHWT55_2021-04-16
2021-06-11 21:57:52 69      HQY_BBG000TYXCT9_2021-04-16
2021-06-11 21:57:52 70      HRB_BBG000BLDV98_2021-04-16
2021-06-11 21:57:52 70      HRC_BBG000BKWCS0_2021-04-16
2021-06-11 21:57:52 71      HRC: SPYKE!. Candle: ID:3, Time: 13:20, Close: 110.21
2021-06-11 21:57:52 71      HRL_BBG000BLF8D2_2021-04-16
2021-06-11 21:57:52 73      HRTX_BBG000G2GJT7_2021-04-16
2021-06-11 21:57:52 74      HSC_BBG000BLH3P8_2021-04-16
2021-06-11 21:57:52 74      HSIC_BBG000BNMMJ3_2021-04-16
2021-06-11 21:57:52 76      HSKA_BBG000BWFH48_2021-04-16
2021-06-11 21:57:52 76      HST_BBG000BL8804_2021-04-16
2021-06-11 21:57:52 78      HSY_BBG000BLHRS2_2021-04-16
2021-06-11 21:57:52 79      HTA_BBG000PRJCX9_2021-04-16
2021-06-11 21:57:52 80      HTHT_BBG000QFPM65_2021-04-16
2021-06-11 21:57:52 81      HUBB_BBG000BLK267_2021-04-16
2021-06-11 21:57:52 82      HUBG_BBG000G9W6L0_2021-04-16
2021-06-11 21:57:52 83      HUBS_BBG000N7MZ06_2021-04-16
2021-06-11 21:57:52 84      HUM_BBG000BLKK03_2021-04-16
2021-06-11 21:57:52 85      HURN_BBG000PV2M48_2021-04-16
2021-06-11 21:57:52 86      HWM_BBG00DYNJGH9_2021-04-16
2021-06-11 21:57:52 87      HXL_BBG000BLMDQ9_2021-04-16
2021-06-11 21:57:52 88      IAC_BBG000BKQG80_2021-04-16
2021-06-11 21:57:52 89      IART_BBG000BZJQL8_2021-04-16
2021-06-11 21:57:52 90      IBKR_BBG000LV0836_2021-04-16
2021-06-11 21:57:52 91      IBM_BBG000BLNNH6_2021-04-16
2021-06-11 21:57:52 94      IBN_BBG000DRM643_2021-04-16
2021-06-11 21:57:52 95      IBP_BBG005TJKDZ6_2021-04-16
2021-06-11 21:57:52 95      ICE_BBG000C1FB75_2021-04-16
2021-06-11 21:57:52 97      ICPT_BBG001J1QN87_2021-04-16
2021-06-11 21:57:52 99      ICUI_BBG000CQV2N4_2021-04-16
2021-06-11 21:57:53 00      IDCC_BBG000HLJ7M4_2021-04-16
2021-06-11 21:57:53 01      IDXX_BBG000BLRT07_2021-04-16
2021-06-11 21:57:53 02      IEX_BBG000C1HN22_2021-04-16
2021-06-11 21:57:53 03      IFF_BBG000BLSL58_2021-04-16
2021-06-11 21:57:53 05      IGMS_BBG00PNR1BT2_2021-04-16
2021-06-11 21:57:53 05      IIPR_BBG00F0SW7N8_2021-04-16
2021-06-11 21:57:53 06      IIVI_BBG000BLW102_2021-04-16
2021-06-11 21:57:53 08      ILMN_BBG000DSMS70_2021-04-16
2021-06-11 21:57:53 10      INCY_BBG000BNPSQ9_2021-04-16
2021-06-11 21:57:53 12      INDB_BBG000BM0597_2021-04-16
2021-06-11 21:57:53 13      INFO_BBG006G063F9_2021-04-16
2021-06-11 21:57:53 15      INGN_BBG0021PH456_2021-04-16
2021-06-11 21:57:53 16      INGR_BBG000BXPZB7_2021-04-16
2021-06-11 21:57:53 17      INMD_BBG00PPS73P4_2021-04-16
2021-06-11 21:57:53 18      INSP_BBG00209SZJ7_2021-04-16
2021-06-11 21:57:53 19      INTC_BBG000C0G1D1_2021-04-16
2021-06-11 21:57:53 25      INTU_BBG000BH5DV1_2021-04-16
2021-06-11 21:57:53 26      INVH_BBG00FQH6BS9_2021-04-16
2021-06-11 21:57:53 28      IONS_BBG000JH6683_2021-04-16
2021-06-11 21:57:53 29      IOSP_BBG000BMFNP4_2021-04-16
2021-06-11 21:57:53 30      IOVA_BBG000FTLBV7_2021-04-16
2021-06-11 21:57:53 33      IP_BBG000BM5SR2_2021-04-16
2021-06-11 21:57:53 35      IPAR_BBG000GCSWR5_2021-04-16
2021-06-11 21:57:53 35      IPG_BBG000C90DH9_2021-04-16
2021-06-11 21:57:53 37      IPGP_BBG000DCGRL8_2021-04-16
2021-06-11 21:57:53 38      IQV_BBG00333FYS2_2021-04-16
2021-06-11 21:57:53 39      IR_BBG002R1CW27_2021-04-16
2021-06-11 21:57:53 40      IRBT_BBG000HXJB21_2021-04-16
2021-06-11 21:57:53 41      IRDM_BBG000VC0FC1_2021-04-16
2021-06-11 21:57:53 42      IRM_BBG000KCZPC3_2021-04-16
2021-06-11 21:57:53 43      IRTC_BBG001J19V24_2021-04-16
2021-06-11 21:57:53 44      ISRG_BBG000BJPDZ1_2021-04-16
2021-06-11 21:57:53 46      IT_BBG000BB65D0_2021-04-16
2021-06-11 21:57:53 47      ITCI_BBG0026ZFZC4_2021-04-16
2021-06-11 21:57:53 48      ITGR_BBG000BW6JV4_2021-04-16
2021-06-11 21:57:53 50      ITRI_BBG000BD2167_2021-04-16
2021-06-11 21:57:53 50      ITT_BBG00CVQZQ96_2021-04-16
2021-06-11 21:57:53 51      ITW_BBG000BMBL90_2021-04-16
2021-06-11 21:57:53 52      IVZ_BBG000BY2Y78_2021-04-16
2021-06-11 21:57:53 53      J_BBG000BMFFQ0_2021-04-16
2021-06-11 21:57:53 55      JACK_BBG000GZYVY1_2021-04-16
2021-06-11 21:57:53 56      JBHT_BBG000BMDBZ1_2021-04-16
2021-06-11 21:57:53 58      JBSS_BBG000CHPMY5_2021-04-16
2021-06-11 21:57:53 59      JBT_BBG000VLBCQ1_2021-04-16
2021-06-11 21:57:53 59      JCI_BBG000BVWLJ6_2021-04-16
2021-06-11 21:57:53 62      JCOM_BBG000F3CWW7_2021-04-16
2021-06-11 21:57:53 63      JD_BBG005YHY0Q7_2021-04-16
2021-06-11 21:57:53 69      JEF_BBG000BNHSP9_2021-04-16
2021-06-11 21:57:53 71      JELD_BBG0019GM953_2021-04-16
2021-06-11 21:57:53 72      JJSF_BBG000BMGPW0_2021-04-16
2021-06-11 21:57:53 72      JKHY_BBG000BMH2Q7_2021-04-16
2021-06-11 21:57:53 74      JLL_BBG000C2L2L0_2021-04-16
2021-06-11 21:57:53 75      JNJ_BBG000BMHYD1_2021-04-16
2021-06-11 21:57:53 79      JNPR_BBG000BY33P5_2021-04-16
2021-06-11 21:57:53 81      JOBS_BBG000BJD1D4_2021-04-16
2021-06-11 21:57:53 81      JOUT_BBG000HCXFS4_2021-04-16
2021-06-11 21:57:53 82      JPM_BBG000DMBXR2_2021-04-16
2021-06-11 21:57:53 86      JWN_BBG000G8N9C6_2021-04-16
2021-06-11 21:57:53 88      K_BBG000BMKDM3_2021-04-16
2021-06-11 21:57:53 90      KALU_BBG000PKZDX4_2021-04-16
2021-06-11 21:57:53 91      KBH_BBG000BMLWX8_2021-04-16
2021-06-11 21:57:53 92      KDP_BBG000TJM7F0_2021-04-16
2021-06-11 21:57:53 94      KEP_BBG000BCWG90_2021-04-16
2021-06-11 21:57:53 95      KEX_BBG000BMQCP6_2021-04-16
2021-06-11 21:57:53 96      KEY_BBG000BMQPL1_2021-04-16
2021-06-11 21:57:53 98      KEYS_BBG0059FN811_2021-04-16
2021-06-11 21:57:53 99      KFY_BBG000C5QMB5_2021-04-16
2021-06-11 21:57:54 00      KHC_BBG005CPNTQ2_2021-04-16
2021-06-11 21:57:54 02      KIDS_BBG00HFFRW39_2021-04-16
2021-06-11 21:57:54 03      KIM_BBG000CN3S73_2021-04-16
2021-06-11 21:57:54 05      KLAC_BBG000BMTFR4_2021-04-16
2021-06-11 21:57:54 06      KMB_BBG000BMW2Z0_2021-04-16
2021-06-11 21:57:54 08      KMI_BBG0019JZ882_2021-04-16
2021-06-11 21:57:54 09      KMPR_BBG000H3GDJ8_2021-04-16
2021-06-11 21:57:54 09      KMT_BBG000BMWKC5_2021-04-16
2021-06-11 21:57:54 10      KMX_BBG000BLMZK6_2021-04-16
2021-06-11 21:57:54 11      KNSL_BBG00D8JD9Z9_2021-04-16
2021-06-11 21:57:54 12      KNX_BBG000BFC848_2021-04-16
2021-06-11 21:57:54 14      KO_BBG000BMX289_2021-04-16
2021-06-11 21:57:54 16      KOD_BBG00BVR0D02_2021-04-16
2021-06-11 21:57:54 17      KR_BBG000BMY992_2021-04-16
2021-06-11 21:57:54 19      KRG_BBG000BC2KW8_2021-04-16
2021-06-11 21:57:54 20      KRTX_BBG00NN875G0_2021-04-16
2021-06-11 21:57:54 21      KRYS_BBG00HDGRHH7_2021-04-16
2021-06-11 21:57:54 21      KSU_BBG000BMZ7P7_2021-04-16
2021-06-11 21:57:54 22      KTB_BBG00LPTHYD5_2021-04-16
2021-06-11 21:57:54 23      KWR_BBG000DZS2L9_2021-04-16
2021-06-11 21:57:54 24      L_BBG000C45984_2021-04-16
2021-06-11 21:57:54 25      LAD_BBG000K3BC83_2021-04-16
2021-06-11 21:57:54 26      LANC_BBG000BN1M88_2021-04-16
2021-06-11 21:57:54 26      LASR_BBG0020BCPX5_2021-04-16
2021-06-11 21:57:54 27      LB_BBG000BNGTQ7_2021-04-16
2021-06-11 21:57:54 29      LBRDK_BBG006GNSZW5_2021-04-16
2021-06-11 21:57:54 30      LCII_BBG000DNLMB0_2021-04-16
2021-06-11 21:57:54 31      LDOS_BBG000C23PB0_2021-04-16
2021-06-11 21:57:54 32      LEA_BBG000PTLGZ1_2021-04-16
2021-06-11 21:57:54 33      LECO_BBG000BB72K8_2021-04-16
2021-06-11 21:57:54 34      LEG_BBG000BN53G7_2021-04-16
2021-06-11 21:57:54 35      LEGH_BBG00MJDR6J9_2021-04-16
2021-06-11 21:57:54 36      LEN_BBG000BN5HF7_2021-04-16
2021-06-11 21:57:54 38      LEVI_BBG000BQDF10_2021-04-16
2021-06-11 21:57:54 39      LFC_BBG000BBK4B9_2021-04-16
2021-06-11 21:57:54 40      LFUS_BBG000BGFGT8_2021-04-16
2021-06-11 21:57:54 41      LGIH_BBG0056655S1_2021-04-16
2021-06-11 21:57:54 42      LGND_BBG000BKF014_2021-04-16
2021-06-11 21:57:54 43      LH_BBG000D9DMK0_2021-04-16
2021-06-11 21:57:54 43      LHCG_BBG000G7W420_2021-04-16
2021-06-11 21:57:54 44      LHX_BBG000BLGFJ9_2021-04-16
2021-06-11 21:57:54 46      LII_BBG000BB5B84_2021-04-16
2021-06-11 21:57:54 47      LIN_BBG00GVR8YQ9_2021-04-16
2021-06-11 21:57:54 48      LITE_BBG0073F9RT7_2021-04-16
2021-06-11 21:57:54 49      LKQ_BBG000PXDL44_2021-04-16
2021-06-11 21:57:54 51      LLY_BBG000BNBDC2_2021-04-16
2021-06-11 21:57:54 53      LMT_BBG000C1BW00_2021-04-16
2021-06-11 21:57:54 54      LNN_BBG000FJS1S8_2021-04-16
2021-06-11 21:57:54 55      LNT_BBG000DW4Q75_2021-04-16
2021-06-11 21:57:54 56      LNTH_BBG006Q52RD0_2021-04-16
2021-06-11 21:57:54 57      LOPE_BBG000FV28W9_2021-04-16
2021-06-11 21:57:54 58      LOW_BBG000BNDN65_2021-04-16
2021-06-11 21:57:54 61      LPL_BBG000FJ0RK9_2021-04-16
2021-06-11 21:57:54 61      LPLA_BBG000P2TYL8_2021-04-16
2021-06-11 21:57:54 62      LPSN_BBG000BSV0W5_2021-04-16
2021-06-11 21:57:54 63      LRCX_BBG000BNFLM9_2021-04-16
2021-06-11 21:57:54 66      LRN_BBG000QSXPZ9_2021-04-16
2021-06-11 21:57:54 67      LSCC_BBG000C2D1C1_2021-04-16
2021-06-11 21:57:54 72      LSTR_BBG000BB2KN0_2021-04-16
2021-06-11 21:57:54 73      LTHM_BBG00LV3NRG0_2021-04-16
2021-06-11 21:57:54 74      LULU_BBG000R8ZVD1_2021-04-16
2021-06-11 21:57:54 76      LUMN_BBG000BGLRN3_2021-04-16
2021-06-11 21:57:54 77      LUV_BBG000BNJHS8_2021-04-16
2021-06-11 21:57:54 79      LVS_BBG000JWD753_2021-04-16
2021-06-11 21:57:54 81      LW_BBG003CVMLQ2_2021-04-16
2021-06-11 21:57:54 82      LYB_BBG000WCFV84_2021-04-16
2021-06-11 21:57:54 83      LYFT_BBG004M9ZHX5_2021-04-16
2021-06-11 21:57:54 86      LYV_BBG000FQ7YR4_2021-04-16
2021-06-11 21:57:54 87      M_BBG000C46HM9_2021-04-16
2021-06-11 21:57:54 89      MA_BBG000F1ZSQ2_2021-04-16
2021-06-11 21:57:54 90      MAA_BBG000BLMY92_2021-04-16
2021-06-11 21:57:54 91      MAC_BBG000BL9C59_2021-04-16
2021-06-11 21:57:54 93      MAN_BBG000BNMHS4_2021-04-16
2021-06-11 21:57:54 94      MANH_BBG000BFV758_2021-04-16
2021-06-11 21:57:54 94      MANT_BBG000BGF8B5_2021-04-16
2021-06-11 21:57:54 95      MANU_BBG0035WV4N9_2021-04-16
2021-06-11 21:57:54 96      MAR_BBG000BGD7W6_2021-04-16
2021-06-11 21:57:54 99      MAS_BBG000BNNKG9_2021-04-16
2021-06-11 21:57:55 01      MASI_BBG000C3W281_2021-04-16
2021-06-11 21:57:55 02      MAT_BBG000BNNYW1_2021-04-16
2021-06-11 21:57:55 04      MATX_BBG000BBK401_2021-04-16
2021-06-11 21:57:55 05      MBT_BBG000CSZKR2_2021-04-16
2021-06-11 21:57:55 06      MBUU_BBG005PXTR70_2021-04-16
2021-06-11 21:57:55 06      MCD_BBG000BNSZP1_2021-04-16
2021-06-11 21:57:55 08      MCHP_BBG000BHCP19_2021-04-16
2021-06-11 21:57:55 11      MCK_BBG000DYGNW7_2021-04-16
2021-06-11 21:57:55 13      MCO_BBG000F86GP6_2021-04-16
2021-06-11 21:57:55 14      MCRI_BBG000BJ0932_2021-04-16
2021-06-11 21:57:55 15      MD_BBG000H8LGK2_2021-04-16
2021-06-11 21:57:55 15      MDB_BBG0022FDRY8_2021-04-16
2021-06-11 21:57:55 17      MDGL_BBG000QS6NV8_2021-04-16
2021-06-11 21:57:55 17      MDLA_BBG001BPKGT0_2021-04-16
2021-06-11 21:57:55 18      MDLZ_BBG000D4LWF6_2021-04-16
2021-06-11 21:57:55 20      MDRX_BBG000BLDXH5_2021-04-16
2021-06-11 21:57:55 21      MDT_BBG000BNWG87_2021-04-16
2021-06-11 21:57:55 23      MED_BBG000BWBW76_2021-04-16
2021-06-11 21:57:55 24      MEDP_BBG0065B7K59_2021-04-16
2021-06-11 21:57:55 25      MEI_BBG000BNY197_2021-04-16
2021-06-11 21:57:55 25      MELI_BBG000GQPB11_2021-04-16
2021-06-11 21:57:55 26      MET_BBG000BB6KF5_2021-04-16
2021-06-11 21:57:55 29      MFGP_BBG00HFWVGN0_2021-04-16
2021-06-11 21:57:55 30      MGLN_BBG000BD6DD9_2021-04-16
2021-06-11 21:57:55 31      MGM_BBG000C2BXK4_2021-04-16
2021-06-11 21:57:55 33      MGY_BBG00GNC8DL2_2021-04-16
2021-06-11 21:57:55 34      MHK_BBG000FLZN98_2021-04-16
2021-06-11 21:57:55 35      MHO_BBG000BL9MZ4_2021-04-16
2021-06-11 21:57:55 36      MIDD_BBG000DQN9R3_2021-04-16
2021-06-11 21:57:55 37      MINI_BBG000BGTX98_2021-04-16
2021-06-11 21:57:55 37      MKC_BBG000G6Y5W4_2021-04-16
2021-06-11 21:57:55 38      MKL_BBG000FC7366_2021-04-16
2021-06-11 21:57:55 39      MKSI_BBG000BVMG26_2021-04-16
2021-06-11 21:57:55 40      MKTX_BBG000BJBZ23_2021-04-16
2021-06-11 21:57:55 41      MLAB_BBG000BP3PW7_2021-04-16
2021-06-11 21:57:55 41      MLCO_BBG000BHP8J4_2021-04-16
2021-06-11 21:57:55 42      MLCO: SPYKE!. Candle: ID:15, Time: 9:30, Close: 19.05
2021-06-11 21:57:55 43      MLHR_BBG000BP46T2_2021-04-16
2021-06-11 21:57:55 44      MLM_BBG000BGYMH7_2021-04-16
2021-06-11 21:57:55 45      MMC_BBG000BP4MH0_2021-04-16
2021-06-11 21:57:55 46      MMI_BBG005GBRSR6_2021-04-16
2021-06-11 21:57:55 47      MMM_BBG000BP52R2_2021-04-16
2021-06-11 21:57:55 50      MMS_BBG000BC5WJ4_2021-04-16
2021-06-11 21:57:55 51      MMSI_BBG000C42VX0_2021-04-16
2021-06-11 21:57:55 51      MNRO_BBG000C0BZD1_2021-04-16
2021-06-11 21:57:55 52      MNST_BBG008NVB1C0_2021-04-16
2021-06-11 21:57:55 55      MO_BBG000BP6LJ8_2021-04-16
2021-06-11 21:57:55 56      MOH_BBG000MBHNC8_2021-04-16
2021-06-11 21:57:55 57      MOMO_BBG007HTCQT0_2021-04-16
2021-06-11 21:57:55 60      MORN_BBG000CGQ4F7_2021-04-16
2021-06-11 21:57:55 61      MOS_BBG000BFXHL6_2021-04-16
2021-06-11 21:57:55 62      MOV_BBG000BL30Y9_2021-04-16
2021-06-11 21:57:55 63      MPC_BBG001DCCGR8_2021-04-16
2021-06-11 21:57:55 65      MPWR_BBG000C30L48_2021-04-16
2021-06-11 21:57:55 66      MRC_BBG000BKLTM1_2021-04-16
2021-06-11 21:57:55 67      MRK_BBG000BPD168_2021-04-16
2021-06-11 21:57:55 70      MRNA_BBG003PHHZT1_2021-04-16
2021-06-11 21:57:55 80      MRO_BBG000C8H633_2021-04-16
2021-06-11 21:57:55 81      MRTX_BBG004TPGBP5_2021-04-16
2021-06-11 21:57:55 82      MS_BBG000BLZRJ2_2021-04-16
2021-06-11 21:57:55 91      MSA_BBG000BPDXF8_2021-04-16
2021-06-11 21:57:55 91      MSCI_BBG000RTDY25_2021-04-16
2021-06-11 21:57:55 92      MSFT_BBG000BPH459_2021-04-16
2021-06-11 21:57:56 04      MSGE_BBG00L9HLWV8_2021-04-16
2021-06-11 21:57:56 04      MSGN_BBG000NS03H7_2021-04-16
2021-06-11 21:57:56 05      MSGS_BBG007FG0C23_2021-04-16
2021-06-11 21:57:56 06      MSI_BBG000BP8Z50_2021-04-16
2021-06-11 21:57:56 08      MSM_BBG000BCLYL9_2021-04-16
2021-06-11 21:57:56 09      MSTR_BBG000GQJPZ0_2021-04-16
2021-06-11 21:57:56 11      MSTR: BuyPending. Strategy: MorningOpenStrategy. Price: 721.11. Lots: 1. ChangeOpenToCurrent: -1.02. ChangePrevCloseToCurrent: -3.46. Candle: ID:13, Time: 7:00, Close: 721.11.
2021-06-11 21:57:56 11      MSTR: OrderID: 61e50c0e. PlacedOrder. Status: New. RejectReason: 
2021-06-11 21:57:56 11      MSTR: OrderID: 61e50c0e fully executed
2021-06-11 21:57:56 11      MSTR: Morning closing by timeout. Close price: 722.09. Lots: 1. Profit: 0.98(0.14%). Candle: ID:353, Time: 7:20, Close: 722.09
2021-06-11 21:57:56 11      MSTR: OrderID: 7b7ac783. PlacedOrder. Status: New. RejectReason: 
2021-06-11 21:57:56 11      MSTR: OrderID: 7b7ac783 fully executed
2021-06-11 21:57:56 12      MTB_BBG000D9KWL9_2021-04-16
2021-06-11 21:57:56 14      MTCH_BBG00B6WH9G3_2021-04-16
2021-06-11 21:57:56 18      MTD_BBG000BZCKH3_2021-04-16
2021-06-11 21:57:56 18      MTG_BBG000CBMH27_2021-04-16
2021-06-11 21:57:56 19      MTH_BBG000F4F1N0_2021-04-16
2021-06-11 21:57:56 20      MTN_BBG000BCMWM1_2021-04-16
2021-06-11 21:57:56 21      MTOR_BBG000BH92D1_2021-04-16
2021-06-11 21:57:56 22      MTRN_BBG000BDTT76_2021-04-16
2021-06-11 21:57:56 22      MU_BBG000C5Z1S3_2021-04-16
2021-06-11 21:57:56 28      MUR_BBG000BPMH90_2021-04-16
2021-06-11 21:57:56 30      MUSA_BBG001Z0Q6T5_2021-04-16
2021-06-11 21:57:56 30      MXIM_BBG000BPNP00_2021-04-16
2021-06-11 21:57:56 33      MXL_BBG000BB6R33_2021-04-16
2021-06-11 21:57:56 34      MYGN_BBG000D9H9F1_2021-04-16
2021-06-11 21:57:56 35      MYRG_BBG000BC7VW9_2021-04-16
2021-06-11 21:57:56 35      NARI_BBG009J8K7M0_2021-04-16
2021-06-11 21:57:56 37      NATI_BBG000DZK6N6_2021-04-16
2021-06-11 21:57:56 38      NAVI_BBG004MN1R41_2021-04-16
2021-06-11 21:57:56 39      NBIX_BBG000GJS7C1_2021-04-16
2021-06-11 21:57:56 40      NCBS_BBG000QK0TG5_2021-04-16
2021-06-11 21:57:56 41      NCR_BBG000BMXK89_2021-04-16
2021-06-11 21:57:56 43      NDAQ_BBG000F5VVB6_2021-04-16
2021-06-11 21:57:56 44      NDSN_BBG000BPWGR1_2021-04-16
2021-06-11 21:57:56 45      NEE_BBG000BJSBJ0_2021-04-16
2021-06-11 21:57:56 48      NEM_BBG000BPWXK1_2021-04-16
2021-06-11 21:57:56 50      NEO_BBG000BKH263_2021-04-16
2021-06-11 21:57:56 52      NEOG_BBG000C1BCK2_2021-04-16
2021-06-11 21:57:56 52      NET_BBG001WMKHH5_2021-04-16
2021-06-11 21:57:56 55      NEU_BBG000BJ5SS8_2021-04-16
2021-06-11 21:57:56 56      NEWR_BBG001NFKJ68_2021-04-16
2021-06-11 21:57:56 57      NFLX_BBG000CL9VN6_2021-04-16
2021-06-11 21:57:56 62      NGVT_BBG009LM28K6_2021-04-16
2021-06-11 21:57:56 62      NJR_BBG000BPZVW9_2021-04-16
2021-06-11 21:57:56 63      NKE_BBG000C5HS04_2021-04-16
2021-06-11 21:57:56 67      NKTR_BBG000BHCYJ1_2021-04-16
2021-06-11 21:57:56 68      NLOK_BBG000BH2JM1_2021-04-16
2021-06-11 21:57:56 70      NLSN_BBG0088CYPX8_2021-04-16
2021-06-11 21:57:56 71      NMIH_BBG005DLMMZ6_2021-04-16
2021-06-11 21:57:56 72      NOC_BBG000BQ2C28_2021-04-16
2021-06-11 21:57:56 73      NOK_BBG000BNGBW9_2021-04-16
2021-06-11 21:57:56 74      NOK: SPYKE!. Candle: ID:9, Time: 7:00, Close: 3.9
2021-06-11 21:57:56 74      NOK: BuyPending. Strategy: MorningOpenStrategy. Price: 3.9. Lots: 64. ChangeOpenToCurrent: -4.65. ChangePrevCloseToCurrent: -5.11. Candle: ID:9, Time: 7:00, Close: 3.9.
2021-06-11 21:57:56 74      NOK: OrderID: 0e664f27. PlacedOrder. Status: New. RejectReason: 
2021-06-11 21:57:56 74      NOK: OrderID: 0e664f27 fully executed
2021-06-11 21:57:56 74      NOK: SPYKE!. Candle: ID:10, Time: 7:00, Close: 3.78
2021-06-11 21:57:56 74      NOK: Buy more. Price: 3.78. Lots: 66. changeFromLastBuy: -3.08. Candle: ID:10, Time: 7:00, Close: 3.78.
2021-06-11 21:57:56 74      NOK: OrderID: 093c5b5a. PlacedOrder. Status: New. RejectReason: 
2021-06-11 21:57:56 74      NOK: SPYKE!. Candle: ID:11, Time: 7:00, Close: 4.1
2021-06-11 21:57:56 74      NOK: SPYKE!. Candle: ID:12, Time: 7:00, Close: 4.1
2021-06-11 21:57:56 74      NOK: Morning closing. Close price: 4.11. Lots: 64. CandleChange: -0.24%. ChangeFromCandleHigh: -0.24%. Profit: 0.21(5.38%). Candle: ID:195, Time: 7:05, Close: 4.11
2021-06-11 21:57:56 74      NOK: OrderID: 0fd03764. PlacedOrder. Status: New. RejectReason: 
2021-06-11 21:57:56 74      NOK: OrderID: 093c5b5a automatically canceling...
2021-06-11 21:57:56 74      NOK: OrderID: 0fd03764 partially executed. Executed lots: 21. OrderStatus: 21/64 lots
2021-06-11 21:57:56 74      OrderID: 093c5b5a successfully canceled
2021-06-11 21:57:56 74      NOK: OrderID: 0fd03764 partially executed. Executed lots: 1. OrderStatus: 22/64 lots
2021-06-11 21:57:56 74      NOK: OrderID: 0fd03764 partially executed. Executed lots: 17. OrderStatus: 39/64 lots
2021-06-11 21:57:56 74      NOK: OrderID: 0fd03764 partially executed. Executed lots: 5. OrderStatus: 44/64 lots
2021-06-11 21:57:56 74      NOK: OrderID: 0fd03764 partially executed. Executed lots: 2. OrderStatus: 46/64 lots
2021-06-11 21:57:56 74      NOK: OrderID: 0fd03764 partially executed. Executed lots: 1. OrderStatus: 47/64 lots
2021-06-11 21:57:56 74      NOK: OrderID: 0fd03764 fully executed
2021-06-11 21:57:56 76      NOV_BBG000BJX8C8_2021-04-16
2021-06-11 21:57:56 77      NOW_BBG000M1R011_2021-04-16
2021-06-11 21:57:56 78      NP_BBG000QCQ764_2021-04-16
2021-06-11 21:57:56 79      NPK_BBG000BQ4GG2_2021-04-16
2021-06-11 21:57:56 80      NRG_BBG000D8RG11_2021-04-16
2021-06-11 21:57:56 81      NSC_BBG000BQ5DS5_2021-04-16
2021-06-11 21:57:56 83      NSP_BBG000BJ41X2_2021-04-16
2021-06-11 21:57:56 84      NTAP_BBG000FP1N32_2021-04-16
2021-06-11 21:57:56 86      NTCO_BBG00R4ZKPN5_2021-04-16
2021-06-11 21:57:56 87      NTCT_BBG000C136Z8_2021-04-16
2021-06-11 21:57:56 88      NTES_BBG000BX72V8_2021-04-16
2021-06-11 21:57:56 90      NTGR_BBG000C4GBR6_2021-04-16
2021-06-11 21:57:56 90      NTLA_BBG007KC7PB0_2021-04-16
2021-06-11 21:57:56 92      NTNX_BBG001NDW1Z7_2021-04-16
2021-06-11 21:57:56 95      NTRA_BBG001J1BQ86_2021-04-16
2021-06-11 21:57:56 96      NTRS_BBG000BQ74K1_2021-04-16
2021-06-11 21:57:56 98      NTUS_BBG000DPZHS3_2021-04-16
2021-06-11 21:57:56 98      NUE_BBG000BQ8KV2_2021-04-16
2021-06-11 21:57:57 00      NUS_BBG000HG21Y3_2021-04-16
2021-06-11 21:57:57 00      NUVA_BBG000LNL298_2021-04-16
2021-06-11 21:57:57 01      NVDA_BBG000BBJQV0_2021-04-16
2021-06-11 21:57:57 09      NVEE_BBG005BT60Y8_2021-04-16
2021-06-11 21:57:57 10      NVR_BBG000BQBYR3_2021-04-16
2021-06-11 21:57:57 10      NVRO_BBG001K61W36_2021-04-16
2021-06-11 21:57:57 11      NVTA_BBG005DJFD43_2021-04-16
2021-06-11 21:57:57 13      NWE_BBG000Q1NMJ4_2021-04-16
2021-06-11 21:57:57 13      NWL_BBG000BQC9V2_2021-04-16
2021-06-11 21:57:57 15      NWLI_BBG008HNHZ07_2021-04-16
2021-06-11 21:57:57 15      NWS_BBG0035M2ZB7_2021-04-16
2021-06-11 21:57:57 16      NWSA_BBG0035LY913_2021-04-16
2021-06-11 21:57:57 18      NXPI_BBG000BND699_2021-04-16
2021-06-11 21:57:57 21      NXST_BBG000DZJVH0_2021-04-16
2021-06-11 21:57:57 22      NYT_BBG000FFC0B3_2021-04-16
2021-06-11 21:57:57 23      O_BBG000DHPN63_2021-04-16
2021-06-11 21:57:57 25      OC_BBG000M44VW8_2021-04-16
2021-06-11 21:57:57 26      ODFL_BBG000CHSS88_2021-04-16
2021-06-11 21:57:57 28      OFIX_BBG000G1C210_2021-04-16
2021-06-11 21:57:57 28      OFIX: SPYKE!. Candle: ID:5, Time: 13:30, Close: 44.12
2021-06-11 21:57:57 28      OHI_BBG000BGBTC2_2021-04-16
2021-06-11 21:57:57 30      OI_BBG00R2JZG39_2021-04-16
2021-06-11 21:57:57 31      OII_BBG000CPBCL8_2021-04-16
2021-06-11 21:57:57 31      OII: SPYKE!. Candle: ID:54, Time: 8:35, Close: 11.5
2021-06-11 21:57:57 32      OIS_BBG000BDDN94_2021-04-16
2021-06-11 21:57:57 33      OKE_BBG000BQHGR6_2021-04-16
2021-06-11 21:57:57 34      OKTA_BBG001YV1SM4_2021-04-16
2021-06-11 21:57:57 37      OLED_BBG000BLRP41_2021-04-16
2021-06-11 21:57:57 39      OLLI_BBG0098VVDT9_2021-04-16
2021-06-11 21:57:57 41      OMC_BBG000BS9489_2021-04-16
2021-06-11 21:57:57 42      OMCL_BBG000BTNGZ4_2021-04-16
2021-06-11 21:57:57 43      ON_BBG000DV7MX4_2021-04-16
2021-06-11 21:57:57 45      ONTO_BBG000BPRN29_2021-04-16
2021-06-11 21:57:57 46      ORCL_BBG000BQLTW7_2021-04-16
2021-06-11 21:57:57 49      ORLY_BBG000BGYWY6_2021-04-16
2021-06-11 21:57:57 51      OSIS_BBG000BWPR54_2021-04-16
2021-06-11 21:57:57 52      OSK_BBG000CC53X1_2021-04-16
2021-06-11 21:57:57 53      OSUR_BBG000J3D1Y8_2021-04-16
2021-06-11 21:57:57 55      OTIS_BBG00RP60KV0_2021-04-16
2021-06-11 21:57:57 57      OVV_BBG00R2NHQ65_2021-04-16
2021-06-11 21:57:57 58      OXY_BBG000BQQ2S6_2021-04-16
2021-06-11 21:57:57 62      PAGS_BBG00JM7QBR6_2021-04-16
2021-06-11 21:57:57 63      PANW_BBG0014GJCT9_2021-04-16
2021-06-11 21:57:57 64      PATK_BBG000BQSBB2_2021-04-16
2021-06-11 21:57:57 65      PAYC_BBG0064N0ZZ5_2021-04-16
2021-06-11 21:57:57 65      PB_BBG000BHY4D9_2021-04-16
2021-06-11 21:57:57 66      PBCT_BBG000BQT4L6_2021-04-16
2021-06-11 21:57:57 68      PBF_BBG002832GV8_2021-04-16
2021-06-11 21:57:57 69      PBH_BBG000QM0RZ4_2021-04-16
2021-06-11 21:57:57 69      PBI_BBG000BQTMJ9_2021-04-16
2021-06-11 21:57:57 70      PCAR_BBG000BQVTF5_2021-04-16
2021-06-11 21:57:57 72      PCG_BBG000BQWPC5_2021-04-16
2021-06-11 21:57:57 73      PCRX_BBG0018FQNS6_2021-04-16
2021-06-11 21:57:57 75      PCTY_BBG006598YS8_2021-04-16
2021-06-11 21:57:57 76      PD_BBG0043BYPB8_2021-04-16
2021-06-11 21:57:57 77      PDCO_BBG000BQY289_2021-04-16
2021-06-11 21:57:57 78      PEAK_BBG000BKYDP9_2021-04-16
2021-06-11 21:57:57 79      PEG_BBG000BQZMH4_2021-04-16
2021-06-11 21:57:57 80      PEGA_BBG000H1RYG7_2021-04-16
2021-06-11 21:57:57 81      PEN_BBG001BP92V1_2021-04-16
2021-06-11 21:57:57 82      PEP_BBG000DH7JK6_2021-04-16
2021-06-11 21:57:57 86      PETQ_BBG00H1CY328_2021-04-16
2021-06-11 21:57:57 86      PFE_BBG000BR2B91_2021-04-16
2021-06-11 21:57:57 92      PFG_BBG000NSCNT7_2021-04-16
2021-06-11 21:57:57 94      PFGC_BBG009XW2WB8_2021-04-16
2021-06-11 21:57:57 95      PFPT_BBG000RQ2GY7_2021-04-16
2021-06-11 21:57:57 96      PG_BBG000BR2TH3_2021-04-16
2021-06-11 21:57:57 99      PGNY_BBG002H1K1H1_2021-04-16
2021-06-11 21:57:58 03      PGR_BBG000BR37X2_2021-04-16
2021-06-11 21:57:58 04      PGTI_BBG000FX3Y66_2021-04-16
2021-06-11 21:57:58 06      PH_BBG000BR3KL6_2021-04-16
2021-06-11 21:57:58 07      PHM_BBG000BR54L0_2021-04-16
2021-06-11 21:57:58 09      PII_BBG000D5S4M0_2021-04-16
2021-06-11 21:57:58 10      PINC_BBG000G7QX50_2021-04-16
2021-06-11 21:57:58 10      PINS_BBG002583CV8_2021-04-16
2021-06-11 21:57:58 18      PIPR_BBG000FQXC75_2021-04-16
2021-06-11 21:57:58 19      PKG_BBG000BB8SW7_2021-04-16
2021-06-11 21:57:58 20      PKI_BBG000FXW512_2021-04-16
2021-06-11 21:57:58 21      PLAN_BBG002DZS299_2021-04-16
2021-06-11 21:57:58 23      PLAY_BBG001WWJTK5_2021-04-16
2021-06-11 21:57:58 24      PLCE_BBG000JK9DK4_2021-04-16
2021-06-11 21:57:58 26      PLD_BBG000B9Z0J8_2021-04-16
2021-06-11 21:57:58 27      PLNT_BBG009H04M17_2021-04-16
2021-06-11 21:57:58 28      PLTR_BBG000N7QR55_2021-04-16
2021-06-11 21:57:58 35      PLUS_BBG000HN7W02_2021-04-16
2021-06-11 21:57:58 36      PLXS_BBG000BRBX66_2021-04-16
2021-06-11 21:57:58 38      PM_BBG000J2XL74_2021-04-16
2021-06-11 21:57:58 40      PNC_BBG000BRD0D8_2021-04-16
2021-06-11 21:57:58 42      PNFP_BBG000C1XKF6_2021-04-16
2021-06-11 21:57:58 43      PNTG_BBG00P33SY72_2021-04-16
2021-06-11 21:57:58 44      PODD_BBG000R7XX87_2021-04-16
2021-06-11 21:57:58 45      POOL_BBG000BCVG28_2021-04-16
2021-06-11 21:57:58 46      POR_BBG000BCRMW7_2021-04-16
2021-06-11 21:57:58 47      POST_BBG001WTBC36_2021-04-16
2021-06-11 21:57:58 48      POWI_BBG000BTT3D1_2021-04-16
2021-06-11 21:57:58 49      PPC_BBG000BFLXV3_2021-04-16
2021-06-11 21:57:58 50      PPG_BBG000BRJ809_2021-04-16
2021-06-11 21:57:58 52      PPL_BBG000BRJL00_2021-04-16
2021-06-11 21:57:58 54      PRAA_BBG000BNTW77_2021-04-16
2021-06-11 21:57:58 55      PRAH_BBG007387YL8_2021-04-16
2021-06-11 21:57:58 56      PRFT_BBG000BVXFK6_2021-04-16
2021-06-11 21:57:58 57      PRG_BBG00VSH86G4_2021-04-16
2021-06-11 21:57:58 58      PRGS_BBG000C4QP94_2021-04-16
2021-06-11 21:57:58 58      PRI_BBG000T8ZF80_2021-04-16
2021-06-11 21:57:58 60      PRLB_BBG000BT13B3_2021-04-16
2021-06-11 21:57:58 60      PRSP_BBG00KMXKWF9_2021-04-16
2021-06-11 21:57:58 61      PRU_BBG000HCJMF9_2021-04-16
2021-06-11 21:57:58 64      PSA_BBG000BPPN67_2021-04-16
2021-06-11 21:57:58 66      PSN_BBG000C3TKY6_2021-04-16
2021-06-11 21:57:58 67      PSTG_BBG00212PVZ5_2021-04-16
2021-06-11 21:57:58 68      PSX_BBG00286S4N9_2021-04-16
2021-06-11 21:57:58 70      PTC_BBG000C2VBB0_2021-04-16
2021-06-11 21:57:58 71      PTCT_BBG000QT15P7_2021-04-16
2021-06-11 21:57:58 72      PTON_BBG00JG0FFZ2_2021-04-16
2021-06-11 21:57:58 75      PTR_BBG000BR85F1_2021-04-16
2021-06-11 21:57:58 76      PUMP_BBG00FYCQ352_2021-04-16
2021-06-11 21:57:58 77      PVH_BBG000BRRG02_2021-04-16
2021-06-11 21:57:58 78      PWR_BBG000BBL8V7_2021-04-16
2021-06-11 21:57:58 79      PXD_BBG000BXRPH1_2021-04-16
2021-06-11 21:57:58 81      PYPL_BBG0077VNXV6_2021-04-16
2021-06-11 21:57:58 86      PZZA_BBG000BFWF13_2021-04-16
2021-06-11 21:57:58 87      QADA_BBG001BP77C3_2021-04-16
2021-06-11 21:57:58 88      QCOM_BBG000CGC1X8_2021-04-16
2021-06-11 21:57:58 92      QDEL_BBG000C6GN04_2021-04-16
2021-06-11 21:57:58 94      QLYS_BBG000HT5G06_2021-04-16
2021-06-11 21:57:58 96      QNST_BBG000S9XXB8_2021-04-16
2021-06-11 21:57:58 97      QRTEA_BBG000PCQQL6_2021-04-16
2021-06-11 21:57:58 98      QRVO_BBG007TJF1N7_2021-04-16
2021-06-11 21:57:59 00      QTS_BBG0054B20Z8_2021-04-16
2021-06-11 21:57:59 00      QTWO_BBG005ZVK9P2_2021-04-16
2021-06-11 21:57:59 01      QUOT_BBG001QYNR63_2021-04-16
2021-06-11 21:57:59 02      R_BBG000BRVP70_2021-04-16
2021-06-11 21:57:59 03      RACE_BBG009PH3Q86_2021-04-16
2021-06-11 21:57:59 04      RAMP_BBG000BB4HM6_2021-04-16
2021-06-11 21:57:59 04      RARE_BBG001RWPDW6_2021-04-16
2021-06-11 21:57:59 05      RAVN_BBG000CXQTZ3_2021-04-16
2021-06-11 21:57:59 06      RBC_BBG000BRXTR8_2021-04-16
2021-06-11 21:57:59 07      RCL_BBG000BB5792_2021-04-16
2021-06-11 21:57:59 09      RDFN_BBG001Q7HP63_2021-04-16
2021-06-11 21:57:59 11      RDS.A_BBG000QXSSS6_2021-04-16
2021-06-11 21:57:59 13      RDY_BBG000NJ96L6_2021-04-16
2021-06-11 21:57:59 14      RE_BBG000C1XVK6_2021-04-16
2021-06-11 21:57:59 15      REG_BBG000BL46Q4_2021-04-16
2021-06-11 21:57:59 16      REGI_BBG0016SSV00_2021-04-16
2021-06-11 21:57:59 19      REGN_BBG000C734W3_2021-04-16
2021-06-11 21:57:59 21      RETA_BBG000R33BD1_2021-04-16
2021-06-11 21:57:59 22      REX_BBG000D2ZK61_2021-04-16
2021-06-11 21:57:59 22      REZI_BBG00HY28K89_2021-04-16
2021-06-11 21:57:59 23      RF_BBG000Q3JN03_2021-04-16
2021-06-11 21:57:59 24      RGA_BBG000BDLCQ0_2021-04-16
2021-06-11 21:57:59 25      RGEN_BBG000BS48J3_2021-04-16
2021-06-11 21:57:59 26      RGLD_BBG000BS5170_2021-04-16
2021-06-11 21:57:59 27      RGNX_BBG007Z9V591_2021-04-16
2021-06-11 21:57:59 28      RGR_BBG000C4FQG6_2021-04-16
2021-06-11 21:57:59 29      RH_BBG002293PJ4_2021-04-16
2021-06-11 21:57:59 29      RHI_BBG000BS5DR2_2021-04-16
2021-06-11 21:57:59 30      RIG_BBG000BH5LT6_2021-04-16
2021-06-11 21:57:59 32      RJF_BBG000BS73J1_2021-04-16
2021-06-11 21:57:59 33      RL_BBG000BS0ZF1_2021-04-16
2021-06-11 21:57:59 34      RMD_BBG000L4M7F1_2021-04-16
2021-06-11 21:57:59 35      RNG_BBG000J094P3_2021-04-16
2021-06-11 21:57:59 36      ROCK_BBG000BKQDQ7_2021-04-16
2021-06-11 21:57:59 37      ROG_BBG000BS9HN3_2021-04-16
2021-06-11 21:57:59 38      ROK_BBG000BBCDZ2_2021-04-16
2021-06-11 21:57:59 39      ROKU_BBG001ZZPQJ6_2021-04-16
2021-06-11 21:57:59 42      ROL_BBG000BSBBP1_2021-04-16
2021-06-11 21:57:59 43      ROLL_BBG000GMGNB3_2021-04-16
2021-06-11 21:57:59 44      ROP_BBG000F1ZSN5_2021-04-16
2021-06-11 21:57:59 45      ROST_BBG000BSBZH7_2021-04-16
2021-06-11 21:57:59 46      RPD_BBG009DFHWG6_2021-04-16
2021-06-11 21:57:59 48      RPM_BBG000DCNK80_2021-04-16
2021-06-11 21:57:59 48      RRBI_BBG000QKNLB2_2021-04-16
2021-06-11 21:57:59 49      RRC_BBG000FVXD63_2021-04-16
2021-06-11 21:57:59 50      RRGB_BBG000MXH9C1_2021-04-16
2021-06-11 21:57:59 51      RS_BBG000CJ2181_2021-04-16
2021-06-11 21:57:59 52      RSG_BBG000BPXVJ6_2021-04-16
2021-06-11 21:57:59 53      RTX_BBG000BW8S60_2021-04-16
2021-06-11 21:57:59 56      RVLV_BBG00M4RHBD0_2021-04-16
2021-06-11 21:57:59 57      RXN_BBG000H8R0N8_2021-04-16
2021-06-11 21:57:59 57      RYN_BBG000BG7L34_2021-04-16
2021-06-11 21:57:59 58      RYTM_BBG007DLZ601_2021-04-16
2021-06-11 21:57:59 59      SAFM_BBG000BSHJ96_2021-04-16
2021-06-11 21:57:59 60      SAGE_BBG0025X16Y5_2021-04-16
2021-06-11 21:57:59 61      SAIA_BBG000P5LMQ0_2021-04-16
2021-06-11 21:57:59 62      SAIC_BBG003BW05K6_2021-04-16
2021-06-11 21:57:59 63      SAIL_BBG00J0BBZL0_2021-04-16
2021-06-11 21:57:59 64      SAM_BBG000BCZBF1_2021-04-16
2021-06-11 21:57:59 64      SAVE_BBG000BF6RQ9_2021-04-16
2021-06-11 21:57:59 66      SBAC_BBG000D2M0Z7_2021-04-16
2021-06-11 21:57:59 67      SBCF_BBG000KK3464_2021-04-16
2021-06-11 21:57:59 67      SBGI_BBG000F2XXP2_2021-04-16
2021-06-11 21:57:59 68      SBH_BBG000LR8515_2021-04-16
2021-06-11 21:57:59 69      SBRA_BBG000MTDW24_2021-04-16
2021-06-11 21:57:59 69      SBUX_BBG000CTQBF3_2021-04-16
2021-06-11 21:57:59 72      SCCO_BBG000BSHH72_2021-04-16
2021-06-11 21:57:59 73      SCHW_BBG000BSLZY7_2021-04-16
2021-06-11 21:57:59 77      SCI_BBG000BTHH16_2021-04-16
2021-06-11 21:57:59 78      SCSC_BBG000BHTPZ4_2021-04-16
2021-06-11 21:57:59 79      SDGR_BBG000T88BN2_2021-04-16
2021-06-11 21:57:59 80      SEDG_BBG0084BBZY6_2021-04-16
2021-06-11 21:57:59 81      SEE_BBG000C22QV7_2021-04-16
2021-06-11 21:57:59 82      SEIC_BBG000BSQLT9_2021-04-16
2021-06-11 21:57:59 83      SERV_TCS002WMH2F2_2021-04-16
2021-06-11 21:57:59 84      SF_BBG000BSS5C0_2021-04-16
2021-06-11 21:57:59 85      SFIX_BBG0046L1KL9_2021-04-16
2021-06-11 21:57:59 86      SFM_BBG001KFKQM7_2021-04-16
2021-06-11 21:57:59 88      SGEN_BBG000BH0FR6_2021-04-16
2021-06-11 21:57:59 89      SHAK_BBG0063GCHH8_2021-04-16
2021-06-11 21:57:59 90      SHEN_BBG000BTC2N0_2021-04-16
2021-06-11 21:57:59 90      SHI_BBG000BHR1H9_2021-04-16
2021-06-11 21:57:59 91      SHW_BBG000BSXQV7_2021-04-16
2021-06-11 21:57:59 92      SIG_BBG000C4ZZ10_2021-04-16
2021-06-11 21:57:59 93      SIGI_BBG000BSZ738_2021-04-16
2021-06-11 21:57:59 94      SITE_BBG009T22D49_2021-04-16
2021-06-11 21:57:59 95      SIVB_BBG000BT0CM2_2021-04-16
2021-06-11 21:57:59 96      SJI_BBG000BT0T72_2021-04-16
2021-06-11 21:57:59 97      SJM_BBG000BT1715_2021-04-16
2021-06-11 21:57:59 98      SKM_BBG000BLN497_2021-04-16
2021-06-11 21:57:59 99      SKX_BBG000C4HKK2_2021-04-16
2021-06-11 21:58:00 00      SLAB_BBG000BB99S3_2021-04-16
2021-06-11 21:58:00 01      SLB_BBG000BT41Q8_2021-04-16
2021-06-11 21:58:00 03      SLG_BBG000BVP5P2_2021-04-16
2021-06-11 21:58:00 04      SMAR_BBG00GQK3WB5_2021-04-16
2021-06-11 21:58:00 05      SMG_BBG000BT5PG5_2021-04-16
2021-06-11 21:58:00 06      SMPL_BBG00GVP5JL4_2021-04-16
2021-06-11 21:58:00 07      SMTC_BBG000DBKR53_2021-04-16
2021-06-11 21:58:00 08      SNA_BBG000BT7JW9_2021-04-16
2021-06-11 21:58:00 09      SNAP_BBG00441QMJ7_2021-04-16
2021-06-11 21:58:00 14      SNBR_BBG000DM2BF3_2021-04-16
2021-06-11 21:58:00 15      SNPS_BBG000BSFRF3_2021-04-16
2021-06-11 21:58:00 17      SNX_BBG000CL9JV4_2021-04-16
2021-06-11 21:58:00 18      SNY_BBG000BBD5N1_2021-04-16
2021-06-11 21:58:00 19      SO_BBG000BT9DW0_2021-04-16
2021-06-11 21:58:00 21      SOHU_BBG00L2DB535_2021-04-16
2021-06-11 21:58:00 22      SON_BBG000D7HF89_2021-04-16
2021-06-11 21:58:00 23      SONO_BBG001JZPSQ2_2021-04-16
2021-06-11 21:58:00 24      SP_BBG000BJ91B1_2021-04-16
2021-06-11 21:58:00 25      SPB@US_BBG000DS5588_2021-04-16
2021-06-11 21:58:00 25      SPCE_BBG00HTN2CQ3_2021-04-16
2021-06-11 21:58:00 39      SPG_BBG000BJ2D31_2021-04-16
2021-06-11 21:58:00 41      SPGI_BBG000BP1Q11_2021-04-16
2021-06-11 21:58:00 42      SPLK_BBG001C7TST4_2021-04-16
2021-06-11 21:58:00 46      SPOT_BBG003T4VFC2_2021-04-16
2021-06-11 21:58:00 47      SPR_BBG000PRJ2Z9_2021-04-16
2021-06-11 21:58:00 49      SPSC_BBG000PZGB75_2021-04-16
2021-06-11 21:58:00 50      SQ_BBG0018SLC07_2021-04-16
2021-06-11 21:58:00 53      SRC_BBG0027Z6X10_2021-04-16
2021-06-11 21:58:00 54      SRCL_BBG000H3FZM6_2021-04-16
2021-06-11 21:58:00 54      SRDX_BBG000BZ2QG2_2021-04-16
2021-06-11 21:58:00 55      SRE_BBG000C2ZCH8_2021-04-16
2021-06-11 21:58:00 56      SRI_BBG000BB9Q78_2021-04-16
2021-06-11 21:58:00 57      SRPT_BBG000BCJ161_2021-04-16
2021-06-11 21:58:00 58      SSD_BBG000JLC8L8_2021-04-16
2021-06-11 21:58:00 59      SSNC_BBG000RJ2J04_2021-04-16
2021-06-11 21:58:00 60      SSTK_BBG002ZCK2V9_2021-04-16
2021-06-11 21:58:00 61      STAA_BBG000C4QB95_2021-04-16
2021-06-11 21:58:00 61      STAG_BBG000BGLFP7_2021-04-16
2021-06-11 21:58:00 62      STLD_BBG000HGYNZ9_2021-04-16
2021-06-11 21:58:00 64      STMP_BBG000CZ4KF3_2021-04-16
2021-06-11 21:58:00 65      STRA_BBG000GRZDV1_2021-04-16
2021-06-11 21:58:00 66      STT_BBG000BKFBD7_2021-04-16
2021-06-11 21:58:00 68      STX_BBG000F0KF42_2021-04-16
2021-06-11 21:58:00 68      Warning: figi `BBG000F0KF42` for history data does not match actual figi `BBG0113JGQF0`. Ticker: STX. Will be used actual!
2021-06-11 21:58:00 70      STZ_BBG000J1QLT0_2021-04-16
2021-06-11 21:58:00 71      SUPN_BBG000BP0HX7_2021-04-16
2021-06-11 21:58:00 72      SWAV_BBG005XVXML5_2021-04-16
2021-06-11 21:58:00 73      SWBI_BBG000BM0QL7_2021-04-16
2021-06-11 21:58:00 74      SWCH_BBG00HPDM5Z2_2021-04-16
2021-06-11 21:58:00 74      SWI_BBG00M1CKSK7_2021-04-16
2021-06-11 21:58:00 76      SWK_BBG000BTQR96_2021-04-16
2021-06-11 21:58:00 77      SWKS_BBG000KLB4Q1_2021-04-16
2021-06-11 21:58:00 78      SWN_BBG000BTR593_2021-04-16
2021-06-11 21:58:00 80      SWX_BBG00FWP4JW4_2021-04-16
2021-06-11 21:58:00 81      SXI_BBG000BTT5B8_2021-04-16
2021-06-11 21:58:00 81      SXT_BBG000J79P80_2021-04-16
2021-06-11 21:58:00 82      SYF_BBG00658F3P3_2021-04-16
2021-06-11 21:58:00 84      SYK_BBG000DN7P92_2021-04-16
2021-06-11 21:58:00 85      SYKE_BBG000BBHPV4_2021-04-16
2021-06-11 21:58:00 85      SYNA_BBG000BQV1S2_2021-04-16
2021-06-11 21:58:00 86      SYNH_BBG0078Y1D92_2021-04-16
2021-06-11 21:58:00 87      SYY_BBG000BTVJ25_2021-04-16
2021-06-11 21:58:00 88      T_BBG000BSJK37_2021-04-16
2021-06-11 21:58:00 91      TAK_BBG000LF8708_2021-04-16
2021-06-11 21:58:00 92      TAL_BBG0016XJ8S0_2021-04-16
2021-06-11 21:58:00 94      TAP_BBG000BS7KS3_2021-04-16
2021-06-11 21:58:00 95      TCBI_BBG000DN4ZT1_2021-04-16
2021-06-11 21:58:00 96      TCMD_BBG001B12Z39_2021-04-16
2021-06-11 21:58:00 97      TCRR_BBG00FH3FM15_2021-04-16
2021-06-11 21:58:00 97      TCS_BBG005DXJS36_2021-04-16
2021-06-11 21:58:00 99      TCX_BBG000L69KL5_2021-04-16
2021-06-11 21:58:00 99      TDC_BBG000R0L5J4_2021-04-16
2021-06-11 21:58:01 00      TDG_BBG000L8CBX4_2021-04-16
2021-06-11 21:58:01 01      TDOC_BBG0019T5SG0_2021-04-16
2021-06-11 21:58:01 03      TDS_BBG000BV0VK7_2021-04-16
2021-06-11 21:58:01 03      TDY_BBG000BMT9T6_2021-04-16
2021-06-11 21:58:01 04      TECH_BBG000C15114_2021-04-16
2021-06-11 21:58:01 05      TEL_BBG000RGM5P1_2021-04-16
2021-06-11 21:58:01 07      TENB_BBG00LBLCD02_2021-04-16
2021-06-11 21:58:01 08      TER_BBG000BV4DR6_2021-04-16
2021-06-11 21:58:01 10      TFC_BBG000BYYLS8_2021-04-16
2021-06-11 21:58:01 12      TFX_BBG000BV59Y6_2021-04-16
2021-06-11 21:58:01 13      TGNA_BBG000BK5DP1_2021-04-16
2021-06-11 21:58:01 14      TGT_BBG000H8TVT2_2021-04-16
2021-06-11 21:58:01 16      THG_BBG000FJH8W0_2021-04-16
2021-06-11 21:58:01 17      THO_BBG000BV6R84_2021-04-16
2021-06-11 21:58:01 18      THRM_BBG000BQLM34_2021-04-16
2021-06-11 21:58:01 18      THS_BBG000GQGJT4_2021-04-16
2021-06-11 21:58:01 19      TJX_BBG000BV8DN6_2021-04-16
2021-06-11 21:58:01 21      TKR_BBG000BV95H9_2021-04-16
2021-06-11 21:58:01 22      TMHC_BBG003PGJHP5_2021-04-16
2021-06-11 21:58:01 23      TMO_BBG000BVDLH9_2021-04-16
2021-06-11 21:58:01 24      TMUS_BBG000NDV1D4_2021-04-16
2021-06-11 21:58:01 26      TMX_BBG002WMH2F2_2021-04-16
2021-06-11 21:58:01 27      TNC_BBG000JCZJS2_2021-04-16
2021-06-11 21:58:01 28      TNDM_BBG0019V9M65_2021-04-16
2021-06-11 21:58:01 29      TNET_BBG000BR2040_2021-04-16
2021-06-11 21:58:01 30      TOL_BBG000BVHBM1_2021-04-16
2021-06-11 21:58:01 31      TOT_BBG000CHZ857_2021-04-16
2021-06-11 21:58:01 33      TPH_BBG0016YQTR5_2021-04-16
2021-06-11 21:58:01 34      TPIC_BBG0016MQ7C5_2021-04-16
2021-06-11 21:58:01 36      TPR_BBG000BY29C7_2021-04-16
2021-06-11 21:58:01 37      TPTX_BBG00NPL9WH7_2021-04-16
2021-06-11 21:58:01 38      TPX_BBG000PXGT62_2021-04-16
2021-06-11 21:58:01 40      TREE_BBG000TVRB50_2021-04-16
2021-06-11 21:58:01 41      TREX_BBG000BTGKK9_2021-04-16
2021-06-11 21:58:01 42      TRHC_BBG00BT7PPY8_2021-04-16
2021-06-11 21:58:01 42      TRIP_BBG001M8HHB7_2021-04-16
2021-06-11 21:58:01 44      TRMB_BBG000BNPS52_2021-04-16
2021-06-11 21:58:01 45      TROW_BBG000BVMPN3_2021-04-16
2021-06-11 21:58:01 47      TRU_BBG002Q7J5Z1_2021-04-16
2021-06-11 21:58:01 48      TRUP_BBG002BC7WC5_2021-04-16
2021-06-11 21:58:01 49      TRV_BBG000BJ81C1_2021-04-16
2021-06-11 21:58:01 50      TSCO_BBG000BLXZN1_2021-04-16
2021-06-11 21:58:01 52      TSLA_BBG000N9MNX3_2021-04-16
2021-06-11 21:58:01 76      TSM_BBG000BD8ZK0_2021-04-16
2021-06-11 21:58:01 80      TSN_BBG000DKCC19_2021-04-16
2021-06-11 21:58:01 81      TSS_BBG000C1JTL6_2021-04-16
2021-06-11 21:58:01 82      TT_BBG000BM6788_2021-04-16
2021-06-11 21:58:01 83      TTC_BBG000BVQRY3_2021-04-16
2021-06-11 21:58:01 84      TTD_BBG00629NGT2_2021-04-16
2021-06-11 21:58:01 87      TTEK_BBG000BYZ0Q5_2021-04-16
2021-06-11 21:58:01 88      TTM_BBG000PVGDH9_2021-04-16
2021-06-11 21:58:01 89      TTMI_BBG000BYQ0B1_2021-04-16
2021-06-11 21:58:01 90      TTWO_BBG000BS1YV5_2021-04-16
2021-06-11 21:58:01 92      TW_BBG00NK8H8T2_2021-04-16
2021-06-11 21:58:01 93      TWLO_BBG0029ZX840_2021-04-16
2021-06-11 21:58:01 94      TWNK_BBG00B6KGNN1_2021-04-16
2021-06-11 21:58:01 96      TWOU_BBG001KS9450_2021-04-16
2021-06-11 21:58:01 97      TWTR_BBG000H6HNW3_2021-04-16
2021-06-11 21:58:02 00      TXG_BBG007WX14X0_2021-04-16
2021-06-11 21:58:02 01      TXN_BBG000BVV7G1_2021-04-16
2021-06-11 21:58:02 04      TXRH_BBG000PSJMV7_2021-04-16
2021-06-11 21:58:02 06      TXT_BBG000BVVQQ8_2021-04-16
2021-06-11 21:58:02 07      TYL_BBG000BVWZF9_2021-04-16
2021-06-11 21:58:02 08      UA_BBG009DTD8H2_2021-04-16
2021-06-11 21:58:02 09      UAA_BBG000BXM6V2_2021-04-16
2021-06-11 21:58:02 10      UAL_BBG000M65M61_2021-04-16
2021-06-11 21:58:02 14      UBER_BBG002B04MT8_2021-04-16
2021-06-11 21:58:02 17      UCTT_BBG000HSLV70_2021-04-16
2021-06-11 21:58:02 18      UDR_BBG000C41023_2021-04-16
2021-06-11 21:58:02 19      UFPI_BBG000BL0T06_2021-04-16
2021-06-11 21:58:02 20      UFS_BBG000BHFHP8_2021-04-16
2021-06-11 21:58:02 21      UGI_BBG000BVYN55_2021-04-16
2021-06-11 21:58:02 23      UHS_BBG000CB8Q50_2021-04-16
2021-06-11 21:58:02 24      UI_BBG001R72SR9_2021-04-16
2021-06-11 21:58:02 25      ULTA_BBG00FWQ4VD6_2021-04-16
2021-06-11 21:58:02 26      UMBF_BBG000DD8WX1_2021-04-16
2021-06-11 21:58:02 27      UNF_BBG000BW29L1_2021-04-16
2021-06-11 21:58:02 27      UNH_BBG000CH5208_2021-04-16
2021-06-11 21:58:02 29      UNM_BBG000BW2QX0_2021-04-16
2021-06-11 21:58:02 30      UNP_BBG000BW3299_2021-04-16
2021-06-11 21:58:02 32      UNVR_BBG000BDHD29_2021-04-16
2021-06-11 21:58:02 32      UPS_BBG000L9CV04_2021-04-16
2021-06-11 21:58:02 34      UPWK_BBG00FBJ6390_2021-04-16
2021-06-11 21:58:02 35      URBN_BBG000BL79J3_2021-04-16
2021-06-11 21:58:02 37      URI_BBG000BXMFC3_2021-04-16
2021-06-11 21:58:02 37      USB_BBG000FFDM15_2021-04-16
2021-06-11 21:58:02 39      USFD_BBG00C6H6D40_2021-04-16
2021-06-11 21:58:02 40      USM_BBG000BW6P59_2021-04-16
2021-06-11 21:58:02 41      USNA_BBG000BX28M0_2021-04-16
2021-06-11 21:58:02 41      USPH_BBG000CSRSG6_2021-04-16
2021-06-11 21:58:02 42      UTHR_BBG000BV4XJ1_2021-04-16
2021-06-11 21:58:02 43      UTL_BBG000BW7X97_2021-04-16
2021-06-11 21:58:02 44      UTX_BBG0089KM290_2021-04-16
2021-06-11 21:58:02 44      V_BBG000PSKYX7_2021-04-16
2021-06-11 21:58:02 47      VAC_BBG001J2R5H3_2021-04-16
2021-06-11 21:58:02 48      VALE_BBG000BN5LG7_2021-04-16
2021-06-11 21:58:02 50      VC_BBG0016T3GQ0_2021-04-16
2021-06-11 21:58:02 51      VCEL_BBG000BDCM24_2021-04-16
2021-06-11 21:58:02 52      VCRA_BBG00179VSY7_2021-04-16
2021-06-11 21:58:02 52      VCYT_BBG001J2M542_2021-04-16
2021-06-11 21:58:02 54      VEEV_BBG001CGB489_2021-04-16
2021-06-11 21:58:02 55      VEON_BBG000QCW561_2021-04-16
2021-06-11 21:58:02 56      VFC_BBG000BWCKB6_2021-04-16
2021-06-11 21:58:02 57      VG_BBG000BRB5D9_2021-04-16
2021-06-11 21:58:02 59      VIAC_BBG000C496P7_2021-04-16
2021-06-11 21:58:02 65      VICR_BBG000C3VHF1_2021-04-16
2021-06-11 21:58:02 66      VIE_BBG00K6P5XM1_2021-04-16
2021-06-11 21:58:02 66      VIPS_BBG002NLDLV8_2021-04-16
2021-06-11 21:58:02 71      VIR_BBG00H2QQ8T5_2021-04-16
2021-06-11 21:58:02 73      VLO_BBG000BBGGQ1_2021-04-16
2021-06-11 21:58:02 75      VMC_BBG000BWGYF8_2021-04-16
2021-06-11 21:58:02 76      VMI_BBG000BWB7V4_2021-04-16
2021-06-11 21:58:02 76      VMW_BBG000BC9938_2021-04-16
2021-06-11 21:58:02 77      VNDA_BBG000HT5MG6_2021-04-16
2021-06-11 21:58:02 78      VNE_BBG00K4MPP27_2021-04-16
2021-06-11 21:58:02 79      VNO_BBG000BWHD54_2021-04-16
2021-06-11 21:58:02 80      VNT_BBG00RRGSJR4_2021-04-16
2021-06-11 21:58:02 81      VPG_BBG000PRQ0V9_2021-04-16
2021-06-11 21:58:02 81      VREX_BBG00CZNLR47_2021-04-16
2021-06-11 21:58:02 82      VRNS_BBG001Y04TN6_2021-04-16
2021-06-11 21:58:02 83      VRNT_BBG000BCBYT2_2021-04-16
2021-06-11 21:58:02 85      VRSK_BBG000BCZL41_2021-04-16
2021-06-11 21:58:02 86      VRSN_BBG000BGKHZ3_2021-04-16
2021-06-11 21:58:02 87      VRTS_BBG000DMFQS2_2021-04-16
2021-06-11 21:58:02 88      VRTV_BBG005XZHR97_2021-04-16
2021-06-11 21:58:02 88      VRTX_BBG000C1S2X2_2021-04-16
2021-06-11 21:58:02 90      VTR_BBG000FRVHB9_2021-04-16
2021-06-11 21:58:02 92      VTRS_BBG00Y4RQNH4_2021-04-16
2021-06-11 21:58:02 93      VZ_BBG000HS77T5_2021-04-16
2021-06-11 21:58:02 95      W_BBG001B17MV2_2021-04-16
2021-06-11 21:58:02 97      WAB_BBG000BDD940_2021-04-16
2021-06-11 21:58:02 98      WAL_BBG000Q1KFH4_2021-04-16
2021-06-11 21:58:02 99      WAT_BBG000FQRVM3_2021-04-16
2021-06-11 21:58:03 00      WB_BBG0065XPGX9_2021-04-16
2021-06-11 21:58:03 01      WBA_BBG000BWLMJ4_2021-04-16
2021-06-11 21:58:03 03      WCC_BBG000D0FNV3_2021-04-16
2021-06-11 21:58:03 04      WDAY_BBG000VC0T95_2021-04-16
2021-06-11 21:58:03 06      WDC_BBG000BWNFZ9_2021-04-16
2021-06-11 21:58:03 08      WDFC_BBG000BWNV93_2021-04-16
2021-06-11 21:58:03 09      WEC_BBG000BWP7D9_2021-04-16
2021-06-11 21:58:03 09      WELL_BBG000BKY1G5_2021-04-16
2021-06-11 21:58:03 11      WERN_BBG000BWPP85_2021-04-16
2021-06-11 21:58:03 11      WEX_BBG000BVZP59_2021-04-16
2021-06-11 21:58:03 12      WFC_BBG000BWQFY7_2021-04-16
2021-06-11 21:58:03 18      WGO_BBG000BWS3F3_2021-04-16
2021-06-11 21:58:03 19      WH_BBG00HCY3Q67_2021-04-16
2021-06-11 21:58:03 20      WHD_BBG00JRH1P95_2021-04-16
2021-06-11 21:58:03 21      WHR_BBG000BWSV34_2021-04-16
2021-06-11 21:58:03 21      WING_BBG008N298Y8_2021-04-16
2021-06-11 21:58:03 22      WK_BBG007BVZ8H9_2021-04-16
2021-06-11 21:58:03 23      WLK_BBG000PXZFW2_2021-04-16
2021-06-11 21:58:03 24      WLTW_BBG000DB3KT1_2021-04-16
2021-06-11 21:58:03 25      WM_BBG000BWVSR1_2021-04-16
2021-06-11 21:58:03 27      WMB_BBG000BWVCP8_2021-04-16
2021-06-11 21:58:03 28      WMT_BBG000BWXBC2_2021-04-16
2021-06-11 21:58:03 31      WOR_BBG000HL7499_2021-04-16
2021-06-11 21:58:03 31      WORK_BBG007G7V505_2021-04-16
2021-06-11 21:58:03 32      WRB_BBG000BD1HP2_2021-04-16
2021-06-11 21:58:03 33      WRK_BBG008NXC572_2021-04-16
2021-06-11 21:58:03 34      WRLD_BBG000C3G9J2_2021-04-16
2021-06-11 21:58:03 35      WSC_BBG00B0FS947_2021-04-16
2021-06-11 21:58:03 36      WSM_BBG000FSMWC3_2021-04-16
2021-06-11 21:58:03 37      WSO_BBG000DJN7L9_2021-04-16
2021-06-11 21:58:03 38      WST_BBG000BX24N8_2021-04-16
2021-06-11 21:58:03 39      WTFC_BBG000HD3DW5_2021-04-16
2021-06-11 21:58:03 40      WTS_BBG000C4Z6C2_2021-04-16
2021-06-11 21:58:03 41      WTTR_BBG00G4Y2DC1_2021-04-16
2021-06-11 21:58:03 42      WU_BBG000BB5373_2021-04-16
2021-06-11 21:58:03 43      WWD_BBG000BD53V2_2021-04-16
2021-06-11 21:58:03 45      WWE_BBG000F5YH15_2021-04-16
2021-06-11 21:58:03 46      WWW_BBG000BX2YN2_2021-04-16
2021-06-11 21:58:03 46      WY_BBG000BX3BL3_2021-04-16
2021-06-11 21:58:03 48      WYNN_BBG000LD9JQ8_2021-04-16
2021-06-11 21:58:03 49      XEC_BBG000D6L294_2021-04-16
2021-06-11 21:58:03 50      XEL_BBG000BCTQ65_2021-04-16
2021-06-11 21:58:03 54      XLNX_BBG000C0F570_2021-04-16
2021-06-11 21:58:03 57      XLRN_BBG000R5HWZ1_2021-04-16
2021-06-11 21:58:03 58      XNCR_BBG0026ZG4W0_2021-04-16
2021-06-11 21:58:03 58      XOM_BBG000GZQ728_2021-04-16
2021-06-11 21:58:03 62      XPO_BBG000L5CJF3_2021-04-16
2021-06-11 21:58:03 64      XRAY_BBG000BX57K1_2021-04-16
2021-06-11 21:58:03 65      XRX_BBG00NNG2ZJ8_2021-04-16
2021-06-11 21:58:03 67      XYL_BBG001D8R5D0_2021-04-16
2021-06-11 21:58:03 68      Y_BBG000BX6BJ3_2021-04-16
2021-06-11 21:58:03 69      YELP_BBG000Q2HM09_2021-04-16
2021-06-11 21:58:03 70      YETI_BBG00D8JC882_2021-04-16
2021-06-11 21:58:03 71      YEXT_BBG001MKZGY7_2021-04-16
2021-06-11 21:58:03 71      YUM_BBG000BH3GZ2_2021-04-16
2021-06-11 21:58:03 73      YUMC_BBG00B8N0HG1_2021-04-16
2021-06-11 21:58:03 74      YY_BBG003H0XV18_2021-04-16
2021-06-11 21:58:03 75      Z_BBG009NRSWJ4_2021-04-16
2021-06-11 21:58:03 77      ZBH_BBG000BKPL53_2021-04-16
2021-06-11 21:58:03 78      ZBRA_BBG000CC7LQ7_2021-04-16
2021-06-11 21:58:03 79      ZEN_BBG001HRFJG4_2021-04-16
2021-06-11 21:58:03 80      ZG_BBG000D13GN8_2021-04-16
2021-06-11 21:58:03 81      ZGNX_BBG000VDC3G9_2021-04-16
2021-06-11 21:58:03 82      ZI_BBG00S1HJ3M8_2021-04-16
2021-06-11 21:58:03 84      ZION_BBG000BX9WL1_2021-04-16
2021-06-11 21:58:03 85      ZM_BBG0042V6JM8_2021-04-16
2021-06-11 21:58:03 88      ZNH_BBG000BXQ7R1_2021-04-16
2021-06-11 21:58:03 89      ZS_BBG003338H34_2021-04-16
2021-06-11 21:58:03 90      ZTS_BBG0039320N9_2021-04-16
2021-06-11 21:58:03 92      ZUMZ_BBG000PYX812_2021-04-16
2021-06-11 21:58:03 92      ZUO_BBG000BT3HG5_2021-04-16
2021-06-11 21:58:03 93      ZYNE_BBG007BBS8B7_2021-04-16
2021-06-11 21:58:04 02      ZYXI_BBG000BJBXZ2_2021-04-16
2021-06-11 21:58:04 03      Total candles read: 3717484
2021-06-11 21:58:04 03      Start DisposeAsync...
2021-06-11 21:58:04 03      Trade statistic. Total/Pos/Neg/(ratio): 4/3/1/(3); Profit: 6.66/1.66; Volume: 0; MaxVolume: 903.35; Commission: 1.405880;
2021-06-11 21:58:04 03      BaseBot::DisposeAsync...
2021-06-11 21:58:04 04      BaseBot::DisposeAsync done!
2021-06-11 21:58:04 04      End DisposeAsync...
