2021-07-04 23:32:46 38      mode=TestTradeBot;CopyDDDDData=true;DumpQuotes=false;SubscribeQuotes=false;Strategies=MorningOpenStrategy;Token=token.txt;ConfigPath=usd.json;OutputFolder=.\new\;CandlesPath=C:\tinkoff\TestData\RawQuotes\5m\uncompressed\quotes_2021-03-17;
2021-07-04 23:32:46 39      Trade bot created
2021-07-04 23:32:46 41      Fake connection created
2021-07-04 23:32:46 52      Loaded 142 liquid instruments
2021-07-04 23:32:47 12      List of disabled tickers: 
2021-07-04 23:32:47 13      A_BBG000C2V3D6_2021-03-17
2021-07-04 23:32:47 20      AA_BBG00B3T3HD3_2021-03-17
2021-07-04 23:32:47 25      AAL_BBG005P7Q881_2021-03-17
2021-07-04 23:32:47 37      AAN_BBG00WCNDCZ6_2021-03-17
2021-07-04 23:32:47 39      AAON_BBG000C2LZP3_2021-03-17
2021-07-04 23:32:47 40      AAP_BBG000F7RCJ1_2021-03-17
2021-07-04 23:32:47 42      AAPL_BBG000B9XRY4_2021-03-17
2021-07-04 23:32:47 87      ABBV_BBG0025Y4RY4_2021-03-17
2021-07-04 23:32:48 00      ABC_BBG000MDCQC2_2021-03-17
2021-07-04 23:32:48 01      ABG_BBG000BKDWB5_2021-03-17
2021-07-04 23:32:48 02      ABMD_BBG000C101X4_2021-03-17
2021-07-04 23:32:48 04      ABNB_BBG001Y2XS07_2021-03-17
2021-07-04 23:32:48 09      ABT_BBG000B9ZXB4_2021-03-17
2021-07-04 23:32:48 12      ACAD_BBG000BHG9K0_2021-03-17
2021-07-04 23:32:48 15      ACAD: BuyPending. Strategy: MorningOpenStrategy. Price: 27.6. Lots: 9. ChangeOpenToCurrent: -2.51. ChangePrevCloseToCurrent: 0. Candle: ID:4, Time: 7:00, Close: 27.6.
2021-07-04 23:32:48 15      ACAD: OrderID: 3360771f. PlacedOrder. Status: New. RejectReason: 
2021-07-04 23:32:48 15      ACAD: OrderID: 3360771f partially executed. Executed lots: 2. OrderStatus: 2/9 lots
2021-07-04 23:32:48 16      ACAD: OrderID: 3360771f fully executed
2021-07-04 23:32:48 16      ACAD: Morning closing by timeout. Close price: 27.41. Lots: 9. Profit: -0.19(-0.69%). Candle: ID:209, Time: 7:20, Close: 27.41
2021-07-04 23:32:48 16      ACAD: OrderID: bcd09776. PlacedOrder. Status: New. RejectReason: 
2021-07-04 23:32:48 16      ACAD: OrderID: bcd09776 fully executed
2021-07-04 23:32:48 19      ACH_BBG000CMRVH1_2021-03-17
2021-07-04 23:32:48 20      ACM_BBG000F61RJ8_2021-03-17
2021-07-04 23:32:48 22      ACMR_BBG00HPSG933_2021-03-17
2021-07-04 23:32:48 23      ACN_BBG000D9D830_2021-03-17
2021-07-04 23:32:48 25      ADBE_BBG000BB5006_2021-03-17
2021-07-04 23:32:48 31      ADM_BBG000BB6WG8_2021-03-17
2021-07-04 23:32:48 34      ADP_BBG000JG0547_2021-03-17
2021-07-04 23:32:48 37      ADPT_BBG001J2PFF5_2021-03-17
2021-07-04 23:32:48 39      ADS_BBG000BFNR17_2021-03-17
2021-07-04 23:32:48 40      ADSK_BBG000BM7HL0_2021-03-17
2021-07-04 23:32:48 43      ADUS_BBG000NJGX84_2021-03-17
2021-07-04 23:32:48 44      AEE_BBG000B9X8C0_2021-03-17
2021-07-04 23:32:48 46      AEIS_BBG000FKMP26_2021-03-17
2021-07-04 23:32:48 47      AEO_BBG000BGXZB5_2021-03-17
2021-07-04 23:32:48 49      AERI_BBG001KJ7WJ5_2021-03-17
2021-07-04 23:32:48 50      AES_BBG000C23KJ3_2021-03-17
2021-07-04 23:32:48 54      AFG_BBG000DPKKK0_2021-03-17
2021-07-04 23:32:48 56      AFL_BBG000BBBNC6_2021-03-17
2021-07-04 23:32:48 58      AGCO_BBG000DCCZW2_2021-03-17
2021-07-04 23:32:48 59      AGIO_BBG000QY4ZD0_2021-03-17
2021-07-04 23:32:48 60      AIG_BBG000BBDZG3_2021-03-17
2021-07-04 23:32:48 63      AIR_BBG000BBGQF1_2021-03-17
2021-07-04 23:32:48 64      AIRC_BBG00XK3WVD0_2021-03-17
2021-07-04 23:32:48 65      AIT_BBG000BBHHP9_2021-03-17
2021-07-04 23:32:48 66      AIV_BBG000DD3510_2021-03-17
2021-07-04 23:32:48 66      AIV: BuyPending. Strategy: MorningOpenStrategy. Price: 5.61. Lots: 44. ChangeOpenToCurrent: -2.26. ChangePrevCloseToCurrent: -1.23. Candle: ID:9, Time: 7:00, Close: 5.61.
2021-07-04 23:32:48 66      AIV: OrderID: b0c87877. PlacedOrder. Status: New. RejectReason: 
2021-07-04 23:32:48 66      AIV: Cancel order. Did not bought at market open. Candle: ID:35, Time: 7:05, Close: 5.75
2021-07-04 23:32:48 66      OrderID: b0c87877 successfully canceled
2021-07-04 23:32:48 67      AIV_old_TCS3748R7540_2021-03-17
2021-07-04 23:32:48 67      Warning: figi `old` for history data does not match actual figi `BBG000DD3510`. Ticker: AIV. Will be used actual!
2021-07-04 23:32:48 68      AIZ_BBG000BZX1N5_2021-03-17
2021-07-04 23:32:48 69      AJG_BBG000BBHXQ3_2021-03-17
2021-07-04 23:32:48 71      AJRD_BBG000BKRHQ7_2021-03-17
2021-07-04 23:32:48 72      AKAM_BBG000BJQWD2_2021-03-17
2021-07-04 23:32:48 74      ALB_BBG000BJ26K7_2021-03-17
2021-07-04 23:32:48 76      ALGN_BBG000BRNLL2_2021-03-17
2021-07-04 23:32:48 78      ALGT_BBG000LJS6B8_2021-03-17
2021-07-04 23:32:48 79      ALK_BBG000BBL0Y1_2021-03-17
2021-07-04 23:32:48 81      ALL_BBG000BVMGF2_2021-03-17
2021-07-04 23:32:48 83      ALLE_BBG003PS7JV1_2021-03-17
2021-07-04 23:32:48 84      ALLK_BBG003QBJKN0_2021-03-17
2021-07-04 23:32:48 85      ALLO_BBG00KHRRDX3_2021-03-17
2021-07-04 23:32:48 86      ALLY_BBG000BC2R71_2021-03-17
2021-07-04 23:32:48 89      ALNY_BBG000BFGNJ5_2021-03-17
2021-07-04 23:32:48 90      ALRM_BBG007GNPYY7_2021-03-17
2021-07-04 23:32:48 92      ALSN_BBG001KY3845_2021-03-17
2021-07-04 23:32:48 92      ALTR_BBG000PN9NB9_2021-03-17
2021-07-04 23:32:48 93      ALXN_BBG000G30YX4_2021-03-17
2021-07-04 23:32:48 96      AMAT_BBG000BBPFB9_2021-03-17
2021-07-04 23:32:49 04      AMCX_BBG000H01H92_2021-03-17
2021-07-04 23:32:49 06      AMD_BBG000BBQCY0_2021-03-17
2021-07-04 23:32:49 26      AME_BBG000B9XG87_2021-03-17
2021-07-04 23:32:49 27      AMED_BBG000B9ZV28_2021-03-17
2021-07-04 23:32:49 29      AMG_BBG000C060M4_2021-03-17
2021-07-04 23:32:49 31      AMGN_BBG000BBS2Y0_2021-03-17
2021-07-04 23:32:49 36      AMN_BBG000BCT197_2021-03-17
2021-07-04 23:32:49 37      AMP_BBG000G3QLY3_2021-03-17
2021-07-04 23:32:49 39      AMT_BBG000B9XYV2_2021-03-17
2021-07-04 23:32:49 41      AMWD_BBG000BBX657_2021-03-17
2021-07-04 23:32:49 42      AMZN_BBG000BVPV84_2021-03-17
2021-07-04 23:32:49 51      AN_BBG000BBXLW4_2021-03-17
2021-07-04 23:32:49 52      ANAB_BBG0026ZDHR0_2021-03-17
2021-07-04 23:32:49 54      ANDE_BBG000BF8CN3_2021-03-17
2021-07-04 23:32:49 55      ANET_BBG000N2HDY5_2021-03-17
2021-07-04 23:32:49 56      ANF_BBG000H9G7X2_2021-03-17
2021-07-04 23:32:49 58      ANGI_BBG00HVKH3Q0_2021-03-17
2021-07-04 23:32:49 59      ANIK_BBG000BBKZD8_2021-03-17
2021-07-04 23:32:49 60      ANIP_BBG000KK1L04_2021-03-17
2021-07-04 23:32:49 61      ANSS_BBG000GXZ4W7_2021-03-17
2021-07-04 23:32:49 63      ANTM_BBG000BCG930_2021-03-17
2021-07-04 23:32:49 65      AON_BBG00SSQFPK6_2021-03-17
2021-07-04 23:32:49 67      AOS_BBG000BC1L02_2021-03-17
2021-07-04 23:32:49 68      AOUT_BBG00QV8FS02_2021-03-17
2021-07-04 23:32:49 69      AOUT: SPYKE!. Candle: ID:854, Time: 20:05, Close: 24.91
2021-07-04 23:32:49 69      AOUT: SPYKE!. Candle: ID:882, Time: 20:05, Close: 23.55
2021-07-04 23:32:49 69      AOUT: SPYKE!. Candle: ID:888, Time: 20:05, Close: 24
2021-07-04 23:32:49 69      AOUT: SPYKE!. Candle: ID:909, Time: 20:10, Close: 26
2021-07-04 23:32:49 69      APA_BBG00YTS96G2_2021-03-17
2021-07-04 23:32:49 73      APD_BBG000BC4JJ4_2021-03-17
2021-07-04 23:32:49 75      APEI_BBG000RVD346_2021-03-17
2021-07-04 23:32:49 76      APH_BBG000B9YJ35_2021-03-17
2021-07-04 23:32:49 79      APLE_BBG006473QX9_2021-03-17
2021-07-04 23:32:49 80      APLT_BBG000DD0489_2021-03-17
2021-07-04 23:32:49 81      APPF_BBG008GC8CP6_2021-03-17
2021-07-04 23:32:49 82      APPN_BBG001C7PMJ2_2021-03-17
2021-07-04 23:32:49 84      APPS_BBG000HZ3562_2021-03-17
2021-07-04 23:32:49 88      APTV_BBG001QD41M9_2021-03-17
2021-07-04 23:32:49 90      ARCC_BBG000PD6X77_2021-03-17
2021-07-04 23:32:49 91      ARCT_BBG00NNW8JK1_2021-03-17
2021-07-04 23:32:49 93      ARE_BBG000BC33T9_2021-03-17
2021-07-04 23:32:49 94      ARMK_BBG001KY4N87_2021-03-17
2021-07-04 23:32:49 96      ARNA_BBG000BKXBV7_2021-03-17
2021-07-04 23:32:49 97      ARNC_BBG00R45JYB7_2021-03-17
2021-07-04 23:32:49 98      ARQT_BBG00QN8K4M4_2021-03-17
2021-07-04 23:32:49 98      ARQT: SPYKE!. Candle: ID:23, Time: 10:40, Close: 32
2021-07-04 23:32:49 99      ARVN_BBG00LW7YK82_2021-03-17
2021-07-04 23:32:49 99      ARW_BBG000BCD3D5_2021-03-17
2021-07-04 23:32:50 00      ARWR_BBG000BRVKH0_2021-03-17
2021-07-04 23:32:50 02      ASGN_BBG000CRN8N8_2021-03-17
2021-07-04 23:32:50 03      ASH_BBG00D0Y81M1_2021-03-17
2021-07-04 23:32:50 04      ASIX_BBG00CWTTQ41_2021-03-17
2021-07-04 23:32:50 04      ATEX_BBG0081NLHR0_2021-03-17
2021-07-04 23:32:50 05      ATGE_BBG000DQBZJ7_2021-03-17
2021-07-04 23:32:50 06      ATKR_BBG000QTFDQ4_2021-03-17
2021-07-04 23:32:50 07      ATR_BBG000BGX2S0_2021-03-17
2021-07-04 23:32:50 08      ATRA_BBG005Q3MQY4_2021-03-17
2021-07-04 23:32:50 10      ATRC_BBG000BL6CB5_2021-03-17
2021-07-04 23:32:50 12      ATRI_BBG000DTT624_2021-03-17
2021-07-04 23:32:50 13      ATRO_BBG000BCLBY5_2021-03-17
2021-07-04 23:32:50 14      ATUS_BBG00GFMPRK0_2021-03-17
2021-07-04 23:32:50 17      ATVI_BBG000CVWGS6_2021-03-17
2021-07-04 23:32:50 22      AVAV_BBG000GX14P2_2021-03-17
2021-07-04 23:32:50 23      AVB_BBG000BLPBL5_2021-03-17
2021-07-04 23:32:50 25      AVGO_BBG00KHY5S69_2021-03-17
2021-07-04 23:32:50 29      AVLR_BBG000R4Y9C1_2021-03-17
2021-07-04 23:32:50 31      AVNS_BBG005L86G05_2021-03-17
2021-07-04 23:32:50 32      AVNT_BBG000C8NJ10_2021-03-17
2021-07-04 23:32:50 33      AVTR_BBG00G2HHYD7_2021-03-17
2021-07-04 23:32:50 35      AVY_BBG000BCQ4P6_2021-03-17
2021-07-04 23:32:50 36      AWI_BBG000DW4LB1_2021-03-17
2021-07-04 23:32:50 37      AWK_BBG000TRJ294_2021-03-17
2021-07-04 23:32:50 38      AWR_BBG000F964B6_2021-03-17
2021-07-04 23:32:50 39      AX_BBG000QPHD08_2021-03-17
2021-07-04 23:32:50 40      AXGN_BBG000BN46R9_2021-03-17
2021-07-04 23:32:50 40      AXGN: SPYKE!. Candle: ID:3, Time: 7:00, Close: 21.51
2021-07-04 23:32:50 41      AXP_BBG000BCQZS4_2021-03-17
2021-07-04 23:32:50 44      AXSM_BBG00B6G7GL7_2021-03-17
2021-07-04 23:32:50 45      AYI_BBG000BJ5HK0_2021-03-17
2021-07-04 23:32:50 46      AYX_BBG000BGZT72_2021-03-17
2021-07-04 23:32:50 51      AZO_BBG000C7LMS8_2021-03-17
2021-07-04 23:32:50 52      AZPN_BBG000DFMXT3_2021-03-17
2021-07-04 23:32:50 54      BA_BBG000BCSST7_2021-03-17
2021-07-04 23:32:50 62      BABA_BBG006G2JVL2_2021-03-17
2021-07-04 23:32:50 80      BAC_BBG000BCTLF6_2021-03-17
2021-07-04 23:32:50 91      BAH_BBG000R2YFG7_2021-03-17
2021-07-04 23:32:50 92      BAND_BBG001K003W2_2021-03-17
2021-07-04 23:32:50 95      BAX_BBG000BCVJ77_2021-03-17
2021-07-04 23:32:50 97      BBIO_BBG00P9KDZK6_2021-03-17
2021-07-04 23:32:50 99      BBSI_BBG000BHJSC4_2021-03-17
2021-07-04 23:32:51 00      BBY_BBG000BCWCG1_2021-03-17
2021-07-04 23:32:51 02      BBBY_BBG000CSY9H9_2021-03-17
2021-07-04 23:32:51 05      BC_BBG000BCWSS3_2021-03-17
2021-07-04 23:32:51 06      BCO_BBG000DR5QP5_2021-03-17
2021-07-04 23:32:51 07      BCPC_BBG000BCY878_2021-03-17
2021-07-04 23:32:51 08      BDC_BBG000Q4XNV1_2021-03-17
2021-07-04 23:32:51 10      BDTX_BBG00MS4Y0W9_2021-03-17
2021-07-04 23:32:51 11      BDX_BBG000BCZYD3_2021-03-17
2021-07-04 23:32:51 12      BECN_BBG000BKTXF2_2021-03-17
2021-07-04 23:32:51 13      BEN_BBG000BD0TF8_2021-03-17
2021-07-04 23:32:51 15      BERY_BBG000Q1R1Y9_2021-03-17
2021-07-04 23:32:51 16      BF.B_BBG000BD2NY8_2021-03-17
2021-07-04 23:32:51 18      BFAM_BBG003LFWP05_2021-03-17
2021-07-04 23:32:51 19      BFYT_BBG003QRSQD3_2021-03-17
2021-07-04 23:32:51 19      BGS_BBG000RKXRQ1_2021-03-17
2021-07-04 23:32:51 20      BH_BBG00JPRDQH1_2021-03-17
2021-07-04 23:32:51 21      BHF_BBG00DYPZ4T0_2021-03-17
2021-07-04 23:32:51 22      BIDU_BBG000QXWHD1_2021-03-17
2021-07-04 23:32:51 37      BIG_BBG000J0D904_2021-03-17
2021-07-04 23:32:51 40      BIIB_BBG000C17X76_2021-03-17
2021-07-04 23:32:51 43      BILI_BBG00K7T3037_2021-03-17
2021-07-04 23:32:51 47      BILI: BuyPending. Strategy: MorningOpenStrategy. Price: 113.26. Lots: 2. ChangeOpenToCurrent: -2.01. ChangePrevCloseToCurrent: 0.24. Candle: ID:12, Time: 7:00, Close: 113.26.
2021-07-04 23:32:51 47      BILI: OrderID: b89ab929. PlacedOrder. Status: New. RejectReason: 
2021-07-04 23:32:51 47      BILI: OrderID: b89ab929 fully executed
2021-07-04 23:32:51 47      BILI: Morning closing by timeout. Close price: 113.37. Lots: 2. Profit: 0.11(0.10%). Candle: ID:64, Time: 7:20, Close: 113.37
2021-07-04 23:32:51 47      BILI: OrderID: 2f52a843. PlacedOrder. Status: New. RejectReason: 
2021-07-04 23:32:51 47      BILI: OrderID: 2f52a843 partially executed. Executed lots: 1. OrderStatus: 1/2 lots
2021-07-04 23:32:51 47      BILI: OrderID: 2f52a843 fully executed
2021-07-04 23:32:51 51      BILL_BBG00QVJV6V4_2021-03-17
2021-07-04 23:32:51 53      BIO_BBG000DY28W5_2021-03-17
2021-07-04 23:32:51 55      BJRI_BBG000H9LNX1_2021-03-17
2021-07-04 23:32:51 55      BK_BBG000BD8PN9_2021-03-17
2021-07-04 23:32:51 58      BKI_BBG00GX77LW3_2021-03-17
2021-07-04 23:32:51 59      BKNG_BBG000BLBVN4_2021-03-17
2021-07-04 23:32:51 61      BKR_BBG00GBVBK51_2021-03-17
2021-07-04 23:32:51 65      BL_BBG0029KJVB0_2021-03-17
2021-07-04 23:32:51 67      BLD_BBG0077VS2C0_2021-03-17
2021-07-04 23:32:51 68      BLDR_BBG000BKD3K9_2021-03-17
2021-07-04 23:32:51 70      BLK_BBG000C2PW58_2021-03-17
2021-07-04 23:32:51 72      BLKB_BBG000BGGTW5_2021-03-17
2021-07-04 23:32:51 73      BLL_BBG000BDDNH5_2021-03-17
2021-07-04 23:32:51 75      BLUE_BBG000QGWY50_2021-03-17
2021-07-04 23:32:51 78      BMI_BBG000BDGHD9_2021-03-17
2021-07-04 23:32:51 79      BMRN_BBG000CZWZ05_2021-03-17
2021-07-04 23:32:51 81      BMY_BBG000DQLV23_2021-03-17
2021-07-04 23:32:51 85      BOH_BBG000C8D8G9_2021-03-17
2021-07-04 23:32:51 86      BOKF_BBG000CFZ003_2021-03-17
2021-07-04 23:32:51 87      BOOT_BBG0077SYZV6_2021-03-17
2021-07-04 23:32:51 88      BOX_BBG000PMSK08_2021-03-17
2021-07-04 23:32:51 89      BPMC_BBG001MC8YF7_2021-03-17
2021-07-04 23:32:51 91      BR_BBG000PPFKQ7_2021-03-17
2021-07-04 23:32:51 92      BRC_BBG000BDNV95_2021-03-17
2021-07-04 23:32:51 92      BRK.B_BBG000DWG505_2021-03-17
2021-07-04 23:32:51 96      BRKR_BBG000CL1FG7_2021-03-17
2021-07-04 23:32:51 97      BRO_BBG000BWSGF4_2021-03-17
2021-07-04 23:32:51 99      BSX_BBG000C0LW92_2021-03-17
2021-07-04 23:32:52 01      BTAI_BBG00K20GVD2_2021-03-17
2021-07-04 23:32:52 03      BTI_BBG000BWPXQ8_2021-03-17
2021-07-04 23:32:52 05      BUD_BBG000RYC984_2021-03-17
2021-07-04 23:32:52 07      BURL_BBG004S641N5_2021-03-17
2021-07-04 23:32:52 08      BWA_BBG000BJ49H3_2021-03-17
2021-07-04 23:32:52 11      BWXT_BBG000D86F25_2021-03-17
2021-07-04 23:32:52 12      BX_BBG000BH0106_2021-03-17
2021-07-04 23:32:52 14      BXP_BBG000BS5CM9_2021-03-17
2021-07-04 23:32:52 15      BYND_BBG003CVJP50_2021-03-17
2021-07-04 23:32:52 18      BZUN_BBG008HNS333_2021-03-17
2021-07-04 23:32:52 19      C_BBG000FY4S11_2021-03-17
2021-07-04 23:32:52 26      CABO_BBG000F02T51_2021-03-17
2021-07-04 23:32:52 27      CACC_BBG000CS0D96_2021-03-17
2021-07-04 23:32:52 28      CAG_BBG000BDXGP9_2021-03-17
2021-07-04 23:32:52 30      CAH_BBG000D898T9_2021-03-17
2021-07-04 23:32:52 32      CALM_BBG000CDMJW6_2021-03-17
2021-07-04 23:32:52 33      CARA_BBG001J2QYS9_2021-03-17
2021-07-04 23:32:52 34      CARG_BBG00HQ77DS2_2021-03-17
2021-07-04 23:32:52 35      CARR_BBG00RP5HYS8_2021-03-17
2021-07-04 23:32:52 37      CARS_BBG000HGTH33_2021-03-17
2021-07-04 23:32:52 38      CASY_BBG000BF0672_2021-03-17
2021-07-04 23:32:52 39      CAT_BBG000BF0K17_2021-03-17
2021-07-04 23:32:52 41      CB_BBG000BR14K5_2021-03-17
2021-07-04 23:32:52 44      CBRE_BBG000C04224_2021-03-17
2021-07-04 23:32:52 45      CBRL_BBG000BF33K1_2021-03-17
2021-07-04 23:32:52 46      CBSH_BBG000BF3G77_2021-03-17
2021-07-04 23:32:52 48      CBU_BBG000BF4D19_2021-03-17
2021-07-04 23:32:52 49      CCI_BBG000FV1Z23_2021-03-17
2021-07-04 23:32:52 51      CCK_BBG000BF6756_2021-03-17
2021-07-04 23:32:52 52      CCL_BBG000BF6LY3_2021-03-17
2021-07-04 23:32:52 60      CCOI_BBG000D0SMY8_2021-03-17
2021-07-04 23:32:52 62      CCXI_BBG000PTSB12_2021-03-17
2021-07-04 23:32:52 63      CDK_BBG006B6PVN9_2021-03-17
2021-07-04 23:32:52 64      CDLX_BBG00225ZDD0_2021-03-17
2021-07-04 23:32:52 66      CDNA_BBG006JS5785_2021-03-17
2021-07-04 23:32:52 67      CDNS_BBG000C13CD9_2021-03-17
2021-07-04 23:32:52 71      CDW_BBG001P63B80_2021-03-17
2021-07-04 23:32:52 72      CE_BBG000JYP7L8_2021-03-17
2021-07-04 23:32:52 74      CEA_BBG000BCFNR4_2021-03-17
2021-07-04 23:32:52 75      CENT_BBG000BFD605_2021-03-17
2021-07-04 23:32:52 75      CENTA_BBG000KTYB56_2021-03-17
2021-07-04 23:32:52 76      CERN_BBG000BFDLV8_2021-03-17
2021-07-04 23:32:52 79      CEVA_BBG000BN3P07_2021-03-17
2021-07-04 23:32:52 80      CF_BBG000BWJFZ4_2021-03-17
2021-07-04 23:32:52 82      CFG_BBG006Q0HY77_2021-03-17
2021-07-04 23:32:52 84      CFR_BBG000C2PL98_2021-03-17
2021-07-04 23:32:52 86      CFX_BBG000C5Z443_2021-03-17
2021-07-04 23:32:52 89      CGEN_BBG000B9ZLB0_2021-03-17
2021-07-04 23:32:52 91      CGNX_BBG000BPBVW5_2021-03-17
2021-07-04 23:32:52 92      CHD_BBG000BFJT36_2021-03-17
2021-07-04 23:32:52 94      CHDN_BBG000BGXMG9_2021-03-17
2021-07-04 23:32:52 96      CHE_BBG000C19QW1_2021-03-17
2021-07-04 23:32:52 96      CHEF_BBG001MFW6D6_2021-03-17
2021-07-04 23:32:52 97      CHGG_BBG0014XR0N5_2021-03-17
2021-07-04 23:32:52 99      CHH_BBG000BPBTL2_2021-03-17
2021-07-04 23:32:53 00      CHKP_BBG000K82ZT8_2021-03-17
2021-07-04 23:32:53 02      CHNG_BBG0059KNH10_2021-03-17
2021-07-04 23:32:53 03      CHRW_BBG000BTCH57_2021-03-17
2021-07-04 23:32:53 05      CHTR_BBG000VPGNR2_2021-03-17
2021-07-04 23:32:53 07      CHWY_BBG00P19DKZ6_2021-03-17
2021-07-04 23:32:53 10      CHX_BBG00JH9TZ56_2021-03-17
2021-07-04 23:32:53 12      CI_BBG00KXRCDP0_2021-03-17
2021-07-04 23:32:53 13      CIEN_BBG000BP1152_2021-03-17
2021-07-04 23:32:53 15      CINF_BBG000BFPK65_2021-03-17
2021-07-04 23:32:53 17      CL_BBG000BFQYY3_2021-03-17
2021-07-04 23:32:53 20      CLDR_BBG000DRJFC8_2021-03-17
2021-07-04 23:32:53 22      CLDT_BBG000PT6BR8_2021-03-17
2021-07-04 23:32:53 23      CLF_BBG000BFRF55_2021-03-17
2021-07-04 23:32:53 26      CLGX_BBG000C2H3F0_2021-03-17
2021-07-04 23:32:53 27      CLH_BBG000BFRRX8_2021-03-17
2021-07-04 23:32:53 28      CLR_BBG000BHBGN6_2021-03-17
2021-07-04 23:32:53 30      CLX_BBG000BFS7D3_2021-03-17
2021-07-04 23:32:53 33      CMA_BBG000C75N77_2021-03-17
2021-07-04 23:32:53 34      CMC_BBG000BFSND8_2021-03-17
2021-07-04 23:32:53 36      CMCO_BBG000BCWWV0_2021-03-17
2021-07-04 23:32:53 37      CMCSA_BBG000BFT2L4_2021-03-17
2021-07-04 23:32:53 43      CME_BBG000BHLYP4_2021-03-17
2021-07-04 23:32:53 46      CMG_BBG000QX74T1_2021-03-17
2021-07-04 23:32:53 47      CMI_BBG000BGPTV6_2021-03-17
2021-07-04 23:32:53 49      CMP_BBG000C42WS4_2021-03-17
2021-07-04 23:32:53 50      CMS_BBG000BFVXX0_2021-03-17
2021-07-04 23:32:53 52      CNC_BBG000BDXCJ5_2021-03-17
2021-07-04 23:32:53 54      CNK_BBG000QDVR53_2021-03-17
2021-07-04 23:32:53 61      CNP_BBG000FDBX90_2021-03-17
2021-07-04 23:32:53 62      CNS_BBG000BB0WG4_2021-03-17
2021-07-04 23:32:53 63      CNST_BBG000R1H6P8_2021-03-17
2021-07-04 23:32:53 64      CNST: SPYKE!. Candle: ID:101, Time: 13:30, Close: 28.74
2021-07-04 23:32:53 65      CNXC_BBG00RCNQMX3_2021-03-17
2021-07-04 23:32:53 65      CNXN_BBG000BX74M4_2021-03-17
2021-07-04 23:32:53 66      COF_BBG000BGKTF9_2021-03-17
2021-07-04 23:32:53 69      COG_BBG000C3GN47_2021-03-17
2021-07-04 23:32:53 71      COHR_BBG000BG1DH3_2021-03-17
2021-07-04 23:32:53 72      COKE_BBG000BG1SX2_2021-03-17
2021-07-04 23:32:53 73      COLM_BBG000BKKQ84_2021-03-17
2021-07-04 23:32:53 74      CONE_BBG0038V5TX1_2021-03-17
2021-07-04 23:32:53 76      COO_BBG000BG3445_2021-03-17
2021-07-04 23:32:53 77      COP_BBG000BQQH30_2021-03-17
2021-07-04 23:32:53 82      CORR_BBG000CN80Y9_2021-03-17
2021-07-04 23:32:53 84      CORT_BBG000BKJG33_2021-03-17
2021-07-04 23:32:53 85      COST_BBG000F6H8W8_2021-03-17
2021-07-04 23:32:53 88      COTY_BBG000F395V1_2021-03-17
2021-07-04 23:32:53 90      COUP_BBG001J4BCN4_2021-03-17
2021-07-04 23:32:53 93      CPB_BBG000BG4202_2021-03-17
2021-07-04 23:32:53 94      CPRI_BBG0029SNR63_2021-03-17
2021-07-04 23:32:53 96      CPRT_BBG000BM9RH1_2021-03-17
2021-07-04 23:32:53 98      CPS_BBG000PSXT64_2021-03-17
2021-07-04 23:32:53 98      CPS: BuyPending. Strategy: MorningOpenStrategy2. Price: 43.03. Lots: 5. ChangeOpenToCurrent: -4.38. ChangePrevCloseToCurrent: -4.38. Candle: ID:3, Time: 7:25, Close: 43.03.
2021-07-04 23:32:53 98      CPS: OrderID: b310df2d. PlacedOrder. Status: New. RejectReason: 
2021-07-04 23:32:53 98      CPS: Cancel order. Did not bought at market open. Candle: ID:4, Time: 8:00, Close: 43.55
2021-07-04 23:32:53 98      OrderID: b310df2d successfully canceled
2021-07-04 23:32:53 99      CR_BBG000BG7423_2021-03-17
2021-07-04 23:32:54 00      CREE_BBG000BG14P4_2021-03-17
2021-07-04 23:32:54 02      CRI_BBG000CTM4J9_2021-03-17
2021-07-04 23:32:54 03      CRL_BBG000BG5BL8_2021-03-17
2021-07-04 23:32:54 04      CRM_BBG000BN2DC2_2021-03-17
2021-07-04 23:32:54 07      CRMT_BBG000CM6L31_2021-03-17
2021-07-04 23:32:54 08      CROX_BBG000BLY663_2021-03-17
2021-07-04 23:32:54 10      CRS_BBG000BGCQT9_2021-03-17
2021-07-04 23:32:54 11      CRTX_BBG00BTK1DT8_2021-03-17
2021-07-04 23:32:54 12      CRUS_BBG000C1DHF5_2021-03-17
2021-07-04 23:32:54 13      CRVL_BBG000CVKZY0_2021-03-17
2021-07-04 23:32:54 14      CRWD_BBG00BLYKS03_2021-03-17
2021-07-04 23:32:54 21      CSCO_BBG000C3J3C9_2021-03-17
2021-07-04 23:32:54 26      CSGP_BBG000D7JKW9_2021-03-17
2021-07-04 23:32:54 27      CSGS_BBG000G3TQV2_2021-03-17
2021-07-04 23:32:54 28      CSII_BBG000NWQ9S5_2021-03-17
2021-07-04 23:32:54 29      CSL_BBG000BGGBT8_2021-03-17
2021-07-04 23:32:54 29      CSOD_BBG0016X4XN6_2021-03-17
2021-07-04 23:32:54 31      CSWI_BBG007NLG4L3_2021-03-17
2021-07-04 23:32:54 31      CSX_BBG000BGJRC8_2021-03-17
2021-07-04 23:32:54 35      CTAS_BBG000H3YXF8_2021-03-17
2021-07-04 23:32:54 37      CTB_BBG000BGKXV2_2021-03-17
2021-07-04 23:32:54 38      CTLT_BBG005XR47P5_2021-03-17
2021-07-04 23:32:54 39      CTSH_BBG000BBDV81_2021-03-17
2021-07-04 23:32:54 42      CTVA_BBG00BN969C1_2021-03-17
2021-07-04 23:32:54 44      CTXS_BBG000FQ6PY6_2021-03-17
2021-07-04 23:32:54 46      CVCO_BBG000K4WS65_2021-03-17
2021-07-04 23:32:54 46      CVET_BBG00KR691K8_2021-03-17
2021-07-04 23:32:54 47      CVET: BuyPending. Strategy: MorningOpenStrategy2. Price: 31.05. Lots: 8. ChangeOpenToCurrent: -4.05. ChangePrevCloseToCurrent: -4.05. Candle: ID:12, Time: 7:45, Close: 31.05.
2021-07-04 23:32:54 47      CVET: OrderID: e9e8d6fc. PlacedOrder. Status: New. RejectReason: 
2021-07-04 23:32:54 47      CVET: OrderID: e9e8d6fc partially executed. Executed lots: 1. OrderStatus: 1/8 lots
2021-07-04 23:32:54 47      CVET: OrderID: e9e8d6fc fully executed
2021-07-04 23:32:54 47      CVET: Morning closing by timeout. Close price: 31.25. Lots: 8. Profit: 0.20(0.64%). Candle: ID:34, Time: 8:40, Close: 31.25
2021-07-04 23:32:54 47      CVET: OrderID: a2b47a35. PlacedOrder. Status: New. RejectReason: 
2021-07-04 23:32:54 47      CVET: OrderID: a2b47a35 partially executed. Executed lots: 4. OrderStatus: 4/8 lots
2021-07-04 23:32:54 47      CVET: OrderID: a2b47a35 fully executed
2021-07-04 23:32:54 48      CVGW_BBG000BGPQW1_2021-03-17
2021-07-04 23:32:54 48      CVLT_BBG000BG88X9_2021-03-17
2021-07-04 23:32:54 49      CVNA_BBG00GCTWDJ3_2021-03-17
2021-07-04 23:32:54 51      CVS_BBG000BGRY34_2021-03-17
2021-07-04 23:32:54 54      CVX_BBG000K4ND22_2021-03-17
2021-07-04 23:32:54 59      CW_BBG000BGSPS5_2021-03-17
2021-07-04 23:32:54 59      CWST_BBG000BT0J38_2021-03-17
2021-07-04 23:32:54 60      CWT_BBG000D8KTN6_2021-03-17
2021-07-04 23:32:54 60      CY_BBG000BXNJ07_2021-03-17
2021-07-04 23:32:54 61      D_BBG000BGVW60_2021-03-17
2021-07-04 23:32:54 64      DAL_BBG000R7Z112_2021-03-17
2021-07-04 23:32:54 69      DAR_BBG000BN8ZK8_2021-03-17
2021-07-04 23:32:54 70      DBX_BBG0018SLDN0_2021-03-17
2021-07-04 23:32:54 73      DCI_BBG000BGZP70_2021-03-17
2021-07-04 23:32:54 74      DCPH_BBG00HMJ9H54_2021-03-17
2021-07-04 23:32:54 75      DD_BBG00BN961G4_2021-03-17
2021-07-04 23:32:54 78      DDOG_BBG003NJHZT9_2021-03-17
2021-07-04 23:32:54 81      DDS_BBG000BS4MP5_2021-03-17
2021-07-04 23:32:54 82      DE_BBG000BH1NH9_2021-03-17
2021-07-04 23:32:54 84      DECK_BBG000BKXYX5_2021-03-17
2021-07-04 23:32:54 85      DELL_BBG00DW3SZS1_2021-03-17
2021-07-04 23:32:54 86      DFS_BBG000QBR5J5_2021-03-17
2021-07-04 23:32:54 89      DG_BBG000NV1KK7_2021-03-17
2021-07-04 23:32:54 91      DGX_BBG000BN84F3_2021-03-17
2021-07-04 23:32:54 92      DHI_BBG000DQTXY6_2021-03-17
2021-07-04 23:32:54 95      DHR_BBG000BH3JF8_2021-03-17
2021-07-04 23:32:54 97      DIOD_BBG000G25P51_2021-03-17
2021-07-04 23:32:54 98      DIS_BBG000BH4R78_2021-03-17
2021-07-04 23:32:55 05      DISCA_BBG000CHWP52_2021-03-17
2021-07-04 23:32:55 13      DISCB_BBG000F7L5N7_2021-03-17
2021-07-04 23:32:55 13      DISCB: SPYKE!. Candle: ID:160, Time: 20:00, Close: 75.18
2021-07-04 23:32:55 13      DISCK_BBG000VMWHH5_2021-03-17
2021-07-04 23:32:55 20      DK_BBG00FZYFVC5_2021-03-17
2021-07-04 23:32:55 21      DKNG_BBG00TCBG714_2021-03-17
2021-07-04 23:32:55 29      DKS_BBG000F6ZWH2_2021-03-17
2021-07-04 23:32:55 31      DLB_BBG000DGLTG5_2021-03-17
2021-07-04 23:32:55 32      DLR_BBG000Q5ZRM7_2021-03-17
2021-07-04 23:32:55 33      DLTH_BBG002GBMZG4_2021-03-17
2021-07-04 23:32:55 33      DLTH: SPYKE!. Candle: ID:15, Time: 11:25, Close: 14.1
2021-07-04 23:32:55 33      DLTH: SPYKE!. Candle: ID:16, Time: 11:25, Close: 14.04
2021-07-04 23:32:55 34      DLTR_BBG000BSC0K9_2021-03-17
2021-07-04 23:32:55 36      DLX_BBG000BH6360_2021-03-17
2021-07-04 23:32:55 37      DNLI_BBG008P7F869_2021-03-17
2021-07-04 23:32:55 37      DNLI: BuyPending. Strategy: MorningOpenStrategy2. Price: 61.88. Lots: 4. ChangeOpenToCurrent: -4.80. ChangePrevCloseToCurrent: -4.80. Candle: ID:2, Time: 7:10, Close: 61.88.
2021-07-04 23:32:55 37      DNLI: OrderID: f8e1a09f. PlacedOrder. Status: New. RejectReason: 
2021-07-04 23:32:55 37      DNLI: Cancel order. Did not bought at market open. Candle: ID:5, Time: 7:15, Close: 63.18
2021-07-04 23:32:55 37      OrderID: f8e1a09f successfully canceled
2021-07-04 23:32:55 37      DNLI: BuyPending. Strategy: MorningOpenStrategy2. Price: 62.33. Lots: 4. ChangeOpenToCurrent: -4.11. ChangePrevCloseToCurrent: -4.11. Candle: ID:8, Time: 7:35, Close: 62.33.
2021-07-04 23:32:55 37      DNLI: OrderID: 2746a92d. PlacedOrder. Status: New. RejectReason: 
2021-07-04 23:32:55 37      DNLI: OrderID: 2746a92d partially executed. Executed lots: 2. OrderStatus: 2/4 lots
2021-07-04 23:32:55 37      DNLI: OrderID: 2746a92d partially executed. Executed lots: 1. OrderStatus: 3/4 lots
2021-07-04 23:32:55 37      DNLI: OrderID: 2746a92d fully executed
2021-07-04 23:32:55 37      DNLI: Morning closing by timeout. Close price: 62.32. Lots: 4. Profit: -0.01(-0.02%). Candle: ID:13, Time: 7:55, Close: 62.32
2021-07-04 23:32:55 37      DNLI: OrderID: beecf5dc. PlacedOrder. Status: New. RejectReason: 
2021-07-04 23:32:55 37      DNLI: OrderID: beecf5dc partially executed. Executed lots: 1. OrderStatus: 1/4 lots
2021-07-04 23:32:55 37      DNLI: OrderID: beecf5dc partially executed. Executed lots: 1. OrderStatus: 2/4 lots
2021-07-04 23:32:55 37      DNLI: OrderID: beecf5dc partially executed. Executed lots: 1. OrderStatus: 3/4 lots
2021-07-04 23:32:55 37      DNLI: OrderID: beecf5dc fully executed
2021-07-04 23:32:55 38      DNOW_BBG005BLN209_2021-03-17
2021-07-04 23:32:55 39      DOCU_BBG000N7KJX8_2021-03-17
2021-07-04 23:32:55 42      DORM_BBG000BM22F5_2021-03-17
2021-07-04 23:32:55 43      DOV_BBG000BHB3M6_2021-03-17
2021-07-04 23:32:55 44      DOW_BBG00BN96922_2021-03-17
2021-07-04 23:32:55 48      DPZ_BBG000P458P3_2021-03-17
2021-07-04 23:32:55 49      DRE_BBG000BHD8S7_2021-03-17
2021-07-04 23:32:55 50      DRI_BBG000BBNYF6_2021-03-17
2021-07-04 23:32:55 52      DRNA_BBG001J1DB23_2021-03-17
2021-07-04 23:32:55 53      DRQ_BBG000BVDBY2_2021-03-17
2021-07-04 23:32:55 54      DT_BBG00PNN7C40_2021-03-17
2021-07-04 23:32:55 56      DVA_BBG000MQ1SN9_2021-03-17
2021-07-04 23:32:55 57      DVN_BBG000BBVJZ8_2021-03-17
2021-07-04 23:32:55 60      DXC_BBG00FN64XT9_2021-03-17
2021-07-04 23:32:55 61      DXCM_BBG000QTF8K1_2021-03-17
2021-07-04 23:32:55 63      DY_BBG000C4SKT1_2021-03-17
2021-07-04 23:32:55 64      EA_BBG000BP0KQ8_2021-03-17
2021-07-04 23:32:55 67      EAT_BBG000BK28N7_2021-03-17
2021-07-04 23:32:55 69      EBAY_BBG000C43RR5_2021-03-17
2021-07-04 23:32:55 75      EBS_BBG000GW06J7_2021-03-17
2021-07-04 23:32:55 76      ECHO_BBG000RFP8W6_2021-03-17
2021-07-04 23:32:55 76      ECL_BBG000BHKYH4_2021-03-17
2021-07-04 23:32:55 77      ECPG_BBG000F369C7_2021-03-17
2021-07-04 23:32:55 78      ED_BBG000BHLYS1_2021-03-17
2021-07-04 23:32:55 80      EDIT_BBG005MX5GZ2_2021-03-17
2021-07-04 23:32:55 83      EEFT_BBG000BMNBY1_2021-03-17
2021-07-04 23:32:55 84      EFX_BBG000BHPL78_2021-03-17
2021-07-04 23:32:55 85      EGHT_BBG000BCGHH7_2021-03-17
2021-07-04 23:32:55 86      EGRX_BBG005Y3XWH9_2021-03-17
2021-07-04 23:32:55 87      EHTH_BBG000P5JQX6_2021-03-17
2021-07-04 23:32:55 89      EIX_BBG000D7RKJ5_2021-03-17
2021-07-04 23:32:55 90      EL_BBG000FKJRC5_2021-03-17
2021-07-04 23:32:55 91      ELAN_BBG00LJYS1P8_2021-03-17
2021-07-04 23:32:55 93      ELS_BBG000BB7SX7_2021-03-17
2021-07-04 23:32:55 93      EME_BBG000BBRPL4_2021-03-17
2021-07-04 23:32:55 94      EMN_BBG000BLW530_2021-03-17
2021-07-04 23:32:55 96      EMR_BBG000BHX7N2_2021-03-17
2021-07-04 23:32:55 97      ENDP_BBG000C0HQ54_2021-03-17
2021-07-04 23:32:55 98      ENPH_BBG001R3MNY9_2021-03-17
2021-07-04 23:32:56 03      ENR_BBG006FCB019_2021-03-17
2021-07-04 23:32:56 04      ENS_BBG000PWTD92_2021-03-17
2021-07-04 23:32:56 05      ENTA_BBG001V9NSB4_2021-03-17
2021-07-04 23:32:56 06      ENTG_BBG000CTV4N4_2021-03-17
2021-07-04 23:32:56 08      ENV_BBG000Q4NZ54_2021-03-17
2021-07-04 23:32:56 09      EOG_BBG000BZ9223_2021-03-17
2021-07-04 23:32:56 11      EPAM_BBG000MHTV89_2021-03-17
2021-07-04 23:32:56 12      EPAY_BBG000BRNH31_2021-03-17
2021-07-04 23:32:56 12      EPC_BBG000BRW644_2021-03-17
2021-07-04 23:32:56 14      EQIX_BBG000MBDGM6_2021-03-17
2021-07-04 23:32:56 15      EQT_BBG000BHZ5J9_2021-03-17
2021-07-04 23:32:56 18      ERIE_BBG000BBTJZ1_2021-03-17
2021-07-04 23:32:56 18      ES_BBG000BQ87N0_2021-03-17
2021-07-04 23:32:56 20      ESPR_BBG004KB3S72_2021-03-17
2021-07-04 23:32:56 21      ESS_BBG000CGJMB9_2021-03-17
2021-07-04 23:32:56 22      ET_BBG000BM2FL9_2021-03-17
2021-07-04 23:32:56 24      ETN_BBG000BJ3PD2_2021-03-17
2021-07-04 23:32:56 26      ETR_BBG000C1FQS9_2021-03-17
2021-07-04 23:32:56 27      ETRN_BBG00K53L394_2021-03-17
2021-07-04 23:32:56 28      ETSY_BBG000N7MXL8_2021-03-17
2021-07-04 23:32:56 33      EVBG_BBG0022FMPD5_2021-03-17
2021-07-04 23:32:56 34      EVER_BBG00F17NDH7_2021-03-17
2021-07-04 23:32:56 35      EVH_BBG005CHLM96_2021-03-17
2021-07-04 23:32:56 36      EVR_BBG000BP30Y0_2021-03-17
2021-07-04 23:32:56 36      EVRG_BBG00H433CR2_2021-03-17
2021-07-04 23:32:56 38      EW_BBG000BRXP69_2021-03-17
2021-07-04 23:32:56 39      EWBC_BBG000CR20B1_2021-03-17
2021-07-04 23:32:56 40      EXAS_BBG000CWL0F5_2021-03-17
2021-07-04 23:32:56 43      EXC_BBG000J6XT05_2021-03-17
2021-07-04 23:32:56 46      EXEL_BBG000BQ4WF8_2021-03-17
2021-07-04 23:32:56 48      EXLS_BBG000NS3P30_2021-03-17
2021-07-04 23:32:56 49      EXP_BBG000BJW241_2021-03-17
2021-07-04 23:32:56 50      EXPD_BBG000BJ5GK2_2021-03-17
2021-07-04 23:32:56 52      EXPE_BBG000QY3XZ2_2021-03-17
2021-07-04 23:32:56 55      EXR_BBG000PV27K3_2021-03-17
2021-07-04 23:32:56 56      EYE_BBG00HVQF9K2_2021-03-17
2021-07-04 23:32:56 58      F_BBG000BQPC32_2021-03-17
2021-07-04 23:32:56 64      FANG_BBG002PHSYX9_2021-03-17
2021-07-04 23:32:56 67      FARO_BBG000BJD7C2_2021-03-17
2021-07-04 23:32:56 68      FAST_BBG000BJ8YN7_2021-03-17
2021-07-04 23:32:56 70      FATE_BBG000QP35H2_2021-03-17
2021-07-04 23:32:56 72      FB_BBG000MM2P62_2021-03-17
2021-07-04 23:32:56 90      FBHS_BBG001B4BV87_2021-03-17
2021-07-04 23:32:56 91      FCFS_BBG000DNF659_2021-03-17
2021-07-04 23:32:56 91      FCN_BBG000K88H58_2021-03-17
2021-07-04 23:32:56 93      FCX_BBG000BJDB15_2021-03-17
2021-07-04 23:32:56 99      FDS_BBG000BDJL83_2021-03-17
2021-07-04 23:32:57 00      FDX_BBG000BJF1Z8_2021-03-17
2021-07-04 23:32:57 02      FELE_BBG000BJGGV8_2021-03-17
2021-07-04 23:32:57 03      FFIV_BBG000CXYSZ6_2021-03-17
2021-07-04 23:32:57 05      FGEN_BBG000FW5ZL6_2021-03-17
2021-07-04 23:32:57 06      FICO_BBG000DW76Y6_2021-03-17
2021-07-04 23:32:57 07      FIS_BBG000BK2F42_2021-03-17
2021-07-04 23:32:57 09      FISV_BBG000BJKPG0_2021-03-17
2021-07-04 23:32:57 13      FITB_BBG000BJL3N0_2021-03-17
2021-07-04 23:32:57 19      FIVN_BBG001KHJM17_2021-03-17
2021-07-04 23:32:57 20      FIZZ_BBG000BF8CB6_2021-03-17
2021-07-04 23:32:57 21      FL_BBG000BX8DC4_2021-03-17
2021-07-04 23:32:57 22      FLIR_BBG000BHK836_2021-03-17
2021-07-04 23:32:57 23      FLOW_BBG007FL7ZD2_2021-03-17
2021-07-04 23:32:57 24      FLR_BBG000BB1TH9_2021-03-17
2021-07-04 23:32:57 26      FLS_BBG000FFH4P5_2021-03-17
2021-07-04 23:32:57 27      FLT_BBG000GPXKX9_2021-03-17
2021-07-04 23:32:57 28      FLWS_BBG000BBR9P6_2021-03-17
2021-07-04 23:32:57 29      FMC_BBG000BJP882_2021-03-17
2021-07-04 23:32:57 30      FND_BBG007GJ2F81_2021-03-17
2021-07-04 23:32:57 31      FNKO_BBG00HXSHDQ9_2021-03-17
2021-07-04 23:32:57 33      FOCS_BBG00L0YTFN8_2021-03-17
2021-07-04 23:32:57 34      FOE_BBG000BJQK11_2021-03-17
2021-07-04 23:32:57 34      FOLD_BBG000PLF6N0_2021-03-17
2021-07-04 23:32:57 37      FORM_BBG000D1Y3P1_2021-03-17
2021-07-04 23:32:57 38      FORR_BBG000HGNYG8_2021-03-17
2021-07-04 23:32:57 38      FOX_BBG00JHNKJY8_2021-03-17
2021-07-04 23:32:57 40      FOXA_BBG00JHNJW99_2021-03-17
2021-07-04 23:32:57 43      FOXF_BBG004T7VS53_2021-03-17
2021-07-04 23:32:57 44      FRHC_BBG000N625H8_2021-03-17
2021-07-04 23:32:57 45      FRPH_BBG000HCVWW4_2021-03-17
2021-07-04 23:32:57 45      FRPT_BBG001D0HB36_2021-03-17
2021-07-04 23:32:57 46      FSLR_BBG000BFL116_2021-03-17
2021-07-04 23:32:57 49      FSLY_BBG004NLQHL0_2021-03-17
2021-07-04 23:32:57 51      FTCH_BBG00LSD4456_2021-03-17
2021-07-04 23:32:57 55      FTI_BBG00DL8NMV2_2021-03-17
2021-07-04 23:32:57 56      FTNT_BBG000BCMBG4_2021-03-17
2021-07-04 23:32:57 59      FTV_BBG00BLVZ228_2021-03-17
2021-07-04 23:32:57 61      FUL_BBG000BJZ7V7_2021-03-17
2021-07-04 23:32:57 62      GATX_BBG000BKGXQ4_2021-03-17
2021-07-04 23:32:57 63      GBCI_BBG000C3KB84_2021-03-17
2021-07-04 23:32:57 64      GBT_BBG00341H6M0_2021-03-17
2021-07-04 23:32:57 65      GBT: SPYKE!. Candle: ID:3257, Time: 20:00, Close: 46.6
2021-07-04 23:32:57 65      GBX_BBG000CF5097_2021-03-17
2021-07-04 23:32:57 66      GCO_BBG000BK5S78_2021-03-17
2021-07-04 23:32:57 66      GCP_BBG0082W8Q12_2021-03-17
2021-07-04 23:32:57 67      GD_BBG000BK67C7_2021-03-17
2021-07-04 23:32:57 69      GDDY_BBG006MDLY05_2021-03-17
2021-07-04 23:32:57 70      GDOT_BBG000QDJT53_2021-03-17
2021-07-04 23:32:57 71      GE_BBG000BK6MB5_2021-03-17
2021-07-04 23:32:57 75      GEF_BBG000BLFNC0_2021-03-17
2021-07-04 23:32:57 76      GGG_BBG000BK9W84_2021-03-17
2021-07-04 23:32:57 77      GH_BBG006D97VY9_2021-03-17
2021-07-04 23:32:57 78      GHC_BBG000C3FGH9_2021-03-17
2021-07-04 23:32:57 79      GILD_BBG000CKGBP2_2021-03-17
2021-07-04 23:32:57 83      GIS_BBG000BKCFC2_2021-03-17
2021-07-04 23:32:57 85      GKOS_BBG000WG2LQ1_2021-03-17
2021-07-04 23:32:57 85      GL_BBG000BVD6X4_2021-03-17
2021-07-04 23:32:57 86      GLW_BBG000BKFZM4_2021-03-17
2021-07-04 23:32:57 88      GM_BBG000NDYB67_2021-03-17
2021-07-04 23:32:57 97      GMED_BBG002V87SD0_2021-03-17
2021-07-04 23:32:57 97      GMS_BBG009Q036D0_2021-03-17
2021-07-04 23:32:57 98      GNL_BBG004HXD0G8_2021-03-17
2021-07-04 23:32:57 99      GNRC_BBG000PQ4W72_2021-03-17
2021-07-04 23:32:58 00      GO_BBG00P4R3079_2021-03-17
2021-07-04 23:32:58 01      GOOG_BBG009S3NB30_2021-03-17
2021-07-04 23:32:58 05      GOOGL_BBG009S39JX6_2021-03-17
2021-07-04 23:32:58 10      GOSS_BBG00MVWLLM2_2021-03-17
2021-07-04 23:32:58 12      GOSS: SPYKE!. Candle: ID:930, Time: 13:30, Close: 9.55
2021-07-04 23:32:58 12      GPC_BBG000BKL348_2021-03-17
2021-07-04 23:32:58 13      GPI_BBG000BB88K4_2021-03-17
2021-07-04 23:32:58 14      GPN_BBG000CX0P89_2021-03-17
2021-07-04 23:32:58 16      GPS_BBG000BKLH74_2021-03-17
2021-07-04 23:32:58 19      GRA_BBG000BB8PG1_2021-03-17
2021-07-04 23:32:58 20      GRMN_BBG000C4LN67_2021-03-17
2021-07-04 23:32:58 22      GRUB_BBG001KWG293_2021-03-17
2021-07-04 23:32:58 22      Warning: figi `BBG001KWG293` for history data does not match actual figi `BBG010R8C3Y4`. Ticker: GRUB. Will be used actual!
2021-07-04 23:32:58 23      GS_BBG000C6CFJ5_2021-03-17
2021-07-04 23:32:58 26      GSH_BBG000GLG0G0_2021-03-17
2021-07-04 23:32:58 26      GSKY_BBG00KT2SCV8_2021-03-17
2021-07-04 23:32:58 27      GSKY: SPYKE!. Candle: ID:2, Time: 7:00, Close: 7.18
2021-07-04 23:32:58 27      GT_BBG000BKNX95_2021-03-17
2021-07-04 23:32:58 30      GTHX_BBG005F1DK91_2021-03-17
2021-07-04 23:32:58 34      GTLS_BBG000P1K2X6_2021-03-17
2021-07-04 23:32:58 34      GTN_BBG000DSQLQ0_2021-03-17
2021-07-04 23:32:58 35      GVA_BBG000DVB833_2021-03-17
2021-07-04 23:32:58 36      GWRE_BBG001C7PM75_2021-03-17
2021-07-04 23:32:58 38      GWW_BBG000BKR1D6_2021-03-17
2021-07-04 23:32:58 39      H_BBG000CVRFS4_2021-03-17
2021-07-04 23:32:58 40      HA_BBG000BC4185_2021-03-17
2021-07-04 23:32:58 41      HAE_BBG000C7TF41_2021-03-17
2021-07-04 23:32:58 42      HAIN_BBG000BQW085_2021-03-17
2021-07-04 23:32:58 43      HAL_BBG000BKTFN2_2021-03-17
2021-07-04 23:32:58 46      HALO_BBG000CZ8W54_2021-03-17
2021-07-04 23:32:58 48      HAS_BBG000BKVJK4_2021-03-17
2021-07-04 23:32:58 49      HBAN_BBG000BKWSR6_2021-03-17
2021-07-04 23:32:58 51      HBI_BBG000D2ZTS8_2021-03-17
2021-07-04 23:32:58 53      HCA_BBG000QW7VC1_2021-03-17
2021-07-04 23:32:58 54      HCCI_BBG000CCFB17_2021-03-17
2021-07-04 23:32:58 54      HCSG_BBG000BKYVF0_2021-03-17
2021-07-04 23:32:58 56      HD_BBG000BKZB36_2021-03-17
2021-07-04 23:32:58 59      HEAR_BBG000BM6N47_2021-03-17
2021-07-04 23:32:58 60      HEI_BBG000BL16Q7_2021-03-17
2021-07-04 23:32:58 61      HES_BBG000BBD070_2021-03-17
2021-07-04 23:32:58 63      HFC_BBG000BL9JQ1_2021-03-17
2021-07-04 23:32:58 65      HGV_BBG00CBYY6M1_2021-03-17
2021-07-04 23:32:58 66      HHC_BBG000MJRJJ2_2021-03-17
2021-07-04 23:32:58 67      HHR_BBG00KHGQ0H4_2021-03-17
2021-07-04 23:32:58 68      HIBB_BBG000H001V3_2021-03-17
2021-07-04 23:32:58 69      HIG_BBG000G0Z878_2021-03-17
2021-07-04 23:32:58 71      HII_BBG001KJ2HM9_2021-03-17
2021-07-04 23:32:58 72      HIIQ_TCS003QRSQD3_2021-03-17
2021-07-04 23:32:58 73      HLT_BBG0058KMH30_2021-03-17
2021-07-04 23:32:58 75      HNP_BBG000BX5YM0_2021-03-17
2021-07-04 23:32:58 75      HOG_BBG000BKZTP3_2021-03-17
2021-07-04 23:32:58 77      HOLX_BBG000C3NTN5_2021-03-17
2021-07-04 23:32:58 78      HON_BBG000H556T9_2021-03-17
2021-07-04 23:32:58 80      HP_BBG000BLCPY4_2021-03-17
2021-07-04 23:32:58 82      HPE_BBG0078W3NQ3_2021-03-17
2021-07-04 23:32:58 83      HPQ_BBG000KHWT55_2021-03-17
2021-07-04 23:32:58 85      HQY_BBG000TYXCT9_2021-03-17
2021-07-04 23:32:58 87      HRB_BBG000BLDV98_2021-03-17
2021-07-04 23:32:58 88      HRC_BBG000BKWCS0_2021-03-17
2021-07-04 23:32:58 89      HRL_BBG000BLF8D2_2021-03-17
2021-07-04 23:32:58 90      HRTX_BBG000G2GJT7_2021-03-17
2021-07-04 23:32:58 92      HSC_BBG000BLH3P8_2021-03-17
2021-07-04 23:32:58 93      HSIC_BBG000BNMMJ3_2021-03-17
2021-07-04 23:32:58 94      HSKA_BBG000BWFH48_2021-03-17
2021-07-04 23:32:58 95      HST_BBG000BL8804_2021-03-17
2021-07-04 23:32:58 97      HSY_BBG000BLHRS2_2021-03-17
2021-07-04 23:32:58 98      HTA_BBG000PRJCX9_2021-03-17
2021-07-04 23:32:58 99      HTHT_BBG000QFPM65_2021-03-17
2021-07-04 23:32:59 00      HUBB_BBG000BLK267_2021-03-17
2021-07-04 23:32:59 01      HUBG_BBG000G9W6L0_2021-03-17
2021-07-04 23:32:59 02      HUBS_BBG000N7MZ06_2021-03-17
2021-07-04 23:32:59 03      HUM_BBG000BLKK03_2021-03-17
2021-07-04 23:32:59 04      HURN_BBG000PV2M48_2021-03-17
2021-07-04 23:32:59 05      HWM_BBG00DYNJGH9_2021-03-17
2021-07-04 23:32:59 06      HXL_BBG000BLMDQ9_2021-03-17
2021-07-04 23:32:59 07      IAC_BBG000BKQG80_2021-03-17
2021-07-04 23:32:59 07      Warning: figi `BBG000BKQG80` for history data does not match actual figi `BBG00S1LR2C3`. Ticker: IAC. Will be used actual!
2021-07-04 23:32:59 09      IAC_old_TCS000BKQG80_2021-03-17
2021-07-04 23:32:59 09      Warning: figi `old` for history data does not match actual figi `BBG00S1LR2C3`. Ticker: IAC. Will be used actual!
2021-07-04 23:32:59 09      IART_BBG000BZJQL8_2021-03-17
2021-07-04 23:32:59 10      IBKR_BBG000LV0836_2021-03-17
2021-07-04 23:32:59 11      IBM_BBG000BLNNH6_2021-03-17
2021-07-04 23:32:59 14      IBN_BBG000DRM643_2021-03-17
2021-07-04 23:32:59 15      IBP_BBG005TJKDZ6_2021-03-17
2021-07-04 23:32:59 16      ICE_BBG000C1FB75_2021-03-17
2021-07-04 23:32:59 17      ICPT_BBG001J1QN87_2021-03-17
2021-07-04 23:32:59 19      ICUI_BBG000CQV2N4_2021-03-17
2021-07-04 23:32:59 20      IDCC_BBG000HLJ7M4_2021-03-17
2021-07-04 23:32:59 21      IDXX_BBG000BLRT07_2021-03-17
2021-07-04 23:32:59 22      IEX_BBG000C1HN22_2021-03-17
2021-07-04 23:32:59 23      IFF_BBG000BLSL58_2021-03-17
2021-07-04 23:32:59 25      IGMS_BBG00PNR1BT2_2021-03-17
2021-07-04 23:32:59 25      IGMS: BuyPending. Strategy: MorningOpenStrategy2. Price: 81.67. Lots: 3. ChangeOpenToCurrent: -5.88. ChangePrevCloseToCurrent: -5.88. Candle: ID:4, Time: 7:45, Close: 81.67.
2021-07-04 23:32:59 25      IGMS: OrderID: a21bd008. PlacedOrder. Status: New. RejectReason: 
2021-07-04 23:32:59 25      IGMS: Cancel order. Did not bought at market open. Candle: ID:5, Time: 8:15, Close: 86.2
2021-07-04 23:32:59 25      OrderID: a21bd008 successfully canceled
2021-07-04 23:32:59 25      IIPR_BBG00F0SW7N8_2021-03-17
2021-07-04 23:32:59 26      IIVI_BBG000BLW102_2021-03-17
2021-07-04 23:32:59 28      ILMN_BBG000DSMS70_2021-03-17
2021-07-04 23:32:59 30      INCY_BBG000BNPSQ9_2021-03-17
2021-07-04 23:32:59 33      INDB_BBG000BM0597_2021-03-17
2021-07-04 23:32:59 34      INFO_BBG006G063F9_2021-03-17
2021-07-04 23:32:59 35      INGN_BBG0021PH456_2021-03-17
2021-07-04 23:32:59 36      INGR_BBG000BXPZB7_2021-03-17
2021-07-04 23:32:59 36      INMD_BBG00PPS73P4_2021-03-17
2021-07-04 23:32:59 37      INSP_BBG00209SZJ7_2021-03-17
2021-07-04 23:32:59 38      INTC_BBG000C0G1D1_2021-03-17
2021-07-04 23:32:59 50      INTU_BBG000BH5DV1_2021-03-17
2021-07-04 23:32:59 53      INVH_BBG00FQH6BS9_2021-03-17
2021-07-04 23:32:59 54      IONS_BBG000JH6683_2021-03-17
2021-07-04 23:32:59 56      IOSP_BBG000BMFNP4_2021-03-17
2021-07-04 23:32:59 57      IOVA_BBG000FTLBV7_2021-03-17
2021-07-04 23:32:59 58      IOVA: SPYKE!. Candle: ID:5795, Time: 20:35, Close: 32
2021-07-04 23:32:59 59      IP_BBG000BM5SR2_2021-03-17
2021-07-04 23:32:59 60      IPAR_BBG000GCSWR5_2021-03-17
2021-07-04 23:32:59 61      IPG_BBG000C90DH9_2021-03-17
2021-07-04 23:32:59 63      IPGP_BBG000DCGRL8_2021-03-17
2021-07-04 23:32:59 64      IQV_BBG00333FYS2_2021-03-17
2021-07-04 23:32:59 65      IR_BBG002R1CW27_2021-03-17
2021-07-04 23:32:59 66      IRBT_BBG000HXJB21_2021-03-17
2021-07-04 23:32:59 67      IRDM_BBG000VC0FC1_2021-03-17
2021-07-04 23:32:59 69      IRM_BBG000KCZPC3_2021-03-17
2021-07-04 23:32:59 70      IRTC_BBG001J19V24_2021-03-17
2021-07-04 23:32:59 71      ISRG_BBG000BJPDZ1_2021-03-17
2021-07-04 23:32:59 73      IT_BBG000BB65D0_2021-03-17
2021-07-04 23:32:59 74      ITCI_BBG0026ZFZC4_2021-03-17
2021-07-04 23:32:59 75      ITGR_BBG000BW6JV4_2021-03-17
2021-07-04 23:32:59 75      ITRI_BBG000BD2167_2021-03-17
2021-07-04 23:32:59 77      ITT_BBG00CVQZQ96_2021-03-17
2021-07-04 23:32:59 77      ITW_BBG000BMBL90_2021-03-17
2021-07-04 23:32:59 78      IVZ_BBG000BY2Y78_2021-03-17
2021-07-04 23:32:59 80      J_BBG000BMFFQ0_2021-03-17
2021-07-04 23:32:59 81      JACK_BBG000GZYVY1_2021-03-17
2021-07-04 23:32:59 82      JBHT_BBG000BMDBZ1_2021-03-17
2021-07-04 23:32:59 84      JBSS_BBG000CHPMY5_2021-03-17
2021-07-04 23:32:59 84      JBT_BBG000VLBCQ1_2021-03-17
2021-07-04 23:32:59 85      JCI_BBG000BVWLJ6_2021-03-17
2021-07-04 23:32:59 88      JCOM_BBG000F3CWW7_2021-03-17
2021-07-04 23:32:59 89      JD_BBG005YHY0Q7_2021-03-17
2021-07-04 23:32:59 99      JEF_BBG000BNHSP9_2021-03-17
2021-07-04 23:33:00 00      JELD_BBG0019GM953_2021-03-17
2021-07-04 23:33:00 01      JJSF_BBG000BMGPW0_2021-03-17
2021-07-04 23:33:00 01      JKHY_BBG000BMH2Q7_2021-03-17
2021-07-04 23:33:00 03      JLL_BBG000C2L2L0_2021-03-17
2021-07-04 23:33:00 04      JNJ_BBG000BMHYD1_2021-03-17
2021-07-04 23:33:00 07      JNPR_BBG000BY33P5_2021-03-17
2021-07-04 23:33:00 09      JOBS_BBG000BJD1D4_2021-03-17
2021-07-04 23:33:00 10      JOUT_BBG000HCXFS4_2021-03-17
2021-07-04 23:33:00 11      JPM_BBG000DMBXR2_2021-03-17
2021-07-04 23:33:00 19      JWN_BBG000G8N9C6_2021-03-17
2021-07-04 23:33:00 20      K_BBG000BMKDM3_2021-03-17
2021-07-04 23:33:00 22      KALU_BBG000PKZDX4_2021-03-17
2021-07-04 23:33:00 23      KBH_BBG000BMLWX8_2021-03-17
2021-07-04 23:33:00 24      KDP_BBG000TJM7F0_2021-03-17
2021-07-04 23:33:00 27      KEP_BBG000BCWG90_2021-03-17
2021-07-04 23:33:00 28      KEX_BBG000BMQCP6_2021-03-17
2021-07-04 23:33:00 29      KEY_BBG000BMQPL1_2021-03-17
2021-07-04 23:33:00 31      KEYS_BBG0059FN811_2021-03-17
2021-07-04 23:33:00 32      KFY_BBG000C5QMB5_2021-03-17
2021-07-04 23:33:00 33      KHC_BBG005CPNTQ2_2021-03-17
2021-07-04 23:33:00 35      KIDS_BBG00HFFRW39_2021-03-17
2021-07-04 23:33:00 36      KIDS: SPYKE!. Candle: ID:4, Time: 13:30, Close: 46.45
2021-07-04 23:33:00 36      KIDS: SPYKE!. Candle: ID:7, Time: 13:30, Close: 44.67
2021-07-04 23:33:00 36      KIM_BBG000CN3S73_2021-03-17
2021-07-04 23:33:00 38      KLAC_BBG000BMTFR4_2021-03-17
2021-07-04 23:33:00 41      KMB_BBG000BMW2Z0_2021-03-17
2021-07-04 23:33:00 43      KMI_BBG0019JZ882_2021-03-17
2021-07-04 23:33:00 45      KMPR_BBG000H3GDJ8_2021-03-17
2021-07-04 23:33:00 45      KMT_BBG000BMWKC5_2021-03-17
2021-07-04 23:33:00 46      KMX_BBG000BLMZK6_2021-03-17
2021-07-04 23:33:00 47      KNSL_BBG00D8JD9Z9_2021-03-17
2021-07-04 23:33:00 48      KNX_BBG000BFC848_2021-03-17
2021-07-04 23:33:00 50      KO_BBG000BMX289_2021-03-17
2021-07-04 23:33:00 53      KOD_BBG00BVR0D02_2021-03-17
2021-07-04 23:33:00 54      KR_BBG000BMY992_2021-03-17
2021-07-04 23:33:00 56      KRG_BBG000BC2KW8_2021-03-17
2021-07-04 23:33:00 57      KRTX_BBG00NN875G0_2021-03-17
2021-07-04 23:33:00 58      KRYS_BBG00HDGRHH7_2021-03-17
2021-07-04 23:33:00 59      KSU_BBG000BMZ7P7_2021-03-17
2021-07-04 23:33:00 60      KTB_BBG00LPTHYD5_2021-03-17
2021-07-04 23:33:00 61      KWR_BBG000DZS2L9_2021-03-17
2021-07-04 23:33:00 62      L_BBG000C45984_2021-03-17
2021-07-04 23:33:00 63      LAD_BBG000K3BC83_2021-03-17
2021-07-04 23:33:00 65      LANC_BBG000BN1M88_2021-03-17
2021-07-04 23:33:00 66      LASR_BBG0020BCPX5_2021-03-17
2021-07-04 23:33:00 66      LB_BBG000BNGTQ7_2021-03-17
2021-07-04 23:33:00 69      LBRDK_BBG006GNSZW5_2021-03-17
2021-07-04 23:33:00 70      LCII_BBG000DNLMB0_2021-03-17
2021-07-04 23:33:00 70      LDOS_BBG000C23PB0_2021-03-17
2021-07-04 23:33:00 71      LEA_BBG000PTLGZ1_2021-03-17
2021-07-04 23:33:00 72      LECO_BBG000BB72K8_2021-03-17
2021-07-04 23:33:00 73      LEG_BBG000BN53G7_2021-03-17
2021-07-04 23:33:00 74      LEGH_BBG00MJDR6J9_2021-03-17
2021-07-04 23:33:00 75      LEN_BBG000BN5HF7_2021-03-17
2021-07-04 23:33:00 77      LEVI_BBG000BQDF10_2021-03-17
2021-07-04 23:33:00 79      LFC_BBG000BBK4B9_2021-03-17
2021-07-04 23:33:00 80      LFUS_BBG000BGFGT8_2021-03-17
2021-07-04 23:33:00 80      LGIH_BBG0056655S1_2021-03-17
2021-07-04 23:33:00 81      LGND_BBG000BKF014_2021-03-17
2021-07-04 23:33:00 82      LH_BBG000D9DMK0_2021-03-17
2021-07-04 23:33:00 83      LHCG_BBG000G7W420_2021-03-17
2021-07-04 23:33:00 84      LHX_BBG000BLGFJ9_2021-03-17
2021-07-04 23:33:00 85      LII_BBG000BB5B84_2021-03-17
2021-07-04 23:33:00 87      LIN_BBG00GVR8YQ9_2021-03-17
2021-07-04 23:33:00 88      LITE_BBG0073F9RT7_2021-03-17
2021-07-04 23:33:00 90      LKQ_BBG000PXDL44_2021-03-17
2021-07-04 23:33:00 92      LLY_BBG000BNBDC2_2021-03-17
2021-07-04 23:33:00 95      LMT_BBG000C1BW00_2021-03-17
2021-07-04 23:33:00 97      LNN_BBG000FJS1S8_2021-03-17
2021-07-04 23:33:00 97      LNT_BBG000DW4Q75_2021-03-17
2021-07-04 23:33:01 00      LNTH_BBG006Q52RD0_2021-03-17
2021-07-04 23:33:01 00      LOPE_BBG000FV28W9_2021-03-17
2021-07-04 23:33:01 01      LOW_BBG000BNDN65_2021-03-17
2021-07-04 23:33:01 04      LPL_BBG000FJ0RK9_2021-03-17
2021-07-04 23:33:01 05      LPLA_BBG000P2TYL8_2021-03-17
2021-07-04 23:33:01 06      LPSN_BBG000BSV0W5_2021-03-17
2021-07-04 23:33:01 07      LRCX_BBG000BNFLM9_2021-03-17
2021-07-04 23:33:01 10      LRN_BBG000QSXPZ9_2021-03-17
2021-07-04 23:33:01 11      LRN_old_TCS000QSXPZ9_2021-03-17
2021-07-04 23:33:01 11      Warning: figi `old` for history data does not match actual figi `BBG000QSXPZ9`. Ticker: LRN. Will be used actual!
2021-07-04 23:33:01 11      LSCC_BBG000C2D1C1_2021-03-17
2021-07-04 23:33:01 13      LSTR_BBG000BB2KN0_2021-03-17
2021-07-04 23:33:01 14      LTHM_BBG00LV3NRG0_2021-03-17
2021-07-04 23:33:01 15      LULU_BBG000R8ZVD1_2021-03-17
2021-07-04 23:33:01 18      LUMN_BBG000BGLRN3_2021-03-17
2021-07-04 23:33:01 19      LUV_BBG000BNJHS8_2021-03-17
2021-07-04 23:33:01 22      LVS_BBG000JWD753_2021-03-17
2021-07-04 23:33:01 25      LW_BBG003CVMLQ2_2021-03-17
2021-07-04 23:33:01 26      LYB_BBG000WCFV84_2021-03-17
2021-07-04 23:33:01 28      LYFT_BBG004M9ZHX5_2021-03-17
2021-07-04 23:33:01 34      LYV_BBG000FQ7YR4_2021-03-17
2021-07-04 23:33:01 36      M_BBG000C46HM9_2021-03-17
2021-07-04 23:33:01 40      MA_BBG000F1ZSQ2_2021-03-17
2021-07-04 23:33:01 43      MAA_BBG000BLMY92_2021-03-17
2021-07-04 23:33:01 44      MAC_BBG000BL9C59_2021-03-17
2021-07-04 23:33:01 47      MAN_BBG000BNMHS4_2021-03-17
2021-07-04 23:33:01 49      MANH_BBG000BFV758_2021-03-17
2021-07-04 23:33:01 49      MANT_BBG000BGF8B5_2021-03-17
2021-07-04 23:33:01 50      MANU_BBG0035WV4N9_2021-03-17
2021-07-04 23:33:01 51      MAR_BBG000BGD7W6_2021-03-17
2021-07-04 23:33:01 55      MAS_BBG000BNNKG9_2021-03-17
2021-07-04 23:33:01 57      MASI_BBG000C3W281_2021-03-17
2021-07-04 23:33:01 58      MAT_BBG000BNNYW1_2021-03-17
2021-07-04 23:33:01 60      MATX_BBG000BBK401_2021-03-17
2021-07-04 23:33:01 61      MBT_BBG000CSZKR2_2021-03-17
2021-07-04 23:33:01 62      MBUU_BBG005PXTR70_2021-03-17
2021-07-04 23:33:01 64      MCD_BBG000BNSZP1_2021-03-17
2021-07-04 23:33:01 68      MCHP_BBG000BHCP19_2021-03-17
2021-07-04 23:33:01 73      MCK_BBG000DYGNW7_2021-03-17
2021-07-04 23:33:01 74      MCO_BBG000F86GP6_2021-03-17
2021-07-04 23:33:01 75      MCRI_BBG000BJ0932_2021-03-17
2021-07-04 23:33:01 76      MD_BBG000H8LGK2_2021-03-17
2021-07-04 23:33:01 77      MDB_BBG0022FDRY8_2021-03-17
2021-07-04 23:33:01 78      MDGL_BBG000QS6NV8_2021-03-17
2021-07-04 23:33:01 79      MDLA_BBG001BPKGT0_2021-03-17
2021-07-04 23:33:01 81      MDLZ_BBG000D4LWF6_2021-03-17
2021-07-04 23:33:01 86      MDRX_BBG000BLDXH5_2021-03-17
2021-07-04 23:33:01 88      MDT_BBG000BNWG87_2021-03-17
2021-07-04 23:33:01 91      MED_BBG000BWBW76_2021-03-17
2021-07-04 23:33:01 92      MEDP_BBG0065B7K59_2021-03-17
2021-07-04 23:33:01 93      MEI_BBG000BNY197_2021-03-17
2021-07-04 23:33:01 94      MELI_BBG000GQPB11_2021-03-17
2021-07-04 23:33:01 96      MET_BBG000BB6KF5_2021-03-17
2021-07-04 23:33:01 99      MFGP_BBG00HFWVGN0_2021-03-17
2021-07-04 23:33:02 00      MGLN_BBG000BD6DD9_2021-03-17
2021-07-04 23:33:02 01      MGM_BBG000C2BXK4_2021-03-17
2021-07-04 23:33:02 04      MGY_BBG00GNC8DL2_2021-03-17
2021-07-04 23:33:02 06      MHK_BBG000FLZN98_2021-03-17
2021-07-04 23:33:02 07      MHO_BBG000BL9MZ4_2021-03-17
2021-07-04 23:33:02 07      MIDD_BBG000DQN9R3_2021-03-17
2021-07-04 23:33:02 08      MINI_BBG000BGTX98_2021-03-17
2021-07-04 23:33:02 09      MKC_BBG000G6Y5W4_2021-03-17
2021-07-04 23:33:02 10      MKL_BBG000FC7366_2021-03-17
2021-07-04 23:33:02 11      MKSI_BBG000BVMG26_2021-03-17
2021-07-04 23:33:02 14      MKTX_BBG000BJBZ23_2021-03-17
2021-07-04 23:33:02 16      MLAB_BBG000BP3PW7_2021-03-17
2021-07-04 23:33:02 16      MLCO_BBG000BHP8J4_2021-03-17
2021-07-04 23:33:02 18      MLHR_BBG000BP46T2_2021-03-17
2021-07-04 23:33:02 19      MLM_BBG000BGYMH7_2021-03-17
2021-07-04 23:33:02 20      MMC_BBG000BP4MH0_2021-03-17
2021-07-04 23:33:02 21      MMI_BBG005GBRSR6_2021-03-17
2021-07-04 23:33:02 22      MMM_BBG000BP52R2_2021-03-17
2021-07-04 23:33:02 25      MMS_BBG000BC5WJ4_2021-03-17
2021-07-04 23:33:02 25      MMSI_BBG000C42VX0_2021-03-17
2021-07-04 23:33:02 26      MNRO_BBG000C0BZD1_2021-03-17
2021-07-04 23:33:02 27      MNST_BBG008NVB1C0_2021-03-17
2021-07-04 23:33:02 29      MO_BBG000BP6LJ8_2021-03-17
2021-07-04 23:33:02 33      MOH_BBG000MBHNC8_2021-03-17
2021-07-04 23:33:02 34      MOMO_BBG007HTCQT0_2021-03-17
2021-07-04 23:33:02 48      MORN_BBG000CGQ4F7_2021-03-17
2021-07-04 23:33:02 49      MOS_BBG000BFXHL6_2021-03-17
2021-07-04 23:33:02 52      MOV_BBG000BL30Y9_2021-03-17
2021-07-04 23:33:02 52      MPC_BBG001DCCGR8_2021-03-17
2021-07-04 23:33:02 58      MPWR_BBG000C30L48_2021-03-17
2021-07-04 23:33:02 60      MRC_BBG000BKLTM1_2021-03-17
2021-07-04 23:33:02 61      MRK_BBG000BPD168_2021-03-17
2021-07-04 23:33:02 66      MRNA_BBG003PHHZT1_2021-03-17
2021-07-04 23:33:02 78      MRO_BBG000C8H633_2021-03-17
2021-07-04 23:33:02 81      MRTX_BBG004TPGBP5_2021-03-17
2021-07-04 23:33:02 82      MS_BBG000BLZRJ2_2021-03-17
2021-07-04 23:33:02 89      MSA_BBG000BPDXF8_2021-03-17
2021-07-04 23:33:02 90      MSCI_BBG000RTDY25_2021-03-17
2021-07-04 23:33:02 91      MSFT_BBG000BPH459_2021-03-17
2021-07-04 23:33:03 20      MSGE_BBG00L9HLWV8_2021-03-17
2021-07-04 23:33:03 21      MSGN_BBG000NS03H7_2021-03-17
2021-07-04 23:33:03 23      MSGS_BBG007FG0C23_2021-03-17
2021-07-04 23:33:03 24      MSI_BBG000BP8Z50_2021-03-17
2021-07-04 23:33:03 25      MSM_BBG000BCLYL9_2021-03-17
2021-07-04 23:33:03 26      MSTR_BBG000GQJPZ0_2021-03-17
2021-07-04 23:33:03 30      MTB_BBG000D9KWL9_2021-03-17
2021-07-04 23:33:03 33      MTCH_BBG00B6WH9G3_2021-03-17
2021-07-04 23:33:03 35      MTCH_old_TCS00B6WH9G3_2021-03-17
2021-07-04 23:33:03 35      Warning: figi `old` for history data does not match actual figi `BBG00B6WH9G3`. Ticker: MTCH. Will be used actual!
2021-07-04 23:33:03 36      MTD_BBG000BZCKH3_2021-03-17
2021-07-04 23:33:03 37      MTG_BBG000CBMH27_2021-03-17
2021-07-04 23:33:03 38      MTH_BBG000F4F1N0_2021-03-17
2021-07-04 23:33:03 39      MTN_BBG000BCMWM1_2021-03-17
2021-07-04 23:33:03 40      MTOR_BBG000BH92D1_2021-03-17
2021-07-04 23:33:03 41      MTRN_BBG000BDTT76_2021-03-17
2021-07-04 23:33:03 42      MU_BBG000C5Z1S3_2021-03-17
2021-07-04 23:33:03 59      MUR_BBG000BPMH90_2021-03-17
2021-07-04 23:33:03 61      MUSA_BBG001Z0Q6T5_2021-03-17
2021-07-04 23:33:03 63      MXIM_BBG000BPNP00_2021-03-17
2021-07-04 23:33:03 66      MXL_BBG000BB6R33_2021-03-17
2021-07-04 23:33:03 67      MYGN_BBG000D9H9F1_2021-03-17
2021-07-04 23:33:03 69      MYRG_BBG000BC7VW9_2021-03-17
2021-07-04 23:33:03 70      NARI_BBG009J8K7M0_2021-03-17
2021-07-04 23:33:03 71      NARI: SPYKE!. Candle: ID:3, Time: 13:25, Close: 107.07
2021-07-04 23:33:03 71      NARI: SPYKE!. Candle: ID:4, Time: 13:25, Close: 107.07
2021-07-04 23:33:03 72      NATI_BBG000DZK6N6_2021-03-17
2021-07-04 23:33:03 73      NAVI_BBG004MN1R41_2021-03-17
2021-07-04 23:33:03 74      NBIX_BBG000GJS7C1_2021-03-17
2021-07-04 23:33:03 76      NCBS_BBG000QK0TG5_2021-03-17
2021-07-04 23:33:03 76      NCR_BBG000BMXK89_2021-03-17
2021-07-04 23:33:03 78      NDAQ_BBG000F5VVB6_2021-03-17
2021-07-04 23:33:03 80      NDSN_BBG000BPWGR1_2021-03-17
2021-07-04 23:33:03 81      NEE_BBG000BJSBJ0_2021-03-17
2021-07-04 23:33:03 86      NEM_BBG000BPWXK1_2021-03-17
2021-07-04 23:33:03 92      NEO_BBG000BKH263_2021-03-17
2021-07-04 23:33:03 94      NEOG_BBG000C1BCK2_2021-03-17
2021-07-04 23:33:03 95      NET_BBG001WMKHH5_2021-03-17
2021-07-04 23:33:03 98      NEU_BBG000BJ5SS8_2021-03-17
2021-07-04 23:33:03 98      NEWR_BBG001NFKJ68_2021-03-17
2021-07-04 23:33:03 99      NFLX_BBG000CL9VN6_2021-03-17
2021-07-04 23:33:04 05      NGVT_BBG009LM28K6_2021-03-17
2021-07-04 23:33:04 06      NJR_BBG000BPZVW9_2021-03-17
2021-07-04 23:33:04 07      NKE_BBG000C5HS04_2021-03-17
2021-07-04 23:33:04 13      NKTR_BBG000BHCYJ1_2021-03-17
2021-07-04 23:33:04 14      NLOK_BBG000BH2JM1_2021-03-17
2021-07-04 23:33:04 17      NLSN_BBG0088CYPX8_2021-03-17
2021-07-04 23:33:04 19      NMIH_BBG005DLMMZ6_2021-03-17
2021-07-04 23:33:04 20      NOC_BBG000BQ2C28_2021-03-17
2021-07-04 23:33:04 23      NOK_BBG000BNGBW9_2021-03-17
2021-07-04 23:33:04 29      NOV_BBG000BJX8C8_2021-03-17
2021-07-04 23:33:04 32      NOW_BBG000M1R011_2021-03-17
2021-07-04 23:33:04 35      NP_BBG000QCQ764_2021-03-17
2021-07-04 23:33:04 36      NPK_BBG000BQ4GG2_2021-03-17
2021-07-04 23:33:04 37      NRG_BBG000D8RG11_2021-03-17
2021-07-04 23:33:04 49      NSC_BBG000BQ5DS5_2021-03-17
2021-07-04 23:33:04 52      NSP_BBG000BJ41X2_2021-03-17
2021-07-04 23:33:04 52      NTAP_BBG000FP1N32_2021-03-17
2021-07-04 23:33:04 56      NTCO_BBG00R4ZKPN5_2021-03-17
2021-07-04 23:33:04 57      NTCT_BBG000C136Z8_2021-03-17
2021-07-04 23:33:04 58      NTES_BBG000BX72V8_2021-03-17
2021-07-04 23:33:04 61      NTGR_BBG000C4GBR6_2021-03-17
2021-07-04 23:33:04 62      NTLA_BBG007KC7PB0_2021-03-17
2021-07-04 23:33:04 65      NTNX_BBG001NDW1Z7_2021-03-17
2021-07-04 23:33:04 68      NTRA_BBG001J1BQ86_2021-03-17
2021-07-04 23:33:04 71      NTRS_BBG000BQ74K1_2021-03-17
2021-07-04 23:33:04 73      NTUS_BBG000DPZHS3_2021-03-17
2021-07-04 23:33:04 74      NUE_BBG000BQ8KV2_2021-03-17
2021-07-04 23:33:04 76      NUS_BBG000HG21Y3_2021-03-17
2021-07-04 23:33:04 76      NUVA_BBG000LNL298_2021-03-17
2021-07-04 23:33:04 78      NVDA_BBG000BBJQV0_2021-03-17
2021-07-04 23:33:04 88      NVEE_BBG005BT60Y8_2021-03-17
2021-07-04 23:33:04 89      NVR_BBG000BQBYR3_2021-03-17
2021-07-04 23:33:04 90      NVRO_BBG001K61W36_2021-03-17
2021-07-04 23:33:04 91      NVTA_BBG005DJFD43_2021-03-17
2021-07-04 23:33:04 95      NWE_BBG000Q1NMJ4_2021-03-17
2021-07-04 23:33:04 96      NWL_BBG000BQC9V2_2021-03-17
2021-07-04 23:33:04 98      NWLI_BBG008HNHZ07_2021-03-17
2021-07-04 23:33:04 98      NWS_BBG0035M2ZB7_2021-03-17
2021-07-04 23:33:04 99      NWSA_BBG0035LY913_2021-03-17
2021-07-04 23:33:05 02      NXPI_BBG000BND699_2021-03-17
2021-07-04 23:33:05 08      NXST_BBG000DZJVH0_2021-03-17
2021-07-04 23:33:05 10      NYT_BBG000FFC0B3_2021-03-17
2021-07-04 23:33:05 11      O_BBG000DHPN63_2021-03-17
2021-07-04 23:33:05 13      OC_BBG000M44VW8_2021-03-17
2021-07-04 23:33:05 14      ODFL_BBG000CHSS88_2021-03-17
2021-07-04 23:33:05 15      OFIX_BBG000G1C210_2021-03-17
2021-07-04 23:33:05 17      OHI_BBG000BGBTC2_2021-03-17
2021-07-04 23:33:05 19      OI_BBG00R2JZG39_2021-03-17
2021-07-04 23:33:05 20      OII_BBG000CPBCL8_2021-03-17
2021-07-04 23:33:05 20      OIS_BBG000BDDN94_2021-03-17
2021-07-04 23:33:05 22      OIS: SPYKE!. Candle: ID:582, Time: 10:00, Close: 7.6
2021-07-04 23:33:05 25      OKE_BBG000BQHGR6_2021-03-17
2021-07-04 23:33:05 26      OKTA_BBG001YV1SM4_2021-03-17
2021-07-04 23:33:05 29      OLED_BBG000BLRP41_2021-03-17
2021-07-04 23:33:05 30      OLLI_BBG0098VVDT9_2021-03-17
2021-07-04 23:33:05 32      OMC_BBG000BS9489_2021-03-17
2021-07-04 23:33:05 33      OMCL_BBG000BTNGZ4_2021-03-17
2021-07-04 23:33:05 35      ON_BBG000DV7MX4_2021-03-17
2021-07-04 23:33:05 39      ONTO_BBG000BPRN29_2021-03-17
2021-07-04 23:33:05 40      ORCL_BBG000BQLTW7_2021-03-17
2021-07-04 23:33:05 44      ORLY_BBG000BGYWY6_2021-03-17
2021-07-04 23:33:05 45      OSIS_BBG000BWPR54_2021-03-17
2021-07-04 23:33:05 47      OSK_BBG000CC53X1_2021-03-17
2021-07-04 23:33:05 48      OSUR_BBG000J3D1Y8_2021-03-17
2021-07-04 23:33:05 49      OTIS_BBG00RP60KV0_2021-03-17
2021-07-04 23:33:05 51      OVV_BBG00R2NHQ65_2021-03-17
2021-07-04 23:33:05 52      OVV: SPYKE!. Candle: ID:20, Time: 9:10, Close: 27.96
2021-07-04 23:33:05 53      OXY_BBG000BQQ2S6_2021-03-17
2021-07-04 23:33:05 59      PAGS_BBG00JM7QBR6_2021-03-17
2021-07-04 23:33:05 60      PANW_BBG0014GJCT9_2021-03-17
2021-07-04 23:33:05 62      PATK_BBG000BQSBB2_2021-03-17
2021-07-04 23:33:05 63      PAYC_BBG0064N0ZZ5_2021-03-17
2021-07-04 23:33:05 64      PB_BBG000BHY4D9_2021-03-17
2021-07-04 23:33:05 65      PBCT_BBG000BQT4L6_2021-03-17
2021-07-04 23:33:05 67      PBF_BBG002832GV8_2021-03-17
2021-07-04 23:33:05 70      PBH_BBG000QM0RZ4_2021-03-17
2021-07-04 23:33:05 71      PBI_BBG000BQTMJ9_2021-03-17
2021-07-04 23:33:05 72      PCAR_BBG000BQVTF5_2021-03-17
2021-07-04 23:33:05 74      PCG_BBG000BQWPC5_2021-03-17
2021-07-04 23:33:05 75      PCRX_BBG0018FQNS6_2021-03-17
2021-07-04 23:33:05 77      PCTY_BBG006598YS8_2021-03-17
2021-07-04 23:33:05 78      PD_BBG0043BYPB8_2021-03-17
2021-07-04 23:33:05 79      PD: SPYKE!. Candle: ID:3589, Time: 20:10, Close: 39.02
2021-07-04 23:33:05 79      PDCO_BBG000BQY289_2021-03-17
2021-07-04 23:33:05 81      PEAK_BBG000BKYDP9_2021-03-17
2021-07-04 23:33:05 83      PEG_BBG000BQZMH4_2021-03-17
2021-07-04 23:33:05 85      PEGA_BBG000H1RYG7_2021-03-17
2021-07-04 23:33:05 86      PEN_BBG001BP92V1_2021-03-17
2021-07-04 23:33:05 87      PEP_BBG000DH7JK6_2021-03-17
2021-07-04 23:33:05 95      PETQ_BBG00H1CY328_2021-03-17
2021-07-04 23:33:05 96      PFE_BBG000BR2B91_2021-03-17
2021-07-04 23:33:06 01      PFG_BBG000NSCNT7_2021-03-17
2021-07-04 23:33:06 07      PFGC_BBG009XW2WB8_2021-03-17
2021-07-04 23:33:06 08      PFPT_BBG000RQ2GY7_2021-03-17
2021-07-04 23:33:06 10      PG_BBG000BR2TH3_2021-03-17
2021-07-04 23:33:06 17      PGNY_BBG002H1K1H1_2021-03-17
2021-07-04 23:33:06 19      PGR_BBG000BR37X2_2021-03-17
2021-07-04 23:33:06 21      PGTI_BBG000FX3Y66_2021-03-17
2021-07-04 23:33:06 22      PH_BBG000BR3KL6_2021-03-17
2021-07-04 23:33:06 24      PHM_BBG000BR54L0_2021-03-17
2021-07-04 23:33:06 27      PII_BBG000D5S4M0_2021-03-17
2021-07-04 23:33:06 29      PINC_BBG000G7QX50_2021-03-17
2021-07-04 23:33:06 30      PINS_BBG002583CV8_2021-03-17
2021-07-04 23:33:06 37      PIPR_BBG000FQXC75_2021-03-17
2021-07-04 23:33:06 37      PKG_BBG000BB8SW7_2021-03-17
2021-07-04 23:33:06 39      PKI_BBG000FXW512_2021-03-17
2021-07-04 23:33:06 40      PLAN_BBG002DZS299_2021-03-17
2021-07-04 23:33:06 42      PLAY_BBG001WWJTK5_2021-03-17
2021-07-04 23:33:06 44      PLCE_BBG000JK9DK4_2021-03-17
2021-07-04 23:33:06 45      PLD_BBG000B9Z0J8_2021-03-17
2021-07-04 23:33:06 47      PLNT_BBG009H04M17_2021-03-17
2021-07-04 23:33:06 48      PLTR_BBG000N7QR55_2021-03-17
2021-07-04 23:33:06 60      PLUS_BBG000HN7W02_2021-03-17
2021-07-04 23:33:06 60      PLXS_BBG000BRBX66_2021-03-17
2021-07-04 23:33:06 61      PM_BBG000J2XL74_2021-03-17
2021-07-04 23:33:06 64      PNC_BBG000BRD0D8_2021-03-17
2021-07-04 23:33:06 65      PNFP_BBG000C1XKF6_2021-03-17
2021-07-04 23:33:06 68      PNTG_BBG00P33SY72_2021-03-17
2021-07-04 23:33:06 68      PNTG: BuyPending. Strategy: MorningOpenStrategy2. Price: 47.16. Lots: 5. ChangeOpenToCurrent: -4.05. ChangePrevCloseToCurrent: -4.05. Candle: ID:1, Time: 7:05, Close: 47.16.
2021-07-04 23:33:06 68      PNTG: OrderID: 5bd27b55. PlacedOrder. Status: New. RejectReason: 
2021-07-04 23:33:06 68      PNTG: Cancel order. Did not bought at market open. Candle: ID:3, Time: 7:15, Close: 49.15
2021-07-04 23:33:06 68      OrderID: 5bd27b55 successfully canceled
2021-07-04 23:33:06 68      PODD_BBG000R7XX87_2021-03-17
2021-07-04 23:33:06 70      POOL_BBG000BCVG28_2021-03-17
2021-07-04 23:33:06 71      POR_BBG000BCRMW7_2021-03-17
2021-07-04 23:33:06 72      POST_BBG001WTBC36_2021-03-17
2021-07-04 23:33:06 72      POWI_BBG000BTT3D1_2021-03-17
2021-07-04 23:33:06 73      PPC_BBG000BFLXV3_2021-03-17
2021-07-04 23:33:06 74      PPG_BBG000BRJ809_2021-03-17
2021-07-04 23:33:06 75      PPL_BBG000BRJL00_2021-03-17
2021-07-04 23:33:06 77      PRAA_BBG000BNTW77_2021-03-17
2021-07-04 23:33:06 78      PRAH_BBG007387YL8_2021-03-17
2021-07-04 23:33:06 80      PRFT_BBG000BVXFK6_2021-03-17
2021-07-04 23:33:06 81      PRG_BBG00VSH86G4_2021-03-17
2021-07-04 23:33:06 81      PRGS_BBG000C4QP94_2021-03-17
2021-07-04 23:33:06 82      PRI_BBG000T8ZF80_2021-03-17
2021-07-04 23:33:06 83      PRLB_BBG000BT13B3_2021-03-17
2021-07-04 23:33:06 84      PRSP_BBG00KMXKWF9_2021-03-17
2021-07-04 23:33:06 85      PRU_BBG000HCJMF9_2021-03-17
2021-07-04 23:33:06 87      PSA_BBG000BPPN67_2021-03-17
2021-07-04 23:33:06 88      PSN_BBG000C3TKY6_2021-03-17
2021-07-04 23:33:06 89      PSTG_BBG00212PVZ5_2021-03-17
2021-07-04 23:33:06 91      PSX_BBG00286S4N9_2021-03-17
2021-07-04 23:33:06 92      PTC_BBG000C2VBB0_2021-03-17
2021-07-04 23:33:06 94      PTCT_BBG000QT15P7_2021-03-17
2021-07-04 23:33:06 96      PTON_BBG00JG0FFZ2_2021-03-17
2021-07-04 23:33:07 03      PTR_BBG000BR85F1_2021-03-17
2021-07-04 23:33:07 04      PUMP_BBG00FYCQ352_2021-03-17
2021-07-04 23:33:07 05      PVH_BBG000BRRG02_2021-03-17
2021-07-04 23:33:07 06      PWR_BBG000BBL8V7_2021-03-17
2021-07-04 23:33:07 07      PXD_BBG000BXRPH1_2021-03-17
2021-07-04 23:33:07 10      PYPL_BBG0077VNXV6_2021-03-17
2021-07-04 23:33:07 18      PZZA_BBG000BFWF13_2021-03-17
2021-07-04 23:33:07 20      QADA_BBG001BP77C3_2021-03-17
2021-07-04 23:33:07 21      QCOM_BBG000CGC1X8_2021-03-17
2021-07-04 23:33:07 32      QDEL_BBG000C6GN04_2021-03-17
2021-07-04 23:33:07 35      QLYS_BBG000HT5G06_2021-03-17
2021-07-04 23:33:07 38      QNST_BBG000S9XXB8_2021-03-17
2021-07-04 23:33:07 39      QRTEA_BBG000PCQQL6_2021-03-17
2021-07-04 23:33:07 41      QRVO_BBG007TJF1N7_2021-03-17
2021-07-04 23:33:07 45      QTS_BBG0054B20Z8_2021-03-17
2021-07-04 23:33:07 46      QTWO_BBG005ZVK9P2_2021-03-17
2021-07-04 23:33:07 47      QUOT_BBG001QYNR63_2021-03-17
2021-07-04 23:33:07 48      R_BBG000BRVP70_2021-03-17
2021-07-04 23:33:07 49      RACE_BBG009PH3Q86_2021-03-17
2021-07-04 23:33:07 50      RAMP_BBG000BB4HM6_2021-03-17
2021-07-04 23:33:07 51      RARE_BBG001RWPDW6_2021-03-17
2021-07-04 23:33:07 53      RAVN_BBG000CXQTZ3_2021-03-17
2021-07-04 23:33:07 54      RBC_BBG000BRXTR8_2021-03-17
2021-07-04 23:33:07 55      RCL_BBG000BB5792_2021-03-17
2021-07-04 23:33:07 58      RDFN_BBG001Q7HP63_2021-03-17
2021-07-04 23:33:07 60      RDS.A_BBG000QXSSS6_2021-03-17
2021-07-04 23:33:07 62      RDY_BBG000NJ96L6_2021-03-17
2021-07-04 23:33:07 63      RE_BBG000C1XVK6_2021-03-17
2021-07-04 23:33:07 64      REG_BBG000BL46Q4_2021-03-17
2021-07-04 23:33:07 66      REGI_BBG0016SSV00_2021-03-17
2021-07-04 23:33:07 68      REGI: BuyPending. Strategy: MorningOpenStrategy. Price: 68.24. Lots: 3. ChangeOpenToCurrent: -2.51. ChangePrevCloseToCurrent: -2.49. Candle: ID:75, Time: 7:00, Close: 68.24.
2021-07-04 23:33:07 68      REGI: OrderID: 0ba1481c. PlacedOrder. Status: New. RejectReason: 
2021-07-04 23:33:07 68      REGI: OrderID: 0ba1481c fully executed
2021-07-04 23:33:07 68      REGI: Morning closing. Close price: 69.02. Lots: 3. CandleChange: -0.33%. ChangeFromCandleHigh: -0.33%. Profit: 0.78(1.14%). Candle: ID:140, Time: 7:05, Close: 69.02
2021-07-04 23:33:07 68      REGI: OrderID: e9317819. PlacedOrder. Status: New. RejectReason: 
2021-07-04 23:33:07 68      REGI: OrderID: e9317819 fully executed
2021-07-04 23:33:07 71      REGN_BBG000C734W3_2021-03-17
2021-07-04 23:33:07 74      RETA_BBG000R33BD1_2021-03-17
2021-07-04 23:33:07 75      REX_BBG000D2ZK61_2021-03-17
2021-07-04 23:33:07 75      REZI_BBG00HY28K89_2021-03-17
2021-07-04 23:33:07 76      RF_BBG000Q3JN03_2021-03-17
2021-07-04 23:33:07 79      RGA_BBG000BDLCQ0_2021-03-17
2021-07-04 23:33:07 80      RGEN_BBG000BS48J3_2021-03-17
2021-07-04 23:33:07 82      RGLD_BBG000BS5170_2021-03-17
2021-07-04 23:33:07 83      RGNX_BBG007Z9V591_2021-03-17
2021-07-04 23:33:07 84      RGR_BBG000C4FQG6_2021-03-17
2021-07-04 23:33:07 85      RH_BBG002293PJ4_2021-03-17
2021-07-04 23:33:07 86      RHI_BBG000BS5DR2_2021-03-17
2021-07-04 23:33:07 88      RIG_BBG000BH5LT6_2021-03-17
2021-07-04 23:33:07 93      RJF_BBG000BS73J1_2021-03-17
2021-07-04 23:33:07 94      RL_BBG000BS0ZF1_2021-03-17
2021-07-04 23:33:07 96      RMD_BBG000L4M7F1_2021-03-17
2021-07-04 23:33:07 97      RNG_BBG000J094P3_2021-03-17
2021-07-04 23:33:08 00      ROCK_BBG000BKQDQ7_2021-03-17
2021-07-04 23:33:08 01      ROG_BBG000BS9HN3_2021-03-17
2021-07-04 23:33:08 02      ROK_BBG000BBCDZ2_2021-03-17
2021-07-04 23:33:08 04      ROKU_BBG001ZZPQJ6_2021-03-17
2021-07-04 23:33:08 08      ROL_BBG000BSBBP1_2021-03-17
2021-07-04 23:33:08 09      ROLL_BBG000GMGNB3_2021-03-17
2021-07-04 23:33:08 10      ROP_BBG000F1ZSN5_2021-03-17
2021-07-04 23:33:08 12      ROST_BBG000BSBZH7_2021-03-17
2021-07-04 23:33:08 15      RPD_BBG009DFHWG6_2021-03-17
2021-07-04 23:33:08 17      RPM_BBG000DCNK80_2021-03-17
2021-07-04 23:33:08 18      RRBI_BBG000QKNLB2_2021-03-17
2021-07-04 23:33:08 19      RRC_BBG000FVXD63_2021-03-17
2021-07-04 23:33:08 21      RRGB_BBG000MXH9C1_2021-03-17
2021-07-04 23:33:08 22      RS_BBG000CJ2181_2021-03-17
2021-07-04 23:33:08 23      RSG_BBG000BPXVJ6_2021-03-17
2021-07-04 23:33:08 24      RTX_BBG000BW8S60_2021-03-17
2021-07-04 23:33:08 28      RVLV_BBG00M4RHBD0_2021-03-17
2021-07-04 23:33:08 29      RXN_BBG000H8R0N8_2021-03-17
2021-07-04 23:33:08 31      RYN_BBG000BG7L34_2021-03-17
2021-07-04 23:33:08 31      RYTM_BBG007DLZ601_2021-03-17
2021-07-04 23:33:08 32      SAFM_BBG000BSHJ96_2021-03-17
2021-07-04 23:33:08 33      SAGE_BBG0025X16Y5_2021-03-17
2021-07-04 23:33:08 35      SAIA_BBG000P5LMQ0_2021-03-17
2021-07-04 23:33:08 36      SAIC_BBG003BW05K6_2021-03-17
2021-07-04 23:33:08 37      SAIL_BBG00J0BBZL0_2021-03-17
2021-07-04 23:33:08 38      SAM_BBG000BCZBF1_2021-03-17
2021-07-04 23:33:08 39      SAVE_BBG000BF6RQ9_2021-03-17
2021-07-04 23:33:08 41      SBAC_BBG000D2M0Z7_2021-03-17
2021-07-04 23:33:08 43      SBCF_BBG000KK3464_2021-03-17
2021-07-04 23:33:08 44      SBGI_BBG000F2XXP2_2021-03-17
2021-07-04 23:33:08 46      SBH_BBG000LR8515_2021-03-17
2021-07-04 23:33:08 47      SBRA_BBG000MTDW24_2021-03-17
2021-07-04 23:33:08 49      SBUX_BBG000CTQBF3_2021-03-17
2021-07-04 23:33:08 56      SCCO_BBG000BSHH72_2021-03-17
2021-07-04 23:33:08 56      SCHW_BBG000BSLZY7_2021-03-17
2021-07-04 23:33:08 60      SCI_BBG000BTHH16_2021-03-17
2021-07-04 23:33:08 62      SCSC_BBG000BHTPZ4_2021-03-17
2021-07-04 23:33:08 63      SDGR_BBG000T88BN2_2021-03-17
2021-07-04 23:33:08 66      SEDG_BBG0084BBZY6_2021-03-17
2021-07-04 23:33:08 68      SEE_BBG000C22QV7_2021-03-17
2021-07-04 23:33:08 70      SEIC_BBG000BSQLT9_2021-03-17
2021-07-04 23:33:08 71      SERV_TCS002WMH2F2_2021-03-17
2021-07-04 23:33:08 72      SF_BBG000BSS5C0_2021-03-17
2021-07-04 23:33:08 73      SFIX_BBG0046L1KL9_2021-03-17
2021-07-04 23:33:08 76      SFM_BBG001KFKQM7_2021-03-17
2021-07-04 23:33:08 78      SGEN_BBG000BH0FR6_2021-03-17
2021-07-04 23:33:08 81      SGEN_old_TCS000BH0FR6_2021-03-17
2021-07-04 23:33:08 81      Warning: figi `old` for history data does not match actual figi `BBG000BH0FR6`. Ticker: SGEN. Will be used actual!
2021-07-04 23:33:08 81      SHAK_BBG0063GCHH8_2021-03-17
2021-07-04 23:33:08 82      SHEN_BBG000BTC2N0_2021-03-17
2021-07-04 23:33:08 83      SHI_BBG000BHR1H9_2021-03-17
2021-07-04 23:33:08 84      SHW_BBG000BSXQV7_2021-03-17
2021-07-04 23:33:08 85      SIG_BBG000C4ZZ10_2021-03-17
2021-07-04 23:33:08 86      SIGI_BBG000BSZ738_2021-03-17
2021-07-04 23:33:08 87      SITE_BBG009T22D49_2021-03-17
2021-07-04 23:33:08 88      SIVB_BBG000BT0CM2_2021-03-17
2021-07-04 23:33:08 90      SJI_BBG000BT0T72_2021-03-17
2021-07-04 23:33:08 94      SJM_BBG000BT1715_2021-03-17
2021-07-04 23:33:08 95      SKM_BBG000BLN497_2021-03-17
2021-07-04 23:33:08 96      SKX_BBG000C4HKK2_2021-03-17
2021-07-04 23:33:08 97      SLAB_BBG000BB99S3_2021-03-17
2021-07-04 23:33:08 98      SLB_BBG000BT41Q8_2021-03-17
2021-07-04 23:33:09 02      SLG_BBG000BVP5P2_2021-03-17
2021-07-04 23:33:09 05      SMAR_BBG00GQK3WB5_2021-03-17
2021-07-04 23:33:09 07      SMG_BBG000BT5PG5_2021-03-17
2021-07-04 23:33:09 08      SMPL_BBG00GVP5JL4_2021-03-17
2021-07-04 23:33:09 09      SMTC_BBG000DBKR53_2021-03-17
2021-07-04 23:33:09 10      SNA_BBG000BT7JW9_2021-03-17
2021-07-04 23:33:09 11      SNAP_BBG00441QMJ7_2021-03-17
2021-07-04 23:33:09 18      SNBR_BBG000DM2BF3_2021-03-17
2021-07-04 23:33:09 20      SNPS_BBG000BSFRF3_2021-03-17
2021-07-04 23:33:09 23      SNX_BBG000CL9JV4_2021-03-17
2021-07-04 23:33:09 24      SNY_BBG000BBD5N1_2021-03-17
2021-07-04 23:33:09 25      SO_BBG000BT9DW0_2021-03-17
2021-07-04 23:33:09 29      SOHU_BBG00L2DB535_2021-03-17
2021-07-04 23:33:09 29      SOHU: BuyPending. Strategy: MorningOpenStrategy. Price: 17.35. Lots: 14. ChangeOpenToCurrent: -2.25. ChangePrevCloseToCurrent: 0.17. Candle: ID:4, Time: 7:00, Close: 17.35.
2021-07-04 23:33:09 29      SOHU: OrderID: 0b7dfa2f. PlacedOrder. Status: New. RejectReason: 
2021-07-04 23:33:09 29      SOHU: OrderID: 0b7dfa2f partially executed. Executed lots: 7. OrderStatus: 7/14 lots
2021-07-04 23:33:09 29      SOHU: OrderID: 0b7dfa2f fully executed
2021-07-04 23:33:09 29      SOHU: Morning closing by timeout. Close price: 17.38. Lots: 14. Profit: 0.03(0.17%). Candle: ID:22, Time: 7:30, Close: 17.38
2021-07-04 23:33:09 29      SOHU: OrderID: ac421511. PlacedOrder. Status: New. RejectReason: 
2021-07-04 23:33:09 29      SOHU: OrderID: ac421511 partially executed. Executed lots: 1. OrderStatus: 1/14 lots
2021-07-04 23:33:09 29      SOHU: OrderID: ac421511 partially executed. Executed lots: 3. OrderStatus: 4/14 lots
2021-07-04 23:33:09 29      SOHU: OrderID: ac421511 fully executed
2021-07-04 23:33:09 30      SON_BBG000D7HF89_2021-03-17
2021-07-04 23:33:09 31      SONO_BBG001JZPSQ2_2021-03-17
2021-07-04 23:33:09 34      SP_BBG000BJ91B1_2021-03-17
2021-07-04 23:33:09 35      SPB@US_BBG000DS5588_2021-03-17
2021-07-04 23:33:09 37      SPCE_BBG00HTN2CQ3_2021-03-17
2021-07-04 23:33:09 63      SPG_BBG000BJ2D31_2021-03-17
2021-07-04 23:33:09 66      SPGI_BBG000BP1Q11_2021-03-17
2021-07-04 23:33:09 67      SPLK_BBG001C7TST4_2021-03-17
2021-07-04 23:33:09 76      SPOT_BBG003T4VFC2_2021-03-17
2021-07-04 23:33:09 77      SPR_BBG000PRJ2Z9_2021-03-17
2021-07-04 23:33:09 80      SPSC_BBG000PZGB75_2021-03-17
2021-07-04 23:33:09 81      SQ_BBG0018SLC07_2021-03-17
2021-07-04 23:33:09 89      SRC_BBG0027Z6X10_2021-03-17
2021-07-04 23:33:09 91      SRCL_BBG000H3FZM6_2021-03-17
2021-07-04 23:33:09 92      SRDX_BBG000BZ2QG2_2021-03-17
2021-07-04 23:33:09 93      SRE_BBG000C2ZCH8_2021-03-17
2021-07-04 23:33:09 95      SRI_BBG000BB9Q78_2021-03-17
2021-07-04 23:33:09 96      SRPT_BBG000BCJ161_2021-03-17
2021-07-04 23:33:09 98      SSD_BBG000JLC8L8_2021-03-17
2021-07-04 23:33:10 00      SSNC_BBG000RJ2J04_2021-03-17
2021-07-04 23:33:10 02      SSTK_BBG002ZCK2V9_2021-03-17
2021-07-04 23:33:10 03      STAA_BBG000C4QB95_2021-03-17
2021-07-04 23:33:10 04      STAG_BBG000BGLFP7_2021-03-17
2021-07-04 23:33:10 06      STLD_BBG000HGYNZ9_2021-03-17
2021-07-04 23:33:10 09      STMP_BBG000CZ4KF3_2021-03-17
2021-07-04 23:33:10 11      STRA_BBG000GRZDV1_2021-03-17
2021-07-04 23:33:10 12      STT_BBG000BKFBD7_2021-03-17
2021-07-04 23:33:10 13      STX_BBG000F0KF42_2021-03-17
2021-07-04 23:33:10 13      Warning: figi `BBG000F0KF42` for history data does not match actual figi `BBG0113JGQF0`. Ticker: STX. Will be used actual!
2021-07-04 23:33:10 17      STZ_BBG000J1QLT0_2021-03-17
2021-07-04 23:33:10 18      SUPN_BBG000BP0HX7_2021-03-17
2021-07-04 23:33:10 19      SWAV_BBG005XVXML5_2021-03-17
2021-07-04 23:33:10 20      SWBI_BBG000BM0QL7_2021-03-17
2021-07-04 23:33:10 22      SWCH_BBG00HPDM5Z2_2021-03-17
2021-07-04 23:33:10 23      SWI_BBG00M1CKSK7_2021-03-17
2021-07-04 23:33:10 24      SWI: BuyPending. Strategy: MorningOpenStrategy. Price: 16.8. Lots: 14. ChangeOpenToCurrent: -3.78. ChangePrevCloseToCurrent: -1.41. Candle: ID:9, Time: 7:00, Close: 16.8.
2021-07-04 23:33:10 24      SWI: OrderID: 32648fc3. PlacedOrder. Status: New. RejectReason: 
2021-07-04 23:33:10 24      SWI: OrderID: 32648fc3 fully executed
2021-07-04 23:33:10 24      SWI: Morning closing. Close price: 16.88. Lots: 14. CandleChange: -0.12%. ChangeFromCandleHigh: -0.18%. Profit: 0.08(0.48%). Candle: ID:36, Time: 7:15, Close: 16.88
2021-07-04 23:33:10 24      SWI: OrderID: 91852918. PlacedOrder. Status: New. RejectReason: 
2021-07-04 23:33:10 24      SWI: OrderID: 91852918 partially executed. Executed lots: 4. OrderStatus: 4/14 lots
2021-07-04 23:33:10 24      SWI: OrderID: 91852918 partially executed. Executed lots: 2. OrderStatus: 6/14 lots
2021-07-04 23:33:10 24      SWI: OrderID: 91852918 partially executed. Executed lots: 5. OrderStatus: 11/14 lots
2021-07-04 23:33:10 24      SWI: OrderID: 91852918 partially executed. Executed lots: 1. OrderStatus: 12/14 lots
2021-07-04 23:33:10 24      SWI: OrderID: 91852918 fully executed
2021-07-04 23:33:10 24      SWK_BBG000BTQR96_2021-03-17
2021-07-04 23:33:10 26      SWKS_BBG000KLB4Q1_2021-03-17
2021-07-04 23:33:10 31      SWN_BBG000BTR593_2021-03-17
2021-07-04 23:33:10 34      SWX_BBG00FWP4JW4_2021-03-17
2021-07-04 23:33:10 35      SXI_BBG000BTT5B8_2021-03-17
2021-07-04 23:33:10 37      SXT_BBG000J79P80_2021-03-17
2021-07-04 23:33:10 39      SYF_BBG00658F3P3_2021-03-17
2021-07-04 23:33:10 43      SYK_BBG000DN7P92_2021-03-17
2021-07-04 23:33:10 44      SYKE_BBG000BBHPV4_2021-03-17
2021-07-04 23:33:10 45      SYNA_BBG000BQV1S2_2021-03-17
2021-07-04 23:33:10 49      SYNH_BBG0078Y1D92_2021-03-17
2021-07-04 23:33:10 53      SYY_BBG000BTVJ25_2021-03-17
2021-07-04 23:33:10 56      T_BBG000BSJK37_2021-03-17
2021-07-04 23:33:10 63      TAK_BBG000LF8708_2021-03-17
2021-07-04 23:33:10 69      TAL_BBG0016XJ8S0_2021-03-17
2021-07-04 23:33:10 72      TAP_BBG000BS7KS3_2021-03-17
2021-07-04 23:33:10 73      TCBI_BBG000DN4ZT1_2021-03-17
2021-07-04 23:33:10 75      TCMD_BBG001B12Z39_2021-03-17
2021-07-04 23:33:10 76      TCRR_BBG00FH3FM15_2021-03-17
2021-07-04 23:33:10 77      TCS_BBG005DXJS36_2021-03-17
2021-07-04 23:33:10 77      TCS: BuyPending. Strategy: MorningOpenStrategy. Price: 60.7. Lots: 4. ChangeOpenToCurrent: -2.38. ChangePrevCloseToCurrent: -1.78. Candle: ID:6, Time: 7:00, Close: 60.7.
2021-07-04 23:33:10 77      TCS: OrderID: 11cdd692. PlacedOrder. Status: New. RejectReason: 
2021-07-04 23:33:10 77      TCS: OrderID: 11cdd692 fully executed
2021-07-04 23:33:10 78      TCS: Morning closing. Close price: 62.7. Lots: 4. CandleChange: -0.30%. ChangeFromCandleHigh: -0.32%. Profit: 2.00(3.29%). Candle: ID:173, Time: 7:05, Close: 62.7
2021-07-04 23:33:10 78      TCS: OrderID: 79b1b9fc. PlacedOrder. Status: New. RejectReason: 
2021-07-04 23:33:10 78      TCS: OrderID: 79b1b9fc partially executed. Executed lots: 1. OrderStatus: 1/4 lots
2021-07-04 23:33:10 78      TCS: OrderID: 79b1b9fc fully executed
2021-07-04 23:33:10 78      TCX_BBG000L69KL5_2021-03-17
2021-07-04 23:33:10 79      TDC_BBG000R0L5J4_2021-03-17
2021-07-04 23:33:10 80      TDC: SPYKE!. Candle: ID:38, Time: 13:10, Close: 42.01
2021-07-04 23:33:10 80      TDC: SPYKE!. Candle: ID:42, Time: 13:10, Close: 40.65
2021-07-04 23:33:10 81      TDG_BBG000L8CBX4_2021-03-17
2021-07-04 23:33:10 82      TDOC_BBG0019T5SG0_2021-03-17
2021-07-04 23:33:10 86      TDS_BBG000BV0VK7_2021-03-17
2021-07-04 23:33:10 87      TDY_BBG000BMT9T6_2021-03-17
2021-07-04 23:33:10 88      TECH_BBG000C15114_2021-03-17
2021-07-04 23:33:10 89      TEL_BBG000RGM5P1_2021-03-17
2021-07-04 23:33:10 90      TENB_BBG00LBLCD02_2021-03-17
2021-07-04 23:33:10 92      TER_BBG000BV4DR6_2021-03-17
2021-07-04 23:33:10 97      TFC_BBG000BYYLS8_2021-03-17
2021-07-04 23:33:11 02      TFX_BBG000BV59Y6_2021-03-17
2021-07-04 23:33:11 02      TGNA_BBG000BK5DP1_2021-03-17
2021-07-04 23:33:11 03      TGT_BBG000H8TVT2_2021-03-17
2021-07-04 23:33:11 06      THG_BBG000FJH8W0_2021-03-17
2021-07-04 23:33:11 07      THO_BBG000BV6R84_2021-03-17
2021-07-04 23:33:11 08      THRM_BBG000BQLM34_2021-03-17
2021-07-04 23:33:11 09      THS_BBG000GQGJT4_2021-03-17
2021-07-04 23:33:11 10      TJX_BBG000BV8DN6_2021-03-17
2021-07-04 23:33:11 13      TKR_BBG000BV95H9_2021-03-17
2021-07-04 23:33:11 15      TMHC_BBG003PGJHP5_2021-03-17
2021-07-04 23:33:11 16      TMO_BBG000BVDLH9_2021-03-17
2021-07-04 23:33:11 17      TMUS_BBG000NDV1D4_2021-03-17
2021-07-04 23:33:11 22      TMX_BBG002WMH2F2_2021-03-17
2021-07-04 23:33:11 23      TNC_BBG000JCZJS2_2021-03-17
2021-07-04 23:33:11 24      TNDM_BBG0019V9M65_2021-03-17
2021-07-04 23:33:11 26      TNET_BBG000BR2040_2021-03-17
2021-07-04 23:33:11 27      TOL_BBG000BVHBM1_2021-03-17
2021-07-04 23:33:11 29      TOT_BBG000CHZ857_2021-03-17
2021-07-04 23:33:11 29      Warning: figi `BBG000CHZ857` for history data does not match actual figi `IZHBULDINKDK`. Ticker: TOT. Will be used actual!
2021-07-04 23:33:11 32      TPH_BBG0016YQTR5_2021-03-17
2021-07-04 23:33:11 33      TPIC_BBG0016MQ7C5_2021-03-17
2021-07-04 23:33:11 35      TPR_BBG000BY29C7_2021-03-17
2021-07-04 23:33:11 38      TPTX_BBG00NPL9WH7_2021-03-17
2021-07-04 23:33:11 39      TPX_BBG000PXGT62_2021-03-17
2021-07-04 23:33:11 42      TREE_BBG000TVRB50_2021-03-17
2021-07-04 23:33:11 43      TREX_BBG000BTGKK9_2021-03-17
2021-07-04 23:33:11 44      TRHC_BBG00BT7PPY8_2021-03-17
2021-07-04 23:33:11 45      TRIP_BBG001M8HHB7_2021-03-17
2021-07-04 23:33:11 49      TRMB_BBG000BNPS52_2021-03-17
2021-07-04 23:33:11 52      TROW_BBG000BVMPN3_2021-03-17
2021-07-04 23:33:11 55      TRU_BBG002Q7J5Z1_2021-03-17
2021-07-04 23:33:11 57      TRUP_BBG002BC7WC5_2021-03-17
2021-07-04 23:33:11 58      TRV_BBG000BJ81C1_2021-03-17
2021-07-04 23:33:11 61      TSCO_BBG000BLXZN1_2021-03-17
2021-07-04 23:33:11 63      TSLA_BBG000N9MNX3_2021-03-17
2021-07-04 23:33:12 27      TSM_BBG000BD8ZK0_2021-03-17
2021-07-04 23:33:12 36      TSN_BBG000DKCC19_2021-03-17
2021-07-04 23:33:12 40      TSS_BBG000C1JTL6_2021-03-17
2021-07-04 23:33:12 40      TT_BBG000BM6788_2021-03-17
2021-07-04 23:33:12 42      TTC_BBG000BVQRY3_2021-03-17
2021-07-04 23:33:12 43      TTD_BBG00629NGT2_2021-03-17
2021-07-04 23:33:12 45      TTEK_BBG000BYZ0Q5_2021-03-17
2021-07-04 23:33:12 47      TTM_BBG000PVGDH9_2021-03-17
2021-07-04 23:33:12 49      TTMI_BBG000BYQ0B1_2021-03-17
2021-07-04 23:33:12 50      TTWO_BBG000BS1YV5_2021-03-17
2021-07-04 23:33:12 53      TW_BBG00NK8H8T2_2021-03-17
2021-07-04 23:33:12 54      TWLO_BBG0029ZX840_2021-03-17
2021-07-04 23:33:12 57      TWNK_BBG00B6KGNN1_2021-03-17
2021-07-04 23:33:12 59      TWOU_BBG001KS9450_2021-03-17
2021-07-04 23:33:12 61      TWTR_BBG000H6HNW3_2021-03-17
2021-07-04 23:33:12 70      TXG_BBG007WX14X0_2021-03-17
2021-07-04 23:33:12 71      TXN_BBG000BVV7G1_2021-03-17
2021-07-04 23:33:12 77      TXRH_BBG000PSJMV7_2021-03-17
2021-07-04 23:33:12 78      TXT_BBG000BVVQQ8_2021-03-17
2021-07-04 23:33:12 80      TYL_BBG000BVWZF9_2021-03-17
2021-07-04 23:33:12 81      UA_BBG009DTD8H2_2021-03-17
2021-07-04 23:33:12 82      UAA_BBG000BXM6V2_2021-03-17
2021-07-04 23:33:12 84      UAL_BBG000M65M61_2021-03-17
2021-07-04 23:33:12 95      UBER_BBG002B04MT8_2021-03-17
2021-07-04 23:33:13 05      UCTT_BBG000HSLV70_2021-03-17
2021-07-04 23:33:13 06      UDR_BBG000C41023_2021-03-17
2021-07-04 23:33:13 09      UFPI_BBG000BL0T06_2021-03-17
2021-07-04 23:33:13 10      UFS_BBG000BHFHP8_2021-03-17
2021-07-04 23:33:13 10      UGI_BBG000BVYN55_2021-03-17
2021-07-04 23:33:13 12      UHS_BBG000CB8Q50_2021-03-17
2021-07-04 23:33:13 13      UI_BBG001R72SR9_2021-03-17
2021-07-04 23:33:13 14      ULTA_BBG00FWQ4VD6_2021-03-17
2021-07-04 23:33:13 19      UMBF_BBG000DD8WX1_2021-03-17
2021-07-04 23:33:13 20      UNF_BBG000BW29L1_2021-03-17
2021-07-04 23:33:13 21      UNH_BBG000CH5208_2021-03-17
2021-07-04 23:33:13 23      UNM_BBG000BW2QX0_2021-03-17
2021-07-04 23:33:13 25      UNP_BBG000BW3299_2021-03-17
2021-07-04 23:33:13 27      UNVR_BBG000BDHD29_2021-03-17
2021-07-04 23:33:13 28      UPS_BBG000L9CV04_2021-03-17
2021-07-04 23:33:13 31      UPWK_BBG00FBJ6390_2021-03-17
2021-07-04 23:33:13 32      UPWK: BuyPending. Strategy: MorningOpenStrategy. Price: 47.9. Lots: 5. ChangeOpenToCurrent: -2.84. ChangePrevCloseToCurrent: -2.82. Candle: ID:4, Time: 7:00, Close: 47.9.
2021-07-04 23:33:13 32      UPWK: OrderID: 1e9c3452. PlacedOrder. Status: New. RejectReason: 
2021-07-04 23:33:13 32      UPWK: Cancel order. Did not bought at market open. Candle: ID:6, Time: 7:05, Close: 49.04
2021-07-04 23:33:13 32      OrderID: 1e9c3452 successfully canceled
2021-07-04 23:33:13 34      URBN_BBG000BL79J3_2021-03-17
2021-07-04 23:33:13 36      URI_BBG000BXMFC3_2021-03-17
2021-07-04 23:33:13 37      USB_BBG000FFDM15_2021-03-17
2021-07-04 23:33:13 43      USFD_BBG00C6H6D40_2021-03-17
2021-07-04 23:33:13 44      USM_BBG000BW6P59_2021-03-17
2021-07-04 23:33:13 46      USNA_BBG000BX28M0_2021-03-17
2021-07-04 23:33:13 46      USPH_BBG000CSRSG6_2021-03-17
2021-07-04 23:33:13 47      UTHR_BBG000BV4XJ1_2021-03-17
2021-07-04 23:33:13 49      UTL_BBG000BW7X97_2021-03-17
2021-07-04 23:33:13 49      UTX_BBG0089KM290_2021-03-17
2021-07-04 23:33:13 50      V_BBG000PSKYX7_2021-03-17
2021-07-04 23:33:13 55      VAC_BBG001J2R5H3_2021-03-17
2021-07-04 23:33:13 56      VALE_BBG000BN5LG7_2021-03-17
2021-07-04 23:33:13 59      VC_BBG0016T3GQ0_2021-03-17
2021-07-04 23:33:13 60      VCEL_BBG000BDCM24_2021-03-17
2021-07-04 23:33:13 61      VCEL: SPYKE!. Candle: ID:1101, Time: 21:15, Close: 49.5
2021-07-04 23:33:13 61      VCRA_BBG00179VSY7_2021-03-17
2021-07-04 23:33:13 62      VCYT_BBG001J2M542_2021-03-17
2021-07-04 23:33:13 64      VEEV_BBG001CGB489_2021-03-17
2021-07-04 23:33:13 65      VEON_BBG000QCW561_2021-03-17
2021-07-04 23:33:13 69      VFC_BBG000BWCKB6_2021-03-17
2021-07-04 23:33:13 71      VG_BBG000BRB5D9_2021-03-17
2021-07-04 23:33:13 73      VIAC_BBG000C496P7_2021-03-17
2021-07-04 23:33:13 87      VICR_BBG000C3VHF1_2021-03-17
2021-07-04 23:33:13 88      VIE_BBG00K6P5XM1_2021-03-17
2021-07-04 23:33:13 88      VIPS_BBG002NLDLV8_2021-03-17
2021-07-04 23:33:13 92      VIR_BBG00H2QQ8T5_2021-03-17
2021-07-04 23:33:13 94      VIR: BuyPending. Strategy: MorningOpenStrategy. Price: 52.9. Lots: 4. ChangeOpenToCurrent: -2.15. ChangePrevCloseToCurrent: -0.73. Candle: ID:23, Time: 7:00, Close: 52.9.
2021-07-04 23:33:13 94      VIR: OrderID: 4b0a82f9. PlacedOrder. Status: New. RejectReason: 
2021-07-04 23:33:13 94      VIR: OrderID: 4b0a82f9 partially executed. Executed lots: 2. OrderStatus: 2/4 lots
2021-07-04 23:33:13 94      VIR: OrderID: 4b0a82f9 fully executed
2021-07-04 23:33:13 94      VIR: Morning closing by timeout. Close price: 52.91. Lots: 4. Profit: 0.01(0.02%). Candle: ID:86, Time: 7:20, Close: 52.91
2021-07-04 23:33:13 94      VIR: OrderID: 8b74df34. PlacedOrder. Status: New. RejectReason: 
2021-07-04 23:33:13 94      VIR: OrderID: 8b74df34 partially executed. Executed lots: 1. OrderStatus: 1/4 lots
2021-07-04 23:33:13 94      VIR: OrderID: 8b74df34 partially executed. Executed lots: 1. OrderStatus: 2/4 lots
2021-07-04 23:33:13 94      VIR: OrderID: 8b74df34 partially executed. Executed lots: 1. OrderStatus: 3/4 lots
2021-07-04 23:33:13 94      VIR: OrderID: 8b74df34 fully executed
2021-07-04 23:33:13 96      VLO_BBG000BBGGQ1_2021-03-17
2021-07-04 23:33:13 99      VMC_BBG000BWGYF8_2021-03-17
2021-07-04 23:33:14 00      VMI_BBG000BWB7V4_2021-03-17
2021-07-04 23:33:14 01      VMW_BBG000BC9938_2021-03-17
2021-07-04 23:33:14 03      VNDA_BBG000HT5MG6_2021-03-17
2021-07-04 23:33:14 03      VNE_BBG00K4MPP27_2021-03-17
2021-07-04 23:33:14 04      VNO_BBG000BWHD54_2021-03-17
2021-07-04 23:33:14 06      VNT_BBG00RRGSJR4_2021-03-17
2021-07-04 23:33:14 07      VPG_BBG000PRQ0V9_2021-03-17
2021-07-04 23:33:14 08      VREX_BBG00CZNLR47_2021-03-17
2021-07-04 23:33:14 09      VRNS_BBG001Y04TN6_2021-03-17
2021-07-04 23:33:14 10      VRNT_BBG000BCBYT2_2021-03-17
2021-07-04 23:33:14 11      VRSK_BBG000BCZL41_2021-03-17
2021-07-04 23:33:14 13      VRSN_BBG000BGKHZ3_2021-03-17
2021-07-04 23:33:14 16      VRTS_BBG000DMFQS2_2021-03-17
2021-07-04 23:33:14 17      VRTV_BBG005XZHR97_2021-03-17
2021-07-04 23:33:14 18      VRTX_BBG000C1S2X2_2021-03-17
2021-07-04 23:33:14 21      VTR_BBG000FRVHB9_2021-03-17
2021-07-04 23:33:14 23      VTRS_BBG00Y4RQNH4_2021-03-17
2021-07-04 23:33:14 27      VZ_BBG000HS77T5_2021-03-17
2021-07-04 23:33:14 32      W_BBG001B17MV2_2021-03-17
2021-07-04 23:33:14 34      WAB_BBG000BDD940_2021-03-17
2021-07-04 23:33:14 35      WAL_BBG000Q1KFH4_2021-03-17
2021-07-04 23:33:14 37      WAT_BBG000FQRVM3_2021-03-17
2021-07-04 23:33:14 37      WB_BBG0065XPGX9_2021-03-17
2021-07-04 23:33:14 39      WBA_BBG000BWLMJ4_2021-03-17
2021-07-04 23:33:14 43      WCC_BBG000D0FNV3_2021-03-17
2021-07-04 23:33:14 44      WDAY_BBG000VC0T95_2021-03-17
2021-07-04 23:33:14 46      WDC_BBG000BWNFZ9_2021-03-17
2021-07-04 23:33:14 51      WDFC_BBG000BWNV93_2021-03-17
2021-07-04 23:33:14 52      WEC_BBG000BWP7D9_2021-03-17
2021-07-04 23:33:14 54      WELL_BBG000BKY1G5_2021-03-17
2021-07-04 23:33:14 55      WERN_BBG000BWPP85_2021-03-17
2021-07-04 23:33:14 57      WEX_BBG000BVZP59_2021-03-17
2021-07-04 23:33:14 58      WFC_BBG000BWQFY7_2021-03-17
2021-07-04 23:33:14 65      WGO_BBG000BWS3F3_2021-03-17
2021-07-04 23:33:14 66      WH_BBG00HCY3Q67_2021-03-17
2021-07-04 23:33:14 67      WHD_BBG00JRH1P95_2021-03-17
2021-07-04 23:33:14 68      WHR_BBG000BWSV34_2021-03-17
2021-07-04 23:33:14 69      WING_BBG008N298Y8_2021-03-17
2021-07-04 23:33:14 70      WK_BBG007BVZ8H9_2021-03-17
2021-07-04 23:33:14 74      WLK_BBG000PXZFW2_2021-03-17
2021-07-04 23:33:14 75      WLTW_BBG000DB3KT1_2021-03-17
2021-07-04 23:33:14 76      WM_BBG000BWVSR1_2021-03-17
2021-07-04 23:33:14 79      WMB_BBG000BWVCP8_2021-03-17
2021-07-04 23:33:14 81      WMT_BBG000BWXBC2_2021-03-17
2021-07-04 23:33:14 85      WOR_BBG000HL7499_2021-03-17
2021-07-04 23:33:14 86      WORK_BBG007G7V505_2021-03-17
2021-07-04 23:33:14 88      WRB_BBG000BD1HP2_2021-03-17
2021-07-04 23:33:14 90      WRK_BBG008NXC572_2021-03-17
2021-07-04 23:33:14 92      WRLD_BBG000C3G9J2_2021-03-17
2021-07-04 23:33:14 93      WSC_BBG00B0FS947_2021-03-17
2021-07-04 23:33:14 94      WSM_BBG000FSMWC3_2021-03-17
2021-07-04 23:33:14 96      WSO_BBG000DJN7L9_2021-03-17
2021-07-04 23:33:14 97      WST_BBG000BX24N8_2021-03-17
2021-07-04 23:33:14 98      WTFC_BBG000HD3DW5_2021-03-17
2021-07-04 23:33:15 00      WTS_BBG000C4Z6C2_2021-03-17
2021-07-04 23:33:15 01      WTTR_BBG00G4Y2DC1_2021-03-17
2021-07-04 23:33:15 01      WTTR: BuyPending. Strategy: MorningOpenStrategy. Price: 5.93. Lots: 42. ChangeOpenToCurrent: -5.12. ChangePrevCloseToCurrent: -3.89. Candle: ID:9, Time: 7:00, Close: 5.93.
2021-07-04 23:33:15 01      WTTR: OrderID: a10a419b. PlacedOrder. Status: New. RejectReason: 
2021-07-04 23:33:15 01      WTTR: Cancel order. Did not bought at market open. Candle: ID:18, Time: 7:05, Close: 6.08
2021-07-04 23:33:15 01      OrderID: a10a419b successfully canceled
2021-07-04 23:33:15 02      WU_BBG000BB5373_2021-03-17
2021-07-04 23:33:15 04      WWD_BBG000BD53V2_2021-03-17
2021-07-04 23:33:15 05      WWE_BBG000F5YH15_2021-03-17
2021-07-04 23:33:15 06      WWW_BBG000BX2YN2_2021-03-17
2021-07-04 23:33:15 07      WY_BBG000BX3BL3_2021-03-17
2021-07-04 23:33:15 10      WYNN_BBG000LD9JQ8_2021-03-17
2021-07-04 23:33:15 13      XEC_BBG000D6L294_2021-03-17
2021-07-04 23:33:15 14      XEL_BBG000BCTQ65_2021-03-17
2021-07-04 23:33:15 18      XLNX_BBG000C0F570_2021-03-17
2021-07-04 23:33:15 23      XLRN_BBG000R5HWZ1_2021-03-17
2021-07-04 23:33:15 24      XNCR_BBG0026ZG4W0_2021-03-17
2021-07-04 23:33:15 25      XOM_BBG000GZQ728_2021-03-17
2021-07-04 23:33:15 34      XPO_BBG000L5CJF3_2021-03-17
2021-07-04 23:33:15 37      XRAY_BBG000BX57K1_2021-03-17
2021-07-04 23:33:15 38      XRX_BBG00NNG2ZJ8_2021-03-17
2021-07-04 23:33:15 40      XYL_BBG001D8R5D0_2021-03-17
2021-07-04 23:33:15 41      Y_BBG000BX6BJ3_2021-03-17
2021-07-04 23:33:15 42      YELP_BBG000Q2HM09_2021-03-17
2021-07-04 23:33:15 43      YETI_BBG00D8JC882_2021-03-17
2021-07-04 23:33:15 44      YEXT_BBG001MKZGY7_2021-03-17
2021-07-04 23:33:15 46      YUM_BBG000BH3GZ2_2021-03-17
2021-07-04 23:33:15 48      YUMC_BBG00B8N0HG1_2021-03-17
2021-07-04 23:33:15 51      YY_BBG003H0XV18_2021-03-17
2021-07-04 23:33:15 52      Z_BBG009NRSWJ4_2021-03-17
2021-07-04 23:33:15 59      ZBH_BBG000BKPL53_2021-03-17
2021-07-04 23:33:15 60      ZBRA_BBG000CC7LQ7_2021-03-17
2021-07-04 23:33:15 61      ZEN_BBG001HRFJG4_2021-03-17
2021-07-04 23:33:15 62      ZG_BBG000D13GN8_2021-03-17
2021-07-04 23:33:15 64      ZGNX_BBG000VDC3G9_2021-03-17
2021-07-04 23:33:15 66      ZI_BBG00S1HJ3M8_2021-03-17
2021-07-04 23:33:15 67      ZI: SPYKE!. Candle: ID:10, Time: 9:20, Close: 46.62
2021-07-04 23:33:15 68      ZION_BBG000BX9WL1_2021-03-17
2021-07-04 23:33:15 72      ZM_BBG0042V6JM8_2021-03-17
2021-07-04 23:33:15 80      ZNH_BBG000BXQ7R1_2021-03-17
2021-07-04 23:33:15 81      ZNH: SPYKE!. Candle: ID:52, Time: 13:30, Close: 36.36
2021-07-04 23:33:15 81      ZS_BBG003338H34_2021-03-17
2021-07-04 23:33:15 84      ZTS_BBG0039320N9_2021-03-17
2021-07-04 23:33:15 86      ZUMZ_BBG000PYX812_2021-03-17
2021-07-04 23:33:15 87      ZUO_BBG000BT3HG5_2021-03-17
2021-07-04 23:33:15 89      ZYNE_BBG007BBS8B7_2021-03-17
2021-07-04 23:33:15 94      ZYNE: BuyPending. Strategy: MorningOpenStrategy. Price: 5.08. Lots: 49. ChangeOpenToCurrent: -1.55. ChangePrevCloseToCurrent: -2.12. Candle: ID:148, Time: 7:00, Close: 5.08.
2021-07-04 23:33:15 94      ZYNE: OrderID: 8399d37a. PlacedOrder. Status: New. RejectReason: 
2021-07-04 23:33:15 94      ZYNE: OrderID: 8399d37a fully executed
2021-07-04 23:33:15 96      ZYNE: Morning closing. Close price: 5.14. Lots: 49. CandleChange: -0.19%. ChangeFromCandleHigh: -0.19%. Profit: 0.06(1.18%). Candle: ID:791, Time: 7:15, Close: 5.14
2021-07-04 23:33:15 96      ZYNE: OrderID: 732e7661. PlacedOrder. Status: New. RejectReason: 
2021-07-04 23:33:15 96      ZYNE: OrderID: 732e7661 fully executed
2021-07-04 23:33:16 00      ZYXI_BBG000BJBXZ2_2021-03-17
2021-07-04 23:33:16 03      ZYXI: SPYKE!. Candle: ID:1202, Time: 11:30, Close: 15.6
2021-07-04 23:33:16 03      Total candles read: 5693152
2021-07-04 23:33:16 03      Start DisposeAsync...
2021-07-04 23:33:16 04      Trade statistic. Total/Pos/Neg/(ratio): 10/8/2/(4); Profit: 14.93/1.49; Volume: 0; MaxVolume: 921.72; Commission: 2.366245;
2021-07-04 23:33:16 04      BaseBot::DisposeAsync...
2021-07-04 23:33:16 04      BaseBot::DisposeAsync done!
2021-07-04 23:33:16 04      End DisposeAsync...
