2021-06-08 00:51:31 34      mode=TestTradeBot;DumpQuotes=false;SubscribeQuotes=false;Strategies=MorningOpenStrategy;Token=token.txt;ConfigPath=usd.json;OutputFolder=.\test\;CandlesPath=C:\tinkoff\TestData\RawQuotes\5m\uncompressed\quotes_2021-01-28;
2021-06-08 00:51:31 35      Trade bot created
2021-06-08 00:51:31 37      Fake connection created
2021-06-08 00:51:32 22      List of disabled tickers: 
2021-06-08 00:51:32 23      AA_BBG00B3T3HD3_2021-01-28
2021-06-08 00:51:32 29      AA: SPYKE!. Candle: ID:8, Time: 7:00, Close: 18.04
2021-06-08 00:51:32 29      AA: SPYKE!. Candle: ID:70, Time: 7:05, Close: 17.97
2021-06-08 00:51:32 29      AA: SPYKE!. Candle: ID:91, Time: 7:05, Close: 17.32
2021-06-08 00:51:32 32      AAL_BBG005P7Q881_2021-01-28
2021-06-08 00:51:32 72      AAL: BuyPending. Strategy: MorningOpenStrategy. Price: 16.4. Lots: 15. ChangeOpenToCurrent: -0.79. ChangePrevCloseToCurrent: -2.50. Candle: ID:34, Time: 7:00, Close: 16.4.
2021-06-08 00:51:32 72      AAL: OrderID: f3df37ad. PlacedOrder. Status: New. RejectReason: 
2021-06-08 00:51:32 73      AAL: Cancel order. Did not bought at market open. Candle: ID:98, Time: 7:05, Close: 16.59
2021-06-08 00:51:32 73      OrderID: f3df37ad successfully canceled
2021-06-08 00:51:32 73      AAL: SPYKE!. Candle: ID:3920, Time: 12:10, Close: 16.7
2021-06-08 00:51:32 73      AAL: SPYKE!. Candle: ID:3925, Time: 12:10, Close: 18
2021-06-08 00:51:32 73      AAL: SPYKE!. Candle: ID:3927, Time: 12:10, Close: 16.35
2021-06-08 00:51:32 73      AAL: SPYKE!. Candle: ID:3936, Time: 12:10, Close: 17.5
2021-06-08 00:51:32 73      AAL: SPYKE!. Candle: ID:3939, Time: 12:10, Close: 17.8
2021-06-08 00:51:32 73      AAL: SPYKE!. Candle: ID:3950, Time: 12:10, Close: 17.01
2021-06-08 00:51:32 73      AAL: SPYKE!. Candle: ID:3951, Time: 12:10, Close: 16.69
2021-06-08 00:51:32 74      AAL: SPYKE!. Candle: ID:3952, Time: 12:10, Close: 17.94
2021-06-08 00:51:32 74      AAL: SPYKE!. Candle: ID:3953, Time: 12:10, Close: 18
2021-06-08 00:51:32 74      AAL: SPYKE!. Candle: ID:3964, Time: 12:10, Close: 17.01
2021-06-08 00:51:32 74      AAL: SPYKE!. Candle: ID:3965, Time: 12:10, Close: 16.69
2021-06-08 00:51:32 74      AAL: SPYKE!. Candle: ID:3976, Time: 12:10, Close: 17.01
2021-06-08 00:51:32 74      AAL: SPYKE!. Candle: ID:3983, Time: 12:10, Close: 16.7
2021-06-08 00:51:32 74      AAL: SPYKE!. Candle: ID:3993, Time: 12:10, Close: 17.2
2021-06-08 00:51:32 74      AAL: SPYKE!. Candle: ID:4003, Time: 12:10, Close: 17.98
2021-06-08 00:51:32 74      AAL: SPYKE!. Candle: ID:4008, Time: 12:10, Close: 17.04
2021-06-08 00:51:32 74      AAL: SPYKE!. Candle: ID:4009, Time: 12:10, Close: 17.04
2021-06-08 00:51:32 74      AAL: SPYKE!. Candle: ID:4011, Time: 12:10, Close: 17.9
2021-06-08 00:51:32 74      AAL: SPYKE!. Candle: ID:4012, Time: 12:10, Close: 17.98
2021-06-08 00:51:32 74      AAL: SPYKE!. Candle: ID:4015, Time: 12:10, Close: 17
2021-06-08 00:51:32 74      AAL: SPYKE!. Candle: ID:4016, Time: 12:10, Close: 17
2021-06-08 00:51:32 74      AAL: SPYKE!. Candle: ID:4017, Time: 12:10, Close: 17.98
2021-06-08 00:51:32 74      AAL: SPYKE!. Candle: ID:4018, Time: 12:10, Close: 18
2021-06-08 00:51:32 74      AAL: SPYKE!. Candle: ID:4040, Time: 12:10, Close: 17.07
2021-06-08 00:51:32 74      AAL: SPYKE!. Candle: ID:4046, Time: 12:10, Close: 17.08
2021-06-08 00:51:32 74      AAL: SPYKE!. Candle: ID:8450, Time: 12:35, Close: 19.81
2021-06-08 00:51:32 77      AAL: SPYKE!. Candle: ID:18279, Time: 12:50, Close: 25.7
2021-06-08 00:51:32 80      AAL: SPYKE!. Candle: ID:31507, Time: 13:25, Close: 25.26
2021-06-08 00:51:32 80      AAL: SPYKE!. Candle: ID:31510, Time: 13:25, Close: 23.95
2021-06-08 00:51:32 82      AAL: SPYKE!. Candle: ID:39977, Time: 13:50, Close: 21.77
2021-06-08 00:51:32 82      AAL: SPYKE!. Candle: ID:39978, Time: 13:50, Close: 21.8
2021-06-08 00:51:32 85      AAL: SPYKE!. Candle: ID:49783, Time: 14:20, Close: 20.1
2021-06-08 00:51:32 85      AAL: SPYKE!. Candle: ID:49790, Time: 14:20, Close: 19.46
2021-06-08 00:51:33 11      AAPL_BBG000B9XRY4_2021-01-28
2021-06-08 00:51:33 73      ABBV_BBG0025Y4RY4_2021-01-28
2021-06-08 00:51:33 81      ABNB_BBG001Y2XS07_2021-01-28
2021-06-08 00:51:33 86      ABNB: SPYKE!. Candle: ID:668, Time: 13:50, Close: 202.8
2021-06-08 00:51:33 90      ABT_BBG000B9ZXB4_2021-01-28
2021-06-08 00:51:33 94      ACAD_BBG000BHG9K0_2021-01-28
2021-06-08 00:51:33 97      ACH_BBG000CMRVH1_2021-01-28
2021-06-08 00:51:33 98      ADBE_BBG000BB5006_2021-01-28
2021-06-08 00:51:34 06      ADM_BBG000BB6WG8_2021-01-28
2021-06-08 00:51:34 08      ADP_BBG000JG0547_2021-01-28
2021-06-08 00:51:34 12      ADSK_BBG000BM7HL0_2021-01-28
2021-06-08 00:51:34 15      AES_BBG000C23KJ3_2021-01-28
2021-06-08 00:51:34 18      AES: SPYKE!. Candle: ID:120, Time: 13:00, Close: 22.98
2021-06-08 00:51:34 19      AFL_BBG000BBBNC6_2021-01-28
2021-06-08 00:51:34 22      AIG_BBG000BBDZG3_2021-01-28
2021-06-08 00:51:34 25      AKAM_BBG000BJQWD2_2021-01-28
2021-06-08 00:51:34 29      ALK_BBG000BBL0Y1_2021-01-28
2021-06-08 00:51:34 30      ALL_BBG000BVMGF2_2021-01-28
2021-06-08 00:51:34 32      ALXN_BBG000G30YX4_2021-01-28
2021-06-08 00:51:34 37      AMAT_BBG000BBPFB9_2021-01-28
2021-06-08 00:51:34 42      AMCX_BBG000H01H92_2021-01-28
2021-06-08 00:51:34 45      AMCX: BuyPending. Strategy: MorningOpenStrategy. Price: 47.74. Lots: 5. ChangeOpenToCurrent: 0.08. ChangePrevCloseToCurrent: -3.36. Candle: ID:18, Time: 7:00, Close: 47.74.
2021-06-08 00:51:34 45      AMCX: OrderID: a4bb52db. PlacedOrder. Status: New. RejectReason: 
2021-06-08 00:51:34 45      AMCX: OrderID: a4bb52db partially executed. Executed lots: 2. OrderStatus: 2/5 lots
2021-06-08 00:51:34 46      AMCX: OrderID: a4bb52db fully executed
2021-06-08 00:51:34 46      AMCX: Morning closing by timeout. Close price: 47.46. Lots: 5. Profit: -0.28(-0.59%). Candle: ID:120, Time: 7:20, Close: 47.46
2021-06-08 00:51:34 46      AMCX: OrderID: 95b88ebc. PlacedOrder. Status: New. RejectReason: 
2021-06-08 00:51:34 46      AMCX: OrderID: 95b88ebc partially executed. Executed lots: 1. OrderStatus: 1/5 lots
2021-06-08 00:51:34 46      AMCX: OrderID: 95b88ebc fully executed
2021-06-08 00:51:34 48      Exception happened while copiyng file. Error: Could not find a part of the path 'C:\tinkoff\Configuration\test\AMCX_BBG000H01H92_2021-01-28.csv'.
2021-06-08 00:51:34 49      AMD_BBG000BBQCY0_2021-01-28
2021-06-08 00:51:34 74      AMGN_BBG000BBS2Y0_2021-01-28
2021-06-08 00:51:34 78      AMZN_BBG000BVPV84_2021-01-28
2021-06-08 00:51:34 91      ANGI_BBG00HVKH3Q0_2021-01-28
2021-06-08 00:51:34 95      APA_BBG000BC2C10_2021-01-28
2021-06-08 00:51:34 95      Warning: figi `BBG000BC2C10` for history data does not match actual figi `BBG00YTS96G2`. Ticker: APA. Will be used actual!
2021-06-08 00:51:34 97      APA: BuyPending. Strategy: MorningOpenStrategy. Price: 14.4. Lots: 17. ChangeOpenToCurrent: 0. ChangePrevCloseToCurrent: -2.17. Candle: ID:11, Time: 7:00, Close: 14.4.
2021-06-08 00:51:34 97      APA: OrderID: e2e7c237. PlacedOrder. Status: New. RejectReason: 
2021-06-08 00:51:34 97      APA: OrderID: e2e7c237 fully executed
2021-06-08 00:51:34 97      APA: Buy more. Price: 14.06. Lots: 17. changeFromLastBuy: -2.36. Candle: ID:34, Time: 7:00, Close: 14.06.
2021-06-08 00:51:34 97      APA: OrderID: b3fb7f00. PlacedOrder. Status: New. RejectReason: 
2021-06-08 00:51:34 97      APA: OrderID: b3fb7f00 fully executed
2021-06-08 00:51:34 97      APA: Morning closing by timeout. Close price: 14.22. Lots: 34. Profit: -0.01(-0.07%). Candle: ID:347, Time: 7:20, Close: 14.22
2021-06-08 00:51:34 97      APA: OrderID: d57775bc. PlacedOrder. Status: New. RejectReason: 
2021-06-08 00:51:34 97      APA: OrderID: d57775bc partially executed. Executed lots: 4. OrderStatus: 4/34 lots
2021-06-08 00:51:34 97      APA: OrderID: d57775bc partially executed. Executed lots: 4. OrderStatus: 8/34 lots
2021-06-08 00:51:34 97      APA: OrderID: d57775bc partially executed. Executed lots: 1. OrderStatus: 9/34 lots
2021-06-08 00:51:34 97      APA: OrderID: d57775bc partially executed. Executed lots: 1. OrderStatus: 10/34 lots
2021-06-08 00:51:34 97      APA: OrderID: d57775bc partially executed. Executed lots: 4. OrderStatus: 14/34 lots
2021-06-08 00:51:34 97      APA: OrderID: d57775bc partially executed. Executed lots: 1. OrderStatus: 15/34 lots
2021-06-08 00:51:34 97      APA: OrderID: d57775bc partially executed. Executed lots: 3. OrderStatus: 18/34 lots
2021-06-08 00:51:34 97      APA: OrderID: d57775bc partially executed. Executed lots: 1. OrderStatus: 19/34 lots
2021-06-08 00:51:34 97      APA: OrderID: d57775bc partially executed. Executed lots: 4. OrderStatus: 23/34 lots
2021-06-08 00:51:34 97      APA: OrderID: d57775bc partially executed. Executed lots: 1. OrderStatus: 24/34 lots
2021-06-08 00:51:34 97      APA: OrderID: d57775bc partially executed. Executed lots: 8. OrderStatus: 32/34 lots
2021-06-08 00:51:34 97      APA: OrderID: d57775bc fully executed
2021-06-08 00:51:34 98      Exception happened while copiyng file. Error: Could not find a part of the path 'C:\tinkoff\Configuration\test\APA_BBG000BC2C10_2021-01-28.csv'.
2021-06-08 00:51:34 99      APLE_BBG006473QX9_2021-01-28
2021-06-08 00:51:35 00      APTV_BBG001QD41M9_2021-01-28
2021-06-08 00:51:35 02      ARCT_BBG00NNW8JK1_2021-01-28
2021-06-08 00:51:35 03      ARCT: BuyPending. Strategy: MorningOpenStrategy. Price: 66.52. Lots: 3. ChangeOpenToCurrent: -2.89. ChangePrevCloseToCurrent: -2.03. Candle: ID:14, Time: 7:00, Close: 66.52.
2021-06-08 00:51:35 03      ARCT: OrderID: 05e8e987. PlacedOrder. Status: New. RejectReason: 
2021-06-08 00:51:35 03      ARCT: OrderID: 05e8e987 fully executed
2021-06-08 00:51:35 03      ARCT: Morning closing. Close price: 67.5. Lots: 3. CandleChange: 0.76%. ChangeFromCandleHigh: -1.45%. Profit: 0.98(1.47%). Candle: ID:37, Time: 7:05, Close: 67.5
2021-06-08 00:51:35 03      ARCT: OrderID: 4e06d3b8. PlacedOrder. Status: New. RejectReason: 
2021-06-08 00:51:35 03      ARCT: OrderID: 4e06d3b8 partially executed. Executed lots: 1. OrderStatus: 1/3 lots
2021-06-08 00:51:35 03      ARCT: OrderID: 4e06d3b8 fully executed
2021-06-08 00:51:35 04      Exception happened while copiyng file. Error: Could not find a part of the path 'C:\tinkoff\Configuration\test\ARCT_BBG00NNW8JK1_2021-01-28.csv'.
2021-06-08 00:51:35 05      ARMK_BBG001KY4N87_2021-01-28
2021-06-08 00:51:35 06      ARWR_BBG000BRVKH0_2021-01-28
2021-06-08 00:51:35 08      ATRA_BBG005Q3MQY4_2021-01-28
2021-06-08 00:51:35 09      ATRA: BuyPending. Strategy: MorningOpenStrategy. Price: 18.8. Lots: 13. ChangeOpenToCurrent: -0.53. ChangePrevCloseToCurrent: -2.34. Candle: ID:27, Time: 7:00, Close: 18.8.
2021-06-08 00:51:35 09      ATRA: OrderID: 4c2d9516. PlacedOrder. Status: New. RejectReason: 
2021-06-08 00:51:35 09      ATRA: Cancel order. Did not bought at market open. Candle: ID:36, Time: 7:05, Close: 18.83
2021-06-08 00:51:35 09      OrderID: 4c2d9516 successfully canceled
2021-06-08 00:51:35 10      ATUS_BBG00GFMPRK0_2021-01-28
2021-06-08 00:51:35 12      ATUS: SPYKE!. Candle: ID:5715, Time: 21:55, Close: 36.79
2021-06-08 00:51:35 12      ATVI_BBG000CVWGS6_2021-01-28
2021-06-08 00:51:35 18      AVGO_BBG00KHY5S69_2021-01-28
2021-06-08 00:51:35 23      AXP_BBG000BCQZS4_2021-01-28
2021-06-08 00:51:35 29      BA_BBG000BCSST7_2021-01-28
2021-06-08 00:51:35 35      BABA_BBG006G2JVL2_2021-01-28
2021-06-08 00:51:35 46      BAC_BBG000BCTLF6_2021-01-28
2021-06-08 00:51:35 55      BAX_BBG000BCVJ77_2021-01-28
2021-06-08 00:51:35 59      BBY_BBG000BCWCG1_2021-01-28
2021-06-08 00:51:35 62      BEN_BBG000BD0TF8_2021-01-28
2021-06-08 00:51:35 64      BHF_BBG00DYPZ4T0_2021-01-28
2021-06-08 00:51:35 64      BIDU_BBG000QXWHD1_2021-01-28
2021-06-08 00:51:35 72      BIIB_BBG000C17X76_2021-01-28
2021-06-08 00:51:35 75      BILI_BBG00K7T3037_2021-01-28
2021-06-08 00:51:35 84      BK_BBG000BD8PN9_2021-01-28
2021-06-08 00:51:35 87      BKR_BBG00GBVBK51_2021-01-28
2021-06-08 00:51:35 90      BLDR_BBG000BKD3K9_2021-01-28
2021-06-08 00:51:35 92      BLUE_BBG000QGWY50_2021-01-28
2021-06-08 00:51:35 94      BMRN_BBG000CZWZ05_2021-01-28
2021-06-08 00:51:35 96      BMY_BBG000DQLV23_2021-01-28
2021-06-08 00:51:36 01      BRK.B_BBG000DWG505_2021-01-28
2021-06-08 00:51:36 04      BSX_BBG000C0LW92_2021-01-28
2021-06-08 00:51:36 07      BTI_BBG000BWPXQ8_2021-01-28
2021-06-08 00:51:36 09      BUD_BBG000RYC984_2021-01-28
2021-06-08 00:51:36 11      BWA_BBG000BJ49H3_2021-01-28
2021-06-08 00:51:36 12      BYND_BBG003CVJP50_2021-01-28
2021-06-08 00:51:36 17      BZUN_BBG008HNS333_2021-01-28
2021-06-08 00:51:36 18      C_BBG000FY4S11_2021-01-28
2021-06-08 00:51:36 25      CAG_BBG000BDXGP9_2021-01-28
2021-06-08 00:51:36 30      CAH_BBG000D898T9_2021-01-28
2021-06-08 00:51:36 35      CARG_BBG00HQ77DS2_2021-01-28
2021-06-08 00:51:36 37      CARR_BBG00RP5HYS8_2021-01-28
2021-06-08 00:51:36 39      CAT_BBG000BF0K17_2021-01-28
2021-06-08 00:51:36 43      CB_BBG000BR14K5_2021-01-28
2021-06-08 00:51:36 45      CBRE_BBG000C04224_2021-01-28
2021-06-08 00:51:36 47      CCL_BBG000BF6LY3_2021-01-28
2021-06-08 00:51:36 54      CCL: BuyPending. Strategy: MorningOpenStrategy. Price: 18.54. Lots: 13. ChangeOpenToCurrent: -0.86. ChangePrevCloseToCurrent: -2.06. Candle: ID:52, Time: 7:00, Close: 18.54.
2021-06-08 00:51:36 55      CCL: OrderID: 3f6aa255. PlacedOrder. Status: New. RejectReason: 
2021-06-08 00:51:36 55      CCL: OrderID: 3f6aa255 fully executed
2021-06-08 00:51:36 55      CCL: Morning closing. Close price: 18.77. Lots: 13. CandleChange: -0.05%. ChangeFromCandleHigh: -0.11%. Profit: 0.23(1.24%). Candle: ID:169, Time: 7:10, Close: 18.77
2021-06-08 00:51:36 55      CCL: OrderID: 061ab7b1. PlacedOrder. Status: New. RejectReason: 
2021-06-08 00:51:36 55      CCL: OrderID: 061ab7b1 partially executed. Executed lots: 2. OrderStatus: 2/13 lots
2021-06-08 00:51:36 55      CCL: OrderID: 061ab7b1 partially executed. Executed lots: 1. OrderStatus: 3/13 lots
2021-06-08 00:51:36 55      CCL: OrderID: 061ab7b1 partially executed. Executed lots: 2. OrderStatus: 5/13 lots
2021-06-08 00:51:36 55      CCL: OrderID: 061ab7b1 fully executed
2021-06-08 00:51:36 61      Exception happened while copiyng file. Error: Could not find a part of the path 'C:\tinkoff\Configuration\test\CCL_BBG000BF6LY3_2021-01-28.csv'.
2021-06-08 00:51:36 61      CDNS_BBG000C13CD9_2021-01-28
2021-06-08 00:51:36 63      CDW_BBG001P63B80_2021-01-28
2021-06-08 00:51:36 65      CERN_BBG000BFDLV8_2021-01-28
2021-06-08 00:51:36 67      CF_BBG000BWJFZ4_2021-01-28
2021-06-08 00:51:36 70      CFG_BBG006Q0HY77_2021-01-28
2021-06-08 00:51:36 73      CGNX_BBG000BPBVW5_2021-01-28
2021-06-08 00:51:36 74      CHEF_BBG001MFW6D6_2021-01-28
2021-06-08 00:51:36 75      CHGG_BBG0014XR0N5_2021-01-28
2021-06-08 00:51:36 77      CHNG_BBG0059KNH10_2021-01-28
2021-06-08 00:51:36 78      CHRW_BBG000BTCH57_2021-01-28
2021-06-08 00:51:36 80      CHTR_BBG000VPGNR2_2021-01-28
2021-06-08 00:51:36 82      CHX_BBG00JH9TZ56_2021-01-28
2021-06-08 00:51:36 84      CIEN_BBG000BP1152_2021-01-28
2021-06-08 00:51:36 85      CINF_BBG000BFPK65_2021-01-28
2021-06-08 00:51:36 87      CL_BBG000BFQYY3_2021-01-28
2021-06-08 00:51:36 90      CLF_BBG000BFRF55_2021-01-28
2021-06-08 00:51:36 94      CLR_BBG000BHBGN6_2021-01-28
2021-06-08 00:51:36 97      CMA_BBG000C75N77_2021-01-28
2021-06-08 00:51:36 98      CMCSA_BBG000BFT2L4_2021-01-28
2021-06-08 00:51:37 05      CME_BBG000BHLYP4_2021-01-28
2021-06-08 00:51:37 07      CMS_BBG000BFVXX0_2021-01-28
2021-06-08 00:51:37 09      CNC_BBG000BDXCJ5_2021-01-28
2021-06-08 00:51:37 12      CNK_BBG000QDVR53_2021-01-28
2021-06-08 00:51:37 20      CNP_BBG000FDBX90_2021-01-28
2021-06-08 00:51:37 21      COF_BBG000BGKTF9_2021-01-28
2021-06-08 00:51:37 24      COG_BBG000C3GN47_2021-01-28
2021-06-08 00:51:37 26      COP_BBG000BQQH30_2021-01-28
2021-06-08 00:51:37 31      CORT_BBG000BKJG33_2021-01-28
2021-06-08 00:51:37 32      COST_BBG000F6H8W8_2021-01-28
2021-06-08 00:51:37 36      COTY_BBG000F395V1_2021-01-28
2021-06-08 00:51:37 41      COUP_BBG001J4BCN4_2021-01-28
2021-06-08 00:51:37 43      CPB_BBG000BG4202_2021-01-28
2021-06-08 00:51:37 45      CPRI_BBG0029SNR63_2021-01-28
2021-06-08 00:51:37 47      CPRT_BBG000BM9RH1_2021-01-28
2021-06-08 00:51:37 49      CREE_BBG000BG14P4_2021-01-28
2021-06-08 00:51:37 51      CRM_BBG000BN2DC2_2021-01-28
2021-06-08 00:51:37 58      CROX_BBG000BLY663_2021-01-28
2021-06-08 00:51:37 61      CRUS_BBG000C1DHF5_2021-01-28
2021-06-08 00:51:37 63      CRWD_BBG00BLYKS03_2021-01-28
2021-06-08 00:51:37 67      CSCO_BBG000C3J3C9_2021-01-28
2021-06-08 00:51:37 75      CSX_BBG000BGJRC8_2021-01-28
2021-06-08 00:51:37 80      CTSH_BBG000BBDV81_2021-01-28
2021-06-08 00:51:37 83      CTVA_BBG00BN969C1_2021-01-28
2021-06-08 00:51:37 87      CTXS_BBG000FQ6PY6_2021-01-28
2021-06-08 00:51:37 89      CVET_BBG00KR691K8_2021-01-28
2021-06-08 00:51:37 89      CVET: SPYKE!. Candle: ID:1809, Time: 22:30, Close: 34
2021-06-08 00:51:37 89      CVET: SPYKE!. Candle: ID:1811, Time: 22:30, Close: 36.15
2021-06-08 00:51:37 90      CVS_BBG000BGRY34_2021-01-28
2021-06-08 00:51:37 92      CVX_BBG000K4ND22_2021-01-28
2021-06-08 00:51:37 97      D_BBG000BGVW60_2021-01-28
2021-06-08 00:51:38 01      DAL_BBG000R7Z112_2021-01-28
2021-06-08 00:51:38 07      DAL: SPYKE!. Candle: ID:5154, Time: 14:05, Close: 40.15
2021-06-08 00:51:38 11      DBX_BBG0018SLDN0_2021-01-28
2021-06-08 00:51:38 15      DD_BBG00BN961G4_2021-01-28
2021-06-08 00:51:38 15      DDOG_BBG003NJHZT9_2021-01-28
2021-06-08 00:51:38 19      DFS_BBG000QBR5J5_2021-01-28
2021-06-08 00:51:38 22      DHI_BBG000DQTXY6_2021-01-28
2021-06-08 00:51:38 25      DHR_BBG000BH3JF8_2021-01-28
2021-06-08 00:51:38 27      DIS_BBG000BH4R78_2021-01-28
2021-06-08 00:51:38 31      DIS: BuyPending. Strategy: MorningOpenStrategy. Price: 162.63. Lots: 1. ChangeOpenToCurrent: -2.02. ChangePrevCloseToCurrent: -0.23. Candle: ID:21, Time: 7:00, Close: 162.63.
2021-06-08 00:51:38 31      DIS: OrderID: ca0cf988. PlacedOrder. Status: New. RejectReason: 
2021-06-08 00:51:38 31      DIS: OrderID: ca0cf988 fully executed
2021-06-08 00:51:38 31      DIS: Morning closing by timeout. Close price: 161.43. Lots: 1. Profit: -1.20(-0.74%). Candle: ID:73, Time: 7:20, Close: 161.43
2021-06-08 00:51:38 31      DIS: OrderID: 8d689f44. PlacedOrder. Status: New. RejectReason: 
2021-06-08 00:51:38 31      DIS: OrderID: 8d689f44 fully executed
2021-06-08 00:51:38 34      Exception happened while copiyng file. Error: Could not find a part of the path 'C:\tinkoff\Configuration\test\DIS_BBG000BH4R78_2021-01-28.csv'.
2021-06-08 00:51:38 34      DISCA_BBG000CHWP52_2021-01-28
2021-06-08 00:51:38 48      DISCK_BBG000VMWHH5_2021-01-28
2021-06-08 00:51:38 57      DISCK: SPYKE!. Candle: ID:93, Time: 13:50, Close: 33.96
2021-06-08 00:51:38 57      DISCK: SPYKE!. Candle: ID:98, Time: 14:00, Close: 34.26
2021-06-08 00:51:38 62      DKNG_BBG00TCBG714_2021-01-28
2021-06-08 00:51:38 67      DKNG: BuyPending. Strategy: MorningOpenStrategy. Price: 52. Lots: 4. ChangeOpenToCurrent: -2.27. ChangePrevCloseToCurrent: -3.49. Candle: ID:9, Time: 7:00, Close: 52.
2021-06-08 00:51:38 67      DKNG: OrderID: 8499d8f7. PlacedOrder. Status: New. RejectReason: 
2021-06-08 00:51:38 67      DKNG: OrderID: 8499d8f7 fully executed
2021-06-08 00:51:38 67      DKNG: Buy more. Price: 50.93. Lots: 4. changeFromLastBuy: -2.06. Candle: ID:11, Time: 7:00, Close: 50.93.
2021-06-08 00:51:38 67      DKNG: OrderID: 2f40173f. PlacedOrder. Status: New. RejectReason: 
2021-06-08 00:51:38 67      DKNG: OrderID: 2f40173f fully executed
2021-06-08 00:51:38 67      DKNG: Morning closing. Close price: 52.61. Lots: 8. CandleChange: -0.53%. ChangeFromCandleHigh: -0.74%. Profit: 1.15(2.23%). Candle: ID:89, Time: 7:10, Close: 52.61
2021-06-08 00:51:38 67      DKNG: OrderID: 18c8988f. PlacedOrder. Status: New. RejectReason: 
2021-06-08 00:51:38 67      DKNG: OrderID: 18c8988f partially executed. Executed lots: 1. OrderStatus: 1/8 lots
2021-06-08 00:51:38 67      DKNG: OrderID: 18c8988f partially executed. Executed lots: 1. OrderStatus: 2/8 lots
2021-06-08 00:51:38 67      DKNG: OrderID: 18c8988f fully executed
2021-06-08 00:51:38 71      Exception happened while copiyng file. Error: Could not find a part of the path 'C:\tinkoff\Configuration\test\DKNG_BBG00TCBG714_2021-01-28.csv'.
2021-06-08 00:51:38 71      DKS_BBG000F6ZWH2_2021-01-28
2021-06-08 00:51:38 73      DLTR_BBG000BSC0K9_2021-01-28
2021-06-08 00:51:38 75      DOCU_BBG000N7KJX8_2021-01-28
2021-06-08 00:51:38 78      DOW_BBG00BN96922_2021-01-28
2021-06-08 00:51:38 82      DRI_BBG000BBNYF6_2021-01-28
2021-06-08 00:51:38 84      DT_BBG00PNN7C40_2021-01-28
2021-06-08 00:51:38 86      DVN_BBG000BBVJZ8_2021-01-28
2021-06-08 00:51:38 89      DXC_BBG00FN64XT9_2021-01-28
2021-06-08 00:51:38 91      DXCM_BBG000QTF8K1_2021-01-28
2021-06-08 00:51:38 93      EA_BBG000BP0KQ8_2021-01-28
2021-06-08 00:51:38 96      EBAY_BBG000C43RR5_2021-01-28
2021-06-08 00:51:39 03      ED_BBG000BHLYS1_2021-01-28
2021-06-08 00:51:39 05      EDIT_BBG005MX5GZ2_2021-01-28
2021-06-08 00:51:39 08      EIX_BBG000D7RKJ5_2021-01-28
2021-06-08 00:51:39 09      ELAN_BBG00LJYS1P8_2021-01-28
2021-06-08 00:51:39 11      EMR_BBG000BHX7N2_2021-01-28
2021-06-08 00:51:39 15      ENDP_BBG000C0HQ54_2021-01-28
2021-06-08 00:51:39 16      ENPH_BBG001R3MNY9_2021-01-28
2021-06-08 00:51:39 21      ENTG_BBG000CTV4N4_2021-01-28
2021-06-08 00:51:39 22      EOG_BBG000BZ9223_2021-01-28
2021-06-08 00:51:39 27      EQT_BBG000BHZ5J9_2021-01-28
2021-06-08 00:51:39 30      ET_BBG000BM2FL9_2021-01-28
2021-06-08 00:51:39 34      ETRN_BBG00K53L394_2021-01-28
2021-06-08 00:51:39 37      ETSY_BBG000N7MXL8_2021-01-28
2021-06-08 00:51:39 41      EVH_BBG005CHLM96_2021-01-28
2021-06-08 00:51:39 42      EW_BBG000BRXP69_2021-01-28
2021-06-08 00:51:39 44      EWBC_BBG000CR20B1_2021-01-28
2021-06-08 00:51:39 45      EWBC: SPYKE!. Candle: ID:7, Time: 14:30, Close: 60.13
2021-06-08 00:51:39 46      EXAS_BBG000CWL0F5_2021-01-28
2021-06-08 00:51:39 47      EXC_BBG000J6XT05_2021-01-28
2021-06-08 00:51:39 52      EXEL_BBG000BQ4WF8_2021-01-28
2021-06-08 00:51:39 54      EXPD_BBG000BJ5GK2_2021-01-28
2021-06-08 00:51:39 56      EXPE_BBG000QY3XZ2_2021-01-28
2021-06-08 00:51:39 62      F_BBG000BQPC32_2021-01-28
2021-06-08 00:51:39 64      F: BuyPending. Strategy: MorningOpenStrategy. Price: 10.5. Lots: 23. ChangeOpenToCurrent: -2.23. ChangePrevCloseToCurrent: -1.22. Candle: ID:9, Time: 7:00, Close: 10.5.
2021-06-08 00:51:39 64      F: OrderID: 3c018d90. PlacedOrder. Status: New. RejectReason: 
2021-06-08 00:51:39 64      F: OrderID: 3c018d90 partially executed. Executed lots: 3. OrderStatus: 3/23 lots
2021-06-08 00:51:39 64      F: OrderID: 3c018d90 partially executed. Executed lots: 1. OrderStatus: 4/23 lots
2021-06-08 00:51:39 64      F: OrderID: 3c018d90 partially executed. Executed lots: 10. OrderStatus: 14/23 lots
2021-06-08 00:51:39 64      F: OrderID: 3c018d90 partially executed. Executed lots: 1. OrderStatus: 15/23 lots
2021-06-08 00:51:39 64      F: OrderID: 3c018d90 partially executed. Executed lots: 2. OrderStatus: 17/23 lots
2021-06-08 00:51:39 64      F: OrderID: 3c018d90 partially executed. Executed lots: 2. OrderStatus: 19/23 lots
2021-06-08 00:51:39 64      F: OrderID: 3c018d90 fully executed
2021-06-08 00:51:39 64      F: Morning closing by timeout. Close price: 10.5. Lots: 23. Profit: 0.00(0%). Candle: ID:202, Time: 7:20, Close: 10.5
2021-06-08 00:51:39 64      F: OrderID: 8d217fc6. PlacedOrder. Status: New. RejectReason: 
2021-06-08 00:51:39 64      F: OrderID: 8d217fc6 partially executed. Executed lots: 15. OrderStatus: 15/23 lots
2021-06-08 00:51:39 64      F: OrderID: 8d217fc6 partially executed. Executed lots: 2. OrderStatus: 17/23 lots
2021-06-08 00:51:39 64      F: OrderID: 8d217fc6 partially executed. Executed lots: 1. OrderStatus: 18/23 lots
2021-06-08 00:51:39 64      F: OrderID: 8d217fc6 partially executed. Executed lots: 1. OrderStatus: 19/23 lots
2021-06-08 00:51:39 64      F: OrderID: 8d217fc6 partially executed. Executed lots: 2. OrderStatus: 21/23 lots
2021-06-08 00:51:39 64      F: OrderID: 8d217fc6 partially executed. Executed lots: 1. OrderStatus: 22/23 lots
2021-06-08 00:51:39 64      F: OrderID: 8d217fc6 fully executed
2021-06-08 00:51:39 66      Exception happened while copiyng file. Error: Could not find a part of the path 'C:\tinkoff\Configuration\test\F_BBG000BQPC32_2021-01-28.csv'.
2021-06-08 00:51:39 67      FANG_BBG002PHSYX9_2021-01-28
2021-06-08 00:51:39 70      FAST_BBG000BJ8YN7_2021-01-28
2021-06-08 00:51:39 73      FATE_BBG000QP35H2_2021-01-28
2021-06-08 00:51:39 75      FB_BBG000MM2P62_2021-01-28
2021-06-08 00:51:39 90      FB: BuyPending. Strategy: MorningOpenStrategy. Price: 267.9. Lots: 1. ChangeOpenToCurrent: -1.29. ChangePrevCloseToCurrent: -2.40. Candle: ID:9, Time: 7:00, Close: 267.9.
2021-06-08 00:51:39 90      FB: OrderID: 58fd55ee. PlacedOrder. Status: New. RejectReason: 
2021-06-08 00:51:39 90      FB: OrderID: 58fd55ee fully executed
2021-06-08 00:51:39 91      FB: Morning closing. Close price: 268.58. Lots: 1. CandleChange: -0.05%. ChangeFromCandleHigh: -0.05%. Profit: 0.68(0.25%). Candle: ID:579, Time: 7:20, Close: 268.58
2021-06-08 00:51:39 91      FB: OrderID: f998e3a3. PlacedOrder. Status: New. RejectReason: 
2021-06-08 00:51:39 91      FB: OrderID: f998e3a3 fully executed
2021-06-08 00:51:40 00      Exception happened while copiyng file. Error: Could not find a part of the path 'C:\tinkoff\Configuration\test\FB_BBG000MM2P62_2021-01-28.csv'.
2021-06-08 00:51:40 00      FCX_BBG000BJDB15_2021-01-28
2021-06-08 00:51:40 06      FDX_BBG000BJF1Z8_2021-01-28
2021-06-08 00:51:40 08      FIS_BBG000BK2F42_2021-01-28
2021-06-08 00:51:40 11      FISV_BBG000BJKPG0_2021-01-28
2021-06-08 00:51:40 16      FITB_BBG000BJL3N0_2021-01-28
2021-06-08 00:51:40 19      FIVN_BBG001KHJM17_2021-01-28
2021-06-08 00:51:40 20      FL_BBG000BX8DC4_2021-01-28
2021-06-08 00:51:40 21      FLIR_BBG000BHK836_2021-01-28
2021-06-08 00:51:40 23      FLR_BBG000BB1TH9_2021-01-28
2021-06-08 00:51:40 24      FOX_BBG00JHNKJY8_2021-01-28
2021-06-08 00:51:40 27      FOXA_BBG00JHNJW99_2021-01-28
2021-06-08 00:51:40 29      FOXA: SPYKE!. Candle: ID:2, Time: 7:00, Close: 32.24
2021-06-08 00:51:40 29      FOXA: SPYKE!. Candle: ID:7, Time: 7:00, Close: 31.66
2021-06-08 00:51:40 32      FRHC_BBG000N625H8_2021-01-28
2021-06-08 00:51:40 35      FSLR_BBG000BFL116_2021-01-28
2021-06-08 00:51:40 38      FSLY_BBG004NLQHL0_2021-01-28
2021-06-08 00:51:40 40      FSLY: BuyPending. Strategy: MorningOpenStrategy. Price: 106. Lots: 2. ChangeOpenToCurrent: -2.02. ChangePrevCloseToCurrent: -2.53. Candle: ID:27, Time: 7:00, Close: 106.
2021-06-08 00:51:40 40      FSLY: OrderID: 157472f7. PlacedOrder. Status: New. RejectReason: 
2021-06-08 00:51:40 40      FSLY: OrderID: 157472f7 partially executed. Executed lots: 1. OrderStatus: 1/2 lots
2021-06-08 00:51:40 40      FSLY: OrderID: 157472f7 fully executed
2021-06-08 00:51:40 40      FSLY: Morning closing by timeout. Close price: 105.16. Lots: 2. Profit: -0.84(-0.79%). Candle: ID:125, Time: 7:20, Close: 105.16
2021-06-08 00:51:40 40      FSLY: OrderID: 19053f12. PlacedOrder. Status: New. RejectReason: 
2021-06-08 00:51:40 40      FSLY: OrderID: 19053f12 fully executed
2021-06-08 00:51:40 41      Exception happened while copiyng file. Error: Could not find a part of the path 'C:\tinkoff\Configuration\test\FSLY_BBG004NLQHL0_2021-01-28.csv'.
2021-06-08 00:51:40 41      FTI_BBG00DL8NMV2_2021-01-28
2021-06-08 00:51:40 44      FTNT_BBG000BCMBG4_2021-01-28
2021-06-08 00:51:40 46      FTV_BBG00BLVZ228_2021-01-28
2021-06-08 00:51:40 48      GE_BBG000BK6MB5_2021-01-28
2021-06-08 00:51:40 51      GE: BuyPending. Strategy: MorningOpenStrategy. Price: 11.06. Lots: 22. ChangeOpenToCurrent: -0.09. ChangePrevCloseToCurrent: -2.04. Candle: ID:16, Time: 7:00, Close: 11.06.
2021-06-08 00:51:40 51      GE: OrderID: 059e435f. PlacedOrder. Status: New. RejectReason: 
2021-06-08 00:51:40 51      GE: OrderID: 059e435f fully executed
2021-06-08 00:51:40 51      GE: Morning closing by timeout. Close price: 11.01. Lots: 22. Profit: -0.05(-0.45%). Candle: ID:268, Time: 7:20, Close: 11.01
2021-06-08 00:51:40 51      GE: OrderID: 50531517. PlacedOrder. Status: New. RejectReason: 
2021-06-08 00:51:40 51      GE: OrderID: 50531517 partially executed. Executed lots: 11. OrderStatus: 11/22 lots
2021-06-08 00:51:40 51      GE: OrderID: 50531517 partially executed. Executed lots: 5. OrderStatus: 16/22 lots
2021-06-08 00:51:40 51      GE: OrderID: 50531517 fully executed
2021-06-08 00:51:40 54      Exception happened while copiyng file. Error: Could not find a part of the path 'C:\tinkoff\Configuration\test\GE_BBG000BK6MB5_2021-01-28.csv'.
2021-06-08 00:51:40 55      GH_BBG006D97VY9_2021-01-28
2021-06-08 00:51:40 56      GILD_BBG000CKGBP2_2021-01-28
2021-06-08 00:51:40 60      GIS_BBG000BKCFC2_2021-01-28
2021-06-08 00:51:40 64      GLW_BBG000BKFZM4_2021-01-28
2021-06-08 00:51:40 65      GLW: BuyPending. Strategy: MorningOpenStrategy. Price: 34.5. Lots: 7. ChangeOpenToCurrent: -1.29. ChangePrevCloseToCurrent: -3.17. Candle: ID:9, Time: 7:00, Close: 34.5.
2021-06-08 00:51:40 65      GLW: OrderID: e8a39f08. PlacedOrder. Status: New. RejectReason: 
2021-06-08 00:51:40 65      GLW: Cancel order. Did not bought at market open. Candle: ID:10, Time: 7:05, Close: 34.53
2021-06-08 00:51:40 65      OrderID: e8a39f08 successfully canceled
2021-06-08 00:51:40 67      GM_BBG000NDYB67_2021-01-28
2021-06-08 00:51:40 77      GOOG_BBG009S3NB30_2021-01-28
2021-06-08 00:51:40 81      GOOGL_BBG009S39JX6_2021-01-28
2021-06-08 00:51:40 88      GPS_BBG000BKLH74_2021-01-28
2021-06-08 00:51:40 90      GPS: SPYKE!. Candle: ID:2084, Time: 15:00, Close: 20.41
2021-06-08 00:51:40 92      GRMN_BBG000C4LN67_2021-01-28
2021-06-08 00:51:40 94      GRUB_BBG001KWG293_2021-01-28
2021-06-08 00:51:40 95      GS_BBG000C6CFJ5_2021-01-28
2021-06-08 00:51:40 99      GSKY_BBG00KT2SCV8_2021-01-28
2021-06-08 00:51:41 00      GSKY: SPYKE!. Candle: ID:372, Time: 12:30, Close: 4.85
2021-06-08 00:51:41 01      GT_BBG000BKNX95_2021-01-28
2021-06-08 00:51:41 02      HA_BBG000BC4185_2021-01-28
2021-06-08 00:51:41 03      HAL_BBG000BKTFN2_2021-01-28
2021-06-08 00:51:41 07      HALO_BBG000CZ8W54_2021-01-28
2021-06-08 00:51:41 08      HAS_BBG000BKVJK4_2021-01-28
2021-06-08 00:51:41 09      HBAN_BBG000BKWSR6_2021-01-28
2021-06-08 00:51:41 12      HBI_BBG000D2ZTS8_2021-01-28
2021-06-08 00:51:41 14      HCA_BBG000QW7VC1_2021-01-28
2021-06-08 00:51:41 15      HD_BBG000BKZB36_2021-01-28
2021-06-08 00:51:41 18      HES_BBG000BBD070_2021-01-28
2021-06-08 00:51:41 20      HFC_BBG000BL9JQ1_2021-01-28
2021-06-08 00:51:41 22      HIG_BBG000G0Z878_2021-01-28
2021-06-08 00:51:41 24      HLT_BBG0058KMH30_2021-01-28
2021-06-08 00:51:41 26      HOG_BBG000BKZTP3_2021-01-28
2021-06-08 00:51:41 27      HOLX_BBG000C3NTN5_2021-01-28
2021-06-08 00:51:41 30      HON_BBG000H556T9_2021-01-28
2021-06-08 00:51:41 32      HP_BBG000BLCPY4_2021-01-28
2021-06-08 00:51:41 33      HPE_BBG0078W3NQ3_2021-01-28
2021-06-08 00:51:41 35      HPQ_BBG000KHWT55_2021-01-28
2021-06-08 00:51:41 37      HRB_BBG000BLDV98_2021-01-28
2021-06-08 00:51:41 39      HRL_BBG000BLF8D2_2021-01-28
2021-06-08 00:51:41 41      HRTX_BBG000G2GJT7_2021-01-28
2021-06-08 00:51:41 43      HSIC_BBG000BNMMJ3_2021-01-28
2021-06-08 00:51:41 44      HST_BBG000BL8804_2021-01-28
2021-06-08 00:51:41 47      HTHT_BBG000QFPM65_2021-01-28
2021-06-08 00:51:41 48      HWM_BBG00DYNJGH9_2021-01-28
2021-06-08 00:51:41 50      IAC_BBG000BKQG80_2021-01-28
2021-06-08 00:51:41 52      IBM_BBG000BLNNH6_2021-01-28
2021-06-08 00:51:41 56      IBN_BBG000DRM643_2021-01-28
2021-06-08 00:51:41 57      ICE_BBG000C1FB75_2021-01-28
2021-06-08 00:51:41 60      IIVI_BBG000BLW102_2021-01-28
2021-06-08 00:51:41 62      ILMN_BBG000DSMS70_2021-01-28
2021-06-08 00:51:41 65      INCY_BBG000BNPSQ9_2021-01-28
2021-06-08 00:51:41 66      INFO_BBG006G063F9_2021-01-28
2021-06-08 00:51:41 69      INTC_BBG000C0G1D1_2021-01-28
2021-06-08 00:51:41 85      INTU_BBG000BH5DV1_2021-01-28
2021-06-08 00:51:41 87      IOVA_BBG000FTLBV7_2021-01-28
2021-06-08 00:51:41 88      IP_BBG000BM5SR2_2021-01-28
2021-06-08 00:51:41 90      IPG_BBG000C90DH9_2021-01-28
2021-06-08 00:51:41 93      IR_BBG002R1CW27_2021-01-28
2021-06-08 00:51:41 94      IRM_BBG000KCZPC3_2021-01-28
2021-06-08 00:51:41 96      IRM: SPYKE!. Candle: ID:3, Time: 7:00, Close: 35.4
2021-06-08 00:51:41 98      IVZ_BBG000BY2Y78_2021-01-28
2021-06-08 00:51:42 00      JBHT_BBG000BMDBZ1_2021-01-28
2021-06-08 00:51:42 02      JCI_BBG000BVWLJ6_2021-01-28
2021-06-08 00:51:42 03      JD_BBG005YHY0Q7_2021-01-28
2021-06-08 00:51:42 10      JNJ_BBG000BMHYD1_2021-01-28
2021-06-08 00:51:42 15      JNPR_BBG000BY33P5_2021-01-28
2021-06-08 00:51:42 17      JPM_BBG000DMBXR2_2021-01-28
2021-06-08 00:51:42 23      JWN_BBG000G8N9C6_2021-01-28
2021-06-08 00:51:42 25      JWN: BuyPending. Strategy: MorningOpenStrategy. Price: 38.4. Lots: 6. ChangeOpenToCurrent: -2.44. ChangePrevCloseToCurrent: -2.29. Candle: ID:9, Time: 7:00, Close: 38.4.
2021-06-08 00:51:42 25      JWN: OrderID: 26897ef3. PlacedOrder. Status: New. RejectReason: 
2021-06-08 00:51:42 25      JWN: OrderID: 26897ef3 fully executed
2021-06-08 00:51:42 25      JWN: Morning closing by timeout. Close price: 38.41. Lots: 6. Profit: 0.01(0.03%). Candle: ID:33, Time: 7:25, Close: 38.41
2021-06-08 00:51:42 25      JWN: OrderID: b66c247c. PlacedOrder. Status: New. RejectReason: 
2021-06-08 00:51:42 25      JWN: OrderID: b66c247c fully executed
2021-06-08 00:51:42 26      Exception happened while copiyng file. Error: Could not find a part of the path 'C:\tinkoff\Configuration\test\JWN_BBG000G8N9C6_2021-01-28.csv'.
2021-06-08 00:51:42 27      K_BBG000BMKDM3_2021-01-28
2021-06-08 00:51:42 29      KDP_BBG000TJM7F0_2021-01-28
2021-06-08 00:51:42 32      KEY_BBG000BMQPL1_2021-01-28
2021-06-08 00:51:42 34      KHC_BBG005CPNTQ2_2021-01-28
2021-06-08 00:51:42 37      KIM_BBG000CN3S73_2021-01-28
2021-06-08 00:51:42 40      KLAC_BBG000BMTFR4_2021-01-28
2021-06-08 00:51:42 42      KMI_BBG0019JZ882_2021-01-28
2021-06-08 00:51:42 44      KNX_BBG000BFC848_2021-01-28
2021-06-08 00:51:42 46      KO_BBG000BMX289_2021-01-28
2021-06-08 00:51:42 49      KO: BuyPending. Strategy: MorningOpenStrategy. Price: 47.54. Lots: 5. ChangeOpenToCurrent: -1.72. ChangePrevCloseToCurrent: -2.02. Candle: ID:160, Time: 7:00, Close: 47.54.
2021-06-08 00:51:42 49      KO: OrderID: e43be436. PlacedOrder. Status: New. RejectReason: 
2021-06-08 00:51:42 49      KO: OrderID: e43be436 fully executed
2021-06-08 00:51:42 49      KO: Morning closing. Close price: 48.05. Lots: 5. CandleChange: -0.08%. ChangeFromCandleHigh: -0.08%. Profit: 0.51(1.07%). Candle: ID:819, Time: 7:20, Close: 48.05
2021-06-08 00:51:42 49      KO: OrderID: 7610fb56. PlacedOrder. Status: New. RejectReason: 
2021-06-08 00:51:42 49      KO: OrderID: 7610fb56 partially executed. Executed lots: 1. OrderStatus: 1/5 lots
2021-06-08 00:51:42 49      KO: OrderID: 7610fb56 partially executed. Executed lots: 1. OrderStatus: 2/5 lots
2021-06-08 00:51:42 49      KO: OrderID: 7610fb56 fully executed
2021-06-08 00:51:42 51      Exception happened while copiyng file. Error: Could not find a part of the path 'C:\tinkoff\Configuration\test\KO_BBG000BMX289_2021-01-28.csv'.
2021-06-08 00:51:42 52      KR_BBG000BMY992_2021-01-28
2021-06-08 00:51:42 55      KR: BuyPending. Strategy: MorningOpenStrategy. Price: 37.67. Lots: 6. ChangeOpenToCurrent: -0.92. ChangePrevCloseToCurrent: -2.49. Candle: ID:9, Time: 7:00, Close: 37.67.
2021-06-08 00:51:42 55      KR: OrderID: c427ce89. PlacedOrder. Status: New. RejectReason: 
2021-06-08 00:51:42 55      KR: OrderID: c427ce89 partially executed. Executed lots: 1. OrderStatus: 1/6 lots
2021-06-08 00:51:42 55      KR: OrderID: c427ce89 fully executed
2021-06-08 00:51:42 55      KR: Morning closing by timeout. Close price: 37.61. Lots: 6. Profit: -0.06(-0.16%). Candle: ID:32, Time: 7:25, Close: 37.61
2021-06-08 00:51:42 55      KR: OrderID: 7f57ce05. PlacedOrder. Status: New. RejectReason: 
2021-06-08 00:51:42 55      KR: OrderID: 7f57ce05 fully executed
2021-06-08 00:51:42 57      Exception happened while copiyng file. Error: Could not find a part of the path 'C:\tinkoff\Configuration\test\KR_BBG000BMY992_2021-01-28.csv'.
2021-06-08 00:51:42 58      LB_BBG000BNGTQ7_2021-01-28
2021-06-08 00:51:42 63      LEN_BBG000BN5HF7_2021-01-28
2021-06-08 00:51:42 65      LIN_BBG00GVR8YQ9_2021-01-28
2021-06-08 00:51:42 67      LITE_BBG0073F9RT7_2021-01-28
2021-06-08 00:51:42 70      LKQ_BBG000PXDL44_2021-01-28
2021-06-08 00:51:42 73      LLY_BBG000BNBDC2_2021-01-28
2021-06-08 00:51:42 76      LNT_BBG000DW4Q75_2021-01-28
2021-06-08 00:51:42 77      LOW_BBG000BNDN65_2021-01-28
2021-06-08 00:51:42 80      LPSN_BBG000BSV0W5_2021-01-28
2021-06-08 00:51:42 81      LRCX_BBG000BNFLM9_2021-01-28
2021-06-08 00:51:42 85      LTHM_BBG00LV3NRG0_2021-01-28
2021-06-08 00:51:42 88      LULU_BBG000R8ZVD1_2021-01-28
2021-06-08 00:51:42 91      LUMN_BBG000BGLRN3_2021-01-28
2021-06-08 00:51:42 95      LUV_BBG000BNJHS8_2021-01-28
2021-06-08 00:51:43 00      LVS_BBG000JWD753_2021-01-28
2021-06-08 00:51:43 05      LYB_BBG000WCFV84_2021-01-28
2021-06-08 00:51:43 08      LYFT_BBG004M9ZHX5_2021-01-28
2021-06-08 00:51:43 10      LYFT: SPYKE!. Candle: ID:54, Time: 10:10, Close: 42
2021-06-08 00:51:43 12      LYV_BBG000FQ7YR4_2021-01-28
2021-06-08 00:51:43 13      M_BBG000C46HM9_2021-01-28
2021-06-08 00:51:43 20      M: BuyPending. Strategy: MorningOpenStrategy. Price: 16.93. Lots: 14. ChangeOpenToCurrent: 0. ChangePrevCloseToCurrent: -2.31. Candle: ID:9, Time: 7:00, Close: 16.93.
2021-06-08 00:51:43 20      M: OrderID: 0b7552a4. PlacedOrder. Status: New. RejectReason: 
2021-06-08 00:51:43 20      M: OrderID: 0b7552a4 fully executed
2021-06-08 00:51:43 20      M: Buy more. Price: 16.53. Lots: 15. changeFromLastBuy: -2.36. Candle: ID:33, Time: 7:00, Close: 16.53.
2021-06-08 00:51:43 20      M: OrderID: f639d7a6. PlacedOrder. Status: New. RejectReason: 
2021-06-08 00:51:43 20      M: OrderID: f639d7a6 fully executed
2021-06-08 00:51:43 20      M: Morning closing. Close price: 16.78. Lots: 29. CandleChange: -0.12%. ChangeFromCandleHigh: -0.24%. Profit: 0.06(0.36%). Candle: ID:251, Time: 7:05, Close: 16.78
2021-06-08 00:51:43 20      M: OrderID: 19661b08. PlacedOrder. Status: New. RejectReason: 
2021-06-08 00:51:43 20      M: OrderID: 19661b08 partially executed. Executed lots: 5. OrderStatus: 5/29 lots
2021-06-08 00:51:43 20      M: OrderID: 19661b08 partially executed. Executed lots: 1. OrderStatus: 6/29 lots
2021-06-08 00:51:43 20      M: OrderID: 19661b08 partially executed. Executed lots: 20. OrderStatus: 26/29 lots
2021-06-08 00:51:43 20      M: OrderID: 19661b08 partially executed. Executed lots: 1. OrderStatus: 27/29 lots
2021-06-08 00:51:43 20      M: OrderID: 19661b08 partially executed. Executed lots: 1. OrderStatus: 28/29 lots
2021-06-08 00:51:43 20      M: OrderID: 19661b08 fully executed
2021-06-08 00:51:43 26      Exception happened while copiyng file. Error: Could not find a part of the path 'C:\tinkoff\Configuration\test\M_BBG000C46HM9_2021-01-28.csv'.
2021-06-08 00:51:43 26      MA_BBG000F1ZSQ2_2021-01-28
2021-06-08 00:51:43 31      MAC_BBG000BL9C59_2021-01-28
2021-06-08 00:51:43 37      MAC: BuyPending. Strategy: MorningOpenStrategy. Price: 20.9. Lots: 11. ChangeOpenToCurrent: -0.05. ChangePrevCloseToCurrent: -2.34. Candle: ID:30, Time: 7:00, Close: 20.9.
2021-06-08 00:51:43 37      MAC: OrderID: 16864043. PlacedOrder. Status: New. RejectReason: 
2021-06-08 00:51:43 37      MAC: OrderID: 16864043 fully executed
2021-06-08 00:51:43 37      MAC: Morning closing. Close price: 21.4. Lots: 11. CandleChange: 1.95%. ChangeFromCandleHigh: -1.74%. Profit: 0.50(2.39%). Candle: ID:134, Time: 7:05, Close: 21.4
2021-06-08 00:51:43 37      MAC: OrderID: f0977bdf. PlacedOrder. Status: New. RejectReason: 
2021-06-08 00:51:43 37      MAC: OrderID: f0977bdf fully executed
2021-06-08 00:51:43 37      MAC: SPYKE!. Candle: ID:1292, Time: 9:00, Close: 20.6
2021-06-08 00:51:43 40      Exception happened while copiyng file. Error: Could not find a part of the path 'C:\tinkoff\Configuration\test\MAC_BBG000BL9C59_2021-01-28.csv'.
2021-06-08 00:51:43 41      MAR_BBG000BGD7W6_2021-01-28
2021-06-08 00:51:43 44      MAS_BBG000BNNKG9_2021-01-28
2021-06-08 00:51:43 45      MAT_BBG000BNNYW1_2021-01-28
2021-06-08 00:51:43 47      MBT_BBG000CSZKR2_2021-01-28
2021-06-08 00:51:43 48      MCD_BBG000BNSZP1_2021-01-28
2021-06-08 00:51:43 51      MCHP_BBG000BHCP19_2021-01-28
2021-06-08 00:51:43 54      MDLZ_BBG000D4LWF6_2021-01-28
2021-06-08 00:51:43 60      MDRX_BBG000BLDXH5_2021-01-28
2021-06-08 00:51:43 60      MDRX: SPYKE!. Candle: ID:156, Time: 14:30, Close: 17.02
2021-06-08 00:51:43 61      MDT_BBG000BNWG87_2021-01-28
2021-06-08 00:51:43 64      MET_BBG000BB6KF5_2021-01-28
2021-06-08 00:51:43 67      MFGP_BBG00HFWVGN0_2021-01-28
2021-06-08 00:51:43 67      MFGP: BuyPending. Strategy: MorningOpenStrategy. Price: 5.82. Lots: 42. ChangeOpenToCurrent: -3.00. ChangePrevCloseToCurrent: -1.69. Candle: ID:26, Time: 7:00, Close: 5.82.
2021-06-08 00:51:43 67      MFGP: OrderID: d73a9bb9. PlacedOrder. Status: New. RejectReason: 
2021-06-08 00:51:43 67      MFGP: OrderID: d73a9bb9 partially executed. Executed lots: 2. OrderStatus: 2/42 lots
2021-06-08 00:51:43 67      MFGP: OrderID: d73a9bb9 fully executed
2021-06-08 00:51:43 67      MFGP: Morning closing. Close price: 5.88. Lots: 42. CandleChange: -0.34%. ChangeFromCandleHigh: -1.01%. Profit: 0.06(1.03%). Candle: ID:149, Time: 7:20, Close: 5.88
2021-06-08 00:51:43 67      MFGP: OrderID: 6a26874d. PlacedOrder. Status: New. RejectReason: 
2021-06-08 00:51:43 67      MFGP: OrderID: 6a26874d partially executed. Executed lots: 5. OrderStatus: 5/42 lots
2021-06-08 00:51:43 67      MFGP: OrderID: 6a26874d partially executed. Executed lots: 5. OrderStatus: 10/42 lots
2021-06-08 00:51:43 67      MFGP: OrderID: 6a26874d partially executed. Executed lots: 1. OrderStatus: 11/42 lots
2021-06-08 00:51:43 67      MFGP: OrderID: 6a26874d partially executed. Executed lots: 1. OrderStatus: 12/42 lots
2021-06-08 00:51:43 67      MFGP: OrderID: 6a26874d partially executed. Executed lots: 14. OrderStatus: 26/42 lots
2021-06-08 00:51:43 67      MFGP: OrderID: 6a26874d partially executed. Executed lots: 1. OrderStatus: 27/42 lots
2021-06-08 00:51:43 67      MFGP: OrderID: 6a26874d partially executed. Executed lots: 1. OrderStatus: 28/42 lots
2021-06-08 00:51:43 67      MFGP: OrderID: 6a26874d partially executed. Executed lots: 11. OrderStatus: 39/42 lots
2021-06-08 00:51:43 67      MFGP: OrderID: 6a26874d partially executed. Executed lots: 1. OrderStatus: 40/42 lots
2021-06-08 00:51:43 67      MFGP: OrderID: 6a26874d fully executed
2021-06-08 00:51:43 68      Exception happened while copiyng file. Error: Could not find a part of the path 'C:\tinkoff\Configuration\test\MFGP_BBG00HFWVGN0_2021-01-28.csv'.
2021-06-08 00:51:43 68      MIDD_BBG000DQN9R3_2021-01-28
2021-06-08 00:51:43 70      MLCO_BBG000BHP8J4_2021-01-28
2021-06-08 00:51:43 71      MLHR_BBG000BP46T2_2021-01-28
2021-06-08 00:51:43 72      MMC_BBG000BP4MH0_2021-01-28
2021-06-08 00:51:43 73      MMM_BBG000BP52R2_2021-01-28
2021-06-08 00:51:43 76      MNST_BBG008NVB1C0_2021-01-28
2021-06-08 00:51:43 79      MO_BBG000BP6LJ8_2021-01-28
2021-06-08 00:51:43 82      MOMO_BBG007HTCQT0_2021-01-28
2021-06-08 00:51:43 87      MOS_BBG000BFXHL6_2021-01-28
2021-06-08 00:51:43 90      MPC_BBG001DCCGR8_2021-01-28
2021-06-08 00:51:43 93      MRK_BBG000BPD168_2021-01-28
2021-06-08 00:51:43 98      MRNA_BBG003PHHZT1_2021-01-28
2021-06-08 00:51:44 12      MRO_BBG000C8H633_2021-01-28
2021-06-08 00:51:44 14      MS_BBG000BLZRJ2_2021-01-28
2021-06-08 00:51:44 20      MSFT_BBG000BPH459_2021-01-28
2021-06-08 00:51:44 47      MTCH_BBG00B6WH9G3_2021-01-28
2021-06-08 00:51:44 51      MTG_BBG000CBMH27_2021-01-28
2021-06-08 00:51:44 54      MU_BBG000C5Z1S3_2021-01-28
2021-06-08 00:51:44 60      MUR_BBG000BPMH90_2021-01-28
2021-06-08 00:51:44 62      MXIM_BBG000BPNP00_2021-01-28
2021-06-08 00:51:44 65      MYGN_BBG000D9H9F1_2021-01-28
2021-06-08 00:51:44 67      NAVI_BBG004MN1R41_2021-01-28
2021-06-08 00:51:44 69      NEM_BBG000BPWXK1_2021-01-28
2021-06-08 00:51:44 72      NEO_BBG000BKH263_2021-01-28
2021-06-08 00:51:44 74      NET_BBG001WMKHH5_2021-01-28
2021-06-08 00:51:44 76      NFLX_BBG000CL9VN6_2021-01-28
2021-06-08 00:51:44 83      NKE_BBG000C5HS04_2021-01-28
2021-06-08 00:51:44 86      NKTR_BBG000BHCYJ1_2021-01-28
2021-06-08 00:51:44 87      NLOK_BBG000BH2JM1_2021-01-28
2021-06-08 00:51:44 89      NLSN_BBG0088CYPX8_2021-01-28
2021-06-08 00:51:44 91      NMIH_BBG005DLMMZ6_2021-01-28
2021-06-08 00:51:44 91      NOK_BBG000BNGBW9_2021-01-28
2021-06-08 00:51:45 22      NOK: BuyPending. Strategy: MorningOpenStrategy. Price: 6.4. Lots: 39. ChangeOpenToCurrent: 0.95. ChangePrevCloseToCurrent: -3.76. Candle: ID:9, Time: 7:00, Close: 6.4.
2021-06-08 00:51:45 22      NOK: OrderID: c446b0df. PlacedOrder. Status: New. RejectReason: 
2021-06-08 00:51:45 22      NOK: OrderID: c446b0df partially executed. Executed lots: 1. OrderStatus: 1/39 lots
2021-06-08 00:51:45 22      NOK: OrderID: c446b0df partially executed. Executed lots: 4. OrderStatus: 5/39 lots
2021-06-08 00:51:45 22      NOK: OrderID: c446b0df partially executed. Executed lots: 15. OrderStatus: 20/39 lots
2021-06-08 00:51:45 22      NOK: OrderID: c446b0df fully executed
2021-06-08 00:51:45 22      NOK: SPYKE!. Candle: ID:33, Time: 7:00, Close: 6.95
2021-06-08 00:51:45 22      NOK: SPYKE!. Candle: ID:65, Time: 7:00, Close: 6.74
2021-06-08 00:51:45 22      NOK: SPYKE!. Candle: ID:72, Time: 7:00, Close: 6.16
2021-06-08 00:51:45 22      NOK: Buy more. Price: 6.16. Lots: 40. changeFromLastBuy: -3.75. Candle: ID:72, Time: 7:00, Close: 6.16.
2021-06-08 00:51:45 22      NOK: OrderID: e5d3b0fb. PlacedOrder. Status: New. RejectReason: 
2021-06-08 00:51:45 22      NOK: OrderID: e5d3b0fb fully executed
2021-06-08 00:51:45 22      NOK: SPYKE!. Candle: ID:73, Time: 7:00, Close: 6.05
2021-06-08 00:51:45 22      NOK: SPYKE!. Candle: ID:74, Time: 7:00, Close: 6.6
2021-06-08 00:51:45 22      NOK: SPYKE!. Candle: ID:79, Time: 7:00, Close: 6
2021-06-08 00:51:45 22      NOK: SPYKE!. Candle: ID:97, Time: 7:00, Close: 6.58
2021-06-08 00:51:45 22      NOK: SPYKE!. Candle: ID:100, Time: 7:00, Close: 6.85
2021-06-08 00:51:45 22      NOK: SPYKE!. Candle: ID:101, Time: 7:00, Close: 6.9
2021-06-08 00:51:45 22      NOK: SPYKE!. Candle: ID:144, Time: 7:00, Close: 6.4
2021-06-08 00:51:45 22      NOK: SPYKE!. Candle: ID:148, Time: 7:00, Close: 6.66
2021-06-08 00:51:45 22      NOK: SPYKE!. Candle: ID:177, Time: 7:00, Close: 6.4
2021-06-08 00:51:45 22      NOK: SPYKE!. Candle: ID:182, Time: 7:00, Close: 6.67
2021-06-08 00:51:45 22      NOK: SPYKE!. Candle: ID:197, Time: 7:00, Close: 6.4
2021-06-08 00:51:45 22      NOK: SPYKE!. Candle: ID:245, Time: 7:00, Close: 6.4
2021-06-08 00:51:45 22      NOK: Morning closing. Close price: 6.65. Lots: 79. CandleChange: -0.15%. ChangeFromCandleHigh: -0.15%. Profit: 0.38(6.06%). Candle: ID:907, Time: 7:05, Close: 6.65
2021-06-08 00:51:45 22      NOK: OrderID: 1e3da8fd. PlacedOrder. Status: New. RejectReason: 
2021-06-08 00:51:45 22      NOK: OrderID: 1e3da8fd partially executed. Executed lots: 1. OrderStatus: 1/79 lots
2021-06-08 00:51:45 22      NOK: OrderID: 1e3da8fd partially executed. Executed lots: 15. OrderStatus: 16/79 lots
2021-06-08 00:51:45 22      NOK: OrderID: 1e3da8fd fully executed
2021-06-08 00:51:45 22      NOK: SPYKE!. Candle: ID:1938, Time: 7:05, Close: 6.9
2021-06-08 00:51:45 24      NOK: SPYKE!. Candle: ID:9223, Time: 9:00, Close: 6.2
2021-06-08 00:51:45 24      NOK: SPYKE!. Candle: ID:9272, Time: 9:00, Close: 6.01
2021-06-08 00:51:45 24      NOK: SPYKE!. Candle: ID:9705, Time: 9:00, Close: 5.98
2021-06-08 00:51:45 24      NOK: SPYKE!. Candle: ID:9962, Time: 9:00, Close: 6
2021-06-08 00:51:45 24      NOK: SPYKE!. Candle: ID:9967, Time: 9:00, Close: 5.7
2021-06-08 00:51:45 24      NOK: SPYKE!. Candle: ID:9975, Time: 9:00, Close: 6
2021-06-08 00:51:45 24      NOK: SPYKE!. Candle: ID:9985, Time: 9:00, Close: 6
2021-06-08 00:51:45 26      NOK: SPYKE!. Candle: ID:21160, Time: 12:00, Close: 5.92
2021-06-08 00:51:45 45      Exception happened while copiyng file. Error: Could not find a part of the path 'C:\tinkoff\Configuration\test\NOK_BBG000BNGBW9_2021-01-28.csv'.
2021-06-08 00:51:45 45      NOV_BBG000BJX8C8_2021-01-28
2021-06-08 00:51:45 47      NRG_BBG000D8RG11_2021-01-28
2021-06-08 00:51:45 49      NTAP_BBG000FP1N32_2021-01-28
2021-06-08 00:51:45 52      NTES_BBG000BX72V8_2021-01-28
2021-06-08 00:51:45 55      NTLA_BBG007KC7PB0_2021-01-28
2021-06-08 00:51:45 57      NTNX_BBG001NDW1Z7_2021-01-28
2021-06-08 00:51:45 58      NTRS_BBG000BQ74K1_2021-01-28
2021-06-08 00:51:45 60      NVDA_BBG000BBJQV0_2021-01-28
2021-06-08 00:51:45 69      NVTA_BBG005DJFD43_2021-01-28
2021-06-08 00:51:45 71      NWL_BBG000BQC9V2_2021-01-28
2021-06-08 00:51:45 74      NWSA_BBG0035LY913_2021-01-28
2021-06-08 00:51:45 75      NXPI_BBG000BND699_2021-01-28
2021-06-08 00:51:45 79      O_BBG000DHPN63_2021-01-28
2021-06-08 00:51:45 81      OIS_BBG000BDDN94_2021-01-28
2021-06-08 00:51:45 82      OIS: SPYKE!. Candle: ID:626, Time: 14:00, Close: 5.89
2021-06-08 00:51:45 82      OKE_BBG000BQHGR6_2021-01-28
2021-06-08 00:51:45 84      OKTA_BBG001YV1SM4_2021-01-28
2021-06-08 00:51:45 86      OLLI_BBG0098VVDT9_2021-01-28
2021-06-08 00:51:45 87      OMC_BBG000BS9489_2021-01-28
2021-06-08 00:51:45 89      ON_BBG000DV7MX4_2021-01-28
2021-06-08 00:51:45 95      ORCL_BBG000BQLTW7_2021-01-28
2021-06-08 00:51:45 99      OSUR_BBG000J3D1Y8_2021-01-28
2021-06-08 00:51:46 01      OSUR: SPYKE!. Candle: ID:3127, Time: 22:30, Close: 13.62
2021-06-08 00:51:46 01      OTIS_BBG00RP60KV0_2021-01-28
2021-06-08 00:51:46 02      OVV_BBG00R2NHQ65_2021-01-28
2021-06-08 00:51:46 03      OVV: SPYKE!. Candle: ID:30, Time: 9:00, Close: 17.38
2021-06-08 00:51:46 03      OVV: SPYKE!. Candle: ID:43, Time: 10:25, Close: 16.92
2021-06-08 00:51:46 03      OVV: SPYKE!. Candle: ID:44, Time: 10:25, Close: 17.38
2021-06-08 00:51:46 04      OXY_BBG000BQQ2S6_2021-01-28
2021-06-08 00:51:46 06      OXY: BuyPending. Strategy: MorningOpenStrategy. Price: 20. Lots: 12. ChangeOpenToCurrent: -2.01. ChangePrevCloseToCurrent: -2.58. Candle: ID:17, Time: 7:00, Close: 20.
2021-06-08 00:51:46 06      OXY: OrderID: 30b30149. PlacedOrder. Status: New. RejectReason: 
2021-06-08 00:51:46 06      OXY: OrderID: 30b30149 partially executed. Executed lots: 1. OrderStatus: 1/12 lots
2021-06-08 00:51:46 06      OXY: OrderID: 30b30149 fully executed
2021-06-08 00:51:46 06      OXY: Morning closing by timeout. Close price: 20.17. Lots: 12. Profit: 0.17(0.85%). Candle: ID:52, Time: 7:20, Close: 20.17
2021-06-08 00:51:46 06      OXY: OrderID: 509a92c3. PlacedOrder. Status: New. RejectReason: 
2021-06-08 00:51:46 06      OXY: OrderID: 509a92c3 fully executed
2021-06-08 00:51:46 08      Exception happened while copiyng file. Error: Could not find a part of the path 'C:\tinkoff\Configuration\test\OXY_BBG000BQQ2S6_2021-01-28.csv'.
2021-06-08 00:51:46 09      PAGS_BBG00JM7QBR6_2021-01-28
2021-06-08 00:51:46 10      PBCT_BBG000BQT4L6_2021-01-28
2021-06-08 00:51:46 12      PBF_BBG002832GV8_2021-01-28
2021-06-08 00:51:46 13      PBF: SPYKE!. Candle: ID:2, Time: 7:00, Close: 10.36
2021-06-08 00:51:46 13      PBF: SPYKE!. Candle: ID:7, Time: 7:00, Close: 10.9
2021-06-08 00:51:46 13      PBF: BuyPending. Strategy: MorningOpenStrategy. Price: 10.57. Lots: 23. ChangeOpenToCurrent: 2.03. ChangePrevCloseToCurrent: -4.34. Candle: ID:13, Time: 7:00, Close: 10.57.
2021-06-08 00:51:46 13      PBF: OrderID: b03b280c. PlacedOrder. Status: New. RejectReason: 
2021-06-08 00:51:46 13      PBF: OrderID: b03b280c partially executed. Executed lots: 2. OrderStatus: 2/23 lots
2021-06-08 00:51:46 13      PBF: OrderID: b03b280c fully executed
2021-06-08 00:51:46 13      PBF: SPYKE!. Candle: ID:36, Time: 7:00, Close: 10.9
2021-06-08 00:51:46 13      PBF: Morning closing. Close price: 10.74. Lots: 23. CandleChange: -0.56%. ChangeFromCandleHigh: -0.56%. Profit: 0.17(1.61%). Candle: ID:67, Time: 7:05, Close: 10.74
2021-06-08 00:51:46 13      PBF: OrderID: 37969253. PlacedOrder. Status: New. RejectReason: 
2021-06-08 00:51:46 13      PBF: OrderID: 37969253 partially executed. Executed lots: 11. OrderStatus: 11/23 lots
2021-06-08 00:51:46 13      PBF: OrderID: 37969253 fully executed
2021-06-08 00:51:46 14      PBF: SPYKE!. Candle: ID:1607, Time: 14:25, Close: 11.04
2021-06-08 00:51:46 15      Exception happened while copiyng file. Error: Could not find a part of the path 'C:\tinkoff\Configuration\test\PBF_BBG002832GV8_2021-01-28.csv'.
2021-06-08 00:51:46 15      PBI_BBG000BQTMJ9_2021-01-28
2021-06-08 00:51:46 19      PBI: SPYKE!. Candle: ID:2, Time: 7:00, Close: 10.7
2021-06-08 00:51:46 19      PBI: BuyPending. Strategy: MorningOpenStrategy. Price: 10.46. Lots: 23. ChangeOpenToCurrent: -0.38. ChangePrevCloseToCurrent: -6.52. Candle: ID:9, Time: 7:00, Close: 10.46.
2021-06-08 00:51:46 19      PBI: OrderID: 6352d29f. PlacedOrder. Status: New. RejectReason: 
2021-06-08 00:51:46 19      PBI: OrderID: 6352d29f fully executed
2021-06-08 00:51:46 19      PBI: SPYKE!. Candle: ID:16, Time: 7:00, Close: 10.75
2021-06-08 00:51:46 19      PBI: SPYKE!. Candle: ID:19, Time: 7:00, Close: 10.5
2021-06-08 00:51:46 19      PBI: Morning closing. Close price: 10.53. Lots: 23. CandleChange: -0.09%. ChangeFromCandleHigh: -0.19%. Profit: 0.07(0.67%). Candle: ID:224, Time: 7:05, Close: 10.53
2021-06-08 00:51:46 19      PBI: OrderID: e6ea76d4. PlacedOrder. Status: New. RejectReason: 
2021-06-08 00:51:46 19      PBI: OrderID: e6ea76d4 fully executed
2021-06-08 00:51:46 19      PBI: SPYKE!. Candle: ID:1770, Time: 9:00, Close: 10.86
2021-06-08 00:51:46 21      Exception happened while copiyng file. Error: Could not find a part of the path 'C:\tinkoff\Configuration\test\PBI_BBG000BQTMJ9_2021-01-28.csv'.
2021-06-08 00:51:46 22      PCAR_BBG000BQVTF5_2021-01-28
2021-06-08 00:51:46 24      PCG_BBG000BQWPC5_2021-01-28
2021-06-08 00:51:46 26      PCG: SPYKE!. Candle: ID:205, Time: 13:00, Close: 10.09
2021-06-08 00:51:46 27      PDCO_BBG000BQY289_2021-01-28
2021-06-08 00:51:46 29      PEAK_BBG000BKYDP9_2021-01-28
2021-06-08 00:51:46 31      PEG_BBG000BQZMH4_2021-01-28
2021-06-08 00:51:46 33      PEP_BBG000DH7JK6_2021-01-28
2021-06-08 00:51:46 38      PFE_BBG000BR2B91_2021-01-28
2021-06-08 00:51:46 45      PFG_BBG000NSCNT7_2021-01-28
2021-06-08 00:51:46 47      PG_BBG000BR2TH3_2021-01-28
2021-06-08 00:51:46 51      PGR_BBG000BR37X2_2021-01-28
2021-06-08 00:51:46 53      PHM_BBG000BR54L0_2021-01-28
2021-06-08 00:51:46 56      PINS_BBG002583CV8_2021-01-28
2021-06-08 00:51:46 58      PINS: SPYKE!. Candle: ID:514, Time: 8:45, Close: 69.52
2021-06-08 00:51:46 60      PLAN_BBG002DZS299_2021-01-28
2021-06-08 00:51:46 62      PLAY_BBG001WWJTK5_2021-01-28
2021-06-08 00:51:46 63      PLAY: SPYKE!. Candle: ID:94, Time: 12:40, Close: 32.6
2021-06-08 00:51:46 65      PLCE_BBG000JK9DK4_2021-01-28
2021-06-08 00:51:46 66      PLD_BBG000B9Z0J8_2021-01-28
2021-06-08 00:51:46 67      PLNT_BBG009H04M17_2021-01-28
2021-06-08 00:51:46 70      PM_BBG000J2XL74_2021-01-28
2021-06-08 00:51:46 72      PNC_BBG000BRD0D8_2021-01-28
2021-06-08 00:51:46 73      PPC_BBG000BFLXV3_2021-01-28
2021-06-08 00:51:46 74      PPL_BBG000BRJL00_2021-01-28
2021-06-08 00:51:46 76      PRU_BBG000HCJMF9_2021-01-28
2021-06-08 00:51:46 78      PS_BBG00KMYC574_2021-01-28
2021-06-08 00:51:46 79      PSTG_BBG00212PVZ5_2021-01-28
2021-06-08 00:51:46 81      PSX_BBG00286S4N9_2021-01-28
2021-06-08 00:51:46 84      PTON_BBG00JG0FFZ2_2021-01-28
2021-06-08 00:51:46 88      PXD_BBG000BXRPH1_2021-01-28
2021-06-08 00:51:46 91      PYPL_BBG0077VNXV6_2021-01-28
2021-06-08 00:51:46 98      QCOM_BBG000CGC1X8_2021-01-28
2021-06-08 00:51:47 04      QDEL_BBG000C6GN04_2021-01-28
2021-06-08 00:51:47 05      QRTEA_BBG000PCQQL6_2021-01-28
2021-06-08 00:51:47 09      QRVO_BBG007TJF1N7_2021-01-28
2021-06-08 00:51:47 11      RCL_BBG000BB5792_2021-01-28
2021-06-08 00:51:47 14      RDFN_BBG001Q7HP63_2021-01-28
2021-06-08 00:51:47 15      RDS.A_BBG000QXSSS6_2021-01-28
2021-06-08 00:51:47 18      REG_BBG000BL46Q4_2021-01-28
2021-06-08 00:51:47 19      REGN_BBG000C734W3_2021-01-28
2021-06-08 00:51:47 22      RF_BBG000Q3JN03_2021-01-28
2021-06-08 00:51:47 25      ROKU_BBG001ZZPQJ6_2021-01-28
2021-06-08 00:51:47 28      ROST_BBG000BSBZH7_2021-01-28
2021-06-08 00:51:47 31      RRC_BBG000FVXD63_2021-01-28
2021-06-08 00:51:47 33      RRGB_BBG000MXH9C1_2021-01-28
2021-06-08 00:51:47 35      RTX_BBG000BW8S60_2021-01-28
2021-06-08 00:51:47 38      SAVE_BBG000BF6RQ9_2021-01-28
2021-06-08 00:51:47 45      SBGI_BBG000F2XXP2_2021-01-28
2021-06-08 00:51:47 46      SBGI: SPYKE!. Candle: ID:43, Time: 14:25, Close: 33.07
2021-06-08 00:51:47 46      SBRA_BBG000MTDW24_2021-01-28
2021-06-08 00:51:47 48      SBUX_BBG000CTQBF3_2021-01-28
2021-06-08 00:51:47 55      SCHW_BBG000BSLZY7_2021-01-28
2021-06-08 00:51:47 58      SDGR_BBG000T88BN2_2021-01-28
2021-06-08 00:51:47 60      SEDG_BBG0084BBZY6_2021-01-28
2021-06-08 00:51:47 63      SFIX_BBG0046L1KL9_2021-01-28
2021-06-08 00:51:47 66      SFM_BBG001KFKQM7_2021-01-28
2021-06-08 00:51:47 69      SGEN_BBG000BH0FR6_2021-01-28
2021-06-08 00:51:47 70      SIG_BBG000C4ZZ10_2021-01-28
2021-06-08 00:51:47 72      SLB_BBG000BT41Q8_2021-01-28
2021-06-08 00:51:47 75      SLG_BBG000BVP5P2_2021-01-28
2021-06-08 00:51:47 76      SMAR_BBG00GQK3WB5_2021-01-28
2021-06-08 00:51:47 77      SNAP_BBG00441QMJ7_2021-01-28
2021-06-08 00:51:47 80      SNAP: BuyPending. Strategy: MorningOpenStrategy. Price: 47. Lots: 5. ChangeOpenToCurrent: -2.08. ChangePrevCloseToCurrent: -3.98. Candle: ID:12, Time: 7:00, Close: 47.
2021-06-08 00:51:47 80      SNAP: OrderID: 56244196. PlacedOrder. Status: New. RejectReason: 
2021-06-08 00:51:47 80      SNAP: OrderID: 56244196 fully executed
2021-06-08 00:51:47 80      SNAP: Morning closing. Close price: 47.69. Lots: 5. CandleChange: -0.02%. ChangeFromCandleHigh: -0.02%. Profit: 0.69(1.47%). Candle: ID:45, Time: 7:05, Close: 47.69
2021-06-08 00:51:47 80      SNAP: OrderID: 5e11baac. PlacedOrder. Status: New. RejectReason: 
2021-06-08 00:51:47 80      SNAP: OrderID: 5e11baac partially executed. Executed lots: 1. OrderStatus: 1/5 lots
2021-06-08 00:51:47 80      SNAP: OrderID: 5e11baac fully executed
2021-06-08 00:51:47 84      Exception happened while copiyng file. Error: Could not find a part of the path 'C:\tinkoff\Configuration\test\SNAP_BBG00441QMJ7_2021-01-28.csv'.
2021-06-08 00:51:47 84      SNPS_BBG000BSFRF3_2021-01-28
2021-06-08 00:51:47 85      SNY_BBG000BBD5N1_2021-01-28
2021-06-08 00:51:47 87      SO_BBG000BT9DW0_2021-01-28
2021-06-08 00:51:47 89      SONO_BBG001JZPSQ2_2021-01-28
2021-06-08 00:51:47 90      SPCE_BBG00HTN2CQ3_2021-01-28
2021-06-08 00:51:48 11      SPCE: SPYKE!. Candle: ID:2, Time: 7:00, Close: 45
2021-06-08 00:51:48 11      SPCE: SPYKE!. Candle: ID:3, Time: 7:00, Close: 42.5
2021-06-08 00:51:48 11      SPCE: BuyPending. Strategy: MorningOpenStrategy. Price: 42.55. Lots: 5. ChangeOpenToCurrent: -5.44. ChangePrevCloseToCurrent: -10.18. Candle: ID:9, Time: 7:00, Close: 42.55.
2021-06-08 00:51:48 11      SPCE: OrderID: e22744e5. PlacedOrder. Status: New. RejectReason: 
2021-06-08 00:51:48 11      SPCE: OrderID: e22744e5 fully executed
2021-06-08 00:51:48 11      SPCE: SPYKE!. Candle: ID:25, Time: 7:00, Close: 45
2021-06-08 00:51:48 11      SPCE: Morning closing. Close price: 51.5. Lots: 5. CandleChange: -0.39%. ChangeFromCandleHigh: -0.39%. Profit: 8.95(21.03%). Candle: ID:1208, Time: 7:05, Close: 51.5
2021-06-08 00:51:48 11      SPCE: OrderID: 37783703. PlacedOrder. Status: New. RejectReason: 
2021-06-08 00:51:48 11      SPCE: OrderID: 37783703 fully executed
2021-06-08 00:51:48 11      SPCE: SPYKE!. Candle: ID:1407, Time: 7:05, Close: 49
2021-06-08 00:51:48 11      SPCE: SPYKE!. Candle: ID:1421, Time: 7:05, Close: 47.28
2021-06-08 00:51:48 12      SPCE: SPYKE!. Candle: ID:13089, Time: 10:10, Close: 45.45
2021-06-08 00:51:48 25      Exception happened while copiyng file. Error: Could not find a part of the path 'C:\tinkoff\Configuration\test\SPCE_BBG00HTN2CQ3_2021-01-28.csv'.
2021-06-08 00:51:48 25      SPG_BBG000BJ2D31_2021-01-28
2021-06-08 00:51:48 28      SPLK_BBG001C7TST4_2021-01-28
2021-06-08 00:51:48 31      SPR_BBG000PRJ2Z9_2021-01-28
2021-06-08 00:51:48 33      SPR: BuyPending. Strategy: MorningOpenStrategy. Price: 33.64. Lots: 7. ChangeOpenToCurrent: -2.07. ChangePrevCloseToCurrent: -1.64. Candle: ID:29, Time: 7:00, Close: 33.64.
2021-06-08 00:51:48 33      SPR: OrderID: f8e0d97b. PlacedOrder. Status: New. RejectReason: 
2021-06-08 00:51:48 33      SPR: Cancel order. Did not bought at market open. Candle: ID:32, Time: 7:05, Close: 33.7
2021-06-08 00:51:48 33      OrderID: f8e0d97b successfully canceled
2021-06-08 00:51:48 34      SQ_BBG0018SLC07_2021-01-28
2021-06-08 00:51:48 41      SSNC_BBG000RJ2J04_2021-01-28
2021-06-08 00:51:48 43      STLD_BBG000HGYNZ9_2021-01-28
2021-06-08 00:51:48 48      STT_BBG000BKFBD7_2021-01-28
2021-06-08 00:51:48 49      STX_BBG000F0KF42_2021-01-28
2021-06-08 00:51:48 49      Warning: figi `BBG000F0KF42` for history data does not match actual figi `BBG0113JGQF0`. Ticker: STX. Will be used actual!
2021-06-08 00:51:48 53      SWBI_BBG000BM0QL7_2021-01-28
2021-06-08 00:51:48 54      SWKS_BBG000KLB4Q1_2021-01-28
2021-06-08 00:51:48 58      SWN_BBG000BTR593_2021-01-28
2021-06-08 00:51:48 62      SYF_BBG00658F3P3_2021-01-28
2021-06-08 00:51:48 66      SYY_BBG000BTVJ25_2021-01-28
2021-06-08 00:51:48 68      T_BBG000BSJK37_2021-01-28
2021-06-08 00:51:48 73      TAL_BBG0016XJ8S0_2021-01-28
2021-06-08 00:51:48 75      TAP_BBG000BS7KS3_2021-01-28
2021-06-08 00:51:48 76      TDOC_BBG0019T5SG0_2021-01-28
2021-06-08 00:51:48 78      TENB_BBG00LBLCD02_2021-01-28
2021-06-08 00:51:48 79      TER_BBG000BV4DR6_2021-01-28
2021-06-08 00:51:48 82      TER: BuyPending. Strategy: MorningOpenStrategy. Price: 121.21. Lots: 2. ChangeOpenToCurrent: -2.62. ChangePrevCloseToCurrent: -2.24. Candle: ID:12, Time: 7:00, Close: 121.21.
2021-06-08 00:51:48 82      TER: OrderID: 61d44d4c. PlacedOrder. Status: New. RejectReason: 
2021-06-08 00:51:48 82      TER: OrderID: 61d44d4c fully executed
2021-06-08 00:51:48 82      TER: Morning closing by timeout. Close price: 120.87. Lots: 2. Profit: -0.34(-0.28%). Candle: ID:79, Time: 7:20, Close: 120.87
2021-06-08 00:51:48 82      TER: OrderID: 10a09bf9. PlacedOrder. Status: New. RejectReason: 
2021-06-08 00:51:48 82      TER: OrderID: 10a09bf9 fully executed
2021-06-08 00:51:48 83      Exception happened while copiyng file. Error: Could not find a part of the path 'C:\tinkoff\Configuration\test\TER_BBG000BV4DR6_2021-01-28.csv'.
2021-06-08 00:51:48 83      TFC_BBG000BYYLS8_2021-01-28
2021-06-08 00:51:48 85      TGT_BBG000H8TVT2_2021-01-28
2021-06-08 00:51:48 88      TJX_BBG000BV8DN6_2021-01-28
2021-06-08 00:51:48 91      TMUS_BBG000NDV1D4_2021-01-28
2021-06-08 00:51:48 95      TOL_BBG000BVHBM1_2021-01-28
2021-06-08 00:51:48 96      TOT_BBG000CHZ857_2021-01-28
2021-06-08 00:51:48 97      TPR_BBG000BY29C7_2021-01-28
2021-06-08 00:51:48 99      TRIP_BBG001M8HHB7_2021-01-28
2021-06-08 00:51:49 01      TRIP: SPYKE!. Candle: ID:5832, Time: 22:40, Close: 34.62
2021-06-08 00:51:49 01      TRMB_BBG000BNPS52_2021-01-28
2021-06-08 00:51:49 03      TROW_BBG000BVMPN3_2021-01-28
2021-06-08 00:51:49 04      TSCO_BBG000BLXZN1_2021-01-28
2021-06-08 00:51:49 06      TSLA_BBG000N9MNX3_2021-01-28
2021-06-08 00:51:49 28      TSLA: BuyPending. Strategy: MorningOpenStrategy. Price: 818.39. Lots: 1. ChangeOpenToCurrent: -2.00. ChangePrevCloseToCurrent: -2.57. Candle: ID:9, Time: 7:00, Close: 818.39.
2021-06-08 00:51:49 28      TSLA: OrderID: 706aaaeb. PlacedOrder. Status: New. RejectReason: 
2021-06-08 00:51:49 28      TSLA: OrderID: 706aaaeb fully executed
2021-06-08 00:51:49 28      TSLA: Morning closing. Close price: 824.1. Lots: 1. CandleChange: -0.09%. ChangeFromCandleHigh: -0.10%. Profit: 5.71(0.70%). Candle: ID:630, Time: 7:05, Close: 824.1
2021-06-08 00:51:49 28      TSLA: OrderID: 493439fe. PlacedOrder. Status: New. RejectReason: 
2021-06-08 00:51:49 28      TSLA: OrderID: 493439fe fully executed
2021-06-08 00:51:49 44      Exception happened while copiyng file. Error: Could not find a part of the path 'C:\tinkoff\Configuration\test\TSLA_BBG000N9MNX3_2021-01-28.csv'.
2021-06-08 00:51:49 44      TSM_BBG000BD8ZK0_2021-01-28
2021-06-08 00:51:49 56      TSN_BBG000DKCC19_2021-01-28
2021-06-08 00:51:49 58      TTD_BBG00629NGT2_2021-01-28
2021-06-08 00:51:49 60      TTM_BBG000PVGDH9_2021-01-28
2021-06-08 00:51:49 62      TTMI_BBG000BYQ0B1_2021-01-28
2021-06-08 00:51:49 63      TTWO_BBG000BS1YV5_2021-01-28
2021-06-08 00:51:49 65      TWLO_BBG0029ZX840_2021-01-28
2021-06-08 00:51:49 66      TWNK_BBG00B6KGNN1_2021-01-28
2021-06-08 00:51:49 67      TWOU_BBG001KS9450_2021-01-28
2021-06-08 00:51:49 68      TWTR_BBG000H6HNW3_2021-01-28
2021-06-08 00:51:49 75      TXN_BBG000BVV7G1_2021-01-28
2021-06-08 00:51:49 80      TXRH_BBG000PSJMV7_2021-01-28
2021-06-08 00:51:49 81      UA_BBG009DTD8H2_2021-01-28
2021-06-08 00:51:49 83      UAA_BBG000BXM6V2_2021-01-28
2021-06-08 00:51:49 86      UAL_BBG000M65M61_2021-01-28
2021-06-08 00:51:49 94      UBER_BBG002B04MT8_2021-01-28
2021-06-08 00:51:50 02      UDR_BBG000C41023_2021-01-28
2021-06-08 00:51:50 04      ULTA_BBG00FWQ4VD6_2021-01-28
2021-06-08 00:51:50 05      UNH_BBG000CH5208_2021-01-28
2021-06-08 00:51:50 07      UNM_BBG000BW2QX0_2021-01-28
2021-06-08 00:51:50 09      UNP_BBG000BW3299_2021-01-28
2021-06-08 00:51:50 11      UNVR_BBG000BDHD29_2021-01-28
2021-06-08 00:51:50 11      UNVR: SPYKE!. Candle: ID:3, Time: 14:35, Close: 19.28
2021-06-08 00:51:50 12      UPS_BBG000L9CV04_2021-01-28
2021-06-08 00:51:50 13      UPWK_BBG00FBJ6390_2021-01-28
2021-06-08 00:51:50 15      URBN_BBG000BL79J3_2021-01-28
2021-06-08 00:51:50 16      USB_BBG000FFDM15_2021-01-28
2021-06-08 00:51:50 19      USFD_BBG00C6H6D40_2021-01-28
2021-06-08 00:51:50 20      V_BBG000PSKYX7_2021-01-28
2021-06-08 00:51:50 26      VALE_BBG000BN5LG7_2021-01-28
2021-06-08 00:51:50 29      VFC_BBG000BWCKB6_2021-01-28
2021-06-08 00:51:50 31      VG_BBG000BRB5D9_2021-01-28
2021-06-08 00:51:50 32      VG: SPYKE!. Candle: ID:54, Time: 13:10, Close: 12.76
2021-06-08 00:51:50 33      VIAC_BBG000C496P7_2021-01-28
2021-06-08 00:51:50 39      VIPS_BBG002NLDLV8_2021-01-28
2021-06-08 00:51:50 40      VLO_BBG000BBGGQ1_2021-01-28
2021-06-08 00:51:50 43      VNO_BBG000BWHD54_2021-01-28
2021-06-08 00:51:50 45      VRSK_BBG000BCZL41_2021-01-28
2021-06-08 00:51:50 46      VRTX_BBG000C1S2X2_2021-01-28
2021-06-08 00:51:50 49      VTR_BBG000FRVHB9_2021-01-28
2021-06-08 00:51:50 50      VZ_BBG000HS77T5_2021-01-28
2021-06-08 00:51:50 54      W_BBG001B17MV2_2021-01-28
2021-06-08 00:51:50 55      WB_BBG0065XPGX9_2021-01-28
2021-06-08 00:51:50 57      WBA_BBG000BWLMJ4_2021-01-28
2021-06-08 00:51:50 60      WDAY_BBG000VC0T95_2021-01-28
2021-06-08 00:51:50 62      WDC_BBG000BWNFZ9_2021-01-28
2021-06-08 00:51:50 65      WDC: SPYKE!. Candle: ID:8563, Time: 21:00, Close: 56.76
2021-06-08 00:51:50 65      WELL_BBG000BKY1G5_2021-01-28
2021-06-08 00:51:50 68      WERN_BBG000BWPP85_2021-01-28
2021-06-08 00:51:50 69      WFC_BBG000BWQFY7_2021-01-28
2021-06-08 00:51:50 73      WLTW_BBG000DB3KT1_2021-01-28
2021-06-08 00:51:50 74      WMB_BBG000BWVCP8_2021-01-28
2021-06-08 00:51:50 76      WMT_BBG000BWXBC2_2021-01-28
2021-06-08 00:51:50 79      WORK_BBG007G7V505_2021-01-28
2021-06-08 00:51:50 82      WRK_BBG008NXC572_2021-01-28
2021-06-08 00:51:50 84      WSC_BBG00B0FS947_2021-01-28
2021-06-08 00:51:50 85      WU_BBG000BB5373_2021-01-28
2021-06-08 00:51:50 87      WY_BBG000BX3BL3_2021-01-28
2021-06-08 00:51:50 89      WYNN_BBG000LD9JQ8_2021-01-28
2021-06-08 00:51:50 91      XEL_BBG000BCTQ65_2021-01-28
2021-06-08 00:51:50 93      XLNX_BBG000C0F570_2021-01-28
2021-06-08 00:51:50 97      XOM_BBG000GZQ728_2021-01-28
2021-06-08 00:51:51 04      XRAY_BBG000BX57K1_2021-01-28
2021-06-08 00:51:51 05      XRX_BBG00NNG2ZJ8_2021-01-28
2021-06-08 00:51:51 07      YUM_BBG000BH3GZ2_2021-01-28
2021-06-08 00:51:51 09      YUMC_BBG00B8N0HG1_2021-01-28
2021-06-08 00:51:51 10      YY_BBG003H0XV18_2021-01-28
2021-06-08 00:51:51 11      Z_BBG009NRSWJ4_2021-01-28
2021-06-08 00:51:51 14      ZGNX_BBG000VDC3G9_2021-01-28
2021-06-08 00:51:51 16      ZION_BBG000BX9WL1_2021-01-28
2021-06-08 00:51:51 17      ZM_BBG0042V6JM8_2021-01-28
2021-06-08 00:51:51 21      ZS_BBG003338H34_2021-01-28
2021-06-08 00:51:51 24      ZYNE_BBG007BBS8B7_2021-01-28
2021-06-08 00:51:51 29      ZYXI_BBG000BJBXZ2_2021-01-28
2021-06-08 00:51:51 30      ZYXI: BuyPending. Strategy: MorningOpenStrategy. Price: 19.5. Lots: 12. ChangeOpenToCurrent: -2.45. ChangePrevCloseToCurrent: -4.88. Candle: ID:9, Time: 7:00, Close: 19.5.
2021-06-08 00:51:51 30      ZYXI: OrderID: f7769d32. PlacedOrder. Status: New. RejectReason: 
2021-06-08 00:51:51 30      ZYXI: OrderID: f7769d32 fully executed
2021-06-08 00:51:51 31      ZYXI: Morning closing. Close price: 20.22. Lots: 12. CandleChange: -0.34%. ChangeFromCandleHigh: -0.54%. Profit: 0.72(3.69%). Candle: ID:147, Time: 7:05, Close: 20.22
2021-06-08 00:51:51 31      ZYXI: OrderID: 738194b3. PlacedOrder. Status: New. RejectReason: 
2021-06-08 00:51:51 31      ZYXI: OrderID: 738194b3 partially executed. Executed lots: 3. OrderStatus: 3/12 lots
2021-06-08 00:51:51 31      ZYXI: OrderID: 738194b3 partially executed. Executed lots: 8. OrderStatus: 11/12 lots
2021-06-08 00:51:51 31      ZYXI: OrderID: 738194b3 fully executed
2021-06-08 00:51:51 32      Exception happened while copiyng file. Error: Could not find a part of the path 'C:\tinkoff\Configuration\test\ZYXI_BBG000BJBXZ2_2021-01-28.csv'.
2021-06-08 00:51:51 32      Total candles read: 4682683
2021-06-08 00:51:51 32      Start DisposeAsync...
2021-06-08 00:51:51 32      Trade statistic. Total/Pos/Neg: 29/18/7; Profit: 121.55; Volume: 0; MaxVolume: 3393.50; Commission: 7.377825;
2021-06-08 00:51:51 32      BaseBot::DisposeAsync...
2021-06-08 00:51:51 32      BaseBot::DisposeAsync done!
2021-06-08 00:51:51 32      End DisposeAsync...
