2021-06-11 21:53:51 33      mode=TestTradeBot;DumpQuotes=false;SubscribeQuotes=false;Strategies=MorningOpenStrategy;Token=token.txt;ConfigPath=usd.json;OutputFolder=.\new\;CandlesPath=C:\tinkoff\TestData\RawQuotes\5m\uncompressed\quotes_2020-12-21;
2021-06-11 21:53:51 33      Trade bot created
2021-06-11 21:53:51 35      Fake connection created
2021-06-11 21:53:54 30       Error! Unknown ticker: EV
2021-06-11 21:53:54 31       Error! Unknown ticker: IMMU
2021-06-11 21:53:54 31       Error! Unknown ticker: LM
2021-06-11 21:53:54 31       Error! Unknown ticker: LOGM
2021-06-11 21:53:54 31       Error! Unknown ticker: LVGO
2021-06-11 21:53:54 31       Error! Unknown ticker: MTSC
2021-06-11 21:53:54 31       Error! Unknown ticker: MYL
2021-06-11 21:53:54 31       Error! Unknown ticker: MYOK
2021-06-11 21:53:54 31       Error! Unknown ticker: NBL
2021-06-11 21:53:54 31       Error! Unknown ticker: PRSC
2021-06-11 21:53:54 31       Error! Unknown ticker: PS
2021-06-11 21:53:54 31       Error! Unknown ticker: RP
2021-06-11 21:53:54 31       Error! Unknown ticker: SINA
2021-06-11 21:53:54 31       Error! Unknown ticker: TECD
2021-06-11 21:53:54 31       Error! Unknown ticker: TIF
2021-06-11 21:53:54 31       Error! Unknown ticker: VAR
2021-06-11 21:53:54 31       Error! Unknown ticker: VRTU
2021-06-11 21:53:54 32       Error! Unknown ticker: WYND
2021-06-11 21:53:54 33      List of disabled tickers: 
2021-06-11 21:53:54 34      AA_BBG00B3T3HD3_2020-12-21
2021-06-11 21:53:54 39      AAL_BBG005P7Q881_2020-12-21
2021-06-11 21:53:54 44      AAL: BuyPending. Strategy: MorningOpenStrategy. Price: 16.27. Lots: 15. ChangeOpenToCurrent: -0.55. ChangePrevCloseToCurrent: -2.11. Candle: ID:135, Time: 7:00, Close: 16.27.
2021-06-11 21:53:54 44      AAL: OrderID: b58471d3. PlacedOrder. Status: New. RejectReason: 
2021-06-11 21:53:54 44      AAL: OrderID: b58471d3 fully executed
2021-06-11 21:53:54 45      AAL: Morning closing by timeout. Close price: 15.7. Lots: 15. Profit: -0.57(-3.50%). Candle: ID:1037, Time: 7:20, Close: 15.7
2021-06-11 21:53:54 45      AAL: OrderID: 5868f0c4. PlacedOrder. Status: New. RejectReason: 
2021-06-11 21:53:54 45      AAL: OrderID: 5868f0c4 partially executed. Executed lots: 5. OrderStatus: 5/15 lots
2021-06-11 21:53:54 45      AAL: OrderID: 5868f0c4 partially executed. Executed lots: 2. OrderStatus: 7/15 lots
2021-06-11 21:53:54 45      AAL: OrderID: 5868f0c4 fully executed
2021-06-11 21:53:54 50      AAPL_BBG000B9XRY4_2020-12-21
2021-06-11 21:53:54 79      ABBV_BBG0025Y4RY4_2020-12-21
2021-06-11 21:53:54 82      ABNB_BBG001Y2XS07_2020-12-21
2021-06-11 21:53:54 86      ABNB: BuyPending. Strategy: MorningOpenStrategy. Price: 152.25. Lots: 1. ChangeOpenToCurrent: -8.96. ChangePrevCloseToCurrent: -3.10. Candle: ID:23, Time: 7:00, Close: 152.25.
2021-06-11 21:53:54 86      ABNB: OrderID: d5ba9007. PlacedOrder. Status: New. RejectReason: 
2021-06-11 21:53:54 86      ABNB: OrderID: d5ba9007 fully executed
2021-06-11 21:53:54 86      ABNB: Morning closing. Close price: 158.2. Lots: 1. CandleChange: -0.16%. ChangeFromCandleHigh: -0.16%. Profit: 5.95(3.91%). Candle: ID:108, Time: 7:15, Close: 158.2
2021-06-11 21:53:54 86      ABNB: OrderID: b7f025e3. PlacedOrder. Status: New. RejectReason: 
2021-06-11 21:53:54 86      ABNB: OrderID: b7f025e3 fully executed
2021-06-11 21:53:54 90      ABT_BBG000B9ZXB4_2020-12-21
2021-06-11 21:53:54 92      ACAD_BBG000BHG9K0_2020-12-21
2021-06-11 21:53:54 93      ACH_BBG000CMRVH1_2020-12-21
2021-06-11 21:53:54 94      ADBE_BBG000BB5006_2020-12-21
2021-06-11 21:53:54 97      ADM_BBG000BB6WG8_2020-12-21
2021-06-11 21:53:54 99      ADP_BBG000JG0547_2020-12-21
2021-06-11 21:53:55 01      ADSK_BBG000BM7HL0_2020-12-21
2021-06-11 21:53:55 03      AES_BBG000C23KJ3_2020-12-21
2021-06-11 21:53:55 05      AFL_BBG000BBBNC6_2020-12-21
2021-06-11 21:53:55 07      AIG_BBG000BBDZG3_2020-12-21
2021-06-11 21:53:55 10      AKAM_BBG000BJQWD2_2020-12-21
2021-06-11 21:53:55 11      ALK_BBG000BBL0Y1_2020-12-21
2021-06-11 21:53:55 12      ALL_BBG000BVMGF2_2020-12-21
2021-06-11 21:53:55 14      ALXN_BBG000G30YX4_2020-12-21
2021-06-11 21:53:55 16      AMAT_BBG000BBPFB9_2020-12-21
2021-06-11 21:53:55 20      AMCX_BBG000H01H92_2020-12-21
2021-06-11 21:53:55 21      AMD_BBG000BBQCY0_2020-12-21
2021-06-11 21:53:55 33      AMGN_BBG000BBS2Y0_2020-12-21
2021-06-11 21:53:55 36      AMZN_BBG000BVPV84_2020-12-21
2021-06-11 21:53:55 45      ANGI_BBG00HVKH3Q0_2020-12-21
2021-06-11 21:53:55 47      APA_BBG000BC2C10_2020-12-21
2021-06-11 21:53:55 47      Warning: figi `BBG000BC2C10` for history data does not match actual figi `BBG00YTS96G2`. Ticker: APA. Will be used actual!
2021-06-11 21:53:55 48      APA: BuyPending. Strategy: MorningOpenStrategy. Price: 15.05. Lots: 16. ChangeOpenToCurrent: -0.27. ChangePrevCloseToCurrent: -2.08. Candle: ID:9, Time: 7:00, Close: 15.05.
2021-06-11 21:53:55 48      APA: OrderID: 963c0d44. PlacedOrder. Status: New. RejectReason: 
2021-06-11 21:53:55 48      APA: OrderID: 963c0d44 partially executed. Executed lots: 6. OrderStatus: 6/16 lots
2021-06-11 21:53:55 48      APA: OrderID: 963c0d44 partially executed. Executed lots: 2. OrderStatus: 8/16 lots
2021-06-11 21:53:55 48      APA: OrderID: 963c0d44 partially executed. Executed lots: 1. OrderStatus: 9/16 lots
2021-06-11 21:53:55 48      APA: OrderID: 963c0d44 fully executed
2021-06-11 21:53:55 48      APA: Morning closing by timeout. Close price: 14.93. Lots: 16. Profit: -0.12(-0.80%). Candle: ID:84, Time: 7:20, Close: 14.93
2021-06-11 21:53:55 48      APA: OrderID: 953fdae9. PlacedOrder. Status: New. RejectReason: 
2021-06-11 21:53:55 48      APA: OrderID: 953fdae9 partially executed. Executed lots: 14. OrderStatus: 14/16 lots
2021-06-11 21:53:55 48      APA: OrderID: 953fdae9 partially executed. Executed lots: 1. OrderStatus: 15/16 lots
2021-06-11 21:53:55 48      APA: OrderID: 953fdae9 fully executed
2021-06-11 21:53:55 48      APA: SPYKE!. Candle: ID:89, Time: 7:20, Close: 14.01
2021-06-11 21:53:55 48      APA: SPYKE!. Candle: ID:90, Time: 7:20, Close: 13.86
2021-06-11 21:53:55 48      APA: SPYKE!. Candle: ID:96, Time: 7:20, Close: 14.74
2021-06-11 21:53:55 50      APLE_BBG006473QX9_2020-12-21
2021-06-11 21:53:55 51      APTV_BBG001QD41M9_2020-12-21
2021-06-11 21:53:55 53      ARMK_BBG001KY4N87_2020-12-21
2021-06-11 21:53:55 54      ARWR_BBG000BRVKH0_2020-12-21
2021-06-11 21:53:55 55      ATRA_BBG005Q3MQY4_2020-12-21
2021-06-11 21:53:55 57      ATUS_BBG00GFMPRK0_2020-12-21
2021-06-11 21:53:55 59      ATVI_BBG000CVWGS6_2020-12-21
2021-06-11 21:53:55 63      AVGO_BBG00KHY5S69_2020-12-21
2021-06-11 21:53:55 66      AXP_BBG000BCQZS4_2020-12-21
2021-06-11 21:53:55 70      BA_BBG000BCSST7_2020-12-21
2021-06-11 21:53:55 76      BABA_BBG006G2JVL2_2020-12-21
2021-06-11 21:53:55 85      BAC_BBG000BCTLF6_2020-12-21
2021-06-11 21:53:55 89      BAC: BuyPending. Strategy: MorningOpenStrategy. Price: 29.28. Lots: 8. ChangeOpenToCurrent: -0.07. ChangePrevCloseToCurrent: -2.53. Candle: ID:10, Time: 7:00, Close: 29.28.
2021-06-11 21:53:55 89      BAC: OrderID: 05b86006. PlacedOrder. Status: New. RejectReason: 
2021-06-11 21:53:55 89      BAC: OrderID: 05b86006 fully executed
2021-06-11 21:53:55 89      BAC: Morning closing by timeout. Close price: 29.4. Lots: 8. Profit: 0.12(0.41%). Candle: ID:458, Time: 7:20, Close: 29.4
2021-06-11 21:53:55 89      BAC: OrderID: 91a23a8d. PlacedOrder. Status: New. RejectReason: 
2021-06-11 21:53:55 89      BAC: OrderID: 91a23a8d partially executed. Executed lots: 5. OrderStatus: 5/8 lots
2021-06-11 21:53:55 89      BAC: OrderID: 91a23a8d partially executed. Executed lots: 1. OrderStatus: 6/8 lots
2021-06-11 21:53:55 89      BAC: OrderID: 91a23a8d fully executed
2021-06-11 21:53:55 92      BAX_BBG000BCVJ77_2020-12-21
2021-06-11 21:53:55 94      BBY_BBG000BCWCG1_2020-12-21
2021-06-11 21:53:55 96      BEN_BBG000BD0TF8_2020-12-21
2021-06-11 21:53:55 97      BHF_BBG00DYPZ4T0_2020-12-21
2021-06-11 21:53:55 99      BIDU_BBG000QXWHD1_2020-12-21
2021-06-11 21:53:56 04      BIIB_BBG000C17X76_2020-12-21
2021-06-11 21:53:56 06      BILI_BBG00K7T3037_2020-12-21
2021-06-11 21:53:56 10      BK_BBG000BD8PN9_2020-12-21
2021-06-11 21:53:56 12      BKR_BBG00GBVBK51_2020-12-21
2021-06-11 21:53:56 14      BLDR_BBG000BKD3K9_2020-12-21
2021-06-11 21:53:56 16      BLUE_BBG000QGWY50_2020-12-21
2021-06-11 21:53:56 18      BMRN_BBG000CZWZ05_2020-12-21
2021-06-11 21:53:56 19      BMY_BBG000DQLV23_2020-12-21
2021-06-11 21:53:56 22      BRK.B_BBG000DWG505_2020-12-21
2021-06-11 21:53:56 25      BSX_BBG000C0LW92_2020-12-21
2021-06-11 21:53:56 26      BSX: BuyPending. Strategy: MorningOpenStrategy. Price: 35.1. Lots: 7. ChangeOpenToCurrent: -2.12. ChangePrevCloseToCurrent: -1.52. Candle: ID:13, Time: 7:00, Close: 35.1.
2021-06-11 21:53:56 26      BSX: OrderID: 12bda57d. PlacedOrder. Status: New. RejectReason: 
2021-06-11 21:53:56 27      BSX: OrderID: 12bda57d partially executed. Executed lots: 1. OrderStatus: 1/7 lots
2021-06-11 21:53:56 27      BSX: OrderID: 12bda57d fully executed
2021-06-11 21:53:56 27      BSX: Morning closing by timeout. Close price: 35.18. Lots: 7. Profit: 0.08(0.23%). Candle: ID:114, Time: 7:20, Close: 35.18
2021-06-11 21:53:56 27      BSX: OrderID: d987e929. PlacedOrder. Status: New. RejectReason: 
2021-06-11 21:53:56 27      BSX: OrderID: d987e929 fully executed
2021-06-11 21:53:56 28      BTI_BBG000BWPXQ8_2020-12-21
2021-06-11 21:53:56 30      BUD_BBG000RYC984_2020-12-21
2021-06-11 21:53:56 32      BWA_BBG000BJ49H3_2020-12-21
2021-06-11 21:53:56 33      BYND_BBG003CVJP50_2020-12-21
2021-06-11 21:53:56 36      BZUN_BBG008HNS333_2020-12-21
2021-06-11 21:53:56 36      C_BBG000FY4S11_2020-12-21
2021-06-11 21:53:56 41      C: BuyPending. Strategy: MorningOpenStrategy. Price: 61.11. Lots: 4. ChangeOpenToCurrent: -1.07. ChangePrevCloseToCurrent: -2.19. Candle: ID:9, Time: 7:00, Close: 61.11.
2021-06-11 21:53:56 41      C: OrderID: 00d2e4d8. PlacedOrder. Status: New. RejectReason: 
2021-06-11 21:53:56 41      C: OrderID: 00d2e4d8 fully executed
2021-06-11 21:53:56 41      C: Buy more. Price: 59.51. Lots: 4. changeFromLastBuy: -2.62. Candle: ID:44, Time: 7:00, Close: 59.51.
2021-06-11 21:53:56 41      C: OrderID: 79045e9f. PlacedOrder. Status: New. RejectReason: 
2021-06-11 21:53:56 41      C: OrderID: 79045e9f fully executed
2021-06-11 21:53:56 41      C: Morning closing. Close price: 61.12. Lots: 8. CandleChange: 1.51%. ChangeFromCandleHigh: -1.05%. Profit: 0.81(1.34%). Candle: ID:112, Time: 7:10, Close: 61.12
2021-06-11 21:53:56 41      C: OrderID: 6c7d5c8d. PlacedOrder. Status: New. RejectReason: 
2021-06-11 21:53:56 41      C: OrderID: 6c7d5c8d fully executed
2021-06-11 21:53:56 44      CAG_BBG000BDXGP9_2020-12-21
2021-06-11 21:53:56 46      CAH_BBG000D898T9_2020-12-21
2021-06-11 21:53:56 47      CARG_BBG00HQ77DS2_2020-12-21
2021-06-11 21:53:56 48      CARR_BBG00RP5HYS8_2020-12-21
2021-06-11 21:53:56 50      CAT_BBG000BF0K17_2020-12-21
2021-06-11 21:53:56 51      CB_BBG000BR14K5_2020-12-21
2021-06-11 21:53:56 52      CBRE_BBG000C04224_2020-12-21
2021-06-11 21:53:56 53      CCL_BBG000BF6LY3_2020-12-21
2021-06-11 21:53:56 58      CCL: BuyPending. Strategy: MorningOpenStrategy. Price: 21.0. Lots: 11. ChangeOpenToCurrent: -1.45. ChangePrevCloseToCurrent: -2.19. Candle: ID:9, Time: 7:00, Close: 21.0.
2021-06-11 21:53:56 58      CCL: OrderID: 06fe95d5. PlacedOrder. Status: New. RejectReason: 
2021-06-11 21:53:56 58      CCL: OrderID: 06fe95d5 partially executed. Executed lots: 10. OrderStatus: 10/11 lots
2021-06-11 21:53:56 58      CCL: OrderID: 06fe95d5 fully executed
2021-06-11 21:53:56 59      CCL: Morning closing by timeout. Close price: 20.06. Lots: 11. Profit: -0.94(-4.48%). Candle: ID:1337, Time: 7:20, Close: 20.06
2021-06-11 21:53:56 59      CCL: OrderID: e359b5bc. PlacedOrder. Status: New. RejectReason: 
2021-06-11 21:53:56 59      CCL: OrderID: e359b5bc fully executed
2021-06-11 21:53:56 63      CDNS_BBG000C13CD9_2020-12-21
2021-06-11 21:53:56 64      CDW_BBG001P63B80_2020-12-21
2021-06-11 21:53:56 67      CERN_BBG000BFDLV8_2020-12-21
2021-06-11 21:53:56 68      CF_BBG000BWJFZ4_2020-12-21
2021-06-11 21:53:56 69      CFG_BBG006Q0HY77_2020-12-21
2021-06-11 21:53:56 72      CGNX_BBG000BPBVW5_2020-12-21
2021-06-11 21:53:56 74      CHEF_BBG001MFW6D6_2020-12-21
2021-06-11 21:53:56 74      CHEF: SPYKE!. Candle: ID:215, Time: 13:15, Close: 22.45
2021-06-11 21:53:56 75      CHGG_BBG0014XR0N5_2020-12-21
2021-06-11 21:53:56 76      CHNG_BBG0059KNH10_2020-12-21
2021-06-11 21:53:56 77      CHRW_BBG000BTCH57_2020-12-21
2021-06-11 21:53:56 79      CHTR_BBG000VPGNR2_2020-12-21
2021-06-11 21:53:56 80      CHX_BBG00JH9TZ56_2020-12-21
2021-06-11 21:53:56 81      CIEN_BBG000BP1152_2020-12-21
2021-06-11 21:53:56 83      CINF_BBG000BFPK65_2020-12-21
2021-06-11 21:53:56 84      CL_BBG000BFQYY3_2020-12-21
2021-06-11 21:53:56 85      CLF_BBG000BFRF55_2020-12-21
2021-06-11 21:53:56 86      CLR_BBG000BHBGN6_2020-12-21
2021-06-11 21:53:56 87      CMA_BBG000C75N77_2020-12-21
2021-06-11 21:53:56 89      CMCSA_BBG000BFT2L4_2020-12-21
2021-06-11 21:53:56 93      CME_BBG000BHLYP4_2020-12-21
2021-06-11 21:53:56 95      CMS_BBG000BFVXX0_2020-12-21
2021-06-11 21:53:56 96      CNC_BBG000BDXCJ5_2020-12-21
2021-06-11 21:53:56 98      CNK_BBG000QDVR53_2020-12-21
2021-06-11 21:53:57 06      CNP_BBG000FDBX90_2020-12-21
2021-06-11 21:53:57 08      COF_BBG000BGKTF9_2020-12-21
2021-06-11 21:53:57 10      COG_BBG000C3GN47_2020-12-21
2021-06-11 21:53:57 10      COG: BuyPending. Strategy: MorningOpenStrategy. Price: 16.6. Lots: 15. ChangeOpenToCurrent: -2.06. ChangePrevCloseToCurrent: -2.58. Candle: ID:10, Time: 7:00, Close: 16.6.
2021-06-11 21:53:57 10      COG: OrderID: aa2d838a. PlacedOrder. Status: New. RejectReason: 
2021-06-11 21:53:57 10      COG: OrderID: aa2d838a partially executed. Executed lots: 7. OrderStatus: 7/15 lots
2021-06-11 21:53:57 10      COG: Morning closing. Close price: 16.78. Lots: 7. CandleChange: -0.77%. ChangeFromCandleHigh: -0.77%. Profit: 0.18(1.08%). Candle: ID:20, Time: 7:10, Close: 16.78
2021-06-11 21:53:57 10      COG: OrderID: 01a0c963. PlacedOrder. Status: New. RejectReason: 
2021-06-11 21:53:57 10      COG: OrderID: aa2d838a automatically canceling...
2021-06-11 21:53:57 10      COG: OrderID: 01a0c963 partially executed. Executed lots: 3. OrderStatus: 3/7 lots
2021-06-11 21:53:57 10      OrderID: aa2d838a successfully canceled
2021-06-11 21:53:57 10      COG: OrderID: 01a0c963 fully executed
2021-06-11 21:53:57 11      COP_BBG000BQQH30_2020-12-21
2021-06-11 21:53:57 15      COP: BuyPending. Strategy: MorningOpenStrategy. Price: 40.0. Lots: 6. ChangeOpenToCurrent: -1.23. ChangePrevCloseToCurrent: -2.39. Candle: ID:9, Time: 7:00, Close: 40.0.
2021-06-11 21:53:57 15      COP: OrderID: de32d71d. PlacedOrder. Status: New. RejectReason: 
2021-06-11 21:53:57 15      COP: OrderID: de32d71d fully executed
2021-06-11 21:53:57 15      COP: Morning closing by timeout. Close price: 40.0. Lots: 6. Profit: 0.00(0%). Candle: ID:70, Time: 7:20, Close: 40.0
2021-06-11 21:53:57 15      COP: OrderID: d96e803e. PlacedOrder. Status: New. RejectReason: 
2021-06-11 21:53:57 15      COP: OrderID: d96e803e fully executed
2021-06-11 21:53:57 17      CORT_BBG000BKJG33_2020-12-21
2021-06-11 21:53:57 18      COST_BBG000F6H8W8_2020-12-21
2021-06-11 21:53:57 21      COTY_BBG000F395V1_2020-12-21
2021-06-11 21:53:57 22      COUP_BBG001J4BCN4_2020-12-21
2021-06-11 21:53:57 24      CPB_BBG000BG4202_2020-12-21
2021-06-11 21:53:57 25      CPRI_BBG0029SNR63_2020-12-21
2021-06-11 21:53:57 26      CPRT_BBG000BM9RH1_2020-12-21
2021-06-11 21:53:57 27      CREE_BBG000BG14P4_2020-12-21
2021-06-11 21:53:57 29      CRM_BBG000BN2DC2_2020-12-21
2021-06-11 21:53:57 32      CRM: BuyPending. Strategy: MorningOpenStrategy. Price: 223.0. Lots: 1. ChangeOpenToCurrent: -2.01. ChangePrevCloseToCurrent: -1.76. Candle: ID:14, Time: 7:00, Close: 223.0.
2021-06-11 21:53:57 32      CRM: OrderID: 5cb9576e. PlacedOrder. Status: New. RejectReason: 
2021-06-11 21:53:57 32      CRM: OrderID: 5cb9576e fully executed
2021-06-11 21:53:57 32      CRM: Morning closing. Close price: 225.0. Lots: 1. CandleChange: -0.44%. ChangeFromCandleHigh: -0.44%. Profit: 2.00(0.90%). Candle: ID:94, Time: 7:05, Close: 225.0
2021-06-11 21:53:57 32      CRM: OrderID: fab6799d. PlacedOrder. Status: New. RejectReason: 
2021-06-11 21:53:57 32      CRM: OrderID: fab6799d fully executed
2021-06-11 21:53:57 33      CROX_BBG000BLY663_2020-12-21
2021-06-11 21:53:57 35      CRUS_BBG000C1DHF5_2020-12-21
2021-06-11 21:53:57 36      CRWD_BBG00BLYKS03_2020-12-21
2021-06-11 21:53:57 39      CSCO_BBG000C3J3C9_2020-12-21
2021-06-11 21:53:57 45      CSX_BBG000BGJRC8_2020-12-21
2021-06-11 21:53:57 47      CTSH_BBG000BBDV81_2020-12-21
2021-06-11 21:53:57 50      CTVA_BBG00BN969C1_2020-12-21
2021-06-11 21:53:57 52      CTXS_BBG000FQ6PY6_2020-12-21
2021-06-11 21:53:57 53      CVET_BBG00KR691K8_2020-12-21
2021-06-11 21:53:57 55      CVS_BBG000BGRY34_2020-12-21
2021-06-11 21:53:57 57      CVX_BBG000K4ND22_2020-12-21
2021-06-11 21:53:57 59      CVX: BuyPending. Strategy: MorningOpenStrategy. Price: 85.0. Lots: 2. ChangeOpenToCurrent: -1.09. ChangePrevCloseToCurrent: -2.68. Candle: ID:14, Time: 7:00, Close: 85.0.
2021-06-11 21:53:57 59      CVX: OrderID: 35fba7b7. PlacedOrder. Status: New. RejectReason: 
2021-06-11 21:53:57 59      CVX: OrderID: 35fba7b7 fully executed
2021-06-11 21:53:57 59      CVX: Morning closing. Close price: 86.06. Lots: 2. CandleChange: -0.39%. ChangeFromCandleHigh: -0.39%. Profit: 1.06(1.25%). Candle: ID:119, Time: 7:20, Close: 86.06
2021-06-11 21:53:57 59      CVX: OrderID: 648c5fd0. PlacedOrder. Status: New. RejectReason: 
2021-06-11 21:53:57 59      CVX: OrderID: 648c5fd0 partially executed. Executed lots: 1. OrderStatus: 1/2 lots
2021-06-11 21:53:57 59      CVX: OrderID: 648c5fd0 fully executed
2021-06-11 21:53:57 61      D_BBG000BGVW60_2020-12-21
2021-06-11 21:53:57 63      DAL_BBG000R7Z112_2020-12-21
2021-06-11 21:53:57 67      DAL: BuyPending. Strategy: MorningOpenStrategy. Price: 40.0. Lots: 6. ChangeOpenToCurrent: -1.60. ChangePrevCloseToCurrent: -2.15. Candle: ID:93, Time: 7:00, Close: 40.0.
2021-06-11 21:53:57 67      DAL: OrderID: a17485cf. PlacedOrder. Status: New. RejectReason: 
2021-06-11 21:53:57 67      DAL: OrderID: a17485cf partially executed. Executed lots: 3. OrderStatus: 3/6 lots
2021-06-11 21:53:57 67      DAL: OrderID: a17485cf partially executed. Executed lots: 1. OrderStatus: 4/6 lots
2021-06-11 21:53:57 67      DAL: OrderID: a17485cf fully executed
2021-06-11 21:53:57 67      DAL: Buy more. Price: 38.89. Lots: 6. changeFromLastBuy: -2.78. Candle: ID:98, Time: 7:00, Close: 38.89.
2021-06-11 21:53:57 67      DAL: OrderID: 6e5ff03c. PlacedOrder. Status: New. RejectReason: 
2021-06-11 21:53:57 67      DAL: OrderID: 6e5ff03c fully executed
2021-06-11 21:53:57 67      DAL: Morning closing. Close price: 39.77. Lots: 12. CandleChange: -0.08%. ChangeFromCandleHigh: -0.08%. Profit: 0.33(0.84%). Candle: ID:245, Time: 7:05, Close: 39.77
2021-06-11 21:53:57 67      DAL: OrderID: 2d4a4d6e. PlacedOrder. Status: New. RejectReason: 
2021-06-11 21:53:57 67      DAL: OrderID: 2d4a4d6e fully executed
2021-06-11 21:53:57 70      DBX_BBG0018SLDN0_2020-12-21
2021-06-11 21:53:57 72      DD_BBG00BN961G4_2020-12-21
2021-06-11 21:53:57 74      DDOG_BBG003NJHZT9_2020-12-21
2021-06-11 21:53:57 77      DFS_BBG000QBR5J5_2020-12-21
2021-06-11 21:53:57 79      DHI_BBG000DQTXY6_2020-12-21
2021-06-11 21:53:57 80      DHR_BBG000BH3JF8_2020-12-21
2021-06-11 21:53:57 81      DIS_BBG000BH4R78_2020-12-21
2021-06-11 21:53:57 85      DISCA_BBG000CHWP52_2020-12-21
2021-06-11 21:53:57 87      DISCK_BBG000VMWHH5_2020-12-21
2021-06-11 21:53:57 89      DKNG_BBG00TCBG714_2020-12-21
2021-06-11 21:53:57 94      DKS_BBG000F6ZWH2_2020-12-21
2021-06-11 21:53:57 95      DLTR_BBG000BSC0K9_2020-12-21
2021-06-11 21:53:57 98      DOCU_BBG000N7KJX8_2020-12-21
2021-06-11 21:53:58 01      DOW_BBG00BN96922_2020-12-21
2021-06-11 21:53:58 03      DRI_BBG000BBNYF6_2020-12-21
2021-06-11 21:53:58 04      DT_BBG00PNN7C40_2020-12-21
2021-06-11 21:53:58 05      DVN_BBG000BBVJZ8_2020-12-21
2021-06-11 21:53:58 06      DVN: SPYKE!. Candle: ID:276, Time: 10:40, Close: 14.77
2021-06-11 21:53:58 07      DXC_BBG00FN64XT9_2020-12-21
2021-06-11 21:53:58 08      DXCM_BBG000QTF8K1_2020-12-21
2021-06-11 21:53:58 09      EA_BBG000BP0KQ8_2020-12-21
2021-06-11 21:53:58 12      EBAY_BBG000C43RR5_2020-12-21
2021-06-11 21:53:58 16      ED_BBG000BHLYS1_2020-12-21
2021-06-11 21:53:58 18      EDIT_BBG005MX5GZ2_2020-12-21
2021-06-11 21:53:58 22      EIX_BBG000D7RKJ5_2020-12-21
2021-06-11 21:53:58 24      ELAN_BBG00LJYS1P8_2020-12-21
2021-06-11 21:53:58 25      EMR_BBG000BHX7N2_2020-12-21
2021-06-11 21:53:58 27      ENDP_BBG000C0HQ54_2020-12-21
2021-06-11 21:53:58 27      ENPH_BBG001R3MNY9_2020-12-21
2021-06-11 21:53:58 31      ENTG_BBG000CTV4N4_2020-12-21
2021-06-11 21:53:58 32      EOG_BBG000BZ9223_2020-12-21
2021-06-11 21:53:58 35      EQT_BBG000BHZ5J9_2020-12-21
2021-06-11 21:53:58 37      ET_BBG000BM2FL9_2020-12-21
2021-06-11 21:53:58 39      ETRN_BBG00K53L394_2020-12-21
2021-06-11 21:53:58 41      ETSY_BBG000N7MXL8_2020-12-21
2021-06-11 21:53:58 43      EVH_BBG005CHLM96_2020-12-21
2021-06-11 21:53:58 44      EW_BBG000BRXP69_2020-12-21
2021-06-11 21:53:58 45      EWBC_BBG000CR20B1_2020-12-21
2021-06-11 21:53:58 46      EXAS_BBG000CWL0F5_2020-12-21
2021-06-11 21:53:58 47      EXAS: SPYKE!. Candle: ID:7, Time: 10:30, Close: 134.07
2021-06-11 21:53:58 48      EXC_BBG000J6XT05_2020-12-21
2021-06-11 21:53:58 50      EXEL_BBG000BQ4WF8_2020-12-21
2021-06-11 21:53:58 52      EXEL: BuyPending. Strategy: MorningOpenStrategy. Price: 19.82. Lots: 12. ChangeOpenToCurrent: -2.41. ChangePrevCloseToCurrent: -0.90. Candle: ID:9, Time: 7:00, Close: 19.82.
2021-06-11 21:53:58 52      EXEL: OrderID: 8a02f976. PlacedOrder. Status: New. RejectReason: 
2021-06-11 21:53:58 52      EXEL: OrderID: 8a02f976 partially executed. Executed lots: 6. OrderStatus: 6/12 lots
2021-06-11 21:53:58 52      EXEL: OrderID: 8a02f976 partially executed. Executed lots: 4. OrderStatus: 10/12 lots
2021-06-11 21:53:58 52      EXEL: OrderID: 8a02f976 fully executed
2021-06-11 21:53:58 52      EXEL: Morning closing. Close price: 20.05. Lots: 12. CandleChange: -0.15%. ChangeFromCandleHigh: -0.15%. Profit: 0.23(1.16%). Candle: ID:24, Time: 7:05, Close: 20.05
2021-06-11 21:53:58 52      EXEL: OrderID: 74a88aa1. PlacedOrder. Status: New. RejectReason: 
2021-06-11 21:53:58 52      EXEL: OrderID: 74a88aa1 partially executed. Executed lots: 3. OrderStatus: 3/12 lots
2021-06-11 21:53:58 52      EXEL: OrderID: 74a88aa1 fully executed
2021-06-11 21:53:58 52      EXEL: SPYKE!. Candle: ID:1186, Time: 12:30, Close: 20.33
2021-06-11 21:53:58 52      EXEL: SPYKE!. Candle: ID:1192, Time: 12:30, Close: 20.64
2021-06-11 21:53:58 53      EXPD_BBG000BJ5GK2_2020-12-21
2021-06-11 21:53:58 54      EXPE_BBG000QY3XZ2_2020-12-21
2021-06-11 21:53:58 56      F_BBG000BQPC32_2020-12-21
2021-06-11 21:53:58 58      FANG_BBG002PHSYX9_2020-12-21
2021-06-11 21:53:58 62      FAST_BBG000BJ8YN7_2020-12-21
2021-06-11 21:53:58 64      FATE_BBG000QP35H2_2020-12-21
2021-06-11 21:53:58 65      FB_BBG000MM2P62_2020-12-21
2021-06-11 21:53:58 73      FCX_BBG000BJDB15_2020-12-21
2021-06-11 21:53:58 76      FDX_BBG000BJF1Z8_2020-12-21
2021-06-11 21:53:58 79      FIS_BBG000BK2F42_2020-12-21
2021-06-11 21:53:58 83      FISV_BBG000BJKPG0_2020-12-21
2021-06-11 21:53:58 85      FITB_BBG000BJL3N0_2020-12-21
2021-06-11 21:53:58 87      FIVN_BBG001KHJM17_2020-12-21
2021-06-11 21:53:58 88      FL_BBG000BX8DC4_2020-12-21
2021-06-11 21:53:58 90      FLIR_BBG000BHK836_2020-12-21
2021-06-11 21:53:58 91      FLR_BBG000BB1TH9_2020-12-21
2021-06-11 21:53:58 92      FOX_BBG00JHNKJY8_2020-12-21
2021-06-11 21:53:58 93      FOXA_BBG00JHNJW99_2020-12-21
2021-06-11 21:53:58 95      FRHC_BBG000N625H8_2020-12-21
2021-06-11 21:53:58 97      FSLR_BBG000BFL116_2020-12-21
2021-06-11 21:53:58 99      FSLY_BBG004NLQHL0_2020-12-21
2021-06-11 21:53:59 01      FTI_BBG00DL8NMV2_2020-12-21
2021-06-11 21:53:59 02      FTI: SPYKE!. Candle: ID:144, Time: 8:05, Close: 8.8
2021-06-11 21:53:59 02      FTNT_BBG000BCMBG4_2020-12-21
2021-06-11 21:53:59 04      FTV_BBG00BLVZ228_2020-12-21
2021-06-11 21:53:59 06      GE_BBG000BK6MB5_2020-12-21
2021-06-11 21:53:59 09      GH_BBG006D97VY9_2020-12-21
2021-06-11 21:53:59 10      GILD_BBG000CKGBP2_2020-12-21
2021-06-11 21:53:59 14      GIS_BBG000BKCFC2_2020-12-21
2021-06-11 21:53:59 16      GLW_BBG000BKFZM4_2020-12-21
2021-06-11 21:53:59 17      GM_BBG000NDYB67_2020-12-21
2021-06-11 21:53:59 22      GOOG_BBG009S3NB30_2020-12-21
2021-06-11 21:53:59 26      GOOGL_BBG009S39JX6_2020-12-21
2021-06-11 21:53:59 30      GPS_BBG000BKLH74_2020-12-21
2021-06-11 21:53:59 33      GRMN_BBG000C4LN67_2020-12-21
2021-06-11 21:53:59 35      GRUB_BBG001KWG293_2020-12-21
2021-06-11 21:53:59 36      GS_BBG000C6CFJ5_2020-12-21
2021-06-11 21:53:59 40      GSKY_BBG00KT2SCV8_2020-12-21
2021-06-11 21:53:59 40      GSKY: SPYKE!. Candle: ID:8, Time: 7:05, Close: 4.17
2021-06-11 21:53:59 40      GSKY: SPYKE!. Candle: ID:9, Time: 7:05, Close: 4.06
2021-06-11 21:53:59 40      GT_BBG000BKNX95_2020-12-21
2021-06-11 21:53:59 42      HA_BBG000BC4185_2020-12-21
2021-06-11 21:53:59 43      HAL_BBG000BKTFN2_2020-12-21
2021-06-11 21:53:59 44      HAL: BuyPending. Strategy: MorningOpenStrategy. Price: 19.35. Lots: 12. ChangeOpenToCurrent: -0.26. ChangePrevCloseToCurrent: -2.03. Candle: ID:9, Time: 7:00, Close: 19.35.
2021-06-11 21:53:59 44      HAL: OrderID: 1223cb24. PlacedOrder. Status: New. RejectReason: 
2021-06-11 21:53:59 44      HAL: OrderID: 1223cb24 fully executed
2021-06-11 21:53:59 44      HAL: Morning closing by timeout. Close price: 19.15. Lots: 12. Profit: -0.20(-1.03%). Candle: ID:69, Time: 7:20, Close: 19.15
2021-06-11 21:53:59 44      HAL: OrderID: 7fce422f. PlacedOrder. Status: New. RejectReason: 
2021-06-11 21:53:59 44      HAL: SPYKE!. Candle: ID:298, Time: 9:55, Close: 17.5
2021-06-11 21:53:59 46      HAL: OrderID: 7fce422f fully executed
2021-06-11 21:53:59 47      HALO_BBG000CZ8W54_2020-12-21
2021-06-11 21:53:59 48      HAS_BBG000BKVJK4_2020-12-21
2021-06-11 21:53:59 49      HBAN_BBG000BKWSR6_2020-12-21
2021-06-11 21:53:59 52      HBI_BBG000D2ZTS8_2020-12-21
2021-06-11 21:53:59 53      HCA_BBG000QW7VC1_2020-12-21
2021-06-11 21:53:59 54      HD_BBG000BKZB36_2020-12-21
2021-06-11 21:53:59 56      HES_BBG000BBD070_2020-12-21
2021-06-11 21:53:59 57      HFC_BBG000BL9JQ1_2020-12-21
2021-06-11 21:53:59 58      HIG_BBG000G0Z878_2020-12-21
2021-06-11 21:53:59 60      HLT_BBG0058KMH30_2020-12-21
2021-06-11 21:53:59 62      HOG_BBG000BKZTP3_2020-12-21
2021-06-11 21:53:59 63      HOLX_BBG000C3NTN5_2020-12-21
2021-06-11 21:53:59 64      HON_BBG000H556T9_2020-12-21
2021-06-11 21:53:59 65      HP_BBG000BLCPY4_2020-12-21
2021-06-11 21:53:59 66      HPE_BBG0078W3NQ3_2020-12-21
2021-06-11 21:53:59 68      HPQ_BBG000KHWT55_2020-12-21
2021-06-11 21:53:59 70      HRB_BBG000BLDV98_2020-12-21
2021-06-11 21:53:59 71      HRL_BBG000BLF8D2_2020-12-21
2021-06-11 21:53:59 72      HRTX_BBG000G2GJT7_2020-12-21
2021-06-11 21:53:59 73      HSIC_BBG000BNMMJ3_2020-12-21
2021-06-11 21:53:59 75      HST_BBG000BL8804_2020-12-21
2021-06-11 21:53:59 76      HTHT_BBG000QFPM65_2020-12-21
2021-06-11 21:53:59 78      HWM_BBG00DYNJGH9_2020-12-21
2021-06-11 21:53:59 79      IAC_BBG000BKQG80_2020-12-21
2021-06-11 21:53:59 81      IBM_BBG000BLNNH6_2020-12-21
2021-06-11 21:53:59 83      IBN_BBG000DRM643_2020-12-21
2021-06-11 21:53:59 84      ICE_BBG000C1FB75_2020-12-21
2021-06-11 21:53:59 86      IIVI_BBG000BLW102_2020-12-21
2021-06-11 21:53:59 88      ILMN_BBG000DSMS70_2020-12-21
2021-06-11 21:53:59 89      INCY_BBG000BNPSQ9_2020-12-21
2021-06-11 21:53:59 91      INFO_BBG006G063F9_2020-12-21
2021-06-11 21:53:59 93      INTC_BBG000C0G1D1_2020-12-21
2021-06-11 21:54:00 06      INTU_BBG000BH5DV1_2020-12-21
2021-06-11 21:54:00 08      IOVA_BBG000FTLBV7_2020-12-21
2021-06-11 21:54:00 10      IP_BBG000BM5SR2_2020-12-21
2021-06-11 21:54:00 11      IPG_BBG000C90DH9_2020-12-21
2021-06-11 21:54:00 12      IR_BBG002R1CW27_2020-12-21
2021-06-11 21:54:00 14      IRM_BBG000KCZPC3_2020-12-21
2021-06-11 21:54:00 16      IVZ_BBG000BY2Y78_2020-12-21
2021-06-11 21:54:00 17      JBHT_BBG000BMDBZ1_2020-12-21
2021-06-11 21:54:00 18      JCI_BBG000BVWLJ6_2020-12-21
2021-06-11 21:54:00 20      JD_BBG005YHY0Q7_2020-12-21
2021-06-11 21:54:00 22      JD: BuyPending. Strategy: MorningOpenStrategy. Price: 80.1. Lots: 3. ChangeOpenToCurrent: -2.02. ChangePrevCloseToCurrent: -2.07. Candle: ID:21, Time: 7:00, Close: 80.1.
2021-06-11 21:54:00 22      JD: OrderID: bdf885d0. PlacedOrder. Status: New. RejectReason: 
2021-06-11 21:54:00 22      JD: OrderID: bdf885d0 partially executed. Executed lots: 2. OrderStatus: 2/3 lots
2021-06-11 21:54:00 22      JD: OrderID: bdf885d0 fully executed
2021-06-11 21:54:00 22      JD: Morning closing. Close price: 81.46. Lots: 3. CandleChange: -0.01%. ChangeFromCandleHigh: -0.01%. Profit: 1.36(1.70%). Candle: ID:63, Time: 7:10, Close: 81.46
2021-06-11 21:54:00 22      JD: OrderID: a42cf59a. PlacedOrder. Status: New. RejectReason: 
2021-06-11 21:54:00 22      JD: OrderID: a42cf59a partially executed. Executed lots: 1. OrderStatus: 1/3 lots
2021-06-11 21:54:00 22      JD: OrderID: a42cf59a fully executed
2021-06-11 21:54:00 23      JNJ_BBG000BMHYD1_2020-12-21
2021-06-11 21:54:00 26      JNPR_BBG000BY33P5_2020-12-21
2021-06-11 21:54:00 27      JPM_BBG000DMBXR2_2020-12-21
2021-06-11 21:54:00 35      JWN_BBG000G8N9C6_2020-12-21
2021-06-11 21:54:00 37      JWN: SPYKE!. Candle: ID:326, Time: 11:10, Close: 26.53
2021-06-11 21:54:00 39      K_BBG000BMKDM3_2020-12-21
2021-06-11 21:54:00 40      KDP_BBG000TJM7F0_2020-12-21
2021-06-11 21:54:00 42      KEY_BBG000BMQPL1_2020-12-21
2021-06-11 21:54:00 43      KHC_BBG005CPNTQ2_2020-12-21
2021-06-11 21:54:00 46      KIM_BBG000CN3S73_2020-12-21
2021-06-11 21:54:00 47      KLAC_BBG000BMTFR4_2020-12-21
2021-06-11 21:54:00 49      KMI_BBG0019JZ882_2020-12-21
2021-06-11 21:54:00 51      KNX_BBG000BFC848_2020-12-21
2021-06-11 21:54:00 52      KO_BBG000BMX289_2020-12-21
2021-06-11 21:54:00 55      KR_BBG000BMY992_2020-12-21
2021-06-11 21:54:00 60      LB_BBG000BNGTQ7_2020-12-21
2021-06-11 21:54:00 61      LEN_BBG000BN5HF7_2020-12-21
2021-06-11 21:54:00 63      LIN_BBG00GVR8YQ9_2020-12-21
2021-06-11 21:54:00 65      LITE_BBG0073F9RT7_2020-12-21
2021-06-11 21:54:00 66      LKQ_BBG000PXDL44_2020-12-21
2021-06-11 21:54:00 67      LLY_BBG000BNBDC2_2020-12-21
2021-06-11 21:54:00 69      LNT_BBG000DW4Q75_2020-12-21
2021-06-11 21:54:00 71      LOW_BBG000BNDN65_2020-12-21
2021-06-11 21:54:00 73      LPSN_BBG000BSV0W5_2020-12-21
2021-06-11 21:54:00 74      LRCX_BBG000BNFLM9_2020-12-21
2021-06-11 21:54:00 76      LTHM_BBG00LV3NRG0_2020-12-21
2021-06-11 21:54:00 77      LTHM: BuyPending. Strategy: MorningOpenStrategy. Price: 16.6. Lots: 15. ChangeOpenToCurrent: -3.54. ChangePrevCloseToCurrent: -3.54. Candle: ID:9, Time: 7:00, Close: 16.6.
2021-06-11 21:54:00 77      LTHM: OrderID: 738166cf. PlacedOrder. Status: New. RejectReason: 
2021-06-11 21:54:00 77      LTHM: OrderID: 738166cf fully executed
2021-06-11 21:54:00 77      LTHM: Morning closing. Close price: 16.78. Lots: 15. CandleChange: 0.48%. ChangeFromCandleHigh: -1.00%. Profit: 0.18(1.08%). Candle: ID:65, Time: 7:10, Close: 16.78
2021-06-11 21:54:00 77      LTHM: OrderID: c0412764. PlacedOrder. Status: New. RejectReason: 
2021-06-11 21:54:00 77      LTHM: OrderID: c0412764 partially executed. Executed lots: 8. OrderStatus: 8/15 lots
2021-06-11 21:54:00 77      LTHM: OrderID: c0412764 partially executed. Executed lots: 1. OrderStatus: 9/15 lots
2021-06-11 21:54:00 77      LTHM: OrderID: c0412764 partially executed. Executed lots: 1. OrderStatus: 10/15 lots
2021-06-11 21:54:00 77      LTHM: OrderID: c0412764 partially executed. Executed lots: 3. OrderStatus: 13/15 lots
2021-06-11 21:54:00 77      LTHM: OrderID: c0412764 fully executed
2021-06-11 21:54:00 78      LULU_BBG000R8ZVD1_2020-12-21
2021-06-11 21:54:00 79      LUMN_BBG000BGLRN3_2020-12-21
2021-06-11 21:54:00 81      LUV_BBG000BNJHS8_2020-12-21
2021-06-11 21:54:00 84      LVS_BBG000JWD753_2020-12-21
2021-06-11 21:54:00 85      LYB_BBG000WCFV84_2020-12-21
2021-06-11 21:54:00 87      LYFT_BBG004M9ZHX5_2020-12-21
2021-06-11 21:54:00 92      LYV_BBG000FQ7YR4_2020-12-21
2021-06-11 21:54:00 93      M_BBG000C46HM9_2020-12-21
2021-06-11 21:54:00 96      M: BuyPending. Strategy: MorningOpenStrategy. Price: 10.45. Lots: 23. ChangeOpenToCurrent: -2.15. ChangePrevCloseToCurrent: -0.19. Candle: ID:71, Time: 7:00, Close: 10.45.
2021-06-11 21:54:00 96      M: OrderID: 83cd8d71. PlacedOrder. Status: New. RejectReason: 
2021-06-11 21:54:00 96      M: OrderID: 83cd8d71 partially executed. Executed lots: 5. OrderStatus: 5/23 lots
2021-06-11 21:54:00 96      M: OrderID: 83cd8d71 fully executed
2021-06-11 21:54:00 96      M: Morning closing by timeout. Close price: 10.26. Lots: 23. Profit: -0.19(-1.82%). Candle: ID:465, Time: 7:20, Close: 10.26
2021-06-11 21:54:00 96      M: OrderID: 5b163a47. PlacedOrder. Status: New. RejectReason: 
2021-06-11 21:54:00 96      M: OrderID: 5b163a47 partially executed. Executed lots: 1. OrderStatus: 1/23 lots
2021-06-11 21:54:00 96      M: OrderID: 5b163a47 partially executed. Executed lots: 5. OrderStatus: 6/23 lots
2021-06-11 21:54:00 96      M: OrderID: 5b163a47 partially executed. Executed lots: 3. OrderStatus: 9/23 lots
2021-06-11 21:54:00 96      M: OrderID: 5b163a47 partially executed. Executed lots: 5. OrderStatus: 14/23 lots
2021-06-11 21:54:00 96      M: OrderID: 5b163a47 partially executed. Executed lots: 5. OrderStatus: 19/23 lots
2021-06-11 21:54:00 96      M: OrderID: 5b163a47 partially executed. Executed lots: 1. OrderStatus: 20/23 lots
2021-06-11 21:54:00 96      M: OrderID: 5b163a47 fully executed
2021-06-11 21:54:00 97      MA_BBG000F1ZSQ2_2020-12-21
2021-06-11 21:54:01 00      MAC_BBG000BL9C59_2020-12-21
2021-06-11 21:54:01 02      MAR_BBG000BGD7W6_2020-12-21
2021-06-11 21:54:01 04      MAS_BBG000BNNKG9_2020-12-21
2021-06-11 21:54:01 05      MAT_BBG000BNNYW1_2020-12-21
2021-06-11 21:54:01 06      MBT_BBG000CSZKR2_2020-12-21
2021-06-11 21:54:01 07      MCD_BBG000BNSZP1_2020-12-21
2021-06-11 21:54:01 10      MCHP_BBG000BHCP19_2020-12-21
2021-06-11 21:54:01 12      MDLZ_BBG000D4LWF6_2020-12-21
2021-06-11 21:54:01 15      MDRX_BBG000BLDXH5_2020-12-21
2021-06-11 21:54:01 16      MDT_BBG000BNWG87_2020-12-21
2021-06-11 21:54:01 19      MET_BBG000BB6KF5_2020-12-21
2021-06-11 21:54:01 23      MFGP_BBG00HFWVGN0_2020-12-21
2021-06-11 21:54:01 24      MFGP: BuyPending. Strategy: MorningOpenStrategy. Price: 5.76. Lots: 43. ChangeOpenToCurrent: -2.04. ChangePrevCloseToCurrent: -2.04. Candle: ID:13, Time: 7:00, Close: 5.76.
2021-06-11 21:54:01 24      MFGP: OrderID: e7ebb954. PlacedOrder. Status: New. RejectReason: 
2021-06-11 21:54:01 24      MFGP: OrderID: e7ebb954 fully executed
2021-06-11 21:54:01 24      MFGP: SPYKE!. Candle: ID:48, Time: 7:00, Close: 5.5
2021-06-11 21:54:01 24      MFGP: Buy more. Price: 5.5. Lots: 45. changeFromLastBuy: -4.51. Candle: ID:48, Time: 7:00, Close: 5.5.
2021-06-11 21:54:01 24      MFGP: OrderID: b0ef9aa7. PlacedOrder. Status: New. RejectReason: 
2021-06-11 21:54:01 24      MFGP: OrderID: b0ef9aa7 fully executed
2021-06-11 21:54:01 24      MFGP: SPYKE!. Candle: ID:49, Time: 7:00, Close: 5.4
2021-06-11 21:54:01 24      MFGP: Morning closing. Close price: 5.68. Lots: 88. CandleChange: -0.18%. ChangeFromCandleHigh: -0.18%. Profit: 0.06(1.07%). Candle: ID:226, Time: 7:10, Close: 5.68
2021-06-11 21:54:01 24      MFGP: OrderID: 0afd24b9. PlacedOrder. Status: New. RejectReason: 
2021-06-11 21:54:01 24      MFGP: OrderID: 0afd24b9 partially executed. Executed lots: 20. OrderStatus: 20/88 lots
2021-06-11 21:54:01 24      MFGP: OrderID: 0afd24b9 fully executed
2021-06-11 21:54:01 24      MFGP: SPYKE!. Candle: ID:274, Time: 7:10, Close: 5.5
2021-06-11 21:54:01 24      MFGP: SPYKE!. Candle: ID:278, Time: 7:10, Close: 5.68
2021-06-11 21:54:01 25      MIDD_BBG000DQN9R3_2020-12-21
2021-06-11 21:54:01 26      MLCO_BBG000BHP8J4_2020-12-21
2021-06-11 21:54:01 27      MLHR_BBG000BP46T2_2020-12-21
2021-06-11 21:54:01 28      MMC_BBG000BP4MH0_2020-12-21
2021-06-11 21:54:01 30      MMM_BBG000BP52R2_2020-12-21
2021-06-11 21:54:01 31      MNST_BBG008NVB1C0_2020-12-21
2021-06-11 21:54:01 33      MO_BBG000BP6LJ8_2020-12-21
2021-06-11 21:54:01 35      MOMO_BBG007HTCQT0_2020-12-21
2021-06-11 21:54:01 41      MOS_BBG000BFXHL6_2020-12-21
2021-06-11 21:54:01 42      MPC_BBG001DCCGR8_2020-12-21
2021-06-11 21:54:01 44      MRK_BBG000BPD168_2020-12-21
2021-06-11 21:54:01 47      MRNA_BBG003PHHZT1_2020-12-21
2021-06-11 21:54:01 58      MRO_BBG000C8H633_2020-12-21
2021-06-11 21:54:01 59      MRO: BuyPending. Strategy: MorningOpenStrategy. Price: 6.59. Lots: 37. ChangeOpenToCurrent: -1.64. ChangePrevCloseToCurrent: -2.66. Candle: ID:9, Time: 7:00, Close: 6.59.
2021-06-11 21:54:01 59      MRO: OrderID: 5ef46d9a. PlacedOrder. Status: New. RejectReason: 
2021-06-11 21:54:01 59      MRO: OrderID: 5ef46d9a partially executed. Executed lots: 15. OrderStatus: 15/37 lots
2021-06-11 21:54:01 59      MRO: OrderID: 5ef46d9a partially executed. Executed lots: 18. OrderStatus: 33/37 lots
2021-06-11 21:54:01 59      MRO: OrderID: 5ef46d9a fully executed
2021-06-11 21:54:01 59      MRO: Morning closing by timeout. Close price: 6.47. Lots: 37. Profit: -0.12(-1.82%). Candle: ID:58, Time: 7:20, Close: 6.47
2021-06-11 21:54:01 59      MRO: OrderID: 6749fa8d. PlacedOrder. Status: New. RejectReason: 
2021-06-11 21:54:01 59      MRO: OrderID: 6749fa8d partially executed. Executed lots: 12. OrderStatus: 12/37 lots
2021-06-11 21:54:01 59      MRO: OrderID: 6749fa8d partially executed. Executed lots: 2. OrderStatus: 14/37 lots
2021-06-11 21:54:01 59      MRO: OrderID: 6749fa8d partially executed. Executed lots: 1. OrderStatus: 15/37 lots
2021-06-11 21:54:01 59      MRO: OrderID: 6749fa8d partially executed. Executed lots: 2. OrderStatus: 17/37 lots
2021-06-11 21:54:01 59      MRO: OrderID: 6749fa8d partially executed. Executed lots: 5. OrderStatus: 22/37 lots
2021-06-11 21:54:01 59      MRO: OrderID: 6749fa8d partially executed. Executed lots: 1. OrderStatus: 23/37 lots
2021-06-11 21:54:01 59      MRO: OrderID: 6749fa8d partially executed. Executed lots: 3. OrderStatus: 26/37 lots
2021-06-11 21:54:01 59      MRO: OrderID: 6749fa8d partially executed. Executed lots: 5. OrderStatus: 31/37 lots
2021-06-11 21:54:01 59      MRO: OrderID: 6749fa8d partially executed. Executed lots: 1. OrderStatus: 32/37 lots
2021-06-11 21:54:01 59      MRO: OrderID: 6749fa8d partially executed. Executed lots: 1. OrderStatus: 33/37 lots
2021-06-11 21:54:01 59      MRO: OrderID: 6749fa8d partially executed. Executed lots: 1. OrderStatus: 34/37 lots
2021-06-11 21:54:01 59      MRO: OrderID: 6749fa8d partially executed. Executed lots: 1. OrderStatus: 35/37 lots
2021-06-11 21:54:01 59      MRO: OrderID: 6749fa8d fully executed
2021-06-11 21:54:01 61      MS_BBG000BLZRJ2_2020-12-21
2021-06-11 21:54:01 67      MSFT_BBG000BPH459_2020-12-21
2021-06-11 21:54:01 84      MTCH_BBG00B6WH9G3_2020-12-21
2021-06-11 21:54:01 86      MTG_BBG000CBMH27_2020-12-21
2021-06-11 21:54:01 87      MU_BBG000C5Z1S3_2020-12-21
2021-06-11 21:54:01 92      MUR_BBG000BPMH90_2020-12-21
2021-06-11 21:54:01 94      MXIM_BBG000BPNP00_2020-12-21
2021-06-11 21:54:01 96      MYGN_BBG000D9H9F1_2020-12-21
2021-06-11 21:54:01 97      NAVI_BBG004MN1R41_2020-12-21
2021-06-11 21:54:01 99      NEM_BBG000BPWXK1_2020-12-21
2021-06-11 21:54:02 04      NEO_BBG000BKH263_2020-12-21
2021-06-11 21:54:02 04      NET_BBG001WMKHH5_2020-12-21
2021-06-11 21:54:02 07      NFLX_BBG000CL9VN6_2020-12-21
2021-06-11 21:54:02 12      NKE_BBG000C5HS04_2020-12-21
2021-06-11 21:54:02 15      NKE: BuyPending. Strategy: MorningOpenStrategy. Price: 141.11. Lots: 1. ChangeOpenToCurrent: -2.10. ChangePrevCloseToCurrent: -2.01. Candle: ID:29, Time: 7:00, Close: 141.11.
2021-06-11 21:54:02 15      NKE: OrderID: 0e025549. PlacedOrder. Status: New. RejectReason: 
2021-06-11 21:54:02 15      NKE: Cancel order. Did not bought at market open. Candle: ID:86, Time: 7:05, Close: 143.94
2021-06-11 21:54:02 15      OrderID: 0e025549 successfully canceled
2021-06-11 21:54:02 17      NKTR_BBG000BHCYJ1_2020-12-21
2021-06-11 21:54:02 18      NLOK_BBG000BH2JM1_2020-12-21
2021-06-11 21:54:02 20      NLSN_BBG0088CYPX8_2020-12-21
2021-06-11 21:54:02 22      NMIH_BBG005DLMMZ6_2020-12-21
2021-06-11 21:54:02 23      NOK_BBG000BNGBW9_2020-12-21
2021-06-11 21:54:02 25      NOV_BBG000BJX8C8_2020-12-21
2021-06-11 21:54:02 26      NRG_BBG000D8RG11_2020-12-21
2021-06-11 21:54:02 28      NTAP_BBG000FP1N32_2020-12-21
2021-06-11 21:54:02 30      NTES_BBG000BX72V8_2020-12-21
2021-06-11 21:54:02 32      NTLA_BBG007KC7PB0_2020-12-21
2021-06-11 21:54:02 35      NTNX_BBG001NDW1Z7_2020-12-21
2021-06-11 21:54:02 38      NTRS_BBG000BQ74K1_2020-12-21
2021-06-11 21:54:02 39      NVDA_BBG000BBJQV0_2020-12-21
2021-06-11 21:54:02 47      NVTA_BBG005DJFD43_2020-12-21
2021-06-11 21:54:02 50      NWL_BBG000BQC9V2_2020-12-21
2021-06-11 21:54:02 53      NWSA_BBG0035LY913_2020-12-21
2021-06-11 21:54:02 60      NWSA: SPYKE!. Candle: ID:20, Time: 14:25, Close: 17.28
2021-06-11 21:54:02 60      NWSA: SPYKE!. Candle: ID:21, Time: 14:25, Close: 17.28
2021-06-11 21:54:02 60      NXPI_BBG000BND699_2020-12-21
2021-06-11 21:54:02 62      O_BBG000DHPN63_2020-12-21
2021-06-11 21:54:02 65      OIS_BBG000BDDN94_2020-12-21
2021-06-11 21:54:02 66      OIS: BuyPending. Strategy: MorningOpenStrategy. Price: 5.03. Lots: 49. ChangeOpenToCurrent: -0.59. ChangePrevCloseToCurrent: -2.14. Candle: ID:28, Time: 7:00, Close: 5.03.
2021-06-11 21:54:02 66      OIS: OrderID: 05347981. PlacedOrder. Status: New. RejectReason: 
2021-06-11 21:54:02 66      OIS: OrderID: 05347981 partially executed. Executed lots: 9. OrderStatus: 9/49 lots
2021-06-11 21:54:02 66      OIS: OrderID: 05347981 partially executed. Executed lots: 19. OrderStatus: 28/49 lots
2021-06-11 21:54:02 66      OIS: OrderID: 05347981 fully executed
2021-06-11 21:54:02 66      OIS: Morning closing by timeout. Close price: 5.02. Lots: 49. Profit: -0.01(-0.20%). Candle: ID:140, Time: 7:25, Close: 5.02
2021-06-11 21:54:02 66      OIS: OrderID: afeffc87. PlacedOrder. Status: New. RejectReason: 
2021-06-11 21:54:02 66      OIS: OrderID: afeffc87 partially executed. Executed lots: 13. OrderStatus: 13/49 lots
2021-06-11 21:54:02 66      OIS: OrderID: afeffc87 fully executed
2021-06-11 21:54:02 67      OIS: SPYKE!. Candle: ID:814, Time: 10:40, Close: 4.5
2021-06-11 21:54:02 67      OIS: SPYKE!. Candle: ID:828, Time: 10:40, Close: 4.5
2021-06-11 21:54:02 67      OKE_BBG000BQHGR6_2020-12-21
2021-06-11 21:54:02 70      OKTA_BBG001YV1SM4_2020-12-21
2021-06-11 21:54:02 72      OLLI_BBG0098VVDT9_2020-12-21
2021-06-11 21:54:02 73      OMC_BBG000BS9489_2020-12-21
2021-06-11 21:54:02 75      ON_BBG000DV7MX4_2020-12-21
2021-06-11 21:54:02 77      ORCL_BBG000BQLTW7_2020-12-21
2021-06-11 21:54:02 81      OSUR_BBG000J3D1Y8_2020-12-21
2021-06-11 21:54:02 83      OSUR: SPYKE!. Candle: ID:4001, Time: 21:00, Close: 10.7
2021-06-11 21:54:02 83      OSUR: SPYKE!. Candle: ID:4010, Time: 21:00, Close: 11.8
2021-06-11 21:54:02 83      OSUR: SPYKE!. Candle: ID:4012, Time: 21:00, Close: 11.0
2021-06-11 21:54:02 83      OTIS_BBG00RP60KV0_2020-12-21
2021-06-11 21:54:02 84      OVV_BBG00R2NHQ65_2020-12-21
2021-06-11 21:54:02 86      OXY_BBG000BQQ2S6_2020-12-21
2021-06-11 21:54:02 89      OXY: BuyPending. Strategy: MorningOpenStrategy. Price: 18.31. Lots: 13. ChangeOpenToCurrent: -1.77. ChangePrevCloseToCurrent: -2.45. Candle: ID:9, Time: 7:00, Close: 18.31.
2021-06-11 21:54:02 89      OXY: OrderID: 81c9d657. PlacedOrder. Status: New. RejectReason: 
2021-06-11 21:54:02 89      OXY: OrderID: 81c9d657 partially executed. Executed lots: 6. OrderStatus: 6/13 lots
2021-06-11 21:54:02 89      OXY: OrderID: 81c9d657 fully executed
2021-06-11 21:54:02 89      OXY: SPYKE!. Candle: ID:27, Time: 7:00, Close: 17.56
2021-06-11 21:54:02 89      OXY: Buy more. Price: 17.56. Lots: 14. changeFromLastBuy: -4.10. Candle: ID:27, Time: 7:00, Close: 17.56.
2021-06-11 21:54:02 89      OXY: OrderID: 2c7700d0. PlacedOrder. Status: New. RejectReason: 
2021-06-11 21:54:02 89      OXY: OrderID: 2c7700d0 partially executed. Executed lots: 10. OrderStatus: 10/14 lots
2021-06-11 21:54:02 89      OXY: OrderID: 2c7700d0 partially executed. Executed lots: 1. OrderStatus: 11/14 lots
2021-06-11 21:54:02 89      OXY: OrderID: 2c7700d0 fully executed
2021-06-11 21:54:02 89      OXY: Morning closing by timeout. Close price: 17.62. Lots: 27. Profit: -0.30(-1.67%). Candle: ID:315, Time: 7:20, Close: 17.62
2021-06-11 21:54:02 89      OXY: OrderID: 10d41b54. PlacedOrder. Status: New. RejectReason: 
2021-06-11 21:54:02 89      OXY: OrderID: 10d41b54 partially executed. Executed lots: 2. OrderStatus: 2/27 lots
2021-06-11 21:54:02 89      OXY: OrderID: 10d41b54 partially executed. Executed lots: 10. OrderStatus: 12/27 lots
2021-06-11 21:54:02 89      OXY: OrderID: 10d41b54 partially executed. Executed lots: 1. OrderStatus: 13/27 lots
2021-06-11 21:54:02 98      OXY: OrderID: 10d41b54 fully executed
2021-06-11 21:54:03 00      PAGS_BBG00JM7QBR6_2020-12-21
2021-06-11 21:54:03 01      PBCT_BBG000BQT4L6_2020-12-21
2021-06-11 21:54:03 03      PBF_BBG002832GV8_2020-12-21
2021-06-11 21:54:03 04      PBF: SPYKE!. Candle: ID:3, Time: 7:00, Close: 6.51
2021-06-11 21:54:03 04      PBF: BuyPending. Strategy: MorningOpenStrategy. Price: 6.5. Lots: 38. ChangeOpenToCurrent: -4.41. ChangePrevCloseToCurrent: -4.83. Candle: ID:9, Time: 7:00, Close: 6.5.
2021-06-11 21:54:03 04      PBF: OrderID: 66827344. PlacedOrder. Status: New. RejectReason: 
2021-06-11 21:54:03 04      PBF: OrderID: 66827344 partially executed. Executed lots: 2. OrderStatus: 2/38 lots
2021-06-11 21:54:03 04      PBF: OrderID: 66827344 partially executed. Executed lots: 13. OrderStatus: 15/38 lots
2021-06-11 21:54:03 04      PBF: OrderID: 66827344 partially executed. Executed lots: 12. OrderStatus: 27/38 lots
2021-06-11 21:54:03 04      PBF: OrderID: 66827344 partially executed. Executed lots: 3. OrderStatus: 30/38 lots
2021-06-11 21:54:03 04      PBF: OrderID: 66827344 fully executed
2021-06-11 21:54:03 04      PBF: Buy more. Price: 6.32. Lots: 39. changeFromLastBuy: -2.77. Candle: ID:27, Time: 7:00, Close: 6.32.
2021-06-11 21:54:03 04      PBF: OrderID: 7a9699a9. PlacedOrder. Status: New. RejectReason: 
2021-06-11 21:54:03 04      PBF: Morning closing. Close price: 6.62. Lots: 38. CandleChange: -0.30%. ChangeFromCandleHigh: -0.45%. Profit: 0.12(1.85%). Candle: ID:104, Time: 7:05, Close: 6.62
2021-06-11 21:54:03 04      PBF: OrderID: 25c9bc6c. PlacedOrder. Status: New. RejectReason: 
2021-06-11 21:54:03 04      PBF: OrderID: 7a9699a9 automatically canceling...
2021-06-11 21:54:03 04      PBF: OrderID: 25c9bc6c fully executed
2021-06-11 21:54:03 04      OrderID: 7a9699a9 successfully canceled
2021-06-11 21:54:03 05      PBI_BBG000BQTMJ9_2020-12-21
2021-06-11 21:54:03 06      PCAR_BBG000BQVTF5_2020-12-21
2021-06-11 21:54:03 08      PCG_BBG000BQWPC5_2020-12-21
2021-06-11 21:54:03 09      PDCO_BBG000BQY289_2020-12-21
2021-06-11 21:54:03 10      PEAK_BBG000BKYDP9_2020-12-21
2021-06-11 21:54:03 11      PEG_BBG000BQZMH4_2020-12-21
2021-06-11 21:54:03 12      PEP_BBG000DH7JK6_2020-12-21
2021-06-11 21:54:03 15      PFE_BBG000BR2B91_2020-12-21
2021-06-11 21:54:03 23      PFG_BBG000NSCNT7_2020-12-21
2021-06-11 21:54:03 25      PG_BBG000BR2TH3_2020-12-21
2021-06-11 21:54:03 29      PGR_BBG000BR37X2_2020-12-21
2021-06-11 21:54:03 31      PHM_BBG000BR54L0_2020-12-21
2021-06-11 21:54:03 32      PINS_BBG002583CV8_2020-12-21
2021-06-11 21:54:03 36      PLAN_BBG002DZS299_2020-12-21
2021-06-11 21:54:03 37      PLAY_BBG001WWJTK5_2020-12-21
2021-06-11 21:54:03 37      PLAY: SPYKE!. Candle: ID:264, Time: 10:50, Close: 24.99
2021-06-11 21:54:03 38      PLCE_BBG000JK9DK4_2020-12-21
2021-06-11 21:54:03 39      PLD_BBG000B9Z0J8_2020-12-21
2021-06-11 21:54:03 40      PLNT_BBG009H04M17_2020-12-21
2021-06-11 21:54:03 42      PM_BBG000J2XL74_2020-12-21
2021-06-11 21:54:03 44      PNC_BBG000BRD0D8_2020-12-21
2021-06-11 21:54:03 46      PPC_BBG000BFLXV3_2020-12-21
2021-06-11 21:54:03 46      PPL_BBG000BRJL00_2020-12-21
2021-06-11 21:54:03 49      PRU_BBG000HCJMF9_2020-12-21
2021-06-11 21:54:03 51      PSTG_BBG00212PVZ5_2020-12-21
2021-06-11 21:54:03 53      PSX_BBG00286S4N9_2020-12-21
2021-06-11 21:54:03 55      PTON_BBG00JG0FFZ2_2020-12-21
2021-06-11 21:54:03 60      PXD_BBG000BXRPH1_2020-12-21
2021-06-11 21:54:03 61      PYPL_BBG0077VNXV6_2020-12-21
2021-06-11 21:54:03 67      QCOM_BBG000CGC1X8_2020-12-21
2021-06-11 21:54:03 70      QDEL_BBG000C6GN04_2020-12-21
2021-06-11 21:54:03 73      QRTEA_BBG000PCQQL6_2020-12-21
2021-06-11 21:54:03 74      QRVO_BBG007TJF1N7_2020-12-21
2021-06-11 21:54:03 76      RCL_BBG000BB5792_2020-12-21
2021-06-11 21:54:03 78      RDFN_BBG001Q7HP63_2020-12-21
2021-06-11 21:54:03 79      RDS.A_BBG000QXSSS6_2020-12-21
2021-06-11 21:54:03 82      REG_BBG000BL46Q4_2020-12-21
2021-06-11 21:54:03 84      REGN_BBG000C734W3_2020-12-21
2021-06-11 21:54:03 86      RF_BBG000Q3JN03_2020-12-21
2021-06-11 21:54:03 88      ROKU_BBG001ZZPQJ6_2020-12-21
2021-06-11 21:54:03 91      ROST_BBG000BSBZH7_2020-12-21
2021-06-11 21:54:03 94      RRC_BBG000FVXD63_2020-12-21
2021-06-11 21:54:03 95      RRGB_BBG000MXH9C1_2020-12-21
2021-06-11 21:54:03 96      RTX_BBG000BW8S60_2020-12-21
2021-06-11 21:54:04 00      SAVE_BBG000BF6RQ9_2020-12-21
2021-06-11 21:54:04 03      SBGI_BBG000F2XXP2_2020-12-21
2021-06-11 21:54:04 04      SBRA_BBG000MTDW24_2020-12-21
2021-06-11 21:54:04 05      SBUX_BBG000CTQBF3_2020-12-21
2021-06-11 21:54:04 09      SCHW_BBG000BSLZY7_2020-12-21
2021-06-11 21:54:04 12      SDGR_BBG000T88BN2_2020-12-21
2021-06-11 21:54:04 13      SEDG_BBG0084BBZY6_2020-12-21
2021-06-11 21:54:04 15      SFIX_BBG0046L1KL9_2020-12-21
2021-06-11 21:54:04 17      SFM_BBG001KFKQM7_2020-12-21
2021-06-11 21:54:04 18      SGEN_BBG000BH0FR6_2020-12-21
2021-06-11 21:54:04 19      SIG_BBG000C4ZZ10_2020-12-21
2021-06-11 21:54:04 20      SLB_BBG000BT41Q8_2020-12-21
2021-06-11 21:54:04 21      SLB: SPYKE!. Candle: ID:42, Time: 7:05, Close: 22.0
2021-06-11 21:54:04 23      SLG_BBG000BVP5P2_2020-12-21
2021-06-11 21:54:04 24      SMAR_BBG00GQK3WB5_2020-12-21
2021-06-11 21:54:04 25      SNAP_BBG00441QMJ7_2020-12-21
2021-06-11 21:54:04 27      SNPS_BBG000BSFRF3_2020-12-21
2021-06-11 21:54:04 29      SNY_BBG000BBD5N1_2020-12-21
2021-06-11 21:54:04 30      SO_BBG000BT9DW0_2020-12-21
2021-06-11 21:54:04 34      SONO_BBG001JZPSQ2_2020-12-21
2021-06-11 21:54:04 35      SONO: SPYKE!. Candle: ID:226, Time: 10:35, Close: 22.67
2021-06-11 21:54:04 35      SONO: SPYKE!. Candle: ID:267, Time: 11:00, Close: 22.69
2021-06-11 21:54:04 35      SPCE_BBG00HTN2CQ3_2020-12-21
2021-06-11 21:54:04 39      SPCE: SPYKE!. Candle: ID:9, Time: 7:00, Close: 24.0
2021-06-11 21:54:04 39      SPCE: BuyPending. Strategy: MorningOpenStrategy. Price: 24.0. Lots: 10. ChangeOpenToCurrent: -2.76. ChangePrevCloseToCurrent: -0.95. Candle: ID:9, Time: 7:00, Close: 24.0.
2021-06-11 21:54:04 39      SPCE: OrderID: 4bfa8f7a. PlacedOrder. Status: New. RejectReason: 
2021-06-11 21:54:04 39      SPCE: OrderID: 4bfa8f7a fully executed
2021-06-11 21:54:04 39      SPCE: Buy more. Price: 23.5. Lots: 10. changeFromLastBuy: -2.08. Candle: ID:199, Time: 7:00, Close: 23.5.
2021-06-11 21:54:04 39      SPCE: OrderID: b97519fc. PlacedOrder. Status: New. RejectReason: 
2021-06-11 21:54:04 39      SPCE: OrderID: b97519fc fully executed
2021-06-11 21:54:04 39      SPCE: Morning closing. Close price: 23.8. Lots: 20. CandleChange: 1.58%. ChangeFromCandleHigh: -1.20%. Profit: 0.05(0.21%). Candle: ID:837, Time: 7:10, Close: 23.8
2021-06-11 21:54:04 39      SPCE: OrderID: 84f66ca4. PlacedOrder. Status: New. RejectReason: 
2021-06-11 21:54:04 39      SPCE: OrderID: 84f66ca4 partially executed. Executed lots: 1. OrderStatus: 1/20 lots
2021-06-11 21:54:04 39      SPCE: OrderID: 84f66ca4 partially executed. Executed lots: 3. OrderStatus: 4/20 lots
2021-06-11 21:54:04 39      SPCE: OrderID: 84f66ca4 fully executed
2021-06-11 21:54:04 42      SPG_BBG000BJ2D31_2020-12-21
2021-06-11 21:54:04 44      SPLK_BBG001C7TST4_2020-12-21
2021-06-11 21:54:04 48      SPR_BBG000PRJ2Z9_2020-12-21
2021-06-11 21:54:04 50      SPR: BuyPending. Strategy: MorningOpenStrategy. Price: 36.84. Lots: 6. ChangeOpenToCurrent: -2.02. ChangePrevCloseToCurrent: -0.49. Candle: ID:41, Time: 7:00, Close: 36.84.
2021-06-11 21:54:04 50      SPR: OrderID: 4957f722. PlacedOrder. Status: New. RejectReason: 
2021-06-11 21:54:04 50      SPR: OrderID: 4957f722 fully executed
2021-06-11 21:54:04 50      SPR: Morning closing by timeout. Close price: 36.15. Lots: 6. Profit: -0.69(-1.87%). Candle: ID:257, Time: 7:20, Close: 36.15
2021-06-11 21:54:04 50      SPR: OrderID: ddf65f4a. PlacedOrder. Status: New. RejectReason: 
2021-06-11 21:54:04 50      SPR: OrderID: ddf65f4a partially executed. Executed lots: 1. OrderStatus: 1/6 lots
2021-06-11 21:54:04 50      SPR: OrderID: ddf65f4a partially executed. Executed lots: 1. OrderStatus: 2/6 lots
2021-06-11 21:54:04 50      SPR: OrderID: ddf65f4a fully executed
2021-06-11 21:54:04 52      SQ_BBG0018SLC07_2020-12-21
2021-06-11 21:54:04 57      SSNC_BBG000RJ2J04_2020-12-21
2021-06-11 21:54:04 58      STLD_BBG000HGYNZ9_2020-12-21
2021-06-11 21:54:04 60      STT_BBG000BKFBD7_2020-12-21
2021-06-11 21:54:04 61      STX_BBG000F0KF42_2020-12-21
2021-06-11 21:54:04 61      Warning: figi `BBG000F0KF42` for history data does not match actual figi `BBG0113JGQF0`. Ticker: STX. Will be used actual!
2021-06-11 21:54:04 63      SWBI_BBG000BM0QL7_2020-12-21
2021-06-11 21:54:04 65      SWKS_BBG000KLB4Q1_2020-12-21
2021-06-11 21:54:04 68      SWN_BBG000BTR593_2020-12-21
2021-06-11 21:54:04 70      SYF_BBG00658F3P3_2020-12-21
2021-06-11 21:54:04 72      SYY_BBG000BTVJ25_2020-12-21
2021-06-11 21:54:04 74      T_BBG000BSJK37_2020-12-21
2021-06-11 21:54:04 79      TAL_BBG0016XJ8S0_2020-12-21
2021-06-11 21:54:04 80      TAP_BBG000BS7KS3_2020-12-21
2021-06-11 21:54:04 81      TDOC_BBG0019T5SG0_2020-12-21
2021-06-11 21:54:04 83      TENB_BBG00LBLCD02_2020-12-21
2021-06-11 21:54:04 85      TENB: BuyPending. Strategy: MorningOpenStrategy. Price: 51.02. Lots: 4. ChangeOpenToCurrent: -4.17. ChangePrevCloseToCurrent: -1.60. Candle: ID:11, Time: 7:00, Close: 51.02.
2021-06-11 21:54:04 85      TENB: OrderID: aa0fe860. PlacedOrder. Status: New. RejectReason: 
2021-06-11 21:54:04 85      TENB: Cancel order. Did not bought at market open. Candle: ID:16, Time: 7:05, Close: 51.76
2021-06-11 21:54:04 85      OrderID: aa0fe860 successfully canceled
2021-06-11 21:54:04 85      TER_BBG000BV4DR6_2020-12-21
2021-06-11 21:54:04 87      TFC_BBG000BYYLS8_2020-12-21
2021-06-11 21:54:04 89      TGT_BBG000H8TVT2_2020-12-21
2021-06-11 21:54:04 91      TJX_BBG000BV8DN6_2020-12-21
2021-06-11 21:54:04 94      TMUS_BBG000NDV1D4_2020-12-21
2021-06-11 21:54:04 96      TOL_BBG000BVHBM1_2020-12-21
2021-06-11 21:54:04 97      TOT_BBG000CHZ857_2020-12-21
2021-06-11 21:54:04 99      TPR_BBG000BY29C7_2020-12-21
2021-06-11 21:54:05 01      TRIP_BBG001M8HHB7_2020-12-21
2021-06-11 21:54:05 03      TRMB_BBG000BNPS52_2020-12-21
2021-06-11 21:54:05 04      TROW_BBG000BVMPN3_2020-12-21
2021-06-11 21:54:05 06      TSCO_BBG000BLXZN1_2020-12-21
2021-06-11 21:54:05 08      TSLA_BBG000N9MNX3_2020-12-21
2021-06-11 21:54:05 29      TSLA: BuyPending. Strategy: MorningOpenStrategy. Price: 664.61. Lots: 1. ChangeOpenToCurrent: -2.26. ChangePrevCloseToCurrent: -2.01. Candle: ID:13, Time: 7:00, Close: 664.61.
2021-06-11 21:54:05 29      TSLA: OrderID: 854dab84. PlacedOrder. Status: New. RejectReason: 
2021-06-11 21:54:05 29      TSLA: OrderID: 854dab84 fully executed
2021-06-11 21:54:05 29      TSLA: Buy more. Price: 651.25. Lots: 1. changeFromLastBuy: -2.01. Candle: ID:28, Time: 7:00, Close: 651.25.
2021-06-11 21:54:05 29      TSLA: OrderID: f94751a6. PlacedOrder. Status: New. RejectReason: 
2021-06-11 21:54:05 31      TSLA: Morning closing. Close price: 665.25. Lots: 1. CandleChange: -0.01%. ChangeFromCandleHigh: -0.03%. Profit: 0.64(0.10%). Candle: ID:1704, Time: 7:10, Close: 665.25
2021-06-11 21:54:05 31      TSLA: OrderID: a1017353. PlacedOrder. Status: New. RejectReason: 
2021-06-11 21:54:05 31      TSLA: OrderID: f94751a6 automatically canceling...
2021-06-11 21:54:05 31      OrderID: f94751a6 successfully canceled
2021-06-11 21:54:06 18      TSLA: OrderID: a1017353 fully executed
2021-06-11 21:54:06 30      TSM_BBG000BD8ZK0_2020-12-21
2021-06-11 21:54:06 33      TSN_BBG000DKCC19_2020-12-21
2021-06-11 21:54:06 36      TTD_BBG00629NGT2_2020-12-21
2021-06-11 21:54:06 37      TTM_BBG000PVGDH9_2020-12-21
2021-06-11 21:54:06 38      TTM: SPYKE!. Candle: ID:98, Time: 8:55, Close: 11.17
2021-06-11 21:54:06 39      TTMI_BBG000BYQ0B1_2020-12-21
2021-06-11 21:54:06 40      TTWO_BBG000BS1YV5_2020-12-21
2021-06-11 21:54:06 41      TWLO_BBG0029ZX840_2020-12-21
2021-06-11 21:54:06 42      TWNK_BBG00B6KGNN1_2020-12-21
2021-06-11 21:54:06 43      TWOU_BBG001KS9450_2020-12-21
2021-06-11 21:54:06 45      TWTR_BBG000H6HNW3_2020-12-21
2021-06-11 21:54:06 48      TXN_BBG000BVV7G1_2020-12-21
2021-06-11 21:54:06 51      TXRH_BBG000PSJMV7_2020-12-21
2021-06-11 21:54:06 52      UA_BBG009DTD8H2_2020-12-21
2021-06-11 21:54:06 53      UAA_BBG000BXM6V2_2020-12-21
2021-06-11 21:54:06 54      UAL_BBG000M65M61_2020-12-21
2021-06-11 21:54:06 60      UBER_BBG002B04MT8_2020-12-21
2021-06-11 21:54:06 66      UDR_BBG000C41023_2020-12-21
2021-06-11 21:54:06 67      ULTA_BBG00FWQ4VD6_2020-12-21
2021-06-11 21:54:06 69      UNH_BBG000CH5208_2020-12-21
2021-06-11 21:54:06 70      UNM_BBG000BW2QX0_2020-12-21
2021-06-11 21:54:06 72      UNP_BBG000BW3299_2020-12-21
2021-06-11 21:54:06 74      UNVR_BBG000BDHD29_2020-12-21
2021-06-11 21:54:06 75      UPS_BBG000L9CV04_2020-12-21
2021-06-11 21:54:06 76      UPWK_BBG00FBJ6390_2020-12-21
2021-06-11 21:54:06 78      URBN_BBG000BL79J3_2020-12-21
2021-06-11 21:54:06 79      USB_BBG000FFDM15_2020-12-21
2021-06-11 21:54:06 81      USFD_BBG00C6H6D40_2020-12-21
2021-06-11 21:54:06 83      V_BBG000PSKYX7_2020-12-21
2021-06-11 21:54:06 86      VALE_BBG000BN5LG7_2020-12-21
2021-06-11 21:54:06 89      VFC_BBG000BWCKB6_2020-12-21
2021-06-11 21:54:06 90      VG_BBG000BRB5D9_2020-12-21
2021-06-11 21:54:06 91      VIAC_BBG000C496P7_2020-12-21
2021-06-11 21:54:06 94      VIPS_BBG002NLDLV8_2020-12-21
2021-06-11 21:54:06 96      VLO_BBG000BBGGQ1_2020-12-21
2021-06-11 21:54:06 99      VNO_BBG000BWHD54_2020-12-21
2021-06-11 21:54:07 00      VRSK_BBG000BCZL41_2020-12-21
2021-06-11 21:54:07 01      VRTX_BBG000C1S2X2_2020-12-21
2021-06-11 21:54:07 03      VTR_BBG000FRVHB9_2020-12-21
2021-06-11 21:54:07 04      VZ_BBG000HS77T5_2020-12-21
2021-06-11 21:54:07 07      W_BBG001B17MV2_2020-12-21
2021-06-11 21:54:07 09      WB_BBG0065XPGX9_2020-12-21
2021-06-11 21:54:07 09      WBA_BBG000BWLMJ4_2020-12-21
2021-06-11 21:54:07 12      WDAY_BBG000VC0T95_2020-12-21
2021-06-11 21:54:07 14      WDC_BBG000BWNFZ9_2020-12-21
2021-06-11 21:54:07 16      WELL_BBG000BKY1G5_2020-12-21
2021-06-11 21:54:07 18      WERN_BBG000BWPP85_2020-12-21
2021-06-11 21:54:07 19      WFC_BBG000BWQFY7_2020-12-21
2021-06-11 21:54:07 23      WLTW_BBG000DB3KT1_2020-12-21
2021-06-11 21:54:07 25      WMB_BBG000BWVCP8_2020-12-21
2021-06-11 21:54:07 27      WMT_BBG000BWXBC2_2020-12-21
2021-06-11 21:54:07 31      WORK_BBG007G7V505_2020-12-21
2021-06-11 21:54:07 33      WRK_BBG008NXC572_2020-12-21
2021-06-11 21:54:07 34      WSC_BBG00B0FS947_2020-12-21
2021-06-11 21:54:07 35      WU_BBG000BB5373_2020-12-21
2021-06-11 21:54:07 37      WY_BBG000BX3BL3_2020-12-21
2021-06-11 21:54:07 38      WYNN_BBG000LD9JQ8_2020-12-21
2021-06-11 21:54:07 41      XEL_BBG000BCTQ65_2020-12-21
2021-06-11 21:54:07 43      XLNX_BBG000C0F570_2020-12-21
2021-06-11 21:54:07 45      XOM_BBG000GZQ728_2020-12-21
2021-06-11 21:54:07 48      XOM: BuyPending. Strategy: MorningOpenStrategy. Price: 41.98. Lots: 5. ChangeOpenToCurrent: -1.48. ChangePrevCloseToCurrent: -2.05. Candle: ID:9, Time: 7:00, Close: 41.98.
2021-06-11 21:54:07 48      XOM: OrderID: 31a6b5f5. PlacedOrder. Status: New. RejectReason: 
2021-06-11 21:54:07 48      XOM: OrderID: 31a6b5f5 fully executed
2021-06-11 21:54:07 48      XOM: Buy more. Price: 41.0. Lots: 6. changeFromLastBuy: -2.33. Candle: ID:76, Time: 7:00, Close: 41.0.
2021-06-11 21:54:07 48      XOM: OrderID: ad9d7c3c. PlacedOrder. Status: New. RejectReason: 
2021-06-11 21:54:07 48      XOM: OrderID: ad9d7c3c fully executed
2021-06-11 21:54:07 48      XOM: Morning closing. Close price: 41.5. Lots: 11. CandleChange: 0.22%. ChangeFromCandleHigh: -1.14%. Profit: 0.06(0.14%). Candle: ID:138, Time: 7:05, Close: 41.5
2021-06-11 21:54:07 48      XOM: OrderID: 5973cce9. PlacedOrder. Status: New. RejectReason: 
2021-06-11 21:54:07 48      XOM: OrderID: 5973cce9 partially executed. Executed lots: 2. OrderStatus: 2/11 lots
2021-06-11 21:54:07 48      XOM: OrderID: 5973cce9 fully executed
2021-06-11 21:54:07 50      XRAY_BBG000BX57K1_2020-12-21
2021-06-11 21:54:07 51      XRX_BBG00NNG2ZJ8_2020-12-21
2021-06-11 21:54:07 53      YUM_BBG000BH3GZ2_2020-12-21
2021-06-11 21:54:07 54      YUMC_BBG00B8N0HG1_2020-12-21
2021-06-11 21:54:07 55      YY_BBG003H0XV18_2020-12-21
2021-06-11 21:54:07 57      Z_BBG009NRSWJ4_2020-12-21
2021-06-11 21:54:07 59      ZGNX_BBG000VDC3G9_2020-12-21
2021-06-11 21:54:07 60      ZION_BBG000BX9WL1_2020-12-21
2021-06-11 21:54:07 62      ZM_BBG0042V6JM8_2020-12-21
2021-06-11 21:54:07 70      ZS_BBG003338H34_2020-12-21
2021-06-11 21:54:07 72      ZYNE_BBG007BBS8B7_2020-12-21
2021-06-11 21:54:07 74      ZYNE: BuyPending. Strategy: MorningOpenStrategy. Price: 3.41. Lots: 73. ChangeOpenToCurrent: -2.01. ChangePrevCloseToCurrent: -0.87. Candle: ID:64, Time: 7:00, Close: 3.41.
2021-06-11 21:54:07 74      ZYNE: OrderID: 99b84bd4. PlacedOrder. Status: New. RejectReason: 
2021-06-11 21:54:07 74      ZYNE: OrderID: 99b84bd4 partially executed. Executed lots: 15. OrderStatus: 15/73 lots
2021-06-11 21:54:07 74      ZYNE: OrderID: 99b84bd4 fully executed
2021-06-11 21:54:07 74      ZYNE: Morning closing by timeout. Close price: 3.39. Lots: 73. Profit: -0.02(-0.59%). Candle: ID:513, Time: 7:20, Close: 3.39
2021-06-11 21:54:07 74      ZYNE: OrderID: 060f7933. PlacedOrder. Status: New. RejectReason: 
2021-06-11 21:54:07 74      ZYNE: OrderID: 060f7933 partially executed. Executed lots: 8. OrderStatus: 8/73 lots
2021-06-11 21:54:07 74      ZYNE: OrderID: 060f7933 partially executed. Executed lots: 3. OrderStatus: 11/73 lots
2021-06-11 21:54:07 74      ZYNE: OrderID: 060f7933 partially executed. Executed lots: 1. OrderStatus: 12/73 lots
2021-06-11 21:54:07 74      ZYNE: OrderID: 060f7933 partially executed. Executed lots: 1. OrderStatus: 13/73 lots
2021-06-11 21:54:07 74      ZYNE: OrderID: 060f7933 partially executed. Executed lots: 1. OrderStatus: 14/73 lots
2021-06-11 21:54:07 74      ZYNE: OrderID: 060f7933 partially executed. Executed lots: 10. OrderStatus: 24/73 lots
2021-06-11 21:54:07 74      ZYNE: OrderID: 060f7933 partially executed. Executed lots: 1. OrderStatus: 25/73 lots
2021-06-11 21:54:07 74      ZYNE: OrderID: 060f7933 partially executed. Executed lots: 10. OrderStatus: 35/73 lots
2021-06-11 21:54:07 74      ZYNE: OrderID: 060f7933 partially executed. Executed lots: 35. OrderStatus: 70/73 lots
2021-06-11 21:54:07 74      ZYNE: OrderID: 060f7933 fully executed
2021-06-11 21:54:07 76      ZYXI_BBG000BJBXZ2_2020-12-21
2021-06-11 21:54:07 77      ZYXI: BuyPending. Strategy: MorningOpenStrategy. Price: 13.62. Lots: 18. ChangeOpenToCurrent: -3.40. ChangePrevCloseToCurrent: -2.23. Candle: ID:9, Time: 7:00, Close: 13.62.
2021-06-11 21:54:07 77      ZYXI: OrderID: 82f465ea. PlacedOrder. Status: New. RejectReason: 
2021-06-11 21:54:07 77      ZYXI: OrderID: 82f465ea partially executed. Executed lots: 1. OrderStatus: 1/18 lots
2021-06-11 21:54:07 77      ZYXI: OrderID: 82f465ea partially executed. Executed lots: 10. OrderStatus: 11/18 lots
2021-06-11 21:54:07 77      ZYXI: OrderID: 82f465ea fully executed
2021-06-11 21:54:07 77      ZYXI: Morning closing. Close price: 13.76. Lots: 18. CandleChange: 0.07%. ChangeFromCandleHigh: -1.08%. Profit: 0.14(1.03%). Candle: ID:52, Time: 7:05, Close: 13.76
2021-06-11 21:54:07 77      ZYXI: OrderID: 72d34ffe. PlacedOrder. Status: New. RejectReason: 
2021-06-11 21:54:07 77      ZYXI: OrderID: 72d34ffe partially executed. Executed lots: 9. OrderStatus: 9/18 lots
2021-06-11 21:54:07 77      ZYXI: OrderID: 72d34ffe fully executed
2021-06-11 21:54:07 77      Total candles read: 3053632
2021-06-11 21:54:07 77      Start DisposeAsync...
2021-06-11 21:54:07 77      Trade statistic. Total/Pos/Neg/(ratio): 34/18/10/(1.8); Profit: 1.28/0.04; Volume: 0; MaxVolume: 3940.59; Commission: 8.279610;
2021-06-11 21:54:07 77      BaseBot::DisposeAsync...
2021-06-11 21:54:07 78      BaseBot::DisposeAsync done!
2021-06-11 21:54:07 78      End DisposeAsync...
