2021-06-24 22:51:10 32      mode=TestTradeBot;CopyDDDDData=true;DumpQuotes=false;SubscribeQuotes=false;Strategies=MorningOpenStrategy;Token=token.txt;ConfigPath=usd.json;OutputFolder=.\new\;CandlesPath=C:\tinkoff\TestData\RawQuotes\5m\uncompressed\quotes_2021-01-27;
2021-06-24 22:51:10 32      Trade bot created
2021-06-24 22:51:10 34      Fake connection created
2021-06-24 22:51:10 43      Loaded 141 liquid instruments
2021-06-24 22:51:11 09      List of disabled tickers: 
2021-06-24 22:51:11 10      AA_BBG00B3T3HD3_2021-01-27
2021-06-24 22:51:11 19      AAL_BBG005P7Q881_2021-01-27
2021-06-24 22:51:11 56      AAPL_BBG000B9XRY4_2021-01-27
2021-06-24 22:51:12 15      ABBV_BBG0025Y4RY4_2021-01-27
2021-06-24 22:51:12 28      ABNB_BBG001Y2XS07_2021-01-27
2021-06-24 22:51:12 40      ABT_BBG000B9ZXB4_2021-01-27
2021-06-24 22:51:12 45      ACAD_BBG000BHG9K0_2021-01-27
2021-06-24 22:51:12 47      ACH_BBG000CMRVH1_2021-01-27
2021-06-24 22:51:12 49      ADBE_BBG000BB5006_2021-01-27
2021-06-24 22:51:12 56      ADM_BBG000BB6WG8_2021-01-27
2021-06-24 22:51:12 60      ADP_BBG000JG0547_2021-01-27
2021-06-24 22:51:12 65      ADSK_BBG000BM7HL0_2021-01-27
2021-06-24 22:51:12 70      AES_BBG000C23KJ3_2021-01-27
2021-06-24 22:51:12 75      AFL_BBG000BBBNC6_2021-01-27
2021-06-24 22:51:12 79      AIG_BBG000BBDZG3_2021-01-27
2021-06-24 22:51:12 83      AKAM_BBG000BJQWD2_2021-01-27
2021-06-24 22:51:12 88      ALK_BBG000BBL0Y1_2021-01-27
2021-06-24 22:51:12 91      ALL_BBG000BVMGF2_2021-01-27
2021-06-24 22:51:12 94      ALXN_BBG000G30YX4_2021-01-27
2021-06-24 22:51:12 99      AMAT_BBG000BBPFB9_2021-01-27
2021-06-24 22:51:13 07      AMCX_BBG000H01H92_2021-01-27
2021-06-24 22:51:13 11      AMCX: SPYKE!. Candle: ID:790, Time: 10:30, Close: 67
2021-06-24 22:51:13 11      AMCX: SPYKE!. Candle: ID:1431, Time: 13:00, Close: 60.1
2021-06-24 22:51:13 11      AMCX: SPYKE!. Candle: ID:1654, Time: 13:25, Close: 70
2021-06-24 22:51:13 11      AMCX: SPYKE!. Candle: ID:2155, Time: 13:55, Close: 64.21
2021-06-24 22:51:13 13      AMD_BBG000BBQCY0_2021-01-27
2021-06-24 22:51:13 52      AMGN_BBG000BBS2Y0_2021-01-27
2021-06-24 22:51:13 62      AMZN_BBG000BVPV84_2021-01-27
2021-06-24 22:51:13 80      ANGI_BBG00HVKH3Q0_2021-01-27
2021-06-24 22:51:13 87      APA_BBG000BC2C10_2021-01-27
2021-06-24 22:51:13 87      Warning: figi `BBG000BC2C10` for history data does not match actual figi `BBG00YTS96G2`. Ticker: APA. Will be used actual!
2021-06-24 22:51:13 95      APLE_BBG006473QX9_2021-01-27
2021-06-24 22:51:13 96      APTV_BBG001QD41M9_2021-01-27
2021-06-24 22:51:13 99      ARCT_BBG00NNW8JK1_2021-01-27
2021-06-24 22:51:14 03      ARMK_BBG001KY4N87_2021-01-27
2021-06-24 22:51:14 06      ARWR_BBG000BRVKH0_2021-01-27
2021-06-24 22:51:14 08      ATRA_BBG005Q3MQY4_2021-01-27
2021-06-24 22:51:14 10      ATRA: BuyPending. Strategy: MorningOpenStrategy. Price: 19.73. Lots: 12. ChangeOpenToCurrent: -2.23. ChangePrevCloseToCurrent: -0.15. Candle: ID:38, Time: 7:00, Close: 19.73.
2021-06-24 22:51:14 11      ATRA: OrderID: b0355897. PlacedOrder. Status: New. RejectReason: 
2021-06-24 22:51:14 11      ATRA: OrderID: b0355897 partially executed. Executed lots: 1. OrderStatus: 1/12 lots
2021-06-24 22:51:14 11      ATRA: OrderID: b0355897 fully executed
2021-06-24 22:51:14 11      ATRA: Morning closing. Close price: 20. Lots: 12. CandleChange: -0.89%. ChangeFromCandleHigh: -0.94%. Profit: 0.27(1.37%). Candle: ID:96, Time: 7:10, Close: 20
2021-06-24 22:51:14 11      ATRA: OrderID: fbaf4b1f. PlacedOrder. Status: New. RejectReason: 
2021-06-24 22:51:14 11      ATRA: OrderID: fbaf4b1f partially executed. Executed lots: 1. OrderStatus: 1/12 lots
2021-06-24 22:51:14 11      ATRA: OrderID: fbaf4b1f partially executed. Executed lots: 2. OrderStatus: 3/12 lots
2021-06-24 22:51:14 11      ATRA: OrderID: fbaf4b1f fully executed
2021-06-24 22:51:14 12      ATRA: SPYKE!. Candle: ID:3646, Time: 12:30, Close: 20.06
2021-06-24 22:51:14 12      ATRA: SPYKE!. Candle: ID:3656, Time: 12:30, Close: 20
2021-06-24 22:51:14 14      ATUS_BBG00GFMPRK0_2021-01-27
2021-06-24 22:51:14 18      ATUS: SPYKE!. Candle: ID:6466, Time: 22:30, Close: 32.3
2021-06-24 22:51:14 19      ATVI_BBG000CVWGS6_2021-01-27
2021-06-24 22:51:14 28      AVGO_BBG00KHY5S69_2021-01-27
2021-06-24 22:51:14 36      AXP_BBG000BCQZS4_2021-01-27
2021-06-24 22:51:14 42      BA_BBG000BCSST7_2021-01-27
2021-06-24 22:51:14 60      BABA_BBG006G2JVL2_2021-01-27
2021-06-24 22:51:14 78      BAC_BBG000BCTLF6_2021-01-27
2021-06-24 22:51:14 92      BAX_BBG000BCVJ77_2021-01-27
2021-06-24 22:51:14 96      BBY_BBG000BCWCG1_2021-01-27
2021-06-24 22:51:14 98      BBBY_BBG000CSY9H9_2021-01-27
2021-06-24 22:51:15 23      BBBY: BuyPending. Strategy: MorningOpenStrategy. Price: 41.45. Lots: 6. ChangeOpenToCurrent: 0. ChangePrevCloseToCurrent: -5.80. Candle: ID:9, Time: 7:00, Close: 41.45.
2021-06-24 22:51:15 23      BBBY: OrderID: c6a4b8bb. PlacedOrder. Status: New. RejectReason: 
2021-06-24 22:51:15 23      BBBY: OrderID: c6a4b8bb partially executed. Executed lots: 1. OrderStatus: 1/6 lots
2021-06-24 22:51:15 23      BBBY: OrderID: c6a4b8bb partially executed. Executed lots: 1. OrderStatus: 2/6 lots
2021-06-24 22:51:15 23      BBBY: OrderID: c6a4b8bb partially executed. Executed lots: 2. OrderStatus: 4/6 lots
2021-06-24 22:51:15 23      BBBY: OrderID: c6a4b8bb fully executed
2021-06-24 22:51:15 23      BBBY: SPYKE!. Candle: ID:836, Time: 7:50, Close: 43
2021-06-24 22:51:15 23      BBBY: Morning closing. Close price: 44.11. Lots: 6. CandleChange: 6.39%. ChangeFromCandleHigh: -1.03%. Profit: 2.66(6.42%). Candle: ID:848, Time: 7:50, Close: 44.11
2021-06-24 22:51:15 23      BBBY: OrderID: b1cd7035. PlacedOrder. Status: New. RejectReason: 
2021-06-24 22:51:15 23      BBBY: OrderID: b1cd7035 fully executed
2021-06-24 22:51:15 27      BBBY: SPYKE!. Candle: ID:24550, Time: 14:40, Close: 48
2021-06-24 22:51:15 27      BBBY: SPYKE!. Candle: ID:24565, Time: 14:40, Close: 50.28
2021-06-24 22:51:15 27      BBBY: SPYKE!. Candle: ID:24725, Time: 14:40, Close: 49
2021-06-24 22:51:15 27      BBBY: SPYKE!. Candle: ID:24739, Time: 14:40, Close: 49.46
2021-06-24 22:51:15 27      BBBY: SPYKE!. Candle: ID:24803, Time: 14:40, Close: 50
2021-06-24 22:51:15 27      BBBY: SPYKE!. Candle: ID:24817, Time: 14:40, Close: 53.32
2021-06-24 22:51:15 27      BBBY: SPYKE!. Candle: ID:24818, Time: 14:40, Close: 53.32
2021-06-24 22:51:15 27      BBBY: SPYKE!. Candle: ID:24823, Time: 14:40, Close: 50
2021-06-24 22:51:15 27      BBBY: SPYKE!. Candle: ID:24827, Time: 14:40, Close: 53.1
2021-06-24 22:51:15 27      BBBY: SPYKE!. Candle: ID:24828, Time: 14:40, Close: 53.09
2021-06-24 22:51:15 27      BBBY: SPYKE!. Candle: ID:24838, Time: 14:40, Close: 50
2021-06-24 22:51:15 27      BBBY: SPYKE!. Candle: ID:24839, Time: 14:40, Close: 50
2021-06-24 22:51:15 27      BBBY: SPYKE!. Candle: ID:24840, Time: 14:40, Close: 53.29
2021-06-24 22:51:15 27      BBBY: SPYKE!. Candle: ID:24841, Time: 14:40, Close: 53.5
2021-06-24 22:51:15 27      BBBY: SPYKE!. Candle: ID:24850, Time: 14:40, Close: 50
2021-06-24 22:51:15 27      BBBY: SPYKE!. Candle: ID:24853, Time: 14:40, Close: 53.7
2021-06-24 22:51:15 27      BBBY: SPYKE!. Candle: ID:24855, Time: 14:40, Close: 53.62
2021-06-24 22:51:15 27      BBBY: SPYKE!. Candle: ID:24864, Time: 14:40, Close: 50
2021-06-24 22:51:15 27      BBBY: SPYKE!. Candle: ID:24865, Time: 14:40, Close: 53.67
2021-06-24 22:51:15 27      BBBY: SPYKE!. Candle: ID:24866, Time: 14:40, Close: 53.69
2021-06-24 22:51:15 27      BBBY: SPYKE!. Candle: ID:24905, Time: 14:40, Close: 50.5
2021-06-24 22:51:15 27      BBBY: SPYKE!. Candle: ID:24906, Time: 14:40, Close: 53.59
2021-06-24 22:51:15 27      BBBY: SPYKE!. Candle: ID:24907, Time: 14:40, Close: 53.51
2021-06-24 22:51:15 27      BBBY: SPYKE!. Candle: ID:24914, Time: 14:40, Close: 50.5
2021-06-24 22:51:15 27      BBBY: SPYKE!. Candle: ID:24915, Time: 14:40, Close: 53.53
2021-06-24 22:51:15 27      BBBY: SPYKE!. Candle: ID:24917, Time: 14:40, Close: 50.5
2021-06-24 22:51:15 27      BBBY: SPYKE!. Candle: ID:24920, Time: 14:40, Close: 50.54
2021-06-24 22:51:15 27      BBBY: SPYKE!. Candle: ID:24960, Time: 14:40, Close: 50.55
2021-06-24 22:51:15 27      BBBY: SPYKE!. Candle: ID:24972, Time: 14:40, Close: 53.9
2021-06-24 22:51:15 27      BBBY: SPYKE!. Candle: ID:25028, Time: 14:40, Close: 53.3
2021-06-24 22:51:15 27      BBBY: SPYKE!. Candle: ID:25029, Time: 14:40, Close: 53.25
2021-06-24 22:51:15 27      BBBY: SPYKE!. Candle: ID:25031, Time: 14:40, Close: 50.73
2021-06-24 22:51:15 27      BBBY: SPYKE!. Candle: ID:25042, Time: 14:40, Close: 51.17
2021-06-24 22:51:15 27      BBBY: SPYKE!. Candle: ID:25294, Time: 14:40, Close: 49.64
2021-06-24 22:51:15 27      BBBY: SPYKE!. Candle: ID:25313, Time: 14:40, Close: 49.64
2021-06-24 22:51:15 28      BBBY: SPYKE!. Candle: ID:31021, Time: 14:50, Close: 48
2021-06-24 22:51:15 41      BBBY: SPYKE!. Candle: ID:109183, Time: 21:15, Close: 47
2021-06-24 22:51:15 41      BBBY: SPYKE!. Candle: ID:109192, Time: 21:15, Close: 49.1
2021-06-24 22:51:15 41      BBBY: SPYKE!. Candle: ID:109193, Time: 21:15, Close: 49.1
2021-06-24 22:51:15 41      BBBY: SPYKE!. Candle: ID:109194, Time: 21:15, Close: 46.38
2021-06-24 22:51:15 41      BBBY: SPYKE!. Candle: ID:109195, Time: 21:15, Close: 46.5
2021-06-24 22:51:15 41      BBBY: SPYKE!. Candle: ID:109206, Time: 21:15, Close: 47.47
2021-06-24 22:51:15 41      BBBY: SPYKE!. Candle: ID:109214, Time: 21:15, Close: 47.24
2021-06-24 22:51:15 43      BEN_BBG000BD0TF8_2021-01-27
2021-06-24 22:51:15 46      BEN: SPYKE!. Candle: ID:5881, Time: 22:30, Close: 28.52
2021-06-24 22:51:15 46      BEN: SPYKE!. Candle: ID:5883, Time: 22:35, Close: 28.48
2021-06-24 22:51:15 46      BEN: SPYKE!. Candle: ID:5884, Time: 22:35, Close: 26.97
2021-06-24 22:51:15 46      BEN: SPYKE!. Candle: ID:5885, Time: 22:35, Close: 28.46
2021-06-24 22:51:15 49      BHF_BBG00DYPZ4T0_2021-01-27
2021-06-24 22:51:15 50      BIDU_BBG000QXWHD1_2021-01-27
2021-06-24 22:51:15 61      BIIB_BBG000C17X76_2021-01-27
2021-06-24 22:51:15 64      BILI_BBG00K7T3037_2021-01-27
2021-06-24 22:51:15 69      BILI: BuyPending. Strategy: MorningOpenStrategy. Price: 125. Lots: 2. ChangeOpenToCurrent: -2.19. ChangePrevCloseToCurrent: -2.19. Candle: ID:4, Time: 7:00, Close: 125.
2021-06-24 22:51:15 69      BILI: OrderID: e7bc5a66. PlacedOrder. Status: New. RejectReason: 
2021-06-24 22:51:15 69      BILI: OrderID: e7bc5a66 fully executed
2021-06-24 22:51:15 69      BILI: Morning closing. Close price: 128.3. Lots: 2. CandleChange: -0.54%. ChangeFromCandleHigh: -0.54%. Profit: 3.30(2.64%). Candle: ID:59, Time: 7:10, Close: 128.3
2021-06-24 22:51:15 69      BILI: OrderID: 371de534. PlacedOrder. Status: New. RejectReason: 
2021-06-24 22:51:15 69      BILI: OrderID: 371de534 partially executed. Executed lots: 1. OrderStatus: 1/2 lots
2021-06-24 22:51:15 69      BILI: OrderID: 371de534 fully executed
2021-06-24 22:51:15 72      BK_BBG000BD8PN9_2021-01-27
2021-06-24 22:51:15 75      BKR_BBG00GBVBK51_2021-01-27
2021-06-24 22:51:15 78      BLDR_BBG000BKD3K9_2021-01-27
2021-06-24 22:51:15 81      BLUE_BBG000QGWY50_2021-01-27
2021-06-24 22:51:15 84      BMRN_BBG000CZWZ05_2021-01-27
2021-06-24 22:51:15 86      BMY_BBG000DQLV23_2021-01-27
2021-06-24 22:51:15 94      BRK.B_BBG000DWG505_2021-01-27
2021-06-24 22:51:15 97      BSX_BBG000C0LW92_2021-01-27
2021-06-24 22:51:16 02      BTI_BBG000BWPXQ8_2021-01-27
2021-06-24 22:51:16 04      BUD_BBG000RYC984_2021-01-27
2021-06-24 22:51:16 07      BWA_BBG000BJ49H3_2021-01-27
2021-06-24 22:51:16 10      BYND_BBG003CVJP50_2021-01-27
2021-06-24 22:51:16 22      BZUN_BBG008HNS333_2021-01-27
2021-06-24 22:51:16 24      BZUN: BuyPending. Strategy: MorningOpenStrategy2. Price: 44.81. Lots: 5. ChangeOpenToCurrent: -4.70. ChangePrevCloseToCurrent: -4.70. Candle: ID:51, Time: 7:05, Close: 44.81.
2021-06-24 22:51:16 24      BZUN: OrderID: 34cbd6c9. PlacedOrder. Status: New. RejectReason: 
2021-06-24 22:51:16 24      BZUN: OrderID: 34cbd6c9 partially executed. Executed lots: 1. OrderStatus: 1/5 lots
2021-06-24 22:51:16 24      BZUN: Morning closing. Close price: 45.48. Lots: 1. CandleChange: -0.46%. ChangeFromCandleHigh: -0.46%. Profit: 0.67(1.50%). Candle: ID:124, Time: 7:15, Close: 45.48
2021-06-24 22:51:16 24      BZUN: OrderID: 77f3f211. PlacedOrder. Status: New. RejectReason: 
2021-06-24 22:51:16 24      BZUN: OrderID: 34cbd6c9 automatically canceling...
2021-06-24 22:51:16 24      BZUN: OrderID: 77f3f211 fully executed
2021-06-24 22:51:16 24      OrderID: 34cbd6c9 successfully canceled
2021-06-24 22:51:16 26      C_BBG000FY4S11_2021-01-27
2021-06-24 22:51:16 36      CAG_BBG000BDXGP9_2021-01-27
2021-06-24 22:51:16 39      CAH_BBG000D898T9_2021-01-27
2021-06-24 22:51:16 41      CARG_BBG00HQ77DS2_2021-01-27
2021-06-24 22:51:16 42      CARR_BBG00RP5HYS8_2021-01-27
2021-06-24 22:51:16 45      CAT_BBG000BF0K17_2021-01-27
2021-06-24 22:51:16 48      CB_BBG000BR14K5_2021-01-27
2021-06-24 22:51:16 50      CBRE_BBG000C04224_2021-01-27
2021-06-24 22:51:16 52      CCL_BBG000BF6LY3_2021-01-27
2021-06-24 22:51:16 68      CDNS_BBG000C13CD9_2021-01-27
2021-06-24 22:51:16 72      CDW_BBG001P63B80_2021-01-27
2021-06-24 22:51:16 75      CERN_BBG000BFDLV8_2021-01-27
2021-06-24 22:51:16 79      CF_BBG000BWJFZ4_2021-01-27
2021-06-24 22:51:16 81      CFG_BBG006Q0HY77_2021-01-27
2021-06-24 22:51:16 87      CGNX_BBG000BPBVW5_2021-01-27
2021-06-24 22:51:16 90      CHEF_BBG001MFW6D6_2021-01-27
2021-06-24 22:51:16 92      CHGG_BBG0014XR0N5_2021-01-27
2021-06-24 22:51:16 95      CHNG_BBG0059KNH10_2021-01-27
2021-06-24 22:51:16 97      CHRW_BBG000BTCH57_2021-01-27
2021-06-24 22:51:17 00      CHRW: SPYKE!. Candle: ID:13, Time: 14:25, Close: 90.75
2021-06-24 22:51:17 01      CHTR_BBG000VPGNR2_2021-01-27
2021-06-24 22:51:17 05      CHX_BBG00JH9TZ56_2021-01-27
2021-06-24 22:51:17 07      CIEN_BBG000BP1152_2021-01-27
2021-06-24 22:51:17 09      CINF_BBG000BFPK65_2021-01-27
2021-06-24 22:51:17 11      CL_BBG000BFQYY3_2021-01-27
2021-06-24 22:51:17 16      CLF_BBG000BFRF55_2021-01-27
2021-06-24 22:51:17 20      CLR_BBG000BHBGN6_2021-01-27
2021-06-24 22:51:17 22      CMA_BBG000C75N77_2021-01-27
2021-06-24 22:51:17 25      CMCSA_BBG000BFT2L4_2021-01-27
2021-06-24 22:51:17 35      CME_BBG000BHLYP4_2021-01-27
2021-06-24 22:51:17 36      CMS_BBG000BFVXX0_2021-01-27
2021-06-24 22:51:17 39      CNC_BBG000BDXCJ5_2021-01-27
2021-06-24 22:51:17 46      CNK_BBG000QDVR53_2021-01-27
2021-06-24 22:51:17 59      CNK: SPYKE!. Candle: ID:12872, Time: 14:30, Close: 24.85
2021-06-24 22:51:17 65      CNP_BBG000FDBX90_2021-01-27
2021-06-24 22:51:17 67      COF_BBG000BGKTF9_2021-01-27
2021-06-24 22:51:17 69      COF: BuyPending. Strategy: MorningOpenStrategy. Price: 101.65. Lots: 2. ChangeOpenToCurrent: -2.51. ChangePrevCloseToCurrent: -3.46. Candle: ID:9, Time: 7:00, Close: 101.65.
2021-06-24 22:51:17 69      COF: OrderID: 338b1f2a. PlacedOrder. Status: New. RejectReason: 
2021-06-24 22:51:17 69      COF: Cancel order. Did not bought at market open. Candle: ID:20, Time: 7:05, Close: 102.64
2021-06-24 22:51:17 69      OrderID: 338b1f2a successfully canceled
2021-06-24 22:51:17 71      COG_BBG000C3GN47_2021-01-27
2021-06-24 22:51:17 74      COG: SPYKE!. Candle: ID:5727, Time: 22:30, Close: 19.22
2021-06-24 22:51:17 74      COG: SPYKE!. Candle: ID:5731, Time: 22:35, Close: 19.2
2021-06-24 22:51:17 74      COP_BBG000BQQH30_2021-01-27
2021-06-24 22:51:17 80      CORT_BBG000BKJG33_2021-01-27
2021-06-24 22:51:17 81      COST_BBG000F6H8W8_2021-01-27
2021-06-24 22:51:17 86      COTY_BBG000F395V1_2021-01-27
2021-06-24 22:51:17 88      COTY: BuyPending. Strategy: MorningOpenStrategy. Price: 6.75. Lots: 37. ChangeOpenToCurrent: -2.03. ChangePrevCloseToCurrent: 0.15. Candle: ID:17, Time: 7:00, Close: 6.75.
2021-06-24 22:51:17 88      COTY: OrderID: c4d431ab. PlacedOrder. Status: New. RejectReason: 
2021-06-24 22:51:17 88      COTY: Cancel order. Did not bought at market open. Candle: ID:34, Time: 7:05, Close: 6.81
2021-06-24 22:51:17 88      OrderID: c4d431ab successfully canceled
2021-06-24 22:51:17 90      COUP_BBG001J4BCN4_2021-01-27
2021-06-24 22:51:17 93      CPB_BBG000BG4202_2021-01-27
2021-06-24 22:51:17 95      CPRI_BBG0029SNR63_2021-01-27
2021-06-24 22:51:17 98      CPRT_BBG000BM9RH1_2021-01-27
2021-06-24 22:51:18 01      CREE_BBG000BG14P4_2021-01-27
2021-06-24 22:51:18 03      CRM_BBG000BN2DC2_2021-01-27
2021-06-24 22:51:18 12      CROX_BBG000BLY663_2021-01-27
2021-06-24 22:51:18 14      CRUS_BBG000C1DHF5_2021-01-27
2021-06-24 22:51:18 17      CRWD_BBG00BLYKS03_2021-01-27
2021-06-24 22:51:18 24      CSCO_BBG000C3J3C9_2021-01-27
2021-06-24 22:51:18 29      CSCO: BuyPending. Strategy: MorningOpenStrategy. Price: 44.63. Lots: 5. ChangeOpenToCurrent: 0.11. ChangePrevCloseToCurrent: -2.06. Candle: ID:6, Time: 7:00, Close: 44.63.
2021-06-24 22:51:18 29      CSCO: OrderID: e5d49670. PlacedOrder. Status: New. RejectReason: 
2021-06-24 22:51:18 29      CSCO: OrderID: e5d49670 fully executed
2021-06-24 22:51:18 29      CSCO: Morning closing by timeout. Close price: 44.87. Lots: 5. Profit: 0.24(0.54%). Candle: ID:60, Time: 7:20, Close: 44.87
2021-06-24 22:51:18 29      CSCO: OrderID: 27c32831. PlacedOrder. Status: New. RejectReason: 
2021-06-24 22:51:18 29      CSCO: OrderID: 27c32831 partially executed. Executed lots: 3. OrderStatus: 3/5 lots
2021-06-24 22:51:18 29      CSCO: OrderID: 27c32831 partially executed. Executed lots: 1. OrderStatus: 4/5 lots
2021-06-24 22:51:18 29      CSCO: OrderID: 27c32831 fully executed
2021-06-24 22:51:18 35      CSX_BBG000BGJRC8_2021-01-27
2021-06-24 22:51:18 44      CTSH_BBG000BBDV81_2021-01-27
2021-06-24 22:51:18 47      CTVA_BBG00BN969C1_2021-01-27
2021-06-24 22:51:18 49      CTXS_BBG000FQ6PY6_2021-01-27
2021-06-24 22:51:18 54      CVET_BBG00KR691K8_2021-01-27
2021-06-24 22:51:18 54      CVET: BuyPending. Strategy: MorningOpenStrategy2. Price: 36.45. Lots: 6. ChangeOpenToCurrent: -4.58. ChangePrevCloseToCurrent: -4.58. Candle: ID:1, Time: 7:10, Close: 36.45.
2021-06-24 22:51:18 54      CVET: OrderID: 739f9a8f. PlacedOrder. Status: New. RejectReason: 
2021-06-24 22:51:18 54      CVET: OrderID: 739f9a8f partially executed. Executed lots: 1. OrderStatus: 1/6 lots
2021-06-24 22:51:18 54      CVET: OrderID: 739f9a8f partially executed. Executed lots: 1. OrderStatus: 2/6 lots
2021-06-24 22:51:18 54      CVET: OrderID: 739f9a8f partially executed. Executed lots: 1. OrderStatus: 3/6 lots
2021-06-24 22:51:18 54      CVET: OrderID: 739f9a8f partially executed. Executed lots: 2. OrderStatus: 5/6 lots
2021-06-24 22:51:18 54      CVET: OrderID: 739f9a8f fully executed
2021-06-24 22:51:18 54      CVET: Morning closing by timeout. Close price: 36.4. Lots: 6. Profit: -0.05(-0.14%). Candle: ID:16, Time: 8:00, Close: 36.4
2021-06-24 22:51:18 54      CVET: OrderID: 62188b7b. PlacedOrder. Status: New. RejectReason: 
2021-06-24 22:51:18 54      CVET: OrderID: 62188b7b partially executed. Executed lots: 1. OrderStatus: 1/6 lots
2021-06-24 22:51:18 54      CVET: OrderID: 62188b7b partially executed. Executed lots: 1. OrderStatus: 2/6 lots
2021-06-24 22:51:18 54      CVET: OrderID: 62188b7b partially executed. Executed lots: 2. OrderStatus: 4/6 lots
2021-06-24 22:51:18 54      CVET: OrderID: 62188b7b fully executed
2021-06-24 22:51:18 55      CVS_BBG000BGRY34_2021-01-27
2021-06-24 22:51:18 58      CVX_BBG000K4ND22_2021-01-27
2021-06-24 22:51:18 65      D_BBG000BGVW60_2021-01-27
2021-06-24 22:51:18 68      DAL_BBG000R7Z112_2021-01-27
2021-06-24 22:51:18 76      DBX_BBG0018SLDN0_2021-01-27
2021-06-24 22:51:18 82      DD_BBG00BN961G4_2021-01-27
2021-06-24 22:51:18 82      DDOG_BBG003NJHZT9_2021-01-27
2021-06-24 22:51:18 88      DFS_BBG000QBR5J5_2021-01-27
2021-06-24 22:51:18 92      DHI_BBG000DQTXY6_2021-01-27
2021-06-24 22:51:18 95      DHR_BBG000BH3JF8_2021-01-27
2021-06-24 22:51:18 98      DIS_BBG000BH4R78_2021-01-27
2021-06-24 22:51:19 13      DISCA_BBG000CHWP52_2021-01-27
2021-06-24 22:51:19 38      DISCK_BBG000VMWHH5_2021-01-27
2021-06-24 22:51:19 58      DKNG_BBG00TCBG714_2021-01-27
2021-06-24 22:51:19 70      DKS_BBG000F6ZWH2_2021-01-27
2021-06-24 22:51:19 73      DLTR_BBG000BSC0K9_2021-01-27
2021-06-24 22:51:19 78      DOCU_BBG000N7KJX8_2021-01-27
2021-06-24 22:51:19 87      DOW_BBG00BN96922_2021-01-27
2021-06-24 22:51:19 93      DRI_BBG000BBNYF6_2021-01-27
2021-06-24 22:51:19 96      DT_BBG00PNN7C40_2021-01-27
2021-06-24 22:51:19 99      DVN_BBG000BBVJZ8_2021-01-27
2021-06-24 22:51:20 05      DXC_BBG00FN64XT9_2021-01-27
2021-06-24 22:51:20 07      DXCM_BBG000QTF8K1_2021-01-27
2021-06-24 22:51:20 09      EA_BBG000BP0KQ8_2021-01-27
2021-06-24 22:51:20 13      EBAY_BBG000C43RR5_2021-01-27
2021-06-24 22:51:20 21      ED_BBG000BHLYS1_2021-01-27
2021-06-24 22:51:20 25      EDIT_BBG005MX5GZ2_2021-01-27
2021-06-24 22:51:20 30      EIX_BBG000D7RKJ5_2021-01-27
2021-06-24 22:51:20 33      ELAN_BBG00LJYS1P8_2021-01-27
2021-06-24 22:51:20 34      EMR_BBG000BHX7N2_2021-01-27
2021-06-24 22:51:20 37      ENDP_BBG000C0HQ54_2021-01-27
2021-06-24 22:51:20 38      ENPH_BBG001R3MNY9_2021-01-27
2021-06-24 22:51:20 42      ENTG_BBG000CTV4N4_2021-01-27
2021-06-24 22:51:20 44      EOG_BBG000BZ9223_2021-01-27
2021-06-24 22:51:20 47      EQT_BBG000BHZ5J9_2021-01-27
2021-06-24 22:51:20 51      ET_BBG000BM2FL9_2021-01-27
2021-06-24 22:51:20 54      ETRN_BBG00K53L394_2021-01-27
2021-06-24 22:51:20 56      ETRN: BuyPending. Strategy: MorningOpenStrategy. Price: 6.71. Lots: 37. ChangeOpenToCurrent: -2.61. ChangePrevCloseToCurrent: -1.32. Candle: ID:12, Time: 7:00, Close: 6.71.
2021-06-24 22:51:20 56      ETRN: OrderID: 67015b32. PlacedOrder. Status: New. RejectReason: 
2021-06-24 22:51:20 56      ETRN: OrderID: 67015b32 partially executed. Executed lots: 3. OrderStatus: 3/37 lots
2021-06-24 22:51:20 56      ETRN: Morning closing. Close price: 6.81. Lots: 3. CandleChange: -0.15%. ChangeFromCandleHigh: -0.29%. Profit: 0.10(1.49%). Candle: ID:105, Time: 7:10, Close: 6.81
2021-06-24 22:51:20 56      ETRN: OrderID: b481795d. PlacedOrder. Status: New. RejectReason: 
2021-06-24 22:51:20 56      ETRN: OrderID: 67015b32 automatically canceling...
2021-06-24 22:51:20 56      ETRN: OrderID: b481795d fully executed
2021-06-24 22:51:20 56      OrderID: 67015b32 successfully canceled
2021-06-24 22:51:20 57      ETSY_BBG000N7MXL8_2021-01-27
2021-06-24 22:51:20 61      ETSY: BuyPending. Strategy: MorningOpenStrategy. Price: 200.59. Lots: 1. ChangeOpenToCurrent: -3.15. ChangePrevCloseToCurrent: -2.01. Candle: ID:6, Time: 7:00, Close: 200.59.
2021-06-24 22:51:20 61      ETSY: OrderID: 7c761372. PlacedOrder. Status: New. RejectReason: 
2021-06-24 22:51:20 61      ETSY: Cancel order. Did not bought at market open. Candle: ID:32, Time: 7:05, Close: 206.72
2021-06-24 22:51:20 61      OrderID: 7c761372 successfully canceled
2021-06-24 22:51:20 63      EVH_BBG005CHLM96_2021-01-27
2021-06-24 22:51:20 65      EW_BBG000BRXP69_2021-01-27
2021-06-24 22:51:20 67      EWBC_BBG000CR20B1_2021-01-27
2021-06-24 22:51:20 69      EXAS_BBG000CWL0F5_2021-01-27
2021-06-24 22:51:20 72      EXC_BBG000J6XT05_2021-01-27
2021-06-24 22:51:20 78      EXEL_BBG000BQ4WF8_2021-01-27
2021-06-24 22:51:20 81      EXPD_BBG000BJ5GK2_2021-01-27
2021-06-24 22:51:20 83      EXPE_BBG000QY3XZ2_2021-01-27
2021-06-24 22:51:20 88      F_BBG000BQPC32_2021-01-27
2021-06-24 22:51:20 95      FANG_BBG002PHSYX9_2021-01-27
2021-06-24 22:51:20 98      FAST_BBG000BJ8YN7_2021-01-27
2021-06-24 22:51:21 01      FATE_BBG000QP35H2_2021-01-27
2021-06-24 22:51:21 02      FATE: SPYKE!. Candle: ID:265, Time: 14:30, Close: 86.88
2021-06-24 22:51:21 04      FB_BBG000MM2P62_2021-01-27
2021-06-24 22:51:21 32      FCX_BBG000BJDB15_2021-01-27
2021-06-24 22:51:21 40      FDX_BBG000BJF1Z8_2021-01-27
2021-06-24 22:51:21 43      FIS_BBG000BK2F42_2021-01-27
2021-06-24 22:51:21 45      FISV_BBG000BJKPG0_2021-01-27
2021-06-24 22:51:21 51      FITB_BBG000BJL3N0_2021-01-27
2021-06-24 22:51:21 55      FIVN_BBG001KHJM17_2021-01-27
2021-06-24 22:51:21 56      FL_BBG000BX8DC4_2021-01-27
2021-06-24 22:51:21 58      FLIR_BBG000BHK836_2021-01-27
2021-06-24 22:51:21 60      FLR_BBG000BB1TH9_2021-01-27
2021-06-24 22:51:21 61      FLR: SPYKE!. Candle: ID:34, Time: 9:00, Close: 19.5
2021-06-24 22:51:21 62      FOX_BBG00JHNKJY8_2021-01-27
2021-06-24 22:51:21 65      FOX: SPYKE!. Candle: ID:14098, Time: 22:40, Close: 33.31
2021-06-24 22:51:21 66      FOXA_BBG00JHNJW99_2021-01-27
2021-06-24 22:51:21 77      FRHC_BBG000N625H8_2021-01-27
2021-06-24 22:51:21 78      FSLR_BBG000BFL116_2021-01-27
2021-06-24 22:51:21 82      FSLY_BBG004NLQHL0_2021-01-27
2021-06-24 22:51:21 86      FTI_BBG00DL8NMV2_2021-01-27
2021-06-24 22:51:21 91      FTNT_BBG000BCMBG4_2021-01-27
2021-06-24 22:51:21 94      FTV_BBG00BLVZ228_2021-01-27
2021-06-24 22:51:21 96      GE_BBG000BK6MB5_2021-01-27
2021-06-24 22:51:22 04      GH_BBG006D97VY9_2021-01-27
2021-06-24 22:51:22 06      GILD_BBG000CKGBP2_2021-01-27
2021-06-24 22:51:22 13      GIS_BBG000BKCFC2_2021-01-27
2021-06-24 22:51:22 18      GLW_BBG000BKFZM4_2021-01-27
2021-06-24 22:51:22 22      GM_BBG000NDYB67_2021-01-27
2021-06-24 22:51:22 32      GOOG_BBG009S3NB30_2021-01-27
2021-06-24 22:51:22 40      GOOGL_BBG009S39JX6_2021-01-27
2021-06-24 22:51:22 55      GPS_BBG000BKLH74_2021-01-27
2021-06-24 22:51:22 62      GPS: SPYKE!. Candle: ID:16602, Time: 20:50, Close: 20.21
2021-06-24 22:51:22 63      GRMN_BBG000C4LN67_2021-01-27
2021-06-24 22:51:22 64      GRUB_BBG001KWG293_2021-01-27
2021-06-24 22:51:22 64      Warning: figi `BBG001KWG293` for history data does not match actual figi `BBG010R8C3Y4`. Ticker: GRUB. Will be used actual!
2021-06-24 22:51:22 65      GS_BBG000C6CFJ5_2021-01-27
2021-06-24 22:51:22 68      GSKY_BBG00KT2SCV8_2021-01-27
2021-06-24 22:51:22 70      GT_BBG000BKNX95_2021-01-27
2021-06-24 22:51:22 73      HA_BBG000BC4185_2021-01-27
2021-06-24 22:51:22 74      HAL_BBG000BKTFN2_2021-01-27
2021-06-24 22:51:22 77      HALO_BBG000CZ8W54_2021-01-27
2021-06-24 22:51:22 79      HAS_BBG000BKVJK4_2021-01-27
2021-06-24 22:51:22 80      HBAN_BBG000BKWSR6_2021-01-27
2021-06-24 22:51:22 83      HBI_BBG000D2ZTS8_2021-01-27
2021-06-24 22:51:22 85      HCA_BBG000QW7VC1_2021-01-27
2021-06-24 22:51:22 86      HD_BBG000BKZB36_2021-01-27
2021-06-24 22:51:22 89      HES_BBG000BBD070_2021-01-27
2021-06-24 22:51:22 91      HFC_BBG000BL9JQ1_2021-01-27
2021-06-24 22:51:22 94      HIG_BBG000G0Z878_2021-01-27
2021-06-24 22:51:22 96      HLT_BBG0058KMH30_2021-01-27
2021-06-24 22:51:22 98      HOG_BBG000BKZTP3_2021-01-27
2021-06-24 22:51:23 00      HOLX_BBG000C3NTN5_2021-01-27
2021-06-24 22:51:23 02      HON_BBG000H556T9_2021-01-27
2021-06-24 22:51:23 04      HP_BBG000BLCPY4_2021-01-27
2021-06-24 22:51:23 05      HPE_BBG0078W3NQ3_2021-01-27
2021-06-24 22:51:23 08      HPQ_BBG000KHWT55_2021-01-27
2021-06-24 22:51:23 11      HRB_BBG000BLDV98_2021-01-27
2021-06-24 22:51:23 12      HRB: SPYKE!. Candle: ID:76, Time: 8:45, Close: 17.15
2021-06-24 22:51:23 13      HRL_BBG000BLF8D2_2021-01-27
2021-06-24 22:51:23 16      HRTX_BBG000G2GJT7_2021-01-27
2021-06-24 22:51:23 19      HSIC_BBG000BNMMJ3_2021-01-27
2021-06-24 22:51:23 21      HST_BBG000BL8804_2021-01-27
2021-06-24 22:51:23 25      HTHT_BBG000QFPM65_2021-01-27
2021-06-24 22:51:23 26      HWM_BBG00DYNJGH9_2021-01-27
2021-06-24 22:51:23 29      IAC_BBG000BKQG80_2021-01-27
2021-06-24 22:51:23 32      IBM_BBG000BLNNH6_2021-01-27
2021-06-24 22:51:23 39      IBN_BBG000DRM643_2021-01-27
2021-06-24 22:51:23 41      ICE_BBG000C1FB75_2021-01-27
2021-06-24 22:51:23 43      IIVI_BBG000BLW102_2021-01-27
2021-06-24 22:51:23 45      ILMN_BBG000DSMS70_2021-01-27
2021-06-24 22:51:23 47      INCY_BBG000BNPSQ9_2021-01-27
2021-06-24 22:51:23 50      INFO_BBG006G063F9_2021-01-27
2021-06-24 22:51:23 53      INTC_BBG000C0G1D1_2021-01-27
2021-06-24 22:51:23 72      INTU_BBG000BH5DV1_2021-01-27
2021-06-24 22:51:23 76      IOVA_BBG000FTLBV7_2021-01-27
2021-06-24 22:51:23 79      IP_BBG000BM5SR2_2021-01-27
2021-06-24 22:51:23 80      IPG_BBG000C90DH9_2021-01-27
2021-06-24 22:51:23 84      IR_BBG002R1CW27_2021-01-27
2021-06-24 22:51:23 86      IRM_BBG000KCZPC3_2021-01-27
2021-06-24 22:51:23 90      IVZ_BBG000BY2Y78_2021-01-27
2021-06-24 22:51:23 93      JBHT_BBG000BMDBZ1_2021-01-27
2021-06-24 22:51:23 95      JCI_BBG000BVWLJ6_2021-01-27
2021-06-24 22:51:23 98      JD_BBG005YHY0Q7_2021-01-27
2021-06-24 22:51:24 08      JNJ_BBG000BMHYD1_2021-01-27
2021-06-24 22:51:24 14      JNPR_BBG000BY33P5_2021-01-27
2021-06-24 22:51:24 18      JPM_BBG000DMBXR2_2021-01-27
2021-06-24 22:51:24 28      JWN_BBG000G8N9C6_2021-01-27
2021-06-24 22:51:24 31      K_BBG000BMKDM3_2021-01-27
2021-06-24 22:51:24 36      KDP_BBG000TJM7F0_2021-01-27
2021-06-24 22:51:24 41      KEY_BBG000BMQPL1_2021-01-27
2021-06-24 22:51:24 43      KHC_BBG005CPNTQ2_2021-01-27
2021-06-24 22:51:24 48      KIM_BBG000CN3S73_2021-01-27
2021-06-24 22:51:24 50      KLAC_BBG000BMTFR4_2021-01-27
2021-06-24 22:51:24 53      KMI_BBG0019JZ882_2021-01-27
2021-06-24 22:51:24 57      KNX_BBG000BFC848_2021-01-27
2021-06-24 22:51:24 60      KO_BBG000BMX289_2021-01-27
2021-06-24 22:51:24 69      KR_BBG000BMY992_2021-01-27
2021-06-24 22:51:24 79      LB_BBG000BNGTQ7_2021-01-27
2021-06-24 22:51:24 87      LEN_BBG000BN5HF7_2021-01-27
2021-06-24 22:51:24 89      LIN_BBG00GVR8YQ9_2021-01-27
2021-06-24 22:51:24 93      LITE_BBG0073F9RT7_2021-01-27
2021-06-24 22:51:24 95      LKQ_BBG000PXDL44_2021-01-27
2021-06-24 22:51:24 97      LLY_BBG000BNBDC2_2021-01-27
2021-06-24 22:51:25 00      LNT_BBG000DW4Q75_2021-01-27
2021-06-24 22:51:25 03      LOW_BBG000BNDN65_2021-01-27
2021-06-24 22:51:25 05      LPSN_BBG000BSV0W5_2021-01-27
2021-06-24 22:51:25 07      LRCX_BBG000BNFLM9_2021-01-27
2021-06-24 22:51:25 13      LTHM_BBG00LV3NRG0_2021-01-27
2021-06-24 22:51:25 16      LULU_BBG000R8ZVD1_2021-01-27
2021-06-24 22:51:25 20      LUV_BBG000BNJHS8_2021-01-27
2021-06-24 22:51:25 24      LVS_BBG000JWD753_2021-01-27
2021-06-24 22:51:25 33      LYB_BBG000WCFV84_2021-01-27
2021-06-24 22:51:25 35      LYFT_BBG004M9ZHX5_2021-01-27
2021-06-24 22:51:25 42      LYV_BBG000FQ7YR4_2021-01-27
2021-06-24 22:51:25 44      M_BBG000C46HM9_2021-01-27
2021-06-24 22:51:25 54      M: BuyPending. Strategy: MorningOpenStrategy. Price: 15.78. Lots: 15. ChangeOpenToCurrent: -0.38. ChangePrevCloseToCurrent: -2.11. Candle: ID:191, Time: 7:00, Close: 15.78.
2021-06-24 22:51:25 54      M: OrderID: 8cfb833d. PlacedOrder. Status: New. RejectReason: 
2021-06-24 22:51:25 54      M: OrderID: 8cfb833d fully executed
2021-06-24 22:51:25 54      M: Morning closing. Close price: 16.01. Lots: 15. CandleChange: 1.01%. ChangeFromCandleHigh: -1.17%. Profit: 0.23(1.46%). Candle: ID:661, Time: 7:15, Close: 16.01
2021-06-24 22:51:25 54      M: OrderID: ebc5987f. PlacedOrder. Status: New. RejectReason: 
2021-06-24 22:51:25 54      M: OrderID: ebc5987f fully executed
2021-06-24 22:51:25 58      MA_BBG000F1ZSQ2_2021-01-27
2021-06-24 22:51:25 63      MAC_BBG000BL9C59_2021-01-27
2021-06-24 22:51:25 71      MAC: BuyPending. Strategy: MorningOpenStrategy. Price: 19.61. Lots: 12. ChangeOpenToCurrent: -3.02. ChangePrevCloseToCurrent: -2.82. Candle: ID:62, Time: 7:00, Close: 19.61.
2021-06-24 22:51:25 71      MAC: OrderID: 337cea98. PlacedOrder. Status: New. RejectReason: 
2021-06-24 22:51:25 71      MAC: Cancel order. Did not bought at market open. Candle: ID:165, Time: 7:05, Close: 20.4
2021-06-24 22:51:25 71      OrderID: 337cea98 successfully canceled
2021-06-24 22:51:25 75      MAR_BBG000BGD7W6_2021-01-27
2021-06-24 22:51:25 78      MAS_BBG000BNNKG9_2021-01-27
2021-06-24 22:51:25 79      MAT_BBG000BNNYW1_2021-01-27
2021-06-24 22:51:25 81      MBT_BBG000CSZKR2_2021-01-27
2021-06-24 22:51:25 82      MCD_BBG000BNSZP1_2021-01-27
2021-06-24 22:51:25 88      MCHP_BBG000BHCP19_2021-01-27
2021-06-24 22:51:25 92      MDLZ_BBG000D4LWF6_2021-01-27
2021-06-24 22:51:25 98      MDRX_BBG000BLDXH5_2021-01-27
2021-06-24 22:51:25 99      MDRX: SPYKE!. Candle: ID:3921, Time: 22:35, Close: 15.1
2021-06-24 22:51:25 99      MDRX: SPYKE!. Candle: ID:3930, Time: 22:40, Close: 16.83
2021-06-24 22:51:26 00      MDT_BBG000BNWG87_2021-01-27
2021-06-24 22:51:26 03      MET_BBG000BB6KF5_2021-01-27
2021-06-24 22:51:26 08      MFGP_BBG00HFWVGN0_2021-01-27
2021-06-24 22:51:26 11      MIDD_BBG000DQN9R3_2021-01-27
2021-06-24 22:51:26 12      MLCO_BBG000BHP8J4_2021-01-27
2021-06-24 22:51:26 13      MLHR_BBG000BP46T2_2021-01-27
2021-06-24 22:51:26 15      MMC_BBG000BP4MH0_2021-01-27
2021-06-24 22:51:26 16      MMM_BBG000BP52R2_2021-01-27
2021-06-24 22:51:26 21      MNST_BBG008NVB1C0_2021-01-27
2021-06-24 22:51:26 23      MO_BBG000BP6LJ8_2021-01-27
2021-06-24 22:51:26 26      MOMO_BBG007HTCQT0_2021-01-27
2021-06-24 22:51:26 40      MOS_BBG000BFXHL6_2021-01-27
2021-06-24 22:51:26 43      MPC_BBG001DCCGR8_2021-01-27
2021-06-24 22:51:26 48      MRK_BBG000BPD168_2021-01-27
2021-06-24 22:51:26 53      MRNA_BBG003PHHZT1_2021-01-27
2021-06-24 22:51:26 83      MRO_BBG000C8H633_2021-01-27
2021-06-24 22:51:26 85      MS_BBG000BLZRJ2_2021-01-27
2021-06-24 22:51:26 92      MSFT_BBG000BPH459_2021-01-27
2021-06-24 22:51:27 25      MTCH_BBG00B6WH9G3_2021-01-27
2021-06-24 22:51:27 33      MTG_BBG000CBMH27_2021-01-27
2021-06-24 22:51:27 34      MU_BBG000C5Z1S3_2021-01-27
2021-06-24 22:51:27 46      MUR_BBG000BPMH90_2021-01-27
2021-06-24 22:51:27 49      MXIM_BBG000BPNP00_2021-01-27
2021-06-24 22:51:27 53      MYGN_BBG000D9H9F1_2021-01-27
2021-06-24 22:51:27 54      NAVI_BBG004MN1R41_2021-01-27
2021-06-24 22:51:27 56      NEM_BBG000BPWXK1_2021-01-27
2021-06-24 22:51:27 59      NEO_BBG000BKH263_2021-01-27
2021-06-24 22:51:27 62      NET_BBG001WMKHH5_2021-01-27
2021-06-24 22:51:27 63      NET: BuyPending. Strategy: MorningOpenStrategy. Price: 76.5. Lots: 3. ChangeOpenToCurrent: -3.29. ChangePrevCloseToCurrent: -2.26. Candle: ID:5, Time: 7:00, Close: 76.5.
2021-06-24 22:51:27 63      NET: OrderID: ac5f89fb. PlacedOrder. Status: New. RejectReason: 
2021-06-24 22:51:27 63      NET: OrderID: ac5f89fb fully executed
2021-06-24 22:51:27 63      NET: Buy more. Price: 74.05. Lots: 3. changeFromLastBuy: -3.20. Candle: ID:6, Time: 7:00, Close: 74.05.
2021-06-24 22:51:27 63      NET: OrderID: af6b9187. PlacedOrder. Status: New. RejectReason: 
2021-06-24 22:51:27 63      NET: OrderID: af6b9187 fully executed
2021-06-24 22:51:27 63      NET: Morning closing. Close price: 77. Lots: 6. CandleChange: 1.38%. ChangeFromCandleHigh: -1.60%. Profit: 1.73(2.30%). Candle: ID:36, Time: 7:05, Close: 77
2021-06-24 22:51:27 63      NET: OrderID: 546542c6. PlacedOrder. Status: New. RejectReason: 
2021-06-24 22:51:27 63      NET: OrderID: 546542c6 partially executed. Executed lots: 2. OrderStatus: 2/6 lots
2021-06-24 22:51:27 63      NET: OrderID: 546542c6 fully executed
2021-06-24 22:51:27 65      NFLX_BBG000CL9VN6_2021-01-27
2021-06-24 22:51:27 77      NKE_BBG000C5HS04_2021-01-27
2021-06-24 22:51:27 82      NKTR_BBG000BHCYJ1_2021-01-27
2021-06-24 22:51:27 84      NLOK_BBG000BH2JM1_2021-01-27
2021-06-24 22:51:27 86      NLSN_BBG0088CYPX8_2021-01-27
2021-06-24 22:51:27 88      NMIH_BBG005DLMMZ6_2021-01-27
2021-06-24 22:51:27 89      NOK_BBG000BNGBW9_2021-01-27
2021-06-24 22:51:28 28      NOK: SPYKE!. Candle: ID:53503, Time: 16:40, Close: 8.81
2021-06-24 22:51:28 28      NOK: SPYKE!. Candle: ID:53504, Time: 16:40, Close: 8.81
2021-06-24 22:51:28 28      NOK: SPYKE!. Candle: ID:53505, Time: 16:40, Close: 8.81
2021-06-24 22:51:28 28      NOK: SPYKE!. Candle: ID:53517, Time: 16:40, Close: 6.48
2021-06-24 22:51:28 28      NOK: SPYKE!. Candle: ID:53518, Time: 16:40, Close: 6.49
2021-06-24 22:51:28 28      NOK: SPYKE!. Candle: ID:53519, Time: 16:40, Close: 6.49
2021-06-24 22:51:28 28      NOK: SPYKE!. Candle: ID:53530, Time: 16:40, Close: 8.81
2021-06-24 22:51:28 28      NOK: SPYKE!. Candle: ID:53531, Time: 16:40, Close: 8.81
2021-06-24 22:51:28 28      NOK: SPYKE!. Candle: ID:53532, Time: 16:40, Close: 8.81
2021-06-24 22:51:28 28      NOK: SPYKE!. Candle: ID:53556, Time: 16:40, Close: 6.5
2021-06-24 22:51:28 28      NOK: SPYKE!. Candle: ID:53557, Time: 16:40, Close: 6.5
2021-06-24 22:51:28 28      NOK: SPYKE!. Candle: ID:53566, Time: 16:40, Close: 8.81
2021-06-24 22:51:28 28      NOK: SPYKE!. Candle: ID:53576, Time: 16:40, Close: 8.81
2021-06-24 22:51:28 28      NOK: SPYKE!. Candle: ID:53604, Time: 16:40, Close: 6.5
2021-06-24 22:51:28 28      NOK: SPYKE!. Candle: ID:53605, Time: 16:40, Close: 6.5
2021-06-24 22:51:28 28      NOK: SPYKE!. Candle: ID:53607, Time: 16:40, Close: 8.81
2021-06-24 22:51:28 28      NOK: SPYKE!. Candle: ID:53618, Time: 16:40, Close: 6.5
2021-06-24 22:51:28 28      NOK: SPYKE!. Candle: ID:53619, Time: 16:40, Close: 6.5
2021-06-24 22:51:28 28      NOK: SPYKE!. Candle: ID:53621, Time: 16:40, Close: 8.81
2021-06-24 22:51:28 28      NOK: SPYKE!. Candle: ID:53622, Time: 16:40, Close: 8.81
2021-06-24 22:51:28 28      NOK: SPYKE!. Candle: ID:53690, Time: 16:40, Close: 6.53
2021-06-24 22:51:28 28      NOK: SPYKE!. Candle: ID:53693, Time: 16:40, Close: 8.81
2021-06-24 22:51:28 28      NOK: SPYKE!. Candle: ID:53709, Time: 16:40, Close: 6.59
2021-06-24 22:51:28 28      NOK: SPYKE!. Candle: ID:53710, Time: 16:40, Close: 6.59
2021-06-24 22:51:28 28      NOK: SPYKE!. Candle: ID:53711, Time: 16:40, Close: 8.81
2021-06-24 22:51:28 28      NOK: SPYKE!. Candle: ID:53712, Time: 16:40, Close: 8.81
2021-06-24 22:51:28 28      NOK: SPYKE!. Candle: ID:53713, Time: 16:40, Close: 8.81
2021-06-24 22:51:28 28      NOK: SPYKE!. Candle: ID:53733, Time: 16:40, Close: 8.81
2021-06-24 22:51:28 28      NOK: SPYKE!. Candle: ID:53734, Time: 16:40, Close: 8.81
2021-06-24 22:51:28 28      NOK: SPYKE!. Candle: ID:53735, Time: 16:40, Close: 8.81
2021-06-24 22:51:28 28      NOK: SPYKE!. Candle: ID:53739, Time: 16:40, Close: 6.6
2021-06-24 22:51:28 28      NOK: SPYKE!. Candle: ID:53744, Time: 16:40, Close: 8.81
2021-06-24 22:51:28 28      NOK: SPYKE!. Candle: ID:53745, Time: 16:40, Close: 8.81
2021-06-24 22:51:28 28      NOK: SPYKE!. Candle: ID:53749, Time: 16:40, Close: 8.81
2021-06-24 22:51:28 28      NOK: SPYKE!. Candle: ID:53750, Time: 16:40, Close: 8.81
2021-06-24 22:51:28 28      NOK: SPYKE!. Candle: ID:53751, Time: 16:40, Close: 8.81
2021-06-24 22:51:28 28      NOK: SPYKE!. Candle: ID:53757, Time: 16:40, Close: 6.6
2021-06-24 22:51:28 28      NOK: SPYKE!. Candle: ID:53762, Time: 16:40, Close: 6.62
2021-06-24 22:51:28 28      NOK: SPYKE!. Candle: ID:53763, Time: 16:40, Close: 6.63
2021-06-24 22:51:28 28      NOK: SPYKE!. Candle: ID:53768, Time: 16:40, Close: 6.64
2021-06-24 22:51:28 28      NOK: SPYKE!. Candle: ID:53769, Time: 16:40, Close: 6.65
2021-06-24 22:51:28 28      NOK: SPYKE!. Candle: ID:53773, Time: 16:40, Close: 8.8
2021-06-24 22:51:28 28      NOK: SPYKE!. Candle: ID:53775, Time: 16:40, Close: 6.65
2021-06-24 22:51:28 28      NOK: SPYKE!. Candle: ID:53780, Time: 16:40, Close: 8.81
2021-06-24 22:51:28 28      NOK: SPYKE!. Candle: ID:53781, Time: 16:40, Close: 6.65
2021-06-24 22:51:28 28      NOK: SPYKE!. Candle: ID:53782, Time: 16:40, Close: 6.65
2021-06-24 22:51:28 28      NOK: SPYKE!. Candle: ID:53785, Time: 16:40, Close: 6.65
2021-06-24 22:51:28 28      NOK: SPYKE!. Candle: ID:53786, Time: 16:40, Close: 6.65
2021-06-24 22:51:28 28      NOK: SPYKE!. Candle: ID:53788, Time: 16:40, Close: 6.65
2021-06-24 22:51:28 28      NOK: SPYKE!. Candle: ID:53789, Time: 16:40, Close: 6.66
2021-06-24 22:51:28 28      NOK: SPYKE!. Candle: ID:53790, Time: 16:40, Close: 8.8
2021-06-24 22:51:28 28      NOK: SPYKE!. Candle: ID:53793, Time: 16:40, Close: 6.7
2021-06-24 22:51:28 28      NOK: SPYKE!. Candle: ID:53794, Time: 16:40, Close: 6.7
2021-06-24 22:51:28 28      NOK: SPYKE!. Candle: ID:53882, Time: 16:40, Close: 7.5
2021-06-24 22:51:28 28      NOK: SPYKE!. Candle: ID:54190, Time: 16:45, Close: 7.63
2021-06-24 22:51:28 28      NOK: SPYKE!. Candle: ID:54205, Time: 16:45, Close: 7.55
2021-06-24 22:51:28 28      NOK: SPYKE!. Candle: ID:55260, Time: 16:45, Close: 8.55
2021-06-24 22:51:28 28      NOK: SPYKE!. Candle: ID:55261, Time: 16:45, Close: 8.55
2021-06-24 22:51:28 28      NOK: SPYKE!. Candle: ID:55273, Time: 16:45, Close: 7.31
2021-06-24 22:51:28 28      NOK: SPYKE!. Candle: ID:55274, Time: 16:45, Close: 8.1
2021-06-24 22:51:28 28      NOK: SPYKE!. Candle: ID:55298, Time: 16:45, Close: 7.31
2021-06-24 22:51:28 28      NOK: SPYKE!. Candle: ID:55366, Time: 16:45, Close: 8
2021-06-24 22:51:28 28      NOK: SPYKE!. Candle: ID:55387, Time: 16:45, Close: 8
2021-06-24 22:51:28 28      NOK: SPYKE!. Candle: ID:55390, Time: 16:45, Close: 7.4
2021-06-24 22:51:28 28      NOK: SPYKE!. Candle: ID:55391, Time: 16:45, Close: 8
2021-06-24 22:51:28 28      NOK: SPYKE!. Candle: ID:55409, Time: 16:45, Close: 7.43
2021-06-24 22:51:28 28      NOK: SPYKE!. Candle: ID:55412, Time: 16:45, Close: 7.74
2021-06-24 22:51:28 28      NOK: SPYKE!. Candle: ID:55421, Time: 16:45, Close: 8
2021-06-24 22:51:28 28      NOK: SPYKE!. Candle: ID:55425, Time: 16:45, Close: 7.43
2021-06-24 22:51:28 28      NOK: SPYKE!. Candle: ID:55431, Time: 16:45, Close: 7.74
2021-06-24 22:51:28 28      NOK: SPYKE!. Candle: ID:55444, Time: 16:45, Close: 7.5
2021-06-24 22:51:28 28      NOK: SPYKE!. Candle: ID:55448, Time: 16:45, Close: 7.74
2021-06-24 22:51:28 28      NOK: SPYKE!. Candle: ID:55455, Time: 16:45, Close: 7.74
2021-06-24 22:51:28 28      NOK: SPYKE!. Candle: ID:55460, Time: 16:45, Close: 7.5
2021-06-24 22:51:28 28      NOK: SPYKE!. Candle: ID:55477, Time: 16:45, Close: 7.5
2021-06-24 22:51:28 28      NOK: SPYKE!. Candle: ID:55488, Time: 16:45, Close: 8
2021-06-24 22:51:28 28      NOK: SPYKE!. Candle: ID:55500, Time: 16:45, Close: 7.74
2021-06-24 22:51:28 28      NOK: SPYKE!. Candle: ID:55504, Time: 16:45, Close: 8
2021-06-24 22:51:28 28      NOK: SPYKE!. Candle: ID:55512, Time: 16:45, Close: 8
2021-06-24 22:51:28 28      NOK: SPYKE!. Candle: ID:55520, Time: 16:45, Close: 7.73
2021-06-24 22:51:28 28      NOK: SPYKE!. Candle: ID:55536, Time: 16:45, Close: 7.73
2021-06-24 22:51:28 28      NOK: SPYKE!. Candle: ID:55542, Time: 16:45, Close: 7.74
2021-06-24 22:51:28 28      NOK: SPYKE!. Candle: ID:55549, Time: 16:45, Close: 8
2021-06-24 22:51:28 28      NOK: SPYKE!. Candle: ID:55556, Time: 16:45, Close: 7.73
2021-06-24 22:51:28 28      NOK: SPYKE!. Candle: ID:55569, Time: 16:45, Close: 8
2021-06-24 22:51:28 28      NOK: SPYKE!. Candle: ID:55578, Time: 16:45, Close: 7.74
2021-06-24 22:51:28 28      NOK: SPYKE!. Candle: ID:55585, Time: 16:45, Close: 7.74
2021-06-24 22:51:28 28      NOK: SPYKE!. Candle: ID:55602, Time: 16:45, Close: 8
2021-06-24 22:51:28 28      NOK: SPYKE!. Candle: ID:55613, Time: 16:45, Close: 8
2021-06-24 22:51:28 28      NOK: SPYKE!. Candle: ID:55632, Time: 16:45, Close: 7.74
2021-06-24 22:51:28 28      NOK: SPYKE!. Candle: ID:55645, Time: 16:45, Close: 8
2021-06-24 22:51:28 28      NOK: SPYKE!. Candle: ID:55648, Time: 16:45, Close: 7.74
2021-06-24 22:51:28 28      NOK: SPYKE!. Candle: ID:55695, Time: 16:45, Close: 7.7
2021-06-24 22:51:28 28      NOK: SPYKE!. Candle: ID:55720, Time: 16:45, Close: 8
2021-06-24 22:51:28 28      NOK: SPYKE!. Candle: ID:55742, Time: 16:45, Close: 7.52
2021-06-24 22:51:28 28      NOK: SPYKE!. Candle: ID:55745, Time: 16:45, Close: 7.31
2021-06-24 22:51:28 28      NOK: SPYKE!. Candle: ID:55786, Time: 16:45, Close: 7.23
2021-06-24 22:51:28 28      NOK: SPYKE!. Candle: ID:55789, Time: 16:45, Close: 7.5
2021-06-24 22:51:28 28      NOK: SPYKE!. Candle: ID:57102, Time: 16:50, Close: 6.82
2021-06-24 22:51:28 28      NOK: SPYKE!. Candle: ID:57104, Time: 16:50, Close: 7.29
2021-06-24 22:51:28 28      NOK: SPYKE!. Candle: ID:57111, Time: 16:50, Close: 7.38
2021-06-24 22:51:28 28      NOK: SPYKE!. Candle: ID:57112, Time: 16:50, Close: 7.41
2021-06-24 22:51:28 28      NOK: SPYKE!. Candle: ID:57196, Time: 16:50, Close: 7.35
2021-06-24 22:51:28 28      NOK: SPYKE!. Candle: ID:57554, Time: 16:50, Close: 7.45
2021-06-24 22:51:28 28      NOK: SPYKE!. Candle: ID:57559, Time: 16:50, Close: 7.45
2021-06-24 22:51:28 28      NOK: SPYKE!. Candle: ID:57571, Time: 16:50, Close: 7.12
2021-06-24 22:51:28 28      NOK: SPYKE!. Candle: ID:57574, Time: 16:50, Close: 7.39
2021-06-24 22:51:28 28      NOK: SPYKE!. Candle: ID:57575, Time: 16:50, Close: 7.46
2021-06-24 22:51:28 28      NOK: SPYKE!. Candle: ID:57578, Time: 16:50, Close: 7.12
2021-06-24 22:51:28 28      NOK: SPYKE!. Candle: ID:57581, Time: 16:50, Close: 7.43
2021-06-24 22:51:28 29      NOK: SPYKE!. Candle: ID:67301, Time: 17:00, Close: 6.65
2021-06-24 22:51:28 29      NOK: SPYKE!. Candle: ID:68192, Time: 17:05, Close: 6.02
2021-06-24 22:51:28 29      NOK: SPYKE!. Candle: ID:68193, Time: 17:05, Close: 6
2021-06-24 22:51:28 29      NOK: SPYKE!. Candle: ID:68197, Time: 17:05, Close: 6.17
2021-06-24 22:51:28 29      NOK: SPYKE!. Candle: ID:68199, Time: 17:05, Close: 5.85
2021-06-24 22:51:28 29      NOK: SPYKE!. Candle: ID:68200, Time: 17:05, Close: 6.36
2021-06-24 22:51:28 29      NOK: SPYKE!. Candle: ID:68201, Time: 17:05, Close: 6.51
2021-06-24 22:51:28 29      NOK: SPYKE!. Candle: ID:68202, Time: 17:05, Close: 6.49
2021-06-24 22:51:28 31      NOK: SPYKE!. Candle: ID:74503, Time: 17:15, Close: 6.89
2021-06-24 22:51:28 31      NOK: SPYKE!. Candle: ID:74509, Time: 17:15, Close: 6.89
2021-06-24 22:51:28 31      NOK: SPYKE!. Candle: ID:74524, Time: 17:15, Close: 6.52
2021-06-24 22:51:28 31      NOK: SPYKE!. Candle: ID:74526, Time: 17:15, Close: 6.89
2021-06-24 22:51:28 31      NOK: SPYKE!. Candle: ID:74533, Time: 17:15, Close: 6.89
2021-06-24 22:51:28 31      NOK: SPYKE!. Candle: ID:74535, Time: 17:15, Close: 6.89
2021-06-24 22:51:28 31      NOK: SPYKE!. Candle: ID:74557, Time: 17:15, Close: 6.89
2021-06-24 22:51:28 31      NOK: SPYKE!. Candle: ID:74589, Time: 17:15, Close: 6.89
2021-06-24 22:51:28 31      NOK: SPYKE!. Candle: ID:74590, Time: 17:15, Close: 6.89
2021-06-24 22:51:28 31      NOK: SPYKE!. Candle: ID:74593, Time: 17:15, Close: 6.54
2021-06-24 22:51:28 31      NOK: SPYKE!. Candle: ID:74594, Time: 17:15, Close: 6.52
2021-06-24 22:51:28 31      NOK: SPYKE!. Candle: ID:74597, Time: 17:15, Close: 6.89
2021-06-24 22:51:28 31      NOK: SPYKE!. Candle: ID:74599, Time: 17:15, Close: 6.88
2021-06-24 22:51:28 31      NOK: SPYKE!. Candle: ID:74603, Time: 17:15, Close: 6.88
2021-06-24 22:51:28 31      NOK: SPYKE!. Candle: ID:74606, Time: 17:15, Close: 6.88
2021-06-24 22:51:28 31      NOK: SPYKE!. Candle: ID:74607, Time: 17:15, Close: 6.88
2021-06-24 22:51:28 31      NOK: SPYKE!. Candle: ID:74608, Time: 17:15, Close: 6.54
2021-06-24 22:51:28 31      NOK: SPYKE!. Candle: ID:74609, Time: 17:15, Close: 6.53
2021-06-24 22:51:28 31      NOK: SPYKE!. Candle: ID:74613, Time: 17:15, Close: 6.88
2021-06-24 22:51:28 31      NOK: SPYKE!. Candle: ID:74618, Time: 17:15, Close: 6.52
2021-06-24 22:51:28 31      NOK: SPYKE!. Candle: ID:74619, Time: 17:15, Close: 6.52
2021-06-24 22:51:28 31      NOK: SPYKE!. Candle: ID:74627, Time: 17:15, Close: 6.88
2021-06-24 22:51:28 31      NOK: SPYKE!. Candle: ID:74628, Time: 17:15, Close: 6.88
2021-06-24 22:51:28 31      NOK: SPYKE!. Candle: ID:74629, Time: 17:15, Close: 6.54
2021-06-24 22:51:28 31      NOK: SPYKE!. Candle: ID:74631, Time: 17:15, Close: 6.54
2021-06-24 22:51:28 31      NOK: SPYKE!. Candle: ID:74643, Time: 17:15, Close: 6.58
2021-06-24 22:51:28 31      NOK: SPYKE!. Candle: ID:74649, Time: 17:15, Close: 6.86
2021-06-24 22:51:28 34      NOK: SPYKE!. Candle: ID:101828, Time: 18:30, Close: 6.72
2021-06-24 22:51:28 34      NOK: SPYKE!. Candle: ID:101854, Time: 18:30, Close: 6.74
2021-06-24 22:51:28 46      NOK: SPYKE!. Candle: ID:194225, Time: 21:00, Close: 6.55
2021-06-24 22:51:28 48      NOV_BBG000BJX8C8_2021-01-27
2021-06-24 22:51:28 51      NRG_BBG000D8RG11_2021-01-27
2021-06-24 22:51:28 52      NTAP_BBG000FP1N32_2021-01-27
2021-06-24 22:51:28 58      NTES_BBG000BX72V8_2021-01-27
2021-06-24 22:51:28 61      NTLA_BBG007KC7PB0_2021-01-27
2021-06-24 22:51:28 62      NTLA: BuyPending. Strategy: MorningOpenStrategy. Price: 64.4. Lots: 3. ChangeOpenToCurrent: -3.01. ChangePrevCloseToCurrent: 0.0. Candle: ID:10, Time: 7:00, Close: 64.4.
2021-06-24 22:51:28 62      NTLA: OrderID: 07646ac9. PlacedOrder. Status: New. RejectReason: 
2021-06-24 22:51:28 62      NTLA: OrderID: 07646ac9 fully executed
2021-06-24 22:51:28 62      NTLA: Morning closing. Close price: 66.3. Lots: 3. CandleChange: -0.09%. ChangeFromCandleHigh: -0.09%. Profit: 1.90(2.95%). Candle: ID:23, Time: 7:05, Close: 66.3
2021-06-24 22:51:28 62      NTLA: OrderID: 9046c603. PlacedOrder. Status: New. RejectReason: 
2021-06-24 22:51:28 62      NTLA: OrderID: 9046c603 fully executed
2021-06-24 22:51:28 64      NTNX_BBG001NDW1Z7_2021-01-27
2021-06-24 22:51:28 67      NTRS_BBG000BQ74K1_2021-01-27
2021-06-24 22:51:28 69      NVDA_BBG000BBJQV0_2021-01-27
2021-06-24 22:51:28 80      NVTA_BBG005DJFD43_2021-01-27
2021-06-24 22:51:28 85      NWL_BBG000BQC9V2_2021-01-27
2021-06-24 22:51:28 88      NWSA_BBG0035LY913_2021-01-27
2021-06-24 22:51:28 91      NXPI_BBG000BND699_2021-01-27
2021-06-24 22:51:28 94      O_BBG000DHPN63_2021-01-27
2021-06-24 22:51:28 97      OIS_BBG000BDDN94_2021-01-27
2021-06-24 22:51:28 98      OKE_BBG000BQHGR6_2021-01-27
2021-06-24 22:51:29 01      OKTA_BBG001YV1SM4_2021-01-27
2021-06-24 22:51:29 03      OLLI_BBG0098VVDT9_2021-01-27
2021-06-24 22:51:29 05      OMC_BBG000BS9489_2021-01-27
2021-06-24 22:51:29 08      ON_BBG000DV7MX4_2021-01-27
2021-06-24 22:51:29 13      ORCL_BBG000BQLTW7_2021-01-27
2021-06-24 22:51:29 18      OSUR_BBG000J3D1Y8_2021-01-27
2021-06-24 22:51:29 20      OTIS_BBG00RP60KV0_2021-01-27
2021-06-24 22:51:29 22      OVV_BBG00R2NHQ65_2021-01-27
2021-06-24 22:51:29 24      OXY_BBG000BQQ2S6_2021-01-27
2021-06-24 22:51:29 31      PAGS_BBG00JM7QBR6_2021-01-27
2021-06-24 22:51:29 33      PBCT_BBG000BQT4L6_2021-01-27
2021-06-24 22:51:29 36      PBF_BBG002832GV8_2021-01-27
2021-06-24 22:51:29 43      PBF: SPYKE!. Candle: ID:19909, Time: 21:05, Close: 11.67
2021-06-24 22:51:29 43      PBF: SPYKE!. Candle: ID:19912, Time: 21:05, Close: 10.82
2021-06-24 22:51:29 43      PBI_BBG000BQTMJ9_2021-01-27
2021-06-24 22:51:29 59      PBI: SPYKE!. Candle: ID:9605, Time: 10:10, Close: 16.5
2021-06-24 22:51:29 59      PBI: SPYKE!. Candle: ID:9608, Time: 10:10, Close: 17.22
2021-06-24 22:51:29 59      PBI: SPYKE!. Candle: ID:9647, Time: 10:10, Close: 17.39
2021-06-24 22:51:29 59      PBI: SPYKE!. Candle: ID:9676, Time: 10:10, Close: 17.39
2021-06-24 22:51:29 59      PBI: SPYKE!. Candle: ID:9682, Time: 10:10, Close: 18.6
2021-06-24 22:51:29 59      PBI: SPYKE!. Candle: ID:9699, Time: 10:10, Close: 18.5
2021-06-24 22:51:29 59      PBI: SPYKE!. Candle: ID:9702, Time: 10:10, Close: 18.69
2021-06-24 22:51:29 59      PBI: SPYKE!. Candle: ID:9722, Time: 10:10, Close: 18.5
2021-06-24 22:51:29 59      PBI: SPYKE!. Candle: ID:9767, Time: 10:10, Close: 18.5
2021-06-24 22:51:29 59      PBI: SPYKE!. Candle: ID:9774, Time: 10:10, Close: 18.5
2021-06-24 22:51:29 59      PBI: SPYKE!. Candle: ID:9784, Time: 10:10, Close: 18.5
2021-06-24 22:51:29 59      PBI: SPYKE!. Candle: ID:14388, Time: 10:55, Close: 19.47
2021-06-24 22:51:29 59      PBI: SPYKE!. Candle: ID:14442, Time: 10:55, Close: 19.48
2021-06-24 22:51:29 59      PBI: SPYKE!. Candle: ID:14538, Time: 10:55, Close: 17.51
2021-06-24 22:51:29 59      PBI: SPYKE!. Candle: ID:14548, Time: 10:55, Close: 17.75
2021-06-24 22:51:29 59      PBI: SPYKE!. Candle: ID:14734, Time: 10:55, Close: 18
2021-06-24 22:51:29 59      PBI: SPYKE!. Candle: ID:14735, Time: 10:55, Close: 18.1
2021-06-24 22:51:29 60      PBI: SPYKE!. Candle: ID:16624, Time: 11:05, Close: 17.9
2021-06-24 22:51:29 60      PBI: SPYKE!. Candle: ID:20318, Time: 11:30, Close: 15
2021-06-24 22:51:29 60      PBI: SPYKE!. Candle: ID:20326, Time: 11:30, Close: 14
2021-06-24 22:51:29 60      PBI: SPYKE!. Candle: ID:20329, Time: 11:30, Close: 14.93
2021-06-24 22:51:29 60      PBI: SPYKE!. Candle: ID:20334, Time: 11:30, Close: 14.93
2021-06-24 22:51:29 60      PBI: SPYKE!. Candle: ID:20345, Time: 11:30, Close: 14.25
2021-06-24 22:51:29 60      PBI: SPYKE!. Candle: ID:20346, Time: 11:30, Close: 14.01
2021-06-24 22:51:29 60      PBI: SPYKE!. Candle: ID:20355, Time: 11:30, Close: 14.95
2021-06-24 22:51:29 60      PBI: SPYKE!. Candle: ID:20356, Time: 11:30, Close: 14.95
2021-06-24 22:51:29 60      PBI: SPYKE!. Candle: ID:20371, Time: 11:30, Close: 14.1
2021-06-24 22:51:29 60      PBI: SPYKE!. Candle: ID:20375, Time: 11:30, Close: 14.11
2021-06-24 22:51:29 60      PBI: SPYKE!. Candle: ID:20376, Time: 11:30, Close: 14.15
2021-06-24 22:51:29 60      PBI: SPYKE!. Candle: ID:20378, Time: 11:30, Close: 14.93
2021-06-24 22:51:29 60      PBI: SPYKE!. Candle: ID:20379, Time: 11:30, Close: 15
2021-06-24 22:51:29 60      PBI: SPYKE!. Candle: ID:20382, Time: 11:30, Close: 14.11
2021-06-24 22:51:29 60      PBI: SPYKE!. Candle: ID:20383, Time: 11:30, Close: 14.2
2021-06-24 22:51:29 60      PBI: SPYKE!. Candle: ID:20384, Time: 11:30, Close: 14.93
2021-06-24 22:51:29 60      PBI: SPYKE!. Candle: ID:20385, Time: 11:30, Close: 14.93
2021-06-24 22:51:29 60      PBI: SPYKE!. Candle: ID:20389, Time: 11:30, Close: 14.2
2021-06-24 22:51:29 60      PBI: SPYKE!. Candle: ID:20392, Time: 11:30, Close: 14.2
2021-06-24 22:51:29 60      PBI: SPYKE!. Candle: ID:20396, Time: 11:30, Close: 14.2
2021-06-24 22:51:29 60      PBI: SPYKE!. Candle: ID:20400, Time: 11:30, Close: 14.21
2021-06-24 22:51:29 60      PBI: SPYKE!. Candle: ID:20422, Time: 11:30, Close: 14.41
2021-06-24 22:51:29 60      PBI: SPYKE!. Candle: ID:20643, Time: 11:30, Close: 15
2021-06-24 22:51:29 60      PBI: SPYKE!. Candle: ID:20659, Time: 11:30, Close: 15.1
2021-06-24 22:51:29 60      PBI: SPYKE!. Candle: ID:20665, Time: 11:30, Close: 15.85
2021-06-24 22:51:29 60      PBI: SPYKE!. Candle: ID:20669, Time: 11:30, Close: 15.85
2021-06-24 22:51:29 60      PBI: SPYKE!. Candle: ID:20670, Time: 11:30, Close: 15.02
2021-06-24 22:51:29 60      PBI: SPYKE!. Candle: ID:20677, Time: 11:35, Close: 15.78
2021-06-24 22:51:29 60      PBI: SPYKE!. Candle: ID:20682, Time: 11:35, Close: 15
2021-06-24 22:51:29 62      PBI: SPYKE!. Candle: ID:33448, Time: 14:30, Close: 14.98
2021-06-24 22:51:29 62      PBI: SPYKE!. Candle: ID:33532, Time: 14:30, Close: 13.89
2021-06-24 22:51:29 62      PBI: SPYKE!. Candle: ID:33604, Time: 14:30, Close: 13.78
2021-06-24 22:51:29 62      PBI: SPYKE!. Candle: ID:33628, Time: 14:30, Close: 13.78
2021-06-24 22:51:29 62      PBI: SPYKE!. Candle: ID:33685, Time: 14:30, Close: 13.79
2021-06-24 22:51:29 62      PBI: SPYKE!. Candle: ID:33686, Time: 14:30, Close: 13.77
2021-06-24 22:51:29 62      PBI: SPYKE!. Candle: ID:33784, Time: 14:30, Close: 13.74
2021-06-24 22:51:29 62      PBI: SPYKE!. Candle: ID:33790, Time: 14:30, Close: 13.72
2021-06-24 22:51:29 62      PBI: SPYKE!. Candle: ID:33831, Time: 14:30, Close: 13.71
2021-06-24 22:51:29 62      PBI: SPYKE!. Candle: ID:34082, Time: 14:30, Close: 13.57
2021-06-24 22:51:29 62      PBI: SPYKE!. Candle: ID:34207, Time: 14:30, Close: 13.47
2021-06-24 22:51:29 62      PBI: SPYKE!. Candle: ID:34211, Time: 14:30, Close: 13.5
2021-06-24 22:51:29 62      PBI: SPYKE!. Candle: ID:34241, Time: 14:30, Close: 13.43
2021-06-24 22:51:29 62      PBI: SPYKE!. Candle: ID:34249, Time: 14:30, Close: 13.81
2021-06-24 22:51:29 62      PBI: SPYKE!. Candle: ID:34264, Time: 14:30, Close: 14
2021-06-24 22:51:29 62      PBI: SPYKE!. Candle: ID:34290, Time: 14:30, Close: 13.32
2021-06-24 22:51:29 62      PBI: SPYKE!. Candle: ID:34299, Time: 14:30, Close: 13.82
2021-06-24 22:51:29 62      PBI: SPYKE!. Candle: ID:34357, Time: 14:30, Close: 13.46
2021-06-24 22:51:29 62      PBI: SPYKE!. Candle: ID:34370, Time: 14:30, Close: 13.36
2021-06-24 22:51:29 62      PBI: SPYKE!. Candle: ID:34651, Time: 14:30, Close: 12.99
2021-06-24 22:51:29 62      PBI: SPYKE!. Candle: ID:34676, Time: 14:30, Close: 12.84
2021-06-24 22:51:29 62      PBI: SPYKE!. Candle: ID:34695, Time: 14:30, Close: 12.78
2021-06-24 22:51:29 62      PBI: SPYKE!. Candle: ID:34741, Time: 14:30, Close: 13.25
2021-06-24 22:51:29 62      PBI: SPYKE!. Candle: ID:34746, Time: 14:30, Close: 12.67
2021-06-24 22:51:29 62      PBI: SPYKE!. Candle: ID:34754, Time: 14:30, Close: 12.65
2021-06-24 22:51:29 62      PBI: SPYKE!. Candle: ID:34813, Time: 14:30, Close: 12.59
2021-06-24 22:51:29 69      PCAR_BBG000BQVTF5_2021-01-27
2021-06-24 22:51:29 71      PCG_BBG000BQWPC5_2021-01-27
2021-06-24 22:51:29 74      PDCO_BBG000BQY289_2021-01-27
2021-06-24 22:51:29 78      PEAK_BBG000BKYDP9_2021-01-27
2021-06-24 22:51:29 80      PEG_BBG000BQZMH4_2021-01-27
2021-06-24 22:51:29 83      PEP_BBG000DH7JK6_2021-01-27
2021-06-24 22:51:29 90      PFE_BBG000BR2B91_2021-01-27
2021-06-24 22:51:30 02      PFG_BBG000NSCNT7_2021-01-27
2021-06-24 22:51:30 05      PG_BBG000BR2TH3_2021-01-27
2021-06-24 22:51:30 13      PGR_BBG000BR37X2_2021-01-27
2021-06-24 22:51:30 16      PHM_BBG000BR54L0_2021-01-27
2021-06-24 22:51:30 19      PINS_BBG002583CV8_2021-01-27
2021-06-24 22:51:30 24      PINS: BuyPending. Strategy: MorningOpenStrategy. Price: 67.84. Lots: 3. ChangeOpenToCurrent: -4.87. ChangePrevCloseToCurrent: -2.60. Candle: ID:9, Time: 7:00, Close: 67.84.
2021-06-24 22:51:30 24      PINS: OrderID: fc1d9587. PlacedOrder. Status: New. RejectReason: 
2021-06-24 22:51:30 24      PINS: OrderID: fc1d9587 fully executed
2021-06-24 22:51:30 24      PINS: Morning closing. Close price: 70. Lots: 3. CandleChange: -0.43%. ChangeFromCandleHigh: -0.48%. Profit: 2.16(3.18%). Candle: ID:82, Time: 7:05, Close: 70
2021-06-24 22:51:30 24      PINS: OrderID: 7d8cf470. PlacedOrder. Status: New. RejectReason: 
2021-06-24 22:51:30 24      PINS: OrderID: 7d8cf470 fully executed
2021-06-24 22:51:30 29      PLAN_BBG002DZS299_2021-01-27
2021-06-24 22:51:30 31      PLAY_BBG001WWJTK5_2021-01-27
2021-06-24 22:51:30 35      PLCE_BBG000JK9DK4_2021-01-27
2021-06-24 22:51:30 37      PLD_BBG000B9Z0J8_2021-01-27
2021-06-24 22:51:30 39      PLNT_BBG009H04M17_2021-01-27
2021-06-24 22:51:30 41      PM_BBG000J2XL74_2021-01-27
2021-06-24 22:51:30 44      PNC_BBG000BRD0D8_2021-01-27
2021-06-24 22:51:30 47      PPC_BBG000BFLXV3_2021-01-27
2021-06-24 22:51:30 48      PPL_BBG000BRJL00_2021-01-27
2021-06-24 22:51:30 50      PRU_BBG000HCJMF9_2021-01-27
2021-06-24 22:51:30 53      PSTG_BBG00212PVZ5_2021-01-27
2021-06-24 22:51:30 56      PSX_BBG00286S4N9_2021-01-27
2021-06-24 22:51:30 58      PTON_BBG00JG0FFZ2_2021-01-27
2021-06-24 22:51:30 64      PXD_BBG000BXRPH1_2021-01-27
2021-06-24 22:51:30 67      PYPL_BBG0077VNXV6_2021-01-27
2021-06-24 22:51:30 81      QCOM_BBG000CGC1X8_2021-01-27
2021-06-24 22:51:30 88      QDEL_BBG000C6GN04_2021-01-27
2021-06-24 22:51:30 91      QRTEA_BBG000PCQQL6_2021-01-27
2021-06-24 22:51:30 94      QRVO_BBG007TJF1N7_2021-01-27
2021-06-24 22:51:30 97      RCL_BBG000BB5792_2021-01-27
2021-06-24 22:51:31 00      RDFN_BBG001Q7HP63_2021-01-27
2021-06-24 22:51:31 01      RDS.A_BBG000QXSSS6_2021-01-27
2021-06-24 22:51:31 04      REG_BBG000BL46Q4_2021-01-27
2021-06-24 22:51:31 06      REGN_BBG000C734W3_2021-01-27
2021-06-24 22:51:31 10      RF_BBG000Q3JN03_2021-01-27
2021-06-24 22:51:31 12      ROKU_BBG001ZZPQJ6_2021-01-27
2021-06-24 22:51:31 20      ROST_BBG000BSBZH7_2021-01-27
2021-06-24 22:51:31 23      RRC_BBG000FVXD63_2021-01-27
2021-06-24 22:51:31 25      RRC: SPYKE!. Candle: ID:108, Time: 10:20, Close: 9.2
2021-06-24 22:51:31 25      RRC: SPYKE!. Candle: ID:109, Time: 10:20, Close: 9.45
2021-06-24 22:51:31 25      RRC: SPYKE!. Candle: ID:112, Time: 10:20, Close: 8.98
2021-06-24 22:51:31 26      RRGB_BBG000MXH9C1_2021-01-27
2021-06-24 22:51:31 27      RTX_BBG000BW8S60_2021-01-27
2021-06-24 22:51:31 33      SAVE_BBG000BF6RQ9_2021-01-27
2021-06-24 22:51:31 36      SBGI_BBG000F2XXP2_2021-01-27
2021-06-24 22:51:31 39      SBRA_BBG000MTDW24_2021-01-27
2021-06-24 22:51:31 40      SBUX_BBG000CTQBF3_2021-01-27
2021-06-24 22:51:31 51      SCHW_BBG000BSLZY7_2021-01-27
2021-06-24 22:51:31 57      SDGR_BBG000T88BN2_2021-01-27
2021-06-24 22:51:31 59      SEDG_BBG0084BBZY6_2021-01-27
2021-06-24 22:51:31 63      SFIX_BBG0046L1KL9_2021-01-27
2021-06-24 22:51:31 67      SFM_BBG001KFKQM7_2021-01-27
2021-06-24 22:51:31 70      SGEN_BBG000BH0FR6_2021-01-27
2021-06-24 22:51:31 72      SIG_BBG000C4ZZ10_2021-01-27
2021-06-24 22:51:31 73      SIG: BuyPending. Strategy: MorningOpenStrategy. Price: 39.1. Lots: 6. ChangeOpenToCurrent: -3.22. ChangePrevCloseToCurrent: -1.76. Candle: ID:4, Time: 7:00, Close: 39.1.
2021-06-24 22:51:31 73      SIG: OrderID: a9058d9c. PlacedOrder. Status: New. RejectReason: 
2021-06-24 22:51:31 73      SIG: Cancel order. Did not bought at market open. Candle: ID:14, Time: 7:05, Close: 39.55
2021-06-24 22:51:31 73      OrderID: a9058d9c successfully canceled
2021-06-24 22:51:31 74      SIG: SPYKE!. Candle: ID:4677, Time: 22:35, Close: 40.65
2021-06-24 22:51:31 75      SLB_BBG000BT41Q8_2021-01-27
2021-06-24 22:51:31 79      SLG_BBG000BVP5P2_2021-01-27
2021-06-24 22:51:31 79      SLG: BuyPending. Strategy: MorningOpenStrategy2. Price: 62.5. Lots: 4. ChangeOpenToCurrent: -4.41. ChangePrevCloseToCurrent: -4.41. Candle: ID:8, Time: 7:05, Close: 62.5.
2021-06-24 22:51:31 79      SLG: OrderID: 3be47ae5. PlacedOrder. Status: New. RejectReason: 
2021-06-24 22:51:31 79      SLG: OrderID: 3be47ae5 fully executed
2021-06-24 22:51:31 79      SLG: Morning closing. Close price: 63.5. Lots: 4. CandleChange: 1.55%. ChangeFromCandleHigh: -1.55%. Profit: 1.00(1.60%). Candle: ID:52, Time: 7:10, Close: 63.5
2021-06-24 22:51:31 79      SLG: OrderID: 0a5e1da3. PlacedOrder. Status: New. RejectReason: 
2021-06-24 22:51:31 79      SLG: OrderID: 0a5e1da3 partially executed. Executed lots: 1. OrderStatus: 1/4 lots
2021-06-24 22:51:31 79      SLG: OrderID: 0a5e1da3 partially executed. Executed lots: 1. OrderStatus: 2/4 lots
2021-06-24 22:51:31 79      SLG: OrderID: 0a5e1da3 fully executed
2021-06-24 22:51:31 80      SMAR_BBG00GQK3WB5_2021-01-27
2021-06-24 22:51:31 81      SNAP_BBG00441QMJ7_2021-01-27
2021-06-24 22:51:31 88      SNPS_BBG000BSFRF3_2021-01-27
2021-06-24 22:51:31 91      SNY_BBG000BBD5N1_2021-01-27
2021-06-24 22:51:31 94      SO_BBG000BT9DW0_2021-01-27
2021-06-24 22:51:31 97      SONO_BBG001JZPSQ2_2021-01-27
2021-06-24 22:51:31 99      SPCE_BBG00HTN2CQ3_2021-01-27
2021-06-24 22:51:32 61      SPG_BBG000BJ2D31_2021-01-27
2021-06-24 22:51:32 64      SPLK_BBG001C7TST4_2021-01-27
2021-06-24 22:51:32 68      SPR_BBG000PRJ2Z9_2021-01-27
2021-06-24 22:51:32 70      SPR: BuyPending. Strategy: MorningOpenStrategy. Price: 37.1. Lots: 6. ChangeOpenToCurrent: -2.16. ChangePrevCloseToCurrent: -0.51. Candle: ID:13, Time: 7:00, Close: 37.1.
2021-06-24 22:51:32 70      SPR: OrderID: 3ec93ee7. PlacedOrder. Status: New. RejectReason: 
2021-06-24 22:51:32 70      SPR: OrderID: 3ec93ee7 fully executed
2021-06-24 22:51:32 70      SPR: Morning closing by timeout. Close price: 37.46. Lots: 6. Profit: 0.36(0.97%). Candle: ID:74, Time: 7:30, Close: 37.46
2021-06-24 22:51:32 70      SPR: OrderID: 92616450. PlacedOrder. Status: New. RejectReason: 
2021-06-24 22:51:32 70      SPR: OrderID: 92616450 fully executed
2021-06-24 22:51:32 71      SQ_BBG0018SLC07_2021-01-27
2021-06-24 22:51:32 79      SSNC_BBG000RJ2J04_2021-01-27
2021-06-24 22:51:32 82      STLD_BBG000HGYNZ9_2021-01-27
2021-06-24 22:51:32 84      STT_BBG000BKFBD7_2021-01-27
2021-06-24 22:51:32 85      STX_BBG000F0KF42_2021-01-27
2021-06-24 22:51:32 85      Warning: figi `BBG000F0KF42` for history data does not match actual figi `BBG0113JGQF0`. Ticker: STX. Will be used actual!
2021-06-24 22:51:32 92      SWBI_BBG000BM0QL7_2021-01-27
2021-06-24 22:51:32 94      SWKS_BBG000KLB4Q1_2021-01-27
2021-06-24 22:51:32 97      SWN_BBG000BTR593_2021-01-27
2021-06-24 22:51:32 99      SWN: BuyPending. Strategy: MorningOpenStrategy. Price: 3.3. Lots: 75. ChangeOpenToCurrent: -2.08. ChangePrevCloseToCurrent: -0.60. Candle: ID:9, Time: 7:00, Close: 3.3.
2021-06-24 22:51:32 99      SWN: OrderID: bf0cab59. PlacedOrder. Status: New. RejectReason: 
2021-06-24 22:51:32 99      SWN: Cancel order. Did not bought at market open. Candle: ID:61, Time: 7:05, Close: 3.34
2021-06-24 22:51:32 99      OrderID: bf0cab59 successfully canceled
2021-06-24 22:51:33 01      SYF_BBG00658F3P3_2021-01-27
2021-06-24 22:51:33 05      SYY_BBG000BTVJ25_2021-01-27
2021-06-24 22:51:33 07      T_BBG000BSJK37_2021-01-27
2021-06-24 22:51:33 16      TAL_BBG0016XJ8S0_2021-01-27
2021-06-24 22:51:33 19      TAP_BBG000BS7KS3_2021-01-27
2021-06-24 22:51:33 35      TDOC_BBG0019T5SG0_2021-01-27
2021-06-24 22:51:33 38      TENB_BBG00LBLCD02_2021-01-27
2021-06-24 22:51:33 40      TER_BBG000BV4DR6_2021-01-27
2021-06-24 22:51:33 43      TFC_BBG000BYYLS8_2021-01-27
2021-06-24 22:51:33 45      TGT_BBG000H8TVT2_2021-01-27
2021-06-24 22:51:33 49      TJX_BBG000BV8DN6_2021-01-27
2021-06-24 22:51:33 54      TMUS_BBG000NDV1D4_2021-01-27
2021-06-24 22:51:33 57      TOL_BBG000BVHBM1_2021-01-27
2021-06-24 22:51:33 59      TOT_BBG000CHZ857_2021-01-27
2021-06-24 22:51:33 59      Warning: figi `BBG000CHZ857` for history data does not match actual figi `IZHBULDINKDK`. Ticker: TOT. Will be used actual!
2021-06-24 22:51:33 61      TPR_BBG000BY29C7_2021-01-27
2021-06-24 22:51:33 63      TRIP_BBG001M8HHB7_2021-01-27
2021-06-24 22:51:33 66      TRMB_BBG000BNPS52_2021-01-27
2021-06-24 22:51:33 68      TROW_BBG000BVMPN3_2021-01-27
2021-06-24 22:51:33 70      TSCO_BBG000BLXZN1_2021-01-27
2021-06-24 22:51:33 72      TSLA_BBG000N9MNX3_2021-01-27
2021-06-24 22:51:34 14      TSM_BBG000BD8ZK0_2021-01-27
2021-06-24 22:51:34 27      TSN_BBG000DKCC19_2021-01-27
2021-06-24 22:51:34 30      TTD_BBG00629NGT2_2021-01-27
2021-06-24 22:51:34 32      TTM_BBG000PVGDH9_2021-01-27
2021-06-24 22:51:34 34      TTMI_BBG000BYQ0B1_2021-01-27
2021-06-24 22:51:34 35      TTWO_BBG000BS1YV5_2021-01-27
2021-06-24 22:51:34 38      TWLO_BBG0029ZX840_2021-01-27
2021-06-24 22:51:34 40      TWNK_BBG00B6KGNN1_2021-01-27
2021-06-24 22:51:34 41      TWOU_BBG001KS9450_2021-01-27
2021-06-24 22:51:34 43      TWTR_BBG000H6HNW3_2021-01-27
2021-06-24 22:51:34 49      TXN_BBG000BVV7G1_2021-01-27
2021-06-24 22:51:34 57      TXRH_BBG000PSJMV7_2021-01-27
2021-06-24 22:51:34 58      UA_BBG009DTD8H2_2021-01-27
2021-06-24 22:51:34 60      UAA_BBG000BXM6V2_2021-01-27
2021-06-24 22:51:34 64      UAL_BBG000M65M61_2021-01-27
2021-06-24 22:51:34 70      UBER_BBG002B04MT8_2021-01-27
2021-06-24 22:51:34 79      UDR_BBG000C41023_2021-01-27
2021-06-24 22:51:34 81      ULTA_BBG00FWQ4VD6_2021-01-27
2021-06-24 22:51:34 83      UNH_BBG000CH5208_2021-01-27
2021-06-24 22:51:34 86      UNM_BBG000BW2QX0_2021-01-27
2021-06-24 22:51:34 89      UNP_BBG000BW3299_2021-01-27
2021-06-24 22:51:34 92      UNVR_BBG000BDHD29_2021-01-27
2021-06-24 22:51:34 93      UPS_BBG000L9CV04_2021-01-27
2021-06-24 22:51:34 95      UPWK_BBG00FBJ6390_2021-01-27
2021-06-24 22:51:34 96      UPWK: SPYKE!. Candle: ID:5336, Time: 21:35, Close: 42.02
2021-06-24 22:51:34 97      URBN_BBG000BL79J3_2021-01-27
2021-06-24 22:51:34 98      USB_BBG000FFDM15_2021-01-27
2021-06-24 22:51:35 03      USFD_BBG00C6H6D40_2021-01-27
2021-06-24 22:51:35 05      V_BBG000PSKYX7_2021-01-27
2021-06-24 22:51:35 13      VALE_BBG000BN5LG7_2021-01-27
2021-06-24 22:51:35 18      VFC_BBG000BWCKB6_2021-01-27
2021-06-24 22:51:35 20      VG_BBG000BRB5D9_2021-01-27
2021-06-24 22:51:35 22      VG: SPYKE!. Candle: ID:3857, Time: 22:40, Close: 13.95
2021-06-24 22:51:35 23      VIAC_BBG000C496P7_2021-01-27
2021-06-24 22:51:35 30      VIAC: SPYKE!. Candle: ID:2415, Time: 14:45, Close: 56
2021-06-24 22:51:35 30      VIAC: SPYKE!. Candle: ID:2421, Time: 14:45, Close: 57.75
2021-06-24 22:51:35 30      VIAC: SPYKE!. Candle: ID:2422, Time: 14:45, Close: 57.75
2021-06-24 22:51:35 30      VIAC: SPYKE!. Candle: ID:2622, Time: 14:50, Close: 56.37
2021-06-24 22:51:35 30      VIAC: SPYKE!. Candle: ID:2623, Time: 14:50, Close: 55
2021-06-24 22:51:35 30      VIAC: SPYKE!. Candle: ID:2624, Time: 14:50, Close: 55
2021-06-24 22:51:35 30      VIAC: SPYKE!. Candle: ID:2689, Time: 14:55, Close: 53.26
2021-06-24 22:51:35 34      VIPS_BBG002NLDLV8_2021-01-27
2021-06-24 22:51:35 36      VLO_BBG000BBGGQ1_2021-01-27
2021-06-24 22:51:35 40      VNO_BBG000BWHD54_2021-01-27
2021-06-24 22:51:35 41      VRSK_BBG000BCZL41_2021-01-27
2021-06-24 22:51:35 44      VRTX_BBG000C1S2X2_2021-01-27
2021-06-24 22:51:35 47      VTR_BBG000FRVHB9_2021-01-27
2021-06-24 22:51:35 49      VZ_BBG000HS77T5_2021-01-27
2021-06-24 22:51:35 56      W_BBG001B17MV2_2021-01-27
2021-06-24 22:51:35 59      WB_BBG0065XPGX9_2021-01-27
2021-06-24 22:51:35 63      WBA_BBG000BWLMJ4_2021-01-27
2021-06-24 22:51:35 73      WDAY_BBG000VC0T95_2021-01-27
2021-06-24 22:51:35 77      WDC_BBG000BWNFZ9_2021-01-27
2021-06-24 22:51:35 82      WELL_BBG000BKY1G5_2021-01-27
2021-06-24 22:51:35 84      WERN_BBG000BWPP85_2021-01-27
2021-06-24 22:51:35 85      WERN: SPYKE!. Candle: ID:1841, Time: 21:05, Close: 43.29
2021-06-24 22:51:35 85      WERN: SPYKE!. Candle: ID:1842, Time: 21:05, Close: 43.57
2021-06-24 22:51:35 85      WFC_BBG000BWQFY7_2021-01-27
2021-06-24 22:51:35 95      WLTW_BBG000DB3KT1_2021-01-27
2021-06-24 22:51:35 97      WMB_BBG000BWVCP8_2021-01-27
2021-06-24 22:51:36 00      WMT_BBG000BWXBC2_2021-01-27
2021-06-24 22:51:36 03      WORK_BBG007G7V505_2021-01-27
2021-06-24 22:51:36 07      WRK_BBG008NXC572_2021-01-27
2021-06-24 22:51:36 09      WSC_BBG00B0FS947_2021-01-27
2021-06-24 22:51:36 11      WU_BBG000BB5373_2021-01-27
2021-06-24 22:51:36 15      WY_BBG000BX3BL3_2021-01-27
2021-06-24 22:51:36 18      WYNN_BBG000LD9JQ8_2021-01-27
2021-06-24 22:51:36 21      XEL_BBG000BCTQ65_2021-01-27
2021-06-24 22:51:36 25      XLNX_BBG000C0F570_2021-01-27
2021-06-24 22:51:36 30      XOM_BBG000GZQ728_2021-01-27
2021-06-24 22:51:36 40      XRAY_BBG000BX57K1_2021-01-27
2021-06-24 22:51:36 42      XRX_BBG00NNG2ZJ8_2021-01-27
2021-06-24 22:51:36 45      YUM_BBG000BH3GZ2_2021-01-27
2021-06-24 22:51:36 46      YUMC_BBG00B8N0HG1_2021-01-27
2021-06-24 22:51:36 48      YY_BBG003H0XV18_2021-01-27
2021-06-24 22:51:36 49      Z_BBG009NRSWJ4_2021-01-27
2021-06-24 22:51:36 53      ZGNX_BBG000VDC3G9_2021-01-27
2021-06-24 22:51:36 55      ZION_BBG000BX9WL1_2021-01-27
2021-06-24 22:51:36 57      ZM_BBG0042V6JM8_2021-01-27
2021-06-24 22:51:36 66      ZS_BBG003338H34_2021-01-27
2021-06-24 22:51:36 69      ZYNE_BBG007BBS8B7_2021-01-27
2021-06-24 22:51:36 76      ZYXI_BBG000BJBXZ2_2021-01-27
2021-06-24 22:51:36 80      ZYXI: SPYKE!. Candle: ID:15914, Time: 21:25, Close: 20.7
2021-06-24 22:51:36 80      Total candles read: 6201265
2021-06-24 22:51:36 81      Start DisposeAsync...
2021-06-24 22:51:36 81      Trade statistic. Total/Pos/Neg/(ratio): 14/12/1/(12); Profit: 59.84/4.27; Volume: 0; MaxVolume: 848.34; Commission: 2.829810;
2021-06-24 22:51:36 81      BaseBot::DisposeAsync...
2021-06-24 22:51:36 81      BaseBot::DisposeAsync done!
2021-06-24 22:51:36 81      End DisposeAsync...
