2021-06-14 14:29:58 35      mode=TestTradeBot;DumpQuotes=false;SubscribeQuotes=false;Strategies=MorningOpenStrategy;Token=token.txt;ConfigPath=usd.json;OutputFolder=.\new\;CandlesPath=C:\tinkoff\TestData\RawQuotes\5m\uncompressed\quotes_2021-03-26;
2021-06-14 14:29:58 36      Trade bot created
2021-06-14 14:29:58 38      Fake connection created
2021-06-14 14:29:58 47      Loaded 141 liquid instruments
2021-06-14 14:29:59 35       Error! Unknown ticker: EV
2021-06-14 14:29:59 35       Error! Unknown ticker: IMMU
2021-06-14 14:29:59 35       Error! Unknown ticker: LM
2021-06-14 14:29:59 35       Error! Unknown ticker: LOGM
2021-06-14 14:29:59 35       Error! Unknown ticker: LVGO
2021-06-14 14:29:59 36       Error! Unknown ticker: MTSC
2021-06-14 14:29:59 36       Error! Unknown ticker: MYL
2021-06-14 14:29:59 36       Error! Unknown ticker: MYOK
2021-06-14 14:29:59 36       Error! Unknown ticker: NBL
2021-06-14 14:29:59 36       Error! Unknown ticker: PRSC
2021-06-14 14:29:59 36       Error! Unknown ticker: PS
2021-06-14 14:29:59 36       Error! Unknown ticker: RP
2021-06-14 14:29:59 36       Error! Unknown ticker: SINA
2021-06-14 14:29:59 36       Error! Unknown ticker: TECD
2021-06-14 14:29:59 36       Error! Unknown ticker: TIF
2021-06-14 14:29:59 36       Error! Unknown ticker: TOT
2021-06-14 14:29:59 36       Error! Unknown ticker: VAR
2021-06-14 14:29:59 36       Error! Unknown ticker: VRTU
2021-06-14 14:29:59 37       Error! Unknown ticker: WYND
2021-06-14 14:29:59 38      List of disabled tickers: 
2021-06-14 14:29:59 39      A_BBG000C2V3D6_2021-03-26
2021-06-14 14:29:59 46      AA_BBG00B3T3HD3_2021-03-26
2021-06-14 14:29:59 53      AAL_BBG005P7Q881_2021-03-26
2021-06-14 14:29:59 64      AAN_BBG00WCNDCZ6_2021-03-26
2021-06-14 14:29:59 64      AAN: SPYKE!. Candle: ID:37, Time: 12:50, Close: 25.9
2021-06-14 14:29:59 65      AAON_BBG000C2LZP3_2021-03-26
2021-06-14 14:29:59 66      AAP_BBG000F7RCJ1_2021-03-26
2021-06-14 14:29:59 68      AAPL_BBG000B9XRY4_2021-03-26
2021-06-14 14:30:00 02      ABBV_BBG0025Y4RY4_2021-03-26
2021-06-14 14:30:00 06      ABC_BBG000MDCQC2_2021-03-26
2021-06-14 14:30:00 08      ABG_BBG000BKDWB5_2021-03-26
2021-06-14 14:30:00 09      ABMD_BBG000C101X4_2021-03-26
2021-06-14 14:30:00 10      ABNB_BBG001Y2XS07_2021-03-26
2021-06-14 14:30:00 12      ABNB: SPYKE!. Candle: ID:130, Time: 11:25, Close: 176.1
2021-06-14 14:30:00 14      ABT_BBG000B9ZXB4_2021-03-26
2021-06-14 14:30:00 20      ACAD_BBG000BHG9K0_2021-03-26
2021-06-14 14:30:00 24      ACH_BBG000CMRVH1_2021-03-26
2021-06-14 14:30:00 25      ACM_BBG000F61RJ8_2021-03-26
2021-06-14 14:30:00 26      ACMR_BBG00HPSG933_2021-03-26
2021-06-14 14:30:00 28      ACN_BBG000D9D830_2021-03-26
2021-06-14 14:30:00 30      ADBE_BBG000BB5006_2021-03-26
2021-06-14 14:30:00 39      ADM_BBG000BB6WG8_2021-03-26
2021-06-14 14:30:00 42      ADP_BBG000JG0547_2021-03-26
2021-06-14 14:30:00 45      ADPT_BBG001J2PFF5_2021-03-26
2021-06-14 14:30:00 46      ADS_BBG000BFNR17_2021-03-26
2021-06-14 14:30:00 48      ADSK_BBG000BM7HL0_2021-03-26
2021-06-14 14:30:00 51      ADUS_BBG000NJGX84_2021-03-26
2021-06-14 14:30:00 52      AEE_BBG000B9X8C0_2021-03-26
2021-06-14 14:30:00 54      AEIS_BBG000FKMP26_2021-03-26
2021-06-14 14:30:00 55      AEO_BBG000BGXZB5_2021-03-26
2021-06-14 14:30:00 58      AERI_BBG001KJ7WJ5_2021-03-26
2021-06-14 14:30:00 59      AES_BBG000C23KJ3_2021-03-26
2021-06-14 14:30:00 61      AFG_BBG000DPKKK0_2021-03-26
2021-06-14 14:30:00 62      AFL_BBG000BBBNC6_2021-03-26
2021-06-14 14:30:00 64      AGCO_BBG000DCCZW2_2021-03-26
2021-06-14 14:30:00 66      AGIO_BBG000QY4ZD0_2021-03-26
2021-06-14 14:30:00 67      AIG_BBG000BBDZG3_2021-03-26
2021-06-14 14:30:00 70      AIR_BBG000BBGQF1_2021-03-26
2021-06-14 14:30:00 71      AIRC_BBG00XK3WVD0_2021-03-26
2021-06-14 14:30:00 72      AIT_BBG000BBHHP9_2021-03-26
2021-06-14 14:30:00 73      AIV_BBG000DD3510_2021-03-26
2021-06-14 14:30:00 75      AIZ_BBG000BZX1N5_2021-03-26
2021-06-14 14:30:00 76      AJG_BBG000BBHXQ3_2021-03-26
2021-06-14 14:30:00 77      AJRD_BBG000BKRHQ7_2021-03-26
2021-06-14 14:30:00 78      AKAM_BBG000BJQWD2_2021-03-26
2021-06-14 14:30:00 82      ALB_BBG000BJ26K7_2021-03-26
2021-06-14 14:30:00 84      ALGN_BBG000BRNLL2_2021-03-26
2021-06-14 14:30:00 86      ALGT_BBG000LJS6B8_2021-03-26
2021-06-14 14:30:00 87      ALK_BBG000BBL0Y1_2021-03-26
2021-06-14 14:30:00 88      ALL_BBG000BVMGF2_2021-03-26
2021-06-14 14:30:00 89      ALLE_BBG003PS7JV1_2021-03-26
2021-06-14 14:30:00 90      ALLK_BBG003QBJKN0_2021-03-26
2021-06-14 14:30:00 91      ALLO_BBG00KHRRDX3_2021-03-26
2021-06-14 14:30:00 93      ALLY_BBG000BC2R71_2021-03-26
2021-06-14 14:30:00 95      ALNY_BBG000BFGNJ5_2021-03-26
2021-06-14 14:30:00 96      ALRM_BBG007GNPYY7_2021-03-26
2021-06-14 14:30:00 97      ALSN_BBG001KY3845_2021-03-26
2021-06-14 14:30:00 99      ALTR_BBG000PN9NB9_2021-03-26
2021-06-14 14:30:01 00      ALXN_BBG000G30YX4_2021-03-26
2021-06-14 14:30:01 01      AMAT_BBG000BBPFB9_2021-03-26
2021-06-14 14:30:01 26      AMCX_BBG000H01H92_2021-03-26
2021-06-14 14:30:01 28      AMCX: SPYKE!. Candle: ID:2709, Time: 19:00, Close: 52.73
2021-06-14 14:30:01 29      AMD_BBG000BBQCY0_2021-03-26
2021-06-14 14:30:01 46      AME_BBG000B9XG87_2021-03-26
2021-06-14 14:30:01 47      AMED_BBG000B9ZV28_2021-03-26
2021-06-14 14:30:01 49      AMG_BBG000C060M4_2021-03-26
2021-06-14 14:30:01 49      AMGN_BBG000BBS2Y0_2021-03-26
2021-06-14 14:30:01 54      AMN_BBG000BCT197_2021-03-26
2021-06-14 14:30:01 55      AMP_BBG000G3QLY3_2021-03-26
2021-06-14 14:30:01 57      AMT_BBG000B9XYV2_2021-03-26
2021-06-14 14:30:01 60      AMWD_BBG000BBX657_2021-03-26
2021-06-14 14:30:01 60      AMZN_BBG000BVPV84_2021-03-26
2021-06-14 14:30:01 70      AN_BBG000BBXLW4_2021-03-26
2021-06-14 14:30:01 71      ANAB_BBG0026ZDHR0_2021-03-26
2021-06-14 14:30:01 72      ANDE_BBG000BF8CN3_2021-03-26
2021-06-14 14:30:01 74      ANET_BBG000N2HDY5_2021-03-26
2021-06-14 14:30:01 75      ANF_BBG000H9G7X2_2021-03-26
2021-06-14 14:30:01 76      ANGI_BBG00HVKH3Q0_2021-03-26
2021-06-14 14:30:01 78      ANIK_BBG000BBKZD8_2021-03-26
2021-06-14 14:30:01 78      ANIP_BBG000KK1L04_2021-03-26
2021-06-14 14:30:01 79      ANSS_BBG000GXZ4W7_2021-03-26
2021-06-14 14:30:01 81      ANTM_BBG000BCG930_2021-03-26
2021-06-14 14:30:01 84      AON_BBG00SSQFPK6_2021-03-26
2021-06-14 14:30:01 86      AOS_BBG000BC1L02_2021-03-26
2021-06-14 14:30:01 87      AOUT_BBG00QV8FS02_2021-03-26
2021-06-14 14:30:01 88      APA_BBG00YTS96G2_2021-03-26
2021-06-14 14:30:01 92      APD_BBG000BC4JJ4_2021-03-26
2021-06-14 14:30:01 93      APEI_BBG000RVD346_2021-03-26
2021-06-14 14:30:01 94      APH_BBG000B9YJ35_2021-03-26
2021-06-14 14:30:01 97      APLE_BBG006473QX9_2021-03-26
2021-06-14 14:30:01 98      APLT_BBG000DD0489_2021-03-26
2021-06-14 14:30:01 99      APPF_BBG008GC8CP6_2021-03-26
2021-06-14 14:30:02 00      APPN_BBG001C7PMJ2_2021-03-26
2021-06-14 14:30:02 02      APPS_BBG000HZ3562_2021-03-26
2021-06-14 14:30:02 07      APTV_BBG001QD41M9_2021-03-26
2021-06-14 14:30:02 09      ARCC_BBG000PD6X77_2021-03-26
2021-06-14 14:30:02 10      ARCT_BBG00NNW8JK1_2021-03-26
2021-06-14 14:30:02 12      ARE_BBG000BC33T9_2021-03-26
2021-06-14 14:30:02 14      ARMK_BBG001KY4N87_2021-03-26
2021-06-14 14:30:02 15      ARNA_BBG000BKXBV7_2021-03-26
2021-06-14 14:30:02 16      ARNC_BBG00R45JYB7_2021-03-26
2021-06-14 14:30:02 17      ARQT_BBG00QN8K4M4_2021-03-26
2021-06-14 14:30:02 17      ARQT: SPYKE!. Candle: ID:24, Time: 13:30, Close: 30.98
2021-06-14 14:30:02 18      ARVN_BBG00LW7YK82_2021-03-26
2021-06-14 14:30:02 19      ARW_BBG000BCD3D5_2021-03-26
2021-06-14 14:30:02 20      ARWR_BBG000BRVKH0_2021-03-26
2021-06-14 14:30:02 22      ASGN_BBG000CRN8N8_2021-03-26
2021-06-14 14:30:02 23      ASH_BBG00D0Y81M1_2021-03-26
2021-06-14 14:30:02 24      ASIX_BBG00CWTTQ41_2021-03-26
2021-06-14 14:30:02 25      ATEX_BBG0081NLHR0_2021-03-26
2021-06-14 14:30:02 25      ATEX: SPYKE!. Candle: ID:11, Time: 13:30, Close: 45.51
2021-06-14 14:30:02 26      ATGE_BBG000DQBZJ7_2021-03-26
2021-06-14 14:30:02 27      ATKR_BBG000QTFDQ4_2021-03-26
2021-06-14 14:30:02 28      ATR_BBG000BGX2S0_2021-03-26
2021-06-14 14:30:02 29      ATRA_BBG005Q3MQY4_2021-03-26
2021-06-14 14:30:02 32      ATRC_BBG000BL6CB5_2021-03-26
2021-06-14 14:30:02 33      ATRI_BBG000DTT624_2021-03-26
2021-06-14 14:30:02 34      ATRO_BBG000BCLBY5_2021-03-26
2021-06-14 14:30:02 35      ATUS_BBG00GFMPRK0_2021-03-26
2021-06-14 14:30:02 37      ATVI_BBG000CVWGS6_2021-03-26
2021-06-14 14:30:02 46      AVAV_BBG000GX14P2_2021-03-26
2021-06-14 14:30:02 50      AVB_BBG000BLPBL5_2021-03-26
2021-06-14 14:30:02 51      AVGO_BBG00KHY5S69_2021-03-26
2021-06-14 14:30:02 56      AVLR_BBG000R4Y9C1_2021-03-26
2021-06-14 14:30:02 58      AVNS_BBG005L86G05_2021-03-26
2021-06-14 14:30:02 59      AVNT_BBG000C8NJ10_2021-03-26
2021-06-14 14:30:02 60      AVTR_BBG00G2HHYD7_2021-03-26
2021-06-14 14:30:02 61      AVY_BBG000BCQ4P6_2021-03-26
2021-06-14 14:30:02 61      AWI_BBG000DW4LB1_2021-03-26
2021-06-14 14:30:02 62      AWK_BBG000TRJ294_2021-03-26
2021-06-14 14:30:02 63      AWR_BBG000F964B6_2021-03-26
2021-06-14 14:30:02 64      AX_BBG000QPHD08_2021-03-26
2021-06-14 14:30:02 65      AXGN_BBG000BN46R9_2021-03-26
2021-06-14 14:30:02 65      AXP_BBG000BCQZS4_2021-03-26
2021-06-14 14:30:02 69      AXSM_BBG00B6G7GL7_2021-03-26
2021-06-14 14:30:02 70      AYI_BBG000BJ5HK0_2021-03-26
2021-06-14 14:30:02 71      AYX_BBG000BGZT72_2021-03-26
2021-06-14 14:30:02 73      AZO_BBG000C7LMS8_2021-03-26
2021-06-14 14:30:02 75      AZPN_BBG000DFMXT3_2021-03-26
2021-06-14 14:30:02 76      BA_BBG000BCSST7_2021-03-26
2021-06-14 14:30:02 84      BABA_BBG006G2JVL2_2021-03-26
2021-06-14 14:30:03 00      BAC_BBG000BCTLF6_2021-03-26
2021-06-14 14:30:03 07      BAH_BBG000R2YFG7_2021-03-26
2021-06-14 14:30:03 10      BAND_BBG001K003W2_2021-03-26
2021-06-14 14:30:03 11      BAX_BBG000BCVJ77_2021-03-26
2021-06-14 14:30:03 14      BBIO_BBG00P9KDZK6_2021-03-26
2021-06-14 14:30:03 16      BBSI_BBG000BHJSC4_2021-03-26
2021-06-14 14:30:03 17      BBY_BBG000BCWCG1_2021-03-26
2021-06-14 14:30:03 19      BC_BBG000BCWSS3_2021-03-26
2021-06-14 14:30:03 20      BCO_BBG000DR5QP5_2021-03-26
2021-06-14 14:30:03 21      BCPC_BBG000BCY878_2021-03-26
2021-06-14 14:30:03 22      BDC_BBG000Q4XNV1_2021-03-26
2021-06-14 14:30:03 23      BDTX_BBG00MS4Y0W9_2021-03-26
2021-06-14 14:30:03 24      BDX_BBG000BCZYD3_2021-03-26
2021-06-14 14:30:03 26      BECN_BBG000BKTXF2_2021-03-26
2021-06-14 14:30:03 28      BEN_BBG000BD0TF8_2021-03-26
2021-06-14 14:30:03 30      BERY_BBG000Q1R1Y9_2021-03-26
2021-06-14 14:30:03 31      BF.B_BBG000BD2NY8_2021-03-26
2021-06-14 14:30:03 33      BFAM_BBG003LFWP05_2021-03-26
2021-06-14 14:30:03 33      BFYT_BBG003QRSQD3_2021-03-26
2021-06-14 14:30:03 34      BGS_BBG000RKXRQ1_2021-03-26
2021-06-14 14:30:03 35      BH_BBG00JPRDQH1_2021-03-26
2021-06-14 14:30:03 36      BHF_BBG00DYPZ4T0_2021-03-26
2021-06-14 14:30:03 37      BIDU_BBG000QXWHD1_2021-03-26
2021-06-14 14:30:04 06      BIG_BBG000J0D904_2021-03-26
2021-06-14 14:30:04 08      BIIB_BBG000C17X76_2021-03-26
2021-06-14 14:30:04 10      BILI_BBG00K7T3037_2021-03-26
2021-06-14 14:30:04 19      BILL_BBG00QVJV6V4_2021-03-26
2021-06-14 14:30:04 22      BIO_BBG000DY28W5_2021-03-26
2021-06-14 14:30:04 23      BJRI_BBG000H9LNX1_2021-03-26
2021-06-14 14:30:04 24      BK_BBG000BD8PN9_2021-03-26
2021-06-14 14:30:04 28      BKI_BBG00GX77LW3_2021-03-26
2021-06-14 14:30:04 29      BKNG_BBG000BLBVN4_2021-03-26
2021-06-14 14:30:04 31      BKR_BBG00GBVBK51_2021-03-26
2021-06-14 14:30:04 34      BL_BBG0029KJVB0_2021-03-26
2021-06-14 14:30:04 35      BLD_BBG0077VS2C0_2021-03-26
2021-06-14 14:30:04 36      BLDR_BBG000BKD3K9_2021-03-26
2021-06-14 14:30:04 38      BLK_BBG000C2PW58_2021-03-26
2021-06-14 14:30:04 40      BLKB_BBG000BGGTW5_2021-03-26
2021-06-14 14:30:04 40      BLL_BBG000BDDNH5_2021-03-26
2021-06-14 14:30:04 42      BLUE_BBG000QGWY50_2021-03-26
2021-06-14 14:30:04 45      BMI_BBG000BDGHD9_2021-03-26
2021-06-14 14:30:04 45      BMRN_BBG000CZWZ05_2021-03-26
2021-06-14 14:30:04 47      BMY_BBG000DQLV23_2021-03-26
2021-06-14 14:30:04 51      BOH_BBG000C8D8G9_2021-03-26
2021-06-14 14:30:04 51      BOKF_BBG000CFZ003_2021-03-26
2021-06-14 14:30:04 53      BOOT_BBG0077SYZV6_2021-03-26
2021-06-14 14:30:04 54      BOX_BBG000PMSK08_2021-03-26
2021-06-14 14:30:04 55      BPMC_BBG001MC8YF7_2021-03-26
2021-06-14 14:30:04 57      BR_BBG000PPFKQ7_2021-03-26
2021-06-14 14:30:04 58      BRC_BBG000BDNV95_2021-03-26
2021-06-14 14:30:04 58      BRK.B_BBG000DWG505_2021-03-26
2021-06-14 14:30:04 63      BRKR_BBG000CL1FG7_2021-03-26
2021-06-14 14:30:04 64      BRO_BBG000BWSGF4_2021-03-26
2021-06-14 14:30:04 66      BSX_BBG000C0LW92_2021-03-26
2021-06-14 14:30:04 68      BTAI_BBG00K20GVD2_2021-03-26
2021-06-14 14:30:04 69      BTI_BBG000BWPXQ8_2021-03-26
2021-06-14 14:30:04 70      BUD_BBG000RYC984_2021-03-26
2021-06-14 14:30:04 72      BURL_BBG004S641N5_2021-03-26
2021-06-14 14:30:04 74      BWA_BBG000BJ49H3_2021-03-26
2021-06-14 14:30:04 76      BWXT_BBG000D86F25_2021-03-26
2021-06-14 14:30:04 77      BX_BBG000BH0106_2021-03-26
2021-06-14 14:30:04 78      BXP_BBG000BS5CM9_2021-03-26
2021-06-14 14:30:04 79      BYND_BBG003CVJP50_2021-03-26
2021-06-14 14:30:04 82      BZUN_BBG008HNS333_2021-03-26
2021-06-14 14:30:04 84      C_BBG000FY4S11_2021-03-26
2021-06-14 14:30:04 89      CABO_BBG000F02T51_2021-03-26
2021-06-14 14:30:04 90      CACC_BBG000CS0D96_2021-03-26
2021-06-14 14:30:04 92      CAG_BBG000BDXGP9_2021-03-26
2021-06-14 14:30:04 94      CAH_BBG000D898T9_2021-03-26
2021-06-14 14:30:04 96      CALM_BBG000CDMJW6_2021-03-26
2021-06-14 14:30:04 98      CARA_BBG001J2QYS9_2021-03-26
2021-06-14 14:30:04 99      CARG_BBG00HQ77DS2_2021-03-26
2021-06-14 14:30:05 00      CARR_BBG00RP5HYS8_2021-03-26
2021-06-14 14:30:05 03      CARS_BBG000HGTH33_2021-03-26
2021-06-14 14:30:05 04      CASY_BBG000BF0672_2021-03-26
2021-06-14 14:30:05 05      CAT_BBG000BF0K17_2021-03-26
2021-06-14 14:30:05 08      CB_BBG000BR14K5_2021-03-26
2021-06-14 14:30:05 10      CBRE_BBG000C04224_2021-03-26
2021-06-14 14:30:05 11      CBRL_BBG000BF33K1_2021-03-26
2021-06-14 14:30:05 13      CBSH_BBG000BF3G77_2021-03-26
2021-06-14 14:30:05 14      CBU_BBG000BF4D19_2021-03-26
2021-06-14 14:30:05 15      CCI_BBG000FV1Z23_2021-03-26
2021-06-14 14:30:05 17      CCK_BBG000BF6756_2021-03-26
2021-06-14 14:30:05 18      CCL_BBG000BF6LY3_2021-03-26
2021-06-14 14:30:05 25      CCOI_BBG000D0SMY8_2021-03-26
2021-06-14 14:30:05 26      CCXI_BBG000PTSB12_2021-03-26
2021-06-14 14:30:05 27      CDK_BBG006B6PVN9_2021-03-26
2021-06-14 14:30:05 28      CDLX_BBG00225ZDD0_2021-03-26
2021-06-14 14:30:05 30      CDNA_BBG006JS5785_2021-03-26
2021-06-14 14:30:05 32      CDNS_BBG000C13CD9_2021-03-26
2021-06-14 14:30:05 37      CDW_BBG001P63B80_2021-03-26
2021-06-14 14:30:05 40      CE_BBG000JYP7L8_2021-03-26
2021-06-14 14:30:05 41      CEA_BBG000BCFNR4_2021-03-26
2021-06-14 14:30:05 42      CENT_BBG000BFD605_2021-03-26
2021-06-14 14:30:05 43      CENTA_BBG000KTYB56_2021-03-26
2021-06-14 14:30:05 43      CERN_BBG000BFDLV8_2021-03-26
2021-06-14 14:30:05 45      CEVA_BBG000BN3P07_2021-03-26
2021-06-14 14:30:05 46      CF_BBG000BWJFZ4_2021-03-26
2021-06-14 14:30:05 47      CFG_BBG006Q0HY77_2021-03-26
2021-06-14 14:30:05 51      CFR_BBG000C2PL98_2021-03-26
2021-06-14 14:30:05 52      CFX_BBG000C5Z443_2021-03-26
2021-06-14 14:30:05 54      CGEN_BBG000B9ZLB0_2021-03-26
2021-06-14 14:30:05 57      CGNX_BBG000BPBVW5_2021-03-26
2021-06-14 14:30:05 59      CHD_BBG000BFJT36_2021-03-26
2021-06-14 14:30:05 60      CHDN_BBG000BGXMG9_2021-03-26
2021-06-14 14:30:05 61      CHE_BBG000C19QW1_2021-03-26
2021-06-14 14:30:05 62      CHEF_BBG001MFW6D6_2021-03-26
2021-06-14 14:30:05 63      CHGG_BBG0014XR0N5_2021-03-26
2021-06-14 14:30:05 64      CHH_BBG000BPBTL2_2021-03-26
2021-06-14 14:30:05 65      CHKP_BBG000K82ZT8_2021-03-26
2021-06-14 14:30:05 67      CHNG_BBG0059KNH10_2021-03-26
2021-06-14 14:30:05 68      CHRW_BBG000BTCH57_2021-03-26
2021-06-14 14:30:05 71      CHTR_BBG000VPGNR2_2021-03-26
2021-06-14 14:30:05 73      CHWY_BBG00P19DKZ6_2021-03-26
2021-06-14 14:30:05 76      CHX_BBG00JH9TZ56_2021-03-26
2021-06-14 14:30:05 78      CI_BBG00KXRCDP0_2021-03-26
2021-06-14 14:30:05 80      CIEN_BBG000BP1152_2021-03-26
2021-06-14 14:30:05 81      CINF_BBG000BFPK65_2021-03-26
2021-06-14 14:30:05 83      CL_BBG000BFQYY3_2021-03-26
2021-06-14 14:30:05 85      CLDR_BBG000DRJFC8_2021-03-26
2021-06-14 14:30:05 87      CLDT_BBG000PT6BR8_2021-03-26
2021-06-14 14:30:05 88      CLF_BBG000BFRF55_2021-03-26
2021-06-14 14:30:05 91      CLGX_BBG000C2H3F0_2021-03-26
2021-06-14 14:30:05 92      CLH_BBG000BFRRX8_2021-03-26
2021-06-14 14:30:05 92      CLR_BBG000BHBGN6_2021-03-26
2021-06-14 14:30:05 93      CLX_BBG000BFS7D3_2021-03-26
2021-06-14 14:30:05 95      CMA_BBG000C75N77_2021-03-26
2021-06-14 14:30:05 97      CMC_BBG000BFSND8_2021-03-26
2021-06-14 14:30:05 99      CMCO_BBG000BCWWV0_2021-03-26
2021-06-14 14:30:06 00      CMCSA_BBG000BFT2L4_2021-03-26
2021-06-14 14:30:06 10      CME_BBG000BHLYP4_2021-03-26
2021-06-14 14:30:06 12      CMG_BBG000QX74T1_2021-03-26
2021-06-14 14:30:06 14      CMI_BBG000BGPTV6_2021-03-26
2021-06-14 14:30:06 15      CMP_BBG000C42WS4_2021-03-26
2021-06-14 14:30:06 16      CMS_BBG000BFVXX0_2021-03-26
2021-06-14 14:30:06 17      CNC_BBG000BDXCJ5_2021-03-26
2021-06-14 14:30:06 18      CNK_BBG000QDVR53_2021-03-26
2021-06-14 14:30:06 22      CNP_BBG000FDBX90_2021-03-26
2021-06-14 14:30:06 24      CNS_BBG000BB0WG4_2021-03-26
2021-06-14 14:30:06 25      CNST_BBG000R1H6P8_2021-03-26
2021-06-14 14:30:06 26      CNXC_BBG00RCNQMX3_2021-03-26
2021-06-14 14:30:06 26      CNXC: SPYKE!. Candle: ID:2, Time: 13:30, Close: 140.94
2021-06-14 14:30:06 27      CNXN_BBG000BX74M4_2021-03-26
2021-06-14 14:30:06 28      COF_BBG000BGKTF9_2021-03-26
2021-06-14 14:30:06 31      COG_BBG000C3GN47_2021-03-26
2021-06-14 14:30:06 33      COHR_BBG000BG1DH3_2021-03-26
2021-06-14 14:30:06 36      COKE_BBG000BG1SX2_2021-03-26
2021-06-14 14:30:06 36      COLM_BBG000BKKQ84_2021-03-26
2021-06-14 14:30:06 38      CONE_BBG0038V5TX1_2021-03-26
2021-06-14 14:30:06 39      COO_BBG000BG3445_2021-03-26
2021-06-14 14:30:06 40      COP_BBG000BQQH30_2021-03-26
2021-06-14 14:30:06 44      CORR_BBG000CN80Y9_2021-03-26
2021-06-14 14:30:06 46      CORT_BBG000BKJG33_2021-03-26
2021-06-14 14:30:06 47      COST_BBG000F6H8W8_2021-03-26
2021-06-14 14:30:06 52      COTY_BBG000F395V1_2021-03-26
2021-06-14 14:30:06 54      COUP_BBG001J4BCN4_2021-03-26
2021-06-14 14:30:06 56      CPB_BBG000BG4202_2021-03-26
2021-06-14 14:30:06 58      CPRI_BBG0029SNR63_2021-03-26
2021-06-14 14:30:06 59      CPRT_BBG000BM9RH1_2021-03-26
2021-06-14 14:30:06 62      CPS_BBG000PSXT64_2021-03-26
2021-06-14 14:30:06 62      CPS: SPYKE!. Candle: ID:36, Time: 12:40, Close: 37.5
2021-06-14 14:30:06 62      CR_BBG000BG7423_2021-03-26
2021-06-14 14:30:06 63      CREE_BBG000BG14P4_2021-03-26
2021-06-14 14:30:06 65      CRI_BBG000CTM4J9_2021-03-26
2021-06-14 14:30:06 66      CRL_BBG000BG5BL8_2021-03-26
2021-06-14 14:30:06 67      CRM_BBG000BN2DC2_2021-03-26
2021-06-14 14:30:06 71      CRMT_BBG000CM6L31_2021-03-26
2021-06-14 14:30:06 72      CROX_BBG000BLY663_2021-03-26
2021-06-14 14:30:06 74      CRS_BBG000BGCQT9_2021-03-26
2021-06-14 14:30:06 75      CRTX_BBG00BTK1DT8_2021-03-26
2021-06-14 14:30:06 76      CRTX: SPYKE!. Candle: ID:244, Time: 13:30, Close: 33.23
2021-06-14 14:30:06 76      CRUS_BBG000C1DHF5_2021-03-26
2021-06-14 14:30:06 78      CRVL_BBG000CVKZY0_2021-03-26
2021-06-14 14:30:06 79      CRWD_BBG00BLYKS03_2021-03-26
2021-06-14 14:30:06 84      CSCO_BBG000C3J3C9_2021-03-26
2021-06-14 14:30:06 92      CSGP_BBG000D7JKW9_2021-03-26
2021-06-14 14:30:06 93      CSGS_BBG000G3TQV2_2021-03-26
2021-06-14 14:30:06 94      CSII_BBG000NWQ9S5_2021-03-26
2021-06-14 14:30:06 95      CSL_BBG000BGGBT8_2021-03-26
2021-06-14 14:30:06 97      CSOD_BBG0016X4XN6_2021-03-26
2021-06-14 14:30:06 98      CSWI_BBG007NLG4L3_2021-03-26
2021-06-14 14:30:06 99      CSX_BBG000BGJRC8_2021-03-26
2021-06-14 14:30:07 02      CTAS_BBG000H3YXF8_2021-03-26
2021-06-14 14:30:07 04      CTB_BBG000BGKXV2_2021-03-26
2021-06-14 14:30:07 06      CTLT_BBG005XR47P5_2021-03-26
2021-06-14 14:30:07 07      CTSH_BBG000BBDV81_2021-03-26
2021-06-14 14:30:07 10      CTVA_BBG00BN969C1_2021-03-26
2021-06-14 14:30:07 12      CTXS_BBG000FQ6PY6_2021-03-26
2021-06-14 14:30:07 14      CVCO_BBG000K4WS65_2021-03-26
2021-06-14 14:30:07 15      CVET_BBG00KR691K8_2021-03-26
2021-06-14 14:30:07 16      CVGW_BBG000BGPQW1_2021-03-26
2021-06-14 14:30:07 17      CVLT_BBG000BG88X9_2021-03-26
2021-06-14 14:30:07 18      CVNA_BBG00GCTWDJ3_2021-03-26
2021-06-14 14:30:07 20      CVS_BBG000BGRY34_2021-03-26
2021-06-14 14:30:07 24      CVX_BBG000K4ND22_2021-03-26
2021-06-14 14:30:07 30      CW_BBG000BGSPS5_2021-03-26
2021-06-14 14:30:07 31      CWST_BBG000BT0J38_2021-03-26
2021-06-14 14:30:07 32      CWT_BBG000D8KTN6_2021-03-26
2021-06-14 14:30:07 33      CY_BBG000BXNJ07_2021-03-26
2021-06-14 14:30:07 33      D_BBG000BGVW60_2021-03-26
2021-06-14 14:30:07 36      DAL_BBG000R7Z112_2021-03-26
2021-06-14 14:30:07 41      DAR_BBG000BN8ZK8_2021-03-26
2021-06-14 14:30:07 42      DBX_BBG0018SLDN0_2021-03-26
2021-06-14 14:30:07 47      DCI_BBG000BGZP70_2021-03-26
2021-06-14 14:30:07 48      DCPH_BBG00HMJ9H54_2021-03-26
2021-06-14 14:30:07 49      DD_BBG00BN961G4_2021-03-26
2021-06-14 14:30:07 51      DDOG_BBG003NJHZT9_2021-03-26
2021-06-14 14:30:07 55      DDS_BBG000BS4MP5_2021-03-26
2021-06-14 14:30:07 56      DE_BBG000BH1NH9_2021-03-26
2021-06-14 14:30:07 58      DECK_BBG000BKXYX5_2021-03-26
2021-06-14 14:30:07 59      DELL_BBG00DW3SZS1_2021-03-26
2021-06-14 14:30:07 61      DFS_BBG000QBR5J5_2021-03-26
2021-06-14 14:30:07 63      DG_BBG000NV1KK7_2021-03-26
2021-06-14 14:30:07 66      DGX_BBG000BN84F3_2021-03-26
2021-06-14 14:30:07 67      DHI_BBG000DQTXY6_2021-03-26
2021-06-14 14:30:07 70      DHR_BBG000BH3JF8_2021-03-26
2021-06-14 14:30:07 71      DIOD_BBG000G25P51_2021-03-26
2021-06-14 14:30:07 72      DIS_BBG000BH4R78_2021-03-26
2021-06-14 14:30:07 78      DISCA_BBG000CHWP52_2021-03-26
2021-06-14 14:30:08 08      DISCA: SPYKE!. Candle: ID:53812, Time: 18:25, Close: 38
2021-06-14 14:30:08 08      DISCA: SPYKE!. Candle: ID:53842, Time: 18:25, Close: 39.86
2021-06-14 14:30:08 08      DISCA: SPYKE!. Candle: ID:57317, Time: 18:40, Close: 40.72
2021-06-14 14:30:08 15      DISCB_BBG000F7L5N7_2021-03-26
2021-06-14 14:30:08 15      DISCB: SPYKE!. Candle: ID:94, Time: 14:35, Close: 58
2021-06-14 14:30:08 15      DISCB: SPYKE!. Candle: ID:159, Time: 14:50, Close: 52.07
2021-06-14 14:30:08 15      DISCB: SPYKE!. Candle: ID:163, Time: 15:00, Close: 52.08
2021-06-14 14:30:08 15      DISCB: SPYKE!. Candle: ID:189, Time: 15:15, Close: 51
2021-06-14 14:30:08 15      DISCK_BBG000VMWHH5_2021-03-26
2021-06-14 14:30:08 31      DK_BBG00FZYFVC5_2021-03-26
2021-06-14 14:30:08 33      DKNG_BBG00TCBG714_2021-03-26
2021-06-14 14:30:08 41      DKS_BBG000F6ZWH2_2021-03-26
2021-06-14 14:30:08 43      DLB_BBG000DGLTG5_2021-03-26
2021-06-14 14:30:08 44      DLR_BBG000Q5ZRM7_2021-03-26
2021-06-14 14:30:08 45      DLTH_BBG002GBMZG4_2021-03-26
2021-06-14 14:30:08 46      DLTR_BBG000BSC0K9_2021-03-26
2021-06-14 14:30:08 49      DLX_BBG000BH6360_2021-03-26
2021-06-14 14:30:08 50      DNLI_BBG008P7F869_2021-03-26
2021-06-14 14:30:08 51      DNOW_BBG005BLN209_2021-03-26
2021-06-14 14:30:08 52      DOCU_BBG000N7KJX8_2021-03-26
2021-06-14 14:30:08 57      DORM_BBG000BM22F5_2021-03-26
2021-06-14 14:30:08 58      DOV_BBG000BHB3M6_2021-03-26
2021-06-14 14:30:08 60      DOW_BBG00BN96922_2021-03-26
2021-06-14 14:30:08 63      DPZ_BBG000P458P3_2021-03-26
2021-06-14 14:30:08 65      DRE_BBG000BHD8S7_2021-03-26
2021-06-14 14:30:08 66      DRI_BBG000BBNYF6_2021-03-26
2021-06-14 14:30:08 69      DRNA_BBG001J1DB23_2021-03-26
2021-06-14 14:30:08 71      DRQ_BBG000BVDBY2_2021-03-26
2021-06-14 14:30:08 72      DT_BBG00PNN7C40_2021-03-26
2021-06-14 14:30:08 73      DVA_BBG000MQ1SN9_2021-03-26
2021-06-14 14:30:08 75      DVN_BBG000BBVJZ8_2021-03-26
2021-06-14 14:30:08 78      DXC_BBG00FN64XT9_2021-03-26
2021-06-14 14:30:08 80      DXCM_BBG000QTF8K1_2021-03-26
2021-06-14 14:30:08 82      DY_BBG000C4SKT1_2021-03-26
2021-06-14 14:30:08 83      EA_BBG000BP0KQ8_2021-03-26
2021-06-14 14:30:08 85      EAT_BBG000BK28N7_2021-03-26
2021-06-14 14:30:08 87      EBAY_BBG000C43RR5_2021-03-26
2021-06-14 14:30:08 94      EBS_BBG000GW06J7_2021-03-26
2021-06-14 14:30:08 95      ECHO_BBG000RFP8W6_2021-03-26
2021-06-14 14:30:08 96      ECL_BBG000BHKYH4_2021-03-26
2021-06-14 14:30:08 97      ECPG_BBG000F369C7_2021-03-26
2021-06-14 14:30:08 98      ED_BBG000BHLYS1_2021-03-26
2021-06-14 14:30:09 00      EDIT_BBG005MX5GZ2_2021-03-26
2021-06-14 14:30:09 02      EEFT_BBG000BMNBY1_2021-03-26
2021-06-14 14:30:09 03      EFX_BBG000BHPL78_2021-03-26
2021-06-14 14:30:09 05      EGHT_BBG000BCGHH7_2021-03-26
2021-06-14 14:30:09 06      EGRX_BBG005Y3XWH9_2021-03-26
2021-06-14 14:30:09 07      EHTH_BBG000P5JQX6_2021-03-26
2021-06-14 14:30:09 08      EIX_BBG000D7RKJ5_2021-03-26
2021-06-14 14:30:09 10      EL_BBG000FKJRC5_2021-03-26
2021-06-14 14:30:09 12      ELAN_BBG00LJYS1P8_2021-03-26
2021-06-14 14:30:09 14      ELS_BBG000BB7SX7_2021-03-26
2021-06-14 14:30:09 15      EME_BBG000BBRPL4_2021-03-26
2021-06-14 14:30:09 16      EMN_BBG000BLW530_2021-03-26
2021-06-14 14:30:09 17      EMR_BBG000BHX7N2_2021-03-26
2021-06-14 14:30:09 20      ENDP_BBG000C0HQ54_2021-03-26
2021-06-14 14:30:09 21      ENPH_BBG001R3MNY9_2021-03-26
2021-06-14 14:30:09 24      ENR_BBG006FCB019_2021-03-26
2021-06-14 14:30:09 25      ENS_BBG000PWTD92_2021-03-26
2021-06-14 14:30:09 26      ENTA_BBG001V9NSB4_2021-03-26
2021-06-14 14:30:09 27      ENTG_BBG000CTV4N4_2021-03-26
2021-06-14 14:30:09 29      ENV_BBG000Q4NZ54_2021-03-26
2021-06-14 14:30:09 30      EOG_BBG000BZ9223_2021-03-26
2021-06-14 14:30:09 33      EPAM_BBG000MHTV89_2021-03-26
2021-06-14 14:30:09 33      EPAY_BBG000BRNH31_2021-03-26
2021-06-14 14:30:09 35      EPC_BBG000BRW644_2021-03-26
2021-06-14 14:30:09 36      EQIX_BBG000MBDGM6_2021-03-26
2021-06-14 14:30:09 38      EQT_BBG000BHZ5J9_2021-03-26
2021-06-14 14:30:09 41      ERIE_BBG000BBTJZ1_2021-03-26
2021-06-14 14:30:09 41      ES_BBG000BQ87N0_2021-03-26
2021-06-14 14:30:09 43      ESPR_BBG004KB3S72_2021-03-26
2021-06-14 14:30:09 44      ESS_BBG000CGJMB9_2021-03-26
2021-06-14 14:30:09 45      ET_BBG000BM2FL9_2021-03-26
2021-06-14 14:30:09 47      ETN_BBG000BJ3PD2_2021-03-26
2021-06-14 14:30:09 49      ETR_BBG000C1FQS9_2021-03-26
2021-06-14 14:30:09 50      ETRN_BBG00K53L394_2021-03-26
2021-06-14 14:30:09 51      ETSY_BBG000N7MXL8_2021-03-26
2021-06-14 14:30:09 55      EVBG_BBG0022FMPD5_2021-03-26
2021-06-14 14:30:09 57      EVER_BBG00F17NDH7_2021-03-26
2021-06-14 14:30:09 58      EVH_BBG005CHLM96_2021-03-26
2021-06-14 14:30:09 59      EVR_BBG000BP30Y0_2021-03-26
2021-06-14 14:30:09 60      EVRG_BBG00H433CR2_2021-03-26
2021-06-14 14:30:09 61      EW_BBG000BRXP69_2021-03-26
2021-06-14 14:30:09 63      EWBC_BBG000CR20B1_2021-03-26
2021-06-14 14:30:09 65      EXAS_BBG000CWL0F5_2021-03-26
2021-06-14 14:30:09 68      EXC_BBG000J6XT05_2021-03-26
2021-06-14 14:30:09 70      EXEL_BBG000BQ4WF8_2021-03-26
2021-06-14 14:30:09 72      EXLS_BBG000NS3P30_2021-03-26
2021-06-14 14:30:09 73      EXP_BBG000BJW241_2021-03-26
2021-06-14 14:30:09 73      EXPD_BBG000BJ5GK2_2021-03-26
2021-06-14 14:30:09 75      EXPE_BBG000QY3XZ2_2021-03-26
2021-06-14 14:30:09 78      EXR_BBG000PV27K3_2021-03-26
2021-06-14 14:30:09 79      EYE_BBG00HVQF9K2_2021-03-26
2021-06-14 14:30:09 80      F_BBG000BQPC32_2021-03-26
2021-06-14 14:30:09 83      FANG_BBG002PHSYX9_2021-03-26
2021-06-14 14:30:09 85      FARO_BBG000BJD7C2_2021-03-26
2021-06-14 14:30:09 86      FAST_BBG000BJ8YN7_2021-03-26
2021-06-14 14:30:09 89      FATE_BBG000QP35H2_2021-03-26
2021-06-14 14:30:09 91      FB_BBG000MM2P62_2021-03-26
2021-06-14 14:30:10 04      FBHS_BBG001B4BV87_2021-03-26
2021-06-14 14:30:10 05      FCFS_BBG000DNF659_2021-03-26
2021-06-14 14:30:10 07      FCN_BBG000K88H58_2021-03-26
2021-06-14 14:30:10 08      FCX_BBG000BJDB15_2021-03-26
2021-06-14 14:30:10 16      FDS_BBG000BDJL83_2021-03-26
2021-06-14 14:30:10 17      FDX_BBG000BJF1Z8_2021-03-26
2021-06-14 14:30:10 20      FELE_BBG000BJGGV8_2021-03-26
2021-06-14 14:30:10 21      FFIV_BBG000CXYSZ6_2021-03-26
2021-06-14 14:30:10 23      FGEN_BBG000FW5ZL6_2021-03-26
2021-06-14 14:30:10 24      FICO_BBG000DW76Y6_2021-03-26
2021-06-14 14:30:10 26      FIS_BBG000BK2F42_2021-03-26
2021-06-14 14:30:10 28      FISV_BBG000BJKPG0_2021-03-26
2021-06-14 14:30:10 34      FITB_BBG000BJL3N0_2021-03-26
2021-06-14 14:30:10 38      FIVN_BBG001KHJM17_2021-03-26
2021-06-14 14:30:10 40      FIZZ_BBG000BF8CB6_2021-03-26
2021-06-14 14:30:10 42      FL_BBG000BX8DC4_2021-03-26
2021-06-14 14:30:10 43      FLIR_BBG000BHK836_2021-03-26
2021-06-14 14:30:10 44      FLOW_BBG007FL7ZD2_2021-03-26
2021-06-14 14:30:10 45      FLR_BBG000BB1TH9_2021-03-26
2021-06-14 14:30:10 46      FLR: SPYKE!. Candle: ID:2246, Time: 20:15, Close: 22.06
2021-06-14 14:30:10 46      FLS_BBG000FFH4P5_2021-03-26
2021-06-14 14:30:10 48      FLT_BBG000GPXKX9_2021-03-26
2021-06-14 14:30:10 49      FLWS_BBG000BBR9P6_2021-03-26
2021-06-14 14:30:10 51      FMC_BBG000BJP882_2021-03-26
2021-06-14 14:30:10 52      FND_BBG007GJ2F81_2021-03-26
2021-06-14 14:30:10 53      FNKO_BBG00HXSHDQ9_2021-03-26
2021-06-14 14:30:10 56      FOCS_BBG00L0YTFN8_2021-03-26
2021-06-14 14:30:10 58      FOE_BBG000BJQK11_2021-03-26
2021-06-14 14:30:10 59      FOLD_BBG000PLF6N0_2021-03-26
2021-06-14 14:30:10 62      FORM_BBG000D1Y3P1_2021-03-26
2021-06-14 14:30:10 64      FORR_BBG000HGNYG8_2021-03-26
2021-06-14 14:30:10 65      FOX_BBG00JHNKJY8_2021-03-26
2021-06-14 14:30:10 69      FOXA_BBG00JHNJW99_2021-03-26
2021-06-14 14:30:10 77      FOXF_BBG004T7VS53_2021-03-26
2021-06-14 14:30:10 77      FRHC_BBG000N625H8_2021-03-26
2021-06-14 14:30:10 79      FRPH_BBG000HCVWW4_2021-03-26
2021-06-14 14:30:10 79      FRPT_BBG001D0HB36_2021-03-26
2021-06-14 14:30:10 81      FSLR_BBG000BFL116_2021-03-26
2021-06-14 14:30:10 84      FSLY_BBG004NLQHL0_2021-03-26
2021-06-14 14:30:10 86      FTCH_BBG00LSD4456_2021-03-26
2021-06-14 14:30:10 94      FTCH: SPYKE!. Candle: ID:26740, Time: 20:05, Close: 50.94
2021-06-14 14:30:10 95      FTI_BBG00DL8NMV2_2021-03-26
2021-06-14 14:30:10 97      FTNT_BBG000BCMBG4_2021-03-26
2021-06-14 14:30:11 01      FTV_BBG00BLVZ228_2021-03-26
2021-06-14 14:30:11 03      FUL_BBG000BJZ7V7_2021-03-26
2021-06-14 14:30:11 04      GATX_BBG000BKGXQ4_2021-03-26
2021-06-14 14:30:11 05      GBCI_BBG000C3KB84_2021-03-26
2021-06-14 14:30:11 06      GBT_BBG00341H6M0_2021-03-26
2021-06-14 14:30:11 08      GBX_BBG000CF5097_2021-03-26
2021-06-14 14:30:11 08      GCO_BBG000BK5S78_2021-03-26
2021-06-14 14:30:11 09      GCP_BBG0082W8Q12_2021-03-26
2021-06-14 14:30:11 10      GD_BBG000BK67C7_2021-03-26
2021-06-14 14:30:11 12      GDDY_BBG006MDLY05_2021-03-26
2021-06-14 14:30:11 13      GDOT_BBG000QDJT53_2021-03-26
2021-06-14 14:30:11 14      GE_BBG000BK6MB5_2021-03-26
2021-06-14 14:30:11 18      GEF_BBG000BLFNC0_2021-03-26
2021-06-14 14:30:11 19      GGG_BBG000BK9W84_2021-03-26
2021-06-14 14:30:11 20      GH_BBG006D97VY9_2021-03-26
2021-06-14 14:30:11 22      GHC_BBG000C3FGH9_2021-03-26
2021-06-14 14:30:11 23      GILD_BBG000CKGBP2_2021-03-26
2021-06-14 14:30:11 26      GIS_BBG000BKCFC2_2021-03-26
2021-06-14 14:30:11 29      GKOS_BBG000WG2LQ1_2021-03-26
2021-06-14 14:30:11 30      GL_BBG000BVD6X4_2021-03-26
2021-06-14 14:30:11 31      GLW_BBG000BKFZM4_2021-03-26
2021-06-14 14:30:11 35      GM_BBG000NDYB67_2021-03-26
2021-06-14 14:30:11 39      GMED_BBG002V87SD0_2021-03-26
2021-06-14 14:30:11 40      GMS_BBG009Q036D0_2021-03-26
2021-06-14 14:30:11 41      GNL_BBG004HXD0G8_2021-03-26
2021-06-14 14:30:11 42      GNRC_BBG000PQ4W72_2021-03-26
2021-06-14 14:30:11 43      GO_BBG00P4R3079_2021-03-26
2021-06-14 14:30:11 45      GOOG_BBG009S3NB30_2021-03-26
2021-06-14 14:30:11 51      GOOGL_BBG009S39JX6_2021-03-26
2021-06-14 14:30:11 58      GOSS_BBG00MVWLLM2_2021-03-26
2021-06-14 14:30:11 60      GPC_BBG000BKL348_2021-03-26
2021-06-14 14:30:11 61      GPI_BBG000BB88K4_2021-03-26
2021-06-14 14:30:11 62      GPN_BBG000CX0P89_2021-03-26
2021-06-14 14:30:11 64      GPS_BBG000BKLH74_2021-03-26
2021-06-14 14:30:11 68      GRA_BBG000BB8PG1_2021-03-26
2021-06-14 14:30:11 69      GRMN_BBG000C4LN67_2021-03-26
2021-06-14 14:30:11 70      GRUB_BBG001KWG293_2021-03-26
2021-06-14 14:30:11 72      GS_BBG000C6CFJ5_2021-03-26
2021-06-14 14:30:11 74      GSH_BBG000GLG0G0_2021-03-26
2021-06-14 14:30:11 74      GSKY_BBG00KT2SCV8_2021-03-26
2021-06-14 14:30:11 76      GT_BBG000BKNX95_2021-03-26
2021-06-14 14:30:11 79      GTHX_BBG005F1DK91_2021-03-26
2021-06-14 14:30:11 84      GTLS_BBG000P1K2X6_2021-03-26
2021-06-14 14:30:11 85      GTN_BBG000DSQLQ0_2021-03-26
2021-06-14 14:30:11 86      GVA_BBG000DVB833_2021-03-26
2021-06-14 14:30:11 87      GWRE_BBG001C7PM75_2021-03-26
2021-06-14 14:30:11 88      GWW_BBG000BKR1D6_2021-03-26
2021-06-14 14:30:11 89      H_BBG000CVRFS4_2021-03-26
2021-06-14 14:30:11 90      HA_BBG000BC4185_2021-03-26
2021-06-14 14:30:11 92      HAE_BBG000C7TF41_2021-03-26
2021-06-14 14:30:11 96      HAIN_BBG000BQW085_2021-03-26
2021-06-14 14:30:11 97      HAL_BBG000BKTFN2_2021-03-26
2021-06-14 14:30:12 00      HALO_BBG000CZ8W54_2021-03-26
2021-06-14 14:30:12 03      HAS_BBG000BKVJK4_2021-03-26
2021-06-14 14:30:12 05      HBAN_BBG000BKWSR6_2021-03-26
2021-06-14 14:30:12 09      HBI_BBG000D2ZTS8_2021-03-26
2021-06-14 14:30:12 11      HCA_BBG000QW7VC1_2021-03-26
2021-06-14 14:30:12 12      HCCI_BBG000CCFB17_2021-03-26
2021-06-14 14:30:12 13      HCSG_BBG000BKYVF0_2021-03-26
2021-06-14 14:30:12 14      HD_BBG000BKZB36_2021-03-26
2021-06-14 14:30:12 18      HEAR_BBG000BM6N47_2021-03-26
2021-06-14 14:30:12 19      HEI_BBG000BL16Q7_2021-03-26
2021-06-14 14:30:12 20      HES_BBG000BBD070_2021-03-26
2021-06-14 14:30:12 21      HFC_BBG000BL9JQ1_2021-03-26
2021-06-14 14:30:12 23      HGV_BBG00CBYY6M1_2021-03-26
2021-06-14 14:30:12 24      HHC_BBG000MJRJJ2_2021-03-26
2021-06-14 14:30:12 25      HHR_BBG00KHGQ0H4_2021-03-26
2021-06-14 14:30:12 26      HIBB_BBG000H001V3_2021-03-26
2021-06-14 14:30:12 27      HIG_BBG000G0Z878_2021-03-26
2021-06-14 14:30:12 29      HII_BBG001KJ2HM9_2021-03-26
2021-06-14 14:30:12 30      HIIQ_TCS003QRSQD3_2021-03-26
2021-06-14 14:30:12 32      HLT_BBG0058KMH30_2021-03-26
2021-06-14 14:30:12 35      HNP_BBG000BX5YM0_2021-03-26
2021-06-14 14:30:12 36      HOG_BBG000BKZTP3_2021-03-26
2021-06-14 14:30:12 37      HOLX_BBG000C3NTN5_2021-03-26
2021-06-14 14:30:12 40      HON_BBG000H556T9_2021-03-26
2021-06-14 14:30:12 42      HP_BBG000BLCPY4_2021-03-26
2021-06-14 14:30:12 43      HPE_BBG0078W3NQ3_2021-03-26
2021-06-14 14:30:12 45      HPQ_BBG000KHWT55_2021-03-26
2021-06-14 14:30:12 48      HQY_BBG000TYXCT9_2021-03-26
2021-06-14 14:30:12 49      HRB_BBG000BLDV98_2021-03-26
2021-06-14 14:30:12 51      HRC_BBG000BKWCS0_2021-03-26
2021-06-14 14:30:12 52      HRL_BBG000BLF8D2_2021-03-26
2021-06-14 14:30:12 54      HRTX_BBG000G2GJT7_2021-03-26
2021-06-14 14:30:12 55      HSC_BBG000BLH3P8_2021-03-26
2021-06-14 14:30:12 56      HSIC_BBG000BNMMJ3_2021-03-26
2021-06-14 14:30:12 58      HSKA_BBG000BWFH48_2021-03-26
2021-06-14 14:30:12 59      HST_BBG000BL8804_2021-03-26
2021-06-14 14:30:12 61      HSY_BBG000BLHRS2_2021-03-26
2021-06-14 14:30:12 63      HTA_BBG000PRJCX9_2021-03-26
2021-06-14 14:30:12 64      HTHT_BBG000QFPM65_2021-03-26
2021-06-14 14:30:12 66      HUBB_BBG000BLK267_2021-03-26
2021-06-14 14:30:12 67      HUBG_BBG000G9W6L0_2021-03-26
2021-06-14 14:30:12 68      HUBS_BBG000N7MZ06_2021-03-26
2021-06-14 14:30:12 69      HUM_BBG000BLKK03_2021-03-26
2021-06-14 14:30:12 70      HURN_BBG000PV2M48_2021-03-26
2021-06-14 14:30:12 71      HWM_BBG00DYNJGH9_2021-03-26
2021-06-14 14:30:12 73      HXL_BBG000BLMDQ9_2021-03-26
2021-06-14 14:30:12 74      IAC_BBG000BKQG80_2021-03-26
2021-06-14 14:30:12 77      IART_BBG000BZJQL8_2021-03-26
2021-06-14 14:30:12 78      IBKR_BBG000LV0836_2021-03-26
2021-06-14 14:30:12 79      IBM_BBG000BLNNH6_2021-03-26
2021-06-14 14:30:12 83      IBN_BBG000DRM643_2021-03-26
2021-06-14 14:30:12 85      IBP_BBG005TJKDZ6_2021-03-26
2021-06-14 14:30:12 86      ICE_BBG000C1FB75_2021-03-26
2021-06-14 14:30:12 87      ICPT_BBG001J1QN87_2021-03-26
2021-06-14 14:30:12 91      ICUI_BBG000CQV2N4_2021-03-26
2021-06-14 14:30:12 92      IDCC_BBG000HLJ7M4_2021-03-26
2021-06-14 14:30:12 93      IDXX_BBG000BLRT07_2021-03-26
2021-06-14 14:30:12 94      IEX_BBG000C1HN22_2021-03-26
2021-06-14 14:30:12 95      IFF_BBG000BLSL58_2021-03-26
2021-06-14 14:30:12 96      IGMS_BBG00PNR1BT2_2021-03-26
2021-06-14 14:30:12 97      IIPR_BBG00F0SW7N8_2021-03-26
2021-06-14 14:30:12 98      IIVI_BBG000BLW102_2021-03-26
2021-06-14 14:30:13 02      ILMN_BBG000DSMS70_2021-03-26
2021-06-14 14:30:13 04      INCY_BBG000BNPSQ9_2021-03-26
2021-06-14 14:30:13 07      INDB_BBG000BM0597_2021-03-26
2021-06-14 14:30:13 07      INFO_BBG006G063F9_2021-03-26
2021-06-14 14:30:13 10      INGN_BBG0021PH456_2021-03-26
2021-06-14 14:30:13 10      INGR_BBG000BXPZB7_2021-03-26
2021-06-14 14:30:13 12      INMD_BBG00PPS73P4_2021-03-26
2021-06-14 14:30:13 13      INSP_BBG00209SZJ7_2021-03-26
2021-06-14 14:30:13 14      INTC_BBG000C0G1D1_2021-03-26
2021-06-14 14:30:13 27      INTU_BBG000BH5DV1_2021-03-26
2021-06-14 14:30:13 31      INVH_BBG00FQH6BS9_2021-03-26
2021-06-14 14:30:13 33      IONS_BBG000JH6683_2021-03-26
2021-06-14 14:30:13 35      IOSP_BBG000BMFNP4_2021-03-26
2021-06-14 14:30:13 35      IOVA_BBG000FTLBV7_2021-03-26
2021-06-14 14:30:13 38      IP_BBG000BM5SR2_2021-03-26
2021-06-14 14:30:13 41      IPAR_BBG000GCSWR5_2021-03-26
2021-06-14 14:30:13 41      IPG_BBG000C90DH9_2021-03-26
2021-06-14 14:30:13 44      IPGP_BBG000DCGRL8_2021-03-26
2021-06-14 14:30:13 46      IQV_BBG00333FYS2_2021-03-26
2021-06-14 14:30:13 48      IR_BBG002R1CW27_2021-03-26
2021-06-14 14:30:13 49      IRBT_BBG000HXJB21_2021-03-26
2021-06-14 14:30:13 51      IRDM_BBG000VC0FC1_2021-03-26
2021-06-14 14:30:13 52      IRM_BBG000KCZPC3_2021-03-26
2021-06-14 14:30:13 54      IRTC_BBG001J19V24_2021-03-26
2021-06-14 14:30:13 55      ISRG_BBG000BJPDZ1_2021-03-26
2021-06-14 14:30:13 57      IT_BBG000BB65D0_2021-03-26
2021-06-14 14:30:13 60      ITCI_BBG0026ZFZC4_2021-03-26
2021-06-14 14:30:13 61      ITGR_BBG000BW6JV4_2021-03-26
2021-06-14 14:30:13 62      ITRI_BBG000BD2167_2021-03-26
2021-06-14 14:30:13 63      ITT_BBG00CVQZQ96_2021-03-26
2021-06-14 14:30:13 64      ITW_BBG000BMBL90_2021-03-26
2021-06-14 14:30:13 66      IVZ_BBG000BY2Y78_2021-03-26
2021-06-14 14:30:13 68      J_BBG000BMFFQ0_2021-03-26
2021-06-14 14:30:13 69      JACK_BBG000GZYVY1_2021-03-26
2021-06-14 14:30:13 70      JBHT_BBG000BMDBZ1_2021-03-26
2021-06-14 14:30:13 72      JBSS_BBG000CHPMY5_2021-03-26
2021-06-14 14:30:13 72      JBT_BBG000VLBCQ1_2021-03-26
2021-06-14 14:30:13 73      JCI_BBG000BVWLJ6_2021-03-26
2021-06-14 14:30:13 75      JCOM_BBG000F3CWW7_2021-03-26
2021-06-14 14:30:13 76      JD_BBG005YHY0Q7_2021-03-26
2021-06-14 14:30:13 89      JEF_BBG000BNHSP9_2021-03-26
2021-06-14 14:30:13 91      JELD_BBG0019GM953_2021-03-26
2021-06-14 14:30:13 92      JJSF_BBG000BMGPW0_2021-03-26
2021-06-14 14:30:13 93      JKHY_BBG000BMH2Q7_2021-03-26
2021-06-14 14:30:13 94      JLL_BBG000C2L2L0_2021-03-26
2021-06-14 14:30:13 95      JNJ_BBG000BMHYD1_2021-03-26
2021-06-14 14:30:14 02      JNPR_BBG000BY33P5_2021-03-26
2021-06-14 14:30:14 04      JOBS_BBG000BJD1D4_2021-03-26
2021-06-14 14:30:14 05      JOUT_BBG000HCXFS4_2021-03-26
2021-06-14 14:30:14 05      JOUT: SPYKE!. Candle: ID:415, Time: 22:05, Close: 133.62
2021-06-14 14:30:14 06      JPM_BBG000DMBXR2_2021-03-26
2021-06-14 14:30:14 14      JWN_BBG000G8N9C6_2021-03-26
2021-06-14 14:30:14 16      K_BBG000BMKDM3_2021-03-26
2021-06-14 14:30:14 18      KALU_BBG000PKZDX4_2021-03-26
2021-06-14 14:30:14 19      KBH_BBG000BMLWX8_2021-03-26
2021-06-14 14:30:14 21      KDP_BBG000TJM7F0_2021-03-26
2021-06-14 14:30:14 25      KEP_BBG000BCWG90_2021-03-26
2021-06-14 14:30:14 26      KEX_BBG000BMQCP6_2021-03-26
2021-06-14 14:30:14 27      KEY_BBG000BMQPL1_2021-03-26
2021-06-14 14:30:14 29      KEYS_BBG0059FN811_2021-03-26
2021-06-14 14:30:14 31      KFY_BBG000C5QMB5_2021-03-26
2021-06-14 14:30:14 31      KHC_BBG005CPNTQ2_2021-03-26
2021-06-14 14:30:14 36      KIDS_BBG00HFFRW39_2021-03-26
2021-06-14 14:30:14 37      KIM_BBG000CN3S73_2021-03-26
2021-06-14 14:30:14 39      KLAC_BBG000BMTFR4_2021-03-26
2021-06-14 14:30:14 44      KMB_BBG000BMW2Z0_2021-03-26
2021-06-14 14:30:14 46      KMI_BBG0019JZ882_2021-03-26
2021-06-14 14:30:14 48      KMPR_BBG000H3GDJ8_2021-03-26
2021-06-14 14:30:14 49      KMT_BBG000BMWKC5_2021-03-26
2021-06-14 14:30:14 49      KMX_BBG000BLMZK6_2021-03-26
2021-06-14 14:30:14 51      KNSL_BBG00D8JD9Z9_2021-03-26
2021-06-14 14:30:14 52      KNX_BBG000BFC848_2021-03-26
2021-06-14 14:30:14 54      KO_BBG000BMX289_2021-03-26
2021-06-14 14:30:14 57      KOD_BBG00BVR0D02_2021-03-26
2021-06-14 14:30:14 58      KR_BBG000BMY992_2021-03-26
2021-06-14 14:30:14 62      KRG_BBG000BC2KW8_2021-03-26
2021-06-14 14:30:14 63      KRTX_BBG00NN875G0_2021-03-26
2021-06-14 14:30:14 64      KRYS_BBG00HDGRHH7_2021-03-26
2021-06-14 14:30:14 65      KSU_BBG000BMZ7P7_2021-03-26
2021-06-14 14:30:14 67      KTB_BBG00LPTHYD5_2021-03-26
2021-06-14 14:30:14 68      KWR_BBG000DZS2L9_2021-03-26
2021-06-14 14:30:14 69      L_BBG000C45984_2021-03-26
2021-06-14 14:30:14 70      LAD_BBG000K3BC83_2021-03-26
2021-06-14 14:30:14 71      LANC_BBG000BN1M88_2021-03-26
2021-06-14 14:30:14 72      LASR_BBG0020BCPX5_2021-03-26
2021-06-14 14:30:14 73      LB_BBG000BNGTQ7_2021-03-26
2021-06-14 14:30:14 76      LBRDK_BBG006GNSZW5_2021-03-26
2021-06-14 14:30:14 77      LCII_BBG000DNLMB0_2021-03-26
2021-06-14 14:30:14 78      LDOS_BBG000C23PB0_2021-03-26
2021-06-14 14:30:14 79      LEA_BBG000PTLGZ1_2021-03-26
2021-06-14 14:30:14 80      LECO_BBG000BB72K8_2021-03-26
2021-06-14 14:30:14 81      LEG_BBG000BN53G7_2021-03-26
2021-06-14 14:30:14 82      LEGH_BBG00MJDR6J9_2021-03-26
2021-06-14 14:30:14 83      LEN_BBG000BN5HF7_2021-03-26
2021-06-14 14:30:14 86      LEVI_BBG000BQDF10_2021-03-26
2021-06-14 14:30:14 87      LFC_BBG000BBK4B9_2021-03-26
2021-06-14 14:30:14 88      LFUS_BBG000BGFGT8_2021-03-26
2021-06-14 14:30:14 89      LGIH_BBG0056655S1_2021-03-26
2021-06-14 14:30:14 90      LGND_BBG000BKF014_2021-03-26
2021-06-14 14:30:14 91      LH_BBG000D9DMK0_2021-03-26
2021-06-14 14:30:14 93      LHCG_BBG000G7W420_2021-03-26
2021-06-14 14:30:14 94      LHX_BBG000BLGFJ9_2021-03-26
2021-06-14 14:30:14 95      LII_BBG000BB5B84_2021-03-26
2021-06-14 14:30:14 95      LIN_BBG00GVR8YQ9_2021-03-26
2021-06-14 14:30:14 98      LITE_BBG0073F9RT7_2021-03-26
2021-06-14 14:30:15 01      LKQ_BBG000PXDL44_2021-03-26
2021-06-14 14:30:15 03      LLY_BBG000BNBDC2_2021-03-26
2021-06-14 14:30:15 06      LMT_BBG000C1BW00_2021-03-26
2021-06-14 14:30:15 08      LNN_BBG000FJS1S8_2021-03-26
2021-06-14 14:30:15 08      LNT_BBG000DW4Q75_2021-03-26
2021-06-14 14:30:15 11      LNTH_BBG006Q52RD0_2021-03-26
2021-06-14 14:30:15 12      LOPE_BBG000FV28W9_2021-03-26
2021-06-14 14:30:15 13      LOW_BBG000BNDN65_2021-03-26
2021-06-14 14:30:15 16      LPL_BBG000FJ0RK9_2021-03-26
2021-06-14 14:30:15 16      LPLA_BBG000P2TYL8_2021-03-26
2021-06-14 14:30:15 19      LPSN_BBG000BSV0W5_2021-03-26
2021-06-14 14:30:15 20      LRCX_BBG000BNFLM9_2021-03-26
2021-06-14 14:30:15 23      LRN_BBG000QSXPZ9_2021-03-26
2021-06-14 14:30:15 25      LSCC_BBG000C2D1C1_2021-03-26
2021-06-14 14:30:15 27      LSTR_BBG000BB2KN0_2021-03-26
2021-06-14 14:30:15 27      LTHM_BBG00LV3NRG0_2021-03-26
2021-06-14 14:30:15 29      LULU_BBG000R8ZVD1_2021-03-26
2021-06-14 14:30:15 31      LUMN_BBG000BGLRN3_2021-03-26
2021-06-14 14:30:15 34      LUV_BBG000BNJHS8_2021-03-26
2021-06-14 14:30:15 37      LVS_BBG000JWD753_2021-03-26
2021-06-14 14:30:15 40      LW_BBG003CVMLQ2_2021-03-26
2021-06-14 14:30:15 41      LYB_BBG000WCFV84_2021-03-26
2021-06-14 14:30:15 42      LYFT_BBG004M9ZHX5_2021-03-26
2021-06-14 14:30:15 46      LYV_BBG000FQ7YR4_2021-03-26
2021-06-14 14:30:15 48      M_BBG000C46HM9_2021-03-26
2021-06-14 14:30:15 51      MA_BBG000F1ZSQ2_2021-03-26
2021-06-14 14:30:15 54      MAA_BBG000BLMY92_2021-03-26
2021-06-14 14:30:15 55      MAC_BBG000BL9C59_2021-03-26
2021-06-14 14:30:15 59      MAN_BBG000BNMHS4_2021-03-26
2021-06-14 14:30:15 60      MANH_BBG000BFV758_2021-03-26
2021-06-14 14:30:15 61      MANT_BBG000BGF8B5_2021-03-26
2021-06-14 14:30:15 62      MANU_BBG0035WV4N9_2021-03-26
2021-06-14 14:30:15 63      MAR_BBG000BGD7W6_2021-03-26
2021-06-14 14:30:15 67      MAS_BBG000BNNKG9_2021-03-26
2021-06-14 14:30:15 69      MASI_BBG000C3W281_2021-03-26
2021-06-14 14:30:15 70      MAT_BBG000BNNYW1_2021-03-26
2021-06-14 14:30:15 72      MATX_BBG000BBK401_2021-03-26
2021-06-14 14:30:15 73      MBT_BBG000CSZKR2_2021-03-26
2021-06-14 14:30:15 74      MBUU_BBG005PXTR70_2021-03-26
2021-06-14 14:30:15 75      MCD_BBG000BNSZP1_2021-03-26
2021-06-14 14:30:15 78      MCHP_BBG000BHCP19_2021-03-26
2021-06-14 14:30:15 82      MCK_BBG000DYGNW7_2021-03-26
2021-06-14 14:30:15 83      MCO_BBG000F86GP6_2021-03-26
2021-06-14 14:30:15 85      MCRI_BBG000BJ0932_2021-03-26
2021-06-14 14:30:15 86      MD_BBG000H8LGK2_2021-03-26
2021-06-14 14:30:15 87      MDB_BBG0022FDRY8_2021-03-26
2021-06-14 14:30:15 89      MDGL_BBG000QS6NV8_2021-03-26
2021-06-14 14:30:15 91      MDLA_BBG001BPKGT0_2021-03-26
2021-06-14 14:30:15 92      MDLZ_BBG000D4LWF6_2021-03-26
2021-06-14 14:30:15 97      MDRX_BBG000BLDXH5_2021-03-26
2021-06-14 14:30:15 98      MDT_BBG000BNWG87_2021-03-26
2021-06-14 14:30:16 02      MED_BBG000BWBW76_2021-03-26
2021-06-14 14:30:16 02      MEDP_BBG0065B7K59_2021-03-26
2021-06-14 14:30:16 04      MEI_BBG000BNY197_2021-03-26
2021-06-14 14:30:16 05      MELI_BBG000GQPB11_2021-03-26
2021-06-14 14:30:16 06      MET_BBG000BB6KF5_2021-03-26
2021-06-14 14:30:16 09      MFGP_BBG00HFWVGN0_2021-03-26
2021-06-14 14:30:16 13      MGLN_BBG000BD6DD9_2021-03-26
2021-06-14 14:30:16 14      MGM_BBG000C2BXK4_2021-03-26
2021-06-14 14:30:16 18      MGY_BBG00GNC8DL2_2021-03-26
2021-06-14 14:30:16 19      MHK_BBG000FLZN98_2021-03-26
2021-06-14 14:30:16 21      MHO_BBG000BL9MZ4_2021-03-26
2021-06-14 14:30:16 21      MIDD_BBG000DQN9R3_2021-03-26
2021-06-14 14:30:16 23      MINI_BBG000BGTX98_2021-03-26
2021-06-14 14:30:16 23      MKC_BBG000G6Y5W4_2021-03-26
2021-06-14 14:30:16 24      MKL_BBG000FC7366_2021-03-26
2021-06-14 14:30:16 25      MKSI_BBG000BVMG26_2021-03-26
2021-06-14 14:30:16 27      MKTX_BBG000BJBZ23_2021-03-26
2021-06-14 14:30:16 28      MLAB_BBG000BP3PW7_2021-03-26
2021-06-14 14:30:16 29      MLCO_BBG000BHP8J4_2021-03-26
2021-06-14 14:30:16 31      MLHR_BBG000BP46T2_2021-03-26
2021-06-14 14:30:16 31      MLM_BBG000BGYMH7_2021-03-26
2021-06-14 14:30:16 33      MMC_BBG000BP4MH0_2021-03-26
2021-06-14 14:30:16 35      MMI_BBG005GBRSR6_2021-03-26
2021-06-14 14:30:16 35      MMM_BBG000BP52R2_2021-03-26
2021-06-14 14:30:16 37      MMS_BBG000BC5WJ4_2021-03-26
2021-06-14 14:30:16 38      MMSI_BBG000C42VX0_2021-03-26
2021-06-14 14:30:16 40      MNRO_BBG000C0BZD1_2021-03-26
2021-06-14 14:30:16 41      MNST_BBG008NVB1C0_2021-03-26
2021-06-14 14:30:16 44      MO_BBG000BP6LJ8_2021-03-26
2021-06-14 14:30:16 47      MOH_BBG000MBHNC8_2021-03-26
2021-06-14 14:30:16 49      MOMO_BBG007HTCQT0_2021-03-26
2021-06-14 14:30:16 61      MORN_BBG000CGQ4F7_2021-03-26
2021-06-14 14:30:16 62      MOS_BBG000BFXHL6_2021-03-26
2021-06-14 14:30:16 66      MOV_BBG000BL30Y9_2021-03-26
2021-06-14 14:30:16 67      MPC_BBG001DCCGR8_2021-03-26
2021-06-14 14:30:16 70      MPWR_BBG000C30L48_2021-03-26
2021-06-14 14:30:16 72      MRC_BBG000BKLTM1_2021-03-26
2021-06-14 14:30:16 73      MRK_BBG000BPD168_2021-03-26
2021-06-14 14:30:16 76      MRNA_BBG003PHHZT1_2021-03-26
2021-06-14 14:30:16 82      MRO_BBG000C8H633_2021-03-26
2021-06-14 14:30:16 85      MRTX_BBG004TPGBP5_2021-03-26
2021-06-14 14:30:16 86      MS_BBG000BLZRJ2_2021-03-26
2021-06-14 14:30:16 91      MSA_BBG000BPDXF8_2021-03-26
2021-06-14 14:30:16 93      MSCI_BBG000RTDY25_2021-03-26
2021-06-14 14:30:16 94      MSFT_BBG000BPH459_2021-03-26
2021-06-14 14:30:17 16      MSGE_BBG00L9HLWV8_2021-03-26
2021-06-14 14:30:17 17      MSGE: SPYKE!. Candle: ID:5, Time: 12:40, Close: 93
2021-06-14 14:30:17 17      MSGN_BBG000NS03H7_2021-03-26
2021-06-14 14:30:17 18      MSGN: SPYKE!. Candle: ID:13, Time: 11:00, Close: 17.42
2021-06-14 14:30:17 19      MSGS_BBG007FG0C23_2021-03-26
2021-06-14 14:30:17 20      MSI_BBG000BP8Z50_2021-03-26
2021-06-14 14:30:17 22      MSM_BBG000BCLYL9_2021-03-26
2021-06-14 14:30:17 23      MSTR_BBG000GQJPZ0_2021-03-26
2021-06-14 14:30:17 27      MTB_BBG000D9KWL9_2021-03-26
2021-06-14 14:30:17 29      MTCH_BBG00B6WH9G3_2021-03-26
2021-06-14 14:30:17 32      MTD_BBG000BZCKH3_2021-03-26
2021-06-14 14:30:17 33      MTG_BBG000CBMH27_2021-03-26
2021-06-14 14:30:17 34      MTH_BBG000F4F1N0_2021-03-26
2021-06-14 14:30:17 36      MTN_BBG000BCMWM1_2021-03-26
2021-06-14 14:30:17 37      MTOR_BBG000BH92D1_2021-03-26
2021-06-14 14:30:17 38      MTRN_BBG000BDTT76_2021-03-26
2021-06-14 14:30:17 39      MU_BBG000C5Z1S3_2021-03-26
2021-06-14 14:30:17 52      MUR_BBG000BPMH90_2021-03-26
2021-06-14 14:30:17 54      MUSA_BBG001Z0Q6T5_2021-03-26
2021-06-14 14:30:17 57      MXIM_BBG000BPNP00_2021-03-26
2021-06-14 14:30:17 63      MXL_BBG000BB6R33_2021-03-26
2021-06-14 14:30:17 64      MYGN_BBG000D9H9F1_2021-03-26
2021-06-14 14:30:17 65      MYRG_BBG000BC7VW9_2021-03-26
2021-06-14 14:30:17 66      NARI_BBG009J8K7M0_2021-03-26
2021-06-14 14:30:17 70      NATI_BBG000DZK6N6_2021-03-26
2021-06-14 14:30:17 72      NAVI_BBG004MN1R41_2021-03-26
2021-06-14 14:30:17 74      NBIX_BBG000GJS7C1_2021-03-26
2021-06-14 14:30:17 77      NCBS_BBG000QK0TG5_2021-03-26
2021-06-14 14:30:17 79      NCR_BBG000BMXK89_2021-03-26
2021-06-14 14:30:17 80      NDAQ_BBG000F5VVB6_2021-03-26
2021-06-14 14:30:17 82      NDSN_BBG000BPWGR1_2021-03-26
2021-06-14 14:30:17 84      NEE_BBG000BJSBJ0_2021-03-26
2021-06-14 14:30:17 90      NEM_BBG000BPWXK1_2021-03-26
2021-06-14 14:30:17 93      NEO_BBG000BKH263_2021-03-26
2021-06-14 14:30:17 95      NEOG_BBG000C1BCK2_2021-03-26
2021-06-14 14:30:17 96      NET_BBG001WMKHH5_2021-03-26
2021-06-14 14:30:18 00      NEU_BBG000BJ5SS8_2021-03-26
2021-06-14 14:30:18 01      NEWR_BBG001NFKJ68_2021-03-26
2021-06-14 14:30:18 02      NFLX_BBG000CL9VN6_2021-03-26
2021-06-14 14:30:18 09      NGVT_BBG009LM28K6_2021-03-26
2021-06-14 14:30:18 10      NJR_BBG000BPZVW9_2021-03-26
2021-06-14 14:30:18 11      NKE_BBG000C5HS04_2021-03-26
2021-06-14 14:30:18 18      NKTR_BBG000BHCYJ1_2021-03-26
2021-06-14 14:30:18 20      NLOK_BBG000BH2JM1_2021-03-26
2021-06-14 14:30:18 22      NLSN_BBG0088CYPX8_2021-03-26
2021-06-14 14:30:18 24      NMIH_BBG005DLMMZ6_2021-03-26
2021-06-14 14:30:18 25      NOC_BBG000BQ2C28_2021-03-26
2021-06-14 14:30:18 27      NOK_BBG000BNGBW9_2021-03-26
2021-06-14 14:30:18 30      NOV_BBG000BJX8C8_2021-03-26
2021-06-14 14:30:18 33      NOW_BBG000M1R011_2021-03-26
2021-06-14 14:30:18 37      NP_BBG000QCQ764_2021-03-26
2021-06-14 14:30:18 37      NPK_BBG000BQ4GG2_2021-03-26
2021-06-14 14:30:18 39      NRG_BBG000D8RG11_2021-03-26
2021-06-14 14:30:18 41      NSC_BBG000BQ5DS5_2021-03-26
2021-06-14 14:30:18 43      NSP_BBG000BJ41X2_2021-03-26
2021-06-14 14:30:18 44      NTAP_BBG000FP1N32_2021-03-26
2021-06-14 14:30:18 47      NTCO_BBG00R4ZKPN5_2021-03-26
2021-06-14 14:30:18 48      NTCT_BBG000C136Z8_2021-03-26
2021-06-14 14:30:18 49      NTES_BBG000BX72V8_2021-03-26
2021-06-14 14:30:18 52      NTGR_BBG000C4GBR6_2021-03-26
2021-06-14 14:30:18 53      NTLA_BBG007KC7PB0_2021-03-26
2021-06-14 14:30:18 55      NTNX_BBG001NDW1Z7_2021-03-26
2021-06-14 14:30:18 58      NTRA_BBG001J1BQ86_2021-03-26
2021-06-14 14:30:18 60      NTRS_BBG000BQ74K1_2021-03-26
2021-06-14 14:30:18 62      NTUS_BBG000DPZHS3_2021-03-26
2021-06-14 14:30:18 63      NUE_BBG000BQ8KV2_2021-03-26
2021-06-14 14:30:18 66      NUS_BBG000HG21Y3_2021-03-26
2021-06-14 14:30:18 67      NUVA_BBG000LNL298_2021-03-26
2021-06-14 14:30:18 69      NVDA_BBG000BBJQV0_2021-03-26
2021-06-14 14:30:18 84      NVEE_BBG005BT60Y8_2021-03-26
2021-06-14 14:30:18 85      NVR_BBG000BQBYR3_2021-03-26
2021-06-14 14:30:18 86      NVRO_BBG001K61W36_2021-03-26
2021-06-14 14:30:18 87      NVTA_BBG005DJFD43_2021-03-26
2021-06-14 14:30:18 90      NWE_BBG000Q1NMJ4_2021-03-26
2021-06-14 14:30:18 91      NWL_BBG000BQC9V2_2021-03-26
2021-06-14 14:30:18 93      NWLI_BBG008HNHZ07_2021-03-26
2021-06-14 14:30:18 94      NWS_BBG0035M2ZB7_2021-03-26
2021-06-14 14:30:18 96      NWSA_BBG0035LY913_2021-03-26
2021-06-14 14:30:19 00      NXPI_BBG000BND699_2021-03-26
2021-06-14 14:30:19 05      NXST_BBG000DZJVH0_2021-03-26
2021-06-14 14:30:19 07      NYT_BBG000FFC0B3_2021-03-26
2021-06-14 14:30:19 09      O_BBG000DHPN63_2021-03-26
2021-06-14 14:30:19 11      OC_BBG000M44VW8_2021-03-26
2021-06-14 14:30:19 12      ODFL_BBG000CHSS88_2021-03-26
2021-06-14 14:30:19 14      OFIX_BBG000G1C210_2021-03-26
2021-06-14 14:30:19 15      OHI_BBG000BGBTC2_2021-03-26
2021-06-14 14:30:19 17      OI_BBG00R2JZG39_2021-03-26
2021-06-14 14:30:19 20      OII_BBG000CPBCL8_2021-03-26
2021-06-14 14:30:19 21      OIS_BBG000BDDN94_2021-03-26
2021-06-14 14:30:19 23      OKE_BBG000BQHGR6_2021-03-26
2021-06-14 14:30:19 25      OKTA_BBG001YV1SM4_2021-03-26
2021-06-14 14:30:19 29      OLED_BBG000BLRP41_2021-03-26
2021-06-14 14:30:19 31      OLLI_BBG0098VVDT9_2021-03-26
2021-06-14 14:30:19 33      OMC_BBG000BS9489_2021-03-26
2021-06-14 14:30:19 35      OMCL_BBG000BTNGZ4_2021-03-26
2021-06-14 14:30:19 36      ON_BBG000DV7MX4_2021-03-26
2021-06-14 14:30:19 41      ONTO_BBG000BPRN29_2021-03-26
2021-06-14 14:30:19 42      ORCL_BBG000BQLTW7_2021-03-26
2021-06-14 14:30:19 46      ORLY_BBG000BGYWY6_2021-03-26
2021-06-14 14:30:19 48      OSIS_BBG000BWPR54_2021-03-26
2021-06-14 14:30:19 50      OSK_BBG000CC53X1_2021-03-26
2021-06-14 14:30:19 51      OSUR_BBG000J3D1Y8_2021-03-26
2021-06-14 14:30:19 52      OSUR: SPYKE!. Candle: ID:3553, Time: 20:50, Close: 10.55
2021-06-14 14:30:19 52      OSUR: SPYKE!. Candle: ID:3563, Time: 20:55, Close: 10.48
2021-06-14 14:30:19 53      OTIS_BBG00RP60KV0_2021-03-26
2021-06-14 14:30:19 54      OVV_BBG00R2NHQ65_2021-03-26
2021-06-14 14:30:19 56      OXY_BBG000BQQ2S6_2021-03-26
2021-06-14 14:30:19 63      PAGS_BBG00JM7QBR6_2021-03-26
2021-06-14 14:30:19 65      PANW_BBG0014GJCT9_2021-03-26
2021-06-14 14:30:19 66      PATK_BBG000BQSBB2_2021-03-26
2021-06-14 14:30:19 68      PAYC_BBG0064N0ZZ5_2021-03-26
2021-06-14 14:30:19 69      PB_BBG000BHY4D9_2021-03-26
2021-06-14 14:30:19 70      PBCT_BBG000BQT4L6_2021-03-26
2021-06-14 14:30:19 72      PBF_BBG002832GV8_2021-03-26
2021-06-14 14:30:19 75      PBH_BBG000QM0RZ4_2021-03-26
2021-06-14 14:30:19 76      PBI_BBG000BQTMJ9_2021-03-26
2021-06-14 14:30:19 78      PCAR_BBG000BQVTF5_2021-03-26
2021-06-14 14:30:19 80      PCG_BBG000BQWPC5_2021-03-26
2021-06-14 14:30:19 83      PCRX_BBG0018FQNS6_2021-03-26
2021-06-14 14:30:19 85      PCTY_BBG006598YS8_2021-03-26
2021-06-14 14:30:19 87      PD_BBG0043BYPB8_2021-03-26
2021-06-14 14:30:19 88      PDCO_BBG000BQY289_2021-03-26
2021-06-14 14:30:19 89      PEAK_BBG000BKYDP9_2021-03-26
2021-06-14 14:30:19 92      PEG_BBG000BQZMH4_2021-03-26
2021-06-14 14:30:19 94      PEGA_BBG000H1RYG7_2021-03-26
2021-06-14 14:30:19 95      PEN_BBG001BP92V1_2021-03-26
2021-06-14 14:30:19 96      PEP_BBG000DH7JK6_2021-03-26
2021-06-14 14:30:20 04      PETQ_BBG00H1CY328_2021-03-26
2021-06-14 14:30:20 05      PFE_BBG000BR2B91_2021-03-26
2021-06-14 14:30:20 09      PFG_BBG000NSCNT7_2021-03-26
2021-06-14 14:30:20 12      PFGC_BBG009XW2WB8_2021-03-26
2021-06-14 14:30:20 13      PFPT_BBG000RQ2GY7_2021-03-26
2021-06-14 14:30:20 14      PFPT: SPYKE!. Candle: ID:1993, Time: 20:05, Close: 123.17
2021-06-14 14:30:20 14      PG_BBG000BR2TH3_2021-03-26
2021-06-14 14:30:20 22      PGNY_BBG002H1K1H1_2021-03-26
2021-06-14 14:30:20 23      PGR_BBG000BR37X2_2021-03-26
2021-06-14 14:30:20 25      PGTI_BBG000FX3Y66_2021-03-26
2021-06-14 14:30:20 26      PH_BBG000BR3KL6_2021-03-26
2021-06-14 14:30:20 28      PHM_BBG000BR54L0_2021-03-26
2021-06-14 14:30:20 30      PII_BBG000D5S4M0_2021-03-26
2021-06-14 14:30:20 32      PINC_BBG000G7QX50_2021-03-26
2021-06-14 14:30:20 33      PINS_BBG002583CV8_2021-03-26
2021-06-14 14:30:20 37      PIPR_BBG000FQXC75_2021-03-26
2021-06-14 14:30:20 38      PKG_BBG000BB8SW7_2021-03-26
2021-06-14 14:30:20 39      PKI_BBG000FXW512_2021-03-26
2021-06-14 14:30:20 41      PLAN_BBG002DZS299_2021-03-26
2021-06-14 14:30:20 42      PLAY_BBG001WWJTK5_2021-03-26
2021-06-14 14:30:20 45      PLCE_BBG000JK9DK4_2021-03-26
2021-06-14 14:30:20 46      PLD_BBG000B9Z0J8_2021-03-26
2021-06-14 14:30:20 47      PLNT_BBG009H04M17_2021-03-26
2021-06-14 14:30:20 49      PLTR_BBG000N7QR55_2021-03-26
2021-06-14 14:30:20 57      PLUS_BBG000HN7W02_2021-03-26
2021-06-14 14:30:20 57      PLXS_BBG000BRBX66_2021-03-26
2021-06-14 14:30:20 58      PM_BBG000J2XL74_2021-03-26
2021-06-14 14:30:20 62      PNC_BBG000BRD0D8_2021-03-26
2021-06-14 14:30:20 65      PNFP_BBG000C1XKF6_2021-03-26
2021-06-14 14:30:20 66      PNTG_BBG00P33SY72_2021-03-26
2021-06-14 14:30:20 67      PODD_BBG000R7XX87_2021-03-26
2021-06-14 14:30:20 69      POOL_BBG000BCVG28_2021-03-26
2021-06-14 14:30:20 71      POR_BBG000BCRMW7_2021-03-26
2021-06-14 14:30:20 72      POST_BBG001WTBC36_2021-03-26
2021-06-14 14:30:20 73      POWI_BBG000BTT3D1_2021-03-26
2021-06-14 14:30:20 74      PPC_BBG000BFLXV3_2021-03-26
2021-06-14 14:30:20 75      PPG_BBG000BRJ809_2021-03-26
2021-06-14 14:30:20 77      PPL_BBG000BRJL00_2021-03-26
2021-06-14 14:30:20 79      PRAA_BBG000BNTW77_2021-03-26
2021-06-14 14:30:20 80      PRAH_BBG007387YL8_2021-03-26
2021-06-14 14:30:20 82      PRFT_BBG000BVXFK6_2021-03-26
2021-06-14 14:30:20 83      PRG_BBG00VSH86G4_2021-03-26
2021-06-14 14:30:20 84      PRGS_BBG000C4QP94_2021-03-26
2021-06-14 14:30:20 85      PRI_BBG000T8ZF80_2021-03-26
2021-06-14 14:30:20 85      PRLB_BBG000BT13B3_2021-03-26
2021-06-14 14:30:20 86      PRSP_BBG00KMXKWF9_2021-03-26
2021-06-14 14:30:20 87      PRU_BBG000HCJMF9_2021-03-26
2021-06-14 14:30:20 91      PSA_BBG000BPPN67_2021-03-26
2021-06-14 14:30:20 92      PSN_BBG000C3TKY6_2021-03-26
2021-06-14 14:30:20 93      PSTG_BBG00212PVZ5_2021-03-26
2021-06-14 14:30:20 96      PSX_BBG00286S4N9_2021-03-26
2021-06-14 14:30:20 98      PTC_BBG000C2VBB0_2021-03-26
2021-06-14 14:30:20 99      PTCT_BBG000QT15P7_2021-03-26
2021-06-14 14:30:21 00      PTON_BBG00JG0FFZ2_2021-03-26
2021-06-14 14:30:21 05      PTR_BBG000BR85F1_2021-03-26
2021-06-14 14:30:21 05      PUMP_BBG00FYCQ352_2021-03-26
2021-06-14 14:30:21 06      PVH_BBG000BRRG02_2021-03-26
2021-06-14 14:30:21 08      PWR_BBG000BBL8V7_2021-03-26
2021-06-14 14:30:21 09      PXD_BBG000BXRPH1_2021-03-26
2021-06-14 14:30:21 11      PYPL_BBG0077VNXV6_2021-03-26
2021-06-14 14:30:21 21      PZZA_BBG000BFWF13_2021-03-26
2021-06-14 14:30:21 23      QADA_BBG001BP77C3_2021-03-26
2021-06-14 14:30:21 24      QCOM_BBG000CGC1X8_2021-03-26
2021-06-14 14:30:21 38      QDEL_BBG000C6GN04_2021-03-26
2021-06-14 14:30:21 40      QLYS_BBG000HT5G06_2021-03-26
2021-06-14 14:30:21 42      QNST_BBG000S9XXB8_2021-03-26
2021-06-14 14:30:21 43      QRTEA_BBG000PCQQL6_2021-03-26
2021-06-14 14:30:21 44      QRVO_BBG007TJF1N7_2021-03-26
2021-06-14 14:30:21 48      QTS_BBG0054B20Z8_2021-03-26
2021-06-14 14:30:21 48      QTWO_BBG005ZVK9P2_2021-03-26
2021-06-14 14:30:21 49      QUOT_BBG001QYNR63_2021-03-26
2021-06-14 14:30:21 50      QUOT: SPYKE!. Candle: ID:12, Time: 13:30, Close: 15.06
2021-06-14 14:30:21 51      R_BBG000BRVP70_2021-03-26
2021-06-14 14:30:21 52      RACE_BBG009PH3Q86_2021-03-26
2021-06-14 14:30:21 53      RAMP_BBG000BB4HM6_2021-03-26
2021-06-14 14:30:21 54      RARE_BBG001RWPDW6_2021-03-26
2021-06-14 14:30:21 55      RAVN_BBG000CXQTZ3_2021-03-26
2021-06-14 14:30:21 56      RBC_BBG000BRXTR8_2021-03-26
2021-06-14 14:30:21 57      RCL_BBG000BB5792_2021-03-26
2021-06-14 14:30:21 61      RDFN_BBG001Q7HP63_2021-03-26
2021-06-14 14:30:21 63      RDS.A_BBG000QXSSS6_2021-03-26
2021-06-14 14:30:21 65      RDY_BBG000NJ96L6_2021-03-26
2021-06-14 14:30:21 67      RE_BBG000C1XVK6_2021-03-26
2021-06-14 14:30:21 67      REG_BBG000BL46Q4_2021-03-26
2021-06-14 14:30:21 70      REGI_BBG0016SSV00_2021-03-26
2021-06-14 14:30:21 73      REGN_BBG000C734W3_2021-03-26
2021-06-14 14:30:21 75      RETA_BBG000R33BD1_2021-03-26
2021-06-14 14:30:21 77      REX_BBG000D2ZK61_2021-03-26
2021-06-14 14:30:21 78      REZI_BBG00HY28K89_2021-03-26
2021-06-14 14:30:21 78      RF_BBG000Q3JN03_2021-03-26
2021-06-14 14:30:21 81      RGA_BBG000BDLCQ0_2021-03-26
2021-06-14 14:30:21 82      RGEN_BBG000BS48J3_2021-03-26
2021-06-14 14:30:21 84      RGLD_BBG000BS5170_2021-03-26
2021-06-14 14:30:21 86      RGNX_BBG007Z9V591_2021-03-26
2021-06-14 14:30:21 87      RGR_BBG000C4FQG6_2021-03-26
2021-06-14 14:30:21 88      RH_BBG002293PJ4_2021-03-26
2021-06-14 14:30:21 90      RHI_BBG000BS5DR2_2021-03-26
2021-06-14 14:30:21 91      RIG_BBG000BH5LT6_2021-03-26
2021-06-14 14:30:21 95      RJF_BBG000BS73J1_2021-03-26
2021-06-14 14:30:21 96      RL_BBG000BS0ZF1_2021-03-26
2021-06-14 14:30:21 97      RMD_BBG000L4M7F1_2021-03-26
2021-06-14 14:30:21 98      RNG_BBG000J094P3_2021-03-26
2021-06-14 14:30:21 99      ROCK_BBG000BKQDQ7_2021-03-26
2021-06-14 14:30:22 00      ROG_BBG000BS9HN3_2021-03-26
2021-06-14 14:30:22 01      ROK_BBG000BBCDZ2_2021-03-26
2021-06-14 14:30:22 02      ROKU_BBG001ZZPQJ6_2021-03-26
2021-06-14 14:30:22 09      ROL_BBG000BSBBP1_2021-03-26
2021-06-14 14:30:22 10      ROLL_BBG000GMGNB3_2021-03-26
2021-06-14 14:30:22 11      ROP_BBG000F1ZSN5_2021-03-26
2021-06-14 14:30:22 12      ROST_BBG000BSBZH7_2021-03-26
2021-06-14 14:30:22 15      RPD_BBG009DFHWG6_2021-03-26
2021-06-14 14:30:22 16      RPM_BBG000DCNK80_2021-03-26
2021-06-14 14:30:22 17      RRBI_BBG000QKNLB2_2021-03-26
2021-06-14 14:30:22 18      RRC_BBG000FVXD63_2021-03-26
2021-06-14 14:30:22 20      RRGB_BBG000MXH9C1_2021-03-26
2021-06-14 14:30:22 21      RS_BBG000CJ2181_2021-03-26
2021-06-14 14:30:22 22      RSG_BBG000BPXVJ6_2021-03-26
2021-06-14 14:30:22 24      RTX_BBG000BW8S60_2021-03-26
2021-06-14 14:30:22 27      RVLV_BBG00M4RHBD0_2021-03-26
2021-06-14 14:30:22 28      RXN_BBG000H8R0N8_2021-03-26
2021-06-14 14:30:22 29      RYN_BBG000BG7L34_2021-03-26
2021-06-14 14:30:22 30      RYTM_BBG007DLZ601_2021-03-26
2021-06-14 14:30:22 32      SAFM_BBG000BSHJ96_2021-03-26
2021-06-14 14:30:22 33      SAGE_BBG0025X16Y5_2021-03-26
2021-06-14 14:30:22 34      SAIA_BBG000P5LMQ0_2021-03-26
2021-06-14 14:30:22 35      SAIC_BBG003BW05K6_2021-03-26
2021-06-14 14:30:22 37      SAIL_BBG00J0BBZL0_2021-03-26
2021-06-14 14:30:22 38      SAM_BBG000BCZBF1_2021-03-26
2021-06-14 14:30:22 39      SAVE_BBG000BF6RQ9_2021-03-26
2021-06-14 14:30:22 42      SBAC_BBG000D2M0Z7_2021-03-26
2021-06-14 14:30:22 45      SBCF_BBG000KK3464_2021-03-26
2021-06-14 14:30:22 47      SBGI_BBG000F2XXP2_2021-03-26
2021-06-14 14:30:22 49      SBH_BBG000LR8515_2021-03-26
2021-06-14 14:30:22 50      SBRA_BBG000MTDW24_2021-03-26
2021-06-14 14:30:22 52      SBUX_BBG000CTQBF3_2021-03-26
2021-06-14 14:30:22 59      SCCO_BBG000BSHH72_2021-03-26
2021-06-14 14:30:22 61      SCHW_BBG000BSLZY7_2021-03-26
2021-06-14 14:30:22 64      SCI_BBG000BTHH16_2021-03-26
2021-06-14 14:30:22 65      SCSC_BBG000BHTPZ4_2021-03-26
2021-06-14 14:30:22 66      SDGR_BBG000T88BN2_2021-03-26
2021-06-14 14:30:22 67      SDGR: SPYKE!. Candle: ID:15, Time: 8:00, Close: 74.8
2021-06-14 14:30:22 67      SDGR: SPYKE!. Candle: ID:172, Time: 10:05, Close: 67
2021-06-14 14:30:22 67      SDGR: SPYKE!. Candle: ID:173, Time: 10:05, Close: 70.53
2021-06-14 14:30:22 67      SDGR: SPYKE!. Candle: ID:183, Time: 10:10, Close: 67
2021-06-14 14:30:22 67      SDGR: SPYKE!. Candle: ID:185, Time: 10:10, Close: 69.98
2021-06-14 14:30:22 68      SEDG_BBG0084BBZY6_2021-03-26
2021-06-14 14:30:22 69      SEE_BBG000C22QV7_2021-03-26
2021-06-14 14:30:22 71      SEIC_BBG000BSQLT9_2021-03-26
2021-06-14 14:30:22 72      SERV_TCS002WMH2F2_2021-03-26
2021-06-14 14:30:22 73      SF_BBG000BSS5C0_2021-03-26
2021-06-14 14:30:22 74      SFIX_BBG0046L1KL9_2021-03-26
2021-06-14 14:30:22 76      SFM_BBG001KFKQM7_2021-03-26
2021-06-14 14:30:22 79      SGEN_BBG000BH0FR6_2021-03-26
2021-06-14 14:30:22 81      SHAK_BBG0063GCHH8_2021-03-26
2021-06-14 14:30:22 82      SHEN_BBG000BTC2N0_2021-03-26
2021-06-14 14:30:22 83      SHI_BBG000BHR1H9_2021-03-26
2021-06-14 14:30:22 84      SHW_BBG000BSXQV7_2021-03-26
2021-06-14 14:30:22 85      SIG_BBG000C4ZZ10_2021-03-26
2021-06-14 14:30:22 86      SIGI_BBG000BSZ738_2021-03-26
2021-06-14 14:30:22 87      SITE_BBG009T22D49_2021-03-26
2021-06-14 14:30:22 88      SIVB_BBG000BT0CM2_2021-03-26
2021-06-14 14:30:22 89      SJI_BBG000BT0T72_2021-03-26
2021-06-14 14:30:22 91      SJM_BBG000BT1715_2021-03-26
2021-06-14 14:30:22 92      SKM_BBG000BLN497_2021-03-26
2021-06-14 14:30:22 93      SKX_BBG000C4HKK2_2021-03-26
2021-06-14 14:30:22 95      SLAB_BBG000BB99S3_2021-03-26
2021-06-14 14:30:22 96      SLB_BBG000BT41Q8_2021-03-26
2021-06-14 14:30:22 99      SLG_BBG000BVP5P2_2021-03-26
2021-06-14 14:30:23 02      SMAR_BBG00GQK3WB5_2021-03-26
2021-06-14 14:30:23 03      SMG_BBG000BT5PG5_2021-03-26
2021-06-14 14:30:23 04      SMPL_BBG00GVP5JL4_2021-03-26
2021-06-14 14:30:23 05      SMTC_BBG000DBKR53_2021-03-26
2021-06-14 14:30:23 06      SNA_BBG000BT7JW9_2021-03-26
2021-06-14 14:30:23 07      SNAP_BBG00441QMJ7_2021-03-26
2021-06-14 14:30:23 14      SNBR_BBG000DM2BF3_2021-03-26
2021-06-14 14:30:23 16      SNPS_BBG000BSFRF3_2021-03-26
2021-06-14 14:30:23 19      SNX_BBG000CL9JV4_2021-03-26
2021-06-14 14:30:23 20      SNY_BBG000BBD5N1_2021-03-26
2021-06-14 14:30:23 22      SO_BBG000BT9DW0_2021-03-26
2021-06-14 14:30:23 24      SOHU_BBG00L2DB535_2021-03-26
2021-06-14 14:30:23 25      SON_BBG000D7HF89_2021-03-26
2021-06-14 14:30:23 27      SONO_BBG001JZPSQ2_2021-03-26
2021-06-14 14:30:23 29      SP_BBG000BJ91B1_2021-03-26
2021-06-14 14:30:23 29      SP: SPYKE!. Candle: ID:14, Time: 13:30, Close: 33.02
2021-06-14 14:30:23 29      SP: SPYKE!. Candle: ID:15, Time: 13:30, Close: 32.82
2021-06-14 14:30:23 30      SPB@US_BBG000DS5588_2021-03-26
2021-06-14 14:30:23 31      SPCE_BBG00HTN2CQ3_2021-03-26
2021-06-14 14:30:23 41      SPG_BBG000BJ2D31_2021-03-26
2021-06-14 14:30:23 45      SPGI_BBG000BP1Q11_2021-03-26
2021-06-14 14:30:23 47      SPLK_BBG001C7TST4_2021-03-26
2021-06-14 14:30:23 50      SPOT_BBG003T4VFC2_2021-03-26
2021-06-14 14:30:23 51      SPR_BBG000PRJ2Z9_2021-03-26
2021-06-14 14:30:23 54      SPSC_BBG000PZGB75_2021-03-26
2021-06-14 14:30:23 55      SQ_BBG0018SLC07_2021-03-26
2021-06-14 14:30:23 62      SRC_BBG0027Z6X10_2021-03-26
2021-06-14 14:30:23 63      SRCL_BBG000H3FZM6_2021-03-26
2021-06-14 14:30:23 65      SRDX_BBG000BZ2QG2_2021-03-26
2021-06-14 14:30:23 66      SRE_BBG000C2ZCH8_2021-03-26
2021-06-14 14:30:23 68      SRI_BBG000BB9Q78_2021-03-26
2021-06-14 14:30:23 68      SRPT_BBG000BCJ161_2021-03-26
2021-06-14 14:30:23 71      SSD_BBG000JLC8L8_2021-03-26
2021-06-14 14:30:23 72      SSNC_BBG000RJ2J04_2021-03-26
2021-06-14 14:30:23 73      SSTK_BBG002ZCK2V9_2021-03-26
2021-06-14 14:30:23 74      STAA_BBG000C4QB95_2021-03-26
2021-06-14 14:30:23 76      STAG_BBG000BGLFP7_2021-03-26
2021-06-14 14:30:23 77      STLD_BBG000HGYNZ9_2021-03-26
2021-06-14 14:30:23 80      STMP_BBG000CZ4KF3_2021-03-26
2021-06-14 14:30:23 82      STRA_BBG000GRZDV1_2021-03-26
2021-06-14 14:30:23 83      STT_BBG000BKFBD7_2021-03-26
2021-06-14 14:30:23 85      STX_BBG000F0KF42_2021-03-26
2021-06-14 14:30:23 86      Warning: figi `BBG000F0KF42` for history data does not match actual figi `BBG0113JGQF0`. Ticker: STX. Will be used actual!
2021-06-14 14:30:23 88      STZ_BBG000J1QLT0_2021-03-26
2021-06-14 14:30:23 90      SUPN_BBG000BP0HX7_2021-03-26
2021-06-14 14:30:23 91      SWAV_BBG005XVXML5_2021-03-26
2021-06-14 14:30:23 92      SWBI_BBG000BM0QL7_2021-03-26
2021-06-14 14:30:23 94      SWCH_BBG00HPDM5Z2_2021-03-26
2021-06-14 14:30:23 95      SWI_BBG00M1CKSK7_2021-03-26
2021-06-14 14:30:23 95      SWK_BBG000BTQR96_2021-03-26
2021-06-14 14:30:23 97      SWKS_BBG000KLB4Q1_2021-03-26
2021-06-14 14:30:24 01      SWN_BBG000BTR593_2021-03-26
2021-06-14 14:30:24 04      SWX_BBG00FWP4JW4_2021-03-26
2021-06-14 14:30:24 06      SXI_BBG000BTT5B8_2021-03-26
2021-06-14 14:30:24 06      SXT_BBG000J79P80_2021-03-26
2021-06-14 14:30:24 07      SYF_BBG00658F3P3_2021-03-26
2021-06-14 14:30:24 11      SYK_BBG000DN7P92_2021-03-26
2021-06-14 14:30:24 13      SYKE_BBG000BBHPV4_2021-03-26
2021-06-14 14:30:24 14      SYNA_BBG000BQV1S2_2021-03-26
2021-06-14 14:30:24 15      SYNH_BBG0078Y1D92_2021-03-26
2021-06-14 14:30:24 16      SYY_BBG000BTVJ25_2021-03-26
2021-06-14 14:30:24 18      T_BBG000BSJK37_2021-03-26
2021-06-14 14:30:24 22      TAK_BBG000LF8708_2021-03-26
2021-06-14 14:30:24 23      TAL_BBG0016XJ8S0_2021-03-26
2021-06-14 14:30:24 32      TAP_BBG000BS7KS3_2021-03-26
2021-06-14 14:30:24 34      TCBI_BBG000DN4ZT1_2021-03-26
2021-06-14 14:30:24 39      TCMD_BBG001B12Z39_2021-03-26
2021-06-14 14:30:24 40      TCRR_BBG00FH3FM15_2021-03-26
2021-06-14 14:30:24 41      TCRR: SPYKE!. Candle: ID:1393, Time: 19:15, Close: 24.19
2021-06-14 14:30:24 41      TCRR: SPYKE!. Candle: ID:1401, Time: 19:15, Close: 23.4
2021-06-14 14:30:24 42      TCS_BBG005DXJS36_2021-03-26
2021-06-14 14:30:24 43      TCX_BBG000L69KL5_2021-03-26
2021-06-14 14:30:24 44      TDC_BBG000R0L5J4_2021-03-26
2021-06-14 14:30:24 46      TDG_BBG000L8CBX4_2021-03-26
2021-06-14 14:30:24 47      TDOC_BBG0019T5SG0_2021-03-26
2021-06-14 14:30:24 50      TDS_BBG000BV0VK7_2021-03-26
2021-06-14 14:30:24 51      TDY_BBG000BMT9T6_2021-03-26
2021-06-14 14:30:24 52      TECH_BBG000C15114_2021-03-26
2021-06-14 14:30:24 54      TEL_BBG000RGM5P1_2021-03-26
2021-06-14 14:30:24 55      TENB_BBG00LBLCD02_2021-03-26
2021-06-14 14:30:24 56      TER_BBG000BV4DR6_2021-03-26
2021-06-14 14:30:24 60      TFC_BBG000BYYLS8_2021-03-26
2021-06-14 14:30:24 64      TFX_BBG000BV59Y6_2021-03-26
2021-06-14 14:30:24 65      TGNA_BBG000BK5DP1_2021-03-26
2021-06-14 14:30:24 66      TGT_BBG000H8TVT2_2021-03-26
2021-06-14 14:30:24 70      THG_BBG000FJH8W0_2021-03-26
2021-06-14 14:30:24 71      THO_BBG000BV6R84_2021-03-26
2021-06-14 14:30:24 72      THRM_BBG000BQLM34_2021-03-26
2021-06-14 14:30:24 73      THS_BBG000GQGJT4_2021-03-26
2021-06-14 14:30:24 74      TJX_BBG000BV8DN6_2021-03-26
2021-06-14 14:30:24 79      TKR_BBG000BV95H9_2021-03-26
2021-06-14 14:30:24 80      TMHC_BBG003PGJHP5_2021-03-26
2021-06-14 14:30:24 82      TMO_BBG000BVDLH9_2021-03-26
2021-06-14 14:30:24 84      TMUS_BBG000NDV1D4_2021-03-26
2021-06-14 14:30:24 87      TMX_BBG002WMH2F2_2021-03-26
2021-06-14 14:30:24 89      TNC_BBG000JCZJS2_2021-03-26
2021-06-14 14:30:24 90      TNDM_BBG0019V9M65_2021-03-26
2021-06-14 14:30:24 91      TNET_BBG000BR2040_2021-03-26
2021-06-14 14:30:24 92      TOL_BBG000BVHBM1_2021-03-26
2021-06-14 14:30:24 93      TPH_BBG0016YQTR5_2021-03-26
2021-06-14 14:30:24 95      TPIC_BBG0016MQ7C5_2021-03-26
2021-06-14 14:30:24 97      TPR_BBG000BY29C7_2021-03-26
2021-06-14 14:30:24 99      TPTX_BBG00NPL9WH7_2021-03-26
2021-06-14 14:30:25 00      TPTX: SPYKE!. Candle: ID:2, Time: 13:30, Close: 96.07
2021-06-14 14:30:25 00      TPX_BBG000PXGT62_2021-03-26
2021-06-14 14:30:25 02      TPX: SPYKE!. Candle: ID:3302, Time: 21:30, Close: 39.96
2021-06-14 14:30:25 02      TREE_BBG000TVRB50_2021-03-26
2021-06-14 14:30:25 04      TREX_BBG000BTGKK9_2021-03-26
2021-06-14 14:30:25 05      TRHC_BBG00BT7PPY8_2021-03-26
2021-06-14 14:30:25 06      TRIP_BBG001M8HHB7_2021-03-26
2021-06-14 14:30:25 11      TRMB_BBG000BNPS52_2021-03-26
2021-06-14 14:30:25 13      TROW_BBG000BVMPN3_2021-03-26
2021-06-14 14:30:25 15      TRU_BBG002Q7J5Z1_2021-03-26
2021-06-14 14:30:25 17      TRUP_BBG002BC7WC5_2021-03-26
2021-06-14 14:30:25 18      TRV_BBG000BJ81C1_2021-03-26
2021-06-14 14:30:25 19      TSCO_BBG000BLXZN1_2021-03-26
2021-06-14 14:30:25 22      TSLA_BBG000N9MNX3_2021-03-26
2021-06-14 14:30:25 78      TSM_BBG000BD8ZK0_2021-03-26
2021-06-14 14:30:25 89      TSN_BBG000DKCC19_2021-03-26
2021-06-14 14:30:25 91      TSS_BBG000C1JTL6_2021-03-26
2021-06-14 14:30:25 92      TT_BBG000BM6788_2021-03-26
2021-06-14 14:30:25 93      TTC_BBG000BVQRY3_2021-03-26
2021-06-14 14:30:25 94      TTD_BBG00629NGT2_2021-03-26
2021-06-14 14:30:25 96      TTEK_BBG000BYZ0Q5_2021-03-26
2021-06-14 14:30:25 97      TTM_BBG000PVGDH9_2021-03-26
2021-06-14 14:30:25 98      TTMI_BBG000BYQ0B1_2021-03-26
2021-06-14 14:30:26 00      TTWO_BBG000BS1YV5_2021-03-26
2021-06-14 14:30:26 03      TW_BBG00NK8H8T2_2021-03-26
2021-06-14 14:30:26 04      TWLO_BBG0029ZX840_2021-03-26
2021-06-14 14:30:26 06      TWNK_BBG00B6KGNN1_2021-03-26
2021-06-14 14:30:26 07      TWOU_BBG001KS9450_2021-03-26
2021-06-14 14:30:26 10      TWTR_BBG000H6HNW3_2021-03-26
2021-06-14 14:30:26 18      TXG_BBG007WX14X0_2021-03-26
2021-06-14 14:30:26 20      TXN_BBG000BVV7G1_2021-03-26
2021-06-14 14:30:26 28      TXRH_BBG000PSJMV7_2021-03-26
2021-06-14 14:30:26 31      TXT_BBG000BVVQQ8_2021-03-26
2021-06-14 14:30:26 32      TYL_BBG000BVWZF9_2021-03-26
2021-06-14 14:30:26 34      UA_BBG009DTD8H2_2021-03-26
2021-06-14 14:30:26 36      UAA_BBG000BXM6V2_2021-03-26
2021-06-14 14:30:26 38      UAL_BBG000M65M61_2021-03-26
2021-06-14 14:30:26 47      UBER_BBG002B04MT8_2021-03-26
2021-06-14 14:30:26 52      UCTT_BBG000HSLV70_2021-03-26
2021-06-14 14:30:26 53      UDR_BBG000C41023_2021-03-26
2021-06-14 14:30:26 56      UFPI_BBG000BL0T06_2021-03-26
2021-06-14 14:30:26 57      UFS_BBG000BHFHP8_2021-03-26
2021-06-14 14:30:26 58      UGI_BBG000BVYN55_2021-03-26
2021-06-14 14:30:26 59      UHS_BBG000CB8Q50_2021-03-26
2021-06-14 14:30:26 60      UI_BBG001R72SR9_2021-03-26
2021-06-14 14:30:26 62      ULTA_BBG00FWQ4VD6_2021-03-26
2021-06-14 14:30:26 63      UMBF_BBG000DD8WX1_2021-03-26
2021-06-14 14:30:26 64      UNF_BBG000BW29L1_2021-03-26
2021-06-14 14:30:26 65      UNH_BBG000CH5208_2021-03-26
2021-06-14 14:30:26 68      UNM_BBG000BW2QX0_2021-03-26
2021-06-14 14:30:26 71      UNP_BBG000BW3299_2021-03-26
2021-06-14 14:30:26 74      UNVR_BBG000BDHD29_2021-03-26
2021-06-14 14:30:26 75      UPS_BBG000L9CV04_2021-03-26
2021-06-14 14:30:26 78      UPWK_BBG00FBJ6390_2021-03-26
2021-06-14 14:30:26 80      URBN_BBG000BL79J3_2021-03-26
2021-06-14 14:30:26 83      URI_BBG000BXMFC3_2021-03-26
2021-06-14 14:30:26 84      USB_BBG000FFDM15_2021-03-26
2021-06-14 14:30:26 89      USFD_BBG00C6H6D40_2021-03-26
2021-06-14 14:30:26 91      USM_BBG000BW6P59_2021-03-26
2021-06-14 14:30:26 92      USNA_BBG000BX28M0_2021-03-26
2021-06-14 14:30:26 93      USPH_BBG000CSRSG6_2021-03-26
2021-06-14 14:30:26 94      UTHR_BBG000BV4XJ1_2021-03-26
2021-06-14 14:30:26 95      UTL_BBG000BW7X97_2021-03-26
2021-06-14 14:30:26 96      UTX_BBG0089KM290_2021-03-26
2021-06-14 14:30:26 96      V_BBG000PSKYX7_2021-03-26
2021-06-14 14:30:27 02      VAC_BBG001J2R5H3_2021-03-26
2021-06-14 14:30:27 04      VALE_BBG000BN5LG7_2021-03-26
2021-06-14 14:30:27 07      VC_BBG0016T3GQ0_2021-03-26
2021-06-14 14:30:27 08      VCEL_BBG000BDCM24_2021-03-26
2021-06-14 14:30:27 09      VCRA_BBG00179VSY7_2021-03-26
2021-06-14 14:30:27 10      VCYT_BBG001J2M542_2021-03-26
2021-06-14 14:30:27 12      VEEV_BBG001CGB489_2021-03-26
2021-06-14 14:30:27 13      VEON_BBG000QCW561_2021-03-26
2021-06-14 14:30:27 16      VFC_BBG000BWCKB6_2021-03-26
2021-06-14 14:30:27 19      VG_BBG000BRB5D9_2021-03-26
2021-06-14 14:30:27 21      VIAC_BBG000C496P7_2021-03-26
2021-06-14 14:30:27 68      VIAC: SPYKE!. Candle: ID:72723, Time: 18:25, Close: 42.5
2021-06-14 14:30:27 68      VIAC: SPYKE!. Candle: ID:72724, Time: 18:25, Close: 41.31
2021-06-14 14:30:27 79      VICR_BBG000C3VHF1_2021-03-26
2021-06-14 14:30:27 80      VICR: SPYKE!. Candle: ID:859, Time: 21:00, Close: 89.72
2021-06-14 14:30:27 80      VIE_BBG00K6P5XM1_2021-03-26
2021-06-14 14:30:27 81      VIPS_BBG002NLDLV8_2021-03-26
2021-06-14 14:30:28 09      VIPS: SPYKE!. Candle: ID:7204, Time: 12:55, Close: 28.77
2021-06-14 14:30:28 10      VIPS: SPYKE!. Candle: ID:9990, Time: 13:30, Close: 30.44
2021-06-14 14:30:28 10      VIPS: SPYKE!. Candle: ID:10000, Time: 13:30, Close: 31.45
2021-06-14 14:30:28 10      VIPS: SPYKE!. Candle: ID:10114, Time: 13:30, Close: 30.75
2021-06-14 14:30:28 10      VIPS: SPYKE!. Candle: ID:10118, Time: 13:30, Close: 30.75
2021-06-14 14:30:28 10      VIPS: SPYKE!. Candle: ID:10130, Time: 13:30, Close: 31.82
2021-06-14 14:30:28 27      VIR_BBG00H2QQ8T5_2021-03-26
2021-06-14 14:30:28 28      VIR: SPYKE!. Candle: ID:1125, Time: 14:25, Close: 52.5
2021-06-14 14:30:28 29      VLO_BBG000BBGGQ1_2021-03-26
2021-06-14 14:30:28 33      VMC_BBG000BWGYF8_2021-03-26
2021-06-14 14:30:28 34      VMI_BBG000BWB7V4_2021-03-26
2021-06-14 14:30:28 35      VMW_BBG000BC9938_2021-03-26
2021-06-14 14:30:28 36      VNDA_BBG000HT5MG6_2021-03-26
2021-06-14 14:30:28 37      VNE_BBG00K4MPP27_2021-03-26
2021-06-14 14:30:28 38      VNO_BBG000BWHD54_2021-03-26
2021-06-14 14:30:28 40      VNT_BBG00RRGSJR4_2021-03-26
2021-06-14 14:30:28 41      VPG_BBG000PRQ0V9_2021-03-26
2021-06-14 14:30:28 42      VREX_BBG00CZNLR47_2021-03-26
2021-06-14 14:30:28 42      VRNS_BBG001Y04TN6_2021-03-26
2021-06-14 14:30:28 44      VRNT_BBG000BCBYT2_2021-03-26
2021-06-14 14:30:28 46      VRSK_BBG000BCZL41_2021-03-26
2021-06-14 14:30:28 48      VRSN_BBG000BGKHZ3_2021-03-26
2021-06-14 14:30:28 50      VRTS_BBG000DMFQS2_2021-03-26
2021-06-14 14:30:28 52      VRTV_BBG005XZHR97_2021-03-26
2021-06-14 14:30:28 53      VRTX_BBG000C1S2X2_2021-03-26
2021-06-14 14:30:28 56      VTR_BBG000FRVHB9_2021-03-26
2021-06-14 14:30:28 58      VTRS_BBG00Y4RQNH4_2021-03-26
2021-06-14 14:30:28 60      VZ_BBG000HS77T5_2021-03-26
2021-06-14 14:30:28 66      W_BBG001B17MV2_2021-03-26
2021-06-14 14:30:28 68      WAB_BBG000BDD940_2021-03-26
2021-06-14 14:30:28 70      WAL_BBG000Q1KFH4_2021-03-26
2021-06-14 14:30:28 73      WAT_BBG000FQRVM3_2021-03-26
2021-06-14 14:30:28 75      WB_BBG0065XPGX9_2021-03-26
2021-06-14 14:30:28 81      WBA_BBG000BWLMJ4_2021-03-26
2021-06-14 14:30:28 85      WCC_BBG000D0FNV3_2021-03-26
2021-06-14 14:30:28 88      WDAY_BBG000VC0T95_2021-03-26
2021-06-14 14:30:28 91      WDC_BBG000BWNFZ9_2021-03-26
2021-06-14 14:30:28 95      WDFC_BBG000BWNV93_2021-03-26
2021-06-14 14:30:28 96      WEC_BBG000BWP7D9_2021-03-26
2021-06-14 14:30:28 99      WELL_BBG000BKY1G5_2021-03-26
2021-06-14 14:30:29 02      WERN_BBG000BWPP85_2021-03-26
2021-06-14 14:30:29 05      WEX_BBG000BVZP59_2021-03-26
2021-06-14 14:30:29 06      WFC_BBG000BWQFY7_2021-03-26
2021-06-14 14:30:29 13      WGO_BBG000BWS3F3_2021-03-26
2021-06-14 14:30:29 15      WH_BBG00HCY3Q67_2021-03-26
2021-06-14 14:30:29 16      WHD_BBG00JRH1P95_2021-03-26
2021-06-14 14:30:29 17      WHR_BBG000BWSV34_2021-03-26
2021-06-14 14:30:29 18      WING_BBG008N298Y8_2021-03-26
2021-06-14 14:30:29 20      WK_BBG007BVZ8H9_2021-03-26
2021-06-14 14:30:29 22      WLK_BBG000PXZFW2_2021-03-26
2021-06-14 14:30:29 23      WLTW_BBG000DB3KT1_2021-03-26
2021-06-14 14:30:29 26      WM_BBG000BWVSR1_2021-03-26
2021-06-14 14:30:29 28      WMB_BBG000BWVCP8_2021-03-26
2021-06-14 14:30:29 31      WMT_BBG000BWXBC2_2021-03-26
2021-06-14 14:30:29 38      WOR_BBG000HL7499_2021-03-26
2021-06-14 14:30:29 39      WORK_BBG007G7V505_2021-03-26
2021-06-14 14:30:29 42      WRB_BBG000BD1HP2_2021-03-26
2021-06-14 14:30:29 43      WRK_BBG008NXC572_2021-03-26
2021-06-14 14:30:29 44      WRLD_BBG000C3G9J2_2021-03-26
2021-06-14 14:30:29 45      WSC_BBG00B0FS947_2021-03-26
2021-06-14 14:30:29 47      WSM_BBG000FSMWC3_2021-03-26
2021-06-14 14:30:29 49      WSO_BBG000DJN7L9_2021-03-26
2021-06-14 14:30:29 50      WST_BBG000BX24N8_2021-03-26
2021-06-14 14:30:29 51      WTFC_BBG000HD3DW5_2021-03-26
2021-06-14 14:30:29 53      WTS_BBG000C4Z6C2_2021-03-26
2021-06-14 14:30:29 54      WTTR_BBG00G4Y2DC1_2021-03-26
2021-06-14 14:30:29 55      WU_BBG000BB5373_2021-03-26
2021-06-14 14:30:29 57      WWD_BBG000BD53V2_2021-03-26
2021-06-14 14:30:29 59      WWE_BBG000F5YH15_2021-03-26
2021-06-14 14:30:29 60      WWW_BBG000BX2YN2_2021-03-26
2021-06-14 14:30:29 61      WY_BBG000BX3BL3_2021-03-26
2021-06-14 14:30:29 64      WYNN_BBG000LD9JQ8_2021-03-26
2021-06-14 14:30:29 66      XEC_BBG000D6L294_2021-03-26
2021-06-14 14:30:29 68      XEL_BBG000BCTQ65_2021-03-26
2021-06-14 14:30:29 70      XLNX_BBG000C0F570_2021-03-26
2021-06-14 14:30:29 76      XLRN_BBG000R5HWZ1_2021-03-26
2021-06-14 14:30:29 77      XNCR_BBG0026ZG4W0_2021-03-26
2021-06-14 14:30:29 78      XOM_BBG000GZQ728_2021-03-26
2021-06-14 14:30:29 85      XPO_BBG000L5CJF3_2021-03-26
2021-06-14 14:30:29 87      XRAY_BBG000BX57K1_2021-03-26
2021-06-14 14:30:29 89      XRX_BBG00NNG2ZJ8_2021-03-26
2021-06-14 14:30:29 90      XYL_BBG001D8R5D0_2021-03-26
2021-06-14 14:30:29 92      Y_BBG000BX6BJ3_2021-03-26
2021-06-14 14:30:29 93      YELP_BBG000Q2HM09_2021-03-26
2021-06-14 14:30:29 94      YETI_BBG00D8JC882_2021-03-26
2021-06-14 14:30:29 95      YEXT_BBG001MKZGY7_2021-03-26
2021-06-14 14:30:29 96      YUM_BBG000BH3GZ2_2021-03-26
2021-06-14 14:30:29 98      YUMC_BBG00B8N0HG1_2021-03-26
2021-06-14 14:30:30 00      YY_BBG003H0XV18_2021-03-26
2021-06-14 14:30:30 04      Z_BBG009NRSWJ4_2021-03-26
2021-06-14 14:30:30 09      ZBH_BBG000BKPL53_2021-03-26
2021-06-14 14:30:30 10      ZBRA_BBG000CC7LQ7_2021-03-26
2021-06-14 14:30:30 12      ZEN_BBG001HRFJG4_2021-03-26
2021-06-14 14:30:30 13      ZG_BBG000D13GN8_2021-03-26
2021-06-14 14:30:30 15      ZGNX_BBG000VDC3G9_2021-03-26
2021-06-14 14:30:30 18      ZI_BBG00S1HJ3M8_2021-03-26
2021-06-14 14:30:30 20      ZION_BBG000BX9WL1_2021-03-26
2021-06-14 14:30:30 22      ZM_BBG0042V6JM8_2021-03-26
2021-06-14 14:30:30 27      ZNH_BBG000BXQ7R1_2021-03-26
2021-06-14 14:30:30 27      ZS_BBG003338H34_2021-03-26
2021-06-14 14:30:30 30      ZTS_BBG0039320N9_2021-03-26
2021-06-14 14:30:30 32      ZUMZ_BBG000PYX812_2021-03-26
2021-06-14 14:30:30 33      ZUO_BBG000BT3HG5_2021-03-26
2021-06-14 14:30:30 34      ZYNE_BBG007BBS8B7_2021-03-26
2021-06-14 14:30:30 38      ZYNE: SPYKE!. Candle: ID:2384, Time: 13:00, Close: 4.56
2021-06-14 14:30:30 40      ZYXI_BBG000BJBXZ2_2021-03-26
2021-06-14 14:30:30 42      Total candles read: 5620208
2021-06-14 14:30:30 42      Start DisposeAsync...
2021-06-14 14:30:30 43      Attempted to divide by zero.
