2021-06-14 14:29:33 38      mode=TestTradeBot;DumpQuotes=false;SubscribeQuotes=false;Strategies=MorningOpenStrategy;Token=token.txt;ConfigPath=usd.json;OutputFolder=.\new\;CandlesPath=C:\tinkoff\TestData\RawQuotes\5m\uncompressed\quotes_2021-03-17;
2021-06-14 14:29:33 39      Trade bot created
2021-06-14 14:29:33 41      Fake connection created
2021-06-14 14:29:33 53      Loaded 141 liquid instruments
2021-06-14 14:29:34 31       Error! Unknown ticker: EV
2021-06-14 14:29:34 31       Error! Unknown ticker: IMMU
2021-06-14 14:29:34 31       Error! Unknown ticker: LM
2021-06-14 14:29:34 31       Error! Unknown ticker: LOGM
2021-06-14 14:29:34 31       Error! Unknown ticker: LVGO
2021-06-14 14:29:34 31       Error! Unknown ticker: MTSC
2021-06-14 14:29:34 31       Error! Unknown ticker: MYL
2021-06-14 14:29:34 31       Error! Unknown ticker: MYOK
2021-06-14 14:29:34 31       Error! Unknown ticker: NBL
2021-06-14 14:29:34 32       Error! Unknown ticker: PRSC
2021-06-14 14:29:34 32       Error! Unknown ticker: PS
2021-06-14 14:29:34 32       Error! Unknown ticker: RP
2021-06-14 14:29:34 32       Error! Unknown ticker: SINA
2021-06-14 14:29:34 32       Error! Unknown ticker: TECD
2021-06-14 14:29:34 32       Error! Unknown ticker: TIF
2021-06-14 14:29:34 32       Error! Unknown ticker: TOT
2021-06-14 14:29:34 32       Error! Unknown ticker: VAR
2021-06-14 14:29:34 32       Error! Unknown ticker: VRTU
2021-06-14 14:29:34 32       Error! Unknown ticker: WYND
2021-06-14 14:29:34 34      List of disabled tickers: 
2021-06-14 14:29:34 35      A_BBG000C2V3D6_2021-03-17
2021-06-14 14:29:34 43      AA_BBG00B3T3HD3_2021-03-17
2021-06-14 14:29:34 50      AAL_BBG005P7Q881_2021-03-17
2021-06-14 14:29:34 62      AAN_BBG00WCNDCZ6_2021-03-17
2021-06-14 14:29:34 64      AAON_BBG000C2LZP3_2021-03-17
2021-06-14 14:29:34 65      AAP_BBG000F7RCJ1_2021-03-17
2021-06-14 14:29:34 66      AAPL_BBG000B9XRY4_2021-03-17
2021-06-14 14:29:35 15      ABBV_BBG0025Y4RY4_2021-03-17
2021-06-14 14:29:35 27      ABC_BBG000MDCQC2_2021-03-17
2021-06-14 14:29:35 28      ABG_BBG000BKDWB5_2021-03-17
2021-06-14 14:29:35 29      ABMD_BBG000C101X4_2021-03-17
2021-06-14 14:29:35 31      ABNB_BBG001Y2XS07_2021-03-17
2021-06-14 14:29:35 36      ABT_BBG000B9ZXB4_2021-03-17
2021-06-14 14:29:35 40      ACAD_BBG000BHG9K0_2021-03-17
2021-06-14 14:29:35 43      ACAD: BuyPending. Strategy: MorningOpenStrategy. Price: 27.6. Lots: 9. ChangeOpenToCurrent: -2.51. ChangePrevCloseToCurrent: 0. Candle: ID:4, Time: 7:00, Close: 27.6.
2021-06-14 14:29:35 43      ACAD: OrderID: 5827c37d. PlacedOrder. Status: New. RejectReason: 
2021-06-14 14:29:35 43      ACAD: OrderID: 5827c37d partially executed. Executed lots: 2. OrderStatus: 2/9 lots
2021-06-14 14:29:35 44      ACAD: OrderID: 5827c37d fully executed
2021-06-14 14:29:35 44      ACAD: Morning closing by timeout. Close price: 27.41. Lots: 9. Profit: -0.19(-0.69%). Candle: ID:209, Time: 7:20, Close: 27.41
2021-06-14 14:29:35 44      ACAD: OrderID: 7d0b35da. PlacedOrder. Status: New. RejectReason: 
2021-06-14 14:29:35 44      ACAD: OrderID: 7d0b35da fully executed
2021-06-14 14:29:35 47      ACH_BBG000CMRVH1_2021-03-17
2021-06-14 14:29:35 48      ACM_BBG000F61RJ8_2021-03-17
2021-06-14 14:29:35 50      ACMR_BBG00HPSG933_2021-03-17
2021-06-14 14:29:35 51      ACN_BBG000D9D830_2021-03-17
2021-06-14 14:29:35 53      ADBE_BBG000BB5006_2021-03-17
2021-06-14 14:29:35 58      ADM_BBG000BB6WG8_2021-03-17
2021-06-14 14:29:35 60      ADP_BBG000JG0547_2021-03-17
2021-06-14 14:29:35 63      ADPT_BBG001J2PFF5_2021-03-17
2021-06-14 14:29:35 65      ADS_BBG000BFNR17_2021-03-17
2021-06-14 14:29:35 67      ADSK_BBG000BM7HL0_2021-03-17
2021-06-14 14:29:35 71      ADUS_BBG000NJGX84_2021-03-17
2021-06-14 14:29:35 72      AEE_BBG000B9X8C0_2021-03-17
2021-06-14 14:29:35 74      AEIS_BBG000FKMP26_2021-03-17
2021-06-14 14:29:35 75      AEO_BBG000BGXZB5_2021-03-17
2021-06-14 14:29:35 76      AERI_BBG001KJ7WJ5_2021-03-17
2021-06-14 14:29:35 77      AES_BBG000C23KJ3_2021-03-17
2021-06-14 14:29:35 80      AFG_BBG000DPKKK0_2021-03-17
2021-06-14 14:29:35 81      AFL_BBG000BBBNC6_2021-03-17
2021-06-14 14:29:35 83      AGCO_BBG000DCCZW2_2021-03-17
2021-06-14 14:29:35 84      AGIO_BBG000QY4ZD0_2021-03-17
2021-06-14 14:29:35 85      AIG_BBG000BBDZG3_2021-03-17
2021-06-14 14:29:35 87      AIR_BBG000BBGQF1_2021-03-17
2021-06-14 14:29:35 88      AIRC_BBG00XK3WVD0_2021-03-17
2021-06-14 14:29:35 89      AIT_BBG000BBHHP9_2021-03-17
2021-06-14 14:29:35 90      AIV_BBG000DD3510_2021-03-17
2021-06-14 14:29:35 91      AIV: BuyPending. Strategy: MorningOpenStrategy. Price: 5.61. Lots: 44. ChangeOpenToCurrent: -2.26. ChangePrevCloseToCurrent: -1.23. Candle: ID:9, Time: 7:00, Close: 5.61.
2021-06-14 14:29:35 91      AIV: OrderID: d4e302b5. PlacedOrder. Status: New. RejectReason: 
2021-06-14 14:29:35 91      AIV: Cancel order. Did not bought at market open. Candle: ID:35, Time: 7:05, Close: 5.75
2021-06-14 14:29:35 91      OrderID: d4e302b5 successfully canceled
2021-06-14 14:29:35 92      AIV_old_TCS3748R7540_2021-03-17
2021-06-14 14:29:35 92      Warning: figi `old` for history data does not match actual figi `BBG000DD3510`. Ticker: AIV. Will be used actual!
2021-06-14 14:29:35 93      AIZ_BBG000BZX1N5_2021-03-17
2021-06-14 14:29:35 94      AJG_BBG000BBHXQ3_2021-03-17
2021-06-14 14:29:35 96      AJRD_BBG000BKRHQ7_2021-03-17
2021-06-14 14:29:35 96      AKAM_BBG000BJQWD2_2021-03-17
2021-06-14 14:29:35 98      ALB_BBG000BJ26K7_2021-03-17
2021-06-14 14:29:36 00      ALGN_BBG000BRNLL2_2021-03-17
2021-06-14 14:29:36 02      ALGT_BBG000LJS6B8_2021-03-17
2021-06-14 14:29:36 03      ALK_BBG000BBL0Y1_2021-03-17
2021-06-14 14:29:36 04      ALL_BBG000BVMGF2_2021-03-17
2021-06-14 14:29:36 07      ALLE_BBG003PS7JV1_2021-03-17
2021-06-14 14:29:36 08      ALLK_BBG003QBJKN0_2021-03-17
2021-06-14 14:29:36 09      ALLO_BBG00KHRRDX3_2021-03-17
2021-06-14 14:29:36 11      ALLY_BBG000BC2R71_2021-03-17
2021-06-14 14:29:36 14      ALNY_BBG000BFGNJ5_2021-03-17
2021-06-14 14:29:36 16      ALRM_BBG007GNPYY7_2021-03-17
2021-06-14 14:29:36 17      ALSN_BBG001KY3845_2021-03-17
2021-06-14 14:29:36 18      ALTR_BBG000PN9NB9_2021-03-17
2021-06-14 14:29:36 19      ALXN_BBG000G30YX4_2021-03-17
2021-06-14 14:29:36 22      AMAT_BBG000BBPFB9_2021-03-17
2021-06-14 14:29:36 31      AMCX_BBG000H01H92_2021-03-17
2021-06-14 14:29:36 34      AMD_BBG000BBQCY0_2021-03-17
2021-06-14 14:29:36 51      AME_BBG000B9XG87_2021-03-17
2021-06-14 14:29:36 52      AMED_BBG000B9ZV28_2021-03-17
2021-06-14 14:29:36 55      AMG_BBG000C060M4_2021-03-17
2021-06-14 14:29:36 56      AMGN_BBG000BBS2Y0_2021-03-17
2021-06-14 14:29:36 61      AMN_BBG000BCT197_2021-03-17
2021-06-14 14:29:36 63      AMP_BBG000G3QLY3_2021-03-17
2021-06-14 14:29:36 65      AMT_BBG000B9XYV2_2021-03-17
2021-06-14 14:29:36 68      AMWD_BBG000BBX657_2021-03-17
2021-06-14 14:29:36 68      AMZN_BBG000BVPV84_2021-03-17
2021-06-14 14:29:36 78      AN_BBG000BBXLW4_2021-03-17
2021-06-14 14:29:36 80      ANAB_BBG0026ZDHR0_2021-03-17
2021-06-14 14:29:36 83      ANDE_BBG000BF8CN3_2021-03-17
2021-06-14 14:29:36 85      ANET_BBG000N2HDY5_2021-03-17
2021-06-14 14:29:36 86      ANF_BBG000H9G7X2_2021-03-17
2021-06-14 14:29:36 88      ANGI_BBG00HVKH3Q0_2021-03-17
2021-06-14 14:29:36 89      ANIK_BBG000BBKZD8_2021-03-17
2021-06-14 14:29:36 90      ANIP_BBG000KK1L04_2021-03-17
2021-06-14 14:29:36 90      ANSS_BBG000GXZ4W7_2021-03-17
2021-06-14 14:29:36 94      ANTM_BBG000BCG930_2021-03-17
2021-06-14 14:29:36 96      AON_BBG00SSQFPK6_2021-03-17
2021-06-14 14:29:36 98      AOS_BBG000BC1L02_2021-03-17
2021-06-14 14:29:37 00      AOUT_BBG00QV8FS02_2021-03-17
2021-06-14 14:29:37 00      AOUT: SPYKE!. Candle: ID:854, Time: 20:05, Close: 24.91
2021-06-14 14:29:37 00      AOUT: SPYKE!. Candle: ID:882, Time: 20:05, Close: 23.55
2021-06-14 14:29:37 00      AOUT: SPYKE!. Candle: ID:888, Time: 20:05, Close: 24
2021-06-14 14:29:37 00      AOUT: SPYKE!. Candle: ID:909, Time: 20:10, Close: 26
2021-06-14 14:29:37 01      APA_BBG00YTS96G2_2021-03-17
2021-06-14 14:29:37 03      APD_BBG000BC4JJ4_2021-03-17
2021-06-14 14:29:37 04      APEI_BBG000RVD346_2021-03-17
2021-06-14 14:29:37 06      APH_BBG000B9YJ35_2021-03-17
2021-06-14 14:29:37 08      APLE_BBG006473QX9_2021-03-17
2021-06-14 14:29:37 10      APLT_BBG000DD0489_2021-03-17
2021-06-14 14:29:37 11      APPF_BBG008GC8CP6_2021-03-17
2021-06-14 14:29:37 12      APPN_BBG001C7PMJ2_2021-03-17
2021-06-14 14:29:37 14      APPS_BBG000HZ3562_2021-03-17
2021-06-14 14:29:37 18      APTV_BBG001QD41M9_2021-03-17
2021-06-14 14:29:37 19      ARCC_BBG000PD6X77_2021-03-17
2021-06-14 14:29:37 21      ARCT_BBG00NNW8JK1_2021-03-17
2021-06-14 14:29:37 23      ARE_BBG000BC33T9_2021-03-17
2021-06-14 14:29:37 24      ARMK_BBG001KY4N87_2021-03-17
2021-06-14 14:29:37 26      ARNA_BBG000BKXBV7_2021-03-17
2021-06-14 14:29:37 28      ARNC_BBG00R45JYB7_2021-03-17
2021-06-14 14:29:37 29      ARQT_BBG00QN8K4M4_2021-03-17
2021-06-14 14:29:37 29      ARQT: SPYKE!. Candle: ID:23, Time: 10:40, Close: 32
2021-06-14 14:29:37 30      ARVN_BBG00LW7YK82_2021-03-17
2021-06-14 14:29:37 30      ARW_BBG000BCD3D5_2021-03-17
2021-06-14 14:29:37 31      ARWR_BBG000BRVKH0_2021-03-17
2021-06-14 14:29:37 33      ASGN_BBG000CRN8N8_2021-03-17
2021-06-14 14:29:37 33      ASH_BBG00D0Y81M1_2021-03-17
2021-06-14 14:29:37 34      ASIX_BBG00CWTTQ41_2021-03-17
2021-06-14 14:29:37 35      ATEX_BBG0081NLHR0_2021-03-17
2021-06-14 14:29:37 36      ATGE_BBG000DQBZJ7_2021-03-17
2021-06-14 14:29:37 37      ATKR_BBG000QTFDQ4_2021-03-17
2021-06-14 14:29:37 37      ATR_BBG000BGX2S0_2021-03-17
2021-06-14 14:29:37 38      ATRA_BBG005Q3MQY4_2021-03-17
2021-06-14 14:29:37 42      ATRC_BBG000BL6CB5_2021-03-17
2021-06-14 14:29:37 43      ATRI_BBG000DTT624_2021-03-17
2021-06-14 14:29:37 44      ATRO_BBG000BCLBY5_2021-03-17
2021-06-14 14:29:37 45      ATUS_BBG00GFMPRK0_2021-03-17
2021-06-14 14:29:37 47      ATVI_BBG000CVWGS6_2021-03-17
2021-06-14 14:29:37 51      AVAV_BBG000GX14P2_2021-03-17
2021-06-14 14:29:37 52      AVB_BBG000BLPBL5_2021-03-17
2021-06-14 14:29:37 53      AVGO_BBG00KHY5S69_2021-03-17
2021-06-14 14:29:37 57      AVLR_BBG000R4Y9C1_2021-03-17
2021-06-14 14:29:37 60      AVNS_BBG005L86G05_2021-03-17
2021-06-14 14:29:37 61      AVNT_BBG000C8NJ10_2021-03-17
2021-06-14 14:29:37 62      AVTR_BBG00G2HHYD7_2021-03-17
2021-06-14 14:29:37 64      AVY_BBG000BCQ4P6_2021-03-17
2021-06-14 14:29:37 65      AWI_BBG000DW4LB1_2021-03-17
2021-06-14 14:29:37 66      AWK_BBG000TRJ294_2021-03-17
2021-06-14 14:29:37 68      AWR_BBG000F964B6_2021-03-17
2021-06-14 14:29:37 69      AX_BBG000QPHD08_2021-03-17
2021-06-14 14:29:37 70      AXGN_BBG000BN46R9_2021-03-17
2021-06-14 14:29:37 70      AXGN: SPYKE!. Candle: ID:3, Time: 7:00, Close: 21.51
2021-06-14 14:29:37 71      AXP_BBG000BCQZS4_2021-03-17
2021-06-14 14:29:37 73      AXSM_BBG00B6G7GL7_2021-03-17
2021-06-14 14:29:37 74      AYI_BBG000BJ5HK0_2021-03-17
2021-06-14 14:29:37 76      AYX_BBG000BGZT72_2021-03-17
2021-06-14 14:29:37 80      AZO_BBG000C7LMS8_2021-03-17
2021-06-14 14:29:37 81      AZPN_BBG000DFMXT3_2021-03-17
2021-06-14 14:29:37 82      BA_BBG000BCSST7_2021-03-17
2021-06-14 14:29:37 91      BABA_BBG006G2JVL2_2021-03-17
2021-06-14 14:29:38 07      BAC_BBG000BCTLF6_2021-03-17
2021-06-14 14:29:38 19      BAH_BBG000R2YFG7_2021-03-17
2021-06-14 14:29:38 21      BAND_BBG001K003W2_2021-03-17
2021-06-14 14:29:38 22      BAX_BBG000BCVJ77_2021-03-17
2021-06-14 14:29:38 25      BBIO_BBG00P9KDZK6_2021-03-17
2021-06-14 14:29:38 26      BBSI_BBG000BHJSC4_2021-03-17
2021-06-14 14:29:38 26      BBY_BBG000BCWCG1_2021-03-17
2021-06-14 14:29:38 28      BC_BBG000BCWSS3_2021-03-17
2021-06-14 14:29:38 30      BCO_BBG000DR5QP5_2021-03-17
2021-06-14 14:29:38 30      BCPC_BBG000BCY878_2021-03-17
2021-06-14 14:29:38 31      BDC_BBG000Q4XNV1_2021-03-17
2021-06-14 14:29:38 32      BDTX_BBG00MS4Y0W9_2021-03-17
2021-06-14 14:29:38 34      BDX_BBG000BCZYD3_2021-03-17
2021-06-14 14:29:38 35      BECN_BBG000BKTXF2_2021-03-17
2021-06-14 14:29:38 37      BEN_BBG000BD0TF8_2021-03-17
2021-06-14 14:29:38 39      BERY_BBG000Q1R1Y9_2021-03-17
2021-06-14 14:29:38 40      BF.B_BBG000BD2NY8_2021-03-17
2021-06-14 14:29:38 42      BFAM_BBG003LFWP05_2021-03-17
2021-06-14 14:29:38 43      BFYT_BBG003QRSQD3_2021-03-17
2021-06-14 14:29:38 43      BGS_BBG000RKXRQ1_2021-03-17
2021-06-14 14:29:38 45      BH_BBG00JPRDQH1_2021-03-17
2021-06-14 14:29:38 45      BHF_BBG00DYPZ4T0_2021-03-17
2021-06-14 14:29:38 47      BIDU_BBG000QXWHD1_2021-03-17
2021-06-14 14:29:38 63      BIG_BBG000J0D904_2021-03-17
2021-06-14 14:29:38 64      BIIB_BBG000C17X76_2021-03-17
2021-06-14 14:29:38 68      BILI_BBG00K7T3037_2021-03-17
2021-06-14 14:29:38 73      BILI: BuyPending. Strategy: MorningOpenStrategy. Price: 113.26. Lots: 2. ChangeOpenToCurrent: -2.01. ChangePrevCloseToCurrent: 0.24. Candle: ID:12, Time: 7:00, Close: 113.26.
2021-06-14 14:29:38 73      BILI: OrderID: 45aec29f. PlacedOrder. Status: New. RejectReason: 
2021-06-14 14:29:38 73      BILI: OrderID: 45aec29f fully executed
2021-06-14 14:29:38 73      BILI: Morning closing by timeout. Close price: 113.37. Lots: 2. Profit: 0.11(0.10%). Candle: ID:64, Time: 7:20, Close: 113.37
2021-06-14 14:29:38 73      BILI: OrderID: b474bde4. PlacedOrder. Status: New. RejectReason: 
2021-06-14 14:29:38 73      BILI: OrderID: b474bde4 partially executed. Executed lots: 1. OrderStatus: 1/2 lots
2021-06-14 14:29:38 73      BILI: OrderID: b474bde4 fully executed
2021-06-14 14:29:38 79      BILL_BBG00QVJV6V4_2021-03-17
2021-06-14 14:29:38 80      BIO_BBG000DY28W5_2021-03-17
2021-06-14 14:29:38 81      BJRI_BBG000H9LNX1_2021-03-17
2021-06-14 14:29:38 82      BK_BBG000BD8PN9_2021-03-17
2021-06-14 14:29:38 85      BKI_BBG00GX77LW3_2021-03-17
2021-06-14 14:29:38 86      BKNG_BBG000BLBVN4_2021-03-17
2021-06-14 14:29:38 89      BKR_BBG00GBVBK51_2021-03-17
2021-06-14 14:29:38 92      BL_BBG0029KJVB0_2021-03-17
2021-06-14 14:29:38 94      BLD_BBG0077VS2C0_2021-03-17
2021-06-14 14:29:38 95      BLDR_BBG000BKD3K9_2021-03-17
2021-06-14 14:29:38 97      BLK_BBG000C2PW58_2021-03-17
2021-06-14 14:29:38 98      BLKB_BBG000BGGTW5_2021-03-17
2021-06-14 14:29:38 99      BLL_BBG000BDDNH5_2021-03-17
2021-06-14 14:29:39 01      BLUE_BBG000QGWY50_2021-03-17
2021-06-14 14:29:39 04      BMI_BBG000BDGHD9_2021-03-17
2021-06-14 14:29:39 05      BMRN_BBG000CZWZ05_2021-03-17
2021-06-14 14:29:39 08      BMY_BBG000DQLV23_2021-03-17
2021-06-14 14:29:39 12      BOH_BBG000C8D8G9_2021-03-17
2021-06-14 14:29:39 13      BOKF_BBG000CFZ003_2021-03-17
2021-06-14 14:29:39 13      BOOT_BBG0077SYZV6_2021-03-17
2021-06-14 14:29:39 15      BOX_BBG000PMSK08_2021-03-17
2021-06-14 14:29:39 16      BPMC_BBG001MC8YF7_2021-03-17
2021-06-14 14:29:39 17      BR_BBG000PPFKQ7_2021-03-17
2021-06-14 14:29:39 19      BRC_BBG000BDNV95_2021-03-17
2021-06-14 14:29:39 19      BRK.B_BBG000DWG505_2021-03-17
2021-06-14 14:29:39 23      BRKR_BBG000CL1FG7_2021-03-17
2021-06-14 14:29:39 25      BRO_BBG000BWSGF4_2021-03-17
2021-06-14 14:29:39 26      BSX_BBG000C0LW92_2021-03-17
2021-06-14 14:29:39 28      BTAI_BBG00K20GVD2_2021-03-17
2021-06-14 14:29:39 30      BTI_BBG000BWPXQ8_2021-03-17
2021-06-14 14:29:39 33      BUD_BBG000RYC984_2021-03-17
2021-06-14 14:29:39 36      BURL_BBG004S641N5_2021-03-17
2021-06-14 14:29:39 37      BWA_BBG000BJ49H3_2021-03-17
2021-06-14 14:29:39 39      BWXT_BBG000D86F25_2021-03-17
2021-06-14 14:29:39 40      BX_BBG000BH0106_2021-03-17
2021-06-14 14:29:39 42      BXP_BBG000BS5CM9_2021-03-17
2021-06-14 14:29:39 43      BYND_BBG003CVJP50_2021-03-17
2021-06-14 14:29:39 47      BZUN_BBG008HNS333_2021-03-17
2021-06-14 14:29:39 49      C_BBG000FY4S11_2021-03-17
2021-06-14 14:29:39 62      CABO_BBG000F02T51_2021-03-17
2021-06-14 14:29:39 63      CACC_BBG000CS0D96_2021-03-17
2021-06-14 14:29:39 65      CAG_BBG000BDXGP9_2021-03-17
2021-06-14 14:29:39 67      CAH_BBG000D898T9_2021-03-17
2021-06-14 14:29:39 69      CALM_BBG000CDMJW6_2021-03-17
2021-06-14 14:29:39 70      CARA_BBG001J2QYS9_2021-03-17
2021-06-14 14:29:39 71      CARG_BBG00HQ77DS2_2021-03-17
2021-06-14 14:29:39 73      CARR_BBG00RP5HYS8_2021-03-17
2021-06-14 14:29:39 74      CARS_BBG000HGTH33_2021-03-17
2021-06-14 14:29:39 76      CASY_BBG000BF0672_2021-03-17
2021-06-14 14:29:39 77      CAT_BBG000BF0K17_2021-03-17
2021-06-14 14:29:39 80      CB_BBG000BR14K5_2021-03-17
2021-06-14 14:29:39 82      CBRE_BBG000C04224_2021-03-17
2021-06-14 14:29:39 83      CBRL_BBG000BF33K1_2021-03-17
2021-06-14 14:29:39 84      CBSH_BBG000BF3G77_2021-03-17
2021-06-14 14:29:39 85      CBU_BBG000BF4D19_2021-03-17
2021-06-14 14:29:39 86      CCI_BBG000FV1Z23_2021-03-17
2021-06-14 14:29:39 87      CCK_BBG000BF6756_2021-03-17
2021-06-14 14:29:39 88      CCL_BBG000BF6LY3_2021-03-17
2021-06-14 14:29:39 97      CCOI_BBG000D0SMY8_2021-03-17
2021-06-14 14:29:39 98      CCXI_BBG000PTSB12_2021-03-17
2021-06-14 14:29:40 00      CDK_BBG006B6PVN9_2021-03-17
2021-06-14 14:29:40 01      CDLX_BBG00225ZDD0_2021-03-17
2021-06-14 14:29:40 02      CDNA_BBG006JS5785_2021-03-17
2021-06-14 14:29:40 04      CDNS_BBG000C13CD9_2021-03-17
2021-06-14 14:29:40 06      CDW_BBG001P63B80_2021-03-17
2021-06-14 14:29:40 08      CE_BBG000JYP7L8_2021-03-17
2021-06-14 14:29:40 09      CEA_BBG000BCFNR4_2021-03-17
2021-06-14 14:29:40 10      CENT_BBG000BFD605_2021-03-17
2021-06-14 14:29:40 11      CENTA_BBG000KTYB56_2021-03-17
2021-06-14 14:29:40 11      CERN_BBG000BFDLV8_2021-03-17
2021-06-14 14:29:40 13      CEVA_BBG000BN3P07_2021-03-17
2021-06-14 14:29:40 14      CF_BBG000BWJFZ4_2021-03-17
2021-06-14 14:29:40 16      CFG_BBG006Q0HY77_2021-03-17
2021-06-14 14:29:40 18      CFR_BBG000C2PL98_2021-03-17
2021-06-14 14:29:40 19      CFX_BBG000C5Z443_2021-03-17
2021-06-14 14:29:40 22      CGEN_BBG000B9ZLB0_2021-03-17
2021-06-14 14:29:40 25      CGNX_BBG000BPBVW5_2021-03-17
2021-06-14 14:29:40 27      CHD_BBG000BFJT36_2021-03-17
2021-06-14 14:29:40 29      CHDN_BBG000BGXMG9_2021-03-17
2021-06-14 14:29:40 30      CHE_BBG000C19QW1_2021-03-17
2021-06-14 14:29:40 30      CHEF_BBG001MFW6D6_2021-03-17
2021-06-14 14:29:40 31      CHGG_BBG0014XR0N5_2021-03-17
2021-06-14 14:29:40 33      CHH_BBG000BPBTL2_2021-03-17
2021-06-14 14:29:40 34      CHKP_BBG000K82ZT8_2021-03-17
2021-06-14 14:29:40 35      CHNG_BBG0059KNH10_2021-03-17
2021-06-14 14:29:40 37      CHRW_BBG000BTCH57_2021-03-17
2021-06-14 14:29:40 39      CHTR_BBG000VPGNR2_2021-03-17
2021-06-14 14:29:40 41      CHWY_BBG00P19DKZ6_2021-03-17
2021-06-14 14:29:40 43      CHX_BBG00JH9TZ56_2021-03-17
2021-06-14 14:29:40 45      CI_BBG00KXRCDP0_2021-03-17
2021-06-14 14:29:40 47      CIEN_BBG000BP1152_2021-03-17
2021-06-14 14:29:40 48      CINF_BBG000BFPK65_2021-03-17
2021-06-14 14:29:40 50      CL_BBG000BFQYY3_2021-03-17
2021-06-14 14:29:40 52      CLDR_BBG000DRJFC8_2021-03-17
2021-06-14 14:29:40 54      CLDT_BBG000PT6BR8_2021-03-17
2021-06-14 14:29:40 54      CLF_BBG000BFRF55_2021-03-17
2021-06-14 14:29:40 57      CLGX_BBG000C2H3F0_2021-03-17
2021-06-14 14:29:40 58      CLH_BBG000BFRRX8_2021-03-17
2021-06-14 14:29:40 59      CLR_BBG000BHBGN6_2021-03-17
2021-06-14 14:29:40 61      CLX_BBG000BFS7D3_2021-03-17
2021-06-14 14:29:40 62      CMA_BBG000C75N77_2021-03-17
2021-06-14 14:29:40 64      CMC_BBG000BFSND8_2021-03-17
2021-06-14 14:29:40 65      CMCO_BBG000BCWWV0_2021-03-17
2021-06-14 14:29:40 66      CMCSA_BBG000BFT2L4_2021-03-17
2021-06-14 14:29:40 71      CME_BBG000BHLYP4_2021-03-17
2021-06-14 14:29:40 74      CMG_BBG000QX74T1_2021-03-17
2021-06-14 14:29:40 74      CMI_BBG000BGPTV6_2021-03-17
2021-06-14 14:29:40 76      CMP_BBG000C42WS4_2021-03-17
2021-06-14 14:29:40 77      CMS_BBG000BFVXX0_2021-03-17
2021-06-14 14:29:40 78      CNC_BBG000BDXCJ5_2021-03-17
2021-06-14 14:29:40 81      CNK_BBG000QDVR53_2021-03-17
2021-06-14 14:29:40 86      CNP_BBG000FDBX90_2021-03-17
2021-06-14 14:29:40 87      CNS_BBG000BB0WG4_2021-03-17
2021-06-14 14:29:40 88      CNST_BBG000R1H6P8_2021-03-17
2021-06-14 14:29:40 88      CNST: SPYKE!. Candle: ID:101, Time: 13:30, Close: 28.74
2021-06-14 14:29:40 88      CNXC_BBG00RCNQMX3_2021-03-17
2021-06-14 14:29:40 89      CNXN_BBG000BX74M4_2021-03-17
2021-06-14 14:29:40 91      COF_BBG000BGKTF9_2021-03-17
2021-06-14 14:29:40 93      COG_BBG000C3GN47_2021-03-17
2021-06-14 14:29:40 95      COHR_BBG000BG1DH3_2021-03-17
2021-06-14 14:29:40 96      COKE_BBG000BG1SX2_2021-03-17
2021-06-14 14:29:40 96      COLM_BBG000BKKQ84_2021-03-17
2021-06-14 14:29:40 98      CONE_BBG0038V5TX1_2021-03-17
2021-06-14 14:29:40 99      COO_BBG000BG3445_2021-03-17
2021-06-14 14:29:41 00      COP_BBG000BQQH30_2021-03-17
2021-06-14 14:29:41 06      CORR_BBG000CN80Y9_2021-03-17
2021-06-14 14:29:41 07      CORT_BBG000BKJG33_2021-03-17
2021-06-14 14:29:41 09      COST_BBG000F6H8W8_2021-03-17
2021-06-14 14:29:41 13      COTY_BBG000F395V1_2021-03-17
2021-06-14 14:29:41 15      COUP_BBG001J4BCN4_2021-03-17
2021-06-14 14:29:41 19      CPB_BBG000BG4202_2021-03-17
2021-06-14 14:29:41 20      CPRI_BBG0029SNR63_2021-03-17
2021-06-14 14:29:41 22      CPRT_BBG000BM9RH1_2021-03-17
2021-06-14 14:29:41 24      CPS_BBG000PSXT64_2021-03-17
2021-06-14 14:29:41 24      CR_BBG000BG7423_2021-03-17
2021-06-14 14:29:41 26      CREE_BBG000BG14P4_2021-03-17
2021-06-14 14:29:41 27      CRI_BBG000CTM4J9_2021-03-17
2021-06-14 14:29:41 28      CRL_BBG000BG5BL8_2021-03-17
2021-06-14 14:29:41 29      CRM_BBG000BN2DC2_2021-03-17
2021-06-14 14:29:41 33      CRMT_BBG000CM6L31_2021-03-17
2021-06-14 14:29:41 33      CROX_BBG000BLY663_2021-03-17
2021-06-14 14:29:41 35      CRS_BBG000BGCQT9_2021-03-17
2021-06-14 14:29:41 36      CRTX_BBG00BTK1DT8_2021-03-17
2021-06-14 14:29:41 37      CRUS_BBG000C1DHF5_2021-03-17
2021-06-14 14:29:41 38      CRVL_BBG000CVKZY0_2021-03-17
2021-06-14 14:29:41 39      CRWD_BBG00BLYKS03_2021-03-17
2021-06-14 14:29:41 48      CSCO_BBG000C3J3C9_2021-03-17
2021-06-14 14:29:41 52      CSGP_BBG000D7JKW9_2021-03-17
2021-06-14 14:29:41 53      CSGS_BBG000G3TQV2_2021-03-17
2021-06-14 14:29:41 54      CSII_BBG000NWQ9S5_2021-03-17
2021-06-14 14:29:41 56      CSL_BBG000BGGBT8_2021-03-17
2021-06-14 14:29:41 57      CSOD_BBG0016X4XN6_2021-03-17
2021-06-14 14:29:41 58      CSWI_BBG007NLG4L3_2021-03-17
2021-06-14 14:29:41 58      CSX_BBG000BGJRC8_2021-03-17
2021-06-14 14:29:41 63      CTAS_BBG000H3YXF8_2021-03-17
2021-06-14 14:29:41 64      CTB_BBG000BGKXV2_2021-03-17
2021-06-14 14:29:41 65      CTLT_BBG005XR47P5_2021-03-17
2021-06-14 14:29:41 66      CTSH_BBG000BBDV81_2021-03-17
2021-06-14 14:29:41 68      CTVA_BBG00BN969C1_2021-03-17
2021-06-14 14:29:41 70      CTXS_BBG000FQ6PY6_2021-03-17
2021-06-14 14:29:41 72      CVCO_BBG000K4WS65_2021-03-17
2021-06-14 14:29:41 73      CVET_BBG00KR691K8_2021-03-17
2021-06-14 14:29:41 74      CVGW_BBG000BGPQW1_2021-03-17
2021-06-14 14:29:41 75      CVLT_BBG000BG88X9_2021-03-17
2021-06-14 14:29:41 75      CVNA_BBG00GCTWDJ3_2021-03-17
2021-06-14 14:29:41 77      CVS_BBG000BGRY34_2021-03-17
2021-06-14 14:29:41 80      CVX_BBG000K4ND22_2021-03-17
2021-06-14 14:29:41 85      CW_BBG000BGSPS5_2021-03-17
2021-06-14 14:29:41 86      CWST_BBG000BT0J38_2021-03-17
2021-06-14 14:29:41 87      CWT_BBG000D8KTN6_2021-03-17
2021-06-14 14:29:41 87      CY_BBG000BXNJ07_2021-03-17
2021-06-14 14:29:41 88      D_BBG000BGVW60_2021-03-17
2021-06-14 14:29:41 90      DAL_BBG000R7Z112_2021-03-17
2021-06-14 14:29:41 94      DAR_BBG000BN8ZK8_2021-03-17
2021-06-14 14:29:41 96      DBX_BBG0018SLDN0_2021-03-17
2021-06-14 14:29:41 99      DCI_BBG000BGZP70_2021-03-17
2021-06-14 14:29:42 00      DCPH_BBG00HMJ9H54_2021-03-17
2021-06-14 14:29:42 01      DD_BBG00BN961G4_2021-03-17
2021-06-14 14:29:42 03      DDOG_BBG003NJHZT9_2021-03-17
2021-06-14 14:29:42 06      DDS_BBG000BS4MP5_2021-03-17
2021-06-14 14:29:42 07      DE_BBG000BH1NH9_2021-03-17
2021-06-14 14:29:42 09      DECK_BBG000BKXYX5_2021-03-17
2021-06-14 14:29:42 09      DELL_BBG00DW3SZS1_2021-03-17
2021-06-14 14:29:42 11      DFS_BBG000QBR5J5_2021-03-17
2021-06-14 14:29:42 13      DG_BBG000NV1KK7_2021-03-17
2021-06-14 14:29:42 15      DGX_BBG000BN84F3_2021-03-17
2021-06-14 14:29:42 17      DHI_BBG000DQTXY6_2021-03-17
2021-06-14 14:29:42 19      DHR_BBG000BH3JF8_2021-03-17
2021-06-14 14:29:42 21      DIOD_BBG000G25P51_2021-03-17
2021-06-14 14:29:42 22      DIS_BBG000BH4R78_2021-03-17
2021-06-14 14:29:42 28      DISCA_BBG000CHWP52_2021-03-17
2021-06-14 14:29:42 34      DISCB_BBG000F7L5N7_2021-03-17
2021-06-14 14:29:42 34      DISCB: SPYKE!. Candle: ID:160, Time: 20:00, Close: 75.18
2021-06-14 14:29:42 36      DISCK_BBG000VMWHH5_2021-03-17
2021-06-14 14:29:42 43      DK_BBG00FZYFVC5_2021-03-17
2021-06-14 14:29:42 44      DKNG_BBG00TCBG714_2021-03-17
2021-06-14 14:29:42 50      DKS_BBG000F6ZWH2_2021-03-17
2021-06-14 14:29:42 52      DLB_BBG000DGLTG5_2021-03-17
2021-06-14 14:29:42 53      DLR_BBG000Q5ZRM7_2021-03-17
2021-06-14 14:29:42 54      DLTH_BBG002GBMZG4_2021-03-17
2021-06-14 14:29:42 54      DLTH: SPYKE!. Candle: ID:15, Time: 11:25, Close: 14.1
2021-06-14 14:29:42 54      DLTH: SPYKE!. Candle: ID:16, Time: 11:25, Close: 14.04
2021-06-14 14:29:42 55      DLTR_BBG000BSC0K9_2021-03-17
2021-06-14 14:29:42 57      DLX_BBG000BH6360_2021-03-17
2021-06-14 14:29:42 58      DNLI_BBG008P7F869_2021-03-17
2021-06-14 14:29:42 59      DNOW_BBG005BLN209_2021-03-17
2021-06-14 14:29:42 60      DOCU_BBG000N7KJX8_2021-03-17
2021-06-14 14:29:42 64      DORM_BBG000BM22F5_2021-03-17
2021-06-14 14:29:42 65      DOV_BBG000BHB3M6_2021-03-17
2021-06-14 14:29:42 66      DOW_BBG00BN96922_2021-03-17
2021-06-14 14:29:42 69      DPZ_BBG000P458P3_2021-03-17
2021-06-14 14:29:42 70      DRE_BBG000BHD8S7_2021-03-17
2021-06-14 14:29:42 71      DRI_BBG000BBNYF6_2021-03-17
2021-06-14 14:29:42 73      DRNA_BBG001J1DB23_2021-03-17
2021-06-14 14:29:42 75      DRQ_BBG000BVDBY2_2021-03-17
2021-06-14 14:29:42 75      DT_BBG00PNN7C40_2021-03-17
2021-06-14 14:29:42 77      DVA_BBG000MQ1SN9_2021-03-17
2021-06-14 14:29:42 78      DVN_BBG000BBVJZ8_2021-03-17
2021-06-14 14:29:42 81      DXC_BBG00FN64XT9_2021-03-17
2021-06-14 14:29:42 83      DXCM_BBG000QTF8K1_2021-03-17
2021-06-14 14:29:42 85      DY_BBG000C4SKT1_2021-03-17
2021-06-14 14:29:42 86      EA_BBG000BP0KQ8_2021-03-17
2021-06-14 14:29:42 88      EAT_BBG000BK28N7_2021-03-17
2021-06-14 14:29:42 90      EBAY_BBG000C43RR5_2021-03-17
2021-06-14 14:29:42 95      EBS_BBG000GW06J7_2021-03-17
2021-06-14 14:29:42 97      ECHO_BBG000RFP8W6_2021-03-17
2021-06-14 14:29:42 98      ECL_BBG000BHKYH4_2021-03-17
2021-06-14 14:29:42 99      ECPG_BBG000F369C7_2021-03-17
2021-06-14 14:29:42 99      ED_BBG000BHLYS1_2021-03-17
2021-06-14 14:29:43 01      EDIT_BBG005MX5GZ2_2021-03-17
2021-06-14 14:29:43 04      EEFT_BBG000BMNBY1_2021-03-17
2021-06-14 14:29:43 05      EFX_BBG000BHPL78_2021-03-17
2021-06-14 14:29:43 06      EGHT_BBG000BCGHH7_2021-03-17
2021-06-14 14:29:43 07      EGRX_BBG005Y3XWH9_2021-03-17
2021-06-14 14:29:43 08      EHTH_BBG000P5JQX6_2021-03-17
2021-06-14 14:29:43 09      EIX_BBG000D7RKJ5_2021-03-17
2021-06-14 14:29:43 11      EL_BBG000FKJRC5_2021-03-17
2021-06-14 14:29:43 12      ELAN_BBG00LJYS1P8_2021-03-17
2021-06-14 14:29:43 13      ELS_BBG000BB7SX7_2021-03-17
2021-06-14 14:29:43 14      EME_BBG000BBRPL4_2021-03-17
2021-06-14 14:29:43 15      EMN_BBG000BLW530_2021-03-17
2021-06-14 14:29:43 16      EMR_BBG000BHX7N2_2021-03-17
2021-06-14 14:29:43 18      ENDP_BBG000C0HQ54_2021-03-17
2021-06-14 14:29:43 19      ENPH_BBG001R3MNY9_2021-03-17
2021-06-14 14:29:43 23      ENR_BBG006FCB019_2021-03-17
2021-06-14 14:29:43 24      ENS_BBG000PWTD92_2021-03-17
2021-06-14 14:29:43 25      ENTA_BBG001V9NSB4_2021-03-17
2021-06-14 14:29:43 26      ENTG_BBG000CTV4N4_2021-03-17
2021-06-14 14:29:43 28      ENV_BBG000Q4NZ54_2021-03-17
2021-06-14 14:29:43 29      EOG_BBG000BZ9223_2021-03-17
2021-06-14 14:29:43 31      EPAM_BBG000MHTV89_2021-03-17
2021-06-14 14:29:43 32      EPAY_BBG000BRNH31_2021-03-17
2021-06-14 14:29:43 33      EPC_BBG000BRW644_2021-03-17
2021-06-14 14:29:43 34      EQIX_BBG000MBDGM6_2021-03-17
2021-06-14 14:29:43 36      EQT_BBG000BHZ5J9_2021-03-17
2021-06-14 14:29:43 38      ERIE_BBG000BBTJZ1_2021-03-17
2021-06-14 14:29:43 39      ES_BBG000BQ87N0_2021-03-17
2021-06-14 14:29:43 40      ESPR_BBG004KB3S72_2021-03-17
2021-06-14 14:29:43 42      ESS_BBG000CGJMB9_2021-03-17
2021-06-14 14:29:43 43      ET_BBG000BM2FL9_2021-03-17
2021-06-14 14:29:43 44      ETN_BBG000BJ3PD2_2021-03-17
2021-06-14 14:29:43 46      ETR_BBG000C1FQS9_2021-03-17
2021-06-14 14:29:43 47      ETRN_BBG00K53L394_2021-03-17
2021-06-14 14:29:43 49      ETSY_BBG000N7MXL8_2021-03-17
2021-06-14 14:29:43 52      EVBG_BBG0022FMPD5_2021-03-17
2021-06-14 14:29:43 53      EVER_BBG00F17NDH7_2021-03-17
2021-06-14 14:29:43 54      EVH_BBG005CHLM96_2021-03-17
2021-06-14 14:29:43 55      EVR_BBG000BP30Y0_2021-03-17
2021-06-14 14:29:43 56      EVRG_BBG00H433CR2_2021-03-17
2021-06-14 14:29:43 57      EW_BBG000BRXP69_2021-03-17
2021-06-14 14:29:43 58      EWBC_BBG000CR20B1_2021-03-17
2021-06-14 14:29:43 60      EXAS_BBG000CWL0F5_2021-03-17
2021-06-14 14:29:43 62      EXC_BBG000J6XT05_2021-03-17
2021-06-14 14:29:43 65      EXEL_BBG000BQ4WF8_2021-03-17
2021-06-14 14:29:43 66      EXLS_BBG000NS3P30_2021-03-17
2021-06-14 14:29:43 67      EXP_BBG000BJW241_2021-03-17
2021-06-14 14:29:43 68      EXPD_BBG000BJ5GK2_2021-03-17
2021-06-14 14:29:43 70      EXPE_BBG000QY3XZ2_2021-03-17
2021-06-14 14:29:43 75      EXR_BBG000PV27K3_2021-03-17
2021-06-14 14:29:43 76      EYE_BBG00HVQF9K2_2021-03-17
2021-06-14 14:29:43 77      F_BBG000BQPC32_2021-03-17
2021-06-14 14:29:43 84      FANG_BBG002PHSYX9_2021-03-17
2021-06-14 14:29:43 86      FARO_BBG000BJD7C2_2021-03-17
2021-06-14 14:29:43 87      FAST_BBG000BJ8YN7_2021-03-17
2021-06-14 14:29:43 89      FATE_BBG000QP35H2_2021-03-17
2021-06-14 14:29:43 92      FB_BBG000MM2P62_2021-03-17
2021-06-14 14:29:44 09      FBHS_BBG001B4BV87_2021-03-17
2021-06-14 14:29:44 10      FCFS_BBG000DNF659_2021-03-17
2021-06-14 14:29:44 11      FCN_BBG000K88H58_2021-03-17
2021-06-14 14:29:44 12      FCX_BBG000BJDB15_2021-03-17
2021-06-14 14:29:44 21      FDS_BBG000BDJL83_2021-03-17
2021-06-14 14:29:44 21      FDX_BBG000BJF1Z8_2021-03-17
2021-06-14 14:29:44 23      FELE_BBG000BJGGV8_2021-03-17
2021-06-14 14:29:44 24      FFIV_BBG000CXYSZ6_2021-03-17
2021-06-14 14:29:44 26      FGEN_BBG000FW5ZL6_2021-03-17
2021-06-14 14:29:44 29      FICO_BBG000DW76Y6_2021-03-17
2021-06-14 14:29:44 30      FIS_BBG000BK2F42_2021-03-17
2021-06-14 14:29:44 31      FISV_BBG000BJKPG0_2021-03-17
2021-06-14 14:29:44 35      FITB_BBG000BJL3N0_2021-03-17
2021-06-14 14:29:44 39      FIVN_BBG001KHJM17_2021-03-17
2021-06-14 14:29:44 40      FIZZ_BBG000BF8CB6_2021-03-17
2021-06-14 14:29:44 42      FL_BBG000BX8DC4_2021-03-17
2021-06-14 14:29:44 43      FLIR_BBG000BHK836_2021-03-17
2021-06-14 14:29:44 44      FLOW_BBG007FL7ZD2_2021-03-17
2021-06-14 14:29:44 45      FLR_BBG000BB1TH9_2021-03-17
2021-06-14 14:29:44 46      FLS_BBG000FFH4P5_2021-03-17
2021-06-14 14:29:44 48      FLT_BBG000GPXKX9_2021-03-17
2021-06-14 14:29:44 49      FLWS_BBG000BBR9P6_2021-03-17
2021-06-14 14:29:44 51      FMC_BBG000BJP882_2021-03-17
2021-06-14 14:29:44 52      FND_BBG007GJ2F81_2021-03-17
2021-06-14 14:29:44 53      FNKO_BBG00HXSHDQ9_2021-03-17
2021-06-14 14:29:44 54      FOCS_BBG00L0YTFN8_2021-03-17
2021-06-14 14:29:44 55      FOE_BBG000BJQK11_2021-03-17
2021-06-14 14:29:44 56      FOLD_BBG000PLF6N0_2021-03-17
2021-06-14 14:29:44 58      FORM_BBG000D1Y3P1_2021-03-17
2021-06-14 14:29:44 59      FORR_BBG000HGNYG8_2021-03-17
2021-06-14 14:29:44 60      FOX_BBG00JHNKJY8_2021-03-17
2021-06-14 14:29:44 63      FOXA_BBG00JHNJW99_2021-03-17
2021-06-14 14:29:44 66      FOXF_BBG004T7VS53_2021-03-17
2021-06-14 14:29:44 67      FRHC_BBG000N625H8_2021-03-17
2021-06-14 14:29:44 68      FRPH_BBG000HCVWW4_2021-03-17
2021-06-14 14:29:44 69      FRPT_BBG001D0HB36_2021-03-17
2021-06-14 14:29:44 70      FSLR_BBG000BFL116_2021-03-17
2021-06-14 14:29:44 72      FSLY_BBG004NLQHL0_2021-03-17
2021-06-14 14:29:44 75      FTCH_BBG00LSD4456_2021-03-17
2021-06-14 14:29:44 79      FTI_BBG00DL8NMV2_2021-03-17
2021-06-14 14:29:44 81      FTNT_BBG000BCMBG4_2021-03-17
2021-06-14 14:29:44 84      FTV_BBG00BLVZ228_2021-03-17
2021-06-14 14:29:44 86      FUL_BBG000BJZ7V7_2021-03-17
2021-06-14 14:29:44 87      GATX_BBG000BKGXQ4_2021-03-17
2021-06-14 14:29:44 88      GBCI_BBG000C3KB84_2021-03-17
2021-06-14 14:29:44 88      GBT_BBG00341H6M0_2021-03-17
2021-06-14 14:29:44 90      GBT: SPYKE!. Candle: ID:3257, Time: 20:00, Close: 46.6
2021-06-14 14:29:44 90      GBX_BBG000CF5097_2021-03-17
2021-06-14 14:29:44 91      GCO_BBG000BK5S78_2021-03-17
2021-06-14 14:29:44 92      GCP_BBG0082W8Q12_2021-03-17
2021-06-14 14:29:44 92      GD_BBG000BK67C7_2021-03-17
2021-06-14 14:29:44 94      GDDY_BBG006MDLY05_2021-03-17
2021-06-14 14:29:44 95      GDOT_BBG000QDJT53_2021-03-17
2021-06-14 14:29:44 96      GE_BBG000BK6MB5_2021-03-17
2021-06-14 14:29:45 00      GEF_BBG000BLFNC0_2021-03-17
2021-06-14 14:29:45 01      GGG_BBG000BK9W84_2021-03-17
2021-06-14 14:29:45 02      GH_BBG006D97VY9_2021-03-17
2021-06-14 14:29:45 03      GHC_BBG000C3FGH9_2021-03-17
2021-06-14 14:29:45 04      GILD_BBG000CKGBP2_2021-03-17
2021-06-14 14:29:45 08      GIS_BBG000BKCFC2_2021-03-17
2021-06-14 14:29:45 10      GKOS_BBG000WG2LQ1_2021-03-17
2021-06-14 14:29:45 11      GL_BBG000BVD6X4_2021-03-17
2021-06-14 14:29:45 11      GLW_BBG000BKFZM4_2021-03-17
2021-06-14 14:29:45 13      GM_BBG000NDYB67_2021-03-17
2021-06-14 14:29:45 21      GMED_BBG002V87SD0_2021-03-17
2021-06-14 14:29:45 22      GMS_BBG009Q036D0_2021-03-17
2021-06-14 14:29:45 23      GNL_BBG004HXD0G8_2021-03-17
2021-06-14 14:29:45 23      GNRC_BBG000PQ4W72_2021-03-17
2021-06-14 14:29:45 24      GO_BBG00P4R3079_2021-03-17
2021-06-14 14:29:45 26      GOOG_BBG009S3NB30_2021-03-17
2021-06-14 14:29:45 30      GOOGL_BBG009S39JX6_2021-03-17
2021-06-14 14:29:45 35      GOSS_BBG00MVWLLM2_2021-03-17
2021-06-14 14:29:45 35      GOSS: SPYKE!. Candle: ID:930, Time: 13:30, Close: 9.55
2021-06-14 14:29:45 37      GPC_BBG000BKL348_2021-03-17
2021-06-14 14:29:45 38      GPI_BBG000BB88K4_2021-03-17
2021-06-14 14:29:45 39      GPN_BBG000CX0P89_2021-03-17
2021-06-14 14:29:45 41      GPS_BBG000BKLH74_2021-03-17
2021-06-14 14:29:45 43      GRA_BBG000BB8PG1_2021-03-17
2021-06-14 14:29:45 44      GRMN_BBG000C4LN67_2021-03-17
2021-06-14 14:29:45 46      GRUB_BBG001KWG293_2021-03-17
2021-06-14 14:29:45 47      GS_BBG000C6CFJ5_2021-03-17
2021-06-14 14:29:45 49      GSH_BBG000GLG0G0_2021-03-17
2021-06-14 14:29:45 49      GSKY_BBG00KT2SCV8_2021-03-17
2021-06-14 14:29:45 50      GSKY: SPYKE!. Candle: ID:2, Time: 7:00, Close: 7.18
2021-06-14 14:29:45 51      GT_BBG000BKNX95_2021-03-17
2021-06-14 14:29:45 53      GTHX_BBG005F1DK91_2021-03-17
2021-06-14 14:29:45 56      GTLS_BBG000P1K2X6_2021-03-17
2021-06-14 14:29:45 57      GTN_BBG000DSQLQ0_2021-03-17
2021-06-14 14:29:45 58      GVA_BBG000DVB833_2021-03-17
2021-06-14 14:29:45 59      GWRE_BBG001C7PM75_2021-03-17
2021-06-14 14:29:45 60      GWW_BBG000BKR1D6_2021-03-17
2021-06-14 14:29:45 61      H_BBG000CVRFS4_2021-03-17
2021-06-14 14:29:45 62      HA_BBG000BC4185_2021-03-17
2021-06-14 14:29:45 63      HAE_BBG000C7TF41_2021-03-17
2021-06-14 14:29:45 64      HAIN_BBG000BQW085_2021-03-17
2021-06-14 14:29:45 64      HAL_BBG000BKTFN2_2021-03-17
2021-06-14 14:29:45 67      HALO_BBG000CZ8W54_2021-03-17
2021-06-14 14:29:45 69      HAS_BBG000BKVJK4_2021-03-17
2021-06-14 14:29:45 70      HBAN_BBG000BKWSR6_2021-03-17
2021-06-14 14:29:45 72      HBI_BBG000D2ZTS8_2021-03-17
2021-06-14 14:29:45 74      HCA_BBG000QW7VC1_2021-03-17
2021-06-14 14:29:45 75      HCCI_BBG000CCFB17_2021-03-17
2021-06-14 14:29:45 76      HCSG_BBG000BKYVF0_2021-03-17
2021-06-14 14:29:45 76      HD_BBG000BKZB36_2021-03-17
2021-06-14 14:29:45 80      HEAR_BBG000BM6N47_2021-03-17
2021-06-14 14:29:45 82      HEI_BBG000BL16Q7_2021-03-17
2021-06-14 14:29:45 83      HES_BBG000BBD070_2021-03-17
2021-06-14 14:29:45 85      HFC_BBG000BL9JQ1_2021-03-17
2021-06-14 14:29:45 86      HGV_BBG00CBYY6M1_2021-03-17
2021-06-14 14:29:45 87      HHC_BBG000MJRJJ2_2021-03-17
2021-06-14 14:29:45 88      HHR_BBG00KHGQ0H4_2021-03-17
2021-06-14 14:29:45 89      HIBB_BBG000H001V3_2021-03-17
2021-06-14 14:29:45 90      HIG_BBG000G0Z878_2021-03-17
2021-06-14 14:29:45 92      HII_BBG001KJ2HM9_2021-03-17
2021-06-14 14:29:45 93      HIIQ_TCS003QRSQD3_2021-03-17
2021-06-14 14:29:45 93      HLT_BBG0058KMH30_2021-03-17
2021-06-14 14:29:45 96      HNP_BBG000BX5YM0_2021-03-17
2021-06-14 14:29:45 97      HOG_BBG000BKZTP3_2021-03-17
2021-06-14 14:29:45 98      HOLX_BBG000C3NTN5_2021-03-17
2021-06-14 14:29:46 00      HON_BBG000H556T9_2021-03-17
2021-06-14 14:29:46 02      HP_BBG000BLCPY4_2021-03-17
2021-06-14 14:29:46 03      HPE_BBG0078W3NQ3_2021-03-17
2021-06-14 14:29:46 05      HPQ_BBG000KHWT55_2021-03-17
2021-06-14 14:29:46 07      HQY_BBG000TYXCT9_2021-03-17
2021-06-14 14:29:46 09      HRB_BBG000BLDV98_2021-03-17
2021-06-14 14:29:46 10      HRC_BBG000BKWCS0_2021-03-17
2021-06-14 14:29:46 11      HRL_BBG000BLF8D2_2021-03-17
2021-06-14 14:29:46 13      HRTX_BBG000G2GJT7_2021-03-17
2021-06-14 14:29:46 14      HSC_BBG000BLH3P8_2021-03-17
2021-06-14 14:29:46 15      HSIC_BBG000BNMMJ3_2021-03-17
2021-06-14 14:29:46 16      HSKA_BBG000BWFH48_2021-03-17
2021-06-14 14:29:46 17      HST_BBG000BL8804_2021-03-17
2021-06-14 14:29:46 19      HSY_BBG000BLHRS2_2021-03-17
2021-06-14 14:29:46 20      HTA_BBG000PRJCX9_2021-03-17
2021-06-14 14:29:46 21      HTHT_BBG000QFPM65_2021-03-17
2021-06-14 14:29:46 23      HUBB_BBG000BLK267_2021-03-17
2021-06-14 14:29:46 24      HUBG_BBG000G9W6L0_2021-03-17
2021-06-14 14:29:46 24      HUBS_BBG000N7MZ06_2021-03-17
2021-06-14 14:29:46 26      HUM_BBG000BLKK03_2021-03-17
2021-06-14 14:29:46 27      HURN_BBG000PV2M48_2021-03-17
2021-06-14 14:29:46 28      HWM_BBG00DYNJGH9_2021-03-17
2021-06-14 14:29:46 29      HXL_BBG000BLMDQ9_2021-03-17
2021-06-14 14:29:46 30      IAC_BBG000BKQG80_2021-03-17
2021-06-14 14:29:46 32      IAC_old_TCS000BKQG80_2021-03-17
2021-06-14 14:29:46 32      Warning: figi `old` for history data does not match actual figi `BBG000BKQG80`. Ticker: IAC. Will be used actual!
2021-06-14 14:29:46 32      IART_BBG000BZJQL8_2021-03-17
2021-06-14 14:29:46 33      IBKR_BBG000LV0836_2021-03-17
2021-06-14 14:29:46 34      IBM_BBG000BLNNH6_2021-03-17
2021-06-14 14:29:46 37      IBN_BBG000DRM643_2021-03-17
2021-06-14 14:29:46 38      IBP_BBG005TJKDZ6_2021-03-17
2021-06-14 14:29:46 39      ICE_BBG000C1FB75_2021-03-17
2021-06-14 14:29:46 40      ICPT_BBG001J1QN87_2021-03-17
2021-06-14 14:29:46 42      ICUI_BBG000CQV2N4_2021-03-17
2021-06-14 14:29:46 43      IDCC_BBG000HLJ7M4_2021-03-17
2021-06-14 14:29:46 43      IDXX_BBG000BLRT07_2021-03-17
2021-06-14 14:29:46 45      IEX_BBG000C1HN22_2021-03-17
2021-06-14 14:29:46 46      IFF_BBG000BLSL58_2021-03-17
2021-06-14 14:29:46 47      IGMS_BBG00PNR1BT2_2021-03-17
2021-06-14 14:29:46 48      IIPR_BBG00F0SW7N8_2021-03-17
2021-06-14 14:29:46 49      IIVI_BBG000BLW102_2021-03-17
2021-06-14 14:29:46 51      ILMN_BBG000DSMS70_2021-03-17
2021-06-14 14:29:46 53      INCY_BBG000BNPSQ9_2021-03-17
2021-06-14 14:29:46 55      INDB_BBG000BM0597_2021-03-17
2021-06-14 14:29:46 56      INFO_BBG006G063F9_2021-03-17
2021-06-14 14:29:46 57      INGN_BBG0021PH456_2021-03-17
2021-06-14 14:29:46 58      INGR_BBG000BXPZB7_2021-03-17
2021-06-14 14:29:46 59      INMD_BBG00PPS73P4_2021-03-17
2021-06-14 14:29:46 60      INSP_BBG00209SZJ7_2021-03-17
2021-06-14 14:29:46 61      INTC_BBG000C0G1D1_2021-03-17
2021-06-14 14:29:46 73      INTU_BBG000BH5DV1_2021-03-17
2021-06-14 14:29:46 77      INVH_BBG00FQH6BS9_2021-03-17
2021-06-14 14:29:46 78      IONS_BBG000JH6683_2021-03-17
2021-06-14 14:29:46 80      IOSP_BBG000BMFNP4_2021-03-17
2021-06-14 14:29:46 80      IOVA_BBG000FTLBV7_2021-03-17
2021-06-14 14:29:46 82      IOVA: SPYKE!. Candle: ID:5795, Time: 20:35, Close: 32
2021-06-14 14:29:46 83      IP_BBG000BM5SR2_2021-03-17
2021-06-14 14:29:46 84      IPAR_BBG000GCSWR5_2021-03-17
2021-06-14 14:29:46 85      IPG_BBG000C90DH9_2021-03-17
2021-06-14 14:29:46 87      IPGP_BBG000DCGRL8_2021-03-17
2021-06-14 14:29:46 88      IQV_BBG00333FYS2_2021-03-17
2021-06-14 14:29:46 89      IR_BBG002R1CW27_2021-03-17
2021-06-14 14:29:46 90      IRBT_BBG000HXJB21_2021-03-17
2021-06-14 14:29:46 91      IRDM_BBG000VC0FC1_2021-03-17
2021-06-14 14:29:46 93      IRM_BBG000KCZPC3_2021-03-17
2021-06-14 14:29:46 94      IRTC_BBG001J19V24_2021-03-17
2021-06-14 14:29:46 95      ISRG_BBG000BJPDZ1_2021-03-17
2021-06-14 14:29:46 96      IT_BBG000BB65D0_2021-03-17
2021-06-14 14:29:46 97      ITCI_BBG0026ZFZC4_2021-03-17
2021-06-14 14:29:46 98      ITGR_BBG000BW6JV4_2021-03-17
2021-06-14 14:29:46 99      ITRI_BBG000BD2167_2021-03-17
2021-06-14 14:29:47 00      ITT_BBG00CVQZQ96_2021-03-17
2021-06-14 14:29:47 01      ITW_BBG000BMBL90_2021-03-17
2021-06-14 14:29:47 03      IVZ_BBG000BY2Y78_2021-03-17
2021-06-14 14:29:47 04      J_BBG000BMFFQ0_2021-03-17
2021-06-14 14:29:47 05      JACK_BBG000GZYVY1_2021-03-17
2021-06-14 14:29:47 07      JBHT_BBG000BMDBZ1_2021-03-17
2021-06-14 14:29:47 08      JBSS_BBG000CHPMY5_2021-03-17
2021-06-14 14:29:47 08      JBT_BBG000VLBCQ1_2021-03-17
2021-06-14 14:29:47 09      JCI_BBG000BVWLJ6_2021-03-17
2021-06-14 14:29:47 13      JCOM_BBG000F3CWW7_2021-03-17
2021-06-14 14:29:47 14      JD_BBG005YHY0Q7_2021-03-17
2021-06-14 14:29:47 22      JEF_BBG000BNHSP9_2021-03-17
2021-06-14 14:29:47 25      JELD_BBG0019GM953_2021-03-17
2021-06-14 14:29:47 26      JJSF_BBG000BMGPW0_2021-03-17
2021-06-14 14:29:47 27      JKHY_BBG000BMH2Q7_2021-03-17
2021-06-14 14:29:47 28      JLL_BBG000C2L2L0_2021-03-17
2021-06-14 14:29:47 29      JNJ_BBG000BMHYD1_2021-03-17
2021-06-14 14:29:47 33      JNPR_BBG000BY33P5_2021-03-17
2021-06-14 14:29:47 34      JOBS_BBG000BJD1D4_2021-03-17
2021-06-14 14:29:47 34      JOUT_BBG000HCXFS4_2021-03-17
2021-06-14 14:29:47 35      JPM_BBG000DMBXR2_2021-03-17
2021-06-14 14:29:47 42      JWN_BBG000G8N9C6_2021-03-17
2021-06-14 14:29:47 45      K_BBG000BMKDM3_2021-03-17
2021-06-14 14:29:47 47      KALU_BBG000PKZDX4_2021-03-17
2021-06-14 14:29:47 48      KBH_BBG000BMLWX8_2021-03-17
2021-06-14 14:29:47 49      KDP_BBG000TJM7F0_2021-03-17
2021-06-14 14:29:47 52      KEP_BBG000BCWG90_2021-03-17
2021-06-14 14:29:47 53      KEX_BBG000BMQCP6_2021-03-17
2021-06-14 14:29:47 53      KEY_BBG000BMQPL1_2021-03-17
2021-06-14 14:29:47 55      KEYS_BBG0059FN811_2021-03-17
2021-06-14 14:29:47 56      KFY_BBG000C5QMB5_2021-03-17
2021-06-14 14:29:47 57      KHC_BBG005CPNTQ2_2021-03-17
2021-06-14 14:29:47 59      KIDS_BBG00HFFRW39_2021-03-17
2021-06-14 14:29:47 60      KIDS: SPYKE!. Candle: ID:4, Time: 13:30, Close: 46.45
2021-06-14 14:29:47 60      KIDS: SPYKE!. Candle: ID:7, Time: 13:30, Close: 44.67
2021-06-14 14:29:47 60      KIM_BBG000CN3S73_2021-03-17
2021-06-14 14:29:47 62      KLAC_BBG000BMTFR4_2021-03-17
2021-06-14 14:29:47 65      KMB_BBG000BMW2Z0_2021-03-17
2021-06-14 14:29:47 67      KMI_BBG0019JZ882_2021-03-17
2021-06-14 14:29:47 69      KMPR_BBG000H3GDJ8_2021-03-17
2021-06-14 14:29:47 70      KMT_BBG000BMWKC5_2021-03-17
2021-06-14 14:29:47 71      KMX_BBG000BLMZK6_2021-03-17
2021-06-14 14:29:47 72      KNSL_BBG00D8JD9Z9_2021-03-17
2021-06-14 14:29:47 72      KNX_BBG000BFC848_2021-03-17
2021-06-14 14:29:47 74      KO_BBG000BMX289_2021-03-17
2021-06-14 14:29:47 77      KOD_BBG00BVR0D02_2021-03-17
2021-06-14 14:29:47 78      KR_BBG000BMY992_2021-03-17
2021-06-14 14:29:47 81      KRG_BBG000BC2KW8_2021-03-17
2021-06-14 14:29:47 82      KRTX_BBG00NN875G0_2021-03-17
2021-06-14 14:29:47 82      KRYS_BBG00HDGRHH7_2021-03-17
2021-06-14 14:29:47 83      KSU_BBG000BMZ7P7_2021-03-17
2021-06-14 14:29:47 84      KTB_BBG00LPTHYD5_2021-03-17
2021-06-14 14:29:47 85      KWR_BBG000DZS2L9_2021-03-17
2021-06-14 14:29:47 86      L_BBG000C45984_2021-03-17
2021-06-14 14:29:47 87      LAD_BBG000K3BC83_2021-03-17
2021-06-14 14:29:47 88      LANC_BBG000BN1M88_2021-03-17
2021-06-14 14:29:47 89      LASR_BBG0020BCPX5_2021-03-17
2021-06-14 14:29:47 90      LB_BBG000BNGTQ7_2021-03-17
2021-06-14 14:29:47 92      LBRDK_BBG006GNSZW5_2021-03-17
2021-06-14 14:29:47 94      LCII_BBG000DNLMB0_2021-03-17
2021-06-14 14:29:47 94      LDOS_BBG000C23PB0_2021-03-17
2021-06-14 14:29:47 95      LEA_BBG000PTLGZ1_2021-03-17
2021-06-14 14:29:47 97      LECO_BBG000BB72K8_2021-03-17
2021-06-14 14:29:47 99      LEG_BBG000BN53G7_2021-03-17
2021-06-14 14:29:48 00      LEGH_BBG00MJDR6J9_2021-03-17
2021-06-14 14:29:48 01      LEN_BBG000BN5HF7_2021-03-17
2021-06-14 14:29:48 04      LEVI_BBG000BQDF10_2021-03-17
2021-06-14 14:29:48 05      LFC_BBG000BBK4B9_2021-03-17
2021-06-14 14:29:48 06      LFUS_BBG000BGFGT8_2021-03-17
2021-06-14 14:29:48 06      LGIH_BBG0056655S1_2021-03-17
2021-06-14 14:29:48 08      LGND_BBG000BKF014_2021-03-17
2021-06-14 14:29:48 08      LH_BBG000D9DMK0_2021-03-17
2021-06-14 14:29:48 10      LHCG_BBG000G7W420_2021-03-17
2021-06-14 14:29:48 11      LHX_BBG000BLGFJ9_2021-03-17
2021-06-14 14:29:48 12      LII_BBG000BB5B84_2021-03-17
2021-06-14 14:29:48 13      LIN_BBG00GVR8YQ9_2021-03-17
2021-06-14 14:29:48 14      LITE_BBG0073F9RT7_2021-03-17
2021-06-14 14:29:48 16      LKQ_BBG000PXDL44_2021-03-17
2021-06-14 14:29:48 18      LLY_BBG000BNBDC2_2021-03-17
2021-06-14 14:29:48 21      LMT_BBG000C1BW00_2021-03-17
2021-06-14 14:29:48 23      LNN_BBG000FJS1S8_2021-03-17
2021-06-14 14:29:48 25      LNT_BBG000DW4Q75_2021-03-17
2021-06-14 14:29:48 27      LNTH_BBG006Q52RD0_2021-03-17
2021-06-14 14:29:48 29      LOPE_BBG000FV28W9_2021-03-17
2021-06-14 14:29:48 30      LOW_BBG000BNDN65_2021-03-17
2021-06-14 14:29:48 32      LPL_BBG000FJ0RK9_2021-03-17
2021-06-14 14:29:48 33      LPLA_BBG000P2TYL8_2021-03-17
2021-06-14 14:29:48 35      LPSN_BBG000BSV0W5_2021-03-17
2021-06-14 14:29:48 37      LRCX_BBG000BNFLM9_2021-03-17
2021-06-14 14:29:48 39      LRN_BBG000QSXPZ9_2021-03-17
2021-06-14 14:29:48 41      LRN_old_TCS000QSXPZ9_2021-03-17
2021-06-14 14:29:48 41      Warning: figi `old` for history data does not match actual figi `BBG000QSXPZ9`. Ticker: LRN. Will be used actual!
2021-06-14 14:29:48 42      LSCC_BBG000C2D1C1_2021-03-17
2021-06-14 14:29:48 44      LSTR_BBG000BB2KN0_2021-03-17
2021-06-14 14:29:48 45      LTHM_BBG00LV3NRG0_2021-03-17
2021-06-14 14:29:48 46      LULU_BBG000R8ZVD1_2021-03-17
2021-06-14 14:29:48 52      LUMN_BBG000BGLRN3_2021-03-17
2021-06-14 14:29:48 53      LUV_BBG000BNJHS8_2021-03-17
2021-06-14 14:29:48 71      LVS_BBG000JWD753_2021-03-17
2021-06-14 14:29:48 73      LW_BBG003CVMLQ2_2021-03-17
2021-06-14 14:29:48 74      LYB_BBG000WCFV84_2021-03-17
2021-06-14 14:29:48 76      LYFT_BBG004M9ZHX5_2021-03-17
2021-06-14 14:29:48 81      LYV_BBG000FQ7YR4_2021-03-17
2021-06-14 14:29:48 83      M_BBG000C46HM9_2021-03-17
2021-06-14 14:29:48 86      MA_BBG000F1ZSQ2_2021-03-17
2021-06-14 14:29:48 87      MAA_BBG000BLMY92_2021-03-17
2021-06-14 14:29:48 89      MAC_BBG000BL9C59_2021-03-17
2021-06-14 14:29:48 92      MAN_BBG000BNMHS4_2021-03-17
2021-06-14 14:29:48 93      MANH_BBG000BFV758_2021-03-17
2021-06-14 14:29:48 94      MANT_BBG000BGF8B5_2021-03-17
2021-06-14 14:29:48 95      MANU_BBG0035WV4N9_2021-03-17
2021-06-14 14:29:48 96      MAR_BBG000BGD7W6_2021-03-17
2021-06-14 14:29:48 99      MAS_BBG000BNNKG9_2021-03-17
2021-06-14 14:29:49 02      MASI_BBG000C3W281_2021-03-17
2021-06-14 14:29:49 02      MAT_BBG000BNNYW1_2021-03-17
2021-06-14 14:29:49 04      MATX_BBG000BBK401_2021-03-17
2021-06-14 14:29:49 05      MBT_BBG000CSZKR2_2021-03-17
2021-06-14 14:29:49 06      MBUU_BBG005PXTR70_2021-03-17
2021-06-14 14:29:49 06      MCD_BBG000BNSZP1_2021-03-17
2021-06-14 14:29:49 09      MCHP_BBG000BHCP19_2021-03-17
2021-06-14 14:29:49 13      MCK_BBG000DYGNW7_2021-03-17
2021-06-14 14:29:49 14      MCO_BBG000F86GP6_2021-03-17
2021-06-14 14:29:49 16      MCRI_BBG000BJ0932_2021-03-17
2021-06-14 14:29:49 16      MD_BBG000H8LGK2_2021-03-17
2021-06-14 14:29:49 18      MDB_BBG0022FDRY8_2021-03-17
2021-06-14 14:29:49 19      MDGL_BBG000QS6NV8_2021-03-17
2021-06-14 14:29:49 20      MDLA_BBG001BPKGT0_2021-03-17
2021-06-14 14:29:49 21      MDLZ_BBG000D4LWF6_2021-03-17
2021-06-14 14:29:49 26      MDRX_BBG000BLDXH5_2021-03-17
2021-06-14 14:29:49 27      MDT_BBG000BNWG87_2021-03-17
2021-06-14 14:29:49 30      MED_BBG000BWBW76_2021-03-17
2021-06-14 14:29:49 32      MEDP_BBG0065B7K59_2021-03-17
2021-06-14 14:29:49 33      MEI_BBG000BNY197_2021-03-17
2021-06-14 14:29:49 33      MELI_BBG000GQPB11_2021-03-17
2021-06-14 14:29:49 35      MET_BBG000BB6KF5_2021-03-17
2021-06-14 14:29:49 37      MFGP_BBG00HFWVGN0_2021-03-17
2021-06-14 14:29:49 39      MGLN_BBG000BD6DD9_2021-03-17
2021-06-14 14:29:49 40      MGM_BBG000C2BXK4_2021-03-17
2021-06-14 14:29:49 43      MGY_BBG00GNC8DL2_2021-03-17
2021-06-14 14:29:49 44      MHK_BBG000FLZN98_2021-03-17
2021-06-14 14:29:49 46      MHO_BBG000BL9MZ4_2021-03-17
2021-06-14 14:29:49 47      MIDD_BBG000DQN9R3_2021-03-17
2021-06-14 14:29:49 48      MINI_BBG000BGTX98_2021-03-17
2021-06-14 14:29:49 48      MKC_BBG000G6Y5W4_2021-03-17
2021-06-14 14:29:49 49      MKL_BBG000FC7366_2021-03-17
2021-06-14 14:29:49 50      MKSI_BBG000BVMG26_2021-03-17
2021-06-14 14:29:49 52      MKTX_BBG000BJBZ23_2021-03-17
2021-06-14 14:29:49 53      MLAB_BBG000BP3PW7_2021-03-17
2021-06-14 14:29:49 54      MLCO_BBG000BHP8J4_2021-03-17
2021-06-14 14:29:49 55      MLHR_BBG000BP46T2_2021-03-17
2021-06-14 14:29:49 56      MLM_BBG000BGYMH7_2021-03-17
2021-06-14 14:29:49 57      MMC_BBG000BP4MH0_2021-03-17
2021-06-14 14:29:49 59      MMI_BBG005GBRSR6_2021-03-17
2021-06-14 14:29:49 59      MMM_BBG000BP52R2_2021-03-17
2021-06-14 14:29:49 61      MMS_BBG000BC5WJ4_2021-03-17
2021-06-14 14:29:49 62      MMSI_BBG000C42VX0_2021-03-17
2021-06-14 14:29:49 63      MNRO_BBG000C0BZD1_2021-03-17
2021-06-14 14:29:49 64      MNST_BBG008NVB1C0_2021-03-17
2021-06-14 14:29:49 66      MO_BBG000BP6LJ8_2021-03-17
2021-06-14 14:29:49 69      MOH_BBG000MBHNC8_2021-03-17
2021-06-14 14:29:49 70      MOMO_BBG007HTCQT0_2021-03-17
2021-06-14 14:29:49 85      MORN_BBG000CGQ4F7_2021-03-17
2021-06-14 14:29:49 86      MOS_BBG000BFXHL6_2021-03-17
2021-06-14 14:29:49 89      MOV_BBG000BL30Y9_2021-03-17
2021-06-14 14:29:49 90      MPC_BBG001DCCGR8_2021-03-17
2021-06-14 14:29:49 95      MPWR_BBG000C30L48_2021-03-17
2021-06-14 14:29:49 98      MRC_BBG000BKLTM1_2021-03-17
2021-06-14 14:29:49 99      MRK_BBG000BPD168_2021-03-17
2021-06-14 14:29:50 04      MRNA_BBG003PHHZT1_2021-03-17
2021-06-14 14:29:50 16      MRO_BBG000C8H633_2021-03-17
2021-06-14 14:29:50 19      MRTX_BBG004TPGBP5_2021-03-17
2021-06-14 14:29:50 21      MS_BBG000BLZRJ2_2021-03-17
2021-06-14 14:29:50 29      MSA_BBG000BPDXF8_2021-03-17
2021-06-14 14:29:50 30      MSCI_BBG000RTDY25_2021-03-17
2021-06-14 14:29:50 31      MSFT_BBG000BPH459_2021-03-17
2021-06-14 14:29:50 62      MSGE_BBG00L9HLWV8_2021-03-17
2021-06-14 14:29:50 62      MSGN_BBG000NS03H7_2021-03-17
2021-06-14 14:29:50 63      MSGS_BBG007FG0C23_2021-03-17
2021-06-14 14:29:50 64      MSI_BBG000BP8Z50_2021-03-17
2021-06-14 14:29:50 66      MSM_BBG000BCLYL9_2021-03-17
2021-06-14 14:29:50 67      MSTR_BBG000GQJPZ0_2021-03-17
2021-06-14 14:29:50 71      MTB_BBG000D9KWL9_2021-03-17
2021-06-14 14:29:50 73      MTCH_BBG00B6WH9G3_2021-03-17
2021-06-14 14:29:50 76      MTCH_old_TCS00B6WH9G3_2021-03-17
2021-06-14 14:29:50 76      Warning: figi `old` for history data does not match actual figi `BBG00B6WH9G3`. Ticker: MTCH. Will be used actual!
2021-06-14 14:29:50 76      MTD_BBG000BZCKH3_2021-03-17
2021-06-14 14:29:50 77      MTG_BBG000CBMH27_2021-03-17
2021-06-14 14:29:50 79      MTH_BBG000F4F1N0_2021-03-17
2021-06-14 14:29:50 80      MTN_BBG000BCMWM1_2021-03-17
2021-06-14 14:29:50 81      MTOR_BBG000BH92D1_2021-03-17
2021-06-14 14:29:50 82      MTRN_BBG000BDTT76_2021-03-17
2021-06-14 14:29:50 83      MU_BBG000C5Z1S3_2021-03-17
2021-06-14 14:29:50 99      MUR_BBG000BPMH90_2021-03-17
2021-06-14 14:29:51 01      MUSA_BBG001Z0Q6T5_2021-03-17
2021-06-14 14:29:51 02      MXIM_BBG000BPNP00_2021-03-17
2021-06-14 14:29:51 06      MXL_BBG000BB6R33_2021-03-17
2021-06-14 14:29:51 07      MYGN_BBG000D9H9F1_2021-03-17
2021-06-14 14:29:51 08      MYRG_BBG000BC7VW9_2021-03-17
2021-06-14 14:29:51 09      NARI_BBG009J8K7M0_2021-03-17
2021-06-14 14:29:51 12      NARI: SPYKE!. Candle: ID:3, Time: 13:25, Close: 107.07
2021-06-14 14:29:51 12      NARI: SPYKE!. Candle: ID:4, Time: 13:25, Close: 107.07
2021-06-14 14:29:51 13      NATI_BBG000DZK6N6_2021-03-17
2021-06-14 14:29:51 15      NAVI_BBG004MN1R41_2021-03-17
2021-06-14 14:29:51 16      NBIX_BBG000GJS7C1_2021-03-17
2021-06-14 14:29:51 18      NCBS_BBG000QK0TG5_2021-03-17
2021-06-14 14:29:51 18      NCR_BBG000BMXK89_2021-03-17
2021-06-14 14:29:51 20      NDAQ_BBG000F5VVB6_2021-03-17
2021-06-14 14:29:51 24      NDSN_BBG000BPWGR1_2021-03-17
2021-06-14 14:29:51 26      NEE_BBG000BJSBJ0_2021-03-17
2021-06-14 14:29:51 30      NEM_BBG000BPWXK1_2021-03-17
2021-06-14 14:29:51 35      NEO_BBG000BKH263_2021-03-17
2021-06-14 14:29:51 37      NEOG_BBG000C1BCK2_2021-03-17
2021-06-14 14:29:51 39      NET_BBG001WMKHH5_2021-03-17
2021-06-14 14:29:51 41      NEU_BBG000BJ5SS8_2021-03-17
2021-06-14 14:29:51 42      NEWR_BBG001NFKJ68_2021-03-17
2021-06-14 14:29:51 43      NFLX_BBG000CL9VN6_2021-03-17
2021-06-14 14:29:51 48      NGVT_BBG009LM28K6_2021-03-17
2021-06-14 14:29:51 48      NJR_BBG000BPZVW9_2021-03-17
2021-06-14 14:29:51 49      NKE_BBG000C5HS04_2021-03-17
2021-06-14 14:29:51 53      NKTR_BBG000BHCYJ1_2021-03-17
2021-06-14 14:29:51 55      NLOK_BBG000BH2JM1_2021-03-17
2021-06-14 14:29:51 57      NLSN_BBG0088CYPX8_2021-03-17
2021-06-14 14:29:51 59      NMIH_BBG005DLMMZ6_2021-03-17
2021-06-14 14:29:51 60      NOC_BBG000BQ2C28_2021-03-17
2021-06-14 14:29:51 61      NOK_BBG000BNGBW9_2021-03-17
2021-06-14 14:29:51 67      NOV_BBG000BJX8C8_2021-03-17
2021-06-14 14:29:51 69      NOW_BBG000M1R011_2021-03-17
2021-06-14 14:29:51 71      NP_BBG000QCQ764_2021-03-17
2021-06-14 14:29:51 72      NPK_BBG000BQ4GG2_2021-03-17
2021-06-14 14:29:51 72      NRG_BBG000D8RG11_2021-03-17
2021-06-14 14:29:51 82      NSC_BBG000BQ5DS5_2021-03-17
2021-06-14 14:29:51 83      NSP_BBG000BJ41X2_2021-03-17
2021-06-14 14:29:51 84      NTAP_BBG000FP1N32_2021-03-17
2021-06-14 14:29:51 86      NTCO_BBG00R4ZKPN5_2021-03-17
2021-06-14 14:29:51 87      NTCT_BBG000C136Z8_2021-03-17
2021-06-14 14:29:51 88      NTES_BBG000BX72V8_2021-03-17
2021-06-14 14:29:51 91      NTGR_BBG000C4GBR6_2021-03-17
2021-06-14 14:29:51 92      NTLA_BBG007KC7PB0_2021-03-17
2021-06-14 14:29:51 93      NTNX_BBG001NDW1Z7_2021-03-17
2021-06-14 14:29:51 95      NTRA_BBG001J1BQ86_2021-03-17
2021-06-14 14:29:51 96      NTRS_BBG000BQ74K1_2021-03-17
2021-06-14 14:29:51 98      NTUS_BBG000DPZHS3_2021-03-17
2021-06-14 14:29:51 99      NUE_BBG000BQ8KV2_2021-03-17
2021-06-14 14:29:52 01      NUS_BBG000HG21Y3_2021-03-17
2021-06-14 14:29:52 01      NUVA_BBG000LNL298_2021-03-17
2021-06-14 14:29:52 02      NVDA_BBG000BBJQV0_2021-03-17
2021-06-14 14:29:52 11      NVEE_BBG005BT60Y8_2021-03-17
2021-06-14 14:29:52 12      NVR_BBG000BQBYR3_2021-03-17
2021-06-14 14:29:52 12      NVRO_BBG001K61W36_2021-03-17
2021-06-14 14:29:52 13      NVTA_BBG005DJFD43_2021-03-17
2021-06-14 14:29:52 16      NWE_BBG000Q1NMJ4_2021-03-17
2021-06-14 14:29:52 17      NWL_BBG000BQC9V2_2021-03-17
2021-06-14 14:29:52 19      NWLI_BBG008HNHZ07_2021-03-17
2021-06-14 14:29:52 20      NWS_BBG0035M2ZB7_2021-03-17
2021-06-14 14:29:52 22      NWSA_BBG0035LY913_2021-03-17
2021-06-14 14:29:52 25      NXPI_BBG000BND699_2021-03-17
2021-06-14 14:29:52 32      NXST_BBG000DZJVH0_2021-03-17
2021-06-14 14:29:52 33      NYT_BBG000FFC0B3_2021-03-17
2021-06-14 14:29:52 34      O_BBG000DHPN63_2021-03-17
2021-06-14 14:29:52 37      OC_BBG000M44VW8_2021-03-17
2021-06-14 14:29:52 39      ODFL_BBG000CHSS88_2021-03-17
2021-06-14 14:29:52 40      OFIX_BBG000G1C210_2021-03-17
2021-06-14 14:29:52 40      OHI_BBG000BGBTC2_2021-03-17
2021-06-14 14:29:52 42      OI_BBG00R2JZG39_2021-03-17
2021-06-14 14:29:52 43      OII_BBG000CPBCL8_2021-03-17
2021-06-14 14:29:52 44      OIS_BBG000BDDN94_2021-03-17
2021-06-14 14:29:52 46      OIS: SPYKE!. Candle: ID:582, Time: 10:00, Close: 7.6
2021-06-14 14:29:52 48      OKE_BBG000BQHGR6_2021-03-17
2021-06-14 14:29:52 50      OKTA_BBG001YV1SM4_2021-03-17
2021-06-14 14:29:52 52      OLED_BBG000BLRP41_2021-03-17
2021-06-14 14:29:52 53      OLLI_BBG0098VVDT9_2021-03-17
2021-06-14 14:29:52 54      OMC_BBG000BS9489_2021-03-17
2021-06-14 14:29:52 56      OMCL_BBG000BTNGZ4_2021-03-17
2021-06-14 14:29:52 57      ON_BBG000DV7MX4_2021-03-17
2021-06-14 14:29:52 60      ONTO_BBG000BPRN29_2021-03-17
2021-06-14 14:29:52 62      ORCL_BBG000BQLTW7_2021-03-17
2021-06-14 14:29:52 65      ORLY_BBG000BGYWY6_2021-03-17
2021-06-14 14:29:52 66      OSIS_BBG000BWPR54_2021-03-17
2021-06-14 14:29:52 67      OSK_BBG000CC53X1_2021-03-17
2021-06-14 14:29:52 68      OSUR_BBG000J3D1Y8_2021-03-17
2021-06-14 14:29:52 70      OTIS_BBG00RP60KV0_2021-03-17
2021-06-14 14:29:52 71      OVV_BBG00R2NHQ65_2021-03-17
2021-06-14 14:29:52 72      OVV: SPYKE!. Candle: ID:20, Time: 9:10, Close: 27.96
2021-06-14 14:29:52 73      OXY_BBG000BQQ2S6_2021-03-17
2021-06-14 14:29:52 78      PAGS_BBG00JM7QBR6_2021-03-17
2021-06-14 14:29:52 80      PANW_BBG0014GJCT9_2021-03-17
2021-06-14 14:29:52 82      PATK_BBG000BQSBB2_2021-03-17
2021-06-14 14:29:52 82      PAYC_BBG0064N0ZZ5_2021-03-17
2021-06-14 14:29:52 84      PB_BBG000BHY4D9_2021-03-17
2021-06-14 14:29:52 85      PBCT_BBG000BQT4L6_2021-03-17
2021-06-14 14:29:52 87      PBF_BBG002832GV8_2021-03-17
2021-06-14 14:29:52 89      PBH_BBG000QM0RZ4_2021-03-17
2021-06-14 14:29:52 90      PBI_BBG000BQTMJ9_2021-03-17
2021-06-14 14:29:52 92      PCAR_BBG000BQVTF5_2021-03-17
2021-06-14 14:29:52 93      PCG_BBG000BQWPC5_2021-03-17
2021-06-14 14:29:52 95      PCRX_BBG0018FQNS6_2021-03-17
2021-06-14 14:29:52 95      PCTY_BBG006598YS8_2021-03-17
2021-06-14 14:29:52 96      PD_BBG0043BYPB8_2021-03-17
2021-06-14 14:29:52 98      PD: SPYKE!. Candle: ID:3589, Time: 20:10, Close: 39.02
2021-06-14 14:29:52 98      PDCO_BBG000BQY289_2021-03-17
2021-06-14 14:29:52 99      PEAK_BBG000BKYDP9_2021-03-17
2021-06-14 14:29:53 01      PEG_BBG000BQZMH4_2021-03-17
2021-06-14 14:29:53 03      PEGA_BBG000H1RYG7_2021-03-17
2021-06-14 14:29:53 04      PEN_BBG001BP92V1_2021-03-17
2021-06-14 14:29:53 05      PEP_BBG000DH7JK6_2021-03-17
2021-06-14 14:29:53 11      PETQ_BBG00H1CY328_2021-03-17
2021-06-14 14:29:53 12      PFE_BBG000BR2B91_2021-03-17
2021-06-14 14:29:53 17      PFG_BBG000NSCNT7_2021-03-17
2021-06-14 14:29:53 20      PFGC_BBG009XW2WB8_2021-03-17
2021-06-14 14:29:53 21      PFPT_BBG000RQ2GY7_2021-03-17
2021-06-14 14:29:53 22      PG_BBG000BR2TH3_2021-03-17
2021-06-14 14:29:53 27      PGNY_BBG002H1K1H1_2021-03-17
2021-06-14 14:29:53 28      PGR_BBG000BR37X2_2021-03-17
2021-06-14 14:29:53 31      PGTI_BBG000FX3Y66_2021-03-17
2021-06-14 14:29:53 32      PH_BBG000BR3KL6_2021-03-17
2021-06-14 14:29:53 34      PHM_BBG000BR54L0_2021-03-17
2021-06-14 14:29:53 37      PII_BBG000D5S4M0_2021-03-17
2021-06-14 14:29:53 38      PINC_BBG000G7QX50_2021-03-17
2021-06-14 14:29:53 40      PINS_BBG002583CV8_2021-03-17
2021-06-14 14:29:53 46      PIPR_BBG000FQXC75_2021-03-17
2021-06-14 14:29:53 47      PKG_BBG000BB8SW7_2021-03-17
2021-06-14 14:29:53 48      PKI_BBG000FXW512_2021-03-17
2021-06-14 14:29:53 49      PLAN_BBG002DZS299_2021-03-17
2021-06-14 14:29:53 51      PLAY_BBG001WWJTK5_2021-03-17
2021-06-14 14:29:53 53      PLCE_BBG000JK9DK4_2021-03-17
2021-06-14 14:29:53 54      PLD_BBG000B9Z0J8_2021-03-17
2021-06-14 14:29:53 56      PLNT_BBG009H04M17_2021-03-17
2021-06-14 14:29:53 57      PLTR_BBG000N7QR55_2021-03-17
2021-06-14 14:29:53 68      PLUS_BBG000HN7W02_2021-03-17
2021-06-14 14:29:53 69      PLXS_BBG000BRBX66_2021-03-17
2021-06-14 14:29:53 70      PM_BBG000J2XL74_2021-03-17
2021-06-14 14:29:53 72      PNC_BBG000BRD0D8_2021-03-17
2021-06-14 14:29:53 74      PNFP_BBG000C1XKF6_2021-03-17
2021-06-14 14:29:53 75      PNTG_BBG00P33SY72_2021-03-17
2021-06-14 14:29:53 76      PODD_BBG000R7XX87_2021-03-17
2021-06-14 14:29:53 79      POOL_BBG000BCVG28_2021-03-17
2021-06-14 14:29:53 80      POR_BBG000BCRMW7_2021-03-17
2021-06-14 14:29:53 81      POST_BBG001WTBC36_2021-03-17
2021-06-14 14:29:53 83      POWI_BBG000BTT3D1_2021-03-17
2021-06-14 14:29:53 84      PPC_BBG000BFLXV3_2021-03-17
2021-06-14 14:29:53 85      PPG_BBG000BRJ809_2021-03-17
2021-06-14 14:29:53 86      PPL_BBG000BRJL00_2021-03-17
2021-06-14 14:29:53 88      PRAA_BBG000BNTW77_2021-03-17
2021-06-14 14:29:53 88      PRAH_BBG007387YL8_2021-03-17
2021-06-14 14:29:53 90      PRFT_BBG000BVXFK6_2021-03-17
2021-06-14 14:29:53 90      PRG_BBG00VSH86G4_2021-03-17
2021-06-14 14:29:53 92      PRGS_BBG000C4QP94_2021-03-17
2021-06-14 14:29:53 92      PRI_BBG000T8ZF80_2021-03-17
2021-06-14 14:29:53 93      PRLB_BBG000BT13B3_2021-03-17
2021-06-14 14:29:53 94      PRSP_BBG00KMXKWF9_2021-03-17
2021-06-14 14:29:53 95      PRU_BBG000HCJMF9_2021-03-17
2021-06-14 14:29:53 97      PSA_BBG000BPPN67_2021-03-17
2021-06-14 14:29:53 98      PSN_BBG000C3TKY6_2021-03-17
2021-06-14 14:29:53 99      PSTG_BBG00212PVZ5_2021-03-17
2021-06-14 14:29:54 01      PSX_BBG00286S4N9_2021-03-17
2021-06-14 14:29:54 02      PTC_BBG000C2VBB0_2021-03-17
2021-06-14 14:29:54 04      PTCT_BBG000QT15P7_2021-03-17
2021-06-14 14:29:54 05      PTON_BBG00JG0FFZ2_2021-03-17
2021-06-14 14:29:54 11      PTR_BBG000BR85F1_2021-03-17
2021-06-14 14:29:54 12      PUMP_BBG00FYCQ352_2021-03-17
2021-06-14 14:29:54 13      PVH_BBG000BRRG02_2021-03-17
2021-06-14 14:29:54 14      PWR_BBG000BBL8V7_2021-03-17
2021-06-14 14:29:54 16      PXD_BBG000BXRPH1_2021-03-17
2021-06-14 14:29:54 19      PYPL_BBG0077VNXV6_2021-03-17
2021-06-14 14:29:54 29      PZZA_BBG000BFWF13_2021-03-17
2021-06-14 14:29:54 30      QADA_BBG001BP77C3_2021-03-17
2021-06-14 14:29:54 30      QCOM_BBG000CGC1X8_2021-03-17
2021-06-14 14:29:54 42      QDEL_BBG000C6GN04_2021-03-17
2021-06-14 14:29:54 45      QLYS_BBG000HT5G06_2021-03-17
2021-06-14 14:29:54 46      QNST_BBG000S9XXB8_2021-03-17
2021-06-14 14:29:54 47      QRTEA_BBG000PCQQL6_2021-03-17
2021-06-14 14:29:54 49      QRVO_BBG007TJF1N7_2021-03-17
2021-06-14 14:29:54 53      QTS_BBG0054B20Z8_2021-03-17
2021-06-14 14:29:54 54      QTWO_BBG005ZVK9P2_2021-03-17
2021-06-14 14:29:54 55      QUOT_BBG001QYNR63_2021-03-17
2021-06-14 14:29:54 56      R_BBG000BRVP70_2021-03-17
2021-06-14 14:29:54 57      RACE_BBG009PH3Q86_2021-03-17
2021-06-14 14:29:54 58      RAMP_BBG000BB4HM6_2021-03-17
2021-06-14 14:29:54 59      RARE_BBG001RWPDW6_2021-03-17
2021-06-14 14:29:54 60      RAVN_BBG000CXQTZ3_2021-03-17
2021-06-14 14:29:54 62      RBC_BBG000BRXTR8_2021-03-17
2021-06-14 14:29:54 62      RCL_BBG000BB5792_2021-03-17
2021-06-14 14:29:54 65      RDFN_BBG001Q7HP63_2021-03-17
2021-06-14 14:29:54 67      RDS.A_BBG000QXSSS6_2021-03-17
2021-06-14 14:29:54 70      RDY_BBG000NJ96L6_2021-03-17
2021-06-14 14:29:54 70      RE_BBG000C1XVK6_2021-03-17
2021-06-14 14:29:54 71      REG_BBG000BL46Q4_2021-03-17
2021-06-14 14:29:54 74      REGI_BBG0016SSV00_2021-03-17
2021-06-14 14:29:54 78      REGI: BuyPending. Strategy: MorningOpenStrategy. Price: 68.24. Lots: 3. ChangeOpenToCurrent: -2.51. ChangePrevCloseToCurrent: -2.49. Candle: ID:75, Time: 7:00, Close: 68.24.
2021-06-14 14:29:54 78      REGI: OrderID: 5fe890df. PlacedOrder. Status: New. RejectReason: 
2021-06-14 14:29:54 78      REGI: OrderID: 5fe890df fully executed
2021-06-14 14:29:54 78      REGI: Morning closing. Close price: 69.02. Lots: 3. CandleChange: -0.33%. ChangeFromCandleHigh: -0.33%. Profit: 0.78(1.14%). Candle: ID:140, Time: 7:05, Close: 69.02
2021-06-14 14:29:54 78      REGI: OrderID: cb760eef. PlacedOrder. Status: New. RejectReason: 
2021-06-14 14:29:54 78      REGI: OrderID: cb760eef fully executed
2021-06-14 14:29:54 80      REGN_BBG000C734W3_2021-03-17
2021-06-14 14:29:54 83      RETA_BBG000R33BD1_2021-03-17
2021-06-14 14:29:54 84      REX_BBG000D2ZK61_2021-03-17
2021-06-14 14:29:54 85      REZI_BBG00HY28K89_2021-03-17
2021-06-14 14:29:54 86      RF_BBG000Q3JN03_2021-03-17
2021-06-14 14:29:54 88      RGA_BBG000BDLCQ0_2021-03-17
2021-06-14 14:29:54 88      RGEN_BBG000BS48J3_2021-03-17
2021-06-14 14:29:54 90      RGLD_BBG000BS5170_2021-03-17
2021-06-14 14:29:54 91      RGNX_BBG007Z9V591_2021-03-17
2021-06-14 14:29:54 92      RGR_BBG000C4FQG6_2021-03-17
2021-06-14 14:29:54 93      RH_BBG002293PJ4_2021-03-17
2021-06-14 14:29:54 94      RHI_BBG000BS5DR2_2021-03-17
2021-06-14 14:29:54 95      RIG_BBG000BH5LT6_2021-03-17
2021-06-14 14:29:54 99      RJF_BBG000BS73J1_2021-03-17
2021-06-14 14:29:55 01      RL_BBG000BS0ZF1_2021-03-17
2021-06-14 14:29:55 04      RMD_BBG000L4M7F1_2021-03-17
2021-06-14 14:29:55 05      RNG_BBG000J094P3_2021-03-17
2021-06-14 14:29:55 07      ROCK_BBG000BKQDQ7_2021-03-17
2021-06-14 14:29:55 08      ROG_BBG000BS9HN3_2021-03-17
2021-06-14 14:29:55 08      ROK_BBG000BBCDZ2_2021-03-17
2021-06-14 14:29:55 09      ROKU_BBG001ZZPQJ6_2021-03-17
2021-06-14 14:29:55 13      ROL_BBG000BSBBP1_2021-03-17
2021-06-14 14:29:55 14      ROLL_BBG000GMGNB3_2021-03-17
2021-06-14 14:29:55 15      ROP_BBG000F1ZSN5_2021-03-17
2021-06-14 14:29:55 16      ROST_BBG000BSBZH7_2021-03-17
2021-06-14 14:29:55 19      RPD_BBG009DFHWG6_2021-03-17
2021-06-14 14:29:55 21      RPM_BBG000DCNK80_2021-03-17
2021-06-14 14:29:55 22      RRBI_BBG000QKNLB2_2021-03-17
2021-06-14 14:29:55 23      RRC_BBG000FVXD63_2021-03-17
2021-06-14 14:29:55 25      RRGB_BBG000MXH9C1_2021-03-17
2021-06-14 14:29:55 26      RS_BBG000CJ2181_2021-03-17
2021-06-14 14:29:55 28      RSG_BBG000BPXVJ6_2021-03-17
2021-06-14 14:29:55 29      RTX_BBG000BW8S60_2021-03-17
2021-06-14 14:29:55 33      RVLV_BBG00M4RHBD0_2021-03-17
2021-06-14 14:29:55 34      RXN_BBG000H8R0N8_2021-03-17
2021-06-14 14:29:55 34      RYN_BBG000BG7L34_2021-03-17
2021-06-14 14:29:55 36      RYTM_BBG007DLZ601_2021-03-17
2021-06-14 14:29:55 36      SAFM_BBG000BSHJ96_2021-03-17
2021-06-14 14:29:55 37      SAGE_BBG0025X16Y5_2021-03-17
2021-06-14 14:29:55 38      SAIA_BBG000P5LMQ0_2021-03-17
2021-06-14 14:29:55 39      SAIC_BBG003BW05K6_2021-03-17
2021-06-14 14:29:55 40      SAIL_BBG00J0BBZL0_2021-03-17
2021-06-14 14:29:55 41      SAM_BBG000BCZBF1_2021-03-17
2021-06-14 14:29:55 42      SAVE_BBG000BF6RQ9_2021-03-17
2021-06-14 14:29:55 44      SBAC_BBG000D2M0Z7_2021-03-17
2021-06-14 14:29:55 45      SBCF_BBG000KK3464_2021-03-17
2021-06-14 14:29:55 46      SBGI_BBG000F2XXP2_2021-03-17
2021-06-14 14:29:55 47      SBH_BBG000LR8515_2021-03-17
2021-06-14 14:29:55 48      SBRA_BBG000MTDW24_2021-03-17
2021-06-14 14:29:55 50      SBUX_BBG000CTQBF3_2021-03-17
2021-06-14 14:29:55 54      SCCO_BBG000BSHH72_2021-03-17
2021-06-14 14:29:55 55      SCHW_BBG000BSLZY7_2021-03-17
2021-06-14 14:29:55 59      SCI_BBG000BTHH16_2021-03-17
2021-06-14 14:29:55 60      SCSC_BBG000BHTPZ4_2021-03-17
2021-06-14 14:29:55 61      SDGR_BBG000T88BN2_2021-03-17
2021-06-14 14:29:55 63      SEDG_BBG0084BBZY6_2021-03-17
2021-06-14 14:29:55 64      SEE_BBG000C22QV7_2021-03-17
2021-06-14 14:29:55 66      SEIC_BBG000BSQLT9_2021-03-17
2021-06-14 14:29:55 67      SERV_TCS002WMH2F2_2021-03-17
2021-06-14 14:29:55 68      SF_BBG000BSS5C0_2021-03-17
2021-06-14 14:29:55 69      SFIX_BBG0046L1KL9_2021-03-17
2021-06-14 14:29:55 71      SFM_BBG001KFKQM7_2021-03-17
2021-06-14 14:29:55 74      SGEN_BBG000BH0FR6_2021-03-17
2021-06-14 14:29:55 77      SGEN_old_TCS000BH0FR6_2021-03-17
2021-06-14 14:29:55 77      Warning: figi `old` for history data does not match actual figi `BBG000BH0FR6`. Ticker: SGEN. Will be used actual!
2021-06-14 14:29:55 77      SHAK_BBG0063GCHH8_2021-03-17
2021-06-14 14:29:55 79      SHEN_BBG000BTC2N0_2021-03-17
2021-06-14 14:29:55 80      SHI_BBG000BHR1H9_2021-03-17
2021-06-14 14:29:55 81      SHW_BBG000BSXQV7_2021-03-17
2021-06-14 14:29:55 81      SIG_BBG000C4ZZ10_2021-03-17
2021-06-14 14:29:55 83      SIGI_BBG000BSZ738_2021-03-17
2021-06-14 14:29:55 84      SITE_BBG009T22D49_2021-03-17
2021-06-14 14:29:55 85      SIVB_BBG000BT0CM2_2021-03-17
2021-06-14 14:29:55 86      SJI_BBG000BT0T72_2021-03-17
2021-06-14 14:29:55 91      SJM_BBG000BT1715_2021-03-17
2021-06-14 14:29:55 92      SKM_BBG000BLN497_2021-03-17
2021-06-14 14:29:55 93      SKX_BBG000C4HKK2_2021-03-17
2021-06-14 14:29:55 94      SLAB_BBG000BB99S3_2021-03-17
2021-06-14 14:29:55 95      SLB_BBG000BT41Q8_2021-03-17
2021-06-14 14:29:55 98      SLG_BBG000BVP5P2_2021-03-17
2021-06-14 14:29:55 99      SMAR_BBG00GQK3WB5_2021-03-17
2021-06-14 14:29:56 01      SMG_BBG000BT5PG5_2021-03-17
2021-06-14 14:29:56 02      SMPL_BBG00GVP5JL4_2021-03-17
2021-06-14 14:29:56 03      SMTC_BBG000DBKR53_2021-03-17
2021-06-14 14:29:56 04      SNA_BBG000BT7JW9_2021-03-17
2021-06-14 14:29:56 05      SNAP_BBG00441QMJ7_2021-03-17
2021-06-14 14:29:56 14      SNBR_BBG000DM2BF3_2021-03-17
2021-06-14 14:29:56 15      SNPS_BBG000BSFRF3_2021-03-17
2021-06-14 14:29:56 17      SNX_BBG000CL9JV4_2021-03-17
2021-06-14 14:29:56 18      SNY_BBG000BBD5N1_2021-03-17
2021-06-14 14:29:56 19      SO_BBG000BT9DW0_2021-03-17
2021-06-14 14:29:56 22      SOHU_BBG00L2DB535_2021-03-17
2021-06-14 14:29:56 23      SOHU: BuyPending. Strategy: MorningOpenStrategy. Price: 17.35. Lots: 14. ChangeOpenToCurrent: -2.25. ChangePrevCloseToCurrent: 0.17. Candle: ID:4, Time: 7:00, Close: 17.35.
2021-06-14 14:29:56 23      SOHU: OrderID: 43e9862f. PlacedOrder. Status: New. RejectReason: 
2021-06-14 14:29:56 23      SOHU: OrderID: 43e9862f partially executed. Executed lots: 7. OrderStatus: 7/14 lots
2021-06-14 14:29:56 23      SOHU: OrderID: 43e9862f fully executed
2021-06-14 14:29:56 23      SOHU: Morning closing by timeout. Close price: 17.38. Lots: 14. Profit: 0.03(0.17%). Candle: ID:22, Time: 7:30, Close: 17.38
2021-06-14 14:29:56 23      SOHU: OrderID: c997172e. PlacedOrder. Status: New. RejectReason: 
2021-06-14 14:29:56 23      SOHU: OrderID: c997172e partially executed. Executed lots: 1. OrderStatus: 1/14 lots
2021-06-14 14:29:56 23      SOHU: OrderID: c997172e partially executed. Executed lots: 3. OrderStatus: 4/14 lots
2021-06-14 14:29:56 23      SOHU: OrderID: c997172e fully executed
2021-06-14 14:29:56 24      SON_BBG000D7HF89_2021-03-17
2021-06-14 14:29:56 25      SONO_BBG001JZPSQ2_2021-03-17
2021-06-14 14:29:56 27      SP_BBG000BJ91B1_2021-03-17
2021-06-14 14:29:56 29      SPB@US_BBG000DS5588_2021-03-17
2021-06-14 14:29:56 30      SPCE_BBG00HTN2CQ3_2021-03-17
2021-06-14 14:29:56 53      SPG_BBG000BJ2D31_2021-03-17
2021-06-14 14:29:56 55      SPGI_BBG000BP1Q11_2021-03-17
2021-06-14 14:29:56 56      SPLK_BBG001C7TST4_2021-03-17
2021-06-14 14:29:56 60      SPOT_BBG003T4VFC2_2021-03-17
2021-06-14 14:29:56 64      SPR_BBG000PRJ2Z9_2021-03-17
2021-06-14 14:29:56 66      SPSC_BBG000PZGB75_2021-03-17
2021-06-14 14:29:56 67      SQ_BBG0018SLC07_2021-03-17
2021-06-14 14:29:56 72      SRC_BBG0027Z6X10_2021-03-17
2021-06-14 14:29:56 73      SRCL_BBG000H3FZM6_2021-03-17
2021-06-14 14:29:56 75      SRDX_BBG000BZ2QG2_2021-03-17
2021-06-14 14:29:56 76      SRE_BBG000C2ZCH8_2021-03-17
2021-06-14 14:29:56 77      SRI_BBG000BB9Q78_2021-03-17
2021-06-14 14:29:56 78      SRPT_BBG000BCJ161_2021-03-17
2021-06-14 14:29:56 81      SSD_BBG000JLC8L8_2021-03-17
2021-06-14 14:29:56 82      SSNC_BBG000RJ2J04_2021-03-17
2021-06-14 14:29:56 84      SSTK_BBG002ZCK2V9_2021-03-17
2021-06-14 14:29:56 84      STAA_BBG000C4QB95_2021-03-17
2021-06-14 14:29:56 85      STAG_BBG000BGLFP7_2021-03-17
2021-06-14 14:29:56 86      STLD_BBG000HGYNZ9_2021-03-17
2021-06-14 14:29:56 89      STMP_BBG000CZ4KF3_2021-03-17
2021-06-14 14:29:56 90      STRA_BBG000GRZDV1_2021-03-17
2021-06-14 14:29:56 92      STT_BBG000BKFBD7_2021-03-17
2021-06-14 14:29:56 93      STX_BBG000F0KF42_2021-03-17
2021-06-14 14:29:56 93      Warning: figi `BBG000F0KF42` for history data does not match actual figi `BBG0113JGQF0`. Ticker: STX. Will be used actual!
2021-06-14 14:29:56 96      STZ_BBG000J1QLT0_2021-03-17
2021-06-14 14:29:56 97      SUPN_BBG000BP0HX7_2021-03-17
2021-06-14 14:29:56 98      SWAV_BBG005XVXML5_2021-03-17
2021-06-14 14:29:57 00      SWBI_BBG000BM0QL7_2021-03-17
2021-06-14 14:29:57 01      SWCH_BBG00HPDM5Z2_2021-03-17
2021-06-14 14:29:57 02      SWI_BBG00M1CKSK7_2021-03-17
2021-06-14 14:29:57 03      SWI: BuyPending. Strategy: MorningOpenStrategy. Price: 16.8. Lots: 14. ChangeOpenToCurrent: -3.78. ChangePrevCloseToCurrent: -1.41. Candle: ID:9, Time: 7:00, Close: 16.8.
2021-06-14 14:29:57 03      SWI: OrderID: 51623ce1. PlacedOrder. Status: New. RejectReason: 
2021-06-14 14:29:57 03      SWI: OrderID: 51623ce1 fully executed
2021-06-14 14:29:57 03      SWI: Morning closing. Close price: 16.88. Lots: 14. CandleChange: -0.12%. ChangeFromCandleHigh: -0.18%. Profit: 0.08(0.48%). Candle: ID:36, Time: 7:15, Close: 16.88
2021-06-14 14:29:57 03      SWI: OrderID: 11a6e0bb. PlacedOrder. Status: New. RejectReason: 
2021-06-14 14:29:57 03      SWI: OrderID: 11a6e0bb partially executed. Executed lots: 4. OrderStatus: 4/14 lots
2021-06-14 14:29:57 03      SWI: OrderID: 11a6e0bb partially executed. Executed lots: 2. OrderStatus: 6/14 lots
2021-06-14 14:29:57 03      SWI: OrderID: 11a6e0bb partially executed. Executed lots: 5. OrderStatus: 11/14 lots
2021-06-14 14:29:57 03      SWI: OrderID: 11a6e0bb partially executed. Executed lots: 1. OrderStatus: 12/14 lots
2021-06-14 14:29:57 03      SWI: OrderID: 11a6e0bb fully executed
2021-06-14 14:29:57 04      SWK_BBG000BTQR96_2021-03-17
2021-06-14 14:29:57 06      SWKS_BBG000KLB4Q1_2021-03-17
2021-06-14 14:29:57 09      SWN_BBG000BTR593_2021-03-17
2021-06-14 14:29:57 12      SWX_BBG00FWP4JW4_2021-03-17
2021-06-14 14:29:57 13      SXI_BBG000BTT5B8_2021-03-17
2021-06-14 14:29:57 13      SXT_BBG000J79P80_2021-03-17
2021-06-14 14:29:57 14      SYF_BBG00658F3P3_2021-03-17
2021-06-14 14:29:57 16      SYK_BBG000DN7P92_2021-03-17
2021-06-14 14:29:57 18      SYKE_BBG000BBHPV4_2021-03-17
2021-06-14 14:29:57 19      SYNA_BBG000BQV1S2_2021-03-17
2021-06-14 14:29:57 20      SYNH_BBG0078Y1D92_2021-03-17
2021-06-14 14:29:57 21      SYY_BBG000BTVJ25_2021-03-17
2021-06-14 14:29:57 23      T_BBG000BSJK37_2021-03-17
2021-06-14 14:29:57 28      TAK_BBG000LF8708_2021-03-17
2021-06-14 14:29:57 29      TAL_BBG0016XJ8S0_2021-03-17
2021-06-14 14:29:57 32      TAP_BBG000BS7KS3_2021-03-17
2021-06-14 14:29:57 35      TCBI_BBG000DN4ZT1_2021-03-17
2021-06-14 14:29:57 36      TCMD_BBG001B12Z39_2021-03-17
2021-06-14 14:29:57 36      TCRR_BBG00FH3FM15_2021-03-17
2021-06-14 14:29:57 37      TCS_BBG005DXJS36_2021-03-17
2021-06-14 14:29:57 38      TCS: BuyPending. Strategy: MorningOpenStrategy. Price: 60.7. Lots: 4. ChangeOpenToCurrent: -2.38. ChangePrevCloseToCurrent: -1.78. Candle: ID:6, Time: 7:00, Close: 60.7.
2021-06-14 14:29:57 38      TCS: OrderID: 824fc0be. PlacedOrder. Status: New. RejectReason: 
2021-06-14 14:29:57 38      TCS: OrderID: 824fc0be fully executed
2021-06-14 14:29:57 38      TCS: Morning closing. Close price: 62.7. Lots: 4. CandleChange: -0.30%. ChangeFromCandleHigh: -0.32%. Profit: 2.00(3.29%). Candle: ID:173, Time: 7:05, Close: 62.7
2021-06-14 14:29:57 38      TCS: OrderID: 00d8da67. PlacedOrder. Status: New. RejectReason: 
2021-06-14 14:29:57 38      TCS: OrderID: 00d8da67 partially executed. Executed lots: 1. OrderStatus: 1/4 lots
2021-06-14 14:29:57 38      TCS: OrderID: 00d8da67 fully executed
2021-06-14 14:29:57 39      TCX_BBG000L69KL5_2021-03-17
2021-06-14 14:29:57 39      TDC_BBG000R0L5J4_2021-03-17
2021-06-14 14:29:57 40      TDC: SPYKE!. Candle: ID:38, Time: 13:10, Close: 42.01
2021-06-14 14:29:57 40      TDC: SPYKE!. Candle: ID:42, Time: 13:10, Close: 40.65
2021-06-14 14:29:57 41      TDG_BBG000L8CBX4_2021-03-17
2021-06-14 14:29:57 42      TDOC_BBG0019T5SG0_2021-03-17
2021-06-14 14:29:57 45      TDS_BBG000BV0VK7_2021-03-17
2021-06-14 14:29:57 47      TDY_BBG000BMT9T6_2021-03-17
2021-06-14 14:29:57 48      TECH_BBG000C15114_2021-03-17
2021-06-14 14:29:57 49      TEL_BBG000RGM5P1_2021-03-17
2021-06-14 14:29:57 50      TENB_BBG00LBLCD02_2021-03-17
2021-06-14 14:29:57 52      TER_BBG000BV4DR6_2021-03-17
2021-06-14 14:29:57 56      TFC_BBG000BYYLS8_2021-03-17
2021-06-14 14:29:57 59      TFX_BBG000BV59Y6_2021-03-17
2021-06-14 14:29:57 60      TGNA_BBG000BK5DP1_2021-03-17
2021-06-14 14:29:57 62      TGT_BBG000H8TVT2_2021-03-17
2021-06-14 14:29:57 64      THG_BBG000FJH8W0_2021-03-17
2021-06-14 14:29:57 66      THO_BBG000BV6R84_2021-03-17
2021-06-14 14:29:57 68      THRM_BBG000BQLM34_2021-03-17
2021-06-14 14:29:57 69      THS_BBG000GQGJT4_2021-03-17
2021-06-14 14:29:57 70      TJX_BBG000BV8DN6_2021-03-17
2021-06-14 14:29:57 73      TKR_BBG000BV95H9_2021-03-17
2021-06-14 14:29:57 75      TMHC_BBG003PGJHP5_2021-03-17
2021-06-14 14:29:57 77      TMO_BBG000BVDLH9_2021-03-17
2021-06-14 14:29:57 79      TMUS_BBG000NDV1D4_2021-03-17
2021-06-14 14:29:57 82      TMX_BBG002WMH2F2_2021-03-17
2021-06-14 14:29:57 83      TNC_BBG000JCZJS2_2021-03-17
2021-06-14 14:29:57 84      TNDM_BBG0019V9M65_2021-03-17
2021-06-14 14:29:57 85      TNET_BBG000BR2040_2021-03-17
2021-06-14 14:29:57 86      TOL_BBG000BVHBM1_2021-03-17
2021-06-14 14:29:57 88      TPH_BBG0016YQTR5_2021-03-17
2021-06-14 14:29:57 89      TPIC_BBG0016MQ7C5_2021-03-17
2021-06-14 14:29:57 91      TPR_BBG000BY29C7_2021-03-17
2021-06-14 14:29:57 93      TPTX_BBG00NPL9WH7_2021-03-17
2021-06-14 14:29:57 94      TPX_BBG000PXGT62_2021-03-17
2021-06-14 14:29:57 96      TREE_BBG000TVRB50_2021-03-17
2021-06-14 14:29:57 98      TREX_BBG000BTGKK9_2021-03-17
2021-06-14 14:29:57 99      TRHC_BBG00BT7PPY8_2021-03-17
2021-06-14 14:29:58 00      TRIP_BBG001M8HHB7_2021-03-17
2021-06-14 14:29:58 03      TRMB_BBG000BNPS52_2021-03-17
2021-06-14 14:29:58 05      TROW_BBG000BVMPN3_2021-03-17
2021-06-14 14:29:58 09      TRU_BBG002Q7J5Z1_2021-03-17
2021-06-14 14:29:58 09      TRUP_BBG002BC7WC5_2021-03-17
2021-06-14 14:29:58 11      TRV_BBG000BJ81C1_2021-03-17
2021-06-14 14:29:58 12      TSCO_BBG000BLXZN1_2021-03-17
2021-06-14 14:29:58 14      TSLA_BBG000N9MNX3_2021-03-17
2021-06-14 14:29:58 71      TSM_BBG000BD8ZK0_2021-03-17
2021-06-14 14:29:58 80      TSN_BBG000DKCC19_2021-03-17
2021-06-14 14:29:58 82      TSS_BBG000C1JTL6_2021-03-17
2021-06-14 14:29:58 82      TT_BBG000BM6788_2021-03-17
2021-06-14 14:29:58 84      TTC_BBG000BVQRY3_2021-03-17
2021-06-14 14:29:58 85      TTD_BBG00629NGT2_2021-03-17
2021-06-14 14:29:58 87      TTEK_BBG000BYZ0Q5_2021-03-17
2021-06-14 14:29:58 89      TTM_BBG000PVGDH9_2021-03-17
2021-06-14 14:29:58 91      TTMI_BBG000BYQ0B1_2021-03-17
2021-06-14 14:29:58 92      TTWO_BBG000BS1YV5_2021-03-17
2021-06-14 14:29:58 94      TW_BBG00NK8H8T2_2021-03-17
2021-06-14 14:29:58 96      TWLO_BBG0029ZX840_2021-03-17
2021-06-14 14:29:58 98      TWNK_BBG00B6KGNN1_2021-03-17
2021-06-14 14:29:58 99      TWOU_BBG001KS9450_2021-03-17
2021-06-14 14:29:59 01      TWTR_BBG000H6HNW3_2021-03-17
2021-06-14 14:29:59 10      TXG_BBG007WX14X0_2021-03-17
2021-06-14 14:29:59 11      TXN_BBG000BVV7G1_2021-03-17
2021-06-14 14:29:59 16      TXRH_BBG000PSJMV7_2021-03-17
2021-06-14 14:29:59 18      TXT_BBG000BVVQQ8_2021-03-17
2021-06-14 14:29:59 20      TYL_BBG000BVWZF9_2021-03-17
2021-06-14 14:29:59 21      UA_BBG009DTD8H2_2021-03-17
2021-06-14 14:29:59 22      UAA_BBG000BXM6V2_2021-03-17
2021-06-14 14:29:59 25      UAL_BBG000M65M61_2021-03-17
2021-06-14 14:29:59 36      UBER_BBG002B04MT8_2021-03-17
2021-06-14 14:29:59 46      UCTT_BBG000HSLV70_2021-03-17
2021-06-14 14:29:59 47      UDR_BBG000C41023_2021-03-17
2021-06-14 14:29:59 49      UFPI_BBG000BL0T06_2021-03-17
2021-06-14 14:29:59 51      UFS_BBG000BHFHP8_2021-03-17
2021-06-14 14:29:59 52      UGI_BBG000BVYN55_2021-03-17
2021-06-14 14:29:59 53      UHS_BBG000CB8Q50_2021-03-17
2021-06-14 14:29:59 54      UI_BBG001R72SR9_2021-03-17
2021-06-14 14:29:59 55      ULTA_BBG00FWQ4VD6_2021-03-17
2021-06-14 14:29:59 57      UMBF_BBG000DD8WX1_2021-03-17
2021-06-14 14:29:59 58      UNF_BBG000BW29L1_2021-03-17
2021-06-14 14:29:59 59      UNH_BBG000CH5208_2021-03-17
2021-06-14 14:29:59 62      UNM_BBG000BW2QX0_2021-03-17
2021-06-14 14:29:59 64      UNP_BBG000BW3299_2021-03-17
2021-06-14 14:29:59 66      UNVR_BBG000BDHD29_2021-03-17
2021-06-14 14:29:59 67      UPS_BBG000L9CV04_2021-03-17
2021-06-14 14:29:59 70      UPWK_BBG00FBJ6390_2021-03-17
2021-06-14 14:29:59 71      UPWK: BuyPending. Strategy: MorningOpenStrategy. Price: 47.9. Lots: 5. ChangeOpenToCurrent: -2.84. ChangePrevCloseToCurrent: -2.82. Candle: ID:4, Time: 7:00, Close: 47.9.
2021-06-14 14:29:59 71      UPWK: OrderID: 9d84a5f2. PlacedOrder. Status: New. RejectReason: 
2021-06-14 14:29:59 71      UPWK: Cancel order. Did not bought at market open. Candle: ID:6, Time: 7:05, Close: 49.04
2021-06-14 14:29:59 71      OrderID: 9d84a5f2 successfully canceled
2021-06-14 14:29:59 73      URBN_BBG000BL79J3_2021-03-17
2021-06-14 14:29:59 74      URI_BBG000BXMFC3_2021-03-17
2021-06-14 14:29:59 75      USB_BBG000FFDM15_2021-03-17
2021-06-14 14:29:59 78      USFD_BBG00C6H6D40_2021-03-17
2021-06-14 14:29:59 79      USM_BBG000BW6P59_2021-03-17
2021-06-14 14:29:59 80      USNA_BBG000BX28M0_2021-03-17
2021-06-14 14:29:59 81      USPH_BBG000CSRSG6_2021-03-17
2021-06-14 14:29:59 81      UTHR_BBG000BV4XJ1_2021-03-17
2021-06-14 14:29:59 83      UTL_BBG000BW7X97_2021-03-17
2021-06-14 14:29:59 84      UTX_BBG0089KM290_2021-03-17
2021-06-14 14:29:59 84      V_BBG000PSKYX7_2021-03-17
2021-06-14 14:29:59 88      VAC_BBG001J2R5H3_2021-03-17
2021-06-14 14:29:59 89      VALE_BBG000BN5LG7_2021-03-17
2021-06-14 14:29:59 91      VC_BBG0016T3GQ0_2021-03-17
2021-06-14 14:29:59 92      VCEL_BBG000BDCM24_2021-03-17
2021-06-14 14:29:59 92      VCEL: SPYKE!. Candle: ID:1101, Time: 21:15, Close: 49.5
2021-06-14 14:29:59 93      VCRA_BBG00179VSY7_2021-03-17
2021-06-14 14:29:59 94      VCYT_BBG001J2M542_2021-03-17
2021-06-14 14:29:59 96      VEEV_BBG001CGB489_2021-03-17
2021-06-14 14:29:59 97      VEON_BBG000QCW561_2021-03-17
2021-06-14 14:29:59 99      VFC_BBG000BWCKB6_2021-03-17
2021-06-14 14:30:00 02      VG_BBG000BRB5D9_2021-03-17
2021-06-14 14:30:00 04      VIAC_BBG000C496P7_2021-03-17
2021-06-14 14:30:00 15      VICR_BBG000C3VHF1_2021-03-17
2021-06-14 14:30:00 16      VIE_BBG00K6P5XM1_2021-03-17
2021-06-14 14:30:00 16      VIPS_BBG002NLDLV8_2021-03-17
2021-06-14 14:30:00 19      VIR_BBG00H2QQ8T5_2021-03-17
2021-06-14 14:30:00 20      VIR: BuyPending. Strategy: MorningOpenStrategy. Price: 52.9. Lots: 4. ChangeOpenToCurrent: -2.15. ChangePrevCloseToCurrent: -0.73. Candle: ID:23, Time: 7:00, Close: 52.9.
2021-06-14 14:30:00 20      VIR: OrderID: 89a532f1. PlacedOrder. Status: New. RejectReason: 
2021-06-14 14:30:00 20      VIR: OrderID: 89a532f1 partially executed. Executed lots: 2. OrderStatus: 2/4 lots
2021-06-14 14:30:00 20      VIR: OrderID: 89a532f1 fully executed
2021-06-14 14:30:00 20      VIR: Morning closing by timeout. Close price: 52.91. Lots: 4. Profit: 0.01(0.02%). Candle: ID:86, Time: 7:20, Close: 52.91
2021-06-14 14:30:00 21      VIR: OrderID: 1a7a95d1. PlacedOrder. Status: New. RejectReason: 
2021-06-14 14:30:00 21      VIR: OrderID: 1a7a95d1 partially executed. Executed lots: 1. OrderStatus: 1/4 lots
2021-06-14 14:30:00 21      VIR: OrderID: 1a7a95d1 partially executed. Executed lots: 1. OrderStatus: 2/4 lots
2021-06-14 14:30:00 21      VIR: OrderID: 1a7a95d1 partially executed. Executed lots: 1. OrderStatus: 3/4 lots
2021-06-14 14:30:00 21      VIR: OrderID: 1a7a95d1 fully executed
2021-06-14 14:30:00 22      VLO_BBG000BBGGQ1_2021-03-17
2021-06-14 14:30:00 25      VMC_BBG000BWGYF8_2021-03-17
2021-06-14 14:30:00 27      VMI_BBG000BWB7V4_2021-03-17
2021-06-14 14:30:00 28      VMW_BBG000BC9938_2021-03-17
2021-06-14 14:30:00 29      VNDA_BBG000HT5MG6_2021-03-17
2021-06-14 14:30:00 30      VNE_BBG00K4MPP27_2021-03-17
2021-06-14 14:30:00 31      VNO_BBG000BWHD54_2021-03-17
2021-06-14 14:30:00 33      VNT_BBG00RRGSJR4_2021-03-17
2021-06-14 14:30:00 35      VPG_BBG000PRQ0V9_2021-03-17
2021-06-14 14:30:00 36      VREX_BBG00CZNLR47_2021-03-17
2021-06-14 14:30:00 37      VRNS_BBG001Y04TN6_2021-03-17
2021-06-14 14:30:00 37      VRNT_BBG000BCBYT2_2021-03-17
2021-06-14 14:30:00 39      VRSK_BBG000BCZL41_2021-03-17
2021-06-14 14:30:00 42      VRSN_BBG000BGKHZ3_2021-03-17
2021-06-14 14:30:00 43      VRTS_BBG000DMFQS2_2021-03-17
2021-06-14 14:30:00 44      VRTV_BBG005XZHR97_2021-03-17
2021-06-14 14:30:00 45      VRTX_BBG000C1S2X2_2021-03-17
2021-06-14 14:30:00 48      VTR_BBG000FRVHB9_2021-03-17
2021-06-14 14:30:00 50      VTRS_BBG00Y4RQNH4_2021-03-17
2021-06-14 14:30:00 56      VZ_BBG000HS77T5_2021-03-17
2021-06-14 14:30:00 60      W_BBG001B17MV2_2021-03-17
2021-06-14 14:30:00 63      WAB_BBG000BDD940_2021-03-17
2021-06-14 14:30:00 64      WAL_BBG000Q1KFH4_2021-03-17
2021-06-14 14:30:00 66      WAT_BBG000FQRVM3_2021-03-17
2021-06-14 14:30:00 67      WB_BBG0065XPGX9_2021-03-17
2021-06-14 14:30:00 69      WBA_BBG000BWLMJ4_2021-03-17
2021-06-14 14:30:00 74      WCC_BBG000D0FNV3_2021-03-17
2021-06-14 14:30:00 75      WDAY_BBG000VC0T95_2021-03-17
2021-06-14 14:30:00 78      WDC_BBG000BWNFZ9_2021-03-17
2021-06-14 14:30:00 84      WDFC_BBG000BWNV93_2021-03-17
2021-06-14 14:30:00 85      WEC_BBG000BWP7D9_2021-03-17
2021-06-14 14:30:00 87      WELL_BBG000BKY1G5_2021-03-17
2021-06-14 14:30:00 88      WERN_BBG000BWPP85_2021-03-17
2021-06-14 14:30:00 90      WEX_BBG000BVZP59_2021-03-17
2021-06-14 14:30:00 90      WFC_BBG000BWQFY7_2021-03-17
2021-06-14 14:30:00 96      WGO_BBG000BWS3F3_2021-03-17
2021-06-14 14:30:00 97      WH_BBG00HCY3Q67_2021-03-17
2021-06-14 14:30:00 98      WHD_BBG00JRH1P95_2021-03-17
2021-06-14 14:30:00 99      WHR_BBG000BWSV34_2021-03-17
2021-06-14 14:30:01 00      WING_BBG008N298Y8_2021-03-17
2021-06-14 14:30:01 02      WK_BBG007BVZ8H9_2021-03-17
2021-06-14 14:30:01 18      WLK_BBG000PXZFW2_2021-03-17
2021-06-14 14:30:01 19      WLTW_BBG000DB3KT1_2021-03-17
2021-06-14 14:30:01 21      WM_BBG000BWVSR1_2021-03-17
2021-06-14 14:30:01 23      WMB_BBG000BWVCP8_2021-03-17
2021-06-14 14:30:01 24      WMT_BBG000BWXBC2_2021-03-17
2021-06-14 14:30:01 28      WOR_BBG000HL7499_2021-03-17
2021-06-14 14:30:01 28      WORK_BBG007G7V505_2021-03-17
2021-06-14 14:30:01 30      WRB_BBG000BD1HP2_2021-03-17
2021-06-14 14:30:01 32      WRK_BBG008NXC572_2021-03-17
2021-06-14 14:30:01 33      WRLD_BBG000C3G9J2_2021-03-17
2021-06-14 14:30:01 34      WSC_BBG00B0FS947_2021-03-17
2021-06-14 14:30:01 35      WSM_BBG000FSMWC3_2021-03-17
2021-06-14 14:30:01 39      WSO_BBG000DJN7L9_2021-03-17
2021-06-14 14:30:01 40      WST_BBG000BX24N8_2021-03-17
2021-06-14 14:30:01 42      WTFC_BBG000HD3DW5_2021-03-17
2021-06-14 14:30:01 44      WTS_BBG000C4Z6C2_2021-03-17
2021-06-14 14:30:01 44      WTTR_BBG00G4Y2DC1_2021-03-17
2021-06-14 14:30:01 45      WTTR: BuyPending. Strategy: MorningOpenStrategy. Price: 5.93. Lots: 42. ChangeOpenToCurrent: -5.12. ChangePrevCloseToCurrent: -3.89. Candle: ID:9, Time: 7:00, Close: 5.93.
2021-06-14 14:30:01 45      WTTR: OrderID: 5e9ebc7b. PlacedOrder. Status: New. RejectReason: 
2021-06-14 14:30:01 45      WTTR: Cancel order. Did not bought at market open. Candle: ID:18, Time: 7:05, Close: 6.08
2021-06-14 14:30:01 45      OrderID: 5e9ebc7b successfully canceled
2021-06-14 14:30:01 45      WU_BBG000BB5373_2021-03-17
2021-06-14 14:30:01 47      WWD_BBG000BD53V2_2021-03-17
2021-06-14 14:30:01 49      WWE_BBG000F5YH15_2021-03-17
2021-06-14 14:30:01 50      WWW_BBG000BX2YN2_2021-03-17
2021-06-14 14:30:01 51      WY_BBG000BX3BL3_2021-03-17
2021-06-14 14:30:01 54      WYNN_BBG000LD9JQ8_2021-03-17
2021-06-14 14:30:01 56      XEC_BBG000D6L294_2021-03-17
2021-06-14 14:30:01 58      XEL_BBG000BCTQ65_2021-03-17
2021-06-14 14:30:01 61      XLNX_BBG000C0F570_2021-03-17
2021-06-14 14:30:01 65      XLRN_BBG000R5HWZ1_2021-03-17
2021-06-14 14:30:01 66      XNCR_BBG0026ZG4W0_2021-03-17
2021-06-14 14:30:01 67      XOM_BBG000GZQ728_2021-03-17
2021-06-14 14:30:01 74      XPO_BBG000L5CJF3_2021-03-17
2021-06-14 14:30:01 77      XRAY_BBG000BX57K1_2021-03-17
2021-06-14 14:30:01 79      XRX_BBG00NNG2ZJ8_2021-03-17
2021-06-14 14:30:01 81      XYL_BBG001D8R5D0_2021-03-17
2021-06-14 14:30:01 82      Y_BBG000BX6BJ3_2021-03-17
2021-06-14 14:30:01 83      YELP_BBG000Q2HM09_2021-03-17
2021-06-14 14:30:01 84      YETI_BBG00D8JC882_2021-03-17
2021-06-14 14:30:01 85      YEXT_BBG001MKZGY7_2021-03-17
2021-06-14 14:30:01 87      YUM_BBG000BH3GZ2_2021-03-17
2021-06-14 14:30:01 89      YUMC_BBG00B8N0HG1_2021-03-17
2021-06-14 14:30:01 91      YY_BBG003H0XV18_2021-03-17
2021-06-14 14:30:01 93      Z_BBG009NRSWJ4_2021-03-17
2021-06-14 14:30:01 99      ZBH_BBG000BKPL53_2021-03-17
2021-06-14 14:30:02 00      ZBRA_BBG000CC7LQ7_2021-03-17
2021-06-14 14:30:02 01      ZEN_BBG001HRFJG4_2021-03-17
2021-06-14 14:30:02 03      ZG_BBG000D13GN8_2021-03-17
2021-06-14 14:30:02 05      ZGNX_BBG000VDC3G9_2021-03-17
2021-06-14 14:30:02 07      ZI_BBG00S1HJ3M8_2021-03-17
2021-06-14 14:30:02 08      ZI: SPYKE!. Candle: ID:10, Time: 9:20, Close: 46.62
2021-06-14 14:30:02 09      ZION_BBG000BX9WL1_2021-03-17
2021-06-14 14:30:02 12      ZM_BBG0042V6JM8_2021-03-17
2021-06-14 14:30:02 20      ZNH_BBG000BXQ7R1_2021-03-17
2021-06-14 14:30:02 21      ZNH: SPYKE!. Candle: ID:52, Time: 13:30, Close: 36.36
2021-06-14 14:30:02 21      ZS_BBG003338H34_2021-03-17
2021-06-14 14:30:02 25      ZTS_BBG0039320N9_2021-03-17
2021-06-14 14:30:02 28      ZUMZ_BBG000PYX812_2021-03-17
2021-06-14 14:30:02 29      ZUO_BBG000BT3HG5_2021-03-17
2021-06-14 14:30:02 31      ZYNE_BBG007BBS8B7_2021-03-17
2021-06-14 14:30:02 36      ZYNE: BuyPending. Strategy: MorningOpenStrategy. Price: 5.08. Lots: 49. ChangeOpenToCurrent: -1.55. ChangePrevCloseToCurrent: -2.12. Candle: ID:148, Time: 7:00, Close: 5.08.
2021-06-14 14:30:02 36      ZYNE: OrderID: 0fc5a4af. PlacedOrder. Status: New. RejectReason: 
2021-06-14 14:30:02 36      ZYNE: OrderID: 0fc5a4af fully executed
2021-06-14 14:30:02 37      ZYNE: Morning closing. Close price: 5.14. Lots: 49. CandleChange: -0.19%. ChangeFromCandleHigh: -0.19%. Profit: 0.06(1.18%). Candle: ID:791, Time: 7:15, Close: 5.14
2021-06-14 14:30:02 37      ZYNE: OrderID: 30ce3972. PlacedOrder. Status: New. RejectReason: 
2021-06-14 14:30:02 37      ZYNE: OrderID: 30ce3972 fully executed
2021-06-14 14:30:02 41      ZYXI_BBG000BJBXZ2_2021-03-17
2021-06-14 14:30:02 47      ZYXI: SPYKE!. Candle: ID:1202, Time: 11:30, Close: 15.6
2021-06-14 14:30:02 47      Total candles read: 5684031
2021-06-14 14:30:02 47      Start DisposeAsync...
2021-06-14 14:30:02 48      Trade statistic. Total/Pos/Neg/(ratio): 8/7/1/(7); Profit: 13.37/1.67; Volume: 0; MaxVolume: 921.72; Commission: 1.867745;
2021-06-14 14:30:02 48      BaseBot::DisposeAsync...
2021-06-14 14:30:02 48      BaseBot::DisposeAsync done!
2021-06-14 14:30:02 48      End DisposeAsync...
