2021-06-24 22:54:06 41      mode=TestTradeBot;CopyDDDDData=true;DumpQuotes=false;SubscribeQuotes=false;Strategies=MorningOpenStrategy;Token=token.txt;ConfigPath=usd.json;OutputFolder=.\new\;CandlesPath=C:\tinkoff\TestData\RawQuotes\5m\uncompressed\quotes_2021-04-22;
2021-06-24 22:54:06 41      Trade bot created
2021-06-24 22:54:06 45      Fake connection created
2021-06-24 22:54:06 58      Loaded 141 liquid instruments
2021-06-24 22:54:07 35      List of disabled tickers: 
2021-06-24 22:54:07 45      A_BBG000C2V3D6_2021-04-22
2021-06-24 22:54:07 53      AA_BBG00B3T3HD3_2021-04-22
2021-06-24 22:54:07 58      AAL_BBG005P7Q881_2021-04-22
2021-06-24 22:54:07 75      AAN_BBG00WCNDCZ6_2021-04-22
2021-06-24 22:54:07 77      AAON_BBG000C2LZP3_2021-04-22
2021-06-24 22:54:07 78      AAP_BBG000F7RCJ1_2021-04-22
2021-06-24 22:54:07 79      AAPL_BBG000B9XRY4_2021-04-22
2021-06-24 22:54:08 10      ABBV_BBG0025Y4RY4_2021-04-22
2021-06-24 22:54:08 13      ABC_BBG000MDCQC2_2021-04-22
2021-06-24 22:54:08 15      ABG_BBG000BKDWB5_2021-04-22
2021-06-24 22:54:08 16      ABMD_BBG000C101X4_2021-04-22
2021-06-24 22:54:08 18      ABNB_BBG001Y2XS07_2021-04-22
2021-06-24 22:54:08 22      ABT_BBG000B9ZXB4_2021-04-22
2021-06-24 22:54:08 27      ACAD_BBG000BHG9K0_2021-04-22
2021-06-24 22:54:08 30      ACH_BBG000CMRVH1_2021-04-22
2021-06-24 22:54:08 31      ACM_BBG000F61RJ8_2021-04-22
2021-06-24 22:54:08 33      ACMR_BBG00HPSG933_2021-04-22
2021-06-24 22:54:08 34      ACN_BBG000D9D830_2021-04-22
2021-06-24 22:54:08 36      ADBE_BBG000BB5006_2021-04-22
2021-06-24 22:54:08 40      ADM_BBG000BB6WG8_2021-04-22
2021-06-24 22:54:08 42      ADP_BBG000JG0547_2021-04-22
2021-06-24 22:54:08 45      ADPT_BBG001J2PFF5_2021-04-22
2021-06-24 22:54:08 47      ADS_BBG000BFNR17_2021-04-22
2021-06-24 22:54:08 49      ADSK_BBG000BM7HL0_2021-04-22
2021-06-24 22:54:08 51      ADUS_BBG000NJGX84_2021-04-22
2021-06-24 22:54:08 53      AEE_BBG000B9X8C0_2021-04-22
2021-06-24 22:54:08 55      AEIS_BBG000FKMP26_2021-04-22
2021-06-24 22:54:08 56      AEO_BBG000BGXZB5_2021-04-22
2021-06-24 22:54:08 58      AERI_BBG001KJ7WJ5_2021-04-22
2021-06-24 22:54:08 59      AES_BBG000C23KJ3_2021-04-22
2021-06-24 22:54:08 61      AFG_BBG000DPKKK0_2021-04-22
2021-06-24 22:54:08 61      AFL_BBG000BBBNC6_2021-04-22
2021-06-24 22:54:08 79      AGCO_BBG000DCCZW2_2021-04-22
2021-06-24 22:54:08 80      AGIO_BBG000QY4ZD0_2021-04-22
2021-06-24 22:54:08 81      AIG_BBG000BBDZG3_2021-04-22
2021-06-24 22:54:08 83      AIR_BBG000BBGQF1_2021-04-22
2021-06-24 22:54:08 84      AIRC_BBG00XK3WVD0_2021-04-22
2021-06-24 22:54:08 85      AIT_BBG000BBHHP9_2021-04-22
2021-06-24 22:54:08 86      AIV_BBG000DD3510_2021-04-22
2021-06-24 22:54:08 87      AIZ_BBG000BZX1N5_2021-04-22
2021-06-24 22:54:08 88      AJG_BBG000BBHXQ3_2021-04-22
2021-06-24 22:54:08 89      AJRD_BBG000BKRHQ7_2021-04-22
2021-06-24 22:54:08 90      AKAM_BBG000BJQWD2_2021-04-22
2021-06-24 22:54:08 92      ALB_BBG000BJ26K7_2021-04-22
2021-06-24 22:54:08 94      ALGN_BBG000BRNLL2_2021-04-22
2021-06-24 22:54:08 96      ALGT_BBG000LJS6B8_2021-04-22
2021-06-24 22:54:08 96      ALK_BBG000BBL0Y1_2021-04-22
2021-06-24 22:54:08 98      ALL_BBG000BVMGF2_2021-04-22
2021-06-24 22:54:09 00      ALLE_BBG003PS7JV1_2021-04-22
2021-06-24 22:54:09 01      ALLK_BBG003QBJKN0_2021-04-22
2021-06-24 22:54:09 02      ALLO_BBG00KHRRDX3_2021-04-22
2021-06-24 22:54:09 03      ALLY_BBG000BC2R71_2021-04-22
2021-06-24 22:54:09 05      ALNY_BBG000BFGNJ5_2021-04-22
2021-06-24 22:54:09 06      ALRM_BBG007GNPYY7_2021-04-22
2021-06-24 22:54:09 07      ALSN_BBG001KY3845_2021-04-22
2021-06-24 22:54:09 08      ALTR_BBG000PN9NB9_2021-04-22
2021-06-24 22:54:09 09      ALXN_BBG000G30YX4_2021-04-22
2021-06-24 22:54:09 11      AMAT_BBG000BBPFB9_2021-04-22
2021-06-24 22:54:09 19      AMCX_BBG000H01H92_2021-04-22
2021-06-24 22:54:09 20      AMD_BBG000BBQCY0_2021-04-22
2021-06-24 22:54:09 35      AME_BBG000B9XG87_2021-04-22
2021-06-24 22:54:09 36      AMED_BBG000B9ZV28_2021-04-22
2021-06-24 22:54:09 37      AMG_BBG000C060M4_2021-04-22
2021-06-24 22:54:09 38      AMGN_BBG000BBS2Y0_2021-04-22
2021-06-24 22:54:09 42      AMN_BBG000BCT197_2021-04-22
2021-06-24 22:54:09 42      AMP_BBG000G3QLY3_2021-04-22
2021-06-24 22:54:09 45      AMT_BBG000B9XYV2_2021-04-22
2021-06-24 22:54:09 47      AMWD_BBG000BBX657_2021-04-22
2021-06-24 22:54:09 48      AMZN_BBG000BVPV84_2021-04-22
2021-06-24 22:54:09 70      AN_BBG000BBXLW4_2021-04-22
2021-06-24 22:54:09 71      ANAB_BBG0026ZDHR0_2021-04-22
2021-06-24 22:54:09 72      ANDE_BBG000BF8CN3_2021-04-22
2021-06-24 22:54:09 73      ANET_BBG000N2HDY5_2021-04-22
2021-06-24 22:54:09 74      ANF_BBG000H9G7X2_2021-04-22
2021-06-24 22:54:09 75      ANGI_BBG00HVKH3Q0_2021-04-22
2021-06-24 22:54:09 76      ANIK_BBG000BBKZD8_2021-04-22
2021-06-24 22:54:09 77      ANIP_BBG000KK1L04_2021-04-22
2021-06-24 22:54:09 77      ANSS_BBG000GXZ4W7_2021-04-22
2021-06-24 22:54:09 79      ANTM_BBG000BCG930_2021-04-22
2021-06-24 22:54:09 81      AON_BBG00SSQFPK6_2021-04-22
2021-06-24 22:54:09 82      AOS_BBG000BC1L02_2021-04-22
2021-06-24 22:54:09 83      AOUT_BBG00QV8FS02_2021-04-22
2021-06-24 22:54:09 84      APA_BBG00YTS96G2_2021-04-22
2021-06-24 22:54:09 86      APD_BBG000BC4JJ4_2021-04-22
2021-06-24 22:54:09 88      APEI_BBG000RVD346_2021-04-22
2021-06-24 22:54:09 88      APH_BBG000B9YJ35_2021-04-22
2021-06-24 22:54:09 90      APLE_BBG006473QX9_2021-04-22
2021-06-24 22:54:09 91      APLT_BBG000DD0489_2021-04-22
2021-06-24 22:54:09 92      APPF_BBG008GC8CP6_2021-04-22
2021-06-24 22:54:09 93      APPN_BBG001C7PMJ2_2021-04-22
2021-06-24 22:54:09 94      APPS_BBG000HZ3562_2021-04-22
2021-06-24 22:54:09 98      APTV_BBG001QD41M9_2021-04-22
2021-06-24 22:54:10 00      ARCC_BBG000PD6X77_2021-04-22
2021-06-24 22:54:10 01      ARCT_BBG00NNW8JK1_2021-04-22
2021-06-24 22:54:10 03      ARE_BBG000BC33T9_2021-04-22
2021-06-24 22:54:10 04      ARMK_BBG001KY4N87_2021-04-22
2021-06-24 22:54:10 05      ARNA_BBG000BKXBV7_2021-04-22
2021-06-24 22:54:10 06      ARNC_BBG00R45JYB7_2021-04-22
2021-06-24 22:54:10 07      ARQT_BBG00QN8K4M4_2021-04-22
2021-06-24 22:54:10 08      ARVN_BBG00LW7YK82_2021-04-22
2021-06-24 22:54:10 09      ARW_BBG000BCD3D5_2021-04-22
2021-06-24 22:54:10 10      ARWR_BBG000BRVKH0_2021-04-22
2021-06-24 22:54:10 11      ASGN_BBG000CRN8N8_2021-04-22
2021-06-24 22:54:10 12      ASH_BBG00D0Y81M1_2021-04-22
2021-06-24 22:54:10 13      ASIX_BBG00CWTTQ41_2021-04-22
2021-06-24 22:54:10 14      ATEX_BBG0081NLHR0_2021-04-22
2021-06-24 22:54:10 15      ATGE_BBG000DQBZJ7_2021-04-22
2021-06-24 22:54:10 16      ATKR_BBG000QTFDQ4_2021-04-22
2021-06-24 22:54:10 17      ATR_BBG000BGX2S0_2021-04-22
2021-06-24 22:54:10 17      ATRA_BBG005Q3MQY4_2021-04-22
2021-06-24 22:54:10 20      ATRC_BBG000BL6CB5_2021-04-22
2021-06-24 22:54:10 21      ATRI_BBG000DTT624_2021-04-22
2021-06-24 22:54:10 22      ATRO_BBG000BCLBY5_2021-04-22
2021-06-24 22:54:10 23      ATUS_BBG00GFMPRK0_2021-04-22
2021-06-24 22:54:10 25      ATVI_BBG000CVWGS6_2021-04-22
2021-06-24 22:54:10 31      AVAV_BBG000GX14P2_2021-04-22
2021-06-24 22:54:10 32      AVB_BBG000BLPBL5_2021-04-22
2021-06-24 22:54:10 34      AVGO_BBG00KHY5S69_2021-04-22
2021-06-24 22:54:10 38      AVLR_BBG000R4Y9C1_2021-04-22
2021-06-24 22:54:10 39      AVNS_BBG005L86G05_2021-04-22
2021-06-24 22:54:10 40      AVNT_BBG000C8NJ10_2021-04-22
2021-06-24 22:54:10 40      AVTR_BBG00G2HHYD7_2021-04-22
2021-06-24 22:54:10 42      AVY_BBG000BCQ4P6_2021-04-22
2021-06-24 22:54:10 43      AWI_BBG000DW4LB1_2021-04-22
2021-06-24 22:54:10 44      AWK_BBG000TRJ294_2021-04-22
2021-06-24 22:54:10 46      AWR_BBG000F964B6_2021-04-22
2021-06-24 22:54:10 46      AX_BBG000QPHD08_2021-04-22
2021-06-24 22:54:10 47      AXGN_BBG000BN46R9_2021-04-22
2021-06-24 22:54:10 48      AXP_BBG000BCQZS4_2021-04-22
2021-06-24 22:54:10 51      AXSM_BBG00B6G7GL7_2021-04-22
2021-06-24 22:54:10 52      AYI_BBG000BJ5HK0_2021-04-22
2021-06-24 22:54:10 53      AYX_BBG000BGZT72_2021-04-22
2021-06-24 22:54:10 55      AZO_BBG000C7LMS8_2021-04-22
2021-06-24 22:54:10 56      AZPN_BBG000DFMXT3_2021-04-22
2021-06-24 22:54:10 57      BA_BBG000BCSST7_2021-04-22
2021-06-24 22:54:10 67      BABA_BBG006G2JVL2_2021-04-22
2021-06-24 22:54:10 79      BAC_BBG000BCTLF6_2021-04-22
2021-06-24 22:54:10 86      BAH_BBG000R2YFG7_2021-04-22
2021-06-24 22:54:10 87      BAND_BBG001K003W2_2021-04-22
2021-06-24 22:54:10 89      BAX_BBG000BCVJ77_2021-04-22
2021-06-24 22:54:10 91      BBIO_BBG00P9KDZK6_2021-04-22
2021-06-24 22:54:10 93      BBSI_BBG000BHJSC4_2021-04-22
2021-06-24 22:54:10 94      BBY_BBG000BCWCG1_2021-04-22
2021-06-24 22:54:10 96      BBBY_BBG000CSY9H9_2021-04-22
2021-06-24 22:54:11 00      BC_BBG000BCWSS3_2021-04-22
2021-06-24 22:54:11 02      BCO_BBG000DR5QP5_2021-04-22
2021-06-24 22:54:11 02      BCPC_BBG000BCY878_2021-04-22
2021-06-24 22:54:11 03      BDC_BBG000Q4XNV1_2021-04-22
2021-06-24 22:54:11 04      BDTX_BBG00MS4Y0W9_2021-04-22
2021-06-24 22:54:11 05      BDX_BBG000BCZYD3_2021-04-22
2021-06-24 22:54:11 06      BECN_BBG000BKTXF2_2021-04-22
2021-06-24 22:54:11 07      BEN_BBG000BD0TF8_2021-04-22
2021-06-24 22:54:11 09      BERY_BBG000Q1R1Y9_2021-04-22
2021-06-24 22:54:11 10      BF.B_BBG000BD2NY8_2021-04-22
2021-06-24 22:54:11 11      BFAM_BBG003LFWP05_2021-04-22
2021-06-24 22:54:11 12      BFYT_BBG003QRSQD3_2021-04-22
2021-06-24 22:54:11 13      BGS_BBG000RKXRQ1_2021-04-22
2021-06-24 22:54:11 14      BH_BBG00JPRDQH1_2021-04-22
2021-06-24 22:54:11 14      BHF_BBG00DYPZ4T0_2021-04-22
2021-06-24 22:54:11 15      BIDU_BBG000QXWHD1_2021-04-22
2021-06-24 22:54:11 23      BIG_BBG000J0D904_2021-04-22
2021-06-24 22:54:11 24      BIIB_BBG000C17X76_2021-04-22
2021-06-24 22:54:11 28      BILI_BBG00K7T3037_2021-04-22
2021-06-24 22:54:11 33      BILL_BBG00QVJV6V4_2021-04-22
2021-06-24 22:54:11 35      BIO_BBG000DY28W5_2021-04-22
2021-06-24 22:54:11 36      BJRI_BBG000H9LNX1_2021-04-22
2021-06-24 22:54:11 37      BK_BBG000BD8PN9_2021-04-22
2021-06-24 22:54:11 40      BKI_BBG00GX77LW3_2021-04-22
2021-06-24 22:54:11 41      BKNG_BBG000BLBVN4_2021-04-22
2021-06-24 22:54:11 43      BKR_BBG00GBVBK51_2021-04-22
2021-06-24 22:54:11 47      BL_BBG0029KJVB0_2021-04-22
2021-06-24 22:54:11 48      BLD_BBG0077VS2C0_2021-04-22
2021-06-24 22:54:11 48      BLDR_BBG000BKD3K9_2021-04-22
2021-06-24 22:54:11 51      BLK_BBG000C2PW58_2021-04-22
2021-06-24 22:54:11 52      BLKB_BBG000BGGTW5_2021-04-22
2021-06-24 22:54:11 53      BLL_BBG000BDDNH5_2021-04-22
2021-06-24 22:54:11 55      BLUE_BBG000QGWY50_2021-04-22
2021-06-24 22:54:11 56      BMI_BBG000BDGHD9_2021-04-22
2021-06-24 22:54:11 73      BMRN_BBG000CZWZ05_2021-04-22
2021-06-24 22:54:11 74      BMY_BBG000DQLV23_2021-04-22
2021-06-24 22:54:11 77      BOH_BBG000C8D8G9_2021-04-22
2021-06-24 22:54:11 77      BOKF_BBG000CFZ003_2021-04-22
2021-06-24 22:54:11 78      BOOT_BBG0077SYZV6_2021-04-22
2021-06-24 22:54:11 79      BOX_BBG000PMSK08_2021-04-22
2021-06-24 22:54:11 80      BPMC_BBG001MC8YF7_2021-04-22
2021-06-24 22:54:11 81      BR_BBG000PPFKQ7_2021-04-22
2021-06-24 22:54:11 82      BRC_BBG000BDNV95_2021-04-22
2021-06-24 22:54:11 83      BRK.B_BBG000DWG505_2021-04-22
2021-06-24 22:54:11 85      BRKR_BBG000CL1FG7_2021-04-22
2021-06-24 22:54:11 86      BRO_BBG000BWSGF4_2021-04-22
2021-06-24 22:54:11 89      BSX_BBG000C0LW92_2021-04-22
2021-06-24 22:54:11 91      BTAI_BBG00K20GVD2_2021-04-22
2021-06-24 22:54:11 92      BTI_BBG000BWPXQ8_2021-04-22
2021-06-24 22:54:11 94      BUD_BBG000RYC984_2021-04-22
2021-06-24 22:54:11 95      BURL_BBG004S641N5_2021-04-22
2021-06-24 22:54:11 96      BWA_BBG000BJ49H3_2021-04-22
2021-06-24 22:54:11 98      BWXT_BBG000D86F25_2021-04-22
2021-06-24 22:54:11 99      BX_BBG000BH0106_2021-04-22
2021-06-24 22:54:12 02      BXP_BBG000BS5CM9_2021-04-22
2021-06-24 22:54:12 04      BYND_BBG003CVJP50_2021-04-22
2021-06-24 22:54:12 07      BZUN_BBG008HNS333_2021-04-22
2021-06-24 22:54:12 08      C_BBG000FY4S11_2021-04-22
2021-06-24 22:54:12 14      CABO_BBG000F02T51_2021-04-22
2021-06-24 22:54:12 15      CACC_BBG000CS0D96_2021-04-22
2021-06-24 22:54:12 15      CAG_BBG000BDXGP9_2021-04-22
2021-06-24 22:54:12 17      CAH_BBG000D898T9_2021-04-22
2021-06-24 22:54:12 18      CALM_BBG000CDMJW6_2021-04-22
2021-06-24 22:54:12 19      CARA_BBG001J2QYS9_2021-04-22
2021-06-24 22:54:12 20      CARG_BBG00HQ77DS2_2021-04-22
2021-06-24 22:54:12 22      CARR_BBG00RP5HYS8_2021-04-22
2021-06-24 22:54:12 25      CARS_BBG000HGTH33_2021-04-22
2021-06-24 22:54:12 27      CASY_BBG000BF0672_2021-04-22
2021-06-24 22:54:12 28      CAT_BBG000BF0K17_2021-04-22
2021-06-24 22:54:12 30      CB_BBG000BR14K5_2021-04-22
2021-06-24 22:54:12 33      CBRE_BBG000C04224_2021-04-22
2021-06-24 22:54:12 35      CBRL_BBG000BF33K1_2021-04-22
2021-06-24 22:54:12 36      CBSH_BBG000BF3G77_2021-04-22
2021-06-24 22:54:12 38      CBU_BBG000BF4D19_2021-04-22
2021-06-24 22:54:12 39      CCI_BBG000FV1Z23_2021-04-22
2021-06-24 22:54:12 40      CCK_BBG000BF6756_2021-04-22
2021-06-24 22:54:12 41      CCL_BBG000BF6LY3_2021-04-22
2021-06-24 22:54:12 49      CCOI_BBG000D0SMY8_2021-04-22
2021-06-24 22:54:12 50      CCXI_BBG000PTSB12_2021-04-22
2021-06-24 22:54:12 51      CDK_BBG006B6PVN9_2021-04-22
2021-06-24 22:54:12 53      CDLX_BBG00225ZDD0_2021-04-22
2021-06-24 22:54:12 54      CDNA_BBG006JS5785_2021-04-22
2021-06-24 22:54:12 56      CDNS_BBG000C13CD9_2021-04-22
2021-06-24 22:54:12 59      CDW_BBG001P63B80_2021-04-22
2021-06-24 22:54:12 60      CE_BBG000JYP7L8_2021-04-22
2021-06-24 22:54:12 61      CEA_BBG000BCFNR4_2021-04-22
2021-06-24 22:54:12 62      CENT_BBG000BFD605_2021-04-22
2021-06-24 22:54:12 63      CENTA_BBG000KTYB56_2021-04-22
2021-06-24 22:54:12 64      CERN_BBG000BFDLV8_2021-04-22
2021-06-24 22:54:12 66      CEVA_BBG000BN3P07_2021-04-22
2021-06-24 22:54:12 67      CF_BBG000BWJFZ4_2021-04-22
2021-06-24 22:54:12 69      CFG_BBG006Q0HY77_2021-04-22
2021-06-24 22:54:12 72      CFR_BBG000C2PL98_2021-04-22
2021-06-24 22:54:12 73      CFX_BBG000C5Z443_2021-04-22
2021-06-24 22:54:12 74      CGEN_BBG000B9ZLB0_2021-04-22
2021-06-24 22:54:12 76      CGNX_BBG000BPBVW5_2021-04-22
2021-06-24 22:54:12 78      CHD_BBG000BFJT36_2021-04-22
2021-06-24 22:54:12 79      CHDN_BBG000BGXMG9_2021-04-22
2021-06-24 22:54:12 80      CHE_BBG000C19QW1_2021-04-22
2021-06-24 22:54:12 81      CHEF_BBG001MFW6D6_2021-04-22
2021-06-24 22:54:12 82      CHGG_BBG0014XR0N5_2021-04-22
2021-06-24 22:54:12 84      CHH_BBG000BPBTL2_2021-04-22
2021-06-24 22:54:12 84      CHKP_BBG000K82ZT8_2021-04-22
2021-06-24 22:54:12 87      CHNG_BBG0059KNH10_2021-04-22
2021-06-24 22:54:12 89      CHRW_BBG000BTCH57_2021-04-22
2021-06-24 22:54:12 91      CHTR_BBG000VPGNR2_2021-04-22
2021-06-24 22:54:12 93      CHWY_BBG00P19DKZ6_2021-04-22
2021-06-24 22:54:12 95      CHX_BBG00JH9TZ56_2021-04-22
2021-06-24 22:54:12 96      CI_BBG00KXRCDP0_2021-04-22
2021-06-24 22:54:12 98      CIEN_BBG000BP1152_2021-04-22
2021-06-24 22:54:12 99      CINF_BBG000BFPK65_2021-04-22
2021-06-24 22:54:13 00      CL_BBG000BFQYY3_2021-04-22
2021-06-24 22:54:13 03      CLDR_BBG000DRJFC8_2021-04-22
2021-06-24 22:54:13 04      CLDT_BBG000PT6BR8_2021-04-22
2021-06-24 22:54:13 05      CLF_BBG000BFRF55_2021-04-22
2021-06-24 22:54:13 07      CLGX_BBG000C2H3F0_2021-04-22
2021-06-24 22:54:13 08      CLH_BBG000BFRRX8_2021-04-22
2021-06-24 22:54:13 10      CLR_BBG000BHBGN6_2021-04-22
2021-06-24 22:54:13 11      CLX_BBG000BFS7D3_2021-04-22
2021-06-24 22:54:13 12      CMA_BBG000C75N77_2021-04-22
2021-06-24 22:54:13 14      CMC_BBG000BFSND8_2021-04-22
2021-06-24 22:54:13 15      CMCO_BBG000BCWWV0_2021-04-22
2021-06-24 22:54:13 16      CMCSA_BBG000BFT2L4_2021-04-22
2021-06-24 22:54:13 20      CME_BBG000BHLYP4_2021-04-22
2021-06-24 22:54:13 22      CMG_BBG000QX74T1_2021-04-22
2021-06-24 22:54:13 24      CMI_BBG000BGPTV6_2021-04-22
2021-06-24 22:54:13 25      CMP_BBG000C42WS4_2021-04-22
2021-06-24 22:54:13 26      CMS_BBG000BFVXX0_2021-04-22
2021-06-24 22:54:13 28      CNC_BBG000BDXCJ5_2021-04-22
2021-06-24 22:54:13 30      CNK_BBG000QDVR53_2021-04-22
2021-06-24 22:54:13 33      CNP_BBG000FDBX90_2021-04-22
2021-06-24 22:54:13 34      CNS_BBG000BB0WG4_2021-04-22
2021-06-24 22:54:13 35      CNST_BBG000R1H6P8_2021-04-22
2021-06-24 22:54:13 36      CNXC_BBG00RCNQMX3_2021-04-22
2021-06-24 22:54:13 37      CNXN_BBG000BX74M4_2021-04-22
2021-06-24 22:54:13 38      COF_BBG000BGKTF9_2021-04-22
2021-06-24 22:54:13 40      COG_BBG000C3GN47_2021-04-22
2021-06-24 22:54:13 42      COHR_BBG000BG1DH3_2021-04-22
2021-06-24 22:54:13 43      COKE_BBG000BG1SX2_2021-04-22
2021-06-24 22:54:13 44      COLM_BBG000BKKQ84_2021-04-22
2021-06-24 22:54:13 45      CONE_BBG0038V5TX1_2021-04-22
2021-06-24 22:54:13 46      COO_BBG000BG3445_2021-04-22
2021-06-24 22:54:13 47      COP_BBG000BQQH30_2021-04-22
2021-06-24 22:54:13 51      CORR_BBG000CN80Y9_2021-04-22
2021-06-24 22:54:13 52      CORT_BBG000BKJG33_2021-04-22
2021-06-24 22:54:13 54      COST_BBG000F6H8W8_2021-04-22
2021-06-24 22:54:13 57      COTY_BBG000F395V1_2021-04-22
2021-06-24 22:54:13 60      COUP_BBG001J4BCN4_2021-04-22
2021-06-24 22:54:13 62      CPB_BBG000BG4202_2021-04-22
2021-06-24 22:54:13 64      CPRI_BBG0029SNR63_2021-04-22
2021-06-24 22:54:13 65      CPRT_BBG000BM9RH1_2021-04-22
2021-06-24 22:54:13 67      CPS_BBG000PSXT64_2021-04-22
2021-06-24 22:54:13 68      CR_BBG000BG7423_2021-04-22
2021-06-24 22:54:13 69      CREE_BBG000BG14P4_2021-04-22
2021-06-24 22:54:13 71      CRI_BBG000CTM4J9_2021-04-22
2021-06-24 22:54:13 73      CRL_BBG000BG5BL8_2021-04-22
2021-06-24 22:54:13 74      CRM_BBG000BN2DC2_2021-04-22
2021-06-24 22:54:13 79      CRMT_BBG000CM6L31_2021-04-22
2021-06-24 22:54:13 80      CROX_BBG000BLY663_2021-04-22
2021-06-24 22:54:13 82      CRS_BBG000BGCQT9_2021-04-22
2021-06-24 22:54:13 83      CRTX_BBG00BTK1DT8_2021-04-22
2021-06-24 22:54:13 85      CRUS_BBG000C1DHF5_2021-04-22
2021-06-24 22:54:13 86      CRVL_BBG000CVKZY0_2021-04-22
2021-06-24 22:54:13 87      CRWD_BBG00BLYKS03_2021-04-22
2021-06-24 22:54:13 92      CSCO_BBG000C3J3C9_2021-04-22
2021-06-24 22:54:13 96      CSGP_BBG000D7JKW9_2021-04-22
2021-06-24 22:54:13 97      CSGS_BBG000G3TQV2_2021-04-22
2021-06-24 22:54:13 98      CSII_BBG000NWQ9S5_2021-04-22
2021-06-24 22:54:13 99      CSL_BBG000BGGBT8_2021-04-22
2021-06-24 22:54:14 00      CSOD_BBG0016X4XN6_2021-04-22
2021-06-24 22:54:14 01      CSWI_BBG007NLG4L3_2021-04-22
2021-06-24 22:54:14 02      CSX_BBG000BGJRC8_2021-04-22
2021-06-24 22:54:14 06      CTAS_BBG000H3YXF8_2021-04-22
2021-06-24 22:54:14 08      CTB_BBG000BGKXV2_2021-04-22
2021-06-24 22:54:14 08      CTLT_BBG005XR47P5_2021-04-22
2021-06-24 22:54:14 10      CTSH_BBG000BBDV81_2021-04-22
2021-06-24 22:54:14 13      CTVA_BBG00BN969C1_2021-04-22
2021-06-24 22:54:14 15      CTXS_BBG000FQ6PY6_2021-04-22
2021-06-24 22:54:14 17      CVCO_BBG000K4WS65_2021-04-22
2021-06-24 22:54:14 18      CVET_BBG00KR691K8_2021-04-22
2021-06-24 22:54:14 19      CVGW_BBG000BGPQW1_2021-04-22
2021-06-24 22:54:14 20      CVLT_BBG000BG88X9_2021-04-22
2021-06-24 22:54:14 21      CVNA_BBG00GCTWDJ3_2021-04-22
2021-06-24 22:54:14 23      CVS_BBG000BGRY34_2021-04-22
2021-06-24 22:54:14 27      CVX_BBG000K4ND22_2021-04-22
2021-06-24 22:54:14 32      CW_BBG000BGSPS5_2021-04-22
2021-06-24 22:54:14 33      CWST_BBG000BT0J38_2021-04-22
2021-06-24 22:54:14 33      CWT_BBG000D8KTN6_2021-04-22
2021-06-24 22:54:14 34      CY_BBG000BXNJ07_2021-04-22
2021-06-24 22:54:14 35      D_BBG000BGVW60_2021-04-22
2021-06-24 22:54:14 37      DAL_BBG000R7Z112_2021-04-22
2021-06-24 22:54:14 44      DAR_BBG000BN8ZK8_2021-04-22
2021-06-24 22:54:14 45      DBX_BBG0018SLDN0_2021-04-22
2021-06-24 22:54:14 48      DCI_BBG000BGZP70_2021-04-22
2021-06-24 22:54:14 49      DCPH_BBG00HMJ9H54_2021-04-22
2021-06-24 22:54:14 50      DD_BBG00BN961G4_2021-04-22
2021-06-24 22:54:14 51      DDOG_BBG003NJHZT9_2021-04-22
2021-06-24 22:54:14 54      DDS_BBG000BS4MP5_2021-04-22
2021-06-24 22:54:14 55      DE_BBG000BH1NH9_2021-04-22
2021-06-24 22:54:14 56      DECK_BBG000BKXYX5_2021-04-22
2021-06-24 22:54:14 57      DELL_BBG00DW3SZS1_2021-04-22
2021-06-24 22:54:14 59      DFS_BBG000QBR5J5_2021-04-22
2021-06-24 22:54:14 61      DG_BBG000NV1KK7_2021-04-22
2021-06-24 22:54:14 63      DGX_BBG000BN84F3_2021-04-22
2021-06-24 22:54:14 64      DHI_BBG000DQTXY6_2021-04-22
2021-06-24 22:54:14 66      DHR_BBG000BH3JF8_2021-04-22
2021-06-24 22:54:14 69      DIOD_BBG000G25P51_2021-04-22
2021-06-24 22:54:14 70      DIS_BBG000BH4R78_2021-04-22
2021-06-24 22:54:14 76      DISCA_BBG000CHWP52_2021-04-22
2021-06-24 22:54:14 84      DISCB_BBG000F7L5N7_2021-04-22
2021-06-24 22:54:14 85      DISCK_BBG000VMWHH5_2021-04-22
2021-06-24 22:54:14 88      DK_BBG00FZYFVC5_2021-04-22
2021-06-24 22:54:14 89      DKNG_BBG00TCBG714_2021-04-22
2021-06-24 22:54:14 97      DKS_BBG000F6ZWH2_2021-04-22
2021-06-24 22:54:14 99      DLB_BBG000DGLTG5_2021-04-22
2021-06-24 22:54:15 00      DLR_BBG000Q5ZRM7_2021-04-22
2021-06-24 22:54:15 01      DLTH_BBG002GBMZG4_2021-04-22
2021-06-24 22:54:15 01      DLTR_BBG000BSC0K9_2021-04-22
2021-06-24 22:54:15 04      DLX_BBG000BH6360_2021-04-22
2021-06-24 22:54:15 04      DNLI_BBG008P7F869_2021-04-22
2021-06-24 22:54:15 05      DNOW_BBG005BLN209_2021-04-22
2021-06-24 22:54:15 06      DOCU_BBG000N7KJX8_2021-04-22
2021-06-24 22:54:15 09      DORM_BBG000BM22F5_2021-04-22
2021-06-24 22:54:15 09      DOV_BBG000BHB3M6_2021-04-22
2021-06-24 22:54:15 11      DOW_BBG00BN96922_2021-04-22
2021-06-24 22:54:15 16      DPZ_BBG000P458P3_2021-04-22
2021-06-24 22:54:15 17      DRE_BBG000BHD8S7_2021-04-22
2021-06-24 22:54:15 19      DRI_BBG000BBNYF6_2021-04-22
2021-06-24 22:54:15 21      DRNA_BBG001J1DB23_2021-04-22
2021-06-24 22:54:15 23      DRQ_BBG000BVDBY2_2021-04-22
2021-06-24 22:54:15 24      DT_BBG00PNN7C40_2021-04-22
2021-06-24 22:54:15 25      DVA_BBG000MQ1SN9_2021-04-22
2021-06-24 22:54:15 26      DVN_BBG000BBVJZ8_2021-04-22
2021-06-24 22:54:15 28      DXC_BBG00FN64XT9_2021-04-22
2021-06-24 22:54:15 29      DXCM_BBG000QTF8K1_2021-04-22
2021-06-24 22:54:15 30      DY_BBG000C4SKT1_2021-04-22
2021-06-24 22:54:15 31      EA_BBG000BP0KQ8_2021-04-22
2021-06-24 22:54:15 33      EAT_BBG000BK28N7_2021-04-22
2021-06-24 22:54:15 34      EBAY_BBG000C43RR5_2021-04-22
2021-06-24 22:54:15 39      EBS_BBG000GW06J7_2021-04-22
2021-06-24 22:54:15 41      ECHO_BBG000RFP8W6_2021-04-22
2021-06-24 22:54:15 42      ECL_BBG000BHKYH4_2021-04-22
2021-06-24 22:54:15 43      ECPG_BBG000F369C7_2021-04-22
2021-06-24 22:54:15 44      ED_BBG000BHLYS1_2021-04-22
2021-06-24 22:54:15 46      EDIT_BBG005MX5GZ2_2021-04-22
2021-06-24 22:54:15 48      EEFT_BBG000BMNBY1_2021-04-22
2021-06-24 22:54:15 49      EFX_BBG000BHPL78_2021-04-22
2021-06-24 22:54:15 51      EGHT_BBG000BCGHH7_2021-04-22
2021-06-24 22:54:15 52      EGRX_BBG005Y3XWH9_2021-04-22
2021-06-24 22:54:15 53      EHTH_BBG000P5JQX6_2021-04-22
2021-06-24 22:54:15 54      EIX_BBG000D7RKJ5_2021-04-22
2021-06-24 22:54:15 56      EL_BBG000FKJRC5_2021-04-22
2021-06-24 22:54:15 57      ELAN_BBG00LJYS1P8_2021-04-22
2021-06-24 22:54:15 58      ELS_BBG000BB7SX7_2021-04-22
2021-06-24 22:54:15 59      EME_BBG000BBRPL4_2021-04-22
2021-06-24 22:54:15 60      EMN_BBG000BLW530_2021-04-22
2021-06-24 22:54:15 61      EMR_BBG000BHX7N2_2021-04-22
2021-06-24 22:54:15 64      ENDP_BBG000C0HQ54_2021-04-22
2021-06-24 22:54:15 66      ENPH_BBG001R3MNY9_2021-04-22
2021-06-24 22:54:15 71      ENR_BBG006FCB019_2021-04-22
2021-06-24 22:54:15 72      ENS_BBG000PWTD92_2021-04-22
2021-06-24 22:54:15 74      ENTA_BBG001V9NSB4_2021-04-22
2021-06-24 22:54:15 75      ENTG_BBG000CTV4N4_2021-04-22
2021-06-24 22:54:15 77      ENV_BBG000Q4NZ54_2021-04-22
2021-06-24 22:54:15 78      EOG_BBG000BZ9223_2021-04-22
2021-06-24 22:54:15 80      EPAM_BBG000MHTV89_2021-04-22
2021-06-24 22:54:15 81      EPAY_BBG000BRNH31_2021-04-22
2021-06-24 22:54:15 82      EPC_BBG000BRW644_2021-04-22
2021-06-24 22:54:15 83      EQIX_BBG000MBDGM6_2021-04-22
2021-06-24 22:54:15 84      EQT_BBG000BHZ5J9_2021-04-22
2021-06-24 22:54:15 87      ERIE_BBG000BBTJZ1_2021-04-22
2021-06-24 22:54:15 88      ES_BBG000BQ87N0_2021-04-22
2021-06-24 22:54:15 89      ESPR_BBG004KB3S72_2021-04-22
2021-06-24 22:54:15 91      ESS_BBG000CGJMB9_2021-04-22
2021-06-24 22:54:15 92      ET_BBG000BM2FL9_2021-04-22
2021-06-24 22:54:15 95      ETN_BBG000BJ3PD2_2021-04-22
2021-06-24 22:54:15 97      ETR_BBG000C1FQS9_2021-04-22
2021-06-24 22:54:15 99      ETRN_BBG00K53L394_2021-04-22
2021-06-24 22:54:16 00      ETSY_BBG000N7MXL8_2021-04-22
2021-06-24 22:54:16 02      EVBG_BBG0022FMPD5_2021-04-22
2021-06-24 22:54:16 03      EVER_BBG00F17NDH7_2021-04-22
2021-06-24 22:54:16 04      EVH_BBG005CHLM96_2021-04-22
2021-06-24 22:54:16 05      EVR_BBG000BP30Y0_2021-04-22
2021-06-24 22:54:16 06      EVRG_BBG00H433CR2_2021-04-22
2021-06-24 22:54:16 08      EW_BBG000BRXP69_2021-04-22
2021-06-24 22:54:16 10      EWBC_BBG000CR20B1_2021-04-22
2021-06-24 22:54:16 10      EWBC: SPYKE!. Candle: ID:7, Time: 13:30, Close: 70.95
2021-06-24 22:54:16 11      EXAS_BBG000CWL0F5_2021-04-22
2021-06-24 22:54:16 12      EXC_BBG000J6XT05_2021-04-22
2021-06-24 22:54:16 16      EXEL_BBG000BQ4WF8_2021-04-22
2021-06-24 22:54:16 18      EXLS_BBG000NS3P30_2021-04-22
2021-06-24 22:54:16 19      EXP_BBG000BJW241_2021-04-22
2021-06-24 22:54:16 20      EXPD_BBG000BJ5GK2_2021-04-22
2021-06-24 22:54:16 21      EXPE_BBG000QY3XZ2_2021-04-22
2021-06-24 22:54:16 24      EXR_BBG000PV27K3_2021-04-22
2021-06-24 22:54:16 25      EYE_BBG00HVQF9K2_2021-04-22
2021-06-24 22:54:16 27      F_BBG000BQPC32_2021-04-22
2021-06-24 22:54:16 33      FANG_BBG002PHSYX9_2021-04-22
2021-06-24 22:54:16 36      FARO_BBG000BJD7C2_2021-04-22
2021-06-24 22:54:16 37      FAST_BBG000BJ8YN7_2021-04-22
2021-06-24 22:54:16 40      FATE_BBG000QP35H2_2021-04-22
2021-06-24 22:54:16 42      FB_BBG000MM2P62_2021-04-22
2021-06-24 22:54:16 55      FBHS_BBG001B4BV87_2021-04-22
2021-06-24 22:54:16 56      FCFS_BBG000DNF659_2021-04-22
2021-06-24 22:54:16 57      FCN_BBG000K88H58_2021-04-22
2021-06-24 22:54:16 58      FCX_BBG000BJDB15_2021-04-22
2021-06-24 22:54:16 63      FDS_BBG000BDJL83_2021-04-22
2021-06-24 22:54:16 65      FDX_BBG000BJF1Z8_2021-04-22
2021-06-24 22:54:16 66      FELE_BBG000BJGGV8_2021-04-22
2021-06-24 22:54:16 67      FFIV_BBG000CXYSZ6_2021-04-22
2021-06-24 22:54:16 69      FGEN_BBG000FW5ZL6_2021-04-22
2021-06-24 22:54:16 71      FICO_BBG000DW76Y6_2021-04-22
2021-06-24 22:54:16 72      FIS_BBG000BK2F42_2021-04-22
2021-06-24 22:54:16 75      FISV_BBG000BJKPG0_2021-04-22
2021-06-24 22:54:16 79      FITB_BBG000BJL3N0_2021-04-22
2021-06-24 22:54:16 82      FIVN_BBG001KHJM17_2021-04-22
2021-06-24 22:54:16 83      FIZZ_BBG000BF8CB6_2021-04-22
2021-06-24 22:54:16 84      FL_BBG000BX8DC4_2021-04-22
2021-06-24 22:54:16 85      FLIR_BBG000BHK836_2021-04-22
2021-06-24 22:54:16 86      FLOW_BBG007FL7ZD2_2021-04-22
2021-06-24 22:54:16 88      FLR_BBG000BB1TH9_2021-04-22
2021-06-24 22:54:16 89      FLS_BBG000FFH4P5_2021-04-22
2021-06-24 22:54:16 90      FLT_BBG000GPXKX9_2021-04-22
2021-06-24 22:54:16 91      FLWS_BBG000BBR9P6_2021-04-22
2021-06-24 22:54:16 93      FMC_BBG000BJP882_2021-04-22
2021-06-24 22:54:16 94      FND_BBG007GJ2F81_2021-04-22
2021-06-24 22:54:16 95      FNKO_BBG00HXSHDQ9_2021-04-22
2021-06-24 22:54:16 97      FOCS_BBG00L0YTFN8_2021-04-22
2021-06-24 22:54:16 97      FOE_BBG000BJQK11_2021-04-22
2021-06-24 22:54:16 98      FOLD_BBG000PLF6N0_2021-04-22
2021-06-24 22:54:16 99      FORM_BBG000D1Y3P1_2021-04-22
2021-06-24 22:54:17 01      FORR_BBG000HGNYG8_2021-04-22
2021-06-24 22:54:17 01      FOX_BBG00JHNKJY8_2021-04-22
2021-06-24 22:54:17 03      FOXA_BBG00JHNJW99_2021-04-22
2021-06-24 22:54:17 05      FOXF_BBG004T7VS53_2021-04-22
2021-06-24 22:54:17 06      FRHC_BBG000N625H8_2021-04-22
2021-06-24 22:54:17 07      FRHC: BuyPending. Strategy: MorningOpenStrategy. Price: 49.07. Lots: 5. ChangeOpenToCurrent: -2.04. ChangePrevCloseToCurrent: -0.04. Candle: ID:5, Time: 4:00, Close: 49.07.
2021-06-24 22:54:17 07      FRHC: OrderID: 7dbbd6c0. PlacedOrder. Status: New. RejectReason: 
2021-06-24 22:54:17 07      FRHC: OrderID: 7dbbd6c0 partially executed. Executed lots: 2. OrderStatus: 2/5 lots
2021-06-24 22:54:17 08      FRHC: OrderID: 7dbbd6c0 fully executed
2021-06-24 22:54:17 08      FRHC: SPYKE!. Candle: ID:11, Time: 4:10, Close: 47
2021-06-24 22:54:17 08      FRHC: Morning closing by timeout. Close price: 48.61. Lots: 5. Profit: -0.46(-0.94%). Candle: ID:42, Time: 4:30, Close: 48.61
2021-06-24 22:54:17 08      FRHC: OrderID: 1357154d. PlacedOrder. Status: New. RejectReason: 
2021-06-24 22:54:17 08      FRHC: OrderID: 1357154d fully executed
2021-06-24 22:54:17 09      FRPH_BBG000HCVWW4_2021-04-22
2021-06-24 22:54:17 09      FRPT_BBG001D0HB36_2021-04-22
2021-06-24 22:54:17 10      FSLR_BBG000BFL116_2021-04-22
2021-06-24 22:54:17 14      FSLY_BBG004NLQHL0_2021-04-22
2021-06-24 22:54:17 18      FTCH_BBG00LSD4456_2021-04-22
2021-06-24 22:54:17 21      FTI_BBG00DL8NMV2_2021-04-22
2021-06-24 22:54:17 23      FTNT_BBG000BCMBG4_2021-04-22
2021-06-24 22:54:17 25      FTV_BBG00BLVZ228_2021-04-22
2021-06-24 22:54:17 26      FUL_BBG000BJZ7V7_2021-04-22
2021-06-24 22:54:17 27      GATX_BBG000BKGXQ4_2021-04-22
2021-06-24 22:54:17 28      GBCI_BBG000C3KB84_2021-04-22
2021-06-24 22:54:17 28      GBT_BBG00341H6M0_2021-04-22
2021-06-24 22:54:17 29      GBX_BBG000CF5097_2021-04-22
2021-06-24 22:54:17 30      GCO_BBG000BK5S78_2021-04-22
2021-06-24 22:54:17 30      GCO: SPYKE!. Candle: ID:12, Time: 14:05, Close: 46.94
2021-06-24 22:54:17 31      GCP_BBG0082W8Q12_2021-04-22
2021-06-24 22:54:17 32      GD_BBG000BK67C7_2021-04-22
2021-06-24 22:54:17 33      GDDY_BBG006MDLY05_2021-04-22
2021-06-24 22:54:17 34      GDOT_BBG000QDJT53_2021-04-22
2021-06-24 22:54:17 35      GE_BBG000BK6MB5_2021-04-22
2021-06-24 22:54:17 37      GEF_BBG000BLFNC0_2021-04-22
2021-06-24 22:54:17 38      GGG_BBG000BK9W84_2021-04-22
2021-06-24 22:54:17 39      GH_BBG006D97VY9_2021-04-22
2021-06-24 22:54:17 40      GHC_BBG000C3FGH9_2021-04-22
2021-06-24 22:54:17 41      GILD_BBG000CKGBP2_2021-04-22
2021-06-24 22:54:17 44      GIS_BBG000BKCFC2_2021-04-22
2021-06-24 22:54:17 46      GKOS_BBG000WG2LQ1_2021-04-22
2021-06-24 22:54:17 47      GL_BBG000BVD6X4_2021-04-22
2021-06-24 22:54:17 48      GLW_BBG000BKFZM4_2021-04-22
2021-06-24 22:54:17 50      GM_BBG000NDYB67_2021-04-22
2021-06-24 22:54:17 55      GMED_BBG002V87SD0_2021-04-22
2021-06-24 22:54:17 56      GMS_BBG009Q036D0_2021-04-22
2021-06-24 22:54:17 56      GNL_BBG004HXD0G8_2021-04-22
2021-06-24 22:54:17 57      GNRC_BBG000PQ4W72_2021-04-22
2021-06-24 22:54:17 58      GO_BBG00P4R3079_2021-04-22
2021-06-24 22:54:17 59      GOOG_BBG009S3NB30_2021-04-22
2021-06-24 22:54:17 63      GOOGL_BBG009S39JX6_2021-04-22
2021-06-24 22:54:17 71      GOSS_BBG00MVWLLM2_2021-04-22
2021-06-24 22:54:17 72      GPC_BBG000BKL348_2021-04-22
2021-06-24 22:54:17 74      GPI_BBG000BB88K4_2021-04-22
2021-06-24 22:54:17 74      GPN_BBG000CX0P89_2021-04-22
2021-06-24 22:54:17 76      GPS_BBG000BKLH74_2021-04-22
2021-06-24 22:54:17 78      GRA_BBG000BB8PG1_2021-04-22
2021-06-24 22:54:17 79      GRMN_BBG000C4LN67_2021-04-22
2021-06-24 22:54:17 81      GRUB_BBG001KWG293_2021-04-22
2021-06-24 22:54:17 81      Warning: figi `BBG001KWG293` for history data does not match actual figi `BBG010R8C3Y4`. Ticker: GRUB. Will be used actual!
2021-06-24 22:54:17 82      GS_BBG000C6CFJ5_2021-04-22
2021-06-24 22:54:17 84      GSH_BBG000GLG0G0_2021-04-22
2021-06-24 22:54:17 85      GSKY_BBG00KT2SCV8_2021-04-22
2021-06-24 22:54:17 85      GT_BBG000BKNX95_2021-04-22
2021-06-24 22:54:17 88      GTHX_BBG005F1DK91_2021-04-22
2021-06-24 22:54:17 91      GTLS_BBG000P1K2X6_2021-04-22
2021-06-24 22:54:17 92      GTN_BBG000DSQLQ0_2021-04-22
2021-06-24 22:54:17 93      GVA_BBG000DVB833_2021-04-22
2021-06-24 22:54:17 94      GWRE_BBG001C7PM75_2021-04-22
2021-06-24 22:54:17 95      GWW_BBG000BKR1D6_2021-04-22
2021-06-24 22:54:17 96      H_BBG000CVRFS4_2021-04-22
2021-06-24 22:54:17 97      HA_BBG000BC4185_2021-04-22
2021-06-24 22:54:17 99      HAE_BBG000C7TF41_2021-04-22
2021-06-24 22:54:17 99      HAE: SPYKE!. Candle: ID:35, Time: 7:50, Close: 71.85
2021-06-24 22:54:18 00      HAIN_BBG000BQW085_2021-04-22
2021-06-24 22:54:18 02      HAL_BBG000BKTFN2_2021-04-22
2021-06-24 22:54:18 06      HALO_BBG000CZ8W54_2021-04-22
2021-06-24 22:54:18 07      HAS_BBG000BKVJK4_2021-04-22
2021-06-24 22:54:18 09      HBAN_BBG000BKWSR6_2021-04-22
2021-06-24 22:54:18 14      HBI_BBG000D2ZTS8_2021-04-22
2021-06-24 22:54:18 16      HCA_BBG000QW7VC1_2021-04-22
2021-06-24 22:54:18 18      HCCI_BBG000CCFB17_2021-04-22
2021-06-24 22:54:18 19      HCSG_BBG000BKYVF0_2021-04-22
2021-06-24 22:54:18 20      HD_BBG000BKZB36_2021-04-22
2021-06-24 22:54:18 23      HEAR_BBG000BM6N47_2021-04-22
2021-06-24 22:54:18 25      HEI_BBG000BL16Q7_2021-04-22
2021-06-24 22:54:18 26      HES_BBG000BBD070_2021-04-22
2021-06-24 22:54:18 28      HFC_BBG000BL9JQ1_2021-04-22
2021-06-24 22:54:18 30      HGV_BBG00CBYY6M1_2021-04-22
2021-06-24 22:54:18 31      HHC_BBG000MJRJJ2_2021-04-22
2021-06-24 22:54:18 32      HHR_BBG00KHGQ0H4_2021-04-22
2021-06-24 22:54:18 33      HHR: SPYKE!. Candle: ID:1066, Time: 20:00, Close: 35.33
2021-06-24 22:54:18 34      HIBB_BBG000H001V3_2021-04-22
2021-06-24 22:54:18 35      HIG_BBG000G0Z878_2021-04-22
2021-06-24 22:54:18 37      HII_BBG001KJ2HM9_2021-04-22
2021-06-24 22:54:18 38      HIIQ_TCS003QRSQD3_2021-04-22
2021-06-24 22:54:18 39      HLT_BBG0058KMH30_2021-04-22
2021-06-24 22:54:18 41      HNP_BBG000BX5YM0_2021-04-22
2021-06-24 22:54:18 42      HOG_BBG000BKZTP3_2021-04-22
2021-06-24 22:54:18 45      HOLX_BBG000C3NTN5_2021-04-22
2021-06-24 22:54:18 47      HON_BBG000H556T9_2021-04-22
2021-06-24 22:54:18 49      HP_BBG000BLCPY4_2021-04-22
2021-06-24 22:54:18 50      HPE_BBG0078W3NQ3_2021-04-22
2021-06-24 22:54:18 53      HPQ_BBG000KHWT55_2021-04-22
2021-06-24 22:54:18 56      HQY_BBG000TYXCT9_2021-04-22
2021-06-24 22:54:18 57      HRB_BBG000BLDV98_2021-04-22
2021-06-24 22:54:18 59      HRC_BBG000BKWCS0_2021-04-22
2021-06-24 22:54:18 60      HRL_BBG000BLF8D2_2021-04-22
2021-06-24 22:54:18 61      HRTX_BBG000G2GJT7_2021-04-22
2021-06-24 22:54:18 62      HSC_BBG000BLH3P8_2021-04-22
2021-06-24 22:54:18 63      HSIC_BBG000BNMMJ3_2021-04-22
2021-06-24 22:54:18 65      HSKA_BBG000BWFH48_2021-04-22
2021-06-24 22:54:18 65      HST_BBG000BL8804_2021-04-22
2021-06-24 22:54:18 67      HSY_BBG000BLHRS2_2021-04-22
2021-06-24 22:54:18 68      HTA_BBG000PRJCX9_2021-04-22
2021-06-24 22:54:18 69      HTHT_BBG000QFPM65_2021-04-22
2021-06-24 22:54:18 70      HTHT: SPYKE!. Candle: ID:43, Time: 13:25, Close: 53.54
2021-06-24 22:54:18 71      HUBB_BBG000BLK267_2021-04-22
2021-06-24 22:54:18 72      HUBG_BBG000G9W6L0_2021-04-22
2021-06-24 22:54:18 73      HUBS_BBG000N7MZ06_2021-04-22
2021-06-24 22:54:18 74      HUM_BBG000BLKK03_2021-04-22
2021-06-24 22:54:18 76      HURN_BBG000PV2M48_2021-04-22
2021-06-24 22:54:18 77      HWM_BBG00DYNJGH9_2021-04-22
2021-06-24 22:54:18 79      HXL_BBG000BLMDQ9_2021-04-22
2021-06-24 22:54:18 80      IAC_BBG000BKQG80_2021-04-22
2021-06-24 22:54:18 81      IART_BBG000BZJQL8_2021-04-22
2021-06-24 22:54:18 82      IBKR_BBG000LV0836_2021-04-22
2021-06-24 22:54:18 83      IBM_BBG000BLNNH6_2021-04-22
2021-06-24 22:54:18 87      IBN_BBG000DRM643_2021-04-22
2021-06-24 22:54:18 89      IBP_BBG005TJKDZ6_2021-04-22
2021-06-24 22:54:18 90      ICE_BBG000C1FB75_2021-04-22
2021-06-24 22:54:18 91      ICPT_BBG001J1QN87_2021-04-22
2021-06-24 22:54:18 93      ICUI_BBG000CQV2N4_2021-04-22
2021-06-24 22:54:18 94      IDCC_BBG000HLJ7M4_2021-04-22
2021-06-24 22:54:18 95      IDXX_BBG000BLRT07_2021-04-22
2021-06-24 22:54:18 96      IEX_BBG000C1HN22_2021-04-22
2021-06-24 22:54:18 97      IFF_BBG000BLSL58_2021-04-22
2021-06-24 22:54:18 98      IGMS_BBG00PNR1BT2_2021-04-22
2021-06-24 22:54:18 99      IIPR_BBG00F0SW7N8_2021-04-22
2021-06-24 22:54:18 99      IIVI_BBG000BLW102_2021-04-22
2021-06-24 22:54:19 02      ILMN_BBG000DSMS70_2021-04-22
2021-06-24 22:54:19 04      INCY_BBG000BNPSQ9_2021-04-22
2021-06-24 22:54:19 06      INDB_BBG000BM0597_2021-04-22
2021-06-24 22:54:19 06      INFO_BBG006G063F9_2021-04-22
2021-06-24 22:54:19 08      INGN_BBG0021PH456_2021-04-22
2021-06-24 22:54:19 08      INGR_BBG000BXPZB7_2021-04-22
2021-06-24 22:54:19 09      INMD_BBG00PPS73P4_2021-04-22
2021-06-24 22:54:19 10      INSP_BBG00209SZJ7_2021-04-22
2021-06-24 22:54:19 11      INTC_BBG000C0G1D1_2021-04-22
2021-06-24 22:54:19 28      INTU_BBG000BH5DV1_2021-04-22
2021-06-24 22:54:19 30      INVH_BBG00FQH6BS9_2021-04-22
2021-06-24 22:54:19 32      IONS_BBG000JH6683_2021-04-22
2021-06-24 22:54:19 33      IOSP_BBG000BMFNP4_2021-04-22
2021-06-24 22:54:19 34      IOVA_BBG000FTLBV7_2021-04-22
2021-06-24 22:54:19 35      IP_BBG000BM5SR2_2021-04-22
2021-06-24 22:54:19 37      IPAR_BBG000GCSWR5_2021-04-22
2021-06-24 22:54:19 38      IPG_BBG000C90DH9_2021-04-22
2021-06-24 22:54:19 39      IPG: BuyPending. Strategy: MorningOpenStrategy. Price: 30. Lots: 8. ChangeOpenToCurrent: -0.96. ChangePrevCloseToCurrent: -3.19. Candle: ID:9, Time: 7:00, Close: 30.
2021-06-24 22:54:19 39      IPG: OrderID: 1294a9a8. PlacedOrder. Status: New. RejectReason: 
2021-06-24 22:54:19 39      IPG: Cancel order. Did not bought at market open. Candle: ID:10, Time: 7:10, Close: 30.32
2021-06-24 22:54:19 39      OrderID: 1294a9a8 successfully canceled
2021-06-24 22:54:19 40      IPGP_BBG000DCGRL8_2021-04-22
2021-06-24 22:54:19 41      IQV_BBG00333FYS2_2021-04-22
2021-06-24 22:54:19 43      IR_BBG002R1CW27_2021-04-22
2021-06-24 22:54:19 44      IRBT_BBG000HXJB21_2021-04-22
2021-06-24 22:54:19 46      IRDM_BBG000VC0FC1_2021-04-22
2021-06-24 22:54:19 48      IRM_BBG000KCZPC3_2021-04-22
2021-06-24 22:54:19 49      IRTC_BBG001J19V24_2021-04-22
2021-06-24 22:54:19 51      ISRG_BBG000BJPDZ1_2021-04-22
2021-06-24 22:54:19 54      IT_BBG000BB65D0_2021-04-22
2021-06-24 22:54:19 55      ITCI_BBG0026ZFZC4_2021-04-22
2021-06-24 22:54:19 56      ITGR_BBG000BW6JV4_2021-04-22
2021-06-24 22:54:19 57      ITRI_BBG000BD2167_2021-04-22
2021-06-24 22:54:19 58      ITT_BBG00CVQZQ96_2021-04-22
2021-06-24 22:54:19 59      ITW_BBG000BMBL90_2021-04-22
2021-06-24 22:54:19 60      IVZ_BBG000BY2Y78_2021-04-22
2021-06-24 22:54:19 62      J_BBG000BMFFQ0_2021-04-22
2021-06-24 22:54:19 63      JACK_BBG000GZYVY1_2021-04-22
2021-06-24 22:54:19 65      JBHT_BBG000BMDBZ1_2021-04-22
2021-06-24 22:54:19 66      JBSS_BBG000CHPMY5_2021-04-22
2021-06-24 22:54:19 67      JBT_BBG000VLBCQ1_2021-04-22
2021-06-24 22:54:19 67      JCI_BBG000BVWLJ6_2021-04-22
2021-06-24 22:54:19 70      JCOM_BBG000F3CWW7_2021-04-22
2021-06-24 22:54:19 72      JD_BBG005YHY0Q7_2021-04-22
2021-06-24 22:54:19 79      JEF_BBG000BNHSP9_2021-04-22
2021-06-24 22:54:19 81      JELD_BBG0019GM953_2021-04-22
2021-06-24 22:54:19 82      JJSF_BBG000BMGPW0_2021-04-22
2021-06-24 22:54:19 83      JKHY_BBG000BMH2Q7_2021-04-22
2021-06-24 22:54:19 84      JLL_BBG000C2L2L0_2021-04-22
2021-06-24 22:54:19 85      JNJ_BBG000BMHYD1_2021-04-22
2021-06-24 22:54:19 91      JNPR_BBG000BY33P5_2021-04-22
2021-06-24 22:54:19 92      JOBS_BBG000BJD1D4_2021-04-22
2021-06-24 22:54:19 93      JOUT_BBG000HCXFS4_2021-04-22
2021-06-24 22:54:19 93      JPM_BBG000DMBXR2_2021-04-22
2021-06-24 22:54:20 01      JWN_BBG000G8N9C6_2021-04-22
2021-06-24 22:54:20 03      K_BBG000BMKDM3_2021-04-22
2021-06-24 22:54:20 07      KALU_BBG000PKZDX4_2021-04-22
2021-06-24 22:54:20 07      KBH_BBG000BMLWX8_2021-04-22
2021-06-24 22:54:20 09      KDP_BBG000TJM7F0_2021-04-22
2021-06-24 22:54:20 11      KEP_BBG000BCWG90_2021-04-22
2021-06-24 22:54:20 12      KEX_BBG000BMQCP6_2021-04-22
2021-06-24 22:54:20 13      KEY_BBG000BMQPL1_2021-04-22
2021-06-24 22:54:20 15      KEYS_BBG0059FN811_2021-04-22
2021-06-24 22:54:20 16      KFY_BBG000C5QMB5_2021-04-22
2021-06-24 22:54:20 16      KHC_BBG005CPNTQ2_2021-04-22
2021-06-24 22:54:20 19      KIDS_BBG00HFFRW39_2021-04-22
2021-06-24 22:54:20 20      KIM_BBG000CN3S73_2021-04-22
2021-06-24 22:54:20 22      KIM: SPYKE!. Candle: ID:4464, Time: 20:05, Close: 20.49
2021-06-24 22:54:20 23      KLAC_BBG000BMTFR4_2021-04-22
2021-06-24 22:54:20 26      KMB_BBG000BMW2Z0_2021-04-22
2021-06-24 22:54:20 28      KMI_BBG0019JZ882_2021-04-22
2021-06-24 22:54:20 30      KMPR_BBG000H3GDJ8_2021-04-22
2021-06-24 22:54:20 31      KMT_BBG000BMWKC5_2021-04-22
2021-06-24 22:54:20 32      KMX_BBG000BLMZK6_2021-04-22
2021-06-24 22:54:20 33      KNSL_BBG00D8JD9Z9_2021-04-22
2021-06-24 22:54:20 34      KNX_BBG000BFC848_2021-04-22
2021-06-24 22:54:20 37      KO_BBG000BMX289_2021-04-22
2021-06-24 22:54:20 40      KOD_BBG00BVR0D02_2021-04-22
2021-06-24 22:54:20 41      KR_BBG000BMY992_2021-04-22
2021-06-24 22:54:20 43      KRG_BBG000BC2KW8_2021-04-22
2021-06-24 22:54:20 44      KRTX_BBG00NN875G0_2021-04-22
2021-06-24 22:54:20 45      KRYS_BBG00HDGRHH7_2021-04-22
2021-06-24 22:54:20 46      KSU_BBG000BMZ7P7_2021-04-22
2021-06-24 22:54:20 48      KTB_BBG00LPTHYD5_2021-04-22
2021-06-24 22:54:20 49      KWR_BBG000DZS2L9_2021-04-22
2021-06-24 22:54:20 49      L_BBG000C45984_2021-04-22
2021-06-24 22:54:20 50      LAD_BBG000K3BC83_2021-04-22
2021-06-24 22:54:20 51      LANC_BBG000BN1M88_2021-04-22
2021-06-24 22:54:20 51      LASR_BBG0020BCPX5_2021-04-22
2021-06-24 22:54:20 52      LB_BBG000BNGTQ7_2021-04-22
2021-06-24 22:54:20 54      LBRDK_BBG006GNSZW5_2021-04-22
2021-06-24 22:54:20 55      LCII_BBG000DNLMB0_2021-04-22
2021-06-24 22:54:20 56      LDOS_BBG000C23PB0_2021-04-22
2021-06-24 22:54:20 57      LEA_BBG000PTLGZ1_2021-04-22
2021-06-24 22:54:20 58      LECO_BBG000BB72K8_2021-04-22
2021-06-24 22:54:20 59      LEG_BBG000BN53G7_2021-04-22
2021-06-24 22:54:20 60      LEGH_BBG00MJDR6J9_2021-04-22
2021-06-24 22:54:20 61      LEN_BBG000BN5HF7_2021-04-22
2021-06-24 22:54:20 62      LEVI_BBG000BQDF10_2021-04-22
2021-06-24 22:54:20 63      LFC_BBG000BBK4B9_2021-04-22
2021-06-24 22:54:20 64      LFUS_BBG000BGFGT8_2021-04-22
2021-06-24 22:54:20 65      LGIH_BBG0056655S1_2021-04-22
2021-06-24 22:54:20 67      LGND_BBG000BKF014_2021-04-22
2021-06-24 22:54:20 68      LH_BBG000D9DMK0_2021-04-22
2021-06-24 22:54:20 69      LHCG_BBG000G7W420_2021-04-22
2021-06-24 22:54:20 70      LHX_BBG000BLGFJ9_2021-04-22
2021-06-24 22:54:20 71      LII_BBG000BB5B84_2021-04-22
2021-06-24 22:54:20 72      LIN_BBG00GVR8YQ9_2021-04-22
2021-06-24 22:54:20 74      LITE_BBG0073F9RT7_2021-04-22
2021-06-24 22:54:20 75      LKQ_BBG000PXDL44_2021-04-22
2021-06-24 22:54:20 77      LLY_BBG000BNBDC2_2021-04-22
2021-06-24 22:54:20 80      LMT_BBG000C1BW00_2021-04-22
2021-06-24 22:54:20 81      LNN_BBG000FJS1S8_2021-04-22
2021-06-24 22:54:20 82      LNT_BBG000DW4Q75_2021-04-22
2021-06-24 22:54:20 84      LNTH_BBG006Q52RD0_2021-04-22
2021-06-24 22:54:20 85      LOPE_BBG000FV28W9_2021-04-22
2021-06-24 22:54:20 86      LOW_BBG000BNDN65_2021-04-22
2021-06-24 22:54:20 89      LPL_BBG000FJ0RK9_2021-04-22
2021-06-24 22:54:20 90      LPLA_BBG000P2TYL8_2021-04-22
2021-06-24 22:54:20 91      LPSN_BBG000BSV0W5_2021-04-22
2021-06-24 22:54:20 92      LRCX_BBG000BNFLM9_2021-04-22
2021-06-24 22:54:20 96      LRN_BBG000QSXPZ9_2021-04-22
2021-06-24 22:54:20 97      LSCC_BBG000C2D1C1_2021-04-22
2021-06-24 22:54:20 99      LSTR_BBG000BB2KN0_2021-04-22
2021-06-24 22:54:21 00      LTHM_BBG00LV3NRG0_2021-04-22
2021-06-24 22:54:21 03      LULU_BBG000R8ZVD1_2021-04-22
2021-06-24 22:54:21 06      LUMN_BBG000BGLRN3_2021-04-22
2021-06-24 22:54:21 07      LUV_BBG000BNJHS8_2021-04-22
2021-06-24 22:54:21 12      LVS_BBG000JWD753_2021-04-22
2021-06-24 22:54:21 17      LW_BBG003CVMLQ2_2021-04-22
2021-06-24 22:54:21 17      LYB_BBG000WCFV84_2021-04-22
2021-06-24 22:54:21 20      LYFT_BBG004M9ZHX5_2021-04-22
2021-06-24 22:54:21 23      LYV_BBG000FQ7YR4_2021-04-22
2021-06-24 22:54:21 24      M_BBG000C46HM9_2021-04-22
2021-06-24 22:54:21 26      MA_BBG000F1ZSQ2_2021-04-22
2021-06-24 22:54:21 29      MAA_BBG000BLMY92_2021-04-22
2021-06-24 22:54:21 30      MAC_BBG000BL9C59_2021-04-22
2021-06-24 22:54:21 32      MAN_BBG000BNMHS4_2021-04-22
2021-06-24 22:54:21 34      MANH_BBG000BFV758_2021-04-22
2021-06-24 22:54:21 35      MANT_BBG000BGF8B5_2021-04-22
2021-06-24 22:54:21 36      MANU_BBG0035WV4N9_2021-04-22
2021-06-24 22:54:21 37      MAR_BBG000BGD7W6_2021-04-22
2021-06-24 22:54:21 40      MAS_BBG000BNNKG9_2021-04-22
2021-06-24 22:54:21 41      MASI_BBG000C3W281_2021-04-22
2021-06-24 22:54:21 42      MAT_BBG000BNNYW1_2021-04-22
2021-06-24 22:54:21 44      MAT: SPYKE!. Candle: ID:4257, Time: 20:05, Close: 21.7
2021-06-24 22:54:21 44      MAT: SPYKE!. Candle: ID:4258, Time: 20:05, Close: 22
2021-06-24 22:54:21 44      MAT: SPYKE!. Candle: ID:4259, Time: 20:05, Close: 22.3
2021-06-24 22:54:21 44      MAT: SPYKE!. Candle: ID:4260, Time: 20:05, Close: 21.32
2021-06-24 22:54:21 44      MATX_BBG000BBK401_2021-04-22
2021-06-24 22:54:21 45      MBT_BBG000CSZKR2_2021-04-22
2021-06-24 22:54:21 46      MBUU_BBG005PXTR70_2021-04-22
2021-06-24 22:54:21 48      MCD_BBG000BNSZP1_2021-04-22
2021-06-24 22:54:21 48      MCD: SPYKE!. Candle: ID:4, Time: 4:20, Close: 244
2021-06-24 22:54:21 49      MCHP_BBG000BHCP19_2021-04-22
2021-06-24 22:54:21 53      MCK_BBG000DYGNW7_2021-04-22
2021-06-24 22:54:21 54      MCO_BBG000F86GP6_2021-04-22
2021-06-24 22:54:21 55      MCRI_BBG000BJ0932_2021-04-22
2021-06-24 22:54:21 56      MD_BBG000H8LGK2_2021-04-22
2021-06-24 22:54:21 56      MDB_BBG0022FDRY8_2021-04-22
2021-06-24 22:54:21 58      MDGL_BBG000QS6NV8_2021-04-22
2021-06-24 22:54:21 58      MDLA_BBG001BPKGT0_2021-04-22
2021-06-24 22:54:21 60      MDLZ_BBG000D4LWF6_2021-04-22
2021-06-24 22:54:21 62      MDRX_BBG000BLDXH5_2021-04-22
2021-06-24 22:54:21 64      MDT_BBG000BNWG87_2021-04-22
2021-06-24 22:54:21 67      MED_BBG000BWBW76_2021-04-22
2021-06-24 22:54:21 67      MEDP_BBG0065B7K59_2021-04-22
2021-06-24 22:54:21 68      MEI_BBG000BNY197_2021-04-22
2021-06-24 22:54:21 69      MELI_BBG000GQPB11_2021-04-22
2021-06-24 22:54:21 70      MET_BBG000BB6KF5_2021-04-22
2021-06-24 22:54:21 72      MFGP_BBG00HFWVGN0_2021-04-22
2021-06-24 22:54:21 73      MGLN_BBG000BD6DD9_2021-04-22
2021-06-24 22:54:21 76      MGM_BBG000C2BXK4_2021-04-22
2021-06-24 22:54:21 79      MGY_BBG00GNC8DL2_2021-04-22
2021-06-24 22:54:21 80      MGY: SPYKE!. Candle: ID:116, Time: 9:20, Close: 10.94
2021-06-24 22:54:21 80      MHK_BBG000FLZN98_2021-04-22
2021-06-24 22:54:21 82      MHO_BBG000BL9MZ4_2021-04-22
2021-06-24 22:54:21 83      MIDD_BBG000DQN9R3_2021-04-22
2021-06-24 22:54:21 85      MINI_BBG000BGTX98_2021-04-22
2021-06-24 22:54:21 85      MKC_BBG000G6Y5W4_2021-04-22
2021-06-24 22:54:21 87      MKL_BBG000FC7366_2021-04-22
2021-06-24 22:54:21 88      MKSI_BBG000BVMG26_2021-04-22
2021-06-24 22:54:21 89      MKTX_BBG000BJBZ23_2021-04-22
2021-06-24 22:54:21 90      MLAB_BBG000BP3PW7_2021-04-22
2021-06-24 22:54:21 91      MLCO_BBG000BHP8J4_2021-04-22
2021-06-24 22:54:21 92      MLCO: SPYKE!. Candle: ID:3, Time: 4:10, Close: 18.3
2021-06-24 22:54:21 92      MLCO: BuyPending. Strategy: MorningOpenStrategy2. Price: 18.3. Lots: 13. ChangeOpenToCurrent: -4.79. ChangePrevCloseToCurrent: -4.79. Candle: ID:3, Time: 4:10, Close: 18.3.
2021-06-24 22:54:21 92      MLCO: OrderID: ee5550e3. PlacedOrder. Status: New. RejectReason: 
2021-06-24 22:54:21 92      MLCO: Cancel order. Did not bought at market open. Candle: ID:10, Time: 4:15, Close: 19.06
2021-06-24 22:54:21 92      OrderID: ee5550e3 successfully canceled
2021-06-24 22:54:21 93      MLHR_BBG000BP46T2_2021-04-22
2021-06-24 22:54:21 94      MLM_BBG000BGYMH7_2021-04-22
2021-06-24 22:54:21 96      MMC_BBG000BP4MH0_2021-04-22
2021-06-24 22:54:21 99      MMI_BBG005GBRSR6_2021-04-22
2021-06-24 22:54:22 00      MMM_BBG000BP52R2_2021-04-22
2021-06-24 22:54:22 02      MMS_BBG000BC5WJ4_2021-04-22
2021-06-24 22:54:22 03      MMSI_BBG000C42VX0_2021-04-22
2021-06-24 22:54:22 04      MNRO_BBG000C0BZD1_2021-04-22
2021-06-24 22:54:22 05      MNST_BBG008NVB1C0_2021-04-22
2021-06-24 22:54:22 06      MO_BBG000BP6LJ8_2021-04-22
2021-06-24 22:54:22 12      MOH_BBG000MBHNC8_2021-04-22
2021-06-24 22:54:22 13      MOMO_BBG007HTCQT0_2021-04-22
2021-06-24 22:54:22 18      MORN_BBG000CGQ4F7_2021-04-22
2021-06-24 22:54:22 18      MOS_BBG000BFXHL6_2021-04-22
2021-06-24 22:54:22 21      MOV_BBG000BL30Y9_2021-04-22
2021-06-24 22:54:22 21      MPC_BBG001DCCGR8_2021-04-22
2021-06-24 22:54:22 24      MPWR_BBG000C30L48_2021-04-22
2021-06-24 22:54:22 26      MRC_BBG000BKLTM1_2021-04-22
2021-06-24 22:54:22 27      MRK_BBG000BPD168_2021-04-22
2021-06-24 22:54:22 31      MRNA_BBG003PHHZT1_2021-04-22
2021-06-24 22:54:22 43      MRO_BBG000C8H633_2021-04-22
2021-06-24 22:54:22 44      MRTX_BBG004TPGBP5_2021-04-22
2021-06-24 22:54:22 46      MS_BBG000BLZRJ2_2021-04-22
2021-06-24 22:54:22 51      MSA_BBG000BPDXF8_2021-04-22
2021-06-24 22:54:22 51      MSCI_BBG000RTDY25_2021-04-22
2021-06-24 22:54:22 53      MSFT_BBG000BPH459_2021-04-22
2021-06-24 22:54:22 74      MSGE_BBG00L9HLWV8_2021-04-22
2021-06-24 22:54:22 75      MSGN_BBG000NS03H7_2021-04-22
2021-06-24 22:54:22 77      MSGS_BBG007FG0C23_2021-04-22
2021-06-24 22:54:22 77      MSI_BBG000BP8Z50_2021-04-22
2021-06-24 22:54:22 78      MSM_BBG000BCLYL9_2021-04-22
2021-06-24 22:54:22 79      MSTR_BBG000GQJPZ0_2021-04-22
2021-06-24 22:54:22 81      MSTR: BuyPending. Strategy: MorningOpenStrategy. Price: 634. Lots: 1. ChangeOpenToCurrent: -2.54. ChangePrevCloseToCurrent: -0.40. Candle: ID:4, Time: 7:00, Close: 634.
2021-06-24 22:54:22 81      MSTR: OrderID: 194b60d0. PlacedOrder. Status: New. RejectReason: 
2021-06-24 22:54:22 81      MSTR: OrderID: 194b60d0 fully executed
2021-06-24 22:54:22 81      MSTR: Morning closing. Close price: 644. Lots: 1. CandleChange: -0.08%. ChangeFromCandleHigh: -0.16%. Profit: 10.00(1.58%). Candle: ID:129, Time: 7:10, Close: 644
2021-06-24 22:54:22 81      MSTR: OrderID: 7370c2c3. PlacedOrder. Status: New. RejectReason: 
2021-06-24 22:54:22 81      MSTR: OrderID: 7370c2c3 fully executed
2021-06-24 22:54:22 84      MTB_BBG000D9KWL9_2021-04-22
2021-06-24 22:54:22 85      MTCH_BBG00B6WH9G3_2021-04-22
2021-06-24 22:54:22 88      MTD_BBG000BZCKH3_2021-04-22
2021-06-24 22:54:22 89      MTG_BBG000CBMH27_2021-04-22
2021-06-24 22:54:22 90      MTH_BBG000F4F1N0_2021-04-22
2021-06-24 22:54:22 91      MTN_BBG000BCMWM1_2021-04-22
2021-06-24 22:54:22 92      MTOR_BBG000BH92D1_2021-04-22
2021-06-24 22:54:22 92      MTRN_BBG000BDTT76_2021-04-22
2021-06-24 22:54:22 93      MU_BBG000C5Z1S3_2021-04-22
2021-06-24 22:54:23 07      MUR_BBG000BPMH90_2021-04-22
2021-06-24 22:54:23 09      MUSA_BBG001Z0Q6T5_2021-04-22
2021-06-24 22:54:23 10      MXIM_BBG000BPNP00_2021-04-22
2021-06-24 22:54:23 14      MXL_BBG000BB6R33_2021-04-22
2021-06-24 22:54:23 15      MYGN_BBG000D9H9F1_2021-04-22
2021-06-24 22:54:23 16      MYRG_BBG000BC7VW9_2021-04-22
2021-06-24 22:54:23 17      NARI_BBG009J8K7M0_2021-04-22
2021-06-24 22:54:23 18      NATI_BBG000DZK6N6_2021-04-22
2021-06-24 22:54:23 19      NAVI_BBG004MN1R41_2021-04-22
2021-06-24 22:54:23 20      NBIX_BBG000GJS7C1_2021-04-22
2021-06-24 22:54:23 22      NCBS_BBG000QK0TG5_2021-04-22
2021-06-24 22:54:23 23      NCR_BBG000BMXK89_2021-04-22
2021-06-24 22:54:23 24      NDAQ_BBG000F5VVB6_2021-04-22
2021-06-24 22:54:23 26      NDSN_BBG000BPWGR1_2021-04-22
2021-06-24 22:54:23 27      NEE_BBG000BJSBJ0_2021-04-22
2021-06-24 22:54:23 30      NEM_BBG000BPWXK1_2021-04-22
2021-06-24 22:54:23 32      NEO_BBG000BKH263_2021-04-22
2021-06-24 22:54:23 34      NEOG_BBG000C1BCK2_2021-04-22
2021-06-24 22:54:23 34      NET_BBG001WMKHH5_2021-04-22
2021-06-24 22:54:23 36      NEU_BBG000BJ5SS8_2021-04-22
2021-06-24 22:54:23 37      NEWR_BBG001NFKJ68_2021-04-22
2021-06-24 22:54:23 38      NFLX_BBG000CL9VN6_2021-04-22
2021-06-24 22:54:23 47      NGVT_BBG009LM28K6_2021-04-22
2021-06-24 22:54:23 49      NJR_BBG000BPZVW9_2021-04-22
2021-06-24 22:54:23 50      NKE_BBG000C5HS04_2021-04-22
2021-06-24 22:54:23 53      NKTR_BBG000BHCYJ1_2021-04-22
2021-06-24 22:54:23 55      NLOK_BBG000BH2JM1_2021-04-22
2021-06-24 22:54:23 57      NLSN_BBG0088CYPX8_2021-04-22
2021-06-24 22:54:23 58      NMIH_BBG005DLMMZ6_2021-04-22
2021-06-24 22:54:23 59      NOC_BBG000BQ2C28_2021-04-22
2021-06-24 22:54:23 61      NOK_BBG000BNGBW9_2021-04-22
2021-06-24 22:54:23 63      NOV_BBG000BJX8C8_2021-04-22
2021-06-24 22:54:23 65      NOW_BBG000M1R011_2021-04-22
2021-06-24 22:54:23 66      NP_BBG000QCQ764_2021-04-22
2021-06-24 22:54:23 67      NPK_BBG000BQ4GG2_2021-04-22
2021-06-24 22:54:23 67      NRG_BBG000D8RG11_2021-04-22
2021-06-24 22:54:23 69      NSC_BBG000BQ5DS5_2021-04-22
2021-06-24 22:54:23 70      NSP_BBG000BJ41X2_2021-04-22
2021-06-24 22:54:23 71      NTAP_BBG000FP1N32_2021-04-22
2021-06-24 22:54:23 73      NTCO_BBG00R4ZKPN5_2021-04-22
2021-06-24 22:54:23 75      NTCT_BBG000C136Z8_2021-04-22
2021-06-24 22:54:23 76      NTES_BBG000BX72V8_2021-04-22
2021-06-24 22:54:23 78      NTGR_BBG000C4GBR6_2021-04-22
2021-06-24 22:54:23 81      NTLA_BBG007KC7PB0_2021-04-22
2021-06-24 22:54:23 82      NTNX_BBG001NDW1Z7_2021-04-22
2021-06-24 22:54:23 84      NTRA_BBG001J1BQ86_2021-04-22
2021-06-24 22:54:23 86      NTRS_BBG000BQ74K1_2021-04-22
2021-06-24 22:54:23 88      NTUS_BBG000DPZHS3_2021-04-22
2021-06-24 22:54:23 89      NUE_BBG000BQ8KV2_2021-04-22
2021-06-24 22:54:23 91      NUS_BBG000HG21Y3_2021-04-22
2021-06-24 22:54:23 92      NUVA_BBG000LNL298_2021-04-22
2021-06-24 22:54:23 93      NVDA_BBG000BBJQV0_2021-04-22
2021-06-24 22:54:24 05      NVEE_BBG005BT60Y8_2021-04-22
2021-06-24 22:54:24 05      NVR_BBG000BQBYR3_2021-04-22
2021-06-24 22:54:24 06      NVR: SPYKE!. Candle: ID:8, Time: 13:35, Close: 4992
2021-06-24 22:54:24 06      NVR: SPYKE!. Candle: ID:9, Time: 13:35, Close: 5077.31
2021-06-24 22:54:24 06      NVRO_BBG001K61W36_2021-04-22
2021-06-24 22:54:24 08      NVTA_BBG005DJFD43_2021-04-22
2021-06-24 22:54:24 10      NWE_BBG000Q1NMJ4_2021-04-22
2021-06-24 22:54:24 11      NWL_BBG000BQC9V2_2021-04-22
2021-06-24 22:54:24 14      NWLI_BBG008HNHZ07_2021-04-22
2021-06-24 22:54:24 14      NWS_BBG0035M2ZB7_2021-04-22
2021-06-24 22:54:24 15      NWSA_BBG0035LY913_2021-04-22
2021-06-24 22:54:24 18      NXPI_BBG000BND699_2021-04-22
2021-06-24 22:54:24 22      NXST_BBG000DZJVH0_2021-04-22
2021-06-24 22:54:24 23      NYT_BBG000FFC0B3_2021-04-22
2021-06-24 22:54:24 25      O_BBG000DHPN63_2021-04-22
2021-06-24 22:54:24 27      OC_BBG000M44VW8_2021-04-22
2021-06-24 22:54:24 28      ODFL_BBG000CHSS88_2021-04-22
2021-06-24 22:54:24 30      OFIX_BBG000G1C210_2021-04-22
2021-06-24 22:54:24 31      OFIX: SPYKE!. Candle: ID:8, Time: 12:05, Close: 48.81
2021-06-24 22:54:24 31      OHI_BBG000BGBTC2_2021-04-22
2021-06-24 22:54:24 32      OI_BBG00R2JZG39_2021-04-22
2021-06-24 22:54:24 33      OII_BBG000CPBCL8_2021-04-22
2021-06-24 22:54:24 34      OIS_BBG000BDDN94_2021-04-22
2021-06-24 22:54:24 35      OKE_BBG000BQHGR6_2021-04-22
2021-06-24 22:54:24 36      OKTA_BBG001YV1SM4_2021-04-22
2021-06-24 22:54:24 39      OLED_BBG000BLRP41_2021-04-22
2021-06-24 22:54:24 40      OLLI_BBG0098VVDT9_2021-04-22
2021-06-24 22:54:24 41      OMC_BBG000BS9489_2021-04-22
2021-06-24 22:54:24 42      OMCL_BBG000BTNGZ4_2021-04-22
2021-06-24 22:54:24 43      ON_BBG000DV7MX4_2021-04-22
2021-06-24 22:54:24 46      ONTO_BBG000BPRN29_2021-04-22
2021-06-24 22:54:24 47      ORCL_BBG000BQLTW7_2021-04-22
2021-06-24 22:54:24 51      ORLY_BBG000BGYWY6_2021-04-22
2021-06-24 22:54:24 53      OSIS_BBG000BWPR54_2021-04-22
2021-06-24 22:54:24 53      OSK_BBG000CC53X1_2021-04-22
2021-06-24 22:54:24 54      OSUR_BBG000J3D1Y8_2021-04-22
2021-06-24 22:54:24 56      OTIS_BBG00RP60KV0_2021-04-22
2021-06-24 22:54:24 58      OVV_BBG00R2NHQ65_2021-04-22
2021-06-24 22:54:24 59      OXY_BBG000BQQ2S6_2021-04-22
2021-06-24 22:54:24 79      PAGS_BBG00JM7QBR6_2021-04-22
2021-06-24 22:54:24 80      PANW_BBG0014GJCT9_2021-04-22
2021-06-24 22:54:24 82      PATK_BBG000BQSBB2_2021-04-22
2021-06-24 22:54:24 82      PAYC_BBG0064N0ZZ5_2021-04-22
2021-06-24 22:54:24 83      PB_BBG000BHY4D9_2021-04-22
2021-06-24 22:54:24 84      PBCT_BBG000BQT4L6_2021-04-22
2021-06-24 22:54:24 85      PBF_BBG002832GV8_2021-04-22
2021-06-24 22:54:24 87      PBH_BBG000QM0RZ4_2021-04-22
2021-06-24 22:54:24 87      PBI_BBG000BQTMJ9_2021-04-22
2021-06-24 22:54:24 89      PCAR_BBG000BQVTF5_2021-04-22
2021-06-24 22:54:24 91      PCG_BBG000BQWPC5_2021-04-22
2021-06-24 22:54:24 93      PCRX_BBG0018FQNS6_2021-04-22
2021-06-24 22:54:24 94      PCTY_BBG006598YS8_2021-04-22
2021-06-24 22:54:24 94      PD_BBG0043BYPB8_2021-04-22
2021-06-24 22:54:24 96      PDCO_BBG000BQY289_2021-04-22
2021-06-24 22:54:24 96      PEAK_BBG000BKYDP9_2021-04-22
2021-06-24 22:54:24 98      PEG_BBG000BQZMH4_2021-04-22
2021-06-24 22:54:24 99      PEGA_BBG000H1RYG7_2021-04-22
2021-06-24 22:54:24 99      PEN_BBG001BP92V1_2021-04-22
2021-06-24 22:54:25 00      PEP_BBG000DH7JK6_2021-04-22
2021-06-24 22:54:25 05      PETQ_BBG00H1CY328_2021-04-22
2021-06-24 22:54:25 05      PFE_BBG000BR2B91_2021-04-22
2021-06-24 22:54:25 10      PFG_BBG000NSCNT7_2021-04-22
2021-06-24 22:54:25 14      PFGC_BBG009XW2WB8_2021-04-22
2021-06-24 22:54:25 17      PFPT_BBG000RQ2GY7_2021-04-22
2021-06-24 22:54:25 19      PG_BBG000BR2TH3_2021-04-22
2021-06-24 22:54:25 23      PGNY_BBG002H1K1H1_2021-04-22
2021-06-24 22:54:25 24      PGR_BBG000BR37X2_2021-04-22
2021-06-24 22:54:25 26      PGTI_BBG000FX3Y66_2021-04-22
2021-06-24 22:54:25 26      PH_BBG000BR3KL6_2021-04-22
2021-06-24 22:54:25 27      PHM_BBG000BR54L0_2021-04-22
2021-06-24 22:54:25 29      PII_BBG000D5S4M0_2021-04-22
2021-06-24 22:54:25 30      PINC_BBG000G7QX50_2021-04-22
2021-06-24 22:54:25 31      PINS_BBG002583CV8_2021-04-22
2021-06-24 22:54:25 35      PIPR_BBG000FQXC75_2021-04-22
2021-06-24 22:54:25 35      PKG_BBG000BB8SW7_2021-04-22
2021-06-24 22:54:25 37      PKI_BBG000FXW512_2021-04-22
2021-06-24 22:54:25 38      PLAN_BBG002DZS299_2021-04-22
2021-06-24 22:54:25 39      PLAY_BBG001WWJTK5_2021-04-22
2021-06-24 22:54:25 41      PLCE_BBG000JK9DK4_2021-04-22
2021-06-24 22:54:25 42      PLD_BBG000B9Z0J8_2021-04-22
2021-06-24 22:54:25 44      PLNT_BBG009H04M17_2021-04-22
2021-06-24 22:54:25 45      PLTR_BBG000N7QR55_2021-04-22
2021-06-24 22:54:25 51      PLUS_BBG000HN7W02_2021-04-22
2021-06-24 22:54:25 52      PLXS_BBG000BRBX66_2021-04-22
2021-06-24 22:54:25 52      PM_BBG000J2XL74_2021-04-22
2021-06-24 22:54:25 55      PNC_BBG000BRD0D8_2021-04-22
2021-06-24 22:54:25 57      PNFP_BBG000C1XKF6_2021-04-22
2021-06-24 22:54:25 58      PNTG_BBG00P33SY72_2021-04-22
2021-06-24 22:54:25 59      PODD_BBG000R7XX87_2021-04-22
2021-06-24 22:54:25 60      POOL_BBG000BCVG28_2021-04-22
2021-06-24 22:54:25 62      POR_BBG000BCRMW7_2021-04-22
2021-06-24 22:54:25 62      POST_BBG001WTBC36_2021-04-22
2021-06-24 22:54:25 63      POWI_BBG000BTT3D1_2021-04-22
2021-06-24 22:54:25 64      PPC_BBG000BFLXV3_2021-04-22
2021-06-24 22:54:25 65      PPG_BBG000BRJ809_2021-04-22
2021-06-24 22:54:25 66      PPL_BBG000BRJL00_2021-04-22
2021-06-24 22:54:25 67      PRAA_BBG000BNTW77_2021-04-22
2021-06-24 22:54:25 68      PRAH_BBG007387YL8_2021-04-22
2021-06-24 22:54:25 69      PRFT_BBG000BVXFK6_2021-04-22
2021-06-24 22:54:25 69      PRG_BBG00VSH86G4_2021-04-22
2021-06-24 22:54:25 70      PRGS_BBG000C4QP94_2021-04-22
2021-06-24 22:54:25 71      PRI_BBG000T8ZF80_2021-04-22
2021-06-24 22:54:25 72      PRLB_BBG000BT13B3_2021-04-22
2021-06-24 22:54:25 73      PRSP_BBG00KMXKWF9_2021-04-22
2021-06-24 22:54:25 74      PRU_BBG000HCJMF9_2021-04-22
2021-06-24 22:54:25 76      PSA_BBG000BPPN67_2021-04-22
2021-06-24 22:54:25 77      PSN_BBG000C3TKY6_2021-04-22
2021-06-24 22:54:25 77      PSTG_BBG00212PVZ5_2021-04-22
2021-06-24 22:54:25 79      PSX_BBG00286S4N9_2021-04-22
2021-06-24 22:54:25 80      PTC_BBG000C2VBB0_2021-04-22
2021-06-24 22:54:25 82      PTCT_BBG000QT15P7_2021-04-22
2021-06-24 22:54:25 83      PTON_BBG00JG0FFZ2_2021-04-22
2021-06-24 22:54:25 88      PTR_BBG000BR85F1_2021-04-22
2021-06-24 22:54:25 90      PUMP_BBG00FYCQ352_2021-04-22
2021-06-24 22:54:25 90      PUMP: SPYKE!. Candle: ID:47, Time: 11:00, Close: 9.83
2021-06-24 22:54:25 90      PUMP: SPYKE!. Candle: ID:48, Time: 11:00, Close: 9.83
2021-06-24 22:54:25 90      PVH_BBG000BRRG02_2021-04-22
2021-06-24 22:54:25 92      PWR_BBG000BBL8V7_2021-04-22
2021-06-24 22:54:25 93      PXD_BBG000BXRPH1_2021-04-22
2021-06-24 22:54:25 94      PYPL_BBG0077VNXV6_2021-04-22
2021-06-24 22:54:26 02      PZZA_BBG000BFWF13_2021-04-22
2021-06-24 22:54:26 04      QADA_BBG001BP77C3_2021-04-22
2021-06-24 22:54:26 04      QCOM_BBG000CGC1X8_2021-04-22
2021-06-24 22:54:26 11      QDEL_BBG000C6GN04_2021-04-22
2021-06-24 22:54:26 12      QDEL: SPYKE!. Candle: ID:3579, Time: 20:35, Close: 107.5
2021-06-24 22:54:26 12      QDEL: SPYKE!. Candle: ID:3580, Time: 20:35, Close: 106.11
2021-06-24 22:54:26 12      QDEL: SPYKE!. Candle: ID:3582, Time: 20:35, Close: 113
2021-06-24 22:54:26 12      QDEL: SPYKE!. Candle: ID:3583, Time: 20:35, Close: 105
2021-06-24 22:54:26 12      QDEL: SPYKE!. Candle: ID:3586, Time: 20:35, Close: 110.98
2021-06-24 22:54:26 12      QDEL: SPYKE!. Candle: ID:4219, Time: 20:45, Close: 105
2021-06-24 22:54:26 13      QLYS_BBG000HT5G06_2021-04-22
2021-06-24 22:54:26 14      QNST_BBG000S9XXB8_2021-04-22
2021-06-24 22:54:26 15      QRTEA_BBG000PCQQL6_2021-04-22
2021-06-24 22:54:26 16      QRVO_BBG007TJF1N7_2021-04-22
2021-06-24 22:54:26 19      QTS_BBG0054B20Z8_2021-04-22
2021-06-24 22:54:26 19      QTWO_BBG005ZVK9P2_2021-04-22
2021-06-24 22:54:26 20      QUOT_BBG001QYNR63_2021-04-22
2021-06-24 22:54:26 21      R_BBG000BRVP70_2021-04-22
2021-06-24 22:54:26 22      RACE_BBG009PH3Q86_2021-04-22
2021-06-24 22:54:26 22      RAMP_BBG000BB4HM6_2021-04-22
2021-06-24 22:54:26 23      RARE_BBG001RWPDW6_2021-04-22
2021-06-24 22:54:26 25      RAVN_BBG000CXQTZ3_2021-04-22
2021-06-24 22:54:26 25      RBC_BBG000BRXTR8_2021-04-22
2021-06-24 22:54:26 26      RCL_BBG000BB5792_2021-04-22
2021-06-24 22:54:26 28      RDFN_BBG001Q7HP63_2021-04-22
2021-06-24 22:54:26 30      RDS.A_BBG000QXSSS6_2021-04-22
2021-06-24 22:54:26 32      RDY_BBG000NJ96L6_2021-04-22
2021-06-24 22:54:26 33      RE_BBG000C1XVK6_2021-04-22
2021-06-24 22:54:26 34      REG_BBG000BL46Q4_2021-04-22
2021-06-24 22:54:26 36      REGI_BBG0016SSV00_2021-04-22
2021-06-24 22:54:26 39      REGN_BBG000C734W3_2021-04-22
2021-06-24 22:54:26 41      RETA_BBG000R33BD1_2021-04-22
2021-06-24 22:54:26 42      REX_BBG000D2ZK61_2021-04-22
2021-06-24 22:54:26 42      REZI_BBG00HY28K89_2021-04-22
2021-06-24 22:54:26 43      RF_BBG000Q3JN03_2021-04-22
2021-06-24 22:54:26 45      RGA_BBG000BDLCQ0_2021-04-22
2021-06-24 22:54:26 46      RGEN_BBG000BS48J3_2021-04-22
2021-06-24 22:54:26 47      RGLD_BBG000BS5170_2021-04-22
2021-06-24 22:54:26 48      RGNX_BBG007Z9V591_2021-04-22
2021-06-24 22:54:26 48      RGR_BBG000C4FQG6_2021-04-22
2021-06-24 22:54:26 49      RH_BBG002293PJ4_2021-04-22
2021-06-24 22:54:26 50      RHI_BBG000BS5DR2_2021-04-22
2021-06-24 22:54:26 51      RIG_BBG000BH5LT6_2021-04-22
2021-06-24 22:54:26 53      RJF_BBG000BS73J1_2021-04-22
2021-06-24 22:54:26 54      RL_BBG000BS0ZF1_2021-04-22
2021-06-24 22:54:26 55      RMD_BBG000L4M7F1_2021-04-22
2021-06-24 22:54:26 56      RNG_BBG000J094P3_2021-04-22
2021-06-24 22:54:26 57      ROCK_BBG000BKQDQ7_2021-04-22
2021-06-24 22:54:26 58      ROG_BBG000BS9HN3_2021-04-22
2021-06-24 22:54:26 58      ROK_BBG000BBCDZ2_2021-04-22
2021-06-24 22:54:26 59      ROKU_BBG001ZZPQJ6_2021-04-22
2021-06-24 22:54:26 62      ROL_BBG000BSBBP1_2021-04-22
2021-06-24 22:54:26 63      ROLL_BBG000GMGNB3_2021-04-22
2021-06-24 22:54:26 64      ROP_BBG000F1ZSN5_2021-04-22
2021-06-24 22:54:26 65      ROST_BBG000BSBZH7_2021-04-22
2021-06-24 22:54:26 67      RPD_BBG009DFHWG6_2021-04-22
2021-06-24 22:54:26 68      RPM_BBG000DCNK80_2021-04-22
2021-06-24 22:54:26 69      RRBI_BBG000QKNLB2_2021-04-22
2021-06-24 22:54:26 70      RRC_BBG000FVXD63_2021-04-22
2021-06-24 22:54:26 71      RRGB_BBG000MXH9C1_2021-04-22
2021-06-24 22:54:26 71      RS_BBG000CJ2181_2021-04-22
2021-06-24 22:54:26 72      RSG_BBG000BPXVJ6_2021-04-22
2021-06-24 22:54:26 73      RTX_BBG000BW8S60_2021-04-22
2021-06-24 22:54:26 76      RVLV_BBG00M4RHBD0_2021-04-22
2021-06-24 22:54:26 77      RXN_BBG000H8R0N8_2021-04-22
2021-06-24 22:54:26 78      RYN_BBG000BG7L34_2021-04-22
2021-06-24 22:54:26 78      RYTM_BBG007DLZ601_2021-04-22
2021-06-24 22:54:26 79      SAFM_BBG000BSHJ96_2021-04-22
2021-06-24 22:54:26 80      SAGE_BBG0025X16Y5_2021-04-22
2021-06-24 22:54:26 81      SAIA_BBG000P5LMQ0_2021-04-22
2021-06-24 22:54:26 82      SAIC_BBG003BW05K6_2021-04-22
2021-06-24 22:54:26 82      SAIL_BBG00J0BBZL0_2021-04-22
2021-06-24 22:54:26 83      SAM_BBG000BCZBF1_2021-04-22
2021-06-24 22:54:26 84      SAVE_BBG000BF6RQ9_2021-04-22
2021-06-24 22:54:26 87      SBAC_BBG000D2M0Z7_2021-04-22
2021-06-24 22:54:26 88      SBCF_BBG000KK3464_2021-04-22
2021-06-24 22:54:26 88      SBGI_BBG000F2XXP2_2021-04-22
2021-06-24 22:54:26 90      SBH_BBG000LR8515_2021-04-22
2021-06-24 22:54:26 90      SBRA_BBG000MTDW24_2021-04-22
2021-06-24 22:54:26 91      SBUX_BBG000CTQBF3_2021-04-22
2021-06-24 22:54:26 96      SCCO_BBG000BSHH72_2021-04-22
2021-06-24 22:54:26 97      SCHW_BBG000BSLZY7_2021-04-22
2021-06-24 22:54:27 01      SCI_BBG000BTHH16_2021-04-22
2021-06-24 22:54:27 01      SCSC_BBG000BHTPZ4_2021-04-22
2021-06-24 22:54:27 02      SDGR_BBG000T88BN2_2021-04-22
2021-06-24 22:54:27 03      SEDG_BBG0084BBZY6_2021-04-22
2021-06-24 22:54:27 06      SEE_BBG000C22QV7_2021-04-22
2021-06-24 22:54:27 08      SEIC_BBG000BSQLT9_2021-04-22
2021-06-24 22:54:27 09      SERV_TCS002WMH2F2_2021-04-22
2021-06-24 22:54:27 10      SF_BBG000BSS5C0_2021-04-22
2021-06-24 22:54:27 11      SFIX_BBG0046L1KL9_2021-04-22
2021-06-24 22:54:27 12      SFM_BBG001KFKQM7_2021-04-22
2021-06-24 22:54:27 13      SGEN_BBG000BH0FR6_2021-04-22
2021-06-24 22:54:27 15      SHAK_BBG0063GCHH8_2021-04-22
2021-06-24 22:54:27 15      SHEN_BBG000BTC2N0_2021-04-22
2021-06-24 22:54:27 16      SHI_BBG000BHR1H9_2021-04-22
2021-06-24 22:54:27 16      SHW_BBG000BSXQV7_2021-04-22
2021-06-24 22:54:27 18      SIG_BBG000C4ZZ10_2021-04-22
2021-06-24 22:54:27 18      SIGI_BBG000BSZ738_2021-04-22
2021-06-24 22:54:27 19      SITE_BBG009T22D49_2021-04-22
2021-06-24 22:54:27 20      SIVB_BBG000BT0CM2_2021-04-22
2021-06-24 22:54:27 21      SJI_BBG000BT0T72_2021-04-22
2021-06-24 22:54:27 22      SJM_BBG000BT1715_2021-04-22
2021-06-24 22:54:27 23      SKM_BBG000BLN497_2021-04-22
2021-06-24 22:54:27 23      SKX_BBG000C4HKK2_2021-04-22
2021-06-24 22:54:27 24      SKX: SPYKE!. Candle: ID:2809, Time: 20:05, Close: 46.45
2021-06-24 22:54:27 24      SKX: SPYKE!. Candle: ID:2816, Time: 20:05, Close: 48.88
2021-06-24 22:54:27 25      SLAB_BBG000BB99S3_2021-04-22
2021-06-24 22:54:27 25      SLAB: SPYKE!. Candle: ID:1835, Time: 20:35, Close: 163.98
2021-06-24 22:54:27 25      SLAB: SPYKE!. Candle: ID:1840, Time: 20:35, Close: 170
2021-06-24 22:54:27 25      SLAB: SPYKE!. Candle: ID:1857, Time: 20:45, Close: 154.95
2021-06-24 22:54:27 25      SLAB: SPYKE!. Candle: ID:1862, Time: 20:50, Close: 160
2021-06-24 22:54:27 25      SLB_BBG000BT41Q8_2021-04-22
2021-06-24 22:54:27 28      SLG_BBG000BVP5P2_2021-04-22
2021-06-24 22:54:27 29      SMAR_BBG00GQK3WB5_2021-04-22
2021-06-24 22:54:27 31      SMG_BBG000BT5PG5_2021-04-22
2021-06-24 22:54:27 32      SMPL_BBG00GVP5JL4_2021-04-22
2021-06-24 22:54:27 32      SMTC_BBG000DBKR53_2021-04-22
2021-06-24 22:54:27 33      SNA_BBG000BT7JW9_2021-04-22
2021-06-24 22:54:27 34      SNAP_BBG00441QMJ7_2021-04-22
2021-06-24 22:54:27 41      SNBR_BBG000DM2BF3_2021-04-22
2021-06-24 22:54:27 43      SNPS_BBG000BSFRF3_2021-04-22
2021-06-24 22:54:27 45      SNX_BBG000CL9JV4_2021-04-22
2021-06-24 22:54:27 46      SNY_BBG000BBD5N1_2021-04-22
2021-06-24 22:54:27 47      SO_BBG000BT9DW0_2021-04-22
2021-06-24 22:54:27 50      SOHU_BBG00L2DB535_2021-04-22
2021-06-24 22:54:27 51      SON_BBG000D7HF89_2021-04-22
2021-06-24 22:54:27 52      SONO_BBG001JZPSQ2_2021-04-22
2021-06-24 22:54:27 54      SP_BBG000BJ91B1_2021-04-22
2021-06-24 22:54:27 54      SPB@US_BBG000DS5588_2021-04-22
2021-06-24 22:54:27 55      SPCE_BBG00HTN2CQ3_2021-04-22
2021-06-24 22:54:27 68      SPG_BBG000BJ2D31_2021-04-22
2021-06-24 22:54:27 70      SPGI_BBG000BP1Q11_2021-04-22
2021-06-24 22:54:27 71      SPLK_BBG001C7TST4_2021-04-22
2021-06-24 22:54:27 74      SPOT_BBG003T4VFC2_2021-04-22
2021-06-24 22:54:27 75      SPR_BBG000PRJ2Z9_2021-04-22
2021-06-24 22:54:27 77      SPSC_BBG000PZGB75_2021-04-22
2021-06-24 22:54:27 78      SQ_BBG0018SLC07_2021-04-22
2021-06-24 22:54:27 84      SRC_BBG0027Z6X10_2021-04-22
2021-06-24 22:54:27 88      SRCL_BBG000H3FZM6_2021-04-22
2021-06-24 22:54:27 88      SRDX_BBG000BZ2QG2_2021-04-22
2021-06-24 22:54:27 89      SRE_BBG000C2ZCH8_2021-04-22
2021-06-24 22:54:27 90      SRI_BBG000BB9Q78_2021-04-22
2021-06-24 22:54:27 91      SRPT_BBG000BCJ161_2021-04-22
2021-06-24 22:54:27 92      SSD_BBG000JLC8L8_2021-04-22
2021-06-24 22:54:27 92      SSNC_BBG000RJ2J04_2021-04-22
2021-06-24 22:54:27 93      SSTK_BBG002ZCK2V9_2021-04-22
2021-06-24 22:54:27 94      STAA_BBG000C4QB95_2021-04-22
2021-06-24 22:54:27 95      STAG_BBG000BGLFP7_2021-04-22
2021-06-24 22:54:27 97      STLD_BBG000HGYNZ9_2021-04-22
2021-06-24 22:54:27 98      STMP_BBG000CZ4KF3_2021-04-22
2021-06-24 22:54:27 99      STRA_BBG000GRZDV1_2021-04-22
2021-06-24 22:54:28 00      STT_BBG000BKFBD7_2021-04-22
2021-06-24 22:54:28 01      STX_BBG000F0KF42_2021-04-22
2021-06-24 22:54:28 01      Warning: figi `BBG000F0KF42` for history data does not match actual figi `BBG0113JGQF0`. Ticker: STX. Will be used actual!
2021-06-24 22:54:28 04      STZ_BBG000J1QLT0_2021-04-22
2021-06-24 22:54:28 05      SUPN_BBG000BP0HX7_2021-04-22
2021-06-24 22:54:28 05      SWAV_BBG005XVXML5_2021-04-22
2021-06-24 22:54:28 07      SWBI_BBG000BM0QL7_2021-04-22
2021-06-24 22:54:28 08      SWCH_BBG00HPDM5Z2_2021-04-22
2021-06-24 22:54:28 09      SWI_BBG00M1CKSK7_2021-04-22
2021-06-24 22:54:28 10      SWK_BBG000BTQR96_2021-04-22
2021-06-24 22:54:28 11      SWKS_BBG000KLB4Q1_2021-04-22
2021-06-24 22:54:28 13      SWN_BBG000BTR593_2021-04-22
2021-06-24 22:54:28 15      SWX_BBG00FWP4JW4_2021-04-22
2021-06-24 22:54:28 15      SXI_BBG000BTT5B8_2021-04-22
2021-06-24 22:54:28 16      SXT_BBG000J79P80_2021-04-22
2021-06-24 22:54:28 16      SYF_BBG00658F3P3_2021-04-22
2021-06-24 22:54:28 18      SYK_BBG000DN7P92_2021-04-22
2021-06-24 22:54:28 19      SYKE_BBG000BBHPV4_2021-04-22
2021-06-24 22:54:28 20      SYNA_BBG000BQV1S2_2021-04-22
2021-06-24 22:54:28 21      SYNH_BBG0078Y1D92_2021-04-22
2021-06-24 22:54:28 22      SYY_BBG000BTVJ25_2021-04-22
2021-06-24 22:54:28 23      T_BBG000BSJK37_2021-04-22
2021-06-24 22:54:28 29      TAK_BBG000LF8708_2021-04-22
2021-06-24 22:54:28 30      TAL_BBG0016XJ8S0_2021-04-22
2021-06-24 22:54:28 32      TAP_BBG000BS7KS3_2021-04-22
2021-06-24 22:54:28 33      TCBI_BBG000DN4ZT1_2021-04-22
2021-06-24 22:54:28 34      TCBI: SPYKE!. Candle: ID:28, Time: 13:30, Close: 62.01
2021-06-24 22:54:28 34      TCBI: SPYKE!. Candle: ID:41, Time: 13:30, Close: 64.84
2021-06-24 22:54:28 35      TCMD_BBG001B12Z39_2021-04-22
2021-06-24 22:54:28 36      TCRR_BBG00FH3FM15_2021-04-22
2021-06-24 22:54:28 36      TCS_BBG005DXJS36_2021-04-22
2021-06-24 22:54:28 38      TCX_BBG000L69KL5_2021-04-22
2021-06-24 22:54:28 39      TDC_BBG000R0L5J4_2021-04-22
2021-06-24 22:54:28 40      TDC: SPYKE!. Candle: ID:2, Time: 7:00, Close: 54.46
2021-06-24 22:54:28 40      TDC: BuyPending. Strategy: MorningOpenStrategy. Price: 52.8. Lots: 4. ChangeOpenToCurrent: -3.05. ChangePrevCloseToCurrent: -7.19. Candle: ID:9, Time: 7:00, Close: 52.8.
2021-06-24 22:54:28 40      TDC: OrderID: ae642e00. PlacedOrder. Status: New. RejectReason: 
2021-06-24 22:54:28 40      TDC: OrderID: ae642e00 partially executed. Executed lots: 2. OrderStatus: 2/4 lots
2021-06-24 22:54:28 40      TDC: OrderID: ae642e00 partially executed. Executed lots: 1. OrderStatus: 3/4 lots
2021-06-24 22:54:28 40      TDC: OrderID: ae642e00 fully executed
2021-06-24 22:54:28 40      TDC: Buy more. Price: 51.7. Lots: 4. changeFromLastBuy: -2.08. Candle: ID:117, Time: 7:00, Close: 51.7.
2021-06-24 22:54:28 40      TDC: OrderID: 083ca356. PlacedOrder. Status: New. RejectReason: 
2021-06-24 22:54:28 40      TDC: OrderID: 083ca356 partially executed. Executed lots: 1. OrderStatus: 1/4 lots
2021-06-24 22:54:28 40      TDC: OrderID: 083ca356 fully executed
2021-06-24 22:54:28 40      TDC: Morning closing by timeout. Close price: 51.86. Lots: 8. Profit: -0.39(-0.75%). Candle: ID:261, Time: 7:20, Close: 51.86
2021-06-24 22:54:28 40      TDC: OrderID: d147072f. PlacedOrder. Status: New. RejectReason: 
2021-06-24 22:54:28 40      TDC: OrderID: d147072f partially executed. Executed lots: 1. OrderStatus: 1/8 lots
2021-06-24 22:54:28 40      TDC: OrderID: d147072f partially executed. Executed lots: 1. OrderStatus: 2/8 lots
2021-06-24 22:54:28 40      TDC: OrderID: d147072f fully executed
2021-06-24 22:54:28 42      TDG_BBG000L8CBX4_2021-04-22
2021-06-24 22:54:28 43      TDOC_BBG0019T5SG0_2021-04-22
2021-06-24 22:54:28 45      TDS_BBG000BV0VK7_2021-04-22
2021-06-24 22:54:28 45      TDY_BBG000BMT9T6_2021-04-22
2021-06-24 22:54:28 46      TECH_BBG000C15114_2021-04-22
2021-06-24 22:54:28 47      TEL_BBG000RGM5P1_2021-04-22
2021-06-24 22:54:28 48      TENB_BBG00LBLCD02_2021-04-22
2021-06-24 22:54:28 49      TER_BBG000BV4DR6_2021-04-22
2021-06-24 22:54:28 51      TFC_BBG000BYYLS8_2021-04-22
2021-06-24 22:54:28 54      TFX_BBG000BV59Y6_2021-04-22
2021-06-24 22:54:28 54      TGNA_BBG000BK5DP1_2021-04-22
2021-06-24 22:54:28 55      TGT_BBG000H8TVT2_2021-04-22
2021-06-24 22:54:28 57      THG_BBG000FJH8W0_2021-04-22
2021-06-24 22:54:28 58      THO_BBG000BV6R84_2021-04-22
2021-06-24 22:54:28 58      THRM_BBG000BQLM34_2021-04-22
2021-06-24 22:54:28 59      THS_BBG000GQGJT4_2021-04-22
2021-06-24 22:54:28 60      TJX_BBG000BV8DN6_2021-04-22
2021-06-24 22:54:28 62      TKR_BBG000BV95H9_2021-04-22
2021-06-24 22:54:28 63      TMHC_BBG003PGJHP5_2021-04-22
2021-06-24 22:54:28 63      TMO_BBG000BVDLH9_2021-04-22
2021-06-24 22:54:28 65      TMUS_BBG000NDV1D4_2021-04-22
2021-06-24 22:54:28 67      TMX_BBG002WMH2F2_2021-04-22
2021-06-24 22:54:28 68      TNC_BBG000JCZJS2_2021-04-22
2021-06-24 22:54:28 69      TNDM_BBG0019V9M65_2021-04-22
2021-06-24 22:54:28 70      TNET_BBG000BR2040_2021-04-22
2021-06-24 22:54:28 70      TOL_BBG000BVHBM1_2021-04-22
2021-06-24 22:54:28 71      TOT_BBG000CHZ857_2021-04-22
2021-06-24 22:54:28 72      Warning: figi `BBG000CHZ857` for history data does not match actual figi `IZHBULDINKDK`. Ticker: TOT. Will be used actual!
2021-06-24 22:54:28 73      TPH_BBG0016YQTR5_2021-04-22
2021-06-24 22:54:28 74      TPIC_BBG0016MQ7C5_2021-04-22
2021-06-24 22:54:28 75      TPR_BBG000BY29C7_2021-04-22
2021-06-24 22:54:28 77      TPTX_BBG00NPL9WH7_2021-04-22
2021-06-24 22:54:28 78      TPX_BBG000PXGT62_2021-04-22
2021-06-24 22:54:28 79      TPX: BuyPending. Strategy: MorningOpenStrategy. Price: 39.35. Lots: 6. ChangeOpenToCurrent: -2.07. ChangePrevCloseToCurrent: 0. Candle: ID:25, Time: 7:00, Close: 39.35.
2021-06-24 22:54:28 79      TPX: OrderID: 3c1a3c59. PlacedOrder. Status: New. RejectReason: 
2021-06-24 22:54:28 79      TPX: OrderID: 3c1a3c59 partially executed. Executed lots: 1. OrderStatus: 1/6 lots
2021-06-24 22:54:28 79      TPX: Morning closing by timeout. Close price: 39.7. Lots: 1. Profit: 0.35(0.89%). Candle: ID:66, Time: 7:20, Close: 39.7
2021-06-24 22:54:28 79      TPX: OrderID: e3a57760. PlacedOrder. Status: New. RejectReason: 
2021-06-24 22:54:28 79      TPX: OrderID: 3c1a3c59 automatically canceling...
2021-06-24 22:54:28 79      TPX: OrderID: e3a57760 fully executed
2021-06-24 22:54:28 79      OrderID: 3c1a3c59 successfully canceled
2021-06-24 22:54:28 80      TREE_BBG000TVRB50_2021-04-22
2021-06-24 22:54:28 80      TREX_BBG000BTGKK9_2021-04-22
2021-06-24 22:54:28 81      TRHC_BBG00BT7PPY8_2021-04-22
2021-06-24 22:54:28 82      TRIP_BBG001M8HHB7_2021-04-22
2021-06-24 22:54:28 85      TRMB_BBG000BNPS52_2021-04-22
2021-06-24 22:54:28 86      TROW_BBG000BVMPN3_2021-04-22
2021-06-24 22:54:28 88      TRU_BBG002Q7J5Z1_2021-04-22
2021-06-24 22:54:28 89      TRUP_BBG002BC7WC5_2021-04-22
2021-06-24 22:54:28 90      TRV_BBG000BJ81C1_2021-04-22
2021-06-24 22:54:28 91      TSCO_BBG000BLXZN1_2021-04-22
2021-06-24 22:54:28 93      TSLA_BBG000N9MNX3_2021-04-22
2021-06-24 22:54:29 22      TSM_BBG000BD8ZK0_2021-04-22
2021-06-24 22:54:29 28      TSN_BBG000DKCC19_2021-04-22
2021-06-24 22:54:29 29      TSS_BBG000C1JTL6_2021-04-22
2021-06-24 22:54:29 30      TT_BBG000BM6788_2021-04-22
2021-06-24 22:54:29 30      TTC_BBG000BVQRY3_2021-04-22
2021-06-24 22:54:29 31      TTD_BBG00629NGT2_2021-04-22
2021-06-24 22:54:29 33      TTEK_BBG000BYZ0Q5_2021-04-22
2021-06-24 22:54:29 33      TTM_BBG000PVGDH9_2021-04-22
2021-06-24 22:54:29 34      TTMI_BBG000BYQ0B1_2021-04-22
2021-06-24 22:54:29 35      TTWO_BBG000BS1YV5_2021-04-22
2021-06-24 22:54:29 36      TW_BBG00NK8H8T2_2021-04-22
2021-06-24 22:54:29 37      TWLO_BBG0029ZX840_2021-04-22
2021-06-24 22:54:29 39      TWNK_BBG00B6KGNN1_2021-04-22
2021-06-24 22:54:29 40      TWOU_BBG001KS9450_2021-04-22
2021-06-24 22:54:29 41      TWTR_BBG000H6HNW3_2021-04-22
2021-06-24 22:54:29 46      TXG_BBG007WX14X0_2021-04-22
2021-06-24 22:54:29 47      TXN_BBG000BVV7G1_2021-04-22
2021-06-24 22:54:29 50      TXRH_BBG000PSJMV7_2021-04-22
2021-06-24 22:54:29 52      TXT_BBG000BVVQQ8_2021-04-22
2021-06-24 22:54:29 53      TYL_BBG000BVWZF9_2021-04-22
2021-06-24 22:54:29 54      UA_BBG009DTD8H2_2021-04-22
2021-06-24 22:54:29 55      UAA_BBG000BXM6V2_2021-04-22
2021-06-24 22:54:29 56      UAL_BBG000M65M61_2021-04-22
2021-06-24 22:54:29 63      UBER_BBG002B04MT8_2021-04-22
2021-06-24 22:54:29 70      UCTT_BBG000HSLV70_2021-04-22
2021-06-24 22:54:29 71      UDR_BBG000C41023_2021-04-22
2021-06-24 22:54:29 72      UFPI_BBG000BL0T06_2021-04-22
2021-06-24 22:54:29 73      UFS_BBG000BHFHP8_2021-04-22
2021-06-24 22:54:29 74      UGI_BBG000BVYN55_2021-04-22
2021-06-24 22:54:29 75      UHS_BBG000CB8Q50_2021-04-22
2021-06-24 22:54:29 76      UI_BBG001R72SR9_2021-04-22
2021-06-24 22:54:29 76      ULTA_BBG00FWQ4VD6_2021-04-22
2021-06-24 22:54:29 77      UMBF_BBG000DD8WX1_2021-04-22
2021-06-24 22:54:29 78      UNF_BBG000BW29L1_2021-04-22
2021-06-24 22:54:29 78      UNH_BBG000CH5208_2021-04-22
2021-06-24 22:54:29 80      UNM_BBG000BW2QX0_2021-04-22
2021-06-24 22:54:29 81      UNP_BBG000BW3299_2021-04-22
2021-06-24 22:54:29 83      UNVR_BBG000BDHD29_2021-04-22
2021-06-24 22:54:29 84      UPS_BBG000L9CV04_2021-04-22
2021-06-24 22:54:29 85      UPWK_BBG00FBJ6390_2021-04-22
2021-06-24 22:54:29 87      URBN_BBG000BL79J3_2021-04-22
2021-06-24 22:54:29 88      URI_BBG000BXMFC3_2021-04-22
2021-06-24 22:54:29 89      USB_BBG000FFDM15_2021-04-22
2021-06-24 22:54:29 90      USFD_BBG00C6H6D40_2021-04-22
2021-06-24 22:54:29 91      USM_BBG000BW6P59_2021-04-22
2021-06-24 22:54:29 92      USNA_BBG000BX28M0_2021-04-22
2021-06-24 22:54:29 92      USPH_BBG000CSRSG6_2021-04-22
2021-06-24 22:54:29 93      UTHR_BBG000BV4XJ1_2021-04-22
2021-06-24 22:54:29 93      UTL_BBG000BW7X97_2021-04-22
2021-06-24 22:54:29 94      UTX_BBG0089KM290_2021-04-22
2021-06-24 22:54:29 94      V_BBG000PSKYX7_2021-04-22
2021-06-24 22:54:29 97      VAC_BBG001J2R5H3_2021-04-22
2021-06-24 22:54:29 98      VALE_BBG000BN5LG7_2021-04-22
2021-06-24 22:54:30 00      VC_BBG0016T3GQ0_2021-04-22
2021-06-24 22:54:30 00      VCEL_BBG000BDCM24_2021-04-22
2021-06-24 22:54:30 01      VCRA_BBG00179VSY7_2021-04-22
2021-06-24 22:54:30 02      VCYT_BBG001J2M542_2021-04-22
2021-06-24 22:54:30 03      VEEV_BBG001CGB489_2021-04-22
2021-06-24 22:54:30 04      VEON_BBG000QCW561_2021-04-22
2021-06-24 22:54:30 05      VFC_BBG000BWCKB6_2021-04-22
2021-06-24 22:54:30 07      VG_BBG000BRB5D9_2021-04-22
2021-06-24 22:54:30 08      VIAC_BBG000C496P7_2021-04-22
2021-06-24 22:54:30 17      VICR_BBG000C3VHF1_2021-04-22
2021-06-24 22:54:30 19      VIE_BBG00K6P5XM1_2021-04-22
2021-06-24 22:54:30 19      VIPS_BBG002NLDLV8_2021-04-22
2021-06-24 22:54:30 24      VIPS: BuyPending. Strategy: MorningOpenStrategy. Price: 28.9. Lots: 8. ChangeOpenToCurrent: -1.23. ChangePrevCloseToCurrent: -2.03. Candle: ID:5, Time: 4:00, Close: 28.9.
2021-06-24 22:54:30 24      VIPS: OrderID: 3798372b. PlacedOrder. Status: New. RejectReason: 
2021-06-24 22:54:30 24      VIPS: Cancel order. Did not bought at market open. Candle: ID:161, Time: 4:05, Close: 29.26
2021-06-24 22:54:30 24      OrderID: 3798372b successfully canceled
2021-06-24 22:54:30 27      VIR_BBG00H2QQ8T5_2021-04-22
2021-06-24 22:54:30 29      VLO_BBG000BBGGQ1_2021-04-22
2021-06-24 22:54:30 31      VMC_BBG000BWGYF8_2021-04-22
2021-06-24 22:54:30 32      VMI_BBG000BWB7V4_2021-04-22
2021-06-24 22:54:30 33      VMW_BBG000BC9938_2021-04-22
2021-06-24 22:54:30 34      VNDA_BBG000HT5MG6_2021-04-22
2021-06-24 22:54:30 34      VNE_BBG00K4MPP27_2021-04-22
2021-06-24 22:54:30 35      VNO_BBG000BWHD54_2021-04-22
2021-06-24 22:54:30 37      VNT_BBG00RRGSJR4_2021-04-22
2021-06-24 22:54:30 38      VPG_BBG000PRQ0V9_2021-04-22
2021-06-24 22:54:30 38      VREX_BBG00CZNLR47_2021-04-22
2021-06-24 22:54:30 39      VRNS_BBG001Y04TN6_2021-04-22
2021-06-24 22:54:30 40      VRNT_BBG000BCBYT2_2021-04-22
2021-06-24 22:54:30 41      VRSK_BBG000BCZL41_2021-04-22
2021-06-24 22:54:30 43      VRSN_BBG000BGKHZ3_2021-04-22
2021-06-24 22:54:30 44      VRTS_BBG000DMFQS2_2021-04-22
2021-06-24 22:54:30 44      VRTV_BBG005XZHR97_2021-04-22
2021-06-24 22:54:30 45      VRTX_BBG000C1S2X2_2021-04-22
2021-06-24 22:54:30 47      VTR_BBG000FRVHB9_2021-04-22
2021-06-24 22:54:30 48      VTRS_BBG00Y4RQNH4_2021-04-22
2021-06-24 22:54:30 49      VZ_BBG000HS77T5_2021-04-22
2021-06-24 22:54:30 52      W_BBG001B17MV2_2021-04-22
2021-06-24 22:54:30 53      WAB_BBG000BDD940_2021-04-22
2021-06-24 22:54:30 54      WAL_BBG000Q1KFH4_2021-04-22
2021-06-24 22:54:30 55      WAT_BBG000FQRVM3_2021-04-22
2021-06-24 22:54:30 56      WB_BBG0065XPGX9_2021-04-22
2021-06-24 22:54:30 57      WBA_BBG000BWLMJ4_2021-04-22
2021-06-24 22:54:30 59      WCC_BBG000D0FNV3_2021-04-22
2021-06-24 22:54:30 60      WDAY_BBG000VC0T95_2021-04-22
2021-06-24 22:54:30 62      WDC_BBG000BWNFZ9_2021-04-22
2021-06-24 22:54:30 65      WDFC_BBG000BWNV93_2021-04-22
2021-06-24 22:54:30 67      WEC_BBG000BWP7D9_2021-04-22
2021-06-24 22:54:30 68      WELL_BBG000BKY1G5_2021-04-22
2021-06-24 22:54:30 69      WERN_BBG000BWPP85_2021-04-22
2021-06-24 22:54:30 70      WEX_BBG000BVZP59_2021-04-22
2021-06-24 22:54:30 71      WFC_BBG000BWQFY7_2021-04-22
2021-06-24 22:54:30 74      WGO_BBG000BWS3F3_2021-04-22
2021-06-24 22:54:30 75      WH_BBG00HCY3Q67_2021-04-22
2021-06-24 22:54:30 76      WHD_BBG00JRH1P95_2021-04-22
2021-06-24 22:54:30 77      WHR_BBG000BWSV34_2021-04-22
2021-06-24 22:54:30 78      WING_BBG008N298Y8_2021-04-22
2021-06-24 22:54:30 79      WK_BBG007BVZ8H9_2021-04-22
2021-06-24 22:54:30 79      WLK_BBG000PXZFW2_2021-04-22
2021-06-24 22:54:30 80      WLTW_BBG000DB3KT1_2021-04-22
2021-06-24 22:54:30 81      WM_BBG000BWVSR1_2021-04-22
2021-06-24 22:54:30 82      WMB_BBG000BWVCP8_2021-04-22
2021-06-24 22:54:30 83      WMT_BBG000BWXBC2_2021-04-22
2021-06-24 22:54:30 86      WOR_BBG000HL7499_2021-04-22
2021-06-24 22:54:30 87      WORK_BBG007G7V505_2021-04-22
2021-06-24 22:54:30 88      WRB_BBG000BD1HP2_2021-04-22
2021-06-24 22:54:30 89      WRK_BBG008NXC572_2021-04-22
2021-06-24 22:54:30 90      WRLD_BBG000C3G9J2_2021-04-22
2021-06-24 22:54:30 90      WSC_BBG00B0FS947_2021-04-22
2021-06-24 22:54:30 91      WSM_BBG000FSMWC3_2021-04-22
2021-06-24 22:54:30 92      WSO_BBG000DJN7L9_2021-04-22
2021-06-24 22:54:30 93      WST_BBG000BX24N8_2021-04-22
2021-06-24 22:54:30 93      WTFC_BBG000HD3DW5_2021-04-22
2021-06-24 22:54:30 94      WTS_BBG000C4Z6C2_2021-04-22
2021-06-24 22:54:30 95      WTTR_BBG00G4Y2DC1_2021-04-22
2021-06-24 22:54:30 96      WU_BBG000BB5373_2021-04-22
2021-06-24 22:54:30 97      WWD_BBG000BD53V2_2021-04-22
2021-06-24 22:54:30 97      WWE_BBG000F5YH15_2021-04-22
2021-06-24 22:54:30 98      WWW_BBG000BX2YN2_2021-04-22
2021-06-24 22:54:30 99      WY_BBG000BX3BL3_2021-04-22
2021-06-24 22:54:31 00      WYNN_BBG000LD9JQ8_2021-04-22
2021-06-24 22:54:31 02      XEC_BBG000D6L294_2021-04-22
2021-06-24 22:54:31 03      XEL_BBG000BCTQ65_2021-04-22
2021-06-24 22:54:31 05      XLNX_BBG000C0F570_2021-04-22
2021-06-24 22:54:31 07      XLRN_BBG000R5HWZ1_2021-04-22
2021-06-24 22:54:31 08      XNCR_BBG0026ZG4W0_2021-04-22
2021-06-24 22:54:31 09      XOM_BBG000GZQ728_2021-04-22
2021-06-24 22:54:31 12      XPO_BBG000L5CJF3_2021-04-22
2021-06-24 22:54:31 13      XRAY_BBG000BX57K1_2021-04-22
2021-06-24 22:54:31 14      XRX_BBG00NNG2ZJ8_2021-04-22
2021-06-24 22:54:31 15      XYL_BBG001D8R5D0_2021-04-22
2021-06-24 22:54:31 16      Y_BBG000BX6BJ3_2021-04-22
2021-06-24 22:54:31 16      YELP_BBG000Q2HM09_2021-04-22
2021-06-24 22:54:31 17      YETI_BBG00D8JC882_2021-04-22
2021-06-24 22:54:31 18      YEXT_BBG001MKZGY7_2021-04-22
2021-06-24 22:54:31 19      YUM_BBG000BH3GZ2_2021-04-22
2021-06-24 22:54:31 20      YUMC_BBG00B8N0HG1_2021-04-22
2021-06-24 22:54:31 21      YY_BBG003H0XV18_2021-04-22
2021-06-24 22:54:31 22      Z_BBG009NRSWJ4_2021-04-22
2021-06-24 22:54:31 25      ZBH_BBG000BKPL53_2021-04-22
2021-06-24 22:54:31 25      ZBRA_BBG000CC7LQ7_2021-04-22
2021-06-24 22:54:31 27      ZEN_BBG001HRFJG4_2021-04-22
2021-06-24 22:54:31 28      ZG_BBG000D13GN8_2021-04-22
2021-06-24 22:54:31 28      ZGNX_BBG000VDC3G9_2021-04-22
2021-06-24 22:54:31 29      ZGNX: BuyPending. Strategy: MorningOpenStrategy. Price: 18.7. Lots: 13. ChangeOpenToCurrent: -4.10. ChangePrevCloseToCurrent: -1.27. Candle: ID:9, Time: 7:00, Close: 18.7.
2021-06-24 22:54:31 29      ZGNX: OrderID: 0e75b8c1. PlacedOrder. Status: New. RejectReason: 
2021-06-24 22:54:31 29      ZGNX: Cancel order. Did not bought at market open. Candle: ID:16, Time: 7:05, Close: 19.03
2021-06-24 22:54:31 29      OrderID: 0e75b8c1 successfully canceled
2021-06-24 22:54:31 30      ZI_BBG00S1HJ3M8_2021-04-22
2021-06-24 22:54:31 31      ZION_BBG000BX9WL1_2021-04-22
2021-06-24 22:54:31 33      ZM_BBG0042V6JM8_2021-04-22
2021-06-24 22:54:31 36      ZNH_BBG000BXQ7R1_2021-04-22
2021-06-24 22:54:31 37      ZS_BBG003338H34_2021-04-22
2021-06-24 22:54:31 39      ZTS_BBG0039320N9_2021-04-22
2021-06-24 22:54:31 40      ZUMZ_BBG000PYX812_2021-04-22
2021-06-24 22:54:31 41      ZUO_BBG000BT3HG5_2021-04-22
2021-06-24 22:54:31 42      ZYNE_BBG007BBS8B7_2021-04-22
2021-06-24 22:54:31 47      ZYXI_BBG000BJBXZ2_2021-04-22
2021-06-24 22:54:31 48      Total candles read: 4557095
2021-06-24 22:54:31 48      Start DisposeAsync...
2021-06-24 22:54:31 48      Trade statistic. Total/Pos/Neg/(ratio): 5/2/2/(1); Profit: 4.93/0.99; Volume: 0; MaxVolume: 634.00; Commission: 1.339165;
2021-06-24 22:54:31 48      BaseBot::DisposeAsync...
2021-06-24 22:54:31 48      BaseBot::DisposeAsync done!
2021-06-24 22:54:31 48      End DisposeAsync...
