2021-06-14 14:29:23 33      mode=TestTradeBot;DumpQuotes=false;SubscribeQuotes=false;Strategies=MorningOpenStrategy;Token=token.txt;ConfigPath=usd.json;OutputFolder=.\new\;CandlesPath=C:\tinkoff\TestData\RawQuotes\5m\uncompressed\quotes_2021-03-10;
2021-06-14 14:29:23 34      Trade bot created
2021-06-14 14:29:23 35      Fake connection created
2021-06-14 14:29:23 46      Loaded 141 liquid instruments
2021-06-14 14:29:24 02       Error! Unknown ticker: EV
2021-06-14 14:29:24 03       Error! Unknown ticker: IMMU
2021-06-14 14:29:24 03       Error! Unknown ticker: LM
2021-06-14 14:29:24 03       Error! Unknown ticker: LOGM
2021-06-14 14:29:24 03       Error! Unknown ticker: LVGO
2021-06-14 14:29:24 03       Error! Unknown ticker: MTSC
2021-06-14 14:29:24 03       Error! Unknown ticker: MYL
2021-06-14 14:29:24 03       Error! Unknown ticker: MYOK
2021-06-14 14:29:24 03       Error! Unknown ticker: NBL
2021-06-14 14:29:24 03       Error! Unknown ticker: PRSC
2021-06-14 14:29:24 03       Error! Unknown ticker: PS
2021-06-14 14:29:24 03       Error! Unknown ticker: RP
2021-06-14 14:29:24 03       Error! Unknown ticker: SINA
2021-06-14 14:29:24 04       Error! Unknown ticker: TECD
2021-06-14 14:29:24 04       Error! Unknown ticker: TIF
2021-06-14 14:29:24 04       Error! Unknown ticker: TOT
2021-06-14 14:29:24 04       Error! Unknown ticker: VAR
2021-06-14 14:29:24 04       Error! Unknown ticker: VRTU
2021-06-14 14:29:24 04       Error! Unknown ticker: WYND
2021-06-14 14:29:24 05      List of disabled tickers: 
2021-06-14 14:29:24 06      A_BBG000C2V3D6_2021-03-10
2021-06-14 14:29:24 12      AA_BBG00B3T3HD3_2021-03-10
2021-06-14 14:29:24 17      AAL_BBG005P7Q881_2021-03-10
2021-06-14 14:29:24 26      AAN_BBG00WCNDCZ6_2021-03-10
2021-06-14 14:29:24 28      AAON_BBG000C2LZP3_2021-03-10
2021-06-14 14:29:24 29      AAP_BBG000F7RCJ1_2021-03-10
2021-06-14 14:29:24 30      AAPL_BBG000B9XRY4_2021-03-10
2021-06-14 14:29:24 73      ABBV_BBG0025Y4RY4_2021-03-10
2021-06-14 14:29:24 76      ABC_BBG000MDCQC2_2021-03-10
2021-06-14 14:29:24 78      ABG_BBG000BKDWB5_2021-03-10
2021-06-14 14:29:24 79      ABMD_BBG000C101X4_2021-03-10
2021-06-14 14:29:24 80      ABNB_BBG001Y2XS07_2021-03-10
2021-06-14 14:29:24 82      ABNB: BuyPending. Strategy: MorningOpenStrategy. Price: 180.12. Lots: 1. ChangeOpenToCurrent: -3.68. ChangePrevCloseToCurrent: -1.73. Candle: ID:4, Time: 4:00, Close: 180.12.
2021-06-14 14:29:24 82      ABNB: OrderID: f313f111. PlacedOrder. Status: New. RejectReason: 
2021-06-14 14:29:24 82      ABNB: OrderID: f313f111 fully executed
2021-06-14 14:29:24 83      ABNB: Morning closing. Close price: 185.04. Lots: 1. CandleChange: -0.01%. ChangeFromCandleHigh: -0.01%. Profit: 4.92(2.73%). Candle: ID:31, Time: 5:55, Close: 185.04
2021-06-14 14:29:24 83      ABNB: OrderID: 0edd3db5. PlacedOrder. Status: New. RejectReason: 
2021-06-14 14:29:24 83      ABNB: OrderID: 0edd3db5 fully executed
2021-06-14 14:29:24 86      ABT_BBG000B9ZXB4_2021-03-10
2021-06-14 14:29:24 89      ACAD_BBG000BHG9K0_2021-03-10
2021-06-14 14:29:24 97      ACH_BBG000CMRVH1_2021-03-10
2021-06-14 14:29:24 98      ACM_BBG000F61RJ8_2021-03-10
2021-06-14 14:29:25 00      ACMR_BBG00HPSG933_2021-03-10
2021-06-14 14:29:25 01      ACN_BBG000D9D830_2021-03-10
2021-06-14 14:29:25 03      ADBE_BBG000BB5006_2021-03-10
2021-06-14 14:29:25 08      ADM_BBG000BB6WG8_2021-03-10
2021-06-14 14:29:25 10      ADP_BBG000JG0547_2021-03-10
2021-06-14 14:29:25 12      ADPT_BBG001J2PFF5_2021-03-10
2021-06-14 14:29:25 16      ADS_BBG000BFNR17_2021-03-10
2021-06-14 14:29:25 17      ADSK_BBG000BM7HL0_2021-03-10
2021-06-14 14:29:25 19      ADUS_BBG000NJGX84_2021-03-10
2021-06-14 14:29:25 20      AEE_BBG000B9X8C0_2021-03-10
2021-06-14 14:29:25 22      AEIS_BBG000FKMP26_2021-03-10
2021-06-14 14:29:25 23      AEO_BBG000BGXZB5_2021-03-10
2021-06-14 14:29:25 26      AERI_BBG001KJ7WJ5_2021-03-10
2021-06-14 14:29:25 27      AES_BBG000C23KJ3_2021-03-10
2021-06-14 14:29:25 29      AFG_BBG000DPKKK0_2021-03-10
2021-06-14 14:29:25 31      AFL_BBG000BBBNC6_2021-03-10
2021-06-14 14:29:25 33      AGCO_BBG000DCCZW2_2021-03-10
2021-06-14 14:29:25 34      AGIO_BBG000QY4ZD0_2021-03-10
2021-06-14 14:29:25 35      AIG_BBG000BBDZG3_2021-03-10
2021-06-14 14:29:25 37      AIR_BBG000BBGQF1_2021-03-10
2021-06-14 14:29:25 38      AIRC_BBG00XK3WVD0_2021-03-10
2021-06-14 14:29:25 39      AIT_BBG000BBHHP9_2021-03-10
2021-06-14 14:29:25 40      AIV_BBG000DD3510_2021-03-10
2021-06-14 14:29:25 42      AIZ_BBG000BZX1N5_2021-03-10
2021-06-14 14:29:25 43      AJG_BBG000BBHXQ3_2021-03-10
2021-06-14 14:29:25 45      AJRD_BBG000BKRHQ7_2021-03-10
2021-06-14 14:29:25 46      AKAM_BBG000BJQWD2_2021-03-10
2021-06-14 14:29:25 49      ALB_BBG000BJ26K7_2021-03-10
2021-06-14 14:29:25 51      ALGN_BBG000BRNLL2_2021-03-10
2021-06-14 14:29:25 52      ALGT_BBG000LJS6B8_2021-03-10
2021-06-14 14:29:25 54      ALK_BBG000BBL0Y1_2021-03-10
2021-06-14 14:29:25 55      ALL_BBG000BVMGF2_2021-03-10
2021-06-14 14:29:25 57      ALLE_BBG003PS7JV1_2021-03-10
2021-06-14 14:29:25 58      ALLK_BBG003QBJKN0_2021-03-10
2021-06-14 14:29:25 59      ALLO_BBG00KHRRDX3_2021-03-10
2021-06-14 14:29:25 60      ALLY_BBG000BC2R71_2021-03-10
2021-06-14 14:29:25 63      ALNY_BBG000BFGNJ5_2021-03-10
2021-06-14 14:29:25 64      ALRM_BBG007GNPYY7_2021-03-10
2021-06-14 14:29:25 65      ALSN_BBG001KY3845_2021-03-10
2021-06-14 14:29:25 66      ALTR_BBG000PN9NB9_2021-03-10
2021-06-14 14:29:25 67      ALXN_BBG000G30YX4_2021-03-10
2021-06-14 14:29:25 70      AMAT_BBG000BBPFB9_2021-03-10
2021-06-14 14:29:25 76      AMCX_BBG000H01H92_2021-03-10
2021-06-14 14:29:25 78      AMD_BBG000BBQCY0_2021-03-10
2021-06-14 14:29:25 96      AME_BBG000B9XG87_2021-03-10
2021-06-14 14:29:25 97      AMED_BBG000B9ZV28_2021-03-10
2021-06-14 14:29:25 98      AMG_BBG000C060M4_2021-03-10
2021-06-14 14:29:25 99      AMGN_BBG000BBS2Y0_2021-03-10
2021-06-14 14:29:26 03      AMN_BBG000BCT197_2021-03-10
2021-06-14 14:29:26 03      AMP_BBG000G3QLY3_2021-03-10
2021-06-14 14:29:26 05      AMT_BBG000B9XYV2_2021-03-10
2021-06-14 14:29:26 06      AMWD_BBG000BBX657_2021-03-10
2021-06-14 14:29:26 07      AMZN_BBG000BVPV84_2021-03-10
2021-06-14 14:29:26 15      AN_BBG000BBXLW4_2021-03-10
2021-06-14 14:29:26 16      ANAB_BBG0026ZDHR0_2021-03-10
2021-06-14 14:29:26 17      ANDE_BBG000BF8CN3_2021-03-10
2021-06-14 14:29:26 18      ANET_BBG000N2HDY5_2021-03-10
2021-06-14 14:29:26 20      ANF_BBG000H9G7X2_2021-03-10
2021-06-14 14:29:26 21      ANGI_BBG00HVKH3Q0_2021-03-10
2021-06-14 14:29:26 22      ANIK_BBG000BBKZD8_2021-03-10
2021-06-14 14:29:26 23      ANIP_BBG000KK1L04_2021-03-10
2021-06-14 14:29:26 24      ANSS_BBG000GXZ4W7_2021-03-10
2021-06-14 14:29:26 26      ANTM_BBG000BCG930_2021-03-10
2021-06-14 14:29:26 27      AON_BBG00SSQFPK6_2021-03-10
2021-06-14 14:29:26 28      AOS_BBG000BC1L02_2021-03-10
2021-06-14 14:29:26 29      AOUT_BBG00QV8FS02_2021-03-10
2021-06-14 14:29:26 30      APA_BBG00YTS96G2_2021-03-10
2021-06-14 14:29:26 35      APD_BBG000BC4JJ4_2021-03-10
2021-06-14 14:29:26 36      APEI_BBG000RVD346_2021-03-10
2021-06-14 14:29:26 37      APEI: SPYKE!. Candle: ID:330, Time: 14:25, Close: 31
2021-06-14 14:29:26 37      APEI: SPYKE!. Candle: ID:331, Time: 14:25, Close: 31.5
2021-06-14 14:29:26 37      APEI: SPYKE!. Candle: ID:332, Time: 14:30, Close: 31.73
2021-06-14 14:29:26 37      APEI: SPYKE!. Candle: ID:337, Time: 14:30, Close: 31.67
2021-06-14 14:29:26 38      APLE_BBG006473QX9_2021-03-10
2021-06-14 14:29:26 39      APLT_BBG000DD0489_2021-03-10
2021-06-14 14:29:26 41      APPF_BBG008GC8CP6_2021-03-10
2021-06-14 14:29:26 42      APPN_BBG001C7PMJ2_2021-03-10
2021-06-14 14:29:26 43      APPS_BBG000HZ3562_2021-03-10
2021-06-14 14:29:26 50      APTV_BBG001QD41M9_2021-03-10
2021-06-14 14:29:26 52      ARCC_BBG000PD6X77_2021-03-10
2021-06-14 14:29:26 53      ARCT_BBG00NNW8JK1_2021-03-10
2021-06-14 14:29:26 54      ARE_BBG000BC33T9_2021-03-10
2021-06-14 14:29:26 56      ARMK_BBG001KY4N87_2021-03-10
2021-06-14 14:29:26 57      ARNA_BBG000BKXBV7_2021-03-10
2021-06-14 14:29:26 58      ARNC_BBG00R45JYB7_2021-03-10
2021-06-14 14:29:26 60      ARQT_BBG00QN8K4M4_2021-03-10
2021-06-14 14:29:26 61      ARVN_BBG00LW7YK82_2021-03-10
2021-06-14 14:29:26 62      ARW_BBG000BCD3D5_2021-03-10
2021-06-14 14:29:26 63      ARWR_BBG000BRVKH0_2021-03-10
2021-06-14 14:29:26 64      ASGN_BBG000CRN8N8_2021-03-10
2021-06-14 14:29:26 65      ASH_BBG00D0Y81M1_2021-03-10
2021-06-14 14:29:26 66      ASIX_BBG00CWTTQ41_2021-03-10
2021-06-14 14:29:26 67      ATEX_BBG0081NLHR0_2021-03-10
2021-06-14 14:29:26 68      ATGE_BBG000DQBZJ7_2021-03-10
2021-06-14 14:29:26 68      ATKR_BBG000QTFDQ4_2021-03-10
2021-06-14 14:29:26 69      ATR_BBG000BGX2S0_2021-03-10
2021-06-14 14:29:26 70      ATRA_BBG005Q3MQY4_2021-03-10
2021-06-14 14:29:26 71      ATRC_BBG000BL6CB5_2021-03-10
2021-06-14 14:29:26 73      ATRI_BBG000DTT624_2021-03-10
2021-06-14 14:29:26 73      ATRO_BBG000BCLBY5_2021-03-10
2021-06-14 14:29:26 74      ATUS_BBG00GFMPRK0_2021-03-10
2021-06-14 14:29:26 76      ATVI_BBG000CVWGS6_2021-03-10
2021-06-14 14:29:26 79      AVAV_BBG000GX14P2_2021-03-10
2021-06-14 14:29:26 80      AVB_BBG000BLPBL5_2021-03-10
2021-06-14 14:29:26 81      AVGO_BBG00KHY5S69_2021-03-10
2021-06-14 14:29:26 85      AVLR_BBG000R4Y9C1_2021-03-10
2021-06-14 14:29:26 86      AVNS_BBG005L86G05_2021-03-10
2021-06-14 14:29:26 87      AVNT_BBG000C8NJ10_2021-03-10
2021-06-14 14:29:26 88      AVTR_BBG00G2HHYD7_2021-03-10
2021-06-14 14:29:26 90      AVY_BBG000BCQ4P6_2021-03-10
2021-06-14 14:29:26 91      AWI_BBG000DW4LB1_2021-03-10
2021-06-14 14:29:26 92      AWK_BBG000TRJ294_2021-03-10
2021-06-14 14:29:26 93      AWR_BBG000F964B6_2021-03-10
2021-06-14 14:29:26 94      AX_BBG000QPHD08_2021-03-10
2021-06-14 14:29:26 95      AXGN_BBG000BN46R9_2021-03-10
2021-06-14 14:29:26 95      AXP_BBG000BCQZS4_2021-03-10
2021-06-14 14:29:26 98      AXSM_BBG00B6G7GL7_2021-03-10
2021-06-14 14:29:26 99      AYI_BBG000BJ5HK0_2021-03-10
2021-06-14 14:29:27 00      AYX_BBG000BGZT72_2021-03-10
2021-06-14 14:29:27 04      AZO_BBG000C7LMS8_2021-03-10
2021-06-14 14:29:27 05      AZPN_BBG000DFMXT3_2021-03-10
2021-06-14 14:29:27 06      BA_BBG000BCSST7_2021-03-10
2021-06-14 14:29:27 15      BABA_BBG006G2JVL2_2021-03-10
2021-06-14 14:29:27 26      BAC_BBG000BCTLF6_2021-03-10
2021-06-14 14:29:27 35      BAH_BBG000R2YFG7_2021-03-10
2021-06-14 14:29:27 36      BAND_BBG001K003W2_2021-03-10
2021-06-14 14:29:27 38      BAX_BBG000BCVJ77_2021-03-10
2021-06-14 14:29:27 40      BBIO_BBG00P9KDZK6_2021-03-10
2021-06-14 14:29:27 42      BBSI_BBG000BHJSC4_2021-03-10
2021-06-14 14:29:27 42      BBY_BBG000BCWCG1_2021-03-10
2021-06-14 14:29:27 45      BC_BBG000BCWSS3_2021-03-10
2021-06-14 14:29:27 46      BCO_BBG000DR5QP5_2021-03-10
2021-06-14 14:29:27 47      BCO: SPYKE!. Candle: ID:20, Time: 13:20, Close: 76.87
2021-06-14 14:29:27 47      BCPC_BBG000BCY878_2021-03-10
2021-06-14 14:29:27 48      BDC_BBG000Q4XNV1_2021-03-10
2021-06-14 14:29:27 50      BDTX_BBG00MS4Y0W9_2021-03-10
2021-06-14 14:29:27 51      BDX_BBG000BCZYD3_2021-03-10
2021-06-14 14:29:27 52      BECN_BBG000BKTXF2_2021-03-10
2021-06-14 14:29:27 53      BEN_BBG000BD0TF8_2021-03-10
2021-06-14 14:29:27 56      BERY_BBG000Q1R1Y9_2021-03-10
2021-06-14 14:29:27 57      BF.B_BBG000BD2NY8_2021-03-10
2021-06-14 14:29:27 58      BFAM_BBG003LFWP05_2021-03-10
2021-06-14 14:29:27 59      BGS_BBG000RKXRQ1_2021-03-10
2021-06-14 14:29:27 60      BH_BBG00JPRDQH1_2021-03-10
2021-06-14 14:29:27 61      BHF_BBG00DYPZ4T0_2021-03-10
2021-06-14 14:29:27 62      BIDU_BBG000QXWHD1_2021-03-10
2021-06-14 14:29:27 79      BIG_BBG000J0D904_2021-03-10
2021-06-14 14:29:27 80      BIIB_BBG000C17X76_2021-03-10
2021-06-14 14:29:27 83      BILI_BBG00K7T3037_2021-03-10
2021-06-14 14:29:27 91      BILL_BBG00QVJV6V4_2021-03-10
2021-06-14 14:29:27 93      BIO_BBG000DY28W5_2021-03-10
2021-06-14 14:29:27 94      BJRI_BBG000H9LNX1_2021-03-10
2021-06-14 14:29:27 94      BK_BBG000BD8PN9_2021-03-10
2021-06-14 14:29:27 97      BKI_BBG00GX77LW3_2021-03-10
2021-06-14 14:29:27 98      BKNG_BBG000BLBVN4_2021-03-10
2021-06-14 14:29:27 99      BKR_BBG00GBVBK51_2021-03-10
2021-06-14 14:29:28 02      BL_BBG0029KJVB0_2021-03-10
2021-06-14 14:29:28 05      BLD_BBG0077VS2C0_2021-03-10
2021-06-14 14:29:28 06      BLDR_BBG000BKD3K9_2021-03-10
2021-06-14 14:29:28 08      BLK_BBG000C2PW58_2021-03-10
2021-06-14 14:29:28 09      BLKB_BBG000BGGTW5_2021-03-10
2021-06-14 14:29:28 10      BLL_BBG000BDDNH5_2021-03-10
2021-06-14 14:29:28 11      BLUE_BBG000QGWY50_2021-03-10
2021-06-14 14:29:28 16      BLUE: SPYKE!. Candle: ID:1377, Time: 12:05, Close: 31.01
2021-06-14 14:29:28 19      BMI_BBG000BDGHD9_2021-03-10
2021-06-14 14:29:28 20      BMRN_BBG000CZWZ05_2021-03-10
2021-06-14 14:29:28 21      BMY_BBG000DQLV23_2021-03-10
2021-06-14 14:29:28 26      BOH_BBG000C8D8G9_2021-03-10
2021-06-14 14:29:28 26      BOKF_BBG000CFZ003_2021-03-10
2021-06-14 14:29:28 27      BOOT_BBG0077SYZV6_2021-03-10
2021-06-14 14:29:28 28      BOX_BBG000PMSK08_2021-03-10
2021-06-14 14:29:28 30      BPMC_BBG001MC8YF7_2021-03-10
2021-06-14 14:29:28 31      BR_BBG000PPFKQ7_2021-03-10
2021-06-14 14:29:28 32      BRC_BBG000BDNV95_2021-03-10
2021-06-14 14:29:28 32      BRK.B_BBG000DWG505_2021-03-10
2021-06-14 14:29:28 36      BRKR_BBG000CL1FG7_2021-03-10
2021-06-14 14:29:28 37      BRO_BBG000BWSGF4_2021-03-10
2021-06-14 14:29:28 37      BSX_BBG000C0LW92_2021-03-10
2021-06-14 14:29:28 39      BTAI_BBG00K20GVD2_2021-03-10
2021-06-14 14:29:28 40      BTI_BBG000BWPXQ8_2021-03-10
2021-06-14 14:29:28 42      BUD_BBG000RYC984_2021-03-10
2021-06-14 14:29:28 43      BURL_BBG004S641N5_2021-03-10
2021-06-14 14:29:28 45      BWA_BBG000BJ49H3_2021-03-10
2021-06-14 14:29:28 46      BWXT_BBG000D86F25_2021-03-10
2021-06-14 14:29:28 47      BX_BBG000BH0106_2021-03-10
2021-06-14 14:29:28 49      BXP_BBG000BS5CM9_2021-03-10
2021-06-14 14:29:28 50      BYND_BBG003CVJP50_2021-03-10
2021-06-14 14:29:28 52      BZUN_BBG008HNS333_2021-03-10
2021-06-14 14:29:28 54      C_BBG000FY4S11_2021-03-10
2021-06-14 14:29:28 59      CABO_BBG000F02T51_2021-03-10
2021-06-14 14:29:28 60      CACC_BBG000CS0D96_2021-03-10
2021-06-14 14:29:28 61      CAG_BBG000BDXGP9_2021-03-10
2021-06-14 14:29:28 63      CAH_BBG000D898T9_2021-03-10
2021-06-14 14:29:28 67      CALM_BBG000CDMJW6_2021-03-10
2021-06-14 14:29:28 68      CARA_BBG001J2QYS9_2021-03-10
2021-06-14 14:29:28 69      CARG_BBG00HQ77DS2_2021-03-10
2021-06-14 14:29:28 70      CARR_BBG00RP5HYS8_2021-03-10
2021-06-14 14:29:28 72      CARS_BBG000HGTH33_2021-03-10
2021-06-14 14:29:28 73      CASY_BBG000BF0672_2021-03-10
2021-06-14 14:29:28 74      CAT_BBG000BF0K17_2021-03-10
2021-06-14 14:29:28 76      CB_BBG000BR14K5_2021-03-10
2021-06-14 14:29:28 77      CBRE_BBG000C04224_2021-03-10
2021-06-14 14:29:28 79      CBRL_BBG000BF33K1_2021-03-10
2021-06-14 14:29:28 80      CBSH_BBG000BF3G77_2021-03-10
2021-06-14 14:29:28 81      CBU_BBG000BF4D19_2021-03-10
2021-06-14 14:29:28 81      CCI_BBG000FV1Z23_2021-03-10
2021-06-14 14:29:28 83      CCK_BBG000BF6756_2021-03-10
2021-06-14 14:29:28 84      CCL_BBG000BF6LY3_2021-03-10
2021-06-14 14:29:28 92      CCOI_BBG000D0SMY8_2021-03-10
2021-06-14 14:29:28 93      CCXI_BBG000PTSB12_2021-03-10
2021-06-14 14:29:28 94      CDK_BBG006B6PVN9_2021-03-10
2021-06-14 14:29:28 95      CDLX_BBG00225ZDD0_2021-03-10
2021-06-14 14:29:28 96      CDNA_BBG006JS5785_2021-03-10
2021-06-14 14:29:28 98      CDNS_BBG000C13CD9_2021-03-10
2021-06-14 14:29:29 01      CDW_BBG001P63B80_2021-03-10
2021-06-14 14:29:29 02      CE_BBG000JYP7L8_2021-03-10
2021-06-14 14:29:29 04      CEA_BBG000BCFNR4_2021-03-10
2021-06-14 14:29:29 04      CENT_BBG000BFD605_2021-03-10
2021-06-14 14:29:29 05      CENTA_BBG000KTYB56_2021-03-10
2021-06-14 14:29:29 06      CERN_BBG000BFDLV8_2021-03-10
2021-06-14 14:29:29 08      CEVA_BBG000BN3P07_2021-03-10
2021-06-14 14:29:29 08      CEVA: SPYKE!. Candle: ID:80, Time: 14:20, Close: 57
2021-06-14 14:29:29 09      CF_BBG000BWJFZ4_2021-03-10
2021-06-14 14:29:29 11      CFG_BBG006Q0HY77_2021-03-10
2021-06-14 14:29:29 14      CFR_BBG000C2PL98_2021-03-10
2021-06-14 14:29:29 15      CFX_BBG000C5Z443_2021-03-10
2021-06-14 14:29:29 17      CGEN_BBG000B9ZLB0_2021-03-10
2021-06-14 14:29:29 19      CGNX_BBG000BPBVW5_2021-03-10
2021-06-14 14:29:29 21      CHD_BBG000BFJT36_2021-03-10
2021-06-14 14:29:29 22      CHDN_BBG000BGXMG9_2021-03-10
2021-06-14 14:29:29 24      CHE_BBG000C19QW1_2021-03-10
2021-06-14 14:29:29 25      CHEF_BBG001MFW6D6_2021-03-10
2021-06-14 14:29:29 26      CHGG_BBG0014XR0N5_2021-03-10
2021-06-14 14:29:29 27      CHH_BBG000BPBTL2_2021-03-10
2021-06-14 14:29:29 28      CHKP_BBG000K82ZT8_2021-03-10
2021-06-14 14:29:29 31      CHNG_BBG0059KNH10_2021-03-10
2021-06-14 14:29:29 32      CHRW_BBG000BTCH57_2021-03-10
2021-06-14 14:29:29 34      CHTR_BBG000VPGNR2_2021-03-10
2021-06-14 14:29:29 37      CHWY_BBG00P19DKZ6_2021-03-10
2021-06-14 14:29:29 39      CHX_BBG00JH9TZ56_2021-03-10
2021-06-14 14:29:29 40      CI_BBG00KXRCDP0_2021-03-10
2021-06-14 14:29:29 42      CIEN_BBG000BP1152_2021-03-10
2021-06-14 14:29:29 43      CINF_BBG000BFPK65_2021-03-10
2021-06-14 14:29:29 44      CL_BBG000BFQYY3_2021-03-10
2021-06-14 14:29:29 48      CLDR_BBG000DRJFC8_2021-03-10
2021-06-14 14:29:29 50      CLDR: SPYKE!. Candle: ID:5918, Time: 21:05, Close: 14.05
2021-06-14 14:29:29 50      CLDR: SPYKE!. Candle: ID:5925, Time: 21:05, Close: 13.5
2021-06-14 14:29:29 50      CLDR: SPYKE!. Candle: ID:5932, Time: 21:05, Close: 12.75
2021-06-14 14:29:29 50      CLDT_BBG000PT6BR8_2021-03-10
2021-06-14 14:29:29 51      CLF_BBG000BFRF55_2021-03-10
2021-06-14 14:29:29 54      CLGX_BBG000C2H3F0_2021-03-10
2021-06-14 14:29:29 55      CLH_BBG000BFRRX8_2021-03-10
2021-06-14 14:29:29 56      CLR_BBG000BHBGN6_2021-03-10
2021-06-14 14:29:29 57      CLX_BBG000BFS7D3_2021-03-10
2021-06-14 14:29:29 58      CMA_BBG000C75N77_2021-03-10
2021-06-14 14:29:29 60      CMC_BBG000BFSND8_2021-03-10
2021-06-14 14:29:29 61      CMCO_BBG000BCWWV0_2021-03-10
2021-06-14 14:29:29 62      CMCSA_BBG000BFT2L4_2021-03-10
2021-06-14 14:29:29 69      CME_BBG000BHLYP4_2021-03-10
2021-06-14 14:29:29 71      CMG_BBG000QX74T1_2021-03-10
2021-06-14 14:29:29 73      CMI_BBG000BGPTV6_2021-03-10
2021-06-14 14:29:29 74      CMP_BBG000C42WS4_2021-03-10
2021-06-14 14:29:29 75      CMS_BBG000BFVXX0_2021-03-10
2021-06-14 14:29:29 78      CNC_BBG000BDXCJ5_2021-03-10
2021-06-14 14:29:29 80      CNK_BBG000QDVR53_2021-03-10
2021-06-14 14:29:29 84      CNP_BBG000FDBX90_2021-03-10
2021-06-14 14:29:29 86      CNS_BBG000BB0WG4_2021-03-10
2021-06-14 14:29:29 87      CNST_BBG000R1H6P8_2021-03-10
2021-06-14 14:29:29 88      CNXC_BBG00RCNQMX3_2021-03-10
2021-06-14 14:29:29 89      CNXN_BBG000BX74M4_2021-03-10
2021-06-14 14:29:29 90      COF_BBG000BGKTF9_2021-03-10
2021-06-14 14:29:29 91      COG_BBG000C3GN47_2021-03-10
2021-06-14 14:29:29 93      COHR_BBG000BG1DH3_2021-03-10
2021-06-14 14:29:29 94      COKE_BBG000BG1SX2_2021-03-10
2021-06-14 14:29:29 95      COLM_BBG000BKKQ84_2021-03-10
2021-06-14 14:29:29 96      CONE_BBG0038V5TX1_2021-03-10
2021-06-14 14:29:29 97      COO_BBG000BG3445_2021-03-10
2021-06-14 14:29:29 98      COP_BBG000BQQH30_2021-03-10
2021-06-14 14:29:30 03      CORR_BBG000CN80Y9_2021-03-10
2021-06-14 14:29:30 05      CORT_BBG000BKJG33_2021-03-10
2021-06-14 14:29:30 06      COST_BBG000F6H8W8_2021-03-10
2021-06-14 14:29:30 11      COTY_BBG000F395V1_2021-03-10
2021-06-14 14:29:30 11      COTY: BuyPending. Strategy: MorningOpenStrategy. Price: 8.2. Lots: 30. ChangeOpenToCurrent: -3.53. ChangePrevCloseToCurrent: -3.98. Candle: ID:4, Time: 4:00, Close: 8.2.
2021-06-14 14:29:30 11      COTY: OrderID: 9a7d2ee3. PlacedOrder. Status: New. RejectReason: 
2021-06-14 14:29:30 12      COTY: Cancel order. Did not bought at market open. Candle: ID:56, Time: 4:05, Close: 8.4
2021-06-14 14:29:30 12      OrderID: 9a7d2ee3 successfully canceled
2021-06-14 14:29:30 13      COUP_BBG001J4BCN4_2021-03-10
2021-06-14 14:29:30 15      CPB_BBG000BG4202_2021-03-10
2021-06-14 14:29:30 17      CPRI_BBG0029SNR63_2021-03-10
2021-06-14 14:29:30 19      CPRT_BBG000BM9RH1_2021-03-10
2021-06-14 14:29:30 21      CPS_BBG000PSXT64_2021-03-10
2021-06-14 14:29:30 21      CR_BBG000BG7423_2021-03-10
2021-06-14 14:29:30 22      CREE_BBG000BG14P4_2021-03-10
2021-06-14 14:29:30 24      CRI_BBG000CTM4J9_2021-03-10
2021-06-14 14:29:30 25      CRL_BBG000BG5BL8_2021-03-10
2021-06-14 14:29:30 26      CRM_BBG000BN2DC2_2021-03-10
2021-06-14 14:29:30 31      CRMT_BBG000CM6L31_2021-03-10
2021-06-14 14:29:30 31      CROX_BBG000BLY663_2021-03-10
2021-06-14 14:29:30 33      CRS_BBG000BGCQT9_2021-03-10
2021-06-14 14:29:30 34      CRTX_BBG00BTK1DT8_2021-03-10
2021-06-14 14:29:30 34      CRTX: SPYKE!. Candle: ID:221, Time: 14:30, Close: 40.44
2021-06-14 14:29:30 35      CRUS_BBG000C1DHF5_2021-03-10
2021-06-14 14:29:30 37      CRVL_BBG000CVKZY0_2021-03-10
2021-06-14 14:29:30 38      CRWD_BBG00BLYKS03_2021-03-10
2021-06-14 14:29:30 42      CSCO_BBG000C3J3C9_2021-03-10
2021-06-14 14:29:30 48      CSGP_BBG000D7JKW9_2021-03-10
2021-06-14 14:29:30 50      CSGS_BBG000G3TQV2_2021-03-10
2021-06-14 14:29:30 51      CSII_BBG000NWQ9S5_2021-03-10
2021-06-14 14:29:30 52      CSL_BBG000BGGBT8_2021-03-10
2021-06-14 14:29:30 52      CSOD_BBG0016X4XN6_2021-03-10
2021-06-14 14:29:30 53      CSWI_BBG007NLG4L3_2021-03-10
2021-06-14 14:29:30 55      CSX_BBG000BGJRC8_2021-03-10
2021-06-14 14:29:30 58      CTAS_BBG000H3YXF8_2021-03-10
2021-06-14 14:29:30 60      CTB_BBG000BGKXV2_2021-03-10
2021-06-14 14:29:30 61      CTLT_BBG005XR47P5_2021-03-10
2021-06-14 14:29:30 64      CTSH_BBG000BBDV81_2021-03-10
2021-06-14 14:29:30 66      CTVA_BBG00BN969C1_2021-03-10
2021-06-14 14:29:30 68      CTXS_BBG000FQ6PY6_2021-03-10
2021-06-14 14:29:30 70      CVCO_BBG000K4WS65_2021-03-10
2021-06-14 14:29:30 70      CVET_BBG00KR691K8_2021-03-10
2021-06-14 14:29:30 71      CVGW_BBG000BGPQW1_2021-03-10
2021-06-14 14:29:30 72      CVLT_BBG000BG88X9_2021-03-10
2021-06-14 14:29:30 73      CVNA_BBG00GCTWDJ3_2021-03-10
2021-06-14 14:29:30 74      CVS_BBG000BGRY34_2021-03-10
2021-06-14 14:29:30 77      CVX_BBG000K4ND22_2021-03-10
2021-06-14 14:29:30 86      CW_BBG000BGSPS5_2021-03-10
2021-06-14 14:29:30 87      CWST_BBG000BT0J38_2021-03-10
2021-06-14 14:29:30 88      CWT_BBG000D8KTN6_2021-03-10
2021-06-14 14:29:30 89      D_BBG000BGVW60_2021-03-10
2021-06-14 14:29:30 92      DAL_BBG000R7Z112_2021-03-10
2021-06-14 14:29:30 97      DAR_BBG000BN8ZK8_2021-03-10
2021-06-14 14:29:31 00      DBX_BBG0018SLDN0_2021-03-10
2021-06-14 14:29:31 04      DCI_BBG000BGZP70_2021-03-10
2021-06-14 14:29:31 05      DCPH_BBG00HMJ9H54_2021-03-10
2021-06-14 14:29:31 07      DD_BBG00BN961G4_2021-03-10
2021-06-14 14:29:31 09      DDOG_BBG003NJHZT9_2021-03-10
2021-06-14 14:29:31 12      DDS_BBG000BS4MP5_2021-03-10
2021-06-14 14:29:31 14      DE_BBG000BH1NH9_2021-03-10
2021-06-14 14:29:31 15      DECK_BBG000BKXYX5_2021-03-10
2021-06-14 14:29:31 16      DELL_BBG00DW3SZS1_2021-03-10
2021-06-14 14:29:31 19      DFS_BBG000QBR5J5_2021-03-10
2021-06-14 14:29:31 21      DG_BBG000NV1KK7_2021-03-10
2021-06-14 14:29:31 24      DGX_BBG000BN84F3_2021-03-10
2021-06-14 14:29:31 26      DHI_BBG000DQTXY6_2021-03-10
2021-06-14 14:29:31 29      DHR_BBG000BH3JF8_2021-03-10
2021-06-14 14:29:31 31      DIOD_BBG000G25P51_2021-03-10
2021-06-14 14:29:31 32      DIS_BBG000BH4R78_2021-03-10
2021-06-14 14:29:31 40      DISCA_BBG000CHWP52_2021-03-10
2021-06-14 14:29:31 47      DISCB_BBG000F7L5N7_2021-03-10
2021-06-14 14:29:31 47      DISCB: SPYKE!. Candle: ID:95, Time: 17:30, Close: 65.75
2021-06-14 14:29:31 47      DISCB: SPYKE!. Candle: ID:130, Time: 20:25, Close: 69.7
2021-06-14 14:29:31 47      DISCB: SPYKE!. Candle: ID:131, Time: 20:25, Close: 71
2021-06-14 14:29:31 47      DISCB: SPYKE!. Candle: ID:153, Time: 21:00, Close: 67.21
2021-06-14 14:29:31 47      DISCB: SPYKE!. Candle: ID:154, Time: 21:00, Close: 67.21
2021-06-14 14:29:31 47      DISCK_BBG000VMWHH5_2021-03-10
2021-06-14 14:29:31 54      DK_BBG00FZYFVC5_2021-03-10
2021-06-14 14:29:31 55      DKNG_BBG00TCBG714_2021-03-10
2021-06-14 14:29:31 72      DKS_BBG000F6ZWH2_2021-03-10
2021-06-14 14:29:31 74      DLB_BBG000DGLTG5_2021-03-10
2021-06-14 14:29:31 75      DLR_BBG000Q5ZRM7_2021-03-10
2021-06-14 14:29:31 76      DLTH_BBG002GBMZG4_2021-03-10
2021-06-14 14:29:31 77      DLTR_BBG000BSC0K9_2021-03-10
2021-06-14 14:29:31 79      DLX_BBG000BH6360_2021-03-10
2021-06-14 14:29:31 81      DNLI_BBG008P7F869_2021-03-10
2021-06-14 14:29:31 82      DNOW_BBG005BLN209_2021-03-10
2021-06-14 14:29:31 83      DOCU_BBG000N7KJX8_2021-03-10
2021-06-14 14:29:31 88      DORM_BBG000BM22F5_2021-03-10
2021-06-14 14:29:31 89      DOV_BBG000BHB3M6_2021-03-10
2021-06-14 14:29:31 90      DOW_BBG00BN96922_2021-03-10
2021-06-14 14:29:31 93      DPZ_BBG000P458P3_2021-03-10
2021-06-14 14:29:31 94      DRE_BBG000BHD8S7_2021-03-10
2021-06-14 14:29:31 95      DRI_BBG000BBNYF6_2021-03-10
2021-06-14 14:29:31 97      DRNA_BBG001J1DB23_2021-03-10
2021-06-14 14:29:31 98      DRQ_BBG000BVDBY2_2021-03-10
2021-06-14 14:29:31 99      DT_BBG00PNN7C40_2021-03-10
2021-06-14 14:29:32 00      DVA_BBG000MQ1SN9_2021-03-10
2021-06-14 14:29:32 02      DVN_BBG000BBVJZ8_2021-03-10
2021-06-14 14:29:32 06      DXC_BBG00FN64XT9_2021-03-10
2021-06-14 14:29:32 08      DXCM_BBG000QTF8K1_2021-03-10
2021-06-14 14:29:32 10      DY_BBG000C4SKT1_2021-03-10
2021-06-14 14:29:32 11      EA_BBG000BP0KQ8_2021-03-10
2021-06-14 14:29:32 14      EAT_BBG000BK28N7_2021-03-10
2021-06-14 14:29:32 15      EBAY_BBG000C43RR5_2021-03-10
2021-06-14 14:29:32 21      EBS_BBG000GW06J7_2021-03-10
2021-06-14 14:29:32 22      ECHO_BBG000RFP8W6_2021-03-10
2021-06-14 14:29:32 23      ECL_BBG000BHKYH4_2021-03-10
2021-06-14 14:29:32 24      ECPG_BBG000F369C7_2021-03-10
2021-06-14 14:29:32 25      ED_BBG000BHLYS1_2021-03-10
2021-06-14 14:29:32 27      EDIT_BBG005MX5GZ2_2021-03-10
2021-06-14 14:29:32 30      EEFT_BBG000BMNBY1_2021-03-10
2021-06-14 14:29:32 31      EFX_BBG000BHPL78_2021-03-10
2021-06-14 14:29:32 32      EGHT_BBG000BCGHH7_2021-03-10
2021-06-14 14:29:32 33      EGRX_BBG005Y3XWH9_2021-03-10
2021-06-14 14:29:32 34      EHTH_BBG000P5JQX6_2021-03-10
2021-06-14 14:29:32 36      EIX_BBG000D7RKJ5_2021-03-10
2021-06-14 14:29:32 37      EL_BBG000FKJRC5_2021-03-10
2021-06-14 14:29:32 39      ELAN_BBG00LJYS1P8_2021-03-10
2021-06-14 14:29:32 40      ELS_BBG000BB7SX7_2021-03-10
2021-06-14 14:29:32 41      EME_BBG000BBRPL4_2021-03-10
2021-06-14 14:29:32 42      EMN_BBG000BLW530_2021-03-10
2021-06-14 14:29:32 43      EMR_BBG000BHX7N2_2021-03-10
2021-06-14 14:29:32 45      ENDP_BBG000C0HQ54_2021-03-10
2021-06-14 14:29:32 47      ENPH_BBG001R3MNY9_2021-03-10
2021-06-14 14:29:32 52      ENR_BBG006FCB019_2021-03-10
2021-06-14 14:29:32 54      ENS_BBG000PWTD92_2021-03-10
2021-06-14 14:29:32 54      ENTA_BBG001V9NSB4_2021-03-10
2021-06-14 14:29:32 55      ENTG_BBG000CTV4N4_2021-03-10
2021-06-14 14:29:32 56      ENTG: SPYKE!. Candle: ID:19, Time: 14:25, Close: 103.75
2021-06-14 14:29:32 58      ENV_BBG000Q4NZ54_2021-03-10
2021-06-14 14:29:32 59      EOG_BBG000BZ9223_2021-03-10
2021-06-14 14:29:32 61      EPAM_BBG000MHTV89_2021-03-10
2021-06-14 14:29:32 62      EPAY_BBG000BRNH31_2021-03-10
2021-06-14 14:29:32 63      EPC_BBG000BRW644_2021-03-10
2021-06-14 14:29:32 64      EQIX_BBG000MBDGM6_2021-03-10
2021-06-14 14:29:32 67      EQT_BBG000BHZ5J9_2021-03-10
2021-06-14 14:29:32 70      ERIE_BBG000BBTJZ1_2021-03-10
2021-06-14 14:29:32 71      ES_BBG000BQ87N0_2021-03-10
2021-06-14 14:29:32 72      ESPR_BBG004KB3S72_2021-03-10
2021-06-14 14:29:32 74      ESS_BBG000CGJMB9_2021-03-10
2021-06-14 14:29:32 75      ET_BBG000BM2FL9_2021-03-10
2021-06-14 14:29:32 80      ETN_BBG000BJ3PD2_2021-03-10
2021-06-14 14:29:32 82      ETR_BBG000C1FQS9_2021-03-10
2021-06-14 14:29:32 84      ETRN_BBG00K53L394_2021-03-10
2021-06-14 14:29:32 86      ETSY_BBG000N7MXL8_2021-03-10
2021-06-14 14:29:32 89      EVBG_BBG0022FMPD5_2021-03-10
2021-06-14 14:29:32 90      EVER_BBG00F17NDH7_2021-03-10
2021-06-14 14:29:32 91      EVH_BBG005CHLM96_2021-03-10
2021-06-14 14:29:32 92      EVR_BBG000BP30Y0_2021-03-10
2021-06-14 14:29:32 93      EVRG_BBG00H433CR2_2021-03-10
2021-06-14 14:29:32 94      EW_BBG000BRXP69_2021-03-10
2021-06-14 14:29:32 96      EWBC_BBG000CR20B1_2021-03-10
2021-06-14 14:29:32 97      EXAS_BBG000CWL0F5_2021-03-10
2021-06-14 14:29:32 99      EXC_BBG000J6XT05_2021-03-10
2021-06-14 14:29:33 03      EXEL_BBG000BQ4WF8_2021-03-10
2021-06-14 14:29:33 04      EXLS_BBG000NS3P30_2021-03-10
2021-06-14 14:29:33 05      EXP_BBG000BJW241_2021-03-10
2021-06-14 14:29:33 06      EXPD_BBG000BJ5GK2_2021-03-10
2021-06-14 14:29:33 08      EXPE_BBG000QY3XZ2_2021-03-10
2021-06-14 14:29:33 10      EXR_BBG000PV27K3_2021-03-10
2021-06-14 14:29:33 11      EYE_BBG00HVQF9K2_2021-03-10
2021-06-14 14:29:33 13      F_BBG000BQPC32_2021-03-10
2021-06-14 14:29:33 16      FANG_BBG002PHSYX9_2021-03-10
2021-06-14 14:29:33 19      FARO_BBG000BJD7C2_2021-03-10
2021-06-14 14:29:33 19      FAST_BBG000BJ8YN7_2021-03-10
2021-06-14 14:29:33 23      FATE_BBG000QP35H2_2021-03-10
2021-06-14 14:29:33 25      FB_BBG000MM2P62_2021-03-10
2021-06-14 14:29:33 40      FBHS_BBG001B4BV87_2021-03-10
2021-06-14 14:29:33 42      FCFS_BBG000DNF659_2021-03-10
2021-06-14 14:29:33 43      FCN_BBG000K88H58_2021-03-10
2021-06-14 14:29:33 44      FCX_BBG000BJDB15_2021-03-10
2021-06-14 14:29:33 52      FDS_BBG000BDJL83_2021-03-10
2021-06-14 14:29:33 53      FDX_BBG000BJF1Z8_2021-03-10
2021-06-14 14:29:33 55      FELE_BBG000BJGGV8_2021-03-10
2021-06-14 14:29:33 56      FFIV_BBG000CXYSZ6_2021-03-10
2021-06-14 14:29:33 58      FGEN_BBG000FW5ZL6_2021-03-10
2021-06-14 14:29:33 60      FICO_BBG000DW76Y6_2021-03-10
2021-06-14 14:29:33 61      FIS_BBG000BK2F42_2021-03-10
2021-06-14 14:29:33 64      FISV_BBG000BJKPG0_2021-03-10
2021-06-14 14:29:33 68      FITB_BBG000BJL3N0_2021-03-10
2021-06-14 14:29:33 72      FIVN_BBG001KHJM17_2021-03-10
2021-06-14 14:29:33 73      FIZZ_BBG000BF8CB6_2021-03-10
2021-06-14 14:29:33 74      FL_BBG000BX8DC4_2021-03-10
2021-06-14 14:29:33 76      FLIR_BBG000BHK836_2021-03-10
2021-06-14 14:29:33 78      FLOW_BBG007FL7ZD2_2021-03-10
2021-06-14 14:29:33 79      FLR_BBG000BB1TH9_2021-03-10
2021-06-14 14:29:33 81      FLS_BBG000FFH4P5_2021-03-10
2021-06-14 14:29:33 82      FLT_BBG000GPXKX9_2021-03-10
2021-06-14 14:29:33 83      FLWS_BBG000BBR9P6_2021-03-10
2021-06-14 14:29:33 84      FMC_BBG000BJP882_2021-03-10
2021-06-14 14:29:33 86      FND_BBG007GJ2F81_2021-03-10
2021-06-14 14:29:33 87      FNKO_BBG00HXSHDQ9_2021-03-10
2021-06-14 14:29:33 89      FOCS_BBG00L0YTFN8_2021-03-10
2021-06-14 14:29:33 90      FOE_BBG000BJQK11_2021-03-10
2021-06-14 14:29:33 91      FOLD_BBG000PLF6N0_2021-03-10
2021-06-14 14:29:33 94      FORM_BBG000D1Y3P1_2021-03-10
2021-06-14 14:29:33 96      FORR_BBG000HGNYG8_2021-03-10
2021-06-14 14:29:33 97      FOX_BBG00JHNKJY8_2021-03-10
2021-06-14 14:29:33 98      FOXA_BBG00JHNJW99_2021-03-10
2021-06-14 14:29:34 01      FOXF_BBG004T7VS53_2021-03-10
2021-06-14 14:29:34 02      FRHC_BBG000N625H8_2021-03-10
2021-06-14 14:29:34 04      FRPH_BBG000HCVWW4_2021-03-10
2021-06-14 14:29:34 04      FRPT_BBG001D0HB36_2021-03-10
2021-06-14 14:29:34 08      FSLR_BBG000BFL116_2021-03-10
2021-06-14 14:29:34 12      FSLY_BBG004NLQHL0_2021-03-10
2021-06-14 14:29:34 15      FTCH_BBG00LSD4456_2021-03-10
2021-06-14 14:29:34 19      FTI_BBG00DL8NMV2_2021-03-10
2021-06-14 14:29:34 23      FTNT_BBG000BCMBG4_2021-03-10
2021-06-14 14:29:34 26      FTV_BBG00BLVZ228_2021-03-10
2021-06-14 14:29:34 28      FUL_BBG000BJZ7V7_2021-03-10
2021-06-14 14:29:34 29      GATX_BBG000BKGXQ4_2021-03-10
2021-06-14 14:29:34 30      GBCI_BBG000C3KB84_2021-03-10
2021-06-14 14:29:34 32      GBT_BBG00341H6M0_2021-03-10
2021-06-14 14:29:34 33      GBX_BBG000CF5097_2021-03-10
2021-06-14 14:29:34 34      GCO_BBG000BK5S78_2021-03-10
2021-06-14 14:29:34 35      GCP_BBG0082W8Q12_2021-03-10
2021-06-14 14:29:34 36      GD_BBG000BK67C7_2021-03-10
2021-06-14 14:29:34 38      GDDY_BBG006MDLY05_2021-03-10
2021-06-14 14:29:34 39      GDOT_BBG000QDJT53_2021-03-10
2021-06-14 14:29:34 40      GE_BBG000BK6MB5_2021-03-10
2021-06-14 14:29:34 50      GEF_BBG000BLFNC0_2021-03-10
2021-06-14 14:29:34 52      GGG_BBG000BK9W84_2021-03-10
2021-06-14 14:29:34 53      GH_BBG006D97VY9_2021-03-10
2021-06-14 14:29:34 54      GH: SPYKE!. Candle: ID:26, Time: 13:20, Close: 126.56
2021-06-14 14:29:34 55      GHC_BBG000C3FGH9_2021-03-10
2021-06-14 14:29:34 56      GILD_BBG000CKGBP2_2021-03-10
2021-06-14 14:29:34 62      GIS_BBG000BKCFC2_2021-03-10
2021-06-14 14:29:34 66      GKOS_BBG000WG2LQ1_2021-03-10
2021-06-14 14:29:34 67      GL_BBG000BVD6X4_2021-03-10
2021-06-14 14:29:34 68      GLW_BBG000BKFZM4_2021-03-10
2021-06-14 14:29:34 70      GM_BBG000NDYB67_2021-03-10
2021-06-14 14:29:34 77      GMED_BBG002V87SD0_2021-03-10
2021-06-14 14:29:34 77      GMS_BBG009Q036D0_2021-03-10
2021-06-14 14:29:34 78      GNL_BBG004HXD0G8_2021-03-10
2021-06-14 14:29:34 80      GNRC_BBG000PQ4W72_2021-03-10
2021-06-14 14:29:34 81      GO_BBG00P4R3079_2021-03-10
2021-06-14 14:29:34 83      GOOG_BBG009S3NB30_2021-03-10
2021-06-14 14:29:34 89      GOOGL_BBG009S39JX6_2021-03-10
2021-06-14 14:29:34 94      GOSS_BBG00MVWLLM2_2021-03-10
2021-06-14 14:29:34 96      GPC_BBG000BKL348_2021-03-10
2021-06-14 14:29:34 98      GPI_BBG000BB88K4_2021-03-10
2021-06-14 14:29:34 99      GPN_BBG000CX0P89_2021-03-10
2021-06-14 14:29:35 01      GPS_BBG000BKLH74_2021-03-10
2021-06-14 14:29:35 06      GRA_BBG000BB8PG1_2021-03-10
2021-06-14 14:29:35 06      GRMN_BBG000C4LN67_2021-03-10
2021-06-14 14:29:35 09      GRUB_BBG001KWG293_2021-03-10
2021-06-14 14:29:35 11      GS_BBG000C6CFJ5_2021-03-10
2021-06-14 14:29:35 14      GSH_BBG000GLG0G0_2021-03-10
2021-06-14 14:29:35 14      GSKY_BBG00KT2SCV8_2021-03-10
2021-06-14 14:29:35 16      GSKY: SPYKE!. Candle: ID:1102, Time: 14:15, Close: 6.01
2021-06-14 14:29:35 16      GSKY: SPYKE!. Candle: ID:1322, Time: 14:20, Close: 6.6
2021-06-14 14:29:35 17      GT_BBG000BKNX95_2021-03-10
2021-06-14 14:29:35 19      GTHX_BBG005F1DK91_2021-03-10
2021-06-14 14:29:35 23      GTLS_BBG000P1K2X6_2021-03-10
2021-06-14 14:29:35 24      GTN_BBG000DSQLQ0_2021-03-10
2021-06-14 14:29:35 25      GVA_BBG000DVB833_2021-03-10
2021-06-14 14:29:35 26      GWRE_BBG001C7PM75_2021-03-10
2021-06-14 14:29:35 28      GWW_BBG000BKR1D6_2021-03-10
2021-06-14 14:29:35 29      H_BBG000CVRFS4_2021-03-10
2021-06-14 14:29:35 30      HA_BBG000BC4185_2021-03-10
2021-06-14 14:29:35 31      HAE_BBG000C7TF41_2021-03-10
2021-06-14 14:29:35 32      HAIN_BBG000BQW085_2021-03-10
2021-06-14 14:29:35 33      HAL_BBG000BKTFN2_2021-03-10
2021-06-14 14:29:35 37      HALO_BBG000CZ8W54_2021-03-10
2021-06-14 14:29:35 39      HAS_BBG000BKVJK4_2021-03-10
2021-06-14 14:29:35 40      HBAN_BBG000BKWSR6_2021-03-10
2021-06-14 14:29:35 42      HBI_BBG000D2ZTS8_2021-03-10
2021-06-14 14:29:35 45      HCA_BBG000QW7VC1_2021-03-10
2021-06-14 14:29:35 46      HCCI_BBG000CCFB17_2021-03-10
2021-06-14 14:29:35 47      HCSG_BBG000BKYVF0_2021-03-10
2021-06-14 14:29:35 49      HD_BBG000BKZB36_2021-03-10
2021-06-14 14:29:35 52      HEAR_BBG000BM6N47_2021-03-10
2021-06-14 14:29:35 54      HEI_BBG000BL16Q7_2021-03-10
2021-06-14 14:29:35 55      HES_BBG000BBD070_2021-03-10
2021-06-14 14:29:35 57      HFC_BBG000BL9JQ1_2021-03-10
2021-06-14 14:29:35 58      HGV_BBG00CBYY6M1_2021-03-10
2021-06-14 14:29:35 59      HHC_BBG000MJRJJ2_2021-03-10
2021-06-14 14:29:35 60      HHR_BBG00KHGQ0H4_2021-03-10
2021-06-14 14:29:35 61      HIBB_BBG000H001V3_2021-03-10
2021-06-14 14:29:35 62      HIG_BBG000G0Z878_2021-03-10
2021-06-14 14:29:35 64      HII_BBG001KJ2HM9_2021-03-10
2021-06-14 14:29:35 65      HLT_BBG0058KMH30_2021-03-10
2021-06-14 14:29:35 67      HNP_BBG000BX5YM0_2021-03-10
2021-06-14 14:29:35 68      HOG_BBG000BKZTP3_2021-03-10
2021-06-14 14:29:35 70      HOLX_BBG000C3NTN5_2021-03-10
2021-06-14 14:29:35 74      HON_BBG000H556T9_2021-03-10
2021-06-14 14:29:35 77      HP_BBG000BLCPY4_2021-03-10
2021-06-14 14:29:35 79      HPE_BBG0078W3NQ3_2021-03-10
2021-06-14 14:29:35 81      HPQ_BBG000KHWT55_2021-03-10
2021-06-14 14:29:35 85      HQY_BBG000TYXCT9_2021-03-10
2021-06-14 14:29:35 86      HRB_BBG000BLDV98_2021-03-10
2021-06-14 14:29:35 89      HRC_BBG000BKWCS0_2021-03-10
2021-06-14 14:29:35 90      HRL_BBG000BLF8D2_2021-03-10
2021-06-14 14:29:35 91      HRTX_BBG000G2GJT7_2021-03-10
2021-06-14 14:29:35 93      HSC_BBG000BLH3P8_2021-03-10
2021-06-14 14:29:35 94      HSIC_BBG000BNMMJ3_2021-03-10
2021-06-14 14:29:35 96      HSKA_BBG000BWFH48_2021-03-10
2021-06-14 14:29:35 96      HST_BBG000BL8804_2021-03-10
2021-06-14 14:29:35 99      HSY_BBG000BLHRS2_2021-03-10
2021-06-14 14:29:36 00      HTA_BBG000PRJCX9_2021-03-10
2021-06-14 14:29:36 01      HTHT_BBG000QFPM65_2021-03-10
2021-06-14 14:29:36 03      HUBB_BBG000BLK267_2021-03-10
2021-06-14 14:29:36 04      HUBG_BBG000G9W6L0_2021-03-10
2021-06-14 14:29:36 05      HUBS_BBG000N7MZ06_2021-03-10
2021-06-14 14:29:36 06      HUM_BBG000BLKK03_2021-03-10
2021-06-14 14:29:36 07      HURN_BBG000PV2M48_2021-03-10
2021-06-14 14:29:36 08      HWM_BBG00DYNJGH9_2021-03-10
2021-06-14 14:29:36 10      HXL_BBG000BLMDQ9_2021-03-10
2021-06-14 14:29:36 11      IAC_BBG000BKQG80_2021-03-10
2021-06-14 14:29:36 12      IART_BBG000BZJQL8_2021-03-10
2021-06-14 14:29:36 13      IBKR_BBG000LV0836_2021-03-10
2021-06-14 14:29:36 14      IBM_BBG000BLNNH6_2021-03-10
2021-06-14 14:29:36 19      IBN_BBG000DRM643_2021-03-10
2021-06-14 14:29:36 20      IBP_BBG005TJKDZ6_2021-03-10
2021-06-14 14:29:36 21      ICE_BBG000C1FB75_2021-03-10
2021-06-14 14:29:36 22      ICPT_BBG001J1QN87_2021-03-10
2021-06-14 14:29:36 24      ICPT: SPYKE!. Candle: ID:448, Time: 13:00, Close: 22.04
2021-06-14 14:29:36 26      ICUI_BBG000CQV2N4_2021-03-10
2021-06-14 14:29:36 27      IDCC_BBG000HLJ7M4_2021-03-10
2021-06-14 14:29:36 28      IDXX_BBG000BLRT07_2021-03-10
2021-06-14 14:29:36 30      IEX_BBG000C1HN22_2021-03-10
2021-06-14 14:29:36 31      IFF_BBG000BLSL58_2021-03-10
2021-06-14 14:29:36 33      IGMS_BBG00PNR1BT2_2021-03-10
2021-06-14 14:29:36 35      IIPR_BBG00F0SW7N8_2021-03-10
2021-06-14 14:29:36 36      IIVI_BBG000BLW102_2021-03-10
2021-06-14 14:29:36 38      ILMN_BBG000DSMS70_2021-03-10
2021-06-14 14:29:36 40      INCY_BBG000BNPSQ9_2021-03-10
2021-06-14 14:29:36 42      INDB_BBG000BM0597_2021-03-10
2021-06-14 14:29:36 43      INFO_BBG006G063F9_2021-03-10
2021-06-14 14:29:36 45      INGN_BBG0021PH456_2021-03-10
2021-06-14 14:29:36 46      INGR_BBG000BXPZB7_2021-03-10
2021-06-14 14:29:36 47      INMD_BBG00PPS73P4_2021-03-10
2021-06-14 14:29:36 49      INSP_BBG00209SZJ7_2021-03-10
2021-06-14 14:29:36 49      INTC_BBG000C0G1D1_2021-03-10
2021-06-14 14:29:36 64      INTU_BBG000BH5DV1_2021-03-10
2021-06-14 14:29:36 67      INVH_BBG00FQH6BS9_2021-03-10
2021-06-14 14:29:36 69      IONS_BBG000JH6683_2021-03-10
2021-06-14 14:29:36 71      IOSP_BBG000BMFNP4_2021-03-10
2021-06-14 14:29:36 73      IOVA_BBG000FTLBV7_2021-03-10
2021-06-14 14:29:36 76      IP_BBG000BM5SR2_2021-03-10
2021-06-14 14:29:36 79      IPAR_BBG000GCSWR5_2021-03-10
2021-06-14 14:29:36 80      IPG_BBG000C90DH9_2021-03-10
2021-06-14 14:29:36 82      IPGP_BBG000DCGRL8_2021-03-10
2021-06-14 14:29:36 83      IQV_BBG00333FYS2_2021-03-10
2021-06-14 14:29:36 84      IR_BBG002R1CW27_2021-03-10
2021-06-14 14:29:36 86      IRBT_BBG000HXJB21_2021-03-10
2021-06-14 14:29:36 87      IRDM_BBG000VC0FC1_2021-03-10
2021-06-14 14:29:36 89      IRM_BBG000KCZPC3_2021-03-10
2021-06-14 14:29:36 90      IRTC_BBG001J19V24_2021-03-10
2021-06-14 14:29:36 92      ISRG_BBG000BJPDZ1_2021-03-10
2021-06-14 14:29:36 93      IT_BBG000BB65D0_2021-03-10
2021-06-14 14:29:36 94      ITCI_BBG0026ZFZC4_2021-03-10
2021-06-14 14:29:36 95      ITGR_BBG000BW6JV4_2021-03-10
2021-06-14 14:29:36 96      ITRI_BBG000BD2167_2021-03-10
2021-06-14 14:29:36 99      ITT_BBG00CVQZQ96_2021-03-10
2021-06-14 14:29:37 00      ITW_BBG000BMBL90_2021-03-10
2021-06-14 14:29:37 01      IVZ_BBG000BY2Y78_2021-03-10
2021-06-14 14:29:37 04      J_BBG000BMFFQ0_2021-03-10
2021-06-14 14:29:37 05      JACK_BBG000GZYVY1_2021-03-10
2021-06-14 14:29:37 06      JBHT_BBG000BMDBZ1_2021-03-10
2021-06-14 14:29:37 07      JBSS_BBG000CHPMY5_2021-03-10
2021-06-14 14:29:37 08      JBT_BBG000VLBCQ1_2021-03-10
2021-06-14 14:29:37 09      JCI_BBG000BVWLJ6_2021-03-10
2021-06-14 14:29:37 12      JCOM_BBG000F3CWW7_2021-03-10
2021-06-14 14:29:37 13      JD_BBG005YHY0Q7_2021-03-10
2021-06-14 14:29:37 19      JEF_BBG000BNHSP9_2021-03-10
2021-06-14 14:29:37 21      JELD_BBG0019GM953_2021-03-10
2021-06-14 14:29:37 22      JJSF_BBG000BMGPW0_2021-03-10
2021-06-14 14:29:37 23      JKHY_BBG000BMH2Q7_2021-03-10
2021-06-14 14:29:37 24      JLL_BBG000C2L2L0_2021-03-10
2021-06-14 14:29:37 26      JNJ_BBG000BMHYD1_2021-03-10
2021-06-14 14:29:37 32      JNPR_BBG000BY33P5_2021-03-10
2021-06-14 14:29:37 33      JOBS_BBG000BJD1D4_2021-03-10
2021-06-14 14:29:37 34      JOUT_BBG000HCXFS4_2021-03-10
2021-06-14 14:29:37 35      JPM_BBG000DMBXR2_2021-03-10
2021-06-14 14:29:37 43      JWN_BBG000G8N9C6_2021-03-10
2021-06-14 14:29:37 45      K_BBG000BMKDM3_2021-03-10
2021-06-14 14:29:37 48      KALU_BBG000PKZDX4_2021-03-10
2021-06-14 14:29:37 49      KBH_BBG000BMLWX8_2021-03-10
2021-06-14 14:29:37 51      KDP_BBG000TJM7F0_2021-03-10
2021-06-14 14:29:37 55      KEP_BBG000BCWG90_2021-03-10
2021-06-14 14:29:37 55      KEX_BBG000BMQCP6_2021-03-10
2021-06-14 14:29:37 56      KEY_BBG000BMQPL1_2021-03-10
2021-06-14 14:29:37 59      KEYS_BBG0059FN811_2021-03-10
2021-06-14 14:29:37 60      KFY_BBG000C5QMB5_2021-03-10
2021-06-14 14:29:37 61      KHC_BBG005CPNTQ2_2021-03-10
2021-06-14 14:29:37 65      KIDS_BBG00HFFRW39_2021-03-10
2021-06-14 14:29:37 66      KIM_BBG000CN3S73_2021-03-10
2021-06-14 14:29:37 68      KLAC_BBG000BMTFR4_2021-03-10
2021-06-14 14:29:37 71      KMB_BBG000BMW2Z0_2021-03-10
2021-06-14 14:29:37 73      KMI_BBG0019JZ882_2021-03-10
2021-06-14 14:29:37 75      KMPR_BBG000H3GDJ8_2021-03-10
2021-06-14 14:29:37 76      KMT_BBG000BMWKC5_2021-03-10
2021-06-14 14:29:37 76      KMX_BBG000BLMZK6_2021-03-10
2021-06-14 14:29:37 78      KNSL_BBG00D8JD9Z9_2021-03-10
2021-06-14 14:29:37 79      KNX_BBG000BFC848_2021-03-10
2021-06-14 14:29:37 81      KO_BBG000BMX289_2021-03-10
2021-06-14 14:29:37 87      KOD_BBG00BVR0D02_2021-03-10
2021-06-14 14:29:37 88      KR_BBG000BMY992_2021-03-10
2021-06-14 14:29:37 91      KRG_BBG000BC2KW8_2021-03-10
2021-06-14 14:29:37 92      KRTX_BBG00NN875G0_2021-03-10
2021-06-14 14:29:37 93      KRYS_BBG00HDGRHH7_2021-03-10
2021-06-14 14:29:37 94      KSU_BBG000BMZ7P7_2021-03-10
2021-06-14 14:29:37 96      KTB_BBG00LPTHYD5_2021-03-10
2021-06-14 14:29:37 97      KWR_BBG000DZS2L9_2021-03-10
2021-06-14 14:29:37 98      L_BBG000C45984_2021-03-10
2021-06-14 14:29:37 99      LAD_BBG000K3BC83_2021-03-10
2021-06-14 14:29:38 01      LANC_BBG000BN1M88_2021-03-10
2021-06-14 14:29:38 01      LASR_BBG0020BCPX5_2021-03-10
2021-06-14 14:29:38 02      LB_BBG000BNGTQ7_2021-03-10
2021-06-14 14:29:38 04      LBRDK_BBG006GNSZW5_2021-03-10
2021-06-14 14:29:38 06      LCII_BBG000DNLMB0_2021-03-10
2021-06-14 14:29:38 07      LDOS_BBG000C23PB0_2021-03-10
2021-06-14 14:29:38 08      LEA_BBG000PTLGZ1_2021-03-10
2021-06-14 14:29:38 10      LECO_BBG000BB72K8_2021-03-10
2021-06-14 14:29:38 11      LEG_BBG000BN53G7_2021-03-10
2021-06-14 14:29:38 12      LEGH_BBG00MJDR6J9_2021-03-10
2021-06-14 14:29:38 12      LEN_BBG000BN5HF7_2021-03-10
2021-06-14 14:29:38 15      LEVI_BBG000BQDF10_2021-03-10
2021-06-14 14:29:38 16      LFC_BBG000BBK4B9_2021-03-10
2021-06-14 14:29:38 17      LFUS_BBG000BGFGT8_2021-03-10
2021-06-14 14:29:38 18      LGIH_BBG0056655S1_2021-03-10
2021-06-14 14:29:38 19      LGND_BBG000BKF014_2021-03-10
2021-06-14 14:29:38 20      LH_BBG000D9DMK0_2021-03-10
2021-06-14 14:29:38 21      LHCG_BBG000G7W420_2021-03-10
2021-06-14 14:29:38 22      LHX_BBG000BLGFJ9_2021-03-10
2021-06-14 14:29:38 23      LII_BBG000BB5B84_2021-03-10
2021-06-14 14:29:38 24      LIN_BBG00GVR8YQ9_2021-03-10
2021-06-14 14:29:38 26      LITE_BBG0073F9RT7_2021-03-10
2021-06-14 14:29:38 29      LKQ_BBG000PXDL44_2021-03-10
2021-06-14 14:29:38 32      LLY_BBG000BNBDC2_2021-03-10
2021-06-14 14:29:38 34      LMT_BBG000C1BW00_2021-03-10
2021-06-14 14:29:38 36      LNN_BBG000FJS1S8_2021-03-10
2021-06-14 14:29:38 37      LNT_BBG000DW4Q75_2021-03-10
2021-06-14 14:29:38 39      LNTH_BBG006Q52RD0_2021-03-10
2021-06-14 14:29:38 40      LOPE_BBG000FV28W9_2021-03-10
2021-06-14 14:29:38 42      LOW_BBG000BNDN65_2021-03-10
2021-06-14 14:29:38 44      LPL_BBG000FJ0RK9_2021-03-10
2021-06-14 14:29:38 45      LPLA_BBG000P2TYL8_2021-03-10
2021-06-14 14:29:38 47      LPSN_BBG000BSV0W5_2021-03-10
2021-06-14 14:29:38 49      LRCX_BBG000BNFLM9_2021-03-10
2021-06-14 14:29:38 53      LRN_BBG000QSXPZ9_2021-03-10
2021-06-14 14:29:38 55      LSCC_BBG000C2D1C1_2021-03-10
2021-06-14 14:29:38 56      LSTR_BBG000BB2KN0_2021-03-10
2021-06-14 14:29:38 57      LSTR: SPYKE!. Candle: ID:17, Time: 14:30, Close: 157.07
2021-06-14 14:29:38 58      LTHM_BBG00LV3NRG0_2021-03-10
2021-06-14 14:29:38 61      LULU_BBG000R8ZVD1_2021-03-10
2021-06-14 14:29:38 65      LUMN_BBG000BGLRN3_2021-03-10
2021-06-14 14:29:38 67      LUV_BBG000BNJHS8_2021-03-10
2021-06-14 14:29:38 70      LVS_BBG000JWD753_2021-03-10
2021-06-14 14:29:38 73      LW_BBG003CVMLQ2_2021-03-10
2021-06-14 14:29:38 75      LYB_BBG000WCFV84_2021-03-10
2021-06-14 14:29:38 79      LYFT_BBG004M9ZHX5_2021-03-10
2021-06-14 14:29:38 84      LYV_BBG000FQ7YR4_2021-03-10
2021-06-14 14:29:38 86      M_BBG000C46HM9_2021-03-10
2021-06-14 14:29:38 88      MA_BBG000F1ZSQ2_2021-03-10
2021-06-14 14:29:38 92      MAA_BBG000BLMY92_2021-03-10
2021-06-14 14:29:38 93      MAC_BBG000BL9C59_2021-03-10
2021-06-14 14:29:38 98      MAN_BBG000BNMHS4_2021-03-10
2021-06-14 14:29:38 99      MANH_BBG000BFV758_2021-03-10
2021-06-14 14:29:39 00      MANT_BBG000BGF8B5_2021-03-10
2021-06-14 14:29:39 01      MANU_BBG0035WV4N9_2021-03-10
2021-06-14 14:29:39 02      MAR_BBG000BGD7W6_2021-03-10
2021-06-14 14:29:39 05      MAS_BBG000BNNKG9_2021-03-10
2021-06-14 14:29:39 07      MASI_BBG000C3W281_2021-03-10
2021-06-14 14:29:39 09      MAT_BBG000BNNYW1_2021-03-10
2021-06-14 14:29:39 12      MATX_BBG000BBK401_2021-03-10
2021-06-14 14:29:39 13      MBT_BBG000CSZKR2_2021-03-10
2021-06-14 14:29:39 14      MBUU_BBG005PXTR70_2021-03-10
2021-06-14 14:29:39 16      MCD_BBG000BNSZP1_2021-03-10
2021-06-14 14:29:39 19      MCHP_BBG000BHCP19_2021-03-10
2021-06-14 14:29:39 22      MCK_BBG000DYGNW7_2021-03-10
2021-06-14 14:29:39 23      MCO_BBG000F86GP6_2021-03-10
2021-06-14 14:29:39 25      MCRI_BBG000BJ0932_2021-03-10
2021-06-14 14:29:39 25      MD_BBG000H8LGK2_2021-03-10
2021-06-14 14:29:39 26      MDB_BBG0022FDRY8_2021-03-10
2021-06-14 14:29:39 30      MDGL_BBG000QS6NV8_2021-03-10
2021-06-14 14:29:39 31      MDLA_BBG001BPKGT0_2021-03-10
2021-06-14 14:29:39 32      MDLZ_BBG000D4LWF6_2021-03-10
2021-06-14 14:29:39 35      MDRX_BBG000BLDXH5_2021-03-10
2021-06-14 14:29:39 38      MDT_BBG000BNWG87_2021-03-10
2021-06-14 14:29:39 43      MED_BBG000BWBW76_2021-03-10
2021-06-14 14:29:39 44      MEDP_BBG0065B7K59_2021-03-10
2021-06-14 14:29:39 45      MEI_BBG000BNY197_2021-03-10
2021-06-14 14:29:39 47      MELI_BBG000GQPB11_2021-03-10
2021-06-14 14:29:39 49      MET_BBG000BB6KF5_2021-03-10
2021-06-14 14:29:39 55      MFGP_BBG00HFWVGN0_2021-03-10
2021-06-14 14:29:39 61      MGLN_BBG000BD6DD9_2021-03-10
2021-06-14 14:29:39 63      MGM_BBG000C2BXK4_2021-03-10
2021-06-14 14:29:39 66      MGY_BBG00GNC8DL2_2021-03-10
2021-06-14 14:29:39 68      MHK_BBG000FLZN98_2021-03-10
2021-06-14 14:29:39 70      MHO_BBG000BL9MZ4_2021-03-10
2021-06-14 14:29:39 70      MIDD_BBG000DQN9R3_2021-03-10
2021-06-14 14:29:39 72      MKC_BBG000G6Y5W4_2021-03-10
2021-06-14 14:29:39 73      MKL_BBG000FC7366_2021-03-10
2021-06-14 14:29:39 74      MKSI_BBG000BVMG26_2021-03-10
2021-06-14 14:29:39 77      MKTX_BBG000BJBZ23_2021-03-10
2021-06-14 14:29:39 78      MLAB_BBG000BP3PW7_2021-03-10
2021-06-14 14:29:39 79      MLCO_BBG000BHP8J4_2021-03-10
2021-06-14 14:29:39 80      MLHR_BBG000BP46T2_2021-03-10
2021-06-14 14:29:39 82      MLM_BBG000BGYMH7_2021-03-10
2021-06-14 14:29:39 82      MMC_BBG000BP4MH0_2021-03-10
2021-06-14 14:29:39 84      MMI_BBG005GBRSR6_2021-03-10
2021-06-14 14:29:39 84      MMM_BBG000BP52R2_2021-03-10
2021-06-14 14:29:39 87      MMS_BBG000BC5WJ4_2021-03-10
2021-06-14 14:29:39 87      MMSI_BBG000C42VX0_2021-03-10
2021-06-14 14:29:39 88      MNRO_BBG000C0BZD1_2021-03-10
2021-06-14 14:29:39 90      MNST_BBG008NVB1C0_2021-03-10
2021-06-14 14:29:39 91      MO_BBG000BP6LJ8_2021-03-10
2021-06-14 14:29:39 95      MOH_BBG000MBHNC8_2021-03-10
2021-06-14 14:29:39 96      MOMO_BBG007HTCQT0_2021-03-10
2021-06-14 14:29:40 02      MORN_BBG000CGQ4F7_2021-03-10
2021-06-14 14:29:40 03      MOS_BBG000BFXHL6_2021-03-10
2021-06-14 14:29:40 06      MOV_BBG000BL30Y9_2021-03-10
2021-06-14 14:29:40 07      MPC_BBG001DCCGR8_2021-03-10
2021-06-14 14:29:40 11      MPWR_BBG000C30L48_2021-03-10
2021-06-14 14:29:40 13      MRC_BBG000BKLTM1_2021-03-10
2021-06-14 14:29:40 14      MRK_BBG000BPD168_2021-03-10
2021-06-14 14:29:40 17      MRNA_BBG003PHHZT1_2021-03-10
2021-06-14 14:29:40 22      MRO_BBG000C8H633_2021-03-10
2021-06-14 14:29:40 27      MRTX_BBG004TPGBP5_2021-03-10
2021-06-14 14:29:40 28      MS_BBG000BLZRJ2_2021-03-10
2021-06-14 14:29:40 33      MSA_BBG000BPDXF8_2021-03-10
2021-06-14 14:29:40 34      MSCI_BBG000RTDY25_2021-03-10
2021-06-14 14:29:40 35      MSFT_BBG000BPH459_2021-03-10
2021-06-14 14:29:40 70      MSGE_BBG00L9HLWV8_2021-03-10
2021-06-14 14:29:40 71      MSGN_BBG000NS03H7_2021-03-10
2021-06-14 14:29:40 71      MSGN: SPYKE!. Candle: ID:721, Time: 21:10, Close: 19.83
2021-06-14 14:29:40 71      MSGN: SPYKE!. Candle: ID:727, Time: 21:10, Close: 23.46
2021-06-14 14:29:40 71      MSGN: SPYKE!. Candle: ID:728, Time: 21:10, Close: 21.99
2021-06-14 14:29:40 71      MSGN: SPYKE!. Candle: ID:732, Time: 21:10, Close: 23
2021-06-14 14:29:40 71      MSGN: SPYKE!. Candle: ID:741, Time: 21:15, Close: 22.49
2021-06-14 14:29:40 71      MSGN: SPYKE!. Candle: ID:862, Time: 22:15, Close: 20.22
2021-06-14 14:29:40 72      MSGS_BBG007FG0C23_2021-03-10
2021-06-14 14:29:40 73      MSI_BBG000BP8Z50_2021-03-10
2021-06-14 14:29:40 74      MSM_BBG000BCLYL9_2021-03-10
2021-06-14 14:29:40 76      MSTR_BBG000GQJPZ0_2021-03-10
2021-06-14 14:29:40 80      MTB_BBG000D9KWL9_2021-03-10
2021-06-14 14:29:40 81      MTCH_BBG00B6WH9G3_2021-03-10
2021-06-14 14:29:40 84      MTD_BBG000BZCKH3_2021-03-10
2021-06-14 14:29:40 85      MTG_BBG000CBMH27_2021-03-10
2021-06-14 14:29:40 85      MTH_BBG000F4F1N0_2021-03-10
2021-06-14 14:29:40 87      MTN_BBG000BCMWM1_2021-03-10
2021-06-14 14:29:40 88      MTOR_BBG000BH92D1_2021-03-10
2021-06-14 14:29:40 89      MTRN_BBG000BDTT76_2021-03-10
2021-06-14 14:29:40 89      MU_BBG000C5Z1S3_2021-03-10
2021-06-14 14:29:41 04      MUR_BBG000BPMH90_2021-03-10
2021-06-14 14:29:41 06      MUSA_BBG001Z0Q6T5_2021-03-10
2021-06-14 14:29:41 07      MXIM_BBG000BPNP00_2021-03-10
2021-06-14 14:29:41 11      MXL_BBG000BB6R33_2021-03-10
2021-06-14 14:29:41 12      MYGN_BBG000D9H9F1_2021-03-10
2021-06-14 14:29:41 13      MYRG_BBG000BC7VW9_2021-03-10
2021-06-14 14:29:41 14      NARI_BBG009J8K7M0_2021-03-10
2021-06-14 14:29:41 15      NATI_BBG000DZK6N6_2021-03-10
2021-06-14 14:29:41 16      NAVI_BBG004MN1R41_2021-03-10
2021-06-14 14:29:41 18      NBIX_BBG000GJS7C1_2021-03-10
2021-06-14 14:29:41 19      NCBS_BBG000QK0TG5_2021-03-10
2021-06-14 14:29:41 20      NCR_BBG000BMXK89_2021-03-10
2021-06-14 14:29:41 21      NDAQ_BBG000F5VVB6_2021-03-10
2021-06-14 14:29:41 22      NDSN_BBG000BPWGR1_2021-03-10
2021-06-14 14:29:41 23      NEE_BBG000BJSBJ0_2021-03-10
2021-06-14 14:29:41 27      NEM_BBG000BPWXK1_2021-03-10
2021-06-14 14:29:41 30      NEO_BBG000BKH263_2021-03-10
2021-06-14 14:29:41 32      NEOG_BBG000C1BCK2_2021-03-10
2021-06-14 14:29:41 32      NET_BBG001WMKHH5_2021-03-10
2021-06-14 14:29:41 36      NEU_BBG000BJ5SS8_2021-03-10
2021-06-14 14:29:41 37      NEWR_BBG001NFKJ68_2021-03-10
2021-06-14 14:29:41 37      NFLX_BBG000CL9VN6_2021-03-10
2021-06-14 14:29:41 42      NGVT_BBG009LM28K6_2021-03-10
2021-06-14 14:29:41 42      NJR_BBG000BPZVW9_2021-03-10
2021-06-14 14:29:41 43      NKE_BBG000C5HS04_2021-03-10
2021-06-14 14:29:41 46      NKTR_BBG000BHCYJ1_2021-03-10
2021-06-14 14:29:41 48      NLOK_BBG000BH2JM1_2021-03-10
2021-06-14 14:29:41 49      NLSN_BBG0088CYPX8_2021-03-10
2021-06-14 14:29:41 52      NMIH_BBG005DLMMZ6_2021-03-10
2021-06-14 14:29:41 53      NOC_BBG000BQ2C28_2021-03-10
2021-06-14 14:29:41 54      NOK_BBG000BNGBW9_2021-03-10
2021-06-14 14:29:41 57      NOV_BBG000BJX8C8_2021-03-10
2021-06-14 14:29:41 59      NOW_BBG000M1R011_2021-03-10
2021-06-14 14:29:41 61      NP_BBG000QCQ764_2021-03-10
2021-06-14 14:29:41 62      NPK_BBG000BQ4GG2_2021-03-10
2021-06-14 14:29:41 63      NRG_BBG000D8RG11_2021-03-10
2021-06-14 14:29:41 66      NSC_BBG000BQ5DS5_2021-03-10
2021-06-14 14:29:41 67      NSP_BBG000BJ41X2_2021-03-10
2021-06-14 14:29:41 69      NTAP_BBG000FP1N32_2021-03-10
2021-06-14 14:29:41 71      NTCO_BBG00R4ZKPN5_2021-03-10
2021-06-14 14:29:41 72      NTCT_BBG000C136Z8_2021-03-10
2021-06-14 14:29:41 73      NTES_BBG000BX72V8_2021-03-10
2021-06-14 14:29:41 76      NTGR_BBG000C4GBR6_2021-03-10
2021-06-14 14:29:41 77      NTLA_BBG007KC7PB0_2021-03-10
2021-06-14 14:29:41 79      NTNX_BBG001NDW1Z7_2021-03-10
2021-06-14 14:29:41 81      NTRA_BBG001J1BQ86_2021-03-10
2021-06-14 14:29:41 83      NTRS_BBG000BQ74K1_2021-03-10
2021-06-14 14:29:41 84      NTUS_BBG000DPZHS3_2021-03-10
2021-06-14 14:29:41 85      NUE_BBG000BQ8KV2_2021-03-10
2021-06-14 14:29:41 86      NUS_BBG000HG21Y3_2021-03-10
2021-06-14 14:29:41 87      NUVA_BBG000LNL298_2021-03-10
2021-06-14 14:29:41 88      NVDA_BBG000BBJQV0_2021-03-10
2021-06-14 14:29:41 99      NVEE_BBG005BT60Y8_2021-03-10
2021-06-14 14:29:42 00      NVEE: SPYKE!. Candle: ID:557, Time: 21:45, Close: 100
2021-06-14 14:29:42 00      NVR_BBG000BQBYR3_2021-03-10
2021-06-14 14:29:42 01      NVRO_BBG001K61W36_2021-03-10
2021-06-14 14:29:42 02      NVTA_BBG005DJFD43_2021-03-10
2021-06-14 14:29:42 06      NWE_BBG000Q1NMJ4_2021-03-10
2021-06-14 14:29:42 07      NWL_BBG000BQC9V2_2021-03-10
2021-06-14 14:29:42 08      NWLI_BBG008HNHZ07_2021-03-10
2021-06-14 14:29:42 08      NWS_BBG0035M2ZB7_2021-03-10
2021-06-14 14:29:42 10      NWSA_BBG0035LY913_2021-03-10
2021-06-14 14:29:42 12      NXPI_BBG000BND699_2021-03-10
2021-06-14 14:29:42 15      NXST_BBG000DZJVH0_2021-03-10
2021-06-14 14:29:42 16      NYT_BBG000FFC0B3_2021-03-10
2021-06-14 14:29:42 17      O_BBG000DHPN63_2021-03-10
2021-06-14 14:29:42 20      OC_BBG000M44VW8_2021-03-10
2021-06-14 14:29:42 20      ODFL_BBG000CHSS88_2021-03-10
2021-06-14 14:29:42 22      OFIX_BBG000G1C210_2021-03-10
2021-06-14 14:29:42 23      OHI_BBG000BGBTC2_2021-03-10
2021-06-14 14:29:42 24      OI_BBG00R2JZG39_2021-03-10
2021-06-14 14:29:42 24      OII_BBG000CPBCL8_2021-03-10
2021-06-14 14:29:42 26      OIS_BBG000BDDN94_2021-03-10
2021-06-14 14:29:42 27      OKE_BBG000BQHGR6_2021-03-10
2021-06-14 14:29:42 28      OKTA_BBG001YV1SM4_2021-03-10
2021-06-14 14:29:42 32      OLED_BBG000BLRP41_2021-03-10
2021-06-14 14:29:42 33      OLLI_BBG0098VVDT9_2021-03-10
2021-06-14 14:29:42 34      OMC_BBG000BS9489_2021-03-10
2021-06-14 14:29:42 36      OMCL_BBG000BTNGZ4_2021-03-10
2021-06-14 14:29:42 37      ON_BBG000DV7MX4_2021-03-10
2021-06-14 14:29:42 40      ONTO_BBG000BPRN29_2021-03-10
2021-06-14 14:29:42 42      ORCL_BBG000BQLTW7_2021-03-10
2021-06-14 14:29:42 46      ORLY_BBG000BGYWY6_2021-03-10
2021-06-14 14:29:42 48      OSIS_BBG000BWPR54_2021-03-10
2021-06-14 14:29:42 49      OSK_BBG000CC53X1_2021-03-10
2021-06-14 14:29:42 50      OSUR_BBG000J3D1Y8_2021-03-10
2021-06-14 14:29:42 54      OTIS_BBG00RP60KV0_2021-03-10
2021-06-14 14:29:42 55      OVV_BBG00R2NHQ65_2021-03-10
2021-06-14 14:29:42 56      OXY_BBG000BQQ2S6_2021-03-10
2021-06-14 14:29:42 62      PAGS_BBG00JM7QBR6_2021-03-10
2021-06-14 14:29:42 64      PANW_BBG0014GJCT9_2021-03-10
2021-06-14 14:29:42 65      PATK_BBG000BQSBB2_2021-03-10
2021-06-14 14:29:42 66      PAYC_BBG0064N0ZZ5_2021-03-10
2021-06-14 14:29:42 67      PB_BBG000BHY4D9_2021-03-10
2021-06-14 14:29:42 68      PBCT_BBG000BQT4L6_2021-03-10
2021-06-14 14:29:42 69      PBF_BBG002832GV8_2021-03-10
2021-06-14 14:29:42 73      PBH_BBG000QM0RZ4_2021-03-10
2021-06-14 14:29:42 74      PBI_BBG000BQTMJ9_2021-03-10
2021-06-14 14:29:42 75      PCAR_BBG000BQVTF5_2021-03-10
2021-06-14 14:29:42 78      PCG_BBG000BQWPC5_2021-03-10
2021-06-14 14:29:42 79      PCRX_BBG0018FQNS6_2021-03-10
2021-06-14 14:29:42 80      PCTY_BBG006598YS8_2021-03-10
2021-06-14 14:29:42 81      PD_BBG0043BYPB8_2021-03-10
2021-06-14 14:29:42 82      PDCO_BBG000BQY289_2021-03-10
2021-06-14 14:29:42 83      PEAK_BBG000BKYDP9_2021-03-10
2021-06-14 14:29:42 85      PEG_BBG000BQZMH4_2021-03-10
2021-06-14 14:29:42 86      PEGA_BBG000H1RYG7_2021-03-10
2021-06-14 14:29:42 88      PEN_BBG001BP92V1_2021-03-10
2021-06-14 14:29:42 89      PEP_BBG000DH7JK6_2021-03-10
2021-06-14 14:29:42 97      PETQ_BBG00H1CY328_2021-03-10
2021-06-14 14:29:42 98      PFE_BBG000BR2B91_2021-03-10
2021-06-14 14:29:43 01      PFG_BBG000NSCNT7_2021-03-10
2021-06-14 14:29:43 03      PFGC_BBG009XW2WB8_2021-03-10
2021-06-14 14:29:43 04      PFPT_BBG000RQ2GY7_2021-03-10
2021-06-14 14:29:43 06      PG_BBG000BR2TH3_2021-03-10
2021-06-14 14:29:43 11      PGNY_BBG002H1K1H1_2021-03-10
2021-06-14 14:29:43 12      PGR_BBG000BR37X2_2021-03-10
2021-06-14 14:29:43 14      PGTI_BBG000FX3Y66_2021-03-10
2021-06-14 14:29:43 15      PH_BBG000BR3KL6_2021-03-10
2021-06-14 14:29:43 16      PHM_BBG000BR54L0_2021-03-10
2021-06-14 14:29:43 18      PII_BBG000D5S4M0_2021-03-10
2021-06-14 14:29:43 19      PINC_BBG000G7QX50_2021-03-10
2021-06-14 14:29:43 20      PINS_BBG002583CV8_2021-03-10
2021-06-14 14:29:43 26      PIPR_BBG000FQXC75_2021-03-10
2021-06-14 14:29:43 26      PKG_BBG000BB8SW7_2021-03-10
2021-06-14 14:29:43 28      PKI_BBG000FXW512_2021-03-10
2021-06-14 14:29:43 29      PLAN_BBG002DZS299_2021-03-10
2021-06-14 14:29:43 31      PLAY_BBG001WWJTK5_2021-03-10
2021-06-14 14:29:43 32      PLCE_BBG000JK9DK4_2021-03-10
2021-06-14 14:29:43 34      PLD_BBG000B9Z0J8_2021-03-10
2021-06-14 14:29:43 36      PLNT_BBG009H04M17_2021-03-10
2021-06-14 14:29:43 37      PLTR_BBG000N7QR55_2021-03-10
2021-06-14 14:29:43 51      PLUS_BBG000HN7W02_2021-03-10
2021-06-14 14:29:43 52      PLXS_BBG000BRBX66_2021-03-10
2021-06-14 14:29:43 52      PM_BBG000J2XL74_2021-03-10
2021-06-14 14:29:43 55      PNC_BBG000BRD0D8_2021-03-10
2021-06-14 14:29:43 57      PNFP_BBG000C1XKF6_2021-03-10
2021-06-14 14:29:43 58      PNTG_BBG00P33SY72_2021-03-10
2021-06-14 14:29:43 59      PODD_BBG000R7XX87_2021-03-10
2021-06-14 14:29:43 61      POOL_BBG000BCVG28_2021-03-10
2021-06-14 14:29:43 62      POR_BBG000BCRMW7_2021-03-10
2021-06-14 14:29:43 63      POST_BBG001WTBC36_2021-03-10
2021-06-14 14:29:43 64      POWI_BBG000BTT3D1_2021-03-10
2021-06-14 14:29:43 65      PPC_BBG000BFLXV3_2021-03-10
2021-06-14 14:29:43 66      PPG_BBG000BRJ809_2021-03-10
2021-06-14 14:29:43 68      PPL_BBG000BRJL00_2021-03-10
2021-06-14 14:29:43 69      PRAA_BBG000BNTW77_2021-03-10
2021-06-14 14:29:43 70      PRAH_BBG007387YL8_2021-03-10
2021-06-14 14:29:43 71      PRFT_BBG000BVXFK6_2021-03-10
2021-06-14 14:29:43 72      PRG_BBG00VSH86G4_2021-03-10
2021-06-14 14:29:43 73      PRGS_BBG000C4QP94_2021-03-10
2021-06-14 14:29:43 74      PRI_BBG000T8ZF80_2021-03-10
2021-06-14 14:29:43 75      PRLB_BBG000BT13B3_2021-03-10
2021-06-14 14:29:43 76      PRSP_BBG00KMXKWF9_2021-03-10
2021-06-14 14:29:43 77      PRU_BBG000HCJMF9_2021-03-10
2021-06-14 14:29:43 79      PSA_BBG000BPPN67_2021-03-10
2021-06-14 14:29:43 81      PSN_BBG000C3TKY6_2021-03-10
2021-06-14 14:29:43 81      PSTG_BBG00212PVZ5_2021-03-10
2021-06-14 14:29:43 84      PSX_BBG00286S4N9_2021-03-10
2021-06-14 14:29:43 87      PTC_BBG000C2VBB0_2021-03-10
2021-06-14 14:29:43 88      PTCT_BBG000QT15P7_2021-03-10
2021-06-14 14:29:43 89      PTON_BBG00JG0FFZ2_2021-03-10
2021-06-14 14:29:43 95      PTR_BBG000BR85F1_2021-03-10
2021-06-14 14:29:43 96      PUMP_BBG00FYCQ352_2021-03-10
2021-06-14 14:29:43 97      PVH_BBG000BRRG02_2021-03-10
2021-06-14 14:29:43 98      PWR_BBG000BBL8V7_2021-03-10
2021-06-14 14:29:43 99      PXD_BBG000BXRPH1_2021-03-10
2021-06-14 14:29:44 02      PYPL_BBG0077VNXV6_2021-03-10
2021-06-14 14:29:44 09      PYPL: BuyPending. Strategy: MorningOpenStrategy. Price: 237.61. Lots: 1. ChangeOpenToCurrent: -2.82. ChangePrevCloseToCurrent: -2.49. Candle: ID:16, Time: 4:00, Close: 237.61.
2021-06-14 14:29:44 09      PYPL: OrderID: 944e7acf. PlacedOrder. Status: New. RejectReason: 
2021-06-14 14:29:44 09      PYPL: Cancel order. Did not bought at market open. Candle: ID:37, Time: 4:05, Close: 240.88
2021-06-14 14:29:44 09      OrderID: 944e7acf successfully canceled
2021-06-14 14:29:44 13      PZZA_BBG000BFWF13_2021-03-10
2021-06-14 14:29:44 14      QADA_BBG001BP77C3_2021-03-10
2021-06-14 14:29:44 15      QCOM_BBG000CGC1X8_2021-03-10
2021-06-14 14:29:44 23      QDEL_BBG000C6GN04_2021-03-10
2021-06-14 14:29:44 28      QLYS_BBG000HT5G06_2021-03-10
2021-06-14 14:29:44 29      QNST_BBG000S9XXB8_2021-03-10
2021-06-14 14:29:44 30      QRTEA_BBG000PCQQL6_2021-03-10
2021-06-14 14:29:44 34      QRVO_BBG007TJF1N7_2021-03-10
2021-06-14 14:29:44 36      QTS_BBG0054B20Z8_2021-03-10
2021-06-14 14:29:44 37      QTWO_BBG005ZVK9P2_2021-03-10
2021-06-14 14:29:44 37      QUOT_BBG001QYNR63_2021-03-10
2021-06-14 14:29:44 38      R_BBG000BRVP70_2021-03-10
2021-06-14 14:29:44 39      RACE_BBG009PH3Q86_2021-03-10
2021-06-14 14:29:44 40      RAMP_BBG000BB4HM6_2021-03-10
2021-06-14 14:29:44 41      RARE_BBG001RWPDW6_2021-03-10
2021-06-14 14:29:44 42      RAVN_BBG000CXQTZ3_2021-03-10
2021-06-14 14:29:44 43      RBC_BBG000BRXTR8_2021-03-10
2021-06-14 14:29:44 44      RCL_BBG000BB5792_2021-03-10
2021-06-14 14:29:44 46      RDFN_BBG001Q7HP63_2021-03-10
2021-06-14 14:29:44 48      RDS.A_BBG000QXSSS6_2021-03-10
2021-06-14 14:29:44 50      RDY_BBG000NJ96L6_2021-03-10
2021-06-14 14:29:44 51      RE_BBG000C1XVK6_2021-03-10
2021-06-14 14:29:44 51      REG_BBG000BL46Q4_2021-03-10
2021-06-14 14:29:44 53      REGI_BBG0016SSV00_2021-03-10
2021-06-14 14:29:44 56      REGN_BBG000C734W3_2021-03-10
2021-06-14 14:29:44 57      RETA_BBG000R33BD1_2021-03-10
2021-06-14 14:29:44 58      REX_BBG000D2ZK61_2021-03-10
2021-06-14 14:29:44 59      REZI_BBG00HY28K89_2021-03-10
2021-06-14 14:29:44 59      REZI: SPYKE!. Candle: ID:40, Time: 13:45, Close: 29.01
2021-06-14 14:29:44 60      RF_BBG000Q3JN03_2021-03-10
2021-06-14 14:29:44 62      RGA_BBG000BDLCQ0_2021-03-10
2021-06-14 14:29:44 63      RGEN_BBG000BS48J3_2021-03-10
2021-06-14 14:29:44 64      RGLD_BBG000BS5170_2021-03-10
2021-06-14 14:29:44 65      RGNX_BBG007Z9V591_2021-03-10
2021-06-14 14:29:44 66      RGR_BBG000C4FQG6_2021-03-10
2021-06-14 14:29:44 67      RH_BBG002293PJ4_2021-03-10
2021-06-14 14:29:44 68      RHI_BBG000BS5DR2_2021-03-10
2021-06-14 14:29:44 69      RIG_BBG000BH5LT6_2021-03-10
2021-06-14 14:29:44 75      RJF_BBG000BS73J1_2021-03-10
2021-06-14 14:29:44 76      RL_BBG000BS0ZF1_2021-03-10
2021-06-14 14:29:44 78      RMD_BBG000L4M7F1_2021-03-10
2021-06-14 14:29:44 79      RNG_BBG000J094P3_2021-03-10
2021-06-14 14:29:44 80      ROCK_BBG000BKQDQ7_2021-03-10
2021-06-14 14:29:44 82      ROG_BBG000BS9HN3_2021-03-10
2021-06-14 14:29:44 82      ROK_BBG000BBCDZ2_2021-03-10
2021-06-14 14:29:44 83      ROKU_BBG001ZZPQJ6_2021-03-10
2021-06-14 14:29:44 87      ROL_BBG000BSBBP1_2021-03-10
2021-06-14 14:29:44 88      ROLL_BBG000GMGNB3_2021-03-10
2021-06-14 14:29:44 89      ROP_BBG000F1ZSN5_2021-03-10
2021-06-14 14:29:44 90      ROST_BBG000BSBZH7_2021-03-10
2021-06-14 14:29:44 93      RPD_BBG009DFHWG6_2021-03-10
2021-06-14 14:29:44 94      RPM_BBG000DCNK80_2021-03-10
2021-06-14 14:29:44 95      RRBI_BBG000QKNLB2_2021-03-10
2021-06-14 14:29:44 96      RRC_BBG000FVXD63_2021-03-10
2021-06-14 14:29:44 98      RRGB_BBG000MXH9C1_2021-03-10
2021-06-14 14:29:44 99      RS_BBG000CJ2181_2021-03-10
2021-06-14 14:29:45 00      RSG_BBG000BPXVJ6_2021-03-10
2021-06-14 14:29:45 02      RTX_BBG000BW8S60_2021-03-10
2021-06-14 14:29:45 05      RVLV_BBG00M4RHBD0_2021-03-10
2021-06-14 14:29:45 06      RXN_BBG000H8R0N8_2021-03-10
2021-06-14 14:29:45 07      RYN_BBG000BG7L34_2021-03-10
2021-06-14 14:29:45 08      RYTM_BBG007DLZ601_2021-03-10
2021-06-14 14:29:45 09      SAFM_BBG000BSHJ96_2021-03-10
2021-06-14 14:29:45 09      SAGE_BBG0025X16Y5_2021-03-10
2021-06-14 14:29:45 10      SAIA_BBG000P5LMQ0_2021-03-10
2021-06-14 14:29:45 11      SAIC_BBG003BW05K6_2021-03-10
2021-06-14 14:29:45 12      SAIL_BBG00J0BBZL0_2021-03-10
2021-06-14 14:29:45 13      SAM_BBG000BCZBF1_2021-03-10
2021-06-14 14:29:45 14      SAVE_BBG000BF6RQ9_2021-03-10
2021-06-14 14:29:45 15      SAVE: BuyPending. Strategy: MorningOpenStrategy. Price: 36.7. Lots: 6. ChangeOpenToCurrent: -2.65. ChangePrevCloseToCurrent: -1.10. Candle: ID:4, Time: 4:00, Close: 36.7.
2021-06-14 14:29:45 15      SAVE: OrderID: 554bc3da. PlacedOrder. Status: New. RejectReason: 
2021-06-14 14:29:45 15      SAVE: Cancel order. Did not bought at market open. Candle: ID:16, Time: 4:05, Close: 36.98
2021-06-14 14:29:45 15      OrderID: 554bc3da successfully canceled
2021-06-14 14:29:45 16      SBAC_BBG000D2M0Z7_2021-03-10
2021-06-14 14:29:45 17      SBCF_BBG000KK3464_2021-03-10
2021-06-14 14:29:45 19      SBGI_BBG000F2XXP2_2021-03-10
2021-06-14 14:29:45 20      SBH_BBG000LR8515_2021-03-10
2021-06-14 14:29:45 21      SBRA_BBG000MTDW24_2021-03-10
2021-06-14 14:29:45 23      SBUX_BBG000CTQBF3_2021-03-10
2021-06-14 14:29:45 26      SCCO_BBG000BSHH72_2021-03-10
2021-06-14 14:29:45 28      SCHW_BBG000BSLZY7_2021-03-10
2021-06-14 14:29:45 30      SCI_BBG000BTHH16_2021-03-10
2021-06-14 14:29:45 32      SCSC_BBG000BHTPZ4_2021-03-10
2021-06-14 14:29:45 32      SDGR_BBG000T88BN2_2021-03-10
2021-06-14 14:29:45 34      SEDG_BBG0084BBZY6_2021-03-10
2021-06-14 14:29:45 37      SEE_BBG000C22QV7_2021-03-10
2021-06-14 14:29:45 38      SEIC_BBG000BSQLT9_2021-03-10
2021-06-14 14:29:45 39      SF_BBG000BSS5C0_2021-03-10
2021-06-14 14:29:45 40      SFIX_BBG0046L1KL9_2021-03-10
2021-06-14 14:29:45 43      SFM_BBG001KFKQM7_2021-03-10
2021-06-14 14:29:45 45      SGEN_BBG000BH0FR6_2021-03-10
2021-06-14 14:29:45 47      SHAK_BBG0063GCHH8_2021-03-10
2021-06-14 14:29:45 48      SHEN_BBG000BTC2N0_2021-03-10
2021-06-14 14:29:45 49      SHI_BBG000BHR1H9_2021-03-10
2021-06-14 14:29:45 50      SHW_BBG000BSXQV7_2021-03-10
2021-06-14 14:29:45 50      SIG_BBG000C4ZZ10_2021-03-10
2021-06-14 14:29:45 52      SIGI_BBG000BSZ738_2021-03-10
2021-06-14 14:29:45 53      SITE_BBG009T22D49_2021-03-10
2021-06-14 14:29:45 53      SIVB_BBG000BT0CM2_2021-03-10
2021-06-14 14:29:45 55      SJI_BBG000BT0T72_2021-03-10
2021-06-14 14:29:45 56      SJM_BBG000BT1715_2021-03-10
2021-06-14 14:29:45 57      SKM_BBG000BLN497_2021-03-10
2021-06-14 14:29:45 58      SKX_BBG000C4HKK2_2021-03-10
2021-06-14 14:29:45 59      SLAB_BBG000BB99S3_2021-03-10
2021-06-14 14:29:45 61      SLB_BBG000BT41Q8_2021-03-10
2021-06-14 14:29:45 66      SLG_BBG000BVP5P2_2021-03-10
2021-06-14 14:29:45 67      SMAR_BBG00GQK3WB5_2021-03-10
2021-06-14 14:29:45 68      SMG_BBG000BT5PG5_2021-03-10
2021-06-14 14:29:45 69      SMPL_BBG00GVP5JL4_2021-03-10
2021-06-14 14:29:45 70      SMTC_BBG000DBKR53_2021-03-10
2021-06-14 14:29:45 72      SNA_BBG000BT7JW9_2021-03-10
2021-06-14 14:29:45 73      SNAP_BBG00441QMJ7_2021-03-10
2021-06-14 14:29:45 79      SNBR_BBG000DM2BF3_2021-03-10
2021-06-14 14:29:45 79      SNPS_BBG000BSFRF3_2021-03-10
2021-06-14 14:29:45 82      SNX_BBG000CL9JV4_2021-03-10
2021-06-14 14:29:45 82      SNY_BBG000BBD5N1_2021-03-10
2021-06-14 14:29:45 84      SO_BBG000BT9DW0_2021-03-10
2021-06-14 14:29:45 86      SOHU_BBG00L2DB535_2021-03-10
2021-06-14 14:29:45 87      SON_BBG000D7HF89_2021-03-10
2021-06-14 14:29:45 88      SONO_BBG001JZPSQ2_2021-03-10
2021-06-14 14:29:45 91      SP_BBG000BJ91B1_2021-03-10
2021-06-14 14:29:45 92      SPB@US_BBG000DS5588_2021-03-10
2021-06-14 14:29:45 92      SPCE_BBG00HTN2CQ3_2021-03-10
2021-06-14 14:29:46 08      SPCE: BuyPending. Strategy: MorningOpenStrategy. Price: 30. Lots: 8. ChangeOpenToCurrent: -4.76. ChangePrevCloseToCurrent: -1.51. Candle: ID:4, Time: 4:00, Close: 30.
2021-06-14 14:29:46 08      SPCE: OrderID: b658e8dd. PlacedOrder. Status: New. RejectReason: 
2021-06-14 14:29:46 08      SPCE: OrderID: b658e8dd fully executed
2021-06-14 14:29:46 08      SPCE: Buy more. Price: 29.2. Lots: 8. changeFromLastBuy: -2.67. Candle: ID:14, Time: 4:00, Close: 29.2.
2021-06-14 14:29:46 08      SPCE: OrderID: 144ffe18. PlacedOrder. Status: New. RejectReason: 
2021-06-14 14:29:46 08      SPCE: OrderID: 144ffe18 fully executed
2021-06-14 14:29:46 08      SPCE: SPYKE!. Candle: ID:20, Time: 4:00, Close: 28.81
2021-06-14 14:29:46 08      SPCE: SPYKE!. Candle: ID:63, Time: 4:00, Close: 28.93
2021-06-14 14:29:46 08      SPCE: Morning closing. Close price: 30.19. Lots: 16. CandleChange: -0.03%. ChangeFromCandleHigh: -0.10%. Profit: 0.59(1.99%). Candle: ID:314, Time: 4:05, Close: 30.19
2021-06-14 14:29:46 08      SPCE: OrderID: 1ed1ef10. PlacedOrder. Status: New. RejectReason: 
2021-06-14 14:29:46 08      SPCE: OrderID: 1ed1ef10 fully executed
2021-06-14 14:29:46 09      SPCE: SPYKE!. Candle: ID:5499, Time: 7:45, Close: 32.4
2021-06-14 14:29:46 19      SPG_BBG000BJ2D31_2021-03-10
2021-06-14 14:29:46 21      SPGI_BBG000BP1Q11_2021-03-10
2021-06-14 14:29:46 23      SPLK_BBG001C7TST4_2021-03-10
2021-06-14 14:29:46 26      SPOT_BBG003T4VFC2_2021-03-10
2021-06-14 14:29:46 28      SPR_BBG000PRJ2Z9_2021-03-10
2021-06-14 14:29:46 30      SPSC_BBG000PZGB75_2021-03-10
2021-06-14 14:29:46 31      SQ_BBG0018SLC07_2021-03-10
2021-06-14 14:29:46 37      SRC_BBG0027Z6X10_2021-03-10
2021-06-14 14:29:46 38      SRCL_BBG000H3FZM6_2021-03-10
2021-06-14 14:29:46 39      SRDX_BBG000BZ2QG2_2021-03-10
2021-06-14 14:29:46 40      SRE_BBG000C2ZCH8_2021-03-10
2021-06-14 14:29:46 41      SRI_BBG000BB9Q78_2021-03-10
2021-06-14 14:29:46 42      SRPT_BBG000BCJ161_2021-03-10
2021-06-14 14:29:46 44      SSD_BBG000JLC8L8_2021-03-10
2021-06-14 14:29:46 44      SSNC_BBG000RJ2J04_2021-03-10
2021-06-14 14:29:46 46      SSTK_BBG002ZCK2V9_2021-03-10
2021-06-14 14:29:46 47      STAA_BBG000C4QB95_2021-03-10
2021-06-14 14:29:46 48      STAG_BBG000BGLFP7_2021-03-10
2021-06-14 14:29:46 50      STLD_BBG000HGYNZ9_2021-03-10
2021-06-14 14:29:46 52      STMP_BBG000CZ4KF3_2021-03-10
2021-06-14 14:29:46 53      STRA_BBG000GRZDV1_2021-03-10
2021-06-14 14:29:46 54      STT_BBG000BKFBD7_2021-03-10
2021-06-14 14:29:46 56      STX_BBG000F0KF42_2021-03-10
2021-06-14 14:29:46 56      Warning: figi `BBG000F0KF42` for history data does not match actual figi `BBG0113JGQF0`. Ticker: STX. Will be used actual!
2021-06-14 14:29:46 57      STZ_BBG000J1QLT0_2021-03-10
2021-06-14 14:29:46 59      SUPN_BBG000BP0HX7_2021-03-10
2021-06-14 14:29:46 59      SWAV_BBG005XVXML5_2021-03-10
2021-06-14 14:29:46 60      SWBI_BBG000BM0QL7_2021-03-10
2021-06-14 14:29:46 62      SWCH_BBG00HPDM5Z2_2021-03-10
2021-06-14 14:29:46 64      SWI_BBG00M1CKSK7_2021-03-10
2021-06-14 14:29:46 65      SWK_BBG000BTQR96_2021-03-10
2021-06-14 14:29:46 67      SWKS_BBG000KLB4Q1_2021-03-10
2021-06-14 14:29:46 71      SWN_BBG000BTR593_2021-03-10
2021-06-14 14:29:46 75      SWX_BBG00FWP4JW4_2021-03-10
2021-06-14 14:29:46 76      SXI_BBG000BTT5B8_2021-03-10
2021-06-14 14:29:46 76      SXT_BBG000J79P80_2021-03-10
2021-06-14 14:29:46 77      SYF_BBG00658F3P3_2021-03-10
2021-06-14 14:29:46 80      SYK_BBG000DN7P92_2021-03-10
2021-06-14 14:29:46 81      SYKE_BBG000BBHPV4_2021-03-10
2021-06-14 14:29:46 82      SYNA_BBG000BQV1S2_2021-03-10
2021-06-14 14:29:46 83      SYNH_BBG0078Y1D92_2021-03-10
2021-06-14 14:29:46 86      SYY_BBG000BTVJ25_2021-03-10
2021-06-14 14:29:46 87      T_BBG000BSJK37_2021-03-10
2021-06-14 14:29:46 91      TAK_BBG000LF8708_2021-03-10
2021-06-14 14:29:46 93      TAL_BBG0016XJ8S0_2021-03-10
2021-06-14 14:29:46 96      TAP_BBG000BS7KS3_2021-03-10
2021-06-14 14:29:46 98      TCBI_BBG000DN4ZT1_2021-03-10
2021-06-14 14:29:46 99      TCMD_BBG001B12Z39_2021-03-10
2021-06-14 14:29:46 99      TCRR_BBG00FH3FM15_2021-03-10
2021-06-14 14:29:47 00      TCS_BBG005DXJS36_2021-03-10
2021-06-14 14:29:47 01      TCX_BBG000L69KL5_2021-03-10
2021-06-14 14:29:47 02      TDC_BBG000R0L5J4_2021-03-10
2021-06-14 14:29:47 04      TDG_BBG000L8CBX4_2021-03-10
2021-06-14 14:29:47 05      TDOC_BBG0019T5SG0_2021-03-10
2021-06-14 14:29:47 09      TDS_BBG000BV0VK7_2021-03-10
2021-06-14 14:29:47 10      TDY_BBG000BMT9T6_2021-03-10
2021-06-14 14:29:47 11      TECH_BBG000C15114_2021-03-10
2021-06-14 14:29:47 12      TEL_BBG000RGM5P1_2021-03-10
2021-06-14 14:29:47 13      TENB_BBG00LBLCD02_2021-03-10
2021-06-14 14:29:47 15      TER_BBG000BV4DR6_2021-03-10
2021-06-14 14:29:47 18      TFC_BBG000BYYLS8_2021-03-10
2021-06-14 14:29:47 21      TFX_BBG000BV59Y6_2021-03-10
2021-06-14 14:29:47 22      TGNA_BBG000BK5DP1_2021-03-10
2021-06-14 14:29:47 23      TGT_BBG000H8TVT2_2021-03-10
2021-06-14 14:29:47 25      THG_BBG000FJH8W0_2021-03-10
2021-06-14 14:29:47 26      THO_BBG000BV6R84_2021-03-10
2021-06-14 14:29:47 27      THO: SPYKE!. Candle: ID:19, Time: 14:05, Close: 125.78
2021-06-14 14:29:47 27      THO: SPYKE!. Candle: ID:25, Time: 14:30, Close: 132.85
2021-06-14 14:29:47 27      THO: SPYKE!. Candle: ID:26, Time: 14:30, Close: 133.8
2021-06-14 14:29:47 28      THRM_BBG000BQLM34_2021-03-10
2021-06-14 14:29:47 29      THS_BBG000GQGJT4_2021-03-10
2021-06-14 14:29:47 30      TJX_BBG000BV8DN6_2021-03-10
2021-06-14 14:29:47 33      TKR_BBG000BV95H9_2021-03-10
2021-06-14 14:29:47 34      TMHC_BBG003PGJHP5_2021-03-10
2021-06-14 14:29:47 35      TMO_BBG000BVDLH9_2021-03-10
2021-06-14 14:29:47 37      TMUS_BBG000NDV1D4_2021-03-10
2021-06-14 14:29:47 40      TMX_BBG002WMH2F2_2021-03-10
2021-06-14 14:29:47 41      TNC_BBG000JCZJS2_2021-03-10
2021-06-14 14:29:47 41      TNDM_BBG0019V9M65_2021-03-10
2021-06-14 14:29:47 42      TNET_BBG000BR2040_2021-03-10
2021-06-14 14:29:47 43      TOL_BBG000BVHBM1_2021-03-10
2021-06-14 14:29:47 45      TPH_BBG0016YQTR5_2021-03-10
2021-06-14 14:29:47 47      TPIC_BBG0016MQ7C5_2021-03-10
2021-06-14 14:29:47 48      TPIC: SPYKE!. Candle: ID:584, Time: 14:25, Close: 56.99
2021-06-14 14:29:47 49      TPR_BBG000BY29C7_2021-03-10
2021-06-14 14:29:47 51      TPTX_BBG00NPL9WH7_2021-03-10
2021-06-14 14:29:47 52      TPX_BBG000PXGT62_2021-03-10
2021-06-14 14:29:47 54      TREE_BBG000TVRB50_2021-03-10
2021-06-14 14:29:47 55      TREX_BBG000BTGKK9_2021-03-10
2021-06-14 14:29:47 56      TRHC_BBG00BT7PPY8_2021-03-10
2021-06-14 14:29:47 57      TRIP_BBG001M8HHB7_2021-03-10
2021-06-14 14:29:47 60      TRMB_BBG000BNPS52_2021-03-10
2021-06-14 14:29:47 62      TROW_BBG000BVMPN3_2021-03-10
2021-06-14 14:29:47 64      TRU_BBG002Q7J5Z1_2021-03-10
2021-06-14 14:29:47 65      TRUP_BBG002BC7WC5_2021-03-10
2021-06-14 14:29:47 66      TRV_BBG000BJ81C1_2021-03-10
2021-06-14 14:29:47 68      TSCO_BBG000BLXZN1_2021-03-10
2021-06-14 14:29:47 70      TSLA_BBG000N9MNX3_2021-03-10
2021-06-14 14:29:48 06      TSLA: BuyPending. Strategy: MorningOpenStrategy. Price: 672. Lots: 1. ChangeOpenToCurrent: -2.05. ChangePrevCloseToCurrent: -1.69. Candle: ID:24, Time: 4:00, Close: 672.
2021-06-14 14:29:48 06      TSLA: OrderID: bd5673d3. PlacedOrder. Status: New. RejectReason: 
2021-06-14 14:29:48 06      TSLA: OrderID: bd5673d3 fully executed
2021-06-14 14:29:48 06      TSLA: Morning closing. Close price: 684.01. Lots: 1. CandleChange: -0.12%. ChangeFromCandleHigh: -0.12%. Profit: 12.01(1.79%). Candle: ID:559, Time: 4:15, Close: 684.01
2021-06-14 14:29:48 06      TSLA: OrderID: e226cf59. PlacedOrder. Status: New. RejectReason: 
2021-06-14 14:29:48 06      TSLA: OrderID: e226cf59 fully executed
2021-06-14 14:29:48 06      TSLA: SPYKE!. Candle: ID:2834, Time: 7:45, Close: 698.5
2021-06-14 14:29:48 39      TSM_BBG000BD8ZK0_2021-03-10
2021-06-14 14:29:48 49      TSN_BBG000DKCC19_2021-03-10
2021-06-14 14:29:48 52      TT_BBG000BM6788_2021-03-10
2021-06-14 14:29:48 54      TTC_BBG000BVQRY3_2021-03-10
2021-06-14 14:29:48 70      TTD_BBG00629NGT2_2021-03-10
2021-06-14 14:29:48 72      TTEK_BBG000BYZ0Q5_2021-03-10
2021-06-14 14:29:48 75      TTM_BBG000PVGDH9_2021-03-10
2021-06-14 14:29:48 76      TTMI_BBG000BYQ0B1_2021-03-10
2021-06-14 14:29:48 77      TTWO_BBG000BS1YV5_2021-03-10
2021-06-14 14:29:48 79      TW_BBG00NK8H8T2_2021-03-10
2021-06-14 14:29:48 80      TWLO_BBG0029ZX840_2021-03-10
2021-06-14 14:29:48 83      TWNK_BBG00B6KGNN1_2021-03-10
2021-06-14 14:29:48 84      TWOU_BBG001KS9450_2021-03-10
2021-06-14 14:29:48 86      TWTR_BBG000H6HNW3_2021-03-10
2021-06-14 14:29:48 96      TXG_BBG007WX14X0_2021-03-10
2021-06-14 14:29:48 98      TXN_BBG000BVV7G1_2021-03-10
2021-06-14 14:29:49 02      TXRH_BBG000PSJMV7_2021-03-10
2021-06-14 14:29:49 03      TXT_BBG000BVVQQ8_2021-03-10
2021-06-14 14:29:49 05      TYL_BBG000BVWZF9_2021-03-10
2021-06-14 14:29:49 06      UA_BBG009DTD8H2_2021-03-10
2021-06-14 14:29:49 08      UAA_BBG000BXM6V2_2021-03-10
2021-06-14 14:29:49 09      UAL_BBG000M65M61_2021-03-10
2021-06-14 14:29:49 17      UBER_BBG002B04MT8_2021-03-10
2021-06-14 14:29:49 24      UCTT_BBG000HSLV70_2021-03-10
2021-06-14 14:29:49 26      UDR_BBG000C41023_2021-03-10
2021-06-14 14:29:49 27      UFPI_BBG000BL0T06_2021-03-10
2021-06-14 14:29:49 29      UFS_BBG000BHFHP8_2021-03-10
2021-06-14 14:29:49 30      UGI_BBG000BVYN55_2021-03-10
2021-06-14 14:29:49 31      UHS_BBG000CB8Q50_2021-03-10
2021-06-14 14:29:49 32      UI_BBG001R72SR9_2021-03-10
2021-06-14 14:29:49 33      ULTA_BBG00FWQ4VD6_2021-03-10
2021-06-14 14:29:49 35      UMBF_BBG000DD8WX1_2021-03-10
2021-06-14 14:29:49 35      UNF_BBG000BW29L1_2021-03-10
2021-06-14 14:29:49 36      UNH_BBG000CH5208_2021-03-10
2021-06-14 14:29:49 38      UNM_BBG000BW2QX0_2021-03-10
2021-06-14 14:29:49 40      UNP_BBG000BW3299_2021-03-10
2021-06-14 14:29:49 42      UNVR_BBG000BDHD29_2021-03-10
2021-06-14 14:29:49 43      UPS_BBG000L9CV04_2021-03-10
2021-06-14 14:29:49 45      UPWK_BBG00FBJ6390_2021-03-10
2021-06-14 14:29:49 48      URBN_BBG000BL79J3_2021-03-10
2021-06-14 14:29:49 49      URI_BBG000BXMFC3_2021-03-10
2021-06-14 14:29:49 50      USB_BBG000FFDM15_2021-03-10
2021-06-14 14:29:49 53      USFD_BBG00C6H6D40_2021-03-10
2021-06-14 14:29:49 54      USM_BBG000BW6P59_2021-03-10
2021-06-14 14:29:49 55      USNA_BBG000BX28M0_2021-03-10
2021-06-14 14:29:49 55      USPH_BBG000CSRSG6_2021-03-10
2021-06-14 14:29:49 56      UTHR_BBG000BV4XJ1_2021-03-10
2021-06-14 14:29:49 57      UTL_BBG000BW7X97_2021-03-10
2021-06-14 14:29:49 57      V_BBG000PSKYX7_2021-03-10
2021-06-14 14:29:49 62      VAC_BBG001J2R5H3_2021-03-10
2021-06-14 14:29:49 64      VALE_BBG000BN5LG7_2021-03-10
2021-06-14 14:29:49 66      VC_BBG0016T3GQ0_2021-03-10
2021-06-14 14:29:49 67      VCEL_BBG000BDCM24_2021-03-10
2021-06-14 14:29:49 69      VCRA_BBG00179VSY7_2021-03-10
2021-06-14 14:29:49 69      VCYT_BBG001J2M542_2021-03-10
2021-06-14 14:29:49 71      VEEV_BBG001CGB489_2021-03-10
2021-06-14 14:29:49 73      VEON_BBG000QCW561_2021-03-10
2021-06-14 14:29:49 76      VFC_BBG000BWCKB6_2021-03-10
2021-06-14 14:29:49 80      VG_BBG000BRB5D9_2021-03-10
2021-06-14 14:29:49 81      VIAC_BBG000C496P7_2021-03-10
2021-06-14 14:29:49 87      VICR_BBG000C3VHF1_2021-03-10
2021-06-14 14:29:49 88      VIE_BBG00K6P5XM1_2021-03-10
2021-06-14 14:29:49 88      VIPS_BBG002NLDLV8_2021-03-10
2021-06-14 14:29:49 92      VIR_BBG00H2QQ8T5_2021-03-10
2021-06-14 14:29:49 94      VLO_BBG000BBGGQ1_2021-03-10
2021-06-14 14:29:49 97      VMC_BBG000BWGYF8_2021-03-10
2021-06-14 14:29:49 98      VMI_BBG000BWB7V4_2021-03-10
2021-06-14 14:29:49 99      VMW_BBG000BC9938_2021-03-10
2021-06-14 14:29:50 00      VNDA_BBG000HT5MG6_2021-03-10
2021-06-14 14:29:50 01      VNE_BBG00K4MPP27_2021-03-10
2021-06-14 14:29:50 02      VNO_BBG000BWHD54_2021-03-10
2021-06-14 14:29:50 03      VNT_BBG00RRGSJR4_2021-03-10
2021-06-14 14:29:50 04      VPG_BBG000PRQ0V9_2021-03-10
2021-06-14 14:29:50 05      VREX_BBG00CZNLR47_2021-03-10
2021-06-14 14:29:50 06      VRNS_BBG001Y04TN6_2021-03-10
2021-06-14 14:29:50 07      VRNT_BBG000BCBYT2_2021-03-10
2021-06-14 14:29:50 09      VRSK_BBG000BCZL41_2021-03-10
2021-06-14 14:29:50 11      VRSN_BBG000BGKHZ3_2021-03-10
2021-06-14 14:29:50 13      VRTS_BBG000DMFQS2_2021-03-10
2021-06-14 14:29:50 14      VRTV_BBG005XZHR97_2021-03-10
2021-06-14 14:29:50 15      VRTX_BBG000C1S2X2_2021-03-10
2021-06-14 14:29:50 18      VTR_BBG000FRVHB9_2021-03-10
2021-06-14 14:29:50 21      VTRS_BBG00Y4RQNH4_2021-03-10
2021-06-14 14:29:50 24      VZ_BBG000HS77T5_2021-03-10
2021-06-14 14:29:50 29      W_BBG001B17MV2_2021-03-10
2021-06-14 14:29:50 32      WAB_BBG000BDD940_2021-03-10
2021-06-14 14:29:50 34      WAL_BBG000Q1KFH4_2021-03-10
2021-06-14 14:29:50 35      WAT_BBG000FQRVM3_2021-03-10
2021-06-14 14:29:50 37      WB_BBG0065XPGX9_2021-03-10
2021-06-14 14:29:50 39      WBA_BBG000BWLMJ4_2021-03-10
2021-06-14 14:29:50 42      WCC_BBG000D0FNV3_2021-03-10
2021-06-14 14:29:50 43      WDAY_BBG000VC0T95_2021-03-10
2021-06-14 14:29:50 46      WDC_BBG000BWNFZ9_2021-03-10
2021-06-14 14:29:50 51      WDFC_BBG000BWNV93_2021-03-10
2021-06-14 14:29:50 53      WEC_BBG000BWP7D9_2021-03-10
2021-06-14 14:29:50 54      WELL_BBG000BKY1G5_2021-03-10
2021-06-14 14:29:50 56      WERN_BBG000BWPP85_2021-03-10
2021-06-14 14:29:50 58      WEX_BBG000BVZP59_2021-03-10
2021-06-14 14:29:50 59      WFC_BBG000BWQFY7_2021-03-10
2021-06-14 14:29:50 66      WGO_BBG000BWS3F3_2021-03-10
2021-06-14 14:29:50 67      WH_BBG00HCY3Q67_2021-03-10
2021-06-14 14:29:50 69      WHD_BBG00JRH1P95_2021-03-10
2021-06-14 14:29:50 71      WHR_BBG000BWSV34_2021-03-10
2021-06-14 14:29:50 73      WING_BBG008N298Y8_2021-03-10
2021-06-14 14:29:50 74      WK_BBG007BVZ8H9_2021-03-10
2021-06-14 14:29:50 75      WLK_BBG000PXZFW2_2021-03-10
2021-06-14 14:29:50 76      WLTW_BBG000DB3KT1_2021-03-10
2021-06-14 14:29:50 77      WM_BBG000BWVSR1_2021-03-10
2021-06-14 14:29:50 80      WMB_BBG000BWVCP8_2021-03-10
2021-06-14 14:29:50 83      WMT_BBG000BWXBC2_2021-03-10
2021-06-14 14:29:50 90      WOR_BBG000HL7499_2021-03-10
2021-06-14 14:29:50 91      WORK_BBG007G7V505_2021-03-10
2021-06-14 14:29:50 94      WRB_BBG000BD1HP2_2021-03-10
2021-06-14 14:29:50 95      WRK_BBG008NXC572_2021-03-10
2021-06-14 14:29:50 97      WRLD_BBG000C3G9J2_2021-03-10
2021-06-14 14:29:50 98      WSC_BBG00B0FS947_2021-03-10
2021-06-14 14:29:50 99      WSM_BBG000FSMWC3_2021-03-10
2021-06-14 14:29:51 01      WSO_BBG000DJN7L9_2021-03-10
2021-06-14 14:29:51 02      WST_BBG000BX24N8_2021-03-10
2021-06-14 14:29:51 03      WTFC_BBG000HD3DW5_2021-03-10
2021-06-14 14:29:51 04      WTS_BBG000C4Z6C2_2021-03-10
2021-06-14 14:29:51 05      WTTR_BBG00G4Y2DC1_2021-03-10
2021-06-14 14:29:51 06      WU_BBG000BB5373_2021-03-10
2021-06-14 14:29:51 08      WWD_BBG000BD53V2_2021-03-10
2021-06-14 14:29:51 10      WWE_BBG000F5YH15_2021-03-10
2021-06-14 14:29:51 11      WWW_BBG000BX2YN2_2021-03-10
2021-06-14 14:29:51 12      WY_BBG000BX3BL3_2021-03-10
2021-06-14 14:29:51 15      WYNN_BBG000LD9JQ8_2021-03-10
2021-06-14 14:29:51 17      XEC_BBG000D6L294_2021-03-10
2021-06-14 14:29:51 18      XEL_BBG000BCTQ65_2021-03-10
2021-06-14 14:29:51 22      XLNX_BBG000C0F570_2021-03-10
2021-06-14 14:29:51 26      XLRN_BBG000R5HWZ1_2021-03-10
2021-06-14 14:29:51 27      XNCR_BBG0026ZG4W0_2021-03-10
2021-06-14 14:29:51 28      XOM_BBG000GZQ728_2021-03-10
2021-06-14 14:29:51 35      XPO_BBG000L5CJF3_2021-03-10
2021-06-14 14:29:51 36      XRAY_BBG000BX57K1_2021-03-10
2021-06-14 14:29:51 38      XRX_BBG00NNG2ZJ8_2021-03-10
2021-06-14 14:29:51 39      XYL_BBG001D8R5D0_2021-03-10
2021-06-14 14:29:51 40      Y_BBG000BX6BJ3_2021-03-10
2021-06-14 14:29:51 41      YELP_BBG000Q2HM09_2021-03-10
2021-06-14 14:29:51 42      YETI_BBG00D8JC882_2021-03-10
2021-06-14 14:29:51 43      YEXT_BBG001MKZGY7_2021-03-10
2021-06-14 14:29:51 45      YUM_BBG000BH3GZ2_2021-03-10
2021-06-14 14:29:51 47      YUMC_BBG00B8N0HG1_2021-03-10
2021-06-14 14:29:51 49      YY_BBG003H0XV18_2021-03-10
2021-06-14 14:29:51 51      Z_BBG009NRSWJ4_2021-03-10
2021-06-14 14:29:51 55      ZBH_BBG000BKPL53_2021-03-10
2021-06-14 14:29:51 56      ZBRA_BBG000CC7LQ7_2021-03-10
2021-06-14 14:29:51 58      ZEN_BBG001HRFJG4_2021-03-10
2021-06-14 14:29:51 59      ZG_BBG000D13GN8_2021-03-10
2021-06-14 14:29:51 60      ZGNX_BBG000VDC3G9_2021-03-10
2021-06-14 14:29:51 62      ZI_BBG00S1HJ3M8_2021-03-10
2021-06-14 14:29:51 64      ZION_BBG000BX9WL1_2021-03-10
2021-06-14 14:29:51 66      ZM_BBG0042V6JM8_2021-03-10
2021-06-14 14:29:51 72      ZNH_BBG000BXQ7R1_2021-03-10
2021-06-14 14:29:51 73      ZS_BBG003338H34_2021-03-10
2021-06-14 14:29:51 75      ZTS_BBG0039320N9_2021-03-10
2021-06-14 14:29:51 76      ZUMZ_BBG000PYX812_2021-03-10
2021-06-14 14:29:51 78      ZUO_BBG000BT3HG5_2021-03-10
2021-06-14 14:29:51 78      ZYNE_BBG007BBS8B7_2021-03-10
2021-06-14 14:29:51 85      ZYXI_BBG000BJBXZ2_2021-03-10
2021-06-14 14:29:51 88      Total candles read: 5885389
2021-06-14 14:29:51 88      Start DisposeAsync...
2021-06-14 14:29:51 88      Attempted to divide by zero.
