2021-06-24 22:53:56 39      mode=TestTradeBot;CopyDDDDData=true;DumpQuotes=false;SubscribeQuotes=false;Strategies=MorningOpenStrategy;Token=token.txt;ConfigPath=usd.json;OutputFolder=.\new\;CandlesPath=C:\tinkoff\TestData\RawQuotes\5m\uncompressed\quotes_2021-04-14;
2021-06-24 22:53:56 40      Trade bot created
2021-06-24 22:53:56 42      Fake connection created
2021-06-24 22:53:56 53      Loaded 141 liquid instruments
2021-06-24 22:53:57 47      List of disabled tickers: 
2021-06-24 22:53:57 58      A_BBG000C2V3D6_2021-04-14
2021-06-24 22:53:57 65      AA_BBG00B3T3HD3_2021-04-14
2021-06-24 22:53:57 73      AAL_BBG005P7Q881_2021-04-14
2021-06-24 22:53:57 83      AAN_BBG00WCNDCZ6_2021-04-14
2021-06-24 22:53:57 84      AAON_BBG000C2LZP3_2021-04-14
2021-06-24 22:53:57 85      AAP_BBG000F7RCJ1_2021-04-14
2021-06-24 22:53:57 87      AAPL_BBG000B9XRY4_2021-04-14
2021-06-24 22:53:58 06      AAPL: BuyPending. Strategy: MorningOpenStrategy. Price: 131.56. Lots: 1. ChangeOpenToCurrent: -1.97. ChangePrevCloseToCurrent: -2.01. Candle: ID:17, Time: 4:00, Close: 131.56.
2021-06-24 22:53:58 07      AAPL: OrderID: c2c465d2. PlacedOrder. Status: New. RejectReason: 
2021-06-24 22:53:58 07      AAPL: OrderID: c2c465d2 fully executed
2021-06-24 22:53:58 07      AAPL: Morning closing. Close price: 133.39. Lots: 1. CandleChange: -0.01%. ChangeFromCandleHigh: -0.01%. Profit: 1.83(1.39%). Candle: ID:177, Time: 4:05, Close: 133.39
2021-06-24 22:53:58 07      AAPL: OrderID: d93fb4f4. PlacedOrder. Status: New. RejectReason: 
2021-06-24 22:53:58 07      AAPL: OrderID: d93fb4f4 fully executed
2021-06-24 22:53:58 29      ABBV_BBG0025Y4RY4_2021-04-14
2021-06-24 22:53:58 36      ABC_BBG000MDCQC2_2021-04-14
2021-06-24 22:53:58 38      ABG_BBG000BKDWB5_2021-04-14
2021-06-24 22:53:58 39      ABMD_BBG000C101X4_2021-04-14
2021-06-24 22:53:58 41      ABNB_BBG001Y2XS07_2021-04-14
2021-06-24 22:53:58 45      ABT_BBG000B9ZXB4_2021-04-14
2021-06-24 22:53:58 49      ACAD_BBG000BHG9K0_2021-04-14
2021-06-24 22:53:58 52      ACAD: BuyPending. Strategy: MorningOpenStrategy. Price: 20.53. Lots: 12. ChangeOpenToCurrent: -2.19. ChangePrevCloseToCurrent: -0.96. Candle: ID:4, Time: 7:00, Close: 20.53.
2021-06-24 22:53:58 52      ACAD: OrderID: 2d52a5da. PlacedOrder. Status: New. RejectReason: 
2021-06-24 22:53:58 52      ACAD: OrderID: 2d52a5da partially executed. Executed lots: 10. OrderStatus: 10/12 lots
2021-06-24 22:53:58 52      ACAD: OrderID: 2d52a5da fully executed
2021-06-24 22:53:58 52      ACAD: Morning closing. Close price: 20.74. Lots: 12. CandleChange: -0.05%. ChangeFromCandleHigh: -0.05%. Profit: 0.21(1.02%). Candle: ID:77, Time: 7:10, Close: 20.74
2021-06-24 22:53:58 52      ACAD: OrderID: b068d023. PlacedOrder. Status: New. RejectReason: 
2021-06-24 22:53:58 52      ACAD: OrderID: b068d023 partially executed. Executed lots: 1. OrderStatus: 1/12 lots
2021-06-24 22:53:58 52      ACAD: OrderID: b068d023 partially executed. Executed lots: 2. OrderStatus: 3/12 lots
2021-06-24 22:53:58 52      ACAD: OrderID: b068d023 partially executed. Executed lots: 5. OrderStatus: 8/12 lots
2021-06-24 22:53:58 52      ACAD: OrderID: b068d023 fully executed
2021-06-24 22:53:58 54      ACH_BBG000CMRVH1_2021-04-14
2021-06-24 22:53:58 55      ACH: SPYKE!. Candle: ID:334, Time: 5:30, Close: 11.51
2021-06-24 22:53:58 55      ACH: SPYKE!. Candle: ID:339, Time: 5:30, Close: 11
2021-06-24 22:53:58 55      ACH: BuyPending. Strategy: MorningOpenStrategy2. Price: 11. Lots: 22. ChangeOpenToCurrent: -4.60. ChangePrevCloseToCurrent: -4.60. Candle: ID:339, Time: 5:30, Close: 11.
2021-06-24 22:53:58 55      ACH: OrderID: 839eac1c. PlacedOrder. Status: New. RejectReason: 
2021-06-24 22:53:58 55      ACH: Cancel order. Did not bought at market open. Candle: ID:382, Time: 5:35, Close: 11.75
2021-06-24 22:53:58 55      OrderID: 839eac1c successfully canceled
2021-06-24 22:53:58 56      ACM_BBG000F61RJ8_2021-04-14
2021-06-24 22:53:58 59      ACMR_BBG00HPSG933_2021-04-14
2021-06-24 22:53:58 60      ACN_BBG000D9D830_2021-04-14
2021-06-24 22:53:58 63      ADBE_BBG000BB5006_2021-04-14
2021-06-24 22:53:58 69      ADM_BBG000BB6WG8_2021-04-14
2021-06-24 22:53:58 71      ADP_BBG000JG0547_2021-04-14
2021-06-24 22:53:58 73      ADPT_BBG001J2PFF5_2021-04-14
2021-06-24 22:53:58 76      ADS_BBG000BFNR17_2021-04-14
2021-06-24 22:53:58 78      ADSK_BBG000BM7HL0_2021-04-14
2021-06-24 22:53:58 80      ADUS_BBG000NJGX84_2021-04-14
2021-06-24 22:53:58 81      AEE_BBG000B9X8C0_2021-04-14
2021-06-24 22:53:58 84      AEIS_BBG000FKMP26_2021-04-14
2021-06-24 22:53:58 85      AEO_BBG000BGXZB5_2021-04-14
2021-06-24 22:53:58 87      AERI_BBG001KJ7WJ5_2021-04-14
2021-06-24 22:53:58 89      AES_BBG000C23KJ3_2021-04-14
2021-06-24 22:53:58 91      AFG_BBG000DPKKK0_2021-04-14
2021-06-24 22:53:58 92      AFL_BBG000BBBNC6_2021-04-14
2021-06-24 22:53:58 94      AGCO_BBG000DCCZW2_2021-04-14
2021-06-24 22:53:58 96      AGIO_BBG000QY4ZD0_2021-04-14
2021-06-24 22:53:58 97      AIG_BBG000BBDZG3_2021-04-14
2021-06-24 22:53:58 99      AIR_BBG000BBGQF1_2021-04-14
2021-06-24 22:53:59 00      AIRC_BBG00XK3WVD0_2021-04-14
2021-06-24 22:53:59 01      AIT_BBG000BBHHP9_2021-04-14
2021-06-24 22:53:59 02      AIV_BBG000DD3510_2021-04-14
2021-06-24 22:53:59 03      AIZ_BBG000BZX1N5_2021-04-14
2021-06-24 22:53:59 05      AJG_BBG000BBHXQ3_2021-04-14
2021-06-24 22:53:59 06      AJRD_BBG000BKRHQ7_2021-04-14
2021-06-24 22:53:59 07      AKAM_BBG000BJQWD2_2021-04-14
2021-06-24 22:53:59 09      ALB_BBG000BJ26K7_2021-04-14
2021-06-24 22:53:59 12      ALGN_BBG000BRNLL2_2021-04-14
2021-06-24 22:53:59 14      ALGT_BBG000LJS6B8_2021-04-14
2021-06-24 22:53:59 15      ALK_BBG000BBL0Y1_2021-04-14
2021-06-24 22:53:59 17      ALL_BBG000BVMGF2_2021-04-14
2021-06-24 22:53:59 19      ALLE_BBG003PS7JV1_2021-04-14
2021-06-24 22:53:59 20      ALLK_BBG003QBJKN0_2021-04-14
2021-06-24 22:53:59 22      ALLO_BBG00KHRRDX3_2021-04-14
2021-06-24 22:53:59 24      ALLY_BBG000BC2R71_2021-04-14
2021-06-24 22:53:59 26      ALNY_BBG000BFGNJ5_2021-04-14
2021-06-24 22:53:59 28      ALRM_BBG007GNPYY7_2021-04-14
2021-06-24 22:53:59 30      ALSN_BBG001KY3845_2021-04-14
2021-06-24 22:53:59 32      ALTR_BBG000PN9NB9_2021-04-14
2021-06-24 22:53:59 33      ALXN_BBG000G30YX4_2021-04-14
2021-06-24 22:53:59 36      AMAT_BBG000BBPFB9_2021-04-14
2021-06-24 22:53:59 45      AMCX_BBG000H01H92_2021-04-14
2021-06-24 22:53:59 48      AMD_BBG000BBQCY0_2021-04-14
2021-06-24 22:53:59 69      AME_BBG000B9XG87_2021-04-14
2021-06-24 22:53:59 71      AMED_BBG000B9ZV28_2021-04-14
2021-06-24 22:53:59 72      AMG_BBG000C060M4_2021-04-14
2021-06-24 22:53:59 73      AMGN_BBG000BBS2Y0_2021-04-14
2021-06-24 22:53:59 77      AMN_BBG000BCT197_2021-04-14
2021-06-24 22:53:59 78      AMP_BBG000G3QLY3_2021-04-14
2021-06-24 22:53:59 80      AMT_BBG000B9XYV2_2021-04-14
2021-06-24 22:53:59 83      AMWD_BBG000BBX657_2021-04-14
2021-06-24 22:53:59 84      AMZN_BBG000BVPV84_2021-04-14
2021-06-24 22:53:59 88      AMZN: BuyPending. Strategy: MorningOpenStrategy. Price: 3250. Lots: 1. ChangeOpenToCurrent: -3.87. ChangePrevCloseToCurrent: -4.36. Candle: ID:34, Time: 4:00, Close: 3250.
2021-06-24 22:53:59 88      AMZN: OrderID: 040e5ab7. PlacedOrder. Status: New. RejectReason: 
2021-06-24 22:53:59 88      AMZN: OrderID: 040e5ab7 fully executed
2021-06-24 22:53:59 88      AMZN: Morning closing. Close price: 3363.02. Lots: 1. CandleChange: -0.29%. ChangeFromCandleHigh: -0.41%. Profit: 113.02(3.48%). Candle: ID:93, Time: 4:05, Close: 3363.02
2021-06-24 22:53:59 88      AMZN: OrderID: 9cac7f6f. PlacedOrder. Status: New. RejectReason: 
2021-06-24 22:53:59 88      AMZN: OrderID: 9cac7f6f fully executed
2021-06-24 22:53:59 91      AN_BBG000BBXLW4_2021-04-14
2021-06-24 22:53:59 92      ANAB_BBG0026ZDHR0_2021-04-14
2021-06-24 22:53:59 94      ANDE_BBG000BF8CN3_2021-04-14
2021-06-24 22:53:59 95      ANET_BBG000N2HDY5_2021-04-14
2021-06-24 22:53:59 96      ANF_BBG000H9G7X2_2021-04-14
2021-06-24 22:53:59 97      ANGI_BBG00HVKH3Q0_2021-04-14
2021-06-24 22:53:59 99      ANIK_BBG000BBKZD8_2021-04-14
2021-06-24 22:54:00 00      ANIP_BBG000KK1L04_2021-04-14
2021-06-24 22:54:00 01      ANSS_BBG000GXZ4W7_2021-04-14
2021-06-24 22:54:00 02      ANTM_BBG000BCG930_2021-04-14
2021-06-24 22:54:00 04      AON_BBG00SSQFPK6_2021-04-14
2021-06-24 22:54:00 07      AOS_BBG000BC1L02_2021-04-14
2021-06-24 22:54:00 08      AOUT_BBG00QV8FS02_2021-04-14
2021-06-24 22:54:00 09      AOUT: SPYKE!. Candle: ID:331, Time: 16:50, Close: 28.75
2021-06-24 22:54:00 10      APA_BBG00YTS96G2_2021-04-14
2021-06-24 22:54:00 14      APD_BBG000BC4JJ4_2021-04-14
2021-06-24 22:54:00 16      APEI_BBG000RVD346_2021-04-14
2021-06-24 22:54:00 16      APH_BBG000B9YJ35_2021-04-14
2021-06-24 22:54:00 19      APLE_BBG006473QX9_2021-04-14
2021-06-24 22:54:00 21      APLT_BBG000DD0489_2021-04-14
2021-06-24 22:54:00 22      APPF_BBG008GC8CP6_2021-04-14
2021-06-24 22:54:00 23      APPN_BBG001C7PMJ2_2021-04-14
2021-06-24 22:54:00 25      APPS_BBG000HZ3562_2021-04-14
2021-06-24 22:54:00 29      APTV_BBG001QD41M9_2021-04-14
2021-06-24 22:54:00 31      ARCC_BBG000PD6X77_2021-04-14
2021-06-24 22:54:00 32      ARCT_BBG00NNW8JK1_2021-04-14
2021-06-24 22:54:00 35      ARE_BBG000BC33T9_2021-04-14
2021-06-24 22:54:00 37      ARMK_BBG001KY4N87_2021-04-14
2021-06-24 22:54:00 38      ARNA_BBG000BKXBV7_2021-04-14
2021-06-24 22:54:00 40      ARNC_BBG00R45JYB7_2021-04-14
2021-06-24 22:54:00 41      ARQT_BBG00QN8K4M4_2021-04-14
2021-06-24 22:54:00 42      ARVN_BBG00LW7YK82_2021-04-14
2021-06-24 22:54:00 43      ARW_BBG000BCD3D5_2021-04-14
2021-06-24 22:54:00 44      ARWR_BBG000BRVKH0_2021-04-14
2021-06-24 22:54:00 46      ASGN_BBG000CRN8N8_2021-04-14
2021-06-24 22:54:00 47      ASH_BBG00D0Y81M1_2021-04-14
2021-06-24 22:54:00 48      ASIX_BBG00CWTTQ41_2021-04-14
2021-06-24 22:54:00 49      ATEX_BBG0081NLHR0_2021-04-14
2021-06-24 22:54:00 50      ATGE_BBG000DQBZJ7_2021-04-14
2021-06-24 22:54:00 51      ATKR_BBG000QTFDQ4_2021-04-14
2021-06-24 22:54:00 52      ATR_BBG000BGX2S0_2021-04-14
2021-06-24 22:54:00 53      ATRA_BBG005Q3MQY4_2021-04-14
2021-06-24 22:54:00 55      ATRC_BBG000BL6CB5_2021-04-14
2021-06-24 22:54:00 56      ATRI_BBG000DTT624_2021-04-14
2021-06-24 22:54:00 56      ATRO_BBG000BCLBY5_2021-04-14
2021-06-24 22:54:00 57      ATUS_BBG00GFMPRK0_2021-04-14
2021-06-24 22:54:00 59      ATVI_BBG000CVWGS6_2021-04-14
2021-06-24 22:54:00 64      AVAV_BBG000GX14P2_2021-04-14
2021-06-24 22:54:00 65      AVB_BBG000BLPBL5_2021-04-14
2021-06-24 22:54:00 66      AVGO_BBG00KHY5S69_2021-04-14
2021-06-24 22:54:00 70      AVLR_BBG000R4Y9C1_2021-04-14
2021-06-24 22:54:00 71      AVNS_BBG005L86G05_2021-04-14
2021-06-24 22:54:00 72      AVNT_BBG000C8NJ10_2021-04-14
2021-06-24 22:54:00 73      AVTR_BBG00G2HHYD7_2021-04-14
2021-06-24 22:54:00 75      AVY_BBG000BCQ4P6_2021-04-14
2021-06-24 22:54:00 76      AWI_BBG000DW4LB1_2021-04-14
2021-06-24 22:54:00 77      AWK_BBG000TRJ294_2021-04-14
2021-06-24 22:54:00 79      AWR_BBG000F964B6_2021-04-14
2021-06-24 22:54:00 80      AX_BBG000QPHD08_2021-04-14
2021-06-24 22:54:00 81      AXGN_BBG000BN46R9_2021-04-14
2021-06-24 22:54:00 82      AXP_BBG000BCQZS4_2021-04-14
2021-06-24 22:54:00 85      AXSM_BBG00B6G7GL7_2021-04-14
2021-06-24 22:54:00 87      AYI_BBG000BJ5HK0_2021-04-14
2021-06-24 22:54:00 88      AYX_BBG000BGZT72_2021-04-14
2021-06-24 22:54:00 91      AZO_BBG000C7LMS8_2021-04-14
2021-06-24 22:54:00 92      AZPN_BBG000DFMXT3_2021-04-14
2021-06-24 22:54:00 94      BA_BBG000BCSST7_2021-04-14
2021-06-24 22:54:01 00      BABA_BBG006G2JVL2_2021-04-14
2021-06-24 22:54:01 15      BAC_BBG000BCTLF6_2021-04-14
2021-06-24 22:54:01 18      BAC: BuyPending. Strategy: MorningOpenStrategy. Price: 39.25. Lots: 6. ChangeOpenToCurrent: -2.05. ChangePrevCloseToCurrent: -0.18. Candle: ID:4, Time: 4:00, Close: 39.25.
2021-06-24 22:54:01 18      BAC: OrderID: ddb63dff. PlacedOrder. Status: New. RejectReason: 
2021-06-24 22:54:01 18      BAC: OrderID: ddb63dff fully executed
2021-06-24 22:54:01 18      BAC: Morning closing by timeout. Close price: 39.21. Lots: 6. Profit: -0.04(-0.10%). Candle: ID:101, Time: 4:35, Close: 39.21
2021-06-24 22:54:01 18      BAC: OrderID: 1091949a. PlacedOrder. Status: New. RejectReason: 
2021-06-24 22:54:01 18      BAC: OrderID: 1091949a partially executed. Executed lots: 1. OrderStatus: 1/6 lots
2021-06-24 22:54:01 18      BAC: OrderID: 1091949a partially executed. Executed lots: 1. OrderStatus: 2/6 lots
2021-06-24 22:54:01 18      BAC: OrderID: 1091949a partially executed. Executed lots: 1. OrderStatus: 3/6 lots
2021-06-24 22:54:01 18      BAC: OrderID: 1091949a partially executed. Executed lots: 1. OrderStatus: 4/6 lots
2021-06-24 22:54:01 18      BAC: OrderID: 1091949a fully executed
2021-06-24 22:54:01 22      BAH_BBG000R2YFG7_2021-04-14
2021-06-24 22:54:01 23      BAND_BBG001K003W2_2021-04-14
2021-06-24 22:54:01 24      BAX_BBG000BCVJ77_2021-04-14
2021-06-24 22:54:01 26      BBIO_BBG00P9KDZK6_2021-04-14
2021-06-24 22:54:01 28      BBSI_BBG000BHJSC4_2021-04-14
2021-06-24 22:54:01 29      BBY_BBG000BCWCG1_2021-04-14
2021-06-24 22:54:01 31      BBBY_BBG000CSY9H9_2021-04-14
2021-06-24 22:54:01 40      BC_BBG000BCWSS3_2021-04-14
2021-06-24 22:54:01 42      BCO_BBG000DR5QP5_2021-04-14
2021-06-24 22:54:01 43      BCPC_BBG000BCY878_2021-04-14
2021-06-24 22:54:01 43      BDC_BBG000Q4XNV1_2021-04-14
2021-06-24 22:54:01 44      BDTX_BBG00MS4Y0W9_2021-04-14
2021-06-24 22:54:01 45      BDX_BBG000BCZYD3_2021-04-14
2021-06-24 22:54:01 46      BECN_BBG000BKTXF2_2021-04-14
2021-06-24 22:54:01 47      BEN_BBG000BD0TF8_2021-04-14
2021-06-24 22:54:01 49      BERY_BBG000Q1R1Y9_2021-04-14
2021-06-24 22:54:01 51      BF.B_BBG000BD2NY8_2021-04-14
2021-06-24 22:54:01 52      BFAM_BBG003LFWP05_2021-04-14
2021-06-24 22:54:01 53      BFYT_BBG003QRSQD3_2021-04-14
2021-06-24 22:54:01 54      BGS_BBG000RKXRQ1_2021-04-14
2021-06-24 22:54:01 55      BH_BBG00JPRDQH1_2021-04-14
2021-06-24 22:54:01 55      BHF_BBG00DYPZ4T0_2021-04-14
2021-06-24 22:54:01 57      BIDU_BBG000QXWHD1_2021-04-14
2021-06-24 22:54:01 65      BIG_BBG000J0D904_2021-04-14
2021-06-24 22:54:01 66      BIIB_BBG000C17X76_2021-04-14
2021-06-24 22:54:01 68      BILI_BBG00K7T3037_2021-04-14
2021-06-24 22:54:01 72      BILL_BBG00QVJV6V4_2021-04-14
2021-06-24 22:54:01 74      BIO_BBG000DY28W5_2021-04-14
2021-06-24 22:54:01 74      BJRI_BBG000H9LNX1_2021-04-14
2021-06-24 22:54:01 76      BK_BBG000BD8PN9_2021-04-14
2021-06-24 22:54:01 78      BKI_BBG00GX77LW3_2021-04-14
2021-06-24 22:54:01 80      BKNG_BBG000BLBVN4_2021-04-14
2021-06-24 22:54:01 82      BKR_BBG00GBVBK51_2021-04-14
2021-06-24 22:54:01 85      BL_BBG0029KJVB0_2021-04-14
2021-06-24 22:54:01 87      BLD_BBG0077VS2C0_2021-04-14
2021-06-24 22:54:01 88      BLDR_BBG000BKD3K9_2021-04-14
2021-06-24 22:54:01 90      BLK_BBG000C2PW58_2021-04-14
2021-06-24 22:54:01 92      BLKB_BBG000BGGTW5_2021-04-14
2021-06-24 22:54:01 93      BLL_BBG000BDDNH5_2021-04-14
2021-06-24 22:54:01 94      BLUE_BBG000QGWY50_2021-04-14
2021-06-24 22:54:01 97      BMI_BBG000BDGHD9_2021-04-14
2021-06-24 22:54:01 98      BMRN_BBG000CZWZ05_2021-04-14
2021-06-24 22:54:01 99      BMY_BBG000DQLV23_2021-04-14
2021-06-24 22:54:02 02      BOH_BBG000C8D8G9_2021-04-14
2021-06-24 22:54:02 03      BOKF_BBG000CFZ003_2021-04-14
2021-06-24 22:54:02 04      BOOT_BBG0077SYZV6_2021-04-14
2021-06-24 22:54:02 05      BOX_BBG000PMSK08_2021-04-14
2021-06-24 22:54:02 06      BPMC_BBG001MC8YF7_2021-04-14
2021-06-24 22:54:02 08      BR_BBG000PPFKQ7_2021-04-14
2021-06-24 22:54:02 09      BRC_BBG000BDNV95_2021-04-14
2021-06-24 22:54:02 10      BRK.B_BBG000DWG505_2021-04-14
2021-06-24 22:54:02 13      BRKR_BBG000CL1FG7_2021-04-14
2021-06-24 22:54:02 14      BRO_BBG000BWSGF4_2021-04-14
2021-06-24 22:54:02 15      BSX_BBG000C0LW92_2021-04-14
2021-06-24 22:54:02 17      BTAI_BBG00K20GVD2_2021-04-14
2021-06-24 22:54:02 18      BTI_BBG000BWPXQ8_2021-04-14
2021-06-24 22:54:02 19      BUD_BBG000RYC984_2021-04-14
2021-06-24 22:54:02 21      BURL_BBG004S641N5_2021-04-14
2021-06-24 22:54:02 22      BWA_BBG000BJ49H3_2021-04-14
2021-06-24 22:54:02 24      BWXT_BBG000D86F25_2021-04-14
2021-06-24 22:54:02 24      BX_BBG000BH0106_2021-04-14
2021-06-24 22:54:02 27      BXP_BBG000BS5CM9_2021-04-14
2021-06-24 22:54:02 28      BYND_BBG003CVJP50_2021-04-14
2021-06-24 22:54:02 32      BZUN_BBG008HNS333_2021-04-14
2021-06-24 22:54:02 33      C_BBG000FY4S11_2021-04-14
2021-06-24 22:54:02 41      CABO_BBG000F02T51_2021-04-14
2021-06-24 22:54:02 42      CACC_BBG000CS0D96_2021-04-14
2021-06-24 22:54:02 43      CAG_BBG000BDXGP9_2021-04-14
2021-06-24 22:54:02 45      CAH_BBG000D898T9_2021-04-14
2021-06-24 22:54:02 46      CALM_BBG000CDMJW6_2021-04-14
2021-06-24 22:54:02 47      CARA_BBG001J2QYS9_2021-04-14
2021-06-24 22:54:02 49      CARG_BBG00HQ77DS2_2021-04-14
2021-06-24 22:54:02 51      CARR_BBG00RP5HYS8_2021-04-14
2021-06-24 22:54:02 52      CARS_BBG000HGTH33_2021-04-14
2021-06-24 22:54:02 53      CASY_BBG000BF0672_2021-04-14
2021-06-24 22:54:02 55      CAT_BBG000BF0K17_2021-04-14
2021-06-24 22:54:02 58      CB_BBG000BR14K5_2021-04-14
2021-06-24 22:54:02 60      CBRE_BBG000C04224_2021-04-14
2021-06-24 22:54:02 61      CBRL_BBG000BF33K1_2021-04-14
2021-06-24 22:54:02 62      CBSH_BBG000BF3G77_2021-04-14
2021-06-24 22:54:02 63      CBU_BBG000BF4D19_2021-04-14
2021-06-24 22:54:02 64      CCI_BBG000FV1Z23_2021-04-14
2021-06-24 22:54:02 65      CCK_BBG000BF6756_2021-04-14
2021-06-24 22:54:02 67      CCL_BBG000BF6LY3_2021-04-14
2021-06-24 22:54:02 70      CCL: SPYKE!. Candle: ID:4, Time: 4:00, Close: 26.55
2021-06-24 22:54:02 70      CCL: BuyPending. Strategy: MorningOpenStrategy. Price: 26.55. Lots: 9. ChangeOpenToCurrent: -3.84. ChangePrevCloseToCurrent: -4.67. Candle: ID:4, Time: 4:00, Close: 26.55.
2021-06-24 22:54:02 70      CCL: OrderID: 61a58ac7. PlacedOrder. Status: New. RejectReason: 
2021-06-24 22:54:02 70      CCL: OrderID: 61a58ac7 fully executed
2021-06-24 22:54:02 70      CCL: Buy more. Price: 25.59. Lots: 9. changeFromLastBuy: -3.62. Candle: ID:5, Time: 4:00, Close: 25.59.
2021-06-24 22:54:02 70      CCL: OrderID: dc3cef58. PlacedOrder. Status: New. RejectReason: 
2021-06-24 22:54:02 70      CCL: SPYKE!. Candle: ID:7, Time: 4:00, Close: 27.57
2021-06-24 22:54:02 70      CCL: SPYKE!. Candle: ID:8, Time: 4:00, Close: 27.57
2021-06-24 22:54:02 70      CCL: Morning closing. Close price: 27.59. Lots: 9. CandleChange: -0.18%. ChangeFromCandleHigh: -0.18%. Profit: 1.04(3.92%). Candle: ID:115, Time: 4:10, Close: 27.59
2021-06-24 22:54:02 70      CCL: OrderID: 271d85de. PlacedOrder. Status: New. RejectReason: 
2021-06-24 22:54:02 70      CCL: OrderID: dc3cef58 automatically canceling...
2021-06-24 22:54:02 70      OrderID: dc3cef58 successfully canceled
2021-06-24 22:54:02 70      CCL: OrderID: 271d85de fully executed
2021-06-24 22:54:02 73      CCOI_BBG000D0SMY8_2021-04-14
2021-06-24 22:54:02 74      CCXI_BBG000PTSB12_2021-04-14
2021-06-24 22:54:02 75      CDK_BBG006B6PVN9_2021-04-14
2021-06-24 22:54:02 76      CDLX_BBG00225ZDD0_2021-04-14
2021-06-24 22:54:02 77      CDNA_BBG006JS5785_2021-04-14
2021-06-24 22:54:02 79      CDNS_BBG000C13CD9_2021-04-14
2021-06-24 22:54:02 81      CDW_BBG001P63B80_2021-04-14
2021-06-24 22:54:02 83      CE_BBG000JYP7L8_2021-04-14
2021-06-24 22:54:02 84      CEA_BBG000BCFNR4_2021-04-14
2021-06-24 22:54:02 84      CENT_BBG000BFD605_2021-04-14
2021-06-24 22:54:02 85      CENTA_BBG000KTYB56_2021-04-14
2021-06-24 22:54:02 86      CERN_BBG000BFDLV8_2021-04-14
2021-06-24 22:54:02 88      CEVA_BBG000BN3P07_2021-04-14
2021-06-24 22:54:02 89      CF_BBG000BWJFZ4_2021-04-14
2021-06-24 22:54:02 91      CFG_BBG006Q0HY77_2021-04-14
2021-06-24 22:54:02 93      CFR_BBG000C2PL98_2021-04-14
2021-06-24 22:54:02 94      CFX_BBG000C5Z443_2021-04-14
2021-06-24 22:54:02 95      CGEN_BBG000B9ZLB0_2021-04-14
2021-06-24 22:54:02 97      CGNX_BBG000BPBVW5_2021-04-14
2021-06-24 22:54:02 98      CHD_BBG000BFJT36_2021-04-14
2021-06-24 22:54:03 00      CHDN_BBG000BGXMG9_2021-04-14
2021-06-24 22:54:03 01      CHE_BBG000C19QW1_2021-04-14
2021-06-24 22:54:03 02      CHEF_BBG001MFW6D6_2021-04-14
2021-06-24 22:54:03 03      CHGG_BBG0014XR0N5_2021-04-14
2021-06-24 22:54:03 05      CHH_BBG000BPBTL2_2021-04-14
2021-06-24 22:54:03 06      CHKP_BBG000K82ZT8_2021-04-14
2021-06-24 22:54:03 08      CHNG_BBG0059KNH10_2021-04-14
2021-06-24 22:54:03 10      CHRW_BBG000BTCH57_2021-04-14
2021-06-24 22:54:03 11      CHTR_BBG000VPGNR2_2021-04-14
2021-06-24 22:54:03 14      CHWY_BBG00P19DKZ6_2021-04-14
2021-06-24 22:54:03 17      CHX_BBG00JH9TZ56_2021-04-14
2021-06-24 22:54:03 19      CI_BBG00KXRCDP0_2021-04-14
2021-06-24 22:54:03 20      CIEN_BBG000BP1152_2021-04-14
2021-06-24 22:54:03 22      CINF_BBG000BFPK65_2021-04-14
2021-06-24 22:54:03 24      CL_BBG000BFQYY3_2021-04-14
2021-06-24 22:54:03 27      CLDR_BBG000DRJFC8_2021-04-14
2021-06-24 22:54:03 28      CLDT_BBG000PT6BR8_2021-04-14
2021-06-24 22:54:03 29      CLF_BBG000BFRF55_2021-04-14
2021-06-24 22:54:03 33      CLGX_BBG000C2H3F0_2021-04-14
2021-06-24 22:54:03 34      CLH_BBG000BFRRX8_2021-04-14
2021-06-24 22:54:03 35      CLR_BBG000BHBGN6_2021-04-14
2021-06-24 22:54:03 38      CLX_BBG000BFS7D3_2021-04-14
2021-06-24 22:54:03 40      CMA_BBG000C75N77_2021-04-14
2021-06-24 22:54:03 43      CMC_BBG000BFSND8_2021-04-14
2021-06-24 22:54:03 44      CMCO_BBG000BCWWV0_2021-04-14
2021-06-24 22:54:03 45      CMCSA_BBG000BFT2L4_2021-04-14
2021-06-24 22:54:03 52      CME_BBG000BHLYP4_2021-04-14
2021-06-24 22:54:03 54      CMG_BBG000QX74T1_2021-04-14
2021-06-24 22:54:03 55      CMI_BBG000BGPTV6_2021-04-14
2021-06-24 22:54:03 56      CMP_BBG000C42WS4_2021-04-14
2021-06-24 22:54:03 57      CMS_BBG000BFVXX0_2021-04-14
2021-06-24 22:54:03 59      CNC_BBG000BDXCJ5_2021-04-14
2021-06-24 22:54:03 61      CNK_BBG000QDVR53_2021-04-14
2021-06-24 22:54:03 64      CNP_BBG000FDBX90_2021-04-14
2021-06-24 22:54:03 66      CNS_BBG000BB0WG4_2021-04-14
2021-06-24 22:54:03 67      CNST_BBG000R1H6P8_2021-04-14
2021-06-24 22:54:03 68      CNXC_BBG00RCNQMX3_2021-04-14
2021-06-24 22:54:03 69      CNXN_BBG000BX74M4_2021-04-14
2021-06-24 22:54:03 70      COF_BBG000BGKTF9_2021-04-14
2021-06-24 22:54:03 73      COG_BBG000C3GN47_2021-04-14
2021-06-24 22:54:03 75      COHR_BBG000BG1DH3_2021-04-14
2021-06-24 22:54:03 76      COKE_BBG000BG1SX2_2021-04-14
2021-06-24 22:54:03 77      COLM_BBG000BKKQ84_2021-04-14
2021-06-24 22:54:03 78      CONE_BBG0038V5TX1_2021-04-14
2021-06-24 22:54:03 80      COO_BBG000BG3445_2021-04-14
2021-06-24 22:54:03 81      COP_BBG000BQQH30_2021-04-14
2021-06-24 22:54:03 87      CORR_BBG000CN80Y9_2021-04-14
2021-06-24 22:54:03 89      CORT_BBG000BKJG33_2021-04-14
2021-06-24 22:54:03 90      COST_BBG000F6H8W8_2021-04-14
2021-06-24 22:54:03 94      COTY_BBG000F395V1_2021-04-14
2021-06-24 22:54:03 95      COUP_BBG001J4BCN4_2021-04-14
2021-06-24 22:54:03 97      CPB_BBG000BG4202_2021-04-14
2021-06-24 22:54:03 98      CPRI_BBG0029SNR63_2021-04-14
2021-06-24 22:54:04 00      CPRT_BBG000BM9RH1_2021-04-14
2021-06-24 22:54:04 03      CPS_BBG000PSXT64_2021-04-14
2021-06-24 22:54:04 03      CR_BBG000BG7423_2021-04-14
2021-06-24 22:54:04 04      CREE_BBG000BG14P4_2021-04-14
2021-06-24 22:54:04 06      CRI_BBG000CTM4J9_2021-04-14
2021-06-24 22:54:04 07      CRL_BBG000BG5BL8_2021-04-14
2021-06-24 22:54:04 08      CRM_BBG000BN2DC2_2021-04-14
2021-06-24 22:54:04 12      CRMT_BBG000CM6L31_2021-04-14
2021-06-24 22:54:04 13      CROX_BBG000BLY663_2021-04-14
2021-06-24 22:54:04 16      CRS_BBG000BGCQT9_2021-04-14
2021-06-24 22:54:04 17      CRTX_BBG00BTK1DT8_2021-04-14
2021-06-24 22:54:04 19      CRUS_BBG000C1DHF5_2021-04-14
2021-06-24 22:54:04 20      CRVL_BBG000CVKZY0_2021-04-14
2021-06-24 22:54:04 21      CRWD_BBG00BLYKS03_2021-04-14
2021-06-24 22:54:04 25      CSCO_BBG000C3J3C9_2021-04-14
2021-06-24 22:54:04 27      CSCO: BuyPending. Strategy: MorningOpenStrategy. Price: 50.13. Lots: 4. ChangeOpenToCurrent: -2.57. ChangePrevCloseToCurrent: -3.04. Candle: ID:8, Time: 4:00, Close: 50.13.
2021-06-24 22:54:04 27      CSCO: OrderID: 5c44b8af. PlacedOrder. Status: New. RejectReason: 
2021-06-24 22:54:04 27      CSCO: OrderID: 5c44b8af fully executed
2021-06-24 22:54:04 27      CSCO: Buy more. Price: 48. Lots: 5. changeFromLastBuy: -4.25. Candle: ID:11, Time: 4:00, Close: 48.
2021-06-24 22:54:04 27      CSCO: OrderID: 7f28e8a6. PlacedOrder. Status: New. RejectReason: 
2021-06-24 22:54:04 27      CSCO: OrderID: 7f28e8a6 fully executed
2021-06-24 22:54:04 27      CSCO: Morning closing. Close price: 50.97. Lots: 9. CandleChange: -0.20%. ChangeFromCandleHigh: -0.25%. Profit: 2.03(4.15%). Candle: ID:94, Time: 4:05, Close: 50.97
2021-06-24 22:54:04 27      CSCO: OrderID: 4f82e68b. PlacedOrder. Status: New. RejectReason: 
2021-06-24 22:54:04 27      CSCO: OrderID: 4f82e68b partially executed. Executed lots: 2. OrderStatus: 2/9 lots
2021-06-24 22:54:04 27      CSCO: OrderID: 4f82e68b partially executed. Executed lots: 1. OrderStatus: 3/9 lots
2021-06-24 22:54:04 27      CSCO: OrderID: 4f82e68b partially executed. Executed lots: 1. OrderStatus: 4/9 lots
2021-06-24 22:54:04 27      CSCO: OrderID: 4f82e68b fully executed
2021-06-24 22:54:04 30      CSGP_BBG000D7JKW9_2021-04-14
2021-06-24 22:54:04 31      CSGS_BBG000G3TQV2_2021-04-14
2021-06-24 22:54:04 32      CSII_BBG000NWQ9S5_2021-04-14
2021-06-24 22:54:04 33      CSL_BBG000BGGBT8_2021-04-14
2021-06-24 22:54:04 34      CSOD_BBG0016X4XN6_2021-04-14
2021-06-24 22:54:04 36      CSWI_BBG007NLG4L3_2021-04-14
2021-06-24 22:54:04 36      CSX_BBG000BGJRC8_2021-04-14
2021-06-24 22:54:04 39      CTAS_BBG000H3YXF8_2021-04-14
2021-06-24 22:54:04 41      CTB_BBG000BGKXV2_2021-04-14
2021-06-24 22:54:04 42      CTLT_BBG005XR47P5_2021-04-14
2021-06-24 22:54:04 43      CTSH_BBG000BBDV81_2021-04-14
2021-06-24 22:54:04 46      CTVA_BBG00BN969C1_2021-04-14
2021-06-24 22:54:04 48      CTXS_BBG000FQ6PY6_2021-04-14
2021-06-24 22:54:04 50      CVCO_BBG000K4WS65_2021-04-14
2021-06-24 22:54:04 51      CVET_BBG00KR691K8_2021-04-14
2021-06-24 22:54:04 52      CVGW_BBG000BGPQW1_2021-04-14
2021-06-24 22:54:04 53      CVLT_BBG000BG88X9_2021-04-14
2021-06-24 22:54:04 54      CVNA_BBG00GCTWDJ3_2021-04-14
2021-06-24 22:54:04 56      CVS_BBG000BGRY34_2021-04-14
2021-06-24 22:54:04 59      CVX_BBG000K4ND22_2021-04-14
2021-06-24 22:54:04 65      CW_BBG000BGSPS5_2021-04-14
2021-06-24 22:54:04 66      CWST_BBG000BT0J38_2021-04-14
2021-06-24 22:54:04 67      CWT_BBG000D8KTN6_2021-04-14
2021-06-24 22:54:04 67      CY_BBG000BXNJ07_2021-04-14
2021-06-24 22:54:04 68      D_BBG000BGVW60_2021-04-14
2021-06-24 22:54:04 70      DAL_BBG000R7Z112_2021-04-14
2021-06-24 22:54:04 75      DAR_BBG000BN8ZK8_2021-04-14
2021-06-24 22:54:04 77      DBX_BBG0018SLDN0_2021-04-14
2021-06-24 22:54:04 80      DCI_BBG000BGZP70_2021-04-14
2021-06-24 22:54:04 81      DCPH_BBG00HMJ9H54_2021-04-14
2021-06-24 22:54:04 82      DD_BBG00BN961G4_2021-04-14
2021-06-24 22:54:04 84      DDOG_BBG003NJHZT9_2021-04-14
2021-06-24 22:54:04 86      DDS_BBG000BS4MP5_2021-04-14
2021-06-24 22:54:04 88      DE_BBG000BH1NH9_2021-04-14
2021-06-24 22:54:04 89      DECK_BBG000BKXYX5_2021-04-14
2021-06-24 22:54:04 90      DELL_BBG00DW3SZS1_2021-04-14
2021-06-24 22:54:04 91      DELL: SPYKE!. Candle: ID:2087, Time: 20:05, Close: 101.02
2021-06-24 22:54:04 92      DFS_BBG000QBR5J5_2021-04-14
2021-06-24 22:54:04 94      DG_BBG000NV1KK7_2021-04-14
2021-06-24 22:54:04 96      DGX_BBG000BN84F3_2021-04-14
2021-06-24 22:54:04 98      DHI_BBG000DQTXY6_2021-04-14
2021-06-24 22:54:05 01      DHR_BBG000BH3JF8_2021-04-14
2021-06-24 22:54:05 04      DIOD_BBG000G25P51_2021-04-14
2021-06-24 22:54:05 06      DIS_BBG000BH4R78_2021-04-14
2021-06-24 22:54:05 11      DISCA_BBG000CHWP52_2021-04-14
2021-06-24 22:54:05 31      DISCB_BBG000F7L5N7_2021-04-14
2021-06-24 22:54:05 34      DISCB: SPYKE!. Candle: ID:789, Time: 11:45, Close: 90
2021-06-24 22:54:05 34      DISCB: SPYKE!. Candle: ID:1920, Time: 13:30, Close: 97
2021-06-24 22:54:05 34      DISCB: SPYKE!. Candle: ID:1956, Time: 13:30, Close: 96.9
2021-06-24 22:54:05 34      DISCB: SPYKE!. Candle: ID:1961, Time: 13:30, Close: 96.99
2021-06-24 22:54:05 34      DISCB: SPYKE!. Candle: ID:1966, Time: 13:30, Close: 96.99
2021-06-24 22:54:05 34      DISCB: SPYKE!. Candle: ID:1973, Time: 13:30, Close: 96.99
2021-06-24 22:54:05 34      DISCB: SPYKE!. Candle: ID:2248, Time: 13:35, Close: 104
2021-06-24 22:54:05 34      DISCB: SPYKE!. Candle: ID:2250, Time: 13:35, Close: 106
2021-06-24 22:54:05 34      DISCB: SPYKE!. Candle: ID:2251, Time: 13:35, Close: 96.9
2021-06-24 22:54:05 34      DISCB: SPYKE!. Candle: ID:2414, Time: 13:35, Close: 96
2021-06-24 22:54:05 34      DISCB: SPYKE!. Candle: ID:2417, Time: 13:35, Close: 104
2021-06-24 22:54:05 34      DISCB: SPYKE!. Candle: ID:2426, Time: 13:35, Close: 95.86
2021-06-24 22:54:05 35      DISCB: SPYKE!. Candle: ID:3226, Time: 14:05, Close: 101
2021-06-24 22:54:05 35      DISCB: SPYKE!. Candle: ID:3550, Time: 14:10, Close: 112
2021-06-24 22:54:05 35      DISCB: SPYKE!. Candle: ID:3552, Time: 14:10, Close: 105.56
2021-06-24 22:54:05 35      DISCB: SPYKE!. Candle: ID:3553, Time: 14:10, Close: 112.63
2021-06-24 22:54:05 35      DISCB: SPYKE!. Candle: ID:5597, Time: 14:45, Close: 103.07
2021-06-24 22:54:05 35      DISCB: SPYKE!. Candle: ID:8562, Time: 16:25, Close: 103.38
2021-06-24 22:54:05 35      DISCB: SPYKE!. Candle: ID:9097, Time: 16:50, Close: 109.56
2021-06-24 22:54:05 35      DISCB: SPYKE!. Candle: ID:9100, Time: 16:50, Close: 108.41
2021-06-24 22:54:05 36      DISCK_BBG000VMWHH5_2021-04-14
2021-06-24 22:54:05 47      DK_BBG00FZYFVC5_2021-04-14
2021-06-24 22:54:05 48      DKNG_BBG00TCBG714_2021-04-14
2021-06-24 22:54:05 55      DKS_BBG000F6ZWH2_2021-04-14
2021-06-24 22:54:05 56      DLB_BBG000DGLTG5_2021-04-14
2021-06-24 22:54:05 58      DLR_BBG000Q5ZRM7_2021-04-14
2021-06-24 22:54:05 59      DLTH_BBG002GBMZG4_2021-04-14
2021-06-24 22:54:05 60      DLTR_BBG000BSC0K9_2021-04-14
2021-06-24 22:54:05 63      DLX_BBG000BH6360_2021-04-14
2021-06-24 22:54:05 64      DNLI_BBG008P7F869_2021-04-14
2021-06-24 22:54:05 65      DNOW_BBG005BLN209_2021-04-14
2021-06-24 22:54:05 66      DOCU_BBG000N7KJX8_2021-04-14
2021-06-24 22:54:05 71      DORM_BBG000BM22F5_2021-04-14
2021-06-24 22:54:05 72      DOV_BBG000BHB3M6_2021-04-14
2021-06-24 22:54:05 74      DOW_BBG00BN96922_2021-04-14
2021-06-24 22:54:05 76      DPZ_BBG000P458P3_2021-04-14
2021-06-24 22:54:05 77      DRE_BBG000BHD8S7_2021-04-14
2021-06-24 22:54:05 79      DRI_BBG000BBNYF6_2021-04-14
2021-06-24 22:54:05 81      DRNA_BBG001J1DB23_2021-04-14
2021-06-24 22:54:05 82      DRQ_BBG000BVDBY2_2021-04-14
2021-06-24 22:54:05 83      DT_BBG00PNN7C40_2021-04-14
2021-06-24 22:54:05 84      DVA_BBG000MQ1SN9_2021-04-14
2021-06-24 22:54:05 85      DVN_BBG000BBVJZ8_2021-04-14
2021-06-24 22:54:05 89      DXC_BBG00FN64XT9_2021-04-14
2021-06-24 22:54:05 91      DXCM_BBG000QTF8K1_2021-04-14
2021-06-24 22:54:05 93      DY_BBG000C4SKT1_2021-04-14
2021-06-24 22:54:05 94      EA_BBG000BP0KQ8_2021-04-14
2021-06-24 22:54:05 96      EAT_BBG000BK28N7_2021-04-14
2021-06-24 22:54:05 98      EBAY_BBG000C43RR5_2021-04-14
2021-06-24 22:54:06 04      EBS_BBG000GW06J7_2021-04-14
2021-06-24 22:54:06 05      ECHO_BBG000RFP8W6_2021-04-14
2021-06-24 22:54:06 06      ECL_BBG000BHKYH4_2021-04-14
2021-06-24 22:54:06 08      ECPG_BBG000F369C7_2021-04-14
2021-06-24 22:54:06 08      ED_BBG000BHLYS1_2021-04-14
2021-06-24 22:54:06 11      EDIT_BBG005MX5GZ2_2021-04-14
2021-06-24 22:54:06 13      EEFT_BBG000BMNBY1_2021-04-14
2021-06-24 22:54:06 14      EFX_BBG000BHPL78_2021-04-14
2021-06-24 22:54:06 15      EGHT_BBG000BCGHH7_2021-04-14
2021-06-24 22:54:06 16      EGRX_BBG005Y3XWH9_2021-04-14
2021-06-24 22:54:06 17      EHTH_BBG000P5JQX6_2021-04-14
2021-06-24 22:54:06 19      EIX_BBG000D7RKJ5_2021-04-14
2021-06-24 22:54:06 21      EL_BBG000FKJRC5_2021-04-14
2021-06-24 22:54:06 23      ELAN_BBG00LJYS1P8_2021-04-14
2021-06-24 22:54:06 25      ELS_BBG000BB7SX7_2021-04-14
2021-06-24 22:54:06 26      EME_BBG000BBRPL4_2021-04-14
2021-06-24 22:54:06 27      EMN_BBG000BLW530_2021-04-14
2021-06-24 22:54:06 28      EMR_BBG000BHX7N2_2021-04-14
2021-06-24 22:54:06 30      ENDP_BBG000C0HQ54_2021-04-14
2021-06-24 22:54:06 32      ENPH_BBG001R3MNY9_2021-04-14
2021-06-24 22:54:06 36      ENR_BBG006FCB019_2021-04-14
2021-06-24 22:54:06 36      ENS_BBG000PWTD92_2021-04-14
2021-06-24 22:54:06 38      ENTA_BBG001V9NSB4_2021-04-14
2021-06-24 22:54:06 39      ENTG_BBG000CTV4N4_2021-04-14
2021-06-24 22:54:06 41      ENV_BBG000Q4NZ54_2021-04-14
2021-06-24 22:54:06 42      EOG_BBG000BZ9223_2021-04-14
2021-06-24 22:54:06 45      EPAM_BBG000MHTV89_2021-04-14
2021-06-24 22:54:06 46      EPAY_BBG000BRNH31_2021-04-14
2021-06-24 22:54:06 47      EPC_BBG000BRW644_2021-04-14
2021-06-24 22:54:06 48      EQIX_BBG000MBDGM6_2021-04-14
2021-06-24 22:54:06 50      EQT_BBG000BHZ5J9_2021-04-14
2021-06-24 22:54:06 53      ERIE_BBG000BBTJZ1_2021-04-14
2021-06-24 22:54:06 54      ES_BBG000BQ87N0_2021-04-14
2021-06-24 22:54:06 55      ESPR_BBG004KB3S72_2021-04-14
2021-06-24 22:54:06 57      ESS_BBG000CGJMB9_2021-04-14
2021-06-24 22:54:06 58      ET_BBG000BM2FL9_2021-04-14
2021-06-24 22:54:06 60      ETN_BBG000BJ3PD2_2021-04-14
2021-06-24 22:54:06 62      ETR_BBG000C1FQS9_2021-04-14
2021-06-24 22:54:06 64      ETRN_BBG00K53L394_2021-04-14
2021-06-24 22:54:06 65      ETSY_BBG000N7MXL8_2021-04-14
2021-06-24 22:54:06 69      EVBG_BBG0022FMPD5_2021-04-14
2021-06-24 22:54:06 71      EVER_BBG00F17NDH7_2021-04-14
2021-06-24 22:54:06 72      EVH_BBG005CHLM96_2021-04-14
2021-06-24 22:54:06 73      EVR_BBG000BP30Y0_2021-04-14
2021-06-24 22:54:06 75      EVRG_BBG00H433CR2_2021-04-14
2021-06-24 22:54:06 76      EW_BBG000BRXP69_2021-04-14
2021-06-24 22:54:06 78      EWBC_BBG000CR20B1_2021-04-14
2021-06-24 22:54:06 80      EXAS_BBG000CWL0F5_2021-04-14
2021-06-24 22:54:06 82      EXC_BBG000J6XT05_2021-04-14
2021-06-24 22:54:06 84      EXEL_BBG000BQ4WF8_2021-04-14
2021-06-24 22:54:06 87      EXLS_BBG000NS3P30_2021-04-14
2021-06-24 22:54:06 88      EXP_BBG000BJW241_2021-04-14
2021-06-24 22:54:06 89      EXPD_BBG000BJ5GK2_2021-04-14
2021-06-24 22:54:06 90      EXPE_BBG000QY3XZ2_2021-04-14
2021-06-24 22:54:06 93      EXR_BBG000PV27K3_2021-04-14
2021-06-24 22:54:06 95      EYE_BBG00HVQF9K2_2021-04-14
2021-06-24 22:54:06 96      F_BBG000BQPC32_2021-04-14
2021-06-24 22:54:06 99      FANG_BBG002PHSYX9_2021-04-14
2021-06-24 22:54:07 01      FARO_BBG000BJD7C2_2021-04-14
2021-06-24 22:54:07 02      FAST_BBG000BJ8YN7_2021-04-14
2021-06-24 22:54:07 05      FATE_BBG000QP35H2_2021-04-14
2021-06-24 22:54:07 07      FB_BBG000MM2P62_2021-04-14
2021-06-24 22:54:07 17      FBHS_BBG001B4BV87_2021-04-14
2021-06-24 22:54:07 19      FCFS_BBG000DNF659_2021-04-14
2021-06-24 22:54:07 20      FCN_BBG000K88H58_2021-04-14
2021-06-24 22:54:07 21      FCX_BBG000BJDB15_2021-04-14
2021-06-24 22:54:07 28      FDS_BBG000BDJL83_2021-04-14
2021-06-24 22:54:07 29      FDX_BBG000BJF1Z8_2021-04-14
2021-06-24 22:54:07 31      FELE_BBG000BJGGV8_2021-04-14
2021-06-24 22:54:07 32      FFIV_BBG000CXYSZ6_2021-04-14
2021-06-24 22:54:07 33      FGEN_BBG000FW5ZL6_2021-04-14
2021-06-24 22:54:07 35      FGEN: BuyPending. Strategy: MorningOpenStrategy. Price: 19.17. Lots: 13. ChangeOpenToCurrent: -2.39. ChangePrevCloseToCurrent: -1.13. Candle: ID:10, Time: 7:00, Close: 19.17.
2021-06-24 22:54:07 35      FGEN: OrderID: 8cf5aef4. PlacedOrder. Status: New. RejectReason: 
2021-06-24 22:54:07 35      FGEN: OrderID: 8cf5aef4 fully executed
2021-06-24 22:54:07 35      FGEN: Morning closing. Close price: 19.46. Lots: 13. CandleChange: -0.10%. ChangeFromCandleHigh: -0.21%. Profit: 0.29(1.51%). Candle: ID:117, Time: 7:15, Close: 19.46
2021-06-24 22:54:07 35      FGEN: OrderID: 613afc0f. PlacedOrder. Status: New. RejectReason: 
2021-06-24 22:54:07 35      FGEN: OrderID: 613afc0f partially executed. Executed lots: 1. OrderStatus: 1/13 lots
2021-06-24 22:54:07 35      FGEN: OrderID: 613afc0f partially executed. Executed lots: 1. OrderStatus: 2/13 lots
2021-06-24 22:54:07 35      FGEN: OrderID: 613afc0f partially executed. Executed lots: 9. OrderStatus: 11/13 lots
2021-06-24 22:54:07 35      FGEN: OrderID: 613afc0f partially executed. Executed lots: 1. OrderStatus: 12/13 lots
2021-06-24 22:54:07 35      FGEN: OrderID: 613afc0f fully executed
2021-06-24 22:54:07 37      FICO_BBG000DW76Y6_2021-04-14
2021-06-24 22:54:07 37      FIS_BBG000BK2F42_2021-04-14
2021-06-24 22:54:07 40      FISV_BBG000BJKPG0_2021-04-14
2021-06-24 22:54:07 43      FITB_BBG000BJL3N0_2021-04-14
2021-06-24 22:54:07 47      FIVN_BBG001KHJM17_2021-04-14
2021-06-24 22:54:07 48      FIZZ_BBG000BF8CB6_2021-04-14
2021-06-24 22:54:07 50      FL_BBG000BX8DC4_2021-04-14
2021-06-24 22:54:07 51      FLIR_BBG000BHK836_2021-04-14
2021-06-24 22:54:07 53      FLOW_BBG007FL7ZD2_2021-04-14
2021-06-24 22:54:07 54      FLR_BBG000BB1TH9_2021-04-14
2021-06-24 22:54:07 55      FLS_BBG000FFH4P5_2021-04-14
2021-06-24 22:54:07 57      FLT_BBG000GPXKX9_2021-04-14
2021-06-24 22:54:07 58      FLWS_BBG000BBR9P6_2021-04-14
2021-06-24 22:54:07 59      FMC_BBG000BJP882_2021-04-14
2021-06-24 22:54:07 61      FND_BBG007GJ2F81_2021-04-14
2021-06-24 22:54:07 62      FNKO_BBG00HXSHDQ9_2021-04-14
2021-06-24 22:54:07 64      FOCS_BBG00L0YTFN8_2021-04-14
2021-06-24 22:54:07 65      FOE_BBG000BJQK11_2021-04-14
2021-06-24 22:54:07 66      FOLD_BBG000PLF6N0_2021-04-14
2021-06-24 22:54:07 69      FORM_BBG000D1Y3P1_2021-04-14
2021-06-24 22:54:07 71      FORR_BBG000HGNYG8_2021-04-14
2021-06-24 22:54:07 72      FOX_BBG00JHNKJY8_2021-04-14
2021-06-24 22:54:07 74      FOXA_BBG00JHNJW99_2021-04-14
2021-06-24 22:54:07 78      FOXF_BBG004T7VS53_2021-04-14
2021-06-24 22:54:07 79      FRHC_BBG000N625H8_2021-04-14
2021-06-24 22:54:07 80      FRPH_BBG000HCVWW4_2021-04-14
2021-06-24 22:54:07 81      FRPT_BBG001D0HB36_2021-04-14
2021-06-24 22:54:07 82      FSLR_BBG000BFL116_2021-04-14
2021-06-24 22:54:07 85      FSLY_BBG004NLQHL0_2021-04-14
2021-06-24 22:54:07 89      FTCH_BBG00LSD4456_2021-04-14
2021-06-24 22:54:07 93      FTI_BBG00DL8NMV2_2021-04-14
2021-06-24 22:54:07 96      FTNT_BBG000BCMBG4_2021-04-14
2021-06-24 22:54:07 98      FTV_BBG00BLVZ228_2021-04-14
2021-06-24 22:54:07 99      FUL_BBG000BJZ7V7_2021-04-14
2021-06-24 22:54:08 00      GATX_BBG000BKGXQ4_2021-04-14
2021-06-24 22:54:08 01      GBCI_BBG000C3KB84_2021-04-14
2021-06-24 22:54:08 02      GBT_BBG00341H6M0_2021-04-14
2021-06-24 22:54:08 05      GBX_BBG000CF5097_2021-04-14
2021-06-24 22:54:08 06      GCO_BBG000BK5S78_2021-04-14
2021-06-24 22:54:08 06      GCP_BBG0082W8Q12_2021-04-14
2021-06-24 22:54:08 07      GD_BBG000BK67C7_2021-04-14
2021-06-24 22:54:08 09      GDDY_BBG006MDLY05_2021-04-14
2021-06-24 22:54:08 10      GDOT_BBG000QDJT53_2021-04-14
2021-06-24 22:54:08 11      GE_BBG000BK6MB5_2021-04-14
2021-06-24 22:54:08 14      GEF_BBG000BLFNC0_2021-04-14
2021-06-24 22:54:08 15      GGG_BBG000BK9W84_2021-04-14
2021-06-24 22:54:08 16      GH_BBG006D97VY9_2021-04-14
2021-06-24 22:54:08 18      GHC_BBG000C3FGH9_2021-04-14
2021-06-24 22:54:08 18      GILD_BBG000CKGBP2_2021-04-14
2021-06-24 22:54:08 22      GIS_BBG000BKCFC2_2021-04-14
2021-06-24 22:54:08 24      GKOS_BBG000WG2LQ1_2021-04-14
2021-06-24 22:54:08 25      GL_BBG000BVD6X4_2021-04-14
2021-06-24 22:54:08 27      GLW_BBG000BKFZM4_2021-04-14
2021-06-24 22:54:08 29      GM_BBG000NDYB67_2021-04-14
2021-06-24 22:54:08 33      GMED_BBG002V87SD0_2021-04-14
2021-06-24 22:54:08 34      GMS_BBG009Q036D0_2021-04-14
2021-06-24 22:54:08 35      GNL_BBG004HXD0G8_2021-04-14
2021-06-24 22:54:08 36      GNRC_BBG000PQ4W72_2021-04-14
2021-06-24 22:54:08 37      GO_BBG00P4R3079_2021-04-14
2021-06-24 22:54:08 38      GOOG_BBG009S3NB30_2021-04-14
2021-06-24 22:54:08 41      GOOGL_BBG009S39JX6_2021-04-14
2021-06-24 22:54:08 45      GOSS_BBG00MVWLLM2_2021-04-14
2021-06-24 22:54:08 47      GPC_BBG000BKL348_2021-04-14
2021-06-24 22:54:08 49      GPI_BBG000BB88K4_2021-04-14
2021-06-24 22:54:08 49      GPN_BBG000CX0P89_2021-04-14
2021-06-24 22:54:08 51      GPS_BBG000BKLH74_2021-04-14
2021-06-24 22:54:08 54      GRA_BBG000BB8PG1_2021-04-14
2021-06-24 22:54:08 55      GRMN_BBG000C4LN67_2021-04-14
2021-06-24 22:54:08 56      GRUB_BBG001KWG293_2021-04-14
2021-06-24 22:54:08 56      Warning: figi `BBG001KWG293` for history data does not match actual figi `BBG010R8C3Y4`. Ticker: GRUB. Will be used actual!
2021-06-24 22:54:08 57      GS_BBG000C6CFJ5_2021-04-14
2021-06-24 22:54:08 64      GSH_BBG000GLG0G0_2021-04-14
2021-06-24 22:54:08 64      GSKY_BBG00KT2SCV8_2021-04-14
2021-06-24 22:54:08 79      GT_BBG000BKNX95_2021-04-14
2021-06-24 22:54:08 80      GTHX_BBG005F1DK91_2021-04-14
2021-06-24 22:54:08 82      GTLS_BBG000P1K2X6_2021-04-14
2021-06-24 22:54:08 84      GTN_BBG000DSQLQ0_2021-04-14
2021-06-24 22:54:08 85      GVA_BBG000DVB833_2021-04-14
2021-06-24 22:54:08 85      GWRE_BBG001C7PM75_2021-04-14
2021-06-24 22:54:08 86      GWW_BBG000BKR1D6_2021-04-14
2021-06-24 22:54:08 87      H_BBG000CVRFS4_2021-04-14
2021-06-24 22:54:08 88      HA_BBG000BC4185_2021-04-14
2021-06-24 22:54:08 89      HAE_BBG000C7TF41_2021-04-14
2021-06-24 22:54:08 90      HAIN_BBG000BQW085_2021-04-14
2021-06-24 22:54:08 91      HAL_BBG000BKTFN2_2021-04-14
2021-06-24 22:54:08 93      HALO_BBG000CZ8W54_2021-04-14
2021-06-24 22:54:08 94      HAS_BBG000BKVJK4_2021-04-14
2021-06-24 22:54:08 96      HBAN_BBG000BKWSR6_2021-04-14
2021-06-24 22:54:08 98      HBI_BBG000D2ZTS8_2021-04-14
2021-06-24 22:54:08 99      HCA_BBG000QW7VC1_2021-04-14
2021-06-24 22:54:09 00      HCCI_BBG000CCFB17_2021-04-14
2021-06-24 22:54:09 00      HCSG_BBG000BKYVF0_2021-04-14
2021-06-24 22:54:09 01      HD_BBG000BKZB36_2021-04-14
2021-06-24 22:54:09 04      HEAR_BBG000BM6N47_2021-04-14
2021-06-24 22:54:09 06      HEI_BBG000BL16Q7_2021-04-14
2021-06-24 22:54:09 06      HES_BBG000BBD070_2021-04-14
2021-06-24 22:54:09 08      HFC_BBG000BL9JQ1_2021-04-14
2021-06-24 22:54:09 10      HGV_BBG00CBYY6M1_2021-04-14
2021-06-24 22:54:09 11      HHC_BBG000MJRJJ2_2021-04-14
2021-06-24 22:54:09 12      HHR_BBG00KHGQ0H4_2021-04-14
2021-06-24 22:54:09 13      HIBB_BBG000H001V3_2021-04-14
2021-06-24 22:54:09 14      HIG_BBG000G0Z878_2021-04-14
2021-06-24 22:54:09 16      HII_BBG001KJ2HM9_2021-04-14
2021-06-24 22:54:09 17      HIIQ_TCS003QRSQD3_2021-04-14
2021-06-24 22:54:09 18      HLT_BBG0058KMH30_2021-04-14
2021-06-24 22:54:09 20      HNP_BBG000BX5YM0_2021-04-14
2021-06-24 22:54:09 21      HOG_BBG000BKZTP3_2021-04-14
2021-06-24 22:54:09 23      HOLX_BBG000C3NTN5_2021-04-14
2021-06-24 22:54:09 25      HON_BBG000H556T9_2021-04-14
2021-06-24 22:54:09 27      HP_BBG000BLCPY4_2021-04-14
2021-06-24 22:54:09 28      HPE_BBG0078W3NQ3_2021-04-14
2021-06-24 22:54:09 30      HPQ_BBG000KHWT55_2021-04-14
2021-06-24 22:54:09 32      HQY_BBG000TYXCT9_2021-04-14
2021-06-24 22:54:09 33      HRB_BBG000BLDV98_2021-04-14
2021-06-24 22:54:09 34      HRC_BBG000BKWCS0_2021-04-14
2021-06-24 22:54:09 34      HRL_BBG000BLF8D2_2021-04-14
2021-06-24 22:54:09 35      HRTX_BBG000G2GJT7_2021-04-14
2021-06-24 22:54:09 37      HSC_BBG000BLH3P8_2021-04-14
2021-06-24 22:54:09 38      HSIC_BBG000BNMMJ3_2021-04-14
2021-06-24 22:54:09 39      HSKA_BBG000BWFH48_2021-04-14
2021-06-24 22:54:09 41      HST_BBG000BL8804_2021-04-14
2021-06-24 22:54:09 43      HSY_BBG000BLHRS2_2021-04-14
2021-06-24 22:54:09 45      HTA_BBG000PRJCX9_2021-04-14
2021-06-24 22:54:09 46      HTHT_BBG000QFPM65_2021-04-14
2021-06-24 22:54:09 48      HUBB_BBG000BLK267_2021-04-14
2021-06-24 22:54:09 64      HUBG_BBG000G9W6L0_2021-04-14
2021-06-24 22:54:09 65      HUBS_BBG000N7MZ06_2021-04-14
2021-06-24 22:54:09 67      HUM_BBG000BLKK03_2021-04-14
2021-06-24 22:54:09 68      HURN_BBG000PV2M48_2021-04-14
2021-06-24 22:54:09 69      HWM_BBG00DYNJGH9_2021-04-14
2021-06-24 22:54:09 71      HXL_BBG000BLMDQ9_2021-04-14
2021-06-24 22:54:09 72      IAC_BBG000BKQG80_2021-04-14
2021-06-24 22:54:09 73      IART_BBG000BZJQL8_2021-04-14
2021-06-24 22:54:09 74      IBKR_BBG000LV0836_2021-04-14
2021-06-24 22:54:09 75      IBM_BBG000BLNNH6_2021-04-14
2021-06-24 22:54:09 78      IBN_BBG000DRM643_2021-04-14
2021-06-24 22:54:09 79      IBP_BBG005TJKDZ6_2021-04-14
2021-06-24 22:54:09 80      ICE_BBG000C1FB75_2021-04-14
2021-06-24 22:54:09 81      ICPT_BBG001J1QN87_2021-04-14
2021-06-24 22:54:09 83      ICUI_BBG000CQV2N4_2021-04-14
2021-06-24 22:54:09 84      IDCC_BBG000HLJ7M4_2021-04-14
2021-06-24 22:54:09 85      IDXX_BBG000BLRT07_2021-04-14
2021-06-24 22:54:09 87      IEX_BBG000C1HN22_2021-04-14
2021-06-24 22:54:09 88      IFF_BBG000BLSL58_2021-04-14
2021-06-24 22:54:09 89      IGMS_BBG00PNR1BT2_2021-04-14
2021-06-24 22:54:09 89      IGMS: BuyPending. Strategy: MorningOpenStrategy2. Price: 60.16. Lots: 4. ChangeOpenToCurrent: -4.49. ChangePrevCloseToCurrent: -4.49. Candle: ID:11, Time: 7:40, Close: 60.16.
2021-06-24 22:54:09 89      IGMS: OrderID: fe87bc32. PlacedOrder. Status: New. RejectReason: 
2021-06-24 22:54:09 89      IGMS: Cancel order. Did not bought at market open. Candle: ID:12, Time: 7:45, Close: 62.98
2021-06-24 22:54:09 89      OrderID: fe87bc32 successfully canceled
2021-06-24 22:54:09 90      IIPR_BBG00F0SW7N8_2021-04-14
2021-06-24 22:54:09 91      IIVI_BBG000BLW102_2021-04-14
2021-06-24 22:54:09 94      ILMN_BBG000DSMS70_2021-04-14
2021-06-24 22:54:09 96      INCY_BBG000BNPSQ9_2021-04-14
2021-06-24 22:54:09 98      INDB_BBG000BM0597_2021-04-14
2021-06-24 22:54:09 99      INFO_BBG006G063F9_2021-04-14
2021-06-24 22:54:10 00      INGN_BBG0021PH456_2021-04-14
2021-06-24 22:54:10 01      INGR_BBG000BXPZB7_2021-04-14
2021-06-24 22:54:10 02      INMD_BBG00PPS73P4_2021-04-14
2021-06-24 22:54:10 03      INSP_BBG00209SZJ7_2021-04-14
2021-06-24 22:54:10 04      INTC_BBG000C0G1D1_2021-04-14
2021-06-24 22:54:10 13      INTU_BBG000BH5DV1_2021-04-14
2021-06-24 22:54:10 16      INVH_BBG00FQH6BS9_2021-04-14
2021-06-24 22:54:10 17      IONS_BBG000JH6683_2021-04-14
2021-06-24 22:54:10 19      IOSP_BBG000BMFNP4_2021-04-14
2021-06-24 22:54:10 20      IOVA_BBG000FTLBV7_2021-04-14
2021-06-24 22:54:10 22      IP_BBG000BM5SR2_2021-04-14
2021-06-24 22:54:10 24      IPAR_BBG000GCSWR5_2021-04-14
2021-06-24 22:54:10 25      IPG_BBG000C90DH9_2021-04-14
2021-06-24 22:54:10 28      IPGP_BBG000DCGRL8_2021-04-14
2021-06-24 22:54:10 30      IQV_BBG00333FYS2_2021-04-14
2021-06-24 22:54:10 32      IR_BBG002R1CW27_2021-04-14
2021-06-24 22:54:10 33      IRBT_BBG000HXJB21_2021-04-14
2021-06-24 22:54:10 34      IRDM_BBG000VC0FC1_2021-04-14
2021-06-24 22:54:10 36      IRM_BBG000KCZPC3_2021-04-14
2021-06-24 22:54:10 37      IRTC_BBG001J19V24_2021-04-14
2021-06-24 22:54:10 39      ISRG_BBG000BJPDZ1_2021-04-14
2021-06-24 22:54:10 41      IT_BBG000BB65D0_2021-04-14
2021-06-24 22:54:10 43      ITCI_BBG0026ZFZC4_2021-04-14
2021-06-24 22:54:10 44      ITGR_BBG000BW6JV4_2021-04-14
2021-06-24 22:54:10 44      ITRI_BBG000BD2167_2021-04-14
2021-06-24 22:54:10 46      ITT_BBG00CVQZQ96_2021-04-14
2021-06-24 22:54:10 47      ITW_BBG000BMBL90_2021-04-14
2021-06-24 22:54:10 48      IVZ_BBG000BY2Y78_2021-04-14
2021-06-24 22:54:10 50      J_BBG000BMFFQ0_2021-04-14
2021-06-24 22:54:10 51      JACK_BBG000GZYVY1_2021-04-14
2021-06-24 22:54:10 52      JBHT_BBG000BMDBZ1_2021-04-14
2021-06-24 22:54:10 54      JBSS_BBG000CHPMY5_2021-04-14
2021-06-24 22:54:10 56      JBT_BBG000VLBCQ1_2021-04-14
2021-06-24 22:54:10 57      JCI_BBG000BVWLJ6_2021-04-14
2021-06-24 22:54:10 59      JCOM_BBG000F3CWW7_2021-04-14
2021-06-24 22:54:10 60      JD_BBG005YHY0Q7_2021-04-14
2021-06-24 22:54:10 67      JEF_BBG000BNHSP9_2021-04-14
2021-06-24 22:54:10 70      JELD_BBG0019GM953_2021-04-14
2021-06-24 22:54:10 71      JJSF_BBG000BMGPW0_2021-04-14
2021-06-24 22:54:10 72      JKHY_BBG000BMH2Q7_2021-04-14
2021-06-24 22:54:10 74      JLL_BBG000C2L2L0_2021-04-14
2021-06-24 22:54:10 76      JNJ_BBG000BMHYD1_2021-04-14
2021-06-24 22:54:10 80      JNPR_BBG000BY33P5_2021-04-14
2021-06-24 22:54:10 81      JOBS_BBG000BJD1D4_2021-04-14
2021-06-24 22:54:10 83      JOUT_BBG000HCXFS4_2021-04-14
2021-06-24 22:54:10 83      JPM_BBG000DMBXR2_2021-04-14
2021-06-24 22:54:10 92      JWN_BBG000G8N9C6_2021-04-14
2021-06-24 22:54:10 94      K_BBG000BMKDM3_2021-04-14
2021-06-24 22:54:10 98      KALU_BBG000PKZDX4_2021-04-14
2021-06-24 22:54:10 99      KBH_BBG000BMLWX8_2021-04-14
2021-06-24 22:54:11 00      KDP_BBG000TJM7F0_2021-04-14
2021-06-24 22:54:11 02      KEP_BBG000BCWG90_2021-04-14
2021-06-24 22:54:11 03      KEX_BBG000BMQCP6_2021-04-14
2021-06-24 22:54:11 04      KEY_BBG000BMQPL1_2021-04-14
2021-06-24 22:54:11 07      KEYS_BBG0059FN811_2021-04-14
2021-06-24 22:54:11 08      KFY_BBG000C5QMB5_2021-04-14
2021-06-24 22:54:11 09      KHC_BBG005CPNTQ2_2021-04-14
2021-06-24 22:54:11 11      KIDS_BBG00HFFRW39_2021-04-14
2021-06-24 22:54:11 12      KIM_BBG000CN3S73_2021-04-14
2021-06-24 22:54:11 13      KLAC_BBG000BMTFR4_2021-04-14
2021-06-24 22:54:11 16      KMB_BBG000BMW2Z0_2021-04-14
2021-06-24 22:54:11 18      KMI_BBG0019JZ882_2021-04-14
2021-06-24 22:54:11 19      KMPR_BBG000H3GDJ8_2021-04-14
2021-06-24 22:54:11 20      KMT_BBG000BMWKC5_2021-04-14
2021-06-24 22:54:11 21      KMX_BBG000BLMZK6_2021-04-14
2021-06-24 22:54:11 22      KNSL_BBG00D8JD9Z9_2021-04-14
2021-06-24 22:54:11 23      KNX_BBG000BFC848_2021-04-14
2021-06-24 22:54:11 25      KO_BBG000BMX289_2021-04-14
2021-06-24 22:54:11 27      KOD_BBG00BVR0D02_2021-04-14
2021-06-24 22:54:11 29      KR_BBG000BMY992_2021-04-14
2021-06-24 22:54:11 33      KRG_BBG000BC2KW8_2021-04-14
2021-06-24 22:54:11 33      KRTX_BBG00NN875G0_2021-04-14
2021-06-24 22:54:11 34      KRYS_BBG00HDGRHH7_2021-04-14
2021-06-24 22:54:11 35      KSU_BBG000BMZ7P7_2021-04-14
2021-06-24 22:54:11 37      KTB_BBG00LPTHYD5_2021-04-14
2021-06-24 22:54:11 38      KWR_BBG000DZS2L9_2021-04-14
2021-06-24 22:54:11 39      L_BBG000C45984_2021-04-14
2021-06-24 22:54:11 40      LAD_BBG000K3BC83_2021-04-14
2021-06-24 22:54:11 41      LANC_BBG000BN1M88_2021-04-14
2021-06-24 22:54:11 42      LASR_BBG0020BCPX5_2021-04-14
2021-06-24 22:54:11 43      LB_BBG000BNGTQ7_2021-04-14
2021-06-24 22:54:11 45      LBRDK_BBG006GNSZW5_2021-04-14
2021-06-24 22:54:11 46      LCII_BBG000DNLMB0_2021-04-14
2021-06-24 22:54:11 46      LDOS_BBG000C23PB0_2021-04-14
2021-06-24 22:54:11 47      LEA_BBG000PTLGZ1_2021-04-14
2021-06-24 22:54:11 48      LECO_BBG000BB72K8_2021-04-14
2021-06-24 22:54:11 49      LEG_BBG000BN53G7_2021-04-14
2021-06-24 22:54:11 51      LEGH_BBG00MJDR6J9_2021-04-14
2021-06-24 22:54:11 51      LEN_BBG000BN5HF7_2021-04-14
2021-06-24 22:54:11 53      LEVI_BBG000BQDF10_2021-04-14
2021-06-24 22:54:11 54      LFC_BBG000BBK4B9_2021-04-14
2021-06-24 22:54:11 55      LFUS_BBG000BGFGT8_2021-04-14
2021-06-24 22:54:11 73      LGIH_BBG0056655S1_2021-04-14
2021-06-24 22:54:11 73      LGND_BBG000BKF014_2021-04-14
2021-06-24 22:54:11 74      LH_BBG000D9DMK0_2021-04-14
2021-06-24 22:54:11 75      LHCG_BBG000G7W420_2021-04-14
2021-06-24 22:54:11 76      LHX_BBG000BLGFJ9_2021-04-14
2021-06-24 22:54:11 77      LII_BBG000BB5B84_2021-04-14
2021-06-24 22:54:11 78      LIN_BBG00GVR8YQ9_2021-04-14
2021-06-24 22:54:11 80      LITE_BBG0073F9RT7_2021-04-14
2021-06-24 22:54:11 81      LKQ_BBG000PXDL44_2021-04-14
2021-06-24 22:54:11 83      LLY_BBG000BNBDC2_2021-04-14
2021-06-24 22:54:11 85      LMT_BBG000C1BW00_2021-04-14
2021-06-24 22:54:11 87      LNN_BBG000FJS1S8_2021-04-14
2021-06-24 22:54:11 88      LNT_BBG000DW4Q75_2021-04-14
2021-06-24 22:54:11 89      LNTH_BBG006Q52RD0_2021-04-14
2021-06-24 22:54:11 90      LOPE_BBG000FV28W9_2021-04-14
2021-06-24 22:54:11 91      LOW_BBG000BNDN65_2021-04-14
2021-06-24 22:54:11 93      LPL_BBG000FJ0RK9_2021-04-14
2021-06-24 22:54:11 95      LPLA_BBG000P2TYL8_2021-04-14
2021-06-24 22:54:11 96      LPSN_BBG000BSV0W5_2021-04-14
2021-06-24 22:54:11 97      LRCX_BBG000BNFLM9_2021-04-14
2021-06-24 22:54:12 00      LRN_BBG000QSXPZ9_2021-04-14
2021-06-24 22:54:12 01      LSCC_BBG000C2D1C1_2021-04-14
2021-06-24 22:54:12 02      LSTR_BBG000BB2KN0_2021-04-14
2021-06-24 22:54:12 03      LTHM_BBG00LV3NRG0_2021-04-14
2021-06-24 22:54:12 05      LULU_BBG000R8ZVD1_2021-04-14
2021-06-24 22:54:12 07      LUMN_BBG000BGLRN3_2021-04-14
2021-06-24 22:54:12 08      LUV_BBG000BNJHS8_2021-04-14
2021-06-24 22:54:12 10      LVS_BBG000JWD753_2021-04-14
2021-06-24 22:54:12 12      LW_BBG003CVMLQ2_2021-04-14
2021-06-24 22:54:12 13      LYB_BBG000WCFV84_2021-04-14
2021-06-24 22:54:12 15      LYFT_BBG004M9ZHX5_2021-04-14
2021-06-24 22:54:12 18      LYV_BBG000FQ7YR4_2021-04-14
2021-06-24 22:54:12 20      M_BBG000C46HM9_2021-04-14
2021-06-24 22:54:12 21      M: BuyPending. Strategy: MorningOpenStrategy. Price: 16.35. Lots: 15. ChangeOpenToCurrent: -2.10. ChangePrevCloseToCurrent: -1.27. Candle: ID:6, Time: 4:00, Close: 16.35.
2021-06-24 22:54:12 21      M: OrderID: d2c5e23a. PlacedOrder. Status: New. RejectReason: 
2021-06-24 22:54:12 21      M: Cancel order. Did not bought at market open. Candle: ID:29, Time: 4:05, Close: 16.44
2021-06-24 22:54:12 21      OrderID: d2c5e23a successfully canceled
2021-06-24 22:54:12 22      MA_BBG000F1ZSQ2_2021-04-14
2021-06-24 22:54:12 24      MAA_BBG000BLMY92_2021-04-14
2021-06-24 22:54:12 25      MAC_BBG000BL9C59_2021-04-14
2021-06-24 22:54:12 27      MAN_BBG000BNMHS4_2021-04-14
2021-06-24 22:54:12 28      MANH_BBG000BFV758_2021-04-14
2021-06-24 22:54:12 31      MANT_BBG000BGF8B5_2021-04-14
2021-06-24 22:54:12 31      MANU_BBG0035WV4N9_2021-04-14
2021-06-24 22:54:12 33      MAR_BBG000BGD7W6_2021-04-14
2021-06-24 22:54:12 35      MAS_BBG000BNNKG9_2021-04-14
2021-06-24 22:54:12 37      MASI_BBG000C3W281_2021-04-14
2021-06-24 22:54:12 38      MAT_BBG000BNNYW1_2021-04-14
2021-06-24 22:54:12 39      MATX_BBG000BBK401_2021-04-14
2021-06-24 22:54:12 40      MBT_BBG000CSZKR2_2021-04-14
2021-06-24 22:54:12 41      MBUU_BBG005PXTR70_2021-04-14
2021-06-24 22:54:12 42      MCD_BBG000BNSZP1_2021-04-14
2021-06-24 22:54:12 44      MCHP_BBG000BHCP19_2021-04-14
2021-06-24 22:54:12 47      MCK_BBG000DYGNW7_2021-04-14
2021-06-24 22:54:12 48      MCO_BBG000F86GP6_2021-04-14
2021-06-24 22:54:12 49      MCRI_BBG000BJ0932_2021-04-14
2021-06-24 22:54:12 50      MD_BBG000H8LGK2_2021-04-14
2021-06-24 22:54:12 51      MDB_BBG0022FDRY8_2021-04-14
2021-06-24 22:54:12 53      MDGL_BBG000QS6NV8_2021-04-14
2021-06-24 22:54:12 54      MDLA_BBG001BPKGT0_2021-04-14
2021-06-24 22:54:12 54      MDLZ_BBG000D4LWF6_2021-04-14
2021-06-24 22:54:12 57      MDRX_BBG000BLDXH5_2021-04-14
2021-06-24 22:54:12 59      MDT_BBG000BNWG87_2021-04-14
2021-06-24 22:54:12 62      MED_BBG000BWBW76_2021-04-14
2021-06-24 22:54:12 63      MEDP_BBG0065B7K59_2021-04-14
2021-06-24 22:54:12 64      MEI_BBG000BNY197_2021-04-14
2021-06-24 22:54:12 65      MELI_BBG000GQPB11_2021-04-14
2021-06-24 22:54:12 67      MET_BBG000BB6KF5_2021-04-14
2021-06-24 22:54:12 69      MFGP_BBG00HFWVGN0_2021-04-14
2021-06-24 22:54:12 71      MGLN_BBG000BD6DD9_2021-04-14
2021-06-24 22:54:12 72      MGM_BBG000C2BXK4_2021-04-14
2021-06-24 22:54:12 75      MGY_BBG00GNC8DL2_2021-04-14
2021-06-24 22:54:12 77      MHK_BBG000FLZN98_2021-04-14
2021-06-24 22:54:12 78      MHO_BBG000BL9MZ4_2021-04-14
2021-06-24 22:54:12 79      MIDD_BBG000DQN9R3_2021-04-14
2021-06-24 22:54:12 79      MINI_BBG000BGTX98_2021-04-14
2021-06-24 22:54:12 80      MKC_BBG000G6Y5W4_2021-04-14
2021-06-24 22:54:12 81      MKL_BBG000FC7366_2021-04-14
2021-06-24 22:54:12 82      MKSI_BBG000BVMG26_2021-04-14
2021-06-24 22:54:12 83      MKTX_BBG000BJBZ23_2021-04-14
2021-06-24 22:54:12 84      MLAB_BBG000BP3PW7_2021-04-14
2021-06-24 22:54:12 85      MLCO_BBG000BHP8J4_2021-04-14
2021-06-24 22:54:12 86      MLHR_BBG000BP46T2_2021-04-14
2021-06-24 22:54:12 87      MLM_BBG000BGYMH7_2021-04-14
2021-06-24 22:54:12 88      MMC_BBG000BP4MH0_2021-04-14
2021-06-24 22:54:12 90      MMI_BBG005GBRSR6_2021-04-14
2021-06-24 22:54:12 90      MMM_BBG000BP52R2_2021-04-14
2021-06-24 22:54:12 92      MMS_BBG000BC5WJ4_2021-04-14
2021-06-24 22:54:12 93      MMSI_BBG000C42VX0_2021-04-14
2021-06-24 22:54:12 93      MNRO_BBG000C0BZD1_2021-04-14
2021-06-24 22:54:12 94      MNST_BBG008NVB1C0_2021-04-14
2021-06-24 22:54:12 96      MO_BBG000BP6LJ8_2021-04-14
2021-06-24 22:54:12 98      MOH_BBG000MBHNC8_2021-04-14
2021-06-24 22:54:12 99      MOMO_BBG007HTCQT0_2021-04-14
2021-06-24 22:54:13 02      MORN_BBG000CGQ4F7_2021-04-14
2021-06-24 22:54:13 03      MOS_BBG000BFXHL6_2021-04-14
2021-06-24 22:54:13 05      MOV_BBG000BL30Y9_2021-04-14
2021-06-24 22:54:13 06      MPC_BBG001DCCGR8_2021-04-14
2021-06-24 22:54:13 08      MPWR_BBG000C30L48_2021-04-14
2021-06-24 22:54:13 10      MRC_BBG000BKLTM1_2021-04-14
2021-06-24 22:54:13 11      MRK_BBG000BPD168_2021-04-14
2021-06-24 22:54:13 13      MRNA_BBG003PHHZT1_2021-04-14
2021-06-24 22:54:13 23      MRO_BBG000C8H633_2021-04-14
2021-06-24 22:54:13 25      MRTX_BBG004TPGBP5_2021-04-14
2021-06-24 22:54:13 27      MS_BBG000BLZRJ2_2021-04-14
2021-06-24 22:54:13 31      MSA_BBG000BPDXF8_2021-04-14
2021-06-24 22:54:13 32      MSCI_BBG000RTDY25_2021-04-14
2021-06-24 22:54:13 33      MSFT_BBG000BPH459_2021-04-14
2021-06-24 22:54:13 53      MSGE_BBG00L9HLWV8_2021-04-14
2021-06-24 22:54:13 54      MSGN_BBG000NS03H7_2021-04-14
2021-06-24 22:54:13 55      MSGS_BBG007FG0C23_2021-04-14
2021-06-24 22:54:13 56      MSI_BBG000BP8Z50_2021-04-14
2021-06-24 22:54:13 57      MSM_BBG000BCLYL9_2021-04-14
2021-06-24 22:54:13 59      MSTR_BBG000GQJPZ0_2021-04-14
2021-06-24 22:54:13 70      MTB_BBG000D9KWL9_2021-04-14
2021-06-24 22:54:13 71      MTCH_BBG00B6WH9G3_2021-04-14
2021-06-24 22:54:13 73      MTD_BBG000BZCKH3_2021-04-14
2021-06-24 22:54:13 74      MTG_BBG000CBMH27_2021-04-14
2021-06-24 22:54:13 75      MTH_BBG000F4F1N0_2021-04-14
2021-06-24 22:54:13 76      MTN_BBG000BCMWM1_2021-04-14
2021-06-24 22:54:13 77      MTOR_BBG000BH92D1_2021-04-14
2021-06-24 22:54:13 78      MTRN_BBG000BDTT76_2021-04-14
2021-06-24 22:54:13 78      MU_BBG000C5Z1S3_2021-04-14
2021-06-24 22:54:13 88      MUR_BBG000BPMH90_2021-04-14
2021-06-24 22:54:13 90      MUSA_BBG001Z0Q6T5_2021-04-14
2021-06-24 22:54:13 92      MXIM_BBG000BPNP00_2021-04-14
2021-06-24 22:54:13 94      MXL_BBG000BB6R33_2021-04-14
2021-06-24 22:54:13 95      MYGN_BBG000D9H9F1_2021-04-14
2021-06-24 22:54:13 97      MYRG_BBG000BC7VW9_2021-04-14
2021-06-24 22:54:13 97      NARI_BBG009J8K7M0_2021-04-14
2021-06-24 22:54:13 98      NATI_BBG000DZK6N6_2021-04-14
2021-06-24 22:54:13 99      NAVI_BBG004MN1R41_2021-04-14
2021-06-24 22:54:14 01      NBIX_BBG000GJS7C1_2021-04-14
2021-06-24 22:54:14 02      NCBS_BBG000QK0TG5_2021-04-14
2021-06-24 22:54:14 03      NCR_BBG000BMXK89_2021-04-14
2021-06-24 22:54:14 05      NDAQ_BBG000F5VVB6_2021-04-14
2021-06-24 22:54:14 07      NDSN_BBG000BPWGR1_2021-04-14
2021-06-24 22:54:14 08      NEE_BBG000BJSBJ0_2021-04-14
2021-06-24 22:54:14 10      NEM_BBG000BPWXK1_2021-04-14
2021-06-24 22:54:14 12      NEO_BBG000BKH263_2021-04-14
2021-06-24 22:54:14 14      NEOG_BBG000C1BCK2_2021-04-14
2021-06-24 22:54:14 15      NET_BBG001WMKHH5_2021-04-14
2021-06-24 22:54:14 16      NET: BuyPending. Strategy: MorningOpenStrategy. Price: 77.4. Lots: 3. ChangeOpenToCurrent: -3.24. ChangePrevCloseToCurrent: -0.45. Candle: ID:4, Time: 7:00, Close: 77.4.
2021-06-24 22:54:14 16      NET: OrderID: cbb06c20. PlacedOrder. Status: New. RejectReason: 
2021-06-24 22:54:14 16      NET: OrderID: cbb06c20 partially executed. Executed lots: 1. OrderStatus: 1/3 lots
2021-06-24 22:54:14 16      NET: OrderID: cbb06c20 partially executed. Executed lots: 1. OrderStatus: 2/3 lots
2021-06-24 22:54:14 16      NET: OrderID: cbb06c20 fully executed
2021-06-24 22:54:14 16      NET: Morning closing by timeout. Close price: 76.98. Lots: 3. Profit: -0.42(-0.54%). Candle: ID:44, Time: 7:20, Close: 76.98
2021-06-24 22:54:14 16      NET: OrderID: 7aa85a1f. PlacedOrder. Status: New. RejectReason: 
2021-06-24 22:54:14 16      NET: OrderID: 7aa85a1f fully executed
2021-06-24 22:54:14 17      NEU_BBG000BJ5SS8_2021-04-14
2021-06-24 22:54:14 18      NEWR_BBG001NFKJ68_2021-04-14
2021-06-24 22:54:14 19      NFLX_BBG000CL9VN6_2021-04-14
2021-06-24 22:54:14 25      NGVT_BBG009LM28K6_2021-04-14
2021-06-24 22:54:14 26      NJR_BBG000BPZVW9_2021-04-14
2021-06-24 22:54:14 27      NKE_BBG000C5HS04_2021-04-14
2021-06-24 22:54:14 30      NKTR_BBG000BHCYJ1_2021-04-14
2021-06-24 22:54:14 32      NLOK_BBG000BH2JM1_2021-04-14
2021-06-24 22:54:14 34      NLSN_BBG0088CYPX8_2021-04-14
2021-06-24 22:54:14 35      NMIH_BBG005DLMMZ6_2021-04-14
2021-06-24 22:54:14 37      NOC_BBG000BQ2C28_2021-04-14
2021-06-24 22:54:14 38      NOK_BBG000BNGBW9_2021-04-14
2021-06-24 22:54:14 42      NOV_BBG000BJX8C8_2021-04-14
2021-06-24 22:54:14 44      NOW_BBG000M1R011_2021-04-14
2021-06-24 22:54:14 46      NP_BBG000QCQ764_2021-04-14
2021-06-24 22:54:14 47      NPK_BBG000BQ4GG2_2021-04-14
2021-06-24 22:54:14 47      NRG_BBG000D8RG11_2021-04-14
2021-06-24 22:54:14 49      NSC_BBG000BQ5DS5_2021-04-14
2021-06-24 22:54:14 51      NSP_BBG000BJ41X2_2021-04-14
2021-06-24 22:54:14 52      NTAP_BBG000FP1N32_2021-04-14
2021-06-24 22:54:14 54      NTCO_BBG00R4ZKPN5_2021-04-14
2021-06-24 22:54:14 55      NTCT_BBG000C136Z8_2021-04-14
2021-06-24 22:54:14 56      NTES_BBG000BX72V8_2021-04-14
2021-06-24 22:54:14 58      NTGR_BBG000C4GBR6_2021-04-14
2021-06-24 22:54:14 59      NTLA_BBG007KC7PB0_2021-04-14
2021-06-24 22:54:14 61      NTNX_BBG001NDW1Z7_2021-04-14
2021-06-24 22:54:14 62      NTRA_BBG001J1BQ86_2021-04-14
2021-06-24 22:54:14 64      NTRS_BBG000BQ74K1_2021-04-14
2021-06-24 22:54:14 65      NTUS_BBG000DPZHS3_2021-04-14
2021-06-24 22:54:14 66      NUE_BBG000BQ8KV2_2021-04-14
2021-06-24 22:54:14 68      NUS_BBG000HG21Y3_2021-04-14
2021-06-24 22:54:14 68      NUVA_BBG000LNL298_2021-04-14
2021-06-24 22:54:14 69      NVDA_BBG000BBJQV0_2021-04-14
2021-06-24 22:54:14 82      NVEE_BBG005BT60Y8_2021-04-14
2021-06-24 22:54:14 82      NVR_BBG000BQBYR3_2021-04-14
2021-06-24 22:54:14 83      NVRO_BBG001K61W36_2021-04-14
2021-06-24 22:54:14 84      NVTA_BBG005DJFD43_2021-04-14
2021-06-24 22:54:14 86      NWE_BBG000Q1NMJ4_2021-04-14
2021-06-24 22:54:14 88      NWL_BBG000BQC9V2_2021-04-14
2021-06-24 22:54:14 90      NWLI_BBG008HNHZ07_2021-04-14
2021-06-24 22:54:14 90      NWS_BBG0035M2ZB7_2021-04-14
2021-06-24 22:54:14 91      NWSA_BBG0035LY913_2021-04-14
2021-06-24 22:54:14 94      NXPI_BBG000BND699_2021-04-14
2021-06-24 22:54:14 96      NXST_BBG000DZJVH0_2021-04-14
2021-06-24 22:54:14 97      NYT_BBG000FFC0B3_2021-04-14
2021-06-24 22:54:14 98      O_BBG000DHPN63_2021-04-14
2021-06-24 22:54:15 00      OC_BBG000M44VW8_2021-04-14
2021-06-24 22:54:15 01      ODFL_BBG000CHSS88_2021-04-14
2021-06-24 22:54:15 03      OFIX_BBG000G1C210_2021-04-14
2021-06-24 22:54:15 03      OHI_BBG000BGBTC2_2021-04-14
2021-06-24 22:54:15 05      OI_BBG00R2JZG39_2021-04-14
2021-06-24 22:54:15 06      OII_BBG000CPBCL8_2021-04-14
2021-06-24 22:54:15 06      OII: SPYKE!. Candle: ID:62, Time: 10:00, Close: 11.47
2021-06-24 22:54:15 06      OII: SPYKE!. Candle: ID:68, Time: 10:05, Close: 10.49
2021-06-24 22:54:15 06      OII: SPYKE!. Candle: ID:70, Time: 10:05, Close: 11.41
2021-06-24 22:54:15 07      OIS_BBG000BDDN94_2021-04-14
2021-06-24 22:54:15 08      OIS: BuyPending. Strategy: MorningOpenStrategy. Price: 5.65. Lots: 44. ChangeOpenToCurrent: -3.42. ChangePrevCloseToCurrent: 0. Candle: ID:9, Time: 7:00, Close: 5.65.
2021-06-24 22:54:15 08      OIS: OrderID: ba3d895f. PlacedOrder. Status: New. RejectReason: 
2021-06-24 22:54:15 08      OIS: OrderID: ba3d895f partially executed. Executed lots: 8. OrderStatus: 8/44 lots
2021-06-24 22:54:15 08      OIS: OrderID: ba3d895f partially executed. Executed lots: 33. OrderStatus: 41/44 lots
2021-06-24 22:54:15 08      OIS: OrderID: ba3d895f partially executed. Executed lots: 2. OrderStatus: 43/44 lots
2021-06-24 22:54:15 08      OIS: OrderID: ba3d895f fully executed
2021-06-24 22:54:15 08      OIS: Morning closing by timeout. Close price: 5.63. Lots: 44. Profit: -0.02(-0.35%). Candle: ID:67, Time: 7:25, Close: 5.63
2021-06-24 22:54:15 08      OIS: OrderID: c5e0e4e1. PlacedOrder. Status: New. RejectReason: 
2021-06-24 22:54:15 08      OIS: OrderID: c5e0e4e1 fully executed
2021-06-24 22:54:15 09      OKE_BBG000BQHGR6_2021-04-14
2021-06-24 22:54:15 11      OKTA_BBG001YV1SM4_2021-04-14
2021-06-24 22:54:15 14      OLED_BBG000BLRP41_2021-04-14
2021-06-24 22:54:15 15      OLLI_BBG0098VVDT9_2021-04-14
2021-06-24 22:54:15 16      OMC_BBG000BS9489_2021-04-14
2021-06-24 22:54:15 17      OMCL_BBG000BTNGZ4_2021-04-14
2021-06-24 22:54:15 18      ON_BBG000DV7MX4_2021-04-14
2021-06-24 22:54:15 22      ONTO_BBG000BPRN29_2021-04-14
2021-06-24 22:54:15 22      ORCL_BBG000BQLTW7_2021-04-14
2021-06-24 22:54:15 26      ORLY_BBG000BGYWY6_2021-04-14
2021-06-24 22:54:15 28      OSIS_BBG000BWPR54_2021-04-14
2021-06-24 22:54:15 28      OSK_BBG000CC53X1_2021-04-14
2021-06-24 22:54:15 30      OSUR_BBG000J3D1Y8_2021-04-14
2021-06-24 22:54:15 30      OSUR: BuyPending. Strategy: MorningOpenStrategy. Price: 10.22. Lots: 24. ChangeOpenToCurrent: -2.11. ChangePrevCloseToCurrent: -1.26. Candle: ID:4, Time: 7:00, Close: 10.22.
2021-06-24 22:54:15 30      OSUR: OrderID: 25c10760. PlacedOrder. Status: New. RejectReason: 
2021-06-24 22:54:15 30      OSUR: Cancel order. Did not bought at market open. Candle: ID:26, Time: 7:05, Close: 10.25
2021-06-24 22:54:15 30      OrderID: 25c10760 successfully canceled
2021-06-24 22:54:15 31      OTIS_BBG00RP60KV0_2021-04-14
2021-06-24 22:54:15 32      OVV_BBG00R2NHQ65_2021-04-14
2021-06-24 22:54:15 34      OXY_BBG000BQQ2S6_2021-04-14
2021-06-24 22:54:15 39      PAGS_BBG00JM7QBR6_2021-04-14
2021-06-24 22:54:15 41      PANW_BBG0014GJCT9_2021-04-14
2021-06-24 22:54:15 43      PATK_BBG000BQSBB2_2021-04-14
2021-06-24 22:54:15 44      PAYC_BBG0064N0ZZ5_2021-04-14
2021-06-24 22:54:15 44      PB_BBG000BHY4D9_2021-04-14
2021-06-24 22:54:15 45      PBCT_BBG000BQT4L6_2021-04-14
2021-06-24 22:54:15 46      PBF_BBG002832GV8_2021-04-14
2021-06-24 22:54:15 49      PBH_BBG000QM0RZ4_2021-04-14
2021-06-24 22:54:15 51      PBI_BBG000BQTMJ9_2021-04-14
2021-06-24 22:54:15 52      PCAR_BBG000BQVTF5_2021-04-14
2021-06-24 22:54:15 53      PCG_BBG000BQWPC5_2021-04-14
2021-06-24 22:54:15 55      PCRX_BBG0018FQNS6_2021-04-14
2021-06-24 22:54:15 56      PCTY_BBG006598YS8_2021-04-14
2021-06-24 22:54:15 57      PD_BBG0043BYPB8_2021-04-14
2021-06-24 22:54:15 59      PDCO_BBG000BQY289_2021-04-14
2021-06-24 22:54:15 60      PEAK_BBG000BKYDP9_2021-04-14
2021-06-24 22:54:15 62      PEG_BBG000BQZMH4_2021-04-14
2021-06-24 22:54:15 63      PEGA_BBG000H1RYG7_2021-04-14
2021-06-24 22:54:15 64      PEN_BBG001BP92V1_2021-04-14
2021-06-24 22:54:15 65      PEP_BBG000DH7JK6_2021-04-14
2021-06-24 22:54:15 70      PETQ_BBG00H1CY328_2021-04-14
2021-06-24 22:54:15 72      PFE_BBG000BR2B91_2021-04-14
2021-06-24 22:54:15 76      PFG_BBG000NSCNT7_2021-04-14
2021-06-24 22:54:15 78      PFGC_BBG009XW2WB8_2021-04-14
2021-06-24 22:54:15 79      PFPT_BBG000RQ2GY7_2021-04-14
2021-06-24 22:54:15 81      PG_BBG000BR2TH3_2021-04-14
2021-06-24 22:54:15 85      PGNY_BBG002H1K1H1_2021-04-14
2021-06-24 22:54:15 86      PGR_BBG000BR37X2_2021-04-14
2021-06-24 22:54:15 89      PGTI_BBG000FX3Y66_2021-04-14
2021-06-24 22:54:15 90      PH_BBG000BR3KL6_2021-04-14
2021-06-24 22:54:15 91      PHM_BBG000BR54L0_2021-04-14
2021-06-24 22:54:15 93      PII_BBG000D5S4M0_2021-04-14
2021-06-24 22:54:15 94      PINC_BBG000G7QX50_2021-04-14
2021-06-24 22:54:15 95      PINS_BBG002583CV8_2021-04-14
2021-06-24 22:54:15 99      PIPR_BBG000FQXC75_2021-04-14
2021-06-24 22:54:16 01      PKG_BBG000BB8SW7_2021-04-14
2021-06-24 22:54:16 02      PKI_BBG000FXW512_2021-04-14
2021-06-24 22:54:16 03      PLAN_BBG002DZS299_2021-04-14
2021-06-24 22:54:16 05      PLAY_BBG001WWJTK5_2021-04-14
2021-06-24 22:54:16 06      PLCE_BBG000JK9DK4_2021-04-14
2021-06-24 22:54:16 07      PLD_BBG000B9Z0J8_2021-04-14
2021-06-24 22:54:16 09      PLNT_BBG009H04M17_2021-04-14
2021-06-24 22:54:16 10      PLTR_BBG000N7QR55_2021-04-14
2021-06-24 22:54:16 23      PLUS_BBG000HN7W02_2021-04-14
2021-06-24 22:54:16 24      PLXS_BBG000BRBX66_2021-04-14
2021-06-24 22:54:16 25      PM_BBG000J2XL74_2021-04-14
2021-06-24 22:54:16 28      PNC_BBG000BRD0D8_2021-04-14
2021-06-24 22:54:16 30      PNFP_BBG000C1XKF6_2021-04-14
2021-06-24 22:54:16 31      PNTG_BBG00P33SY72_2021-04-14
2021-06-24 22:54:16 31      PNTG: SPYKE!. Candle: ID:12, Time: 13:30, Close: 42.18
2021-06-24 22:54:16 32      PODD_BBG000R7XX87_2021-04-14
2021-06-24 22:54:16 33      POOL_BBG000BCVG28_2021-04-14
2021-06-24 22:54:16 35      POR_BBG000BCRMW7_2021-04-14
2021-06-24 22:54:16 36      POST_BBG001WTBC36_2021-04-14
2021-06-24 22:54:16 38      POWI_BBG000BTT3D1_2021-04-14
2021-06-24 22:54:16 39      PPC_BBG000BFLXV3_2021-04-14
2021-06-24 22:54:16 40      PPG_BBG000BRJ809_2021-04-14
2021-06-24 22:54:16 42      PPL_BBG000BRJL00_2021-04-14
2021-06-24 22:54:16 44      PRAA_BBG000BNTW77_2021-04-14
2021-06-24 22:54:16 45      PRAH_BBG007387YL8_2021-04-14
2021-06-24 22:54:16 46      PRFT_BBG000BVXFK6_2021-04-14
2021-06-24 22:54:16 47      PRG_BBG00VSH86G4_2021-04-14
2021-06-24 22:54:16 48      PRGS_BBG000C4QP94_2021-04-14
2021-06-24 22:54:16 49      PRI_BBG000T8ZF80_2021-04-14
2021-06-24 22:54:16 50      PRLB_BBG000BT13B3_2021-04-14
2021-06-24 22:54:16 51      PRSP_BBG00KMXKWF9_2021-04-14
2021-06-24 22:54:16 52      PRU_BBG000HCJMF9_2021-04-14
2021-06-24 22:54:16 55      PSA_BBG000BPPN67_2021-04-14
2021-06-24 22:54:16 56      PSN_BBG000C3TKY6_2021-04-14
2021-06-24 22:54:16 57      PSTG_BBG00212PVZ5_2021-04-14
2021-06-24 22:54:16 59      PSX_BBG00286S4N9_2021-04-14
2021-06-24 22:54:16 60      PTC_BBG000C2VBB0_2021-04-14
2021-06-24 22:54:16 62      PTCT_BBG000QT15P7_2021-04-14
2021-06-24 22:54:16 63      PTON_BBG00JG0FFZ2_2021-04-14
2021-06-24 22:54:16 68      PTR_BBG000BR85F1_2021-04-14
2021-06-24 22:54:16 69      PUMP_BBG00FYCQ352_2021-04-14
2021-06-24 22:54:16 70      PVH_BBG000BRRG02_2021-04-14
2021-06-24 22:54:16 71      PWR_BBG000BBL8V7_2021-04-14
2021-06-24 22:54:16 74      PXD_BBG000BXRPH1_2021-04-14
2021-06-24 22:54:16 76      PYPL_BBG0077VNXV6_2021-04-14
2021-06-24 22:54:16 84      PZZA_BBG000BFWF13_2021-04-14
2021-06-24 22:54:16 85      QADA_BBG001BP77C3_2021-04-14
2021-06-24 22:54:16 85      QCOM_BBG000CGC1X8_2021-04-14
2021-06-24 22:54:16 92      QDEL_BBG000C6GN04_2021-04-14
2021-06-24 22:54:16 93      QLYS_BBG000HT5G06_2021-04-14
2021-06-24 22:54:16 94      QNST_BBG000S9XXB8_2021-04-14
2021-06-24 22:54:16 95      QRTEA_BBG000PCQQL6_2021-04-14
2021-06-24 22:54:16 97      QRVO_BBG007TJF1N7_2021-04-14
2021-06-24 22:54:16 98      QTS_BBG0054B20Z8_2021-04-14
2021-06-24 22:54:16 99      QTWO_BBG005ZVK9P2_2021-04-14
2021-06-24 22:54:17 01      QUOT_BBG001QYNR63_2021-04-14
2021-06-24 22:54:17 02      R_BBG000BRVP70_2021-04-14
2021-06-24 22:54:17 03      RACE_BBG009PH3Q86_2021-04-14
2021-06-24 22:54:17 04      RAMP_BBG000BB4HM6_2021-04-14
2021-06-24 22:54:17 05      RARE_BBG001RWPDW6_2021-04-14
2021-06-24 22:54:17 06      RAVN_BBG000CXQTZ3_2021-04-14
2021-06-24 22:54:17 07      RBC_BBG000BRXTR8_2021-04-14
2021-06-24 22:54:17 08      RCL_BBG000BB5792_2021-04-14
2021-06-24 22:54:17 10      RDFN_BBG001Q7HP63_2021-04-14
2021-06-24 22:54:17 12      RDS.A_BBG000QXSSS6_2021-04-14
2021-06-24 22:54:17 13      RDY_BBG000NJ96L6_2021-04-14
2021-06-24 22:54:17 14      RE_BBG000C1XVK6_2021-04-14
2021-06-24 22:54:17 15      REG_BBG000BL46Q4_2021-04-14
2021-06-24 22:54:17 16      REGI_BBG0016SSV00_2021-04-14
2021-06-24 22:54:17 19      REGN_BBG000C734W3_2021-04-14
2021-06-24 22:54:17 21      RETA_BBG000R33BD1_2021-04-14
2021-06-24 22:54:17 22      REX_BBG000D2ZK61_2021-04-14
2021-06-24 22:54:17 23      REZI_BBG00HY28K89_2021-04-14
2021-06-24 22:54:17 24      RF_BBG000Q3JN03_2021-04-14
2021-06-24 22:54:17 25      RGA_BBG000BDLCQ0_2021-04-14
2021-06-24 22:54:17 26      RGEN_BBG000BS48J3_2021-04-14
2021-06-24 22:54:17 27      RGLD_BBG000BS5170_2021-04-14
2021-06-24 22:54:17 28      RGNX_BBG007Z9V591_2021-04-14
2021-06-24 22:54:17 29      RGR_BBG000C4FQG6_2021-04-14
2021-06-24 22:54:17 30      RH_BBG002293PJ4_2021-04-14
2021-06-24 22:54:17 30      RHI_BBG000BS5DR2_2021-04-14
2021-06-24 22:54:17 31      RIG_BBG000BH5LT6_2021-04-14
2021-06-24 22:54:17 38      RJF_BBG000BS73J1_2021-04-14
2021-06-24 22:54:17 39      RL_BBG000BS0ZF1_2021-04-14
2021-06-24 22:54:17 41      RMD_BBG000L4M7F1_2021-04-14
2021-06-24 22:54:17 42      RNG_BBG000J094P3_2021-04-14
2021-06-24 22:54:17 43      ROCK_BBG000BKQDQ7_2021-04-14
2021-06-24 22:54:17 44      ROG_BBG000BS9HN3_2021-04-14
2021-06-24 22:54:17 44      ROK_BBG000BBCDZ2_2021-04-14
2021-06-24 22:54:17 46      ROKU_BBG001ZZPQJ6_2021-04-14
2021-06-24 22:54:17 49      ROL_BBG000BSBBP1_2021-04-14
2021-06-24 22:54:17 51      ROLL_BBG000GMGNB3_2021-04-14
2021-06-24 22:54:17 51      ROP_BBG000F1ZSN5_2021-04-14
2021-06-24 22:54:17 52      ROST_BBG000BSBZH7_2021-04-14
2021-06-24 22:54:17 55      RPD_BBG009DFHWG6_2021-04-14
2021-06-24 22:54:17 56      RPM_BBG000DCNK80_2021-04-14
2021-06-24 22:54:17 57      RRBI_BBG000QKNLB2_2021-04-14
2021-06-24 22:54:17 58      RRC_BBG000FVXD63_2021-04-14
2021-06-24 22:54:17 59      RRGB_BBG000MXH9C1_2021-04-14
2021-06-24 22:54:17 60      RS_BBG000CJ2181_2021-04-14
2021-06-24 22:54:17 62      RSG_BBG000BPXVJ6_2021-04-14
2021-06-24 22:54:17 63      RTX_BBG000BW8S60_2021-04-14
2021-06-24 22:54:17 65      RVLV_BBG00M4RHBD0_2021-04-14
2021-06-24 22:54:17 66      RXN_BBG000H8R0N8_2021-04-14
2021-06-24 22:54:17 67      RYN_BBG000BG7L34_2021-04-14
2021-06-24 22:54:17 67      RYTM_BBG007DLZ601_2021-04-14
2021-06-24 22:54:17 68      SAFM_BBG000BSHJ96_2021-04-14
2021-06-24 22:54:17 69      SAGE_BBG0025X16Y5_2021-04-14
2021-06-24 22:54:17 71      SAIA_BBG000P5LMQ0_2021-04-14
2021-06-24 22:54:17 72      SAIC_BBG003BW05K6_2021-04-14
2021-06-24 22:54:17 72      SAIL_BBG00J0BBZL0_2021-04-14
2021-06-24 22:54:17 74      SAM_BBG000BCZBF1_2021-04-14
2021-06-24 22:54:17 75      SAVE_BBG000BF6RQ9_2021-04-14
2021-06-24 22:54:17 77      SBAC_BBG000D2M0Z7_2021-04-14
2021-06-24 22:54:17 79      SBCF_BBG000KK3464_2021-04-14
2021-06-24 22:54:17 79      SBGI_BBG000F2XXP2_2021-04-14
2021-06-24 22:54:17 81      SBH_BBG000LR8515_2021-04-14
2021-06-24 22:54:17 82      SBRA_BBG000MTDW24_2021-04-14
2021-06-24 22:54:17 83      SBUX_BBG000CTQBF3_2021-04-14
2021-06-24 22:54:17 87      SCCO_BBG000BSHH72_2021-04-14
2021-06-24 22:54:17 88      SCHW_BBG000BSLZY7_2021-04-14
2021-06-24 22:54:17 92      SCI_BBG000BTHH16_2021-04-14
2021-06-24 22:54:17 93      SCSC_BBG000BHTPZ4_2021-04-14
2021-06-24 22:54:17 93      SDGR_BBG000T88BN2_2021-04-14
2021-06-24 22:54:17 95      SEDG_BBG0084BBZY6_2021-04-14
2021-06-24 22:54:17 98      SEE_BBG000C22QV7_2021-04-14
2021-06-24 22:54:17 99      SEIC_BBG000BSQLT9_2021-04-14
2021-06-24 22:54:18 00      SERV_TCS002WMH2F2_2021-04-14
2021-06-24 22:54:18 01      SF_BBG000BSS5C0_2021-04-14
2021-06-24 22:54:18 02      SFIX_BBG0046L1KL9_2021-04-14
2021-06-24 22:54:18 06      SFM_BBG001KFKQM7_2021-04-14
2021-06-24 22:54:18 07      SGEN_BBG000BH0FR6_2021-04-14
2021-06-24 22:54:18 09      SHAK_BBG0063GCHH8_2021-04-14
2021-06-24 22:54:18 10      SHEN_BBG000BTC2N0_2021-04-14
2021-06-24 22:54:18 11      SHI_BBG000BHR1H9_2021-04-14
2021-06-24 22:54:18 12      SHW_BBG000BSXQV7_2021-04-14
2021-06-24 22:54:18 13      SIG_BBG000C4ZZ10_2021-04-14
2021-06-24 22:54:18 15      SIGI_BBG000BSZ738_2021-04-14
2021-06-24 22:54:18 15      SITE_BBG009T22D49_2021-04-14
2021-06-24 22:54:18 16      SIVB_BBG000BT0CM2_2021-04-14
2021-06-24 22:54:18 18      SJI_BBG000BT0T72_2021-04-14
2021-06-24 22:54:18 19      SJM_BBG000BT1715_2021-04-14
2021-06-24 22:54:18 21      SKM_BBG000BLN497_2021-04-14
2021-06-24 22:54:18 22      SKX_BBG000C4HKK2_2021-04-14
2021-06-24 22:54:18 23      SLAB_BBG000BB99S3_2021-04-14
2021-06-24 22:54:18 24      SLB_BBG000BT41Q8_2021-04-14
2021-06-24 22:54:18 27      SLG_BBG000BVP5P2_2021-04-14
2021-06-24 22:54:18 29      SMAR_BBG00GQK3WB5_2021-04-14
2021-06-24 22:54:18 30      SMG_BBG000BT5PG5_2021-04-14
2021-06-24 22:54:18 31      SMPL_BBG00GVP5JL4_2021-04-14
2021-06-24 22:54:18 32      SMTC_BBG000DBKR53_2021-04-14
2021-06-24 22:54:18 33      SNA_BBG000BT7JW9_2021-04-14
2021-06-24 22:54:18 34      SNAP_BBG00441QMJ7_2021-04-14
2021-06-24 22:54:18 42      SNBR_BBG000DM2BF3_2021-04-14
2021-06-24 22:54:18 43      SNBR: SPYKE!. Candle: ID:12, Time: 13:30, Close: 122.39
2021-06-24 22:54:18 44      SNPS_BBG000BSFRF3_2021-04-14
2021-06-24 22:54:18 46      SNX_BBG000CL9JV4_2021-04-14
2021-06-24 22:54:18 47      SNY_BBG000BBD5N1_2021-04-14
2021-06-24 22:54:18 48      SO_BBG000BT9DW0_2021-04-14
2021-06-24 22:54:18 50      SOHU_BBG00L2DB535_2021-04-14
2021-06-24 22:54:18 51      SON_BBG000D7HF89_2021-04-14
2021-06-24 22:54:18 52      SONO_BBG001JZPSQ2_2021-04-14
2021-06-24 22:54:18 54      SP_BBG000BJ91B1_2021-04-14
2021-06-24 22:54:18 54      SP: SPYKE!. Candle: ID:23, Time: 13:30, Close: 31.5
2021-06-24 22:54:18 54      SP: SPYKE!. Candle: ID:29, Time: 13:30, Close: 31.17
2021-06-24 22:54:18 55      SPB@US_BBG000DS5588_2021-04-14
2021-06-24 22:54:18 56      SPCE_BBG00HTN2CQ3_2021-04-14
2021-06-24 22:54:18 65      SPG_BBG000BJ2D31_2021-04-14
2021-06-24 22:54:18 68      SPGI_BBG000BP1Q11_2021-04-14
2021-06-24 22:54:18 70      SPLK_BBG001C7TST4_2021-04-14
2021-06-24 22:54:18 73      SPOT_BBG003T4VFC2_2021-04-14
2021-06-24 22:54:18 75      SPR_BBG000PRJ2Z9_2021-04-14
2021-06-24 22:54:18 77      SPSC_BBG000PZGB75_2021-04-14
2021-06-24 22:54:18 77      SQ_BBG0018SLC07_2021-04-14
2021-06-24 22:54:18 84      SRC_BBG0027Z6X10_2021-04-14
2021-06-24 22:54:18 86      SRCL_BBG000H3FZM6_2021-04-14
2021-06-24 22:54:18 87      SRDX_BBG000BZ2QG2_2021-04-14
2021-06-24 22:54:18 88      SRE_BBG000C2ZCH8_2021-04-14
2021-06-24 22:54:18 89      SRI_BBG000BB9Q78_2021-04-14
2021-06-24 22:54:18 90      SRPT_BBG000BCJ161_2021-04-14
2021-06-24 22:54:18 91      SRPT: BuyPending. Strategy: MorningOpenStrategy. Price: 70. Lots: 3. ChangeOpenToCurrent: -2.74. ChangePrevCloseToCurrent: 0.47. Candle: ID:18, Time: 7:00, Close: 70.
2021-06-24 22:54:18 91      SRPT: OrderID: bfabadd3. PlacedOrder. Status: New. RejectReason: 
2021-06-24 22:54:18 91      SRPT: OrderID: bfabadd3 fully executed
2021-06-24 22:54:18 91      SRPT: Morning closing by timeout. Close price: 69.8. Lots: 3. Profit: -0.20(-0.29%). Candle: ID:61, Time: 7:25, Close: 69.8
2021-06-24 22:54:18 91      SRPT: OrderID: 2fb85ca7. PlacedOrder. Status: New. RejectReason: 
2021-06-24 22:54:18 91      SRPT: OrderID: 2fb85ca7 partially executed. Executed lots: 2. OrderStatus: 2/3 lots
2021-06-24 22:54:18 91      SRPT: OrderID: 2fb85ca7 fully executed
2021-06-24 22:54:18 93      SSD_BBG000JLC8L8_2021-04-14
2021-06-24 22:54:18 93      SSNC_BBG000RJ2J04_2021-04-14
2021-06-24 22:54:18 95      SSTK_BBG002ZCK2V9_2021-04-14
2021-06-24 22:54:18 96      STAA_BBG000C4QB95_2021-04-14
2021-06-24 22:54:18 97      STAG_BBG000BGLFP7_2021-04-14
2021-06-24 22:54:18 97      STLD_BBG000HGYNZ9_2021-04-14
2021-06-24 22:54:18 99      STMP_BBG000CZ4KF3_2021-04-14
2021-06-24 22:54:19 00      STRA_BBG000GRZDV1_2021-04-14
2021-06-24 22:54:19 01      STT_BBG000BKFBD7_2021-04-14
2021-06-24 22:54:19 02      STX_BBG000F0KF42_2021-04-14
2021-06-24 22:54:19 02      Warning: figi `BBG000F0KF42` for history data does not match actual figi `BBG0113JGQF0`. Ticker: STX. Will be used actual!
2021-06-24 22:54:19 05      STZ_BBG000J1QLT0_2021-04-14
2021-06-24 22:54:19 07      SUPN_BBG000BP0HX7_2021-04-14
2021-06-24 22:54:19 08      SWAV_BBG005XVXML5_2021-04-14
2021-06-24 22:54:19 09      SWBI_BBG000BM0QL7_2021-04-14
2021-06-24 22:54:19 11      SWCH_BBG00HPDM5Z2_2021-04-14
2021-06-24 22:54:19 12      SWI_BBG00M1CKSK7_2021-04-14
2021-06-24 22:54:19 14      SWK_BBG000BTQR96_2021-04-14
2021-06-24 22:54:19 15      SWKS_BBG000KLB4Q1_2021-04-14
2021-06-24 22:54:19 18      SWN_BBG000BTR593_2021-04-14
2021-06-24 22:54:19 21      SWX_BBG00FWP4JW4_2021-04-14
2021-06-24 22:54:19 21      SXI_BBG000BTT5B8_2021-04-14
2021-06-24 22:54:19 22      SXT_BBG000J79P80_2021-04-14
2021-06-24 22:54:19 23      SYF_BBG00658F3P3_2021-04-14
2021-06-24 22:54:19 26      SYK_BBG000DN7P92_2021-04-14
2021-06-24 22:54:19 28      SYKE_BBG000BBHPV4_2021-04-14
2021-06-24 22:54:19 29      SYNA_BBG000BQV1S2_2021-04-14
2021-06-24 22:54:19 30      SYNH_BBG0078Y1D92_2021-04-14
2021-06-24 22:54:19 32      SYY_BBG000BTVJ25_2021-04-14
2021-06-24 22:54:19 33      T_BBG000BSJK37_2021-04-14
2021-06-24 22:54:19 38      TAK_BBG000LF8708_2021-04-14
2021-06-24 22:54:19 39      TAL_BBG0016XJ8S0_2021-04-14
2021-06-24 22:54:19 40      TAP_BBG000BS7KS3_2021-04-14
2021-06-24 22:54:19 42      TCBI_BBG000DN4ZT1_2021-04-14
2021-06-24 22:54:19 44      TCMD_BBG001B12Z39_2021-04-14
2021-06-24 22:54:19 44      TCRR_BBG00FH3FM15_2021-04-14
2021-06-24 22:54:19 46      TCS_BBG005DXJS36_2021-04-14
2021-06-24 22:54:19 48      TCX_BBG000L69KL5_2021-04-14
2021-06-24 22:54:19 49      TDC_BBG000R0L5J4_2021-04-14
2021-06-24 22:54:19 50      TDG_BBG000L8CBX4_2021-04-14
2021-06-24 22:54:19 51      TDOC_BBG0019T5SG0_2021-04-14
2021-06-24 22:54:19 54      TDS_BBG000BV0VK7_2021-04-14
2021-06-24 22:54:19 55      TDY_BBG000BMT9T6_2021-04-14
2021-06-24 22:54:19 56      TECH_BBG000C15114_2021-04-14
2021-06-24 22:54:19 57      TEL_BBG000RGM5P1_2021-04-14
2021-06-24 22:54:19 59      TENB_BBG00LBLCD02_2021-04-14
2021-06-24 22:54:19 60      TER_BBG000BV4DR6_2021-04-14
2021-06-24 22:54:19 62      TFC_BBG000BYYLS8_2021-04-14
2021-06-24 22:54:19 65      TFX_BBG000BV59Y6_2021-04-14
2021-06-24 22:54:19 66      TGNA_BBG000BK5DP1_2021-04-14
2021-06-24 22:54:19 67      TGT_BBG000H8TVT2_2021-04-14
2021-06-24 22:54:19 69      THG_BBG000FJH8W0_2021-04-14
2021-06-24 22:54:19 70      THO_BBG000BV6R84_2021-04-14
2021-06-24 22:54:19 71      THRM_BBG000BQLM34_2021-04-14
2021-06-24 22:54:19 71      THS_BBG000GQGJT4_2021-04-14
2021-06-24 22:54:19 72      TJX_BBG000BV8DN6_2021-04-14
2021-06-24 22:54:19 75      TKR_BBG000BV95H9_2021-04-14
2021-06-24 22:54:19 76      TMHC_BBG003PGJHP5_2021-04-14
2021-06-24 22:54:19 77      TMO_BBG000BVDLH9_2021-04-14
2021-06-24 22:54:19 79      TMUS_BBG000NDV1D4_2021-04-14
2021-06-24 22:54:19 82      TMX_BBG002WMH2F2_2021-04-14
2021-06-24 22:54:19 83      TNC_BBG000JCZJS2_2021-04-14
2021-06-24 22:54:19 83      TNDM_BBG0019V9M65_2021-04-14
2021-06-24 22:54:19 85      TNET_BBG000BR2040_2021-04-14
2021-06-24 22:54:19 85      TOL_BBG000BVHBM1_2021-04-14
2021-06-24 22:54:19 86      TOT_BBG000CHZ857_2021-04-14
2021-06-24 22:54:19 87      Warning: figi `BBG000CHZ857` for history data does not match actual figi `IZHBULDINKDK`. Ticker: TOT. Will be used actual!
2021-06-24 22:54:19 88      TPH_BBG0016YQTR5_2021-04-14
2021-06-24 22:54:19 89      TPIC_BBG0016MQ7C5_2021-04-14
2021-06-24 22:54:19 90      TPR_BBG000BY29C7_2021-04-14
2021-06-24 22:54:19 92      TPTX_BBG00NPL9WH7_2021-04-14
2021-06-24 22:54:19 93      TPX_BBG000PXGT62_2021-04-14
2021-06-24 22:54:19 95      TREE_BBG000TVRB50_2021-04-14
2021-06-24 22:54:19 96      TREX_BBG000BTGKK9_2021-04-14
2021-06-24 22:54:19 97      TRHC_BBG00BT7PPY8_2021-04-14
2021-06-24 22:54:19 98      TRIP_BBG001M8HHB7_2021-04-14
2021-06-24 22:54:20 00      TRMB_BBG000BNPS52_2021-04-14
2021-06-24 22:54:20 02      TROW_BBG000BVMPN3_2021-04-14
2021-06-24 22:54:20 03      TRU_BBG002Q7J5Z1_2021-04-14
2021-06-24 22:54:20 06      TRUP_BBG002BC7WC5_2021-04-14
2021-06-24 22:54:20 07      TRV_BBG000BJ81C1_2021-04-14
2021-06-24 22:54:20 09      TSCO_BBG000BLXZN1_2021-04-14
2021-06-24 22:54:20 11      TSLA_BBG000N9MNX3_2021-04-14
2021-06-24 22:54:20 40      TSLA: BuyPending. Strategy: MorningOpenStrategy. Price: 743.35. Lots: 1. ChangeOpenToCurrent: -2.01. ChangePrevCloseToCurrent: -2.01. Candle: ID:8, Time: 4:00, Close: 743.35.
2021-06-24 22:54:20 40      TSLA: OrderID: 9af77e5e. PlacedOrder. Status: New. RejectReason: 
2021-06-24 22:54:20 40      TSLA: OrderID: 9af77e5e fully executed
2021-06-24 22:54:20 40      TSLA: Buy more. Price: 727. Lots: 1. changeFromLastBuy: -2.20. Candle: ID:58, Time: 4:00, Close: 727.
2021-06-24 22:54:20 40      TSLA: OrderID: 18970fb1. PlacedOrder. Status: New. RejectReason: 
2021-06-24 22:54:20 40      TSLA: OrderID: 18970fb1 fully executed
2021-06-24 22:54:20 40      TSLA: Morning closing. Close price: 749.8. Lots: 2. CandleChange: -0.01%. ChangeFromCandleHigh: -0.03%. Profit: 14.63(1.99%). Candle: ID:387, Time: 4:05, Close: 749.8
2021-06-24 22:54:20 40      TSLA: OrderID: f375f261. PlacedOrder. Status: New. RejectReason: 
2021-06-24 22:54:20 40      TSLA: OrderID: f375f261 fully executed
2021-06-24 22:54:20 64      TSM_BBG000BD8ZK0_2021-04-14
2021-06-24 22:54:20 72      TSN_BBG000DKCC19_2021-04-14
2021-06-24 22:54:20 74      TSS_BBG000C1JTL6_2021-04-14
2021-06-24 22:54:20 74      TT_BBG000BM6788_2021-04-14
2021-06-24 22:54:20 75      TTC_BBG000BVQRY3_2021-04-14
2021-06-24 22:54:20 76      TTD_BBG00629NGT2_2021-04-14
2021-06-24 22:54:20 78      TTEK_BBG000BYZ0Q5_2021-04-14
2021-06-24 22:54:20 80      TTM_BBG000PVGDH9_2021-04-14
2021-06-24 22:54:20 81      TTMI_BBG000BYQ0B1_2021-04-14
2021-06-24 22:54:20 82      TTWO_BBG000BS1YV5_2021-04-14
2021-06-24 22:54:20 83      TW_BBG00NK8H8T2_2021-04-14
2021-06-24 22:54:20 85      TWLO_BBG0029ZX840_2021-04-14
2021-06-24 22:54:20 87      TWNK_BBG00B6KGNN1_2021-04-14
2021-06-24 22:54:20 88      TWOU_BBG001KS9450_2021-04-14
2021-06-24 22:54:20 89      TWTR_BBG000H6HNW3_2021-04-14
2021-06-24 22:54:20 93      TXG_BBG007WX14X0_2021-04-14
2021-06-24 22:54:20 94      TXN_BBG000BVV7G1_2021-04-14
2021-06-24 22:54:20 99      TXRH_BBG000PSJMV7_2021-04-14
2021-06-24 22:54:21 00      TXT_BBG000BVVQQ8_2021-04-14
2021-06-24 22:54:21 03      TYL_BBG000BVWZF9_2021-04-14
2021-06-24 22:54:21 03      UA_BBG009DTD8H2_2021-04-14
2021-06-24 22:54:21 05      UAA_BBG000BXM6V2_2021-04-14
2021-06-24 22:54:21 06      UAL_BBG000M65M61_2021-04-14
2021-06-24 22:54:21 12      UBER_BBG002B04MT8_2021-04-14
2021-06-24 22:54:21 18      UCTT_BBG000HSLV70_2021-04-14
2021-06-24 22:54:21 20      UDR_BBG000C41023_2021-04-14
2021-06-24 22:54:21 21      UFPI_BBG000BL0T06_2021-04-14
2021-06-24 22:54:21 22      UFS_BBG000BHFHP8_2021-04-14
2021-06-24 22:54:21 23      UGI_BBG000BVYN55_2021-04-14
2021-06-24 22:54:21 24      UHS_BBG000CB8Q50_2021-04-14
2021-06-24 22:54:21 25      UI_BBG001R72SR9_2021-04-14
2021-06-24 22:54:21 25      ULTA_BBG00FWQ4VD6_2021-04-14
2021-06-24 22:54:21 27      UMBF_BBG000DD8WX1_2021-04-14
2021-06-24 22:54:21 28      UNF_BBG000BW29L1_2021-04-14
2021-06-24 22:54:21 29      UNH_BBG000CH5208_2021-04-14
2021-06-24 22:54:21 32      UNM_BBG000BW2QX0_2021-04-14
2021-06-24 22:54:21 33      UNP_BBG000BW3299_2021-04-14
2021-06-24 22:54:21 34      UNVR_BBG000BDHD29_2021-04-14
2021-06-24 22:54:21 36      UPS_BBG000L9CV04_2021-04-14
2021-06-24 22:54:21 38      UPWK_BBG00FBJ6390_2021-04-14
2021-06-24 22:54:21 40      URBN_BBG000BL79J3_2021-04-14
2021-06-24 22:54:21 42      URI_BBG000BXMFC3_2021-04-14
2021-06-24 22:54:21 43      USB_BBG000FFDM15_2021-04-14
2021-06-24 22:54:21 47      USFD_BBG00C6H6D40_2021-04-14
2021-06-24 22:54:21 48      USM_BBG000BW6P59_2021-04-14
2021-06-24 22:54:21 49      USNA_BBG000BX28M0_2021-04-14
2021-06-24 22:54:21 49      USPH_BBG000CSRSG6_2021-04-14
2021-06-24 22:54:21 50      UTHR_BBG000BV4XJ1_2021-04-14
2021-06-24 22:54:21 51      UTL_BBG000BW7X97_2021-04-14
2021-06-24 22:54:21 51      UTX_BBG0089KM290_2021-04-14
2021-06-24 22:54:21 52      V_BBG000PSKYX7_2021-04-14
2021-06-24 22:54:21 55      VAC_BBG001J2R5H3_2021-04-14
2021-06-24 22:54:21 56      VALE_BBG000BN5LG7_2021-04-14
2021-06-24 22:54:21 58      VC_BBG0016T3GQ0_2021-04-14
2021-06-24 22:54:21 59      VCEL_BBG000BDCM24_2021-04-14
2021-06-24 22:54:21 60      VCRA_BBG00179VSY7_2021-04-14
2021-06-24 22:54:21 61      VCYT_BBG001J2M542_2021-04-14
2021-06-24 22:54:21 62      VEEV_BBG001CGB489_2021-04-14
2021-06-24 22:54:21 63      VEON_BBG000QCW561_2021-04-14
2021-06-24 22:54:21 64      VFC_BBG000BWCKB6_2021-04-14
2021-06-24 22:54:21 66      VG_BBG000BRB5D9_2021-04-14
2021-06-24 22:54:21 67      VG: SPYKE!. Candle: ID:2139, Time: 20:10, Close: 13.07
2021-06-24 22:54:21 67      VIAC_BBG000C496P7_2021-04-14
2021-06-24 22:54:21 76      VICR_BBG000C3VHF1_2021-04-14
2021-06-24 22:54:21 77      VIE_BBG00K6P5XM1_2021-04-14
2021-06-24 22:54:21 78      VIPS_BBG002NLDLV8_2021-04-14
2021-06-24 22:54:21 87      VIR_BBG00H2QQ8T5_2021-04-14
2021-06-24 22:54:21 89      VLO_BBG000BBGGQ1_2021-04-14
2021-06-24 22:54:21 92      VMC_BBG000BWGYF8_2021-04-14
2021-06-24 22:54:21 93      VMI_BBG000BWB7V4_2021-04-14
2021-06-24 22:54:21 96      VMW_BBG000BC9938_2021-04-14
2021-06-24 22:54:21 98      VNDA_BBG000HT5MG6_2021-04-14
2021-06-24 22:54:21 99      VNE_BBG00K4MPP27_2021-04-14
2021-06-24 22:54:22 00      VNO_BBG000BWHD54_2021-04-14
2021-06-24 22:54:22 01      VNT_BBG00RRGSJR4_2021-04-14
2021-06-24 22:54:22 02      VPG_BBG000PRQ0V9_2021-04-14
2021-06-24 22:54:22 03      VREX_BBG00CZNLR47_2021-04-14
2021-06-24 22:54:22 04      VRNS_BBG001Y04TN6_2021-04-14
2021-06-24 22:54:22 05      VRNT_BBG000BCBYT2_2021-04-14
2021-06-24 22:54:22 07      VRSK_BBG000BCZL41_2021-04-14
2021-06-24 22:54:22 08      VRSN_BBG000BGKHZ3_2021-04-14
2021-06-24 22:54:22 10      VRTS_BBG000DMFQS2_2021-04-14
2021-06-24 22:54:22 10      VRTV_BBG005XZHR97_2021-04-14
2021-06-24 22:54:22 11      VRTX_BBG000C1S2X2_2021-04-14
2021-06-24 22:54:22 14      VTR_BBG000FRVHB9_2021-04-14
2021-06-24 22:54:22 15      VTRS_BBG00Y4RQNH4_2021-04-14
2021-06-24 22:54:22 17      VZ_BBG000HS77T5_2021-04-14
2021-06-24 22:54:22 20      W_BBG001B17MV2_2021-04-14
2021-06-24 22:54:22 22      WAB_BBG000BDD940_2021-04-14
2021-06-24 22:54:22 23      WAL_BBG000Q1KFH4_2021-04-14
2021-06-24 22:54:22 24      WAT_BBG000FQRVM3_2021-04-14
2021-06-24 22:54:22 25      WB_BBG0065XPGX9_2021-04-14
2021-06-24 22:54:22 27      WBA_BBG000BWLMJ4_2021-04-14
2021-06-24 22:54:22 31      WCC_BBG000D0FNV3_2021-04-14
2021-06-24 22:54:22 32      WDAY_BBG000VC0T95_2021-04-14
2021-06-24 22:54:22 34      WDC_BBG000BWNFZ9_2021-04-14
2021-06-24 22:54:22 36      WDFC_BBG000BWNV93_2021-04-14
2021-06-24 22:54:22 37      WEC_BBG000BWP7D9_2021-04-14
2021-06-24 22:54:22 39      WELL_BBG000BKY1G5_2021-04-14
2021-06-24 22:54:22 40      WERN_BBG000BWPP85_2021-04-14
2021-06-24 22:54:22 41      WEX_BBG000BVZP59_2021-04-14
2021-06-24 22:54:22 42      WFC_BBG000BWQFY7_2021-04-14
2021-06-24 22:54:22 50      WGO_BBG000BWS3F3_2021-04-14
2021-06-24 22:54:22 51      WH_BBG00HCY3Q67_2021-04-14
2021-06-24 22:54:22 52      WHD_BBG00JRH1P95_2021-04-14
2021-06-24 22:54:22 53      WHR_BBG000BWSV34_2021-04-14
2021-06-24 22:54:22 55      WING_BBG008N298Y8_2021-04-14
2021-06-24 22:54:22 56      WK_BBG007BVZ8H9_2021-04-14
2021-06-24 22:54:22 57      WLK_BBG000PXZFW2_2021-04-14
2021-06-24 22:54:22 58      WLTW_BBG000DB3KT1_2021-04-14
2021-06-24 22:54:22 60      WM_BBG000BWVSR1_2021-04-14
2021-06-24 22:54:22 61      WMB_BBG000BWVCP8_2021-04-14
2021-06-24 22:54:22 62      WMT_BBG000BWXBC2_2021-04-14
2021-06-24 22:54:22 66      WOR_BBG000HL7499_2021-04-14
2021-06-24 22:54:22 67      WORK_BBG007G7V505_2021-04-14
2021-06-24 22:54:22 69      WRB_BBG000BD1HP2_2021-04-14
2021-06-24 22:54:22 70      WRK_BBG008NXC572_2021-04-14
2021-06-24 22:54:22 71      WRLD_BBG000C3G9J2_2021-04-14
2021-06-24 22:54:22 72      WSC_BBG00B0FS947_2021-04-14
2021-06-24 22:54:22 74      WSM_BBG000FSMWC3_2021-04-14
2021-06-24 22:54:22 75      WSO_BBG000DJN7L9_2021-04-14
2021-06-24 22:54:22 76      WST_BBG000BX24N8_2021-04-14
2021-06-24 22:54:22 77      WTFC_BBG000HD3DW5_2021-04-14
2021-06-24 22:54:22 79      WTS_BBG000C4Z6C2_2021-04-14
2021-06-24 22:54:22 79      WTTR_BBG00G4Y2DC1_2021-04-14
2021-06-24 22:54:22 80      WU_BBG000BB5373_2021-04-14
2021-06-24 22:54:22 82      WWD_BBG000BD53V2_2021-04-14
2021-06-24 22:54:22 83      WWE_BBG000F5YH15_2021-04-14
2021-06-24 22:54:22 84      WWW_BBG000BX2YN2_2021-04-14
2021-06-24 22:54:22 85      WY_BBG000BX3BL3_2021-04-14
2021-06-24 22:54:22 86      WYNN_BBG000LD9JQ8_2021-04-14
2021-06-24 22:54:22 88      XEC_BBG000D6L294_2021-04-14
2021-06-24 22:54:22 90      XEL_BBG000BCTQ65_2021-04-14
2021-06-24 22:54:22 93      XLNX_BBG000C0F570_2021-04-14
2021-06-24 22:54:22 94      XLRN_BBG000R5HWZ1_2021-04-14
2021-06-24 22:54:22 96      XNCR_BBG0026ZG4W0_2021-04-14
2021-06-24 22:54:22 97      XOM_BBG000GZQ728_2021-04-14
2021-06-24 22:54:23 01      XPO_BBG000L5CJF3_2021-04-14
2021-06-24 22:54:23 02      XRAY_BBG000BX57K1_2021-04-14
2021-06-24 22:54:23 03      XRX_BBG00NNG2ZJ8_2021-04-14
2021-06-24 22:54:23 05      XYL_BBG001D8R5D0_2021-04-14
2021-06-24 22:54:23 07      Y_BBG000BX6BJ3_2021-04-14
2021-06-24 22:54:23 08      YELP_BBG000Q2HM09_2021-04-14
2021-06-24 22:54:23 09      YETI_BBG00D8JC882_2021-04-14
2021-06-24 22:54:23 10      YEXT_BBG001MKZGY7_2021-04-14
2021-06-24 22:54:23 11      YUM_BBG000BH3GZ2_2021-04-14
2021-06-24 22:54:23 13      YUMC_BBG00B8N0HG1_2021-04-14
2021-06-24 22:54:23 14      YY_BBG003H0XV18_2021-04-14
2021-06-24 22:54:23 15      Z_BBG009NRSWJ4_2021-04-14
2021-06-24 22:54:23 19      ZBH_BBG000BKPL53_2021-04-14
2021-06-24 22:54:23 20      ZBRA_BBG000CC7LQ7_2021-04-14
2021-06-24 22:54:23 22      ZEN_BBG001HRFJG4_2021-04-14
2021-06-24 22:54:23 23      ZG_BBG000D13GN8_2021-04-14
2021-06-24 22:54:23 25      ZGNX_BBG000VDC3G9_2021-04-14
2021-06-24 22:54:23 26      ZI_BBG00S1HJ3M8_2021-04-14
2021-06-24 22:54:23 28      ZION_BBG000BX9WL1_2021-04-14
2021-06-24 22:54:23 30      ZM_BBG0042V6JM8_2021-04-14
2021-06-24 22:54:23 36      ZNH_BBG000BXQ7R1_2021-04-14
2021-06-24 22:54:23 36      ZS_BBG003338H34_2021-04-14
2021-06-24 22:54:23 39      ZTS_BBG0039320N9_2021-04-14
2021-06-24 22:54:23 40      ZUMZ_BBG000PYX812_2021-04-14
2021-06-24 22:54:23 40      ZUO_BBG000BT3HG5_2021-04-14
2021-06-24 22:54:23 42      ZYNE_BBG007BBS8B7_2021-04-14
2021-06-24 22:54:23 46      ZYXI_BBG000BJBXZ2_2021-04-14
2021-06-24 22:54:23 47      ZYXI: BuyPending. Strategy: MorningOpenStrategy. Price: 14.7. Lots: 17. ChangeOpenToCurrent: -1.41. ChangePrevCloseToCurrent: -2.20. Candle: ID:4, Time: 7:00, Close: 14.7.
2021-06-24 22:54:23 47      ZYXI: OrderID: a49379b7. PlacedOrder. Status: New. RejectReason: 
2021-06-24 22:54:23 47      ZYXI: OrderID: a49379b7 fully executed
2021-06-24 22:54:23 47      ZYXI: Morning closing. Close price: 14.88. Lots: 17. CandleChange: -0.13%. ChangeFromCandleHigh: -0.13%. Profit: 0.18(1.22%). Candle: ID:56, Time: 7:05, Close: 14.88
2021-06-24 22:54:23 47      ZYXI: OrderID: 7715dc68. PlacedOrder. Status: New. RejectReason: 
2021-06-24 22:54:23 47      ZYXI: OrderID: 7715dc68 fully executed
2021-06-24 22:54:23 47      Total candles read: 4067018
2021-06-24 22:54:23 47      Start DisposeAsync...
2021-06-24 22:54:23 48      Trade statistic. Total/Pos/Neg/(ratio): 14/8/4/(2); Profit: 178.11/12.72; Volume: 0; MaxVolume: 5292.36; Commission: 7.292135;
2021-06-24 22:54:23 48      BaseBot::DisposeAsync...
2021-06-24 22:54:23 48      BaseBot::DisposeAsync done!
2021-06-24 22:54:23 48      End DisposeAsync...
