2021-06-14 14:30:56 35      mode=TestTradeBot;DumpQuotes=false;SubscribeQuotes=false;Strategies=MorningOpenStrategy;Token=token.txt;ConfigPath=usd.json;OutputFolder=.\new\;CandlesPath=C:\tinkoff\TestData\RawQuotes\5m\uncompressed\quotes_2021-04-21;
2021-06-14 14:30:56 36      Trade bot created
2021-06-14 14:30:56 37      Fake connection created
2021-06-14 14:30:56 46      Loaded 141 liquid instruments
2021-06-14 14:30:58 67       Error! Unknown ticker: EV
2021-06-14 14:30:58 68       Error! Unknown ticker: IMMU
2021-06-14 14:30:58 68       Error! Unknown ticker: LM
2021-06-14 14:30:58 68       Error! Unknown ticker: LOGM
2021-06-14 14:30:58 68       Error! Unknown ticker: LVGO
2021-06-14 14:30:58 68       Error! Unknown ticker: MTSC
2021-06-14 14:30:58 68       Error! Unknown ticker: MYL
2021-06-14 14:30:58 68       Error! Unknown ticker: MYOK
2021-06-14 14:30:58 68       Error! Unknown ticker: NBL
2021-06-14 14:30:58 68       Error! Unknown ticker: PRSC
2021-06-14 14:30:58 68       Error! Unknown ticker: PS
2021-06-14 14:30:58 68       Error! Unknown ticker: RP
2021-06-14 14:30:58 68       Error! Unknown ticker: SINA
2021-06-14 14:30:58 69       Error! Unknown ticker: TECD
2021-06-14 14:30:58 69       Error! Unknown ticker: TIF
2021-06-14 14:30:58 69       Error! Unknown ticker: TOT
2021-06-14 14:30:58 69       Error! Unknown ticker: VAR
2021-06-14 14:30:58 69       Error! Unknown ticker: VRTU
2021-06-14 14:30:58 69       Error! Unknown ticker: WYND
2021-06-14 14:30:58 70      List of disabled tickers: 
2021-06-14 14:30:58 78      A_BBG000C2V3D6_2021-04-21
2021-06-14 14:30:58 83      AA_BBG00B3T3HD3_2021-04-21
2021-06-14 14:30:58 88      AAL_BBG005P7Q881_2021-04-21
2021-06-14 14:30:58 97      AAN_BBG00WCNDCZ6_2021-04-21
2021-06-14 14:30:58 97      AAON_BBG000C2LZP3_2021-04-21
2021-06-14 14:30:58 98      AAP_BBG000F7RCJ1_2021-04-21
2021-06-14 14:30:59 00      AAPL_BBG000B9XRY4_2021-04-21
2021-06-14 14:30:59 22      ABBV_BBG0025Y4RY4_2021-04-21
2021-06-14 14:30:59 26      ABC_BBG000MDCQC2_2021-04-21
2021-06-14 14:30:59 27      ABG_BBG000BKDWB5_2021-04-21
2021-06-14 14:30:59 28      ABMD_BBG000C101X4_2021-04-21
2021-06-14 14:30:59 30      ABNB_BBG001Y2XS07_2021-04-21
2021-06-14 14:30:59 36      ABT_BBG000B9ZXB4_2021-04-21
2021-06-14 14:30:59 39      ACAD_BBG000BHG9K0_2021-04-21
2021-06-14 14:30:59 40      ACAD: BuyPending. Strategy: MorningOpenStrategy. Price: 20.6. Lots: 12. ChangeOpenToCurrent: -2.04. ChangePrevCloseToCurrent: -0.48. Candle: ID:23, Time: 7:00, Close: 20.6.
2021-06-14 14:30:59 40      ACAD: OrderID: 2f65510e. PlacedOrder. Status: New. RejectReason: 
2021-06-14 14:30:59 40      ACAD: Cancel order. Did not bought at market open. Candle: ID:26, Time: 7:05, Close: 20.77
2021-06-14 14:30:59 40      OrderID: 2f65510e successfully canceled
2021-06-14 14:30:59 41      ACH_BBG000CMRVH1_2021-04-21
2021-06-14 14:30:59 43      ACM_BBG000F61RJ8_2021-04-21
2021-06-14 14:30:59 45      ACMR_BBG00HPSG933_2021-04-21
2021-06-14 14:30:59 46      ACN_BBG000D9D830_2021-04-21
2021-06-14 14:30:59 48      ADBE_BBG000BB5006_2021-04-21
2021-06-14 14:30:59 51      ADM_BBG000BB6WG8_2021-04-21
2021-06-14 14:30:59 52      ADP_BBG000JG0547_2021-04-21
2021-06-14 14:30:59 54      ADPT_BBG001J2PFF5_2021-04-21
2021-06-14 14:30:59 55      ADS_BBG000BFNR17_2021-04-21
2021-06-14 14:30:59 57      ADSK_BBG000BM7HL0_2021-04-21
2021-06-14 14:30:59 59      ADUS_BBG000NJGX84_2021-04-21
2021-06-14 14:30:59 60      AEE_BBG000B9X8C0_2021-04-21
2021-06-14 14:30:59 61      AEIS_BBG000FKMP26_2021-04-21
2021-06-14 14:30:59 63      AEO_BBG000BGXZB5_2021-04-21
2021-06-14 14:30:59 65      AERI_BBG001KJ7WJ5_2021-04-21
2021-06-14 14:30:59 66      AES_BBG000C23KJ3_2021-04-21
2021-06-14 14:30:59 68      AFG_BBG000DPKKK0_2021-04-21
2021-06-14 14:30:59 69      AFL_BBG000BBBNC6_2021-04-21
2021-06-14 14:30:59 71      AGCO_BBG000DCCZW2_2021-04-21
2021-06-14 14:30:59 72      AGIO_BBG000QY4ZD0_2021-04-21
2021-06-14 14:30:59 74      AIG_BBG000BBDZG3_2021-04-21
2021-06-14 14:30:59 75      AIR_BBG000BBGQF1_2021-04-21
2021-06-14 14:30:59 76      AIRC_BBG00XK3WVD0_2021-04-21
2021-06-14 14:30:59 77      AIT_BBG000BBHHP9_2021-04-21
2021-06-14 14:30:59 78      AIV_BBG000DD3510_2021-04-21
2021-06-14 14:30:59 79      AIZ_BBG000BZX1N5_2021-04-21
2021-06-14 14:30:59 81      AJG_BBG000BBHXQ3_2021-04-21
2021-06-14 14:30:59 82      AJRD_BBG000BKRHQ7_2021-04-21
2021-06-14 14:30:59 83      AKAM_BBG000BJQWD2_2021-04-21
2021-06-14 14:30:59 85      ALB_BBG000BJ26K7_2021-04-21
2021-06-14 14:30:59 86      ALGN_BBG000BRNLL2_2021-04-21
2021-06-14 14:30:59 88      ALGT_BBG000LJS6B8_2021-04-21
2021-06-14 14:30:59 89      ALK_BBG000BBL0Y1_2021-04-21
2021-06-14 14:30:59 91      ALL_BBG000BVMGF2_2021-04-21
2021-06-14 14:30:59 92      ALLE_BBG003PS7JV1_2021-04-21
2021-06-14 14:30:59 93      ALLK_BBG003QBJKN0_2021-04-21
2021-06-14 14:30:59 94      ALLO_BBG00KHRRDX3_2021-04-21
2021-06-14 14:30:59 95      ALLY_BBG000BC2R71_2021-04-21
2021-06-14 14:30:59 97      ALNY_BBG000BFGNJ5_2021-04-21
2021-06-14 14:30:59 98      ALRM_BBG007GNPYY7_2021-04-21
2021-06-14 14:30:59 99      ALSN_BBG001KY3845_2021-04-21
2021-06-14 14:31:00 00      ALTR_BBG000PN9NB9_2021-04-21
2021-06-14 14:31:00 01      ALXN_BBG000G30YX4_2021-04-21
2021-06-14 14:31:00 03      AMAT_BBG000BBPFB9_2021-04-21
2021-06-14 14:31:00 12      AMCX_BBG000H01H92_2021-04-21
2021-06-14 14:31:00 13      AMD_BBG000BBQCY0_2021-04-21
2021-06-14 14:31:00 27      AME_BBG000B9XG87_2021-04-21
2021-06-14 14:31:00 28      AMED_BBG000B9ZV28_2021-04-21
2021-06-14 14:31:00 28      AMG_BBG000C060M4_2021-04-21
2021-06-14 14:31:00 30      AMGN_BBG000BBS2Y0_2021-04-21
2021-06-14 14:31:00 33      AMN_BBG000BCT197_2021-04-21
2021-06-14 14:31:00 34      AMP_BBG000G3QLY3_2021-04-21
2021-06-14 14:31:00 35      AMT_BBG000B9XYV2_2021-04-21
2021-06-14 14:31:00 37      AMWD_BBG000BBX657_2021-04-21
2021-06-14 14:31:00 38      AMZN_BBG000BVPV84_2021-04-21
2021-06-14 14:31:00 45      AN_BBG000BBXLW4_2021-04-21
2021-06-14 14:31:00 46      ANAB_BBG0026ZDHR0_2021-04-21
2021-06-14 14:31:00 47      ANDE_BBG000BF8CN3_2021-04-21
2021-06-14 14:31:00 48      ANET_BBG000N2HDY5_2021-04-21
2021-06-14 14:31:00 49      ANF_BBG000H9G7X2_2021-04-21
2021-06-14 14:31:00 50      ANGI_BBG00HVKH3Q0_2021-04-21
2021-06-14 14:31:00 52      ANIK_BBG000BBKZD8_2021-04-21
2021-06-14 14:31:00 53      ANIP_BBG000KK1L04_2021-04-21
2021-06-14 14:31:00 54      ANSS_BBG000GXZ4W7_2021-04-21
2021-06-14 14:31:00 55      ANTM_BBG000BCG930_2021-04-21
2021-06-14 14:31:00 56      AON_BBG00SSQFPK6_2021-04-21
2021-06-14 14:31:00 57      AOS_BBG000BC1L02_2021-04-21
2021-06-14 14:31:00 58      AOUT_BBG00QV8FS02_2021-04-21
2021-06-14 14:31:00 59      APA_BBG00YTS96G2_2021-04-21
2021-06-14 14:31:00 60      APA: SPYKE!. Candle: ID:142, Time: 9:25, Close: 16
2021-06-14 14:31:00 62      APD_BBG000BC4JJ4_2021-04-21
2021-06-14 14:31:00 63      APEI_BBG000RVD346_2021-04-21
2021-06-14 14:31:00 64      APH_BBG000B9YJ35_2021-04-21
2021-06-14 14:31:00 65      APLE_BBG006473QX9_2021-04-21
2021-06-14 14:31:00 66      APLT_BBG000DD0489_2021-04-21
2021-06-14 14:31:00 67      APPF_BBG008GC8CP6_2021-04-21
2021-06-14 14:31:00 67      APPN_BBG001C7PMJ2_2021-04-21
2021-06-14 14:31:00 69      APPS_BBG000HZ3562_2021-04-21
2021-06-14 14:31:00 71      APTV_BBG001QD41M9_2021-04-21
2021-06-14 14:31:00 73      ARCC_BBG000PD6X77_2021-04-21
2021-06-14 14:31:00 74      ARCT_BBG00NNW8JK1_2021-04-21
2021-06-14 14:31:00 75      ARE_BBG000BC33T9_2021-04-21
2021-06-14 14:31:00 77      ARMK_BBG001KY4N87_2021-04-21
2021-06-14 14:31:00 78      ARNA_BBG000BKXBV7_2021-04-21
2021-06-14 14:31:00 79      ARNC_BBG00R45JYB7_2021-04-21
2021-06-14 14:31:00 80      ARQT_BBG00QN8K4M4_2021-04-21
2021-06-14 14:31:00 81      ARVN_BBG00LW7YK82_2021-04-21
2021-06-14 14:31:00 82      ARW_BBG000BCD3D5_2021-04-21
2021-06-14 14:31:00 83      ARWR_BBG000BRVKH0_2021-04-21
2021-06-14 14:31:00 84      ASGN_BBG000CRN8N8_2021-04-21
2021-06-14 14:31:00 85      ASH_BBG00D0Y81M1_2021-04-21
2021-06-14 14:31:00 86      ASIX_BBG00CWTTQ41_2021-04-21
2021-06-14 14:31:00 87      ATEX_BBG0081NLHR0_2021-04-21
2021-06-14 14:31:00 88      ATGE_BBG000DQBZJ7_2021-04-21
2021-06-14 14:31:00 89      ATKR_BBG000QTFDQ4_2021-04-21
2021-06-14 14:31:00 90      ATR_BBG000BGX2S0_2021-04-21
2021-06-14 14:31:00 91      ATRA_BBG005Q3MQY4_2021-04-21
2021-06-14 14:31:00 92      ATRC_BBG000BL6CB5_2021-04-21
2021-06-14 14:31:00 93      ATRI_BBG000DTT624_2021-04-21
2021-06-14 14:31:00 94      ATRO_BBG000BCLBY5_2021-04-21
2021-06-14 14:31:00 94      ATUS_BBG00GFMPRK0_2021-04-21
2021-06-14 14:31:00 96      ATVI_BBG000CVWGS6_2021-04-21
2021-06-14 14:31:00 99      AVAV_BBG000GX14P2_2021-04-21
2021-06-14 14:31:01 00      AVB_BBG000BLPBL5_2021-04-21
2021-06-14 14:31:01 02      AVGO_BBG00KHY5S69_2021-04-21
2021-06-14 14:31:01 05      AVLR_BBG000R4Y9C1_2021-04-21
2021-06-14 14:31:01 07      AVNS_BBG005L86G05_2021-04-21
2021-06-14 14:31:01 08      AVNT_BBG000C8NJ10_2021-04-21
2021-06-14 14:31:01 08      AVTR_BBG00G2HHYD7_2021-04-21
2021-06-14 14:31:01 10      AVY_BBG000BCQ4P6_2021-04-21
2021-06-14 14:31:01 11      AWI_BBG000DW4LB1_2021-04-21
2021-06-14 14:31:01 12      AWK_BBG000TRJ294_2021-04-21
2021-06-14 14:31:01 13      AWR_BBG000F964B6_2021-04-21
2021-06-14 14:31:01 13      AX_BBG000QPHD08_2021-04-21
2021-06-14 14:31:01 14      AXGN_BBG000BN46R9_2021-04-21
2021-06-14 14:31:01 16      AXP_BBG000BCQZS4_2021-04-21
2021-06-14 14:31:01 17      AXSM_BBG00B6G7GL7_2021-04-21
2021-06-14 14:31:01 18      AYI_BBG000BJ5HK0_2021-04-21
2021-06-14 14:31:01 19      AYX_BBG000BGZT72_2021-04-21
2021-06-14 14:31:01 21      AZO_BBG000C7LMS8_2021-04-21
2021-06-14 14:31:01 22      AZPN_BBG000DFMXT3_2021-04-21
2021-06-14 14:31:01 23      BA_BBG000BCSST7_2021-04-21
2021-06-14 14:31:01 29      BABA_BBG006G2JVL2_2021-04-21
2021-06-14 14:31:01 41      BAC_BBG000BCTLF6_2021-04-21
2021-06-14 14:31:01 46      BAH_BBG000R2YFG7_2021-04-21
2021-06-14 14:31:01 48      BAND_BBG001K003W2_2021-04-21
2021-06-14 14:31:01 49      BAX_BBG000BCVJ77_2021-04-21
2021-06-14 14:31:01 51      BBIO_BBG00P9KDZK6_2021-04-21
2021-06-14 14:31:01 52      BBSI_BBG000BHJSC4_2021-04-21
2021-06-14 14:31:01 54      BBY_BBG000BCWCG1_2021-04-21
2021-06-14 14:31:01 55      BC_BBG000BCWSS3_2021-04-21
2021-06-14 14:31:01 56      BCO_BBG000DR5QP5_2021-04-21
2021-06-14 14:31:01 56      BCPC_BBG000BCY878_2021-04-21
2021-06-14 14:31:01 57      BDC_BBG000Q4XNV1_2021-04-21
2021-06-14 14:31:01 59      BDTX_BBG00MS4Y0W9_2021-04-21
2021-06-14 14:31:01 59      BDX_BBG000BCZYD3_2021-04-21
2021-06-14 14:31:01 61      BECN_BBG000BKTXF2_2021-04-21
2021-06-14 14:31:01 62      BEN_BBG000BD0TF8_2021-04-21
2021-06-14 14:31:01 63      BERY_BBG000Q1R1Y9_2021-04-21
2021-06-14 14:31:01 64      BF.B_BBG000BD2NY8_2021-04-21
2021-06-14 14:31:01 65      BFAM_BBG003LFWP05_2021-04-21
2021-06-14 14:31:01 66      BFYT_BBG003QRSQD3_2021-04-21
2021-06-14 14:31:01 67      BGS_BBG000RKXRQ1_2021-04-21
2021-06-14 14:31:01 68      BH_BBG00JPRDQH1_2021-04-21
2021-06-14 14:31:01 69      BHF_BBG00DYPZ4T0_2021-04-21
2021-06-14 14:31:01 70      BIDU_BBG000QXWHD1_2021-04-21
2021-06-14 14:31:01 75      BIG_BBG000J0D904_2021-04-21
2021-06-14 14:31:01 76      BIIB_BBG000C17X76_2021-04-21
2021-06-14 14:31:01 79      BILI_BBG00K7T3037_2021-04-21
2021-06-14 14:31:01 81      BILL_BBG00QVJV6V4_2021-04-21
2021-06-14 14:31:01 83      BIO_BBG000DY28W5_2021-04-21
2021-06-14 14:31:01 83      BJRI_BBG000H9LNX1_2021-04-21
2021-06-14 14:31:01 84      BK_BBG000BD8PN9_2021-04-21
2021-06-14 14:31:01 86      BKI_BBG00GX77LW3_2021-04-21
2021-06-14 14:31:01 87      BKNG_BBG000BLBVN4_2021-04-21
2021-06-14 14:31:01 88      BKR_BBG00GBVBK51_2021-04-21
2021-06-14 14:31:01 90      BL_BBG0029KJVB0_2021-04-21
2021-06-14 14:31:01 91      BLD_BBG0077VS2C0_2021-04-21
2021-06-14 14:31:01 92      BLDR_BBG000BKD3K9_2021-04-21
2021-06-14 14:31:01 94      BLK_BBG000C2PW58_2021-04-21
2021-06-14 14:31:01 95      BLKB_BBG000BGGTW5_2021-04-21
2021-06-14 14:31:01 96      BLL_BBG000BDDNH5_2021-04-21
2021-06-14 14:31:01 97      BLUE_BBG000QGWY50_2021-04-21
2021-06-14 14:31:01 99      BMI_BBG000BDGHD9_2021-04-21
2021-06-14 14:31:02 00      BMRN_BBG000CZWZ05_2021-04-21
2021-06-14 14:31:02 01      BMY_BBG000DQLV23_2021-04-21
2021-06-14 14:31:02 04      BOH_BBG000C8D8G9_2021-04-21
2021-06-14 14:31:02 05      BOKF_BBG000CFZ003_2021-04-21
2021-06-14 14:31:02 06      BOOT_BBG0077SYZV6_2021-04-21
2021-06-14 14:31:02 07      BOX_BBG000PMSK08_2021-04-21
2021-06-14 14:31:02 08      BPMC_BBG001MC8YF7_2021-04-21
2021-06-14 14:31:02 09      BR_BBG000PPFKQ7_2021-04-21
2021-06-14 14:31:02 10      BRC_BBG000BDNV95_2021-04-21
2021-06-14 14:31:02 11      BRK.B_BBG000DWG505_2021-04-21
2021-06-14 14:31:02 13      BRKR_BBG000CL1FG7_2021-04-21
2021-06-14 14:31:02 15      BRO_BBG000BWSGF4_2021-04-21
2021-06-14 14:31:02 16      BSX_BBG000C0LW92_2021-04-21
2021-06-14 14:31:02 18      BTAI_BBG00K20GVD2_2021-04-21
2021-06-14 14:31:02 19      BTI_BBG000BWPXQ8_2021-04-21
2021-06-14 14:31:02 21      BUD_BBG000RYC984_2021-04-21
2021-06-14 14:31:02 23      BURL_BBG004S641N5_2021-04-21
2021-06-14 14:31:02 24      BWA_BBG000BJ49H3_2021-04-21
2021-06-14 14:31:02 26      BWXT_BBG000D86F25_2021-04-21
2021-06-14 14:31:02 27      BX_BBG000BH0106_2021-04-21
2021-06-14 14:31:02 29      BXP_BBG000BS5CM9_2021-04-21
2021-06-14 14:31:02 30      BYND_BBG003CVJP50_2021-04-21
2021-06-14 14:31:02 32      BZUN_BBG008HNS333_2021-04-21
2021-06-14 14:31:02 33      C_BBG000FY4S11_2021-04-21
2021-06-14 14:31:02 37      CABO_BBG000F02T51_2021-04-21
2021-06-14 14:31:02 38      CACC_BBG000CS0D96_2021-04-21
2021-06-14 14:31:02 39      CAG_BBG000BDXGP9_2021-04-21
2021-06-14 14:31:02 40      CAH_BBG000D898T9_2021-04-21
2021-06-14 14:31:02 41      CALM_BBG000CDMJW6_2021-04-21
2021-06-14 14:31:02 42      CARA_BBG001J2QYS9_2021-04-21
2021-06-14 14:31:02 43      CARG_BBG00HQ77DS2_2021-04-21
2021-06-14 14:31:02 45      CARR_BBG00RP5HYS8_2021-04-21
2021-06-14 14:31:02 47      CARS_BBG000HGTH33_2021-04-21
2021-06-14 14:31:02 48      CASY_BBG000BF0672_2021-04-21
2021-06-14 14:31:02 49      CAT_BBG000BF0K17_2021-04-21
2021-06-14 14:31:02 51      CB_BBG000BR14K5_2021-04-21
2021-06-14 14:31:02 52      CBRE_BBG000C04224_2021-04-21
2021-06-14 14:31:02 53      CBRL_BBG000BF33K1_2021-04-21
2021-06-14 14:31:02 55      CBSH_BBG000BF3G77_2021-04-21
2021-06-14 14:31:02 56      CBU_BBG000BF4D19_2021-04-21
2021-06-14 14:31:02 56      CCI_BBG000FV1Z23_2021-04-21
2021-06-14 14:31:02 58      CCK_BBG000BF6756_2021-04-21
2021-06-14 14:31:02 59      CCL_BBG000BF6LY3_2021-04-21
2021-06-14 14:31:02 65      CCOI_BBG000D0SMY8_2021-04-21
2021-06-14 14:31:02 67      CCXI_BBG000PTSB12_2021-04-21
2021-06-14 14:31:02 68      CDK_BBG006B6PVN9_2021-04-21
2021-06-14 14:31:02 69      CDLX_BBG00225ZDD0_2021-04-21
2021-06-14 14:31:02 70      CDNA_BBG006JS5785_2021-04-21
2021-06-14 14:31:02 71      CDNS_BBG000C13CD9_2021-04-21
2021-06-14 14:31:02 73      CDW_BBG001P63B80_2021-04-21
2021-06-14 14:31:02 74      CE_BBG000JYP7L8_2021-04-21
2021-06-14 14:31:02 75      CEA_BBG000BCFNR4_2021-04-21
2021-06-14 14:31:02 76      CENT_BBG000BFD605_2021-04-21
2021-06-14 14:31:02 77      CENTA_BBG000KTYB56_2021-04-21
2021-06-14 14:31:02 77      CERN_BBG000BFDLV8_2021-04-21
2021-06-14 14:31:02 79      CEVA_BBG000BN3P07_2021-04-21
2021-06-14 14:31:02 80      CF_BBG000BWJFZ4_2021-04-21
2021-06-14 14:31:02 81      CFG_BBG006Q0HY77_2021-04-21
2021-06-14 14:31:02 84      CFR_BBG000C2PL98_2021-04-21
2021-06-14 14:31:02 85      CFX_BBG000C5Z443_2021-04-21
2021-06-14 14:31:02 86      CGEN_BBG000B9ZLB0_2021-04-21
2021-06-14 14:31:02 87      CGNX_BBG000BPBVW5_2021-04-21
2021-06-14 14:31:02 88      CHD_BBG000BFJT36_2021-04-21
2021-06-14 14:31:02 89      CHDN_BBG000BGXMG9_2021-04-21
2021-06-14 14:31:02 90      CHE_BBG000C19QW1_2021-04-21
2021-06-14 14:31:02 91      CHEF_BBG001MFW6D6_2021-04-21
2021-06-14 14:31:02 93      CHGG_BBG0014XR0N5_2021-04-21
2021-06-14 14:31:02 94      CHH_BBG000BPBTL2_2021-04-21
2021-06-14 14:31:02 95      CHKP_BBG000K82ZT8_2021-04-21
2021-06-14 14:31:02 97      CHNG_BBG0059KNH10_2021-04-21
2021-06-14 14:31:02 98      CHRW_BBG000BTCH57_2021-04-21
2021-06-14 14:31:02 99      CHTR_BBG000VPGNR2_2021-04-21
2021-06-14 14:31:03 02      CHWY_BBG00P19DKZ6_2021-04-21
2021-06-14 14:31:03 04      CHX_BBG00JH9TZ56_2021-04-21
2021-06-14 14:31:03 05      CI_BBG00KXRCDP0_2021-04-21
2021-06-14 14:31:03 07      CIEN_BBG000BP1152_2021-04-21
2021-06-14 14:31:03 09      CINF_BBG000BFPK65_2021-04-21
2021-06-14 14:31:03 10      CL_BBG000BFQYY3_2021-04-21
2021-06-14 14:31:03 12      CLDR_BBG000DRJFC8_2021-04-21
2021-06-14 14:31:03 13      CLDT_BBG000PT6BR8_2021-04-21
2021-06-14 14:31:03 14      CLF_BBG000BFRF55_2021-04-21
2021-06-14 14:31:03 16      CLGX_BBG000C2H3F0_2021-04-21
2021-06-14 14:31:03 17      CLH_BBG000BFRRX8_2021-04-21
2021-06-14 14:31:03 18      CLR_BBG000BHBGN6_2021-04-21
2021-06-14 14:31:03 20      CLX_BBG000BFS7D3_2021-04-21
2021-06-14 14:31:03 21      CMA_BBG000C75N77_2021-04-21
2021-06-14 14:31:03 23      CMC_BBG000BFSND8_2021-04-21
2021-06-14 14:31:03 25      CMCO_BBG000BCWWV0_2021-04-21
2021-06-14 14:31:03 26      CMCSA_BBG000BFT2L4_2021-04-21
2021-06-14 14:31:03 30      CME_BBG000BHLYP4_2021-04-21
2021-06-14 14:31:03 32      CMG_BBG000QX74T1_2021-04-21
2021-06-14 14:31:03 33      CMI_BBG000BGPTV6_2021-04-21
2021-06-14 14:31:03 34      CMP_BBG000C42WS4_2021-04-21
2021-06-14 14:31:03 35      CMS_BBG000BFVXX0_2021-04-21
2021-06-14 14:31:03 37      CNC_BBG000BDXCJ5_2021-04-21
2021-06-14 14:31:03 38      CNK_BBG000QDVR53_2021-04-21
2021-06-14 14:31:03 40      CNP_BBG000FDBX90_2021-04-21
2021-06-14 14:31:03 42      CNS_BBG000BB0WG4_2021-04-21
2021-06-14 14:31:03 43      CNST_BBG000R1H6P8_2021-04-21
2021-06-14 14:31:03 44      CNXC_BBG00RCNQMX3_2021-04-21
2021-06-14 14:31:03 45      CNXN_BBG000BX74M4_2021-04-21
2021-06-14 14:31:03 46      COF_BBG000BGKTF9_2021-04-21
2021-06-14 14:31:03 48      COG_BBG000C3GN47_2021-04-21
2021-06-14 14:31:03 50      COHR_BBG000BG1DH3_2021-04-21
2021-06-14 14:31:03 50      COKE_BBG000BG1SX2_2021-04-21
2021-06-14 14:31:03 51      COLM_BBG000BKKQ84_2021-04-21
2021-06-14 14:31:03 53      CONE_BBG0038V5TX1_2021-04-21
2021-06-14 14:31:03 54      COO_BBG000BG3445_2021-04-21
2021-06-14 14:31:03 55      COP_BBG000BQQH30_2021-04-21
2021-06-14 14:31:03 58      CORR_BBG000CN80Y9_2021-04-21
2021-06-14 14:31:03 59      CORT_BBG000BKJG33_2021-04-21
2021-06-14 14:31:03 61      COST_BBG000F6H8W8_2021-04-21
2021-06-14 14:31:03 64      COTY_BBG000F395V1_2021-04-21
2021-06-14 14:31:03 65      COUP_BBG001J4BCN4_2021-04-21
2021-06-14 14:31:03 67      CPB_BBG000BG4202_2021-04-21
2021-06-14 14:31:03 68      CPRI_BBG0029SNR63_2021-04-21
2021-06-14 14:31:03 69      CPRT_BBG000BM9RH1_2021-04-21
2021-06-14 14:31:03 71      CPS_BBG000PSXT64_2021-04-21
2021-06-14 14:31:03 72      CR_BBG000BG7423_2021-04-21
2021-06-14 14:31:03 73      CREE_BBG000BG14P4_2021-04-21
2021-06-14 14:31:03 76      CRI_BBG000CTM4J9_2021-04-21
2021-06-14 14:31:03 77      CRL_BBG000BG5BL8_2021-04-21
2021-06-14 14:31:03 78      CRM_BBG000BN2DC2_2021-04-21
2021-06-14 14:31:03 82      CRMT_BBG000CM6L31_2021-04-21
2021-06-14 14:31:03 82      CROX_BBG000BLY663_2021-04-21
2021-06-14 14:31:03 84      CRS_BBG000BGCQT9_2021-04-21
2021-06-14 14:31:03 85      CRTX_BBG00BTK1DT8_2021-04-21
2021-06-14 14:31:03 86      CRUS_BBG000C1DHF5_2021-04-21
2021-06-14 14:31:03 88      CRVL_BBG000CVKZY0_2021-04-21
2021-06-14 14:31:03 89      CRWD_BBG00BLYKS03_2021-04-21
2021-06-14 14:31:03 91      CSCO_BBG000C3J3C9_2021-04-21
2021-06-14 14:31:03 95      CSGP_BBG000D7JKW9_2021-04-21
2021-06-14 14:31:03 96      CSGS_BBG000G3TQV2_2021-04-21
2021-06-14 14:31:03 97      CSII_BBG000NWQ9S5_2021-04-21
2021-06-14 14:31:03 98      CSL_BBG000BGGBT8_2021-04-21
2021-06-14 14:31:03 99      CSOD_BBG0016X4XN6_2021-04-21
2021-06-14 14:31:03 99      CSWI_BBG007NLG4L3_2021-04-21
2021-06-14 14:31:04 00      CSX_BBG000BGJRC8_2021-04-21
2021-06-14 14:31:04 05      CTAS_BBG000H3YXF8_2021-04-21
2021-06-14 14:31:04 06      CTB_BBG000BGKXV2_2021-04-21
2021-06-14 14:31:04 06      CTLT_BBG005XR47P5_2021-04-21
2021-06-14 14:31:04 08      CTSH_BBG000BBDV81_2021-04-21
2021-06-14 14:31:04 11      CTVA_BBG00BN969C1_2021-04-21
2021-06-14 14:31:04 14      CTXS_BBG000FQ6PY6_2021-04-21
2021-06-14 14:31:04 16      CVCO_BBG000K4WS65_2021-04-21
2021-06-14 14:31:04 17      CVET_BBG00KR691K8_2021-04-21
2021-06-14 14:31:04 18      CVGW_BBG000BGPQW1_2021-04-21
2021-06-14 14:31:04 18      CVLT_BBG000BG88X9_2021-04-21
2021-06-14 14:31:04 19      CVNA_BBG00GCTWDJ3_2021-04-21
2021-06-14 14:31:04 20      CVS_BBG000BGRY34_2021-04-21
2021-06-14 14:31:04 23      CVX_BBG000K4ND22_2021-04-21
2021-06-14 14:31:04 26      CW_BBG000BGSPS5_2021-04-21
2021-06-14 14:31:04 27      CWST_BBG000BT0J38_2021-04-21
2021-06-14 14:31:04 28      CWT_BBG000D8KTN6_2021-04-21
2021-06-14 14:31:04 29      CY_BBG000BXNJ07_2021-04-21
2021-06-14 14:31:04 30      D_BBG000BGVW60_2021-04-21
2021-06-14 14:31:04 32      DAL_BBG000R7Z112_2021-04-21
2021-06-14 14:31:04 36      DAR_BBG000BN8ZK8_2021-04-21
2021-06-14 14:31:04 37      DBX_BBG0018SLDN0_2021-04-21
2021-06-14 14:31:04 40      DCI_BBG000BGZP70_2021-04-21
2021-06-14 14:31:04 41      DCPH_BBG00HMJ9H54_2021-04-21
2021-06-14 14:31:04 41      DD_BBG00BN961G4_2021-04-21
2021-06-14 14:31:04 43      DDOG_BBG003NJHZT9_2021-04-21
2021-06-14 14:31:04 45      DDS_BBG000BS4MP5_2021-04-21
2021-06-14 14:31:04 46      DE_BBG000BH1NH9_2021-04-21
2021-06-14 14:31:04 47      DECK_BBG000BKXYX5_2021-04-21
2021-06-14 14:31:04 49      DELL_BBG00DW3SZS1_2021-04-21
2021-06-14 14:31:04 50      DFS_BBG000QBR5J5_2021-04-21
2021-06-14 14:31:04 52      DG_BBG000NV1KK7_2021-04-21
2021-06-14 14:31:04 54      DGX_BBG000BN84F3_2021-04-21
2021-06-14 14:31:04 55      DHI_BBG000DQTXY6_2021-04-21
2021-06-14 14:31:04 57      DHR_BBG000BH3JF8_2021-04-21
2021-06-14 14:31:04 59      DIOD_BBG000G25P51_2021-04-21
2021-06-14 14:31:04 60      DIS_BBG000BH4R78_2021-04-21
2021-06-14 14:31:04 66      DISCA_BBG000CHWP52_2021-04-21
2021-06-14 14:31:04 78      DISCB_BBG000F7L5N7_2021-04-21
2021-06-14 14:31:04 79      DISCK_BBG000VMWHH5_2021-04-21
2021-06-14 14:31:04 83      DK_BBG00FZYFVC5_2021-04-21
2021-06-14 14:31:04 84      DKNG_BBG00TCBG714_2021-04-21
2021-06-14 14:31:04 87      DKNG: BuyPending. Strategy: MorningOpenStrategy. Price: 55. Lots: 4. ChangeOpenToCurrent: -2.79. ChangePrevCloseToCurrent: -0.81. Candle: ID:7, Time: 7:00, Close: 55.
2021-06-14 14:31:04 87      DKNG: OrderID: 7719ab45. PlacedOrder. Status: New. RejectReason: 
2021-06-14 14:31:04 87      DKNG: Cancel order. Did not bought at market open. Candle: ID:9, Time: 7:05, Close: 55.06
2021-06-14 14:31:04 87      OrderID: 7719ab45 successfully canceled
2021-06-14 14:31:04 89      DKS_BBG000F6ZWH2_2021-04-21
2021-06-14 14:31:04 90      DLB_BBG000DGLTG5_2021-04-21
2021-06-14 14:31:04 91      DLR_BBG000Q5ZRM7_2021-04-21
2021-06-14 14:31:04 93      DLTH_BBG002GBMZG4_2021-04-21
2021-06-14 14:31:04 93      DLTR_BBG000BSC0K9_2021-04-21
2021-06-14 14:31:04 95      DLX_BBG000BH6360_2021-04-21
2021-06-14 14:31:04 96      DNLI_BBG008P7F869_2021-04-21
2021-06-14 14:31:04 97      DNOW_BBG005BLN209_2021-04-21
2021-06-14 14:31:04 97      DNOW: SPYKE!. Candle: ID:19, Time: 13:20, Close: 9.3
2021-06-14 14:31:04 97      DOCU_BBG000N7KJX8_2021-04-21
2021-06-14 14:31:05 01      DORM_BBG000BM22F5_2021-04-21
2021-06-14 14:31:05 01      DOV_BBG000BHB3M6_2021-04-21
2021-06-14 14:31:05 02      DOW_BBG00BN96922_2021-04-21
2021-06-14 14:31:05 04      DPZ_BBG000P458P3_2021-04-21
2021-06-14 14:31:05 05      DRE_BBG000BHD8S7_2021-04-21
2021-06-14 14:31:05 07      DRI_BBG000BBNYF6_2021-04-21
2021-06-14 14:31:05 08      DRNA_BBG001J1DB23_2021-04-21
2021-06-14 14:31:05 09      DRQ_BBG000BVDBY2_2021-04-21
2021-06-14 14:31:05 10      DT_BBG00PNN7C40_2021-04-21
2021-06-14 14:31:05 11      DVA_BBG000MQ1SN9_2021-04-21
2021-06-14 14:31:05 12      DVN_BBG000BBVJZ8_2021-04-21
2021-06-14 14:31:05 14      DXC_BBG00FN64XT9_2021-04-21
2021-06-14 14:31:05 16      DXCM_BBG000QTF8K1_2021-04-21
2021-06-14 14:31:05 17      DY_BBG000C4SKT1_2021-04-21
2021-06-14 14:31:05 18      EA_BBG000BP0KQ8_2021-04-21
2021-06-14 14:31:05 20      EAT_BBG000BK28N7_2021-04-21
2021-06-14 14:31:05 21      EBAY_BBG000C43RR5_2021-04-21
2021-06-14 14:31:05 24      EBS_BBG000GW06J7_2021-04-21
2021-06-14 14:31:05 25      ECHO_BBG000RFP8W6_2021-04-21
2021-06-14 14:31:05 26      ECL_BBG000BHKYH4_2021-04-21
2021-06-14 14:31:05 27      ECPG_BBG000F369C7_2021-04-21
2021-06-14 14:31:05 28      ED_BBG000BHLYS1_2021-04-21
2021-06-14 14:31:05 30      EDIT_BBG005MX5GZ2_2021-04-21
2021-06-14 14:31:05 32      EEFT_BBG000BMNBY1_2021-04-21
2021-06-14 14:31:05 34      EFX_BBG000BHPL78_2021-04-21
2021-06-14 14:31:05 35      EGHT_BBG000BCGHH7_2021-04-21
2021-06-14 14:31:05 36      EGRX_BBG005Y3XWH9_2021-04-21
2021-06-14 14:31:05 37      EHTH_BBG000P5JQX6_2021-04-21
2021-06-14 14:31:05 38      EIX_BBG000D7RKJ5_2021-04-21
2021-06-14 14:31:05 39      EL_BBG000FKJRC5_2021-04-21
2021-06-14 14:31:05 40      ELAN_BBG00LJYS1P8_2021-04-21
2021-06-14 14:31:05 42      ELS_BBG000BB7SX7_2021-04-21
2021-06-14 14:31:05 43      EME_BBG000BBRPL4_2021-04-21
2021-06-14 14:31:05 44      EMN_BBG000BLW530_2021-04-21
2021-06-14 14:31:05 45      EMR_BBG000BHX7N2_2021-04-21
2021-06-14 14:31:05 47      ENDP_BBG000C0HQ54_2021-04-21
2021-06-14 14:31:05 49      ENPH_BBG001R3MNY9_2021-04-21
2021-06-14 14:31:05 52      ENR_BBG006FCB019_2021-04-21
2021-06-14 14:31:05 53      ENS_BBG000PWTD92_2021-04-21
2021-06-14 14:31:05 54      ENTA_BBG001V9NSB4_2021-04-21
2021-06-14 14:31:05 55      ENTG_BBG000CTV4N4_2021-04-21
2021-06-14 14:31:05 56      ENV_BBG000Q4NZ54_2021-04-21
2021-06-14 14:31:05 57      EOG_BBG000BZ9223_2021-04-21
2021-06-14 14:31:05 59      EPAM_BBG000MHTV89_2021-04-21
2021-06-14 14:31:05 60      EPAY_BBG000BRNH31_2021-04-21
2021-06-14 14:31:05 61      EPC_BBG000BRW644_2021-04-21
2021-06-14 14:31:05 61      EQIX_BBG000MBDGM6_2021-04-21
2021-06-14 14:31:05 63      EQT_BBG000BHZ5J9_2021-04-21
2021-06-14 14:31:05 64      ERIE_BBG000BBTJZ1_2021-04-21
2021-06-14 14:31:05 65      ES_BBG000BQ87N0_2021-04-21
2021-06-14 14:31:05 66      ESPR_BBG004KB3S72_2021-04-21
2021-06-14 14:31:05 67      ESS_BBG000CGJMB9_2021-04-21
2021-06-14 14:31:05 68      ET_BBG000BM2FL9_2021-04-21
2021-06-14 14:31:05 70      ETN_BBG000BJ3PD2_2021-04-21
2021-06-14 14:31:05 71      ETR_BBG000C1FQS9_2021-04-21
2021-06-14 14:31:05 72      ETRN_BBG00K53L394_2021-04-21
2021-06-14 14:31:05 73      ETSY_BBG000N7MXL8_2021-04-21
2021-06-14 14:31:05 75      EVBG_BBG0022FMPD5_2021-04-21
2021-06-14 14:31:05 76      EVER_BBG00F17NDH7_2021-04-21
2021-06-14 14:31:05 77      EVH_BBG005CHLM96_2021-04-21
2021-06-14 14:31:05 78      EVR_BBG000BP30Y0_2021-04-21
2021-06-14 14:31:05 79      EVRG_BBG00H433CR2_2021-04-21
2021-06-14 14:31:05 80      EW_BBG000BRXP69_2021-04-21
2021-06-14 14:31:05 82      EWBC_BBG000CR20B1_2021-04-21
2021-06-14 14:31:05 84      EXAS_BBG000CWL0F5_2021-04-21
2021-06-14 14:31:05 85      EXC_BBG000J6XT05_2021-04-21
2021-06-14 14:31:05 87      EXEL_BBG000BQ4WF8_2021-04-21
2021-06-14 14:31:05 89      EXLS_BBG000NS3P30_2021-04-21
2021-06-14 14:31:05 89      EXP_BBG000BJW241_2021-04-21
2021-06-14 14:31:05 90      EXPD_BBG000BJ5GK2_2021-04-21
2021-06-14 14:31:05 92      EXPE_BBG000QY3XZ2_2021-04-21
2021-06-14 14:31:05 93      EXR_BBG000PV27K3_2021-04-21
2021-06-14 14:31:05 94      EYE_BBG00HVQF9K2_2021-04-21
2021-06-14 14:31:05 96      F_BBG000BQPC32_2021-04-21
2021-06-14 14:31:05 99      FANG_BBG002PHSYX9_2021-04-21
2021-06-14 14:31:06 01      FARO_BBG000BJD7C2_2021-04-21
2021-06-14 14:31:06 02      FAST_BBG000BJ8YN7_2021-04-21
2021-06-14 14:31:06 04      FATE_BBG000QP35H2_2021-04-21
2021-06-14 14:31:06 05      FB_BBG000MM2P62_2021-04-21
2021-06-14 14:31:06 14      FBHS_BBG001B4BV87_2021-04-21
2021-06-14 14:31:06 15      FCFS_BBG000DNF659_2021-04-21
2021-06-14 14:31:06 16      FCN_BBG000K88H58_2021-04-21
2021-06-14 14:31:06 17      FCX_BBG000BJDB15_2021-04-21
2021-06-14 14:31:06 21      FDS_BBG000BDJL83_2021-04-21
2021-06-14 14:31:06 22      FDX_BBG000BJF1Z8_2021-04-21
2021-06-14 14:31:06 24      FELE_BBG000BJGGV8_2021-04-21
2021-06-14 14:31:06 25      FFIV_BBG000CXYSZ6_2021-04-21
2021-06-14 14:31:06 25      FGEN_BBG000FW5ZL6_2021-04-21
2021-06-14 14:31:06 28      FICO_BBG000DW76Y6_2021-04-21
2021-06-14 14:31:06 28      FIS_BBG000BK2F42_2021-04-21
2021-06-14 14:31:06 30      FISV_BBG000BJKPG0_2021-04-21
2021-06-14 14:31:06 34      FITB_BBG000BJL3N0_2021-04-21
2021-06-14 14:31:06 37      FIVN_BBG001KHJM17_2021-04-21
2021-06-14 14:31:06 38      FIZZ_BBG000BF8CB6_2021-04-21
2021-06-14 14:31:06 39      FL_BBG000BX8DC4_2021-04-21
2021-06-14 14:31:06 40      FLIR_BBG000BHK836_2021-04-21
2021-06-14 14:31:06 41      FLOW_BBG007FL7ZD2_2021-04-21
2021-06-14 14:31:06 42      FLR_BBG000BB1TH9_2021-04-21
2021-06-14 14:31:06 43      FLS_BBG000FFH4P5_2021-04-21
2021-06-14 14:31:06 44      FLT_BBG000GPXKX9_2021-04-21
2021-06-14 14:31:06 45      FLWS_BBG000BBR9P6_2021-04-21
2021-06-14 14:31:06 46      FMC_BBG000BJP882_2021-04-21
2021-06-14 14:31:06 47      FND_BBG007GJ2F81_2021-04-21
2021-06-14 14:31:06 47      FNKO_BBG00HXSHDQ9_2021-04-21
2021-06-14 14:31:06 49      FOCS_BBG00L0YTFN8_2021-04-21
2021-06-14 14:31:06 50      FOE_BBG000BJQK11_2021-04-21
2021-06-14 14:31:06 51      FOLD_BBG000PLF6N0_2021-04-21
2021-06-14 14:31:06 52      FORM_BBG000D1Y3P1_2021-04-21
2021-06-14 14:31:06 53      FORR_BBG000HGNYG8_2021-04-21
2021-06-14 14:31:06 53      FOX_BBG00JHNKJY8_2021-04-21
2021-06-14 14:31:06 55      FOXA_BBG00JHNJW99_2021-04-21
2021-06-14 14:31:06 57      FOXF_BBG004T7VS53_2021-04-21
2021-06-14 14:31:06 58      FRHC_BBG000N625H8_2021-04-21
2021-06-14 14:31:06 60      FRPH_BBG000HCVWW4_2021-04-21
2021-06-14 14:31:06 60      FRPT_BBG001D0HB36_2021-04-21
2021-06-14 14:31:06 61      FSLR_BBG000BFL116_2021-04-21
2021-06-14 14:31:06 65      FSLY_BBG004NLQHL0_2021-04-21
2021-06-14 14:31:06 67      FTCH_BBG00LSD4456_2021-04-21
2021-06-14 14:31:06 70      FTI_BBG00DL8NMV2_2021-04-21
2021-06-14 14:31:06 72      FTNT_BBG000BCMBG4_2021-04-21
2021-06-14 14:31:06 74      FTV_BBG00BLVZ228_2021-04-21
2021-06-14 14:31:06 76      FUL_BBG000BJZ7V7_2021-04-21
2021-06-14 14:31:06 77      GATX_BBG000BKGXQ4_2021-04-21
2021-06-14 14:31:06 78      GBCI_BBG000C3KB84_2021-04-21
2021-06-14 14:31:06 79      GBT_BBG00341H6M0_2021-04-21
2021-06-14 14:31:06 80      GBX_BBG000CF5097_2021-04-21
2021-06-14 14:31:06 81      GCO_BBG000BK5S78_2021-04-21
2021-06-14 14:31:06 82      GCP_BBG0082W8Q12_2021-04-21
2021-06-14 14:31:06 82      GD_BBG000BK67C7_2021-04-21
2021-06-14 14:31:06 83      GDDY_BBG006MDLY05_2021-04-21
2021-06-14 14:31:06 84      GDOT_BBG000QDJT53_2021-04-21
2021-06-14 14:31:06 85      GE_BBG000BK6MB5_2021-04-21
2021-06-14 14:31:06 87      GEF_BBG000BLFNC0_2021-04-21
2021-06-14 14:31:06 87      GGG_BBG000BK9W84_2021-04-21
2021-06-14 14:31:06 88      GH_BBG006D97VY9_2021-04-21
2021-06-14 14:31:06 89      GHC_BBG000C3FGH9_2021-04-21
2021-06-14 14:31:06 90      GILD_BBG000CKGBP2_2021-04-21
2021-06-14 14:31:06 93      GIS_BBG000BKCFC2_2021-04-21
2021-06-14 14:31:06 95      GKOS_BBG000WG2LQ1_2021-04-21
2021-06-14 14:31:06 96      GL_BBG000BVD6X4_2021-04-21
2021-06-14 14:31:06 97      GLW_BBG000BKFZM4_2021-04-21
2021-06-14 14:31:06 98      GM_BBG000NDYB67_2021-04-21
2021-06-14 14:31:07 03      GMED_BBG002V87SD0_2021-04-21
2021-06-14 14:31:07 03      GMS_BBG009Q036D0_2021-04-21
2021-06-14 14:31:07 04      GNL_BBG004HXD0G8_2021-04-21
2021-06-14 14:31:07 05      GNRC_BBG000PQ4W72_2021-04-21
2021-06-14 14:31:07 06      GO_BBG00P4R3079_2021-04-21
2021-06-14 14:31:07 07      GOOG_BBG009S3NB30_2021-04-21
2021-06-14 14:31:07 10      GOOGL_BBG009S39JX6_2021-04-21
2021-06-14 14:31:07 15      GOSS_BBG00MVWLLM2_2021-04-21
2021-06-14 14:31:07 16      GPC_BBG000BKL348_2021-04-21
2021-06-14 14:31:07 17      GPI_BBG000BB88K4_2021-04-21
2021-06-14 14:31:07 18      GPN_BBG000CX0P89_2021-04-21
2021-06-14 14:31:07 19      GPS_BBG000BKLH74_2021-04-21
2021-06-14 14:31:07 21      GRA_BBG000BB8PG1_2021-04-21
2021-06-14 14:31:07 21      GRMN_BBG000C4LN67_2021-04-21
2021-06-14 14:31:07 23      GRUB_BBG001KWG293_2021-04-21
2021-06-14 14:31:07 24      GS_BBG000C6CFJ5_2021-04-21
2021-06-14 14:31:07 27      GSH_BBG000GLG0G0_2021-04-21
2021-06-14 14:31:07 27      GSKY_BBG00KT2SCV8_2021-04-21
2021-06-14 14:31:07 28      GT_BBG000BKNX95_2021-04-21
2021-06-14 14:31:07 30      GTHX_BBG005F1DK91_2021-04-21
2021-06-14 14:31:07 32      GTLS_BBG000P1K2X6_2021-04-21
2021-06-14 14:31:07 32      GTLS: SPYKE!. Candle: ID:1076, Time: 22:10, Close: 133.14
2021-06-14 14:31:07 33      GTN_BBG000DSQLQ0_2021-04-21
2021-06-14 14:31:07 34      GVA_BBG000DVB833_2021-04-21
2021-06-14 14:31:07 35      GWRE_BBG001C7PM75_2021-04-21
2021-06-14 14:31:07 36      GWW_BBG000BKR1D6_2021-04-21
2021-06-14 14:31:07 36      H_BBG000CVRFS4_2021-04-21
2021-06-14 14:31:07 37      HA_BBG000BC4185_2021-04-21
2021-06-14 14:31:07 39      HAE_BBG000C7TF41_2021-04-21
2021-06-14 14:31:07 40      HAIN_BBG000BQW085_2021-04-21
2021-06-14 14:31:07 41      HAL_BBG000BKTFN2_2021-04-21
2021-06-14 14:31:07 46      HALO_BBG000CZ8W54_2021-04-21
2021-06-14 14:31:07 47      HAS_BBG000BKVJK4_2021-04-21
2021-06-14 14:31:07 48      HBAN_BBG000BKWSR6_2021-04-21
2021-06-14 14:31:07 50      HBI_BBG000D2ZTS8_2021-04-21
2021-06-14 14:31:07 52      HCA_BBG000QW7VC1_2021-04-21
2021-06-14 14:31:07 53      HCCI_BBG000CCFB17_2021-04-21
2021-06-14 14:31:07 54      HCSG_BBG000BKYVF0_2021-04-21
2021-06-14 14:31:07 54      HCSG: SPYKE!. Candle: ID:25, Time: 13:30, Close: 30.01
2021-06-14 14:31:07 55      HD_BBG000BKZB36_2021-04-21
2021-06-14 14:31:07 57      HEAR_BBG000BM6N47_2021-04-21
2021-06-14 14:31:07 59      HEI_BBG000BL16Q7_2021-04-21
2021-06-14 14:31:07 60      HES_BBG000BBD070_2021-04-21
2021-06-14 14:31:07 61      HFC_BBG000BL9JQ1_2021-04-21
2021-06-14 14:31:07 63      HGV_BBG00CBYY6M1_2021-04-21
2021-06-14 14:31:07 64      HHC_BBG000MJRJJ2_2021-04-21
2021-06-14 14:31:07 65      HHR_BBG00KHGQ0H4_2021-04-21
2021-06-14 14:31:07 66      HIBB_BBG000H001V3_2021-04-21
2021-06-14 14:31:07 67      HIG_BBG000G0Z878_2021-04-21
2021-06-14 14:31:07 68      HII_BBG001KJ2HM9_2021-04-21
2021-06-14 14:31:07 69      HIIQ_TCS003QRSQD3_2021-04-21
2021-06-14 14:31:07 70      HLT_BBG0058KMH30_2021-04-21
2021-06-14 14:31:07 71      HNP_BBG000BX5YM0_2021-04-21
2021-06-14 14:31:07 72      HOG_BBG000BKZTP3_2021-04-21
2021-06-14 14:31:07 74      HOLX_BBG000C3NTN5_2021-04-21
2021-06-14 14:31:07 76      HON_BBG000H556T9_2021-04-21
2021-06-14 14:31:07 78      HP_BBG000BLCPY4_2021-04-21
2021-06-14 14:31:07 79      HPE_BBG0078W3NQ3_2021-04-21
2021-06-14 14:31:07 81      HPQ_BBG000KHWT55_2021-04-21
2021-06-14 14:31:07 82      HQY_BBG000TYXCT9_2021-04-21
2021-06-14 14:31:07 83      HRB_BBG000BLDV98_2021-04-21
2021-06-14 14:31:07 84      HRC_BBG000BKWCS0_2021-04-21
2021-06-14 14:31:07 85      HRL_BBG000BLF8D2_2021-04-21
2021-06-14 14:31:07 86      HRTX_BBG000G2GJT7_2021-04-21
2021-06-14 14:31:07 88      HSC_BBG000BLH3P8_2021-04-21
2021-06-14 14:31:07 89      HSIC_BBG000BNMMJ3_2021-04-21
2021-06-14 14:31:07 90      HSKA_BBG000BWFH48_2021-04-21
2021-06-14 14:31:07 91      HST_BBG000BL8804_2021-04-21
2021-06-14 14:31:07 93      HSY_BBG000BLHRS2_2021-04-21
2021-06-14 14:31:07 94      HTA_BBG000PRJCX9_2021-04-21
2021-06-14 14:31:07 95      HTHT_BBG000QFPM65_2021-04-21
2021-06-14 14:31:07 96      HUBB_BBG000BLK267_2021-04-21
2021-06-14 14:31:07 97      HUBG_BBG000G9W6L0_2021-04-21
2021-06-14 14:31:07 98      HUBS_BBG000N7MZ06_2021-04-21
2021-06-14 14:31:07 99      HUM_BBG000BLKK03_2021-04-21
2021-06-14 14:31:08 01      HURN_BBG000PV2M48_2021-04-21
2021-06-14 14:31:08 01      HWM_BBG00DYNJGH9_2021-04-21
2021-06-14 14:31:08 03      HXL_BBG000BLMDQ9_2021-04-21
2021-06-14 14:31:08 03      IAC_BBG000BKQG80_2021-04-21
2021-06-14 14:31:08 04      IART_BBG000BZJQL8_2021-04-21
2021-06-14 14:31:08 05      IBKR_BBG000LV0836_2021-04-21
2021-06-14 14:31:08 08      IBM_BBG000BLNNH6_2021-04-21
2021-06-14 14:31:08 13      IBN_BBG000DRM643_2021-04-21
2021-06-14 14:31:08 14      IBP_BBG005TJKDZ6_2021-04-21
2021-06-14 14:31:08 15      ICE_BBG000C1FB75_2021-04-21
2021-06-14 14:31:08 16      ICPT_BBG001J1QN87_2021-04-21
2021-06-14 14:31:08 17      ICPT: BuyPending. Strategy: MorningOpenStrategy. Price: 20.61. Lots: 12. ChangeOpenToCurrent: -2.14. ChangePrevCloseToCurrent: -0.67. Candle: ID:9, Time: 7:00, Close: 20.61.
2021-06-14 14:31:08 17      ICPT: OrderID: 9a709a6c. PlacedOrder. Status: New. RejectReason: 
2021-06-14 14:31:08 17      ICPT: OrderID: 9a709a6c fully executed
2021-06-14 14:31:08 17      ICPT: Morning closing by timeout. Close price: 20.55. Lots: 12. Profit: -0.06(-0.29%). Candle: ID:54, Time: 7:35, Close: 20.55
2021-06-14 14:31:08 17      ICPT: OrderID: efc6963c. PlacedOrder. Status: New. RejectReason: 
2021-06-14 14:31:08 17      ICPT: OrderID: efc6963c partially executed. Executed lots: 1. OrderStatus: 1/12 lots
2021-06-14 14:31:08 17      ICPT: OrderID: efc6963c partially executed. Executed lots: 3. OrderStatus: 4/12 lots
2021-06-14 14:31:08 17      ICPT: OrderID: efc6963c partially executed. Executed lots: 3. OrderStatus: 7/12 lots
2021-06-14 14:31:08 17      ICPT: OrderID: efc6963c fully executed
2021-06-14 14:31:08 19      ICUI_BBG000CQV2N4_2021-04-21
2021-06-14 14:31:08 19      IDCC_BBG000HLJ7M4_2021-04-21
2021-06-14 14:31:08 20      IDXX_BBG000BLRT07_2021-04-21
2021-06-14 14:31:08 21      IEX_BBG000C1HN22_2021-04-21
2021-06-14 14:31:08 22      IFF_BBG000BLSL58_2021-04-21
2021-06-14 14:31:08 23      IGMS_BBG00PNR1BT2_2021-04-21
2021-06-14 14:31:08 24      IIPR_BBG00F0SW7N8_2021-04-21
2021-06-14 14:31:08 25      IIVI_BBG000BLW102_2021-04-21
2021-06-14 14:31:08 27      ILMN_BBG000DSMS70_2021-04-21
2021-06-14 14:31:08 29      INCY_BBG000BNPSQ9_2021-04-21
2021-06-14 14:31:08 30      INDB_BBG000BM0597_2021-04-21
2021-06-14 14:31:08 31      INFO_BBG006G063F9_2021-04-21
2021-06-14 14:31:08 32      INGN_BBG0021PH456_2021-04-21
2021-06-14 14:31:08 33      INGR_BBG000BXPZB7_2021-04-21
2021-06-14 14:31:08 34      INMD_BBG00PPS73P4_2021-04-21
2021-06-14 14:31:08 35      INSP_BBG00209SZJ7_2021-04-21
2021-06-14 14:31:08 36      INTC_BBG000C0G1D1_2021-04-21
2021-06-14 14:31:08 45      INTU_BBG000BH5DV1_2021-04-21
2021-06-14 14:31:08 46      INVH_BBG00FQH6BS9_2021-04-21
2021-06-14 14:31:08 47      IONS_BBG000JH6683_2021-04-21
2021-06-14 14:31:08 49      IOSP_BBG000BMFNP4_2021-04-21
2021-06-14 14:31:08 49      IOVA_BBG000FTLBV7_2021-04-21
2021-06-14 14:31:08 51      IP_BBG000BM5SR2_2021-04-21
2021-06-14 14:31:08 52      IPAR_BBG000GCSWR5_2021-04-21
2021-06-14 14:31:08 53      IPG_BBG000C90DH9_2021-04-21
2021-06-14 14:31:08 54      IPGP_BBG000DCGRL8_2021-04-21
2021-06-14 14:31:08 55      IQV_BBG00333FYS2_2021-04-21
2021-06-14 14:31:08 56      IR_BBG002R1CW27_2021-04-21
2021-06-14 14:31:08 57      IRBT_BBG000HXJB21_2021-04-21
2021-06-14 14:31:08 58      IRDM_BBG000VC0FC1_2021-04-21
2021-06-14 14:31:08 60      IRM_BBG000KCZPC3_2021-04-21
2021-06-14 14:31:08 61      IRTC_BBG001J19V24_2021-04-21
2021-06-14 14:31:08 62      ISRG_BBG000BJPDZ1_2021-04-21
2021-06-14 14:31:08 64      IT_BBG000BB65D0_2021-04-21
2021-06-14 14:31:08 65      ITCI_BBG0026ZFZC4_2021-04-21
2021-06-14 14:31:08 67      ITGR_BBG000BW6JV4_2021-04-21
2021-06-14 14:31:08 67      ITRI_BBG000BD2167_2021-04-21
2021-06-14 14:31:08 68      ITT_BBG00CVQZQ96_2021-04-21
2021-06-14 14:31:08 69      ITW_BBG000BMBL90_2021-04-21
2021-06-14 14:31:08 70      IVZ_BBG000BY2Y78_2021-04-21
2021-06-14 14:31:08 71      J_BBG000BMFFQ0_2021-04-21
2021-06-14 14:31:08 72      JACK_BBG000GZYVY1_2021-04-21
2021-06-14 14:31:08 73      JBHT_BBG000BMDBZ1_2021-04-21
2021-06-14 14:31:08 74      JBSS_BBG000CHPMY5_2021-04-21
2021-06-14 14:31:08 75      JBT_BBG000VLBCQ1_2021-04-21
2021-06-14 14:31:08 76      JCI_BBG000BVWLJ6_2021-04-21
2021-06-14 14:31:08 78      JCOM_BBG000F3CWW7_2021-04-21
2021-06-14 14:31:08 80      JD_BBG005YHY0Q7_2021-04-21
2021-06-14 14:31:08 88      JEF_BBG000BNHSP9_2021-04-21
2021-06-14 14:31:08 89      JELD_BBG0019GM953_2021-04-21
2021-06-14 14:31:08 90      JJSF_BBG000BMGPW0_2021-04-21
2021-06-14 14:31:08 91      JKHY_BBG000BMH2Q7_2021-04-21
2021-06-14 14:31:08 92      JLL_BBG000C2L2L0_2021-04-21
2021-06-14 14:31:08 93      JNJ_BBG000BMHYD1_2021-04-21
2021-06-14 14:31:08 96      JNPR_BBG000BY33P5_2021-04-21
2021-06-14 14:31:08 97      JOBS_BBG000BJD1D4_2021-04-21
2021-06-14 14:31:08 98      JOUT_BBG000HCXFS4_2021-04-21
2021-06-14 14:31:08 99      JPM_BBG000DMBXR2_2021-04-21
2021-06-14 14:31:09 03      JWN_BBG000G8N9C6_2021-04-21
2021-06-14 14:31:09 05      K_BBG000BMKDM3_2021-04-21
2021-06-14 14:31:09 07      KALU_BBG000PKZDX4_2021-04-21
2021-06-14 14:31:09 08      KBH_BBG000BMLWX8_2021-04-21
2021-06-14 14:31:09 09      KDP_BBG000TJM7F0_2021-04-21
2021-06-14 14:31:09 11      KEP_BBG000BCWG90_2021-04-21
2021-06-14 14:31:09 12      KEX_BBG000BMQCP6_2021-04-21
2021-06-14 14:31:09 13      KEY_BBG000BMQPL1_2021-04-21
2021-06-14 14:31:09 15      KEYS_BBG0059FN811_2021-04-21
2021-06-14 14:31:09 16      KFY_BBG000C5QMB5_2021-04-21
2021-06-14 14:31:09 17      KHC_BBG005CPNTQ2_2021-04-21
2021-06-14 14:31:09 19      KIDS_BBG00HFFRW39_2021-04-21
2021-06-14 14:31:09 20      KIM_BBG000CN3S73_2021-04-21
2021-06-14 14:31:09 21      KLAC_BBG000BMTFR4_2021-04-21
2021-06-14 14:31:09 24      KMB_BBG000BMW2Z0_2021-04-21
2021-06-14 14:31:09 26      KMI_BBG0019JZ882_2021-04-21
2021-06-14 14:31:09 28      KMPR_BBG000H3GDJ8_2021-04-21
2021-06-14 14:31:09 29      KMT_BBG000BMWKC5_2021-04-21
2021-06-14 14:31:09 30      KMX_BBG000BLMZK6_2021-04-21
2021-06-14 14:31:09 31      KNSL_BBG00D8JD9Z9_2021-04-21
2021-06-14 14:31:09 32      KNX_BBG000BFC848_2021-04-21
2021-06-14 14:31:09 34      KO_BBG000BMX289_2021-04-21
2021-06-14 14:31:09 37      KOD_BBG00BVR0D02_2021-04-21
2021-06-14 14:31:09 38      KR_BBG000BMY992_2021-04-21
2021-06-14 14:31:09 40      KRG_BBG000BC2KW8_2021-04-21
2021-06-14 14:31:09 40      KRTX_BBG00NN875G0_2021-04-21
2021-06-14 14:31:09 41      KRYS_BBG00HDGRHH7_2021-04-21
2021-06-14 14:31:09 42      KSU_BBG000BMZ7P7_2021-04-21
2021-06-14 14:31:09 43      KTB_BBG00LPTHYD5_2021-04-21
2021-06-14 14:31:09 44      KWR_BBG000DZS2L9_2021-04-21
2021-06-14 14:31:09 45      L_BBG000C45984_2021-04-21
2021-06-14 14:31:09 46      LAD_BBG000K3BC83_2021-04-21
2021-06-14 14:31:09 47      LANC_BBG000BN1M88_2021-04-21
2021-06-14 14:31:09 47      LASR_BBG0020BCPX5_2021-04-21
2021-06-14 14:31:09 48      LASR: SPYKE!. Candle: ID:78, Time: 13:30, Close: 28.69
2021-06-14 14:31:09 48      LASR: SPYKE!. Candle: ID:79, Time: 13:30, Close: 28.67
2021-06-14 14:31:09 48      LB_BBG000BNGTQ7_2021-04-21
2021-06-14 14:31:09 50      LBRDK_BBG006GNSZW5_2021-04-21
2021-06-14 14:31:09 51      LCII_BBG000DNLMB0_2021-04-21
2021-06-14 14:31:09 51      LDOS_BBG000C23PB0_2021-04-21
2021-06-14 14:31:09 52      LEA_BBG000PTLGZ1_2021-04-21
2021-06-14 14:31:09 53      LECO_BBG000BB72K8_2021-04-21
2021-06-14 14:31:09 54      LEG_BBG000BN53G7_2021-04-21
2021-06-14 14:31:09 55      LEGH_BBG00MJDR6J9_2021-04-21
2021-06-14 14:31:09 55      LEN_BBG000BN5HF7_2021-04-21
2021-06-14 14:31:09 56      LEVI_BBG000BQDF10_2021-04-21
2021-06-14 14:31:09 58      LFC_BBG000BBK4B9_2021-04-21
2021-06-14 14:31:09 58      LFUS_BBG000BGFGT8_2021-04-21
2021-06-14 14:31:09 59      LGIH_BBG0056655S1_2021-04-21
2021-06-14 14:31:09 60      LGND_BBG000BKF014_2021-04-21
2021-06-14 14:31:09 61      LH_BBG000D9DMK0_2021-04-21
2021-06-14 14:31:09 62      LHCG_BBG000G7W420_2021-04-21
2021-06-14 14:31:09 63      LHX_BBG000BLGFJ9_2021-04-21
2021-06-14 14:31:09 64      LII_BBG000BB5B84_2021-04-21
2021-06-14 14:31:09 65      LIN_BBG00GVR8YQ9_2021-04-21
2021-06-14 14:31:09 66      LITE_BBG0073F9RT7_2021-04-21
2021-06-14 14:31:09 67      LKQ_BBG000PXDL44_2021-04-21
2021-06-14 14:31:09 68      LLY_BBG000BNBDC2_2021-04-21
2021-06-14 14:31:09 70      LMT_BBG000C1BW00_2021-04-21
2021-06-14 14:31:09 71      LNN_BBG000FJS1S8_2021-04-21
2021-06-14 14:31:09 72      LNT_BBG000DW4Q75_2021-04-21
2021-06-14 14:31:09 74      LNTH_BBG006Q52RD0_2021-04-21
2021-06-14 14:31:09 75      LOPE_BBG000FV28W9_2021-04-21
2021-06-14 14:31:09 76      LOW_BBG000BNDN65_2021-04-21
2021-06-14 14:31:09 78      LPL_BBG000FJ0RK9_2021-04-21
2021-06-14 14:31:09 79      LPLA_BBG000P2TYL8_2021-04-21
2021-06-14 14:31:09 80      LPSN_BBG000BSV0W5_2021-04-21
2021-06-14 14:31:09 81      LRCX_BBG000BNFLM9_2021-04-21
2021-06-14 14:31:09 84      LRN_BBG000QSXPZ9_2021-04-21
2021-06-14 14:31:09 84      LRN: BuyPending. Strategy: MorningOpenStrategy. Price: 31.53. Lots: 7. ChangeOpenToCurrent: -1.87. ChangePrevCloseToCurrent: -2.02. Candle: ID:8, Time: 7:00, Close: 31.53.
2021-06-14 14:31:09 84      LRN: OrderID: fd6e9a43. PlacedOrder. Status: New. RejectReason: 
2021-06-14 14:31:09 84      LRN: OrderID: fd6e9a43 fully executed
2021-06-14 14:31:09 84      LRN: Morning closing by timeout. Close price: 31.72. Lots: 7. Profit: 0.19(0.60%). Candle: ID:30, Time: 7:20, Close: 31.72
2021-06-14 14:31:09 84      LRN: OrderID: 39dfa63f. PlacedOrder. Status: New. RejectReason: 
2021-06-14 14:31:09 84      LRN: OrderID: 39dfa63f partially executed. Executed lots: 2. OrderStatus: 2/7 lots
2021-06-14 14:31:09 84      LRN: OrderID: 39dfa63f partially executed. Executed lots: 2. OrderStatus: 4/7 lots
2021-06-14 14:31:09 84      LRN: OrderID: 39dfa63f partially executed. Executed lots: 1. OrderStatus: 5/7 lots
2021-06-14 14:31:09 84      LRN: OrderID: 39dfa63f partially executed. Executed lots: 1. OrderStatus: 6/7 lots
2021-06-14 14:31:09 84      LRN: OrderID: 39dfa63f fully executed
2021-06-14 14:31:09 86      LSCC_BBG000C2D1C1_2021-04-21
2021-06-14 14:31:09 88      LSTR_BBG000BB2KN0_2021-04-21
2021-06-14 14:31:09 89      LTHM_BBG00LV3NRG0_2021-04-21
2021-06-14 14:31:09 90      LULU_BBG000R8ZVD1_2021-04-21
2021-06-14 14:31:09 92      LUMN_BBG000BGLRN3_2021-04-21
2021-06-14 14:31:09 93      LUV_BBG000BNJHS8_2021-04-21
2021-06-14 14:31:09 96      LVS_BBG000JWD753_2021-04-21
2021-06-14 14:31:09 98      LW_BBG003CVMLQ2_2021-04-21
2021-06-14 14:31:09 99      LYB_BBG000WCFV84_2021-04-21
2021-06-14 14:31:10 00      LYFT_BBG004M9ZHX5_2021-04-21
2021-06-14 14:31:10 03      LYV_BBG000FQ7YR4_2021-04-21
2021-06-14 14:31:10 04      M_BBG000C46HM9_2021-04-21
2021-06-14 14:31:10 06      MA_BBG000F1ZSQ2_2021-04-21
2021-06-14 14:31:10 08      MAA_BBG000BLMY92_2021-04-21
2021-06-14 14:31:10 09      MAC_BBG000BL9C59_2021-04-21
2021-06-14 14:31:10 10      MAN_BBG000BNMHS4_2021-04-21
2021-06-14 14:31:10 11      MANH_BBG000BFV758_2021-04-21
2021-06-14 14:31:10 12      MANT_BBG000BGF8B5_2021-04-21
2021-06-14 14:31:10 13      MANU_BBG0035WV4N9_2021-04-21
2021-06-14 14:31:10 14      MAR_BBG000BGD7W6_2021-04-21
2021-06-14 14:31:10 16      MAS_BBG000BNNKG9_2021-04-21
2021-06-14 14:31:10 17      MASI_BBG000C3W281_2021-04-21
2021-06-14 14:31:10 18      MAT_BBG000BNNYW1_2021-04-21
2021-06-14 14:31:10 20      MATX_BBG000BBK401_2021-04-21
2021-06-14 14:31:10 21      MBT_BBG000CSZKR2_2021-04-21
2021-06-14 14:31:10 22      MBUU_BBG005PXTR70_2021-04-21
2021-06-14 14:31:10 22      MCD_BBG000BNSZP1_2021-04-21
2021-06-14 14:31:10 24      MCHP_BBG000BHCP19_2021-04-21
2021-06-14 14:31:10 26      MCK_BBG000DYGNW7_2021-04-21
2021-06-14 14:31:10 27      MCO_BBG000F86GP6_2021-04-21
2021-06-14 14:31:10 28      MCRI_BBG000BJ0932_2021-04-21
2021-06-14 14:31:10 29      MD_BBG000H8LGK2_2021-04-21
2021-06-14 14:31:10 30      MDB_BBG0022FDRY8_2021-04-21
2021-06-14 14:31:10 31      MDGL_BBG000QS6NV8_2021-04-21
2021-06-14 14:31:10 32      MDLA_BBG001BPKGT0_2021-04-21
2021-06-14 14:31:10 33      MDLZ_BBG000D4LWF6_2021-04-21
2021-06-14 14:31:10 35      MDRX_BBG000BLDXH5_2021-04-21
2021-06-14 14:31:10 37      MDT_BBG000BNWG87_2021-04-21
2021-06-14 14:31:10 40      MED_BBG000BWBW76_2021-04-21
2021-06-14 14:31:10 40      MEDP_BBG0065B7K59_2021-04-21
2021-06-14 14:31:10 41      MEI_BBG000BNY197_2021-04-21
2021-06-14 14:31:10 42      MELI_BBG000GQPB11_2021-04-21
2021-06-14 14:31:10 43      MET_BBG000BB6KF5_2021-04-21
2021-06-14 14:31:10 45      MFGP_BBG00HFWVGN0_2021-04-21
2021-06-14 14:31:10 46      MGLN_BBG000BD6DD9_2021-04-21
2021-06-14 14:31:10 47      MGM_BBG000C2BXK4_2021-04-21
2021-06-14 14:31:10 50      MGY_BBG00GNC8DL2_2021-04-21
2021-06-14 14:31:10 50      MGY: SPYKE!. Candle: ID:2, Time: 7:00, Close: 9.94
2021-06-14 14:31:10 50      MGY: SPYKE!. Candle: ID:5, Time: 7:00, Close: 11.05
2021-06-14 14:31:10 51      MHK_BBG000FLZN98_2021-04-21
2021-06-14 14:31:10 52      MHO_BBG000BL9MZ4_2021-04-21
2021-06-14 14:31:10 52      MIDD_BBG000DQN9R3_2021-04-21
2021-06-14 14:31:10 56      MINI_BBG000BGTX98_2021-04-21
2021-06-14 14:31:10 56      MKC_BBG000G6Y5W4_2021-04-21
2021-06-14 14:31:10 57      MKL_BBG000FC7366_2021-04-21
2021-06-14 14:31:10 58      MKSI_BBG000BVMG26_2021-04-21
2021-06-14 14:31:10 59      MKTX_BBG000BJBZ23_2021-04-21
2021-06-14 14:31:10 60      MLAB_BBG000BP3PW7_2021-04-21
2021-06-14 14:31:10 61      MLCO_BBG000BHP8J4_2021-04-21
2021-06-14 14:31:10 62      MLHR_BBG000BP46T2_2021-04-21
2021-06-14 14:31:10 64      MLM_BBG000BGYMH7_2021-04-21
2021-06-14 14:31:10 65      MMC_BBG000BP4MH0_2021-04-21
2021-06-14 14:31:10 66      MMI_BBG005GBRSR6_2021-04-21
2021-06-14 14:31:10 67      MMM_BBG000BP52R2_2021-04-21
2021-06-14 14:31:10 68      MMS_BBG000BC5WJ4_2021-04-21
2021-06-14 14:31:10 69      MMSI_BBG000C42VX0_2021-04-21
2021-06-14 14:31:10 70      MNRO_BBG000C0BZD1_2021-04-21
2021-06-14 14:31:10 71      MNST_BBG008NVB1C0_2021-04-21
2021-06-14 14:31:10 72      MO_BBG000BP6LJ8_2021-04-21
2021-06-14 14:31:10 75      MOH_BBG000MBHNC8_2021-04-21
2021-06-14 14:31:10 76      MOMO_BBG007HTCQT0_2021-04-21
2021-06-14 14:31:10 79      MORN_BBG000CGQ4F7_2021-04-21
2021-06-14 14:31:10 79      MOS_BBG000BFXHL6_2021-04-21
2021-06-14 14:31:10 81      MOV_BBG000BL30Y9_2021-04-21
2021-06-14 14:31:10 81      MPC_BBG001DCCGR8_2021-04-21
2021-06-14 14:31:10 83      MPWR_BBG000C30L48_2021-04-21
2021-06-14 14:31:10 84      MRC_BBG000BKLTM1_2021-04-21
2021-06-14 14:31:10 85      MRK_BBG000BPD168_2021-04-21
2021-06-14 14:31:10 88      MRNA_BBG003PHHZT1_2021-04-21
2021-06-14 14:31:10 94      MRO_BBG000C8H633_2021-04-21
2021-06-14 14:31:10 95      MRTX_BBG004TPGBP5_2021-04-21
2021-06-14 14:31:10 97      MS_BBG000BLZRJ2_2021-04-21
2021-06-14 14:31:11 01      MSA_BBG000BPDXF8_2021-04-21
2021-06-14 14:31:11 02      MSCI_BBG000RTDY25_2021-04-21
2021-06-14 14:31:11 02      MSFT_BBG000BPH459_2021-04-21
2021-06-14 14:31:11 14      MSGE_BBG00L9HLWV8_2021-04-21
2021-06-14 14:31:11 15      MSGN_BBG000NS03H7_2021-04-21
2021-06-14 14:31:11 16      MSGS_BBG007FG0C23_2021-04-21
2021-06-14 14:31:11 16      MSI_BBG000BP8Z50_2021-04-21
2021-06-14 14:31:11 17      MSM_BBG000BCLYL9_2021-04-21
2021-06-14 14:31:11 18      MSTR_BBG000GQJPZ0_2021-04-21
2021-06-14 14:31:11 20      MTB_BBG000D9KWL9_2021-04-21
2021-06-14 14:31:11 21      MTCH_BBG00B6WH9G3_2021-04-21
2021-06-14 14:31:11 23      MTD_BBG000BZCKH3_2021-04-21
2021-06-14 14:31:11 24      MTG_BBG000CBMH27_2021-04-21
2021-06-14 14:31:11 24      MTH_BBG000F4F1N0_2021-04-21
2021-06-14 14:31:11 25      MTN_BBG000BCMWM1_2021-04-21
2021-06-14 14:31:11 26      MTOR_BBG000BH92D1_2021-04-21
2021-06-14 14:31:11 26      MTRN_BBG000BDTT76_2021-04-21
2021-06-14 14:31:11 27      MU_BBG000C5Z1S3_2021-04-21
2021-06-14 14:31:11 32      MUR_BBG000BPMH90_2021-04-21
2021-06-14 14:31:11 34      MUSA_BBG001Z0Q6T5_2021-04-21
2021-06-14 14:31:11 35      MXIM_BBG000BPNP00_2021-04-21
2021-06-14 14:31:11 37      MXL_BBG000BB6R33_2021-04-21
2021-06-14 14:31:11 38      MYGN_BBG000D9H9F1_2021-04-21
2021-06-14 14:31:11 39      MYRG_BBG000BC7VW9_2021-04-21
2021-06-14 14:31:11 39      NARI_BBG009J8K7M0_2021-04-21
2021-06-14 14:31:11 40      NATI_BBG000DZK6N6_2021-04-21
2021-06-14 14:31:11 42      NAVI_BBG004MN1R41_2021-04-21
2021-06-14 14:31:11 42      NBIX_BBG000GJS7C1_2021-04-21
2021-06-14 14:31:11 44      NCBS_BBG000QK0TG5_2021-04-21
2021-06-14 14:31:11 44      NCR_BBG000BMXK89_2021-04-21
2021-06-14 14:31:11 45      NDAQ_BBG000F5VVB6_2021-04-21
2021-06-14 14:31:11 47      NDSN_BBG000BPWGR1_2021-04-21
2021-06-14 14:31:11 47      NEE_BBG000BJSBJ0_2021-04-21
2021-06-14 14:31:11 52      NEM_BBG000BPWXK1_2021-04-21
2021-06-14 14:31:11 53      NEO_BBG000BKH263_2021-04-21
2021-06-14 14:31:11 55      NEOG_BBG000C1BCK2_2021-04-21
2021-06-14 14:31:11 55      NET_BBG001WMKHH5_2021-04-21
2021-06-14 14:31:11 57      NEU_BBG000BJ5SS8_2021-04-21
2021-06-14 14:31:11 57      NEWR_BBG001NFKJ68_2021-04-21
2021-06-14 14:31:11 58      NFLX_BBG000CL9VN6_2021-04-21
2021-06-14 14:31:11 73      NGVT_BBG009LM28K6_2021-04-21
2021-06-14 14:31:11 73      NJR_BBG000BPZVW9_2021-04-21
2021-06-14 14:31:11 74      NKE_BBG000C5HS04_2021-04-21
2021-06-14 14:31:11 78      NKTR_BBG000BHCYJ1_2021-04-21
2021-06-14 14:31:11 79      NLOK_BBG000BH2JM1_2021-04-21
2021-06-14 14:31:11 80      NLSN_BBG0088CYPX8_2021-04-21
2021-06-14 14:31:11 82      NMIH_BBG005DLMMZ6_2021-04-21
2021-06-14 14:31:11 82      NOC_BBG000BQ2C28_2021-04-21
2021-06-14 14:31:11 84      NOK_BBG000BNGBW9_2021-04-21
2021-06-14 14:31:11 86      NOV_BBG000BJX8C8_2021-04-21
2021-06-14 14:31:11 87      NOW_BBG000M1R011_2021-04-21
2021-06-14 14:31:11 88      NP_BBG000QCQ764_2021-04-21
2021-06-14 14:31:11 89      NPK_BBG000BQ4GG2_2021-04-21
2021-06-14 14:31:11 89      NRG_BBG000D8RG11_2021-04-21
2021-06-14 14:31:11 90      NSC_BBG000BQ5DS5_2021-04-21
2021-06-14 14:31:11 92      NSP_BBG000BJ41X2_2021-04-21
2021-06-14 14:31:11 92      NTAP_BBG000FP1N32_2021-04-21
2021-06-14 14:31:11 94      NTCO_BBG00R4ZKPN5_2021-04-21
2021-06-14 14:31:11 94      NTCT_BBG000C136Z8_2021-04-21
2021-06-14 14:31:11 95      NTES_BBG000BX72V8_2021-04-21
2021-06-14 14:31:11 96      NTGR_BBG000C4GBR6_2021-04-21
2021-06-14 14:31:11 97      NTLA_BBG007KC7PB0_2021-04-21
2021-06-14 14:31:11 99      NTNX_BBG001NDW1Z7_2021-04-21
2021-06-14 14:31:12 00      NTRA_BBG001J1BQ86_2021-04-21
2021-06-14 14:31:12 01      NTRS_BBG000BQ74K1_2021-04-21
2021-06-14 14:31:12 02      NTUS_BBG000DPZHS3_2021-04-21
2021-06-14 14:31:12 03      NUE_BBG000BQ8KV2_2021-04-21
2021-06-14 14:31:12 04      NUS_BBG000HG21Y3_2021-04-21
2021-06-14 14:31:12 05      NUVA_BBG000LNL298_2021-04-21
2021-06-14 14:31:12 06      NVDA_BBG000BBJQV0_2021-04-21
2021-06-14 14:31:12 11      NVEE_BBG005BT60Y8_2021-04-21
2021-06-14 14:31:12 12      NVR_BBG000BQBYR3_2021-04-21
2021-06-14 14:31:12 12      NVRO_BBG001K61W36_2021-04-21
2021-06-14 14:31:12 13      NVTA_BBG005DJFD43_2021-04-21
2021-06-14 14:31:12 15      NWE_BBG000Q1NMJ4_2021-04-21
2021-06-14 14:31:12 15      NWE: SPYKE!. Candle: ID:5, Time: 11:00, Close: 63.57
2021-06-14 14:31:12 15      NWL_BBG000BQC9V2_2021-04-21
2021-06-14 14:31:12 16      NWLI_BBG008HNHZ07_2021-04-21
2021-06-14 14:31:12 17      NWS_BBG0035M2ZB7_2021-04-21
2021-06-14 14:31:12 18      NWSA_BBG0035LY913_2021-04-21
2021-06-14 14:31:12 20      NXPI_BBG000BND699_2021-04-21
2021-06-14 14:31:12 22      NXST_BBG000DZJVH0_2021-04-21
2021-06-14 14:31:12 23      NYT_BBG000FFC0B3_2021-04-21
2021-06-14 14:31:12 24      O_BBG000DHPN63_2021-04-21
2021-06-14 14:31:12 26      OC_BBG000M44VW8_2021-04-21
2021-06-14 14:31:12 27      ODFL_BBG000CHSS88_2021-04-21
2021-06-14 14:31:12 28      OFIX_BBG000G1C210_2021-04-21
2021-06-14 14:31:12 29      OHI_BBG000BGBTC2_2021-04-21
2021-06-14 14:31:12 30      OI_BBG00R2JZG39_2021-04-21
2021-06-14 14:31:12 30      OII_BBG000CPBCL8_2021-04-21
2021-06-14 14:31:12 31      OII: SPYKE!. Candle: ID:1057, Time: 20:30, Close: 9.8
2021-06-14 14:31:12 31      OIS_BBG000BDDN94_2021-04-21
2021-06-14 14:31:12 32      OKE_BBG000BQHGR6_2021-04-21
2021-06-14 14:31:12 34      OKTA_BBG001YV1SM4_2021-04-21
2021-06-14 14:31:12 36      OLED_BBG000BLRP41_2021-04-21
2021-06-14 14:31:12 37      OLLI_BBG0098VVDT9_2021-04-21
2021-06-14 14:31:12 38      OMC_BBG000BS9489_2021-04-21
2021-06-14 14:31:12 39      OMCL_BBG000BTNGZ4_2021-04-21
2021-06-14 14:31:12 40      ON_BBG000DV7MX4_2021-04-21
2021-06-14 14:31:12 42      ONTO_BBG000BPRN29_2021-04-21
2021-06-14 14:31:12 43      ORCL_BBG000BQLTW7_2021-04-21
2021-06-14 14:31:12 46      ORLY_BBG000BGYWY6_2021-04-21
2021-06-14 14:31:12 48      OSIS_BBG000BWPR54_2021-04-21
2021-06-14 14:31:12 48      OSK_BBG000CC53X1_2021-04-21
2021-06-14 14:31:12 49      OSUR_BBG000J3D1Y8_2021-04-21
2021-06-14 14:31:12 50      OTIS_BBG00RP60KV0_2021-04-21
2021-06-14 14:31:12 52      OVV_BBG00R2NHQ65_2021-04-21
2021-06-14 14:31:12 53      OXY_BBG000BQQ2S6_2021-04-21
2021-06-14 14:31:12 56      PAGS_BBG00JM7QBR6_2021-04-21
2021-06-14 14:31:12 57      PANW_BBG0014GJCT9_2021-04-21
2021-06-14 14:31:12 58      PATK_BBG000BQSBB2_2021-04-21
2021-06-14 14:31:12 59      PAYC_BBG0064N0ZZ5_2021-04-21
2021-06-14 14:31:12 60      PB_BBG000BHY4D9_2021-04-21
2021-06-14 14:31:12 60      PBCT_BBG000BQT4L6_2021-04-21
2021-06-14 14:31:12 62      PBF_BBG002832GV8_2021-04-21
2021-06-14 14:31:12 63      PBH_BBG000QM0RZ4_2021-04-21
2021-06-14 14:31:12 64      PBI_BBG000BQTMJ9_2021-04-21
2021-06-14 14:31:12 65      PCAR_BBG000BQVTF5_2021-04-21
2021-06-14 14:31:12 67      PCG_BBG000BQWPC5_2021-04-21
2021-06-14 14:31:12 68      PCRX_BBG0018FQNS6_2021-04-21
2021-06-14 14:31:12 69      PCTY_BBG006598YS8_2021-04-21
2021-06-14 14:31:12 70      PD_BBG0043BYPB8_2021-04-21
2021-06-14 14:31:12 71      PDCO_BBG000BQY289_2021-04-21
2021-06-14 14:31:12 71      PEAK_BBG000BKYDP9_2021-04-21
2021-06-14 14:31:12 73      PEG_BBG000BQZMH4_2021-04-21
2021-06-14 14:31:12 74      PEGA_BBG000H1RYG7_2021-04-21
2021-06-14 14:31:12 75      PEN_BBG001BP92V1_2021-04-21
2021-06-14 14:31:12 75      PEP_BBG000DH7JK6_2021-04-21
2021-06-14 14:31:12 80      PETQ_BBG00H1CY328_2021-04-21
2021-06-14 14:31:12 81      PFE_BBG000BR2B91_2021-04-21
2021-06-14 14:31:12 85      PFG_BBG000NSCNT7_2021-04-21
2021-06-14 14:31:12 86      PFGC_BBG009XW2WB8_2021-04-21
2021-06-14 14:31:12 87      PFPT_BBG000RQ2GY7_2021-04-21
2021-06-14 14:31:12 88      PG_BBG000BR2TH3_2021-04-21
2021-06-14 14:31:12 92      PGNY_BBG002H1K1H1_2021-04-21
2021-06-14 14:31:12 93      PGR_BBG000BR37X2_2021-04-21
2021-06-14 14:31:12 95      PGTI_BBG000FX3Y66_2021-04-21
2021-06-14 14:31:12 95      PH_BBG000BR3KL6_2021-04-21
2021-06-14 14:31:12 96      PHM_BBG000BR54L0_2021-04-21
2021-06-14 14:31:12 98      PII_BBG000D5S4M0_2021-04-21
2021-06-14 14:31:12 98      PINC_BBG000G7QX50_2021-04-21
2021-06-14 14:31:12 99      PINS_BBG002583CV8_2021-04-21
2021-06-14 14:31:13 03      PIPR_BBG000FQXC75_2021-04-21
2021-06-14 14:31:13 03      PKG_BBG000BB8SW7_2021-04-21
2021-06-14 14:31:13 04      PKI_BBG000FXW512_2021-04-21
2021-06-14 14:31:13 05      PLAN_BBG002DZS299_2021-04-21
2021-06-14 14:31:13 06      PLAY_BBG001WWJTK5_2021-04-21
2021-06-14 14:31:13 07      PLCE_BBG000JK9DK4_2021-04-21
2021-06-14 14:31:13 08      PLD_BBG000B9Z0J8_2021-04-21
2021-06-14 14:31:13 10      PLNT_BBG009H04M17_2021-04-21
2021-06-14 14:31:13 10      PLTR_BBG000N7QR55_2021-04-21
2021-06-14 14:31:13 15      PLUS_BBG000HN7W02_2021-04-21
2021-06-14 14:31:13 15      PLXS_BBG000BRBX66_2021-04-21
2021-06-14 14:31:13 16      PM_BBG000J2XL74_2021-04-21
2021-06-14 14:31:13 18      PNC_BBG000BRD0D8_2021-04-21
2021-06-14 14:31:13 20      PNFP_BBG000C1XKF6_2021-04-21
2021-06-14 14:31:13 21      PNTG_BBG00P33SY72_2021-04-21
2021-06-14 14:31:13 21      PODD_BBG000R7XX87_2021-04-21
2021-06-14 14:31:13 22      POOL_BBG000BCVG28_2021-04-21
2021-06-14 14:31:13 23      POR_BBG000BCRMW7_2021-04-21
2021-06-14 14:31:13 24      POST_BBG001WTBC36_2021-04-21
2021-06-14 14:31:13 25      POWI_BBG000BTT3D1_2021-04-21
2021-06-14 14:31:13 26      PPC_BBG000BFLXV3_2021-04-21
2021-06-14 14:31:13 26      PPG_BBG000BRJ809_2021-04-21
2021-06-14 14:31:13 28      PPL_BBG000BRJL00_2021-04-21
2021-06-14 14:31:13 29      PRAA_BBG000BNTW77_2021-04-21
2021-06-14 14:31:13 29      PRAH_BBG007387YL8_2021-04-21
2021-06-14 14:31:13 30      PRFT_BBG000BVXFK6_2021-04-21
2021-06-14 14:31:13 31      PRG_BBG00VSH86G4_2021-04-21
2021-06-14 14:31:13 32      PRGS_BBG000C4QP94_2021-04-21
2021-06-14 14:31:13 32      PRI_BBG000T8ZF80_2021-04-21
2021-06-14 14:31:13 33      PRLB_BBG000BT13B3_2021-04-21
2021-06-14 14:31:13 34      PRSP_BBG00KMXKWF9_2021-04-21
2021-06-14 14:31:13 35      PRU_BBG000HCJMF9_2021-04-21
2021-06-14 14:31:13 37      PSA_BBG000BPPN67_2021-04-21
2021-06-14 14:31:13 37      PSN_BBG000C3TKY6_2021-04-21
2021-06-14 14:31:13 38      PSTG_BBG00212PVZ5_2021-04-21
2021-06-14 14:31:13 39      PSX_BBG00286S4N9_2021-04-21
2021-06-14 14:31:13 41      PTC_BBG000C2VBB0_2021-04-21
2021-06-14 14:31:13 42      PTCT_BBG000QT15P7_2021-04-21
2021-06-14 14:31:13 43      PTON_BBG00JG0FFZ2_2021-04-21
2021-06-14 14:31:13 49      PTR_BBG000BR85F1_2021-04-21
2021-06-14 14:31:13 50      PUMP_BBG00FYCQ352_2021-04-21
2021-06-14 14:31:13 51      PVH_BBG000BRRG02_2021-04-21
2021-06-14 14:31:13 52      PWR_BBG000BBL8V7_2021-04-21
2021-06-14 14:31:13 53      PXD_BBG000BXRPH1_2021-04-21
2021-06-14 14:31:13 55      PYPL_BBG0077VNXV6_2021-04-21
2021-06-14 14:31:13 59      PZZA_BBG000BFWF13_2021-04-21
2021-06-14 14:31:13 61      QADA_BBG001BP77C3_2021-04-21
2021-06-14 14:31:13 61      QCOM_BBG000CGC1X8_2021-04-21
2021-06-14 14:31:13 65      QDEL_BBG000C6GN04_2021-04-21
2021-06-14 14:31:13 67      QLYS_BBG000HT5G06_2021-04-21
2021-06-14 14:31:13 68      QNST_BBG000S9XXB8_2021-04-21
2021-06-14 14:31:13 68      QRTEA_BBG000PCQQL6_2021-04-21
2021-06-14 14:31:13 70      QRVO_BBG007TJF1N7_2021-04-21
2021-06-14 14:31:13 71      QTS_BBG0054B20Z8_2021-04-21
2021-06-14 14:31:13 72      QTWO_BBG005ZVK9P2_2021-04-21
2021-06-14 14:31:13 73      QUOT_BBG001QYNR63_2021-04-21
2021-06-14 14:31:13 73      R_BBG000BRVP70_2021-04-21
2021-06-14 14:31:13 74      RACE_BBG009PH3Q86_2021-04-21
2021-06-14 14:31:13 75      RAMP_BBG000BB4HM6_2021-04-21
2021-06-14 14:31:13 75      RAMP: SPYKE!. Candle: ID:3, Time: 7:00, Close: 44.29
2021-06-14 14:31:13 76      RARE_BBG001RWPDW6_2021-04-21
2021-06-14 14:31:13 77      RAVN_BBG000CXQTZ3_2021-04-21
2021-06-14 14:31:13 77      RBC_BBG000BRXTR8_2021-04-21
2021-06-14 14:31:13 78      RCL_BBG000BB5792_2021-04-21
2021-06-14 14:31:13 80      RDFN_BBG001Q7HP63_2021-04-21
2021-06-14 14:31:13 82      RDS.A_BBG000QXSSS6_2021-04-21
2021-06-14 14:31:13 83      RDY_BBG000NJ96L6_2021-04-21
2021-06-14 14:31:13 83      RE_BBG000C1XVK6_2021-04-21
2021-06-14 14:31:13 84      REG_BBG000BL46Q4_2021-04-21
2021-06-14 14:31:13 86      REGI_BBG0016SSV00_2021-04-21
2021-06-14 14:31:13 87      REGN_BBG000C734W3_2021-04-21
2021-06-14 14:31:13 89      RETA_BBG000R33BD1_2021-04-21
2021-06-14 14:31:13 90      REX_BBG000D2ZK61_2021-04-21
2021-06-14 14:31:13 90      REZI_BBG00HY28K89_2021-04-21
2021-06-14 14:31:13 91      RF_BBG000Q3JN03_2021-04-21
2021-06-14 14:31:13 92      RGA_BBG000BDLCQ0_2021-04-21
2021-06-14 14:31:13 93      RGEN_BBG000BS48J3_2021-04-21
2021-06-14 14:31:13 94      RGLD_BBG000BS5170_2021-04-21
2021-06-14 14:31:13 95      RGNX_BBG007Z9V591_2021-04-21
2021-06-14 14:31:13 96      RGR_BBG000C4FQG6_2021-04-21
2021-06-14 14:31:13 96      RH_BBG002293PJ4_2021-04-21
2021-06-14 14:31:13 97      RHI_BBG000BS5DR2_2021-04-21
2021-06-14 14:31:13 98      RIG_BBG000BH5LT6_2021-04-21
2021-06-14 14:31:14 00      RJF_BBG000BS73J1_2021-04-21
2021-06-14 14:31:14 01      RL_BBG000BS0ZF1_2021-04-21
2021-06-14 14:31:14 02      RMD_BBG000L4M7F1_2021-04-21
2021-06-14 14:31:14 03      RNG_BBG000J094P3_2021-04-21
2021-06-14 14:31:14 04      ROCK_BBG000BKQDQ7_2021-04-21
2021-06-14 14:31:14 05      ROG_BBG000BS9HN3_2021-04-21
2021-06-14 14:31:14 05      ROK_BBG000BBCDZ2_2021-04-21
2021-06-14 14:31:14 06      ROKU_BBG001ZZPQJ6_2021-04-21
2021-06-14 14:31:14 09      ROL_BBG000BSBBP1_2021-04-21
2021-06-14 14:31:14 10      ROLL_BBG000GMGNB3_2021-04-21
2021-06-14 14:31:14 10      ROP_BBG000F1ZSN5_2021-04-21
2021-06-14 14:31:14 11      ROST_BBG000BSBZH7_2021-04-21
2021-06-14 14:31:14 13      RPD_BBG009DFHWG6_2021-04-21
2021-06-14 14:31:14 14      RPM_BBG000DCNK80_2021-04-21
2021-06-14 14:31:14 15      RRBI_BBG000QKNLB2_2021-04-21
2021-06-14 14:31:14 15      RRC_BBG000FVXD63_2021-04-21
2021-06-14 14:31:14 16      RRGB_BBG000MXH9C1_2021-04-21
2021-06-14 14:31:14 17      RS_BBG000CJ2181_2021-04-21
2021-06-14 14:31:14 18      RSG_BBG000BPXVJ6_2021-04-21
2021-06-14 14:31:14 19      RTX_BBG000BW8S60_2021-04-21
2021-06-14 14:31:14 21      RVLV_BBG00M4RHBD0_2021-04-21
2021-06-14 14:31:14 22      RXN_BBG000H8R0N8_2021-04-21
2021-06-14 14:31:14 23      RYN_BBG000BG7L34_2021-04-21
2021-06-14 14:31:14 23      RYTM_BBG007DLZ601_2021-04-21
2021-06-14 14:31:14 24      SAFM_BBG000BSHJ96_2021-04-21
2021-06-14 14:31:14 25      SAGE_BBG0025X16Y5_2021-04-21
2021-06-14 14:31:14 25      SAIA_BBG000P5LMQ0_2021-04-21
2021-06-14 14:31:14 26      SAIC_BBG003BW05K6_2021-04-21
2021-06-14 14:31:14 27      SAIL_BBG00J0BBZL0_2021-04-21
2021-06-14 14:31:14 28      SAM_BBG000BCZBF1_2021-04-21
2021-06-14 14:31:14 28      SAVE_BBG000BF6RQ9_2021-04-21
2021-06-14 14:31:14 30      SBAC_BBG000D2M0Z7_2021-04-21
2021-06-14 14:31:14 32      SBCF_BBG000KK3464_2021-04-21
2021-06-14 14:31:14 32      SBGI_BBG000F2XXP2_2021-04-21
2021-06-14 14:31:14 33      SBH_BBG000LR8515_2021-04-21
2021-06-14 14:31:14 34      SBRA_BBG000MTDW24_2021-04-21
2021-06-14 14:31:14 35      SBUX_BBG000CTQBF3_2021-04-21
2021-06-14 14:31:14 38      SCCO_BBG000BSHH72_2021-04-21
2021-06-14 14:31:14 39      SCHW_BBG000BSLZY7_2021-04-21
2021-06-14 14:31:14 41      SCI_BBG000BTHH16_2021-04-21
2021-06-14 14:31:14 42      SCSC_BBG000BHTPZ4_2021-04-21
2021-06-14 14:31:14 43      SDGR_BBG000T88BN2_2021-04-21
2021-06-14 14:31:14 44      SEDG_BBG0084BBZY6_2021-04-21
2021-06-14 14:31:14 46      SEE_BBG000C22QV7_2021-04-21
2021-06-14 14:31:14 47      SEIC_BBG000BSQLT9_2021-04-21
2021-06-14 14:31:14 48      SERV_TCS002WMH2F2_2021-04-21
2021-06-14 14:31:14 48      SF_BBG000BSS5C0_2021-04-21
2021-06-14 14:31:14 49      SFIX_BBG0046L1KL9_2021-04-21
2021-06-14 14:31:14 50      SFM_BBG001KFKQM7_2021-04-21
2021-06-14 14:31:14 51      SGEN_BBG000BH0FR6_2021-04-21
2021-06-14 14:31:14 53      SHAK_BBG0063GCHH8_2021-04-21
2021-06-14 14:31:14 54      SHEN_BBG000BTC2N0_2021-04-21
2021-06-14 14:31:14 54      SHI_BBG000BHR1H9_2021-04-21
2021-06-14 14:31:14 55      SHW_BBG000BSXQV7_2021-04-21
2021-06-14 14:31:14 56      SIG_BBG000C4ZZ10_2021-04-21
2021-06-14 14:31:14 57      SIGI_BBG000BSZ738_2021-04-21
2021-06-14 14:31:14 57      SITE_BBG009T22D49_2021-04-21
2021-06-14 14:31:14 58      SIVB_BBG000BT0CM2_2021-04-21
2021-06-14 14:31:14 59      SJI_BBG000BT0T72_2021-04-21
2021-06-14 14:31:14 60      SJM_BBG000BT1715_2021-04-21
2021-06-14 14:31:14 61      SKM_BBG000BLN497_2021-04-21
2021-06-14 14:31:14 61      SKX_BBG000C4HKK2_2021-04-21
2021-06-14 14:31:14 62      SLAB_BBG000BB99S3_2021-04-21
2021-06-14 14:31:14 63      SLB_BBG000BT41Q8_2021-04-21
2021-06-14 14:31:14 66      SLG_BBG000BVP5P2_2021-04-21
2021-06-14 14:31:14 67      SMAR_BBG00GQK3WB5_2021-04-21
2021-06-14 14:31:14 68      SMG_BBG000BT5PG5_2021-04-21
2021-06-14 14:31:14 69      SMPL_BBG00GVP5JL4_2021-04-21
2021-06-14 14:31:14 70      SMTC_BBG000DBKR53_2021-04-21
2021-06-14 14:31:14 70      SNA_BBG000BT7JW9_2021-04-21
2021-06-14 14:31:14 71      SNAP_BBG00441QMJ7_2021-04-21
2021-06-14 14:31:14 74      SNBR_BBG000DM2BF3_2021-04-21
2021-06-14 14:31:14 75      SNBR: SPYKE!. Candle: ID:2006, Time: 20:00, Close: 123.39
2021-06-14 14:31:14 76      SNPS_BBG000BSFRF3_2021-04-21
2021-06-14 14:31:14 77      SNX_BBG000CL9JV4_2021-04-21
2021-06-14 14:31:14 78      SNY_BBG000BBD5N1_2021-04-21
2021-06-14 14:31:14 79      SO_BBG000BT9DW0_2021-04-21
2021-06-14 14:31:14 80      SOHU_BBG00L2DB535_2021-04-21
2021-06-14 14:31:14 81      SON_BBG000D7HF89_2021-04-21
2021-06-14 14:31:14 82      SONO_BBG001JZPSQ2_2021-04-21
2021-06-14 14:31:14 83      SP_BBG000BJ91B1_2021-04-21
2021-06-14 14:31:14 84      SPB@US_BBG000DS5588_2021-04-21
2021-06-14 14:31:14 85      SPCE_BBG00HTN2CQ3_2021-04-21
2021-06-14 14:31:14 96      SPG_BBG000BJ2D31_2021-04-21
2021-06-14 14:31:14 97      SPGI_BBG000BP1Q11_2021-04-21
2021-06-14 14:31:14 99      SPLK_BBG001C7TST4_2021-04-21
2021-06-14 14:31:15 01      SPOT_BBG003T4VFC2_2021-04-21
2021-06-14 14:31:15 03      SPR_BBG000PRJ2Z9_2021-04-21
2021-06-14 14:31:15 04      SPSC_BBG000PZGB75_2021-04-21
2021-06-14 14:31:15 05      SQ_BBG0018SLC07_2021-04-21
2021-06-14 14:31:15 08      SRC_BBG0027Z6X10_2021-04-21
2021-06-14 14:31:15 09      SRCL_BBG000H3FZM6_2021-04-21
2021-06-14 14:31:15 10      SRDX_BBG000BZ2QG2_2021-04-21
2021-06-14 14:31:15 11      SRE_BBG000C2ZCH8_2021-04-21
2021-06-14 14:31:15 12      SRI_BBG000BB9Q78_2021-04-21
2021-06-14 14:31:15 13      SRPT_BBG000BCJ161_2021-04-21
2021-06-14 14:31:15 14      SSD_BBG000JLC8L8_2021-04-21
2021-06-14 14:31:15 15      SSNC_BBG000RJ2J04_2021-04-21
2021-06-14 14:31:15 16      SSTK_BBG002ZCK2V9_2021-04-21
2021-06-14 14:31:15 16      STAA_BBG000C4QB95_2021-04-21
2021-06-14 14:31:15 17      STAG_BBG000BGLFP7_2021-04-21
2021-06-14 14:31:15 18      STLD_BBG000HGYNZ9_2021-04-21
2021-06-14 14:31:15 22      STMP_BBG000CZ4KF3_2021-04-21
2021-06-14 14:31:15 22      STRA_BBG000GRZDV1_2021-04-21
2021-06-14 14:31:15 23      STT_BBG000BKFBD7_2021-04-21
2021-06-14 14:31:15 25      STX_BBG000F0KF42_2021-04-21
2021-06-14 14:31:15 25      Warning: figi `BBG000F0KF42` for history data does not match actual figi `BBG0113JGQF0`. Ticker: STX. Will be used actual!
2021-06-14 14:31:15 26      STZ_BBG000J1QLT0_2021-04-21
2021-06-14 14:31:15 27      SUPN_BBG000BP0HX7_2021-04-21
2021-06-14 14:31:15 28      SWAV_BBG005XVXML5_2021-04-21
2021-06-14 14:31:15 29      SWBI_BBG000BM0QL7_2021-04-21
2021-06-14 14:31:15 29      SWCH_BBG00HPDM5Z2_2021-04-21
2021-06-14 14:31:15 30      SWI_BBG00M1CKSK7_2021-04-21
2021-06-14 14:31:15 31      SWK_BBG000BTQR96_2021-04-21
2021-06-14 14:31:15 32      SWKS_BBG000KLB4Q1_2021-04-21
2021-06-14 14:31:15 34      SWN_BBG000BTR593_2021-04-21
2021-06-14 14:31:15 36      SWX_BBG00FWP4JW4_2021-04-21
2021-06-14 14:31:15 36      SXI_BBG000BTT5B8_2021-04-21
2021-06-14 14:31:15 37      SXT_BBG000J79P80_2021-04-21
2021-06-14 14:31:15 38      SYF_BBG00658F3P3_2021-04-21
2021-06-14 14:31:15 39      SYK_BBG000DN7P92_2021-04-21
2021-06-14 14:31:15 40      SYKE_BBG000BBHPV4_2021-04-21
2021-06-14 14:31:15 41      SYNA_BBG000BQV1S2_2021-04-21
2021-06-14 14:31:15 42      SYNH_BBG0078Y1D92_2021-04-21
2021-06-14 14:31:15 43      SYY_BBG000BTVJ25_2021-04-21
2021-06-14 14:31:15 44      T_BBG000BSJK37_2021-04-21
2021-06-14 14:31:15 47      TAK_BBG000LF8708_2021-04-21
2021-06-14 14:31:15 48      TAL_BBG0016XJ8S0_2021-04-21
2021-06-14 14:31:15 49      TAP_BBG000BS7KS3_2021-04-21
2021-06-14 14:31:15 50      TCBI_BBG000DN4ZT1_2021-04-21
2021-06-14 14:31:15 52      TCMD_BBG001B12Z39_2021-04-21
2021-06-14 14:31:15 52      TCRR_BBG00FH3FM15_2021-04-21
2021-06-14 14:31:15 53      TCS_BBG005DXJS36_2021-04-21
2021-06-14 14:31:15 53      TCS: BuyPending. Strategy: MorningOpenStrategy. Price: 57.52. Lots: 4. ChangeOpenToCurrent: -3.31. ChangePrevCloseToCurrent: 0.42. Candle: ID:8, Time: 7:00, Close: 57.52.
2021-06-14 14:31:15 53      TCS: OrderID: 69ad6795. PlacedOrder. Status: New. RejectReason: 
2021-06-14 14:31:15 53      TCS: OrderID: 69ad6795 partially executed. Executed lots: 2. OrderStatus: 2/4 lots
2021-06-14 14:31:15 53      TCS: OrderID: 69ad6795 partially executed. Executed lots: 1. OrderStatus: 3/4 lots
2021-06-14 14:31:15 53      TCS: OrderID: 69ad6795 fully executed
2021-06-14 14:31:15 53      TCS: Morning closing by timeout. Close price: 56.92. Lots: 4. Profit: -0.60(-1.04%). Candle: ID:303, Time: 7:25, Close: 56.92
2021-06-14 14:31:15 53      TCS: OrderID: fc6126d9. PlacedOrder. Status: New. RejectReason: 
2021-06-14 14:31:15 53      TCS: OrderID: fc6126d9 partially executed. Executed lots: 1. OrderStatus: 1/4 lots
2021-06-14 14:31:15 53      TCS: OrderID: fc6126d9 partially executed. Executed lots: 2. OrderStatus: 3/4 lots
2021-06-14 14:31:15 54      TCS: OrderID: fc6126d9 fully executed
2021-06-14 14:31:15 54      TCX_BBG000L69KL5_2021-04-21
2021-06-14 14:31:15 55      TDC_BBG000R0L5J4_2021-04-21
2021-06-14 14:31:15 56      TDC: SPYKE!. Candle: ID:2011, Time: 20:30, Close: 44.24
2021-06-14 14:31:15 56      TDC: SPYKE!. Candle: ID:2017, Time: 20:30, Close: 50.6
2021-06-14 14:31:15 56      TDC: SPYKE!. Candle: ID:2018, Time: 20:30, Close: 48
2021-06-14 14:31:15 56      TDC: SPYKE!. Candle: ID:2020, Time: 20:30, Close: 48.09
2021-06-14 14:31:15 56      TDC: SPYKE!. Candle: ID:2021, Time: 20:30, Close: 50.6
2021-06-14 14:31:15 56      TDG_BBG000L8CBX4_2021-04-21
2021-06-14 14:31:15 57      TDOC_BBG0019T5SG0_2021-04-21
2021-06-14 14:31:15 58      TDS_BBG000BV0VK7_2021-04-21
2021-06-14 14:31:15 59      TDY_BBG000BMT9T6_2021-04-21
2021-06-14 14:31:15 60      TECH_BBG000C15114_2021-04-21
2021-06-14 14:31:15 61      TEL_BBG000RGM5P1_2021-04-21
2021-06-14 14:31:15 62      TENB_BBG00LBLCD02_2021-04-21
2021-06-14 14:31:15 63      TER_BBG000BV4DR6_2021-04-21
2021-06-14 14:31:15 65      TFC_BBG000BYYLS8_2021-04-21
2021-06-14 14:31:15 66      TFX_BBG000BV59Y6_2021-04-21
2021-06-14 14:31:15 67      TGNA_BBG000BK5DP1_2021-04-21
2021-06-14 14:31:15 68      TGT_BBG000H8TVT2_2021-04-21
2021-06-14 14:31:15 70      THG_BBG000FJH8W0_2021-04-21
2021-06-14 14:31:15 70      THO_BBG000BV6R84_2021-04-21
2021-06-14 14:31:15 71      THRM_BBG000BQLM34_2021-04-21
2021-06-14 14:31:15 72      THS_BBG000GQGJT4_2021-04-21
2021-06-14 14:31:15 72      TJX_BBG000BV8DN6_2021-04-21
2021-06-14 14:31:15 74      TKR_BBG000BV95H9_2021-04-21
2021-06-14 14:31:15 75      TMHC_BBG003PGJHP5_2021-04-21
2021-06-14 14:31:15 76      TMO_BBG000BVDLH9_2021-04-21
2021-06-14 14:31:15 77      TMUS_BBG000NDV1D4_2021-04-21
2021-06-14 14:31:15 79      TMX_BBG002WMH2F2_2021-04-21
2021-06-14 14:31:15 80      TNC_BBG000JCZJS2_2021-04-21
2021-06-14 14:31:15 80      TNDM_BBG0019V9M65_2021-04-21
2021-06-14 14:31:15 81      TNET_BBG000BR2040_2021-04-21
2021-06-14 14:31:15 82      TOL_BBG000BVHBM1_2021-04-21
2021-06-14 14:31:15 83      TPH_BBG0016YQTR5_2021-04-21
2021-06-14 14:31:15 84      TPIC_BBG0016MQ7C5_2021-04-21
2021-06-14 14:31:15 85      TPR_BBG000BY29C7_2021-04-21
2021-06-14 14:31:15 86      TPTX_BBG00NPL9WH7_2021-04-21
2021-06-14 14:31:15 87      TPX_BBG000PXGT62_2021-04-21
2021-06-14 14:31:15 88      TREE_BBG000TVRB50_2021-04-21
2021-06-14 14:31:15 89      TREX_BBG000BTGKK9_2021-04-21
2021-06-14 14:31:15 90      TRHC_BBG00BT7PPY8_2021-04-21
2021-06-14 14:31:15 91      TRIP_BBG001M8HHB7_2021-04-21
2021-06-14 14:31:15 93      TRMB_BBG000BNPS52_2021-04-21
2021-06-14 14:31:15 95      TROW_BBG000BVMPN3_2021-04-21
2021-06-14 14:31:15 96      TRU_BBG002Q7J5Z1_2021-04-21
2021-06-14 14:31:15 97      TRUP_BBG002BC7WC5_2021-04-21
2021-06-14 14:31:15 98      TRV_BBG000BJ81C1_2021-04-21
2021-06-14 14:31:15 99      TSCO_BBG000BLXZN1_2021-04-21
2021-06-14 14:31:16 00      TSLA_BBG000N9MNX3_2021-04-21
2021-06-14 14:31:16 22      TSM_BBG000BD8ZK0_2021-04-21
2021-06-14 14:31:16 26      TSN_BBG000DKCC19_2021-04-21
2021-06-14 14:31:16 26      TSS_BBG000C1JTL6_2021-04-21
2021-06-14 14:31:16 27      TT_BBG000BM6788_2021-04-21
2021-06-14 14:31:16 28      TTC_BBG000BVQRY3_2021-04-21
2021-06-14 14:31:16 30      TTD_BBG00629NGT2_2021-04-21
2021-06-14 14:31:16 31      TTEK_BBG000BYZ0Q5_2021-04-21
2021-06-14 14:31:16 32      TTM_BBG000PVGDH9_2021-04-21
2021-06-14 14:31:16 33      TTMI_BBG000BYQ0B1_2021-04-21
2021-06-14 14:31:16 33      TTWO_BBG000BS1YV5_2021-04-21
2021-06-14 14:31:16 37      TW_BBG00NK8H8T2_2021-04-21
2021-06-14 14:31:16 38      TWLO_BBG0029ZX840_2021-04-21
2021-06-14 14:31:16 39      TWNK_BBG00B6KGNN1_2021-04-21
2021-06-14 14:31:16 40      TWOU_BBG001KS9450_2021-04-21
2021-06-14 14:31:16 41      TWTR_BBG000H6HNW3_2021-04-21
2021-06-14 14:31:16 44      TXG_BBG007WX14X0_2021-04-21
2021-06-14 14:31:16 45      TXN_BBG000BVV7G1_2021-04-21
2021-06-14 14:31:16 49      TXRH_BBG000PSJMV7_2021-04-21
2021-06-14 14:31:16 50      TXT_BBG000BVVQQ8_2021-04-21
2021-06-14 14:31:16 52      TYL_BBG000BVWZF9_2021-04-21
2021-06-14 14:31:16 52      UA_BBG009DTD8H2_2021-04-21
2021-06-14 14:31:16 54      UAA_BBG000BXM6V2_2021-04-21
2021-06-14 14:31:16 55      UAL_BBG000M65M61_2021-04-21
2021-06-14 14:31:16 62      UBER_BBG002B04MT8_2021-04-21
2021-06-14 14:31:16 65      UCTT_BBG000HSLV70_2021-04-21
2021-06-14 14:31:16 66      UDR_BBG000C41023_2021-04-21
2021-06-14 14:31:16 67      UFPI_BBG000BL0T06_2021-04-21
2021-06-14 14:31:16 68      UFS_BBG000BHFHP8_2021-04-21
2021-06-14 14:31:16 69      UGI_BBG000BVYN55_2021-04-21
2021-06-14 14:31:16 69      UHS_BBG000CB8Q50_2021-04-21
2021-06-14 14:31:16 70      UI_BBG001R72SR9_2021-04-21
2021-06-14 14:31:16 71      ULTA_BBG00FWQ4VD6_2021-04-21
2021-06-14 14:31:16 72      UMBF_BBG000DD8WX1_2021-04-21
2021-06-14 14:31:16 73      UNF_BBG000BW29L1_2021-04-21
2021-06-14 14:31:16 74      UNH_BBG000CH5208_2021-04-21
2021-06-14 14:31:16 75      UNM_BBG000BW2QX0_2021-04-21
2021-06-14 14:31:16 76      UNP_BBG000BW3299_2021-04-21
2021-06-14 14:31:16 78      UNVR_BBG000BDHD29_2021-04-21
2021-06-14 14:31:16 79      UPS_BBG000L9CV04_2021-04-21
2021-06-14 14:31:16 81      UPWK_BBG00FBJ6390_2021-04-21
2021-06-14 14:31:16 82      URBN_BBG000BL79J3_2021-04-21
2021-06-14 14:31:16 83      URI_BBG000BXMFC3_2021-04-21
2021-06-14 14:31:16 84      USB_BBG000FFDM15_2021-04-21
2021-06-14 14:31:16 87      USFD_BBG00C6H6D40_2021-04-21
2021-06-14 14:31:16 88      USM_BBG000BW6P59_2021-04-21
2021-06-14 14:31:16 88      USNA_BBG000BX28M0_2021-04-21
2021-06-14 14:31:16 89      USPH_BBG000CSRSG6_2021-04-21
2021-06-14 14:31:16 89      UTHR_BBG000BV4XJ1_2021-04-21
2021-06-14 14:31:16 90      UTL_BBG000BW7X97_2021-04-21
2021-06-14 14:31:16 91      UTX_BBG0089KM290_2021-04-21
2021-06-14 14:31:16 91      V_BBG000PSKYX7_2021-04-21
2021-06-14 14:31:16 94      VAC_BBG001J2R5H3_2021-04-21
2021-06-14 14:31:16 95      VALE_BBG000BN5LG7_2021-04-21
2021-06-14 14:31:16 97      VC_BBG0016T3GQ0_2021-04-21
2021-06-14 14:31:16 98      VCEL_BBG000BDCM24_2021-04-21
2021-06-14 14:31:16 99      VCRA_BBG00179VSY7_2021-04-21
2021-06-14 14:31:16 99      VCYT_BBG001J2M542_2021-04-21
2021-06-14 14:31:17 00      VEEV_BBG001CGB489_2021-04-21
2021-06-14 14:31:17 01      VEON_BBG000QCW561_2021-04-21
2021-06-14 14:31:17 02      VFC_BBG000BWCKB6_2021-04-21
2021-06-14 14:31:17 04      VG_BBG000BRB5D9_2021-04-21
2021-06-14 14:31:17 05      VIAC_BBG000C496P7_2021-04-21
2021-06-14 14:31:17 13      VICR_BBG000C3VHF1_2021-04-21
2021-06-14 14:31:17 13      VIE_BBG00K6P5XM1_2021-04-21
2021-06-14 14:31:17 14      VIPS_BBG002NLDLV8_2021-04-21
2021-06-14 14:31:17 20      VIR_BBG00H2QQ8T5_2021-04-21
2021-06-14 14:31:17 21      VIR: SPYKE!. Candle: ID:19, Time: 7:20, Close: 45.65
2021-06-14 14:31:17 21      VIR: SPYKE!. Candle: ID:22, Time: 7:20, Close: 47.98
2021-06-14 14:31:17 22      VLO_BBG000BBGGQ1_2021-04-21
2021-06-14 14:31:17 23      VMC_BBG000BWGYF8_2021-04-21
2021-06-14 14:31:17 25      VMI_BBG000BWB7V4_2021-04-21
2021-06-14 14:31:17 25      VMW_BBG000BC9938_2021-04-21
2021-06-14 14:31:17 26      VNDA_BBG000HT5MG6_2021-04-21
2021-06-14 14:31:17 27      VNE_BBG00K4MPP27_2021-04-21
2021-06-14 14:31:17 28      VNO_BBG000BWHD54_2021-04-21
2021-06-14 14:31:17 29      VNT_BBG00RRGSJR4_2021-04-21
2021-06-14 14:31:17 30      VPG_BBG000PRQ0V9_2021-04-21
2021-06-14 14:31:17 30      VREX_BBG00CZNLR47_2021-04-21
2021-06-14 14:31:17 31      VRNS_BBG001Y04TN6_2021-04-21
2021-06-14 14:31:17 32      VRNT_BBG000BCBYT2_2021-04-21
2021-06-14 14:31:17 33      VRSK_BBG000BCZL41_2021-04-21
2021-06-14 14:31:17 34      VRSN_BBG000BGKHZ3_2021-04-21
2021-06-14 14:31:17 35      VRTS_BBG000DMFQS2_2021-04-21
2021-06-14 14:31:17 36      VRTV_BBG005XZHR97_2021-04-21
2021-06-14 14:31:17 37      VRTX_BBG000C1S2X2_2021-04-21
2021-06-14 14:31:17 38      VTR_BBG000FRVHB9_2021-04-21
2021-06-14 14:31:17 39      VTRS_BBG00Y4RQNH4_2021-04-21
2021-06-14 14:31:17 41      VZ_BBG000HS77T5_2021-04-21
2021-06-14 14:31:17 43      W_BBG001B17MV2_2021-04-21
2021-06-14 14:31:17 44      WAB_BBG000BDD940_2021-04-21
2021-06-14 14:31:17 45      WAL_BBG000Q1KFH4_2021-04-21
2021-06-14 14:31:17 46      WAT_BBG000FQRVM3_2021-04-21
2021-06-14 14:31:17 47      WB_BBG0065XPGX9_2021-04-21
2021-06-14 14:31:17 48      WBA_BBG000BWLMJ4_2021-04-21
2021-06-14 14:31:17 49      WCC_BBG000D0FNV3_2021-04-21
2021-06-14 14:31:17 50      WDAY_BBG000VC0T95_2021-04-21
2021-06-14 14:31:17 51      WDC_BBG000BWNFZ9_2021-04-21
2021-06-14 14:31:17 53      WDFC_BBG000BWNV93_2021-04-21
2021-06-14 14:31:17 54      WEC_BBG000BWP7D9_2021-04-21
2021-06-14 14:31:17 55      WELL_BBG000BKY1G5_2021-04-21
2021-06-14 14:31:17 56      WERN_BBG000BWPP85_2021-04-21
2021-06-14 14:31:17 57      WEX_BBG000BVZP59_2021-04-21
2021-06-14 14:31:17 58      WFC_BBG000BWQFY7_2021-04-21
2021-06-14 14:31:17 61      WGO_BBG000BWS3F3_2021-04-21
2021-06-14 14:31:17 62      WH_BBG00HCY3Q67_2021-04-21
2021-06-14 14:31:17 62      WHD_BBG00JRH1P95_2021-04-21
2021-06-14 14:31:17 63      WHR_BBG000BWSV34_2021-04-21
2021-06-14 14:31:17 64      WHR: SPYKE!. Candle: ID:1590, Time: 20:05, Close: 244.5
2021-06-14 14:31:17 64      WHR: SPYKE!. Candle: ID:1595, Time: 20:05, Close: 252.99
2021-06-14 14:31:17 64      WING_BBG008N298Y8_2021-04-21
2021-06-14 14:31:17 65      WK_BBG007BVZ8H9_2021-04-21
2021-06-14 14:31:17 66      WLK_BBG000PXZFW2_2021-04-21
2021-06-14 14:31:17 67      WLTW_BBG000DB3KT1_2021-04-21
2021-06-14 14:31:17 68      WM_BBG000BWVSR1_2021-04-21
2021-06-14 14:31:17 69      WMB_BBG000BWVCP8_2021-04-21
2021-06-14 14:31:17 70      WMT_BBG000BWXBC2_2021-04-21
2021-06-14 14:31:17 72      WOR_BBG000HL7499_2021-04-21
2021-06-14 14:31:17 73      WORK_BBG007G7V505_2021-04-21
2021-06-14 14:31:17 74      WRB_BBG000BD1HP2_2021-04-21
2021-06-14 14:31:17 75      WRK_BBG008NXC572_2021-04-21
2021-06-14 14:31:17 76      WRLD_BBG000C3G9J2_2021-04-21
2021-06-14 14:31:17 76      WSC_BBG00B0FS947_2021-04-21
2021-06-14 14:31:17 77      WSM_BBG000FSMWC3_2021-04-21
2021-06-14 14:31:17 78      WSO_BBG000DJN7L9_2021-04-21
2021-06-14 14:31:17 79      WST_BBG000BX24N8_2021-04-21
2021-06-14 14:31:17 79      WST: SPYKE!. Candle: ID:3, Time: 12:50, Close: 320.43
2021-06-14 14:31:17 80      WTFC_BBG000HD3DW5_2021-04-21
2021-06-14 14:31:17 81      WTS_BBG000C4Z6C2_2021-04-21
2021-06-14 14:31:17 81      WTTR_BBG00G4Y2DC1_2021-04-21
2021-06-14 14:31:17 82      WU_BBG000BB5373_2021-04-21
2021-06-14 14:31:17 83      WWD_BBG000BD53V2_2021-04-21
2021-06-14 14:31:17 84      WWE_BBG000F5YH15_2021-04-21
2021-06-14 14:31:17 85      WWW_BBG000BX2YN2_2021-04-21
2021-06-14 14:31:17 85      WY_BBG000BX3BL3_2021-04-21
2021-06-14 14:31:17 87      WYNN_BBG000LD9JQ8_2021-04-21
2021-06-14 14:31:17 89      XEC_BBG000D6L294_2021-04-21
2021-06-14 14:31:17 90      XEL_BBG000BCTQ65_2021-04-21
2021-06-14 14:31:17 92      XLNX_BBG000C0F570_2021-04-21
2021-06-14 14:31:17 94      XLRN_BBG000R5HWZ1_2021-04-21
2021-06-14 14:31:17 95      XNCR_BBG0026ZG4W0_2021-04-21
2021-06-14 14:31:17 95      XOM_BBG000GZQ728_2021-04-21
2021-06-14 14:31:17 99      XPO_BBG000L5CJF3_2021-04-21
2021-06-14 14:31:18 00      XRAY_BBG000BX57K1_2021-04-21
2021-06-14 14:31:18 02      XRX_BBG00NNG2ZJ8_2021-04-21
2021-06-14 14:31:18 03      XYL_BBG001D8R5D0_2021-04-21
2021-06-14 14:31:18 04      Y_BBG000BX6BJ3_2021-04-21
2021-06-14 14:31:18 05      YELP_BBG000Q2HM09_2021-04-21
2021-06-14 14:31:18 05      YETI_BBG00D8JC882_2021-04-21
2021-06-14 14:31:18 06      YEXT_BBG001MKZGY7_2021-04-21
2021-06-14 14:31:18 07      YUM_BBG000BH3GZ2_2021-04-21
2021-06-14 14:31:18 08      YUMC_BBG00B8N0HG1_2021-04-21
2021-06-14 14:31:18 09      YY_BBG003H0XV18_2021-04-21
2021-06-14 14:31:18 10      Z_BBG009NRSWJ4_2021-04-21
2021-06-14 14:31:18 12      ZBH_BBG000BKPL53_2021-04-21
2021-06-14 14:31:18 13      ZBRA_BBG000CC7LQ7_2021-04-21
2021-06-14 14:31:18 14      ZEN_BBG001HRFJG4_2021-04-21
2021-06-14 14:31:18 15      ZG_BBG000D13GN8_2021-04-21
2021-06-14 14:31:18 16      ZGNX_BBG000VDC3G9_2021-04-21
2021-06-14 14:31:18 17      ZI_BBG00S1HJ3M8_2021-04-21
2021-06-14 14:31:18 18      ZION_BBG000BX9WL1_2021-04-21
2021-06-14 14:31:18 20      ZM_BBG0042V6JM8_2021-04-21
2021-06-14 14:31:18 22      ZNH_BBG000BXQ7R1_2021-04-21
2021-06-14 14:31:18 23      ZS_BBG003338H34_2021-04-21
2021-06-14 14:31:18 24      ZTS_BBG0039320N9_2021-04-21
2021-06-14 14:31:18 25      ZUMZ_BBG000PYX812_2021-04-21
2021-06-14 14:31:18 26      ZUO_BBG000BT3HG5_2021-04-21
2021-06-14 14:31:18 27      ZYNE_BBG007BBS8B7_2021-04-21
2021-06-14 14:31:18 31      ZYNE: SPYKE!. Candle: ID:16588, Time: 19:50, Close: 4.45
2021-06-14 14:31:18 31      ZYNE: SPYKE!. Candle: ID:16623, Time: 19:50, Close: 4.5
2021-06-14 14:31:18 31      ZYNE: SPYKE!. Candle: ID:16736, Time: 19:50, Close: 4.51
2021-06-14 14:31:18 31      ZYNE: SPYKE!. Candle: ID:16737, Time: 19:50, Close: 4.51
2021-06-14 14:31:18 31      ZYNE: SPYKE!. Candle: ID:16777, Time: 19:50, Close: 4.51
2021-06-14 14:31:18 31      ZYNE: SPYKE!. Candle: ID:16778, Time: 19:50, Close: 4.51
2021-06-14 14:31:18 31      ZYNE: SPYKE!. Candle: ID:16837, Time: 19:50, Close: 4.42
2021-06-14 14:31:18 32      ZYNE: SPYKE!. Candle: ID:20519, Time: 20:00, Close: 4.41
2021-06-14 14:31:18 32      ZYXI_BBG000BJBXZ2_2021-04-21
2021-06-14 14:31:18 34      Total candles read: 3670873
2021-06-14 14:31:18 34      Start DisposeAsync...
2021-06-14 14:31:18 34      Trade statistic. Total/Pos/Neg/(ratio): 3/1/2/(0.5); Profit: -1.79/-0.60; Volume: 0; MaxVolume: 477.40; Commission: 0.697215;
2021-06-14 14:31:18 35      BaseBot::DisposeAsync...
2021-06-14 14:31:18 35      BaseBot::DisposeAsync done!
2021-06-14 14:31:18 35      End DisposeAsync...
