2021-07-04 23:34:07 29      mode=TestTradeBot;CopyDDDDData=true;DumpQuotes=false;SubscribeQuotes=false;Strategies=MorningOpenStrategy;Token=token.txt;ConfigPath=usd.json;OutputFolder=.\new\;CandlesPath=C:\tinkoff\TestData\RawQuotes\5m\uncompressed\quotes_2021-04-20;
2021-07-04 23:34:07 29      Trade bot created
2021-07-04 23:34:07 31      Fake connection created
2021-07-04 23:34:07 43      Loaded 142 liquid instruments
2021-07-04 23:34:08 11      List of disabled tickers: 
2021-07-04 23:34:08 12      A_BBG000C2V3D6_2021-04-20
2021-07-04 23:34:08 17      AA_BBG00B3T3HD3_2021-04-20
2021-07-04 23:34:08 21      AAL_BBG005P7Q881_2021-04-20
2021-07-04 23:34:08 31      AAN_BBG00WCNDCZ6_2021-04-20
2021-07-04 23:34:08 32      AAON_BBG000C2LZP3_2021-04-20
2021-07-04 23:34:08 33      AAP_BBG000F7RCJ1_2021-04-20
2021-07-04 23:34:08 34      AAPL_BBG000B9XRY4_2021-04-20
2021-07-04 23:34:08 66      ABBV_BBG0025Y4RY4_2021-04-20
2021-07-04 23:34:08 70      ABC_BBG000MDCQC2_2021-04-20
2021-07-04 23:34:08 71      ABG_BBG000BKDWB5_2021-04-20
2021-07-04 23:34:08 72      ABMD_BBG000C101X4_2021-04-20
2021-07-04 23:34:08 73      ABNB_BBG001Y2XS07_2021-04-20
2021-07-04 23:34:08 77      ABT_BBG000B9ZXB4_2021-04-20
2021-07-04 23:34:08 82      ACAD_BBG000BHG9K0_2021-04-20
2021-07-04 23:34:08 86      ACH_BBG000CMRVH1_2021-04-20
2021-07-04 23:34:08 86      ACH: SPYKE!. Candle: ID:209, Time: 5:45, Close: 12.43
2021-07-04 23:34:08 87      ACM_BBG000F61RJ8_2021-04-20
2021-07-04 23:34:08 88      ACMR_BBG00HPSG933_2021-04-20
2021-07-04 23:34:08 89      ACN_BBG000D9D830_2021-04-20
2021-07-04 23:34:08 91      ADBE_BBG000BB5006_2021-04-20
2021-07-04 23:34:08 95      ADM_BBG000BB6WG8_2021-04-20
2021-07-04 23:34:08 97      ADP_BBG000JG0547_2021-04-20
2021-07-04 23:34:08 99      ADPT_BBG001J2PFF5_2021-04-20
2021-07-04 23:34:09 00      ADS_BBG000BFNR17_2021-04-20
2021-07-04 23:34:09 01      ADSK_BBG000BM7HL0_2021-04-20
2021-07-04 23:34:09 03      ADUS_BBG000NJGX84_2021-04-20
2021-07-04 23:34:09 04      AEE_BBG000B9X8C0_2021-04-20
2021-07-04 23:34:09 06      AEIS_BBG000FKMP26_2021-04-20
2021-07-04 23:34:09 07      AEO_BBG000BGXZB5_2021-04-20
2021-07-04 23:34:09 09      AERI_BBG001KJ7WJ5_2021-04-20
2021-07-04 23:34:09 10      AES_BBG000C23KJ3_2021-04-20
2021-07-04 23:34:09 11      AFG_BBG000DPKKK0_2021-04-20
2021-07-04 23:34:09 12      AFL_BBG000BBBNC6_2021-04-20
2021-07-04 23:34:09 13      AGCO_BBG000DCCZW2_2021-04-20
2021-07-04 23:34:09 14      AGIO_BBG000QY4ZD0_2021-04-20
2021-07-04 23:34:09 15      AIG_BBG000BBDZG3_2021-04-20
2021-07-04 23:34:09 17      AIR_BBG000BBGQF1_2021-04-20
2021-07-04 23:34:09 18      AIRC_BBG00XK3WVD0_2021-04-20
2021-07-04 23:34:09 19      AIT_BBG000BBHHP9_2021-04-20
2021-07-04 23:34:09 20      AIV_BBG000DD3510_2021-04-20
2021-07-04 23:34:09 21      AIZ_BBG000BZX1N5_2021-04-20
2021-07-04 23:34:09 22      AJG_BBG000BBHXQ3_2021-04-20
2021-07-04 23:34:09 23      AJRD_BBG000BKRHQ7_2021-04-20
2021-07-04 23:34:09 24      AKAM_BBG000BJQWD2_2021-04-20
2021-07-04 23:34:09 26      ALB_BBG000BJ26K7_2021-04-20
2021-07-04 23:34:09 28      ALGN_BBG000BRNLL2_2021-04-20
2021-07-04 23:34:09 29      ALGT_BBG000LJS6B8_2021-04-20
2021-07-04 23:34:09 31      ALK_BBG000BBL0Y1_2021-04-20
2021-07-04 23:34:09 32      ALL_BBG000BVMGF2_2021-04-20
2021-07-04 23:34:09 33      ALLE_BBG003PS7JV1_2021-04-20
2021-07-04 23:34:09 35      ALLK_BBG003QBJKN0_2021-04-20
2021-07-04 23:34:09 36      ALLO_BBG00KHRRDX3_2021-04-20
2021-07-04 23:34:09 37      ALLY_BBG000BC2R71_2021-04-20
2021-07-04 23:34:09 39      ALNY_BBG000BFGNJ5_2021-04-20
2021-07-04 23:34:09 40      ALRM_BBG007GNPYY7_2021-04-20
2021-07-04 23:34:09 41      ALSN_BBG001KY3845_2021-04-20
2021-07-04 23:34:09 42      ALTR_BBG000PN9NB9_2021-04-20
2021-07-04 23:34:09 43      ALXN_BBG000G30YX4_2021-04-20
2021-07-04 23:34:09 46      AMAT_BBG000BBPFB9_2021-04-20
2021-07-04 23:34:09 54      AMCX_BBG000H01H92_2021-04-20
2021-07-04 23:34:09 55      AMD_BBG000BBQCY0_2021-04-20
2021-07-04 23:34:09 70      AME_BBG000B9XG87_2021-04-20
2021-07-04 23:34:09 71      AMED_BBG000B9ZV28_2021-04-20
2021-07-04 23:34:09 71      AMG_BBG000C060M4_2021-04-20
2021-07-04 23:34:09 72      AMGN_BBG000BBS2Y0_2021-04-20
2021-07-04 23:34:09 74      AMN_BBG000BCT197_2021-04-20
2021-07-04 23:34:09 75      AMP_BBG000G3QLY3_2021-04-20
2021-07-04 23:34:09 76      AMT_BBG000B9XYV2_2021-04-20
2021-07-04 23:34:09 79      AMWD_BBG000BBX657_2021-04-20
2021-07-04 23:34:09 80      AMZN_BBG000BVPV84_2021-04-20
2021-07-04 23:34:09 84      AN_BBG000BBXLW4_2021-04-20
2021-07-04 23:34:09 85      ANAB_BBG0026ZDHR0_2021-04-20
2021-07-04 23:34:09 87      ANDE_BBG000BF8CN3_2021-04-20
2021-07-04 23:34:09 87      ANET_BBG000N2HDY5_2021-04-20
2021-07-04 23:34:09 88      ANF_BBG000H9G7X2_2021-04-20
2021-07-04 23:34:09 90      ANGI_BBG00HVKH3Q0_2021-04-20
2021-07-04 23:34:09 91      ANIK_BBG000BBKZD8_2021-04-20
2021-07-04 23:34:09 92      ANIP_BBG000KK1L04_2021-04-20
2021-07-04 23:34:09 93      ANSS_BBG000GXZ4W7_2021-04-20
2021-07-04 23:34:09 94      ANTM_BBG000BCG930_2021-04-20
2021-07-04 23:34:09 95      AON_BBG00SSQFPK6_2021-04-20
2021-07-04 23:34:09 98      AOS_BBG000BC1L02_2021-04-20
2021-07-04 23:34:09 99      AOUT_BBG00QV8FS02_2021-04-20
2021-07-04 23:34:10 00      APA_BBG00YTS96G2_2021-04-20
2021-07-04 23:34:10 03      APD_BBG000BC4JJ4_2021-04-20
2021-07-04 23:34:10 04      APEI_BBG000RVD346_2021-04-20
2021-07-04 23:34:10 05      APH_BBG000B9YJ35_2021-04-20
2021-07-04 23:34:10 06      APLE_BBG006473QX9_2021-04-20
2021-07-04 23:34:10 07      APLT_BBG000DD0489_2021-04-20
2021-07-04 23:34:10 08      APPF_BBG008GC8CP6_2021-04-20
2021-07-04 23:34:10 09      APPN_BBG001C7PMJ2_2021-04-20
2021-07-04 23:34:10 10      APPS_BBG000HZ3562_2021-04-20
2021-07-04 23:34:10 14      APTV_BBG001QD41M9_2021-04-20
2021-07-04 23:34:10 16      ARCC_BBG000PD6X77_2021-04-20
2021-07-04 23:34:10 17      ARCT_BBG00NNW8JK1_2021-04-20
2021-07-04 23:34:10 19      ARE_BBG000BC33T9_2021-04-20
2021-07-04 23:34:10 20      ARMK_BBG001KY4N87_2021-04-20
2021-07-04 23:34:10 21      ARNA_BBG000BKXBV7_2021-04-20
2021-07-04 23:34:10 22      ARNC_BBG00R45JYB7_2021-04-20
2021-07-04 23:34:10 23      ARQT_BBG00QN8K4M4_2021-04-20
2021-07-04 23:34:10 24      ARVN_BBG00LW7YK82_2021-04-20
2021-07-04 23:34:10 24      ARVN: SPYKE!. Candle: ID:10, Time: 13:30, Close: 61.82
2021-07-04 23:34:10 25      ARW_BBG000BCD3D5_2021-04-20
2021-07-04 23:34:10 26      ARWR_BBG000BRVKH0_2021-04-20
2021-07-04 23:34:10 27      ASGN_BBG000CRN8N8_2021-04-20
2021-07-04 23:34:10 28      ASH_BBG00D0Y81M1_2021-04-20
2021-07-04 23:34:10 29      ASIX_BBG00CWTTQ41_2021-04-20
2021-07-04 23:34:10 30      ATEX_BBG0081NLHR0_2021-04-20
2021-07-04 23:34:10 31      ATGE_BBG000DQBZJ7_2021-04-20
2021-07-04 23:34:10 32      ATKR_BBG000QTFDQ4_2021-04-20
2021-07-04 23:34:10 33      ATR_BBG000BGX2S0_2021-04-20
2021-07-04 23:34:10 33      ATRA_BBG005Q3MQY4_2021-04-20
2021-07-04 23:34:10 35      ATRC_BBG000BL6CB5_2021-04-20
2021-07-04 23:34:10 35      ATRI_BBG000DTT624_2021-04-20
2021-07-04 23:34:10 36      ATRO_BBG000BCLBY5_2021-04-20
2021-07-04 23:34:10 37      ATUS_BBG00GFMPRK0_2021-04-20
2021-07-04 23:34:10 39      ATVI_BBG000CVWGS6_2021-04-20
2021-07-04 23:34:10 42      AVAV_BBG000GX14P2_2021-04-20
2021-07-04 23:34:10 43      AVB_BBG000BLPBL5_2021-04-20
2021-07-04 23:34:10 45      AVGO_BBG00KHY5S69_2021-04-20
2021-07-04 23:34:10 48      AVLR_BBG000R4Y9C1_2021-04-20
2021-07-04 23:34:10 49      AVNS_BBG005L86G05_2021-04-20
2021-07-04 23:34:10 49      AVNT_BBG000C8NJ10_2021-04-20
2021-07-04 23:34:10 50      AVTR_BBG00G2HHYD7_2021-04-20
2021-07-04 23:34:10 52      AVY_BBG000BCQ4P6_2021-04-20
2021-07-04 23:34:10 53      AWI_BBG000DW4LB1_2021-04-20
2021-07-04 23:34:10 54      AWK_BBG000TRJ294_2021-04-20
2021-07-04 23:34:10 55      AWR_BBG000F964B6_2021-04-20
2021-07-04 23:34:10 55      AX_BBG000QPHD08_2021-04-20
2021-07-04 23:34:10 56      AXGN_BBG000BN46R9_2021-04-20
2021-07-04 23:34:10 57      AXP_BBG000BCQZS4_2021-04-20
2021-07-04 23:34:10 59      AXSM_BBG00B6G7GL7_2021-04-20
2021-07-04 23:34:10 60      AYI_BBG000BJ5HK0_2021-04-20
2021-07-04 23:34:10 60      AYX_BBG000BGZT72_2021-04-20
2021-07-04 23:34:10 63      AZO_BBG000C7LMS8_2021-04-20
2021-07-04 23:34:10 64      AZPN_BBG000DFMXT3_2021-04-20
2021-07-04 23:34:10 64      BA_BBG000BCSST7_2021-04-20
2021-07-04 23:34:10 71      BABA_BBG006G2JVL2_2021-04-20
2021-07-04 23:34:10 82      BAC_BBG000BCTLF6_2021-04-20
2021-07-04 23:34:10 88      BAH_BBG000R2YFG7_2021-04-20
2021-07-04 23:34:10 89      BAND_BBG001K003W2_2021-04-20
2021-07-04 23:34:10 90      BAX_BBG000BCVJ77_2021-04-20
2021-07-04 23:34:10 91      BBIO_BBG00P9KDZK6_2021-04-20
2021-07-04 23:34:10 92      BBSI_BBG000BHJSC4_2021-04-20
2021-07-04 23:34:10 93      BBY_BBG000BCWCG1_2021-04-20
2021-07-04 23:34:10 94      BBBY_BBG000CSY9H9_2021-04-20
2021-07-04 23:34:10 98      BC_BBG000BCWSS3_2021-04-20
2021-07-04 23:34:10 99      BCO_BBG000DR5QP5_2021-04-20
2021-07-04 23:34:11 00      BCPC_BBG000BCY878_2021-04-20
2021-07-04 23:34:11 00      BDC_BBG000Q4XNV1_2021-04-20
2021-07-04 23:34:11 01      BDTX_BBG00MS4Y0W9_2021-04-20
2021-07-04 23:34:11 02      BDX_BBG000BCZYD3_2021-04-20
2021-07-04 23:34:11 03      BECN_BBG000BKTXF2_2021-04-20
2021-07-04 23:34:11 04      BEN_BBG000BD0TF8_2021-04-20
2021-07-04 23:34:11 06      BERY_BBG000Q1R1Y9_2021-04-20
2021-07-04 23:34:11 07      BF.B_BBG000BD2NY8_2021-04-20
2021-07-04 23:34:11 08      BFAM_BBG003LFWP05_2021-04-20
2021-07-04 23:34:11 09      BFYT_BBG003QRSQD3_2021-04-20
2021-07-04 23:34:11 09      BGS_BBG000RKXRQ1_2021-04-20
2021-07-04 23:34:11 10      BH_BBG00JPRDQH1_2021-04-20
2021-07-04 23:34:11 11      BHF_BBG00DYPZ4T0_2021-04-20
2021-07-04 23:34:11 12      BIDU_BBG000QXWHD1_2021-04-20
2021-07-04 23:34:11 19      BIG_BBG000J0D904_2021-04-20
2021-07-04 23:34:11 20      BIIB_BBG000C17X76_2021-04-20
2021-07-04 23:34:11 23      BILI_BBG00K7T3037_2021-04-20
2021-07-04 23:34:11 30      BILL_BBG00QVJV6V4_2021-04-20
2021-07-04 23:34:11 32      BIO_BBG000DY28W5_2021-04-20
2021-07-04 23:34:11 33      BJRI_BBG000H9LNX1_2021-04-20
2021-07-04 23:34:11 34      BK_BBG000BD8PN9_2021-04-20
2021-07-04 23:34:11 38      BKI_BBG00GX77LW3_2021-04-20
2021-07-04 23:34:11 39      BKNG_BBG000BLBVN4_2021-04-20
2021-07-04 23:34:11 42      BKR_BBG00GBVBK51_2021-04-20
2021-07-04 23:34:11 44      BL_BBG0029KJVB0_2021-04-20
2021-07-04 23:34:11 46      BLD_BBG0077VS2C0_2021-04-20
2021-07-04 23:34:11 46      BLDR_BBG000BKD3K9_2021-04-20
2021-07-04 23:34:11 49      BLK_BBG000C2PW58_2021-04-20
2021-07-04 23:34:11 51      BLKB_BBG000BGGTW5_2021-04-20
2021-07-04 23:34:11 52      BLL_BBG000BDDNH5_2021-04-20
2021-07-04 23:34:11 53      BLUE_BBG000QGWY50_2021-04-20
2021-07-04 23:34:11 54      BLUE: SPYKE!. Candle: ID:387, Time: 11:30, Close: 28.99
2021-07-04 23:34:11 54      BLUE: SPYKE!. Candle: ID:389, Time: 11:30, Close: 29.28
2021-07-04 23:34:11 54      BLUE: SPYKE!. Candle: ID:391, Time: 11:30, Close: 29.96
2021-07-04 23:34:11 55      BMI_BBG000BDGHD9_2021-04-20
2021-07-04 23:34:11 56      BMRN_BBG000CZWZ05_2021-04-20
2021-07-04 23:34:11 58      BMY_BBG000DQLV23_2021-04-20
2021-07-04 23:34:11 62      BOH_BBG000C8D8G9_2021-04-20
2021-07-04 23:34:11 63      BOKF_BBG000CFZ003_2021-04-20
2021-07-04 23:34:11 64      BOOT_BBG0077SYZV6_2021-04-20
2021-07-04 23:34:11 65      BOX_BBG000PMSK08_2021-04-20
2021-07-04 23:34:11 67      BPMC_BBG001MC8YF7_2021-04-20
2021-07-04 23:34:11 68      BR_BBG000PPFKQ7_2021-04-20
2021-07-04 23:34:11 69      BRC_BBG000BDNV95_2021-04-20
2021-07-04 23:34:11 70      BRK.B_BBG000DWG505_2021-04-20
2021-07-04 23:34:11 72      BRKR_BBG000CL1FG7_2021-04-20
2021-07-04 23:34:11 74      BRO_BBG000BWSGF4_2021-04-20
2021-07-04 23:34:11 75      BSX_BBG000C0LW92_2021-04-20
2021-07-04 23:34:11 78      BTAI_BBG00K20GVD2_2021-04-20
2021-07-04 23:34:11 79      BTI_BBG000BWPXQ8_2021-04-20
2021-07-04 23:34:11 84      BUD_BBG000RYC984_2021-04-20
2021-07-04 23:34:11 84      BUD: BuyPending. Strategy: MorningOpenStrategy. Price: 67. Lots: 3. ChangeOpenToCurrent: -2.22. ChangePrevCloseToCurrent: -2.55. Candle: ID:9, Time: 7:00, Close: 67.
2021-07-04 23:34:11 85      BUD: OrderID: 73cfe32e. PlacedOrder. Status: New. RejectReason: 
2021-07-04 23:34:11 85      BUD: OrderID: 73cfe32e partially executed. Executed lots: 2. OrderStatus: 2/3 lots
2021-07-04 23:34:11 85      BUD: Morning closing. Close price: 68.39. Lots: 2. CandleChange: -0.03%. ChangeFromCandleHigh: -0.03%. Profit: 1.39(2.07%). Candle: ID:24, Time: 7:05, Close: 68.39
2021-07-04 23:34:11 85      BUD: OrderID: 2d4abc21. PlacedOrder. Status: New. RejectReason: 
2021-07-04 23:34:11 85      BUD: OrderID: 73cfe32e automatically canceling...
2021-07-04 23:34:11 85      BUD: OrderID: 2d4abc21 fully executed
2021-07-04 23:34:11 86      OrderID: 73cfe32e successfully canceled
2021-07-04 23:34:11 87      BURL_BBG004S641N5_2021-04-20
2021-07-04 23:34:11 88      BWA_BBG000BJ49H3_2021-04-20
2021-07-04 23:34:11 90      BWXT_BBG000D86F25_2021-04-20
2021-07-04 23:34:11 91      BX_BBG000BH0106_2021-04-20
2021-07-04 23:34:11 92      BXP_BBG000BS5CM9_2021-04-20
2021-07-04 23:34:11 94      BYND_BBG003CVJP50_2021-04-20
2021-07-04 23:34:11 96      BZUN_BBG008HNS333_2021-04-20
2021-07-04 23:34:11 98      C_BBG000FY4S11_2021-04-20
2021-07-04 23:34:12 04      CABO_BBG000F02T51_2021-04-20
2021-07-04 23:34:12 05      CACC_BBG000CS0D96_2021-04-20
2021-07-04 23:34:12 06      CAG_BBG000BDXGP9_2021-04-20
2021-07-04 23:34:12 07      CAH_BBG000D898T9_2021-04-20
2021-07-04 23:34:12 08      CALM_BBG000CDMJW6_2021-04-20
2021-07-04 23:34:12 09      CARA_BBG001J2QYS9_2021-04-20
2021-07-04 23:34:12 10      CARG_BBG00HQ77DS2_2021-04-20
2021-07-04 23:34:12 11      CARR_BBG00RP5HYS8_2021-04-20
2021-07-04 23:34:12 13      CARS_BBG000HGTH33_2021-04-20
2021-07-04 23:34:12 14      CASY_BBG000BF0672_2021-04-20
2021-07-04 23:34:12 15      CAT_BBG000BF0K17_2021-04-20
2021-07-04 23:34:12 17      CB_BBG000BR14K5_2021-04-20
2021-07-04 23:34:12 18      CBRE_BBG000C04224_2021-04-20
2021-07-04 23:34:12 20      CBRL_BBG000BF33K1_2021-04-20
2021-07-04 23:34:12 21      CBSH_BBG000BF3G77_2021-04-20
2021-07-04 23:34:12 22      CBU_BBG000BF4D19_2021-04-20
2021-07-04 23:34:12 23      CCI_BBG000FV1Z23_2021-04-20
2021-07-04 23:34:12 24      CCK_BBG000BF6756_2021-04-20
2021-07-04 23:34:12 26      CCL_BBG000BF6LY3_2021-04-20
2021-07-04 23:34:12 31      CCOI_BBG000D0SMY8_2021-04-20
2021-07-04 23:34:12 32      CCXI_BBG000PTSB12_2021-04-20
2021-07-04 23:34:12 33      CDK_BBG006B6PVN9_2021-04-20
2021-07-04 23:34:12 37      CDLX_BBG00225ZDD0_2021-04-20
2021-07-04 23:34:12 38      CDNA_BBG006JS5785_2021-04-20
2021-07-04 23:34:12 39      CDNS_BBG000C13CD9_2021-04-20
2021-07-04 23:34:12 41      CDW_BBG001P63B80_2021-04-20
2021-07-04 23:34:12 42      CE_BBG000JYP7L8_2021-04-20
2021-07-04 23:34:12 43      CEA_BBG000BCFNR4_2021-04-20
2021-07-04 23:34:12 44      CENT_BBG000BFD605_2021-04-20
2021-07-04 23:34:12 44      CENTA_BBG000KTYB56_2021-04-20
2021-07-04 23:34:12 45      CERN_BBG000BFDLV8_2021-04-20
2021-07-04 23:34:12 47      CEVA_BBG000BN3P07_2021-04-20
2021-07-04 23:34:12 48      CF_BBG000BWJFZ4_2021-04-20
2021-07-04 23:34:12 49      CFG_BBG006Q0HY77_2021-04-20
2021-07-04 23:34:12 52      CFR_BBG000C2PL98_2021-04-20
2021-07-04 23:34:12 53      CFX_BBG000C5Z443_2021-04-20
2021-07-04 23:34:12 55      CGEN_BBG000B9ZLB0_2021-04-20
2021-07-04 23:34:12 56      CGNX_BBG000BPBVW5_2021-04-20
2021-07-04 23:34:12 57      CHD_BBG000BFJT36_2021-04-20
2021-07-04 23:34:12 58      CHDN_BBG000BGXMG9_2021-04-20
2021-07-04 23:34:12 59      CHE_BBG000C19QW1_2021-04-20
2021-07-04 23:34:12 60      CHEF_BBG001MFW6D6_2021-04-20
2021-07-04 23:34:12 61      CHGG_BBG0014XR0N5_2021-04-20
2021-07-04 23:34:12 63      CHH_BBG000BPBTL2_2021-04-20
2021-07-04 23:34:12 63      CHKP_BBG000K82ZT8_2021-04-20
2021-07-04 23:34:12 66      CHNG_BBG0059KNH10_2021-04-20
2021-07-04 23:34:12 67      CHRW_BBG000BTCH57_2021-04-20
2021-07-04 23:34:12 68      CHTR_BBG000VPGNR2_2021-04-20
2021-07-04 23:34:12 70      CHWY_BBG00P19DKZ6_2021-04-20
2021-07-04 23:34:12 73      CHX_BBG00JH9TZ56_2021-04-20
2021-07-04 23:34:12 75      CI_BBG00KXRCDP0_2021-04-20
2021-07-04 23:34:12 76      CIEN_BBG000BP1152_2021-04-20
2021-07-04 23:34:12 78      CINF_BBG000BFPK65_2021-04-20
2021-07-04 23:34:12 79      CL_BBG000BFQYY3_2021-04-20
2021-07-04 23:34:12 82      CLDR_BBG000DRJFC8_2021-04-20
2021-07-04 23:34:12 83      CLDT_BBG000PT6BR8_2021-04-20
2021-07-04 23:34:12 84      CLF_BBG000BFRF55_2021-04-20
2021-07-04 23:34:12 87      CLGX_BBG000C2H3F0_2021-04-20
2021-07-04 23:34:12 88      CLH_BBG000BFRRX8_2021-04-20
2021-07-04 23:34:12 89      CLR_BBG000BHBGN6_2021-04-20
2021-07-04 23:34:12 90      CLX_BBG000BFS7D3_2021-04-20
2021-07-04 23:34:12 92      CMA_BBG000C75N77_2021-04-20
2021-07-04 23:34:12 95      CMC_BBG000BFSND8_2021-04-20
2021-07-04 23:34:12 96      CMCO_BBG000BCWWV0_2021-04-20
2021-07-04 23:34:12 96      CMCSA_BBG000BFT2L4_2021-04-20
2021-07-04 23:34:13 00      CME_BBG000BHLYP4_2021-04-20
2021-07-04 23:34:13 02      CMG_BBG000QX74T1_2021-04-20
2021-07-04 23:34:13 03      CMI_BBG000BGPTV6_2021-04-20
2021-07-04 23:34:13 04      CMP_BBG000C42WS4_2021-04-20
2021-07-04 23:34:13 05      CMS_BBG000BFVXX0_2021-04-20
2021-07-04 23:34:13 07      CNC_BBG000BDXCJ5_2021-04-20
2021-07-04 23:34:13 09      CNK_BBG000QDVR53_2021-04-20
2021-07-04 23:34:13 11      CNK: BuyPending. Strategy: MorningOpenStrategy. Price: 21.87. Lots: 11. ChangeOpenToCurrent: -2.10. ChangePrevCloseToCurrent: -0.27. Candle: ID:4, Time: 4:00, Close: 21.87.
2021-07-04 23:34:13 11      CNK: OrderID: 858c84fb. PlacedOrder. Status: New. RejectReason: 
2021-07-04 23:34:13 11      CNK: OrderID: 858c84fb partially executed. Executed lots: 4. OrderStatus: 4/11 lots
2021-07-04 23:34:13 11      CNK: Morning closing by timeout. Close price: 22.04. Lots: 4. Profit: 0.17(0.78%). Candle: ID:43, Time: 4:30, Close: 22.04
2021-07-04 23:34:13 11      CNK: OrderID: 3465751b. PlacedOrder. Status: New. RejectReason: 
2021-07-04 23:34:13 11      CNK: OrderID: 858c84fb automatically canceling...
2021-07-04 23:34:13 11      CNK: OrderID: 3465751b partially executed. Executed lots: 1. OrderStatus: 1/4 lots
2021-07-04 23:34:13 11      OrderID: 858c84fb successfully canceled
2021-07-04 23:34:13 11      CNK: OrderID: 3465751b fully executed
2021-07-04 23:34:13 13      CNP_BBG000FDBX90_2021-04-20
2021-07-04 23:34:13 15      CNS_BBG000BB0WG4_2021-04-20
2021-07-04 23:34:13 15      CNST_BBG000R1H6P8_2021-04-20
2021-07-04 23:34:13 16      CNXC_BBG00RCNQMX3_2021-04-20
2021-07-04 23:34:13 17      CNXN_BBG000BX74M4_2021-04-20
2021-07-04 23:34:13 18      COF_BBG000BGKTF9_2021-04-20
2021-07-04 23:34:13 20      COG_BBG000C3GN47_2021-04-20
2021-07-04 23:34:13 22      COHR_BBG000BG1DH3_2021-04-20
2021-07-04 23:34:13 23      COKE_BBG000BG1SX2_2021-04-20
2021-07-04 23:34:13 24      COLM_BBG000BKKQ84_2021-04-20
2021-07-04 23:34:13 25      CONE_BBG0038V5TX1_2021-04-20
2021-07-04 23:34:13 26      COO_BBG000BG3445_2021-04-20
2021-07-04 23:34:13 27      COP_BBG000BQQH30_2021-04-20
2021-07-04 23:34:13 31      CORR_BBG000CN80Y9_2021-04-20
2021-07-04 23:34:13 33      CORT_BBG000BKJG33_2021-04-20
2021-07-04 23:34:13 34      COST_BBG000F6H8W8_2021-04-20
2021-07-04 23:34:13 37      COTY_BBG000F395V1_2021-04-20
2021-07-04 23:34:13 38      COUP_BBG001J4BCN4_2021-04-20
2021-07-04 23:34:13 40      CPB_BBG000BG4202_2021-04-20
2021-07-04 23:34:13 41      CPRI_BBG0029SNR63_2021-04-20
2021-07-04 23:34:13 43      CPRT_BBG000BM9RH1_2021-04-20
2021-07-04 23:34:13 44      CPS_BBG000PSXT64_2021-04-20
2021-07-04 23:34:13 45      CR_BBG000BG7423_2021-04-20
2021-07-04 23:34:13 46      CREE_BBG000BG14P4_2021-04-20
2021-07-04 23:34:13 49      CRI_BBG000CTM4J9_2021-04-20
2021-07-04 23:34:13 50      CRL_BBG000BG5BL8_2021-04-20
2021-07-04 23:34:13 51      CRM_BBG000BN2DC2_2021-04-20
2021-07-04 23:34:13 54      CRMT_BBG000CM6L31_2021-04-20
2021-07-04 23:34:13 54      CRMT: SPYKE!. Candle: ID:8, Time: 13:30, Close: 149.5
2021-07-04 23:34:13 54      CROX_BBG000BLY663_2021-04-20
2021-07-04 23:34:13 56      CRS_BBG000BGCQT9_2021-04-20
2021-07-04 23:34:13 57      CRTX_BBG00BTK1DT8_2021-04-20
2021-07-04 23:34:13 58      CRUS_BBG000C1DHF5_2021-04-20
2021-07-04 23:34:13 59      CRVL_BBG000CVKZY0_2021-04-20
2021-07-04 23:34:13 59      CRWD_BBG00BLYKS03_2021-04-20
2021-07-04 23:34:13 63      CSCO_BBG000C3J3C9_2021-04-20
2021-07-04 23:34:13 68      CSGP_BBG000D7JKW9_2021-04-20
2021-07-04 23:34:13 68      CSGS_BBG000G3TQV2_2021-04-20
2021-07-04 23:34:13 69      CSII_BBG000NWQ9S5_2021-04-20
2021-07-04 23:34:13 70      CSL_BBG000BGGBT8_2021-04-20
2021-07-04 23:34:13 71      CSOD_BBG0016X4XN6_2021-04-20
2021-07-04 23:34:13 72      CSWI_BBG007NLG4L3_2021-04-20
2021-07-04 23:34:13 73      CSX_BBG000BGJRC8_2021-04-20
2021-07-04 23:34:13 76      CTAS_BBG000H3YXF8_2021-04-20
2021-07-04 23:34:13 78      CTB_BBG000BGKXV2_2021-04-20
2021-07-04 23:34:13 79      CTLT_BBG005XR47P5_2021-04-20
2021-07-04 23:34:13 80      CTSH_BBG000BBDV81_2021-04-20
2021-07-04 23:34:13 83      CTVA_BBG00BN969C1_2021-04-20
2021-07-04 23:34:13 84      CTXS_BBG000FQ6PY6_2021-04-20
2021-07-04 23:34:13 86      CVCO_BBG000K4WS65_2021-04-20
2021-07-04 23:34:13 87      CVET_BBG00KR691K8_2021-04-20
2021-07-04 23:34:13 88      CVGW_BBG000BGPQW1_2021-04-20
2021-07-04 23:34:13 89      CVLT_BBG000BG88X9_2021-04-20
2021-07-04 23:34:13 90      CVNA_BBG00GCTWDJ3_2021-04-20
2021-07-04 23:34:13 91      CVS_BBG000BGRY34_2021-04-20
2021-07-04 23:34:13 93      CVX_BBG000K4ND22_2021-04-20
2021-07-04 23:34:13 98      CW_BBG000BGSPS5_2021-04-20
2021-07-04 23:34:13 99      CWST_BBG000BT0J38_2021-04-20
2021-07-04 23:34:14 00      CWT_BBG000D8KTN6_2021-04-20
2021-07-04 23:34:14 01      CY_BBG000BXNJ07_2021-04-20
2021-07-04 23:34:14 01      D_BBG000BGVW60_2021-04-20
2021-07-04 23:34:14 03      DAL_BBG000R7Z112_2021-04-20
2021-07-04 23:34:14 09      DAR_BBG000BN8ZK8_2021-04-20
2021-07-04 23:34:14 11      DBX_BBG0018SLDN0_2021-04-20
2021-07-04 23:34:14 13      DCI_BBG000BGZP70_2021-04-20
2021-07-04 23:34:14 14      DCPH_BBG00HMJ9H54_2021-04-20
2021-07-04 23:34:14 15      DD_BBG00BN961G4_2021-04-20
2021-07-04 23:34:14 17      DDOG_BBG003NJHZT9_2021-04-20
2021-07-04 23:34:14 19      DDS_BBG000BS4MP5_2021-04-20
2021-07-04 23:34:14 20      DE_BBG000BH1NH9_2021-04-20
2021-07-04 23:34:14 22      DECK_BBG000BKXYX5_2021-04-20
2021-07-04 23:34:14 23      DELL_BBG00DW3SZS1_2021-04-20
2021-07-04 23:34:14 26      DFS_BBG000QBR5J5_2021-04-20
2021-07-04 23:34:14 28      DG_BBG000NV1KK7_2021-04-20
2021-07-04 23:34:14 29      DGX_BBG000BN84F3_2021-04-20
2021-07-04 23:34:14 31      DHI_BBG000DQTXY6_2021-04-20
2021-07-04 23:34:14 32      DHR_BBG000BH3JF8_2021-04-20
2021-07-04 23:34:14 33      DIOD_BBG000G25P51_2021-04-20
2021-07-04 23:34:14 34      DIS_BBG000BH4R78_2021-04-20
2021-07-04 23:34:14 39      DISCA_BBG000CHWP52_2021-04-20
2021-07-04 23:34:14 44      DISCB_BBG000F7L5N7_2021-04-20
2021-07-04 23:34:14 45      DISCK_BBG000VMWHH5_2021-04-20
2021-07-04 23:34:14 48      DK_BBG00FZYFVC5_2021-04-20
2021-07-04 23:34:14 49      DKNG_BBG00TCBG714_2021-04-20
2021-07-04 23:34:14 57      DKS_BBG000F6ZWH2_2021-04-20
2021-07-04 23:34:14 59      DLB_BBG000DGLTG5_2021-04-20
2021-07-04 23:34:14 60      DLR_BBG000Q5ZRM7_2021-04-20
2021-07-04 23:34:14 61      DLTH_BBG002GBMZG4_2021-04-20
2021-07-04 23:34:14 62      DLTR_BBG000BSC0K9_2021-04-20
2021-07-04 23:34:14 63      DLX_BBG000BH6360_2021-04-20
2021-07-04 23:34:14 64      DNLI_BBG008P7F869_2021-04-20
2021-07-04 23:34:14 65      DNOW_BBG005BLN209_2021-04-20
2021-07-04 23:34:14 66      DOCU_BBG000N7KJX8_2021-04-20
2021-07-04 23:34:14 69      DORM_BBG000BM22F5_2021-04-20
2021-07-04 23:34:14 69      DOV_BBG000BHB3M6_2021-04-20
2021-07-04 23:34:14 71      DOW_BBG00BN96922_2021-04-20
2021-07-04 23:34:14 73      DPZ_BBG000P458P3_2021-04-20
2021-07-04 23:34:14 74      DRE_BBG000BHD8S7_2021-04-20
2021-07-04 23:34:14 75      DRI_BBG000BBNYF6_2021-04-20
2021-07-04 23:34:14 76      DRNA_BBG001J1DB23_2021-04-20
2021-07-04 23:34:14 78      DRQ_BBG000BVDBY2_2021-04-20
2021-07-04 23:34:14 78      DT_BBG00PNN7C40_2021-04-20
2021-07-04 23:34:14 79      DVA_BBG000MQ1SN9_2021-04-20
2021-07-04 23:34:14 80      DVN_BBG000BBVJZ8_2021-04-20
2021-07-04 23:34:14 83      DXC_BBG00FN64XT9_2021-04-20
2021-07-04 23:34:14 84      DXCM_BBG000QTF8K1_2021-04-20
2021-07-04 23:34:14 86      DY_BBG000C4SKT1_2021-04-20
2021-07-04 23:34:14 86      EA_BBG000BP0KQ8_2021-04-20
2021-07-04 23:34:14 88      EAT_BBG000BK28N7_2021-04-20
2021-07-04 23:34:14 90      EBAY_BBG000C43RR5_2021-04-20
2021-07-04 23:34:14 93      EBS_BBG000GW06J7_2021-04-20
2021-07-04 23:34:14 95      ECHO_BBG000RFP8W6_2021-04-20
2021-07-04 23:34:14 95      ECL_BBG000BHKYH4_2021-04-20
2021-07-04 23:34:14 97      ECPG_BBG000F369C7_2021-04-20
2021-07-04 23:34:14 98      ED_BBG000BHLYS1_2021-04-20
2021-07-04 23:34:14 99      EDIT_BBG005MX5GZ2_2021-04-20
2021-07-04 23:34:15 01      EEFT_BBG000BMNBY1_2021-04-20
2021-07-04 23:34:15 02      EFX_BBG000BHPL78_2021-04-20
2021-07-04 23:34:15 03      EGHT_BBG000BCGHH7_2021-04-20
2021-07-04 23:34:15 04      EGRX_BBG005Y3XWH9_2021-04-20
2021-07-04 23:34:15 04      EHTH_BBG000P5JQX6_2021-04-20
2021-07-04 23:34:15 05      EIX_BBG000D7RKJ5_2021-04-20
2021-07-04 23:34:15 06      EL_BBG000FKJRC5_2021-04-20
2021-07-04 23:34:15 08      ELAN_BBG00LJYS1P8_2021-04-20
2021-07-04 23:34:15 09      ELS_BBG000BB7SX7_2021-04-20
2021-07-04 23:34:15 10      EME_BBG000BBRPL4_2021-04-20
2021-07-04 23:34:15 10      EMN_BBG000BLW530_2021-04-20
2021-07-04 23:34:15 12      EMR_BBG000BHX7N2_2021-04-20
2021-07-04 23:34:15 14      ENDP_BBG000C0HQ54_2021-04-20
2021-07-04 23:34:15 15      ENPH_BBG001R3MNY9_2021-04-20
2021-07-04 23:34:15 18      ENR_BBG006FCB019_2021-04-20
2021-07-04 23:34:15 19      ENS_BBG000PWTD92_2021-04-20
2021-07-04 23:34:15 20      ENTA_BBG001V9NSB4_2021-04-20
2021-07-04 23:34:15 20      ENTG_BBG000CTV4N4_2021-04-20
2021-07-04 23:34:15 22      ENV_BBG000Q4NZ54_2021-04-20
2021-07-04 23:34:15 23      EOG_BBG000BZ9223_2021-04-20
2021-07-04 23:34:15 24      EPAM_BBG000MHTV89_2021-04-20
2021-07-04 23:34:15 25      EPAY_BBG000BRNH31_2021-04-20
2021-07-04 23:34:15 27      EPC_BBG000BRW644_2021-04-20
2021-07-04 23:34:15 27      EQIX_BBG000MBDGM6_2021-04-20
2021-07-04 23:34:15 29      EQT_BBG000BHZ5J9_2021-04-20
2021-07-04 23:34:15 31      ERIE_BBG000BBTJZ1_2021-04-20
2021-07-04 23:34:15 32      ES_BBG000BQ87N0_2021-04-20
2021-07-04 23:34:15 33      ESPR_BBG004KB3S72_2021-04-20
2021-07-04 23:34:15 34      ESS_BBG000CGJMB9_2021-04-20
2021-07-04 23:34:15 34      ET_BBG000BM2FL9_2021-04-20
2021-07-04 23:34:15 36      ETN_BBG000BJ3PD2_2021-04-20
2021-07-04 23:34:15 37      ETR_BBG000C1FQS9_2021-04-20
2021-07-04 23:34:15 39      ETRN_BBG00K53L394_2021-04-20
2021-07-04 23:34:15 40      ETSY_BBG000N7MXL8_2021-04-20
2021-07-04 23:34:15 43      EVBG_BBG0022FMPD5_2021-04-20
2021-07-04 23:34:15 44      EVER_BBG00F17NDH7_2021-04-20
2021-07-04 23:34:15 44      EVER: SPYKE!. Candle: ID:88, Time: 13:25, Close: 34.31
2021-07-04 23:34:15 45      EVH_BBG005CHLM96_2021-04-20
2021-07-04 23:34:15 46      EVR_BBG000BP30Y0_2021-04-20
2021-07-04 23:34:15 46      EVRG_BBG00H433CR2_2021-04-20
2021-07-04 23:34:15 47      EW_BBG000BRXP69_2021-04-20
2021-07-04 23:34:15 49      EW: SPYKE!. Candle: ID:4414, Time: 20:15, Close: 93.16
2021-07-04 23:34:15 49      EWBC_BBG000CR20B1_2021-04-20
2021-07-04 23:34:15 51      EXAS_BBG000CWL0F5_2021-04-20
2021-07-04 23:34:15 53      EXC_BBG000J6XT05_2021-04-20
2021-07-04 23:34:15 55      EXEL_BBG000BQ4WF8_2021-04-20
2021-07-04 23:34:15 57      EXLS_BBG000NS3P30_2021-04-20
2021-07-04 23:34:15 58      EXP_BBG000BJW241_2021-04-20
2021-07-04 23:34:15 59      EXPD_BBG000BJ5GK2_2021-04-20
2021-07-04 23:34:15 61      EXPE_BBG000QY3XZ2_2021-04-20
2021-07-04 23:34:15 63      EXR_BBG000PV27K3_2021-04-20
2021-07-04 23:34:15 64      EYE_BBG00HVQF9K2_2021-04-20
2021-07-04 23:34:15 65      F_BBG000BQPC32_2021-04-20
2021-07-04 23:34:15 69      FANG_BBG002PHSYX9_2021-04-20
2021-07-04 23:34:15 73      FARO_BBG000BJD7C2_2021-04-20
2021-07-04 23:34:15 74      FAST_BBG000BJ8YN7_2021-04-20
2021-07-04 23:34:15 77      FATE_BBG000QP35H2_2021-04-20
2021-07-04 23:34:15 77      FATE: BuyPending. Strategy: MorningOpenStrategy2. Price: 79.15. Lots: 3. ChangeOpenToCurrent: -4.50. ChangePrevCloseToCurrent: -4.50. Candle: ID:6, Time: 7:15, Close: 79.15.
2021-07-04 23:34:15 77      FATE: OrderID: 974af454. PlacedOrder. Status: New. RejectReason: 
2021-07-04 23:34:15 77      FATE: Cancel order. Did not bought at market open. Candle: ID:7, Time: 7:40, Close: 79.82
2021-07-04 23:34:15 77      OrderID: 974af454 successfully canceled
2021-07-04 23:34:15 78      FB_BBG000MM2P62_2021-04-20
2021-07-04 23:34:15 91      FBHS_BBG001B4BV87_2021-04-20
2021-07-04 23:34:15 92      FCFS_BBG000DNF659_2021-04-20
2021-07-04 23:34:15 93      FCN_BBG000K88H58_2021-04-20
2021-07-04 23:34:15 93      FCX_BBG000BJDB15_2021-04-20
2021-07-04 23:34:15 99      FDS_BBG000BDJL83_2021-04-20
2021-07-04 23:34:16 00      FDX_BBG000BJF1Z8_2021-04-20
2021-07-04 23:34:16 01      FELE_BBG000BJGGV8_2021-04-20
2021-07-04 23:34:16 02      FFIV_BBG000CXYSZ6_2021-04-20
2021-07-04 23:34:16 04      FGEN_BBG000FW5ZL6_2021-04-20
2021-07-04 23:34:16 07      FICO_BBG000DW76Y6_2021-04-20
2021-07-04 23:34:16 08      FIS_BBG000BK2F42_2021-04-20
2021-07-04 23:34:16 09      FISV_BBG000BJKPG0_2021-04-20
2021-07-04 23:34:16 13      FITB_BBG000BJL3N0_2021-04-20
2021-07-04 23:34:16 15      FIVN_BBG001KHJM17_2021-04-20
2021-07-04 23:34:16 17      FIZZ_BBG000BF8CB6_2021-04-20
2021-07-04 23:34:16 18      FL_BBG000BX8DC4_2021-04-20
2021-07-04 23:34:16 20      FLIR_BBG000BHK836_2021-04-20
2021-07-04 23:34:16 21      FLOW_BBG007FL7ZD2_2021-04-20
2021-07-04 23:34:16 22      FLR_BBG000BB1TH9_2021-04-20
2021-07-04 23:34:16 23      FLS_BBG000FFH4P5_2021-04-20
2021-07-04 23:34:16 24      FLT_BBG000GPXKX9_2021-04-20
2021-07-04 23:34:16 25      FLWS_BBG000BBR9P6_2021-04-20
2021-07-04 23:34:16 27      FMC_BBG000BJP882_2021-04-20
2021-07-04 23:34:16 28      FND_BBG007GJ2F81_2021-04-20
2021-07-04 23:34:16 29      FNKO_BBG00HXSHDQ9_2021-04-20
2021-07-04 23:34:16 30      FOCS_BBG00L0YTFN8_2021-04-20
2021-07-04 23:34:16 32      FOE_BBG000BJQK11_2021-04-20
2021-07-04 23:34:16 32      FOLD_BBG000PLF6N0_2021-04-20
2021-07-04 23:34:16 34      FORM_BBG000D1Y3P1_2021-04-20
2021-07-04 23:34:16 35      FORR_BBG000HGNYG8_2021-04-20
2021-07-04 23:34:16 35      FOX_BBG00JHNKJY8_2021-04-20
2021-07-04 23:34:16 37      FOXA_BBG00JHNJW99_2021-04-20
2021-07-04 23:34:16 39      FOXF_BBG004T7VS53_2021-04-20
2021-07-04 23:34:16 40      FRHC_BBG000N625H8_2021-04-20
2021-07-04 23:34:16 41      FRPH_BBG000HCVWW4_2021-04-20
2021-07-04 23:34:16 42      FRPT_BBG001D0HB36_2021-04-20
2021-07-04 23:34:16 43      FSLR_BBG000BFL116_2021-04-20
2021-07-04 23:34:16 46      FSLY_BBG004NLQHL0_2021-04-20
2021-07-04 23:34:16 48      FTCH_BBG00LSD4456_2021-04-20
2021-07-04 23:34:16 52      FTI_BBG00DL8NMV2_2021-04-20
2021-07-04 23:34:16 54      FTI: SPYKE!. Candle: ID:5383, Time: 20:15, Close: 7.28
2021-07-04 23:34:16 54      FTI: SPYKE!. Candle: ID:5390, Time: 20:15, Close: 7.5
2021-07-04 23:34:16 54      FTNT_BBG000BCMBG4_2021-04-20
2021-07-04 23:34:16 56      FTV_BBG00BLVZ228_2021-04-20
2021-07-04 23:34:16 58      FUL_BBG000BJZ7V7_2021-04-20
2021-07-04 23:34:16 59      GATX_BBG000BKGXQ4_2021-04-20
2021-07-04 23:34:16 59      GBCI_BBG000C3KB84_2021-04-20
2021-07-04 23:34:16 61      GBT_BBG00341H6M0_2021-04-20
2021-07-04 23:34:16 62      GBX_BBG000CF5097_2021-04-20
2021-07-04 23:34:16 63      GCO_BBG000BK5S78_2021-04-20
2021-07-04 23:34:16 63      GCP_BBG0082W8Q12_2021-04-20
2021-07-04 23:34:16 64      GD_BBG000BK67C7_2021-04-20
2021-07-04 23:34:16 66      GDDY_BBG006MDLY05_2021-04-20
2021-07-04 23:34:16 67      GDOT_BBG000QDJT53_2021-04-20
2021-07-04 23:34:16 67      GE_BBG000BK6MB5_2021-04-20
2021-07-04 23:34:16 71      GEF_BBG000BLFNC0_2021-04-20
2021-07-04 23:34:16 72      GGG_BBG000BK9W84_2021-04-20
2021-07-04 23:34:16 73      GH_BBG006D97VY9_2021-04-20
2021-07-04 23:34:16 74      GHC_BBG000C3FGH9_2021-04-20
2021-07-04 23:34:16 74      GILD_BBG000CKGBP2_2021-04-20
2021-07-04 23:34:16 77      GIS_BBG000BKCFC2_2021-04-20
2021-07-04 23:34:16 80      GKOS_BBG000WG2LQ1_2021-04-20
2021-07-04 23:34:16 81      GL_BBG000BVD6X4_2021-04-20
2021-07-04 23:34:16 83      GLW_BBG000BKFZM4_2021-04-20
2021-07-04 23:34:16 85      GM_BBG000NDYB67_2021-04-20
2021-07-04 23:34:16 91      GMED_BBG002V87SD0_2021-04-20
2021-07-04 23:34:16 92      GMS_BBG009Q036D0_2021-04-20
2021-07-04 23:34:16 93      GNL_BBG004HXD0G8_2021-04-20
2021-07-04 23:34:16 94      GNRC_BBG000PQ4W72_2021-04-20
2021-07-04 23:34:16 95      GO_BBG00P4R3079_2021-04-20
2021-07-04 23:34:16 96      GOOG_BBG009S3NB30_2021-04-20
2021-07-04 23:34:17 00      GOOGL_BBG009S39JX6_2021-04-20
2021-07-04 23:34:17 04      GOSS_BBG00MVWLLM2_2021-04-20
2021-07-04 23:34:17 06      GPC_BBG000BKL348_2021-04-20
2021-07-04 23:34:17 07      GPI_BBG000BB88K4_2021-04-20
2021-07-04 23:34:17 08      GPN_BBG000CX0P89_2021-04-20
2021-07-04 23:34:17 10      GPS_BBG000BKLH74_2021-04-20
2021-07-04 23:34:17 13      GRA_BBG000BB8PG1_2021-04-20
2021-07-04 23:34:17 13      GRMN_BBG000C4LN67_2021-04-20
2021-07-04 23:34:17 15      GRUB_BBG001KWG293_2021-04-20
2021-07-04 23:34:17 15      Warning: figi `BBG001KWG293` for history data does not match actual figi `BBG010R8C3Y4`. Ticker: GRUB. Will be used actual!
2021-07-04 23:34:17 15      GS_BBG000C6CFJ5_2021-04-20
2021-07-04 23:34:17 18      GSH_BBG000GLG0G0_2021-04-20
2021-07-04 23:34:17 19      GSKY_BBG00KT2SCV8_2021-04-20
2021-07-04 23:34:17 20      GT_BBG000BKNX95_2021-04-20
2021-07-04 23:34:17 22      GTHX_BBG005F1DK91_2021-04-20
2021-07-04 23:34:17 25      GTLS_BBG000P1K2X6_2021-04-20
2021-07-04 23:34:17 26      GTN_BBG000DSQLQ0_2021-04-20
2021-07-04 23:34:17 26      GVA_BBG000DVB833_2021-04-20
2021-07-04 23:34:17 27      GWRE_BBG001C7PM75_2021-04-20
2021-07-04 23:34:17 28      GWW_BBG000BKR1D6_2021-04-20
2021-07-04 23:34:17 29      H_BBG000CVRFS4_2021-04-20
2021-07-04 23:34:17 30      HA_BBG000BC4185_2021-04-20
2021-07-04 23:34:17 31      HAE_BBG000C7TF41_2021-04-20
2021-07-04 23:34:17 34      HAE: SPYKE!. Candle: ID:96, Time: 7:10, Close: 71.56
2021-07-04 23:34:17 34      HAE: BuyPending. Strategy: MorningOpenStrategy2. Price: 71.56. Lots: 3. ChangeOpenToCurrent: -4.42. ChangePrevCloseToCurrent: -4.42. Candle: ID:96, Time: 7:10, Close: 71.56.
2021-07-04 23:34:17 34      HAE: OrderID: c92b6ff8. PlacedOrder. Status: New. RejectReason: 
2021-07-04 23:34:17 34      HAE: Cancel order. Did not bought at market open. Candle: ID:100, Time: 7:15, Close: 74
2021-07-04 23:34:17 34      OrderID: c92b6ff8 successfully canceled
2021-07-04 23:34:17 35      HAIN_BBG000BQW085_2021-04-20
2021-07-04 23:34:17 36      HAL_BBG000BKTFN2_2021-04-20
2021-07-04 23:34:17 39      HALO_BBG000CZ8W54_2021-04-20
2021-07-04 23:34:17 41      HAS_BBG000BKVJK4_2021-04-20
2021-07-04 23:34:17 42      HBAN_BBG000BKWSR6_2021-04-20
2021-07-04 23:34:17 45      HBI_BBG000D2ZTS8_2021-04-20
2021-07-04 23:34:17 46      HCA_BBG000QW7VC1_2021-04-20
2021-07-04 23:34:17 47      HCCI_BBG000CCFB17_2021-04-20
2021-07-04 23:34:17 48      HCSG_BBG000BKYVF0_2021-04-20
2021-07-04 23:34:17 49      HD_BBG000BKZB36_2021-04-20
2021-07-04 23:34:17 52      HEAR_BBG000BM6N47_2021-04-20
2021-07-04 23:34:17 53      HEI_BBG000BL16Q7_2021-04-20
2021-07-04 23:34:17 54      HES_BBG000BBD070_2021-04-20
2021-07-04 23:34:17 56      HFC_BBG000BL9JQ1_2021-04-20
2021-07-04 23:34:17 57      HGV_BBG00CBYY6M1_2021-04-20
2021-07-04 23:34:17 58      HHC_BBG000MJRJJ2_2021-04-20
2021-07-04 23:34:17 59      HHR_BBG00KHGQ0H4_2021-04-20
2021-07-04 23:34:17 59      HIBB_BBG000H001V3_2021-04-20
2021-07-04 23:34:17 60      HIG_BBG000G0Z878_2021-04-20
2021-07-04 23:34:17 62      HII_BBG001KJ2HM9_2021-04-20
2021-07-04 23:34:17 62      HIIQ_TCS003QRSQD3_2021-04-20
2021-07-04 23:34:17 63      HLT_BBG0058KMH30_2021-04-20
2021-07-04 23:34:17 65      HNP_BBG000BX5YM0_2021-04-20
2021-07-04 23:34:17 66      HOG_BBG000BKZTP3_2021-04-20
2021-07-04 23:34:17 70      HOLX_BBG000C3NTN5_2021-04-20
2021-07-04 23:34:17 72      HON_BBG000H556T9_2021-04-20
2021-07-04 23:34:17 74      HP_BBG000BLCPY4_2021-04-20
2021-07-04 23:34:17 75      HPE_BBG0078W3NQ3_2021-04-20
2021-07-04 23:34:17 77      HPQ_BBG000KHWT55_2021-04-20
2021-07-04 23:34:17 79      HQY_BBG000TYXCT9_2021-04-20
2021-07-04 23:34:17 80      HRB_BBG000BLDV98_2021-04-20
2021-07-04 23:34:17 82      HRC_BBG000BKWCS0_2021-04-20
2021-07-04 23:34:17 83      HRL_BBG000BLF8D2_2021-04-20
2021-07-04 23:34:17 84      HRTX_BBG000G2GJT7_2021-04-20
2021-07-04 23:34:17 86      HSC_BBG000BLH3P8_2021-04-20
2021-07-04 23:34:17 87      HSIC_BBG000BNMMJ3_2021-04-20
2021-07-04 23:34:17 88      HSKA_BBG000BWFH48_2021-04-20
2021-07-04 23:34:17 89      HST_BBG000BL8804_2021-04-20
2021-07-04 23:34:17 91      HSY_BBG000BLHRS2_2021-04-20
2021-07-04 23:34:17 92      HTA_BBG000PRJCX9_2021-04-20
2021-07-04 23:34:17 93      HTHT_BBG000QFPM65_2021-04-20
2021-07-04 23:34:17 95      HUBB_BBG000BLK267_2021-04-20
2021-07-04 23:34:17 96      HUBG_BBG000G9W6L0_2021-04-20
2021-07-04 23:34:17 97      HUBS_BBG000N7MZ06_2021-04-20
2021-07-04 23:34:17 98      HUM_BBG000BLKK03_2021-04-20
2021-07-04 23:34:17 99      HURN_BBG000PV2M48_2021-04-20
2021-07-04 23:34:17 99      HWM_BBG00DYNJGH9_2021-04-20
2021-07-04 23:34:18 01      HXL_BBG000BLMDQ9_2021-04-20
2021-07-04 23:34:18 02      IAC_BBG000BKQG80_2021-04-20
2021-07-04 23:34:18 02      Warning: figi `BBG000BKQG80` for history data does not match actual figi `BBG00S1LR2C3`. Ticker: IAC. Will be used actual!
2021-07-04 23:34:18 03      IART_BBG000BZJQL8_2021-04-20
2021-07-04 23:34:18 04      IBKR_BBG000LV0836_2021-04-20
2021-07-04 23:34:18 05      IBM_BBG000BLNNH6_2021-04-20
2021-07-04 23:34:18 11      IBN_BBG000DRM643_2021-04-20
2021-07-04 23:34:18 12      IBP_BBG005TJKDZ6_2021-04-20
2021-07-04 23:34:18 13      ICE_BBG000C1FB75_2021-04-20
2021-07-04 23:34:18 15      ICPT_BBG001J1QN87_2021-04-20
2021-07-04 23:34:18 17      ICUI_BBG000CQV2N4_2021-04-20
2021-07-04 23:34:18 18      IDCC_BBG000HLJ7M4_2021-04-20
2021-07-04 23:34:18 18      IDXX_BBG000BLRT07_2021-04-20
2021-07-04 23:34:18 20      IEX_BBG000C1HN22_2021-04-20
2021-07-04 23:34:18 21      IFF_BBG000BLSL58_2021-04-20
2021-07-04 23:34:18 22      IGMS_BBG00PNR1BT2_2021-04-20
2021-07-04 23:34:18 23      IIPR_BBG00F0SW7N8_2021-04-20
2021-07-04 23:34:18 24      IIVI_BBG000BLW102_2021-04-20
2021-07-04 23:34:18 26      ILMN_BBG000DSMS70_2021-04-20
2021-07-04 23:34:18 28      INCY_BBG000BNPSQ9_2021-04-20
2021-07-04 23:34:18 29      INDB_BBG000BM0597_2021-04-20
2021-07-04 23:34:18 30      INFO_BBG006G063F9_2021-04-20
2021-07-04 23:34:18 32      INGN_BBG0021PH456_2021-04-20
2021-07-04 23:34:18 32      INGR_BBG000BXPZB7_2021-04-20
2021-07-04 23:34:18 33      INMD_BBG00PPS73P4_2021-04-20
2021-07-04 23:34:18 34      INSP_BBG00209SZJ7_2021-04-20
2021-07-04 23:34:18 35      INTC_BBG000C0G1D1_2021-04-20
2021-07-04 23:34:18 44      INTU_BBG000BH5DV1_2021-04-20
2021-07-04 23:34:18 46      INVH_BBG00FQH6BS9_2021-04-20
2021-07-04 23:34:18 48      IONS_BBG000JH6683_2021-04-20
2021-07-04 23:34:18 49      IOSP_BBG000BMFNP4_2021-04-20
2021-07-04 23:34:18 49      IOVA_BBG000FTLBV7_2021-04-20
2021-07-04 23:34:18 52      IP_BBG000BM5SR2_2021-04-20
2021-07-04 23:34:18 53      IPAR_BBG000GCSWR5_2021-04-20
2021-07-04 23:34:18 53      IPAR: SPYKE!. Candle: ID:325, Time: 20:05, Close: 73
2021-07-04 23:34:18 54      IPG_BBG000C90DH9_2021-04-20
2021-07-04 23:34:18 55      IPGP_BBG000DCGRL8_2021-04-20
2021-07-04 23:34:18 56      IQV_BBG00333FYS2_2021-04-20
2021-07-04 23:34:18 58      IR_BBG002R1CW27_2021-04-20
2021-07-04 23:34:18 60      IRBT_BBG000HXJB21_2021-04-20
2021-07-04 23:34:18 61      IRDM_BBG000VC0FC1_2021-04-20
2021-07-04 23:34:18 63      IRM_BBG000KCZPC3_2021-04-20
2021-07-04 23:34:18 64      IRTC_BBG001J19V24_2021-04-20
2021-07-04 23:34:18 67      ISRG_BBG000BJPDZ1_2021-04-20
2021-07-04 23:34:18 68      IT_BBG000BB65D0_2021-04-20
2021-07-04 23:34:18 69      ITCI_BBG0026ZFZC4_2021-04-20
2021-07-04 23:34:18 70      ITGR_BBG000BW6JV4_2021-04-20
2021-07-04 23:34:18 71      ITRI_BBG000BD2167_2021-04-20
2021-07-04 23:34:18 72      ITT_BBG00CVQZQ96_2021-04-20
2021-07-04 23:34:18 73      ITW_BBG000BMBL90_2021-04-20
2021-07-04 23:34:18 74      IVZ_BBG000BY2Y78_2021-04-20
2021-07-04 23:34:18 77      J_BBG000BMFFQ0_2021-04-20
2021-07-04 23:34:18 78      JACK_BBG000GZYVY1_2021-04-20
2021-07-04 23:34:18 78      JBHT_BBG000BMDBZ1_2021-04-20
2021-07-04 23:34:18 80      JBSS_BBG000CHPMY5_2021-04-20
2021-07-04 23:34:18 81      JBT_BBG000VLBCQ1_2021-04-20
2021-07-04 23:34:18 81      JCI_BBG000BVWLJ6_2021-04-20
2021-07-04 23:34:18 84      JCOM_BBG000F3CWW7_2021-04-20
2021-07-04 23:34:18 86      JD_BBG005YHY0Q7_2021-04-20
2021-07-04 23:34:18 93      JEF_BBG000BNHSP9_2021-04-20
2021-07-04 23:34:18 94      JELD_BBG0019GM953_2021-04-20
2021-07-04 23:34:18 95      JJSF_BBG000BMGPW0_2021-04-20
2021-07-04 23:34:18 96      JKHY_BBG000BMH2Q7_2021-04-20
2021-07-04 23:34:18 98      JLL_BBG000C2L2L0_2021-04-20
2021-07-04 23:34:18 99      JNJ_BBG000BMHYD1_2021-04-20
2021-07-04 23:34:19 04      JNPR_BBG000BY33P5_2021-04-20
2021-07-04 23:34:19 06      JOBS_BBG000BJD1D4_2021-04-20
2021-07-04 23:34:19 07      JOUT_BBG000HCXFS4_2021-04-20
2021-07-04 23:34:19 07      JPM_BBG000DMBXR2_2021-04-20
2021-07-04 23:34:19 14      JWN_BBG000G8N9C6_2021-04-20
2021-07-04 23:34:19 16      K_BBG000BMKDM3_2021-04-20
2021-07-04 23:34:19 18      KALU_BBG000PKZDX4_2021-04-20
2021-07-04 23:34:19 18      KALU: BuyPending. Strategy: MorningOpenStrategy2. Price: 113.5. Lots: 2. ChangeOpenToCurrent: -5.42. ChangePrevCloseToCurrent: -5.42. Candle: ID:1, Time: 7:30, Close: 113.5.
2021-07-04 23:34:19 18      KALU: OrderID: be6285ce. PlacedOrder. Status: New. RejectReason: 
2021-07-04 23:34:19 18      KALU: Cancel order. Did not bought at market open. Candle: ID:3, Time: 7:35, Close: 113.65
2021-07-04 23:34:19 18      OrderID: be6285ce successfully canceled
2021-07-04 23:34:19 18      KALU: BuyPending. Strategy: MorningOpenStrategy2. Price: 113.43. Lots: 2. ChangeOpenToCurrent: -5.48. ChangePrevCloseToCurrent: -5.48. Candle: ID:4, Time: 7:45, Close: 113.43.
2021-07-04 23:34:19 18      KALU: OrderID: 01f1ec77. PlacedOrder. Status: New. RejectReason: 
2021-07-04 23:34:19 18      KALU: OrderID: 01f1ec77 fully executed
2021-07-04 23:34:19 18      KALU: Morning closing by timeout. Close price: 112.99. Lots: 2. Profit: -0.44(-0.39%). Candle: ID:6, Time: 8:10, Close: 112.99
2021-07-04 23:34:19 18      KALU: OrderID: ee215fb2. PlacedOrder. Status: New. RejectReason: 
2021-07-04 23:34:19 18      KALU: OrderID: ee215fb2 partially executed. Executed lots: 1. OrderStatus: 1/2 lots
2021-07-04 23:34:19 18      KALU: OrderID: ee215fb2 fully executed
2021-07-04 23:34:19 19      KBH_BBG000BMLWX8_2021-04-20
2021-07-04 23:34:19 20      KDP_BBG000TJM7F0_2021-04-20
2021-07-04 23:34:19 22      KEP_BBG000BCWG90_2021-04-20
2021-07-04 23:34:19 23      KEX_BBG000BMQCP6_2021-04-20
2021-07-04 23:34:19 24      KEY_BBG000BMQPL1_2021-04-20
2021-07-04 23:34:19 27      KEYS_BBG0059FN811_2021-04-20
2021-07-04 23:34:19 28      KFY_BBG000C5QMB5_2021-04-20
2021-07-04 23:34:19 29      KHC_BBG005CPNTQ2_2021-04-20
2021-07-04 23:34:19 31      KIDS_BBG00HFFRW39_2021-04-20
2021-07-04 23:34:19 32      KIM_BBG000CN3S73_2021-04-20
2021-07-04 23:34:19 34      KLAC_BBG000BMTFR4_2021-04-20
2021-07-04 23:34:19 37      KMB_BBG000BMW2Z0_2021-04-20
2021-07-04 23:34:19 38      KMI_BBG0019JZ882_2021-04-20
2021-07-04 23:34:19 39      KMPR_BBG000H3GDJ8_2021-04-20
2021-07-04 23:34:19 40      KMT_BBG000BMWKC5_2021-04-20
2021-07-04 23:34:19 41      KMX_BBG000BLMZK6_2021-04-20
2021-07-04 23:34:19 42      KNSL_BBG00D8JD9Z9_2021-04-20
2021-07-04 23:34:19 43      KNX_BBG000BFC848_2021-04-20
2021-07-04 23:34:19 44      KO_BBG000BMX289_2021-04-20
2021-07-04 23:34:19 47      KOD_BBG00BVR0D02_2021-04-20
2021-07-04 23:34:19 48      KR_BBG000BMY992_2021-04-20
2021-07-04 23:34:19 50      KRG_BBG000BC2KW8_2021-04-20
2021-07-04 23:34:19 51      KRTX_BBG00NN875G0_2021-04-20
2021-07-04 23:34:19 52      KRYS_BBG00HDGRHH7_2021-04-20
2021-07-04 23:34:19 52      KSU_BBG000BMZ7P7_2021-04-20
2021-07-04 23:34:19 55      KTB_BBG00LPTHYD5_2021-04-20
2021-07-04 23:34:19 56      KWR_BBG000DZS2L9_2021-04-20
2021-07-04 23:34:19 57      L_BBG000C45984_2021-04-20
2021-07-04 23:34:19 58      LAD_BBG000K3BC83_2021-04-20
2021-07-04 23:34:19 59      LANC_BBG000BN1M88_2021-04-20
2021-07-04 23:34:19 60      LASR_BBG0020BCPX5_2021-04-20
2021-07-04 23:34:19 61      LB_BBG000BNGTQ7_2021-04-20
2021-07-04 23:34:19 64      LBRDK_BBG006GNSZW5_2021-04-20
2021-07-04 23:34:19 65      LCII_BBG000DNLMB0_2021-04-20
2021-07-04 23:34:19 66      LDOS_BBG000C23PB0_2021-04-20
2021-07-04 23:34:19 67      LEA_BBG000PTLGZ1_2021-04-20
2021-07-04 23:34:19 68      LECO_BBG000BB72K8_2021-04-20
2021-07-04 23:34:19 69      LEG_BBG000BN53G7_2021-04-20
2021-07-04 23:34:19 70      LEGH_BBG00MJDR6J9_2021-04-20
2021-07-04 23:34:19 71      LEN_BBG000BN5HF7_2021-04-20
2021-07-04 23:34:19 72      LEVI_BBG000BQDF10_2021-04-20
2021-07-04 23:34:19 73      LFC_BBG000BBK4B9_2021-04-20
2021-07-04 23:34:19 74      LFUS_BBG000BGFGT8_2021-04-20
2021-07-04 23:34:19 75      LGIH_BBG0056655S1_2021-04-20
2021-07-04 23:34:19 76      LGND_BBG000BKF014_2021-04-20
2021-07-04 23:34:19 77      LH_BBG000D9DMK0_2021-04-20
2021-07-04 23:34:19 77      LHCG_BBG000G7W420_2021-04-20
2021-07-04 23:34:19 78      LHX_BBG000BLGFJ9_2021-04-20
2021-07-04 23:34:19 79      LII_BBG000BB5B84_2021-04-20
2021-07-04 23:34:19 80      LIN_BBG00GVR8YQ9_2021-04-20
2021-07-04 23:34:19 82      LITE_BBG0073F9RT7_2021-04-20
2021-07-04 23:34:19 83      LKQ_BBG000PXDL44_2021-04-20
2021-07-04 23:34:19 85      LLY_BBG000BNBDC2_2021-04-20
2021-07-04 23:34:19 87      LMT_BBG000C1BW00_2021-04-20
2021-07-04 23:34:19 89      LNN_BBG000FJS1S8_2021-04-20
2021-07-04 23:34:19 89      LNT_BBG000DW4Q75_2021-04-20
2021-07-04 23:34:19 92      LNTH_BBG006Q52RD0_2021-04-20
2021-07-04 23:34:19 93      LOPE_BBG000FV28W9_2021-04-20
2021-07-04 23:34:19 94      LOW_BBG000BNDN65_2021-04-20
2021-07-04 23:34:19 96      LPL_BBG000FJ0RK9_2021-04-20
2021-07-04 23:34:19 97      LPLA_BBG000P2TYL8_2021-04-20
2021-07-04 23:34:19 98      LPSN_BBG000BSV0W5_2021-04-20
2021-07-04 23:34:19 99      LRCX_BBG000BNFLM9_2021-04-20
2021-07-04 23:34:20 01      LRN_BBG000QSXPZ9_2021-04-20
2021-07-04 23:34:20 02      LSCC_BBG000C2D1C1_2021-04-20
2021-07-04 23:34:20 04      LSTR_BBG000BB2KN0_2021-04-20
2021-07-04 23:34:20 05      LTHM_BBG00LV3NRG0_2021-04-20
2021-07-04 23:34:20 07      LTHM: SPYKE!. Candle: ID:12, Time: 7:00, Close: 16.65
2021-07-04 23:34:20 07      LTHM: BuyPending. Strategy: MorningOpenStrategy. Price: 16.65. Lots: 15. ChangeOpenToCurrent: -2.63. ChangePrevCloseToCurrent: -4.53. Candle: ID:12, Time: 7:00, Close: 16.65.
2021-07-04 23:34:20 07      LTHM: OrderID: 7d9547f0. PlacedOrder. Status: New. RejectReason: 
2021-07-04 23:34:20 07      LTHM: Cancel order. Did not bought at market open. Candle: ID:62, Time: 7:05, Close: 17.24
2021-07-04 23:34:20 07      OrderID: 7d9547f0 successfully canceled
2021-07-04 23:34:20 08      LULU_BBG000R8ZVD1_2021-04-20
2021-07-04 23:34:20 09      LUMN_BBG000BGLRN3_2021-04-20
2021-07-04 23:34:20 11      LUV_BBG000BNJHS8_2021-04-20
2021-07-04 23:34:20 14      LVS_BBG000JWD753_2021-04-20
2021-07-04 23:34:20 17      LW_BBG003CVMLQ2_2021-04-20
2021-07-04 23:34:20 18      LYB_BBG000WCFV84_2021-04-20
2021-07-04 23:34:20 19      LYFT_BBG004M9ZHX5_2021-04-20
2021-07-04 23:34:20 22      LYV_BBG000FQ7YR4_2021-04-20
2021-07-04 23:34:20 25      M_BBG000C46HM9_2021-04-20
2021-07-04 23:34:20 26      MA_BBG000F1ZSQ2_2021-04-20
2021-07-04 23:34:20 29      MAA_BBG000BLMY92_2021-04-20
2021-07-04 23:34:20 29      MAC_BBG000BL9C59_2021-04-20
2021-07-04 23:34:20 32      MAN_BBG000BNMHS4_2021-04-20
2021-07-04 23:34:20 32      MANH_BBG000BFV758_2021-04-20
2021-07-04 23:34:20 33      MANT_BBG000BGF8B5_2021-04-20
2021-07-04 23:34:20 34      MANU_BBG0035WV4N9_2021-04-20
2021-07-04 23:34:20 36      MAR_BBG000BGD7W6_2021-04-20
2021-07-04 23:34:20 38      MAS_BBG000BNNKG9_2021-04-20
2021-07-04 23:34:20 40      MASI_BBG000C3W281_2021-04-20
2021-07-04 23:34:20 41      MAT_BBG000BNNYW1_2021-04-20
2021-07-04 23:34:20 42      MATX_BBG000BBK401_2021-04-20
2021-07-04 23:34:20 43      MBT_BBG000CSZKR2_2021-04-20
2021-07-04 23:34:20 44      MBUU_BBG005PXTR70_2021-04-20
2021-07-04 23:34:20 45      MCD_BBG000BNSZP1_2021-04-20
2021-07-04 23:34:20 46      MCHP_BBG000BHCP19_2021-04-20
2021-07-04 23:34:20 49      MCK_BBG000DYGNW7_2021-04-20
2021-07-04 23:34:20 50      MCO_BBG000F86GP6_2021-04-20
2021-07-04 23:34:20 51      MCRI_BBG000BJ0932_2021-04-20
2021-07-04 23:34:20 52      MD_BBG000H8LGK2_2021-04-20
2021-07-04 23:34:20 52      MDB_BBG0022FDRY8_2021-04-20
2021-07-04 23:34:20 54      MDGL_BBG000QS6NV8_2021-04-20
2021-07-04 23:34:20 55      MDLA_BBG001BPKGT0_2021-04-20
2021-07-04 23:34:20 56      MDLZ_BBG000D4LWF6_2021-04-20
2021-07-04 23:34:20 59      MDRX_BBG000BLDXH5_2021-04-20
2021-07-04 23:34:20 60      MDT_BBG000BNWG87_2021-04-20
2021-07-04 23:34:20 64      MED_BBG000BWBW76_2021-04-20
2021-07-04 23:34:20 64      MEDP_BBG0065B7K59_2021-04-20
2021-07-04 23:34:20 66      MEI_BBG000BNY197_2021-04-20
2021-07-04 23:34:20 66      MELI_BBG000GQPB11_2021-04-20
2021-07-04 23:34:20 68      MET_BBG000BB6KF5_2021-04-20
2021-07-04 23:34:20 71      MFGP_BBG00HFWVGN0_2021-04-20
2021-07-04 23:34:20 72      MGLN_BBG000BD6DD9_2021-04-20
2021-07-04 23:34:20 73      MGM_BBG000C2BXK4_2021-04-20
2021-07-04 23:34:20 76      MGY_BBG00GNC8DL2_2021-04-20
2021-07-04 23:34:20 77      MHK_BBG000FLZN98_2021-04-20
2021-07-04 23:34:20 78      MHO_BBG000BL9MZ4_2021-04-20
2021-07-04 23:34:20 79      MIDD_BBG000DQN9R3_2021-04-20
2021-07-04 23:34:20 80      MINI_BBG000BGTX98_2021-04-20
2021-07-04 23:34:20 81      MKC_BBG000G6Y5W4_2021-04-20
2021-07-04 23:34:20 82      MKL_BBG000FC7366_2021-04-20
2021-07-04 23:34:20 83      MKSI_BBG000BVMG26_2021-04-20
2021-07-04 23:34:20 84      MKTX_BBG000BJBZ23_2021-04-20
2021-07-04 23:34:20 85      MLAB_BBG000BP3PW7_2021-04-20
2021-07-04 23:34:20 86      MLCO_BBG000BHP8J4_2021-04-20
2021-07-04 23:34:20 88      MLHR_BBG000BP46T2_2021-04-20
2021-07-04 23:34:20 90      MLM_BBG000BGYMH7_2021-04-20
2021-07-04 23:34:20 90      MMC_BBG000BP4MH0_2021-04-20
2021-07-04 23:34:20 92      MMI_BBG005GBRSR6_2021-04-20
2021-07-04 23:34:20 92      MMM_BBG000BP52R2_2021-04-20
2021-07-04 23:34:20 94      MMS_BBG000BC5WJ4_2021-04-20
2021-07-04 23:34:20 94      MMSI_BBG000C42VX0_2021-04-20
2021-07-04 23:34:20 95      MNRO_BBG000C0BZD1_2021-04-20
2021-07-04 23:34:20 96      MNST_BBG008NVB1C0_2021-04-20
2021-07-04 23:34:20 98      MO_BBG000BP6LJ8_2021-04-20
2021-07-04 23:34:21 07      MOH_BBG000MBHNC8_2021-04-20
2021-07-04 23:34:21 08      MOMO_BBG007HTCQT0_2021-04-20
2021-07-04 23:34:21 12      MORN_BBG000CGQ4F7_2021-04-20
2021-07-04 23:34:21 13      MOS_BBG000BFXHL6_2021-04-20
2021-07-04 23:34:21 14      MOV_BBG000BL30Y9_2021-04-20
2021-07-04 23:34:21 15      MPC_BBG001DCCGR8_2021-04-20
2021-07-04 23:34:21 18      MPWR_BBG000C30L48_2021-04-20
2021-07-04 23:34:21 20      MRC_BBG000BKLTM1_2021-04-20
2021-07-04 23:34:21 20      MRC: SPYKE!. Candle: ID:610, Time: 20:15, Close: 9.12
2021-07-04 23:34:21 21      MRK_BBG000BPD168_2021-04-20
2021-07-04 23:34:21 24      MRNA_BBG003PHHZT1_2021-04-20
2021-07-04 23:34:21 30      MRO_BBG000C8H633_2021-04-20
2021-07-04 23:34:21 32      MRTX_BBG004TPGBP5_2021-04-20
2021-07-04 23:34:21 34      MS_BBG000BLZRJ2_2021-04-20
2021-07-04 23:34:21 37      MSA_BBG000BPDXF8_2021-04-20
2021-07-04 23:34:21 38      MSCI_BBG000RTDY25_2021-04-20
2021-07-04 23:34:21 39      MSFT_BBG000BPH459_2021-04-20
2021-07-04 23:34:21 59      MSGE_BBG00L9HLWV8_2021-04-20
2021-07-04 23:34:21 60      MSGN_BBG000NS03H7_2021-04-20
2021-07-04 23:34:21 60      MSGS_BBG007FG0C23_2021-04-20
2021-07-04 23:34:21 62      MSI_BBG000BP8Z50_2021-04-20
2021-07-04 23:34:21 63      MSM_BBG000BCLYL9_2021-04-20
2021-07-04 23:34:21 64      MSTR_BBG000GQJPZ0_2021-04-20
2021-07-04 23:34:21 66      MSTR: BuyPending. Strategy: MorningOpenStrategy. Price: 626. Lots: 1. ChangeOpenToCurrent: 2.25. ChangePrevCloseToCurrent: -2.45. Candle: ID:5, Time: 7:00, Close: 626.
2021-07-04 23:34:21 66      MSTR: OrderID: b03b882e. PlacedOrder. Status: New. RejectReason: 
2021-07-04 23:34:21 66      MSTR: OrderID: b03b882e fully executed
2021-07-04 23:34:21 66      MSTR: Morning closing by timeout. Close price: 625.08. Lots: 1. Profit: -0.92(-0.15%). Candle: ID:399, Time: 7:20, Close: 625.08
2021-07-04 23:34:21 66      MSTR: OrderID: 795efd92. PlacedOrder. Status: New. RejectReason: 
2021-07-04 23:34:21 66      MSTR: OrderID: 795efd92 fully executed
2021-07-04 23:34:21 69      MTB_BBG000D9KWL9_2021-04-20
2021-07-04 23:34:21 73      MTCH_BBG00B6WH9G3_2021-04-20
2021-07-04 23:34:21 76      MTD_BBG000BZCKH3_2021-04-20
2021-07-04 23:34:21 77      MTG_BBG000CBMH27_2021-04-20
2021-07-04 23:34:21 78      MTH_BBG000F4F1N0_2021-04-20
2021-07-04 23:34:21 78      MTN_BBG000BCMWM1_2021-04-20
2021-07-04 23:34:21 79      MTOR_BBG000BH92D1_2021-04-20
2021-07-04 23:34:21 80      MTRN_BBG000BDTT76_2021-04-20
2021-07-04 23:34:21 81      MU_BBG000C5Z1S3_2021-04-20
2021-07-04 23:34:21 91      MUR_BBG000BPMH90_2021-04-20
2021-07-04 23:34:21 92      MUR: SPYKE!. Candle: ID:3215, Time: 22:25, Close: 15
2021-07-04 23:34:21 92      MUSA_BBG001Z0Q6T5_2021-04-20
2021-07-04 23:34:21 93      MXIM_BBG000BPNP00_2021-04-20
2021-07-04 23:34:21 97      MXL_BBG000BB6R33_2021-04-20
2021-07-04 23:34:21 98      MYGN_BBG000D9H9F1_2021-04-20
2021-07-04 23:34:21 99      MYRG_BBG000BC7VW9_2021-04-20
2021-07-04 23:34:22 00      NARI_BBG009J8K7M0_2021-04-20
2021-07-04 23:34:22 01      NATI_BBG000DZK6N6_2021-04-20
2021-07-04 23:34:22 02      NAVI_BBG004MN1R41_2021-04-20
2021-07-04 23:34:22 03      NBIX_BBG000GJS7C1_2021-04-20
2021-07-04 23:34:22 04      NCBS_BBG000QK0TG5_2021-04-20
2021-07-04 23:34:22 04      NCR_BBG000BMXK89_2021-04-20
2021-07-04 23:34:22 06      NDAQ_BBG000F5VVB6_2021-04-20
2021-07-04 23:34:22 07      NDSN_BBG000BPWGR1_2021-04-20
2021-07-04 23:34:22 09      NEE_BBG000BJSBJ0_2021-04-20
2021-07-04 23:34:22 11      NEM_BBG000BPWXK1_2021-04-20
2021-07-04 23:34:22 14      NEO_BBG000BKH263_2021-04-20
2021-07-04 23:34:22 15      NEOG_BBG000C1BCK2_2021-04-20
2021-07-04 23:34:22 16      NET_BBG001WMKHH5_2021-04-20
2021-07-04 23:34:22 17      NEU_BBG000BJ5SS8_2021-04-20
2021-07-04 23:34:22 18      NEWR_BBG001NFKJ68_2021-04-20
2021-07-04 23:34:22 19      NFLX_BBG000CL9VN6_2021-04-20
2021-07-04 23:34:22 27      NFLX: SPYKE!. Candle: ID:20478, Time: 20:00, Close: 549.57
2021-07-04 23:34:22 27      NFLX: SPYKE!. Candle: ID:20480, Time: 20:00, Close: 549.57
2021-07-04 23:34:22 27      NFLX: SPYKE!. Candle: ID:20481, Time: 20:00, Close: 520.88
2021-07-04 23:34:22 27      NFLX: SPYKE!. Candle: ID:20483, Time: 20:00, Close: 549.57
2021-07-04 23:34:22 27      NFLX: SPYKE!. Candle: ID:20489, Time: 20:00, Close: 549.57
2021-07-04 23:34:22 28      NGVT_BBG009LM28K6_2021-04-20
2021-07-04 23:34:22 30      NJR_BBG000BPZVW9_2021-04-20
2021-07-04 23:34:22 31      NKE_BBG000C5HS04_2021-04-20
2021-07-04 23:34:22 37      NKTR_BBG000BHCYJ1_2021-04-20
2021-07-04 23:34:22 39      NLOK_BBG000BH2JM1_2021-04-20
2021-07-04 23:34:22 41      NLSN_BBG0088CYPX8_2021-04-20
2021-07-04 23:34:22 42      NMIH_BBG005DLMMZ6_2021-04-20
2021-07-04 23:34:22 43      NOC_BBG000BQ2C28_2021-04-20
2021-07-04 23:34:22 45      NOK_BBG000BNGBW9_2021-04-20
2021-07-04 23:34:22 48      NOV_BBG000BJX8C8_2021-04-20
2021-07-04 23:34:22 50      NOW_BBG000M1R011_2021-04-20
2021-07-04 23:34:22 51      NP_BBG000QCQ764_2021-04-20
2021-07-04 23:34:22 51      NPK_BBG000BQ4GG2_2021-04-20
2021-07-04 23:34:22 52      NRG_BBG000D8RG11_2021-04-20
2021-07-04 23:34:22 53      NSC_BBG000BQ5DS5_2021-04-20
2021-07-04 23:34:22 55      NSP_BBG000BJ41X2_2021-04-20
2021-07-04 23:34:22 56      NTAP_BBG000FP1N32_2021-04-20
2021-07-04 23:34:22 58      NTCO_BBG00R4ZKPN5_2021-04-20
2021-07-04 23:34:22 59      NTCT_BBG000C136Z8_2021-04-20
2021-07-04 23:34:22 59      NTES_BBG000BX72V8_2021-04-20
2021-07-04 23:34:22 61      NTGR_BBG000C4GBR6_2021-04-20
2021-07-04 23:34:22 62      NTLA_BBG007KC7PB0_2021-04-20
2021-07-04 23:34:22 63      NTNX_BBG001NDW1Z7_2021-04-20
2021-07-04 23:34:22 65      NTRA_BBG001J1BQ86_2021-04-20
2021-07-04 23:34:22 66      NTRS_BBG000BQ74K1_2021-04-20
2021-07-04 23:34:22 67      NTUS_BBG000DPZHS3_2021-04-20
2021-07-04 23:34:22 68      NUE_BBG000BQ8KV2_2021-04-20
2021-07-04 23:34:22 69      NUS_BBG000HG21Y3_2021-04-20
2021-07-04 23:34:22 70      NUVA_BBG000LNL298_2021-04-20
2021-07-04 23:34:22 71      NVDA_BBG000BBJQV0_2021-04-20
2021-07-04 23:34:22 80      NVEE_BBG005BT60Y8_2021-04-20
2021-07-04 23:34:22 81      NVR_BBG000BQBYR3_2021-04-20
2021-07-04 23:34:22 81      NVRO_BBG001K61W36_2021-04-20
2021-07-04 23:34:22 82      NVTA_BBG005DJFD43_2021-04-20
2021-07-04 23:34:22 84      NWE_BBG000Q1NMJ4_2021-04-20
2021-07-04 23:34:22 85      NWL_BBG000BQC9V2_2021-04-20
2021-07-04 23:34:22 86      NWLI_BBG008HNHZ07_2021-04-20
2021-07-04 23:34:22 86      NWS_BBG0035M2ZB7_2021-04-20
2021-07-04 23:34:22 88      NWSA_BBG0035LY913_2021-04-20
2021-07-04 23:34:22 90      NXPI_BBG000BND699_2021-04-20
2021-07-04 23:34:22 92      NXST_BBG000DZJVH0_2021-04-20
2021-07-04 23:34:22 93      NYT_BBG000FFC0B3_2021-04-20
2021-07-04 23:34:22 94      O_BBG000DHPN63_2021-04-20
2021-07-04 23:34:22 96      OC_BBG000M44VW8_2021-04-20
2021-07-04 23:34:22 97      ODFL_BBG000CHSS88_2021-04-20
2021-07-04 23:34:22 99      OFIX_BBG000G1C210_2021-04-20
2021-07-04 23:34:22 99      OHI_BBG000BGBTC2_2021-04-20
2021-07-04 23:34:23 01      OI_BBG00R2JZG39_2021-04-20
2021-07-04 23:34:23 01      OII_BBG000CPBCL8_2021-04-20
2021-07-04 23:34:23 02      OII: SPYKE!. Candle: ID:24, Time: 11:00, Close: 11.42
2021-07-04 23:34:23 02      OIS_BBG000BDDN94_2021-04-20
2021-07-04 23:34:23 04      OKE_BBG000BQHGR6_2021-04-20
2021-07-04 23:34:23 06      OKTA_BBG001YV1SM4_2021-04-20
2021-07-04 23:34:23 09      OLED_BBG000BLRP41_2021-04-20
2021-07-04 23:34:23 10      OLLI_BBG0098VVDT9_2021-04-20
2021-07-04 23:34:23 11      OMC_BBG000BS9489_2021-04-20
2021-07-04 23:34:23 13      OMCL_BBG000BTNGZ4_2021-04-20
2021-07-04 23:34:23 14      ON_BBG000DV7MX4_2021-04-20
2021-07-04 23:34:23 18      ONTO_BBG000BPRN29_2021-04-20
2021-07-04 23:34:23 18      ORCL_BBG000BQLTW7_2021-04-20
2021-07-04 23:34:23 22      ORLY_BBG000BGYWY6_2021-04-20
2021-07-04 23:34:23 23      OSIS_BBG000BWPR54_2021-04-20
2021-07-04 23:34:23 24      OSK_BBG000CC53X1_2021-04-20
2021-07-04 23:34:23 25      OSUR_BBG000J3D1Y8_2021-04-20
2021-07-04 23:34:23 28      OTIS_BBG00RP60KV0_2021-04-20
2021-07-04 23:34:23 30      OVV_BBG00R2NHQ65_2021-04-20
2021-07-04 23:34:23 31      OXY_BBG000BQQ2S6_2021-04-20
2021-07-04 23:34:23 35      PAGS_BBG00JM7QBR6_2021-04-20
2021-07-04 23:34:23 37      PANW_BBG0014GJCT9_2021-04-20
2021-07-04 23:34:23 38      PATK_BBG000BQSBB2_2021-04-20
2021-07-04 23:34:23 39      PAYC_BBG0064N0ZZ5_2021-04-20
2021-07-04 23:34:23 40      PB_BBG000BHY4D9_2021-04-20
2021-07-04 23:34:23 41      PBCT_BBG000BQT4L6_2021-04-20
2021-07-04 23:34:23 42      PBF_BBG002832GV8_2021-04-20
2021-07-04 23:34:23 44      PBH_BBG000QM0RZ4_2021-04-20
2021-07-04 23:34:23 45      PBI_BBG000BQTMJ9_2021-04-20
2021-07-04 23:34:23 46      PCAR_BBG000BQVTF5_2021-04-20
2021-07-04 23:34:23 48      PCG_BBG000BQWPC5_2021-04-20
2021-07-04 23:34:23 49      PCRX_BBG0018FQNS6_2021-04-20
2021-07-04 23:34:23 50      PCTY_BBG006598YS8_2021-04-20
2021-07-04 23:34:23 51      PD_BBG0043BYPB8_2021-04-20
2021-07-04 23:34:23 52      PDCO_BBG000BQY289_2021-04-20
2021-07-04 23:34:23 52      PEAK_BBG000BKYDP9_2021-04-20
2021-07-04 23:34:23 54      PEG_BBG000BQZMH4_2021-04-20
2021-07-04 23:34:23 56      PEGA_BBG000H1RYG7_2021-04-20
2021-07-04 23:34:23 56      PEN_BBG001BP92V1_2021-04-20
2021-07-04 23:34:23 57      PEP_BBG000DH7JK6_2021-04-20
2021-07-04 23:34:23 62      PETQ_BBG00H1CY328_2021-04-20
2021-07-04 23:34:23 63      PFE_BBG000BR2B91_2021-04-20
2021-07-04 23:34:23 67      PFG_BBG000NSCNT7_2021-04-20
2021-07-04 23:34:23 69      PFGC_BBG009XW2WB8_2021-04-20
2021-07-04 23:34:23 70      PFPT_BBG000RQ2GY7_2021-04-20
2021-07-04 23:34:23 71      PG_BBG000BR2TH3_2021-04-20
2021-07-04 23:34:23 75      PGNY_BBG002H1K1H1_2021-04-20
2021-07-04 23:34:23 76      PGR_BBG000BR37X2_2021-04-20
2021-07-04 23:34:23 78      PGTI_BBG000FX3Y66_2021-04-20
2021-07-04 23:34:23 79      PH_BBG000BR3KL6_2021-04-20
2021-07-04 23:34:23 80      PHM_BBG000BR54L0_2021-04-20
2021-07-04 23:34:23 83      PII_BBG000D5S4M0_2021-04-20
2021-07-04 23:34:23 84      PINC_BBG000G7QX50_2021-04-20
2021-07-04 23:34:23 84      PINS_BBG002583CV8_2021-04-20
2021-07-04 23:34:23 89      PIPR_BBG000FQXC75_2021-04-20
2021-07-04 23:34:23 89      PIPR: SPYKE!. Candle: ID:5, Time: 14:30, Close: 115.91
2021-07-04 23:34:23 90      PKG_BBG000BB8SW7_2021-04-20
2021-07-04 23:34:23 91      PKI_BBG000FXW512_2021-04-20
2021-07-04 23:34:23 92      PLAN_BBG002DZS299_2021-04-20
2021-07-04 23:34:23 93      PLAY_BBG001WWJTK5_2021-04-20
2021-07-04 23:34:23 95      PLCE_BBG000JK9DK4_2021-04-20
2021-07-04 23:34:23 96      PLD_BBG000B9Z0J8_2021-04-20
2021-07-04 23:34:23 98      PLNT_BBG009H04M17_2021-04-20
2021-07-04 23:34:23 99      PLTR_BBG000N7QR55_2021-04-20
2021-07-04 23:34:24 05      PLUS_BBG000HN7W02_2021-04-20
2021-07-04 23:34:24 06      PLXS_BBG000BRBX66_2021-04-20
2021-07-04 23:34:24 06      PM_BBG000J2XL74_2021-04-20
2021-07-04 23:34:24 11      PNC_BBG000BRD0D8_2021-04-20
2021-07-04 23:34:24 12      PNFP_BBG000C1XKF6_2021-04-20
2021-07-04 23:34:24 14      PNTG_BBG00P33SY72_2021-04-20
2021-07-04 23:34:24 15      PODD_BBG000R7XX87_2021-04-20
2021-07-04 23:34:24 16      POOL_BBG000BCVG28_2021-04-20
2021-07-04 23:34:24 17      POR_BBG000BCRMW7_2021-04-20
2021-07-04 23:34:24 17      POST_BBG001WTBC36_2021-04-20
2021-07-04 23:34:24 18      POWI_BBG000BTT3D1_2021-04-20
2021-07-04 23:34:24 19      PPC_BBG000BFLXV3_2021-04-20
2021-07-04 23:34:24 20      PPG_BBG000BRJ809_2021-04-20
2021-07-04 23:34:24 21      PPL_BBG000BRJL00_2021-04-20
2021-07-04 23:34:24 22      PRAA_BBG000BNTW77_2021-04-20
2021-07-04 23:34:24 23      PRAH_BBG007387YL8_2021-04-20
2021-07-04 23:34:24 24      PRFT_BBG000BVXFK6_2021-04-20
2021-07-04 23:34:24 24      PRFT: SPYKE!. Candle: ID:3, Time: 12:15, Close: 60.81
2021-07-04 23:34:24 25      PRG_BBG00VSH86G4_2021-04-20
2021-07-04 23:34:24 26      PRGS_BBG000C4QP94_2021-04-20
2021-07-04 23:34:24 27      PRI_BBG000T8ZF80_2021-04-20
2021-07-04 23:34:24 27      PRLB_BBG000BT13B3_2021-04-20
2021-07-04 23:34:24 28      PRSP_BBG00KMXKWF9_2021-04-20
2021-07-04 23:34:24 29      PRU_BBG000HCJMF9_2021-04-20
2021-07-04 23:34:24 31      PSA_BBG000BPPN67_2021-04-20
2021-07-04 23:34:24 32      PSN_BBG000C3TKY6_2021-04-20
2021-07-04 23:34:24 32      PSTG_BBG00212PVZ5_2021-04-20
2021-07-04 23:34:24 34      PSX_BBG00286S4N9_2021-04-20
2021-07-04 23:34:24 36      PTC_BBG000C2VBB0_2021-04-20
2021-07-04 23:34:24 37      PTCT_BBG000QT15P7_2021-04-20
2021-07-04 23:34:24 38      PTON_BBG00JG0FFZ2_2021-04-20
2021-07-04 23:34:24 45      PTR_BBG000BR85F1_2021-04-20
2021-07-04 23:34:24 46      PUMP_BBG00FYCQ352_2021-04-20
2021-07-04 23:34:24 47      PVH_BBG000BRRG02_2021-04-20
2021-07-04 23:34:24 48      PWR_BBG000BBL8V7_2021-04-20
2021-07-04 23:34:24 49      PXD_BBG000BXRPH1_2021-04-20
2021-07-04 23:34:24 50      PYPL_BBG0077VNXV6_2021-04-20
2021-07-04 23:34:24 57      PZZA_BBG000BFWF13_2021-04-20
2021-07-04 23:34:24 59      QADA_BBG001BP77C3_2021-04-20
2021-07-04 23:34:24 59      QCOM_BBG000CGC1X8_2021-04-20
2021-07-04 23:34:24 65      QDEL_BBG000C6GN04_2021-04-20
2021-07-04 23:34:24 67      QLYS_BBG000HT5G06_2021-04-20
2021-07-04 23:34:24 68      QNST_BBG000S9XXB8_2021-04-20
2021-07-04 23:34:24 70      QRTEA_BBG000PCQQL6_2021-04-20
2021-07-04 23:34:24 71      QRVO_BBG007TJF1N7_2021-04-20
2021-07-04 23:34:24 73      QTS_BBG0054B20Z8_2021-04-20
2021-07-04 23:34:24 74      QTWO_BBG005ZVK9P2_2021-04-20
2021-07-04 23:34:24 74      QUOT_BBG001QYNR63_2021-04-20
2021-07-04 23:34:24 75      R_BBG000BRVP70_2021-04-20
2021-07-04 23:34:24 76      RACE_BBG009PH3Q86_2021-04-20
2021-07-04 23:34:24 77      RAMP_BBG000BB4HM6_2021-04-20
2021-07-04 23:34:24 78      RARE_BBG001RWPDW6_2021-04-20
2021-07-04 23:34:24 79      RAVN_BBG000CXQTZ3_2021-04-20
2021-07-04 23:34:24 80      RBC_BBG000BRXTR8_2021-04-20
2021-07-04 23:34:24 80      RCL_BBG000BB5792_2021-04-20
2021-07-04 23:34:24 83      RDFN_BBG001Q7HP63_2021-04-20
2021-07-04 23:34:24 85      RDS.A_BBG000QXSSS6_2021-04-20
2021-07-04 23:34:24 86      RDY_BBG000NJ96L6_2021-04-20
2021-07-04 23:34:24 87      RE_BBG000C1XVK6_2021-04-20
2021-07-04 23:34:24 88      REG_BBG000BL46Q4_2021-04-20
2021-07-04 23:34:24 89      REGI_BBG0016SSV00_2021-04-20
2021-07-04 23:34:24 91      REGN_BBG000C734W3_2021-04-20
2021-07-04 23:34:24 93      RETA_BBG000R33BD1_2021-04-20
2021-07-04 23:34:24 94      REX_BBG000D2ZK61_2021-04-20
2021-07-04 23:34:24 95      REZI_BBG00HY28K89_2021-04-20
2021-07-04 23:34:24 96      RF_BBG000Q3JN03_2021-04-20
2021-07-04 23:34:24 97      RGA_BBG000BDLCQ0_2021-04-20
2021-07-04 23:34:24 98      RGEN_BBG000BS48J3_2021-04-20
2021-07-04 23:34:24 99      RGLD_BBG000BS5170_2021-04-20
2021-07-04 23:34:25 00      RGNX_BBG007Z9V591_2021-04-20
2021-07-04 23:34:25 01      RGR_BBG000C4FQG6_2021-04-20
2021-07-04 23:34:25 02      RH_BBG002293PJ4_2021-04-20
2021-07-04 23:34:25 03      RHI_BBG000BS5DR2_2021-04-20
2021-07-04 23:34:25 04      RIG_BBG000BH5LT6_2021-04-20
2021-07-04 23:34:25 05      RIG: BuyPending. Strategy: MorningOpenStrategy. Price: 3.39. Lots: 73. ChangeOpenToCurrent: -2.02. ChangePrevCloseToCurrent: 0.30. Candle: ID:10, Time: 4:00, Close: 3.39.
2021-07-04 23:34:25 05      RIG: OrderID: 9196c6fc. PlacedOrder. Status: New. RejectReason: 
2021-07-04 23:34:25 05      RIG: Cancel order. Did not bought at market open. Candle: ID:16, Time: 4:05, Close: 3.41
2021-07-04 23:34:25 05      OrderID: 9196c6fc successfully canceled
2021-07-04 23:34:25 07      RJF_BBG000BS73J1_2021-04-20
2021-07-04 23:34:25 08      RL_BBG000BS0ZF1_2021-04-20
2021-07-04 23:34:25 09      RMD_BBG000L4M7F1_2021-04-20
2021-07-04 23:34:25 10      RNG_BBG000J094P3_2021-04-20
2021-07-04 23:34:25 11      ROCK_BBG000BKQDQ7_2021-04-20
2021-07-04 23:34:25 12      ROG_BBG000BS9HN3_2021-04-20
2021-07-04 23:34:25 13      ROK_BBG000BBCDZ2_2021-04-20
2021-07-04 23:34:25 13      ROKU_BBG001ZZPQJ6_2021-04-20
2021-07-04 23:34:25 16      ROL_BBG000BSBBP1_2021-04-20
2021-07-04 23:34:25 17      ROLL_BBG000GMGNB3_2021-04-20
2021-07-04 23:34:25 18      ROP_BBG000F1ZSN5_2021-04-20
2021-07-04 23:34:25 19      ROST_BBG000BSBZH7_2021-04-20
2021-07-04 23:34:25 20      RPD_BBG009DFHWG6_2021-04-20
2021-07-04 23:34:25 22      RPM_BBG000DCNK80_2021-04-20
2021-07-04 23:34:25 23      RRBI_BBG000QKNLB2_2021-04-20
2021-07-04 23:34:25 23      RRC_BBG000FVXD63_2021-04-20
2021-07-04 23:34:25 25      RRGB_BBG000MXH9C1_2021-04-20
2021-07-04 23:34:25 26      RS_BBG000CJ2181_2021-04-20
2021-07-04 23:34:25 26      RSG_BBG000BPXVJ6_2021-04-20
2021-07-04 23:34:25 27      RTX_BBG000BW8S60_2021-04-20
2021-07-04 23:34:25 30      RVLV_BBG00M4RHBD0_2021-04-20
2021-07-04 23:34:25 31      RXN_BBG000H8R0N8_2021-04-20
2021-07-04 23:34:25 32      RYN_BBG000BG7L34_2021-04-20
2021-07-04 23:34:25 33      RYTM_BBG007DLZ601_2021-04-20
2021-07-04 23:34:25 34      SAFM_BBG000BSHJ96_2021-04-20
2021-07-04 23:34:25 34      SAGE_BBG0025X16Y5_2021-04-20
2021-07-04 23:34:25 35      SAIA_BBG000P5LMQ0_2021-04-20
2021-07-04 23:34:25 36      SAIC_BBG003BW05K6_2021-04-20
2021-07-04 23:34:25 37      SAIL_BBG00J0BBZL0_2021-04-20
2021-07-04 23:34:25 38      SAM_BBG000BCZBF1_2021-04-20
2021-07-04 23:34:25 38      SAVE_BBG000BF6RQ9_2021-04-20
2021-07-04 23:34:25 41      SBAC_BBG000D2M0Z7_2021-04-20
2021-07-04 23:34:25 42      SBCF_BBG000KK3464_2021-04-20
2021-07-04 23:34:25 43      SBGI_BBG000F2XXP2_2021-04-20
2021-07-04 23:34:25 44      SBH_BBG000LR8515_2021-04-20
2021-07-04 23:34:25 45      SBH: SPYKE!. Candle: ID:5, Time: 11:35, Close: 20.77
2021-07-04 23:34:25 45      SBRA_BBG000MTDW24_2021-04-20
2021-07-04 23:34:25 47      SBUX_BBG000CTQBF3_2021-04-20
2021-07-04 23:34:25 50      SCCO_BBG000BSHH72_2021-04-20
2021-07-04 23:34:25 51      SCHW_BBG000BSLZY7_2021-04-20
2021-07-04 23:34:25 54      SCI_BBG000BTHH16_2021-04-20
2021-07-04 23:34:25 55      SCSC_BBG000BHTPZ4_2021-04-20
2021-07-04 23:34:25 55      SDGR_BBG000T88BN2_2021-04-20
2021-07-04 23:34:25 57      SEDG_BBG0084BBZY6_2021-04-20
2021-07-04 23:34:25 58      SEE_BBG000C22QV7_2021-04-20
2021-07-04 23:34:25 60      SEIC_BBG000BSQLT9_2021-04-20
2021-07-04 23:34:25 61      SERV_TCS002WMH2F2_2021-04-20
2021-07-04 23:34:25 61      SF_BBG000BSS5C0_2021-04-20
2021-07-04 23:34:25 62      SFIX_BBG0046L1KL9_2021-04-20
2021-07-04 23:34:25 63      SFM_BBG001KFKQM7_2021-04-20
2021-07-04 23:34:25 64      SGEN_BBG000BH0FR6_2021-04-20
2021-07-04 23:34:25 65      SHAK_BBG0063GCHH8_2021-04-20
2021-07-04 23:34:25 66      SHEN_BBG000BTC2N0_2021-04-20
2021-07-04 23:34:25 67      SHI_BBG000BHR1H9_2021-04-20
2021-07-04 23:34:25 68      SHW_BBG000BSXQV7_2021-04-20
2021-07-04 23:34:25 69      SIG_BBG000C4ZZ10_2021-04-20
2021-07-04 23:34:25 70      SIGI_BBG000BSZ738_2021-04-20
2021-07-04 23:34:25 70      SITE_BBG009T22D49_2021-04-20
2021-07-04 23:34:25 71      SIVB_BBG000BT0CM2_2021-04-20
2021-07-04 23:34:25 73      SJI_BBG000BT0T72_2021-04-20
2021-07-04 23:34:25 73      SJM_BBG000BT1715_2021-04-20
2021-07-04 23:34:25 74      SKM_BBG000BLN497_2021-04-20
2021-07-04 23:34:25 75      SKX_BBG000C4HKK2_2021-04-20
2021-07-04 23:34:25 76      SLAB_BBG000BB99S3_2021-04-20
2021-07-04 23:34:25 77      SLB_BBG000BT41Q8_2021-04-20
2021-07-04 23:34:25 80      SLG_BBG000BVP5P2_2021-04-20
2021-07-04 23:34:25 81      SMAR_BBG00GQK3WB5_2021-04-20
2021-07-04 23:34:25 82      SMG_BBG000BT5PG5_2021-04-20
2021-07-04 23:34:25 83      SMPL_BBG00GVP5JL4_2021-04-20
2021-07-04 23:34:25 83      SMTC_BBG000DBKR53_2021-04-20
2021-07-04 23:34:25 84      SNA_BBG000BT7JW9_2021-04-20
2021-07-04 23:34:25 85      SNAP_BBG00441QMJ7_2021-04-20
2021-07-04 23:34:25 89      SNBR_BBG000DM2BF3_2021-04-20
2021-07-04 23:34:25 90      SNPS_BBG000BSFRF3_2021-04-20
2021-07-04 23:34:25 92      SNX_BBG000CL9JV4_2021-04-20
2021-07-04 23:34:25 93      SNY_BBG000BBD5N1_2021-04-20
2021-07-04 23:34:25 94      SO_BBG000BT9DW0_2021-04-20
2021-07-04 23:34:25 96      SOHU_BBG00L2DB535_2021-04-20
2021-07-04 23:34:25 97      SON_BBG000D7HF89_2021-04-20
2021-07-04 23:34:25 97      SONO_BBG001JZPSQ2_2021-04-20
2021-07-04 23:34:26 00      SP_BBG000BJ91B1_2021-04-20
2021-07-04 23:34:26 00      SPB@US_BBG000DS5588_2021-04-20
2021-07-04 23:34:26 01      SPCE_BBG00HTN2CQ3_2021-04-20
2021-07-04 23:34:26 10      SPCE: BuyPending. Strategy: MorningOpenStrategy2. Price: 21.48. Lots: 11. ChangeOpenToCurrent: -4.06. ChangePrevCloseToCurrent: -4.06. Candle: ID:1259, Time: 4:25, Close: 21.48.
2021-07-04 23:34:26 10      SPCE: OrderID: 7d7ee722. PlacedOrder. Status: New. RejectReason: 
2021-07-04 23:34:26 10      SPCE: OrderID: 7d7ee722 fully executed
2021-07-04 23:34:26 10      SPCE: Morning closing. Close price: 21.73. Lots: 11. CandleChange: -0.05%. ChangeFromCandleHigh: -0.05%. Profit: 0.25(1.16%). Candle: ID:1581, Time: 4:35, Close: 21.73
2021-07-04 23:34:26 10      SPCE: OrderID: a59d3e3e. PlacedOrder. Status: New. RejectReason: 
2021-07-04 23:34:26 12      SPCE: OrderID: a59d3e3e fully executed
2021-07-04 23:34:26 20      SPG_BBG000BJ2D31_2021-04-20
2021-07-04 23:34:26 21      SPGI_BBG000BP1Q11_2021-04-20
2021-07-04 23:34:26 23      SPLK_BBG001C7TST4_2021-04-20
2021-07-04 23:34:26 25      SPOT_BBG003T4VFC2_2021-04-20
2021-07-04 23:34:26 28      SPR_BBG000PRJ2Z9_2021-04-20
2021-07-04 23:34:26 29      SPSC_BBG000PZGB75_2021-04-20
2021-07-04 23:34:26 29      SQ_BBG0018SLC07_2021-04-20
2021-07-04 23:34:26 33      SRC_BBG0027Z6X10_2021-04-20
2021-07-04 23:34:26 34      SRCL_BBG000H3FZM6_2021-04-20
2021-07-04 23:34:26 35      SRDX_BBG000BZ2QG2_2021-04-20
2021-07-04 23:34:26 36      SRE_BBG000C2ZCH8_2021-04-20
2021-07-04 23:34:26 37      SRI_BBG000BB9Q78_2021-04-20
2021-07-04 23:34:26 38      SRPT_BBG000BCJ161_2021-04-20
2021-07-04 23:34:26 39      SSD_BBG000JLC8L8_2021-04-20
2021-07-04 23:34:26 39      SSNC_BBG000RJ2J04_2021-04-20
2021-07-04 23:34:26 41      SSTK_BBG002ZCK2V9_2021-04-20
2021-07-04 23:34:26 41      STAA_BBG000C4QB95_2021-04-20
2021-07-04 23:34:26 42      STAG_BBG000BGLFP7_2021-04-20
2021-07-04 23:34:26 43      STLD_BBG000HGYNZ9_2021-04-20
2021-07-04 23:34:26 46      STMP_BBG000CZ4KF3_2021-04-20
2021-07-04 23:34:26 46      STRA_BBG000GRZDV1_2021-04-20
2021-07-04 23:34:26 47      STT_BBG000BKFBD7_2021-04-20
2021-07-04 23:34:26 49      STX_BBG000F0KF42_2021-04-20
2021-07-04 23:34:26 49      Warning: figi `BBG000F0KF42` for history data does not match actual figi `BBG0113JGQF0`. Ticker: STX. Will be used actual!
2021-07-04 23:34:26 51      STZ_BBG000J1QLT0_2021-04-20
2021-07-04 23:34:26 52      SUPN_BBG000BP0HX7_2021-04-20
2021-07-04 23:34:26 52      SWAV_BBG005XVXML5_2021-04-20
2021-07-04 23:34:26 53      SWBI_BBG000BM0QL7_2021-04-20
2021-07-04 23:34:26 54      SWCH_BBG00HPDM5Z2_2021-04-20
2021-07-04 23:34:26 55      SWCH: SPYKE!. Candle: ID:1189, Time: 20:50, Close: 17.42
2021-07-04 23:34:26 55      SWI_BBG00M1CKSK7_2021-04-20
2021-07-04 23:34:26 56      SWK_BBG000BTQR96_2021-04-20
2021-07-04 23:34:26 57      SWKS_BBG000KLB4Q1_2021-04-20
2021-07-04 23:34:26 59      SWN_BBG000BTR593_2021-04-20
2021-07-04 23:34:26 61      SWX_BBG00FWP4JW4_2021-04-20
2021-07-04 23:34:26 62      SXI_BBG000BTT5B8_2021-04-20
2021-07-04 23:34:26 62      SXT_BBG000J79P80_2021-04-20
2021-07-04 23:34:26 63      SYF_BBG00658F3P3_2021-04-20
2021-07-04 23:34:26 65      SYK_BBG000DN7P92_2021-04-20
2021-07-04 23:34:26 66      SYKE_BBG000BBHPV4_2021-04-20
2021-07-04 23:34:26 66      SYNA_BBG000BQV1S2_2021-04-20
2021-07-04 23:34:26 67      SYNH_BBG0078Y1D92_2021-04-20
2021-07-04 23:34:26 68      SYY_BBG000BTVJ25_2021-04-20
2021-07-04 23:34:26 70      T_BBG000BSJK37_2021-04-20
2021-07-04 23:34:26 72      TAK_BBG000LF8708_2021-04-20
2021-07-04 23:34:26 73      TAL_BBG0016XJ8S0_2021-04-20
2021-07-04 23:34:26 75      TAP_BBG000BS7KS3_2021-04-20
2021-07-04 23:34:26 77      TCBI_BBG000DN4ZT1_2021-04-20
2021-07-04 23:34:26 78      TCMD_BBG001B12Z39_2021-04-20
2021-07-04 23:34:26 79      TCRR_BBG00FH3FM15_2021-04-20
2021-07-04 23:34:26 80      TCS_BBG005DXJS36_2021-04-20
2021-07-04 23:34:26 81      TCX_BBG000L69KL5_2021-04-20
2021-07-04 23:34:26 81      TDC_BBG000R0L5J4_2021-04-20
2021-07-04 23:34:26 82      TDG_BBG000L8CBX4_2021-04-20
2021-07-04 23:34:26 83      TDOC_BBG0019T5SG0_2021-04-20
2021-07-04 23:34:26 85      TDS_BBG000BV0VK7_2021-04-20
2021-07-04 23:34:26 85      TDY_BBG000BMT9T6_2021-04-20
2021-07-04 23:34:26 86      TECH_BBG000C15114_2021-04-20
2021-07-04 23:34:26 87      TEL_BBG000RGM5P1_2021-04-20
2021-07-04 23:34:26 88      TENB_BBG00LBLCD02_2021-04-20
2021-07-04 23:34:26 89      TER_BBG000BV4DR6_2021-04-20
2021-07-04 23:34:26 91      TFC_BBG000BYYLS8_2021-04-20
2021-07-04 23:34:26 93      TFX_BBG000BV59Y6_2021-04-20
2021-07-04 23:34:26 94      TGNA_BBG000BK5DP1_2021-04-20
2021-07-04 23:34:26 94      TGT_BBG000H8TVT2_2021-04-20
2021-07-04 23:34:26 96      THG_BBG000FJH8W0_2021-04-20
2021-07-04 23:34:26 96      THO_BBG000BV6R84_2021-04-20
2021-07-04 23:34:26 97      THRM_BBG000BQLM34_2021-04-20
2021-07-04 23:34:26 98      THS_BBG000GQGJT4_2021-04-20
2021-07-04 23:34:26 98      TJX_BBG000BV8DN6_2021-04-20
2021-07-04 23:34:27 00      TKR_BBG000BV95H9_2021-04-20
2021-07-04 23:34:27 01      TMHC_BBG003PGJHP5_2021-04-20
2021-07-04 23:34:27 02      TMO_BBG000BVDLH9_2021-04-20
2021-07-04 23:34:27 03      TMUS_BBG000NDV1D4_2021-04-20
2021-07-04 23:34:27 06      TMX_BBG002WMH2F2_2021-04-20
2021-07-04 23:34:27 06      TNC_BBG000JCZJS2_2021-04-20
2021-07-04 23:34:27 07      TNDM_BBG0019V9M65_2021-04-20
2021-07-04 23:34:27 07      TNET_BBG000BR2040_2021-04-20
2021-07-04 23:34:27 08      TOL_BBG000BVHBM1_2021-04-20
2021-07-04 23:34:27 09      TOT_BBG000CHZ857_2021-04-20
2021-07-04 23:34:27 09      Warning: figi `BBG000CHZ857` for history data does not match actual figi `IZHBULDINKDK`. Ticker: TOT. Will be used actual!
2021-07-04 23:34:27 10      TPH_BBG0016YQTR5_2021-04-20
2021-07-04 23:34:27 11      TPIC_BBG0016MQ7C5_2021-04-20
2021-07-04 23:34:27 12      TPR_BBG000BY29C7_2021-04-20
2021-07-04 23:34:27 14      TPTX_BBG00NPL9WH7_2021-04-20
2021-07-04 23:34:27 14      TPX_BBG000PXGT62_2021-04-20
2021-07-04 23:34:27 16      TREE_BBG000TVRB50_2021-04-20
2021-07-04 23:34:27 16      TREX_BBG000BTGKK9_2021-04-20
2021-07-04 23:34:27 17      TRHC_BBG00BT7PPY8_2021-04-20
2021-07-04 23:34:27 18      TRIP_BBG001M8HHB7_2021-04-20
2021-07-04 23:34:27 22      TRMB_BBG000BNPS52_2021-04-20
2021-07-04 23:34:27 23      TROW_BBG000BVMPN3_2021-04-20
2021-07-04 23:34:27 26      TRU_BBG002Q7J5Z1_2021-04-20
2021-07-04 23:34:27 26      TRUP_BBG002BC7WC5_2021-04-20
2021-07-04 23:34:27 27      TRV_BBG000BJ81C1_2021-04-20
2021-07-04 23:34:27 29      TSCO_BBG000BLXZN1_2021-04-20
2021-07-04 23:34:27 30      TSLA_BBG000N9MNX3_2021-04-20
2021-07-04 23:34:27 57      TSM_BBG000BD8ZK0_2021-04-20
2021-07-04 23:34:27 61      TSN_BBG000DKCC19_2021-04-20
2021-07-04 23:34:27 62      TSS_BBG000C1JTL6_2021-04-20
2021-07-04 23:34:27 63      TT_BBG000BM6788_2021-04-20
2021-07-04 23:34:27 64      TTC_BBG000BVQRY3_2021-04-20
2021-07-04 23:34:27 65      TTD_BBG00629NGT2_2021-04-20
2021-07-04 23:34:27 66      TTEK_BBG000BYZ0Q5_2021-04-20
2021-07-04 23:34:27 67      TTM_BBG000PVGDH9_2021-04-20
2021-07-04 23:34:27 68      TTMI_BBG000BYQ0B1_2021-04-20
2021-07-04 23:34:27 69      TTWO_BBG000BS1YV5_2021-04-20
2021-07-04 23:34:27 70      TW_BBG00NK8H8T2_2021-04-20
2021-07-04 23:34:27 71      TWLO_BBG0029ZX840_2021-04-20
2021-07-04 23:34:27 72      TWNK_BBG00B6KGNN1_2021-04-20
2021-07-04 23:34:27 74      TWOU_BBG001KS9450_2021-04-20
2021-07-04 23:34:27 75      TWTR_BBG000H6HNW3_2021-04-20
2021-07-04 23:34:27 79      TXG_BBG007WX14X0_2021-04-20
2021-07-04 23:34:27 80      TXN_BBG000BVV7G1_2021-04-20
2021-07-04 23:34:27 84      TXRH_BBG000PSJMV7_2021-04-20
2021-07-04 23:34:27 85      TXT_BBG000BVVQQ8_2021-04-20
2021-07-04 23:34:27 86      TYL_BBG000BVWZF9_2021-04-20
2021-07-04 23:34:27 87      UA_BBG009DTD8H2_2021-04-20
2021-07-04 23:34:27 88      UAA_BBG000BXM6V2_2021-04-20
2021-07-04 23:34:27 89      UAL_BBG000M65M61_2021-04-20
2021-07-04 23:34:28 00      UBER_BBG002B04MT8_2021-04-20
2021-07-04 23:34:28 06      UCTT_BBG000HSLV70_2021-04-20
2021-07-04 23:34:28 07      UDR_BBG000C41023_2021-04-20
2021-07-04 23:34:28 08      UFPI_BBG000BL0T06_2021-04-20
2021-07-04 23:34:28 09      UFS_BBG000BHFHP8_2021-04-20
2021-07-04 23:34:28 10      UGI_BBG000BVYN55_2021-04-20
2021-07-04 23:34:28 10      UHS_BBG000CB8Q50_2021-04-20
2021-07-04 23:34:28 11      UI_BBG001R72SR9_2021-04-20
2021-07-04 23:34:28 12      ULTA_BBG00FWQ4VD6_2021-04-20
2021-07-04 23:34:28 13      UMBF_BBG000DD8WX1_2021-04-20
2021-07-04 23:34:28 14      UNF_BBG000BW29L1_2021-04-20
2021-07-04 23:34:28 14      UNH_BBG000CH5208_2021-04-20
2021-07-04 23:34:28 17      UNM_BBG000BW2QX0_2021-04-20
2021-07-04 23:34:28 18      UNP_BBG000BW3299_2021-04-20
2021-07-04 23:34:28 19      UNVR_BBG000BDHD29_2021-04-20
2021-07-04 23:34:28 20      UPS_BBG000L9CV04_2021-04-20
2021-07-04 23:34:28 22      UPWK_BBG00FBJ6390_2021-04-20
2021-07-04 23:34:28 22      UPWK: BuyPending. Strategy: MorningOpenStrategy. Price: 46.74. Lots: 5. ChangeOpenToCurrent: -2.62. ChangePrevCloseToCurrent: 0.09. Candle: ID:11, Time: 7:00, Close: 46.74.
2021-07-04 23:34:28 22      UPWK: OrderID: 2e1a3b46. PlacedOrder. Status: New. RejectReason: 
2021-07-04 23:34:28 22      UPWK: OrderID: 2e1a3b46 partially executed. Executed lots: 3. OrderStatus: 3/5 lots
2021-07-04 23:34:28 22      UPWK: Morning closing. Close price: 47.32. Lots: 3. CandleChange: -0.02%. ChangeFromCandleHigh: -0.02%. Profit: 0.58(1.24%). Candle: ID:62, Time: 7:20, Close: 47.32
2021-07-04 23:34:28 22      UPWK: OrderID: 2fc7feca. PlacedOrder. Status: New. RejectReason: 
2021-07-04 23:34:28 22      UPWK: OrderID: 2e1a3b46 automatically canceling...
2021-07-04 23:34:28 22      UPWK: OrderID: 2fc7feca fully executed
2021-07-04 23:34:28 22      OrderID: 2e1a3b46 successfully canceled
2021-07-04 23:34:28 24      URBN_BBG000BL79J3_2021-04-20
2021-07-04 23:34:28 25      URI_BBG000BXMFC3_2021-04-20
2021-07-04 23:34:28 26      USB_BBG000FFDM15_2021-04-20
2021-07-04 23:34:28 28      USFD_BBG00C6H6D40_2021-04-20
2021-07-04 23:34:28 29      USM_BBG000BW6P59_2021-04-20
2021-07-04 23:34:28 30      USNA_BBG000BX28M0_2021-04-20
2021-07-04 23:34:28 30      USPH_BBG000CSRSG6_2021-04-20
2021-07-04 23:34:28 31      UTHR_BBG000BV4XJ1_2021-04-20
2021-07-04 23:34:28 32      UTL_BBG000BW7X97_2021-04-20
2021-07-04 23:34:28 32      UTX_BBG0089KM290_2021-04-20
2021-07-04 23:34:28 32      V_BBG000PSKYX7_2021-04-20
2021-07-04 23:34:28 36      VAC_BBG001J2R5H3_2021-04-20
2021-07-04 23:34:28 37      VALE_BBG000BN5LG7_2021-04-20
2021-07-04 23:34:28 39      VC_BBG0016T3GQ0_2021-04-20
2021-07-04 23:34:28 40      VCEL_BBG000BDCM24_2021-04-20
2021-07-04 23:34:28 41      VCRA_BBG00179VSY7_2021-04-20
2021-07-04 23:34:28 42      VCYT_BBG001J2M542_2021-04-20
2021-07-04 23:34:28 43      VEEV_BBG001CGB489_2021-04-20
2021-07-04 23:34:28 44      VEON_BBG000QCW561_2021-04-20
2021-07-04 23:34:28 45      VFC_BBG000BWCKB6_2021-04-20
2021-07-04 23:34:28 46      VG_BBG000BRB5D9_2021-04-20
2021-07-04 23:34:28 48      VIAC_BBG000C496P7_2021-04-20
2021-07-04 23:34:28 53      VICR_BBG000C3VHF1_2021-04-20
2021-07-04 23:34:28 54      VIE_BBG00K6P5XM1_2021-04-20
2021-07-04 23:34:28 54      VIPS_BBG002NLDLV8_2021-04-20
2021-07-04 23:34:28 62      VIR_BBG00H2QQ8T5_2021-04-20
2021-07-04 23:34:28 63      VLO_BBG000BBGGQ1_2021-04-20
2021-07-04 23:34:28 65      VMC_BBG000BWGYF8_2021-04-20
2021-07-04 23:34:28 66      VMI_BBG000BWB7V4_2021-04-20
2021-07-04 23:34:28 67      VMW_BBG000BC9938_2021-04-20
2021-07-04 23:34:28 68      VNDA_BBG000HT5MG6_2021-04-20
2021-07-04 23:34:28 69      VNE_BBG00K4MPP27_2021-04-20
2021-07-04 23:34:28 69      VNO_BBG000BWHD54_2021-04-20
2021-07-04 23:34:28 70      VNT_BBG00RRGSJR4_2021-04-20
2021-07-04 23:34:28 71      VPG_BBG000PRQ0V9_2021-04-20
2021-07-04 23:34:28 72      VREX_BBG00CZNLR47_2021-04-20
2021-07-04 23:34:28 72      VRNS_BBG001Y04TN6_2021-04-20
2021-07-04 23:34:28 73      VRNT_BBG000BCBYT2_2021-04-20
2021-07-04 23:34:28 75      VRSK_BBG000BCZL41_2021-04-20
2021-07-04 23:34:28 76      VRSN_BBG000BGKHZ3_2021-04-20
2021-07-04 23:34:28 76      VRSN: SPYKE!. Candle: ID:16, Time: 9:30, Close: 191.01
2021-07-04 23:34:28 77      VRTS_BBG000DMFQS2_2021-04-20
2021-07-04 23:34:28 77      VRTV_BBG005XZHR97_2021-04-20
2021-07-04 23:34:28 78      VRTX_BBG000C1S2X2_2021-04-20
2021-07-04 23:34:28 79      VTR_BBG000FRVHB9_2021-04-20
2021-07-04 23:34:28 81      VTRS_BBG00Y4RQNH4_2021-04-20
2021-07-04 23:34:28 82      VZ_BBG000HS77T5_2021-04-20
2021-07-04 23:34:28 86      W_BBG001B17MV2_2021-04-20
2021-07-04 23:34:28 87      WAB_BBG000BDD940_2021-04-20
2021-07-04 23:34:28 88      WAL_BBG000Q1KFH4_2021-04-20
2021-07-04 23:34:28 89      WAT_BBG000FQRVM3_2021-04-20
2021-07-04 23:34:28 90      WB_BBG0065XPGX9_2021-04-20
2021-07-04 23:34:28 93      WBA_BBG000BWLMJ4_2021-04-20
2021-07-04 23:34:28 95      WCC_BBG000D0FNV3_2021-04-20
2021-07-04 23:34:28 96      WDAY_BBG000VC0T95_2021-04-20
2021-07-04 23:34:28 97      WDC_BBG000BWNFZ9_2021-04-20
2021-07-04 23:34:28 99      WDFC_BBG000BWNV93_2021-04-20
2021-07-04 23:34:29 00      WEC_BBG000BWP7D9_2021-04-20
2021-07-04 23:34:29 01      WELL_BBG000BKY1G5_2021-04-20
2021-07-04 23:34:29 03      WERN_BBG000BWPP85_2021-04-20
2021-07-04 23:34:29 03      WEX_BBG000BVZP59_2021-04-20
2021-07-04 23:34:29 04      WFC_BBG000BWQFY7_2021-04-20
2021-07-04 23:34:29 07      WGO_BBG000BWS3F3_2021-04-20
2021-07-04 23:34:29 08      WH_BBG00HCY3Q67_2021-04-20
2021-07-04 23:34:29 15      WHD_BBG00JRH1P95_2021-04-20
2021-07-04 23:34:29 16      WHR_BBG000BWSV34_2021-04-20
2021-07-04 23:34:29 17      WING_BBG008N298Y8_2021-04-20
2021-07-04 23:34:29 18      WK_BBG007BVZ8H9_2021-04-20
2021-07-04 23:34:29 19      WLK_BBG000PXZFW2_2021-04-20
2021-07-04 23:34:29 19      WLTW_BBG000DB3KT1_2021-04-20
2021-07-04 23:34:29 20      WM_BBG000BWVSR1_2021-04-20
2021-07-04 23:34:29 21      WMB_BBG000BWVCP8_2021-04-20
2021-07-04 23:34:29 23      WMT_BBG000BWXBC2_2021-04-20
2021-07-04 23:34:29 26      WOR_BBG000HL7499_2021-04-20
2021-07-04 23:34:29 27      WORK_BBG007G7V505_2021-04-20
2021-07-04 23:34:29 28      WRB_BBG000BD1HP2_2021-04-20
2021-07-04 23:34:29 29      WRK_BBG008NXC572_2021-04-20
2021-07-04 23:34:29 30      WRLD_BBG000C3G9J2_2021-04-20
2021-07-04 23:34:29 30      WSC_BBG00B0FS947_2021-04-20
2021-07-04 23:34:29 31      WSM_BBG000FSMWC3_2021-04-20
2021-07-04 23:34:29 32      WSO_BBG000DJN7L9_2021-04-20
2021-07-04 23:34:29 33      WST_BBG000BX24N8_2021-04-20
2021-07-04 23:34:29 34      WTFC_BBG000HD3DW5_2021-04-20
2021-07-04 23:34:29 34      WTFC: SPYKE!. Candle: ID:6, Time: 13:30, Close: 76.55
2021-07-04 23:34:29 35      WTS_BBG000C4Z6C2_2021-04-20
2021-07-04 23:34:29 35      WTTR_BBG00G4Y2DC1_2021-04-20
2021-07-04 23:34:29 37      WU_BBG000BB5373_2021-04-20
2021-07-04 23:34:29 38      WWD_BBG000BD53V2_2021-04-20
2021-07-04 23:34:29 38      WWE_BBG000F5YH15_2021-04-20
2021-07-04 23:34:29 39      WWW_BBG000BX2YN2_2021-04-20
2021-07-04 23:34:29 40      WY_BBG000BX3BL3_2021-04-20
2021-07-04 23:34:29 41      WYNN_BBG000LD9JQ8_2021-04-20
2021-07-04 23:34:29 43      XEC_BBG000D6L294_2021-04-20
2021-07-04 23:34:29 44      XEL_BBG000BCTQ65_2021-04-20
2021-07-04 23:34:29 46      XLNX_BBG000C0F570_2021-04-20
2021-07-04 23:34:29 49      XLRN_BBG000R5HWZ1_2021-04-20
2021-07-04 23:34:29 50      XNCR_BBG0026ZG4W0_2021-04-20
2021-07-04 23:34:29 50      XOM_BBG000GZQ728_2021-04-20
2021-07-04 23:34:29 54      XPO_BBG000L5CJF3_2021-04-20
2021-07-04 23:34:29 56      XRAY_BBG000BX57K1_2021-04-20
2021-07-04 23:34:29 57      XRX_BBG00NNG2ZJ8_2021-04-20
2021-07-04 23:34:29 58      XYL_BBG001D8R5D0_2021-04-20
2021-07-04 23:34:29 59      Y_BBG000BX6BJ3_2021-04-20
2021-07-04 23:34:29 60      YELP_BBG000Q2HM09_2021-04-20
2021-07-04 23:34:29 60      YETI_BBG00D8JC882_2021-04-20
2021-07-04 23:34:29 61      YEXT_BBG001MKZGY7_2021-04-20
2021-07-04 23:34:29 62      YUM_BBG000BH3GZ2_2021-04-20
2021-07-04 23:34:29 63      YUMC_BBG00B8N0HG1_2021-04-20
2021-07-04 23:34:29 64      YY_BBG003H0XV18_2021-04-20
2021-07-04 23:34:29 65      Z_BBG009NRSWJ4_2021-04-20
2021-07-04 23:34:29 67      ZBH_BBG000BKPL53_2021-04-20
2021-07-04 23:34:29 68      ZBRA_BBG000CC7LQ7_2021-04-20
2021-07-04 23:34:29 69      ZEN_BBG001HRFJG4_2021-04-20
2021-07-04 23:34:29 70      ZG_BBG000D13GN8_2021-04-20
2021-07-04 23:34:29 71      ZGNX_BBG000VDC3G9_2021-04-20
2021-07-04 23:34:29 72      ZI_BBG00S1HJ3M8_2021-04-20
2021-07-04 23:34:29 73      ZION_BBG000BX9WL1_2021-04-20
2021-07-04 23:34:29 76      ZM_BBG0042V6JM8_2021-04-20
2021-07-04 23:34:29 79      ZNH_BBG000BXQ7R1_2021-04-20
2021-07-04 23:34:29 79      ZS_BBG003338H34_2021-04-20
2021-07-04 23:34:29 81      ZTS_BBG0039320N9_2021-04-20
2021-07-04 23:34:29 82      ZUMZ_BBG000PYX812_2021-04-20
2021-07-04 23:34:29 82      ZUO_BBG000BT3HG5_2021-04-20
2021-07-04 23:34:29 83      ZYNE_BBG007BBS8B7_2021-04-20
2021-07-04 23:34:29 86      ZYNE: BuyPending. Strategy: MorningOpenStrategy. Price: 3.8. Lots: 65. ChangeOpenToCurrent: -2.56. ChangePrevCloseToCurrent: -2.31. Candle: ID:5, Time: 4:00, Close: 3.8.
2021-07-04 23:34:29 86      ZYNE: OrderID: f0d4055a. PlacedOrder. Status: New. RejectReason: 
2021-07-04 23:34:29 86      ZYNE: Cancel order. Did not bought at market open. Candle: ID:80, Time: 4:05, Close: 3.9
2021-07-04 23:34:29 86      OrderID: f0d4055a successfully canceled
2021-07-04 23:34:29 88      ZYXI_BBG000BJBXZ2_2021-04-20
2021-07-04 23:34:29 89      Total candles read: 4251452
2021-07-04 23:34:29 89      Start DisposeAsync...
2021-07-04 23:34:29 90      Trade statistic. Total/Pos/Neg/(ratio): 6/4/2/(2); Profit: 6.15/1.02; Volume: 0; MaxVolume: 766.22; Commission: 1.453915;
2021-07-04 23:34:29 90      BaseBot::DisposeAsync...
2021-07-04 23:34:29 90      BaseBot::DisposeAsync done!
2021-07-04 23:34:29 90      End DisposeAsync...
