2021-06-11 21:54:22 28      mode=TestTradeBot;DumpQuotes=false;SubscribeQuotes=false;Strategies=MorningOpenStrategy;Token=token.txt;ConfigPath=usd.json;OutputFolder=.\new\;CandlesPath=C:\tinkoff\TestData\RawQuotes\5m\uncompressed\quotes_2021-01-13;
2021-06-11 21:54:22 28      Trade bot created
2021-06-11 21:54:22 30      Fake connection created
2021-06-11 21:54:28 43       Error! Unknown ticker: EV
2021-06-11 21:54:28 43       Error! Unknown ticker: IMMU
2021-06-11 21:54:28 43       Error! Unknown ticker: LM
2021-06-11 21:54:28 43       Error! Unknown ticker: LOGM
2021-06-11 21:54:28 43       Error! Unknown ticker: LVGO
2021-06-11 21:54:28 44       Error! Unknown ticker: MTSC
2021-06-11 21:54:28 44       Error! Unknown ticker: MYL
2021-06-11 21:54:28 44       Error! Unknown ticker: MYOK
2021-06-11 21:54:28 44       Error! Unknown ticker: NBL
2021-06-11 21:54:28 44       Error! Unknown ticker: PRSC
2021-06-11 21:54:28 44       Error! Unknown ticker: PS
2021-06-11 21:54:28 44       Error! Unknown ticker: RP
2021-06-11 21:54:28 44       Error! Unknown ticker: SINA
2021-06-11 21:54:28 44       Error! Unknown ticker: TECD
2021-06-11 21:54:28 44       Error! Unknown ticker: TIF
2021-06-11 21:54:28 44       Error! Unknown ticker: VAR
2021-06-11 21:54:28 44       Error! Unknown ticker: VRTU
2021-06-11 21:54:28 44       Error! Unknown ticker: WYND
2021-06-11 21:54:28 45      List of disabled tickers: 
2021-06-11 21:54:28 46      AA_BBG00B3T3HD3_2021-01-13
2021-06-11 21:54:28 52      AAL_BBG005P7Q881_2021-01-13
2021-06-11 21:54:28 57      AAPL_BBG000B9XRY4_2021-01-13
2021-06-11 21:54:28 80      ABBV_BBG0025Y4RY4_2021-01-13
2021-06-11 21:54:28 84      ABNB_BBG001Y2XS07_2021-01-13
2021-06-11 21:54:28 92      ABT_BBG000B9ZXB4_2021-01-13
2021-06-11 21:54:28 95      ACAD_BBG000BHG9K0_2021-01-13
2021-06-11 21:54:28 97      ACH_BBG000CMRVH1_2021-01-13
2021-06-11 21:54:28 98      ADBE_BBG000BB5006_2021-01-13
2021-06-11 21:54:29 02      ADM_BBG000BB6WG8_2021-01-13
2021-06-11 21:54:29 04      ADSK_BBG000BM7HL0_2021-01-13
2021-06-11 21:54:29 06      AES_BBG000C23KJ3_2021-01-13
2021-06-11 21:54:29 09      AFL_BBG000BBBNC6_2021-01-13
2021-06-11 21:54:29 10      AIG_BBG000BBDZG3_2021-01-13
2021-06-11 21:54:29 12      ALK_BBG000BBL0Y1_2021-01-13
2021-06-11 21:54:29 14      AMAT_BBG000BBPFB9_2021-01-13
2021-06-11 21:54:29 17      AMD_BBG000BBQCY0_2021-01-13
2021-06-11 21:54:29 25      AMGN_BBG000BBS2Y0_2021-01-13
2021-06-11 21:54:29 28      AMZN_BBG000BVPV84_2021-01-13
2021-06-11 21:54:29 36      ANGI_BBG00HVKH3Q0_2021-01-13
2021-06-11 21:54:29 38      APA_BBG000BC2C10_2021-01-13
2021-06-11 21:54:29 38      Warning: figi `BBG000BC2C10` for history data does not match actual figi `BBG00YTS96G2`. Ticker: APA. Will be used actual!
2021-06-11 21:54:29 41      APLE_BBG006473QX9_2021-01-13
2021-06-11 21:54:29 43      ARCT_BBG00NNW8JK1_2021-01-13
2021-06-11 21:54:29 48      ATRA_BBG005Q3MQY4_2021-01-13
2021-06-11 21:54:29 51      ATVI_BBG000CVWGS6_2021-01-13
2021-06-11 21:54:29 54      AVGO_BBG00KHY5S69_2021-01-13
2021-06-11 21:54:29 57      AXP_BBG000BCQZS4_2021-01-13
2021-06-11 21:54:29 61      BA_BBG000BCSST7_2021-01-13
2021-06-11 21:54:29 65      BABA_BBG006G2JVL2_2021-01-13
2021-06-11 21:54:29 84      BAC_BBG000BCTLF6_2021-01-13
2021-06-11 21:54:29 88      BBY_BBG000BCWCG1_2021-01-13
2021-06-11 21:54:29 91      BEN_BBG000BD0TF8_2021-01-13
2021-06-11 21:54:29 93      BIDU_BBG000QXWHD1_2021-01-13
2021-06-11 21:54:30 03      BIIB_BBG000C17X76_2021-01-13
2021-06-11 21:54:30 04      BILI_BBG00K7T3037_2021-01-13
2021-06-11 21:54:30 07      BK_BBG000BD8PN9_2021-01-13
2021-06-11 21:54:30 09      BKR_BBG00GBVBK51_2021-01-13
2021-06-11 21:54:30 10      BLDR_BBG000BKD3K9_2021-01-13
2021-06-11 21:54:30 12      BLUE_BBG000QGWY50_2021-01-13
2021-06-11 21:54:30 15      BMRN_BBG000CZWZ05_2021-01-13
2021-06-11 21:54:30 17      BMY_BBG000DQLV23_2021-01-13
2021-06-11 21:54:30 21      BRK.B_BBG000DWG505_2021-01-13
2021-06-11 21:54:30 23      BSX_BBG000C0LW92_2021-01-13
2021-06-11 21:54:30 26      BTI_BBG000BWPXQ8_2021-01-13
2021-06-11 21:54:30 29      BYND_BBG003CVJP50_2021-01-13
2021-06-11 21:54:30 33      BZUN_BBG008HNS333_2021-01-13
2021-06-11 21:54:30 35      C_BBG000FY4S11_2021-01-13
2021-06-11 21:54:30 39      CAG_BBG000BDXGP9_2021-01-13
2021-06-11 21:54:30 42      CAH_BBG000D898T9_2021-01-13
2021-06-11 21:54:30 44      CARG_BBG00HQ77DS2_2021-01-13
2021-06-11 21:54:30 45      CARR_BBG00RP5HYS8_2021-01-13
2021-06-11 21:54:30 47      CAT_BBG000BF0K17_2021-01-13
2021-06-11 21:54:30 49      CBRE_BBG000C04224_2021-01-13
2021-06-11 21:54:30 51      CCL_BBG000BF6LY3_2021-01-13
2021-06-11 21:54:30 56      CDW_BBG001P63B80_2021-01-13
2021-06-11 21:54:30 57      CF_BBG000BWJFZ4_2021-01-13
2021-06-11 21:54:30 58      CF: SPYKE!. Candle: ID:2985, Time: 22:35, Close: 46.94
2021-06-11 21:54:30 59      CFG_BBG006Q0HY77_2021-01-13
2021-06-11 21:54:30 61      CHGG_BBG0014XR0N5_2021-01-13
2021-06-11 21:54:30 62      CHNG_BBG0059KNH10_2021-01-13
2021-06-11 21:54:30 64      CHX_BBG00JH9TZ56_2021-01-13
2021-06-11 21:54:30 66      CL_BBG000BFQYY3_2021-01-13
2021-06-11 21:54:30 68      CLF_BBG000BFRF55_2021-01-13
2021-06-11 21:54:30 70      CLR_BBG000BHBGN6_2021-01-13
2021-06-11 21:54:30 71      CMA_BBG000C75N77_2021-01-13
2021-06-11 21:54:30 72      CMCSA_BBG000BFT2L4_2021-01-13
2021-06-11 21:54:30 75      CMS_BBG000BFVXX0_2021-01-13
2021-06-11 21:54:30 77      CNC_BBG000BDXCJ5_2021-01-13
2021-06-11 21:54:30 79      CNK_BBG000QDVR53_2021-01-13
2021-06-11 21:54:30 82      CNP_BBG000FDBX90_2021-01-13
2021-06-11 21:54:30 85      COG_BBG000C3GN47_2021-01-13
2021-06-11 21:54:30 87      COP_BBG000BQQH30_2021-01-13
2021-06-11 21:54:30 91      CORT_BBG000BKJG33_2021-01-13
2021-06-11 21:54:30 92      COST_BBG000F6H8W8_2021-01-13
2021-06-11 21:54:30 95      COTY_BBG000F395V1_2021-01-13
2021-06-11 21:54:30 98      CPB_BBG000BG4202_2021-01-13
2021-06-11 21:54:31 00      CRM_BBG000BN2DC2_2021-01-13
2021-06-11 21:54:31 04      CROX_BBG000BLY663_2021-01-13
2021-06-11 21:54:31 05      CRUS_BBG000C1DHF5_2021-01-13
2021-06-11 21:54:31 07      CSCO_BBG000C3J3C9_2021-01-13
2021-06-11 21:54:31 11      CSX_BBG000BGJRC8_2021-01-13
2021-06-11 21:54:31 13      CTSH_BBG000BBDV81_2021-01-13
2021-06-11 21:54:31 15      CTVA_BBG00BN969C1_2021-01-13
2021-06-11 21:54:31 18      CVS_BBG000BGRY34_2021-01-13
2021-06-11 21:54:31 20      CVX_BBG000K4ND22_2021-01-13
2021-06-11 21:54:31 24      D_BBG000BGVW60_2021-01-13
2021-06-11 21:54:31 25      DAL_BBG000R7Z112_2021-01-13
2021-06-11 21:54:31 29      DBX_BBG0018SLDN0_2021-01-13
2021-06-11 21:54:31 32      DFS_BBG000QBR5J5_2021-01-13
2021-06-11 21:54:31 34      DHI_BBG000DQTXY6_2021-01-13
2021-06-11 21:54:31 36      DHR_BBG000BH3JF8_2021-01-13
2021-06-11 21:54:31 38      DIS_BBG000BH4R78_2021-01-13
2021-06-11 21:54:31 42      DISCA_BBG000CHWP52_2021-01-13
2021-06-11 21:54:31 46      DKNG_BBG00TCBG714_2021-01-13
2021-06-11 21:54:31 49      DOCU_BBG000N7KJX8_2021-01-13
2021-06-11 21:54:31 53      DOW_BBG00BN96922_2021-01-13
2021-06-11 21:54:31 56      DT_BBG00PNN7C40_2021-01-13
2021-06-11 21:54:31 58      DVN_BBG000BBVJZ8_2021-01-13
2021-06-11 21:54:31 60      DXC_BBG00FN64XT9_2021-01-13
2021-06-11 21:54:31 61      DXCM_BBG000QTF8K1_2021-01-13
2021-06-11 21:54:31 63      EA_BBG000BP0KQ8_2021-01-13
2021-06-11 21:54:31 66      EBAY_BBG000C43RR5_2021-01-13
2021-06-11 21:54:31 68      ED_BBG000BHLYS1_2021-01-13
2021-06-11 21:54:31 71      EDIT_BBG005MX5GZ2_2021-01-13
2021-06-11 21:54:31 73      ELAN_BBG00LJYS1P8_2021-01-13
2021-06-11 21:54:31 73      EMR_BBG000BHX7N2_2021-01-13
2021-06-11 21:54:31 76      ENDP_BBG000C0HQ54_2021-01-13
2021-06-11 21:54:31 77      ENPH_BBG001R3MNY9_2021-01-13
2021-06-11 21:54:31 81      EOG_BBG000BZ9223_2021-01-13
2021-06-11 21:54:31 83      EQT_BBG000BHZ5J9_2021-01-13
2021-06-11 21:54:31 87      ET_BBG000BM2FL9_2021-01-13
2021-06-11 21:54:31 89      ETRN_BBG00K53L394_2021-01-13
2021-06-11 21:54:31 90      ETSY_BBG000N7MXL8_2021-01-13
2021-06-11 21:54:31 93      EVH_BBG005CHLM96_2021-01-13
2021-06-11 21:54:31 94      EW_BBG000BRXP69_2021-01-13
2021-06-11 21:54:31 96      EXEL_BBG000BQ4WF8_2021-01-13
2021-06-11 21:54:31 97      EXPD_BBG000BJ5GK2_2021-01-13
2021-06-11 21:54:31 99      F_BBG000BQPC32_2021-01-13
2021-06-11 21:54:32 01      FANG_BBG002PHSYX9_2021-01-13
2021-06-11 21:54:32 03      FATE_BBG000QP35H2_2021-01-13
2021-06-11 21:54:32 04      FB_BBG000MM2P62_2021-01-13
2021-06-11 21:54:32 14      FCX_BBG000BJDB15_2021-01-13
2021-06-11 21:54:32 17      FDX_BBG000BJF1Z8_2021-01-13
2021-06-11 21:54:32 19      FIS_BBG000BK2F42_2021-01-13
2021-06-11 21:54:32 22      FISV_BBG000BJKPG0_2021-01-13
2021-06-11 21:54:32 25      FL_BBG000BX8DC4_2021-01-13
2021-06-11 21:54:32 26      FLIR_BBG000BHK836_2021-01-13
2021-06-11 21:54:32 28      FOX_BBG00JHNKJY8_2021-01-13
2021-06-11 21:54:32 28      FOXA_BBG00JHNJW99_2021-01-13
2021-06-11 21:54:32 28      FRHC_BBG000N625H8_2021-01-13
2021-06-11 21:54:32 29      FSLR_BBG000BFL116_2021-01-13
2021-06-11 21:54:32 31      FSLY_BBG004NLQHL0_2021-01-13
2021-06-11 21:54:32 33      FTI_BBG00DL8NMV2_2021-01-13
2021-06-11 21:54:32 36      FTNT_BBG000BCMBG4_2021-01-13
2021-06-11 21:54:32 37      FTV_BBG00BLVZ228_2021-01-13
2021-06-11 21:54:32 38      GE_BBG000BK6MB5_2021-01-13
2021-06-11 21:54:32 40      GILD_BBG000CKGBP2_2021-01-13
2021-06-11 21:54:32 43      GIS_BBG000BKCFC2_2021-01-13
2021-06-11 21:54:32 45      GLW_BBG000BKFZM4_2021-01-13
2021-06-11 21:54:32 46      GM_BBG000NDYB67_2021-01-13
2021-06-11 21:54:32 52      GOOG_BBG009S3NB30_2021-01-13
2021-06-11 21:54:32 54      GOOGL_BBG009S39JX6_2021-01-13
2021-06-11 21:54:32 57      GPS_BBG000BKLH74_2021-01-13
2021-06-11 21:54:32 59      GRMN_BBG000C4LN67_2021-01-13
2021-06-11 21:54:32 60      GS_BBG000C6CFJ5_2021-01-13
2021-06-11 21:54:32 62      GSKY_BBG00KT2SCV8_2021-01-13
2021-06-11 21:54:32 63      GT_BBG000BKNX95_2021-01-13
2021-06-11 21:54:32 65      HA_BBG000BC4185_2021-01-13
2021-06-11 21:54:32 66      HAL_BBG000BKTFN2_2021-01-13
2021-06-11 21:54:32 68      HAS_BBG000BKVJK4_2021-01-13
2021-06-11 21:54:32 69      HBAN_BBG000BKWSR6_2021-01-13
2021-06-11 21:54:32 70      HBI_BBG000D2ZTS8_2021-01-13
2021-06-11 21:54:32 71      HCA_BBG000QW7VC1_2021-01-13
2021-06-11 21:54:32 72      HD_BBG000BKZB36_2021-01-13
2021-06-11 21:54:32 74      HFC_BBG000BL9JQ1_2021-01-13
2021-06-11 21:54:32 75      HIG_BBG000G0Z878_2021-01-13
2021-06-11 21:54:32 76      HLT_BBG0058KMH30_2021-01-13
2021-06-11 21:54:32 77      HOG_BBG000BKZTP3_2021-01-13
2021-06-11 21:54:32 78      HP_BBG000BLCPY4_2021-01-13
2021-06-11 21:54:32 79      HPE_BBG0078W3NQ3_2021-01-13
2021-06-11 21:54:32 80      HPQ_BBG000KHWT55_2021-01-13
2021-06-11 21:54:32 81      HRB_BBG000BLDV98_2021-01-13
2021-06-11 21:54:32 82      HRL_BBG000BLF8D2_2021-01-13
2021-06-11 21:54:32 83      HRTX_BBG000G2GJT7_2021-01-13
2021-06-11 21:54:32 85      HSIC_BBG000BNMMJ3_2021-01-13
2021-06-11 21:54:32 85      HST_BBG000BL8804_2021-01-13
2021-06-11 21:54:32 87      HWM_BBG00DYNJGH9_2021-01-13
2021-06-11 21:54:32 88      IBM_BBG000BLNNH6_2021-01-13
2021-06-11 21:54:32 90      IBN_BBG000DRM643_2021-01-13
2021-06-11 21:54:32 91      IIVI_BBG000BLW102_2021-01-13
2021-06-11 21:54:32 92      IIVI: SPYKE!. Candle: ID:35, Time: 13:00, Close: 90.44
2021-06-11 21:54:32 92      INCY_BBG000BNPSQ9_2021-01-13
2021-06-11 21:54:32 94      INTC_BBG000C0G1D1_2021-01-13
2021-06-11 21:54:33 14      INTU_BBG000BH5DV1_2021-01-13
2021-06-11 21:54:33 17      IOVA_BBG000FTLBV7_2021-01-13
2021-06-11 21:54:33 17      IP_BBG000BM5SR2_2021-01-13
2021-06-11 21:54:33 19      IR_BBG002R1CW27_2021-01-13
2021-06-11 21:54:33 20      IRM_BBG000KCZPC3_2021-01-13
2021-06-11 21:54:33 22      IVZ_BBG000BY2Y78_2021-01-13
2021-06-11 21:54:33 23      JBHT_BBG000BMDBZ1_2021-01-13
2021-06-11 21:54:33 23      JCI_BBG000BVWLJ6_2021-01-13
2021-06-11 21:54:33 25      JD_BBG005YHY0Q7_2021-01-13
2021-06-11 21:54:33 28      JNJ_BBG000BMHYD1_2021-01-13
2021-06-11 21:54:33 31      JPM_BBG000DMBXR2_2021-01-13
2021-06-11 21:54:33 36      JWN_BBG000G8N9C6_2021-01-13
2021-06-11 21:54:33 38      K_BBG000BMKDM3_2021-01-13
2021-06-11 21:54:33 39      KDP_BBG000TJM7F0_2021-01-13
2021-06-11 21:54:33 40      KEY_BBG000BMQPL1_2021-01-13
2021-06-11 21:54:33 42      KHC_BBG005CPNTQ2_2021-01-13
2021-06-11 21:54:33 44      KIM_BBG000CN3S73_2021-01-13
2021-06-11 21:54:33 45      KMI_BBG0019JZ882_2021-01-13
2021-06-11 21:54:33 46      KO_BBG000BMX289_2021-01-13
2021-06-11 21:54:33 50      KR_BBG000BMY992_2021-01-13
2021-06-11 21:54:33 52      LITE_BBG0073F9RT7_2021-01-13
2021-06-11 21:54:33 53      LNT_BBG000DW4Q75_2021-01-13
2021-06-11 21:54:33 55      LRCX_BBG000BNFLM9_2021-01-13
2021-06-11 21:54:33 56      LTHM_BBG00LV3NRG0_2021-01-13
2021-06-11 21:54:33 58      LUMN_BBG000BGLRN3_2021-01-13
2021-06-11 21:54:33 59      LUV_BBG000BNJHS8_2021-01-13
2021-06-11 21:54:33 61      LVS_BBG000JWD753_2021-01-13
2021-06-11 21:54:33 63      LYB_BBG000WCFV84_2021-01-13
2021-06-11 21:54:33 64      LYFT_BBG004M9ZHX5_2021-01-13
2021-06-11 21:54:33 66      LYV_BBG000FQ7YR4_2021-01-13
2021-06-11 21:54:33 67      M_BBG000C46HM9_2021-01-13
2021-06-11 21:54:33 69      MA_BBG000F1ZSQ2_2021-01-13
2021-06-11 21:54:33 71      MAC_BBG000BL9C59_2021-01-13
2021-06-11 21:54:33 73      MAR_BBG000BGD7W6_2021-01-13
2021-06-11 21:54:33 74      MAS_BBG000BNNKG9_2021-01-13
2021-06-11 21:54:33 75      MBT_BBG000CSZKR2_2021-01-13
2021-06-11 21:54:33 76      MCD_BBG000BNSZP1_2021-01-13
2021-06-11 21:54:33 78      MDRX_BBG000BLDXH5_2021-01-13
2021-06-11 21:54:33 79      MFGP_BBG00HFWVGN0_2021-01-13
2021-06-11 21:54:33 80      MIDD_BBG000DQN9R3_2021-01-13
2021-06-11 21:54:33 80      MLCO_BBG000BHP8J4_2021-01-13
2021-06-11 21:54:33 81      MLCO: SPYKE!. Candle: ID:3014, Time: 22:30, Close: 17.7
2021-06-11 21:54:33 82      MMC_BBG000BP4MH0_2021-01-13
2021-06-11 21:54:33 82      MMM_BBG000BP52R2_2021-01-13
2021-06-11 21:54:33 84      MNST_BBG008NVB1C0_2021-01-13
2021-06-11 21:54:33 85      MO_BBG000BP6LJ8_2021-01-13
2021-06-11 21:54:33 87      MOMO_BBG007HTCQT0_2021-01-13
2021-06-11 21:54:33 93      MOS_BBG000BFXHL6_2021-01-13
2021-06-11 21:54:33 95      MPC_BBG001DCCGR8_2021-01-13
2021-06-11 21:54:33 98      MRK_BBG000BPD168_2021-01-13
2021-06-11 21:54:34 00      MRNA_BBG003PHHZT1_2021-01-13
2021-06-11 21:54:34 07      MRO_BBG000C8H633_2021-01-13
2021-06-11 21:54:34 08      MRO: SPYKE!. Candle: ID:402, Time: 12:30, Close: 8.46
2021-06-11 21:54:34 09      MS_BBG000BLZRJ2_2021-01-13
2021-06-11 21:54:34 12      MSFT_BBG000BPH459_2021-01-13
2021-06-11 21:54:34 21      MU_BBG000C5Z1S3_2021-01-13
2021-06-11 21:54:34 26      MUR_BBG000BPMH90_2021-01-13
2021-06-11 21:54:34 27      NAVI_BBG004MN1R41_2021-01-13
2021-06-11 21:54:34 28      NEM_BBG000BPWXK1_2021-01-13
2021-06-11 21:54:34 30      NEO_BBG000BKH263_2021-01-13
2021-06-11 21:54:34 31      NET_BBG001WMKHH5_2021-01-13
2021-06-11 21:54:34 33      NFLX_BBG000CL9VN6_2021-01-13
2021-06-11 21:54:34 37      NKE_BBG000C5HS04_2021-01-13
2021-06-11 21:54:34 40      NLOK_BBG000BH2JM1_2021-01-13
2021-06-11 21:54:34 41      NLSN_BBG0088CYPX8_2021-01-13
2021-06-11 21:54:34 43      NOK_BBG000BNGBW9_2021-01-13
2021-06-11 21:54:34 44      NOV_BBG000BJX8C8_2021-01-13
2021-06-11 21:54:34 45      NRG_BBG000D8RG11_2021-01-13
2021-06-11 21:54:34 47      NTAP_BBG000FP1N32_2021-01-13
2021-06-11 21:54:34 48      NTES_BBG000BX72V8_2021-01-13
2021-06-11 21:54:34 50      NTLA_BBG007KC7PB0_2021-01-13
2021-06-11 21:54:34 51      NTNX_BBG001NDW1Z7_2021-01-13
2021-06-11 21:54:34 52      NTRS_BBG000BQ74K1_2021-01-13
2021-06-11 21:54:34 53      NVDA_BBG000BBJQV0_2021-01-13
2021-06-11 21:54:34 57      NVTA_BBG005DJFD43_2021-01-13
2021-06-11 21:54:34 60      NWL_BBG000BQC9V2_2021-01-13
2021-06-11 21:54:34 61      NWSA_BBG0035LY913_2021-01-13
2021-06-11 21:54:34 61      NXPI_BBG000BND699_2021-01-13
2021-06-11 21:54:34 63      O_BBG000DHPN63_2021-01-13
2021-06-11 21:54:34 65      OIS_BBG000BDDN94_2021-01-13
2021-06-11 21:54:34 67      OKE_BBG000BQHGR6_2021-01-13
2021-06-11 21:54:34 68      ON_BBG000DV7MX4_2021-01-13
2021-06-11 21:54:34 70      ORCL_BBG000BQLTW7_2021-01-13
2021-06-11 21:54:34 72      OSUR_BBG000J3D1Y8_2021-01-13
2021-06-11 21:54:34 73      OVV_BBG00R2NHQ65_2021-01-13
2021-06-11 21:54:34 74      OXY_BBG000BQQ2S6_2021-01-13
2021-06-11 21:54:34 78      PAGS_BBG00JM7QBR6_2021-01-13
2021-06-11 21:54:34 78      PBCT_BBG000BQT4L6_2021-01-13
2021-06-11 21:54:34 80      PBF_BBG002832GV8_2021-01-13
2021-06-11 21:54:34 82      PBI_BBG000BQTMJ9_2021-01-13
2021-06-11 21:54:34 83      PCG_BBG000BQWPC5_2021-01-13
2021-06-11 21:54:34 84      PDCO_BBG000BQY289_2021-01-13
2021-06-11 21:54:34 85      PEP_BBG000DH7JK6_2021-01-13
2021-06-11 21:54:34 87      PFE_BBG000BR2B91_2021-01-13
2021-06-11 21:54:34 92      PG_BBG000BR2TH3_2021-01-13
2021-06-11 21:54:34 95      PGR_BBG000BR37X2_2021-01-13
2021-06-11 21:54:34 97      PHM_BBG000BR54L0_2021-01-13
2021-06-11 21:54:34 98      PINS_BBG002583CV8_2021-01-13
2021-06-11 21:54:35 01      PLAY_BBG001WWJTK5_2021-01-13
2021-06-11 21:54:35 02      PLCE_BBG000JK9DK4_2021-01-13
2021-06-11 21:54:35 02      PLCE: SPYKE!. Candle: ID:67, Time: 13:45, Close: 56
2021-06-11 21:54:35 02      PLCE: SPYKE!. Candle: ID:89, Time: 13:55, Close: 53.15
2021-06-11 21:54:35 03      PLNT_BBG009H04M17_2021-01-13
2021-06-11 21:54:35 03      PM_BBG000J2XL74_2021-01-13
2021-06-11 21:54:35 05      PPC_BBG000BFLXV3_2021-01-13
2021-06-11 21:54:35 06      PPL_BBG000BRJL00_2021-01-13
2021-06-11 21:54:35 07      PRU_BBG000HCJMF9_2021-01-13
2021-06-11 21:54:35 08      PSTG_BBG00212PVZ5_2021-01-13
2021-06-11 21:54:35 09      PSX_BBG00286S4N9_2021-01-13
2021-06-11 21:54:35 11      PTON_BBG00JG0FFZ2_2021-01-13
2021-06-11 21:54:35 14      PYPL_BBG0077VNXV6_2021-01-13
2021-06-11 21:54:35 19      QCOM_BBG000CGC1X8_2021-01-13
2021-06-11 21:54:35 22      QDEL_BBG000C6GN04_2021-01-13
2021-06-11 21:54:35 24      RCL_BBG000BB5792_2021-01-13
2021-06-11 21:54:35 25      RDS.A_BBG000QXSSS6_2021-01-13
2021-06-11 21:54:35 27      REG_BBG000BL46Q4_2021-01-13
2021-06-11 21:54:35 28      REGN_BBG000C734W3_2021-01-13
2021-06-11 21:54:35 30      RF_BBG000Q3JN03_2021-01-13
2021-06-11 21:54:35 32      ROKU_BBG001ZZPQJ6_2021-01-13
2021-06-11 21:54:35 35      RRC_BBG000FVXD63_2021-01-13
2021-06-11 21:54:35 36      RRGB_BBG000MXH9C1_2021-01-13
2021-06-11 21:54:35 37      RTX_BBG000BW8S60_2021-01-13
2021-06-11 21:54:35 39      SAVE_BBG000BF6RQ9_2021-01-13
2021-06-11 21:54:35 40      SBGI_BBG000F2XXP2_2021-01-13
2021-06-11 21:54:35 41      SBUX_BBG000CTQBF3_2021-01-13
2021-06-11 21:54:35 44      SCHW_BBG000BSLZY7_2021-01-13
2021-06-11 21:54:35 47      SEDG_BBG0084BBZY6_2021-01-13
2021-06-11 21:54:35 49      SIG_BBG000C4ZZ10_2021-01-13
2021-06-11 21:54:35 50      SLB_BBG000BT41Q8_2021-01-13
2021-06-11 21:54:35 52      SLG_BBG000BVP5P2_2021-01-13
2021-06-11 21:54:35 53      SMAR_BBG00GQK3WB5_2021-01-13
2021-06-11 21:54:35 54      SNAP_BBG00441QMJ7_2021-01-13
2021-06-11 21:54:35 56      SNY_BBG000BBD5N1_2021-01-13
2021-06-11 21:54:35 57      SO_BBG000BT9DW0_2021-01-13
2021-06-11 21:54:35 59      SPCE_BBG00HTN2CQ3_2021-01-13
2021-06-11 21:54:35 65      SPG_BBG000BJ2D31_2021-01-13
2021-06-11 21:54:35 66      SPLK_BBG001C7TST4_2021-01-13
2021-06-11 21:54:35 68      SPR_BBG000PRJ2Z9_2021-01-13
2021-06-11 21:54:35 70      SQ_BBG0018SLC07_2021-01-13
2021-06-11 21:54:35 73      STLD_BBG000HGYNZ9_2021-01-13
2021-06-11 21:54:35 74      STX_BBG000F0KF42_2021-01-13
2021-06-11 21:54:35 75      Warning: figi `BBG000F0KF42` for history data does not match actual figi `BBG0113JGQF0`. Ticker: STX. Will be used actual!
2021-06-11 21:54:35 76      SWBI_BBG000BM0QL7_2021-01-13
2021-06-11 21:54:35 79      SWKS_BBG000KLB4Q1_2021-01-13
2021-06-11 21:54:35 80      SWN_BBG000BTR593_2021-01-13
2021-06-11 21:54:35 83      SYF_BBG00658F3P3_2021-01-13
2021-06-11 21:54:35 84      T_BBG000BSJK37_2021-01-13
2021-06-11 21:54:35 88      TAL_BBG0016XJ8S0_2021-01-13
2021-06-11 21:54:35 90      TDOC_BBG0019T5SG0_2021-01-13
2021-06-11 21:54:35 91      TER_BBG000BV4DR6_2021-01-13
2021-06-11 21:54:35 93      TGT_BBG000H8TVT2_2021-01-13
2021-06-11 21:54:35 95      TJX_BBG000BV8DN6_2021-01-13
2021-06-11 21:54:35 97      TMUS_BBG000NDV1D4_2021-01-13
2021-06-11 21:54:36 00      TOT_BBG000CHZ857_2021-01-13
2021-06-11 21:54:36 01      TPR_BBG000BY29C7_2021-01-13
2021-06-11 21:54:36 03      TRIP_BBG001M8HHB7_2021-01-13
2021-06-11 21:54:36 04      TRMB_BBG000BNPS52_2021-01-13
2021-06-11 21:54:36 06      TROW_BBG000BVMPN3_2021-01-13
2021-06-11 21:54:36 08      TSLA_BBG000N9MNX3_2021-01-13
2021-06-11 21:54:36 31      TSM_BBG000BD8ZK0_2021-01-13
2021-06-11 21:54:36 37      TSN_BBG000DKCC19_2021-01-13
2021-06-11 21:54:36 39      TTD_BBG00629NGT2_2021-01-13
2021-06-11 21:54:36 41      TTM_BBG000PVGDH9_2021-01-13
2021-06-11 21:54:36 43      TTWO_BBG000BS1YV5_2021-01-13
2021-06-11 21:54:36 44      TWLO_BBG0029ZX840_2021-01-13
2021-06-11 21:54:36 45      TWOU_BBG001KS9450_2021-01-13
2021-06-11 21:54:36 46      TWTR_BBG000H6HNW3_2021-01-13
2021-06-11 21:54:36 50      TXN_BBG000BVV7G1_2021-01-13
2021-06-11 21:54:36 53      TXRH_BBG000PSJMV7_2021-01-13
2021-06-11 21:54:36 54      UAA_BBG000BXM6V2_2021-01-13
2021-06-11 21:54:36 55      UAL_BBG000M65M61_2021-01-13
2021-06-11 21:54:36 58      UBER_BBG002B04MT8_2021-01-13
2021-06-11 21:54:36 62      UNVR_BBG000BDHD29_2021-01-13
2021-06-11 21:54:36 63      UPWK_BBG00FBJ6390_2021-01-13
2021-06-11 21:54:36 65      USB_BBG000FFDM15_2021-01-13
2021-06-11 21:54:36 67      V_BBG000PSKYX7_2021-01-13
2021-06-11 21:54:36 70      VALE_BBG000BN5LG7_2021-01-13
2021-06-11 21:54:36 72      VIPS_BBG002NLDLV8_2021-01-13
2021-06-11 21:54:36 74      VLO_BBG000BBGGQ1_2021-01-13
2021-06-11 21:54:36 76      VNO_BBG000BWHD54_2021-01-13
2021-06-11 21:54:36 77      VRSK_BBG000BCZL41_2021-01-13
2021-06-11 21:54:36 78      VRTX_BBG000C1S2X2_2021-01-13
2021-06-11 21:54:36 80      VZ_BBG000HS77T5_2021-01-13
2021-06-11 21:54:36 83      W_BBG001B17MV2_2021-01-13
2021-06-11 21:54:36 85      WBA_BBG000BWLMJ4_2021-01-13
2021-06-11 21:54:36 88      WDC_BBG000BWNFZ9_2021-01-13
2021-06-11 21:54:36 91      WERN_BBG000BWPP85_2021-01-13
2021-06-11 21:54:36 91      WFC_BBG000BWQFY7_2021-01-13
2021-06-11 21:54:36 94      WLTW_BBG000DB3KT1_2021-01-13
2021-06-11 21:54:36 95      WMB_BBG000BWVCP8_2021-01-13
2021-06-11 21:54:36 96      WMT_BBG000BWXBC2_2021-01-13
2021-06-11 21:54:36 98      WSC_BBG00B0FS947_2021-01-13
2021-06-11 21:54:37 00      XLNX_BBG000C0F570_2021-01-13
2021-06-11 21:54:37 03      XOM_BBG000GZQ728_2021-01-13
2021-06-11 21:54:37 07      XRX_BBG00NNG2ZJ8_2021-01-13
2021-06-11 21:54:37 08      YY_BBG003H0XV18_2021-01-13
2021-06-11 21:54:37 09      Z_BBG009NRSWJ4_2021-01-13
2021-06-11 21:54:37 11      ZGNX_BBG000VDC3G9_2021-01-13
2021-06-11 21:54:37 14      ZM_BBG0042V6JM8_2021-01-13
2021-06-11 21:54:37 22      ZS_BBG003338H34_2021-01-13
2021-06-11 21:54:37 24      ZYNE_BBG007BBS8B7_2021-01-13
2021-06-11 21:54:37 27      ZYXI_BBG000BJBXZ2_2021-01-13
2021-06-11 21:54:37 29      Total candles read: 2162421
2021-06-11 21:54:37 29      Start DisposeAsync...
2021-06-11 21:54:37 29      Attempted to divide by zero.
