2021-05-30 21:27:18 35      mode=TestTradeBot;DumpQuotes=false;SubscribeQuotes=false;Strategies=ImpulseStrategy;Token=token.txt;ConfigPath=usd.json;CandlesPath=C:\tinkoff\TestData\RawQuotes\5m\uncompressed\quotes_2020-12-24;
2021-05-30 21:27:18 36      Trade bot created
2021-05-30 21:27:18 38      Fake connection created
2021-05-30 21:27:19 04      List of disabled tickers: 
2021-05-30 21:27:19 05      AA_BBG00B3T3HD3_2020-12-24
2021-05-30 21:27:19 11      AAL_BBG005P7Q881_2020-12-24
2021-05-30 21:27:19 18      AAPL_BBG000B9XRY4_2020-12-24
2021-05-30 21:27:19 42      ABBV_BBG0025Y4RY4_2020-12-24
2021-05-30 21:27:19 44      ABNB_BBG001Y2XS07_2020-12-24
2021-05-30 21:27:19 46      ABNB: BuyPending. Strategy: ImpulseStrategy. Price: 161.43. StopLoss: 158.45. Candle: ID:1242, Time: 15:10, Close: 161.43. Details: Trend: 15:00(1005)-15:10(1243). PrevMinMax: 156.15/160.65. Trend AB: 4.26951/158.83079. Trend Max/Fall/SD: 161.43/0.92/0.32; TrendGrow: +2.09%. DayAvgChange: 0.52%
2021-05-30 21:27:19 46      ABNB: OrderID: 2b496747. PlacedOrder. Status: New. RejectReason: 
2021-05-30 21:27:19 46      ABNB: OrderID: 2b496747 fully executed
2021-05-30 21:27:19 48      ABNB: Pulling stop loss to current price. Price: 158.73. MaxPrice: 159.2. Candle: ID:1247, Time: 15:10, Close: 161.0.
2021-05-30 21:27:19 48      ABNB: Pulling stop loss to current price. Price: 159.38. MaxPrice: 161.05. Candle: ID:1533, Time: 15:20, Close: 161.32.
2021-05-30 21:27:19 48      ABNB: Pulling stop loss to current price. Price: 160.76. MaxPrice: 161.69. Candle: ID:1678, Time: 15:25, Close: 161.95.
2021-05-30 21:27:19 48      ABNB: SL reached. Pending. Close price: 160.73. Candle: ID:1719, Time: 15:25, Close: 160.73. Profit: -0.70(-0.43%)
2021-05-30 21:27:19 48      ABNB: OrderID: 81e39582. PlacedOrder. Status: New. RejectReason: 
2021-05-30 21:27:19 48      ABNB: OrderID: 81e39582 fully executed
2021-05-30 21:27:19 51      ABT_BBG000B9ZXB4_2020-12-24
2021-05-30 21:27:19 52      ACAD_BBG000BHG9K0_2020-12-24
2021-05-30 21:27:19 53      ACH_BBG000CMRVH1_2020-12-24
2021-05-30 21:27:19 54      ADBE_BBG000BB5006_2020-12-24
2021-05-30 21:27:19 56      ADM_BBG000BB6WG8_2020-12-24
2021-05-30 21:27:19 57      ADP_BBG000JG0547_2020-12-24
2021-05-30 21:27:19 58      ADSK_BBG000BM7HL0_2020-12-24
2021-05-30 21:27:19 60      AES_BBG000C23KJ3_2020-12-24
2021-05-30 21:27:19 61      AFL_BBG000BBBNC6_2020-12-24
2021-05-30 21:27:19 62      AIG_BBG000BBDZG3_2020-12-24
2021-05-30 21:27:19 63      AKAM_BBG000BJQWD2_2020-12-24
2021-05-30 21:27:19 64      ALK_BBG000BBL0Y1_2020-12-24
2021-05-30 21:27:19 65      ALL_BBG000BVMGF2_2020-12-24
2021-05-30 21:27:19 66      ALXN_BBG000G30YX4_2020-12-24
2021-05-30 21:27:19 68      AMAT_BBG000BBPFB9_2020-12-24
2021-05-30 21:27:19 70      AMCX_BBG000H01H92_2020-12-24
2021-05-30 21:27:19 71      AMD_BBG000BBQCY0_2020-12-24
2021-05-30 21:27:19 79      AMGN_BBG000BBS2Y0_2020-12-24
2021-05-30 21:27:19 81      AMZN_BBG000BVPV84_2020-12-24
2021-05-30 21:27:19 86      ANGI_BBG00HVKH3Q0_2020-12-24
2021-05-30 21:27:19 87      ANGI: SPYKE!. Candle: ID:986, Time: 18:00, Close: 12.51
2021-05-30 21:27:19 87      APA_BBG000BC2C10_2020-12-24
2021-05-30 21:27:19 87      Warning: figi `BBG000BC2C10` for history data does not match actual figi `BBG00YTS96G2`. Ticker: APA. Will be used actual!
2021-05-30 21:27:19 89      APLE_BBG006473QX9_2020-12-24
2021-05-30 21:27:19 90      APTV_BBG001QD41M9_2020-12-24
2021-05-30 21:27:19 91      ARMK_BBG001KY4N87_2020-12-24
2021-05-30 21:27:19 91      ARWR_BBG000BRVKH0_2020-12-24
2021-05-30 21:27:19 92      ATRA_BBG005Q3MQY4_2020-12-24
2021-05-30 21:27:19 94      ATUS_BBG00GFMPRK0_2020-12-24
2021-05-30 21:27:19 95      ATVI_BBG000CVWGS6_2020-12-24
2021-05-30 21:27:19 98      AVGO_BBG00KHY5S69_2020-12-24
2021-05-30 21:27:20 03      AXP_BBG000BCQZS4_2020-12-24
2021-05-30 21:27:20 04      BA_BBG000BCSST7_2020-12-24
2021-05-30 21:27:20 07      BABA_BBG006G2JVL2_2020-12-24
2021-05-30 21:27:20 75      BAC_BBG000BCTLF6_2020-12-24
2021-05-30 21:27:20 79      BAX_BBG000BCVJ77_2020-12-24
2021-05-30 21:27:20 80      BBBY_BBG000CSY9H9_2020-12-24
2021-05-30 21:27:20 82      BBY_BBG000BCWCG1_2020-12-24
2021-05-30 21:27:20 83      BEN_BBG000BD0TF8_2020-12-24
2021-05-30 21:27:20 85      BHF_BBG00DYPZ4T0_2020-12-24
2021-05-30 21:27:20 85      BIDU_BBG000QXWHD1_2020-12-24
2021-05-30 21:27:20 87      BIDU: BuyPending. Strategy: ImpulseStrategy. Price: 192.07. StopLoss: 189.41. Candle: ID:779, Time: 14:30, Close: 192.07. Details: OutletTime: 13:55(692)-14:30(780). OutletMinMax: 189.01/190.51. TrendAB: 24.61925/188.97588. CurrentChange: +1.20%. DayAvgChange: 0.18%. MaxFall: 0.24%, SD: 0.21
2021-05-30 21:27:20 87      BIDU: OrderID: ad7e808d. PlacedOrder. Status: New. RejectReason: 
2021-05-30 21:27:20 87      BIDU: OrderID: ad7e808d fully executed
2021-05-30 21:27:20 87      BIDU: Pulling stop loss to current price. Price: 189.8. MaxPrice: 190.61. Candle: ID:1151, Time: 14:35, Close: 190.98.
2021-05-30 21:27:20 87      BIDU: SL reached. Pending. Close price: 189.77. Candle: ID:1225, Time: 14:35, Close: 189.77. Profit: -2.30(-1.20%)
2021-05-30 21:27:20 87      BIDU: OrderID: a8103265. PlacedOrder. Status: New. RejectReason: 
2021-05-30 21:27:20 87      BIDU: OrderID: a8103265 fully executed
2021-05-30 21:27:20 88      BIIB_BBG000C17X76_2020-12-24
2021-05-30 21:27:20 90      BILI_BBG00K7T3037_2020-12-24
2021-05-30 21:27:21 05      BILI: BuyPending. Strategy: ImpulseStrategy. Price: 82.39. StopLoss: 80.67. Candle: ID:1033, Time: 14:40, Close: 82.39. Details: Trend: 14:35(597)-14:40(1034). PrevMinMax: 78.6/82.38. Trend AB: 6.52048/79.04769. Trend Max/Fall/SD: 82.39/1.04/0.30; TrendGrow: +4.20%. DayAvgChange: 0.57%
2021-05-30 21:27:21 05      BILI: OrderID: 02bb72a7. PlacedOrder. Status: New. RejectReason: 
2021-05-30 21:27:21 05      BILI: OrderID: 02bb72a7 fully executed
2021-05-30 21:27:21 05      BILI: Price does not grow. Try to set TakeProfit. Price: 82.16. Candle: ID:1561, Time: 15:00, Close: 81.84.
2021-05-30 21:27:21 05      BILI: Price does not grow. Pulling Stop Loss closer. Price: 81.68. Candle: ID:1561, Time: 15:00, Close: 81.84.
2021-05-30 21:27:21 05      BILI: Price does not grow. Try to set TakeProfit. Price: 82.17. Candle: ID:1562, Time: 15:00, Close: 81.89.
2021-05-30 21:27:21 05      BILI: Price does not grow. Try to set TakeProfit. Price: 82.18. Candle: ID:1563, Time: 15:00, Close: 81.91.
2021-05-30 21:27:21 05      BILI: Price does not grow. Try to set TakeProfit. Price: 82.17. Candle: ID:1564, Time: 15:00, Close: 81.87.
2021-05-30 21:27:21 05      BILI: Price does not grow. Try to set TakeProfit. Price: 82.16. Candle: ID:1568, Time: 15:00, Close: 81.83.
2021-05-30 21:27:21 05      BILI: SL reached. Pending. Close price: 81.67. Candle: ID:1574, Time: 15:00, Close: 81.67. Profit: -0.72(-0.87%)
2021-05-30 21:27:21 05      BILI: OrderID: e02a6215. PlacedOrder. Status: New. RejectReason: 
2021-05-30 21:27:21 05      BILI: OrderID: e02a6215 fully executed
2021-05-30 21:27:21 06      BILI: BuyPending. Strategy: ImpulseStrategy. Price: 83.15. StopLoss: 81.93. Candle: ID:3007, Time: 15:55, Close: 83.15. Details: Trend: 15:40(2661)-15:55(3008). PrevMinMax: 80.35/81.94. Trend AB: 3.86650/81.59697. Trend Max/Fall/SD: 83.15/0.73/0.22; TrendGrow: +2.02%. DayAvgChange: 0.38%
2021-05-30 21:27:21 06      BILI: OrderID: 0942d50b. PlacedOrder. Status: New. RejectReason: 
2021-05-30 21:27:21 06      BILI: OrderID: 0942d50b fully executed
2021-05-30 21:27:21 06      BILI: Pulling stop loss to current price. Price: 82.12. MaxPrice: 82.64. Candle: ID:3008, Time: 15:55, Close: 83.1.
2021-05-30 21:27:21 06      BILI: SL reached. Pending. Close price: 82.09. Candle: ID:3088, Time: 16:00, Close: 82.09. Profit: -1.06(-1.27%)
2021-05-30 21:27:21 06      BILI: OrderID: 0aa70605. PlacedOrder. Status: New. RejectReason: 
2021-05-30 21:27:21 06      BILI: OrderID: 0aa70605 fully executed
2021-05-30 21:27:21 07      BK_BBG000BD8PN9_2020-12-24
2021-05-30 21:27:21 09      BKR_BBG00GBVBK51_2020-12-24
2021-05-30 21:27:21 10      BLDR_BBG000BKD3K9_2020-12-24
2021-05-30 21:27:21 11      BLUE_BBG000QGWY50_2020-12-24
2021-05-30 21:27:21 12      BMRN_BBG000CZWZ05_2020-12-24
2021-05-30 21:27:21 13      BMY_BBG000DQLV23_2020-12-24
2021-05-30 21:27:21 16      BRK.B_BBG000DWG505_2020-12-24
2021-05-30 21:27:21 18      BSX_BBG000C0LW92_2020-12-24
2021-05-30 21:27:21 20      BTI_BBG000BWPXQ8_2020-12-24
2021-05-30 21:27:21 21      BUD_BBG000RYC984_2020-12-24
2021-05-30 21:27:21 22      BWA_BBG000BJ49H3_2020-12-24
2021-05-30 21:27:21 23      BYND_BBG003CVJP50_2020-12-24
2021-05-30 21:27:21 26      BZUN_BBG008HNS333_2020-12-24
2021-05-30 21:27:21 28      C_BBG000FY4S11_2020-12-24
2021-05-30 21:27:21 31      CAG_BBG000BDXGP9_2020-12-24
2021-05-30 21:27:21 32      CAH_BBG000D898T9_2020-12-24
2021-05-30 21:27:21 33      CARG_BBG00HQ77DS2_2020-12-24
2021-05-30 21:27:21 34      CARR_BBG00RP5HYS8_2020-12-24
2021-05-30 21:27:21 35      CAT_BBG000BF0K17_2020-12-24
2021-05-30 21:27:21 36      CB_BBG000BR14K5_2020-12-24
2021-05-30 21:27:21 36      CBRE_BBG000C04224_2020-12-24
2021-05-30 21:27:21 37      CCL_BBG000BF6LY3_2020-12-24
2021-05-30 21:27:21 50      CDNS_BBG000C13CD9_2020-12-24
2021-05-30 21:27:21 51      CDW_BBG001P63B80_2020-12-24
2021-05-30 21:27:21 53      CERN_BBG000BFDLV8_2020-12-24
2021-05-30 21:27:21 54      CF_BBG000BWJFZ4_2020-12-24
2021-05-30 21:27:21 55      CFG_BBG006Q0HY77_2020-12-24
2021-05-30 21:27:21 57      CGNX_BBG000BPBVW5_2020-12-24
2021-05-30 21:27:21 58      CHEF_BBG001MFW6D6_2020-12-24
2021-05-30 21:27:21 59      CHGG_BBG0014XR0N5_2020-12-24
2021-05-30 21:27:21 60      CHNG_BBG0059KNH10_2020-12-24
2021-05-30 21:27:21 61      CHRW_BBG000BTCH57_2020-12-24
2021-05-30 21:27:21 62      CHTR_BBG000VPGNR2_2020-12-24
2021-05-30 21:27:21 63      CHX_BBG00JH9TZ56_2020-12-24
2021-05-30 21:27:21 64      CIEN_BBG000BP1152_2020-12-24
2021-05-30 21:27:21 65      CINF_BBG000BFPK65_2020-12-24
2021-05-30 21:27:21 65      CL_BBG000BFQYY3_2020-12-24
2021-05-30 21:27:21 66      CLF_BBG000BFRF55_2020-12-24
2021-05-30 21:27:21 67      CLR_BBG000BHBGN6_2020-12-24
2021-05-30 21:27:21 68      CMA_BBG000C75N77_2020-12-24
2021-05-30 21:27:21 69      CMCSA_BBG000BFT2L4_2020-12-24
2021-05-30 21:27:21 72      CME_BBG000BHLYP4_2020-12-24
2021-05-30 21:27:21 73      CMS_BBG000BFVXX0_2020-12-24
2021-05-30 21:27:21 74      CNC_BBG000BDXCJ5_2020-12-24
2021-05-30 21:27:21 75      CNK_BBG000QDVR53_2020-12-24
2021-05-30 21:27:21 94      CNP_BBG000FDBX90_2020-12-24
2021-05-30 21:27:21 95      COF_BBG000BGKTF9_2020-12-24
2021-05-30 21:27:21 96      COG_BBG000C3GN47_2020-12-24
2021-05-30 21:27:21 98      COP_BBG000BQQH30_2020-12-24
2021-05-30 21:27:21 99      CORT_BBG000BKJG33_2020-12-24
2021-05-30 21:27:22 00      COST_BBG000F6H8W8_2020-12-24
2021-05-30 21:27:22 01      COTY_BBG000F395V1_2020-12-24
2021-05-30 21:27:22 02      COUP_BBG001J4BCN4_2020-12-24
2021-05-30 21:27:22 02      CPB_BBG000BG4202_2020-12-24
2021-05-30 21:27:22 03      CPRI_BBG0029SNR63_2020-12-24
2021-05-30 21:27:22 04      CPRT_BBG000BM9RH1_2020-12-24
2021-05-30 21:27:22 05      CREE_BBG000BG14P4_2020-12-24
2021-05-30 21:27:22 05      CRM_BBG000BN2DC2_2020-12-24
2021-05-30 21:27:22 08      CROX_BBG000BLY663_2020-12-24
2021-05-30 21:27:22 09      CRUS_BBG000C1DHF5_2020-12-24
2021-05-30 21:27:22 10      CRWD_BBG00BLYKS03_2020-12-24
2021-05-30 21:27:22 16      CRWD: BuyPending. Strategy: ImpulseStrategy. Price: 226.2. StopLoss: 223.12. Candle: ID:599, Time: 14:40, Close: 226.2. Details: Trend: 14:35(333)-14:40(600). PrevMinMax: 220.57/223.99. Trend AB: 14.21488/223.04822. Trend Max/Fall/SD: 226.59/0.68/0.38; TrendGrow: +2.01%. DayAvgChange: 0.59%
2021-05-30 21:27:22 16      CRWD: OrderID: e963369a. PlacedOrder. Status: New. RejectReason: 
2021-05-30 21:27:22 16      CRWD: OrderID: e963369a fully executed
2021-05-30 21:27:22 16      CRWD: SL reached. Pending. Close price: 223.1. Candle: ID:1331, Time: 15:10, Close: 223.1. Profit: -3.10(-1.37%)
2021-05-30 21:27:22 16      CRWD: OrderID: 55e5f4d4. PlacedOrder. Status: New. RejectReason: 
2021-05-30 21:27:22 16      CRWD: OrderID: 55e5f4d4 fully executed
2021-05-30 21:27:22 18      CSCO_BBG000C3J3C9_2020-12-24
2021-05-30 21:27:22 21      CSX_BBG000BGJRC8_2020-12-24
2021-05-30 21:27:22 22      CTSH_BBG000BBDV81_2020-12-24
2021-05-30 21:27:22 24      CTVA_BBG00BN969C1_2020-12-24
2021-05-30 21:27:22 25      CTXS_BBG000FQ6PY6_2020-12-24
2021-05-30 21:27:22 26      CVET_BBG00KR691K8_2020-12-24
2021-05-30 21:27:22 27      CVS_BBG000BGRY34_2020-12-24
2021-05-30 21:27:22 28      CVX_BBG000K4ND22_2020-12-24
2021-05-30 21:27:22 30      D_BBG000BGVW60_2020-12-24
2021-05-30 21:27:22 30      DAL_BBG000R7Z112_2020-12-24
2021-05-30 21:27:22 33      DBX_BBG0018SLDN0_2020-12-24
2021-05-30 21:27:22 35      DD_BBG00BN961G4_2020-12-24
2021-05-30 21:27:22 37      DDOG_BBG003NJHZT9_2020-12-24
2021-05-30 21:27:22 37      DDOG: BuyPending. Strategy: ImpulseStrategy. Price: 109.18. StopLoss: 108.04. Candle: ID:196, Time: 14:40, Close: 109.18. Details: Trend: 14:30(64)-14:40(197). PrevMinMax: 106.24/107.87. Trend AB: 10.12370/107.76041. Trend Max/Fall/SD: 109.24/0.52/0.17; TrendGrow: +2.00%. DayAvgChange: 0.71%
2021-05-30 21:27:22 37      DDOG: OrderID: 4b0a21a9. PlacedOrder. Status: New. RejectReason: 
2021-05-30 21:27:22 37      DDOG: OrderID: 4b0a21a9 fully executed
2021-05-30 21:27:22 37      DDOG: Pulling stop loss to current price. Price: 108.79. MaxPrice: 109.39. Candle: ID:284, Time: 14:50, Close: 109.51.
2021-05-30 21:27:22 37      DDOG: Pulling stop loss to current price. Price: 109.0. MaxPrice: 109.65. Candle: ID:323, Time: 14:55, Close: 109.78.
2021-05-30 21:27:22 37      DDOG: SL reached. Pending. Close price: 108.93. Candle: ID:431, Time: 15:05, Close: 108.93. Profit: -0.25(-0.23%)
2021-05-30 21:27:22 37      DDOG: OrderID: 8e4ea67f. PlacedOrder. Status: New. RejectReason: 
2021-05-30 21:27:22 37      DDOG: OrderID: 8e4ea67f fully executed
2021-05-30 21:27:22 38      DFS_BBG000QBR5J5_2020-12-24
2021-05-30 21:27:22 39      DHI_BBG000DQTXY6_2020-12-24
2021-05-30 21:27:22 41      DHR_BBG000BH3JF8_2020-12-24
2021-05-30 21:27:22 42      DIS_BBG000BH4R78_2020-12-24
2021-05-30 21:27:22 44      DISCA_BBG000CHWP52_2020-12-24
2021-05-30 21:27:22 47      DISCK_BBG000VMWHH5_2020-12-24
2021-05-30 21:27:22 48      DKNG_BBG00TCBG714_2020-12-24
2021-05-30 21:27:22 51      DKS_BBG000F6ZWH2_2020-12-24
2021-05-30 21:27:22 52      DLTR_BBG000BSC0K9_2020-12-24
2021-05-30 21:27:22 53      DOCU_BBG000N7KJX8_2020-12-24
2021-05-30 21:27:22 54      DOCU: BuyPending. Strategy: ImpulseStrategy. Price: 248.41. StopLoss: 245.42. Candle: ID:337, Time: 14:40, Close: 248.41. Details: Trend: 14:30(53)-14:40(338). PrevMinMax: 244.32/245.6. Trend AB: 14.08479/243.93421. Trend Max/Fall/SD: 248.41/0.60/0.18; TrendGrow: +2.01%. DayAvgChange: 0.30%
2021-05-30 21:27:22 54      DOCU: OrderID: 960fc1bc. PlacedOrder. Status: New. RejectReason: 
2021-05-30 21:27:22 54      DOCU: OrderID: 960fc1bc fully executed
2021-05-30 21:27:22 54      DOCU: Pulling stop loss to current price. Price: 245.5. MaxPrice: 248.4. Candle: ID:389, Time: 14:45, Close: 248.66.
2021-05-30 21:27:22 54      DOCU: Pulling stop loss to current price. Price: 247.3. MaxPrice: 249.32. Candle: ID:502, Time: 14:50, Close: 249.6.
2021-05-30 21:27:22 54      DOCU: SL reached. Pending. Close price: 247.16. Candle: ID:844, Time: 15:05, Close: 247.16. Profit: -1.25(-0.50%)
2021-05-30 21:27:22 54      DOCU: OrderID: 9691ffc3. PlacedOrder. Status: New. RejectReason: 
2021-05-30 21:27:22 54      DOCU: OrderID: 9691ffc3 fully executed
2021-05-30 21:27:22 55      DOW_BBG00BN96922_2020-12-24
2021-05-30 21:27:22 56      DRI_BBG000BBNYF6_2020-12-24
2021-05-30 21:27:22 57      DT_BBG00PNN7C40_2020-12-24
2021-05-30 21:27:22 58      DVN_BBG000BBVJZ8_2020-12-24
2021-05-30 21:27:22 60      DXC_BBG00FN64XT9_2020-12-24
2021-05-30 21:27:22 61      DXCM_BBG000QTF8K1_2020-12-24
2021-05-30 21:27:22 62      EA_BBG000BP0KQ8_2020-12-24
2021-05-30 21:27:22 63      EBAY_BBG000C43RR5_2020-12-24
2021-05-30 21:27:22 65      ED_BBG000BHLYS1_2020-12-24
2021-05-30 21:27:22 66      EDIT_BBG005MX5GZ2_2020-12-24
2021-05-30 21:27:22 67      EDIT: BuyPending. Strategy: ImpulseStrategy. Price: 83.54. StopLoss: 81.86. Candle: ID:172, Time: 14:35, Close: 83.54. Details: OutletTime: 13:50(130)-14:35(173). OutletMinMax: 80.56/82.3. TrendAB: 46.64754/81.36226. CurrentChange: +2.76%. DayAvgChange: 0.27%. MaxFall: 0.47%, SD: 0.18
2021-05-30 21:27:22 67      EDIT: OrderID: 02d5b505. PlacedOrder. Status: New. RejectReason: 
2021-05-30 21:27:22 67      EDIT: OrderID: 02d5b505 fully executed
2021-05-30 21:27:22 67      EDIT: Pulling stop loss to current price. Price: 83.88. MaxPrice: 85.02. Candle: ID:400, Time: 14:50, Close: 85.14.
2021-05-30 21:27:22 67      EDIT: Pulling stop loss to current price. Price: 84.79. MaxPrice: 85.99. Candle: ID:487, Time: 14:55, Close: 86.13.
2021-05-30 21:27:22 67      EDIT: Pulling stop loss to current price. Price: 85.87. MaxPrice: 86.73. Candle: ID:629, Time: 15:05, Close: 86.88.
2021-05-30 21:27:22 67      EDIT: SL reached. Pending. Close price: 85.83. Candle: ID:815, Time: 15:15, Close: 85.83. Profit: 2.29(2.74%)
2021-05-30 21:27:22 67      EDIT: OrderID: 45358624. PlacedOrder. Status: New. RejectReason: 
2021-05-30 21:27:22 67      EDIT: OrderID: 45358624 fully executed
2021-05-30 21:27:22 69      EIX_BBG000D7RKJ5_2020-12-24
2021-05-30 21:27:22 71      ELAN_BBG00LJYS1P8_2020-12-24
2021-05-30 21:27:22 72      EMR_BBG000BHX7N2_2020-12-24
2021-05-30 21:27:22 72      ENDP_BBG000C0HQ54_2020-12-24
2021-05-30 21:27:22 73      ENDP: BuyPending. Strategy: ImpulseStrategy. Price: 5.98. StopLoss: 5.89. Candle: ID:221, Time: 14:45, Close: 5.98. Details: Trend: 14:30(123)-14:45(222). PrevMinMax: 5.79/5.83. Trend AB: 1.50019/5.84770. Trend Max/Fall/SD: 5.98/0.68/0.26; TrendGrow: +3.10%. DayAvgChange: 0.46%
2021-05-30 21:27:22 73      ENDP: OrderID: 146d4794. PlacedOrder. Status: New. RejectReason: 
2021-05-30 21:27:22 73      ENDP: OrderID: 146d4794 fully executed
2021-05-30 21:27:22 73      ENDP: Pulling stop loss to current price. Price: 5.93. MaxPrice: 6.06. Candle: ID:322, Time: 14:55, Close: 6.07.
2021-05-30 21:27:22 73      ENDP: Pulling stop loss to current price. Price: 6.0. MaxPrice: 6.09. Candle: ID:425, Time: 15:05, Close: 6.1.
2021-05-30 21:27:22 73      ENDP: Pulling stop loss to current price. Price: 6.06. MaxPrice: 6.16. Candle: ID:613, Time: 15:30, Close: 6.18.
2021-05-30 21:27:22 73      ENDP: Pulling stop loss to current price. Price: 6.09. MaxPrice: 6.2. Candle: ID:670, Time: 15:35, Close: 6.21.
2021-05-30 21:27:22 73      ENDP: Pulling stop loss to current price. Price: 6.19. MaxPrice: 6.28. Candle: ID:754, Time: 15:45, Close: 6.3.
2021-05-30 21:27:22 73      ENDP: Pulling stop loss to current price. Price: 6.22. MaxPrice: 6.29. Candle: ID:919, Time: 16:00, Close: 6.3.
2021-05-30 21:27:22 73      ENDP: Pulling stop loss to current price. Price: 6.26. MaxPrice: 6.38. Candle: ID:1005, Time: 16:10, Close: 6.4.
2021-05-30 21:27:22 73      ENDP: Pulling stop loss to current price. Price: 6.35. MaxPrice: 6.39. Candle: ID:1148, Time: 16:30, Close: 6.4.
2021-05-30 21:27:22 73      ENDP: Pulling stop loss to current price. Price: 6.36. MaxPrice: 6.4. Candle: ID:1175, Time: 16:35, Close: 6.41.
2021-05-30 21:27:22 73      ENDP: SL reached. Pending. Close price: 6.35. Candle: ID:1193, Time: 16:35, Close: 6.35. Profit: 0.37(6.19%)
2021-05-30 21:27:22 73      ENDP: OrderID: 24975fd7. PlacedOrder. Status: New. RejectReason: 
2021-05-30 21:27:22 73      ENDP: OrderID: 24975fd7 fully executed
2021-05-30 21:27:22 74      ENPH_BBG001R3MNY9_2020-12-24
2021-05-30 21:27:22 75      ENPH: BuyPending. Strategy: ImpulseStrategy. Price: 181.6. StopLoss: 179.13. Candle: ID:118, Time: 14:30, Close: 181.6. Details: OutletTime: 13:50(79)-14:30(119). OutletMinMax: 179.38/180.29. TrendAB: 52.52908/179.08118. CurrentChange: +1.16%. DayAvgChange: 0.37%. MaxFall: 0.46%, SD: 0.21
2021-05-30 21:27:22 75      ENPH: OrderID: f4df94e1. PlacedOrder. Status: New. RejectReason: 
2021-05-30 21:27:22 75      ENPH: OrderID: f4df94e1 fully executed
2021-05-30 21:27:22 75      ENPH: Price much differ between Buy and Max trend fall. MaxFall: 0.46%. BuyPrice: 181.60. MaxPrice: 181.6. ChangeFromBuy: -1.15%. Pending. Close price: 179.51. Candle: ID:158, Time: 14:30, Close: 179.51. Profit: -2.09(-1.15%)
2021-05-30 21:27:22 75      ENPH: OrderID: 2c1dbcce. PlacedOrder. Status: New. RejectReason: 
2021-05-30 21:27:22 75      ENPH: OrderID: 2c1dbcce fully executed
2021-05-30 21:27:22 75      ENPH: BuyPending. Strategy: ImpulseStrategy. Price: 183.0. StopLoss: 180.69. Candle: ID:373, Time: 14:50, Close: 183.0. Details: Trend: 14:40(247)-14:50(374). PrevMinMax: 177.3/182.98. Trend AB: 22.86242/180.04920. Trend Max/Fall/SD: 183.0/0.63/0.23; TrendGrow: +2.30%. DayAvgChange: 0.45%
2021-05-30 21:27:22 75      ENPH: OrderID: 86b62e2f. PlacedOrder. Status: New. RejectReason: 
2021-05-30 21:27:22 75      ENPH: OrderID: 86b62e2f fully executed
2021-05-30 21:27:22 75      ENPH: Pulling stop loss to current price. Price: 181.62. MaxPrice: 183.78. Candle: ID:414, Time: 14:55, Close: 183.98.
2021-05-30 21:27:22 75      ENPH: SL reached. Pending. Close price: 181.46. Candle: ID:521, Time: 15:05, Close: 181.46. Profit: -1.54(-0.84%)
2021-05-30 21:27:22 75      ENPH: OrderID: 5fab6118. PlacedOrder. Status: New. RejectReason: 
2021-05-30 21:27:22 75      ENPH: OrderID: 5fab6118 fully executed
2021-05-30 21:27:22 76      ENTG_BBG000CTV4N4_2020-12-24
2021-05-30 21:27:22 77      EOG_BBG000BZ9223_2020-12-24
2021-05-30 21:27:22 80      EQT_BBG000BHZ5J9_2020-12-24
2021-05-30 21:27:22 81      ET_BBG000BM2FL9_2020-12-24
2021-05-30 21:27:22 84      ETRN_BBG00K53L394_2020-12-24
2021-05-30 21:27:22 85      ETSY_BBG000N7MXL8_2020-12-24
2021-05-30 21:27:22 89      EVH_BBG005CHLM96_2020-12-24
2021-05-30 21:27:22 89      EW_BBG000BRXP69_2020-12-24
2021-05-30 21:27:22 90      EWBC_BBG000CR20B1_2020-12-24
2021-05-30 21:27:22 91      EXAS_BBG000CWL0F5_2020-12-24
2021-05-30 21:27:22 92      EXC_BBG000J6XT05_2020-12-24
2021-05-30 21:27:22 94      EXEL_BBG000BQ4WF8_2020-12-24
2021-05-30 21:27:22 95      EXPD_BBG000BJ5GK2_2020-12-24
2021-05-30 21:27:22 96      EXPE_BBG000QY3XZ2_2020-12-24
2021-05-30 21:27:22 97      F_BBG000BQPC32_2020-12-24
2021-05-30 21:27:23 00      FANG_BBG002PHSYX9_2020-12-24
2021-05-30 21:27:23 00      FANG: BuyPending. Strategy: ImpulseStrategy. Price: 47.64. StopLoss: 47.16. Candle: ID:863, Time: 15:50, Close: 47.64. Details: Trend: 15:35(699)-15:50(864). PrevMinMax: 46.56/47.11. Trend AB: 5.77587/46.63389. Trend Max/Fall/SD: 47.7/0.23/0.13; TrendGrow: +2.25%. DayAvgChange: 0.39%
2021-05-30 21:27:23 00      FANG: OrderID: 52b761e0. PlacedOrder. Status: New. RejectReason: 
2021-05-30 21:27:23 00      FANG: OrderID: 52b761e0 fully executed
2021-05-30 21:27:23 00      FANG: Pulling stop loss to current price. Price: 47.34. MaxPrice: 47.9. Candle: ID:986, Time: 16:00, Close: 48.0.
2021-05-30 21:27:23 00      FANG: Pulling stop loss to current price. Price: 47.84. MaxPrice: 48.02. Candle: ID:1169, Time: 16:20, Close: 48.07.
2021-05-30 21:27:23 01      FANG: Pulling stop loss to current price. Price: 47.95. MaxPrice: 48.14. Candle: ID:1393, Time: 16:50, Close: 48.2.
2021-05-30 21:27:23 01      FANG: Pulling stop loss to current price. Price: 48.14. MaxPrice: 48.29. Candle: ID:1566, Time: 17:10, Close: 48.37.
2021-05-30 21:27:23 01      FANG: SL reached. Pending. Close price: 48.13. Candle: ID:1587, Time: 17:15, Close: 48.13. Profit: 0.49(1.03%)
2021-05-30 21:27:23 01      FANG: OrderID: 92f66424. PlacedOrder. Status: New. RejectReason: 
2021-05-30 21:27:23 01      FANG: OrderID: 92f66424 fully executed
2021-05-30 21:27:23 01      FAST_BBG000BJ8YN7_2020-12-24
2021-05-30 21:27:23 02      FATE_BBG000QP35H2_2020-12-24
2021-05-30 21:27:23 03      FB_BBG000MM2P62_2020-12-24
2021-05-30 21:27:23 08      FCX_BBG000BJDB15_2020-12-24
2021-05-30 21:27:23 09      FDX_BBG000BJF1Z8_2020-12-24
2021-05-30 21:27:23 11      FIS_BBG000BK2F42_2020-12-24
2021-05-30 21:27:23 13      FISV_BBG000BJKPG0_2020-12-24
2021-05-30 21:27:23 15      FITB_BBG000BJL3N0_2020-12-24
2021-05-30 21:27:23 16      FIVN_BBG001KHJM17_2020-12-24
2021-05-30 21:27:23 17      FL_BBG000BX8DC4_2020-12-24
2021-05-30 21:27:23 19      FLIR_BBG000BHK836_2020-12-24
2021-05-30 21:27:23 20      FLR_BBG000BB1TH9_2020-12-24
2021-05-30 21:27:23 21      FOX_BBG00JHNKJY8_2020-12-24
2021-05-30 21:27:23 22      FOXA_BBG00JHNJW99_2020-12-24
2021-05-30 21:27:23 24      FRHC_BBG000N625H8_2020-12-24
2021-05-30 21:27:23 26      FRHC: BuyPending. Strategy: ImpulseStrategy. Price: 51.49. StopLoss: 50.92. Candle: ID:1684, Time: 14:40, Close: 51.49. Details: Trend: 14:35(1567)-14:40(1685). PrevMinMax: 50.18/51.47. Trend AB: 10.81996/50.22237. Trend Max/Fall/SD: 51.49/0.55/0.29; TrendGrow: +2.22%. DayAvgChange: 0.18%
2021-05-30 21:27:23 26      FRHC: OrderID: 0db82f8d. PlacedOrder. Status: New. RejectReason: 
2021-05-30 21:27:23 26      FRHC: OrderID: 0db82f8d partially executed. Executed lots: 1. OrderStatus: 1/4 lots
2021-05-30 21:27:23 26      FRHC: OrderID: 0db82f8d fully executed
2021-05-30 21:27:23 26      FRHC: Market closing. Close price: 51.88. Candle: ID:2690, Time: 20:55, Close: 51.88. Profit: 0.39(0.76%)
2021-05-30 21:27:23 26      FRHC: OrderID: 57698760. PlacedOrder. Status: New. RejectReason: 
2021-05-30 21:27:23 26      OrderID: 57698760 successfully canceled
2021-05-30 21:27:23 26      FRHC: Closing daily orders. Close price: 51.86. Lots: 4. Profit: 0.37(0.72%). Candle: ID:2690, Time: 20:55, Close: 51.88
2021-05-30 21:27:23 27      FSLR_BBG000BFL116_2020-12-24
2021-05-30 21:27:23 29      FSLR: BuyPending. Strategy: ImpulseStrategy. Price: 102.43. StopLoss: 100.79. Candle: ID:806, Time: 14:55, Close: 102.43. Details: Trend: 14:40(469)-14:55(807). PrevMinMax: 99.7/102.4. Trend AB: 5.48617/100.16247. Trend Max/Fall/SD: 102.43/0.80/0.23; TrendGrow: +2.23%. DayAvgChange: 0.65%
2021-05-30 21:27:23 29      FSLR: OrderID: 8a4d1ce3. PlacedOrder. Status: New. RejectReason: 
2021-05-30 21:27:23 29      FSLR: OrderID: 8a4d1ce3 fully executed
2021-05-30 21:27:23 29      FSLR: Price does not grow. Try to set TakeProfit. Price: 102.13. Candle: ID:1033, Time: 15:15, Close: 102.13.
2021-05-30 21:27:23 29      FSLR: Price does not grow. Pulling Stop Loss closer. Price: 101.42. Candle: ID:1033, Time: 15:15, Close: 102.13.
2021-05-30 21:27:23 29      FSLR: Price does not grow. Try to set TakeProfit. Price: 102.12. Candle: ID:1034, Time: 15:15, Close: 102.1.
2021-05-30 21:27:23 29      FSLR: Price does not grow. Try to set TakeProfit. Price: 102.13. Candle: ID:1100, Time: 15:15, Close: 102.11.
2021-05-30 21:27:23 29      FSLR: Price does not grow. Try to set TakeProfit. Price: 102.12. Candle: ID:1101, Time: 15:15, Close: 102.1.
2021-05-30 21:27:23 29      FSLR: TP reached. Pending. Close price: 102.12. Candle: ID:1120, Time: 15:15, Close: 102.12. Profit: -0.31(-0.30%)
2021-05-30 21:27:23 29      FSLR: OrderID: 0115e886. PlacedOrder. Status: New. RejectReason: 
2021-05-30 21:27:23 29      FSLR: OrderID: 0115e886 fully executed
2021-05-30 21:27:23 30      FSLY_BBG004NLQHL0_2020-12-24
2021-05-30 21:27:23 31      FSLY: BuyPending. Strategy: ImpulseStrategy. Price: 102.5. StopLoss: 100.20. Candle: ID:434, Time: 14:50, Close: 102.5. Details: Trend: 14:35(173)-14:50(435). PrevMinMax: 100.62/102.28. Trend AB: 9.31165/99.46250. Trend Max/Fall/SD: 102.73/1.12/0.45; TrendGrow: +2.94%. DayAvgChange: 0.38%
2021-05-30 21:27:23 31      FSLY: OrderID: 5543a889. PlacedOrder. Status: New. RejectReason: 
2021-05-30 21:27:23 31      FSLY: OrderID: 5543a889 partially executed. Executed lots: 1. OrderStatus: 1/2 lots
2021-05-30 21:27:23 31      FSLY: Pulling stop loss to current price. Price: 100.6. MaxPrice: 102.0. Candle: ID:438, Time: 14:50, Close: 102.5.
2021-05-30 21:27:23 31      FSLY: OrderID: 5543a889 fully executed
2021-05-30 21:27:23 31      FSLY: Price does not grow. Try to set TakeProfit. Price: 102.08. Candle: ID:569, Time: 15:10, Close: 101.86.
2021-05-30 21:27:23 31      FSLY: Price does not grow. Pulling Stop Loss closer. Price: 101.32. Candle: ID:569, Time: 15:10, Close: 101.86.
2021-05-30 21:27:23 31      FSLY: Price does not grow. Try to set TakeProfit. Price: 102.09. Candle: ID:572, Time: 15:10, Close: 101.88.
2021-05-30 21:27:23 31      FSLY: Price does not grow. Try to set TakeProfit. Price: 102.08. Candle: ID:573, Time: 15:10, Close: 101.75.
2021-05-30 21:27:23 31      FSLY: SL reached. Pending. Close price: 101.22. Candle: ID:594, Time: 15:10, Close: 101.22. Profit: -1.28(-1.25%)
2021-05-30 21:27:23 31      FSLY: OrderID: a658aece. PlacedOrder. Status: New. RejectReason: 
2021-05-30 21:27:23 31      FSLY: OrderID: a658aece fully executed
2021-05-30 21:27:23 32      FTI_BBG00DL8NMV2_2020-12-24
2021-05-30 21:27:23 33      FTNT_BBG000BCMBG4_2020-12-24
2021-05-30 21:27:23 34      FTV_BBG00BLVZ228_2020-12-24
2021-05-30 21:27:23 35      GE_BBG000BK6MB5_2020-12-24
2021-05-30 21:27:23 37      GH_BBG006D97VY9_2020-12-24
2021-05-30 21:27:23 38      GILD_BBG000CKGBP2_2020-12-24
2021-05-30 21:27:23 40      GIS_BBG000BKCFC2_2020-12-24
2021-05-30 21:27:23 42      GLW_BBG000BKFZM4_2020-12-24
2021-05-30 21:27:23 43      GM_BBG000NDYB67_2020-12-24
2021-05-30 21:27:23 45      GOOG_BBG009S3NB30_2020-12-24
2021-05-30 21:27:23 47      GOOGL_BBG009S39JX6_2020-12-24
2021-05-30 21:27:23 49      GPS_BBG000BKLH74_2020-12-24
2021-05-30 21:27:23 51      GRMN_BBG000C4LN67_2020-12-24
2021-05-30 21:27:23 51      GRUB_BBG001KWG293_2020-12-24
2021-05-30 21:27:23 52      GS_BBG000C6CFJ5_2020-12-24
2021-05-30 21:27:23 53      GSKY_BBG00KT2SCV8_2020-12-24
2021-05-30 21:27:23 53      GT_BBG000BKNX95_2020-12-24
2021-05-30 21:27:23 55      HA_BBG000BC4185_2020-12-24
2021-05-30 21:27:23 56      HAL_BBG000BKTFN2_2020-12-24
2021-05-30 21:27:23 57      HALO_BBG000CZ8W54_2020-12-24
2021-05-30 21:27:23 57      HAS_BBG000BKVJK4_2020-12-24
2021-05-30 21:27:23 58      HBAN_BBG000BKWSR6_2020-12-24
2021-05-30 21:27:23 59      HBI_BBG000D2ZTS8_2020-12-24
2021-05-30 21:27:23 60      HCA_BBG000QW7VC1_2020-12-24
2021-05-30 21:27:23 61      HD_BBG000BKZB36_2020-12-24
2021-05-30 21:27:23 62      HES_BBG000BBD070_2020-12-24
2021-05-30 21:27:23 63      HFC_BBG000BL9JQ1_2020-12-24
2021-05-30 21:27:23 64      HIG_BBG000G0Z878_2020-12-24
2021-05-30 21:27:23 65      HLT_BBG0058KMH30_2020-12-24
2021-05-30 21:27:23 66      HOG_BBG000BKZTP3_2020-12-24
2021-05-30 21:27:23 66      HOLX_BBG000C3NTN5_2020-12-24
2021-05-30 21:27:23 67      HON_BBG000H556T9_2020-12-24
2021-05-30 21:27:23 68      HP_BBG000BLCPY4_2020-12-24
2021-05-30 21:27:23 69      HPE_BBG0078W3NQ3_2020-12-24
2021-05-30 21:27:23 70      HPQ_BBG000KHWT55_2020-12-24
2021-05-30 21:27:23 71      HRB_BBG000BLDV98_2020-12-24
2021-05-30 21:27:23 72      HRL_BBG000BLF8D2_2020-12-24
2021-05-30 21:27:23 73      HRTX_BBG000G2GJT7_2020-12-24
2021-05-30 21:27:23 73      HRTX: BuyPending. Strategy: ImpulseStrategy. Price: 21.57. StopLoss: 21.27. Candle: ID:462, Time: 14:25, Close: 21.57. Details: OutletTime: 13:50(396)-14:25(463). OutletMinMax: 21.2/21.32. TrendAB: 2.63948/21.27767. CurrentChange: +1.41%. DayAvgChange: 0.15%. MaxFall: 0.37%, SD: 0.12
2021-05-30 21:27:23 73      HRTX: OrderID: 55875fdc. PlacedOrder. Status: New. RejectReason: 
2021-05-30 21:27:23 73      HRTX: OrderID: 55875fdc partially executed. Executed lots: 3. OrderStatus: 3/11 lots
2021-05-30 21:27:23 73      HRTX: OrderID: 55875fdc fully executed
2021-05-30 21:27:23 73      HRTX: Price much differ between Buy and Max trend fall. MaxFall: 0.37%. BuyPrice: 21.57. MaxPrice: 21.57. ChangeFromBuy: -1.16%. Pending. Close price: 21.32. Candle: ID:534, Time: 14:25, Close: 21.32. Profit: -0.25(-1.16%)
2021-05-30 21:27:23 73      HRTX: OrderID: cc791ef8. PlacedOrder. Status: New. RejectReason: 
2021-05-30 21:27:23 74      OrderID: cc791ef8 successfully canceled
2021-05-30 21:27:23 74      HRTX: Closing daily orders. Close price: 20.91. Lots: 11. Profit: -0.66(-3.06%). Candle: ID:1920, Time: 20:55, Close: 20.93
2021-05-30 21:27:23 75      HSIC_BBG000BNMMJ3_2020-12-24
2021-05-30 21:27:23 75      HST_BBG000BL8804_2020-12-24
2021-05-30 21:27:23 76      HTHT_BBG000QFPM65_2020-12-24
2021-05-30 21:27:23 77      HWM_BBG00DYNJGH9_2020-12-24
2021-05-30 21:27:23 78      IAC_BBG000BKQG80_2020-12-24
2021-05-30 21:27:23 79      IBM_BBG000BLNNH6_2020-12-24
2021-05-30 21:27:23 80      IBN_BBG000DRM643_2020-12-24
2021-05-30 21:27:23 81      ICE_BBG000C1FB75_2020-12-24
2021-05-30 21:27:23 83      IIVI_BBG000BLW102_2020-12-24
2021-05-30 21:27:23 84      ILMN_BBG000DSMS70_2020-12-24
2021-05-30 21:27:23 85      INCY_BBG000BNPSQ9_2020-12-24
2021-05-30 21:27:23 86      INFO_BBG006G063F9_2020-12-24
2021-05-30 21:27:23 88      INTC_BBG000C0G1D1_2020-12-24
2021-05-30 21:27:23 92      INTU_BBG000BH5DV1_2020-12-24
2021-05-30 21:27:23 94      IOVA_BBG000FTLBV7_2020-12-24
2021-05-30 21:27:23 95      IP_BBG000BM5SR2_2020-12-24
2021-05-30 21:27:23 96      IPG_BBG000C90DH9_2020-12-24
2021-05-30 21:27:23 97      IR_BBG002R1CW27_2020-12-24
2021-05-30 21:27:23 97      IRM_BBG000KCZPC3_2020-12-24
2021-05-30 21:27:23 99      IVZ_BBG000BY2Y78_2020-12-24
2021-05-30 21:27:24 00      JBHT_BBG000BMDBZ1_2020-12-24
2021-05-30 21:27:24 01      JCI_BBG000BVWLJ6_2020-12-24
2021-05-30 21:27:24 02      JD_BBG005YHY0Q7_2020-12-24
2021-05-30 21:27:24 21      JD: BuyPending. Strategy: ImpulseStrategy. Price: 85.19. StopLoss: 83.33. Candle: ID:2909, Time: 14:40, Close: 85.19. Details: Trend: 14:25(1245)-14:40(2910). PrevMinMax: 82.59/83.53. Trend AB: 0.96700/83.36611. Trend Max/Fall/SD: 85.19/1.09/0.28; TrendGrow: +2.21%. DayAvgChange: 0.29%
2021-05-30 21:27:24 21      JD: OrderID: ff53f86f. PlacedOrder. Status: New. RejectReason: 
2021-05-30 21:27:24 21      JD: OrderID: ff53f86f fully executed
2021-05-30 21:27:24 21      JD: Pulling stop loss to current price. Price: 83.52. MaxPrice: 84.67. Candle: ID:2910, Time: 14:40, Close: 85.18.
2021-05-30 21:27:24 21      JD: Pulling stop loss to current price. Price: 84.0. MaxPrice: 85.06. Candle: ID:3050, Time: 14:45, Close: 85.15.
2021-05-30 21:27:24 21      JD: Pulling stop loss to current price. Price: 84.67. MaxPrice: 85.9. Candle: ID:3655, Time: 14:50, Close: 86.0.
2021-05-30 21:27:24 21      JD: SL reached. Pending. Close price: 84.65. Candle: ID:4853, Time: 15:00, Close: 84.65. Profit: -0.54(-0.63%)
2021-05-30 21:27:24 21      JD: OrderID: 38ab57ed. PlacedOrder. Status: New. RejectReason: 
2021-05-30 21:27:24 21      JD: OrderID: 38ab57ed fully executed
2021-05-30 21:27:24 74      JNJ_BBG000BMHYD1_2020-12-24
2021-05-30 21:27:24 77      JNPR_BBG000BY33P5_2020-12-24
2021-05-30 21:27:24 78      JPM_BBG000DMBXR2_2020-12-24
2021-05-30 21:27:24 80      JWN_BBG000G8N9C6_2020-12-24
2021-05-30 21:27:24 82      K_BBG000BMKDM3_2020-12-24
2021-05-30 21:27:24 83      KDP_BBG000TJM7F0_2020-12-24
2021-05-30 21:27:24 84      KEY_BBG000BMQPL1_2020-12-24
2021-05-30 21:27:24 86      KHC_BBG005CPNTQ2_2020-12-24
2021-05-30 21:27:24 88      KIM_BBG000CN3S73_2020-12-24
2021-05-30 21:27:24 89      KLAC_BBG000BMTFR4_2020-12-24
2021-05-30 21:27:24 90      KMI_BBG0019JZ882_2020-12-24
2021-05-30 21:27:24 92      KNX_BBG000BFC848_2020-12-24
2021-05-30 21:27:24 92      KO_BBG000BMX289_2020-12-24
2021-05-30 21:27:24 94      KR_BBG000BMY992_2020-12-24
2021-05-30 21:27:24 95      LB_BBG000BNGTQ7_2020-12-24
2021-05-30 21:27:24 96      LEN_BBG000BN5HF7_2020-12-24
2021-05-30 21:27:24 97      LIN_BBG00GVR8YQ9_2020-12-24
2021-05-30 21:27:24 98      LITE_BBG0073F9RT7_2020-12-24
2021-05-30 21:27:24 99      LKQ_BBG000PXDL44_2020-12-24
2021-05-30 21:27:24 99      LLY_BBG000BNBDC2_2020-12-24
2021-05-30 21:27:25 00      LNT_BBG000DW4Q75_2020-12-24
2021-05-30 21:27:25 01      LOW_BBG000BNDN65_2020-12-24
2021-05-30 21:27:25 02      LPSN_BBG000BSV0W5_2020-12-24
2021-05-30 21:27:25 03      LRCX_BBG000BNFLM9_2020-12-24
2021-05-30 21:27:25 04      LTHM_BBG00LV3NRG0_2020-12-24
2021-05-30 21:27:25 06      LULU_BBG000R8ZVD1_2020-12-24
2021-05-30 21:27:25 07      LUMN_BBG000BGLRN3_2020-12-24
2021-05-30 21:27:25 07      LUV_BBG000BNJHS8_2020-12-24
2021-05-30 21:27:25 09      LVS_BBG000JWD753_2020-12-24
2021-05-30 21:27:25 10      LYB_BBG000WCFV84_2020-12-24
2021-05-30 21:27:25 11      LYFT_BBG004M9ZHX5_2020-12-24
2021-05-30 21:27:25 13      LYV_BBG000FQ7YR4_2020-12-24
2021-05-30 21:27:25 14      M_BBG000C46HM9_2020-12-24
2021-05-30 21:27:25 17      MA_BBG000F1ZSQ2_2020-12-24
2021-05-30 21:27:25 18      MAC_BBG000BL9C59_2020-12-24
2021-05-30 21:27:25 20      MAR_BBG000BGD7W6_2020-12-24
2021-05-30 21:27:25 21      MAS_BBG000BNNKG9_2020-12-24
2021-05-30 21:27:25 22      MAT_BBG000BNNYW1_2020-12-24
2021-05-30 21:27:25 23      MBT_BBG000CSZKR2_2020-12-24
2021-05-30 21:27:25 24      MCD_BBG000BNSZP1_2020-12-24
2021-05-30 21:27:25 26      MCHP_BBG000BHCP19_2020-12-24
2021-05-30 21:27:25 27      MDLZ_BBG000D4LWF6_2020-12-24
2021-05-30 21:27:25 29      MDRX_BBG000BLDXH5_2020-12-24
2021-05-30 21:27:25 30      MDT_BBG000BNWG87_2020-12-24
2021-05-30 21:27:25 30      MET_BBG000BB6KF5_2020-12-24
2021-05-30 21:27:25 31      MFGP_BBG00HFWVGN0_2020-12-24
2021-05-30 21:27:25 33      MIDD_BBG000DQN9R3_2020-12-24
2021-05-30 21:27:25 33      MLCO_BBG000BHP8J4_2020-12-24
2021-05-30 21:27:25 34      MLHR_BBG000BP46T2_2020-12-24
2021-05-30 21:27:25 34      MMC_BBG000BP4MH0_2020-12-24
2021-05-30 21:27:25 35      MMM_BBG000BP52R2_2020-12-24
2021-05-30 21:27:25 36      MNST_BBG008NVB1C0_2020-12-24
2021-05-30 21:27:25 37      MO_BBG000BP6LJ8_2020-12-24
2021-05-30 21:27:25 38      MOMO_BBG007HTCQT0_2020-12-24
2021-05-30 21:27:25 42      MOS_BBG000BFXHL6_2020-12-24
2021-05-30 21:27:25 44      MPC_BBG001DCCGR8_2020-12-24
2021-05-30 21:27:25 45      MRK_BBG000BPD168_2020-12-24
2021-05-30 21:27:25 46      MRNA_BBG003PHHZT1_2020-12-24
2021-05-30 21:27:25 50      MRNA: BuyPending. Strategy: ImpulseStrategy. Price: 128.27. StopLoss: 125.70. Candle: ID:2517, Time: 14:30, Close: 128.27. Details: OutletTime: 13:55(2267)-14:30(2518). OutletMinMax: 125.7/127.99. TrendAB: 9.56678/125.30483. CurrentChange: +1.84%. DayAvgChange: 0.25%. MaxFall: 0.45%, SD: 0.33
2021-05-30 21:27:25 50      MRNA: OrderID: c6e342f8. PlacedOrder. Status: New. RejectReason: 
2021-05-30 21:27:25 50      MRNA: OrderID: c6e342f8 fully executed
2021-05-30 21:27:25 50      MRNA: Rebuild trend due to changeFromTrend(0.48%) > MaxFall(0.45%). Candle: ID:2585, Time: 14:30, Close: 128.97. Trend: A: 10.17442, B: 125.24857, Max: 128.97, MaxFall: 0.55, SD: 0.30
2021-05-30 21:27:25 50      MRNA: Price is falling. Closing. MaxFall: 0.55%, Max: 128.97, ChangeFromMax: -1.17%. Pending. Close price: 127.46. Candle: ID:2709, Time: 14:30, Close: 127.46. Profit: -0.81(-0.63%)
2021-05-30 21:27:25 50      MRNA: OrderID: e8ad9da8. PlacedOrder. Status: New. RejectReason: 
2021-05-30 21:27:25 50      MRNA: OrderID: e8ad9da8 fully executed
2021-05-30 21:27:25 96      MRO_BBG000C8H633_2020-12-24
2021-05-30 21:27:25 97      MS_BBG000BLZRJ2_2020-12-24
2021-05-30 21:27:25 98      MSFT_BBG000BPH459_2020-12-24
2021-05-30 21:27:26 06      MTCH_BBG00B6WH9G3_2020-12-24
2021-05-30 21:27:26 07      MTG_BBG000CBMH27_2020-12-24
2021-05-30 21:27:26 08      MU_BBG000C5Z1S3_2020-12-24
2021-05-30 21:27:26 10      MUR_BBG000BPMH90_2020-12-24
2021-05-30 21:27:26 10      MXIM_BBG000BPNP00_2020-12-24
2021-05-30 21:27:26 11      MYGN_BBG000D9H9F1_2020-12-24
2021-05-30 21:27:26 13      NAVI_BBG004MN1R41_2020-12-24
2021-05-30 21:27:26 14      NEM_BBG000BPWXK1_2020-12-24
2021-05-30 21:27:26 15      NEO_BBG000BKH263_2020-12-24
2021-05-30 21:27:26 15      NET_BBG001WMKHH5_2020-12-24
2021-05-30 21:27:26 18      NET: BuyPending. Strategy: ImpulseStrategy. Price: 85.4. StopLoss: 83.26. Candle: ID:431, Time: 14:45, Close: 85.4. Details: Trend: 14:35(229)-14:45(432). PrevMinMax: 82.39/84.15. Trend AB: 8.02723/83.72383. Trend Max/Fall/SD: 85.4/1.25/0.23; TrendGrow: +2.58%. DayAvgChange: 0.26%
2021-05-30 21:27:26 18      NET: OrderID: 9e22aebe. PlacedOrder. Status: New. RejectReason: 
2021-05-30 21:27:26 18      NET: OrderID: 9e22aebe partially executed. Executed lots: 1. OrderStatus: 1/2 lots
2021-05-30 21:27:26 18      NET: Pulling stop loss to current price. Price: 84.0. MaxPrice: 84.5. Candle: ID:432, Time: 14:45, Close: 85.35.
2021-05-30 21:27:26 18      NET: OrderID: 9e22aebe fully executed
2021-05-30 21:27:26 18      NET: Pulling stop loss to current price. Price: 84.25. MaxPrice: 85.51. Candle: ID:447, Time: 14:50, Close: 85.75.
2021-05-30 21:27:26 18      NET: Pulling stop loss to current price. Price: 85.5. MaxPrice: 85.73. Candle: ID:566, Time: 15:00, Close: 85.84.
2021-05-30 21:27:26 18      NET: SL reached. Pending. Close price: 85.46. Candle: ID:620, Time: 15:05, Close: 85.46. Profit: 0.06(0.07%)
2021-05-30 21:27:26 18      NET: OrderID: baf3e2e4. PlacedOrder. Status: New. RejectReason: 
2021-05-30 21:27:26 18      NET: OrderID: baf3e2e4 fully executed
2021-05-30 21:27:26 18      NET: BuyPending. Strategy: ImpulseStrategy. Price: 87.14. StopLoss: 86.26. Candle: ID:1074, Time: 15:35, Close: 87.14. Details: Trend: 15:20(818)-15:35(1075). PrevMinMax: 85.13/85.99. Trend AB: 6.29943/85.41838. Trend Max/Fall/SD: 87.14/0.34/0.12; TrendGrow: +2.04%. DayAvgChange: 0.34%
2021-05-30 21:27:26 18      NET: OrderID: 060bf6fe. PlacedOrder. Status: New. RejectReason: 
2021-05-30 21:27:26 18      NET: OrderID: 060bf6fe fully executed
2021-05-30 21:27:26 18      NET: Price does not grow. Try to set TakeProfit. Price: 87.05. Candle: ID:1275, Time: 15:55, Close: 86.8.
2021-05-30 21:27:26 18      NET: Price does not grow. Pulling Stop Loss closer. Price: 86.65. Candle: ID:1275, Time: 15:55, Close: 86.8.
2021-05-30 21:27:26 18      NET: Price does not grow. Try to set TakeProfit. Price: 87.06. Candle: ID:1277, Time: 15:55, Close: 86.83.
2021-05-30 21:27:26 18      NET: Price does not grow. Try to set TakeProfit. Price: 87.05. Candle: ID:1279, Time: 15:55, Close: 86.77.
2021-05-30 21:27:26 18      NET: SL reached. Pending. Close price: 86.59. Candle: ID:1286, Time: 15:55, Close: 86.59. Profit: -0.55(-0.63%)
2021-05-30 21:27:26 18      NET: OrderID: 10b8d10b. PlacedOrder. Status: New. RejectReason: 
2021-05-30 21:27:26 18      NET: OrderID: 10b8d10b fully executed
2021-05-30 21:27:26 19      NFLX_BBG000CL9VN6_2020-12-24
2021-05-30 21:27:26 22      NKE_BBG000C5HS04_2020-12-24
2021-05-30 21:27:26 23      NKTR_BBG000BHCYJ1_2020-12-24
2021-05-30 21:27:26 23      NLOK_BBG000BH2JM1_2020-12-24
2021-05-30 21:27:26 24      NLSN_BBG0088CYPX8_2020-12-24
2021-05-30 21:27:26 25      NMIH_BBG005DLMMZ6_2020-12-24
2021-05-30 21:27:26 25      NOK_BBG000BNGBW9_2020-12-24
2021-05-30 21:27:26 26      NOV_BBG000BJX8C8_2020-12-24
2021-05-30 21:27:26 27      NRG_BBG000D8RG11_2020-12-24
2021-05-30 21:27:26 28      NTAP_BBG000FP1N32_2020-12-24
2021-05-30 21:27:26 29      NTES_BBG000BX72V8_2020-12-24
2021-05-30 21:27:26 30      NTLA_BBG007KC7PB0_2020-12-24
2021-05-30 21:27:26 30      NTLA: BuyPending. Strategy: ImpulseStrategy. Price: 66.79. StopLoss: 65.68. Candle: ID:246, Time: 14:50, Close: 66.79. Details: Trend: 14:35(112)-14:50(247). PrevMinMax: 63.7/65.0. Trend AB: 17.75929/64.64872. Trend Max/Fall/SD: 67.0/0.83/0.38; TrendGrow: +4.46%. DayAvgChange: 1.03%
2021-05-30 21:27:26 30      NTLA: OrderID: 26ad0188. PlacedOrder. Status: New. RejectReason: 
2021-05-30 21:27:26 30      NTLA: OrderID: 26ad0188 fully executed
2021-05-30 21:27:26 30      NTLA: Pulling stop loss to current price. Price: 66.3. MaxPrice: 66.98. Candle: ID:335, Time: 15:05, Close: 67.07.
2021-05-30 21:27:26 30      NTLA: Pulling stop loss to current price. Price: 67.0. MaxPrice: 67.7. Candle: ID:432, Time: 15:20, Close: 67.8.
2021-05-30 21:27:26 30      NTLA: SL reached. Pending. Close price: 66.88. Candle: ID:483, Time: 15:25, Close: 66.88. Profit: 0.09(0.13%)
2021-05-30 21:27:26 30      NTLA: OrderID: ab8826fd. PlacedOrder. Status: New. RejectReason: 
2021-05-30 21:27:26 30      NTLA: OrderID: ab8826fd fully executed
2021-05-30 21:27:26 30      NTNX_BBG001NDW1Z7_2020-12-24
2021-05-30 21:27:26 31      NTRS_BBG000BQ74K1_2020-12-24
2021-05-30 21:27:26 32      NVDA_BBG000BBJQV0_2020-12-24
2021-05-30 21:27:26 36      NVTA_BBG005DJFD43_2020-12-24
2021-05-30 21:27:26 38      NWL_BBG000BQC9V2_2020-12-24
2021-05-30 21:27:26 39      NWSA_BBG0035LY913_2020-12-24
2021-05-30 21:27:26 39      NXPI_BBG000BND699_2020-12-24
2021-05-30 21:27:26 40      O_BBG000DHPN63_2020-12-24
2021-05-30 21:27:26 41      OIS_BBG000BDDN94_2020-12-24
2021-05-30 21:27:26 42      OKE_BBG000BQHGR6_2020-12-24
2021-05-30 21:27:26 43      OKTA_BBG001YV1SM4_2020-12-24
2021-05-30 21:27:26 43      OLLI_BBG0098VVDT9_2020-12-24
2021-05-30 21:27:26 44      OMC_BBG000BS9489_2020-12-24
2021-05-30 21:27:26 45      ON_BBG000DV7MX4_2020-12-24
2021-05-30 21:27:26 46      ORCL_BBG000BQLTW7_2020-12-24
2021-05-30 21:27:26 47      OSUR_BBG000J3D1Y8_2020-12-24
2021-05-30 21:27:26 48      OSUR: BuyPending. Strategy: ImpulseStrategy. Price: 11.6. StopLoss: 11.43. Candle: ID:1153, Time: 16:30, Close: 11.6. Details: OutletTime: 15:55(1114)-16:30(1154). OutletMinMax: 11.44/11.56. TrendAB: 4.14916/11.43584. CurrentChange: +1.22%. DayAvgChange: 0.28%. MaxFall: 0.26%, SD: 0.09
2021-05-30 21:27:26 48      OSUR: OrderID: e7627225. PlacedOrder. Status: New. RejectReason: 
2021-05-30 21:27:26 48      OSUR: OrderID: e7627225 partially executed. Executed lots: 8. OrderStatus: 8/21 lots
2021-05-30 21:27:26 48      OSUR: OrderID: e7627225 fully executed
2021-05-30 21:27:26 48      OSUR: Price does not grow. Try to set TakeProfit. Price: 11.49. Candle: ID:1266, Time: 16:50, Close: 11.46.
2021-05-30 21:27:26 48      OSUR: Price does not grow. Try to set TakeProfit. Price: 11.50. Candle: ID:1280, Time: 16:50, Close: 11.47.
2021-05-30 21:27:26 48      OSUR: TP reached. Pending. Close price: 11.5. Candle: ID:1284, Time: 16:50, Close: 11.5. Profit: -0.10(-0.86%)
2021-05-30 21:27:26 48      OSUR: OrderID: cecaa9d4. PlacedOrder. Status: New. RejectReason: 
2021-05-30 21:27:26 48      OSUR: OrderID: cecaa9d4 fully executed
2021-05-30 21:27:26 48      OTIS_BBG00RP60KV0_2020-12-24
2021-05-30 21:27:26 49      OVV_BBG00R2NHQ65_2020-12-24
2021-05-30 21:27:26 49      OXY_BBG000BQQ2S6_2020-12-24
2021-05-30 21:27:26 51      PAGS_BBG00JM7QBR6_2020-12-24
2021-05-30 21:27:26 52      PBCT_BBG000BQT4L6_2020-12-24
2021-05-30 21:27:26 52      PBF_BBG002832GV8_2020-12-24
2021-05-30 21:27:26 53      PBI_BBG000BQTMJ9_2020-12-24
2021-05-30 21:27:26 54      PCAR_BBG000BQVTF5_2020-12-24
2021-05-30 21:27:26 55      PCG_BBG000BQWPC5_2020-12-24
2021-05-30 21:27:26 56      PDCO_BBG000BQY289_2020-12-24
2021-05-30 21:27:26 56      PEAK_BBG000BKYDP9_2020-12-24
2021-05-30 21:27:26 56      PEG_BBG000BQZMH4_2020-12-24
2021-05-30 21:27:26 57      PEP_BBG000DH7JK6_2020-12-24
2021-05-30 21:27:26 59      PFE_BBG000BR2B91_2020-12-24
2021-05-30 21:27:26 63      PFG_BBG000NSCNT7_2020-12-24
2021-05-30 21:27:26 64      PG_BBG000BR2TH3_2020-12-24
2021-05-30 21:27:26 66      PGR_BBG000BR37X2_2020-12-24
2021-05-30 21:27:26 67      PHM_BBG000BR54L0_2020-12-24
2021-05-30 21:27:26 68      PINS_BBG002583CV8_2020-12-24
2021-05-30 21:27:26 70      PLAN_BBG002DZS299_2020-12-24
2021-05-30 21:27:26 70      PLAY_BBG001WWJTK5_2020-12-24
2021-05-30 21:27:26 71      PLCE_BBG000JK9DK4_2020-12-24
2021-05-30 21:27:26 72      PLD_BBG000B9Z0J8_2020-12-24
2021-05-30 21:27:26 72      PLNT_BBG009H04M17_2020-12-24
2021-05-30 21:27:26 73      PM_BBG000J2XL74_2020-12-24
2021-05-30 21:27:26 74      PNC_BBG000BRD0D8_2020-12-24
2021-05-30 21:27:26 75      PPC_BBG000BFLXV3_2020-12-24
2021-05-30 21:27:26 75      PPL_BBG000BRJL00_2020-12-24
2021-05-30 21:27:26 76      PRU_BBG000HCJMF9_2020-12-24
2021-05-30 21:27:26 77      PS_BBG00KMYC574_2020-12-24
2021-05-30 21:27:26 77      PSTG_BBG00212PVZ5_2020-12-24
2021-05-30 21:27:26 78      PSX_BBG00286S4N9_2020-12-24
2021-05-30 21:27:26 79      PTON_BBG00JG0FFZ2_2020-12-24
2021-05-30 21:27:26 81      PTON: BuyPending. Strategy: ImpulseStrategy. Price: 164.56. StopLoss: 161.66. Candle: ID:949, Time: 14:45, Close: 164.56. Details: Trend: 14:30(74)-14:45(950). PrevMinMax: 161.68/163.02. Trend AB: 2.57714/161.84226. Trend Max/Fall/SD: 164.56/0.88/0.22; TrendGrow: +2.01%. DayAvgChange: 0.27%
2021-05-30 21:27:26 81      PTON: OrderID: 00e20887. PlacedOrder. Status: New. RejectReason: 
2021-05-30 21:27:26 81      PTON: OrderID: 00e20887 fully executed
2021-05-30 21:27:26 81      PTON: Pulling stop loss to current price. Price: 163.2. MaxPrice: 164.3. Candle: ID:989, Time: 14:50, Close: 164.47.
2021-05-30 21:27:26 81      PTON: Pulling stop loss to current price. Price: 164.33. MaxPrice: 165.23. Candle: ID:1337, Time: 15:00, Close: 165.4.
2021-05-30 21:27:26 81      PTON: SL reached. Pending. Close price: 164.31. Candle: ID:1401, Time: 15:00, Close: 164.31. Profit: -0.25(-0.15%)
2021-05-30 21:27:26 81      PTON: OrderID: 62651c0a. PlacedOrder. Status: New. RejectReason: 
2021-05-30 21:27:26 81      PTON: OrderID: 62651c0a fully executed
2021-05-30 21:27:26 82      PXD_BBG000BXRPH1_2020-12-24
2021-05-30 21:27:26 83      PYPL_BBG0077VNXV6_2020-12-24
2021-05-30 21:27:26 86      QCOM_BBG000CGC1X8_2020-12-24
2021-05-30 21:27:26 88      QDEL_BBG000C6GN04_2020-12-24
2021-05-30 21:27:26 88      QDEL: BuyPending. Strategy: ImpulseStrategy. Price: 205.65. StopLoss: 203.22. Candle: ID:204, Time: 14:40, Close: 205.65. Details: Trend: 14:35(125)-14:40(205). PrevMinMax: 199.29/201.97. Trend AB: 64.51711/201.37332. Trend Max/Fall/SD: 206.0/0.59/0.23; TrendGrow: +2.57%. DayAvgChange: 0.54%
2021-05-30 21:27:26 88      QDEL: OrderID: ea73146c. PlacedOrder. Status: New. RejectReason: 
2021-05-30 21:27:26 88      QDEL: OrderID: ea73146c fully executed
2021-05-30 21:27:26 88      QDEL: Price is falling. Closing. MaxFall: 0.59%, Max: 206.0, ChangeFromMax: -1.21%. Pending. Close price: 203.51. Candle: ID:213, Time: 14:40, Close: 203.51. Profit: -2.14(-1.04%)
2021-05-30 21:27:26 88      QDEL: OrderID: 57e9ebb0. PlacedOrder. Status: New. RejectReason: 
2021-05-30 21:27:26 88      QDEL: OrderID: 57e9ebb0 fully executed
2021-05-30 21:27:26 89      QRTEA_BBG000PCQQL6_2020-12-24
2021-05-30 21:27:26 90      QRVO_BBG007TJF1N7_2020-12-24
2021-05-30 21:27:26 92      RCL_BBG000BB5792_2020-12-24
2021-05-30 21:27:26 93      RDFN_BBG001Q7HP63_2020-12-24
2021-05-30 21:27:26 94      RDS.A_BBG000QXSSS6_2020-12-24
2021-05-30 21:27:26 95      REG_BBG000BL46Q4_2020-12-24
2021-05-30 21:27:26 96      REGN_BBG000C734W3_2020-12-24
2021-05-30 21:27:26 96      RF_BBG000Q3JN03_2020-12-24
2021-05-30 21:27:26 98      ROKU_BBG001ZZPQJ6_2020-12-24
2021-05-30 21:27:26 99      ROST_BBG000BSBZH7_2020-12-24
2021-05-30 21:27:27 00      RRC_BBG000FVXD63_2020-12-24
2021-05-30 21:27:27 01      RRGB_BBG000MXH9C1_2020-12-24
2021-05-30 21:27:27 01      RRGB: BuyPending. Strategy: ImpulseStrategy. Price: 20.12. StopLoss: 19.89. Candle: ID:228, Time: 15:40, Close: 20.12. Details: Trend: 15:25(139)-15:40(229). PrevMinMax: 19.39/19.79. Trend AB: 6.28316/19.59407. Trend Max/Fall/SD: 20.19/0.55/0.22; TrendGrow: +2.76%. DayAvgChange: 0.38%
2021-05-30 21:27:27 01      RRGB: OrderID: 3a9dcea0. PlacedOrder. Status: New. RejectReason: 
2021-05-30 21:27:27 01      RRGB: Cancel order. Candle: ID:237, Time: 15:45, Close: 20.22. Details: price change 0.50
2021-05-30 21:27:27 01      OrderID: 3a9dcea0 successfully canceled
2021-05-30 21:27:27 01      RRGB: BuyPending. Strategy: ImpulseStrategy. Price: 20.4. StopLoss: 20.17. Candle: ID:277, Time: 15:45, Close: 20.4. Details: Trend: 15:30(159)-15:45(278). PrevMinMax: 19.42/19.79. Trend AB: 5.06359/19.76595. Trend Max/Fall/SD: 20.4/0.55/0.19; TrendGrow: +3.55%. DayAvgChange: 0.46%
2021-05-30 21:27:27 01      RRGB: OrderID: b9223ca6. PlacedOrder. Status: New. RejectReason: 
2021-05-30 21:27:27 01      RRGB: OrderID: b9223ca6 fully executed
2021-05-30 21:27:27 01      RRGB: Pulling stop loss to current price. Price: 20.22. MaxPrice: 20.5. Candle: ID:316, Time: 15:55, Close: 20.58.
2021-05-30 21:27:27 01      RRGB: SL reached. Pending. Close price: 20.21. Candle: ID:384, Time: 16:05, Close: 20.21. Profit: -0.19(-0.93%)
2021-05-30 21:27:27 01      RRGB: OrderID: d44c6b6e. PlacedOrder. Status: New. RejectReason: 
2021-05-30 21:27:27 01      RRGB: OrderID: d44c6b6e partially executed. Executed lots: 10. OrderStatus: 10/12 lots
2021-05-30 21:27:27 01      RRGB: OrderID: d44c6b6e fully executed
2021-05-30 21:27:27 02      RTX_BBG000BW8S60_2020-12-24
2021-05-30 21:27:27 03      SAVE_BBG000BF6RQ9_2020-12-24
2021-05-30 21:27:27 04      SBGI_BBG000F2XXP2_2020-12-24
2021-05-30 21:27:27 04      SBGI: BuyPending. Strategy: ImpulseStrategy. Price: 31.95. StopLoss: 31.54. Candle: ID:130, Time: 14:55, Close: 31.95. Details: Trend: 14:40(45)-14:55(131). PrevMinMax: 30.87/31.68. Trend AB: 8.76230/31.40830. Trend Max/Fall/SD: 32.05/0.63/0.45; TrendGrow: +3.53%. DayAvgChange: 0.91%
2021-05-30 21:27:27 04      SBGI: OrderID: 013dabda. PlacedOrder. Status: New. RejectReason: 
2021-05-30 21:27:27 04      SBGI: OrderID: 013dabda fully executed
2021-05-30 21:27:27 04      SBGI: SL reached. Pending. Close price: 31.52. Candle: ID:158, Time: 15:00, Close: 31.52. Profit: -0.43(-1.35%)
2021-05-30 21:27:27 04      SBGI: OrderID: 6cf0a90e. PlacedOrder. Status: New. RejectReason: 
2021-05-30 21:27:27 04      SBGI: OrderID: 6cf0a90e fully executed
2021-05-30 21:27:27 05      SBRA_BBG000MTDW24_2020-12-24
2021-05-30 21:27:27 06      SBUX_BBG000CTQBF3_2020-12-24
2021-05-30 21:27:27 07      SCHW_BBG000BSLZY7_2020-12-24
2021-05-30 21:27:27 08      SDGR_BBG000T88BN2_2020-12-24
2021-05-30 21:27:27 09      SEDG_BBG0084BBZY6_2020-12-24
2021-05-30 21:27:27 11      SFIX_BBG0046L1KL9_2020-12-24
2021-05-30 21:27:27 12      SFIX: BuyPending. Strategy: ImpulseStrategy. Price: 68.76. StopLoss: 67.78. Candle: ID:567, Time: 14:45, Close: 68.76. Details: Trend: 14:35(188)-14:45(568). PrevMinMax: 67.66/68.73. Trend AB: 3.23351/67.47357. Trend Max/Fall/SD: 68.76/0.71/0.29; TrendGrow: +2.11%. DayAvgChange: 0.40%
2021-05-30 21:27:27 12      SFIX: OrderID: 61db931d. PlacedOrder. Status: New. RejectReason: 
2021-05-30 21:27:27 12      SFIX: OrderID: 61db931d fully executed
2021-05-30 21:27:27 12      SFIX: Pulling stop loss to current price. Price: 68.56. MaxPrice: 69.19. Candle: ID:645, Time: 14:55, Close: 69.28.
2021-05-30 21:27:27 12      SFIX: Pulling stop loss to current price. Price: 69.37. MaxPrice: 69.84. Candle: ID:921, Time: 15:10, Close: 69.95.
2021-05-30 21:27:27 12      SFIX: Pulling stop loss to current price. Price: 69.46. MaxPrice: 69.84. Candle: ID:1033, Time: 15:25, Close: 69.92.
2021-05-30 21:27:27 12      SFIX: Pulling stop loss to current price. Price: 69.5. MaxPrice: 69.84. Candle: ID:1113, Time: 15:30, Close: 69.92.
2021-05-30 21:27:27 12      SFIX: Pulling stop loss to current price. Price: 69.62. MaxPrice: 70.15. Candle: ID:1215, Time: 15:35, Close: 70.28.
2021-05-30 21:27:27 12      SFIX: Pulling stop loss to current price. Price: 69.84. MaxPrice: 70.44. Candle: ID:1348, Time: 15:40, Close: 70.52.
2021-05-30 21:27:27 12      SFIX: Pulling stop loss to current price. Price: 70.36. MaxPrice: 70.52. Candle: ID:1541, Time: 15:50, Close: 70.63.
2021-05-30 21:27:27 12      SFIX: SL reached. Pending. Close price: 70.31. Candle: ID:1601, Time: 15:55, Close: 70.31. Profit: 1.55(2.25%)
2021-05-30 21:27:27 12      SFIX: OrderID: a96591af. PlacedOrder. Status: New. RejectReason: 
2021-05-30 21:27:27 12      SFIX: OrderID: a96591af fully executed
2021-05-30 21:27:27 13      SFM_BBG001KFKQM7_2020-12-24
2021-05-30 21:27:27 14      SGEN_BBG000BH0FR6_2020-12-24
2021-05-30 21:27:27 14      SIG_BBG000C4ZZ10_2020-12-24
2021-05-30 21:27:27 15      SLB_BBG000BT41Q8_2020-12-24
2021-05-30 21:27:27 17      SLG_BBG000BVP5P2_2020-12-24
2021-05-30 21:27:27 18      SMAR_BBG00GQK3WB5_2020-12-24
2021-05-30 21:27:27 19      SNAP_BBG00441QMJ7_2020-12-24
2021-05-30 21:27:27 23      SNPS_BBG000BSFRF3_2020-12-24
2021-05-30 21:27:27 23      SNY_BBG000BBD5N1_2020-12-24
2021-05-30 21:27:27 24      SO_BBG000BT9DW0_2020-12-24
2021-05-30 21:27:27 25      SONO_BBG001JZPSQ2_2020-12-24
2021-05-30 21:27:27 25      SPCE_BBG00HTN2CQ3_2020-12-24
2021-05-30 21:27:27 55      SPG_BBG000BJ2D31_2020-12-24
2021-05-30 21:27:27 55      SPLK_BBG001C7TST4_2020-12-24
2021-05-30 21:27:27 57      SPR_BBG000PRJ2Z9_2020-12-24
2021-05-30 21:27:27 59      SQ_BBG0018SLC07_2020-12-24
2021-05-30 21:27:27 60      SQ: BuyPending. Strategy: ImpulseStrategy. Price: 236.0. StopLoss: 230.90. Candle: ID:694, Time: 14:30, Close: 236.0. Details: Trend: 14:20(471)-14:30(695). PrevMinMax: 232.59/234.37. Trend AB: 10.31629/233.70920. Trend Max/Fall/SD: 236.0/1.08/0.15; TrendGrow: +2.16%. DayAvgChange: 0.09%
2021-05-30 21:27:27 60      SQ: OrderID: 070f76df. PlacedOrder. Status: New. RejectReason: 
2021-05-30 21:27:27 60      SQ: OrderID: 070f76df fully executed
2021-05-30 21:27:27 61      SQ: Price does not grow. Try to set TakeProfit. Price: 233.75. Candle: ID:1611, Time: 14:50, Close: 232.5.
2021-05-30 21:27:27 61      SQ: Price does not grow. Pulling Stop Loss closer. Price: 232.12. Candle: ID:1611, Time: 14:50, Close: 232.5.
2021-05-30 21:27:27 61      SQ: Price does not grow. Try to set TakeProfit. Price: 233.81. Candle: ID:1612, Time: 14:50, Close: 232.74.
2021-05-30 21:27:27 61      SQ: Price does not grow. Try to set TakeProfit. Price: 233.80. Candle: ID:1613, Time: 14:50, Close: 232.68.
2021-05-30 21:27:27 61      SQ: Price does not grow. Try to set TakeProfit. Price: 233.78. Candle: ID:1615, Time: 14:50, Close: 232.62.
2021-05-30 21:27:27 61      SQ: Price does not grow. Try to set TakeProfit. Price: 233.75. Candle: ID:1617, Time: 14:50, Close: 232.51.
2021-05-30 21:27:27 61      SQ: Price does not grow. Try to set TakeProfit. Price: 233.77. Candle: ID:1618, Time: 14:50, Close: 232.56.
2021-05-30 21:27:27 61      SQ: Price does not grow. Try to set TakeProfit. Price: 233.79. Candle: ID:1619, Time: 14:50, Close: 232.67.
2021-05-30 21:27:27 61      SQ: Price does not grow. Try to set TakeProfit. Price: 233.75. Candle: ID:1620, Time: 14:50, Close: 232.49.
2021-05-30 21:27:27 61      SQ: Price does not grow. Try to set TakeProfit. Price: 233.77. Candle: ID:1622, Time: 14:50, Close: 232.56.
2021-05-30 21:27:27 61      SQ: Price does not grow. Try to set TakeProfit. Price: 233.79. Candle: ID:1623, Time: 14:50, Close: 232.67.
2021-05-30 21:27:27 61      SQ: Price does not grow. Try to set TakeProfit. Price: 233.81. Candle: ID:1624, Time: 14:50, Close: 232.75.
2021-05-30 21:27:27 61      SQ: Price does not grow. Try to set TakeProfit. Price: 233.76. Candle: ID:1625, Time: 14:50, Close: 232.53.
2021-05-30 21:27:27 61      SQ: Price does not grow. Try to set TakeProfit. Price: 233.75. Candle: ID:1626, Time: 14:50, Close: 232.5.
2021-05-30 21:27:27 61      SQ: Price does not grow. Try to set TakeProfit. Price: 233.80. Candle: ID:1627, Time: 14:50, Close: 232.69.
2021-05-30 21:27:27 61      SQ: Price does not grow. Try to set TakeProfit. Price: 233.78. Candle: ID:1628, Time: 14:50, Close: 232.62.
2021-05-30 21:27:27 61      SQ: Price does not grow. Try to set TakeProfit. Price: 233.75. Candle: ID:1629, Time: 14:50, Close: 232.5.
2021-05-30 21:27:27 61      SQ: Price does not grow. Try to set TakeProfit. Price: 233.76. Candle: ID:1650, Time: 14:50, Close: 232.52.
2021-05-30 21:27:27 61      SQ: Price does not grow. Try to set TakeProfit. Price: 233.75. Candle: ID:1651, Time: 14:50, Close: 232.45.
2021-05-30 21:27:27 61      SQ: Price does not grow. Try to set TakeProfit. Price: 233.77. Candle: ID:1661, Time: 14:50, Close: 232.59.
2021-05-30 21:27:27 61      SQ: Price does not grow. Try to set TakeProfit. Price: 233.75. Candle: ID:1663, Time: 14:50, Close: 232.51.
2021-05-30 21:27:27 61      SQ: Price does not grow. Try to set TakeProfit. Price: 233.78. Candle: ID:1664, Time: 14:50, Close: 232.6.
2021-05-30 21:27:27 61      SQ: Price does not grow. Try to set TakeProfit. Price: 233.80. Candle: ID:1666, Time: 14:50, Close: 232.69.
2021-05-30 21:27:27 61      SQ: Price does not grow. Try to set TakeProfit. Price: 233.78. Candle: ID:1667, Time: 14:50, Close: 232.63.
2021-05-30 21:27:27 61      SQ: Price does not grow. Try to set TakeProfit. Price: 233.75. Candle: ID:1668, Time: 14:50, Close: 232.46.
2021-05-30 21:27:27 61      SQ: Price does not grow. Try to set TakeProfit. Price: 233.77. Candle: ID:1669, Time: 14:50, Close: 232.57.
2021-05-30 21:27:27 61      SQ: Price does not grow. Try to set TakeProfit. Price: 233.78. Candle: ID:1670, Time: 14:50, Close: 232.62.
2021-05-30 21:27:27 61      SQ: Price does not grow. Try to set TakeProfit. Price: 233.75. Candle: ID:1671, Time: 14:50, Close: 232.51.
2021-05-30 21:27:27 61      SQ: Price does not grow. Try to set TakeProfit. Price: 233.77. Candle: ID:1672, Time: 14:50, Close: 232.59.
2021-05-30 21:27:27 61      SQ: Price does not grow. Try to set TakeProfit. Price: 233.75. Candle: ID:1673, Time: 14:50, Close: 232.51.
2021-05-30 21:27:27 61      SQ: SL reached. Pending. Close price: 232.11. Candle: ID:1685, Time: 14:50, Close: 232.11. Profit: -3.89(-1.65%)
2021-05-30 21:27:27 61      SQ: OrderID: 5abe0ae0. PlacedOrder. Status: New. RejectReason: 
2021-05-30 21:27:27 61      SQ: OrderID: 5abe0ae0 fully executed
2021-05-30 21:27:27 62      SSNC_BBG000RJ2J04_2020-12-24
2021-05-30 21:27:27 63      STLD_BBG000HGYNZ9_2020-12-24
2021-05-30 21:27:27 64      STT_BBG000BKFBD7_2020-12-24
2021-05-30 21:27:27 65      STX_BBG000F0KF42_2020-12-24
2021-05-30 21:27:27 65      Warning: figi `BBG000F0KF42` for history data does not match actual figi `BBG0113JGQF0`. Ticker: STX. Will be used actual!
2021-05-30 21:27:27 66      SWBI_BBG000BM0QL7_2020-12-24
2021-05-30 21:27:27 66      SWBI: BuyPending. Strategy: ImpulseStrategy. Price: 18.51. StopLoss: 18.18. Candle: ID:258, Time: 14:45, Close: 18.51. Details: Trend: 14:30(119)-14:45(259). PrevMinMax: 18.1/18.2. Trend AB: 3.03394/18.13793. Trend Max/Fall/SD: 18.54/0.88/0.25; TrendGrow: +2.32%. DayAvgChange: 0.63%
2021-05-30 21:27:27 66      SWBI: OrderID: a48c53cc. PlacedOrder. Status: New. RejectReason: 
2021-05-30 21:27:27 66      SWBI: OrderID: a48c53cc fully executed
2021-05-30 21:27:27 66      SWBI: Pulling stop loss to current price. Price: 18.19. MaxPrice: 18.48. Candle: ID:267, Time: 14:45, Close: 18.5.
2021-05-30 21:27:27 66      SWBI: Pulling stop loss to current price. Price: 18.33. MaxPrice: 18.5. Candle: ID:282, Time: 14:50, Close: 18.52.
2021-05-30 21:27:27 66      SWBI: Pulling stop loss to current price. Price: 18.46. MaxPrice: 18.6. Candle: ID:334, Time: 14:55, Close: 18.63.
2021-05-30 21:27:27 66      SWBI: SL reached. Pending. Close price: 18.45. Candle: ID:455, Time: 15:10, Close: 18.45. Profit: -0.06(-0.32%)
2021-05-30 21:27:27 66      SWBI: OrderID: 09db859f. PlacedOrder. Status: New. RejectReason: 
2021-05-30 21:27:27 66      SWBI: OrderID: 09db859f partially executed. Executed lots: 4. OrderStatus: 4/13 lots
2021-05-30 21:27:27 66      SWBI: OrderID: 09db859f fully executed
2021-05-30 21:27:27 67      SWKS_BBG000KLB4Q1_2020-12-24
2021-05-30 21:27:27 67      SWN_BBG000BTR593_2020-12-24
2021-05-30 21:27:27 69      SYF_BBG00658F3P3_2020-12-24
2021-05-30 21:27:27 70      SYY_BBG000BTVJ25_2020-12-24
2021-05-30 21:27:27 71      T_BBG000BSJK37_2020-12-24
2021-05-30 21:27:27 75      TAL_BBG0016XJ8S0_2020-12-24
2021-05-30 21:27:27 76      TAP_BBG000BS7KS3_2020-12-24
2021-05-30 21:27:27 77      TDOC_BBG0019T5SG0_2020-12-24
2021-05-30 21:27:27 79      TENB_BBG00LBLCD02_2020-12-24
2021-05-30 21:27:27 80      TER_BBG000BV4DR6_2020-12-24
2021-05-30 21:27:27 81      TFC_BBG000BYYLS8_2020-12-24
2021-05-30 21:27:27 83      TGT_BBG000H8TVT2_2020-12-24
2021-05-30 21:27:27 84      TJX_BBG000BV8DN6_2020-12-24
2021-05-30 21:27:27 85      TMUS_BBG000NDV1D4_2020-12-24
2021-05-30 21:27:27 86      TOL_BBG000BVHBM1_2020-12-24
2021-05-30 21:27:27 87      TOT_BBG000CHZ857_2020-12-24
2021-05-30 21:27:27 87      TPR_BBG000BY29C7_2020-12-24
2021-05-30 21:27:27 89      TRIP_BBG001M8HHB7_2020-12-24
2021-05-30 21:27:27 89      TRMB_BBG000BNPS52_2020-12-24
2021-05-30 21:27:27 90      TROW_BBG000BVMPN3_2020-12-24
2021-05-30 21:27:27 91      TSCO_BBG000BLXZN1_2020-12-24
2021-05-30 21:27:27 91      TSLA_BBG000N9MNX3_2020-12-24
2021-05-30 21:27:28 12      TSM_BBG000BD8ZK0_2020-12-24
2021-05-30 21:27:28 14      TSN_BBG000DKCC19_2020-12-24
2021-05-30 21:27:28 15      TTD_BBG00629NGT2_2020-12-24
2021-05-30 21:27:28 16      TTM_BBG000PVGDH9_2020-12-24
2021-05-30 21:27:28 16      TTMI_BBG000BYQ0B1_2020-12-24
2021-05-30 21:27:28 17      TTWO_BBG000BS1YV5_2020-12-24
2021-05-30 21:27:28 18      TWLO_BBG0029ZX840_2020-12-24
2021-05-30 21:27:28 18      TWNK_BBG00B6KGNN1_2020-12-24
2021-05-30 21:27:28 19      TWOU_BBG001KS9450_2020-12-24
2021-05-30 21:27:28 20      TWTR_BBG000H6HNW3_2020-12-24
2021-05-30 21:27:28 22      TXN_BBG000BVV7G1_2020-12-24
2021-05-30 21:27:28 24      TXRH_BBG000PSJMV7_2020-12-24
2021-05-30 21:27:28 25      UA_BBG009DTD8H2_2020-12-24
2021-05-30 21:27:28 25      UAA_BBG000BXM6V2_2020-12-24
2021-05-30 21:27:28 26      UAL_BBG000M65M61_2020-12-24
2021-05-30 21:27:28 29      UBER_BBG002B04MT8_2020-12-24
2021-05-30 21:27:28 31      UDR_BBG000C41023_2020-12-24
2021-05-30 21:27:28 32      ULTA_BBG00FWQ4VD6_2020-12-24
2021-05-30 21:27:28 32      UNH_BBG000CH5208_2020-12-24
2021-05-30 21:27:28 33      UNM_BBG000BW2QX0_2020-12-24
2021-05-30 21:27:28 34      UNP_BBG000BW3299_2020-12-24
2021-05-30 21:27:28 35      UNVR_BBG000BDHD29_2020-12-24
2021-05-30 21:27:28 35      UPS_BBG000L9CV04_2020-12-24
2021-05-30 21:27:28 36      UPWK_BBG00FBJ6390_2020-12-24
2021-05-30 21:27:28 36      URBN_BBG000BL79J3_2020-12-24
2021-05-30 21:27:28 37      USB_BBG000FFDM15_2020-12-24
2021-05-30 21:27:28 38      USFD_BBG00C6H6D40_2020-12-24
2021-05-30 21:27:28 39      V_BBG000PSKYX7_2020-12-24
2021-05-30 21:27:28 41      VALE_BBG000BN5LG7_2020-12-24
2021-05-30 21:27:28 42      VFC_BBG000BWCKB6_2020-12-24
2021-05-30 21:27:28 42      VG_BBG000BRB5D9_2020-12-24
2021-05-30 21:27:28 43      VIAC_BBG000C496P7_2020-12-24
2021-05-30 21:27:28 45      VIPS_BBG002NLDLV8_2020-12-24
2021-05-30 21:27:28 45      VIPS: BuyPending. Strategy: ImpulseStrategy. Price: 25.66. StopLoss: 25.39. Candle: ID:1079, Time: 14:40, Close: 25.66. Details: Trend: 14:35(976)-14:40(1080). PrevMinMax: 24.82/25.58. Trend AB: 5.78854/24.99516. Trend Max/Fall/SD: 25.66/0.52/0.16; TrendGrow: +2.72%. DayAvgChange: 0.55%
2021-05-30 21:27:28 45      VIPS: OrderID: a1637095. PlacedOrder. Status: New. RejectReason: 
2021-05-30 21:27:28 45      VIPS: OrderID: a1637095 fully executed
2021-05-30 21:27:28 45      VIPS: Pulling stop loss to current price. Price: 25.58. MaxPrice: 25.74. Candle: ID:1216, Time: 14:55, Close: 25.77.
2021-05-30 21:27:28 46      VIPS: Pulling stop loss to current price. Price: 25.81. MaxPrice: 25.89. Candle: ID:1444, Time: 15:10, Close: 25.92.
2021-05-30 21:27:28 46      VIPS: Pulling stop loss to current price. Price: 25.83. MaxPrice: 25.89. Candle: ID:1499, Time: 15:20, Close: 25.94.
2021-05-30 21:27:28 46      VIPS: Pulling stop loss to current price. Price: 25.93. MaxPrice: 26.07. Candle: ID:1706, Time: 15:30, Close: 26.11.
2021-05-30 21:27:28 46      VIPS: SL reached. Pending. Close price: 25.91. Candle: ID:1813, Time: 15:40, Close: 25.91. Profit: 0.25(0.97%)
2021-05-30 21:27:28 46      VIPS: OrderID: 6c401d08. PlacedOrder. Status: New. RejectReason: 
2021-05-30 21:27:28 46      VIPS: OrderID: 6c401d08 partially executed. Executed lots: 8. OrderStatus: 8/9 lots
2021-05-30 21:27:28 46      VIPS: OrderID: 6c401d08 fully executed
2021-05-30 21:27:28 46      VLO_BBG000BBGGQ1_2020-12-24
2021-05-30 21:27:28 48      VNO_BBG000BWHD54_2020-12-24
2021-05-30 21:27:28 49      VRSK_BBG000BCZL41_2020-12-24
2021-05-30 21:27:28 49      VRTX_BBG000C1S2X2_2020-12-24
2021-05-30 21:27:28 50      VTR_BBG000FRVHB9_2020-12-24
2021-05-30 21:27:28 51      VZ_BBG000HS77T5_2020-12-24
2021-05-30 21:27:28 52      W_BBG001B17MV2_2020-12-24
2021-05-30 21:27:28 53      WB_BBG0065XPGX9_2020-12-24
2021-05-30 21:27:28 54      WBA_BBG000BWLMJ4_2020-12-24
2021-05-30 21:27:28 55      WDAY_BBG000VC0T95_2020-12-24
2021-05-30 21:27:28 56      WDC_BBG000BWNFZ9_2020-12-24
2021-05-30 21:27:28 57      WELL_BBG000BKY1G5_2020-12-24
2021-05-30 21:27:28 58      WERN_BBG000BWPP85_2020-12-24
2021-05-30 21:27:28 58      WFC_BBG000BWQFY7_2020-12-24
2021-05-30 21:27:28 61      WLTW_BBG000DB3KT1_2020-12-24
2021-05-30 21:27:28 62      WMB_BBG000BWVCP8_2020-12-24
2021-05-30 21:27:28 62      WMT_BBG000BWXBC2_2020-12-24
2021-05-30 21:27:28 65      WORK_BBG007G7V505_2020-12-24
2021-05-30 21:27:28 67      WRK_BBG008NXC572_2020-12-24
2021-05-30 21:27:28 68      WSC_BBG00B0FS947_2020-12-24
2021-05-30 21:27:28 69      WU_BBG000BB5373_2020-12-24
2021-05-30 21:27:28 69      WY_BBG000BX3BL3_2020-12-24
2021-05-30 21:27:28 70      WYNN_BBG000LD9JQ8_2020-12-24
2021-05-30 21:27:28 71      XEL_BBG000BCTQ65_2020-12-24
2021-05-30 21:27:28 72      XLNX_BBG000C0F570_2020-12-24
2021-05-30 21:27:28 73      XOM_BBG000GZQ728_2020-12-24
2021-05-30 21:27:28 75      XRAY_BBG000BX57K1_2020-12-24
2021-05-30 21:27:28 76      XRX_BBG00NNG2ZJ8_2020-12-24
2021-05-30 21:27:28 77      YUM_BBG000BH3GZ2_2020-12-24
2021-05-30 21:27:28 78      YUMC_BBG00B8N0HG1_2020-12-24
2021-05-30 21:27:28 78      YY_BBG003H0XV18_2020-12-24
2021-05-30 21:27:28 79      Z_BBG009NRSWJ4_2020-12-24
2021-05-30 21:27:28 80      ZGNX_BBG000VDC3G9_2020-12-24
2021-05-30 21:27:28 81      ZION_BBG000BX9WL1_2020-12-24
2021-05-30 21:27:28 81      ZM_BBG0042V6JM8_2020-12-24
2021-05-30 21:27:28 87      ZS_BBG003338H34_2020-12-24
2021-05-30 21:27:28 88      ZYNE_BBG007BBS8B7_2020-12-24
2021-05-30 21:27:28 90      ZYNE: BuyPending. Strategy: ImpulseStrategy. Price: 3.44. StopLoss: 3.39. Candle: ID:4906, Time: 17:55, Close: 3.44. Details: Trend: 17:45(4638)-17:55(4907). PrevMinMax: 3.38/3.4. Trend AB: 0.10970/3.37221. Trend Max/Fall/SD: 3.44/0.59/0.24; TrendGrow: +2.08%. DayAvgChange: 0.25%
2021-05-30 21:27:28 90      ZYNE: OrderID: 5fa71268. PlacedOrder. Status: New. RejectReason: 
2021-05-30 21:27:28 90      ZYNE: OrderID: 5fa71268 partially executed. Executed lots: 21. OrderStatus: 21/72 lots
2021-05-30 21:27:28 90      ZYNE: OrderID: 5fa71268 fully executed
2021-05-30 21:27:28 90      ZYNE: Rebuild trend due to changeFromTrend(0.73%) > MaxFall(0.59%). Candle: ID:4937, Time: 17:55, Close: 3.43. Trend: A: 0.15215, B: 3.36825, Max: 3.44, MaxFall: 0.87, SD: 0.30
2021-05-30 21:27:28 90      ZYNE: Price does not grow. Try to set TakeProfit. Price: 3.41. Candle: ID:5056, Time: 18:15, Close: 3.41.
2021-05-30 21:27:28 90      ZYNE: TP reached. Pending. Close price: 3.41. Candle: ID:5057, Time: 18:15, Close: 3.41. Profit: -0.03(-0.87%)
2021-05-30 21:27:28 90      ZYNE: OrderID: 86a15079. PlacedOrder. Status: New. RejectReason: 
2021-05-30 21:27:28 90      ZYNE: OrderID: 86a15079 partially executed. Executed lots: 3. OrderStatus: 3/72 lots
2021-05-30 21:27:28 90      ZYNE: OrderID: 86a15079 partially executed. Executed lots: 1. OrderStatus: 4/72 lots
2021-05-30 21:27:28 90      ZYNE: OrderID: 86a15079 partially executed. Executed lots: 1. OrderStatus: 5/72 lots
2021-05-30 21:27:28 90      ZYNE: OrderID: 86a15079 partially executed. Executed lots: 10. OrderStatus: 15/72 lots
2021-05-30 21:27:28 90      ZYNE: OrderID: 86a15079 partially executed. Executed lots: 16. OrderStatus: 31/72 lots
2021-05-30 21:27:28 90      ZYNE: OrderID: 86a15079 partially executed. Executed lots: 1. OrderStatus: 32/72 lots
2021-05-30 21:27:28 90      ZYNE: OrderID: 86a15079 partially executed. Executed lots: 10. OrderStatus: 42/72 lots
2021-05-30 21:27:28 90      ZYNE: OrderID: 86a15079 fully executed
2021-05-30 21:27:28 90      ZYXI_BBG000BJBXZ2_2020-12-24
2021-05-30 21:27:28 90      Total candles read: 1160191
2021-05-30 21:27:28 91      Start DisposeAsync...
2021-05-30 21:27:28 91      Trade statistic. Total/Pos/Neg: 31/8/23; Profit: -15.89; Volume: 0; MaxVolume: 1305.01; Commission: 6.491185;
2021-05-30 21:27:28 91      BaseBot::DisposeAsync...
2021-05-30 21:27:28 91      BaseBot::DisposeAsync done!
2021-05-30 21:27:28 91      End DisposeAsync...
